1579498664.733,0.25,1.3865,0.29,1.3833,0
1579498665.775,0.26,1.3825,0.29,1.3695,0
1579498666.823,0.26,1.371,0.29,1.3416,0
1579498667.865,0.25,1.3467,0.29,1.3046,0
1579498668.898,0.26,1.3055,0.29,1.2695,0
1579498669.938,0.24,1.2835,0.3,1.2468,0
1579498670.968,0.28,1.2344,0.35,1.1999,0
1579498671.994,0.38,1.1806,0.36,1.1667,0
1579498673.021,0.4,1.1381,0.4,1.1515,0
1579498674.044,0.44,1.1114,0.39,1.1511,0
1579498681.012,0.45,1.0913,0.38,1.1461,0
1579498682.05,0.46,1.0624,0.38,1.147,0
1579498683.072,0.45,1.0648,0.38,1.1691,0
1579498684.089,0.44,1.062,0.38,1.2129,0
1579498685.117,0.45,1.0537,0.42,1.2416,0
1579498686.136,0.43,1.0897,0.43,1.2255,0
1579498687.158,0.44,1.0653,0.37,1.1942,0
1579498688.171,0.44,1.053,0.41,1.1695,0
1579498689.196,0.44,1.0639,0.32,1.1512,0
1579498690.232,0.47,1.0372,0.4,1.1439,0
1579498691.256,0.44,1.0566,0.4,1.1399,0
1579498692.291,0.45,1.0385,0.4,1.137,0
1579498693.31,0.46,1.0417,0.4,1.1305,0
1579498694.342,0.45,1.0521,0.4,1.1274,0
1579498695.37,0.45,1.0279,0.39,1.1269,0
1579498696.404,0.45,1.0302,0.4,1.127,0
1579498697.432,0.46,1.0196,0.4,1.1319,0
1579498698.463,0.45,1.0205,0.4,1.1406,0
1579498699.521,0.45,1.0131,0.45,1.1508,0
1579498700.547,0.47,1.0269,0.4,1.1455,0
1579498701.589,0.44,1.0168,0.39,1.1306,0
1579498702.639,0.43,1.0171,0.38,1.1341,0
1579498703.661,0.47,1.0126,0.41,1.1366,0
1579498704.694,0.45,1.0176,0.4,1.1029,0
1579498705.721,0.47,1.0065,0.45,1.0964,0
1579498706.738,0.49,1.0028,0.42,1.1144,0
1579498707.755,0.5,0.9843,0.41,1.1303,0
1579498708.774,0.47,0.9941,0.37,1.1333,0
1579498709.797,0.47,0.9933,0.4,1.1148,0
1579498710.83,0.45,1.0014,0.47,1.1141,0
1579498711.857,0.51,0.9973,0.48,1.1258,0
1579498712.901,0.49,0.9797,0.46,1.1065,0
1579498713.921,0.5,0.9961,0.43,1.0872,0
1579498714.943,0.47,0.9948,0.39,1.1139,0
1579498715.988,0.47,0.983,0.45,1.1222,0
1579498717.012,0.5,0.9828,0.45,1.0861,0
1579498718.028,0.5,0.9769,0.46,1.0739,0
1579498719.063,0.51,0.9745,0.44,1.103,0
1579498720.09,0.5,0.9651,0.43,1.1201,0
1579498721.109,0.5,0.9671,0.48,1.0917,0
1579498722.141,0.51,0.9579,0.46,1.1023,0
1579498723.183,0.5,0.9811,0.45,1.0917,0
1579498723.981,0.51,0.9482,0.45,1.0913,0
1579498725.016,0.52,0.9689,0.46,1.093,1
1579498726.041,0.5,0.964,0.5,1.0705,1
1579498727.074,0.53,0.9567,0.51,1.0485,1
1579498728.11,0.53,0.9613,0.43,1.1008,1
1579498729.153,0.53,0.9497,0.51,1.0607,1
1579498730.18,0.51,0.9703,0.47,1.0696,1
1579498731.211,0.51,0.9649,0.51,1.0972,1
1579498732.239,0.52,0.9556,0.48,1.0486,1
1579498733.258,0.54,0.9423,0.48,1.0476,1
1579498734.278,0.55,0.934,0.53,1.0779,1
1579498735.307,0.55,0.9397,0.51,1.0535,1
1579498736.334,0.56,0.9194,0.45,1.0745,1
1579498737.364,0.55,0.9325,0.53,1.0731,1
1579498738.393,0.54,0.9448,0.52,1.027,1
1579498739.436,0.54,0.9321,0.5,1.0666,1
1579498740.467,0.54,0.9385,0.46,1.0839,1
1579498741.486,0.53,0.9533,0.48,1.053,1
1579498742.511,0.53,0.9295,0.49,1.0374,1
1579498743.565,0.54,0.9425,0.48,1.1307,1
1579498744.592,0.53,0.951,0.49,1.1008,1
1579498745.636,0.54,0.9518,0.53,1.0151,1
1579498746.66,0.55,0.929,0.49,1.0142,1
1579498747.675,0.55,0.9311,0.5,1.0086,1
1579498748.695,0.56,0.9381,0.5,1.0507,1
1579498749.719,0.55,0.9251,0.47,1.0893,1
1579498750.745,0.55,0.9315,0.48,1.0348,1
1579498751.767,0.56,0.9112,0.51,1.0129,1
1579498752.79,0.55,0.9257,0.48,1.0248,1
1579498753.808,0.55,0.9149,0.54,1.0097,1
1579498754.829,0.57,0.9122,0.57,1.0316,1
1579498755.855,0.58,0.9064,0.51,1.0562,1
1579498756.865,0.56,0.9131,0.49,1.0353,1
1579498757.888,0.57,0.9135,0.53,0.999,1
1579498758.908,0.57,0.9178,0.52,0.9895,1
1579498759.929,0.57,0.9043,0.53,0.9919,1
1579498760.949,0.57,0.8885,0.51,1.0393,1
1579498761.968,0.57,0.8961,0.47,1.07,1
1579498762.992,0.55,0.9029,0.5,1.0389,1
1579498764.015,0.59,0.889,0.52,0.9966,1
1579498765.046,0.58,0.889,0.5,0.9848,1
1579498766.066,0.56,0.9136,0.52,0.9698,1
1579498767.093,0.6,0.8705,0.54,1.0059,1
1579498768.115,0.58,0.8917,0.45,1.0405,1
1579498769.14,0.58,0.8889,0.46,1.0182,1
1579498770.167,0.6,0.876,0.51,0.9854,1
1579498771.191,0.59,0.8762,0.51,0.9731,1
1579498772.214,0.58,0.8836,0.5,0.982,1
1579498773.238,0.59,0.8748,0.56,1.018,1
1579498774.267,0.59,0.8764,0.53,1.0363,1
1579498775.301,0.58,0.8755,0.52,1.0023,1
1579498776.334,0.59,0.8541,0.55,0.9887,1
1579498777.364,0.6,0.8657,0.54,0.9754,1
1579498778.16,0.6,0.8482,0.55,0.9818,1
1579498779.196,0.6,0.8727,0.51,0.9822,2
1579498780.231,0.6,0.8607,0.5,0.9694,2
1579498781.262,0.59,0.862,0.58,0.9855,2
1579498782.296,0.58,0.8773,0.49,1.0161,2
1579498783.343,0.59,0.8673,0.56,0.9774,2
1579498784.391,0.6,0.8714,0.55,0.9611,2
1579498785.422,0.61,0.8643,0.51,0.9457,2
1579498786.45,0.61,0.8625,0.56,0.951,2
1579498787.468,0.61,0.8483,0.6,0.9774,2
1579498788.494,0.6,0.8519,0.54,0.9835,2
1579498789.525,0.6,0.8574,0.57,0.9607,2
1579498790.559,0.61,0.8316,0.56,0.9607,2
1579498791.585,0.61,0.8443,0.54,0.9712,2
1579498792.619,0.61,0.8566,0.54,0.954,2
1579498793.642,0.62,0.8346,0.58,0.9531,2
1579498794.674,0.61,0.8498,0.52,0.9626,2
1579498795.71,0.59,0.863,0.53,0.9649,2
1579498796.733,0.61,0.8317,0.58,0.9668,2
1579498797.757,0.61,0.8467,0.56,0.929,2
1579498798.785,0.6,0.8504,0.52,0.9291,2
1579498799.809,0.6,0.8601,0.62,0.9484,2
1579498800.846,0.6,0.8531,0.57,0.9602,2
1579498801.871,0.63,0.8223,0.53,0.9623,2
1579498802.897,0.6,0.8616,0.61,0.9561,2
1579498803.923,0.62,0.8477,0.53,0.9346,2
1579498804.953,0.62,0.834,0.53,0.9493,2
1579498805.992,0.61,0.8431,0.56,0.9846,2
1579498807.02,0.6,0.8661,0.57,0.9422,2
1579498808.044,0.62,0.8235,0.56,0.9367,2
1579498809.071,0.6,0.8509,0.55,0.9495,2
1579498810.091,0.62,0.843,0.56,0.9645,2
1579498811.12,0.62,0.8388,0.52,0.9936,2
1579498812.139,0.6,0.8694,0.57,0.943,2
1579498813.175,0.62,0.8389,0.56,0.9389,2
1579498814.213,0.6,0.8517,0.57,0.9243,2
1579498815.239,0.61,0.8292,0.53,0.9639,2
1579498816.262,0.62,0.8132,0.52,0.9803,2
1579498817.288,0.61,0.8326,0.57,0.9551,2
1579498818.316,0.62,0.8277,0.6,0.9209,2
1579498819.349,0.61,0.8296,0.58,0.9239,2
1579498820.404,0.6,0.8536,0.56,0.9559,2
1579498821.443,0.62,0.8142,0.5,0.99,2
1579498822.474,0.62,0.8445,0.53,0.9689,2
1579498823.508,0.62,0.8277,0.56,0.9474,2
1579498824.76,0.62,0.8279,0.57,0.9365,2
1579498825.792,0.63,0.8284,0.55,0.9339,2
1579498826.814,0.61,0.8315,0.53,0.9484,2
1579498827.837,0.62,0.831,0.57,0.9469,2
1579498828.867,0.63,0.8188,0.59,0.9338,2
1579498829.888,0.62,0.8181,0.61,0.9225,2
1579498830.914,0.62,0.8114,0.57,0.9224,2
1579498831.93,0.64,0.8135,0.55,0.9559,2
1579498832.721,0.62,0.8135,0.54,0.9543,2
1579498833.767,0.62,0.8317,0.57,0.9378,3
1579498834.791,0.63,0.8222,0.58,0.9282,3
1579498835.818,0.61,0.8252,0.58,0.9632,3
1579498836.84,0.61,0.8374,0.56,0.947,3
1579498837.859,0.64,0.8048,0.54,0.9492,3
1579498838.887,0.61,0.8489,0.57,0.9307,3
1579498839.915,0.62,0.8267,0.59,0.912,3
1579498840.943,0.63,0.8145,0.64,0.9063,3
1579498841.964,0.63,0.812,0.63,0.9233,3
1579498842.99,0.62,0.8194,0.6,0.9233,3
1579498844.017,0.63,0.8137,0.55,0.9154,3
1579498845.046,0.63,0.8008,0.56,0.9271,3
1579498846.078,0.62,0.8143,0.57,0.9529,3
1579498847.104,0.63,0.8251,0.59,0.9384,3
1579498848.146,0.63,0.8025,0.6,0.9223,3
1579498849.177,0.63,0.8188,0.57,0.9286,3
1579498850.212,0.62,0.8326,0.56,0.9438,3
1579498851.246,0.63,0.803,0.55,0.9539,3
1579498852.273,0.63,0.8181,0.56,0.9182,3
1579498853.304,0.61,0.8236,0.57,0.913,3
1579498854.338,0.62,0.8289,0.62,0.9373,3
1579498855.367,0.63,0.8195,0.61,0.958,3
1579498856.402,0.64,0.7958,0.55,0.9289,3
1579498857.439,0.62,0.8284,0.55,0.9164,3
1579498858.47,0.63,0.8115,0.57,0.9269,3
1579498859.507,0.63,0.8056,0.6,0.9268,3
1579498860.53,0.64,0.8063,0.58,0.9244,3
1579498861.567,0.62,0.8249,0.61,0.9136,3
1579498862.585,0.63,0.7969,0.59,0.9227,3
1579498863.628,0.64,0.8122,0.57,0.9342,3
1579498864.653,0.64,0.8072,0.59,0.9251,3
1579498865.685,0.63,0.809,0.58,0.9363,3
1579498866.717,0.63,0.8161,0.57,0.9496,3
1579498867.743,0.63,0.8205,0.59,0.9216,3
1579498868.763,0.63,0.8011,0.58,0.943,3
1579498869.792,0.62,0.8147,0.58,0.9911,3
1579498870.811,0.61,0.8209,0.59,0.928,3
1579498871.829,0.63,0.8021,0.54,0.9639,3
1579498872.86,0.62,0.8299,0.59,0.9406,3
1579498873.887,0.63,0.8106,0.59,0.9358,3
1579498874.912,0.62,0.8296,0.59,0.9287,3
1579498875.943,0.64,0.7921,0.56,0.9647,3
1579498876.967,0.62,0.8294,0.57,0.9549,3
1579498878.004,0.63,0.806,0.59,0.9321,3
1579498879.031,0.62,0.8121,0.6,0.9088,3
1579498880.059,0.64,0.806,0.59,0.9319,3
1579498881.087,0.62,0.8123,0.59,0.9592,3
1579498882.112,0.64,0.8132,0.57,0.9361,3
1579498883.145,0.64,0.7999,0.62,0.9124,3
1579498884.166,0.63,0.8044,0.61,0.9135,3
1579498885.209,0.64,0.7886,0.59,0.9448,3
1579498886.242,0.65,0.7992,0.55,0.9667,3
1579498887.043,0.63,0.7923,0.55,0.9309,3
1579498888.079,0.63,0.8098,0.6,0.907,4
1579498889.116,0.64,0.8098,0.56,0.9156,4
1579498890.158,0.62,0.807,0.61,0.9784,4
1579498891.197,0.64,0.806,0.59,0.9503,4
1579498892.23,0.65,0.7869,0.59,0.9084,4
1579498893.253,0.62,0.825,0.6,0.9054,4
1579498894.282,0.64,0.8062,0.61,0.9388,4
1579498895.309,0.64,0.7947,0.65,0.9473,4
1579498896.354,0.64,0.7936,0.6,0.9194,4
1579498897.387,0.63,0.7976,0.6,0.8991,4
1579498898.424,0.64,0.7945,0.55,0.9127,4
1579498899.457,0.64,0.7849,0.57,0.9352,4
1579498900.498,0.64,0.7935,0.59,0.9549,4
1579498901.532,0.64,0.8124,0.61,0.9239,4
1579498902.566,0.65,0.7857,0.57,0.9127,4
1579498903.602,0.64,0.8029,0.59,0.9194,4
1579498904.641,0.62,0.8251,0.6,0.9195,4
1579498905.676,0.64,0.7899,0.58,0.944,4
1579498906.708,0.64,0.8046,0.63,0.9491,4
1579498907.748,0.62,0.8133,0.63,0.9077,4
1579498908.784,0.63,0.8072,0.57,0.9026,4
1579498909.816,0.64,0.8067,0.58,0.9286,4
1579498910.846,0.66,0.7714,0.58,0.9643,4
1579498911.866,0.63,0.8239,0.6,0.9234,4
1579498912.893,0.65,0.791,0.6,0.8931,4
1579498913.919,0.64,0.791,0.63,0.8929,4
1579498914.964,0.64,0.797,0.59,0.9305,4
1579498915.988,0.63,0.8165,0.57,0.9374,4
1579498917.012,0.64,0.7854,0.58,0.9337,4
1579498918.037,0.64,0.8117,0.57,0.9179,4
1579498919.069,0.65,0.7925,0.58,0.9254,4
1579498920.109,0.63,0.8125,0.58,0.9267,4
1579498921.134,0.64,0.8022,0.57,0.949,4
1579498922.155,0.63,0.8119,0.58,0.9318,4
1579498923.19,0.64,0.7894,0.58,0.9146,4
1579498924.208,0.64,0.7841,0.6,0.9121,4
1579498925.246,0.65,0.7738,0.6,0.9217,4
1579498926.276,0.64,0.7893,0.59,0.9515,4
1579498927.309,0.65,0.789,0.58,0.9468,4
1579498928.336,0.65,0.7913,0.6,0.9181,4
1579498929.362,0.63,0.8076,0.59,0.9216,4
1579498930.386,0.65,0.7785,0.57,0.962,4
1579498931.407,0.62,0.8054,0.58,0.9578,4
1579498932.429,0.64,0.7893,0.59,0.9248,4
1579498933.446,0.65,0.79,0.58,0.9033,4
1579498934.469,0.65,0.7839,0.59,0.9035,4
1579498935.501,0.63,0.7971,0.62,0.9149,4
1579498936.531,0.65,0.7873,0.61,0.9325,4
1579498937.572,0.65,0.7833,0.59,0.9381,4
1579498938.59,0.64,0.7837,0.59,0.9206,4
1579498939.609,0.65,0.7687,0.58,0.9126,4
1579498940.636,0.66,0.7763,0.58,0.9289,4
1579498941.44,0.65,0.7661,0.62,0.9398,4
1579498942.491,0.63,0.7966,0.59,0.9163,5
1579498943.521,0.65,0.7851,0.58,0.9092,5
1579498944.546,0.63,0.7972,0.57,0.9384,5
1579498945.583,0.65,0.7851,0.59,0.9443,5
1579498946.616,0.65,0.7702,0.58,0.9245,5
1579498947.646,0.64,0.8057,0.58,0.9087,5
1579498948.678,0.64,0.7867,0.56,0.9216,5
1579498949.715,0.64,0.7824,0.58,0.9133,5
1579498950.754,0.65,0.7714,0.59,0.9146,5
1579498951.791,0.64,0.7862,0.59,0.9049,5
1579498952.824,0.65,0.7773,0.55,0.9126,5
1579498953.861,0.65,0.77,0.59,0.9158,5
1579498954.892,0.65,0.7787,0.59,0.9325,5
1579498955.926,0.65,0.7947,0.59,0.9081,5
1579498956.978,0.65,0.7662,0.6,0.9086,5
1579498958.012,0.64,0.7878,0.56,0.9107,5
1579498959.048,0.64,0.8032,0.62,0.9209,5
1579498960.089,0.64,0.7807,0.59,0.9356,5
1579498961.127,0.65,0.7841,0.6,0.9283,5
1579498962.149,0.63,0.7987,0.6,0.8939,5
1579498963.186,0.64,0.798,0.58,0.9077,5
1579498964.219,0.65,0.7886,0.59,0.9502,5
1579498965.258,0.67,0.7599,0.57,0.9379,5
1579498966.288,0.64,0.8035,0.6,0.8899,5
1579498967.323,0.65,0.7802,0.62,0.8847,5
1579498968.584,0.65,0.7744,0.6,0.901,5
1579498969.607,0.66,0.7742,0.57,0.9321,5
1579498970.636,0.64,0.8048,0.57,0.9138,5
1579498971.66,0.64,0.7763,0.6,0.9049,5
1579498972.683,0.65,0.7892,0.61,0.9171,5
1579498973.706,0.65,0.785,0.61,0.9143,5
1579498974.741,0.64,0.79,0.57,0.9204,5
1579498975.765,0.64,0.7962,0.61,0.9215,5
1579498976.79,0.64,0.7943,0.6,0.9088,5
1579498977.815,0.65,0.7804,0.6,0.9016,5
1579498978.833,0.65,0.7695,0.62,0.9052,5
1579498979.852,0.65,0.7613,0.61,0.905,5
1579498980.875,0.64,0.7743,0.61,0.9295,5
1579498981.902,0.65,0.7808,0.59,0.9237,5
1579498982.931,0.65,0.7771,0.61,0.905,5
1579498983.951,0.64,0.7935,0.61,0.9147,5
1579498984.969,0.66,0.7658,0.58,0.9446,5
1579498985.996,0.64,0.7901,0.57,0.9399,5
1579498987.024,0.64,0.7794,0.61,0.9133,5
1579498988.048,0.65,0.7788,0.61,0.8873,5
1579498989.067,0.66,0.7671,0.6,0.8863,5
1579498990.089,0.64,0.7865,0.6,0.8914,5
1579498991.11,0.66,0.7729,0.6,0.9095,5
1579498992.132,0.66,0.7694,0.61,0.9251,5
1579498993.148,0.65,0.7728,0.61,0.91,5
1579498994.17,0.66,0.7522,0.6,0.9009,5
1579498995.196,0.67,0.7633,0.62,0.9099,5
1579498995.991,0.66,0.753,0.61,0.9237,5
1579498997.036,0.64,0.7834,0.61,0.9118,6
1579498998.084,0.66,0.7702,0.59,0.9061,6
1579498999.13,0.64,0.7832,0.58,0.9379,6
1579499000.171,0.65,0.7733,0.6,0.9277,6
1579499001.207,0.66,0.7577,0.6,0.9057,6
1579499002.239,0.65,0.7889,0.59,0.903,6
1579499003.296,0.65,0.7741,0.58,0.9174,6
1579499004.344,0.65,0.7661,0.59,0.9071,6
1579499005.364,0.66,0.7592,0.63,0.8919,6
1579499006.384,0.65,0.7678,0.61,0.8861,6
1579499007.404,0.66,0.7667,0.58,0.9061,6
1579499008.422,0.66,0.7514,0.59,0.9314,6
1579499009.446,0.65,0.7709,0.58,0.9215,6
1579499010.476,0.65,0.7777,0.6,0.8793,6
1579499011.511,0.66,0.7599,0.58,0.8859,6
1579499012.539,0.65,0.7697,0.58,0.9415,6
1579499013.59,0.64,0.7955,0.6,0.9393,6
1579499014.631,0.64,0.7667,0.59,0.9024,6
1579499015.66,0.65,0.7694,0.57,0.8866,6
1579499016.691,0.64,0.7869,0.58,0.9077,6
1579499017.729,0.64,0.7887,0.64,0.916,6
1579499018.746,0.66,0.773,0.61,0.9141,6
1579499019.777,0.67,0.7492,0.62,0.8797,6
1579499020.798,0.65,0.7893,0.62,0.8706,6
1579499021.819,0.66,0.7703,0.61,0.8866,6
1579499022.833,0.66,0.7601,0.59,0.8914,6
1579499023.863,0.67,0.7614,0.61,0.8885,6
1579499024.884,0.65,0.7823,0.61,0.8857,6
1579499025.899,0.65,0.7627,0.6,0.8931,6
1579499026.911,0.66,0.7715,0.62,0.9099,6
1579499027.932,0.65,0.7718,0.59,0.884,6
1579499028.955,0.66,0.7681,0.62,0.8877,6
1579499029.974,0.65,0.78,0.59,0.897,6
1579499030.981,0.65,0.78,0.6,0.8902,6
1579499031.997,0.66,0.7636,0.62,0.8893,6
1579499033.015,0.65,0.761,0.62,0.8943,6
1579499034.038,0.66,0.7486,0.59,0.895,6
1579499035.063,0.65,0.7628,0.59,0.9178,6
1579499036.087,0.66,0.7705,0.63,0.907,6
1579499037.103,0.66,0.7634,0.62,0.8954,6
1579499038.139,0.65,0.7812,0.6,0.8933,6
1579499039.159,0.67,0.751,0.6,0.9198,6
1579499040.188,0.65,0.7795,0.6,0.9188,6
1579499041.236,0.65,0.7703,0.63,0.8765,6
1579499042.276,0.66,0.7606,0.61,0.8599,6
1579499043.3,0.67,0.763,0.61,0.8743,6
1579499044.315,0.64,0.7728,0.6,0.8941,6
1579499045.341,0.67,0.7591,0.62,0.9032,6
1579499046.359,0.66,0.7577,0.63,0.903,6
1579499047.396,0.66,0.7567,0.6,0.893,6
1579499048.412,0.67,0.7406,0.6,0.8924,6
1579499049.425,0.67,0.7514,0.6,0.9126,6
1579499050.22,0.67,0.7414,0.6,0.9166,6
1579499051.255,0.65,0.7727,0.57,0.8971,7
1579499052.294,0.66,0.7597,0.58,0.8824,7
1579499053.326,0.66,0.7677,0.58,0.9207,7
1579499054.368,0.66,0.7647,0.59,0.9083,7
1579499055.406,0.67,0.7475,0.6,0.8921,7
1579499056.451,0.65,0.7791,0.6,0.8877,7
1579499057.491,0.66,0.7663,0.6,0.8816,7
1579499058.529,0.67,0.752,0.6,0.8896,7
1579499059.564,0.67,0.7489,0.6,0.8911,7
1579499060.618,0.66,0.7529,0.59,0.88,7
1579499061.659,0.66,0.7549,0.61,0.8699,7
1579499062.703,0.67,0.7382,0.62,0.8947,7
1579499063.743,0.66,0.7578,0.59,0.9047,7
1579499064.784,0.66,0.7657,0.62,0.8656,7
1579499065.814,0.67,0.7441,0.63,0.8646,7
1579499066.851,0.65,0.7602,0.59,0.9074,7
1579499067.89,0.65,0.7827,0.61,0.9227,7
1579499068.912,0.65,0.7651,0.61,0.8946,7
1579499069.948,0.66,0.7596,0.61,0.8748,7
1579499070.986,0.64,0.7778,0.58,0.8878,7
1579499072.017,0.65,0.7835,0.62,0.8943,7
1579499073.048,0.66,0.7629,0.61,0.9161,7
1579499074.08,0.67,0.7472,0.63,0.8758,7
1579499075.124,0.65,0.7788,0.66,0.8618,7
1579499076.157,0.66,0.7649,0.59,0.8674,7
1579499077.202,0.66,0.749,0.6,0.8823,7
1579499078.233,0.67,0.7534,0.58,0.8858,7
1579499079.268,0.66,0.7713,0.62,0.8835,7
1579499080.295,0.65,0.7552,0.61,0.8735,7
1579499081.352,0.67,0.7617,0.63,0.8799,7
1579499082.383,0.66,0.7593,0.64,0.8735,7
1579499083.418,0.66,0.7607,0.63,0.8771,7
1579499084.451,0.67,0.761,0.61,0.8844,7
1579499085.486,0.66,0.7716,0.61,0.867,7
1579499086.518,0.66,0.7553,0.63,0.8706,7
1579499087.551,0.65,0.7497,0.61,0.8971,7
1579499088.596,0.67,0.7429,0.61,0.8979,7
1579499089.646,0.66,0.7494,0.6,0.9085,7
1579499090.697,0.67,0.7597,0.62,0.8921,7
1579499091.732,0.66,0.7524,0.61,0.8875,7
1579499092.752,0.65,0.7693,0.61,0.8965,7
1579499093.776,0.68,0.7408,0.61,0.9052,7
1579499094.807,0.65,0.768,0.61,0.8924,7
1579499095.825,0.66,0.7587,0.66,0.8644,7
1579499096.843,0.67,0.7509,0.67,0.8595,7
1579499097.884,0.67,0.75,0.65,0.8765,7
1579499098.915,0.65,0.7642,0.6,0.8789,7
1579499099.946,0.67,0.7465,0.62,0.8957,7
1579499100.971,0.66,0.7469,0.63,0.9098,7
1579499101.995,0.66,0.7479,0.61,0.901,7
1579499103.011,0.67,0.7314,0.62,0.8902,7
1579499104.04,0.67,0.7385,0.6,0.9105,7
1579499104.829,0.67,0.7322,0.58,0.9113,7
1579499105.857,0.65,0.7649,0.61,0.8961,8
1579499106.877,0.67,0.749,0.6,0.8755,8
1579499107.896,0.66,0.7552,0.61,0.9012,8
1579499108.915,0.67,0.7519,0.6,0.8943,8
1579499110.156,0.68,0.7408,0.62,0.8852,8
1579499111.171,0.66,0.7668,0.63,0.8816,8
1579499112.19,0.66,0.7577,0.63,0.8666,8
1579499113.209,0.67,0.742,0.63,0.8788,8
1579499114.227,0.67,0.7358,0.6,0.8931,8
1579499115.254,0.67,0.7448,0.62,0.8724,8
1579499116.274,0.67,0.7444,0.62,0.8606,8
1579499117.303,0.67,0.7282,0.63,0.8846,8
1579499118.351,0.66,0.7466,0.63,0.8911,8
1579499119.397,0.67,0.7569,0.63,0.8544,8
1579499120.444,0.68,0.731,0.64,0.8636,8
1579499121.481,0.66,0.7524,0.63,0.8895,8
1579499122.509,0.65,0.7679,0.6,0.9229,8
1579499123.521,0.66,0.7561,0.59,0.9055,8
1579499124.564,0.66,0.7515,0.62,0.8739,8
1579499125.613,0.65,0.7633,0.6,0.8875,8
1579499126.654,0.65,0.7757,0.62,0.893,8
1579499127.69,0.67,0.7499,0.58,0.9187,8
1579499128.729,0.67,0.7386,0.62,0.8722,8
1579499129.769,0.66,0.7688,0.64,0.8519,8
1579499130.79,0.67,0.7565,0.62,0.8617,8
1579499131.811,0.67,0.7407,0.6,0.8743,8
1579499132.836,0.68,0.7407,0.61,0.8807,8
1579499133.869,0.67,0.7623,0.61,0.871,8
1579499134.904,0.66,0.7453,0.62,0.8611,8
1579499135.944,0.67,0.7524,0.65,0.8658,8
1579499136.983,0.67,0.7488,0.66,0.861,8
1579499138.014,0.66,0.7491,0.63,0.8632,8
1579499139.054,0.67,0.7502,0.62,0.8686,8
1579499140.088,0.66,0.7608,0.64,0.8497,8
1579499141.117,0.66,0.7463,0.64,0.8553,8
1579499142.147,0.66,0.7392,0.62,0.8806,8
1579499143.181,0.67,0.7317,0.63,0.8799,8
1579499144.216,0.66,0.7377,0.61,0.8957,8
1579499145.283,0.68,0.7506,0.63,0.8826,8
1579499146.327,0.67,0.7422,0.63,0.8724,8
1579499147.382,0.65,0.7618,0.65,0.8701,8
1579499148.423,0.68,0.7314,0.61,0.8835,8
1579499149.469,0.66,0.7593,0.63,0.8797,8
1579499150.515,0.66,0.7495,0.66,0.8514,8
1579499151.555,0.68,0.7404,0.66,0.8472,8
1579499152.592,0.68,0.7417,0.64,0.8677,8
1579499153.635,0.65,0.7572,0.63,0.876,8
1579499154.683,0.67,0.7418,0.62,0.8974,8
1579499155.72,0.67,0.7365,0.63,0.9028,8
1579499156.757,0.67,0.7379,0.62,0.891,8
1579499157.795,0.68,0.7256,0.64,0.887,8
1579499158.829,0.68,0.7304,0.59,0.9195,8
1579499159.638,0.67,0.7248,0.57,0.9082,8
1579499160.68,0.66,0.7564,0.59,0.8871,9
1579499161.719,0.67,0.7393,0.62,0.8682,9
1579499162.77,0.67,0.7495,0.61,0.891,9
1579499163.787,0.67,0.7421,0.61,0.8877,9
1579499164.809,0.68,0.7338,0.61,0.8799,9
1579499165.843,0.67,0.7559,0.63,0.8766,9
1579499166.873,0.67,0.749,0.65,0.8594,9
1579499167.941,0.68,0.7341,0.65,0.8703,9
1579499168.982,0.68,0.7268,0.63,0.8875,9
1579499170.029,0.67,0.7365,0.61,0.8659,9
1579499171.045,0.68,0.7339,0.63,0.8516,9
1579499172.087,0.68,0.7201,0.63,0.8626,9
1579499173.123,0.67,0.7362,0.63,0.8727,9
1579499174.157,0.67,0.7476,0.64,0.845,9
1579499175.176,0.68,0.7201,0.66,0.8484,9
1579499176.219,0.66,0.743,0.65,0.8644,9
1579499177.234,0.66,0.7572,0.58,0.9038,9
1579499178.244,0.66,0.7443,0.63,0.8974,9
1579499179.246,0.67,0.7429,0.63,0.8644,9
1579499180.263,0.65,0.7515,0.61,0.8768,9
1579499181.313,0.66,0.7659,0.6,0.8719,9
1579499182.356,0.68,0.7393,0.59,0.9081,9
1579499183.404,0.68,0.7309,0.62,0.8684,9
1579499184.446,0.66,0.7601,0.63,0.8497,9
1579499185.514,0.68,0.7435,0.64,0.8602,9
1579499186.575,0.67,0.7333,0.62,0.8667,9
1579499187.623,0.68,0.7313,0.6,0.8778,9
1579499188.661,0.67,0.7524,0.58,0.8794,9
1579499189.699,0.67,0.7384,0.6,0.8687,9
1579499190.744,0.68,0.7446,0.66,0.861,9
1579499191.776,0.67,0.7399,0.66,0.8468,9
1579499192.811,0.67,0.7435,0.65,0.8473,9
1579499193.849,0.68,0.7412,0.63,0.8666,9
1579499194.871,0.67,0.7545,0.63,0.8527,9
1579499195.908,0.66,0.7364,0.64,0.8475,9
1579499196.943,0.67,0.7292,0.63,0.8629,9
1579499197.966,0.67,0.7261,0.63,0.8638,9
1579499198.978,0.67,0.7289,0.62,0.8924,9
1579499200.006,0.68,0.7435,0.64,0.8833,9
1579499201.025,0.67,0.734,0.64,0.8606,9
1579499202.059,0.66,0.7503,0.65,0.858,9
1579499203.096,0.68,0.7281,0.62,0.8725,9
1579499204.136,0.67,0.7483,0.64,0.8766,9
1579499205.158,0.67,0.7423,0.63,0.855,9
1579499206.188,0.68,0.7349,0.69,0.8375,9
1579499207.237,0.68,0.7278,0.65,0.849,9
1579499208.264,0.66,0.7481,0.64,0.8532,9
1579499209.286,0.68,0.7308,0.62,0.8768,9
1579499210.312,0.68,0.7265,0.66,0.8948,9
1579499211.339,0.67,0.7324,0.62,0.8853,9
1579499212.363,0.68,0.7113,0.64,0.8821,9
1579499213.398,0.68,0.7209,0.63,0.9033,9
1579499214.189,0.69,0.7124,0.65,0.888,9
1579499215.24,0.67,0.7446,0.61,0.8738,10
1579499216.267,0.68,0.7293,0.61,0.8637,10
1579499217.302,0.67,0.7434,0.61,0.8891,10
1579499218.329,0.67,0.7352,0.66,0.8677,10
1579499219.361,0.68,0.7303,0.65,0.8538,10
1579499220.402,0.67,0.7489,0.63,0.871,10
1579499221.447,0.67,0.7415,0.64,0.856,10
1579499222.474,0.68,0.7249,0.63,0.8581,10
1579499223.514,0.69,0.717,0.63,0.8608,10
1579499224.547,0.68,0.7299,0.62,0.8402,10
1579499225.589,0.68,0.7255,0.61,0.8403,10
1579499226.62,0.69,0.7057,0.61,0.8672,10
1579499227.666,0.67,0.7308,0.62,0.8596,10
1579499228.704,0.67,0.7376,0.65,0.8281,10
1579499229.74,0.68,0.7168,0.64,0.8408,10
1579499230.79,0.67,0.7351,0.63,0.8758,10
1579499231.825,0.67,0.751,0.58,0.8976,10
1579499232.864,0.67,0.733,0.64,0.8729,10
1579499233.911,0.67,0.7353,0.61,0.8555,10
1579499234.954,0.66,0.746,0.57,0.883,10
1579499235.992,0.65,0.7612,0.63,0.8613,10
1579499237.031,0.69,0.7323,0.61,0.8795,10
1579499238.068,0.68,0.7203,0.62,0.8582,10
1579499239.103,0.67,0.7549,0.62,0.8506,10
1579499240.147,0.68,0.7346,0.62,0.8632,10
1579499241.177,0.68,0.7272,0.64,0.856,10
1579499242.205,0.69,0.7272,0.58,0.8599,10
1579499243.238,0.68,0.7417,0.59,0.8787,10
1579499244.267,0.67,0.732,0.59,0.8856,10
1579499245.297,0.67,0.7448,0.62,0.8631,10
1579499246.358,0.68,0.7318,0.64,0.8342,10
1579499247.389,0.67,0.743,0.64,0.8328,10
1579499248.411,0.68,0.7343,0.64,0.8725,10
1579499249.427,0.67,0.7441,0.62,0.8703,10
1579499250.456,0.67,0.7347,0.62,0.8544,10
1579499251.469,0.67,0.7266,0.65,0.8669,10
1579499252.499,0.68,0.7177,0.65,0.8617,10
1579499253.528,0.67,0.7297,0.64,0.8633,10
1579499254.783,0.69,0.7255,0.63,0.8784,10
1579499255.81,0.68,0.7294,0.62,0.877,10
1579499256.826,0.67,0.7456,0.67,0.8651,10
1579499257.864,0.69,0.7136,0.6,0.8708,10
1579499258.887,0.66,0.7506,0.66,0.8493,10
1579499259.909,0.68,0.7339,0.65,0.8481,10
1579499260.93,0.69,0.7271,0.65,0.8632,10
1579499261.951,0.68,0.7264,0.65,0.8632,10
1579499262.971,0.67,0.7368,0.64,0.8493,10
1579499264.008,0.69,0.7226,0.65,0.8634,10
1579499265.016,0.68,0.7219,0.64,0.8879,10
1579499266.032,0.68,0.7195,0.65,0.8897,10
1579499267.053,0.68,0.7035,0.65,0.8906,10
1579499268.084,0.68,0.7177,0.62,0.8996,10
1579499268.869,0.69,0.7029,0.61,0.8911,10
1579499269.912,0.67,0.7388,0.6,0.874,11
1579499270.946,0.67,0.7291,0.6,0.8543,11
1579499271.986,0.68,0.7311,0.59,0.8959,11
1579499273.021,0.67,0.7304,0.65,0.8673,11
1579499274.052,0.69,0.7187,0.63,0.8507,11
1579499275.093,0.68,0.7428,0.6,0.8682,11
1579499276.129,0.68,0.7348,0.62,0.8499,11
1579499277.168,0.68,0.716,0.61,0.8536,11
1579499278.213,0.68,0.7092,0.59,0.8737,11
1579499279.237,0.68,0.7218,0.62,0.8516,11
1579499280.275,0.69,0.7164,0.64,0.8321,11
1579499281.298,0.69,0.7012,0.64,0.8474,11
1579499282.334,0.68,0.7198,0.64,0.8586,11
1579499283.369,0.68,0.7286,0.64,0.8357,11
1579499284.386,0.69,0.708,0.64,0.834,11
1579499285.425,0.67,0.723,0.63,0.859,11
1579499286.452,0.67,0.7415,0.58,0.8831,11
1579499287.474,0.67,0.7257,0.63,0.8608,11
1579499288.495,0.68,0.722,0.63,0.8577,11
1579499289.528,0.66,0.7406,0.59,0.8755,11
1579499290.559,0.66,0.7446,0.64,0.8586,11
1579499291.589,0.68,0.7261,0.61,0.8794,11
1579499292.62,0.68,0.7163,0.67,0.8397,11
1579499293.646,0.68,0.7378,0.62,0.8499,11
1579499294.683,0.69,0.7332,0.61,0.8579,11
1579499295.711,0.68,0.7172,0.62,0.8512,11
1579499296.734,0.69,0.7149,0.62,0.8478,11
1579499297.769,0.68,0.7374,0.61,0.8574,11
1579499298.784,0.68,0.7201,0.61,0.8754,11
1579499299.819,0.68,0.7364,0.61,0.858,11
1579499300.852,0.68,0.7243,0.65,0.8181,11
1579499301.885,0.68,0.7267,0.66,0.8185,11
1579499302.901,0.69,0.7283,0.64,0.8562,11
1579499303.929,0.68,0.7327,0.63,0.863,11
1579499304.971,0.67,0.7234,0.63,0.8549,11
1579499306.014,0.68,0.719,0.64,0.8579,11
1579499307.031,0.69,0.707,0.67,0.8557,11
1579499308.055,0.68,0.718,0.65,0.8536,11
1579499309.082,0.69,0.7187,0.64,0.8511,11
1579499310.11,0.68,0.7163,0.64,0.8489,11
1579499311.14,0.67,0.7354,0.66,0.8457,11
1579499312.172,0.69,0.7049,0.61,0.8585,11
1579499313.223,0.67,0.7409,0.68,0.8338,11
1579499314.244,0.69,0.7232,0.65,0.8274,11
1579499315.272,0.69,0.7185,0.66,0.8367,11
1579499316.288,0.69,0.7129,0.64,0.8462,11
1579499317.31,0.67,0.7279,0.64,0.8392,11
1579499318.358,0.69,0.7134,0.66,0.8477,11
1579499319.383,0.68,0.7115,0.64,0.8711,11
1579499320.419,0.69,0.7088,0.62,0.88,11
1579499321.441,0.69,0.6959,0.64,0.8732,11
1579499322.474,0.69,0.7055,0.62,0.8788,11
1579499323.276,0.69,0.6922,0.63,0.8762,11
1579499324.328,0.68,0.7291,0.61,0.864,12
1579499325.365,0.68,0.7183,0.62,0.8463,12
1579499326.396,0.68,0.7248,0.57,0.8784,12
1579499327.428,0.68,0.721,0.64,0.8591,12
1579499328.455,0.69,0.71,0.64,0.8415,12
1579499329.5,0.68,0.7339,0.59,0.8567,12
1579499330.549,0.68,0.7278,0.64,0.8329,12
1579499331.585,0.69,0.7083,0.62,0.8412,12
1579499332.621,0.69,0.7018,0.59,0.8684,12
1579499333.653,0.68,0.7153,0.65,0.84,12
1579499334.684,0.69,0.7084,0.64,0.8233,12
1579499335.711,0.7,0.6941,0.62,0.8445,12
1579499336.745,0.68,0.7133,0.65,0.8546,12
1579499337.776,0.69,0.7222,0.64,0.8279,12
1579499338.806,0.69,0.6986,0.64,0.8252,12
1579499339.84,0.68,0.7149,0.63,0.8502,12
1579499340.88,0.67,0.7337,0.58,0.8828,12
1579499341.919,0.67,0.7195,0.61,0.8623,12
1579499342.962,0.68,0.7127,0.61,0.8535,12
1579499344.0,0.67,0.7348,0.59,0.8625,12
1579499345.066,0.67,0.7377,0.62,0.8507,12
1579499346.104,0.69,0.7172,0.61,0.8836,12
1579499347.143,0.69,0.7132,0.65,0.8367,12
1579499348.186,0.68,0.73,0.64,0.8442,12
1579499349.222,0.68,0.7284,0.64,0.8455,12
1579499350.259,0.69,0.7085,0.61,0.8601,12
1579499351.292,0.69,0.7104,0.6,0.8482,12
1579499352.325,0.69,0.7291,0.64,0.8511,12
1579499353.348,0.68,0.7182,0.6,0.8535,12
1579499354.381,0.69,0.7276,0.6,0.8554,12
1579499355.434,0.68,0.7215,0.63,0.8215,12
1579499356.459,0.69,0.7192,0.63,0.8188,12
1579499357.474,0.69,0.723,0.62,0.8399,12
1579499358.499,0.69,0.7224,0.63,0.8624,12
1579499359.531,0.68,0.718,0.62,0.8616,12
1579499360.566,0.68,0.7074,0.63,0.8608,12
1579499361.592,0.69,0.701,0.65,0.8527,12
1579499362.612,0.69,0.7112,0.64,0.8562,12
1579499363.646,0.7,0.7094,0.64,0.8599,12
1579499364.668,0.69,0.711,0.65,0.8415,12
1579499365.739,0.68,0.7253,0.66,0.8425,12
1579499366.746,0.69,0.7032,0.62,0.8502,12
1579499367.782,0.68,0.7295,0.67,0.8286,12
1579499368.811,0.69,0.7125,0.63,0.8263,12
1579499369.837,0.69,0.7148,0.65,0.8211,12
1579499370.864,0.69,0.7012,0.64,0.8272,12
1579499371.883,0.68,0.7182,0.65,0.8339,12
1579499372.907,0.69,0.7059,0.65,0.8504,12
1579499373.932,0.69,0.7057,0.64,0.8633,12
1579499374.962,0.7,0.7022,0.63,0.8725,12
1579499376.012,0.69,0.6892,0.63,0.8727,12
1579499377.035,0.69,0.6942,0.61,0.8844,12
1579499377.822,0.7,0.6843,0.62,0.8748,12
1579499378.885,0.69,0.7207,0.59,0.8576,13
1579499379.921,0.69,0.7046,0.63,0.8408,13
1579499380.957,0.68,0.7183,0.61,0.8662,13
1579499381.991,0.69,0.7072,0.63,0.8529,13
1579499383.024,0.69,0.6999,0.63,0.8336,13
1579499384.058,0.69,0.7278,0.61,0.8466,13
1579499385.088,0.69,0.7173,0.63,0.8375,13
1579499386.143,0.69,0.7001,0.63,0.8401,13
1579499387.176,0.7,0.6924,0.61,0.8469,13
1579499388.216,0.69,0.705,0.65,0.8274,13
1579499389.245,0.7,0.7021,0.64,0.8215,13
1579499390.281,0.7,0.6821,0.62,0.8386,13
1579499391.314,0.69,0.7039,0.65,0.837,13
1579499392.356,0.69,0.7127,0.63,0.821,13
1579499393.399,0.7,0.6883,0.63,0.8299,13
1579499394.651,0.69,0.7047,0.63,0.8419,13
1579499395.683,0.68,0.7221,0.59,0.8567,13
1579499396.714,0.68,0.7044,0.63,0.8437,13
1579499397.746,0.68,0.7073,0.63,0.8335,13
1579499398.765,0.68,0.7151,0.6,0.8564,13
1579499399.786,0.68,0.7279,0.66,0.8396,13
1579499400.808,0.69,0.7085,0.65,0.8405,13
1579499401.829,0.7,0.6873,0.63,0.8383,13
1579499402.857,0.68,0.7276,0.61,0.8395,13
1579499403.877,0.69,0.702,0.61,0.855,13
1579499404.902,0.69,0.704,0.61,0.8401,13
1579499405.93,0.7,0.6982,0.58,0.8588,13
1579499406.96,0.69,0.7194,0.6,0.8603,13
1579499407.985,0.68,0.7088,0.61,0.845,13
1579499409.022,0.69,0.7188,0.62,0.8301,13
1579499410.042,0.69,0.7058,0.62,0.8266,13
1579499411.06,0.7,0.7129,0.64,0.8302,13
1579499412.083,0.69,0.7087,0.61,0.861,13
1579499413.11,0.69,0.7185,0.62,0.8605,13
1579499414.128,0.68,0.7091,0.63,0.8533,13
1579499415.156,0.69,0.6942,0.64,0.8626,13
1579499416.182,0.7,0.6961,0.64,0.8467,13
1579499417.229,0.69,0.7004,0.65,0.8533,13
1579499418.247,0.7,0.7069,0.64,0.8558,13
1579499419.269,0.69,0.7014,0.65,0.8424,13
1579499420.288,0.68,0.7161,0.67,0.8389,13
1579499421.319,0.7,0.6918,0.63,0.8442,13
1579499422.35,0.69,0.718,0.64,0.8368,13
1579499423.389,0.7,0.7066,0.65,0.829,13
1579499424.418,0.7,0.7036,0.66,0.8209,13
1579499425.438,0.7,0.6951,0.68,0.8323,13
1579499426.466,0.68,0.7088,0.65,0.8447,13
1579499427.518,0.69,0.696,0.65,0.857,13
1579499428.562,0.69,0.6954,0.64,0.8623,13
1579499429.577,0.7,0.6929,0.65,0.868,13
1579499430.596,0.7,0.6823,0.67,0.8659,13
1579499431.621,0.7,0.6853,0.63,0.8798,13
1579499432.414,0.7,0.6772,0.64,0.8634,13
1579499433.452,0.69,0.7129,0.62,0.8468,14
1579499434.483,0.7,0.6934,0.65,0.835,14
1579499435.53,0.69,0.7116,0.61,0.8641,14
1579499436.569,0.69,0.6996,0.63,0.8439,14
1579499437.628,0.7,0.693,0.67,0.8231,14
1579499438.664,0.69,0.7232,0.65,0.83,14
1579499439.704,0.69,0.7068,0.67,0.8357,14
1579499440.747,0.69,0.6954,0.65,0.8416,14
1579499441.778,0.7,0.686,0.63,0.8343,14
1579499442.822,0.69,0.6962,0.65,0.8314,14
1579499443.854,0.7,0.698,0.64,0.8383,14
1579499444.898,0.7,0.6764,0.65,0.8263,14
1579499445.93,0.69,0.6942,0.65,0.8256,14
1579499446.957,0.69,0.7036,0.64,0.8232,14
1579499448.043,0.7,0.6768,0.62,0.8323,14
1579499449.083,0.69,0.6934,0.64,0.8389,14
1579499450.115,0.69,0.7116,0.64,0.8394,14
1579499451.136,0.69,0.6893,0.63,0.8405,14
1579499452.168,0.69,0.6938,0.64,0.839,14
1579499453.199,0.69,0.704,0.62,0.8641,14
1579499454.23,0.68,0.7166,0.63,0.8609,14
1579499455.27,0.69,0.709,0.66,0.8376,14
1579499456.3,0.71,0.6762,0.63,0.8481,14
1579499457.315,0.69,0.7119,0.64,0.8562,14
1579499458.337,0.7,0.6969,0.62,0.8432,14
1579499459.362,0.7,0.6916,0.62,0.8396,14
1579499460.402,0.7,0.6876,0.59,0.8808,14
1579499461.427,0.69,0.7223,0.64,0.8528,14
1579499462.465,0.68,0.7067,0.64,0.8334,14
1579499463.503,0.69,0.7097,0.61,0.8482,14
1579499464.549,0.69,0.7115,0.62,0.8197,14
1579499465.581,0.7,0.7054,0.62,0.8322,14
1579499466.613,0.7,0.7059,0.62,0.8644,14
1579499467.634,0.69,0.7193,0.61,0.8403,14
1579499468.664,0.69,0.7004,0.61,0.8409,14
1579499469.687,0.69,0.6933,0.66,0.8633,14
1579499470.72,0.7,0.6914,0.63,0.8408,14
1579499471.74,0.7,0.6942,0.64,0.8397,14
1579499472.762,0.7,0.7065,0.65,0.8352,14
1579499473.783,0.69,0.693,0.65,0.8355,14
1579499474.815,0.69,0.7134,0.66,0.8312,14
1579499475.823,0.7,0.6825,0.64,0.8446,14
1579499476.849,0.69,0.7127,0.64,0.8395,14
1579499477.882,0.7,0.7021,0.66,0.8323,14
1579499478.887,0.7,0.6983,0.7,0.8327,14
1579499479.914,0.7,0.6916,0.66,0.8388,14
1579499480.934,0.68,0.7005,0.64,0.8454,14
1579499481.972,0.7,0.6892,0.66,0.8605,14
1579499482.993,0.7,0.688,0.64,0.8703,14
1579499484.013,0.7,0.6867,0.67,0.8668,14
1579499485.048,0.7,0.6775,0.67,0.8689,14
1579499486.076,0.71,0.6802,0.61,0.8964,14
1579499486.875,0.7,0.6716,0.64,0.8755,14
1579499487.916,0.7,0.7048,0.62,0.8527,15
1579499488.974,0.7,0.6884,0.64,0.8431,15
1579499490.011,0.69,0.7046,0.63,0.8781,15
1579499491.068,0.69,0.6962,0.65,0.8496,15
1579499492.104,0.7,0.693,0.66,0.816,15
1579499493.148,0.69,0.7187,0.68,0.8213,15
1579499494.179,0.69,0.7021,0.67,0.8355,15
1579499495.215,0.7,0.6921,0.63,0.8418,15
1579499496.248,0.7,0.6794,0.66,0.8348,15
1579499497.277,0.69,0.6929,0.64,0.8271,15
1579499498.318,0.7,0.6941,0.64,0.8304,15
1579499499.37,0.7,0.6671,0.64,0.8363,15
1579499500.417,0.69,0.691,0.64,0.8192,15
1579499501.455,0.7,0.6971,0.65,0.8173,15
1579499502.48,0.7,0.6739,0.61,0.835,15
1579499503.508,0.69,0.6888,0.63,0.8446,15
1579499504.535,0.69,0.7038,0.64,0.8423,15
1579499505.578,0.69,0.6828,0.64,0.8328,15
1579499506.615,0.69,0.6873,0.63,0.837,15
1579499507.649,0.69,0.7002,0.6,0.8715,15
1579499508.677,0.68,0.7128,0.63,0.8476,15
1579499509.712,0.7,0.6909,0.63,0.8525,15
1579499510.746,0.7,0.6751,0.62,0.8548,15
1579499511.779,0.69,0.7112,0.62,0.8594,15
1579499512.81,0.71,0.6882,0.6,0.8748,15
1579499513.836,0.69,0.6969,0.64,0.8419,15
1579499514.871,0.71,0.6869,0.58,0.8689,15
1579499515.905,0.7,0.7042,0.58,0.8864,15
1579499516.928,0.69,0.6979,0.64,0.8542,15
1579499517.955,0.69,0.7079,0.61,0.8294,15
1579499518.996,0.7,0.6928,0.62,0.8425,15
1579499520.032,0.69,0.704,0.61,0.8457,15
1579499521.065,0.7,0.6958,0.62,0.8724,15
1579499522.082,0.69,0.708,0.61,0.8622,15
1579499523.119,0.69,0.6958,0.6,0.8543,15
1579499524.15,0.7,0.6834,0.63,0.8751,15
1579499525.184,0.7,0.6857,0.6,0.8534,15
1579499526.21,0.7,0.6866,0.63,0.8459,15
1579499527.231,0.7,0.6971,0.6,0.8398,15
1579499528.266,0.69,0.6861,0.65,0.836,15
1579499529.311,0.69,0.7071,0.64,0.8384,15
1579499530.333,0.7,0.6798,0.66,0.8376,15
1579499531.363,0.7,0.7019,0.66,0.836,15
1579499532.391,0.7,0.6952,0.68,0.8388,15
1579499533.416,0.7,0.694,0.69,0.8251,15
1579499534.45,0.7,0.6831,0.69,0.8276,15
1579499535.486,0.7,0.6921,0.65,0.8485,15
1579499536.733,0.7,0.6813,0.63,0.8636,15
1579499537.759,0.7,0.6822,0.66,0.8597,15
1579499538.784,0.71,0.6799,0.64,0.8664,15
1579499539.815,0.7,0.6711,0.65,0.8764,15
1579499540.83,0.71,0.6701,0.61,0.9,15
1579499541.613,0.71,0.6625,0.64,0.877,15
1579499542.649,0.7,0.6996,0.62,0.8613,16
1579499543.686,0.71,0.6792,0.63,0.8492,16
1579499544.731,0.69,0.6949,0.63,0.8798,16
1579499545.759,0.7,0.6866,0.62,0.8482,16
1579499546.787,0.7,0.6833,0.66,0.8224,16
1579499547.81,0.69,0.7078,0.66,0.8346,16
1579499548.842,0.7,0.6981,0.65,0.836,16
1579499549.858,0.7,0.6831,0.63,0.8524,16
1579499550.905,0.71,0.6714,0.63,0.8565,16
1579499551.941,0.69,0.6847,0.63,0.8414,16
1579499552.968,0.7,0.6893,0.65,0.8337,16
1579499553.995,0.71,0.6616,0.64,0.833,16
1579499555.018,0.69,0.6843,0.65,0.8201,16
1579499556.045,0.7,0.6912,0.64,0.8151,16
1579499557.056,0.71,0.6665,0.62,0.8315,16
1579499558.091,0.7,0.6834,0.63,0.8329,16
1579499559.124,0.7,0.6952,0.65,0.8317,16
1579499560.156,0.7,0.6755,0.65,0.8247,16
1579499561.181,0.7,0.6793,0.65,0.8273,16
1579499562.22,0.69,0.6934,0.61,0.8607,16
1579499563.251,0.69,0.702,0.63,0.8312,16
1579499564.274,0.71,0.6837,0.63,0.8367,16
1579499565.321,0.71,0.6695,0.62,0.8424,16
1579499566.348,0.69,0.7044,0.62,0.8454,16
1579499567.365,0.71,0.6813,0.6,0.8593,16
1579499568.389,0.69,0.6886,0.65,0.8306,16
1579499569.424,0.71,0.6794,0.59,0.8668,16
1579499570.452,0.7,0.6957,0.59,0.8784,16
1579499571.475,0.7,0.6886,0.65,0.8585,16
1579499572.504,0.7,0.7022,0.59,0.8382,16
1579499573.534,0.71,0.6856,0.61,0.8433,16
1579499574.563,0.7,0.6983,0.61,0.8413,16
1579499575.588,0.7,0.6879,0.62,0.877,16
1579499576.629,0.7,0.7011,0.61,0.8672,16
1579499577.66,0.69,0.6902,0.61,0.8483,16
1579499578.683,0.7,0.677,0.64,0.867,16
1579499579.712,0.7,0.6801,0.61,0.8484,16
1579499580.749,0.7,0.6798,0.64,0.8446,16
1579499581.771,0.71,0.6916,0.6,0.8392,16
1579499582.799,0.7,0.6807,0.64,0.8345,16
1579499583.838,0.69,0.6999,0.63,0.8411,16
1579499584.869,0.7,0.6731,0.63,0.8412,16
1579499585.898,0.7,0.6959,0.65,0.8416,16
1579499586.933,0.71,0.687,0.66,0.8424,16
1579499587.959,0.7,0.686,0.69,0.8315,16
1579499588.988,0.71,0.6765,0.69,0.832,16
1579499590.015,0.7,0.6848,0.64,0.844,16
1579499591.053,0.71,0.672,0.63,0.8609,16
1579499592.08,0.7,0.6744,0.63,0.8592,16
1579499593.099,0.71,0.6747,0.65,0.8649,16
1579499594.135,0.71,0.6633,0.65,0.8727,16
1579499595.171,0.71,0.6617,0.64,0.8933,16
1579499595.966,0.71,0.653,0.63,0.8802,16
1579499597.009,0.7,0.694,0.65,0.8588,17
1579499598.052,0.71,0.6713,0.66,0.8452,17
1579499599.088,0.7,0.6889,0.64,0.883,17
1579499600.119,0.7,0.6808,0.65,0.8494,17
1579499601.159,0.7,0.6743,0.67,0.8202,17
1579499602.19,0.69,0.7047,0.66,0.8268,17
1579499603.226,0.7,0.6893,0.59,0.8344,17
1579499604.265,0.7,0.6762,0.65,0.8496,17
1579499605.338,0.71,0.6668,0.62,0.8531,17
1579499606.375,0.7,0.6759,0.64,0.8481,17
1579499607.416,0.71,0.6812,0.64,0.8475,17
1579499608.452,0.71,0.6531,0.65,0.8413,17
1579499609.502,0.7,0.6753,0.63,0.8316,17
1579499610.54,0.7,0.6855,0.62,0.8268,17
1579499611.581,0.71,0.6565,0.62,0.8409,17
1579499612.624,0.7,0.6744,0.63,0.8358,17
1579499613.672,0.7,0.6878,0.65,0.831,17
1579499614.704,0.71,0.6661,0.64,0.8277,17
1579499615.772,0.71,0.6708,0.63,0.8261,17
1579499616.795,0.69,0.6889,0.61,0.8471,17
1579499617.826,0.69,0.6913,0.63,0.8318,17
1579499618.858,0.71,0.6744,0.62,0.8391,17
1579499619.895,0.71,0.6619,0.62,0.8344,17
1579499620.924,0.7,0.6952,0.61,0.8402,17
1579499621.948,0.71,0.6721,0.62,0.8657,17
1579499622.976,0.7,0.6847,0.65,0.8328,17
1579499623.995,0.71,0.6759,0.6,0.8584,17
1579499625.023,0.7,0.6881,0.57,0.8787,17
1579499626.086,0.7,0.6826,0.61,0.8664,17
1579499627.12,0.7,0.7015,0.63,0.8341,17
1579499628.16,0.71,0.6791,0.61,0.8431,17
1579499629.194,0.7,0.695,0.62,0.8389,17
1579499630.222,0.7,0.6837,0.6,0.8638,17
1579499631.257,0.7,0.6916,0.63,0.8614,17
1579499632.281,0.7,0.6852,0.61,0.8498,17
1579499633.316,0.7,0.6708,0.62,0.8673,17
1579499634.345,0.7,0.6752,0.63,0.8394,17
1579499635.379,0.7,0.6742,0.62,0.8368,17
1579499636.42,0.71,0.686,0.62,0.8342,17
1579499637.445,0.71,0.6733,0.63,0.833,17
1579499638.507,0.69,0.6928,0.64,0.844,17
1579499639.534,0.7,0.6693,0.62,0.8402,17
1579499640.551,0.7,0.6876,0.65,0.8422,17
1579499641.575,0.71,0.6807,0.63,0.8455,17
1579499642.604,0.71,0.6813,0.64,0.8361,17
1579499643.629,0.71,0.6687,0.64,0.8366,17
1579499644.656,0.7,0.6795,0.65,0.8524,17
1579499645.697,0.71,0.6655,0.61,0.8746,17
1579499646.751,0.7,0.6682,0.62,0.8591,17
1579499647.779,0.71,0.6705,0.63,0.8605,17
1579499648.804,0.71,0.6567,0.66,0.8728,17
1579499649.831,0.72,0.653,0.64,0.8925,17
1579499650.624,0.72,0.6429,0.63,0.8762,17
1579499651.685,0.7,0.6846,0.63,0.8609,18
1579499652.726,0.71,0.6631,0.65,0.8552,18
1579499653.766,0.7,0.678,0.63,0.8929,18
1579499654.821,0.7,0.6727,0.66,0.8484,18
1579499655.865,0.71,0.6628,0.65,0.8201,18
1579499656.939,0.7,0.6964,0.64,0.8342,18
1579499657.977,0.7,0.6828,0.63,0.8303,18
1579499659.005,0.71,0.6679,0.59,0.8447,18
1579499660.032,0.71,0.6586,0.63,0.8626,18
1579499661.056,0.7,0.6699,0.62,0.8552,18
1579499662.081,0.71,0.6757,0.64,0.8463,18
1579499663.105,0.72,0.6464,0.64,0.849,18
1579499664.125,0.7,0.6657,0.63,0.8423,18
1579499665.161,0.71,0.6785,0.61,0.8324,18
1579499666.189,0.71,0.6498,0.59,0.8441,18
1579499667.235,0.71,0.6683,0.63,0.8431,18
1579499668.267,0.71,0.6828,0.64,0.839,18
1579499669.309,0.71,0.6575,0.64,0.8366,18
1579499670.343,0.71,0.663,0.63,0.8333,18
1579499671.373,0.7,0.678,0.61,0.85,18
1579499672.407,0.7,0.6784,0.64,0.8337,18
1579499673.437,0.71,0.6669,0.63,0.8379,18
1579499674.465,0.72,0.651,0.61,0.8363,18
1579499675.503,0.7,0.6835,0.62,0.8458,18
1579499676.532,0.71,0.6634,0.62,0.864,18
1579499677.584,0.7,0.6758,0.65,0.8331,18
1579499678.604,0.72,0.6626,0.61,0.8609,18
1579499679.624,0.7,0.6807,0.62,0.8672,18
1579499680.868,0.7,0.6709,0.61,0.8593,18
1579499681.889,0.7,0.6883,0.6,0.8413,18
1579499682.909,0.71,0.6714,0.6,0.8369,18
1579499683.931,0.71,0.6801,0.62,0.8413,18
1579499684.955,0.71,0.6724,0.61,0.8658,18
1579499686.006,0.7,0.6833,0.64,0.8489,18
1579499687.033,0.7,0.6741,0.63,0.8375,18
1579499688.088,0.71,0.6637,0.64,0.86,18
1579499689.109,0.71,0.6646,0.63,0.8324,18
1579499690.133,0.71,0.6696,0.63,0.8357,18
1579499691.161,0.71,0.6812,0.62,0.8384,18
1579499692.186,0.71,0.664,0.62,0.8317,18
1579499693.212,0.7,0.686,0.62,0.8344,18
1579499694.241,0.71,0.6552,0.62,0.846,18
1579499695.278,0.71,0.684,0.65,0.8395,18
1579499696.306,0.71,0.6697,0.65,0.8376,18
1579499697.333,0.71,0.6698,0.64,0.8465,18
1579499698.356,0.71,0.6631,0.61,0.8462,18
1579499699.381,0.7,0.6705,0.63,0.8442,18
1579499700.416,0.71,0.6596,0.63,0.8706,18
1579499701.443,0.71,0.6577,0.62,0.8653,18
1579499702.472,0.72,0.6612,0.62,0.8622,18
1579499703.507,0.71,0.6506,0.64,0.8758,18
1579499704.545,0.73,0.6462,0.62,0.9087,18
1579499705.349,0.72,0.6395,0.61,0.8835,18
1579499706.386,0.7,0.6845,0.64,0.8654,19
1579499707.409,0.72,0.6589,0.66,0.8578,19
1579499708.438,0.71,0.6698,0.62,0.8901,19
1579499709.464,0.71,0.6649,0.67,0.8438,19
1579499710.492,0.72,0.6531,0.69,0.8123,19
1579499711.518,0.71,0.6851,0.63,0.8299,19
1579499712.539,0.7,0.6779,0.63,0.8261,19
1579499713.55,0.71,0.6587,0.65,0.8302,19
1579499714.572,0.72,0.6547,0.64,0.8682,19
1579499715.598,0.71,0.6646,0.63,0.8527,19
1579499716.611,0.71,0.6642,0.65,0.8339,19
1579499717.639,0.72,0.64,0.61,0.8495,19
1579499718.658,0.71,0.6595,0.61,0.8498,19
1579499719.683,0.71,0.6731,0.6,0.8312,19
1579499720.712,0.72,0.6429,0.59,0.8412,19
1579499721.747,0.71,0.6622,0.64,0.8486,19
1579499722.775,0.71,0.6784,0.63,0.843,19
1579499723.803,0.71,0.6538,0.64,0.8282,19
1579499724.838,0.72,0.6574,0.64,0.8259,19
1579499725.867,0.71,0.67,0.59,0.8614,19
1579499726.894,0.7,0.6739,0.64,0.8386,19
1579499727.92,0.72,0.6617,0.65,0.8259,19
1579499728.949,0.72,0.6439,0.62,0.8318,19
1579499729.993,0.71,0.6732,0.62,0.8566,19
1579499731.063,0.71,0.6571,0.6,0.8564,19
1579499732.087,0.71,0.6643,0.63,0.8321,19
1579499733.109,0.72,0.6578,0.61,0.8756,19
1579499734.132,0.71,0.6741,0.61,0.8841,19
1579499735.168,0.7,0.6627,0.61,0.8724,19
1579499736.196,0.71,0.6789,0.6,0.8548,19
1579499737.221,0.72,0.6635,0.61,0.8465,19
1579499738.251,0.71,0.6672,0.61,0.8551,19
1579499739.279,0.71,0.6634,0.62,0.8777,19
1579499740.321,0.71,0.6749,0.59,0.8594,19
1579499741.367,0.71,0.6655,0.63,0.8539,19
1579499742.403,0.71,0.6569,0.64,0.8821,19
1579499743.431,0.72,0.6588,0.65,0.8405,19
1579499744.462,0.71,0.66,0.64,0.8389,19
1579499745.493,0.71,0.6757,0.61,0.8443,19
1579499746.521,0.71,0.6593,0.63,0.8327,19
1579499747.55,0.7,0.6805,0.63,0.8273,19
1579499748.573,0.71,0.6474,0.62,0.8382,19
1579499749.596,0.71,0.6758,0.65,0.8281,19
1579499750.637,0.72,0.6613,0.65,0.8259,19
1579499751.666,0.71,0.6627,0.66,0.8393,19
1579499752.712,0.72,0.6545,0.63,0.841,19
1579499753.732,0.71,0.6613,0.64,0.8375,19
1579499754.772,0.72,0.6549,0.62,0.8747,19
1579499755.806,0.71,0.6524,0.61,0.8667,19
1579499756.821,0.72,0.6564,0.62,0.8528,19
1579499757.846,0.72,0.6424,0.62,0.8658,19
1579499758.863,0.72,0.6381,0.6,0.8985,19
1579499759.651,0.73,0.6286,0.57,0.887,19
1579499760.689,0.71,0.6802,0.63,0.8672,20
1579499761.734,0.72,0.6591,0.67,0.8547,20
1579499762.77,0.71,0.6679,0.63,0.8887,20
1579499763.801,0.71,0.6582,0.63,0.8463,20
1579499764.851,0.72,0.6478,0.68,0.8061,20
1579499765.884,0.71,0.6825,0.64,0.8245,20
1579499766.916,0.71,0.6661,0.63,0.8313,20
1579499767.943,0.71,0.6547,0.63,0.8188,20
1579499768.969,0.72,0.6518,0.63,0.8463,20
1579499769.99,0.71,0.6568,0.64,0.8413,20
1579499771.02,0.72,0.6537,0.63,0.8275,20
1579499772.057,0.73,0.6333,0.63,0.845,20
1579499773.096,0.71,0.6534,0.62,0.8502,20
1579499774.122,0.71,0.6627,0.59,0.8413,20
1579499775.158,0.72,0.6378,0.6,0.8492,20
1579499776.194,0.71,0.6567,0.61,0.8461,20
1579499777.22,0.71,0.6715,0.65,0.851,20
1579499778.262,0.71,0.6537,0.62,0.8288,20
1579499779.292,0.71,0.6532,0.65,0.8157,20
1579499780.321,0.71,0.664,0.61,0.8584,20
1579499781.346,0.7,0.6704,0.63,0.8419,20
1579499782.373,0.72,0.6596,0.66,0.8236,20
1579499783.402,0.72,0.6352,0.62,0.8292,20
1579499784.427,0.71,0.6692,0.61,0.8487,20
1579499785.455,0.72,0.6486,0.6,0.8445,20
1579499786.49,0.71,0.6615,0.62,0.8209,20
1579499787.52,0.73,0.6498,0.6,0.8637,20
1579499788.545,0.72,0.664,0.6,0.8882,20
1579499789.575,0.71,0.6554,0.61,0.8765,20
1579499790.603,0.71,0.6713,0.61,0.8563,20
1579499791.629,0.72,0.6552,0.6,0.8507,20
1579499792.651,0.71,0.6616,0.62,0.8566,20
1579499793.684,0.71,0.6587,0.6,0.8733,20
1579499794.707,0.71,0.6661,0.6,0.857,20
1579499795.729,0.71,0.6599,0.6,0.8532,20
1579499796.753,0.72,0.6523,0.65,0.8841,20
1579499797.785,0.72,0.6478,0.61,0.8527,20
1579499798.827,0.71,0.6555,0.65,0.8471,20
1579499799.859,0.71,0.6718,0.61,0.8542,20
1579499800.883,0.71,0.6504,0.63,0.8601,20
1579499801.902,0.7,0.6719,0.62,0.8514,20
1579499802.927,0.72,0.6403,0.61,0.8482,20
1579499803.944,0.71,0.6722,0.62,0.8397,20
1579499804.977,0.72,0.6596,0.63,0.8351,20
1579499806.012,0.71,0.6583,0.63,0.8452,20
1579499807.036,0.71,0.6512,0.63,0.8664,20
1579499808.075,0.71,0.6613,0.64,0.857,20
1579499809.109,0.71,0.6542,0.63,0.8779,20
1579499810.142,0.72,0.6464,0.62,0.8647,20
1579499811.169,0.72,0.6512,0.61,0.8427,20
1579499812.203,0.72,0.6414,0.62,0.8479,20
1579499813.243,0.73,0.6346,0.61,0.8996,20
1579499814.062,0.72,0.6332,0.57,0.8877,20
1579499815.111,0.71,0.6744,0.63,0.8607,21
1579499816.153,0.72,0.6491,0.63,0.8593,21
1579499817.191,0.71,0.6609,0.59,0.8841,21
1579499818.235,0.72,0.6502,0.6,0.8513,21
1579499819.266,0.72,0.6425,0.68,0.8026,21
1579499820.312,0.71,0.6732,0.65,0.8047,21
1579499821.351,0.71,0.6612,0.62,0.8363,21
1579499822.392,0.71,0.652,0.64,0.8264,21
1579499823.453,0.72,0.6398,0.64,0.8404,21
1579499824.746,0.72,0.6527,0.62,0.8532,21
1579499825.772,0.72,0.6485,0.63,0.8538,21
1579499826.799,0.73,0.6261,0.62,0.8394,21
1579499827.825,0.71,0.6434,0.6,0.8453,21
1579499828.855,0.71,0.6571,0.61,0.8569,21
1579499829.871,0.73,0.6273,0.59,0.8718,21
1579499830.906,0.71,0.646,0.6,0.858,21
1579499831.928,0.71,0.6644,0.61,0.8546,21
1579499832.968,0.71,0.6498,0.63,0.8383,21
1579499834.004,0.72,0.6429,0.65,0.8207,21
1579499835.032,0.71,0.6598,0.6,0.8331,21
1579499836.057,0.71,0.6661,0.63,0.8211,21
1579499837.088,0.72,0.6453,0.64,0.8462,21
1579499838.124,0.72,0.6453,0.6,0.8271,21
1579499839.141,0.71,0.6752,0.61,0.8265,21
1579499840.171,0.73,0.6406,0.59,0.88,21
1579499841.2,0.7,0.6766,0.6,0.8052,21
1579499842.229,0.73,0.6467,0.62,0.8224,21
1579499843.257,0.72,0.658,0.58,0.8843,21
1579499844.264,0.71,0.6599,0.63,0.8647,21
1579499845.279,0.71,0.6674,0.59,0.8342,21
1579499846.322,0.72,0.6524,0.62,0.8459,21
1579499847.347,0.71,0.6644,0.57,0.8582,21
1579499848.377,0.72,0.6473,0.56,0.8669,21
1579499849.403,0.71,0.664,0.62,0.8298,21
1579499850.459,0.7,0.6555,0.64,0.8353,21
1579499851.501,0.72,0.6454,0.64,0.8747,21
1579499852.53,0.72,0.6463,0.63,0.8433,21
1579499853.575,0.72,0.6483,0.65,0.8437,21
1579499854.605,0.71,0.6648,0.62,0.8588,21
1579499855.647,0.72,0.646,0.63,0.8574,21
1579499856.699,0.71,0.6646,0.65,0.8609,21
1579499857.729,0.72,0.641,0.61,0.8516,21
1579499858.752,0.71,0.6659,0.64,0.8331,21
1579499859.782,0.72,0.6534,0.64,0.821,21
1579499860.83,0.71,0.6574,0.63,0.8188,21
1579499861.858,0.72,0.6444,0.63,0.8307,21
1579499862.885,0.71,0.651,0.65,0.8454,21
1579499863.916,0.73,0.6375,0.63,0.8674,21
1579499864.942,0.72,0.639,0.63,0.8562,21
1579499865.977,0.72,0.6418,0.64,0.8426,21
1579499867.055,0.73,0.6265,0.66,0.8394,21
1579499868.094,0.73,0.6238,0.61,0.8767,21
1579499868.891,0.73,0.6189,0.59,0.8859,21
1579499869.921,0.72,0.6625,0.62,0.8624,22
1579499870.946,0.72,0.6419,0.63,0.8625,22
1579499871.969,0.71,0.6535,0.58,0.9022,22
1579499872.994,0.72,0.648,0.6,0.8605,22
1579499874.013,0.73,0.6328,0.68,0.8181,22
1579499875.053,0.72,0.6711,0.64,0.8135,22
1579499876.077,0.71,0.6562,0.64,0.8327,22
1579499877.104,0.71,0.6475,0.62,0.8292,22
1579499878.129,0.72,0.6331,0.62,0.8387,22
1579499879.153,0.72,0.6477,0.63,0.856,22
1579499880.187,0.72,0.6459,0.6,0.8648,22
1579499881.207,0.73,0.6206,0.63,0.8378,22
1579499882.234,0.72,0.6336,0.59,0.8322,22
1579499883.267,0.72,0.6539,0.58,0.8287,22
1579499884.286,0.73,0.6205,0.59,0.8587,22
1579499885.324,0.71,0.6383,0.58,0.8683,22
1579499886.354,0.71,0.6621,0.6,0.8581,22
1579499887.386,0.72,0.645,0.61,0.8418,22
1579499888.421,0.72,0.6383,0.62,0.8368,22
1579499889.448,0.71,0.6624,0.62,0.8384,22
1579499890.474,0.72,0.6544,0.64,0.8273,22
1579499891.504,0.73,0.6421,0.62,0.8739,22
1579499892.535,0.71,0.654,0.64,0.8381,22
1579499893.565,0.71,0.6658,0.63,0.8403,22
1579499894.596,0.72,0.6445,0.6,0.8687,22
1579499895.632,0.71,0.6691,0.62,0.8075,22
1579499896.658,0.73,0.631,0.62,0.8207,22
1579499897.689,0.71,0.6645,0.61,0.8585,22
1579499898.715,0.71,0.649,0.59,0.867,22
1579499899.754,0.71,0.6643,0.64,0.835,22
1579499900.79,0.72,0.647,0.62,0.8286,22
1579499901.822,0.71,0.6573,0.6,0.8471,22
1579499902.85,0.72,0.6413,0.56,0.8855,22
1579499903.888,0.71,0.6668,0.58,0.84,22
1579499904.922,0.71,0.6476,0.62,0.8359,22
1579499905.952,0.72,0.6438,0.64,0.8805,22
1579499906.966,0.72,0.6458,0.61,0.8584,22
1579499908.004,0.73,0.6399,0.61,0.8525,22
1579499909.027,0.71,0.6623,0.62,0.8425,22
1579499910.062,0.72,0.6429,0.64,0.8418,22
1579499911.101,0.71,0.6606,0.64,0.8597,22
1579499912.13,0.72,0.6323,0.63,0.857,22
1579499913.173,0.71,0.6645,0.64,0.8338,22
1579499914.207,0.72,0.6515,0.64,0.8249,22
1579499915.246,0.71,0.6536,0.63,0.8226,22
1579499916.271,0.72,0.6423,0.63,0.8175,22
1579499917.306,0.72,0.648,0.66,0.8226,22
1579499918.335,0.72,0.6381,0.62,0.8527,22
1579499919.358,0.72,0.6322,0.6,0.8651,22
1579499920.382,0.72,0.6424,0.62,0.8449,22
1579499921.415,0.73,0.6287,0.66,0.8269,22
1579499922.438,0.73,0.6244,0.64,0.8765,22
1579499923.235,0.73,0.6214,0.63,0.8856,22
1579499924.283,0.72,0.6624,0.62,0.8544,23
1579499925.326,0.73,0.6368,0.62,0.8572,23
1579499926.366,0.71,0.6601,0.58,0.9055,23
1579499927.4,0.72,0.6413,0.55,0.9154,23
1579499928.454,0.72,0.6459,0.63,0.8308,23
1579499929.51,0.71,0.6701,0.66,0.8089,23
1579499930.547,0.71,0.6609,0.62,0.8348,23
1579499931.58,0.71,0.6514,0.62,0.872,23
1579499932.611,0.72,0.6436,0.64,0.8368,23
1579499933.64,0.72,0.641,0.66,0.8492,23
1579499934.664,0.72,0.661,0.61,0.8654,23
1579499935.693,0.73,0.6206,0.63,0.8946,23
1579499936.721,0.72,0.6448,0.62,0.8376,23
1579499937.754,0.72,0.6546,0.6,0.8089,23
1579499938.776,0.73,0.6348,0.62,0.8241,23
1579499939.804,0.71,0.6427,0.58,0.8606,23
1579499940.832,0.72,0.6636,0.58,0.8687,23
1579499941.862,0.72,0.6465,0.6,0.8416,23
1579499942.887,0.72,0.6431,0.62,0.8343,23
1579499943.913,0.71,0.6589,0.6,0.8386,23
1579499944.943,0.73,0.6409,0.59,0.8628,23
1579499945.972,0.72,0.6546,0.63,0.8612,23
1579499946.999,0.73,0.6365,0.64,0.8226,23
1579499948.027,0.72,0.6621,0.64,0.8347,23
1579499949.055,0.72,0.6592,0.63,0.8534,23
1579499950.078,0.72,0.6505,0.6,0.8799,23
1579499951.12,0.72,0.6461,0.61,0.8072,23
1579499952.146,0.72,0.6567,0.64,0.8081,23
1579499953.175,0.71,0.6577,0.61,0.8597,23
1579499954.2,0.72,0.659,0.6,0.8999,23
1579499955.242,0.71,0.6662,0.62,0.8341,23
1579499956.273,0.72,0.6498,0.61,0.8147,23
1579499957.312,0.71,0.6556,0.6,0.8306,23
1579499958.344,0.73,0.6532,0.56,0.8826,23
1579499959.374,0.7,0.6631,0.59,0.8775,23
1579499960.414,0.71,0.6468,0.67,0.8225,23
1579499961.445,0.73,0.6332,0.66,0.8016,23
1579499962.475,0.71,0.6554,0.65,0.8216,23
1579499963.508,0.72,0.6551,0.64,0.8415,23
1579499964.54,0.71,0.6434,0.62,0.8305,23
1579499965.795,0.72,0.6505,0.61,0.8291,23
1579499966.817,0.72,0.6352,0.6,0.8347,23
1579499967.837,0.71,0.6586,0.62,0.839,23
1579499968.866,0.72,0.6421,0.64,0.8514,23
1579499969.892,0.72,0.6499,0.64,0.8494,23
1579499970.967,0.72,0.6343,0.63,0.8427,23
1579499972.006,0.72,0.6498,0.63,0.8393,23
1579499973.029,0.72,0.635,0.62,0.8701,23
1579499974.053,0.73,0.6318,0.63,0.8746,23
1579499975.084,0.72,0.6421,0.65,0.8496,23
1579499976.111,0.72,0.6286,0.65,0.8293,23
1579499977.137,0.74,0.6234,0.63,0.8503,23
1579499977.936,0.73,0.6145,0.62,0.8534,23
1579499978.966,0.72,0.6514,0.64,0.8629,24
1579499979.99,0.72,0.656,0.63,0.8308,24
1579499981.05,0.72,0.6485,0.62,0.8561,24
1579499982.076,0.72,0.6554,0.64,0.8653,24
1579499983.109,0.73,0.6231,0.6,0.8877,24
1579499984.132,0.71,0.6792,0.6,0.8524,24
1579499985.157,0.71,0.6594,0.62,0.7843,24
1579499986.173,0.72,0.6493,0.63,0.8082,24
1579499987.211,0.71,0.6516,0.61,0.8547,24
1579499988.238,0.71,0.6451,0.63,0.8473,24
1579499989.27,0.72,0.6437,0.63,0.8532,24
1579499990.3,0.73,0.6306,0.63,0.8601,24
1579499991.332,0.72,0.6384,0.61,0.8554,24
1579499992.364,0.72,0.6504,0.6,0.8356,24
1579499993.397,0.73,0.6321,0.6,0.804,24
1579499994.42,0.72,0.6357,0.58,0.848,24
1579499995.453,0.7,0.6786,0.59,0.8502,24
1579499996.471,0.72,0.644,0.61,0.8518,24
1579499997.495,0.72,0.6492,0.6,0.8366,24
1579499998.521,0.71,0.6575,0.62,0.8309,24
1579499999.543,0.72,0.641,0.6,0.8554,24
1579500000.564,0.72,0.6472,0.65,0.86,24
1579500001.592,0.74,0.6278,0.61,0.8531,24
1579500002.607,0.71,0.6732,0.63,0.802,24
1579500003.639,0.72,0.6344,0.61,0.8092,24
1579500004.665,0.71,0.6491,0.61,0.8478,24
1579500005.713,0.74,0.6243,0.59,0.8873,24
1579500006.741,0.7,0.6759,0.63,0.7979,24
1579500007.77,0.72,0.6394,0.64,0.8081,24
1579500008.788,0.71,0.6691,0.62,0.8461,24
1579500009.821,0.72,0.6454,0.6,0.8677,24
1579500010.852,0.71,0.6512,0.6,0.8211,24
1579500011.879,0.73,0.6356,0.6,0.8231,24
1579500012.921,0.72,0.6602,0.59,0.8396,24
1579500013.945,0.72,0.6425,0.6,0.8673,24
1579500014.98,0.72,0.6353,0.63,0.8535,24
1579500016.004,0.73,0.6339,0.62,0.8023,24
1579500017.028,0.72,0.6431,0.63,0.7968,24
1579500018.067,0.73,0.6492,0.63,0.8123,24
1579500019.091,0.72,0.6358,0.64,0.825,24
1579500020.116,0.72,0.6466,0.66,0.8306,24
1579500021.143,0.73,0.6228,0.64,0.8341,24
1579500022.171,0.72,0.6484,0.63,0.8342,24
1579500023.217,0.73,0.6334,0.63,0.8444,24
1579500024.243,0.73,0.6373,0.61,0.8498,24
1579500025.285,0.73,0.6251,0.65,0.8398,24
1579500026.312,0.73,0.6383,0.62,0.8212,24
1579500027.346,0.73,0.6201,0.62,0.8429,24
1579500028.373,0.72,0.6205,0.61,0.8834,24
1579500029.402,0.73,0.6314,0.63,0.8585,24
1579500030.436,0.73,0.6153,0.63,0.837,24
1579500031.457,0.73,0.6162,0.64,0.8353,24
1579500032.253,0.74,0.6021,0.62,0.8686,24
1579500033.324,0.72,0.6498,0.6,0.8787,25
1579500034.358,0.71,0.653,0.65,0.8346,25
1579500035.397,0.72,0.6468,0.62,0.8639,25
1579500036.428,0.72,0.6471,0.62,0.8544,25
1579500037.463,0.74,0.615,0.6,0.9026,25
1579500038.496,0.71,0.675,0.61,0.8595,25
1579500039.525,0.72,0.6465,0.65,0.821,25
1579500040.559,0.71,0.6509,0.64,0.803,25
1579500041.594,0.72,0.6414,0.58,0.8343,25
1579500042.617,0.71,0.643,0.61,0.8512,25
1579500043.647,0.73,0.6327,0.65,0.8589,25
1579500044.678,0.73,0.6212,0.65,0.8521,25
1579500045.708,0.72,0.6317,0.6,0.8478,25
1579500046.735,0.72,0.6444,0.63,0.8402,25
1579500047.777,0.73,0.6228,0.62,0.8212,25
1579500048.805,0.72,0.6345,0.62,0.8467,25
1579500049.832,0.71,0.6698,0.59,0.8283,25
1579500050.864,0.72,0.6349,0.62,0.8273,25
1579500051.897,0.72,0.6441,0.61,0.8235,25
1579500052.921,0.71,0.6486,0.64,0.8266,25
1579500053.947,0.72,0.6434,0.66,0.8244,25
1579500054.988,0.73,0.6314,0.65,0.8353,25
1579500056.021,0.74,0.6182,0.63,0.8557,25
1579500057.051,0.71,0.6698,0.67,0.8148,25
1579500058.073,0.73,0.6181,0.66,0.8177,25
1579500059.096,0.72,0.6361,0.64,0.8323,25
1579500060.131,0.74,0.6147,0.59,0.8958,25
1579500061.157,0.71,0.669,0.66,0.8276,25
1579500062.192,0.72,0.6295,0.64,0.8226,25
1579500063.232,0.71,0.6628,0.63,0.8258,25
1579500064.255,0.73,0.6294,0.63,0.8667,25
1579500065.288,0.71,0.6518,0.62,0.825,25
1579500066.31,0.74,0.629,0.61,0.8442,25
1579500067.331,0.72,0.6536,0.56,0.8622,25
1579500068.351,0.72,0.6405,0.6,0.8758,25
1579500069.38,0.72,0.6341,0.68,0.8632,25
1579500070.409,0.73,0.62,0.67,0.8291,25
1579500071.447,0.72,0.6443,0.64,0.7982,25
1579500072.474,0.73,0.6338,0.63,0.8045,25
1579500073.501,0.72,0.6347,0.64,0.7988,25
1579500074.527,0.72,0.6442,0.6,0.8174,25
1579500075.554,0.73,0.6164,0.61,0.8383,25
1579500076.585,0.72,0.6464,0.64,0.8395,25
1579500077.607,0.73,0.6301,0.64,0.8368,25
1579500078.634,0.73,0.6327,0.64,0.8539,25
1579500079.664,0.73,0.6225,0.66,0.8601,25
1579500080.696,0.73,0.6308,0.62,0.8468,25
1579500081.73,0.73,0.6124,0.62,0.8588,25
1579500082.768,0.73,0.6166,0.63,0.8793,25
1579500083.803,0.73,0.6215,0.6,0.8635,25
1579500084.839,0.73,0.6162,0.63,0.8287,25
1579500085.873,0.74,0.6068,0.62,0.8265,25
1579500086.666,0.75,0.5906,0.65,0.8698,25
1579500087.707,0.73,0.6419,0.62,0.8729,26
1579500088.742,0.72,0.6299,0.64,0.8306,26
1579500089.774,0.72,0.6417,0.62,0.8348,26
1579500090.818,0.73,0.6251,0.64,0.858,26
1579500091.845,0.74,0.6069,0.61,0.893,26
1579500092.871,0.72,0.6561,0.64,0.8435,26
1579500093.92,0.74,0.6243,0.64,0.8309,26
1579500094.956,0.71,0.6487,0.63,0.8049,26
1579500095.985,0.73,0.6133,0.62,0.83,26
1579500097.021,0.72,0.636,0.61,0.8416,26
1579500098.05,0.73,0.6285,0.61,0.8523,26
1579500099.081,0.74,0.6036,0.63,0.8657,26
1579500100.108,0.72,0.6277,0.64,0.8636,26
1579500101.141,0.72,0.6417,0.63,0.8429,26
1579500102.168,0.74,0.6,0.63,0.8411,26
1579500103.199,0.72,0.6368,0.62,0.8373,26
1579500104.233,0.72,0.6553,0.61,0.8079,26
1579500105.265,0.73,0.6212,0.62,0.8103,26
1579500106.292,0.72,0.6376,0.61,0.8066,26
1579500107.322,0.72,0.6341,0.64,0.8257,26
1579500108.35,0.72,0.6377,0.63,0.8335,26
1579500109.616,0.73,0.6289,0.63,0.8298,26
