1579056716.319,0.24,1.3889,0.23,1.3853,0
1579056717.064,0.24,1.3849,0.23,1.3803,0
1579056717.814,0.25,1.3773,0.35,1.3744,0
1579056718.556,0.34,1.3679,0.34,1.3667,0
1579056719.307,0.31,1.3542,0.35,1.3575,0
1579056720.049,0.31,1.3448,0.36,1.348,0
1579056720.801,0.34,1.3257,0.36,1.3441,0
1579056721.556,0.36,1.3047,0.35,1.3459,0
1579056722.311,0.36,1.3025,0.37,1.3426,0
1579056723.052,0.38,1.2898,0.37,1.3418,0
1579056723.868,0.38,1.2985,0.36,1.3356,0
1579056724.613,0.38,1.2902,0.34,1.3292,0
1579056724.989,0.36,1.3064,0.34,1.3253,0
1579056725.745,0.39,1.2755,0.36,1.3208,1
1579056726.49,0.39,1.2812,0.37,1.3163,1
1579056727.23,0.38,1.2748,0.34,1.307,1
1579056727.991,0.39,1.2691,0.37,1.3025,1
1579056728.739,0.41,1.2523,0.36,1.2995,1
1579056729.487,0.38,1.2656,0.37,1.2949,1
1579056730.227,0.39,1.2512,0.37,1.2891,1
1579056730.987,0.45,1.2328,0.36,1.2806,1
1579056731.731,0.45,1.2399,0.38,1.2816,1
1579056732.475,0.45,1.2291,0.37,1.2628,1
1579056733.231,0.45,1.2349,0.41,1.25,1
1579056733.983,0.44,1.2286,0.4,1.2488,1
1579056734.348,0.43,1.2352,0.37,1.2456,1
1579056735.122,0.45,1.2072,0.38,1.245,2
1579056735.865,0.46,1.218,0.39,1.2545,2
1579056736.609,0.46,1.2156,0.4,1.2268,2
1579056737.359,0.46,1.2084,0.43,1.2173,2
1579056738.108,0.46,1.1989,0.39,1.2284,2
1579056738.872,0.45,1.2154,0.38,1.2379,2
1579056739.618,0.45,1.2058,0.38,1.221,2
1579056740.375,0.48,1.1814,0.4,1.2076,2
1579056741.165,0.47,1.2026,0.4,1.21,2
1579056741.941,0.48,1.1806,0.4,1.196,2
1579056742.725,0.47,1.1958,0.41,1.1916,2
1579056743.528,0.47,1.1961,0.39,1.1912,2
1579056743.896,0.47,1.1895,0.44,1.1913,2
1579056744.649,0.48,1.1715,0.46,1.1858,3
1579056745.399,0.47,1.1828,0.41,1.1825,3
1579056746.146,0.49,1.1705,0.47,1.1726,3
1579056746.902,0.48,1.1741,0.46,1.1602,3
1579056747.647,0.48,1.1584,0.4,1.1626,3
1579056748.395,0.47,1.1826,0.45,1.175,3
1579056749.149,0.48,1.1711,0.44,1.1677,3
1579056749.899,0.5,1.1461,0.46,1.1555,3
1579056750.652,0.49,1.1721,0.4,1.1528,3
1579056751.403,0.49,1.1473,0.47,1.1484,3
1579056752.152,0.48,1.17,0.47,1.144,3
1579056752.897,0.48,1.1723,0.46,1.139,3
1579056753.268,0.49,1.1563,0.48,1.1539,3
1579056754.032,0.49,1.1512,0.45,1.1489,4
1579056754.791,0.49,1.1531,0.46,1.1324,4
1579056755.544,0.49,1.1464,0.49,1.1224,4
1579056756.297,0.49,1.1562,0.49,1.1222,4
1579056757.042,0.49,1.1365,0.44,1.1333,4
1579056757.816,0.49,1.1656,0.45,1.1434,4
1579056758.57,0.49,1.1572,0.46,1.1418,4
1579056759.322,0.51,1.125,0.47,1.1277,4
1579056760.076,0.49,1.1592,0.49,1.1235,4
1579056760.837,0.5,1.1308,0.52,1.1267,4
1579056761.589,0.49,1.1511,0.49,1.1331,4
1579056762.339,0.49,1.1644,0.49,1.1177,4
1579056762.708,0.5,1.1381,0.49,1.1295,4
1579056763.463,0.5,1.1364,0.44,1.1252,5
1579056764.261,0.5,1.1373,0.47,1.1248,5
1579056765.04,0.5,1.1341,0.53,1.113,5
1579056765.794,0.51,1.1394,0.52,1.1054,5
1579056766.542,0.51,1.1191,0.5,1.1143,5
1579056767.289,0.5,1.1528,0.5,1.1182,5
1579056768.046,0.51,1.1376,0.47,1.1239,5
1579056768.798,0.52,1.1121,0.46,1.12,5
1579056769.538,0.5,1.1431,0.47,1.1163,5
1579056770.284,0.51,1.117,0.51,1.1114,5
1579056771.033,0.5,1.1385,0.49,1.1071,5
1579056771.779,0.5,1.1453,0.47,1.1064,5
1579056772.148,0.5,1.1305,0.5,1.1082,5
1579056772.903,0.51,1.1153,0.51,1.1097,6
1579056773.649,0.51,1.1216,0.47,1.1148,6
1579056774.396,0.51,1.1202,0.53,1.0945,6
1579056775.148,0.51,1.1207,0.52,1.088,6
1579056775.909,0.52,1.1078,0.53,1.0977,6
1579056776.663,0.51,1.1356,0.51,1.1114,6
1579056777.405,0.51,1.1266,0.49,1.104,6
1579056778.158,0.53,1.0961,0.48,1.0986,6
1579056778.905,0.51,1.1296,0.51,1.1025,6
1579056779.655,0.52,1.105,0.5,1.097,6
1579056780.424,0.51,1.1199,0.5,1.0913,6
1579056781.175,0.51,1.131,0.52,1.0886,6
1579056781.549,0.5,1.1146,0.5,1.09,6
1579056782.305,0.52,1.0994,0.51,1.0949,7
1579056783.058,0.52,1.1077,0.51,1.1034,7
1579056783.808,0.52,1.1041,0.52,1.0848,7
1579056784.554,0.52,1.1058,0.53,1.0773,7
1579056785.374,0.53,1.0927,0.54,1.0902,7
1579056786.126,0.52,1.1214,0.53,1.1021,7
1579056786.887,0.52,1.1117,0.49,1.0945,7
1579056787.639,0.54,1.0825,0.49,1.0866,7
1579056788.388,0.51,1.1151,0.5,1.0864,7
1579056789.135,0.52,1.0903,0.53,1.0859,7
1579056789.882,0.51,1.1118,0.51,1.09,7
1579056790.638,0.51,1.1214,0.53,1.0786,7
1579056791.013,0.52,1.1,0.49,1.0859,7
1579056791.768,0.53,1.0936,0.51,1.0922,8
1579056792.522,0.53,1.0911,0.52,1.0942,8
1579056793.269,0.53,1.0883,0.53,1.074,8
1579056794.018,0.53,1.0962,0.54,1.0738,8
1579056794.78,0.53,1.0776,0.54,1.0889,8
1579056795.535,0.53,1.1076,0.52,1.0925,8
1579056796.279,0.52,1.0997,0.52,1.0898,8
1579056797.036,0.54,1.0685,0.51,1.0772,8
1579056797.794,0.52,1.1028,0.53,1.0727,8
1579056798.534,0.53,1.077,0.54,1.0778,8
1579056799.288,0.52,1.0957,0.53,1.088,8
1579056800.039,0.52,1.1115,0.52,1.065,8
1579056800.41,0.53,1.0882,0.5,1.0759,8
1579056801.163,0.53,1.0806,0.51,1.0862,9
1579056801.917,0.53,1.0801,0.53,1.0743,9
1579056802.676,0.53,1.0728,0.57,1.0648,9
1579056803.419,0.53,1.0826,0.55,1.0726,9
1579056804.183,0.54,1.0695,0.54,1.0735,9
1579056804.991,0.53,1.0966,0.56,1.0898,9
1579056805.757,0.53,1.0904,0.55,1.0828,9
1579056806.502,0.55,1.0579,0.52,1.0596,9
1579056807.251,0.53,1.0951,0.56,1.0689,9
1579056808.003,0.54,1.0719,0.54,1.0714,9
1579056808.752,0.52,1.0858,0.53,1.0761,9
1579056809.508,0.53,1.0963,0.51,1.0618,9
1579056809.878,0.53,1.0777,0.52,1.0689,9
1579056810.626,0.54,1.0718,0.54,1.0745,10
1579056811.374,0.54,1.0677,0.53,1.0706,10
1579056812.126,0.54,1.0629,0.55,1.0597,10
1579056812.872,0.54,1.0721,0.58,1.0672,10
1579056813.621,0.54,1.0597,0.54,1.072,10
1579056814.367,0.54,1.0875,0.57,1.0879,10
1579056815.126,0.53,1.0823,0.55,1.0711,10
1579056815.879,0.56,1.0463,0.56,1.0511,10
1579056816.633,0.53,1.084,0.58,1.0651,10
1579056817.377,0.54,1.0652,0.53,1.0709,10
1579056818.136,0.53,1.0835,0.54,1.0923,10
1579056818.9,0.52,1.1009,0.52,1.0524,10
1579056819.273,0.54,1.0725,0.54,1.0597,10
1579056820.034,0.55,1.0641,0.56,1.0782,11
1579056820.789,0.55,1.0636,0.52,1.0632,11
1579056821.534,0.54,1.0553,0.58,1.0531,11
1579056822.289,0.54,1.0619,0.59,1.0628,11
1579056823.05,0.55,1.0546,0.55,1.0623,11
1579056823.798,0.55,1.0804,0.57,1.0784,11
1579056824.595,0.54,1.0746,0.56,1.0708,11
1579056825.364,0.56,1.0406,0.55,1.0471,11
1579056826.115,0.54,1.078,0.58,1.0539,11
1579056826.899,0.54,1.0569,0.54,1.0617,11
1579056827.643,0.54,1.0659,0.54,1.0672,11
1579056828.399,0.54,1.0797,0.57,1.0522,11
1579056828.764,0.55,1.0583,0.53,1.0524,11
1579056829.524,0.55,1.0579,0.56,1.0536,12
1579056830.268,0.55,1.0519,0.53,1.0615,12
1579056831.015,0.55,1.0479,0.54,1.0507,12
1579056831.765,0.55,1.0557,0.6,1.0543,12
1579056832.518,0.55,1.0439,0.56,1.0565,12
1579056833.267,0.55,1.072,0.54,1.0655,12
1579056834.017,0.54,1.0667,0.57,1.0646,12
1579056834.778,0.57,1.0335,0.56,1.0409,12
1579056835.53,0.54,1.0692,0.6,1.052,12
1579056836.277,0.55,1.052,0.56,1.056,12
1579056837.022,0.54,1.0635,0.57,1.0715,12
1579056837.778,0.54,1.0792,0.54,1.0431,12
1579056838.146,0.55,1.0525,0.54,1.0488,12
1579056838.903,0.55,1.051,0.57,1.0532,13
1579056839.663,0.55,1.0467,0.53,1.0445,13
1579056840.429,0.55,1.0392,0.58,1.0393,13
1579056841.183,0.55,1.046,0.61,1.0448,13
1579056841.942,0.55,1.0371,0.55,1.0497,13
1579056842.705,0.55,1.0666,0.59,1.0618,13
1579056843.456,0.55,1.0613,0.59,1.0439,13
1579056844.207,0.57,1.0247,0.58,1.0326,13
1579056845.034,0.55,1.0612,0.59,1.0471,13
1579056845.794,0.55,1.0452,0.54,1.0566,13
1579056846.548,0.54,1.0627,0.55,1.0774,13
1579056847.306,0.54,1.0846,0.55,1.0321,13
1579056847.68,0.55,1.0502,0.55,1.0416,13
1579056848.444,0.55,1.0465,0.58,1.0601,14
1579056849.204,0.55,1.0468,0.54,1.0377,14
1579056849.977,0.55,1.0354,0.6,1.0281,14
1579056850.735,0.55,1.0408,0.58,1.0406,14
1579056851.485,0.56,1.0352,0.55,1.0426,14
1579056852.232,0.56,1.0613,0.59,1.0537,14
1579056852.985,0.55,1.0556,0.58,1.0458,14
1579056853.737,0.57,1.0218,0.56,1.0262,14
1579056854.495,0.55,1.0596,0.58,1.0379,14
1579056855.257,0.56,1.0392,0.52,1.051,14
1579056856.014,0.54,1.0486,0.56,1.0506,14
1579056856.786,0.55,1.0617,0.56,1.0327,14
1579056857.149,0.55,1.0388,0.55,1.0352,14
1579056857.899,0.56,1.0427,0.56,1.04,15
1579056858.663,0.56,1.0349,0.56,1.0414,15
1579056859.422,0.55,1.0301,0.56,1.0271,15
1579056860.187,0.56,1.0364,0.59,1.0326,15
1579056860.932,0.56,1.0284,0.59,1.0371,15
1579056861.677,0.56,1.0543,0.56,1.0453,15
1579056862.434,0.56,1.0501,0.57,1.045,15
1579056863.186,0.57,1.0166,0.55,1.0222,15
1579056863.937,0.55,1.053,0.57,1.0333,15
1579056864.686,0.56,1.0347,0.51,1.0455,15
1579056865.438,0.55,1.0437,0.55,1.0542,15
1579056866.18,0.55,1.0603,0.58,1.0255,15
1579056866.548,0.56,1.0332,0.56,1.0321,15
1579056867.35,0.56,1.0378,0.55,1.0333,16
1579056868.094,0.56,1.0296,0.56,1.0326,16
1579056868.838,0.56,1.0241,0.56,1.0211,16
1579056869.589,0.56,1.0296,0.58,1.024,16
1579056870.36,0.56,1.0219,0.57,1.0332,16
1579056871.103,0.56,1.0498,0.56,1.0393,16
1579056871.862,0.56,1.0441,0.57,1.0296,16
1579056872.619,0.58,1.0097,0.55,1.0175,16
1579056873.365,0.56,1.0468,0.57,1.0297,16
1579056874.111,0.56,1.0307,0.52,1.041,16
1579056874.859,0.55,1.0428,0.54,1.0621,16
1579056875.607,0.54,1.0672,0.54,1.0205,16
1579056875.972,0.55,1.0369,0.57,1.036,16
1579056876.724,0.56,1.0366,0.55,1.0341,17
1579056877.463,0.56,1.0254,0.53,1.0285,17
1579056878.213,0.56,1.019,0.57,1.0214,17
1579056878.957,0.56,1.0263,0.57,1.0163,17
1579056879.71,0.57,1.0185,0.56,1.0324,17
1579056880.462,0.56,1.0456,0.55,1.0401,17
1579056881.212,0.56,1.0398,0.54,1.0232,17
1579056881.961,0.58,1.0055,0.56,1.0196,17
1579056882.717,0.56,1.0431,0.53,1.0245,17
1579056883.481,0.56,1.0264,0.52,1.0404,17
1579056884.242,0.55,1.0375,0.54,1.0597,17
1579056885.011,0.55,1.062,0.55,1.0172,17
1579056885.387,0.55,1.0284,0.56,1.0254,17
1579056886.157,0.56,1.0304,0.56,1.031,18
1579056886.94,0.56,1.0209,0.54,1.0224,18
1579056887.682,0.56,1.0163,0.57,1.0154,18
1579056888.422,0.56,1.0218,0.54,1.0122,18
1579056889.161,0.57,1.0147,0.55,1.0226,18
1579056889.913,0.56,1.0422,0.55,1.0384,18
1579056890.712,0.56,1.0364,0.54,1.0187,18
1579056891.462,0.58,1.0012,0.54,1.0135,18
1579056892.22,0.56,1.0388,0.54,1.0229,18
1579056892.995,0.57,1.0241,0.51,1.0391,18
1579056893.738,0.55,1.0373,0.54,1.063,18
1579056894.478,0.55,1.0618,0.55,1.0144,18
1579056894.853,0.56,1.0206,0.54,1.0203,18
1579056895.619,0.56,1.0281,0.58,1.037,19
1579056896.363,0.56,1.0228,0.52,1.02,19
1579056897.117,0.56,1.0134,0.54,1.0114,19
1579056897.864,0.57,1.018,0.55,1.0211,19
1579056898.611,0.57,1.0145,0.52,1.0179,19
1579056899.365,0.56,1.0404,0.53,1.0285,19
1579056900.128,0.56,1.0302,0.54,1.027,19
1579056900.876,0.58,0.9983,0.52,1.009,19
1579056901.639,0.56,1.0367,0.54,1.0196,19
1579056902.394,0.57,1.0216,0.52,1.0317,19
1579056903.143,0.56,1.0254,0.54,1.036,19
1579056903.894,0.56,1.0418,0.53,1.0179,19
1579056904.258,0.56,1.0109,0.54,1.0174,19
1579056905.004,0.56,1.0253,0.55,1.0183,20
1579056905.769,0.56,1.012,0.54,1.0175,20
1579056906.524,0.56,1.0074,0.53,1.0102,20
1579056907.286,0.57,1.015,0.54,1.0159,20
1579056908.036,0.57,1.0083,0.53,1.0164,20
1579056908.786,0.56,1.0346,0.53,1.0209,20
1579056909.541,0.56,1.0258,0.54,1.0222,20
1579056910.286,0.58,0.9936,0.53,1.0073,20
1579056911.042,0.57,1.031,0.54,1.0189,20
1579056911.853,0.57,1.0185,0.53,1.028,20
1579056912.608,0.56,1.0225,0.54,1.0367,20
1579056913.359,0.56,1.0413,0.53,1.0119,20
1579056913.727,0.57,1.0077,0.57,1.0195,20
1579056914.489,0.57,1.0214,0.56,1.0176,21
1579056915.242,0.57,1.0084,0.54,1.0107,21
1579056916.007,0.56,1.003,0.55,1.0062,21
1579056916.788,0.57,1.01,0.54,1.0109,21
1579056917.55,0.57,1.0027,0.53,1.019,21
1579056918.297,0.56,1.0314,0.54,1.0198,21
1579056919.083,0.57,1.0221,0.54,1.0096,21
1579056919.837,0.59,0.9882,0.53,1.0057,21
1579056920.601,0.57,1.0263,0.53,1.0204,21
1579056921.361,0.57,1.0165,0.53,1.026,21
1579056922.122,0.56,1.0242,0.52,1.0522,21
1579056922.886,0.55,1.0569,0.51,1.0073,21
1579056923.254,0.56,1.0167,0.58,1.0271,21
1579056924.015,0.56,1.023,0.56,1.0174,22
1579056924.778,0.57,1.0049,0.54,1.0053,22
1579056925.528,0.56,1.0008,0.56,1.0065,22
1579056926.294,0.57,1.0099,0.54,1.0052,22
1579056927.057,0.58,0.9997,0.54,1.021,22
1579056927.818,0.56,1.0293,0.55,1.0245,22
1579056928.571,0.57,1.0205,0.53,1.0023,22
1579056929.326,0.59,0.9862,0.53,1.0018,22
1579056930.091,0.57,1.0238,0.54,1.0211,22
1579056930.845,0.57,1.0148,0.51,1.0292,22
1579056931.602,0.56,1.0221,0.53,1.032,22
1579056932.35,0.56,1.0398,0.54,1.001,22
1579056932.725,0.56,1.0,0.53,1.0135,22
1579056933.479,0.56,1.0208,0.56,1.0284,23
1579056934.299,0.57,1.011,0.54,1.0,23
1579056935.056,0.56,0.9984,0.55,0.9942,23
1579056935.803,0.57,1.0067,0.54,1.018,23
1579056936.545,0.58,1.0042,0.52,1.0182,23
1579056937.296,0.57,1.0271,0.53,1.0149,23
1579056938.051,0.57,1.017,0.55,1.0168,23
1579056938.798,0.59,0.9877,0.53,0.9987,23
1579056939.543,0.57,1.0223,0.53,1.016,23
1579056940.295,0.57,1.011,0.55,1.0333,23
1579056941.045,0.57,1.0123,0.53,1.0161,23
1579056941.796,0.56,1.0286,0.55,0.9994,23
1579056942.161,0.57,0.9966,0.56,1.0112,23
1579056942.93,0.57,1.0132,0.56,1.0105,24
1579056943.693,0.57,0.9992,0.55,1.0027,24
1579056944.472,0.57,0.9944,0.56,0.9924,24
1579056945.246,0.58,1.0013,0.55,0.9972,24
1579056946.016,0.58,0.995,0.54,1.0174,24
1579056946.804,0.57,1.0221,0.56,1.0132,24
1579056947.564,0.57,1.0123,0.55,1.0016,24
1579056948.329,0.6,0.9792,0.55,1.0011,24
1579056949.083,0.57,1.0191,0.55,1.0165,24
1579056949.833,0.57,1.0087,0.53,1.0287,24
1579056950.585,0.57,1.0105,0.54,1.0253,24
1579056951.346,0.56,1.0315,0.53,0.998,24
1579056951.715,0.57,0.994,0.57,1.0134,24
1579056952.483,0.57,1.0113,0.56,1.0129,25
1579056953.226,0.58,0.9955,0.56,0.9984,25
1579056953.982,0.57,0.9913,0.57,0.9923,25
1579056954.731,0.58,0.9986,0.54,1.0003,25
1579056955.534,0.58,0.9925,0.53,1.0165,25
1579056956.278,0.57,1.0203,0.56,1.0125,25
1579056957.023,0.57,1.0094,0.57,0.9969,25
1579056957.781,0.59,0.9768,0.55,0.9982,25
1579056958.53,0.58,1.0153,0.54,1.018,25
1579056959.289,0.57,1.0065,0.54,1.0248,25
1579056960.031,0.57,1.0088,0.54,1.0231,25
1579056960.788,0.56,1.0313,0.53,0.9943,25
1579056961.159,0.57,0.9911,0.57,1.0135,25
1579056961.917,0.57,1.0094,0.56,1.0126,26
1579056962.675,0.58,0.9926,0.56,0.9938,26
1579056963.421,0.57,0.9895,0.57,0.9908,26
1579056964.17,0.58,0.9962,0.54,0.9996,26
1579056964.929,0.58,0.9895,0.53,1.0179,26
1579056965.681,0.57,1.0183,0.56,1.0116,26
1579056966.426,0.57,1.0065,0.57,0.9925,26
1579056967.172,0.6,0.9743,0.55,0.997,26
1579056967.93,0.58,1.0121,0.55,1.0183,26
1579056968.682,0.58,1.0043,0.53,1.0228,26
1579056969.431,0.57,1.007,0.54,1.0222,26
1579056970.182,0.57,1.0312,0.55,0.9909,26
1579056970.553,0.58,0.9879,0.57,1.0108,26
1579056971.312,0.57,1.0067,0.56,1.0101,27
1579056972.066,0.58,0.9901,0.57,0.9887,27
1579056972.819,0.57,0.9871,0.57,0.9872,27
1579056973.569,0.58,0.994,0.53,0.9959,27
1579056974.317,0.58,0.9868,0.53,1.0147,27
1579056975.094,0.57,1.0158,0.56,1.0107,27
1579056975.851,0.57,1.0037,0.57,0.9901,27
1579056976.598,0.6,0.9721,0.54,0.9966,27
1579056977.397,0.58,1.0091,0.55,1.0197,27
1579056978.15,0.58,1.0023,0.52,1.0235,27
1579056978.921,0.57,1.0058,0.55,1.0232,27
1579056979.671,0.57,1.0295,0.56,0.9897,27
1579056980.038,0.58,0.9829,0.58,1.0089,27
1579056980.806,0.57,1.0048,0.57,1.016,28
1579056981.554,0.58,0.9908,0.58,0.9886,28
1579056982.322,0.57,0.9874,0.58,0.9857,28
1579056983.076,0.58,0.9918,0.54,0.9965,28
1579056983.826,0.59,0.985,0.54,1.012,28
1579056984.575,0.57,1.0155,0.55,1.0131,28
1579056985.329,0.58,1.0027,0.58,0.988,28
1579056986.107,0.6,0.9694,0.55,0.9903,28
1579056986.856,0.58,1.0069,0.54,1.0214,28
1579056987.6,0.58,1.0013,0.52,1.025,28
1579056988.352,0.57,1.0056,0.55,1.0185,28
1579056989.103,0.57,1.0238,0.57,0.9891,28
1579056989.47,0.58,0.9772,0.54,1.0085,28
1579056990.246,0.57,1.0073,0.56,1.0265,29
1579056990.993,0.57,0.9952,0.58,0.9892,29
1579056991.755,0.58,0.9838,0.59,0.9805,29
1579056992.517,0.58,0.99,0.54,1.0093,29
1579056993.273,0.58,0.9907,0.55,1.0104,29
1579056994.019,0.57,1.0124,0.55,1.0049,29
1579056994.768,0.58,0.9987,0.57,1.0058,29
1579056995.528,0.6,0.9716,0.55,0.9875,29
1579056996.283,0.58,1.0063,0.56,1.0098,29
1579056997.03,0.58,0.9965,0.55,1.0298,29
1579056997.779,0.57,0.9967,0.58,1.0069,29
1579056998.538,0.57,1.0124,0.58,0.9891,29
1579056998.903,0.58,0.9732,0.57,1.0005,29
1579056999.716,0.58,0.9992,0.57,1.0041,30
1579057000.471,0.58,0.9814,0.59,0.9974,30
1579057001.226,0.58,0.9795,0.58,0.9817,30
1579057001.983,0.58,0.9856,0.55,0.9885,30
1579057002.743,0.58,0.9813,0.56,1.01,30
1579057003.495,0.57,1.0054,0.56,1.0059,30
1579057004.249,0.58,0.9964,0.57,0.9963,30
1579057005.016,0.6,0.9634,0.54,0.9928,30
1579057005.795,0.58,1.0031,0.55,1.0078,30
1579057006.554,0.58,0.9952,0.54,1.0249,30
1579057007.316,0.58,0.9933,0.56,1.0107,30
1579057008.072,0.57,1.012,0.56,0.9866,30
1579057008.448,0.59,0.9705,0.58,1.0038,30
1579057009.226,0.58,0.9985,0.59,1.0023,31
1579057009.991,0.58,0.9787,0.58,0.9943,31
1579057010.755,0.58,0.9771,0.58,0.9828,31
1579057011.512,0.58,0.9822,0.54,0.9902,31
1579057012.295,0.59,0.979,0.55,1.011,31
1579057013.058,0.57,1.0031,0.56,1.0035,31
1579057013.824,0.58,0.993,0.57,0.9928,31
1579057014.581,0.6,0.961,0.55,0.994,31
1579057015.334,0.58,0.9996,0.56,1.01,31
1579057016.111,0.58,0.9931,0.56,1.0208,31
1579057016.881,0.58,0.9903,0.56,1.0068,31
1579057017.631,0.58,1.0101,0.58,0.9842,31
1579057017.999,0.59,0.9668,0.58,1.0055,31
1579057018.757,0.58,0.9976,0.59,0.9986,32
1579057019.509,0.58,0.9761,0.57,0.9904,32
1579057020.292,0.58,0.9754,0.58,0.9796,32
1579057021.054,0.58,0.98,0.53,0.9923,32
1579057021.831,0.59,0.9764,0.55,1.0114,32
1579057022.588,0.58,1.0012,0.56,0.9981,32
1579057023.396,0.58,0.9901,0.57,0.9916,32
1579057024.149,0.6,0.9591,0.55,0.9935,32
1579057024.899,0.58,0.9954,0.56,1.0146,32
1579057025.646,0.58,0.9912,0.56,1.0184,32
1579057026.401,0.58,0.9869,0.58,1.0016,32
1579057027.155,0.58,1.007,0.58,0.9854,32
1579057027.527,0.59,0.9618,0.57,1.0134,32
1579057028.296,0.57,0.9973,0.58,0.9986,33
1579057029.044,0.59,0.975,0.59,0.9932,33
1579057029.796,0.58,0.9769,0.57,0.9792,33
1579057030.542,0.59,0.9806,0.54,1.0025,33
1579057031.298,0.59,0.9756,0.58,1.0111,33
1579057032.041,0.58,0.9986,0.56,0.9929,33
1579057032.793,0.58,0.9879,0.57,0.9962,33
1579057033.544,0.6,0.959,0.56,0.9909,33
1579057034.295,0.59,0.9924,0.56,1.0186,33
1579057035.062,0.59,0.9891,0.56,1.0128,33
1579057035.817,0.58,0.9841,0.59,0.9991,33
1579057036.568,0.58,1.0046,0.58,0.9873,33
1579057036.937,0.59,0.9561,0.58,1.0136,33
1579057037.711,0.58,0.9942,0.6,0.997,34
1579057038.468,0.59,0.9698,0.6,0.9837,34
1579057039.231,0.58,0.9713,0.57,0.9807,34
1579057039.979,0.59,0.9749,0.55,1.0017,34
1579057040.744,0.59,0.9718,0.57,1.0101,34
1579057041.503,0.58,0.9957,0.56,0.9936,34
1579057042.272,0.58,0.984,0.57,0.9879,34
1579057043.024,0.61,0.9538,0.56,1.0011,34
1579057043.788,0.59,0.9889,0.55,1.0201,34
1579057044.604,0.59,0.9887,0.58,1.011,34
1579057045.354,0.59,0.9807,0.59,0.9954,34
1579057046.11,0.58,1.0021,0.56,0.9892,34
1579057046.492,0.6,0.9522,0.56,1.0263,34
1579057047.24,0.57,0.9979,0.57,0.9946,35
1579057047.981,0.59,0.9785,0.59,1.0173,35
1579057048.734,0.57,0.9956,0.59,0.9856,35
1579057049.478,0.58,0.9881,0.53,1.0143,35
1579057050.241,0.59,0.9736,0.55,1.0148,35
1579057050.992,0.58,0.995,0.57,0.985,35
1579057051.763,0.58,0.9918,0.55,1.0097,35
1579057052.513,0.6,0.9614,0.56,1.0001,35
1579057053.264,0.59,0.9869,0.53,1.0233,35
1579057054.021,0.59,0.9928,0.54,1.0303,35
1579057054.776,0.58,0.9844,0.58,0.9993,35
1579057055.519,0.58,0.9991,0.58,0.9913,35
1579057055.887,0.6,0.9546,0.55,1.0265,35
1579057056.636,0.58,0.9938,0.57,0.9981,36
1579057057.38,0.6,0.9662,0.57,0.9787,36
1579057058.141,0.59,0.9655,0.58,0.9882,36
1579057058.9,0.59,0.9741,0.59,0.9912,36
1579057059.648,0.59,0.9667,0.56,1.0079,36
1579057060.395,0.58,0.9914,0.55,1.0021,36
1579057061.15,0.59,0.9796,0.56,0.984,36
1579057061.895,0.61,0.9506,0.56,0.9978,36
1579057062.639,0.59,0.9845,0.57,1.0232,36
1579057063.39,0.59,0.9832,0.56,1.0151,36
1579057064.142,0.59,0.9832,0.56,1.0205,36
1579057064.903,0.58,1.0058,0.55,0.9928,36
1579057065.27,0.6,0.9442,0.57,1.0139,36
1579057066.031,0.58,0.9909,0.57,1.0195,37
1579057066.857,0.59,0.9719,0.59,0.9772,37
1579057067.602,0.59,0.9653,0.56,0.9786,37
1579057068.351,0.59,0.9699,0.55,1.0239,37
1579057069.103,0.59,0.9733,0.57,0.9995,37
1579057069.861,0.58,0.9915,0.55,0.9876,37
1579057070.608,0.58,0.9775,0.55,0.9992,37
1579057071.365,0.61,0.9491,0.56,0.9968,37
1579057072.13,0.59,0.9831,0.56,1.019,37
1579057072.884,0.59,0.981,0.58,1.0108,37
1579057073.631,0.59,0.9737,0.55,1.0002,37
1579057074.381,0.58,0.9949,0.56,1.0002,37
1579057074.752,0.6,0.9393,0.55,1.0225,37
1579057075.523,0.58,0.9864,0.6,0.9983,38
1579057076.277,0.6,0.9593,0.59,0.9833,38
1579057077.024,0.59,0.9629,0.57,0.9854,38
1579057077.773,0.59,0.9652,0.53,1.008,38
1579057078.524,0.59,0.9642,0.54,1.0085,38
1579057079.279,0.58,0.9859,0.54,0.9862,38
1579057080.022,0.58,0.9764,0.56,0.9912,38
1579057080.768,0.61,0.9436,0.54,1.0085,38
1579057081.535,0.59,0.9806,0.56,1.0219,38
1579057082.284,0.59,0.9802,0.55,1.0078,38
1579057083.036,0.59,0.9709,0.56,1.0072,38
1579057083.786,0.58,0.9951,0.57,1.0021,38
1579057084.152,0.61,0.9369,0.53,1.0312,38
1579057084.909,0.58,0.9866,0.59,0.9946,39
1579057085.669,0.6,0.9574,0.58,0.9837,39
1579057086.422,0.58,0.9613,0.59,0.991,39
1579057087.172,0.59,0.9628,0.53,1.0058,39
1579057087.992,0.59,0.9625,0.54,1.0055,39
1579057088.751,0.58,0.9829,0.55,0.9851,39
1579057089.509,0.58,0.9743,0.56,0.9896,39
1579057090.264,0.62,0.9402,0.56,1.0125,39
1579057091.023,0.59,0.9785,0.56,1.0183,39
1579057091.775,0.59,0.9776,0.56,1.0066,39
1579057092.516,0.6,0.969,0.56,1.0094,39
1579057093.264,0.58,0.9934,0.57,1.0024,39
1579057093.634,0.61,0.9344,0.53,1.0349,39
1579057094.383,0.58,0.9866,0.6,0.9916,40
1579057095.143,0.6,0.9575,0.58,0.9905,40
1579057095.906,0.59,0.9602,0.58,0.9924,40
1579057096.664,0.59,0.9608,0.54,1.0024,40
1579057097.41,0.59,0.9608,0.54,1.0098,40
1579057098.149,0.59,0.9815,0.55,0.9843,40
1579057098.924,0.58,0.9725,0.56,0.9917,40
1579057099.665,0.61,0.9377,0.55,1.0149,40
1579057100.411,0.59,0.977,0.56,1.0191,40
1579057101.167,0.6,0.9772,0.56,1.0102,40
1579057101.919,0.6,0.9666,0.56,1.0059,40
1579057102.673,0.59,0.9895,0.58,1.0017,40
1579057103.042,0.61,0.93,0.54,1.037,40
1579057103.796,0.58,0.9854,0.61,0.9913,41
1579057104.54,0.6,0.9566,0.58,0.9947,41
1579057105.284,0.59,0.9596,0.58,0.9928,41
1579057106.058,0.59,0.9588,0.54,1.0025,41
1579057106.815,0.6,0.9588,0.54,1.0133,41
1579057107.557,0.59,0.9801,0.59,0.9835,41
1579057108.306,0.58,0.971,0.54,0.9916,41
1579057109.067,0.62,0.9355,0.56,1.0139,41
1579057109.866,0.59,0.9749,0.56,1.0188,41
1579057110.609,0.6,0.9756,0.56,1.01,41
1579057111.362,0.6,0.9642,0.57,1.0044,41
1579057112.114,0.59,0.9871,0.58,0.9984,41
1579057112.48,0.62,0.9269,0.54,1.0368,41
1579057113.241,0.58,0.9838,0.6,0.9909,42
1579057113.991,0.6,0.9547,0.6,0.9927,42
1579057114.733,0.59,0.9563,0.57,0.994,42
1579057115.484,0.59,0.9564,0.54,0.9999,42
1579057116.233,0.6,0.9567,0.53,1.0145,42
1579057116.974,0.59,0.9782,0.56,0.9847,42
1579057117.715,0.59,0.9674,0.55,0.9896,42
1579057118.465,0.62,0.9334,0.57,1.0157,42
1579057119.211,0.59,0.974,0.56,1.0164,42
1579057119.954,0.6,0.9742,0.57,1.009,42
1579057120.704,0.6,0.9616,0.56,1.0069,42
1579057121.454,0.59,0.9862,0.58,0.9965,42
1579057121.817,0.62,0.9249,0.53,1.0395,42
1579057122.568,0.58,0.9833,0.62,0.9889,43
1579057123.317,0.6,0.9531,0.6,0.9892,43
1579057124.059,0.59,0.9529,0.57,0.9953,43
1579057124.815,0.59,0.9547,0.56,0.9955,43
1579057125.565,0.6,0.9556,0.53,1.0147,43
1579057126.311,0.59,0.9761,0.54,0.9871,43
1579057127.068,0.59,0.964,0.56,0.9879,43
1579057127.816,0.62,0.9323,0.56,1.0214,43
1579057128.561,0.59,0.9752,0.56,1.0162,43
1579057129.307,0.6,0.9712,0.57,1.0059,43
1579057130.063,0.6,0.9595,0.56,1.0192,43
1579057130.818,0.59,0.9897,0.58,0.9954,43
1579057131.189,0.62,0.9232,0.54,1.0315,43
1579057131.99,0.59,0.9769,0.6,0.9945,44
1579057132.751,0.61,0.9465,0.61,0.9815,44
1579057133.496,0.59,0.9507,0.6,1.0029,44
1579057134.267,0.59,0.9565,0.55,0.9939,44
1579057135.025,0.6,0.9524,0.55,1.0044,44
1579057135.796,0.59,0.971,0.57,0.9999,44
1579057136.544,0.59,0.9637,0.58,0.9839,44
1579057137.293,0.62,0.9331,0.57,1.0141,44
1579057138.059,0.59,0.9698,0.56,1.0227,44
1579057138.816,0.6,0.9658,0.57,1.0059,44
1579057139.561,0.6,0.967,0.54,1.0423,44
1579057140.334,0.58,1.002,0.56,0.9996,44
1579057140.708,0.62,0.915,0.57,1.0242,44
1579057141.455,0.59,0.9768,0.56,1.0319,45
1579057142.199,0.6,0.9625,0.6,0.9803,45
1579057142.958,0.6,0.9517,0.61,0.9891,45
1579057143.702,0.59,0.9538,0.55,1.0352,45
1579057144.443,0.6,0.9608,0.58,0.9931,45
1579057145.203,0.59,0.9716,0.58,0.9823,45
1579057145.956,0.59,0.9617,0.57,1.0148,45
1579057146.7,0.62,0.9334,0.56,1.0014,45
1579057147.443,0.6,0.9649,0.56,1.0143,45
1579057148.204,0.6,0.966,0.55,1.0172,45
1579057148.956,0.6,0.9566,0.56,1.0083,45
1579057149.699,0.59,0.9774,0.57,0.9985,45
1579057150.072,0.62,0.9103,0.55,1.0208,45
1579057150.821,0.59,0.968,0.59,0.9978,46
1579057151.565,0.61,0.9428,0.6,0.9843,46
1579057152.322,0.6,0.9425,0.57,0.9924,46
1579057153.071,0.6,0.9486,0.53,1.0009,46
1579057153.818,0.6,0.9472,0.54,1.0024,46
1579057154.569,0.59,0.9661,0.55,0.9913,46
1579057155.379,0.6,0.9573,0.55,0.9946,46
1579057156.142,0.62,0.9237,0.55,1.011,46
1579057156.916,0.6,0.9634,0.56,1.0221,46
1579057157.665,0.6,0.9619,0.56,1.0057,46
1579057158.42,0.6,0.9549,0.56,1.0236,46
1579057159.178,0.59,0.9813,0.57,1.0072,46
1579057159.546,0.63,0.9041,0.55,1.0258,46
1579057160.313,0.59,0.9688,0.59,1.011,47
1579057161.069,0.6,0.9455,0.58,0.9862,47
1579057161.822,0.6,0.9442,0.54,1.0002,47
1579057162.582,0.6,0.9468,0.56,1.0087,47
1579057163.342,0.6,0.9478,0.56,0.9957,47
1579057164.108,0.59,0.9644,0.56,0.9967,47
1579057164.865,0.6,0.9577,0.56,0.9986,47
1579057165.624,0.62,0.9208,0.56,1.0127,47
1579057166.377,0.6,0.963,0.56,1.0257,47
1579057167.134,0.6,0.9602,0.56,1.0016,47
1579057167.883,0.6,0.9547,0.57,1.0196,47
1579057168.639,0.59,0.9779,0.54,1.0136,47
1579057169.014,0.63,0.8987,0.55,1.0241,47
1579057169.783,0.59,0.9675,0.58,1.0065,48
1579057170.566,0.61,0.9447,0.57,0.9896,48
1579057171.311,0.6,0.9415,0.55,1.0043,48
1579057172.054,0.6,0.9461,0.54,1.0098,48
1579057172.807,0.6,0.9478,0.56,0.995,48
1579057173.559,0.59,0.9625,0.57,0.9978,48
1579057174.306,0.6,0.9566,0.56,1.0041,48
1579057175.062,0.63,0.9202,0.56,1.0169,48
1579057175.815,0.6,0.9623,0.54,1.0298,48
1579057176.618,0.6,0.9592,0.53,1.0026,48
1579057177.365,0.6,0.9515,0.56,1.0163,48
1579057178.116,0.59,0.9737,0.55,1.0216,48
1579057178.488,0.63,0.8958,0.54,1.0271,48
1579057179.236,0.59,0.9649,0.61,1.0028,49
1579057179.991,0.61,0.9416,0.55,0.9942,49
1579057180.759,0.59,0.9392,0.55,1.0079,49
1579057181.498,0.6,0.9454,0.57,1.0142,49
1579057182.241,0.6,0.948,0.57,0.9972,49
1579057182.993,0.6,0.959,0.56,1.0022,49
1579057183.736,0.59,0.9573,0.57,1.0115,49
1579057184.479,0.63,0.9176,0.56,1.0219,49
1579057185.225,0.6,0.9629,0.53,1.0324,49
1579057185.989,0.6,0.9575,0.53,1.0066,49
1579057186.753,0.6,0.9494,0.56,1.0138,49
1579057187.506,0.59,0.9715,0.55,1.0204,49
1579057187.875,0.63,0.8924,0.53,1.039,49
1579057188.622,0.59,0.9649,0.6,1.0001,50
1579057189.366,0.61,0.9373,0.55,0.9955,50
1579057190.116,0.59,0.939,0.55,1.011,50
1579057190.874,0.6,0.9437,0.56,1.0152,50
1579057191.618,0.6,0.9466,0.56,0.9979,50
1579057192.383,0.6,0.9557,0.57,1.0009,50
1579057193.156,0.6,0.9567,0.57,1.0111,50
1579057193.901,0.63,0.9148,0.56,1.0254,50
1579057194.651,0.6,0.9622,0.54,1.0326,50
1579057195.407,0.61,0.9557,0.55,1.0114,50
1579057196.159,0.6,0.947,0.55,1.0122,50
1579057196.907,0.59,0.9708,0.55,1.0148,50
1579057197.272,0.64,0.8885,0.52,1.0479,50
1579057198.035,0.59,0.9661,0.59,0.994,51
1579057198.843,0.61,0.9336,0.54,0.9982,51
1579057199.586,0.59,0.9397,0.54,1.008,51
1579057200.372,0.6,0.9413,0.57,1.0168,51
1579057201.149,0.6,0.9448,0.53,1.0073,51
1579057201.91,0.6,0.9538,0.56,0.999,51
1579057202.66,0.6,0.955,0.55,1.0113,51
1579057203.413,0.63,0.9135,0.55,1.0246,51
1579057204.166,0.6,0.9588,0.54,1.0349,51
1579057204.914,0.61,0.9549,0.55,1.017,51
1579057205.658,0.61,0.9426,0.57,1.0085,51
1579057206.411,0.59,0.9696,0.55,1.0107,51
1579057206.776,0.64,0.8832,0.52,1.0555,51
1579057207.544,0.59,0.9668,0.59,0.9966,52
1579057208.295,0.61,0.9319,0.53,1.0022,52
1579057209.044,0.59,0.9391,0.57,1.0018,52
1579057209.793,0.6,0.9404,0.57,1.0173,52
1579057210.553,0.6,0.9422,0.54,1.0099,52
1579057211.316,0.6,0.9533,0.58,0.9986,52
1579057212.062,0.6,0.9498,0.56,1.015,52
1579057212.815,0.62,0.9142,0.56,1.0158,52
1579057213.562,0.61,0.9536,0.54,1.0378,52
1579057214.309,0.61,0.9533,0.53,1.0183,52
1579057215.072,0.6,0.9396,0.57,1.0103,52
1579057215.83,0.59,0.9683,0.55,1.0047,52
1579057216.199,0.64,0.8813,0.53,1.056,52
1579057216.983,0.59,0.9636,0.6,1.0024,53
1579057217.736,0.61,0.9329,0.54,1.0078,53
1579057218.483,0.6,0.9341,0.58,0.9985,53
1579057219.242,0.6,0.9422,0.56,1.0183,53
1579057220.043,0.6,0.9381,0.55,1.0102,53
1579057220.805,0.6,0.953,0.57,1.0013,53
1579057221.57,0.6,0.9438,0.55,1.0152,53
1579057222.33,0.62,0.9132,0.56,1.007,53
1579057223.076,0.61,0.9501,0.54,1.0372,53
1579057223.826,0.61,0.9502,0.54,1.0174,53
1579057224.571,0.6,0.9389,0.55,1.013,53
1579057225.32,0.6,0.9655,0.59,1.0013,53
1579057225.707,0.63,0.8797,0.53,1.0506,53
1579057226.458,0.6,0.958,0.61,1.0035,54
1579057227.214,0.61,0.9323,0.58,1.0106,54
1579057227.966,0.6,0.9288,0.58,0.998,54
1579057228.724,0.6,0.941,0.56,1.0136,54
1579057229.473,0.6,0.9336,0.56,1.0091,54
1579057230.239,0.6,0.9497,0.57,1.0006,54
1579057230.99,0.6,0.941,0.56,1.0194,54
1579057231.774,0.63,0.9109,0.55,1.0046,54
1579057232.534,0.61,0.9485,0.5,1.0391,54
1579057233.293,0.61,0.9475,0.54,1.0149,54
1579057234.053,0.61,0.939,0.52,1.0245,54
1579057234.801,0.6,0.9657,0.62,1.0008,54
1579057235.164,0.63,0.8774,0.52,1.056,54
1579057235.914,0.59,0.9581,0.63,0.9957,55
1579057236.658,0.61,0.934,0.6,1.0191,55
1579057237.413,0.6,0.9314,0.6,0.9941,55
1579057238.175,0.6,0.941,0.56,1.0071,55
1579057238.919,0.6,0.9321,0.55,1.0152,55
1579057239.665,0.6,0.9468,0.58,0.9971,55
1579057240.419,0.6,0.9439,0.55,1.0312,55
1579057241.176,0.62,0.9137,0.56,1.0083,55
1579057241.995,0.61,0.9476,0.52,1.0363,55
1579057242.753,0.61,0.9454,0.52,1.0236,55
1579057243.516,0.61,0.9349,0.57,1.0008,55
1579057244.27,0.6,0.9589,0.53,1.0196,55
1579057244.652,0.64,0.869,0.53,1.0352,55
1579057245.414,0.6,0.953,0.56,1.0132,56
1579057246.175,0.62,0.9269,0.58,1.0004,56
1579057246.951,0.61,0.9218,0.56,1.0052,56
1579057247.707,0.6,0.9327,0.56,1.0005,56
1579057248.465,0.6,0.929,0.53,1.0145,56
1579057249.217,0.6,0.9428,0.58,1.0028,56
1579057249.966,0.6,0.9381,0.56,1.014,56
1579057250.723,0.63,0.904,0.56,1.0248,56
1579057251.485,0.61,0.9445,0.54,1.0322,56
1579057252.269,0.6,0.9444,0.53,1.0213,56
1579057253.031,0.61,0.9331,0.56,1.0047,56
1579057253.775,0.6,0.9569,0.53,1.0232,56
1579057254.141,0.65,0.8627,0.52,1.0389,56
1579057254.889,0.6,0.9492,0.6,1.0027,57
1579057255.639,0.62,0.9219,0.55,1.0195,57
1579057256.386,0.6,0.923,0.59,0.9961,57
1579057257.135,0.6,0.9338,0.57,1.0277,57
1579057257.877,0.6,0.9353,0.57,1.0031,57
1579057258.652,0.6,0.9437,0.58,1.0179,57
1579057259.417,0.61,0.9401,0.58,1.0046,57
1579057260.187,0.63,0.9017,0.55,1.0353,57
1579057260.94,0.61,0.9454,0.53,1.0267,57
1579057261.72,0.61,0.9414,0.57,1.0074,57
1579057262.499,0.61,0.9309,0.52,1.0175,57
1579057263.251,0.6,0.9558,0.56,1.0136,57
1579057263.622,0.64,0.8628,0.52,1.058,57
1579057264.426,0.6,0.9555,0.6,0.9933,58
1579057265.187,0.61,0.934,0.51,1.0551,58
1579057265.946,0.59,0.9443,0.61,0.9897,58
1579057266.693,0.6,0.9438,0.56,1.0257,58
1579057267.44,0.6,0.9333,0.54,1.024,58
1579057268.205,0.61,0.941,0.58,0.9933,58
1579057268.964,0.6,0.9511,0.55,1.0494,58
1579057269.718,0.61,0.9173,0.56,1.0268,58
1579057270.463,0.61,0.9448,0.52,1.0396,58
1579057271.22,0.6,0.947,0.52,1.0409,58
1579057271.978,0.61,0.9392,0.57,0.9985,58
1579057272.725,0.6,0.956,0.53,1.021,58
1579057273.092,0.65,0.8595,0.52,1.0568,58
1579057273.845,0.6,0.953,0.59,0.9929,59
1579057274.593,0.62,0.9259,0.53,1.0132,59
1579057275.347,0.6,0.9209,0.54,1.0128,59
1579057276.119,0.6,0.9301,0.56,0.9855,59
1579057276.897,0.61,0.9314,0.54,1.0391,59
1579057277.651,0.6,0.9461,0.59,1.0006,59
1579057278.398,0.61,0.9316,0.57,0.995,59
1579057279.17,0.63,0.903,0.55,1.0465,59
1579057279.921,0.61,0.9525,0.54,1.0352,59
1579057280.673,0.61,0.9416,0.55,1.0179,59
1579057281.435,0.61,0.9282,0.53,1.0491,59
1579057282.206,0.59,0.969,0.57,1.0068,59
1579057282.575,0.64,0.8596,0.53,1.0462,59
1579057283.328,0.6,0.9479,0.54,1.0408,60
1579057284.08,0.61,0.9264,0.61,0.99,60
1579057284.832,0.61,0.9169,0.56,1.0038,60
1579057285.577,0.6,0.9291,0.57,1.0233,60
1579057286.33,0.61,0.9225,0.55,0.9922,60
1579057287.074,0.61,0.9374,0.59,0.9954,60
1579057287.887,0.61,0.9284,0.53,1.0218,60
1579057288.632,0.63,0.8969,0.56,1.0042,60
1579057289.387,0.61,0.9388,0.55,1.026,60
1579057290.166,0.61,0.9343,0.52,1.0306,60
1579057290.911,0.61,0.925,0.56,1.0122,60
1579057291.671,0.6,0.9509,0.58,1.007,60
1579057292.036,0.65,0.8516,0.54,1.0509,60
1579057292.8,0.6,0.9444,0.55,1.0186,61
1579057293.552,0.62,0.9146,0.58,1.0015,61
1579057294.301,0.61,0.9119,0.57,1.0106,61
1579057295.048,0.6,0.9254,0.58,1.0081,61
1579057295.796,0.61,0.9168,0.56,1.0076,61
1579057296.549,0.61,0.933,0.59,0.9961,61
1579057297.296,0.61,0.9278,0.56,1.0149,61
1579057298.054,0.63,0.8919,0.56,1.0224,61
1579057298.803,0.61,0.9371,0.54,1.0278,61
1579057299.559,0.61,0.9341,0.51,1.0267,61
1579057300.304,0.61,0.9209,0.55,1.013,61
1579057301.05,0.6,0.9469,0.54,1.0194,61
1579057301.427,0.66,0.8445,0.52,1.048,61
1579057302.178,0.6,0.9399,0.59,1.0132,62
1579057302.94,0.63,0.9106,0.57,1.018,62
1579057303.692,0.61,0.9111,0.57,1.0084,62
1579057304.44,0.61,0.9214,0.57,1.0122,62
1579057305.187,0.61,0.9174,0.55,1.0251,62
1579057305.944,0.61,0.9311,0.59,0.994,62
1579057306.713,0.61,0.931,0.56,1.0235,62
1579057307.456,0.63,0.8904,0.56,1.0399,62
1579057308.207,0.61,0.9362,0.56,1.0207,62
1579057309.014,0.61,0.9319,0.54,1.0217,62
1579057309.767,0.61,0.921,0.55,1.0161,62
1579057310.513,0.61,0.943,0.55,1.0224,62
1579057310.882,0.66,0.84,0.52,1.0439,62
1579057311.626,0.61,0.9377,0.59,1.0096,63
1579057312.392,0.63,0.9087,0.55,1.0269,63
1579057313.171,0.61,0.9111,0.56,1.0055,63
1579057313.924,0.61,0.9223,0.57,1.027,63
1579057314.665,0.61,0.9164,0.57,1.0232,63
1579057315.41,0.61,0.9279,0.59,0.9976,63
1579057316.164,0.61,0.9304,0.56,1.0328,63
1579057316.919,0.63,0.8893,0.57,1.0398,63
1579057317.664,0.61,0.9356,0.56,1.0182,63
1579057318.405,0.61,0.9284,0.57,1.0143,63
1579057319.162,0.62,0.919,0.54,1.0262,63
1579057319.905,0.61,0.9401,0.55,1.0231,63
1579057320.269,0.66,0.8372,0.52,1.0471,63
1579057321.022,0.6,0.9351,0.57,1.0077,64
1579057321.802,0.63,0.9081,0.54,1.0216,64
1579057322.567,0.61,0.9068,0.58,1.0102,64
1579057323.365,0.61,0.9217,0.57,1.024,64
1579057324.139,0.61,0.9142,0.57,1.0244,64
1579057324.901,0.61,0.9264,0.58,1.0046,64
1579057325.65,0.61,0.9266,0.56,1.0341,64
1579057326.407,0.63,0.8879,0.56,1.0435,64
1579057327.17,0.61,0.9336,0.56,1.0193,64
1579057327.933,0.61,0.928,0.58,1.0117,64
1579057328.684,0.62,0.9168,0.55,1.0321,64
1579057329.447,0.61,0.9387,0.55,1.0238,64
1579057329.826,0.66,0.8337,0.53,1.052,64
1579057330.629,0.6,0.9338,0.57,1.006,65
1579057331.445,0.62,0.9101,0.51,1.0356,65
1579057332.19,0.61,0.9086,0.57,1.0074,65
1579057332.942,0.61,0.9281,0.56,1.0439,65
1579057333.699,0.61,0.918,0.6,1.0102,65
1579057334.457,0.61,0.9262,0.57,1.0153,65
1579057335.202,0.61,0.9228,0.56,1.0299,65
1579057335.94,0.64,0.8846,0.55,1.0376,65
1579057336.71,0.61,0.9306,0.56,1.022,65
1579057337.46,0.61,0.9264,0.58,1.007,65
1579057338.21,0.61,0.9166,0.56,1.0453,65
1579057338.979,0.61,0.9418,0.55,1.0189,65
1579057339.35,0.66,0.8353,0.52,1.0617,65
1579057340.099,0.6,0.9357,0.6,1.002,66
1579057340.851,0.62,0.9089,0.55,1.0233,66
1579057341.607,0.61,0.9024,0.57,1.0185,66
1579057342.367,0.61,0.9189,0.56,1.0095,66
1579057343.12,0.61,0.9103,0.56,1.0535,66
1579057343.88,0.61,0.9288,0.59,1.0005,66
1579057344.631,0.61,0.9331,0.55,1.0498,66
1579057345.374,0.63,0.8904,0.55,1.0553,66
1579057346.133,0.61,0.9325,0.56,1.0198,66
1579057346.895,0.61,0.9247,0.57,1.0212,66
1579057347.649,0.62,0.9158,0.54,1.0283,66
1579057348.399,0.61,0.9346,0.55,1.0357,66
1579057348.773,0.67,0.8277,0.54,1.0342,66
1579057349.529,0.61,0.9307,0.53,1.0259,67
1579057350.303,0.63,0.9016,0.54,1.0119,67
1579057351.055,0.61,0.9014,0.58,1.0142,67
1579057351.82,0.61,0.9169,0.55,1.0308,67
1579057352.619,0.62,0.9089,0.59,1.0297,67
1579057353.378,0.62,0.9185,0.58,1.0061,67
1579057354.141,0.61,0.9243,0.57,1.0365,67
1579057354.894,0.64,0.8797,0.55,1.0587,67
1579057355.642,0.61,0.932,0.55,1.0181,67
1579057356.384,0.61,0.9263,0.54,1.0332,67
1579057357.132,0.61,0.9173,0.54,1.0193,67
1579057357.884,0.61,0.9313,0.55,1.0384,67
1579057358.248,0.67,0.8239,0.53,1.0537,67
1579057359.016,0.61,0.9306,0.58,1.0114,68
1579057359.762,0.63,0.9006,0.54,1.0303,68
1579057360.507,0.61,0.9041,0.57,1.0145,68
1579057361.261,0.61,0.9177,0.57,1.0403,68
1579057362.016,0.61,0.9119,0.58,1.0328,68
1579057362.768,0.62,0.9174,0.55,1.015,68
1579057363.515,0.61,0.9244,0.56,1.0343,68
1579057364.289,0.64,0.8773,0.54,1.064,68
1579057365.058,0.61,0.9308,0.56,1.0244,68
1579057365.804,0.62,0.9191,0.57,1.0198,68
1579057366.556,0.62,0.9109,0.57,1.041,68
1579057367.312,0.61,0.9311,0.55,1.0311,68
1579057367.679,0.67,0.8231,0.53,1.0704,68
1579057368.435,0.61,0.9337,0.58,1.0067,69
1579057369.184,0.63,0.9014,0.53,1.0318,69
1579057369.927,0.61,0.9098,0.57,1.0075,69
1579057370.677,0.61,0.9166,0.56,1.0348,69
1579057371.433,0.61,0.912,0.56,1.0355,69
1579057372.199,0.62,0.9139,0.53,1.0082,69
1579057372.945,0.61,0.9269,0.56,1.0396,69
1579057373.692,0.64,0.8785,0.54,1.0588,69
1579057374.51,0.62,0.9293,0.55,1.039,69
1579057375.254,0.62,0.9184,0.58,1.0149,69
1579057376.019,0.62,0.9084,0.54,1.0422,69
1579057376.776,0.61,0.9329,0.55,1.0347,69
1579057377.148,0.67,0.8166,0.53,1.0541,69
1579057377.901,0.61,0.9326,0.56,1.027,70
1579057378.652,0.63,0.8925,0.54,1.0147,70
1579057379.405,0.61,0.9069,0.57,1.0088,70
1579057380.17,0.61,0.9109,0.55,1.0295,70
1579057380.919,0.62,0.9115,0.52,1.0608,70
1579057381.687,0.62,0.9197,0.61,0.996,70
1579057382.445,0.61,0.9289,0.58,1.0381,70
1579057383.191,0.64,0.8766,0.55,1.0616,70
1579057383.938,0.61,0.9233,0.58,1.0319,70
1579057384.73,0.62,0.9291,0.54,1.0559,70
1579057385.497,0.62,0.9124,0.55,1.0211,70
1579057386.251,0.61,0.9396,0.56,1.0368,70
1579057386.623,0.68,0.8155,0.52,1.0684,70
1579057387.39,0.61,0.9348,0.56,1.0188,71
1579057388.146,0.63,0.8953,0.53,1.0252,71
1579057388.91,0.61,0.9046,0.58,1.0035,71
1579057389.676,0.61,0.916,0.58,1.0246,71
1579057390.432,0.62,0.9034,0.55,1.0489,71
1579057391.183,0.62,0.9168,0.57,1.0023,71
1579057391.939,0.62,0.9085,0.55,1.021,71
1579057392.705,0.64,0.8806,0.56,1.0355,71
1579057393.445,0.62,0.9148,0.55,1.0396,71
1579057394.193,0.62,0.92,0.55,1.0241,71
1579057394.996,0.62,0.903,0.54,1.0394,71
1579057395.742,0.61,0.9285,0.54,1.034,71
1579057396.108,0.66,0.8152,0.52,1.06,71
1579057396.954,0.61,0.9253,0.54,1.0359,72
1579057397.707,0.63,0.8993,0.57,1.0273,72
1579057398.453,0.62,0.8917,0.62,0.9949,72
1579057399.215,0.61,0.9151,0.58,1.013,72
1579057399.969,0.62,0.8921,0.54,1.0505,72
1579057400.715,0.62,0.9148,0.57,0.9951,72
1579057401.471,0.62,0.909,0.55,1.0369,72
1579057402.251,0.64,0.8758,0.57,1.0305,72
1579057403.01,0.62,0.9118,0.57,1.0293,72
1579057403.762,0.62,0.9156,0.56,1.0459,72
1579057404.518,0.63,0.902,0.57,1.0277,72
1579057405.291,0.61,0.9222,0.54,1.0407,72
1579057405.679,0.67,0.8106,0.55,1.0627,72
1579057406.44,0.61,0.9188,0.57,1.0321,73
1579057407.199,0.63,0.8934,0.57,1.0277,73
1579057407.947,0.63,0.8857,0.6,1.0047,73
1579057408.702,0.61,0.9086,0.58,1.0104,73
1579057409.461,0.63,0.8908,0.54,1.0556,73
1579057410.236,0.62,0.911,0.6,0.9983,73
1579057410.985,0.63,0.9066,0.57,1.0282,73
1579057411.754,0.64,0.8692,0.55,1.0412,73
1579057412.513,0.62,0.911,0.59,1.02,73
1579057413.273,0.62,0.9189,0.56,1.059,73
1579057414.028,0.62,0.9068,0.58,1.0205,73
1579057414.778,0.61,0.9298,0.55,1.0679,73
1579057415.155,0.67,0.8179,0.59,1.0632,73
1579057415.904,0.61,0.9332,0.56,1.0555,74
1579057416.651,0.63,0.9018,0.59,1.0171,74
1579057417.408,0.63,0.8889,0.61,1.0187,74
1579057418.162,0.61,0.9049,0.59,1.0153,74
1579057418.911,0.63,0.8899,0.55,1.0478,74
1579057419.661,0.62,0.9071,0.58,1.0136,74
1579057420.471,0.63,0.903,0.59,1.0105,74
1579057421.221,0.64,0.868,0.56,1.0533,74
1579057421.971,0.62,0.9143,0.6,1.0145,74
1579057422.727,0.62,0.9165,0.57,1.0312,74
1579057423.489,0.63,0.8964,0.57,1.034,74
1579057424.237,0.62,0.9188,0.58,1.0282,74
1579057424.615,0.67,0.8015,0.55,1.0869,74
1579057425.377,0.61,0.9243,0.58,1.0235,75
1579057426.127,0.63,0.9008,0.55,1.0637,75
1579057426.9,0.61,0.9053,0.59,1.0048,75
1579057427.656,0.61,0.9138,0.6,1.0279,75
1579057428.401,0.63,0.8892,0.55,1.0543,75
1579057429.145,0.63,0.9053,0.59,0.9967,75
1579057429.9,0.63,0.9106,0.59,1.0427,75
1579057430.654,0.64,0.8725,0.56,1.0369,75
1579057431.406,0.62,0.9078,0.56,1.0238,75
1579057432.17,0.62,0.909,0.55,1.0278,75
1579057432.93,0.63,0.8939,0.56,1.031,75
1579057433.682,0.62,0.9161,0.57,1.0336,75
1579057434.05,0.68,0.7951,0.55,1.0655,75
1579057434.809,0.61,0.9154,0.59,1.0249,76
1579057435.569,0.64,0.8865,0.57,1.0361,76
1579057436.318,0.62,0.8884,0.6,1.0051,76
1579057437.077,0.61,0.9008,0.58,1.0257,76
1579057437.832,0.63,0.8867,0.55,1.0626,76
1579057438.589,0.63,0.9028,0.59,0.9978,76
1579057439.339,0.62,0.908,0.58,1.0412,76
1579057440.103,0.64,0.8634,0.57,1.045,76
1579057440.864,0.62,0.9068,0.57,1.0213,76
1579057441.686,0.62,0.9116,0.57,1.0441,76
1579057442.439,0.63,0.8937,0.57,1.0314,76
1579057443.195,0.62,0.9139,0.57,1.0463,76
1579057443.563,0.68,0.7904,0.53,1.0883,76
1579057444.317,0.61,0.9169,0.57,1.0228,77
1579057445.07,0.64,0.8876,0.52,1.0545,77
1579057445.832,0.62,0.8921,0.59,1.0106,77
1579057446.578,0.62,0.8997,0.58,1.0264,77
1579057447.333,0.63,0.8868,0.56,1.0774,77
1579057448.098,0.63,0.9019,0.61,0.9962,77
1579057448.862,0.62,0.9105,0.58,1.036,77
1579057449.613,0.64,0.8595,0.55,1.0673,77
1579057450.387,0.62,0.9092,0.57,1.0128,77
1579057451.164,0.62,0.9151,0.57,1.0486,77
1579057451.918,0.63,0.8925,0.55,1.04,77
1579057452.67,0.62,0.9128,0.57,1.0318,77
1579057453.049,0.68,0.79,0.54,1.1077,77
1579057453.811,0.61,0.9196,0.57,1.018,78
1579057454.557,0.64,0.8856,0.53,1.0381,78
1579057455.318,0.62,0.8869,0.58,1.0364,78
1579057456.083,0.62,0.8975,0.55,1.0116,78
1579057456.864,0.62,0.895,0.55,1.0875,78
1579057457.611,0.63,0.9038,0.6,1.0077,78
1579057458.369,0.62,0.9035,0.57,1.0141,78
1579057459.134,0.64,0.8589,0.53,1.1016,78
1579057459.887,0.61,0.9182,0.58,1.0184,78
1579057460.651,0.62,0.9172,0.58,1.0253,78
1579057461.413,0.63,0.8925,0.53,1.0743,78
1579057462.171,0.61,0.9198,0.59,1.0231,78
1579057462.544,0.67,0.7912,0.52,1.0801,78
1579057463.292,0.61,0.9167,0.52,1.0664,79
1579057464.101,0.63,0.8835,0.61,1.0186,79
1579057464.856,0.62,0.886,0.6,1.0279,79
1579057465.611,0.62,0.8942,0.55,1.0481,79
1579057466.368,0.62,0.8912,0.59,1.0374,79
1579057467.115,0.63,0.8992,0.55,1.0278,79
1579057467.869,0.63,0.8976,0.58,1.0242,79
1579057468.621,0.65,0.8577,0.59,1.0503,79
1579057469.37,0.62,0.9171,0.56,1.0737,79
1579057470.137,0.62,0.9184,0.58,1.016,79
1579057470.893,0.63,0.8879,0.59,1.0412,79
1579057471.659,0.61,0.9177,0.56,1.0632,79
1579057472.024,0.68,0.7917,0.55,1.0631,79
1579057472.79,0.61,0.9182,0.57,1.0451,80
1579057473.537,0.64,0.8748,0.55,1.0425,80
1579057474.297,0.63,0.8846,0.58,1.0174,80
1579057475.049,0.62,0.903,0.57,1.0205,80
1579057475.8,0.62,0.8911,0.56,1.0753,80
1579057476.566,0.63,0.8985,0.6,1.0005,80
1579057477.317,0.63,0.9015,0.58,1.0146,80
1579057478.073,0.64,0.8677,0.52,1.0993,80
1579057478.826,0.62,0.9235,0.58,1.0117,80
1579057479.579,0.62,0.9072,0.57,1.0295,80
1579057480.329,0.62,0.8916,0.54,1.1081,80
1579057481.087,0.6,0.9471,0.59,1.0126,80
1579057481.461,0.68,0.7903,0.56,1.0785,80
1579057482.209,0.61,0.9232,0.54,1.1061,81
1579057482.964,0.62,0.906,0.63,1.0038,81
1579057483.721,0.63,0.8808,0.58,1.0182,81
1579057484.472,0.61,0.9105,0.57,1.0873,81
1579057485.296,0.62,0.9056,0.58,1.0141,81
1579057486.079,0.63,0.8934,0.59,1.0197,81
1579057486.868,0.63,0.9031,0.51,1.0529,81
1579057487.621,0.65,0.8691,0.59,1.0163,81
1579057488.369,0.63,0.9035,0.56,1.0484,81
1579057489.144,0.62,0.9102,0.56,1.0321,81
1579057489.893,0.63,0.8852,0.62,1.0273,81
1579057490.649,0.61,0.9189,0.56,1.0441,81
1579057491.029,0.68,0.7816,0.57,1.0659,81
1579057491.782,0.62,0.9086,0.55,1.0563,82
1579057492.543,0.63,0.8857,0.57,1.0534,82
1579057493.318,0.63,0.873,0.58,1.0211,82
1579057494.069,0.62,0.8993,0.6,1.0129,82
1579057494.819,0.63,0.8806,0.56,1.0544,82
1579057495.573,0.63,0.8936,0.58,1.0097,82
1579057496.324,0.64,0.8881,0.57,1.009,82
1579057497.068,0.65,0.8569,0.58,1.0571,82
1579057497.823,0.63,0.9034,0.58,1.0401,82
1579057498.575,0.63,0.8973,0.59,1.0088,82
1579057499.329,0.63,0.8883,0.59,1.0715,82
1579057500.089,0.61,0.923,0.6,1.0386,82
1579057500.462,0.69,0.7738,0.58,1.0544,82
1579057501.213,0.62,0.9143,0.55,1.0848,83
1579057501.967,0.63,0.8849,0.57,1.0426,83
1579057502.719,0.63,0.8703,0.6,1.0146,83
1579057503.467,0.62,0.9034,0.6,1.0393,83
1579057504.215,0.63,0.8792,0.58,1.0446,83
1579057504.97,0.64,0.8884,0.58,1.0076,83
1579057505.721,0.63,0.8923,0.57,1.0272,83
1579057506.478,0.65,0.8523,0.57,1.0475,83
1579057507.288,0.63,0.9018,0.57,1.031,83
1579057508.042,0.63,0.8968,0.58,1.0146,83
1579057508.8,0.63,0.8835,0.59,1.0568,83
1579057509.552,0.61,0.9189,0.61,1.0402,83
1579057509.922,0.7,0.7687,0.56,1.0699,83
1579057510.698,0.62,0.9177,0.56,1.0721,84
1579057511.467,0.64,0.8809,0.57,1.0502,84
1579057512.22,0.63,0.8718,0.59,1.0191,84
1579057512.978,0.62,0.904,0.58,1.0338,84
1579057513.757,0.63,0.8753,0.57,1.0585,84
1579057514.529,0.63,0.8901,0.55,1.0099,84
1579057515.294,0.63,0.89,0.58,1.0272,84
1579057516.045,0.65,0.8508,0.58,1.0696,84
1579057516.858,0.63,0.9063,0.59,1.0263,84
1579057517.613,0.63,0.8921,0.58,1.0203,84
1579057518.359,0.62,0.891,0.61,1.0751,84
1579057519.146,0.61,0.9247,0.6,1.042,84
1579057519.517,0.7,0.7683,0.53,1.0914,84
1579057520.28,0.61,0.9354,0.55,1.0764,85
1579057521.043,0.64,0.8775,0.58,1.061,85
1579057521.798,0.62,0.8843,0.59,1.026,85
1579057522.545,0.62,0.9037,0.56,1.0264,85
1579057523.298,0.63,0.874,0.58,1.0704,85
1579057524.062,0.63,0.9008,0.58,1.0204,85
1579057524.815,0.64,0.8821,0.55,1.0336,85
1579057525.565,0.64,0.873,0.57,1.0652,85
1579057526.314,0.63,0.906,0.58,1.0428,85
1579057527.071,0.63,0.9012,0.58,1.0319,85
1579057527.818,0.62,0.9196,0.6,1.0473,85
1579057528.563,0.61,0.9059,0.59,1.0833,85
1579057528.937,0.68,0.8022,0.57,1.051,85
1579057529.741,0.62,0.9071,0.56,1.0725,86
1579057530.494,0.63,0.8961,0.55,1.0857,86
1579057531.249,0.62,0.8928,0.62,1.0301,86
1579057531.994,0.62,0.9037,0.59,1.0201,86
1579057532.744,0.62,0.9015,0.59,1.051,86
1579057533.489,0.63,0.8943,0.57,1.0496,86
1579057534.24,0.63,0.9119,0.61,1.0239,86
1579057534.988,0.65,0.8537,0.56,1.0746,86
1579057535.741,0.62,0.9201,0.56,1.0595,86
1579057536.486,0.63,0.8905,0.61,1.009,86
1579057537.239,0.63,0.8871,0.6,1.0352,86
1579057537.991,0.62,0.9047,0.53,1.0725,86
1579057538.357,0.69,0.7761,0.58,1.0331,86
1579057539.11,0.63,0.8953,0.56,1.0475,87
1579057539.855,0.64,0.8718,0.53,1.0985,87
1579057540.602,0.63,0.8791,0.61,1.0207,87
1579057541.354,0.62,0.8832,0.6,1.0003,87
1579057542.1,0.63,0.8753,0.59,1.0769,87
1579057542.846,0.63,0.8949,0.59,1.0197,87
1579057543.603,0.64,0.8774,0.58,1.0025,87
1579057544.351,0.65,0.8572,0.55,1.0818,87
1579057545.116,0.63,0.8986,0.57,1.0854,87
1579057545.864,0.63,0.8935,0.57,1.0041,87
1579057546.629,0.63,0.8905,0.59,1.0479,87
1579057547.39,0.62,0.9028,0.55,1.1032,87
1579057547.754,0.69,0.7817,0.59,1.0316,87
1579057548.517,0.62,0.9004,0.56,1.0609,88
1579057549.276,0.64,0.8761,0.53,1.1374,88
1579057550.015,0.62,0.8911,0.6,1.0237,88
1579057550.777,0.63,0.8878,0.6,0.9988,88
1579057551.539,0.63,0.8849,0.59,1.0785,88
1579057552.306,0.63,0.8998,0.61,1.0324,88
1579057553.111,0.64,0.8875,0.6,0.9937,88
1579057553.872,0.64,0.8587,0.56,1.0667,88
1579057554.633,0.63,0.9016,0.53,1.1229,88
1579057555.383,0.62,0.9053,0.57,1.0026,88
1579057556.146,0.63,0.8807,0.59,1.0162,88
1579057556.915,0.62,0.9028,0.52,1.1171,88
1579057557.283,0.69,0.7816,0.57,1.0465,88
1579057558.066,0.63,0.8867,0.59,1.0287,89
1579057558.824,0.64,0.8811,0.55,1.1076,89
1579057559.568,0.63,0.878,0.56,1.0927,89
1579057560.342,0.62,0.8903,0.57,0.993,89
1579057561.097,0.62,0.8862,0.59,1.0163,89
1579057561.867,0.63,0.8819,0.6,1.0855,89
1579057562.615,0.62,0.902,0.58,0.9881,89
1579057563.369,0.65,0.8458,0.56,1.0048,89
1579057564.129,0.63,0.9058,0.52,1.1453,89
1579057564.888,0.62,0.911,0.59,1.0585,89
1579057565.644,0.64,0.8697,0.59,1.002,89
1579057566.402,0.62,0.9131,0.59,1.0531,89
1579057566.779,0.7,0.7663,0.52,1.1284,89
1579057567.542,0.62,0.9062,0.59,1.0356,90
1579057568.317,0.64,0.8745,0.59,1.0323,90
1579057569.083,0.63,0.8813,0.55,1.1171,90
1579057569.837,0.62,0.9001,0.57,1.0523,90
1579057570.597,0.63,0.8695,0.58,0.9958,90
1579057571.348,0.63,0.8868,0.62,1.0308,90
1579057572.111,0.64,0.8865,0.58,1.0309,90
1579057572.866,0.66,0.842,0.59,1.0049,90
1579057573.622,0.64,0.8968,0.6,1.041,90
1579057574.424,0.63,0.8869,0.56,1.0726,90
1579057575.197,0.64,0.8729,0.56,1.0254,90
1579057575.957,0.62,0.8956,0.62,1.0231,90
1579057576.327,0.71,0.7587,0.56,1.0811,90
1579057577.11,0.63,0.8909,0.61,1.0519,91
1579057577.865,0.65,0.8585,0.59,1.0377,91
1579057578.641,0.63,0.8658,0.58,1.0649,91
1579057579.407,0.62,0.8813,0.57,1.0546,91
1579057580.179,0.63,0.8624,0.59,1.0214,91
1579057580.928,0.64,0.8741,0.63,1.0157,91
1579057581.677,0.64,0.8756,0.59,1.0102,91
1579057582.438,0.66,0.8361,0.59,1.0234,91
1579057583.19,0.64,0.8849,0.6,1.0669,91
1579057583.938,0.64,0.8845,0.59,1.0426,91
1579057584.688,0.64,0.8647,0.59,1.0336,91
1579057585.449,0.62,0.892,0.61,1.0619,91
1579057585.813,0.7,0.7499,0.58,1.0671,91
1579057586.576,0.63,0.8838,0.6,1.0359,92
1579057587.329,0.65,0.8576,0.6,1.0609,92
1579057588.078,0.63,0.8632,0.61,1.0672,92
1579057588.831,0.63,0.8756,0.6,1.0198,92
1579057589.587,0.63,0.8673,0.61,1.0282,92
1579057590.356,0.64,0.8683,0.63,1.035,92
1579057591.102,0.64,0.8783,0.59,0.991,92
1579057591.866,0.65,0.8359,0.59,1.028,92
1579057592.621,0.64,0.8823,0.55,1.0925,92
1579057593.372,0.64,0.8893,0.58,1.0229,92
1579057594.117,0.64,0.8685,0.58,1.029,92
1579057594.864,0.62,0.8885,0.59,1.0996,92
1579057595.229,0.7,0.7546,0.61,1.0537,92
1579057595.978,0.63,0.8803,0.59,1.0341,93
1579057596.778,0.64,0.8603,0.55,1.0915,93
1579057597.52,0.63,0.8663,0.59,1.0679,93
1579057598.275,0.63,0.8738,0.6,1.0102,93
1579057599.019,0.63,0.8741,0.61,1.0387,93
1579057599.77,0.64,0.8698,0.63,1.0498,93
1579057600.519,0.64,0.8789,0.57,0.9912,93
1579057601.269,0.65,0.8416,0.59,1.0272,93
1579057602.01,0.64,0.8808,0.54,1.1047,93
1579057602.767,0.63,0.8963,0.59,1.014,93
1579057603.521,0.63,0.8697,0.58,1.0169,93
1579057604.267,0.62,0.8888,0.58,1.1087,93
1579057604.656,0.7,0.7585,0.63,1.0527,93
1579057605.412,0.63,0.8763,0.58,1.032,94
1579057606.161,0.64,0.8669,0.56,1.0921,94
1579057606.951,0.63,0.8639,0.6,1.0891,94
1579057607.706,0.63,0.8784,0.6,1.0061,94
1579057608.46,0.63,0.879,0.63,1.0215,94
1579057609.206,0.64,0.867,0.6,1.0791,94
1579057609.962,0.64,0.8871,0.58,0.9967,94
1579057610.713,0.65,0.8363,0.57,1.0125,94
1579057611.463,0.64,0.8873,0.53,1.116,94
1579057612.246,0.63,0.8993,0.6,1.0297,94
1579057613.001,0.64,0.8598,0.57,1.0073,94
1579057613.747,0.62,0.8976,0.61,1.081,94
1579057614.115,0.71,0.7473,0.55,1.0907,94
1579057614.874,0.63,0.8804,0.56,1.0322,95
1579057615.62,0.64,0.8697,0.62,1.0487,95
1579057616.374,0.64,0.8551,0.52,1.1358,95
1579057617.126,0.62,0.8947,0.59,1.0119,95
1579057617.928,0.64,0.8628,0.6,0.9937,95
1579057618.679,0.64,0.8748,0.59,1.0762,95
1579057619.43,0.64,0.8843,0.58,1.0287,95
1579057620.201,0.66,0.8281,0.57,1.0096,95
1579057620.945,0.63,0.898,0.56,1.0692,95
1579057621.706,0.64,0.8791,0.55,1.0847,95
1579057622.462,0.64,0.8652,0.58,1.0125,95
1579057623.211,0.63,0.8914,0.6,1.033,95
1579057623.578,0.7,0.7405,0.52,1.1206,95
1579057624.33,0.62,0.8905,0.59,1.038,96
1579057625.083,0.65,0.8479,0.6,1.0324,96
1579057625.828,0.64,0.863,0.57,1.1011,96
1579057626.578,0.63,0.8775,0.56,1.0584,96
1579057627.33,0.64,0.8542,0.61,0.9989,96
1579057628.08,0.64,0.8738,0.63,1.0203,96
1579057628.825,0.64,0.8649,0.58,1.0589,96
1579057629.576,0.65,0.8332,0.59,1.0265,96
1579057630.327,0.64,0.8791,0.55,1.0439,96
1579057631.087,0.64,0.8756,0.56,1.076,96
1579057631.831,0.64,0.8599,0.58,1.0419,96
1579057632.581,0.62,0.8817,0.61,1.0379,96
1579057632.949,0.71,0.7353,0.6,1.0824,96
1579057633.729,0.63,0.8743,0.59,1.054,97
1579057634.501,0.65,0.8433,0.61,1.0505,97
1579057635.261,0.65,0.8511,0.56,1.0817,97
1579057636.013,0.63,0.869,0.57,1.0511,97
1579057636.795,0.64,0.8501,0.61,1.0158,97
1579057637.555,0.64,0.863,0.59,1.0218,97
1579057638.325,0.65,0.861,0.58,1.0399,97
1579057639.095,0.66,0.8255,0.59,1.0402,97
1579057639.936,0.64,0.8719,0.56,1.0592,97
1579057640.707,0.64,0.8746,0.59,1.0601,97
1579057641.496,0.64,0.8529,0.6,1.0517,97
1579057642.283,0.63,0.8796,0.61,1.0607,97
1579057642.67,0.72,0.7284,0.59,1.0734,97
1579057643.455,0.63,0.8693,0.59,1.0479,98
1579057644.206,0.65,0.8428,0.61,1.0684,98
1579057644.97,0.65,0.8445,0.57,1.0852,98
1579057645.732,0.64,0.8674,0.58,1.0283,98
1579057646.487,0.64,0.8492,0.61,1.0316,98
1579057647.242,0.65,0.8591,0.6,1.0427,98
1579057648.003,0.65,0.8597,0.58,1.0255,98
1579057648.756,0.66,0.8242,0.61,1.0479,98
1579057649.52,0.64,0.8676,0.56,1.0766,98
1579057650.292,0.64,0.8756,0.58,1.042,98
1579057651.053,0.65,0.8532,0.59,1.0529,98
1579057651.825,0.63,0.8776,0.57,1.085,98
1579057652.202,0.71,0.7289,0.6,1.0607,98
1579057652.964,0.64,0.8672,0.6,1.0521,99
1579057653.719,0.65,0.8427,0.57,1.0932,99
1579057654.477,0.65,0.8475,0.58,1.0625,99
1579057655.241,0.64,0.8627,0.59,1.0213,99
1579057655.987,0.64,0.8508,0.6,1.0517,99
1579057656.735,0.65,0.8574,0.6,1.0367,99
1579057657.484,0.65,0.8566,0.57,1.0228,99
1579057658.241,0.65,0.8267,0.6,1.061,99
1579057658.987,0.64,0.8655,0.55,1.0712,99
1579057659.75,0.64,0.8728,0.58,1.0328,99
1579057660.496,0.65,0.8552,0.59,1.0616,99
1579057661.251,0.63,0.8776,0.56,1.0909,99
1579057661.616,0.72,0.7237,0.58,1.0568,99
