1580008537.434,0.24,1.3862,0.21,1.3862,0
1580008537.629,0.24,1.3869,0.21,1.3861,0
1580008537.799,0.23,1.3868,0.21,1.3861,0
1580008537.971,0.26,1.3859,0.23,1.3863,0
1580008538.142,0.23,1.3861,0.26,1.3862,0
1580008538.311,0.23,1.3863,0.21,1.3862,0
1580008538.478,0.26,1.3858,0.21,1.3861,0
1580008538.657,0.23,1.3863,0.21,1.3858,0
1580008538.823,0.24,1.3855,0.34,1.3849,0
1580008539.007,0.3,1.385,0.3,1.3837,0
1580008539.188,0.26,1.3842,0.3,1.3818,0
1580008539.355,0.26,1.3832,0.3,1.3799,0
1580008539.522,0.25,1.3825,0.3,1.3788,0
1580008539.689,0.25,1.3809,0.3,1.3778,0
1580008539.839,0.26,1.3767,0.3,1.3756,0
1580008540.014,0.27,1.3735,0.36,1.3724,1
1580008540.183,0.32,1.3697,0.33,1.37,1
1580008540.352,0.37,1.3642,0.31,1.3697,1
1580008540.518,0.34,1.3601,0.34,1.3564,1
1580008540.686,0.36,1.3539,0.34,1.3501,1
1580008540.856,0.36,1.3457,0.38,1.3401,1
1580008541.032,0.43,1.3339,0.32,1.3439,1
1580008541.201,0.43,1.3111,0.3,1.3334,1
1580008541.369,0.46,1.2985,0.38,1.3035,1
1580008541.539,0.47,1.2928,0.37,1.2915,1
1580008541.712,0.49,1.2816,0.42,1.2993,1
1580008541.879,0.47,1.2656,0.42,1.3003,1
1580008542.051,0.46,1.2692,0.48,1.2595,1
1580008542.227,0.49,1.2449,0.46,1.2573,1
1580008542.379,0.51,1.2238,0.42,1.2686,1
1580008542.547,0.49,1.2368,0.41,1.2874,2
1580008542.717,0.5,1.227,0.41,1.2682,2
1580008542.885,0.53,1.2136,0.45,1.2455,2
1580008543.06,0.52,1.2081,0.49,1.2325,2
1580008543.231,0.49,1.2364,0.47,1.2282,2
1580008543.404,0.53,1.2053,0.46,1.2342,2
1580008543.574,0.52,1.2097,0.47,1.2332,2
1580008543.742,0.55,1.1797,0.47,1.2398,2
1580008543.909,0.56,1.1758,0.46,1.2411,2
1580008544.089,0.53,1.2004,0.48,1.233,2
1580008544.258,0.54,1.1981,0.48,1.235,2
1580008544.43,0.54,1.1949,0.52,1.2048,2
1580008544.604,0.52,1.2155,0.55,1.195,2
1580008544.774,0.53,1.1992,0.54,1.2003,2
1580008544.925,0.55,1.174,0.52,1.2079,2
1580008545.101,0.53,1.2058,0.5,1.2303,3
1580008545.271,0.55,1.189,0.51,1.2248,3
1580008545.441,0.56,1.1784,0.5,1.2169,3
1580008545.609,0.55,1.1864,0.51,1.2119,3
1580008545.778,0.51,1.2163,0.54,1.2018,3
1580008545.946,0.53,1.1974,0.52,1.196,3
1580008546.122,0.55,1.1848,0.5,1.1968,3
1580008546.291,0.56,1.1703,0.51,1.2004,3
1580008546.46,0.57,1.1663,0.54,1.1994,3
1580008546.629,0.55,1.1786,0.51,1.212,3
1580008546.801,0.54,1.196,0.54,1.1975,3
1580008546.969,0.55,1.1811,0.52,1.2077,3
1580008547.144,0.53,1.2056,0.53,1.2031,3
1580008547.313,0.53,1.1943,0.54,1.1866,3
1580008547.467,0.58,1.1504,0.54,1.1861,3
1580008547.643,0.54,1.195,0.54,1.188,4
1580008547.814,0.55,1.1845,0.54,1.1865,4
1580008547.984,0.56,1.1717,0.5,1.2169,4
1580008548.157,0.54,1.1941,0.49,1.2199,4
1580008548.326,0.53,1.2119,0.53,1.1915,4
1580008548.494,0.55,1.1805,0.55,1.1905,4
1580008548.665,0.56,1.1793,0.56,1.1947,4
1580008548.835,0.56,1.1692,0.54,1.1859,4
1580008549.003,0.56,1.162,0.51,1.1876,4
1580008549.176,0.56,1.1752,0.51,1.2044,4
1580008549.344,0.55,1.1748,0.52,1.2167,4
1580008549.511,0.54,1.1886,0.53,1.2024,4
1580008549.681,0.54,1.196,0.55,1.1895,4
1580008549.849,0.54,1.1837,0.56,1.1912,4
1580008549.999,0.57,1.1531,0.54,1.1796,4
1580008550.174,0.54,1.1859,0.53,1.18,5
1580008550.343,0.56,1.1703,0.51,1.1943,5
1580008550.513,0.57,1.1599,0.5,1.2044,5
1580008550.685,0.55,1.1868,0.52,1.1942,5
1580008550.853,0.53,1.1984,0.52,1.1825,5
1580008551.023,0.56,1.1746,0.54,1.1811,5
1580008551.197,0.56,1.1742,0.56,1.1846,5
1580008551.366,0.58,1.1572,0.56,1.1805,5
1580008551.535,0.58,1.1564,0.53,1.1792,5
1580008551.707,0.56,1.1698,0.53,1.1795,5
1580008551.878,0.57,1.1659,0.54,1.1793,5
1580008552.046,0.55,1.1722,0.55,1.178,5
1580008552.233,0.54,1.1886,0.54,1.1777,5
1580008552.402,0.54,1.1772,0.54,1.1781,5
1580008552.552,0.59,1.1414,0.55,1.1761,5
1580008552.723,0.55,1.1782,0.54,1.1762,6
1580008552.897,0.57,1.1624,0.51,1.1791,6
1580008553.067,0.57,1.1532,0.51,1.1851,6
1580008553.243,0.55,1.1741,0.52,1.1812,6
1580008553.412,0.54,1.1903,0.53,1.1736,6
1580008553.58,0.56,1.1699,0.55,1.1712,6
1580008553.749,0.56,1.168,0.57,1.173,6
1580008553.921,0.58,1.1512,0.56,1.1745,6
1580008554.09,0.58,1.1537,0.54,1.1732,6
1580008554.267,0.56,1.1644,0.54,1.1697,6
1580008554.435,0.57,1.1609,0.54,1.1684,6
1580008554.603,0.56,1.1664,0.54,1.1676,6
1580008554.772,0.55,1.1788,0.54,1.1676,6
1580008554.941,0.55,1.1723,0.54,1.168,6
1580008555.092,0.6,1.133,0.55,1.1668,6
1580008555.272,0.56,1.1732,0.56,1.1672,7
1580008555.446,0.58,1.1579,0.56,1.1674,7
1580008555.618,0.58,1.1497,0.51,1.1712,7
1580008555.786,0.57,1.1653,0.53,1.1705,7
1580008555.955,0.55,1.1826,0.52,1.1675,7
1580008556.126,0.57,1.1637,0.55,1.1649,7
1580008556.297,0.57,1.1637,0.57,1.1678,7
1580008556.465,0.59,1.1473,0.58,1.1654,7
1580008556.634,0.59,1.1501,0.56,1.1624,7
1580008556.802,0.56,1.161,0.56,1.1631,7
1580008556.976,0.58,1.1549,0.55,1.1644,7
1580008557.149,0.57,1.1617,0.56,1.1639,7
1580008557.326,0.56,1.174,0.57,1.1599,7
1580008557.495,0.56,1.1669,0.57,1.1593,7
1580008557.653,0.6,1.1277,0.57,1.1598,7
1580008557.825,0.56,1.1703,0.57,1.1639,8
1580008557.995,0.58,1.155,0.56,1.1626,8
1580008558.169,0.58,1.1477,0.54,1.1717,8
1580008558.339,0.56,1.166,0.55,1.1724,8
1580008558.507,0.55,1.1848,0.55,1.166,8
1580008558.683,0.57,1.162,0.58,1.1674,8
1580008558.857,0.57,1.1645,0.55,1.1679,8
1580008559.026,0.59,1.1484,0.56,1.1643,8
1580008559.194,0.58,1.1504,0.56,1.1648,8
1580008559.382,0.55,1.1664,0.57,1.1598,8
1580008559.552,0.58,1.151,0.56,1.1699,8
1580008559.721,0.58,1.1602,0.56,1.169,8
1580008559.89,0.57,1.1697,0.55,1.1613,8
1580008560.059,0.56,1.1625,0.56,1.1601,8
1580008560.211,0.6,1.1261,0.55,1.1597,8
1580008560.388,0.56,1.1697,0.56,1.1639,9
1580008560.557,0.59,1.1505,0.56,1.1679,9
1580008560.728,0.58,1.1559,0.55,1.1611,9
1580008560.91,0.58,1.154,0.56,1.1676,9
1580008561.088,0.55,1.181,0.55,1.1686,9
1580008561.258,0.57,1.1633,0.55,1.165,9
1580008561.434,0.57,1.1641,0.55,1.1658,9
1580008561.603,0.58,1.1479,0.54,1.1707,9
1580008561.772,0.58,1.1503,0.59,1.1478,9
1580008561.941,0.58,1.1484,0.59,1.1445,9
1580008562.111,0.58,1.154,0.58,1.1453,9
1580008562.282,0.57,1.1586,0.56,1.1603,9
1580008562.457,0.58,1.1649,0.55,1.1729,9
1580008562.627,0.55,1.174,0.54,1.1687,9
1580008562.778,0.6,1.1311,0.55,1.1585,9
1580008562.952,0.57,1.1603,0.57,1.1579,10
1580008563.121,0.58,1.1506,0.57,1.1555,10
1580008563.293,0.59,1.1422,0.55,1.1536,10
1580008563.47,0.58,1.1441,0.58,1.1573,10
1580008563.639,0.55,1.1752,0.6,1.1575,10
1580008563.808,0.57,1.1533,0.58,1.148,10
1580008563.976,0.58,1.1511,0.58,1.1474,10
1580008564.147,0.59,1.1429,0.58,1.1468,10
1580008564.315,0.59,1.1411,0.57,1.1511,10
1580008564.503,0.59,1.1412,0.59,1.1569,10
1580008564.673,0.59,1.1441,0.56,1.1598,10
1580008564.841,0.58,1.1504,0.56,1.1571,10
1580008565.009,0.58,1.1563,0.57,1.1534,10
1580008565.18,0.58,1.1503,0.57,1.1532,10
1580008565.331,0.62,1.1141,0.58,1.1521,10
1580008565.505,0.58,1.1539,0.55,1.1559,11
1580008565.678,0.6,1.1371,0.56,1.1518,11
1580008565.848,0.59,1.1353,0.56,1.151,11
1580008566.018,0.58,1.1466,0.56,1.1533,11
1580008566.188,0.56,1.1666,0.57,1.1539,11
1580008566.357,0.58,1.1405,0.57,1.1533,11
1580008566.535,0.59,1.1437,0.55,1.1492,11
1580008566.709,0.6,1.1354,0.58,1.1417,11
1580008566.881,0.61,1.1248,0.56,1.1441,11
1580008567.05,0.59,1.136,0.58,1.1585,11
1580008567.222,0.59,1.1365,0.58,1.1599,11
1580008567.392,0.59,1.1391,0.57,1.1596,11
1580008567.573,0.6,1.1418,0.55,1.1572,11
1580008567.744,0.59,1.1424,0.57,1.1548,11
1580008567.898,0.62,1.1099,0.58,1.1514,11
1580008568.074,0.59,1.1452,0.56,1.1723,12
1580008568.245,0.6,1.1363,0.58,1.1478,12
1580008568.418,0.61,1.1274,0.57,1.152,12
1580008568.599,0.58,1.1539,0.57,1.1581,12
1580008568.769,0.57,1.1618,0.55,1.1727,12
1580008568.939,0.59,1.1453,0.6,1.1573,12
1580008569.109,0.61,1.1329,0.57,1.1525,12
1580008569.279,0.59,1.1406,0.58,1.1468,12
1580008569.45,0.6,1.1269,0.59,1.1476,12
1580008569.626,0.6,1.1264,0.56,1.1738,12
1580008569.801,0.6,1.1404,0.54,1.1594,12
1580008569.971,0.6,1.1388,0.59,1.1568,12
1580008570.141,0.59,1.1459,0.58,1.1624,12
1580008570.312,0.6,1.1339,0.55,1.1627,12
1580008570.463,0.62,1.1146,0.57,1.1477,12
1580008570.641,0.59,1.1462,0.58,1.1478,13
1580008570.812,0.62,1.1206,0.56,1.1617,13
1580008570.983,0.61,1.1297,0.58,1.1511,13
1580008571.154,0.59,1.1417,0.58,1.1558,13
1580008571.324,0.57,1.1623,0.56,1.1658,13
1580008571.493,0.59,1.1466,0.53,1.1683,13
1580008571.669,0.59,1.1412,0.55,1.1677,13
1580008571.839,0.61,1.125,0.57,1.1536,13
1580008572.015,0.61,1.1227,0.55,1.1514,13
1580008572.189,0.61,1.1279,0.56,1.1507,13
1580008572.359,0.62,1.1209,0.55,1.1712,13
1580008572.53,0.61,1.129,0.55,1.1694,13
1580008572.702,0.61,1.1315,0.56,1.1479,13
1580008572.874,0.6,1.1379,0.6,1.1404,13
1580008573.027,0.63,1.0988,0.59,1.1384,13
1580008573.201,0.6,1.1379,0.61,1.1452,14
1580008573.372,0.62,1.1179,0.6,1.1402,14
1580008573.542,0.62,1.1176,0.56,1.1522,14
1580008573.714,0.59,1.1341,0.54,1.1721,14
1580008573.887,0.57,1.154,0.54,1.183,14
1580008574.057,0.6,1.1339,0.54,1.1687,14
1580008574.227,0.6,1.1292,0.57,1.1526,14
1580008574.396,0.62,1.1195,0.58,1.1494,14
1580008574.571,0.62,1.1168,0.59,1.1372,14
1580008574.741,0.6,1.1284,0.58,1.1435,14
1580008574.913,0.62,1.1117,0.57,1.1584,14
1580008575.087,0.64,1.1121,0.53,1.1818,14
1580008575.256,0.61,1.1312,0.53,1.1779,14
1580008575.427,0.61,1.1312,0.56,1.166,14
1580008575.579,0.64,1.0987,0.58,1.1469,14
1580008575.757,0.61,1.1264,0.57,1.1621,15
1580008575.926,0.63,1.1117,0.58,1.1489,15
1580008576.099,0.62,1.1171,0.58,1.1483,15
1580008576.268,0.59,1.1387,0.53,1.1634,15
1580008576.437,0.58,1.1439,0.54,1.1796,15
1580008576.607,0.6,1.1417,0.55,1.1755,15
1580008576.778,0.6,1.128,0.56,1.1727,15
1580008576.949,0.61,1.1232,0.57,1.1631,15
1580008577.125,0.63,1.1038,0.59,1.146,15
1580008577.302,0.63,1.1071,0.59,1.1415,15
1580008577.472,0.62,1.1183,0.62,1.1275,15
1580008577.642,0.62,1.1148,0.57,1.1616,15
1580008577.814,0.59,1.1378,0.58,1.1559,15
1580008577.985,0.6,1.1283,0.56,1.1782,15
1580008578.146,0.62,1.1114,0.53,1.1811,15
1580008578.316,0.59,1.1418,0.56,1.1769,16
1580008578.485,0.61,1.1219,0.58,1.1539,16
1580008578.655,0.64,1.1053,0.5,1.1907,16
1580008578.824,0.59,1.1414,0.54,1.1757,16
1580008578.995,0.59,1.1486,0.64,1.1369,16
1580008579.167,0.6,1.1294,0.57,1.152,16
1580008579.338,0.63,1.1121,0.56,1.1601,16
1580008579.508,0.63,1.1084,0.54,1.1695,16
1580008579.676,0.65,1.0932,0.54,1.1699,16
1580008579.845,0.62,1.1134,0.55,1.1713,16
1580008580.015,0.64,1.1079,0.53,1.187,16
1580008580.187,0.64,1.0986,0.49,1.1859,16
1580008580.359,0.63,1.1111,0.55,1.1609,16
1580008580.527,0.61,1.1192,0.56,1.1499,16
1580008580.679,0.67,1.0782,0.59,1.1412,16
1580008580.853,0.62,1.1117,0.58,1.1357,17
1580008581.023,0.65,1.0845,0.58,1.1344,17
1580008581.192,0.65,1.0832,0.59,1.1388,17
1580008581.362,0.65,1.0959,0.6,1.1507,17
1580008581.531,0.61,1.1166,0.58,1.1594,17
1580008581.699,0.63,1.1004,0.56,1.1595,17
1580008581.871,0.63,1.1049,0.56,1.1544,17
1580008582.04,0.64,1.103,0.58,1.1495,17
1580008582.221,0.65,1.0858,0.62,1.1153,17
1580008582.391,0.64,1.0975,0.61,1.1137,17
1580008582.561,0.64,1.1001,0.6,1.1174,17
1580008582.731,0.65,1.0899,0.61,1.1397,17
1580008582.907,0.64,1.1086,0.53,1.1821,17
1580008583.077,0.61,1.1234,0.5,1.1905,17
1580008583.232,0.63,1.0997,0.56,1.1569,17
1580008583.409,0.62,1.1193,0.55,1.1722,18
1580008583.578,0.62,1.113,0.58,1.1236,18
1580008583.746,0.66,1.0801,0.58,1.1441,18
1580008583.921,0.61,1.1231,0.6,1.1318,18
1580008584.092,0.6,1.1298,0.6,1.121,18
1580008584.262,0.63,1.1013,0.59,1.1497,18
1580008584.435,0.64,1.0974,0.57,1.1609,18
1580008584.608,0.63,1.1068,0.57,1.1563,18
1580008584.791,0.65,1.0843,0.55,1.1582,18
1580008584.968,0.63,1.0978,0.58,1.1399,18
1580008585.143,0.65,1.0918,0.6,1.1188,18
1580008585.321,0.65,1.0843,0.59,1.1431,18
1580008585.496,0.61,1.1225,0.6,1.1219,18
1580008585.668,0.64,1.1006,0.55,1.1474,18
1580008585.828,0.66,1.0771,0.56,1.1549,18
1580008586.014,0.62,1.1101,0.57,1.1507,19
1580008586.197,0.64,1.0997,0.6,1.1375,19
1580008586.379,0.64,1.0908,0.58,1.1314,19
1580008586.556,0.63,1.098,0.58,1.1603,19
1580008586.734,0.61,1.1331,0.65,1.1046,19
1580008586.906,0.64,1.1026,0.59,1.1306,19
1580008587.075,0.65,1.0958,0.55,1.1751,19
1580008587.25,0.63,1.107,0.58,1.1468,19
1580008587.424,0.66,1.0755,0.59,1.1477,19
1580008587.6,0.64,1.0958,0.56,1.1574,19
1580008587.774,0.64,1.0971,0.58,1.1374,19
1580008587.958,0.66,1.0829,0.58,1.1427,19
1580008588.13,0.63,1.1087,0.62,1.1338,19
1580008588.301,0.64,1.1052,0.62,1.1133,19
1580008588.452,0.68,1.0659,0.6,1.122,19
1580008588.626,0.61,1.1197,0.64,1.112,20
1580008588.802,0.66,1.0754,0.62,1.1168,20
1580008588.977,0.66,1.0797,0.6,1.1121,20
1580008589.148,0.66,1.08,0.62,1.1093,20
1580008589.325,0.62,1.1072,0.61,1.1224,20
1580008589.498,0.64,1.0933,0.6,1.1231,20
1580008589.672,0.64,1.0941,0.58,1.1352,20
1580008589.846,0.66,1.0857,0.59,1.1612,20
1580008590.025,0.65,1.089,0.59,1.1319,20
1580008590.196,0.66,1.077,0.59,1.1374,20
1580008590.368,0.64,1.0947,0.59,1.1421,20
1580008590.539,0.64,1.0959,0.59,1.1353,20
1580008590.709,0.66,1.0836,0.58,1.1434,20
1580008590.886,0.64,1.1077,0.59,1.1441,20
1580008591.047,0.67,1.0713,0.57,1.1421,20
1580008591.222,0.64,1.101,0.55,1.13,21
1580008591.399,0.66,1.0767,0.62,1.1137,21
1580008591.584,0.65,1.076,0.63,1.1,21
1580008591.758,0.67,1.0786,0.63,1.1084,21
1580008591.942,0.62,1.1046,0.62,1.1258,21
1580008592.118,0.65,1.0876,0.6,1.1451,21
1580008592.291,0.64,1.0864,0.6,1.1486,21
1580008592.464,0.64,1.0965,0.57,1.1356,21
1580008592.637,0.67,1.0664,0.59,1.1341,21
1580008592.811,0.64,1.0847,0.61,1.1128,21
1580008592.985,0.66,1.0826,0.61,1.1093,21
1580008593.157,0.65,1.0859,0.62,1.1171,21
1580008593.332,0.65,1.0829,0.63,1.1305,21
1580008593.508,0.66,1.0875,0.58,1.141,21
1580008593.663,0.67,1.0677,0.61,1.1391,21
1580008593.839,0.64,1.1005,0.59,1.131,22
1580008594.018,0.67,1.0734,0.61,1.1122,22
1580008594.191,0.67,1.0704,0.59,1.1173,22
1580008594.363,0.65,1.0899,0.64,1.0994,22
1580008594.535,0.64,1.0997,0.62,1.1142,22
1580008594.706,0.66,1.0816,0.59,1.1369,22
1580008594.881,0.66,1.0795,0.59,1.1504,22
1580008595.057,0.65,1.0925,0.6,1.1381,22
1580008595.231,0.67,1.0661,0.62,1.1277,22
1580008595.405,0.67,1.0734,0.61,1.1037,22
1580008595.578,0.66,1.0771,0.64,1.0985,22
1580008595.754,0.65,1.0855,0.65,1.0974,22
1580008595.926,0.66,1.0811,0.64,1.1146,22
1580008596.103,0.66,1.0815,0.61,1.1372,22
1580008596.263,0.68,1.0613,0.56,1.1386,22
1580008596.439,0.65,1.1009,0.61,1.1301,23
1580008596.616,0.65,1.0799,0.64,1.1019,23
1580008596.791,0.68,1.0584,0.61,1.1138,23
1580008596.963,0.66,1.0838,0.62,1.1092,23
1580008597.153,0.63,1.1036,0.66,1.0925,23
1580008597.325,0.66,1.0861,0.61,1.1126,23
1580008597.5,0.67,1.0739,0.6,1.1404,23
1580008597.674,0.66,1.0813,0.57,1.1503,23
1580008597.847,0.66,1.0753,0.61,1.1334,23
1580008598.022,0.66,1.0735,0.65,1.1085,23
1580008598.206,0.68,1.0674,0.66,1.0994,23
1580008598.38,0.66,1.0737,0.62,1.1114,23
1580008598.559,0.64,1.0951,0.59,1.1055,23
1580008598.734,0.65,1.0907,0.63,1.1212,23
1580008598.892,0.69,1.0498,0.6,1.1377,23
1580008599.083,0.64,1.1017,0.6,1.1391,24
1580008599.264,0.65,1.0929,0.6,1.1297,24
1580008599.438,0.66,1.0824,0.61,1.1225,24
1580008599.611,0.67,1.0682,0.59,1.1312,24
1580008599.784,0.63,1.1092,0.63,1.1035,24
1580008599.955,0.64,1.1013,0.63,1.1111,24
1580008600.13,0.63,1.1014,0.58,1.161,24
1580008600.304,0.63,1.0965,0.57,1.1498,24
1580008600.477,0.67,1.0682,0.58,1.1371,24
1580008600.652,0.66,1.0827,0.6,1.1494,24
1580008600.824,0.66,1.0737,0.56,1.1666,24
1580008600.997,0.64,1.0973,0.59,1.14,24
1580008601.168,0.65,1.0858,0.59,1.1278,24
1580008601.342,0.66,1.0765,0.58,1.1346,24
1580008601.497,0.68,1.0557,0.6,1.1295,24
1580008601.672,0.63,1.1001,0.59,1.1251,25
1580008601.85,0.67,1.0666,0.61,1.1122,25
1580008602.022,0.68,1.0634,0.62,1.1031,25
1580008602.193,0.67,1.0661,0.65,1.0984,25
1580008602.364,0.64,1.0911,0.63,1.1078,25
1580008602.537,0.65,1.0838,0.61,1.1148,25
1580008602.708,0.67,1.071,0.61,1.1241,25
1580008602.879,0.66,1.0766,0.59,1.1341,25
1580008603.05,0.69,1.0581,0.64,1.1107,25
1580008603.221,0.67,1.065,0.63,1.1004,25
1580008603.395,0.68,1.0657,0.65,1.105,25
1580008603.568,0.66,1.0789,0.61,1.1056,25
1580008603.74,0.67,1.0723,0.61,1.1158,25
1580008603.912,0.66,1.0794,0.63,1.1141,25
1580008604.063,0.7,1.0474,0.64,1.1106,25
1580008604.241,0.65,1.0899,0.64,1.1054,26
1580008604.413,0.67,1.0662,0.67,1.0949,26
1580008604.585,0.69,1.0536,0.64,1.086,26
1580008604.76,0.67,1.0656,0.64,1.0996,26
1580008604.933,0.64,1.0958,0.67,1.0779,26
1580008605.119,0.67,1.0753,0.65,1.0982,26
1580008605.295,0.67,1.066,0.6,1.1221,26
1580008605.469,0.67,1.073,0.6,1.1335,26
1580008605.643,0.68,1.0621,0.61,1.1154,26
1580008605.818,0.68,1.0605,0.66,1.0911,26
1580008605.99,0.69,1.0568,0.69,1.0841,26
1580008606.163,0.67,1.0663,0.67,1.0841,26
1580008606.341,0.67,1.0732,0.64,1.1004,26
1580008606.514,0.67,1.0701,0.62,1.112,26
1580008606.669,0.71,1.0409,0.64,1.1139,26
1580008606.841,0.66,1.0868,0.63,1.1155,27
1580008607.013,0.66,1.0681,0.66,1.1005,27
1580008607.185,0.69,1.055,0.68,1.0889,27
1580008607.363,0.68,1.0558,0.64,1.1086,27
1580008607.534,0.65,1.0909,0.66,1.0928,27
1580008607.71,0.66,1.0839,0.61,1.1097,27
1580008607.882,0.66,1.0728,0.58,1.1362,27
1580008608.053,0.67,1.0722,0.61,1.1375,27
1580008608.224,0.68,1.0576,0.59,1.1266,27
1580008608.402,0.68,1.0642,0.59,1.1365,27
1580008608.573,0.68,1.0609,0.61,1.1121,27
1580008608.747,0.68,1.0618,0.62,1.1069,27
1580008608.92,0.67,1.0671,0.64,1.1031,27
1580008609.091,0.67,1.0742,0.64,1.1005,27
1580008609.243,0.71,1.0364,0.63,1.0975,27
1580008609.422,0.66,1.0794,0.67,1.1002,28
1580008609.594,0.68,1.0546,0.62,1.1183,28
1580008609.766,0.68,1.0597,0.6,1.1233,28
1580008609.941,0.68,1.0562,0.65,1.0928,28
1580008610.114,0.66,1.0797,0.63,1.0947,28
1580008610.288,0.67,1.0749,0.61,1.1134,28
1580008610.466,0.66,1.0745,0.61,1.1197,28
1580008610.641,0.66,1.0744,0.6,1.1309,28
1580008610.816,0.68,1.0531,0.64,1.13,28
1580008610.998,0.67,1.0703,0.64,1.1281,28
1580008611.172,0.69,1.0527,0.54,1.174,28
1580008611.349,0.65,1.0902,0.56,1.165,28
1580008611.52,0.66,1.0853,0.63,1.1079,28
1580008611.694,0.67,1.0657,0.56,1.1367,28
1580008611.848,0.69,1.0494,0.59,1.1341,28
1580008612.023,0.64,1.0968,0.59,1.1183,29
1580008612.208,0.68,1.0563,0.61,1.1213,29
1580008612.385,0.67,1.065,0.61,1.1199,29
1580008612.564,0.68,1.0657,0.66,1.0976,29
1580008612.744,0.65,1.0795,0.6,1.1328,29
1580008612.924,0.66,1.079,0.61,1.1405,29
1580008613.104,0.67,1.0725,0.61,1.1252,29
1580008613.285,0.66,1.0725,0.65,1.1036,29
1580008613.466,0.7,1.046,0.61,1.1206,29
1580008613.647,0.67,1.0624,0.61,1.1202,29
1580008613.827,0.67,1.0626,0.64,1.1045,29
1580008614.008,0.68,1.061,0.63,1.1024,29
1580008614.189,0.68,1.0594,0.63,1.1117,29
1580008614.37,0.67,1.0688,0.61,1.122,29
1580008614.539,0.71,1.0398,0.6,1.1225,29
1580008614.72,0.66,1.0857,0.62,1.11,30
1580008614.9,0.67,1.0591,0.63,1.1061,30
1580008615.081,0.7,1.0401,0.61,1.1252,30
1580008615.274,0.66,1.0715,0.64,1.0976,30
1580008615.468,0.68,1.0711,0.64,1.0939,30
1580008615.661,0.66,1.0699,0.61,1.1186,30
1580008615.854,0.67,1.0723,0.63,1.1012,30
1580008616.047,0.68,1.0603,0.62,1.1163,30
1580008616.242,0.69,1.0534,0.64,1.1125,30
1580008616.421,0.68,1.0606,0.64,1.1046,30
1580008616.6,0.69,1.0524,0.67,1.0944,30
1580008616.773,0.69,1.0514,0.65,1.0855,30
1580008616.953,0.68,1.0572,0.66,1.0948,30
1580008617.131,0.66,1.0834,0.66,1.095,30
1580008617.292,0.71,1.0314,0.61,1.1183,30
1580008617.476,0.66,1.0848,0.61,1.1279,31
1580008617.656,0.66,1.0816,0.68,1.0918,31
1580008617.835,0.69,1.0439,0.61,1.1359,31
1580008618.019,0.67,1.0675,0.58,1.1559,31
1580008618.196,0.61,1.1177,0.66,1.0805,31
1580008618.375,0.68,1.0699,0.63,1.1191,31
1580008618.551,0.66,1.0729,0.6,1.1436,31
1580008618.73,0.66,1.0819,0.61,1.1229,31
1580008618.909,0.69,1.0503,0.62,1.1024,31
1580008619.086,0.67,1.0606,0.63,1.102,31
1580008619.264,0.69,1.0514,0.63,1.1164,31
1580008619.448,0.68,1.063,0.66,1.1005,31
1580008619.631,0.69,1.0569,0.68,1.0857,31
1580008619.805,0.68,1.056,0.69,1.0875,31
1580008619.961,0.72,1.025,0.66,1.0902,31
1580008620.137,0.67,1.0722,0.65,1.0958,32
1580008620.312,0.69,1.0504,0.67,1.0845,32
1580008620.493,0.7,1.0428,0.63,1.096,32
1580008620.686,0.69,1.0457,0.59,1.1381,32
1580008620.875,0.66,1.0824,0.61,1.112,32
1580008621.06,0.67,1.0666,0.65,1.1032,32
1580008621.236,0.69,1.0517,0.59,1.1444,32
1580008621.415,0.67,1.0679,0.6,1.1309,32
1580008621.595,0.7,1.0465,0.61,1.111,32
1580008621.778,0.68,1.0562,0.62,1.1144,32
1580008621.953,0.68,1.0516,0.62,1.1178,32
1580008622.129,0.68,1.0615,0.63,1.1143,32
1580008622.305,0.69,1.0515,0.63,1.1165,32
1580008622.482,0.67,1.0672,0.64,1.1031,32
1580008622.639,0.72,1.0229,0.65,1.0924,32
1580008622.817,0.68,1.0692,0.62,1.1053,33
1580008622.997,0.69,1.05,0.61,1.1131,33
1580008623.177,0.7,1.0419,0.6,1.1086,33
1580008623.357,0.68,1.0575,0.65,1.0895,33
1580008623.538,0.68,1.0649,0.68,1.0847,33
1580008623.726,0.69,1.0574,0.6,1.1147,33
1580008623.909,0.69,1.0561,0.58,1.1373,33
1580008624.088,0.68,1.0609,0.57,1.1491,33
1580008624.266,0.67,1.0661,0.62,1.1199,33
1580008624.445,0.69,1.0532,0.65,1.0973,33
1580008624.623,0.69,1.0491,0.59,1.126,33
1580008624.808,0.65,1.0863,0.6,1.1039,33
1580008624.992,0.69,1.0531,0.66,1.0999,33
1580008625.175,0.69,1.0519,0.59,1.13,33
1580008625.341,0.71,1.0342,0.62,1.1175,33
1580008625.525,0.67,1.0767,0.63,1.106,34
1580008625.709,0.7,1.0438,0.65,1.0978,34
1580008625.891,0.71,1.0318,0.65,1.0936,34
1580008626.073,0.7,1.0419,0.63,1.0971,34
1580008626.255,0.68,1.0617,0.64,1.0928,34
1580008626.436,0.68,1.0577,0.66,1.0847,34
1580008626.616,0.69,1.0526,0.62,1.112,34
1580008626.804,0.69,1.0522,0.56,1.1442,34
1580008626.987,0.69,1.0487,0.6,1.1279,34
1580008627.166,0.69,1.0581,0.62,1.1122,34
1580008627.346,0.7,1.043,0.6,1.1201,34
1580008627.524,0.68,1.0584,0.62,1.1051,34
1580008627.705,0.69,1.0521,0.66,1.0843,34
1580008627.885,0.67,1.0645,0.6,1.1183,34
1580008628.046,0.7,1.0338,0.63,1.109,34
1580008628.227,0.67,1.0757,0.63,1.1009,35
1580008628.409,0.69,1.0516,0.59,1.1317,35
1580008628.588,0.69,1.052,0.59,1.1285,35
1580008628.765,0.7,1.0461,0.66,1.1073,35
1580008628.943,0.64,1.0863,0.63,1.0967,35
1580008629.121,0.68,1.0635,0.62,1.1164,35
1580008629.301,0.67,1.0689,0.58,1.1457,35
1580008629.48,0.68,1.065,0.58,1.155,35
1580008629.656,0.68,1.057,0.61,1.1409,35
1580008629.835,0.68,1.069,0.63,1.1139,35
1580008630.015,0.7,1.0442,0.61,1.1197,35
1580008630.191,0.69,1.056,0.6,1.1379,35
1580008630.367,0.67,1.0632,0.61,1.1229,35
1580008630.543,0.66,1.0748,0.64,1.1021,35
1580008630.701,0.71,1.0245,0.65,1.1013,35
1580008630.885,0.66,1.0804,0.62,1.1117,36
1580008631.066,0.68,1.0577,0.59,1.1193,36
1580008631.243,0.69,1.0497,0.63,1.107,36
1580008631.421,0.67,1.07,0.62,1.1144,36
1580008631.6,0.66,1.0852,0.64,1.1038,36
1580008631.783,0.66,1.0785,0.65,1.0892,36
1580008631.96,0.68,1.0625,0.55,1.153,36
1580008632.142,0.67,1.0661,0.55,1.1725,36
1580008632.319,0.66,1.0745,0.57,1.1428,36
1580008632.496,0.68,1.0585,0.58,1.1304,36
1580008632.673,0.71,1.0385,0.63,1.1194,36
1580008632.849,0.68,1.0571,0.66,1.1006,36
1580008633.029,0.7,1.0466,0.66,1.0896,36
1580008633.208,0.68,1.0661,0.62,1.0997,36
1580008633.364,0.71,1.0305,0.61,1.1127,36
1580008633.541,0.66,1.0794,0.64,1.102,37
1580008633.721,0.69,1.0483,0.61,1.1129,37
1580008633.901,0.7,1.0424,0.59,1.1354,37
1580008634.079,0.7,1.0444,0.57,1.1626,37
1580008634.261,0.62,1.1055,0.61,1.1271,37
1580008634.441,0.66,1.0779,0.65,1.0931,37
1580008634.623,0.68,1.0556,0.64,1.1072,37
1580008634.804,0.69,1.0566,0.57,1.175,37
1580008634.994,0.64,1.093,0.59,1.139,37
1580008635.176,0.65,1.0891,0.6,1.1226,37
1580008635.359,0.69,1.0477,0.62,1.1102,37
1580008635.542,0.68,1.0587,0.61,1.1316,37
1580008635.724,0.67,1.0666,0.6,1.1407,37
1580008635.906,0.65,1.0863,0.6,1.1247,37
1580008636.068,0.69,1.0431,0.59,1.1337,37
1580008636.249,0.64,1.0942,0.6,1.1433,38
1580008636.433,0.65,1.0816,0.65,1.1063,38
1580008636.614,0.66,1.076,0.63,1.0977,38
1580008636.792,0.68,1.0558,0.63,1.1133,38
1580008636.973,0.65,1.0841,0.62,1.1539,38
1580008637.151,0.62,1.1174,0.58,1.1512,38
1580008637.331,0.61,1.1233,0.63,1.1129,38
1580008637.513,0.63,1.0995,0.62,1.0994,38
1580008637.693,0.7,1.0434,0.6,1.113,38
1580008637.872,0.69,1.0563,0.56,1.1603,38
1580008638.06,0.64,1.0925,0.56,1.1501,38
1580008638.237,0.64,1.0885,0.63,1.1078,38
1580008638.417,0.67,1.0676,0.65,1.106,38
1580008638.6,0.67,1.0706,0.6,1.1377,38
1580008638.761,0.64,1.0832,0.62,1.122,38
1580008638.945,0.61,1.1224,0.62,1.1218,39
1580008639.129,0.68,1.0607,0.59,1.1226,39
1580008639.307,0.68,1.0547,0.58,1.1232,39
1580008639.489,0.66,1.076,0.62,1.1144,39
1580008639.67,0.64,1.0947,0.63,1.1014,39
1580008639.848,0.66,1.0771,0.67,1.0838,39
1580008640.027,0.68,1.0624,0.64,1.0894,39
1580008640.204,0.68,1.0619,0.63,1.1027,39
1580008640.382,0.69,1.0508,0.63,1.1102,39
1580008640.564,0.69,1.0499,0.6,1.1188,39
1580008640.743,0.7,1.0392,0.6,1.1213,39
1580008640.92,0.68,1.0544,0.63,1.1103,39
1580008641.107,0.69,1.0569,0.63,1.0972,39
1580008641.284,0.68,1.0575,0.65,1.0815,39
1580008641.445,0.72,1.0157,0.7,1.0658,39
1580008641.629,0.66,1.0792,0.69,1.0619,40
1580008641.81,0.7,1.0403,0.7,1.0619,40
1580008641.99,0.71,1.0317,0.68,1.0733,40
1580008642.173,0.7,1.0409,0.65,1.0876,40
1580008642.351,0.68,1.0641,0.63,1.0992,40
1580008642.532,0.69,1.0556,0.62,1.104,40
1580008642.712,0.69,1.0519,0.63,1.0985,40
1580008642.89,0.69,1.0527,0.64,1.0964,40
1580008643.068,0.71,1.0324,0.63,1.1078,40
1580008643.251,0.69,1.0418,0.63,1.1073,40
1580008643.431,0.69,1.0449,0.64,1.0923,40
1580008643.61,0.71,1.0379,0.64,1.1022,40
1580008643.79,0.7,1.0418,0.63,1.1104,40
1580008643.972,0.68,1.055,0.66,1.0936,40
1580008644.136,0.72,1.0222,0.68,1.0753,40
1580008644.314,0.68,1.0636,0.64,1.1026,41
1580008644.497,0.69,1.0466,0.64,1.1065,41
1580008644.677,0.69,1.0498,0.68,1.0808,41
1580008644.86,0.71,1.039,0.65,1.0908,41
1580008645.041,0.68,1.0591,0.64,1.1045,41
1580008645.224,0.68,1.0589,0.63,1.1162,41
1580008645.405,0.65,1.0814,0.64,1.1185,41
1580008645.586,0.67,1.073,0.61,1.1091,41
1580008645.779,0.71,1.0299,0.62,1.1231,41
1580008645.967,0.71,1.035,0.57,1.1494,41
1580008646.158,0.68,1.0591,0.59,1.1337,41
1580008646.348,0.69,1.0533,0.67,1.0827,41
1580008646.535,0.7,1.0399,0.66,1.0884,41
1580008646.715,0.69,1.0488,0.64,1.1025,41
1580008646.877,0.71,1.0329,0.66,1.0967,41
1580008647.061,0.65,1.0907,0.62,1.0891,42
1580008647.25,0.71,1.0322,0.67,1.0796,42
1580008647.433,0.71,1.0274,0.65,1.0935,42
1580008647.615,0.7,1.0458,0.64,1.0884,42
1580008647.795,0.68,1.0615,0.68,1.0857,42
1580008647.978,0.68,1.0543,0.64,1.0962,42
1580008648.161,0.67,1.0611,0.63,1.0964,42
1580008648.343,0.69,1.0509,0.64,1.1082,42
1580008648.523,0.71,1.0253,0.64,1.1161,42
1580008648.705,0.69,1.0472,0.6,1.1229,42
1580008648.884,0.7,1.0421,0.61,1.1093,42
1580008649.066,0.7,1.0412,0.65,1.0848,42
1580008649.254,0.71,1.0324,0.67,1.0869,42
1580008649.442,0.69,1.0553,0.63,1.0949,42
1580008649.602,0.72,1.0255,0.66,1.0905,42
1580008649.784,0.67,1.0701,0.66,1.0894,43
1580008649.965,0.71,1.036,0.64,1.0872,43
1580008650.149,0.7,1.0371,0.65,1.0736,43
1580008650.333,0.72,1.0314,0.7,1.0637,43
1580008650.513,0.69,1.0488,0.66,1.0866,43
1580008650.694,0.67,1.065,0.64,1.0917,43
1580008650.876,0.68,1.0599,0.64,1.087,43
1580008651.059,0.69,1.0441,0.63,1.1034,43
1580008651.241,0.73,1.0177,0.62,1.1132,43
1580008651.424,0.69,1.0509,0.62,1.1234,43
1580008651.607,0.69,1.0525,0.61,1.12,43
1580008651.789,0.7,1.0448,0.63,1.1111,43
1580008651.977,0.72,1.0293,0.62,1.1193,43
1580008652.161,0.68,1.0631,0.6,1.1288,43
1580008652.332,0.7,1.0378,0.62,1.0978,43
1580008652.518,0.67,1.068,0.65,1.0952,44
1580008652.7,0.71,1.0337,0.63,1.109,44
1580008652.881,0.68,1.0526,0.62,1.1065,44
1580008653.063,0.69,1.0531,0.67,1.088,44
1580008653.247,0.68,1.059,0.67,1.0739,44
1580008653.429,0.7,1.046,0.69,1.0786,44
1580008653.611,0.69,1.0492,0.66,1.0971,44
1580008653.795,0.67,1.0667,0.63,1.0825,44
1580008653.984,0.71,1.0369,0.65,1.0973,44
1580008654.176,0.7,1.0345,0.61,1.119,44
1580008654.374,0.71,1.0345,0.62,1.1132,44
1580008654.567,0.69,1.0511,0.63,1.1078,44
1580008654.757,0.69,1.0508,0.61,1.1186,44
1580008654.939,0.69,1.0531,0.59,1.1228,44
1580008655.102,0.73,1.0194,0.65,1.0995,44
1580008655.289,0.67,1.0695,0.64,1.0945,45
1580008655.472,0.7,1.0383,0.64,1.1021,45
1580008655.654,0.7,1.042,0.65,1.0975,45
1580008655.836,0.71,1.0339,0.66,1.0958,45
1580008656.02,0.7,1.0499,0.65,1.0996,45
1580008656.201,0.69,1.052,0.63,1.1089,45
1580008656.387,0.67,1.0598,0.64,1.1085,45
1580008656.567,0.69,1.0552,0.64,1.099,45
1580008656.748,0.73,1.013,0.63,1.1003,45
1580008656.932,0.72,1.0233,0.61,1.1166,45
1580008657.114,0.7,1.0509,0.63,1.1057,45
1580008657.296,0.7,1.0453,0.67,1.0786,45
1580008657.483,0.72,1.0244,0.64,1.0983,45
1580008657.664,0.71,1.0332,0.63,1.1141,45
1580008657.824,0.72,1.0253,0.64,1.1014,45
1580008658.007,0.67,1.0673,0.68,1.079,46
1580008658.188,0.72,1.0189,0.66,1.0793,46
1580008658.372,0.73,1.0177,0.64,1.0903,46
1580008658.558,0.71,1.0381,0.64,1.0911,46
1580008658.74,0.7,1.0471,0.64,1.092,46
1580008658.922,0.7,1.0402,0.62,1.1032,46
1580008659.113,0.7,1.0364,0.63,1.11,46
1580008659.301,0.7,1.0447,0.64,1.1048,46
1580008659.488,0.73,1.0162,0.65,1.0966,46
1580008659.673,0.72,1.0252,0.63,1.1031,46
1580008659.857,0.72,1.0205,0.63,1.1025,46
1580008660.038,0.72,1.0281,0.66,1.0889,46
1580008660.217,0.72,1.0252,0.68,1.0801,46
1580008660.4,0.71,1.031,0.64,1.0992,46
1580008660.562,0.73,1.0106,0.64,1.0952,46
1580008660.746,0.68,1.0676,0.67,1.0757,47
1580008660.929,0.73,1.0123,0.67,1.0869,47
1580008661.113,0.72,1.0168,0.66,1.0927,47
1580008661.295,0.7,1.0406,0.66,1.0857,47
1580008661.475,0.7,1.0425,0.68,1.0782,47
1580008661.658,0.71,1.035,0.66,1.095,47
1580008661.844,0.7,1.0404,0.65,1.1062,47
1580008662.026,0.69,1.0524,0.64,1.1071,47
1580008662.209,0.73,1.014,0.63,1.1114,47
1580008662.388,0.72,1.0205,0.62,1.1184,47
1580008662.574,0.72,1.0252,0.62,1.124,47
1580008662.758,0.69,1.0434,0.63,1.1052,47
1580008662.94,0.72,1.029,0.65,1.0899,47
1580008663.122,0.72,1.0257,0.62,1.124,47
1580008663.284,0.74,1.0111,0.62,1.125,47
1580008663.468,0.66,1.082,0.66,1.0806,48
1580008663.65,0.73,1.0105,0.68,1.0823,48
1580008663.833,0.73,1.0157,0.65,1.0959,48
1580008664.016,0.7,1.0397,0.63,1.0958,48
1580008664.195,0.7,1.0441,0.64,1.0955,48
1580008664.374,0.69,1.0406,0.63,1.098,48
1580008664.55,0.71,1.0302,0.63,1.1052,48
1580008664.733,0.7,1.0412,0.65,1.1037,48
1580008664.916,0.72,1.0262,0.64,1.1085,48
1580008665.098,0.72,1.0242,0.59,1.1287,48
1580008665.277,0.72,1.021,0.58,1.1286,48
1580008665.458,0.71,1.035,0.63,1.1078,48
1580008665.642,0.7,1.0419,0.62,1.1017,48
1580008665.824,0.7,1.0356,0.65,1.0881,48
1580008665.991,0.74,1.0047,0.61,1.1051,48
1580008666.17,0.67,1.0711,0.65,1.0923,49
1580008666.35,0.71,1.0276,0.67,1.0736,49
1580008666.534,0.71,1.0294,0.63,1.1009,49
1580008666.716,0.71,1.0331,0.62,1.1002,49
1580008666.898,0.7,1.0446,0.64,1.0938,49
1580008667.082,0.69,1.0434,0.63,1.1006,49
1580008667.262,0.7,1.0359,0.6,1.1062,49
1580008667.443,0.7,1.0427,0.63,1.1017,49
1580008667.624,0.72,1.0199,0.63,1.097,49
1580008667.802,0.72,1.0182,0.62,1.1091,49
1580008667.984,0.71,1.0253,0.59,1.1401,49
1580008668.164,0.7,1.0431,0.59,1.1316,49
1580008668.346,0.7,1.0487,0.63,1.099,49
1580008668.525,0.71,1.03,0.65,1.1011,49
1580008668.691,0.73,1.0134,0.63,1.1142,49
1580008668.873,0.66,1.0881,0.6,1.1309,50
1580008669.055,0.69,1.051,0.61,1.1106,50
1580008669.237,0.69,1.0449,0.66,1.0742,50
1580008669.418,0.69,1.0418,0.67,1.0746,50
1580008669.6,0.7,1.0343,0.6,1.1208,50
1580008669.779,0.67,1.0586,0.6,1.1326,50
1580008669.96,0.67,1.0636,0.63,1.1133,50
1580008670.143,0.69,1.0439,0.61,1.1206,50
1580008670.324,0.72,1.0227,0.63,1.1026,50
1580008670.505,0.71,1.0299,0.65,1.0874,50
1580008670.686,0.71,1.031,0.65,1.0778,50
1580008670.868,0.7,1.0332,0.67,1.0806,50
1580008671.05,0.71,1.0268,0.65,1.0875,50
1580008671.232,0.7,1.038,0.64,1.0976,50
1580008671.395,0.72,1.0154,0.63,1.1003,50
1580008671.58,0.67,1.0608,0.63,1.1024,51
1580008671.766,0.73,1.0136,0.63,1.1026,51
1580008671.945,0.71,1.0276,0.65,1.0887,51
1580008672.128,0.71,1.0307,0.69,1.0633,51
1580008672.31,0.71,1.0308,0.68,1.0686,51
1580008672.5,0.71,1.0291,0.67,1.0849,51
1580008672.681,0.71,1.0321,0.65,1.0987,51
1580008672.863,0.72,1.0332,0.64,1.1084,51
1580008673.042,0.72,1.0151,0.61,1.1107,51
1580008673.222,0.73,1.0119,0.65,1.105,51
1580008673.405,0.74,1.0112,0.65,1.0937,51
1580008673.586,0.71,1.0288,0.66,1.077,51
1580008673.77,0.73,1.0133,0.68,1.0702,51
1580008673.95,0.72,1.0262,0.63,1.0918,51
1580008674.112,0.74,1.003,0.64,1.0996,51
1580008674.295,0.68,1.0568,0.67,1.0939,52
1580008674.48,0.72,1.0197,0.65,1.0831,52
1580008674.661,0.73,1.0127,0.7,1.0694,52
1580008674.85,0.72,1.0193,0.67,1.0734,52
1580008675.038,0.68,1.0537,0.7,1.063,52
1580008675.226,0.71,1.0356,0.68,1.066,52
1580008675.414,0.72,1.0232,0.65,1.0868,52
1580008675.599,0.72,1.0179,0.64,1.1019,52
1580008675.787,0.74,1.0053,0.64,1.106,52
1580008675.976,0.72,1.0273,0.64,1.0986,52
1580008676.164,0.73,1.0117,0.65,1.0914,52
1580008676.349,0.73,1.0139,0.66,1.0875,52
1580008676.536,0.74,1.0119,0.67,1.0844,52
1580008676.725,0.71,1.0329,0.66,1.0784,52
1580008676.891,0.75,0.9931,0.68,1.0722,52
1580008677.079,0.7,1.0404,0.67,1.0776,53
1580008677.267,0.74,1.0051,0.64,1.0911,53
1580008677.454,0.73,1.0088,0.64,1.0892,53
1580008677.642,0.72,1.0207,0.67,1.0779,53
1580008677.828,0.7,1.03,0.69,1.0711,53
1580008678.015,0.73,1.0172,0.66,1.0788,53
1580008678.204,0.72,1.0252,0.67,1.082,53
1580008678.39,0.72,1.0255,0.65,1.088,53
1580008678.575,0.73,1.005,0.61,1.1024,53
1580008678.763,0.74,1.0017,0.63,1.1057,53
1580008678.954,0.74,1.0053,0.63,1.1029,53
1580008679.141,0.71,1.0286,0.65,1.0913,53
1580008679.329,0.73,1.0123,0.67,1.0797,53
1580008679.518,0.72,1.0242,0.67,1.0739,53
1580008679.685,0.75,0.9883,0.67,1.0714,53
1580008679.873,0.7,1.0409,0.67,1.073,54
1580008680.059,0.74,1.0011,0.68,1.0699,54
1580008680.256,0.74,1.0023,0.67,1.0708,54
1580008680.446,0.73,1.0074,0.66,1.0802,54
1580008680.637,0.73,1.0219,0.66,1.0851,54
1580008680.831,0.72,1.0161,0.66,1.0831,54
1580008681.023,0.72,1.0132,0.67,1.0788,54
1580008681.215,0.73,1.0148,0.66,1.0822,54
1580008681.402,0.75,0.9932,0.63,1.0961,54
1580008681.589,0.74,0.9993,0.62,1.1075,54
1580008681.777,0.74,1.0014,0.62,1.1025,54
1580008681.97,0.74,1.0081,0.64,1.095,54
1580008682.157,0.74,1.0081,0.66,1.0865,54
1580008682.343,0.73,1.0137,0.68,1.0756,54
1580008682.51,0.76,0.9844,0.68,1.0715,54
1580008682.697,0.71,1.0341,0.68,1.0725,55
1580008682.889,0.74,0.9982,0.66,1.0853,55
1580008683.075,0.75,1.0004,0.65,1.0908,55
1580008683.262,0.74,1.006,0.64,1.0984,55
1580008683.45,0.72,1.0239,0.66,1.0851,55
1580008683.637,0.74,1.0105,0.63,1.0867,55
1580008683.822,0.72,1.0185,0.65,1.0816,55
1580008684.017,0.73,1.0135,0.69,1.0726,55
1580008684.203,0.76,0.989,0.65,1.0966,55
1580008684.389,0.75,0.996,0.58,1.1257,55
1580008684.575,0.73,1.0095,0.6,1.117,55
1580008684.761,0.73,1.013,0.64,1.0889,55
1580008684.95,0.75,1.0001,0.66,1.0866,55
1580008685.137,0.74,1.0096,0.66,1.0884,55
1580008685.305,0.75,0.9943,0.67,1.0844,55
1580008685.493,0.71,1.033,0.67,1.0773,56
1580008685.68,0.75,0.9937,0.66,1.0825,56
1580008685.867,0.74,1.0041,0.65,1.0817,56
1580008686.059,0.73,1.0123,0.65,1.0825,56
1580008686.249,0.72,1.0249,0.68,1.073,56
1580008686.446,0.74,1.0036,0.69,1.0796,56
1580008686.634,0.73,1.0136,0.66,1.0916,56
1580008686.82,0.72,1.0203,0.69,1.0838,56
1580008687.006,0.75,0.9945,0.69,1.0792,56
1580008687.192,0.75,0.9979,0.63,1.0901,56
1580008687.379,0.75,0.9978,0.6,1.1128,56
1580008687.565,0.73,1.0126,0.59,1.1114,56
1580008687.75,0.73,1.0152,0.69,1.074,56
1580008687.936,0.75,1.0,0.66,1.0874,56
1580008688.109,0.76,0.9882,0.62,1.1148,56
1580008688.299,0.69,1.0513,0.61,1.1142,57
1580008688.486,0.73,1.0076,0.63,1.0963,57
1580008688.675,0.74,1.0033,0.66,1.0791,57
1580008688.862,0.74,1.0085,0.65,1.0853,57
1580008689.049,0.72,1.0253,0.66,1.0874,57
1580008689.235,0.73,1.0151,0.65,1.0918,57
1580008689.42,0.71,1.0299,0.65,1.0896,57
1580008689.606,0.73,1.0115,0.66,1.0905,57
1580008689.792,0.76,0.9896,0.65,1.0938,57
1580008689.979,0.73,1.0134,0.64,1.0887,57
1580008690.17,0.72,1.0143,0.66,1.0777,57
1580008690.358,0.74,1.0086,0.67,1.0824,57
1580008690.544,0.75,0.9971,0.62,1.1075,57
1580008690.729,0.71,1.0232,0.63,1.1057,57
1580008690.893,0.74,1.001,0.67,1.0803,57
1580008691.081,0.71,1.0345,0.69,1.0605,58
1580008691.267,0.76,0.9894,0.66,1.077,58
1580008691.454,0.74,1.0058,0.62,1.0945,58
1580008691.641,0.72,1.0186,0.66,1.0851,58
1580008691.829,0.72,1.023,0.69,1.0771,58
1580008692.015,0.73,1.0089,0.65,1.0968,58
1580008692.211,0.72,1.0176,0.63,1.1061,58
1580008692.397,0.72,1.0227,0.66,1.0852,58
1580008692.583,0.75,0.9967,0.69,1.0632,58
1580008692.77,0.75,0.9938,0.64,1.0913,58
1580008692.956,0.75,0.993,0.62,1.1101,58
1580008693.14,0.73,1.0179,0.64,1.1047,58
1580008693.325,0.74,1.006,0.65,1.0844,58
1580008693.511,0.74,1.0064,0.65,1.0775,58
1580008693.676,0.75,0.9905,0.66,1.0779,58
1580008693.864,0.7,1.0402,0.65,1.0789,59
1580008694.05,0.75,0.9943,0.65,1.0787,59
1580008694.24,0.75,0.9926,0.64,1.0872,59
1580008694.425,0.74,1.0036,0.65,1.0954,59
1580008694.613,0.73,1.0166,0.64,1.0839,59
1580008694.798,0.74,1.0017,0.65,1.0862,59
1580008694.983,0.74,1.0079,0.66,1.0886,59
1580008695.169,0.74,1.0077,0.66,1.0811,59
1580008695.354,0.76,0.987,0.69,1.0696,59
1580008695.541,0.76,0.9873,0.66,1.0843,59
1580008695.728,0.76,0.9922,0.62,1.1048,59
1580008695.913,0.74,1.0008,0.63,1.1088,59
1580008696.098,0.76,0.9943,0.62,1.1149,59
1580008696.288,0.74,1.0081,0.66,1.0893,59
1580008696.456,0.76,0.9817,0.66,1.0754,59
1580008696.646,0.71,1.0335,0.66,1.0798,60
1580008696.831,0.75,0.9926,0.64,1.0987,60
1580008697.017,0.73,1.0079,0.67,1.0886,60
1580008697.208,0.74,1.0064,0.64,1.1014,60
1580008697.393,0.71,1.0307,0.62,1.1039,60
1580008697.58,0.74,1.0081,0.65,1.0872,60
1580008697.766,0.73,1.0059,0.66,1.0817,60
1580008697.953,0.74,1.0042,0.66,1.0814,60
1580008698.142,0.76,0.9883,0.69,1.0697,60
1580008698.331,0.75,0.9911,0.67,1.081,60
1580008698.522,0.75,0.9933,0.65,1.0969,60
1580008698.708,0.74,1.0053,0.63,1.102,60
1580008698.894,0.76,0.9894,0.62,1.1115,60
1580008699.079,0.74,1.0053,0.65,1.0994,60
1580008699.246,0.76,0.9868,0.67,1.0794,60
1580008699.434,0.7,1.0354,0.67,1.0738,61
1580008699.62,0.75,0.9924,0.63,1.1108,61
1580008699.805,0.71,1.0238,0.66,1.0984,61
1580008699.991,0.73,1.016,0.64,1.112,61
1580008700.177,0.7,1.0445,0.63,1.1104,61
1580008700.367,0.73,1.0133,0.64,1.1035,61
1580008700.552,0.73,1.0151,0.63,1.1012,61
1580008700.736,0.72,1.0199,0.64,1.0963,61
1580008700.919,0.72,1.0207,0.67,1.0728,61
1580008701.104,0.71,1.0255,0.67,1.0746,61
1580008701.292,0.75,0.992,0.61,1.1198,61
1580008701.478,0.73,1.0126,0.6,1.1465,61
1580008701.663,0.72,1.0242,0.61,1.1216,61
1580008701.851,0.71,1.0251,0.67,1.0902,61
1580008702.018,0.76,0.9836,0.67,1.0742,61
1580008702.209,0.71,1.0335,0.67,1.0678,62
1580008702.4,0.71,1.0261,0.68,1.063,62
1580008702.584,0.71,1.0306,0.65,1.088,62
1580008702.769,0.72,1.0263,0.63,1.0962,62
1580008702.957,0.72,1.0263,0.64,1.0964,62
1580008703.143,0.71,1.0246,0.65,1.1025,62
1580008703.332,0.7,1.0395,0.62,1.1264,62
1580008703.518,0.7,1.0425,0.62,1.1041,62
1580008703.702,0.74,1.0073,0.65,1.0885,62
1580008703.889,0.73,1.011,0.68,1.0732,62
1580008704.075,0.72,1.0206,0.68,1.073,62
1580008704.261,0.71,1.0287,0.68,1.0697,62
1580008704.45,0.74,1.0086,0.66,1.079,62
1580008704.635,0.73,1.0122,0.63,1.1026,62
1580008704.798,0.75,0.9892,0.63,1.1068,62
1580008704.986,0.68,1.0547,0.63,1.0902,63
1580008705.173,0.74,1.0055,0.68,1.0747,63
1580008705.359,0.74,0.9982,0.65,1.0833,63
1580008705.544,0.73,1.0098,0.64,1.1034,63
1580008705.729,0.7,1.0356,0.64,1.1022,63
1580008705.918,0.7,1.0335,0.66,1.0812,63
1580008706.105,0.72,1.0202,0.64,1.0963,63
1580008706.292,0.74,1.0018,0.62,1.1243,63
1580008706.484,0.73,1.0079,0.6,1.1373,63
1580008706.671,0.71,1.0292,0.61,1.1259,63
1580008706.858,0.73,1.0052,0.64,1.0929,63
1580008707.05,0.75,0.9961,0.66,1.0795,63
1580008707.238,0.73,1.0072,0.65,1.0863,63
1580008707.428,0.71,1.0237,0.65,1.0873,63
1580008707.592,0.76,0.9814,0.67,1.0832,63
1580008707.781,0.72,1.027,0.65,1.0851,64
1580008707.965,0.75,0.9984,0.65,1.0882,64
1580008708.148,0.73,1.0052,0.67,1.0831,64
1580008708.332,0.75,0.9972,0.63,1.109,64
1580008708.519,0.71,1.0315,0.59,1.1393,64
1580008708.702,0.69,1.0475,0.61,1.1091,64
1580008708.894,0.71,1.0297,0.66,1.0856,64
1580008709.079,0.74,1.0066,0.66,1.0916,64
1580008709.263,0.74,1.0059,0.61,1.1246,64
1580008709.448,0.7,1.0387,0.6,1.1267,64
1580008709.633,0.72,1.0239,0.62,1.1173,64
1580008709.817,0.74,1.0082,0.65,1.1002,64
1580008710.003,0.74,1.0059,0.63,1.1061,64
1580008710.187,0.7,1.0387,0.65,1.101,64
1580008710.352,0.74,1.0038,0.67,1.0821,64
1580008710.537,0.69,1.0471,0.65,1.0793,65
1580008710.72,0.76,0.9883,0.66,1.0843,65
1580008710.901,0.72,1.0221,0.66,1.0854,65
1580008711.083,0.69,1.0456,0.65,1.0861,65
1580008711.266,0.7,1.033,0.64,1.0952,65
1580008711.449,0.73,1.0117,0.65,1.0882,65
1580008711.642,0.72,1.0216,0.67,1.0825,65
1580008711.828,0.7,1.0412,0.66,1.0913,65
1580008712.013,0.74,1.0051,0.61,1.1016,65
1580008712.198,0.75,0.9976,0.64,1.1044,65
1580008712.38,0.74,1.0001,0.64,1.0985,65
1580008712.564,0.73,1.0198,0.67,1.0867,65
1580008712.747,0.73,1.0106,0.66,1.0917,65
1580008712.932,0.74,1.0033,0.65,1.0925,65
1580008713.096,0.76,0.9867,0.65,1.0952,65
1580008713.283,0.69,1.0535,0.66,1.084,66
1580008713.468,0.74,0.9954,0.68,1.0723,66
1580008713.659,0.74,1.0013,0.66,1.0767,66
1580008713.842,0.72,1.0139,0.66,1.081,66
1580008714.03,0.73,1.0093,0.64,1.091,66
1580008714.218,0.75,0.9934,0.64,1.0977,66
1580008714.406,0.73,1.0057,0.64,1.1001,66
1580008714.594,0.74,1.0052,0.64,1.0934,66
1580008714.783,0.76,0.9789,0.67,1.085,66
1580008714.971,0.76,0.9852,0.66,1.0913,66
1580008715.158,0.76,0.9889,0.64,1.1007,66
1580008715.345,0.75,0.9963,0.64,1.0966,66
1580008715.534,0.75,0.9951,0.65,1.0887,66
1580008715.728,0.74,0.9977,0.65,1.0914,66
1580008715.892,0.75,0.9859,0.66,1.0878,66
1580008716.084,0.71,1.0295,0.66,1.0819,67
1580008716.271,0.75,0.9853,0.65,1.0769,67
1580008716.456,0.75,0.9995,0.68,1.0705,67
1580008716.639,0.74,1.009,0.67,1.0696,67
1580008716.826,0.74,1.005,0.68,1.0671,67
1580008717.013,0.76,0.9861,0.68,1.0775,67
1580008717.198,0.74,1.0004,0.65,1.0911,67
1580008717.382,0.74,1.0027,0.65,1.0885,67
1580008717.565,0.76,0.9784,0.66,1.0841,67
1580008717.755,0.75,0.9926,0.66,1.0811,67
1580008717.94,0.76,0.983,0.66,1.0876,67
1580008718.127,0.75,0.9925,0.64,1.0949,67
1580008718.312,0.74,0.9962,0.65,1.0902,67
1580008718.496,0.75,0.9956,0.63,1.1069,67
1580008718.67,0.76,0.9861,0.64,1.0955,67
1580008718.863,0.7,1.0412,0.65,1.0913,68
1580008719.057,0.76,0.9873,0.64,1.0973,68
1580008719.249,0.75,0.9911,0.64,1.0902,68
1580008719.436,0.72,1.0211,0.66,1.085,68
1580008719.619,0.71,1.0275,0.64,1.0885,68
1580008719.807,0.72,1.0151,0.67,1.0774,68
1580008719.997,0.73,1.0065,0.61,1.1123,68
1580008720.184,0.72,1.0212,0.6,1.135,68
1580008720.37,0.71,1.0261,0.63,1.1144,68
1580008720.556,0.72,1.0217,0.62,1.1139,68
1580008720.738,0.76,0.9898,0.65,1.0935,68
1580008720.923,0.73,1.0089,0.67,1.0806,68
1580008721.11,0.72,1.0202,0.66,1.079,68
1580008721.295,0.72,1.0166,0.67,1.0863,68
1580008721.461,0.76,0.9827,0.65,1.1035,68
1580008721.645,0.69,1.0511,0.65,1.1016,69
1580008721.842,0.74,1.0004,0.67,1.0819,69
1580008722.031,0.73,1.0065,0.66,1.0808,69
1580008722.217,0.74,1.0068,0.67,1.0765,69
1580008722.404,0.74,1.0085,0.66,1.0767,69
1580008722.59,0.74,1.0009,0.66,1.0774,69
1580008722.781,0.73,1.014,0.66,1.0804,69
1580008722.964,0.71,1.025,0.67,1.0791,69
1580008723.15,0.75,0.9877,0.65,1.0876,69
1580008723.335,0.75,0.991,0.6,1.1133,69
1580008723.519,0.76,0.9931,0.6,1.1182,69
1580008723.703,0.72,1.0204,0.64,1.0905,69
1580008723.891,0.76,0.9932,0.68,1.0672,69
1580008724.075,0.75,0.9937,0.68,1.0694,69
1580008724.241,0.77,0.9705,0.66,1.0692,69
1580008724.428,0.71,1.0332,0.68,1.0624,70
1580008724.616,0.76,0.9799,0.69,1.0612,70
1580008724.804,0.76,0.9846,0.7,1.0613,70
1580008724.987,0.75,0.9951,0.68,1.0669,70
1580008725.17,0.74,1.0025,0.68,1.0682,70
1580008725.353,0.75,0.9924,0.68,1.0629,70
1580008725.536,0.76,0.9899,0.69,1.064,70
1580008725.719,0.74,1.0014,0.66,1.0716,70
1580008725.905,0.77,0.9782,0.65,1.079,70
1580008726.089,0.76,0.9857,0.66,1.0862,70
1580008726.273,0.78,0.9721,0.61,1.1157,70
1580008726.456,0.76,0.9861,0.61,1.1254,70
1580008726.641,0.74,1.0026,0.63,1.1025,70
1580008726.825,0.75,0.9919,0.67,1.074,70
1580008726.995,0.78,0.9639,0.68,1.0676,70
1580008727.179,0.73,1.0186,0.67,1.073,71
1580008727.362,0.76,0.9823,0.68,1.0682,71
1580008727.544,0.75,0.9895,0.69,1.0541,71
1580008727.729,0.75,0.999,0.68,1.0623,71
1580008727.912,0.74,1.0064,0.67,1.0716,71
1580008728.094,0.75,0.9874,0.65,1.0725,71
1580008728.276,0.75,0.9914,0.66,1.0788,71
1580008728.46,0.74,1.001,0.64,1.1024,71
1580008728.644,0.76,0.9869,0.64,1.0868,71
1580008728.828,0.75,0.9912,0.69,1.0759,71
1580008729.02,0.78,0.9703,0.67,1.074,71
1580008729.204,0.76,0.9847,0.67,1.0803,71
1580008729.388,0.75,0.9912,0.67,1.0816,71
1580008729.573,0.77,0.9811,0.67,1.0761,71
1580008729.735,0.79,0.9644,0.67,1.0769,71
1580008729.923,0.72,1.0193,0.67,1.0756,72
1580008730.107,0.77,0.9744,0.65,1.0821,72
1580008730.291,0.77,0.9801,0.65,1.0812,72
1580008730.475,0.74,1.0006,0.68,1.0701,72
1580008730.662,0.74,1.004,0.65,1.0793,72
1580008730.846,0.74,1.0016,0.66,1.0848,72
1580008731.038,0.75,0.9913,0.66,1.0904,72
1580008731.22,0.75,0.9959,0.64,1.1155,72
1580008731.403,0.73,1.0016,0.64,1.1076,72
1580008731.587,0.74,1.0066,0.67,1.0818,72
1580008731.771,0.78,0.9707,0.67,1.0714,72
1580008731.958,0.78,0.9754,0.68,1.0768,72
1580008732.144,0.73,1.0041,0.68,1.0727,72
1580008732.331,0.73,1.0076,0.67,1.0638,72
1580008732.494,0.79,0.955,0.68,1.0689,72
1580008732.68,0.73,1.0113,0.63,1.0942,73
1580008732.863,0.76,0.9892,0.65,1.0852,73
1580008733.051,0.74,0.9973,0.68,1.0645,73
1580008733.237,0.76,0.9882,0.69,1.0579,73
1580008733.421,0.74,0.9979,0.67,1.0655,73
1580008733.605,0.74,0.9979,0.67,1.0687,73
1580008733.79,0.72,1.0169,0.69,1.0586,73
1580008733.975,0.74,1.0012,0.68,1.0689,73
1580008734.159,0.77,0.969,0.65,1.092,73
1580008734.34,0.76,0.988,0.61,1.1154,73
1580008734.522,0.75,0.9961,0.62,1.1105,73
1580008734.704,0.74,1.0081,0.65,1.0928,73
1580008734.887,0.76,0.985,0.67,1.0747,73
1580008735.071,0.77,0.9841,0.68,1.0731,73
1580008735.236,0.77,0.9732,0.68,1.0648,73
1580008735.42,0.71,1.0268,0.68,1.0651,74
1580008735.605,0.77,0.9768,0.67,1.0818,74
1580008735.788,0.77,0.9762,0.66,1.09,74
1580008735.973,0.75,0.9935,0.66,1.0974,74
1580008736.163,0.72,1.0193,0.65,1.0972,74
1580008736.346,0.74,1.0043,0.66,1.0786,74
1580008736.529,0.76,0.9897,0.66,1.0817,74
1580008736.71,0.75,0.9933,0.67,1.0843,74
1580008736.893,0.74,0.9941,0.66,1.0842,74
1580008737.079,0.75,0.9943,0.68,1.0745,74
1580008737.275,0.77,0.974,0.64,1.0896,74
1580008737.458,0.76,0.9832,0.62,1.1112,74
1580008737.641,0.76,0.9905,0.62,1.1174,74
1580008737.824,0.73,1.0062,0.63,1.103,74
1580008737.986,0.77,0.9744,0.68,1.0673,74
1580008738.176,0.73,1.0063,0.69,1.0567,75
1580008738.361,0.77,0.9738,0.66,1.0714,75
1580008738.545,0.74,1.0013,0.66,1.0723,75
1580008738.728,0.73,1.0115,0.68,1.0615,75
1580008738.917,0.75,0.9935,0.68,1.0584,75
1580008739.104,0.77,0.978,0.66,1.0816,75
1580008739.288,0.75,0.9972,0.65,1.0846,75
1580008739.473,0.75,0.9953,0.67,1.0821,75
1580008739.658,0.77,0.9715,0.64,1.0948,75
1580008739.842,0.76,0.9898,0.65,1.0856,75
1580008740.024,0.77,0.9723,0.68,1.0702,75
1580008740.211,0.77,0.9778,0.65,1.0884,75
1580008740.402,0.76,0.9829,0.63,1.1098,75
1580008740.585,0.75,0.9916,0.63,1.1063,75
1580008740.749,0.78,0.96,0.65,1.0863,75
1580008740.941,0.74,1.0055,0.67,1.0813,76
1580008741.129,0.77,0.9717,0.67,1.0811,76
1580008741.312,0.76,0.981,0.65,1.0961,76
1580008741.494,0.74,1.0061,0.65,1.0972,76
1580008741.677,0.73,1.0122,0.65,1.0738,76
1580008741.859,0.75,0.9943,0.66,1.09,76
1580008742.04,0.76,0.9893,0.63,1.1119,76
1580008742.224,0.75,0.9954,0.6,1.1331,76
1580008742.407,0.76,0.988,0.6,1.1264,76
1580008742.591,0.76,0.9861,0.64,1.0969,76
1580008742.774,0.78,0.9724,0.67,1.0829,76
1580008742.957,0.75,0.9915,0.66,1.0758,76
1580008743.14,0.75,0.9869,0.67,1.0719,76
1580008743.33,0.77,0.9764,0.66,1.0825,76
1580008743.496,0.79,0.9581,0.67,1.0812,76
1580008743.685,0.72,1.0182,0.67,1.0733,77
1580008743.868,0.77,0.9716,0.67,1.0726,77
1580008744.051,0.77,0.9758,0.66,1.0848,77
1580008744.236,0.74,1.0004,0.64,1.0933,77
1580008744.419,0.73,1.0128,0.64,1.0884,77
1580008744.604,0.74,1.0024,0.68,1.0673,77
1580008744.787,0.74,0.9961,0.65,1.0917,77
1580008744.972,0.74,1.0022,0.61,1.1212,77
1580008745.156,0.73,1.0116,0.62,1.1145,77
1580008745.345,0.74,0.9991,0.63,1.1075,77
1580008745.528,0.77,0.9749,0.62,1.1121,77
1580008745.711,0.74,1.0075,0.62,1.1111,77
1580008745.893,0.72,1.0178,0.64,1.0913,77
1580008746.077,0.75,0.9957,0.67,1.0664,77
1580008746.241,0.8,0.9489,0.63,1.0868,77
1580008746.426,0.72,1.0213,0.64,1.102,78
1580008746.612,0.73,1.0061,0.67,1.0747,78
1580008746.796,0.73,1.0136,0.69,1.0555,78
1580008746.981,0.75,0.9921,0.65,1.0839,78
1580008747.166,0.74,1.0077,0.63,1.1009,78
1580008747.351,0.71,1.0291,0.63,1.0929,78
1580008747.537,0.7,1.0332,0.68,1.0764,78
1580008747.722,0.74,1.0026,0.64,1.0818,78
1580008747.911,0.78,0.968,0.62,1.1121,78
1580008748.097,0.75,0.9956,0.62,1.1231,78
1580008748.281,0.74,1.002,0.64,1.0875,78
1580008748.468,0.76,0.9844,0.66,1.0766,78
1580008748.657,0.76,0.9779,0.67,1.0752,78
1580008748.843,0.75,0.9952,0.66,1.0765,78
1580008749.008,0.76,0.9785,0.65,1.0764,78
1580008749.193,0.73,1.0139,0.66,1.0884,79
1580008749.376,0.78,0.9639,0.65,1.0935,79
1580008749.56,0.76,0.987,0.64,1.0911,79
1580008749.744,0.74,1.0025,0.66,1.081,79
1580008749.928,0.74,1.0027,0.68,1.0669,79
1580008750.112,0.77,0.9783,0.66,1.067,79
1580008750.297,0.75,0.9959,0.67,1.0701,79
1580008750.487,0.73,1.0087,0.64,1.0908,79
1580008750.671,0.78,0.9675,0.64,1.1044,79
1580008750.854,0.77,0.9735,0.6,1.1257,79
1580008751.039,0.77,0.9751,0.59,1.1333,79
1580008751.221,0.75,1.0018,0.63,1.1066,79
1580008751.403,0.75,0.9892,0.65,1.0851,79
1580008751.585,0.77,0.9778,0.68,1.0682,79
1580008751.754,0.78,0.9585,0.68,1.0614,79
1580008751.939,0.73,1.0125,0.67,1.0677,80
1580008752.124,0.78,0.9647,0.66,1.0756,80
1580008752.31,0.77,0.969,0.67,1.0707,80
1580008752.514,0.76,0.9866,0.69,1.0657,80
1580008752.698,0.76,0.983,0.67,1.0794,80
1580008752.88,0.77,0.9793,0.65,1.0887,80
1580008753.065,0.76,0.9857,0.65,1.0809,80
1580008753.249,0.75,0.9977,0.67,1.0688,80
1580008753.435,0.79,0.9596,0.66,1.089,80
1580008753.618,0.78,0.968,0.64,1.0969,80
1580008753.802,0.79,0.9572,0.63,1.1037,80
1580008753.987,0.76,0.9801,0.63,1.1086,80
1580008754.173,0.76,0.9814,0.63,1.1034,80
1580008754.357,0.76,0.9852,0.65,1.0898,80
1580008754.527,0.79,0.9531,0.65,1.0742,80
1580008754.71,0.74,0.9996,0.68,1.0614,81
1580008754.893,0.78,0.9607,0.67,1.0819,81
1580008755.077,0.76,0.9855,0.68,1.0724,81
1580008755.26,0.74,0.9959,0.65,1.083,81
1580008755.444,0.75,0.9913,0.67,1.0838,81
1580008755.628,0.76,0.9803,0.65,1.0854,81
1580008755.812,0.77,0.9803,0.64,1.096,81
1580008755.998,0.75,0.9869,0.63,1.1044,81
1580008756.182,0.78,0.9652,0.66,1.0915,81
1580008756.364,0.78,0.9664,0.66,1.0862,81
1580008756.548,0.79,0.9547,0.64,1.091,81
1580008756.73,0.78,0.9715,0.63,1.0966,81
1580008756.913,0.76,0.9828,0.63,1.0961,81
1580008757.096,0.77,0.9769,0.64,1.0889,81
1580008757.258,0.8,0.9494,0.66,1.0798,81
1580008757.456,0.72,1.0179,0.68,1.0682,82
1580008757.643,0.77,0.9752,0.71,1.0584,82
1580008757.826,0.77,0.9732,0.65,1.084,82
1580008758.012,0.76,0.9853,0.63,1.0953,82
1580008758.201,0.75,0.9974,0.63,1.1011,82
1580008758.389,0.74,0.995,0.63,1.1018,82
1580008758.577,0.76,0.9873,0.68,1.0763,82
1580008758.761,0.76,0.9829,0.63,1.1119,82
1580008758.945,0.78,0.9706,0.61,1.1221,82
1580008759.13,0.76,0.9783,0.62,1.103,82
1580008759.318,0.78,0.9657,0.67,1.0772,82
1580008759.504,0.78,0.9693,0.66,1.0804,82
1580008759.697,0.77,0.9716,0.66,1.0824,82
1580008759.882,0.77,0.9709,0.67,1.0789,82
1580008760.049,0.79,0.955,0.67,1.0687,82
1580008760.236,0.74,1.0037,0.69,1.0622,83
1580008760.421,0.78,0.9618,0.69,1.0604,83
1580008760.607,0.77,0.9809,0.69,1.0544,83
1580008760.792,0.76,0.9838,0.67,1.0649,83
1580008760.978,0.76,0.9837,0.66,1.0791,83
1580008761.165,0.75,0.9894,0.63,1.094,83
1580008761.35,0.75,0.9911,0.64,1.0932,83
1580008761.536,0.75,0.9929,0.65,1.1001,83
1580008761.731,0.79,0.9604,0.62,1.1112,83
1580008761.917,0.77,0.9721,0.62,1.1195,83
1580008762.105,0.77,0.9752,0.63,1.1069,83
1580008762.291,0.76,0.9804,0.65,1.0909,83
1580008762.479,0.77,0.9719,0.65,1.0869,83
1580008762.666,0.78,0.9647,0.65,1.0903,83
1580008762.832,0.77,0.967,0.66,1.0883,83
1580008763.017,0.73,1.0164,0.66,1.0865,84
1580008763.204,0.78,0.9663,0.7,1.0589,84
1580008763.393,0.77,0.9709,0.69,1.0619,84
1580008763.579,0.75,0.9918,0.7,1.0573,84
1580008763.768,0.75,0.9884,0.69,1.053,84
1580008763.953,0.76,0.9828,0.68,1.0645,84
1580008764.137,0.76,0.984,0.66,1.087,84
1580008764.322,0.75,0.9911,0.65,1.102,84
1580008764.51,0.78,0.9703,0.64,1.1026,84
1580008764.696,0.76,0.9847,0.63,1.1098,84
1580008764.883,0.78,0.969,0.65,1.1085,84
1580008765.072,0.77,0.9761,0.64,1.1007,84
1580008765.26,0.76,0.9913,0.67,1.0729,84
1580008765.446,0.78,0.9695,0.67,1.0739,84
1580008765.611,0.79,0.9493,0.66,1.0883,84
1580008765.806,0.73,1.0108,0.65,1.0947,85
1580008765.996,0.78,0.9667,0.66,1.0892,85
1580008766.185,0.77,0.9796,0.67,1.0729,85
1580008766.375,0.75,0.9882,0.7,1.0546,85
1580008766.566,0.77,0.9799,0.69,1.0542,85
1580008766.755,0.76,0.9779,0.67,1.0584,85
1580008766.944,0.76,0.9846,0.67,1.0643,85
1580008767.134,0.76,0.9905,0.68,1.067,85
1580008767.323,0.79,0.9573,0.65,1.0902,85
1580008767.511,0.77,0.9777,0.64,1.1091,85
1580008767.705,0.77,0.974,0.63,1.1095,85
1580008767.895,0.75,0.9943,0.66,1.0853,85
1580008768.081,0.77,0.9762,0.68,1.0744,85
1580008768.266,0.78,0.9694,0.66,1.0752,85
1580008768.431,0.8,0.9446,0.65,1.0703,85
1580008768.617,0.74,0.9992,0.69,1.0612,86
1580008768.805,0.79,0.9554,0.67,1.0648,86
1580008768.997,0.77,0.9688,0.67,1.0729,86
1580008769.182,0.75,0.9897,0.67,1.0752,86
1580008769.371,0.75,0.9861,0.68,1.0673,86
1580008769.559,0.77,0.9734,0.69,1.0647,86
1580008769.744,0.77,0.9781,0.67,1.0726,86
1580008769.932,0.75,0.987,0.66,1.0807,86
1580008770.119,0.79,0.9553,0.63,1.0961,86
1580008770.306,0.78,0.9667,0.64,1.1065,86
1580008770.49,0.79,0.9598,0.61,1.1152,86
1580008770.674,0.75,0.9901,0.63,1.1133,86
1580008770.858,0.76,0.9868,0.65,1.0821,86
1580008771.04,0.77,0.9742,0.68,1.0583,86
1580008771.202,0.8,0.9426,0.68,1.0692,86
1580008771.385,0.74,1.0042,0.66,1.0701,87
1580008771.57,0.79,0.9542,0.68,1.0649,87
1580008771.754,0.78,0.967,0.67,1.0716,87
1580008771.95,0.76,0.9823,0.67,1.0756,87
1580008772.134,0.75,0.9909,0.65,1.0773,87
1580008772.317,0.75,0.9952,0.65,1.085,87
1580008772.5,0.75,0.9907,0.63,1.0964,87
1580008772.682,0.76,0.9866,0.63,1.1122,87
1580008772.867,0.78,0.9591,0.61,1.1215,87
1580008773.052,0.78,0.967,0.61,1.1261,87
1580008773.241,0.79,0.9589,0.6,1.1348,87
1580008773.427,0.76,0.9825,0.6,1.1248,87
1580008773.613,0.77,0.9747,0.62,1.1154,87
1580008773.796,0.76,0.9832,0.65,1.0994,87
1580008773.972,0.78,0.9582,0.65,1.0856,87
1580008774.163,0.74,1.0009,0.66,1.0796,88
1580008774.353,0.79,0.9567,0.65,1.0925,88
1580008774.545,0.76,0.9739,0.66,1.0775,88
1580008774.733,0.77,0.975,0.7,1.0647,88
1580008774.916,0.77,0.9706,0.66,1.0794,88
1580008775.099,0.76,0.9777,0.66,1.0875,88
1580008775.283,0.76,0.9852,0.64,1.0921,88
1580008775.468,0.75,0.9899,0.65,1.0905,88
1580008775.652,0.79,0.9595,0.63,1.0959,88
1580008775.836,0.78,0.9631,0.64,1.1025,88
1580008776.027,0.79,0.9594,0.63,1.1029,88
1580008776.21,0.79,0.9634,0.63,1.0989,88
1580008776.393,0.77,0.9697,0.63,1.1047,88
1580008776.578,0.77,0.9738,0.64,1.096,88
1580008776.742,0.79,0.955,0.65,1.0852,88
1580008776.926,0.74,1.0049,0.66,1.0741,89
1580008777.111,0.78,0.9662,0.65,1.0822,89
1580008777.297,0.78,0.9699,0.67,1.0699,89
1580008777.482,0.76,0.9824,0.68,1.0627,89
1580008777.667,0.77,0.9729,0.67,1.0747,89
1580008777.851,0.78,0.9639,0.66,1.0835,89
1580008778.033,0.77,0.9756,0.65,1.089,89
1580008778.217,0.77,0.9788,0.64,1.0985,89
1580008778.4,0.79,0.9542,0.64,1.1021,89
1580008778.586,0.78,0.9643,0.64,1.0938,89
1580008778.769,0.79,0.956,0.65,1.0884,89
1580008778.954,0.78,0.9698,0.64,1.0972,89
1580008779.145,0.77,0.9701,0.64,1.0971,89
1580008779.332,0.78,0.9653,0.64,1.1021,89
1580008779.494,0.8,0.9436,0.64,1.1032,89
1580008779.68,0.74,1.0016,0.66,1.0834,90
1580008779.863,0.8,0.9526,0.67,1.0714,90
1580008780.048,0.78,0.9598,0.67,1.0783,90
1580008780.319,0.76,0.9893,0.68,1.0622,90
1580008780.504,0.75,0.9912,0.69,1.0529,90
1580008780.69,0.78,0.9682,0.66,1.0817,90
1580008780.873,0.75,0.9899,0.64,1.1026,90
1580008781.058,0.75,0.9887,0.62,1.1132,90
1580008781.242,0.79,0.9595,0.64,1.1006,90
1580008781.427,0.77,0.9739,0.66,1.0803,90
1580008781.614,0.79,0.9528,0.66,1.0792,90
1580008781.805,0.78,0.9682,0.66,1.0804,90
1580008781.994,0.77,0.9713,0.65,1.085,90
1580008782.185,0.78,0.9687,0.66,1.0877,90
1580008782.347,0.8,0.9459,0.65,1.0847,90
1580008782.534,0.74,1.0019,0.65,1.0878,91
1580008782.72,0.78,0.9635,0.67,1.0828,91
1580008782.906,0.78,0.9643,0.67,1.0655,91
1580008783.093,0.77,0.9774,0.64,1.0888,91
1580008783.281,0.73,1.0068,0.67,1.0762,91
1580008783.468,0.73,1.0051,0.66,1.0644,91
1580008783.653,0.77,0.9802,0.66,1.0807,91
1580008783.84,0.76,0.9798,0.64,1.1137,91
1580008784.028,0.78,0.9674,0.61,1.1231,91
1580008784.224,0.76,0.9873,0.61,1.1243,91
1580008784.411,0.77,0.9748,0.61,1.1165,91
1580008784.597,0.77,0.9765,0.64,1.096,91
1580008784.784,0.78,0.9686,0.68,1.0697,91
1580008784.969,0.78,0.9717,0.67,1.0731,91
1580008785.135,0.8,0.9442,0.67,1.0724,91
1580008785.323,0.74,1.0002,0.66,1.0809,92
1580008785.508,0.78,0.9566,0.65,1.0942,92
1580008785.693,0.78,0.9599,0.64,1.1103,92
1580008785.877,0.76,0.9838,0.62,1.1154,92
1580008786.062,0.75,0.9924,0.64,1.0993,92
1580008786.253,0.76,0.9796,0.66,1.0807,92
1580008786.44,0.76,0.979,0.66,1.0768,92
1580008786.623,0.75,0.9951,0.65,1.0831,92
1580008786.807,0.78,0.9678,0.66,1.089,92
1580008786.991,0.78,0.9629,0.62,1.1237,92
1580008787.177,0.8,0.949,0.59,1.1396,92
1580008787.36,0.77,0.9833,0.6,1.1339,92
1580008787.542,0.75,0.9896,0.63,1.1157,92
1580008787.726,0.77,0.9792,0.66,1.0803,92
1580008787.89,0.81,0.9329,0.7,1.057,92
1580008788.093,0.74,0.9997,0.67,1.0642,93
1580008788.286,0.76,0.9802,0.68,1.062,93
1580008788.47,0.75,0.9876,0.69,1.0632,93
1580008788.652,0.77,0.9708,0.66,1.0795,93
1580008788.836,0.77,0.9714,0.65,1.0864,93
1580008789.019,0.76,0.9881,0.64,1.0901,93
1580008789.205,0.76,0.9813,0.66,1.0851,93
1580008789.388,0.76,0.9827,0.65,1.0941,93
1580008789.57,0.79,0.9528,0.64,1.0989,93
1580008789.753,0.78,0.9631,0.62,1.1166,93
1580008789.937,0.79,0.9568,0.63,1.1076,93
1580008790.118,0.77,0.9686,0.65,1.0946,93
1580008790.302,0.78,0.9654,0.66,1.0935,93
1580008790.486,0.78,0.9656,0.66,1.089,93
1580008790.65,0.79,0.9499,0.66,1.0762,93
1580008790.837,0.75,0.9976,0.68,1.0607,94
1580008791.022,0.79,0.9486,0.68,1.0697,94
1580008791.206,0.79,0.9598,0.63,1.095,94
1580008791.394,0.76,0.9868,0.66,1.0764,94
1580008791.577,0.78,0.9694,0.69,1.0597,94
1580008791.761,0.78,0.9591,0.67,1.0719,94
1580008791.945,0.77,0.9686,0.65,1.087,94
1580008792.133,0.78,0.9685,0.65,1.0978,94
1580008792.322,0.8,0.9416,0.65,1.1048,94
1580008792.508,0.78,0.9595,0.63,1.1096,94
1580008792.693,0.8,0.945,0.64,1.1092,94
1580008792.878,0.78,0.9634,0.64,1.1009,94
1580008793.065,0.79,0.9606,0.65,1.0948,94
1580008793.253,0.79,0.9581,0.67,1.0817,94
1580008793.425,0.81,0.9332,0.67,1.0754,94
1580008793.612,0.76,0.9856,0.66,1.0744,95
1580008793.797,0.8,0.9481,0.68,1.0673,95
1580008793.983,0.79,0.9537,0.67,1.0668,95
1580008794.168,0.78,0.9681,0.67,1.0705,95
1580008794.352,0.78,0.9705,0.69,1.0582,95
1580008794.534,0.78,0.9679,0.64,1.0861,95
1580008794.716,0.78,0.9638,0.65,1.0887,95
1580008794.899,0.78,0.9653,0.63,1.1157,95
1580008795.083,0.81,0.9398,0.61,1.1341,95
1580008795.268,0.77,0.974,0.61,1.1282,95
1580008795.459,0.8,0.9481,0.64,1.1066,95
1580008795.645,0.79,0.9568,0.63,1.1056,95
1580008795.83,0.79,0.9541,0.61,1.1079,95
1580008796.014,0.78,0.9652,0.64,1.0948,95
1580008796.178,0.81,0.9302,0.66,1.0835,95
1580008796.363,0.76,0.9862,0.66,1.0794,96
1580008796.547,0.8,0.9389,0.66,1.0831,96
1580008796.731,0.79,0.9558,0.67,1.0783,96
1580008796.912,0.77,0.9767,0.67,1.0756,96
1580008797.095,0.78,0.9642,0.67,1.0634,96
1580008797.282,0.78,0.9658,0.67,1.0618,96
1580008797.471,0.77,0.9767,0.65,1.0848,96
1580008797.655,0.75,0.9883,0.66,1.0881,96
1580008797.84,0.8,0.9491,0.62,1.1128,96
1580008798.022,0.79,0.9532,0.6,1.1419,96
1580008798.208,0.79,0.9546,0.59,1.1421,96
1580008798.396,0.76,0.9885,0.61,1.1267,96
1580008798.583,0.78,0.965,0.64,1.1013,96
1580008798.768,0.8,0.9505,0.66,1.0818,96
1580008798.937,0.81,0.9303,0.66,1.0768,96
1580008799.124,0.74,1.0014,0.67,1.0675,97
1580008799.309,0.79,0.9576,0.67,1.0732,97
1580008799.497,0.8,0.9503,0.67,1.0829,97
1580008799.682,0.77,0.972,0.66,1.088,97
1580008799.865,0.75,0.9912,0.66,1.0851,97
1580008800.05,0.76,0.982,0.67,1.0771,97
1580008800.234,0.77,0.9712,0.67,1.0727,97
1580008800.419,0.77,0.9785,0.64,1.1064,97
1580008800.611,0.77,0.9689,0.64,1.1037,97
1580008800.799,0.77,0.9755,0.64,1.1032,97
1580008800.989,0.8,0.9412,0.61,1.1217,97
1580008801.179,0.79,0.9633,0.62,1.1253,97
1580008801.363,0.74,0.9935,0.62,1.1159,97
1580008801.547,0.73,1.0066,0.67,1.0761,97
1580008801.711,0.81,0.9351,0.69,1.0543,97
1580008801.896,0.75,0.9891,0.69,1.0558,98
1580008802.08,0.76,0.9848,0.69,1.0545,98
1580008802.262,0.74,0.9999,0.69,1.0489,98
1580008802.445,0.75,0.9933,0.66,1.0837,98
1580008802.635,0.78,0.9697,0.67,1.0704,98
1580008802.819,0.76,0.9786,0.66,1.0752,98
1580008803.001,0.76,0.9837,0.63,1.1005,98
1580008803.184,0.76,0.9872,0.64,1.1028,98
1580008803.366,0.79,0.9539,0.63,1.1053,98
1580008803.549,0.79,0.959,0.61,1.1193,98
1580008803.731,0.77,0.9706,0.62,1.1093,98
1580008803.914,0.77,0.9697,0.63,1.0942,98
1580008804.097,0.79,0.9636,0.65,1.0826,98
1580008804.28,0.78,0.9685,0.67,1.0843,98
1580008804.442,0.8,0.9433,0.67,1.0841,98
1580008804.627,0.74,0.9992,0.68,1.0678,99
1580008804.807,0.8,0.9503,0.67,1.0666,99
1580008804.988,0.78,0.9669,0.68,1.058,99
1580008805.17,0.77,0.975,0.67,1.0838,99
1580008805.351,0.77,0.9714,0.64,1.0968,99
1580008805.533,0.75,0.9908,0.67,1.0708,99
1580008805.717,0.77,0.9772,0.68,1.073,99
1580008805.897,0.77,0.9722,0.65,1.0967,99
1580008806.081,0.81,0.9371,0.61,1.1265,99
1580008806.264,0.78,0.9686,0.62,1.1364,99
1580008806.446,0.77,0.9793,0.61,1.1245,99
1580008806.629,0.77,0.9785,0.64,1.1,99
1580008806.813,0.78,0.9605,0.62,1.0992,99
1580008806.998,0.78,0.9646,0.65,1.0875,99
1580008807.164,0.8,0.9424,0.66,1.081,99
