1579055392.459,0.24,1.3874,0.23,1.379,0
1579055393.284,0.24,1.3932,0.37,1.379,0
1579055394.047,0.36,1.379,0.3,1.383,0
1579055394.805,0.37,1.3726,0.24,1.3821,0
1579055395.565,0.28,1.363,0.36,1.3611,0
1579055396.322,0.37,1.3479,0.37,1.3424,0
1579055397.081,0.41,1.3275,0.33,1.3295,0
1579055397.841,0.38,1.3028,0.37,1.3112,0
1579055398.608,0.4,1.2858,0.36,1.3051,0
1579055399.39,0.41,1.2588,0.38,1.3207,0
1579055400.169,0.39,1.2802,0.36,1.3355,0
1579055400.917,0.37,1.2884,0.34,1.3316,0
1579055401.281,0.38,1.2898,0.4,1.3373,0
1579055402.034,0.41,1.2487,0.36,1.3522,1
1579055402.79,0.4,1.2863,0.37,1.3272,1
1579055403.546,0.41,1.25,0.38,1.3342,1
1579055404.298,0.4,1.2742,0.37,1.3172,1
1579055405.046,0.41,1.2445,0.39,1.2948,1
1579055405.799,0.42,1.2489,0.33,1.2946,1
1579055406.552,0.41,1.2607,0.38,1.2818,1
1579055407.306,0.43,1.2258,0.37,1.2863,1
1579055408.061,0.41,1.2435,0.34,1.2928,1
1579055408.809,0.43,1.2357,0.33,1.2829,1
1579055409.561,0.42,1.2375,0.32,1.2767,1
1579055410.306,0.42,1.236,0.34,1.2772,1
1579055410.676,0.42,1.2414,0.32,1.2719,1
1579055411.427,0.42,1.2136,0.37,1.2716,2
1579055412.176,0.44,1.2207,0.37,1.2662,2
1579055412.924,0.46,1.2155,0.37,1.2498,2
1579055413.677,0.45,1.2135,0.38,1.2408,2
1579055414.428,0.46,1.2002,0.39,1.234,2
1579055415.183,0.43,1.2168,0.36,1.2394,2
1579055415.929,0.44,1.2088,0.37,1.2441,2
1579055416.704,0.46,1.189,0.38,1.2353,2
1579055417.512,0.46,1.2049,0.4,1.24,2
1579055418.265,0.46,1.1904,0.37,1.2318,2
1579055419.036,0.46,1.2012,0.38,1.2302,2
1579055419.792,0.45,1.2022,0.35,1.2102,2
1579055420.165,0.46,1.1939,0.37,1.1997,2
1579055420.93,0.46,1.1834,0.41,1.1908,3
1579055421.69,0.46,1.1842,0.36,1.2022,3
1579055422.451,0.47,1.182,0.4,1.1919,3
1579055423.196,0.47,1.1807,0.42,1.1908,3
1579055423.959,0.48,1.1704,0.39,1.1856,3
1579055424.728,0.46,1.1838,0.37,1.1929,3
1579055425.472,0.48,1.1828,0.41,1.1738,3
1579055426.216,0.49,1.1482,0.44,1.1656,3
1579055426.972,0.47,1.1795,0.47,1.1648,3
1579055427.721,0.49,1.1528,0.42,1.1665,3
1579055428.461,0.48,1.1725,0.46,1.1546,3
1579055429.222,0.48,1.1713,0.5,1.144,3
1579055429.588,0.48,1.1562,0.5,1.1457,3
1579055430.359,0.49,1.1489,0.49,1.1433,4
1579055431.116,0.49,1.153,0.52,1.1399,4
1579055431.881,0.49,1.149,0.53,1.1315,4
1579055432.633,0.48,1.1514,0.48,1.1297,4
1579055433.386,0.5,1.1358,0.47,1.1392,4
1579055434.144,0.48,1.1617,0.45,1.145,4
1579055434.894,0.48,1.1563,0.48,1.1343,4
1579055435.639,0.51,1.12,0.48,1.1215,4
1579055436.385,0.48,1.1572,0.51,1.1287,4
1579055437.195,0.5,1.1356,0.5,1.1351,4
1579055437.941,0.49,1.1548,0.51,1.1251,4
1579055438.686,0.49,1.1514,0.53,1.1198,4
1579055439.052,0.5,1.1381,0.47,1.1227,4
1579055439.797,0.5,1.1318,0.5,1.1226,5
1579055440.544,0.5,1.1315,0.5,1.128,5
1579055441.301,0.49,1.134,0.49,1.1164,5
1579055442.045,0.49,1.1371,0.52,1.1068,5
1579055442.793,0.51,1.1157,0.49,1.116,5
1579055443.537,0.49,1.1443,0.48,1.128,5
1579055444.291,0.5,1.1377,0.48,1.1214,5
1579055445.05,0.52,1.1011,0.51,1.1052,5
1579055445.801,0.49,1.1361,0.49,1.0988,5
1579055446.546,0.51,1.1131,0.51,1.1028,5
1579055447.295,0.5,1.1281,0.52,1.1067,5
1579055448.042,0.5,1.1333,0.51,1.1017,5
1579055448.407,0.51,1.1146,0.49,1.1098,5
1579055449.161,0.51,1.1118,0.49,1.1024,6
1579055449.909,0.51,1.112,0.53,1.0986,6
1579055450.658,0.51,1.1091,0.52,1.0919,6
1579055451.416,0.51,1.1135,0.5,1.0905,6
1579055452.175,0.53,1.0947,0.49,1.1015,6
1579055452.921,0.51,1.1228,0.48,1.1049,6
1579055453.673,0.51,1.1175,0.48,1.0918,6
1579055454.427,0.54,1.0812,0.5,1.0754,6
1579055455.173,0.5,1.117,0.52,1.0887,6
1579055455.941,0.52,1.0989,0.51,1.0992,6
1579055456.711,0.51,1.1116,0.5,1.0855,6
1579055457.515,0.52,1.113,0.47,1.0796,6
1579055457.88,0.52,1.0993,0.51,1.0953,6
1579055458.639,0.52,1.0926,0.5,1.0905,7
1579055459.386,0.53,1.0912,0.52,1.0794,7
1579055460.17,0.52,1.0874,0.51,1.0743,7
1579055460.928,0.52,1.0945,0.51,1.0828,7
1579055461.717,0.53,1.076,0.51,1.1087,7
1579055462.473,0.52,1.1129,0.51,1.0806,7
1579055463.231,0.52,1.1018,0.47,1.0741,7
1579055463.991,0.54,1.0688,0.51,1.0677,7
1579055464.758,0.52,1.0953,0.52,1.0967,7
1579055465.529,0.52,1.0908,0.53,1.085,7
1579055466.289,0.52,1.0942,0.51,1.06,7
1579055467.052,0.52,1.0982,0.52,1.064,7
1579055467.42,0.53,1.0851,0.54,1.1036,7
1579055468.19,0.53,1.0896,0.52,1.078,8
1579055468.955,0.54,1.0769,0.52,1.0594,8
1579055469.705,0.52,1.0719,0.52,1.0668,8
1579055470.452,0.52,1.0849,0.53,1.0732,8
1579055471.21,0.54,1.0604,0.51,1.0879,8
1579055471.971,0.53,1.0919,0.51,1.0732,8
1579055472.723,0.54,1.0831,0.55,1.0555,8
1579055473.475,0.56,1.052,0.53,1.0508,8
1579055474.231,0.53,1.0834,0.54,1.0724,8
1579055475.011,0.53,1.0733,0.54,1.0672,8
1579055475.762,0.53,1.0748,0.55,1.0606,8
1579055476.51,0.53,1.09,0.54,1.0519,8
1579055476.885,0.54,1.0709,0.54,1.0738,8
1579055477.64,0.54,1.066,0.53,1.0662,9
1579055478.391,0.55,1.0629,0.54,1.0479,9
1579055479.209,0.54,1.0581,0.53,1.0505,9
1579055479.961,0.53,1.0684,0.52,1.0582,9
1579055480.722,0.55,1.0474,0.51,1.0763,9
1579055481.483,0.54,1.0791,0.53,1.0558,9
1579055482.259,0.54,1.0704,0.56,1.0415,9
1579055483.009,0.56,1.0382,0.55,1.0408,9
1579055483.757,0.53,1.0737,0.53,1.0642,9
1579055484.503,0.54,1.0626,0.54,1.0694,9
1579055485.257,0.53,1.0659,0.57,1.0421,9
1579055486.026,0.54,1.073,0.57,1.0382,9
1579055486.393,0.54,1.0595,0.55,1.0598,9
1579055487.157,0.55,1.0539,0.56,1.0622,10
1579055487.905,0.55,1.0541,0.56,1.0439,10
1579055488.646,0.54,1.0462,0.53,1.0318,10
1579055489.4,0.54,1.059,0.55,1.0489,10
1579055490.162,0.56,1.0412,0.54,1.061,10
1579055490.908,0.55,1.0678,0.55,1.052,10
1579055491.67,0.54,1.063,0.58,1.0401,10
1579055492.435,0.56,1.0288,0.54,1.029,10
1579055493.192,0.54,1.0691,0.55,1.0428,10
1579055493.943,0.55,1.0494,0.52,1.0623,10
1579055494.694,0.54,1.0573,0.54,1.0464,10
1579055495.45,0.55,1.0652,0.55,1.0312,10
1579055495.815,0.55,1.049,0.58,1.0446,10
1579055496.571,0.55,1.0462,0.55,1.048,11
1579055497.331,0.56,1.0447,0.57,1.0496,11
1579055498.081,0.54,1.0423,0.54,1.0282,11
1579055498.894,0.54,1.0465,0.54,1.0424,11
1579055499.665,0.56,1.0382,0.56,1.0424,11
1579055500.41,0.56,1.0548,0.54,1.0486,11
1579055501.156,0.54,1.0581,0.55,1.0457,11
1579055501.908,0.56,1.0235,0.56,1.0236,11
1579055502.672,0.54,1.06,0.57,1.03,11
1579055503.421,0.55,1.042,0.53,1.049,11
1579055504.166,0.55,1.0444,0.55,1.0494,11
1579055504.93,0.56,1.0616,0.58,1.0294,11
1579055505.294,0.55,1.0319,0.56,1.0374,11
1579055506.045,0.55,1.0416,0.59,1.036,12
1579055506.825,0.56,1.0353,0.57,1.0366,12
1579055507.585,0.55,1.0289,0.56,1.0318,12
1579055508.331,0.56,1.0373,0.57,1.0269,12
1579055509.077,0.56,1.0227,0.58,1.0308,12
1579055509.829,0.56,1.049,0.56,1.0328,12
1579055510.579,0.56,1.0431,0.55,1.0348,12
1579055511.332,0.57,1.0098,0.56,1.015,12
1579055512.085,0.56,1.0451,0.58,1.024,12
1579055512.837,0.56,1.0365,0.55,1.0403,12
1579055513.584,0.55,1.0434,0.51,1.0729,12
1579055514.329,0.54,1.0773,0.52,1.0357,12
1579055514.702,0.55,1.0402,0.57,1.0496,12
1579055515.452,0.55,1.0452,0.59,1.0293,13
1579055516.198,0.57,1.0267,0.53,1.0354,13
1579055516.948,0.55,1.0286,0.54,1.0428,13
1579055517.712,0.56,1.0398,0.54,1.0301,13
1579055518.506,0.57,1.0172,0.54,1.0308,13
1579055519.257,0.56,1.0494,0.56,1.033,13
1579055520.01,0.56,1.037,0.55,1.0352,13
1579055520.757,0.58,1.0051,0.56,1.0162,13
1579055521.512,0.56,1.0395,0.54,1.0232,13
1579055522.266,0.56,1.0328,0.55,1.0297,13
1579055523.022,0.56,1.0302,0.53,1.0322,13
1579055523.791,0.56,1.047,0.55,1.0181,13
1579055524.155,0.56,1.0148,0.56,1.0262,13
1579055524.91,0.56,1.0273,0.58,1.0187,14
1579055525.671,0.57,1.0223,0.54,1.0113,14
1579055526.43,0.56,1.0136,0.52,1.0138,14
1579055527.197,0.57,1.0242,0.54,1.0253,14
1579055527.963,0.57,1.012,0.55,1.0233,14
1579055528.717,0.57,1.0347,0.52,1.0157,14
1579055529.498,0.56,1.0367,0.54,1.0173,14
1579055530.26,0.59,0.997,0.56,1.0182,14
1579055531.009,0.56,1.0351,0.52,1.0334,14
1579055531.758,0.56,1.0343,0.56,1.0263,14
1579055532.519,0.56,1.0253,0.54,1.0216,14
1579055533.268,0.56,1.0427,0.56,1.0173,14
1579055533.632,0.57,1.0113,0.58,1.0363,14
1579055534.388,0.56,1.0266,0.59,1.0152,15
1579055535.154,0.57,1.0164,0.55,1.0009,15
1579055535.902,0.56,1.0096,0.55,1.0049,15
1579055536.66,0.57,1.0175,0.54,1.0246,15
1579055537.409,0.58,1.0051,0.55,1.0251,15
1579055538.221,0.57,1.0303,0.53,1.0065,15
1579055538.988,0.57,1.0263,0.53,1.0047,15
1579055539.737,0.59,0.9892,0.54,1.0173,15
1579055540.491,0.57,1.029,0.52,1.0285,15
1579055541.242,0.56,1.0211,0.56,1.0197,15
1579055541.991,0.56,1.0184,0.53,1.0189,15
1579055542.746,0.56,1.041,0.56,1.0088,15
1579055543.114,0.57,0.9979,0.55,1.0376,15
1579055543.861,0.56,1.0297,0.58,1.018,16
1579055544.614,0.57,1.0159,0.57,0.9955,16
1579055545.363,0.56,1.0045,0.54,1.004,16
1579055546.115,0.57,1.0232,0.55,1.0235,16
1579055546.871,0.58,0.9993,0.52,1.036,16
1579055547.624,0.57,1.0328,0.55,1.0022,16
1579055548.385,0.57,1.0214,0.53,1.0011,16
1579055549.134,0.59,0.9886,0.51,1.0252,16
1579055549.886,0.57,1.0284,0.52,1.0285,16
1579055550.642,0.56,1.0171,0.52,1.0261,16
1579055551.388,0.56,1.0288,0.57,1.0066,16
1579055552.135,0.57,1.0284,0.54,1.0236,16
1579055552.509,0.57,1.0056,0.57,1.0216,16
1579055553.27,0.57,1.0139,0.54,1.0098,17
1579055554.034,0.57,1.0188,0.53,0.9992,17
1579055554.797,0.57,1.0019,0.53,1.0094,17
1579055555.545,0.57,1.0171,0.53,1.0056,17
1579055556.293,0.57,0.9965,0.54,1.0122,17
1579055557.054,0.57,1.0243,0.51,1.0075,17
1579055557.876,0.57,1.015,0.52,1.0042,17
1579055558.625,0.59,0.9845,0.52,0.9995,17
1579055559.372,0.57,1.0164,0.51,1.022,17
1579055560.135,0.56,1.0152,0.54,1.015,17
1579055560.891,0.57,1.0066,0.55,1.0046,17
1579055561.645,0.57,1.0271,0.56,0.9954,17
1579055562.013,0.58,0.9863,0.57,1.0188,17
1579055562.77,0.57,1.0127,0.58,1.0012,18
1579055563.525,0.57,0.9978,0.57,0.9897,18
1579055564.276,0.57,0.9939,0.56,0.985,18
1579055565.044,0.58,1.0025,0.55,1.0044,18
1579055565.792,0.58,0.991,0.53,1.0182,18
1579055566.541,0.58,1.0159,0.55,0.9891,18
1579055567.295,0.57,1.0075,0.59,0.9818,18
1579055568.042,0.6,0.977,0.53,1.0034,18
1579055568.803,0.58,1.0099,0.53,1.0275,18
1579055569.549,0.56,1.0101,0.53,1.001,18
1579055570.3,0.57,1.0032,0.57,0.9889,18
1579055571.043,0.57,1.0207,0.56,1.0038,18
1579055571.411,0.58,0.9794,0.55,1.0229,18
1579055572.177,0.57,1.0096,0.58,0.9889,19
1579055572.927,0.58,0.9975,0.58,0.9839,19
1579055573.678,0.57,0.9918,0.56,0.9885,19
1579055574.428,0.58,0.9988,0.55,1.0044,19
1579055575.176,0.58,0.9904,0.54,1.0106,19
1579055575.943,0.58,1.0095,0.55,0.9928,19
1579055576.692,0.58,1.0043,0.58,0.9834,19
1579055577.447,0.6,0.9713,0.52,1.001,19
1579055578.262,0.58,1.0058,0.5,1.0285,19
1579055579.015,0.57,1.0053,0.54,1.002,19
1579055579.761,0.58,0.9964,0.58,0.9844,19
1579055580.515,0.58,1.0158,0.54,0.9925,19
1579055580.885,0.58,0.9724,0.56,1.0175,19
1579055581.66,0.57,1.0037,0.57,0.9895,20
1579055582.419,0.58,0.9933,0.58,0.9787,20
1579055583.164,0.57,0.9827,0.54,0.985,20
1579055583.914,0.58,0.9958,0.55,0.9941,20
1579055584.673,0.58,0.9821,0.53,1.0074,20
1579055585.437,0.58,1.0054,0.53,0.9882,20
1579055586.183,0.58,0.996,0.58,0.9765,20
1579055586.946,0.6,0.9663,0.52,0.9898,20
1579055587.714,0.58,0.9994,0.51,1.0195,20
1579055588.509,0.57,1.0006,0.54,1.0001,20
1579055589.272,0.58,0.9932,0.54,0.9819,20
1579055590.018,0.58,1.0105,0.55,0.986,20
1579055590.406,0.58,0.9666,0.55,1.0053,20
1579055591.188,0.57,0.9975,0.57,0.9831,21
1579055591.968,0.58,0.9864,0.57,0.9768,21
1579055592.778,0.58,0.9774,0.55,0.9777,21
1579055593.542,0.58,0.9893,0.55,0.9893,21
1579055594.299,0.58,0.9778,0.52,1.007,21
1579055595.074,0.58,1.0011,0.55,0.9817,21
1579055595.841,0.59,0.9905,0.59,0.972,21
1579055596.588,0.6,0.9611,0.52,0.9915,21
1579055597.35,0.58,0.9949,0.49,1.0104,21
1579055598.104,0.57,0.9956,0.52,0.987,21
1579055598.885,0.58,0.9912,0.53,0.9805,21
1579055599.642,0.58,1.0061,0.56,0.9873,21
1579055600.024,0.58,0.9598,0.54,0.9982,21
1579055600.885,0.57,0.9947,0.58,0.9758,22
1579055601.648,0.58,0.9795,0.54,0.9785,22
1579055602.427,0.58,0.9737,0.55,0.9766,22
1579055603.196,0.59,0.9841,0.55,0.9848,22
1579055603.96,0.59,0.9735,0.52,1.002,22
1579055604.728,0.58,0.9967,0.58,0.9763,22
1579055605.493,0.59,0.9858,0.59,0.9703,22
1579055606.258,0.61,0.9566,0.52,0.994,22
1579055607.021,0.59,0.992,0.51,1.0062,22
1579055607.798,0.58,0.9907,0.54,0.9835,22
1579055608.573,0.58,0.988,0.52,0.9806,22
1579055609.358,0.58,1.0034,0.53,0.9842,22
1579055609.727,0.59,0.9528,0.56,0.997,22
1579055610.476,0.58,0.9941,0.58,0.9713,23
1579055611.227,0.59,0.9731,0.55,0.9764,23
1579055611.981,0.58,0.971,0.56,0.9733,23
1579055612.735,0.59,0.9793,0.53,0.9856,23
1579055613.479,0.59,0.9705,0.52,1.0002,23
1579055614.234,0.59,0.9921,0.57,0.9707,23
1579055614.989,0.59,0.9826,0.58,0.967,23
1579055615.737,0.61,0.952,0.53,0.9969,23
1579055616.49,0.59,0.9888,0.51,1.0031,23
1579055617.252,0.58,0.9862,0.57,0.975,23
1579055618.0,0.58,0.9839,0.53,0.9753,23
1579055618.745,0.59,0.9981,0.55,0.9871,23
1579055619.127,0.6,0.9466,0.57,0.9919,23
1579055619.882,0.58,0.9896,0.59,0.9639,24
1579055620.634,0.59,0.9691,0.52,0.9807,24
1579055621.396,0.58,0.969,0.55,0.9745,24
1579055622.14,0.59,0.9743,0.54,0.9817,24
1579055622.892,0.59,0.9702,0.52,0.9984,24
1579055623.658,0.59,0.9874,0.54,0.9726,24
1579055624.469,0.59,0.9793,0.59,0.9626,24
1579055625.213,0.61,0.9487,0.54,0.9928,24
1579055625.972,0.59,0.9846,0.52,1.0107,24
1579055626.755,0.58,0.9845,0.6,0.9694,24
1579055627.503,0.59,0.9784,0.56,0.9667,24
1579055628.252,0.58,0.9925,0.54,0.9927,24
1579055628.622,0.6,0.9409,0.57,0.9944,24
1579055629.367,0.58,0.9834,0.59,0.9597,25
1579055630.117,0.59,0.9688,0.54,0.9807,25
1579055630.865,0.58,0.9653,0.52,0.9853,25
1579055631.619,0.59,0.9722,0.54,0.978,25
1579055632.389,0.59,0.9693,0.53,0.9855,25
1579055633.151,0.59,0.9803,0.54,0.9823,25
1579055633.9,0.6,0.9772,0.58,0.9621,25
1579055634.658,0.61,0.9421,0.54,0.9796,25
1579055635.421,0.6,0.9801,0.52,1.0164,25
1579055636.176,0.58,0.9818,0.55,0.977,25
1579055636.932,0.59,0.9696,0.57,0.957,25
1579055637.686,0.59,0.9898,0.54,0.9818,25
1579055638.055,0.61,0.933,0.56,1.0099,25
1579055638.815,0.58,0.9824,0.59,0.9606,26
1579055639.572,0.59,0.9672,0.55,0.9682,26
1579055640.341,0.58,0.959,0.51,0.9994,26
1579055641.089,0.59,0.9727,0.54,0.9856,26
1579055641.858,0.59,0.96,0.56,0.9758,26
1579055642.611,0.59,0.9764,0.52,0.9809,26
1579055643.357,0.6,0.9708,0.56,0.972,26
1579055644.108,0.61,0.9363,0.56,0.972,26
1579055644.864,0.6,0.9759,0.54,0.9993,26
1579055645.661,0.59,0.9735,0.55,0.9876,26
1579055646.403,0.6,0.9642,0.56,0.9613,26
1579055647.158,0.59,0.9837,0.53,0.9668,26
1579055647.525,0.61,0.9256,0.56,1.0083,26
1579055648.282,0.58,0.978,0.59,0.9639,27
1579055649.043,0.6,0.9591,0.56,0.9618,27
1579055649.796,0.59,0.9519,0.51,0.9904,27
1579055650.545,0.59,0.9664,0.55,0.9886,27
1579055651.308,0.6,0.9521,0.56,0.9792,27
1579055652.082,0.59,0.972,0.54,0.9748,27
1579055652.842,0.6,0.9638,0.57,0.9725,27
1579055653.589,0.61,0.9314,0.55,0.9756,27
1579055654.368,0.6,0.9693,0.55,0.996,27
1579055655.153,0.59,0.9689,0.58,0.9807,27
1579055655.913,0.6,0.9587,0.56,0.9652,27
1579055656.681,0.59,0.9788,0.53,0.9736,27
1579055657.058,0.61,0.9174,0.56,1.0041,27
1579055657.804,0.58,0.9715,0.58,0.9622,28
1579055658.555,0.6,0.9535,0.57,0.9713,28
1579055659.306,0.59,0.9471,0.52,0.9908,28
1579055660.055,0.6,0.9604,0.55,0.9792,28
1579055660.808,0.6,0.9505,0.55,0.9791,28
1579055661.562,0.59,0.9647,0.55,0.9751,28
1579055662.335,0.6,0.9609,0.59,0.9641,28
1579055663.078,0.61,0.9265,0.56,0.9808,28
1579055663.829,0.6,0.9655,0.51,0.9989,28
1579055664.583,0.59,0.9661,0.56,0.9633,28
1579055665.336,0.6,0.9554,0.54,0.9629,28
1579055666.09,0.59,0.9736,0.55,0.9886,28
1579055666.461,0.62,0.9105,0.56,0.9934,28
1579055667.211,0.59,0.9645,0.61,0.9595,29
1579055668.005,0.61,0.9494,0.54,0.9888,29
1579055668.75,0.59,0.9437,0.56,0.9939,29
1579055669.503,0.6,0.9553,0.55,0.9718,29
1579055670.274,0.6,0.9507,0.56,0.9836,29
1579055671.021,0.59,0.9604,0.58,0.9745,29
1579055671.787,0.6,0.9579,0.59,0.9607,29
1579055672.544,0.62,0.9241,0.54,0.9904,29
1579055673.302,0.6,0.9625,0.53,0.9944,29
1579055674.043,0.59,0.963,0.6,0.9543,29
1579055674.793,0.59,0.9549,0.54,0.9673,29
1579055675.556,0.6,0.9683,0.55,0.9991,29
1579055675.923,0.62,0.9057,0.57,0.9782,29
1579055676.679,0.59,0.9574,0.6,0.9563,30
1579055677.421,0.61,0.946,0.54,0.9987,30
1579055678.171,0.6,0.9377,0.54,0.9977,30
1579055678.919,0.6,0.951,0.55,0.9676,30
1579055679.675,0.6,0.9449,0.56,0.985,30
1579055680.418,0.6,0.9563,0.58,0.9783,30
1579055681.162,0.61,0.9518,0.58,0.9638,30
1579055681.919,0.62,0.922,0.53,0.9898,30
1579055682.669,0.61,0.9574,0.54,0.9978,30
1579055683.418,0.59,0.9613,0.59,0.9582,30
1579055684.169,0.6,0.9509,0.57,0.9734,30
1579055684.936,0.6,0.965,0.55,1.0058,30
1579055685.299,0.62,0.8998,0.57,0.9755,30
1579055686.055,0.59,0.9517,0.6,0.9562,31
1579055686.834,0.61,0.944,0.52,1.0037,31
1579055687.579,0.6,0.9314,0.52,1.0051,31
1579055688.326,0.6,0.9476,0.59,0.9627,31
1579055689.132,0.6,0.9405,0.55,0.9806,31
1579055689.883,0.6,0.9504,0.54,0.9866,31
1579055690.627,0.61,0.9474,0.58,0.963,31
1579055691.382,0.62,0.919,0.52,0.9782,31
1579055692.145,0.61,0.9518,0.51,1.0079,31
1579055692.89,0.59,0.961,0.58,0.9641,31
1579055693.638,0.6,0.9461,0.57,0.972,31
1579055694.385,0.6,0.9629,0.52,1.0107,31
1579055694.751,0.62,0.8948,0.55,0.9837,31
1579055695.506,0.6,0.9483,0.6,0.955,32
1579055696.256,0.61,0.9441,0.55,0.9995,32
1579055697.005,0.61,0.9253,0.53,1.0225,32
1579055697.756,0.6,0.9475,0.6,0.9625,32
1579055698.494,0.6,0.9373,0.58,0.9708,32
1579055699.25,0.6,0.9443,0.55,1.0036,32
1579055699.995,0.61,0.9475,0.57,0.9634,32
1579055700.743,0.62,0.9125,0.59,0.9625,32
1579055701.486,0.61,0.9507,0.48,1.0147,32
1579055702.238,0.59,0.9575,0.57,0.9743,32
1579055702.99,0.61,0.9382,0.54,0.9617,32
1579055703.745,0.6,0.9634,0.53,1.0007,32
1579055704.116,0.63,0.8866,0.52,1.0134,32
1579055704.861,0.59,0.9526,0.61,0.9545,33
1579055705.607,0.61,0.9439,0.59,0.9741,33
1579055706.372,0.61,0.9208,0.52,1.0489,33
1579055707.119,0.6,0.9537,0.57,0.9693,33
1579055707.865,0.61,0.9268,0.6,0.9522,33
1579055708.615,0.6,0.9469,0.58,0.9952,33
1579055709.372,0.61,0.9408,0.53,0.9922,33
1579055710.112,0.62,0.9074,0.6,0.9555,33
1579055710.906,0.61,0.9528,0.55,0.9805,33
1579055711.659,0.6,0.9466,0.55,1.0081,33
1579055712.408,0.61,0.9386,0.57,0.9682,33
1579055713.169,0.6,0.9571,0.56,0.967,33
1579055713.544,0.63,0.8809,0.51,1.0335,33
1579055714.294,0.59,0.9551,0.59,0.9701,34
1579055715.064,0.62,0.9257,0.61,0.9617,34
1579055715.819,0.6,0.9257,0.53,1.0082,34
1579055716.574,0.6,0.9359,0.55,1.0109,34
1579055717.334,0.61,0.9237,0.6,0.9577,34
1579055718.101,0.6,0.9412,0.6,0.9568,34
1579055718.865,0.61,0.9336,0.53,1.0092,34
1579055719.617,0.62,0.9052,0.52,0.9857,34
1579055720.366,0.61,0.9414,0.57,0.9655,34
1579055721.124,0.6,0.9458,0.55,0.9876,34
1579055721.884,0.61,0.928,0.58,1.0034,34
1579055722.638,0.6,0.9527,0.55,0.9755,34
1579055723.009,0.63,0.8725,0.56,0.9946,34
1579055723.767,0.6,0.9357,0.58,0.9799,35
1579055724.519,0.62,0.9185,0.56,0.9806,35
1579055725.276,0.61,0.9123,0.55,0.9955,35
1579055726.043,0.6,0.9301,0.56,0.9877,35
1579055726.806,0.62,0.9164,0.58,0.9709,35
1579055727.551,0.61,0.9331,0.61,0.9655,35
1579055728.294,0.62,0.9281,0.57,0.9926,35
1579055729.047,0.63,0.8992,0.52,0.9955,35
1579055729.797,0.61,0.9397,0.55,0.9759,35
1579055730.539,0.6,0.9452,0.53,0.9983,35
1579055731.279,0.61,0.9368,0.58,1.0112,35
1579055732.025,0.59,0.9704,0.55,1.0016,35
1579055732.392,0.62,0.8815,0.53,1.0061,35
1579055733.204,0.6,0.9352,0.6,0.982,36
1579055733.958,0.61,0.9228,0.57,1.0059,36
1579055734.704,0.6,0.9248,0.54,1.0131,36
1579055735.446,0.6,0.9371,0.57,0.9806,36
1579055736.193,0.61,0.9167,0.6,0.9769,36
1579055736.947,0.61,0.9387,0.57,0.9835,36
1579055737.69,0.61,0.9412,0.56,0.9792,36
1579055738.433,0.63,0.8907,0.53,1.0017,36
1579055739.184,0.61,0.9502,0.54,0.9845,36
1579055739.931,0.6,0.9453,0.54,0.9709,36
1579055740.676,0.62,0.9209,0.59,0.9801,36
1579055741.419,0.6,0.95,0.58,0.9895,36
1579055741.782,0.64,0.8691,0.54,1.0056,36
1579055742.527,0.6,0.9325,0.57,0.9791,37
1579055743.29,0.62,0.9255,0.56,0.9853,37
1579055744.03,0.62,0.9105,0.51,1.0311,37
1579055744.787,0.6,0.9321,0.61,0.9771,37
1579055745.532,0.62,0.9108,0.6,0.9524,37
1579055746.283,0.6,0.9287,0.56,0.9773,37
1579055747.042,0.62,0.9212,0.56,0.9977,37
1579055747.792,0.63,0.8886,0.58,0.9713,37
1579055748.535,0.61,0.9306,0.54,0.9908,37
1579055749.281,0.61,0.9327,0.55,0.9984,37
1579055750.022,0.62,0.9171,0.6,0.9745,37
1579055750.778,0.61,0.9403,0.56,0.9777,37
1579055751.162,0.64,0.8536,0.5,1.0131,37
1579055751.923,0.6,0.9297,0.57,0.9667,38
1579055752.674,0.62,0.9135,0.56,0.9858,38
1579055753.42,0.62,0.902,0.54,1.0231,38
1579055754.17,0.61,0.923,0.57,0.9721,38
1579055754.915,0.62,0.9059,0.62,0.9613,38
1579055755.659,0.61,0.9219,0.59,0.9778,38
1579055756.458,0.63,0.9168,0.58,0.9784,38
1579055757.202,0.64,0.8847,0.56,0.9814,38
1579055757.948,0.62,0.9271,0.51,0.9957,38
1579055758.696,0.61,0.9304,0.57,0.9802,38
1579055759.446,0.62,0.9122,0.6,0.9791,38
1579055760.211,0.61,0.9343,0.58,0.9907,38
1579055760.574,0.65,0.8444,0.57,1.0011,38
1579055761.321,0.61,0.9224,0.57,0.9653,39
1579055762.074,0.62,0.9111,0.56,1.0005,39
1579055762.818,0.63,0.896,0.54,1.0142,39
1579055763.567,0.61,0.9164,0.57,0.9613,39
1579055764.31,0.62,0.9039,0.6,0.975,39
1579055765.055,0.62,0.9144,0.6,0.9778,39
1579055765.81,0.63,0.9096,0.58,0.9679,39
1579055766.556,0.64,0.8833,0.52,0.9923,39
1579055767.297,0.62,0.9199,0.55,0.9919,39
1579055768.042,0.61,0.9247,0.58,0.9761,39
1579055768.797,0.62,0.9138,0.59,0.9887,39
1579055769.54,0.61,0.9292,0.54,0.9931,39
1579055769.905,0.65,0.8377,0.55,1.001,39
1579055770.67,0.61,0.9191,0.58,0.9716,40
1579055771.415,0.62,0.904,0.57,1.011,40
1579055772.177,0.62,0.8969,0.56,1.0052,40
1579055772.939,0.61,0.9113,0.58,0.9651,40
1579055773.686,0.62,0.8999,0.58,0.9864,40
1579055774.44,0.62,0.9115,0.59,0.9694,40
1579055775.203,0.63,0.9053,0.57,0.973,40
1579055775.962,0.64,0.8797,0.55,0.995,40
1579055776.738,0.62,0.9151,0.57,0.9798,40
1579055777.548,0.61,0.9231,0.6,0.9834,40
1579055778.31,0.62,0.9096,0.59,0.9945,40
1579055779.061,0.61,0.9276,0.57,0.9878,40
1579055779.437,0.65,0.8344,0.54,1.0161,40
1579055780.2,0.61,0.9168,0.58,0.9717,41
1579055780.957,0.62,0.9038,0.58,1.0033,41
1579055781.723,0.62,0.8915,0.57,1.0193,41
1579055782.51,0.62,0.9109,0.57,0.963,41
1579055783.264,0.62,0.9003,0.61,0.9833,41
1579055784.018,0.62,0.9027,0.61,0.9869,41
1579055784.767,0.63,0.9039,0.57,0.9684,41
1579055785.511,0.64,0.8742,0.57,0.9895,41
1579055786.258,0.62,0.9105,0.54,0.9949,41
1579055787.001,0.61,0.9192,0.58,0.9683,41
1579055787.753,0.63,0.9009,0.58,0.9937,41
1579055788.496,0.61,0.9263,0.54,1.0041,41
1579055788.866,0.65,0.8238,0.56,0.9984,41
1579055789.617,0.61,0.909,0.57,0.9727,42
1579055790.391,0.63,0.8969,0.57,1.0103,42
1579055791.141,0.63,0.8834,0.56,0.9958,42
1579055791.893,0.62,0.9049,0.6,0.9607,42
1579055792.651,0.63,0.8893,0.6,0.986,42
1579055793.418,0.63,0.8975,0.62,0.9623,42
1579055794.168,0.64,0.8963,0.6,0.9775,42
1579055794.916,0.65,0.8632,0.56,0.9925,42
1579055795.661,0.62,0.9063,0.54,0.9784,42
1579055796.418,0.62,0.9113,0.6,0.9839,42
1579055797.164,0.63,0.8935,0.61,0.9779,42
1579055797.912,0.62,0.9143,0.56,0.9842,42
1579055798.283,0.66,0.8109,0.53,1.0303,42
1579055799.032,0.61,0.912,0.62,0.9613,43
1579055799.83,0.62,0.9056,0.58,1.0218,43
1579055800.59,0.63,0.8824,0.59,1.0009,43
1579055801.338,0.62,0.8994,0.59,0.9471,43
1579055802.082,0.63,0.8927,0.61,1.0126,43
1579055802.845,0.63,0.899,0.6,0.959,43
1579055803.596,0.64,0.891,0.58,0.9661,43
1579055804.341,0.65,0.8621,0.55,1.0104,43
1579055805.11,0.62,0.9056,0.53,0.9661,43
1579055805.866,0.62,0.9089,0.59,0.9866,43
1579055806.622,0.63,0.8923,0.6,0.9938,43
1579055807.366,0.62,0.9113,0.58,0.9771,43
1579055807.731,0.66,0.8116,0.53,1.0454,43
1579055808.477,0.61,0.916,0.59,0.9706,44
1579055809.221,0.63,0.8934,0.56,0.998,44
1579055809.966,0.63,0.8829,0.53,1.0525,44
1579055810.714,0.61,0.9115,0.57,0.9468,44
1579055811.459,0.62,0.8978,0.59,0.9884,44
1579055812.22,0.63,0.8985,0.61,1.0174,44
1579055812.974,0.63,0.8998,0.55,0.9578,44
1579055813.724,0.63,0.8761,0.58,0.9744,44
1579055814.467,0.63,0.8973,0.52,1.0347,44
1579055815.209,0.62,0.921,0.56,0.9669,44
1579055815.986,0.62,0.9052,0.62,0.9844,44
1579055816.75,0.61,0.9302,0.52,1.0745,44
1579055817.117,0.65,0.8254,0.58,0.9885,44
1579055817.868,0.61,0.9001,0.59,0.9744,45
1579055818.617,0.62,0.9078,0.55,1.043,45
1579055819.359,0.63,0.8921,0.59,1.0338,45
1579055820.121,0.61,0.911,0.61,0.9554,45
1579055820.923,0.64,0.8798,0.58,0.9851,45
1579055821.687,0.62,0.9078,0.6,1.0034,45
1579055822.433,0.63,0.904,0.59,0.9682,45
1579055823.192,0.65,0.8547,0.57,0.9856,45
1579055823.947,0.62,0.9147,0.58,1.0013,45
1579055824.692,0.62,0.9121,0.57,0.9978,45
1579055825.432,0.63,0.8864,0.57,0.9676,45
1579055826.182,0.62,0.9136,0.61,0.9951,45
1579055826.548,0.66,0.8097,0.55,1.0568,45
1579055827.299,0.61,0.912,0.6,0.9737,46
1579055828.054,0.62,0.8991,0.61,0.9731,46
1579055828.796,0.63,0.8799,0.52,1.0836,46
1579055829.535,0.61,0.9185,0.59,0.9691,46
1579055830.289,0.64,0.8717,0.58,0.9437,46
1579055831.036,0.62,0.9038,0.61,0.9998,46
1579055831.78,0.64,0.8865,0.56,1.0216,46
1579055832.524,0.64,0.861,0.59,0.948,46
1579055833.298,0.63,0.9016,0.54,0.9843,46
1579055834.042,0.62,0.9016,0.56,1.0316,46
1579055834.795,0.63,0.8914,0.59,0.9678,46
1579055835.54,0.62,0.9124,0.58,0.9645,46
1579055835.902,0.67,0.7971,0.52,1.057,46
1579055836.66,0.61,0.9113,0.61,0.9713,47
1579055837.41,0.64,0.8734,0.59,0.9602,47
1579055838.153,0.63,0.8783,0.58,1.0213,47
1579055838.919,0.62,0.8892,0.6,1.0204,47
1579055839.681,0.64,0.8761,0.63,0.9504,47
1579055840.443,0.63,0.883,0.58,0.9555,47
1579055841.191,0.63,0.8856,0.57,1.0267,47
1579055841.935,0.64,0.8643,0.55,0.9896,47
1579055842.73,0.63,0.8874,0.53,0.9883,47
1579055843.482,0.62,0.9056,0.58,0.9989,47
1579055844.245,0.63,0.8817,0.6,1.015,47
1579055845.004,0.62,0.902,0.56,0.9808,47
1579055845.369,0.67,0.7907,0.61,1.0039,47
1579055846.127,0.63,0.8859,0.62,0.9996,48
1579055846.875,0.64,0.865,0.57,0.9906,48
1579055847.622,0.64,0.8676,0.61,0.988,48
1579055848.367,0.63,0.8794,0.6,1.0073,48
1579055849.121,0.64,0.8678,0.61,0.9723,48
1579055849.865,0.63,0.8777,0.6,0.9515,48
1579055850.611,0.64,0.8764,0.57,1.0134,48
1579055851.358,0.65,0.849,0.55,1.0147,48
1579055852.102,0.63,0.8849,0.51,0.9731,48
1579055852.851,0.62,0.897,0.59,0.9926,48
1579055853.601,0.64,0.8705,0.6,1.0088,48
1579055854.345,0.62,0.8999,0.57,0.974,48
1579055854.708,0.68,0.7752,0.57,1.0263,48
1579055855.454,0.62,0.8871,0.61,0.9913,49
1579055856.195,0.63,0.8703,0.55,1.0001,49
1579055856.945,0.64,0.8598,0.59,1.0125,49
1579055857.699,0.63,0.8783,0.58,0.9909,49
1579055858.437,0.64,0.8716,0.61,0.9864,49
1579055859.177,0.64,0.8709,0.57,0.9711,49
1579055859.931,0.64,0.8706,0.6,1.005,49
1579055860.676,0.65,0.8537,0.55,1.0236,49
1579055861.417,0.63,0.8813,0.54,0.9836,49
1579055862.16,0.62,0.8909,0.61,0.9836,49
1579055862.909,0.64,0.867,0.59,1.0138,49
1579055863.651,0.63,0.8939,0.58,0.9837,49
1579055864.012,0.68,0.7653,0.57,1.0246,49
1579055864.826,0.62,0.8791,0.6,0.9923,50
1579055865.57,0.64,0.8597,0.59,0.9952,50
1579055866.32,0.65,0.8519,0.59,1.0099,50
1579055867.093,0.63,0.8733,0.6,0.9823,50
1579055867.837,0.64,0.8602,0.6,0.9827,50
1579055868.585,0.64,0.8621,0.58,0.9767,50
1579055869.332,0.65,0.864,0.6,1.0081,50
1579055870.08,0.65,0.8428,0.58,1.0136,50
1579055870.839,0.63,0.8727,0.56,0.981,50
1579055871.596,0.63,0.8819,0.6,0.9939,50
1579055872.364,0.64,0.8623,0.6,1.0006,50
1579055873.109,0.63,0.8852,0.6,0.9946,50
1579055873.48,0.69,0.7563,0.56,1.0494,50
1579055874.253,0.62,0.8807,0.59,0.98,51
1579055875.0,0.64,0.8636,0.6,1.0177,51
1579055875.763,0.64,0.8538,0.59,1.0174,51
1579055876.508,0.63,0.8701,0.59,0.9688,51
1579055877.264,0.64,0.8604,0.59,1.017,51
1579055878.02,0.65,0.8669,0.61,0.972,51
1579055878.771,0.65,0.8585,0.6,1.0012,51
1579055879.515,0.65,0.837,0.55,1.0232,51
1579055880.288,0.64,0.8699,0.56,0.9722,51
1579055881.04,0.63,0.883,0.57,1.0233,51
1579055881.82,0.64,0.8709,0.59,1.0117,51
1579055882.571,0.63,0.8864,0.6,0.9988,51
1579055882.94,0.69,0.7578,0.54,1.0779,51
1579055883.698,0.62,0.8931,0.58,0.9996,52
1579055884.475,0.63,0.8776,0.57,1.0197,52
1579055885.228,0.64,0.8571,0.58,1.0515,52
1579055885.968,0.63,0.8856,0.56,1.0005,52
1579055886.709,0.63,0.8903,0.6,1.002,52
1579055887.462,0.65,0.8557,0.55,1.0425,52
1579055888.259,0.63,0.9027,0.61,1.0345,52
1579055889.001,0.64,0.8762,0.59,1.0204,52
1579055889.747,0.64,0.886,0.51,1.0831,52
1579055890.498,0.61,0.9272,0.61,0.9886,52
1579055891.245,0.63,0.8715,0.58,1.0221,52
1579055891.987,0.61,0.9158,0.59,1.0264,52
1579055892.362,0.68,0.7602,0.55,1.057,52
1579055893.104,0.61,0.8929,0.57,1.0194,53
1579055893.852,0.63,0.8714,0.6,1.0188,53
1579055894.621,0.64,0.857,0.59,1.0525,53
1579055895.365,0.63,0.8891,0.62,0.9841,53
1579055896.109,0.65,0.8487,0.61,0.9776,53
1579055896.896,0.62,0.8819,0.63,0.9926,53
1579055897.643,0.65,0.8577,0.58,1.0286,53
1579055898.383,0.65,0.842,0.61,1.0009,53
1579055899.142,0.64,0.8717,0.6,1.0248,53
1579055899.894,0.62,0.8843,0.54,1.0386,53
1579055900.643,0.63,0.8785,0.59,1.0004,53
1579055901.395,0.63,0.8827,0.58,1.0236,53
1579055901.761,0.69,0.7728,0.57,1.0369,53
1579055902.541,0.63,0.8682,0.53,1.0231,54
1579055903.295,0.63,0.8827,0.6,1.0108,54
1579055904.05,0.64,0.8521,0.59,1.077,54
1579055904.812,0.63,0.8896,0.6,0.9942,54
1579055905.569,0.65,0.8462,0.59,0.9792,54
1579055906.328,0.64,0.8698,0.59,1.0047,54
1579055907.08,0.65,0.8607,0.56,1.0225,54
1579055907.84,0.65,0.8306,0.57,1.0027,54
1579055908.59,0.64,0.8793,0.54,1.0324,54
1579055909.39,0.63,0.8738,0.58,1.0272,54
1579055910.158,0.63,0.8722,0.61,0.9926,54
1579055910.907,0.64,0.8767,0.59,1.0359,54
1579055911.27,0.69,0.7591,0.59,1.0501,54
1579055912.022,0.63,0.8676,0.55,1.0109,55
1579055912.766,0.63,0.8748,0.59,1.007,55
1579055913.505,0.65,0.8399,0.59,1.0854,55
1579055914.255,0.63,0.8836,0.61,0.9914,55
1579055915.031,0.65,0.847,0.59,0.9739,55
1579055915.772,0.64,0.8608,0.58,1.0204,55
1579055916.51,0.64,0.867,0.58,1.016,55
1579055917.263,0.66,0.8201,0.59,1.0096,55
1579055918.008,0.63,0.8917,0.57,1.0389,55
1579055918.749,0.64,0.8624,0.57,1.0427,55
1579055919.492,0.62,0.8872,0.62,0.9835,55
1579055920.243,0.64,0.871,0.59,1.0582,55
1579055920.605,0.69,0.7619,0.56,1.0704,55
1579055921.361,0.63,0.8789,0.56,1.0078,56
1579055922.103,0.64,0.8655,0.53,1.028,56
1579055922.843,0.62,0.8664,0.58,1.0918,56
1579055923.609,0.63,0.8726,0.61,1.0242,56
1579055924.36,0.63,0.8745,0.63,0.9713,56
1579055925.134,0.65,0.8508,0.59,1.0328,56
1579055925.881,0.63,0.8839,0.55,1.027,56
1579055926.631,0.66,0.8243,0.59,1.0065,56
1579055927.377,0.63,0.8876,0.57,1.0369,56
1579055928.117,0.64,0.8808,0.56,1.042,56
1579055928.864,0.64,0.8552,0.61,1.006,56
1579055929.611,0.61,0.9061,0.59,1.005,56
1579055929.973,0.71,0.7354,0.57,1.1107,56
1579055930.721,0.62,0.9081,0.59,1.0072,57
1579055931.524,0.64,0.8533,0.57,1.0089,57
1579055932.286,0.62,0.8647,0.56,1.0777,57
1579055933.032,0.62,0.8852,0.57,1.0432,57
1579055933.794,0.65,0.8376,0.6,0.9979,57
1579055934.544,0.63,0.8825,0.61,0.9867,57
1579055935.314,0.65,0.8505,0.54,1.0707,57
1579055936.074,0.66,0.8335,0.56,1.0141,57
1579055936.823,0.64,0.8633,0.59,0.9823,57
1579055937.571,0.64,0.8615,0.58,1.0388,57
1579055938.316,0.65,0.8504,0.59,1.0241,57
1579055939.06,0.64,0.8652,0.59,0.9859,57
1579055939.43,0.7,0.7429,0.58,1.0326,57
1579055940.196,0.63,0.8548,0.59,1.0214,58
1579055940.94,0.65,0.8314,0.59,0.9962,58
1579055941.727,0.65,0.8364,0.55,1.0251,58
1579055942.473,0.64,0.8448,0.58,1.0382,58
1579055943.216,0.65,0.8317,0.61,0.9773,58
1579055943.961,0.65,0.8395,0.58,0.9731,58
1579055944.725,0.66,0.8437,0.57,1.0536,58
1579055945.483,0.66,0.809,0.57,1.0116,58
1579055946.227,0.65,0.8462,0.57,0.9952,58
1579055946.982,0.65,0.8533,0.55,1.0563,58
1579055947.731,0.65,0.8441,0.59,1.0012,58
1579055948.472,0.64,0.857,0.61,1.0012,58
1579055948.84,0.72,0.7213,0.55,1.0889,58
1579055949.587,0.63,0.8641,0.57,1.0013,59
1579055950.327,0.66,0.8329,0.55,1.0269,59
1579055951.089,0.64,0.8424,0.55,1.1086,59
1579055951.836,0.64,0.86,0.61,0.9976,59
1579055952.63,0.65,0.8352,0.62,0.9875,59
1579055953.38,0.64,0.8497,0.59,1.0355,59
1579055954.134,0.65,0.8478,0.56,1.011,59
1579055954.908,0.67,0.8017,0.61,1.0067,59
1579055955.667,0.64,0.8654,0.57,1.0388,59
1579055956.424,0.65,0.8478,0.54,1.0394,59
1579055957.177,0.63,0.8645,0.6,0.9955,59
1579055957.926,0.64,0.8619,0.6,1.0533,59
1579055958.302,0.72,0.7213,0.56,1.0621,59
1579055959.094,0.63,0.863,0.59,1.0153,60
1579055959.843,0.66,0.8329,0.54,1.0538,60
1579055960.598,0.62,0.8577,0.53,1.0769,60
1579055961.353,0.65,0.8453,0.61,1.0186,60
1579055962.114,0.64,0.8513,0.62,0.9945,60
1579055962.866,0.66,0.8366,0.62,1.0285,60
1579055963.613,0.65,0.8516,0.55,1.0416,60
1579055964.367,0.66,0.8101,0.58,1.0277,60
1579055965.118,0.65,0.8607,0.58,1.0444,60
1579055965.899,0.65,0.8638,0.57,1.0367,60
1579055966.646,0.65,0.8405,0.57,1.0192,60
1579055967.393,0.63,0.8747,0.6,1.0393,60
1579055967.758,0.73,0.7132,0.57,1.0898,60
1579055968.522,0.63,0.8796,0.59,1.0163,61
1579055969.28,0.65,0.8338,0.55,1.0467,61
1579055970.027,0.63,0.8513,0.57,1.0795,61
1579055970.779,0.64,0.8526,0.6,1.0241,61
1579055971.541,0.65,0.8318,0.61,1.005,61
1579055972.292,0.65,0.8463,0.61,1.013,61
1579055973.034,0.66,0.8338,0.58,1.0503,61
1579055973.78,0.66,0.8163,0.59,1.0155,61
1579055974.586,0.66,0.8377,0.58,1.0301,61
1579055975.342,0.65,0.8573,0.61,1.0338,61
1579055976.098,0.66,0.8233,0.56,1.0091,61
1579055976.841,0.63,0.8656,0.6,1.0174,61
1579055977.212,0.72,0.7028,0.56,1.0944,61
1579055977.964,0.64,0.8581,0.59,1.0059,62
1579055978.719,0.65,0.8354,0.58,1.0322,62
1579055979.463,0.66,0.8232,0.57,1.1037,62
1579055980.203,0.64,0.8531,0.62,1.0007,62
1579055980.948,0.67,0.8132,0.61,0.9969,62
1579055981.699,0.65,0.8407,0.6,1.0365,62
1579055982.438,0.67,0.8252,0.57,1.0395,62
1579055983.186,0.67,0.7995,0.56,1.0109,62
1579055983.935,0.66,0.8349,0.57,1.0519,62
1579055984.682,0.65,0.8412,0.59,1.0259,62
1579055985.426,0.66,0.8186,0.6,0.9963,62
1579055986.199,0.64,0.8512,0.58,1.0397,62
1579055986.597,0.73,0.6902,0.57,1.0802,62
1579055987.343,0.64,0.8421,0.58,1.0084,63
1579055988.086,0.65,0.826,0.56,1.0613,63
1579055988.838,0.66,0.8161,0.58,1.0923,63
1579055989.576,0.65,0.8362,0.61,0.9884,63
1579055990.323,0.66,0.8164,0.61,1.0119,63
1579055991.066,0.66,0.825,0.62,1.0347,63
1579055991.814,0.67,0.8183,0.58,1.0175,63
1579055992.562,0.68,0.7916,0.58,1.0309,63
1579055993.307,0.66,0.8275,0.58,1.0549,63
1579055994.059,0.66,0.8347,0.6,1.0119,63
1579055994.81,0.66,0.8176,0.59,1.0214,63
1579055995.555,0.64,0.8447,0.6,1.0556,63
1579055995.918,0.74,0.6745,0.57,1.0677,63
1579055996.727,0.65,0.8391,0.58,1.0305,64
1579055997.47,0.67,0.8059,0.56,1.0803,64
1579055998.218,0.65,0.8158,0.61,1.0676,64
1579055998.972,0.65,0.8213,0.61,1.0132,64
1579055999.717,0.66,0.8149,0.62,1.0293,64
1579056000.467,0.68,0.8124,0.63,1.0185,64
1579056001.22,0.66,0.8227,0.57,1.036,64
1579056001.974,0.68,0.7786,0.57,1.0474,64
1579056002.719,0.66,0.8291,0.61,1.0281,64
1579056003.464,0.66,0.822,0.56,1.0514,64
1579056004.225,0.66,0.8222,0.58,1.027,64
1579056004.978,0.65,0.8348,0.59,1.0534,64
1579056005.34,0.74,0.6689,0.55,1.1011,64
1579056006.089,0.65,0.8346,0.58,1.023,65
1579056006.833,0.66,0.8187,0.57,1.1064,65
1579056007.58,0.67,0.8081,0.6,1.052,65
1579056008.331,0.67,0.8173,0.6,1.0244,65
1579056009.07,0.67,0.806,0.61,1.0615,65
1579056009.814,0.67,0.8075,0.64,1.0033,65
1579056010.564,0.66,0.8217,0.58,1.0697,65
1579056011.317,0.68,0.7782,0.57,1.047,65
1579056012.056,0.66,0.8263,0.58,1.0183,65
1579056012.807,0.66,0.8184,0.53,1.0874,65
1579056013.556,0.66,0.8257,0.64,1.0129,65
1579056014.304,0.65,0.8299,0.59,1.0786,65
1579056014.694,0.73,0.6653,0.55,1.1151,65
1579056015.446,0.65,0.8272,0.59,1.023,66
1579056016.185,0.65,0.8326,0.56,1.1261,66
1579056016.977,0.67,0.8059,0.6,1.0566,66
1579056017.721,0.66,0.8172,0.6,1.0149,66
1579056018.467,0.67,0.8,0.6,1.0924,66
1579056019.218,0.67,0.8111,0.65,1.005,66
1579056020.02,0.67,0.8143,0.57,1.0646,66
1579056020.77,0.68,0.7763,0.56,1.0748,66
1579056021.523,0.66,0.8185,0.64,0.9964,66
1579056022.292,0.66,0.8227,0.56,1.0882,66
1579056023.038,0.66,0.8149,0.63,1.0245,66
1579056023.781,0.66,0.8233,0.59,1.038,66
1579056024.153,0.75,0.6571,0.54,1.172,66
1579056024.907,0.64,0.84,0.61,1.0099,67
1579056025.657,0.65,0.8344,0.59,1.0816,67
1579056026.406,0.68,0.79,0.55,1.1437,67
1579056027.163,0.66,0.8268,0.58,0.9873,67
1579056027.91,0.66,0.8249,0.62,1.0767,67
1579056028.673,0.68,0.8011,0.59,1.0719,67
1579056029.421,0.68,0.8052,0.64,0.9958,67
1579056030.193,0.68,0.787,0.55,1.0857,67
1579056030.946,0.66,0.8165,0.57,1.0562,67
1579056031.732,0.67,0.8094,0.63,1.0039,67
1579056032.49,0.66,0.8194,0.6,1.0903,67
1579056033.243,0.65,0.8256,0.59,1.0597,67
1579056033.624,0.75,0.653,0.6,1.0665,67
1579056034.381,0.66,0.8116,0.57,1.0789,68
1579056035.136,0.67,0.7928,0.61,1.0454,68
1579056035.891,0.67,0.7945,0.55,1.1064,68
1579056036.638,0.66,0.8261,0.59,1.0602,68
1579056037.388,0.68,0.7913,0.6,1.0164,68
1579056038.144,0.67,0.8006,0.55,1.1263,68
1579056038.9,0.66,0.8384,0.58,1.0819,68
1579056039.646,0.67,0.7981,0.6,1.0212,68
1579056040.396,0.66,0.8226,0.53,1.1316,68
1579056041.203,0.65,0.8336,0.62,1.0238,68
1579056041.953,0.65,0.8227,0.6,1.0484,68
1579056042.697,0.66,0.818,0.56,1.1107,68
1579056043.07,0.74,0.6547,0.63,1.0585,68
1579056043.829,0.65,0.8098,0.62,1.0503,69
1579056044.577,0.67,0.7981,0.59,1.0793,69
1579056045.322,0.68,0.7848,0.6,1.0597,69
1579056046.067,0.67,0.8066,0.6,1.0437,69
1579056046.846,0.68,0.7826,0.64,1.0478,69
1579056047.609,0.68,0.7913,0.58,1.0557,69
1579056048.351,0.67,0.8027,0.56,1.0816,69
1579056049.098,0.68,0.7686,0.58,1.0425,69
1579056049.841,0.67,0.81,0.57,1.0644,69
1579056050.583,0.67,0.8034,0.58,1.0465,69
1579056051.336,0.66,0.8047,0.63,1.0376,69
1579056052.097,0.66,0.8117,0.58,1.0873,69
1579056052.46,0.75,0.6419,0.58,1.1016,69
1579056053.208,0.66,0.8074,0.61,1.0407,70
1579056053.957,0.66,0.8022,0.57,1.1054,70
1579056054.698,0.68,0.7826,0.59,1.0659,70
1579056055.45,0.67,0.8041,0.6,1.0396,70
1579056056.2,0.69,0.7772,0.6,1.073,70
1579056056.944,0.69,0.7858,0.6,1.0387,70
1579056057.705,0.68,0.794,0.57,1.0966,70
1579056058.457,0.68,0.7648,0.6,1.0341,70
1579056059.209,0.68,0.8004,0.58,1.0589,70
1579056059.96,0.67,0.7981,0.59,1.0551,70
1579056060.703,0.67,0.7947,0.64,1.0392,70
1579056061.461,0.66,0.807,0.58,1.1002,70
1579056061.824,0.76,0.6268,0.59,1.0905,70
1579056062.584,0.66,0.7984,0.62,1.0387,71
1579056063.382,0.67,0.7875,0.56,1.1282,71
1579056064.122,0.68,0.7811,0.58,1.0368,71
1579056064.879,0.68,0.7993,0.62,1.0937,71
1579056065.648,0.68,0.774,0.62,1.056,71
1579056066.388,0.69,0.7759,0.59,1.04,71
1579056067.13,0.69,0.7828,0.55,1.124,71
1579056067.886,0.69,0.7616,0.62,0.9951,71
1579056068.636,0.68,0.8044,0.53,1.1343,71
1579056069.377,0.67,0.8111,0.61,1.0085,71
1579056070.123,0.66,0.8035,0.62,1.1004,71
1579056070.867,0.67,0.8063,0.59,1.0831,71
1579056071.229,0.77,0.6183,0.58,1.0786,71
1579056071.983,0.67,0.7982,0.61,1.0675,72
1579056072.73,0.68,0.775,0.61,1.0741,72
1579056073.471,0.68,0.7684,0.59,1.0773,72
1579056074.222,0.68,0.788,0.62,1.0746,72
1579056074.991,0.69,0.7735,0.6,1.0668,72
1579056075.738,0.69,0.7736,0.62,1.037,72
1579056076.48,0.68,0.7794,0.57,1.1068,72
1579056077.225,0.69,0.755,0.61,1.0119,72
1579056077.99,0.68,0.7947,0.58,1.101,72
1579056078.756,0.67,0.8002,0.57,1.037,72
1579056079.499,0.67,0.7943,0.62,1.0839,72
1579056080.243,0.67,0.802,0.59,1.1067,72
1579056080.641,0.77,0.6122,0.59,1.0874,72
1579056081.402,0.67,0.796,0.63,1.0753,73
1579056082.164,0.68,0.7744,0.56,1.1242,73
1579056082.916,0.68,0.7677,0.6,1.0574,73
1579056083.67,0.68,0.7863,0.6,1.1361,73
1579056084.496,0.69,0.7731,0.62,1.0412,73
1579056085.245,0.69,0.7705,0.61,1.0699,73
1579056086.039,0.69,0.7708,0.6,1.1027,73
1579056086.803,0.69,0.7487,0.63,1.0068,73
1579056087.549,0.68,0.792,0.53,1.1461,73
1579056088.309,0.67,0.8026,0.62,1.0036,73
1579056089.082,0.67,0.8009,0.56,1.1458,73
1579056089.836,0.66,0.8063,0.64,1.0485,73
1579056090.202,0.78,0.6261,0.52,1.1884,73
1579056090.962,0.65,0.8207,0.63,1.0338,74
1579056091.733,0.68,0.7772,0.58,1.1265,74
1579056092.479,0.69,0.7638,0.56,1.1357,74
1579056093.238,0.67,0.7925,0.62,1.0574,74
1579056093.981,0.68,0.7829,0.56,1.1636,74
1579056094.725,0.68,0.7833,0.59,1.0144,74
1579056095.47,0.67,0.8029,0.54,1.1265,74
1579056096.218,0.69,0.7596,0.56,1.0987,74
1579056096.958,0.68,0.7855,0.61,1.0156,74
1579056097.707,0.67,0.7962,0.56,1.1574,74
1579056098.481,0.67,0.7952,0.6,1.0147,74
1579056099.226,0.66,0.7982,0.58,1.0838,74
1579056099.591,0.78,0.6024,0.56,1.1687,74
1579056100.341,0.66,0.7985,0.6,1.0225,75
1579056101.082,0.66,0.8158,0.58,1.1167,75
1579056101.826,0.68,0.7713,0.53,1.2282,75
1579056102.573,0.66,0.8147,0.56,1.0096,75
1579056103.322,0.66,0.8152,0.62,1.1105,75
1579056104.068,0.68,0.7819,0.5,1.1813,75
1579056104.826,0.67,0.8012,0.6,1.0089,75
1579056105.579,0.66,0.8023,0.58,1.0894,75
1579056106.379,0.68,0.7834,0.54,1.2021,75
1579056107.125,0.66,0.8171,0.62,1.0068,75
1579056107.869,0.66,0.8086,0.61,1.0495,75
1579056108.638,0.67,0.7951,0.55,1.2229,75
1579056109.008,0.73,0.6423,0.63,1.0169,75
1579056109.754,0.66,0.797,0.62,1.0342,76
1579056110.502,0.68,0.7695,0.53,1.2061,76
1579056111.25,0.67,0.7889,0.59,1.0177,76
1579056111.989,0.68,0.7867,0.58,1.0357,76
1579056112.737,0.69,0.7539,0.63,1.1266,76
1579056113.478,0.68,0.7783,0.56,1.0376,76
1579056114.23,0.68,0.7735,0.59,1.0547,76
1579056114.969,0.7,0.7365,0.55,1.1453,76
1579056115.736,0.68,0.7911,0.58,1.0537,76
1579056116.49,0.68,0.7758,0.56,1.0623,76
1579056117.236,0.68,0.7771,0.59,1.1106,76
1579056117.986,0.67,0.7982,0.56,1.0806,76
1579056118.354,0.78,0.5963,0.59,1.0844,76
1579056119.106,0.67,0.7791,0.58,1.0741,77
1579056119.861,0.68,0.7649,0.59,1.0832,77
1579056120.608,0.69,0.749,0.56,1.1039,77
1579056121.356,0.68,0.7795,0.64,1.0558,77
1579056122.103,0.7,0.7505,0.63,1.067,77
1579056122.862,0.7,0.7508,0.6,1.0644,77
1579056123.625,0.69,0.7589,0.6,1.0738,77
1579056124.373,0.7,0.7319,0.6,1.0688,77
1579056125.143,0.69,0.7607,0.6,1.0705,77
1579056125.903,0.68,0.7694,0.61,1.0591,77
1579056126.643,0.69,0.7536,0.62,1.0635,77
1579056127.387,0.68,0.7719,0.6,1.0781,77
1579056127.773,0.79,0.5768,0.58,1.1073,77
1579056128.571,0.68,0.7682,0.65,1.028,78
1579056129.324,0.69,0.7508,0.57,1.1142,78
1579056130.077,0.7,0.7452,0.57,1.1138,78
1579056130.82,0.69,0.7614,0.65,1.0387,78
1579056131.563,0.69,0.7484,0.6,1.1358,78
1579056132.306,0.69,0.75,0.63,1.0214,78
1579056133.051,0.69,0.7609,0.58,1.1148,78
1579056133.798,0.7,0.7233,0.59,1.0621,78
1579056134.551,0.7,0.7575,0.6,1.0633,78
1579056135.302,0.69,0.7603,0.57,1.1085,78
1579056136.049,0.69,0.753,0.63,1.0487,78
1579056136.824,0.68,0.774,0.55,1.1559,78
1579056137.187,0.77,0.576,0.62,1.0783,78
1579056137.932,0.68,0.7599,0.63,1.0626,79
1579056138.687,0.69,0.7425,0.56,1.1415,79
1579056139.427,0.7,0.74,0.59,1.0824,79
1579056140.178,0.69,0.7551,0.65,1.1023,79
1579056140.927,0.7,0.7357,0.64,1.0585,79
1579056141.67,0.71,0.7318,0.62,1.076,79
1579056142.444,0.7,0.7503,0.61,1.0918,79
1579056143.193,0.71,0.7256,0.58,1.0765,79
1579056143.941,0.69,0.7574,0.62,1.094,79
1579056144.682,0.69,0.7695,0.55,1.135,79
1579056145.431,0.68,0.7737,0.64,1.0677,79
1579056146.177,0.67,0.79,0.54,1.2394,79
1579056146.544,0.75,0.5927,0.62,1.0351,79
1579056147.298,0.67,0.7793,0.59,1.1457,80
1579056148.04,0.69,0.7553,0.56,1.1337,80
1579056148.782,0.69,0.7449,0.58,1.0558,80
1579056149.548,0.69,0.7639,0.6,1.1842,80
1579056150.313,0.7,0.753,0.65,1.0251,80
1579056151.055,0.69,0.7492,0.61,1.1183,80
1579056151.868,0.7,0.7472,0.56,1.1266,80
1579056152.627,0.7,0.7215,0.61,1.011,80
1579056153.377,0.69,0.7679,0.54,1.1882,80
1579056154.125,0.68,0.7759,0.64,1.0306,80
1579056154.868,0.69,0.7602,0.57,1.1251,80
1579056155.622,0.67,0.7732,0.6,1.142,80
1579056155.984,0.79,0.5811,0.56,1.1189,80
1579056156.741,0.68,0.7654,0.58,1.0707,81
1579056157.479,0.69,0.7415,0.58,1.1434,81
1579056158.225,0.68,0.7695,0.53,1.2513,81
1579056158.972,0.66,0.8435,0.63,1.074,81
1579056159.737,0.7,0.7389,0.59,1.1251,81
1579056160.476,0.69,0.7531,0.54,1.161,81
1579056161.221,0.67,0.8005,0.59,1.1081,81
1579056161.965,0.69,0.7442,0.61,1.0961,81
1579056162.712,0.69,0.77,0.53,1.1763,81
1579056163.458,0.66,0.8187,0.58,1.0723,81
1579056164.205,0.69,0.7525,0.58,1.1024,81
1579056164.972,0.68,0.7833,0.56,1.1169,81
1579056165.339,0.77,0.5716,0.58,1.097,81
1579056166.084,0.68,0.7587,0.64,1.0616,82
1579056166.864,0.69,0.7468,0.54,1.1472,82
1579056167.608,0.7,0.7343,0.57,1.0885,82
1579056168.352,0.69,0.7488,0.62,1.0828,82
1579056169.094,0.7,0.7363,0.61,1.1351,82
1579056169.856,0.71,0.7268,0.59,1.0629,82
1579056170.606,0.68,0.7575,0.61,1.1232,82
1579056171.354,0.71,0.7073,0.56,1.1104,82
1579056172.114,0.7,0.7518,0.6,1.0576,82
1579056172.917,0.69,0.7547,0.55,1.1589,82
1579056173.664,0.68,0.7621,0.6,1.0632,82
1579056174.406,0.68,0.7679,0.55,1.1491,82
1579056174.779,0.78,0.5663,0.59,1.1667,82
1579056175.527,0.68,0.7597,0.59,1.0474,83
1579056176.267,0.67,0.7831,0.53,1.2439,83
1579056177.022,0.68,0.7676,0.59,1.0696,83
1579056177.769,0.7,0.7441,0.63,1.0497,83
1579056178.51,0.69,0.7463,0.57,1.1873,83
1579056179.272,0.7,0.7421,0.59,1.044,83
1579056180.042,0.69,0.7628,0.63,1.1191,83
1579056180.787,0.71,0.705,0.56,1.1408,83
1579056181.536,0.7,0.7439,0.61,1.0277,83
1579056182.289,0.68,0.7711,0.54,1.1585,83
1579056183.031,0.69,0.7415,0.59,1.1009,83
1579056183.774,0.69,0.7488,0.59,1.0798,83
1579056184.14,0.8,0.5631,0.49,1.2719,83
1579056184.885,0.67,0.7884,0.63,1.042,84
1579056185.633,0.68,0.7684,0.62,1.0808,84
1579056186.401,0.7,0.7283,0.54,1.3627,84
1579056187.16,0.66,0.8282,0.58,1.0187,84
1579056187.912,0.67,0.7961,0.56,1.1221,84
1579056188.668,0.67,0.7735,0.5,1.3781,84
1579056189.418,0.65,0.8405,0.58,1.0802,84
1579056190.178,0.64,0.8585,0.6,1.0761,84
1579056190.929,0.65,0.822,0.55,1.5012,84
1579056191.676,0.62,0.9271,0.52,1.1014,84
1579056192.435,0.67,0.8097,0.57,1.0384,84
1579056193.177,0.64,0.8775,0.57,1.188,84
1579056193.544,0.76,0.6401,0.51,1.3114,84
1579056194.291,0.64,0.8451,0.58,1.0652,85
1579056195.11,0.66,0.8182,0.64,0.9924,85
1579056195.861,0.64,0.8502,0.56,1.0886,85
1579056196.612,0.68,0.7894,0.5,1.3181,85
1579056197.358,0.65,0.8442,0.58,1.0522,85
1579056198.106,0.68,0.7626,0.62,0.9823,85
1579056198.858,0.65,0.828,0.63,0.9927,85
1579056199.609,0.7,0.7442,0.51,1.1791,85
1579056200.374,0.67,0.7988,0.51,1.2098,85
1579056201.128,0.67,0.8066,0.55,1.0727,85
1579056201.874,0.68,0.7703,0.6,1.0416,85
1579056202.624,0.65,0.8194,0.58,1.0662,85
1579056202.992,0.78,0.599,0.55,1.226,85
1579056203.748,0.65,0.8314,0.55,1.0925,86
1579056204.506,0.68,0.7619,0.6,1.0211,86
1579056205.25,0.67,0.7841,0.56,1.0487,86
1579056206.012,0.65,0.8049,0.54,1.1616,86
1579056206.77,0.69,0.7571,0.56,1.1559,86
1579056207.515,0.67,0.7848,0.63,0.9899,86
1579056208.256,0.7,0.752,0.61,1.0051,86
1579056209.01,0.68,0.7564,0.6,1.0639,86
1579056209.764,0.69,0.7552,0.55,1.1557,86
1579056210.504,0.69,0.7796,0.58,1.0983,86
1579056211.244,0.68,0.762,0.57,1.0438,86
1579056211.996,0.67,0.7757,0.61,1.0719,86
1579056212.36,0.78,0.6034,0.62,1.1488,86
1579056213.112,0.67,0.7729,0.57,1.0775,87
1579056213.865,0.69,0.7483,0.62,1.0058,87
1579056214.606,0.69,0.7426,0.59,1.0661,87
1579056215.353,0.67,0.766,0.55,1.1553,87
1579056216.153,0.69,0.7489,0.58,1.0337,87
1579056216.898,0.7,0.7359,0.65,0.9655,87
1579056217.653,0.7,0.745,0.63,1.0197,87
1579056218.395,0.71,0.7106,0.59,1.0929,87
1579056219.146,0.69,0.7391,0.55,1.0638,87
1579056219.889,0.7,0.752,0.57,1.068,87
1579056220.629,0.7,0.743,0.57,1.0949,87
1579056221.374,0.69,0.7557,0.61,1.0984,87
1579056221.737,0.79,0.5684,0.57,1.0898,87
1579056222.484,0.69,0.7505,0.59,1.0603,88
1579056223.237,0.69,0.7274,0.6,1.0678,88
1579056223.983,0.69,0.7288,0.58,1.1158,88
1579056224.726,0.69,0.7434,0.58,1.094,88
1579056225.475,0.7,0.7317,0.59,1.0216,88
1579056226.221,0.71,0.7183,0.62,1.0287,88
1579056226.997,0.7,0.7402,0.61,1.0578,88
1579056227.747,0.71,0.6988,0.54,1.0664,88
1579056228.486,0.7,0.7377,0.59,1.1002,88
1579056229.232,0.7,0.7529,0.55,1.1472,88
1579056229.977,0.69,0.7503,0.59,1.0737,88
1579056230.719,0.69,0.7442,0.57,1.1103,88
1579056231.093,0.8,0.5701,0.56,1.1712,88
1579056231.847,0.69,0.7618,0.56,1.0824,89
1579056232.585,0.7,0.7225,0.6,1.0624,89
1579056233.333,0.67,0.7571,0.55,1.1488,89
1579056234.084,0.7,0.7343,0.57,1.1304,89
1579056234.825,0.69,0.7434,0.64,1.0028,89
1579056235.574,0.71,0.7204,0.62,1.0557,89
1579056236.329,0.68,0.7496,0.53,1.1141,89
1579056237.071,0.72,0.6902,0.55,1.1025,89
1579056237.866,0.69,0.7561,0.6,1.088,89
1579056238.618,0.7,0.7442,0.52,1.187,89
1579056239.365,0.68,0.7742,0.59,1.0728,89
1579056240.119,0.69,0.7356,0.58,1.1179,89
1579056240.481,0.8,0.5762,0.58,1.1872,89
1579056241.237,0.69,0.757,0.56,1.1097,90
1579056241.977,0.7,0.723,0.61,1.0646,90
1579056242.736,0.67,0.7603,0.54,1.1276,90
1579056243.484,0.71,0.7237,0.56,1.177,90
1579056244.226,0.69,0.75,0.63,1.0152,90
1579056244.968,0.71,0.7118,0.61,1.0651,90
1579056245.725,0.68,0.7507,0.53,1.1473,90
1579056246.463,0.71,0.6918,0.54,1.1242,90
1579056247.204,0.7,0.7517,0.56,1.0778,90
1579056247.954,0.7,0.7504,0.52,1.1833,90
1579056248.703,0.69,0.7601,0.57,1.1045,90
1579056249.448,0.68,0.7431,0.59,1.1095,90
1579056249.813,0.8,0.566,0.53,1.2024,90
1579056250.561,0.68,0.7817,0.56,1.1194,91
1579056251.318,0.71,0.7054,0.59,1.091,91
1579056252.072,0.66,0.7813,0.59,1.0863,91
1579056252.824,0.7,0.7181,0.53,1.2345,91
1579056253.568,0.68,0.7702,0.59,1.061,91
1579056254.33,0.71,0.716,0.6,1.0655,91
1579056255.104,0.67,0.7584,0.53,1.1598,91
1579056255.852,0.7,0.7202,0.53,1.1356,91
1579056256.597,0.7,0.7358,0.56,1.1045,91
1579056257.349,0.68,0.7954,0.55,1.1188,91
1579056258.097,0.71,0.7124,0.54,1.1995,91
1579056258.84,0.65,0.8254,0.59,1.0918,91
1579056259.205,0.8,0.5524,0.5,1.2004,91
1579056260.009,0.67,0.8148,0.53,1.1629,92
1579056260.757,0.69,0.7368,0.58,1.0837,92
1579056261.517,0.68,0.7456,0.57,1.0982,92
1579056262.283,0.65,0.8079,0.53,1.1406,92
1579056263.029,0.71,0.7127,0.55,1.167,92
1579056263.777,0.68,0.7868,0.6,1.0542,92
1579056264.516,0.7,0.7367,0.57,1.1145,92
1579056265.264,0.7,0.7235,0.56,1.1454,92
1579056266.034,0.68,0.7597,0.57,1.0743,92
1579056266.784,0.71,0.7368,0.56,1.1093,92
1579056267.526,0.69,0.7611,0.56,1.1179,92
1579056268.273,0.69,0.7399,0.58,1.1175,92
1579056268.635,0.77,0.5751,0.58,1.1048,92
1579056269.387,0.68,0.7401,0.52,1.1153,93
1579056270.157,0.71,0.708,0.54,1.097,93
1579056270.899,0.71,0.7156,0.56,1.0679,93
1579056271.673,0.7,0.7177,0.57,1.0578,93
1579056272.427,0.7,0.7196,0.62,1.0385,93
1579056273.175,0.72,0.6994,0.59,1.0585,93
1579056273.92,0.71,0.7209,0.56,1.1012,93
1579056274.661,0.72,0.6801,0.57,1.1237,93
1579056275.415,0.71,0.7088,0.61,1.0992,93
1579056276.159,0.7,0.7251,0.6,1.1012,93
1579056276.905,0.71,0.7027,0.57,1.1164,93
1579056277.657,0.69,0.7304,0.59,1.1169,93
1579056278.021,0.82,0.5318,0.58,1.1422,93
1579056278.771,0.7,0.715,0.55,1.1485,94
1579056279.526,0.7,0.7,0.61,1.0951,94
1579056280.272,0.71,0.6921,0.59,1.0957,94
1579056281.019,0.71,0.7052,0.56,1.0857,94
1579056281.771,0.71,0.6971,0.6,1.0433,94
1579056282.523,0.72,0.6933,0.64,1.0553,94
1579056283.325,0.72,0.6983,0.54,1.1334,94
1579056284.083,0.71,0.6881,0.6,1.0988,94
1579056284.845,0.72,0.6956,0.58,1.1087,94
1579056285.599,0.71,0.7231,0.54,1.1542,94
1579056286.349,0.7,0.7164,0.56,1.11,94
1579056287.12,0.7,0.7187,0.6,1.1421,94
1579056287.49,0.81,0.5332,0.51,1.2139,94
1579056288.248,0.7,0.7393,0.55,1.1196,95
1579056288.99,0.72,0.6821,0.6,1.113,95
1579056289.737,0.68,0.7353,0.51,1.1837,95
1579056290.481,0.71,0.718,0.57,1.1069,95
1579056291.227,0.7,0.7161,0.6,1.0977,95
1579056291.974,0.71,0.7124,0.59,1.1264,95
1579056292.735,0.7,0.7102,0.58,1.0967,95
1579056293.481,0.72,0.6789,0.6,1.1116,95
1579056294.226,0.72,0.7126,0.52,1.1629,95
1579056294.973,0.71,0.7257,0.56,1.1268,95
1579056295.724,0.7,0.7196,0.61,1.1221,95
1579056296.467,0.7,0.7304,0.6,1.1808,95
1579056296.83,0.82,0.5179,0.52,1.1877,95
1579056297.578,0.69,0.7552,0.55,1.1335,96
1579056298.32,0.72,0.674,0.6,1.1402,96
1579056299.071,0.68,0.7299,0.55,1.1281,96
1579056299.817,0.71,0.706,0.57,1.1487,96
1579056300.555,0.71,0.7113,0.58,1.124,96
1579056301.297,0.72,0.7083,0.62,1.1016,96
1579056302.047,0.71,0.6947,0.56,1.1567,96
1579056302.793,0.71,0.7016,0.58,1.1122,96
1579056303.533,0.72,0.7018,0.56,1.1644,96
1579056304.332,0.7,0.7459,0.58,1.1326,96
1579056305.101,0.71,0.6947,0.6,1.1454,96
1579056305.845,0.68,0.7571,0.58,1.1614,96
1579056306.208,0.81,0.5256,0.51,1.2566,96
1579056306.956,0.69,0.7669,0.55,1.1318,97
1579056307.698,0.71,0.7019,0.62,1.1392,97
1579056308.441,0.68,0.7332,0.55,1.1972,97
1579056309.194,0.69,0.7527,0.58,1.1035,97
1579056309.937,0.72,0.6917,0.54,1.1582,97
1579056310.677,0.7,0.7438,0.6,1.1463,97
1579056311.43,0.73,0.6958,0.58,1.1595,97
1579056312.186,0.69,0.7395,0.6,1.0763,97
1579056312.931,0.72,0.6981,0.54,1.1953,97
1579056313.682,0.7,0.7591,0.59,1.1241,97
1579056314.449,0.7,0.7213,0.55,1.1214,97
1579056315.203,0.69,0.7308,0.56,1.1948,97
1579056315.57,0.76,0.566,0.56,1.1921,97
1579056316.318,0.71,0.7087,0.55,1.158,98
1579056317.071,0.69,0.7535,0.56,1.1097,98
1579056317.822,0.72,0.6814,0.58,1.1503,98
1579056318.572,0.69,0.736,0.56,1.0821,98
1579056319.319,0.7,0.7108,0.6,1.064,98
1579056320.07,0.72,0.6861,0.57,1.1828,98
1579056320.818,0.7,0.7435,0.55,1.1155,98
1579056321.572,0.74,0.6575,0.57,1.1125,98
1579056322.335,0.69,0.7452,0.6,1.1235,98
1579056323.081,0.7,0.7199,0.55,1.1457,98
1579056323.823,0.72,0.6982,0.56,1.1063,98
1579056324.573,0.68,0.7483,0.59,1.1506,98
1579056324.941,0.82,0.509,0.54,1.2543,98
1579056325.694,0.69,0.7405,0.54,1.1423,99
1579056326.496,0.72,0.686,0.57,1.0947,99
1579056327.24,0.71,0.7014,0.54,1.1887,99
1579056327.98,0.7,0.7193,0.57,1.0598,99
1579056328.727,0.72,0.6765,0.61,1.0182,99
1579056329.473,0.71,0.6867,0.59,1.1319,99
1579056330.24,0.73,0.6874,0.58,1.1596,99
1579056330.981,0.73,0.6616,0.58,1.0802,99
1579056331.751,0.72,0.7099,0.58,1.1532,99
1579056332.5,0.71,0.6981,0.6,1.1295,99
1579056333.251,0.72,0.6845,0.6,1.0811,99
1579056333.998,0.7,0.7167,0.55,1.157,99
1579056334.365,0.83,0.4845,0.56,1.2543,99
