1579581917.428,0.25,1.3923,0.26,1.391,0
1579581918.56,0.25,1.3895,0.26,1.3886,0
1579581919.768,0.25,1.3881,0.26,1.3862,0
1579581920.857,0.25,1.3862,0.26,1.3841,0
1579581922.033,0.25,1.3846,0.21,1.3816,0
1579581923.211,0.27,1.3823,0.31,1.3792,0
1579581924.36,0.33,1.3812,0.32,1.3775,0
1579581925.491,0.33,1.3788,0.32,1.3755,0
1579581926.627,0.32,1.3743,0.34,1.3734,0
1579581927.818,0.32,1.3716,0.35,1.3697,0
1579581928.856,0.34,1.3624,0.34,1.3641,0
1579581929.753,0.32,1.362,0.35,1.3564,0
1579581930.792,0.34,1.3541,0.35,1.3472,1
1579581931.766,0.37,1.3436,0.35,1.3362,1
1579581932.843,0.37,1.3314,0.35,1.3246,1
1579581933.827,0.37,1.3219,0.38,1.3121,1
1579581934.805,0.41,1.3032,0.39,1.2991,1
1579581935.793,0.41,1.2915,0.41,1.2855,1
1579581936.791,0.4,1.285,0.36,1.2754,1
1579581937.791,0.4,1.2666,0.35,1.2673,1
1579581938.946,0.4,1.2527,0.36,1.2604,1
1579581940.143,0.39,1.2588,0.37,1.254,1
1579581941.111,0.41,1.233,0.36,1.2478,1
1579581942.165,0.4,1.2469,0.42,1.2418,1
1579581943.212,0.43,1.2365,0.42,1.2318,2
1579581944.355,0.41,1.2325,0.43,1.2277,2
1579581945.5,0.41,1.2219,0.46,1.2207,2
1579581946.531,0.4,1.2278,0.5,1.2134,2
1579581947.621,0.42,1.2094,0.44,1.207,2
1579581948.626,0.42,1.2051,0.49,1.1981,2
1579581949.625,0.43,1.206,0.44,1.1973,2
1579581950.71,0.44,1.2026,0.45,1.1887,2
1579581951.705,0.44,1.1972,0.46,1.1917,2
1579581952.775,0.44,1.2123,0.47,1.1811,2
1579581953.891,0.46,1.1876,0.49,1.1794,2
1579581954.733,0.44,1.2021,0.45,1.1791,2
1579581955.754,0.44,1.198,0.44,1.1735,3
1579581956.919,0.43,1.1931,0.46,1.1798,3
1579581958.11,0.44,1.1915,0.48,1.1769,3
1579581959.228,0.42,1.1942,0.43,1.1833,3
1579581960.412,0.44,1.1813,0.45,1.1778,3
1579581961.545,0.46,1.1774,0.44,1.1748,3
1579581962.728,0.45,1.1818,0.42,1.172,3
1579581963.914,0.45,1.1731,0.41,1.1735,3
1579581964.945,0.47,1.1732,0.43,1.1735,3
1579581966.036,0.47,1.1794,0.44,1.1744,3
1579581967.186,0.47,1.1678,0.44,1.1719,3
1579581968.192,0.45,1.1849,0.44,1.1722,3
1579581969.307,0.47,1.1758,0.43,1.1698,4
1579581970.34,0.46,1.1788,0.41,1.1627,4
1579581971.429,0.46,1.1666,0.45,1.1679,4
1579581972.463,0.45,1.1787,0.48,1.1641,4
1579581973.525,0.47,1.1554,0.43,1.1646,4
1579581974.677,0.48,1.1592,0.44,1.1534,4
1579581975.696,0.47,1.1588,0.44,1.1529,4
1579581976.882,0.46,1.1563,0.45,1.1513,4
1579581978.025,0.49,1.1502,0.42,1.1559,4
1579581979.082,0.48,1.1601,0.42,1.153,4
1579581980.332,0.48,1.148,0.43,1.1466,4
1579581981.361,0.47,1.1649,0.46,1.1417,4
1579581982.547,0.48,1.155,0.45,1.1423,5
1579581983.656,0.48,1.158,0.45,1.1408,5
1579581984.798,0.49,1.1475,0.46,1.1504,5
1579581985.796,0.47,1.1607,0.46,1.1431,5
1579581986.853,0.48,1.1363,0.44,1.1337,5
1579581987.962,0.5,1.1344,0.47,1.1288,5
1579581988.95,0.47,1.1464,0.45,1.1265,5
1579581989.943,0.49,1.1363,0.44,1.1337,5
1579581990.901,0.5,1.1335,0.45,1.1377,5
1579581991.869,0.49,1.1443,0.49,1.1223,5
1579581993.054,0.5,1.1265,0.47,1.1144,5
1579581993.877,0.48,1.1418,0.49,1.1172,5
1579581995.019,0.5,1.1406,0.48,1.1097,6
1579581995.964,0.5,1.1347,0.48,1.1208,6
1579581997.106,0.49,1.1363,0.46,1.1213,6
1579581998.078,0.48,1.1442,0.46,1.1069,6
1579581999.219,0.51,1.1149,0.49,1.1005,6
1579582000.214,0.49,1.1193,0.5,1.0969,6
1579582001.177,0.48,1.1316,0.44,1.1044,6
1579582002.188,0.5,1.12,0.45,1.1141,6
1579582003.348,0.49,1.1205,0.48,1.1099,6
1579582004.47,0.5,1.1281,0.51,1.0877,6
1579582005.543,0.52,1.1081,0.49,1.0872,6
1579582006.457,0.49,1.1249,0.52,1.0835,6
1579582007.536,0.51,1.1202,0.48,1.0819,7
1579582008.591,0.52,1.1162,0.47,1.0966,7
1579582009.639,0.5,1.1211,0.47,1.0898,7
1579582010.766,0.5,1.127,0.5,1.0745,7
1579582011.803,0.52,1.0969,0.51,1.0759,7
1579582012.895,0.5,1.1039,0.51,1.072,7
1579582014.08,0.51,1.1094,0.48,1.0903,7
1579582015.129,0.5,1.1081,0.48,1.0916,7
1579582016.212,0.51,1.1056,0.5,1.076,7
1579582017.411,0.52,1.1031,0.53,1.068,7
1579582018.506,0.53,1.0977,0.54,1.0652,7
1579582019.462,0.51,1.1057,0.53,1.06,7
1579582020.575,0.52,1.0996,0.51,1.0655,8
1579582021.679,0.53,1.1024,0.51,1.0656,8
1579582022.746,0.51,1.102,0.49,1.0557,8
1579582023.775,0.52,1.1065,0.53,1.0558,8
1579582024.738,0.52,1.0838,0.51,1.0561,8
1579582025.737,0.54,1.0784,0.52,1.0604,8
1579582026.721,0.52,1.0946,0.51,1.0648,8
1579582027.862,0.52,1.0874,0.51,1.056,8
1579582028.807,0.53,1.084,0.53,1.0519,8
1579582029.937,0.53,1.0834,0.52,1.0515,8
1579582030.878,0.53,1.0783,0.53,1.0481,8
1579582031.914,0.53,1.0862,0.55,1.0467,8
1579582033.085,0.54,1.0864,0.53,1.0435,9
1579582034.038,0.53,1.0875,0.51,1.0483,9
1579582035.234,0.52,1.0882,0.49,1.0487,9
1579582036.355,0.52,1.095,0.53,1.0434,9
1579582037.302,0.54,1.0679,0.53,1.0426,9
1579582038.441,0.55,1.062,0.51,1.054,9
1579582039.563,0.53,1.0814,0.54,1.0495,9
1579582040.584,0.53,1.0714,0.54,1.0428,9
1579582041.651,0.53,1.0748,0.53,1.0489,9
1579582042.734,0.54,1.0715,0.52,1.045,9
1579582043.746,0.54,1.0655,0.56,1.0417,9
1579582044.756,0.53,1.0761,0.52,1.0502,9
1579582045.804,0.53,1.0796,0.55,1.0454,10
1579582046.998,0.54,1.073,0.55,1.0483,10
1579582048.119,0.53,1.0806,0.55,1.0507,10
1579582049.314,0.53,1.0877,0.56,1.041,10
1579582050.385,0.54,1.0556,0.56,1.0446,10
1579582051.543,0.55,1.0525,0.56,1.0457,10
1579582052.615,0.54,1.0674,0.56,1.0454,10
1579582053.633,0.54,1.0634,0.56,1.043,10
1579582054.774,0.54,1.0645,0.52,1.056,10
1579582055.851,0.54,1.0644,0.56,1.0458,10
1579582056.95,0.54,1.0577,0.57,1.0434,10
1579582057.899,0.54,1.065,0.58,1.0449,10
1579582058.966,0.54,1.0656,0.55,1.0479,11
1579582060.057,0.55,1.0634,0.57,1.041,11
1579582061.254,0.54,1.0701,0.58,1.0449,11
1579582062.345,0.53,1.0724,0.59,1.0455,11
1579582063.469,0.55,1.045,0.57,1.0408,11
1579582064.616,0.55,1.0408,0.56,1.0427,11
1579582065.664,0.55,1.0564,0.55,1.0514,11
1579582066.836,0.54,1.0532,0.53,1.0427,11
1579582068.039,0.54,1.0543,0.55,1.045,11
1579582068.994,0.55,1.0494,0.57,1.049,11
1579582070.176,0.55,1.0481,0.55,1.041,11
1579582071.009,0.54,1.0516,0.57,1.0418,11
1579582072.164,0.55,1.0572,0.55,1.0553,12
1579582073.129,0.55,1.057,0.6,1.0457,12
1579582074.3,0.54,1.059,0.6,1.0445,12
1579582075.481,0.54,1.0632,0.59,1.0478,12
1579582076.569,0.56,1.036,0.6,1.0413,12
1579582077.763,0.56,1.0289,0.57,1.0379,12
1579582078.742,0.55,1.0486,0.55,1.0511,12
1579582079.721,0.55,1.0465,0.55,1.0373,12
1579582080.919,0.55,1.0456,0.57,1.0428,12
1579582081.914,0.55,1.0422,0.57,1.0457,12
1579582082.945,0.55,1.0402,0.57,1.0382,12
1579582083.777,0.55,1.042,0.58,1.0389,12
1579582084.979,0.55,1.0512,0.55,1.0513,13
1579582085.945,0.56,1.0476,0.59,1.0407,13
1579582087.158,0.55,1.0523,0.6,1.0429,13
1579582088.356,0.54,1.0572,0.58,1.0445,13
1579582089.484,0.56,1.0286,0.57,1.0345,13
1579582090.655,0.56,1.0205,0.56,1.033,13
1579582091.725,0.55,1.0409,0.57,1.0399,13
1579582092.812,0.55,1.036,0.57,1.0308,13
1579582093.91,0.55,1.0396,0.57,1.0405,13
1579582094.997,0.56,1.0327,0.58,1.0385,13
1579582096.124,0.56,1.0331,0.58,1.0355,13
1579582097.152,0.56,1.0344,0.56,1.0399,13
1579582098.316,0.55,1.0438,0.55,1.044,14
1579582099.439,0.56,1.0371,0.57,1.0415,14
1579582100.557,0.55,1.0454,0.57,1.0451,14
1579582101.601,0.54,1.0512,0.59,1.0383,14
1579582102.692,0.56,1.0222,0.58,1.0379,14
1579582103.723,0.57,1.0133,0.56,1.0305,14
1579582104.873,0.55,1.0342,0.56,1.0361,14
1579582105.912,0.56,1.0289,0.57,1.0305,14
1579582107.077,0.56,1.0317,0.57,1.0384,14
1579582108.268,0.56,1.0263,0.58,1.0369,14
1579582109.395,0.56,1.0267,0.58,1.0359,14
1579582110.449,0.56,1.0278,0.57,1.0378,14
1579582111.565,0.56,1.0387,0.57,1.0451,15
1579582112.701,0.56,1.0312,0.57,1.0411,15
1579582113.802,0.56,1.0406,0.58,1.0443,15
1579582114.895,0.54,1.0467,0.57,1.0377,15
1579582115.89,0.57,1.016,0.54,1.0427,15
1579582116.897,0.57,1.0087,0.58,1.0274,15
1579582117.895,0.56,1.032,0.55,1.0502,15
1579582118.896,0.56,1.0305,0.57,1.03,15
1579582120.029,0.55,1.0305,0.55,1.0456,15
1579582121.07,0.56,1.0227,0.57,1.0409,15
1579582122.125,0.56,1.0241,0.57,1.0352,15
1579582122.96,0.57,1.0237,0.57,1.0412,15
1579582123.924,0.56,1.0355,0.58,1.0347,16
1579582125.098,0.56,1.0257,0.57,1.0385,16
1579582126.316,0.56,1.0347,0.58,1.0349,16
1579582127.485,0.55,1.0408,0.58,1.0316,16
1579582128.694,0.57,1.0107,0.55,1.0362,16
1579582129.849,0.57,1.004,0.57,1.0236,16
1579582130.905,0.56,1.0259,0.56,1.0398,16
1579582132.006,0.56,1.0222,0.58,1.0289,16
1579582133.106,0.56,1.022,0.57,1.0387,16
1579582134.269,0.56,1.0176,0.55,1.0398,16
1579582135.39,0.57,1.0179,0.57,1.0328,16
1579582136.393,0.57,1.0174,0.58,1.0349,16
1579582137.545,0.56,1.0299,0.56,1.0398,17
1579582138.662,0.57,1.0212,0.58,1.0318,17
1579582139.693,0.56,1.032,0.54,1.0397,17
1579582140.721,0.55,1.0397,0.56,1.0322,17
1579582141.86,0.57,1.008,0.56,1.0367,17
1579582143.065,0.57,0.9995,0.57,1.0239,17
1579582144.117,0.56,1.0215,0.56,1.035,17
1579582145.307,0.56,1.0171,0.59,1.0274,17
1579582146.49,0.56,1.0184,0.58,1.0306,17
1579582147.452,0.57,1.0122,0.56,1.0323,17
1579582148.474,0.57,1.0144,0.59,1.0289,17
1579582149.414,0.57,1.013,0.58,1.0271,17
1579582150.444,0.56,1.0275,0.57,1.0421,18
1579582151.541,0.57,1.0207,0.59,1.0267,18
1579582152.568,0.56,1.0326,0.54,1.0394,18
1579582153.625,0.55,1.0385,0.55,1.0257,18
1579582154.674,0.57,1.0028,0.56,1.028,18
1579582155.692,0.58,0.9941,0.57,1.0245,18
1579582156.664,0.57,1.015,0.57,1.025,18
1579582157.692,0.56,1.0135,0.59,1.0269,18
1579582158.886,0.56,1.0148,0.59,1.0329,18
1579582159.843,0.57,1.0107,0.56,1.0252,18
1579582160.83,0.57,1.0125,0.58,1.0322,18
1579582161.788,0.57,1.0109,0.57,1.0246,18
1579582162.826,0.56,1.0292,0.55,1.0505,19
1579582163.999,0.56,1.0223,0.58,1.0227,19
1579582165.198,0.56,1.0279,0.56,1.0256,19
1579582166.306,0.55,1.0317,0.55,1.0328,19
1579582167.489,0.57,0.9983,0.57,1.0171,19
1579582168.509,0.57,0.9923,0.56,1.0265,19
1579582169.484,0.56,1.0129,0.57,1.0277,19
1579582170.517,0.56,1.0102,0.6,1.018,19
1579582171.598,0.56,1.0145,0.55,1.0366,19
1579582172.658,0.57,1.0087,0.56,1.0206,19
1579582173.693,0.57,1.0082,0.6,1.0229,19
1579582174.53,0.57,1.0051,0.6,1.0211,19
1579582175.559,0.56,1.0194,0.57,1.0244,20
1579582176.629,0.57,1.009,0.58,1.0305,20
1579582177.708,0.56,1.0234,0.58,1.0161,20
1579582178.92,0.55,1.0314,0.57,1.0239,20
1579582179.996,0.58,0.9928,0.57,1.024,20
1579582181.177,0.58,0.9876,0.56,1.0146,20
1579582182.348,0.56,1.0136,0.54,1.0435,20
1579582183.444,0.57,1.0133,0.58,1.0219,20
1579582184.636,0.56,1.0126,0.58,1.0274,20
1579582185.646,0.57,1.0039,0.54,1.0329,20
1579582186.669,0.57,1.0076,0.59,1.0196,20
1579582187.6,0.57,1.0047,0.58,1.0234,20
1579582188.681,0.57,1.0164,0.57,1.0226,21
1579582189.732,0.58,1.0072,0.57,1.0227,21
1579582190.821,0.56,1.0207,0.58,1.0166,21
1579582191.792,0.55,1.027,0.58,1.0153,21
1579582192.952,0.58,0.9889,0.57,1.0199,21
1579582193.902,0.58,0.984,0.56,1.0146,21
1579582194.845,0.57,1.0091,0.54,1.0344,21
1579582195.837,0.57,1.0059,0.59,1.0215,21
1579582196.935,0.57,1.0075,0.57,1.0272,21
1579582198.113,0.57,1.003,0.58,1.0277,21
1579582199.345,0.57,1.0013,0.6,1.0178,21
1579582200.38,0.58,0.9988,0.57,1.017,21
1579582201.569,0.56,1.0147,0.58,1.028,22
1579582202.665,0.57,1.0052,0.59,1.0125,22
1579582203.799,0.57,1.0177,0.58,1.0148,22
1579582204.802,0.56,1.0253,0.57,1.0156,22
1579582205.865,0.58,0.9871,0.57,1.0134,22
1579582206.931,0.58,0.9803,0.56,1.0172,22
1579582207.99,0.57,1.0056,0.56,1.0284,22
1579582208.974,0.57,1.0018,0.57,1.0213,22
1579582210.13,0.57,1.0049,0.58,1.0274,22
1579582211.219,0.57,0.9987,0.58,1.0235,22
1579582212.218,0.58,0.9979,0.58,1.0206,22
1579582213.273,0.57,0.9962,0.58,1.0145,22
1579582214.349,0.57,1.0149,0.58,1.0331,23
1579582215.405,0.57,1.0067,0.58,1.0076,23
1579582216.416,0.57,1.0192,0.58,1.0167,23
1579582217.432,0.56,1.026,0.57,1.0083,23
1579582218.511,0.58,0.9849,0.59,1.0111,23
1579582219.71,0.58,0.9781,0.57,1.0171,23
1579582220.792,0.57,1.0032,0.56,1.023,23
1579582221.89,0.57,0.9992,0.58,1.0232,23
1579582223.065,0.57,1.0023,0.58,1.024,23
1579582224.114,0.57,0.9967,0.56,1.0226,23
1579582225.314,0.58,0.9964,0.58,1.0191,23
1579582226.279,0.58,0.9941,0.58,1.0113,23
1579582227.398,0.57,1.0132,0.56,1.0377,24
1579582228.468,0.57,1.0088,0.57,1.0042,24
1579582229.536,0.56,1.0197,0.56,1.0154,24
1579582230.602,0.56,1.0236,0.59,1.0075,24
1579582231.675,0.58,0.9825,0.58,1.004,24
1579582232.736,0.59,0.9766,0.56,1.0227,24
1579582233.742,0.57,1.0023,0.56,1.0175,24
1579582234.754,0.57,0.9975,0.58,1.0212,24
1579582235.807,0.57,1.0002,0.58,1.0278,24
1579582236.881,0.57,0.9958,0.57,1.0173,24
1579582237.979,0.58,0.9954,0.56,1.0269,24
1579582238.955,0.57,0.9953,0.58,1.0122,24
1579582240.026,0.57,1.0148,0.56,1.0385,25
1579582241.037,0.57,1.0059,0.56,1.0073,25
1579582242.213,0.57,1.0114,0.58,1.0004,25
1579582243.388,0.56,1.0212,0.54,1.0244,25
1579582244.552,0.58,0.9864,0.59,1.0009,25
1579582245.637,0.59,0.9753,0.57,1.0061,25
1579582246.638,0.57,1.0,0.55,1.0396,25
1579582247.747,0.57,1.003,0.58,1.0118,25
1579582248.728,0.57,1.0014,0.57,1.0207,25
1579582249.734,0.57,0.9928,0.55,1.031,25
1579582250.719,0.58,0.9953,0.59,1.0148,25
1579582251.613,0.58,0.9912,0.57,1.0141,25
1579582252.704,0.57,1.0051,0.55,1.0296,26
1579582253.899,0.58,0.9977,0.56,1.0106,26
1579582254.961,0.57,1.0092,0.59,1.0028,26
1579582256.021,0.56,1.0166,0.57,1.0154,26
1579582257.221,0.59,0.979,0.58,1.0039,26
1579582258.373,0.59,0.9719,0.57,1.003,26
1579582259.475,0.57,0.9983,0.55,1.0305,26
1579582260.471,0.57,0.9973,0.57,1.0092,26
1579582261.569,0.57,0.997,0.58,1.0112,26
1579582262.642,0.57,0.9908,0.55,1.0309,26
1579582263.718,0.58,0.9927,0.6,1.0132,26
1579582264.576,0.58,0.9888,0.58,1.0136,26
1579582265.668,0.57,1.0049,0.56,1.0406,27
1579582266.685,0.57,0.999,0.57,1.0096,27
1579582267.685,0.57,1.0073,0.57,1.003,27
1579582268.871,0.56,1.0149,0.57,1.0214,27
1579582269.994,0.58,0.9782,0.58,1.0016,27
1579582270.939,0.59,0.9703,0.57,1.0017,27
1579582272.137,0.57,0.9974,0.55,1.0312,27
1579582273.309,0.57,0.9965,0.58,1.0073,27
1579582274.487,0.57,0.9945,0.59,1.0066,27
1579582275.62,0.57,0.9894,0.55,1.0331,27
1579582276.668,0.58,0.9918,0.62,1.0147,27
1579582277.612,0.58,0.986,0.58,1.0153,27
1579582278.834,0.57,1.0086,0.56,1.0516,28
1579582279.936,0.57,1.0029,0.57,1.0174,28
1579582281.048,0.57,1.0062,0.55,1.0035,28
1579582282.182,0.56,1.0229,0.53,1.0334,28
1579582283.341,0.58,0.9819,0.58,1.0119,28
1579582284.414,0.59,0.9698,0.55,1.0011,28
1579582285.534,0.56,1.0119,0.56,1.0381,28
1579582286.739,0.56,1.001,0.57,1.0294,28
1579582287.889,0.57,1.0007,0.55,1.0048,28
1579582288.849,0.56,1.0049,0.57,1.0169,28
1579582290.025,0.58,0.9908,0.54,1.0432,28
1579582291.018,0.57,1.0021,0.59,1.0107,28
1579582292.188,0.57,1.0063,0.58,1.0133,29
1579582293.205,0.58,0.9949,0.54,1.0582,29
1579582294.169,0.57,1.0243,0.57,1.0225,29
1579582295.373,0.56,1.012,0.52,1.0119,29
1579582296.369,0.58,0.9951,0.6,1.0127,29
1579582297.498,0.59,0.9683,0.54,1.0382,29
1579582298.628,0.56,1.0024,0.58,1.0069,29
1579582299.764,0.58,0.9871,0.59,0.9989,29
1579582300.764,0.57,1.0007,0.57,1.008,29
1579582301.891,0.58,0.985,0.57,1.0193,29
1579582303.085,0.58,0.9859,0.6,1.0034,29
1579582304.037,0.58,0.9826,0.58,1.0068,29
1579582305.236,0.57,1.0041,0.56,1.0161,30
1579582306.308,0.58,0.9843,0.53,1.0497,30
1579582307.417,0.57,1.0186,0.56,1.0145,30
1579582308.463,0.56,1.0116,0.54,1.0104,30
1579582309.461,0.58,0.9832,0.57,1.0232,30
1579582310.544,0.59,0.967,0.55,1.0341,30
1579582311.53,0.57,0.9953,0.56,1.008,30
1579582312.728,0.58,0.9858,0.58,1.002,30
1579582313.867,0.58,0.995,0.57,1.017,30
1579582314.961,0.58,0.9867,0.57,1.0161,30
1579582316.15,0.59,0.9826,0.57,1.0015,30
1579582317.185,0.58,0.9803,0.56,1.0025,30
1579582318.364,0.58,0.9986,0.54,1.0172,31
1579582319.455,0.58,0.9826,0.56,1.0377,31
1579582320.503,0.57,1.0109,0.57,1.0085,31
1579582321.522,0.57,1.0093,0.54,1.0064,31
1579582322.606,0.59,0.9758,0.57,1.0226,31
1579582323.6,0.59,0.9664,0.57,1.0227,31
1579582324.765,0.58,0.9895,0.58,1.0047,31
1579582325.794,0.58,0.9848,0.58,1.005,31
1579582326.798,0.58,0.9919,0.58,1.0143,31
1579582327.793,0.58,0.9858,0.59,1.0068,31
1579582328.925,0.59,0.9797,0.56,1.0029,31
1579582329.931,0.58,0.9789,0.58,1.0019,31
1579582330.917,0.58,0.9954,0.56,1.0136,32
1579582332.101,0.58,0.9811,0.56,1.0342,32
1579582333.302,0.57,1.0077,0.54,1.0114,32
1579582334.326,0.56,1.0081,0.54,1.0086,32
1579582335.464,0.59,0.9746,0.55,1.0259,32
1579582336.525,0.59,0.9648,0.55,1.0262,32
1579582337.567,0.58,0.9867,0.58,1.008,32
1579582338.627,0.58,0.9839,0.57,1.0089,32
1579582339.64,0.58,0.989,0.58,1.0155,32
1579582340.684,0.58,0.983,0.58,1.0056,32
1579582341.688,0.59,0.9783,0.56,1.0022,32
1579582342.685,0.59,0.9766,0.57,1.0018,32
1579582343.871,0.58,0.9929,0.57,1.0089,33
1579582345.042,0.58,0.9801,0.56,1.0306,33
1579582346.116,0.57,1.0052,0.56,1.0095,33
1579582347.313,0.57,1.006,0.56,1.0065,33
1579582348.346,0.59,0.9732,0.55,1.0228,33
1579582349.35,0.59,0.9631,0.55,1.025,33
1579582350.542,0.58,0.9853,0.57,1.0074,33
1579582351.685,0.58,0.9825,0.57,1.0103,33
1579582352.742,0.58,0.9878,0.58,1.0164,33
1579582353.891,0.58,0.9812,0.59,1.0064,33
1579582355.038,0.59,0.9763,0.56,1.0035,33
1579582356.014,0.59,0.9754,0.56,1.0012,33
1579582357.114,0.58,0.9908,0.57,1.008,34
1579582358.286,0.59,0.9785,0.56,1.0281,34
1579582359.429,0.58,1.004,0.57,1.0049,34
1579582360.608,0.57,1.0042,0.57,1.0024,34
1579582361.794,0.59,0.9703,0.55,1.0211,34
1579582362.76,0.59,0.9627,0.56,1.0201,34
1579582363.951,0.58,0.9833,0.57,1.0061,34
1579582365.145,0.58,0.9811,0.56,1.0124,34
1579582366.174,0.58,0.9872,0.57,1.0154,34
1579582367.343,0.58,0.9804,0.61,1.0043,34
1579582368.509,0.59,0.9742,0.56,1.0054,34
1579582369.529,0.59,0.9748,0.57,0.9983,34
1579582370.689,0.58,0.9891,0.58,1.005,35
1579582371.849,0.59,0.9769,0.56,1.0247,35
1579582372.994,0.58,1.0027,0.58,1.0007,35
1579582374.157,0.57,1.0022,0.59,0.9996,35
1579582375.346,0.59,0.9682,0.55,1.0198,35
1579582376.548,0.59,0.9618,0.56,1.0158,35
1579582377.713,0.58,0.9815,0.56,1.0045,35
1579582378.697,0.58,0.9792,0.56,1.0139,35
1579582379.703,0.58,0.9863,0.58,1.0128,35
1579582380.912,0.58,0.9787,0.61,1.0039,35
1579582382.055,0.59,0.9735,0.56,1.008,35
1579582383.105,0.59,0.9742,0.57,0.9978,35
1579582384.264,0.58,0.988,0.58,1.0046,36
1579582385.419,0.59,0.9756,0.56,1.0258,36
1579582386.533,0.58,1.0026,0.58,0.9994,36
1579582387.554,0.57,1.0009,0.58,0.9981,36
1579582388.604,0.59,0.9673,0.55,1.0202,36
1579582389.599,0.59,0.9615,0.56,1.0142,36
1579582390.626,0.58,0.9803,0.57,1.0031,36
1579582391.806,0.58,0.9788,0.55,1.0145,36
1579582392.87,0.58,0.986,0.58,1.0116,36
1579582393.947,0.58,0.9774,0.61,1.0029,36
1579582395.066,0.59,0.9731,0.56,1.0082,36
1579582396.03,0.59,0.9727,0.57,0.9988,36
1579582397.004,0.58,0.987,0.57,1.0027,37
1579582398.042,0.59,0.9753,0.55,1.0277,37
1579582399.238,0.58,1.0031,0.58,1.0003,37
1579582400.321,0.57,1.0,0.58,0.999,37
1579582401.394,0.59,0.9695,0.56,1.0179,37
1579582402.37,0.59,0.9596,0.56,1.0175,37
1579582403.497,0.58,0.9803,0.57,1.002,37
1579582404.659,0.58,0.9781,0.54,1.0117,37
1579582405.706,0.58,0.9848,0.57,1.0117,37
1579582406.864,0.58,0.9744,0.59,1.0049,37
1579582408.056,0.59,0.973,0.56,1.0046,37
1579582409.018,0.59,0.9697,0.56,1.0014,37
1579582410.241,0.58,0.9869,0.56,1.0003,38
1579582411.295,0.59,0.9747,0.55,1.027,38
1579582412.473,0.58,1.0039,0.58,0.9998,38
1579582413.444,0.57,0.9992,0.58,0.9969,38
1579582414.534,0.59,0.9698,0.56,1.0103,38
1579582415.607,0.59,0.9566,0.55,1.0181,38
1579582416.65,0.58,0.9809,0.56,1.0008,38
1579582417.695,0.58,0.975,0.55,1.006,38
1579582418.878,0.58,0.9834,0.58,1.0092,38
1579582420.023,0.58,0.9724,0.59,1.0085,38
1579582421.117,0.59,0.9718,0.57,1.0025,38
1579582422.151,0.59,0.9673,0.55,1.0041,38
1579582423.175,0.58,0.9874,0.57,1.0001,39
1579582424.314,0.59,0.9723,0.57,1.029,39
1579582425.309,0.58,1.0046,0.58,0.9985,39
1579582426.301,0.57,0.9962,0.58,0.9968,39
1579582427.441,0.59,0.9679,0.57,1.0058,39
1579582428.56,0.59,0.9546,0.55,1.0152,39
1579582429.659,0.58,0.9812,0.57,0.9995,39
1579582430.744,0.58,0.9725,0.55,1.0045,39
1579582431.827,0.58,0.9849,0.59,1.0004,39
1579582433.03,0.58,0.97,0.58,1.0104,39
1579582434.222,0.59,0.9726,0.59,1.0029,39
1579582435.221,0.59,0.9664,0.57,1.0041,39
1579582436.349,0.58,0.9902,0.58,0.9976,40
1579582437.446,0.59,0.9714,0.53,1.0361,40
1579582438.464,0.58,1.009,0.57,0.9982,40
1579582439.487,0.57,0.9936,0.57,0.9981,40
1579582440.659,0.59,0.9691,0.55,1.0036,40
1579582441.716,0.59,0.9562,0.55,1.0135,40
1579582442.762,0.58,0.9822,0.56,1.0026,40
1579582443.909,0.58,0.9735,0.54,1.0076,40
1579582445.068,0.58,0.9866,0.56,0.9931,40
1579582446.065,0.58,0.9709,0.56,1.009,40
1579582447.268,0.59,0.9722,0.57,1.0128,40
1579582448.282,0.59,0.9717,0.57,1.0025,40
1579582449.441,0.58,0.9875,0.56,0.9994,41
1579582450.518,0.58,0.9789,0.55,1.0305,41
1579582451.547,0.58,1.0036,0.56,1.0142,41
1579582452.575,0.57,1.0003,0.58,0.9937,41
1579582453.723,0.59,0.9633,0.54,1.0087,41
1579582454.884,0.59,0.9648,0.55,0.9984,41
1579582455.851,0.58,0.9738,0.56,1.0131,41
1579582456.993,0.58,0.982,0.56,1.0053,41
1579582458.158,0.59,0.9791,0.56,0.9907,41
1579582459.298,0.59,0.9733,0.6,0.9903,41
1579582460.26,0.59,0.9673,0.57,1.0139,41
1579582461.102,0.59,0.9766,0.58,0.994,41
1579582462.299,0.59,0.9755,0.61,0.9959,42
1579582463.495,0.58,0.9826,0.55,1.0096,42
1579582464.643,0.58,0.993,0.56,1.0126,42
1579582465.783,0.57,0.999,0.56,0.9931,42
1579582466.938,0.59,0.9597,0.57,1.0019,42
1579582468.042,0.59,0.9575,0.56,0.9991,42
1579582469.172,0.58,0.975,0.56,0.9981,42
1579582470.329,0.58,0.9742,0.56,1.0056,42
1579582471.449,0.59,0.9767,0.58,0.9904,42
1579582472.444,0.59,0.9661,0.57,0.9855,42
1579582473.531,0.59,0.9693,0.59,0.9945,42
1579582474.5,0.6,0.964,0.59,0.9931,42
1579582475.468,0.59,0.9747,0.58,0.9875,43
1579582476.545,0.59,0.971,0.57,0.9977,43
1579582477.728,0.59,0.9879,0.58,1.0003,43
1579582478.91,0.57,0.9917,0.58,0.9931,43
1579582480.055,0.6,0.9559,0.55,0.9998,43
1579582481.245,0.6,0.9493,0.56,1.0022,43
1579582482.245,0.58,0.9716,0.56,0.9948,43
1579582483.408,0.59,0.9694,0.56,0.9994,43
1579582484.566,0.59,0.9723,0.58,0.9911,43
1579582485.675,0.59,0.9642,0.6,0.9855,43
1579582486.761,0.6,0.9633,0.59,0.9919,43
1579582487.662,0.59,0.961,0.58,0.9888,43
1579582488.902,0.59,0.9728,0.58,0.9878,44
1579582489.9,0.59,0.9671,0.57,1.0029,44
1579582490.905,0.59,0.9885,0.58,0.996,44
1579582492.076,0.58,0.9891,0.58,0.9902,44
1579582493.264,0.6,0.9526,0.57,1.0034,44
1579582494.322,0.6,0.9497,0.57,0.9985,44
1579582495.472,0.58,0.9688,0.56,0.996,44
1579582496.669,0.59,0.9674,0.55,0.9985,44
1579582497.851,0.59,0.9722,0.58,0.9868,44
1579582499.028,0.59,0.9633,0.61,0.9874,44
1579582500.227,0.6,0.9611,0.57,0.9974,44
1579582501.225,0.59,0.9623,0.57,0.9885,44
1579582502.427,0.59,0.9748,0.59,0.9876,45
1579582503.569,0.59,0.9659,0.57,1.0099,45
1579582504.587,0.59,0.9919,0.59,0.992,45
1579582505.635,0.58,0.9882,0.58,0.9883,45
1579582506.647,0.6,0.9541,0.58,1.005,45
1579582507.671,0.59,0.9512,0.55,0.9957,45
1579582508.649,0.58,0.9694,0.56,0.9934,45
1579582509.703,0.58,0.9675,0.57,0.9993,45
1579582510.712,0.59,0.9744,0.58,0.984,45
1579582511.752,0.58,0.9631,0.59,0.9877,45
1579582512.888,0.59,0.962,0.58,1.0003,45
1579582513.865,0.59,0.9635,0.57,0.9909,45
1579582515.018,0.59,0.9755,0.57,0.9886,46
1579582515.974,0.59,0.9674,0.55,1.0169,46
1579582517.169,0.59,0.9955,0.59,0.9948,46
1579582518.229,0.58,0.9877,0.58,0.9898,46
1579582519.423,0.59,0.9575,0.56,1.006,46
1579582520.611,0.6,0.9519,0.55,0.9975,46
1579582521.765,0.58,0.9689,0.56,0.9923,46
1579582522.864,0.58,0.9698,0.57,0.9962,46
1579582523.896,0.59,0.9738,0.58,0.981,46
1579582524.889,0.59,0.9614,0.6,0.9834,46
1579582525.95,0.59,0.9632,0.58,0.9955,46
1579582526.93,0.59,0.9625,0.56,0.9888,46
1579582528.117,0.59,0.9745,0.59,0.9867,47
1579582529.267,0.58,0.9734,0.56,1.0145,47
1579582530.339,0.59,0.9954,0.57,0.9999,47
1579582531.496,0.58,0.9896,0.61,0.9883,47
1579582532.597,0.59,0.9609,0.57,1.0006,47
1579582533.802,0.6,0.9504,0.55,1.0005,47
1579582534.843,0.58,0.9677,0.56,0.9939,47
1579582535.859,0.58,0.9719,0.56,0.9901,47
1579582536.982,0.59,0.9693,0.59,0.9827,47
1579582538.184,0.59,0.9608,0.6,0.9809,47
1579582539.363,0.59,0.9606,0.6,0.9924,47
1579582540.313,0.6,0.9621,0.58,0.9873,47
1579582541.497,0.59,0.9712,0.58,0.9867,48
1579582542.542,0.59,0.9714,0.57,1.0002,48
1579582543.577,0.59,0.9868,0.57,1.0021,48
1579582544.698,0.58,0.9896,0.59,0.9831,48
1579582545.737,0.6,0.9513,0.57,0.9937,48
1579582546.726,0.6,0.9476,0.57,0.9954,48
1579582547.782,0.58,0.9654,0.56,0.9968,48
1579582548.952,0.59,0.969,0.55,0.9903,48
1579582550.053,0.59,0.9666,0.58,0.98,48
1579582551.088,0.59,0.959,0.58,0.9779,48
1579582552.253,0.6,0.9579,0.6,0.9897,48
1579582553.303,0.6,0.9598,0.58,0.9815,48
1579582554.358,0.59,0.9671,0.57,0.9836,49
1579582555.54,0.59,0.9666,0.57,0.993,49
1579582556.638,0.59,0.9836,0.57,0.9946,49
1579582557.797,0.58,0.9863,0.58,0.9832,49
1579582558.905,0.6,0.9468,0.57,0.996,49
1579582559.902,0.6,0.9462,0.56,0.9913,49
1579582560.99,0.58,0.9639,0.56,0.9943,49
1579582562.013,0.59,0.9655,0.56,0.9943,49
1579582563.1,0.59,0.9662,0.59,0.9777,49
1579582564.12,0.59,0.9574,0.59,0.9761,49
1579582565.186,0.6,0.9568,0.59,0.9892,49
1579582566.123,0.6,0.958,0.59,0.9797,49
1579582567.315,0.59,0.9661,0.57,0.9815,50
1579582568.332,0.59,0.9625,0.56,0.9961,50
1579582569.369,0.59,0.9837,0.58,0.9898,50
1579582570.365,0.58,0.9836,0.59,0.9835,50
1579582571.375,0.6,0.946,0.56,1.0,50
1579582572.465,0.6,0.9455,0.56,0.9899,50
1579582573.605,0.58,0.9631,0.56,0.9926,50
1579582574.641,0.59,0.9638,0.54,0.9977,50
1579582575.724,0.59,0.9662,0.59,0.9763,50
1579582576.82,0.59,0.956,0.59,0.9743,50
1579582577.913,0.6,0.9561,0.58,0.9903,50
1579582578.93,0.6,0.9576,0.59,0.9775,50
1579582580.064,0.59,0.9657,0.57,0.9792,51
1579582581.235,0.59,0.9608,0.57,0.9989,51
1579582582.398,0.59,0.9847,0.57,0.9858,51
1579582583.493,0.58,0.9818,0.58,0.982,51
1579582584.694,0.6,0.9463,0.56,1.0022,51
1579582585.799,0.6,0.9455,0.56,0.9891,51
1579582586.874,0.58,0.9617,0.56,0.9876,51
1579582587.964,0.59,0.9634,0.55,0.9981,51
1579582589.044,0.59,0.9666,0.59,0.9766,51
1579582590.06,0.59,0.9543,0.59,0.9735,51
1579582591.245,0.6,0.9565,0.57,0.9914,51
1579582592.273,0.6,0.957,0.58,0.9785,51
1579582593.42,0.59,0.9641,0.57,0.9781,52
1579582594.596,0.59,0.9615,0.56,1.0037,52
1579582595.695,0.59,0.9865,0.57,0.9868,52
1579582596.787,0.58,0.98,0.59,0.9833,52
1579582597.861,0.59,0.9513,0.56,1.0033,52
1579582598.929,0.6,0.9441,0.55,0.9965,52
1579582599.992,0.58,0.9613,0.56,0.9861,52
1579582601.174,0.58,0.9662,0.55,0.9966,52
1579582602.339,0.59,0.9649,0.55,0.9835,52
1579582603.536,0.6,0.953,0.58,0.9763,52
1579582604.701,0.6,0.9574,0.57,0.9871,52
1579582605.665,0.6,0.9521,0.57,0.985,52
1579582606.821,0.59,0.965,0.59,0.9798,53
1579582607.86,0.59,0.9628,0.56,1.0005,53
1579582608.906,0.59,0.9837,0.58,0.9918,53
1579582610.004,0.58,0.9809,0.59,0.9848,53
1579582611.028,0.6,0.9516,0.56,0.995,53
1579582612.228,0.6,0.9383,0.56,1.0036,53
1579582613.42,0.58,0.9632,0.56,0.9855,53
1579582614.538,0.58,0.9628,0.56,0.9858,53
1579582615.691,0.59,0.9606,0.56,0.9833,53
1579582616.766,0.6,0.9522,0.59,0.9755,53
1579582617.953,0.6,0.9523,0.58,0.9783,53
1579582619.01,0.6,0.9485,0.57,0.9848,53
1579582620.064,0.59,0.9651,0.6,0.9783,54
1579582621.125,0.59,0.9565,0.57,0.9926,54
1579582622.301,0.59,0.9807,0.59,0.9866,54
1579582623.468,0.58,0.9782,0.59,0.982,54
1579582624.464,0.6,0.9424,0.55,0.99,54
1579582625.571,0.6,0.9358,0.55,0.9966,54
1579582626.687,0.58,0.9598,0.57,0.9887,54
1579582627.744,0.59,0.9582,0.57,0.9842,54
1579582628.755,0.59,0.9591,0.58,0.9793,54
1579582629.92,0.59,0.9506,0.58,0.9783,54
1579582631.076,0.6,0.9499,0.58,0.9799,54
1579582632.132,0.6,0.947,0.59,0.982,54
1579582633.323,0.6,0.9637,0.57,0.98,55
1579582634.501,0.6,0.9533,0.57,0.9939,55
1579582635.563,0.59,0.9804,0.59,0.9813,55
1579582636.602,0.58,0.976,0.6,0.9829,55
1579582637.62,0.61,0.9393,0.56,0.993,55
1579582638.668,0.6,0.936,0.57,0.9889,55
1579582639.772,0.58,0.9588,0.57,0.9864,55
1579582640.952,0.59,0.9569,0.56,0.9851,55
1579582642.14,0.59,0.959,0.59,0.9749,55
1579582643.341,0.59,0.9518,0.58,0.9757,55
1579582644.48,0.6,0.9491,0.57,0.982,55
1579582645.451,0.6,0.9475,0.6,0.9796,55
1579582646.543,0.6,0.9654,0.57,0.981,56
1579582647.72,0.6,0.9519,0.57,0.9963,56
1579582648.868,0.59,0.9806,0.6,0.9784,56
1579582650.029,0.58,0.9761,0.59,0.9824,56
1579582651.144,0.61,0.9375,0.56,0.9951,56
1579582652.278,0.6,0.9358,0.57,0.9866,56
1579582653.237,0.59,0.9592,0.57,0.9877,56
1579582654.444,0.59,0.9563,0.57,0.9878,56
1579582655.552,0.6,0.9591,0.58,0.9745,56
1579582656.759,0.59,0.954,0.56,0.9754,56
1579582657.762,0.6,0.9483,0.56,0.9864,56
1579582658.796,0.6,0.9486,0.6,0.9808,56
1579582659.919,0.6,0.9667,0.57,0.9829,57
1579582660.932,0.6,0.9515,0.56,0.9978,57
1579582662.051,0.59,0.9796,0.61,0.9785,57
1579582663.238,0.58,0.9765,0.6,0.9831,57
1579582664.415,0.6,0.9364,0.56,0.9985,57
1579582665.533,0.6,0.9362,0.57,0.986,57
1579582666.621,0.59,0.9588,0.57,0.987,57
1579582667.763,0.59,0.9556,0.57,0.9906,57
1579582668.895,0.59,0.9593,0.58,0.9739,57
1579582670.081,0.59,0.9536,0.56,0.9735,57
1579582671.073,0.6,0.9478,0.55,0.99,57
1579582672.08,0.6,0.9499,0.6,0.9805,57
1579582673.134,0.59,0.9655,0.59,0.9803,58
1579582674.092,0.6,0.9507,0.55,1.0013,58
1579582675.221,0.59,0.9804,0.6,0.9782,58
1579582676.364,0.58,0.9751,0.58,0.9813,58
1579582677.564,0.6,0.9374,0.57,1.0004,58
1579582678.575,0.6,0.937,0.57,0.9863,58
1579582679.595,0.59,0.957,0.58,0.9821,58
1579582680.745,0.59,0.9565,0.57,0.9927,58
1579582681.798,0.59,0.9613,0.58,0.9735,58
1579582682.874,0.59,0.9509,0.59,0.9697,58
1579582683.855,0.6,0.9498,0.55,0.9898,58
1579582684.713,0.6,0.9499,0.58,0.9788,58
1579582685.906,0.6,0.961,0.59,0.9766,59
1579582687.078,0.59,0.9529,0.56,1.0064,59
1579582688.279,0.59,0.9828,0.59,0.9807,59
1579582689.391,0.58,0.9729,0.57,0.9824,59
1579582690.497,0.6,0.9438,0.57,1.0024,59
1579582691.533,0.6,0.9371,0.55,0.9936,59
1579582692.608,0.59,0.9555,0.57,0.9836,59
1579582693.58,0.58,0.9612,0.57,0.9951,59
1579582694.754,0.59,0.9604,0.56,0.9793,59
1579582695.754,0.6,0.9473,0.57,0.972,59
1579582696.876,0.6,0.9527,0.57,0.983,59
1579582697.835,0.6,0.9438,0.57,0.9844,59
1579582698.962,0.59,0.9601,0.59,0.9773,60
1579582700.073,0.59,0.9586,0.57,1.0004,60
1579582701.027,0.59,0.9796,0.59,0.9875,60
1579582702.132,0.58,0.9748,0.58,0.9846,60
1579582703.28,0.6,0.9495,0.57,0.992,60
1579582704.245,0.6,0.9316,0.56,1.0057,60
1579582705.441,0.59,0.9595,0.57,0.9824,60
1579582706.605,0.59,0.9589,0.57,0.9808,60
1579582707.747,0.6,0.9541,0.54,0.9836,60
1579582708.751,0.6,0.9473,0.57,0.9728,60
1579582709.784,0.6,0.9458,0.59,0.974,60
1579582710.803,0.61,0.94,0.57,0.988,60
1579582711.882,0.6,0.9602,0.59,0.9789,61
1579582712.944,0.6,0.9494,0.57,0.9906,61
1579582713.927,0.59,0.9755,0.6,0.9861,61
1579582715.055,0.58,0.9715,0.6,0.9829,61
1579582716.166,0.6,0.936,0.58,0.986,61
1579582717.346,0.61,0.9288,0.57,0.9947,61
1579582718.455,0.59,0.9542,0.57,0.9862,61
1579582719.599,0.59,0.9529,0.57,0.9799,61
1579582720.624,0.6,0.9532,0.57,0.9761,61
1579582721.658,0.6,0.944,0.57,0.9756,61
1579582722.852,0.61,0.9442,0.58,0.9759,61
1579582723.881,0.61,0.9391,0.59,0.9827,61
1579582725.101,0.6,0.9581,0.59,0.9807,62
1579582726.279,0.6,0.9473,0.57,0.9953,62
1579582727.34,0.59,0.976,0.58,0.981,62
1579582728.487,0.58,0.9691,0.59,0.9841,62
1579582729.578,0.61,0.9347,0.57,0.9907,62
1579582730.632,0.6,0.9298,0.57,0.9892,62
1579582731.617,0.59,0.9526,0.57,0.9852,62
1579582732.815,0.59,0.9521,0.57,0.984,62
1579582733.918,0.6,0.953,0.57,0.9744,62
1579582735.01,0.6,0.9445,0.57,0.9749,62
1579582736.103,0.61,0.9435,0.58,0.981,62
1579582736.975,0.61,0.9398,0.59,0.9819,62
1579582738.046,0.6,0.9579,0.58,0.9811,63
1579582739.133,0.6,0.9461,0.56,0.998,63
1579582740.237,0.59,0.9747,0.58,0.9801,63
1579582741.362,0.58,0.9685,0.59,0.9845,63
1579582742.566,0.61,0.9336,0.57,0.9961,63
1579582743.697,0.6,0.9307,0.56,0.9872,63
1579582744.796,0.59,0.9519,0.57,0.9845,63
1579582745.839,0.59,0.9513,0.58,0.9879,63
1579582747.039,0.6,0.9544,0.57,0.9735,63
1579582748.126,0.6,0.9452,0.56,0.9727,63
1579582749.277,0.61,0.9423,0.56,0.9847,63
1579582750.11,0.6,0.9408,0.59,0.9799,63
1579582751.291,0.6,0.9577,0.58,0.9804,64
1579582752.409,0.6,0.9453,0.55,0.9993,64
1579582753.489,0.59,0.9741,0.6,0.9801,64
1579582754.662,0.59,0.9677,0.59,0.9853,64
1579582755.784,0.61,0.9327,0.57,1.0008,64
1579582756.771,0.6,0.9309,0.56,0.9887,64
1579582757.766,0.59,0.9511,0.57,0.9851,64
1579582758.759,0.59,0.9509,0.58,0.9911,64
1579582759.941,0.59,0.9551,0.57,0.972,64
1579582761.029,0.6,0.9443,0.56,0.97,64
1579582762.232,0.61,0.9416,0.56,0.9851,64
1579582763.281,0.6,0.9418,0.59,0.9775,64
1579582764.442,0.6,0.9564,0.58,0.9774,65
1579582765.577,0.6,0.9451,0.56,1.0019,65
1579582766.659,0.59,0.9751,0.58,0.98,65
1579582767.786,0.59,0.9662,0.57,0.9855,65
1579582768.95,0.6,0.9349,0.57,1.0047,65
1579582769.932,0.6,0.9323,0.55,0.9922,65
1579582771.116,0.59,0.9499,0.57,0.984,65
1579582772.316,0.59,0.953,0.58,0.9962,65
1579582773.522,0.59,0.9571,0.56,0.9743,65
1579582774.634,0.6,0.9427,0.56,0.9692,65
1579582775.694,0.6,0.9442,0.56,0.9861,65
1579582776.726,0.6,0.9418,0.6,0.9766,65
1579582777.753,0.6,0.9539,0.58,0.9726,66
1579582778.919,0.6,0.949,0.54,1.0039,66
1579582780.002,0.59,0.9777,0.57,0.9821,66
1579582781.075,0.58,0.9662,0.58,0.9892,66
1579582782.25,0.6,0.9441,0.57,1.0051,66
1579582783.373,0.6,0.9319,0.56,1.0039,66
1579582784.37,0.59,0.9517,0.57,0.9857,66
1579582785.496,0.59,0.9586,0.58,0.9932,66
1579582786.688,0.6,0.9528,0.55,0.9847,66
1579582787.765,0.6,0.9412,0.56,0.9726,66
1579582788.784,0.6,0.9443,0.58,0.9773,66
1579582789.81,0.61,0.9349,0.57,0.9849,66
1579582790.899,0.6,0.9553,0.58,0.9755,67
1579582792.011,0.6,0.9499,0.57,0.995,67
1579582793.212,0.59,0.9719,0.57,0.9901,67
1579582794.383,0.58,0.9696,0.59,0.9873,67
1579582795.508,0.6,0.9401,0.58,0.9906,67
1579582796.619,0.61,0.9253,0.58,1.0082,67
1579582797.797,0.59,0.954,0.58,0.9841,67
1579582798.895,0.59,0.9508,0.58,0.981,67
1579582799.992,0.6,0.9482,0.56,0.9826,67
1579582801.206,0.6,0.9396,0.55,0.9729,67
1579582802.384,0.61,0.9382,0.57,0.9709,67
1579582803.345,0.61,0.9341,0.57,0.981,67
1579582804.466,0.6,0.9524,0.57,0.9754,68
1579582805.581,0.6,0.9417,0.57,0.9874,68
1579582806.618,0.59,0.97,0.58,0.9821,68
1579582807.809,0.58,0.9636,0.59,0.985,68
1579582808.959,0.61,0.9288,0.57,0.9894,68
1579582810.121,0.61,0.9234,0.55,0.9967,68
1579582811.171,0.59,0.9481,0.57,0.9893,68
1579582812.314,0.59,0.947,0.57,0.9839,68
1579582813.486,0.6,0.9475,0.58,0.9754,68
1579582814.647,0.6,0.9373,0.55,0.9747,68
1579582815.684,0.61,0.9376,0.58,0.9737,68
1579582816.688,0.61,0.933,0.59,0.9788,68
1579582817.904,0.6,0.9521,0.57,0.9747,69
1579582819.063,0.6,0.9406,0.57,0.9904,69
1579582820.269,0.59,0.9701,0.58,0.9778,69
1579582821.282,0.58,0.9619,0.59,0.984,69
1579582822.491,0.61,0.9288,0.57,0.9922,69
1579582823.576,0.61,0.9239,0.56,0.992,69
1579582824.543,0.59,0.9472,0.57,0.9852,69
1579582825.698,0.59,0.9467,0.57,0.9854,69
1579582826.846,0.6,0.9476,0.56,0.9734,69
1579582827.826,0.6,0.9376,0.56,0.9722,69
1579582828.984,0.61,0.9373,0.58,0.9767,69
1579582829.967,0.61,0.9328,0.59,0.9784,69
1579582831.094,0.6,0.9515,0.57,0.975,70
1579582832.224,0.6,0.9398,0.57,0.9946,70
1579582833.385,0.59,0.9693,0.57,0.9785,70
1579582834.401,0.59,0.9611,0.59,0.9846,70
1579582835.566,0.61,0.9291,0.58,0.9961,70
1579582836.768,0.61,0.9247,0.56,0.9921,70
1579582837.879,0.59,0.9467,0.56,0.984,70
1579582838.941,0.59,0.9467,0.58,0.9889,70
1579582839.981,0.6,0.9487,0.57,0.9729,70
1579582841.043,0.6,0.9376,0.56,0.9719,70
1579582842.152,0.61,0.9372,0.57,0.98,70
1579582843.181,0.61,0.9337,0.59,0.9782,70
1579582844.317,0.6,0.9512,0.57,0.9731,71
1579582845.499,0.6,0.9395,0.56,0.9966,71
1579582846.598,0.59,0.9701,0.58,0.9773,71
1579582847.702,0.59,0.9604,0.6,0.9852,71
1579582848.792,0.6,0.9313,0.58,1.0003,71
1579582849.856,0.61,0.9262,0.55,0.9948,71
1579582850.883,0.59,0.9466,0.56,0.9854,71
1579582851.885,0.59,0.9478,0.58,0.9944,71
1579582853.037,0.6,0.9508,0.57,0.9755,71
1579582854.195,0.6,0.9376,0.55,0.9728,71
1579582855.393,0.61,0.9382,0.56,0.9838,71
1579582856.404,0.61,0.9344,0.59,0.9793,71
1579582857.606,0.6,0.95,0.57,0.9732,72
1579582858.645,0.6,0.9411,0.56,1.0014,72
1579582859.776,0.59,0.9718,0.57,0.9794,72
1579582860.947,0.59,0.9598,0.59,0.989,72
1579582862.155,0.6,0.9371,0.58,1.0033,72
1579582863.313,0.61,0.9272,0.54,1.001,72
1579582864.439,0.59,0.9477,0.57,0.9868,72
1579582865.502,0.59,0.9519,0.57,0.9978,72
1579582866.708,0.6,0.9516,0.55,0.9791,72
1579582867.739,0.6,0.935,0.54,0.975,72
1579582868.826,0.61,0.9399,0.56,0.9811,72
1579582869.825,0.61,0.9315,0.58,0.982,72
1579582870.964,0.6,0.9511,0.59,0.9729,73
1579582872.157,0.6,0.9464,0.56,0.9989,73
1579582873.212,0.59,0.9718,0.58,0.9839,73
1579582874.42,0.59,0.9638,0.61,0.9907,73
1579582875.508,0.6,0.9442,0.58,0.9924,73
1579582876.558,0.61,0.9231,0.55,1.0118,73
1579582877.646,0.59,0.9534,0.57,0.9843,73
1579582878.844,0.59,0.95,0.57,0.9854,73
1579582880.018,0.6,0.9452,0.56,0.9859,73
1579582881.195,0.6,0.9351,0.56,0.9784,73
1579582882.392,0.61,0.9354,0.56,0.9744,73
1579582883.406,0.61,0.9293,0.58,0.9897,73
1579582884.566,0.6,0.954,0.58,0.9738,74
1579582885.654,0.6,0.9384,0.56,0.9889,74
1579582886.735,0.59,0.9679,0.58,0.9835,74
1579582887.929,0.59,0.9614,0.61,0.9837,74
1579582889.132,0.61,0.929,0.56,0.9816,74
1579582890.298,0.61,0.9194,0.57,1.0024,74
1579582891.451,0.59,0.948,0.56,0.9878,74
1579582892.62,0.59,0.943,0.58,0.9807,74
1579582893.7,0.6,0.9459,0.57,0.9751,74
1579582894.774,0.61,0.9313,0.56,0.9791,74
1579582895.97,0.61,0.9344,0.57,0.9709,74
1579582897.034,0.61,0.9284,0.6,0.9814,74
1579582898.115,0.6,0.9512,0.58,0.9733,75
1579582899.28,0.6,0.9367,0.57,0.9897,75
1579582900.461,0.59,0.9684,0.56,0.9777,75
1579582901.586,0.59,0.9574,0.63,0.9865,75
1579582902.682,0.61,0.9277,0.57,0.9858,75
1579582903.765,0.61,0.9188,0.56,0.9959,75
1579582904.889,0.59,0.946,0.56,0.9871,75
1579582905.899,0.59,0.9427,0.56,0.9828,75
1579582906.875,0.6,0.9457,0.58,0.9712,75
1579582908.047,0.61,0.9311,0.55,0.978,75
1579582909.258,0.61,0.9349,0.57,0.9744,75
1579582910.23,0.61,0.9288,0.59,0.982,75
1579582911.241,0.6,0.9527,0.58,0.9728,76
1579582912.411,0.6,0.9376,0.57,0.9913,76
1579582913.496,0.59,0.9688,0.56,0.9736,76
1579582914.602,0.59,0.9577,0.62,0.9833,76
1579582915.689,0.61,0.9292,0.57,0.9862,76
1579582916.871,0.61,0.9205,0.55,0.9889,76
1579582918.039,0.6,0.9454,0.55,0.9834,76
1579582919.202,0.59,0.9441,0.56,0.9819,76
1579582920.341,0.6,0.9456,0.58,0.9701,76
1579582921.419,0.6,0.9328,0.55,0.9758,76
1579582922.488,0.61,0.9347,0.57,0.9797,76
1579582923.535,0.61,0.9323,0.6,0.9811,76
1579582924.62,0.6,0.9497,0.59,0.9761,77
1579582925.674,0.6,0.9413,0.57,0.99,77
1579582926.695,0.59,0.9647,0.59,0.9806,77
1579582927.846,0.59,0.9626,0.61,0.9776,77
1579582929.028,0.6,0.9285,0.58,0.9897,77
1579582930.238,0.61,0.9261,0.56,0.9803,77
1579582931.4,0.6,0.9412,0.55,0.9877,77
1579582932.468,0.59,0.9501,0.57,0.9756,77
1579582933.56,0.6,0.943,0.58,0.9659,77
1579582934.706,0.6,0.9363,0.57,0.9655,77
1579582935.835,0.62,0.9329,0.57,0.9822,77
1579582936.795,0.61,0.9395,0.58,0.9665,77
1579582937.972,0.6,0.9418,0.6,0.973,78
1579582939.167,0.6,0.9493,0.58,0.9779,78
1579582940.295,0.59,0.9593,0.61,0.9846,78
1579582941.409,0.59,0.9697,0.59,0.9685,78
1579582942.617,0.61,0.9254,0.56,0.991,78
1579582943.805,0.61,0.9307,0.56,0.9754,78
1579582944.762,0.59,0.9397,0.56,0.988,78
1579582945.884,0.59,0.9517,0.57,0.9786,78
1579582946.984,0.6,0.9438,0.57,0.9617,78
1579582948.091,0.61,0.9343,0.57,0.9611,78
1579582949.257,0.61,0.9367,0.56,0.9731,78
1579582950.168,0.61,0.9354,0.58,0.9591,78
1579582951.327,0.61,0.9386,0.59,0.9652,79
1579582952.513,0.6,0.9444,0.57,0.9729,79
1579582953.667,0.59,0.9594,0.6,0.9738,79
1579582954.812,0.59,0.9627,0.57,0.97,79
1579582955.967,0.61,0.9261,0.59,0.9876,79
1579582957.011,0.61,0.9246,0.57,0.9812,79
1579582958.064,0.59,0.9429,0.55,0.9774,79
1579582959.188,0.59,0.9433,0.55,0.99,79
1579582960.348,0.6,0.9487,0.57,0.962,79
1579582961.47,0.61,0.9288,0.59,0.9655,79
1579582962.548,0.61,0.9372,0.56,0.9698,79
1579582963.511,0.61,0.9286,0.57,0.9589,79
1579582964.707,0.61,0.9379,0.6,0.9604,80
1579582965.814,0.6,0.938,0.57,0.9763,80
1579582966.909,0.59,0.9587,0.57,0.9709,80
1579582968.119,0.59,0.9564,0.57,0.9754,80
1579582969.309,0.61,0.9256,0.58,0.995,80
1579582970.495,0.61,0.9208,0.58,0.9905,80
1579582971.505,0.59,0.9406,0.57,0.9802,80
1579582972.664,0.6,0.9419,0.55,0.9949,80
1579582973.8,0.6,0.9477,0.57,0.9692,80
1579582974.909,0.61,0.9269,0.59,0.967,80
1579582976.033,0.61,0.9341,0.56,0.9739,80
1579582977.096,0.61,0.9285,0.58,0.9602,80
1579582978.271,0.61,0.9361,0.59,0.9608,81
1579582979.401,0.6,0.9382,0.56,0.9793,81
1579582980.602,0.59,0.9586,0.57,0.9728,81
1579582981.64,0.59,0.9551,0.57,0.9748,81
1579582982.691,0.61,0.9265,0.58,0.9948,81
1579582983.875,0.61,0.9199,0.58,0.9923,81
1579582985.008,0.59,0.9394,0.57,0.9768,81
1579582986.193,0.59,0.9445,0.56,0.9912,81
1579582987.364,0.6,0.9442,0.58,0.9734,81
1579582988.513,0.61,0.9257,0.58,0.9659,81
1579582989.674,0.61,0.9328,0.57,0.971,81
1579582990.645,0.61,0.9264,0.58,0.9622,81
1579582991.839,0.61,0.9368,0.58,0.9592,82
1579582992.95,0.6,0.9394,0.57,0.9746,82
1579582994.09,0.6,0.9561,0.57,0.9751,82
1579582995.299,0.59,0.9569,0.58,0.9723,82
1579582996.448,0.6,0.9275,0.58,0.9876,82
1579582997.475,0.61,0.9166,0.58,0.997,82
1579582998.564,0.59,0.9412,0.57,0.9761,82
1579582999.675,0.6,0.943,0.56,0.9841,82
1579583000.803,0.6,0.9397,0.58,0.9804,82
1579583001.804,0.61,0.9261,0.57,0.9687,82
1579583002.966,0.61,0.9289,0.57,0.9703,82
1579583003.999,0.61,0.9246,0.57,0.968,82
1579583005.183,0.6,0.9369,0.6,0.9612,83
1579583006.254,0.6,0.9338,0.58,0.9685,83
1579583007.311,0.6,0.9521,0.59,0.9755,83
1579583008.434,0.59,0.9565,0.56,0.9668,83
1579583009.641,0.61,0.9194,0.58,0.9778,83
1579583010.799,0.61,0.9133,0.58,0.991,83
1579583011.912,0.59,0.9389,0.56,0.9747,83
1579583013.005,0.6,0.9373,0.56,0.9749,83
1579583014.123,0.6,0.9367,0.58,0.9738,83
1579583015.318,0.61,0.9235,0.59,0.9672,83
1579583016.462,0.62,0.9248,0.58,0.9674,83
1579583017.529,0.62,0.9233,0.58,0.9637,83
1579583018.66,0.6,0.9349,0.59,0.9598,84
1579583019.815,0.6,0.9299,0.59,0.9666,84
1579583020.9,0.6,0.9511,0.58,0.9701,84
1579583022.112,0.59,0.9531,0.57,0.9645,84
1579583023.162,0.61,0.916,0.57,0.974,84
1579583024.381,0.62,0.9119,0.57,0.9805,84
1579583025.541,0.59,0.936,0.56,0.971,84
1579583026.589,0.6,0.9357,0.57,0.9721,84
1579583027.756,0.6,0.9353,0.56,0.9658,84
1579583028.952,0.61,0.922,0.59,0.9645,84
1579583030.114,0.62,0.9236,0.57,0.9687,84
1579583031.16,0.62,0.9222,0.58,0.9606,84
1579583032.37,0.61,0.935,0.59,0.9584,85
1579583033.606,0.6,0.9293,0.59,0.9711,85
1579583034.642,0.6,0.9518,0.58,0.9676,85
1579583035.705,0.59,0.9512,0.57,0.9658,85
1579583036.896,0.61,0.9161,0.58,0.9784,85
1579583038.087,0.62,0.9121,0.57,0.9761,85
1579583039.261,0.6,0.9343,0.57,0.9709,85
1579583040.44,0.6,0.9353,0.58,0.9773,85
1579583041.538,0.6,0.9361,0.58,0.9653,85
1579583042.583,0.61,0.9223,0.58,0.9657,85
1579583043.74,0.62,0.9237,0.58,0.9743,85
1579583044.705,0.62,0.9224,0.59,0.9632,85
1579583045.789,0.61,0.935,0.59,0.9586,86
1579583046.898,0.61,0.9285,0.59,0.9769,86
1579583048.03,0.6,0.9534,0.57,0.9672,86
1579583049.145,0.59,0.9503,0.59,0.9679,86
1579583050.278,0.61,0.917,0.57,0.9842,86
1579583051.404,0.62,0.9131,0.56,0.9763,86
1579583052.48,0.6,0.934,0.56,0.9701,86
1579583053.55,0.6,0.9351,0.59,0.9801,86
1579583054.701,0.6,0.9374,0.56,0.9632,86
1579583055.688,0.61,0.9222,0.57,0.9636,86
1579583056.694,0.62,0.9239,0.58,0.9788,86
1579583057.72,0.61,0.9242,0.59,0.9651,86
1579583058.855,0.61,0.9345,0.58,0.9601,87
1579583060.051,0.61,0.9288,0.59,0.9836,87
1579583061.09,0.6,0.9553,0.57,0.9692,87
1579583062.119,0.59,0.9496,0.58,0.9704,87
1579583063.285,0.61,0.9191,0.55,0.9906,87
1579583064.236,0.61,0.9156,0.55,0.9768,87
1579583065.395,0.6,0.9337,0.55,0.9689,87
1579583066.551,0.6,0.9365,0.59,0.9833,87
1579583067.75,0.6,0.9384,0.56,0.9622,87
1579583068.904,0.61,0.9218,0.58,0.9614,87
1579583069.956,0.62,0.9251,0.59,0.9792,87
1579583070.937,0.61,0.9248,0.59,0.9648,87
1579583072.055,0.61,0.934,0.58,0.9607,88
1579583073.249,0.61,0.9314,0.59,0.9885,88
1579583074.47,0.6,0.9571,0.58,0.9741,88
1579583075.663,0.59,0.9501,0.59,0.977,88
1579583076.849,0.61,0.9248,0.57,0.9948,88
1579583078.03,0.61,0.9162,0.56,0.9845,88
1579583079.111,0.6,0.934,0.57,0.9711,88
1579583080.072,0.6,0.9405,0.59,0.9845,88
1579583081.116,0.6,0.937,0.55,0.9698,88
1579583082.132,0.61,0.9217,0.59,0.9639,88
1579583083.34,0.62,0.9283,0.59,0.9769,88
1579583084.384,0.61,0.9225,0.58,0.9697,88
1579583085.548,0.61,0.9352,0.59,0.9644,89
1579583086.596,0.6,0.9383,0.61,0.9836,89
1579583087.695,0.6,0.9544,0.59,0.9822,89
1579583088.869,0.59,0.9544,0.6,0.9787,89
1579583089.858,0.61,0.9283,0.57,0.9862,89
1579583090.854,0.61,0.9108,0.56,1.0005,89
1579583091.998,0.59,0.9404,0.59,0.9717,89
1579583093.204,0.6,0.9392,0.58,0.9703,89
1579583094.401,0.61,0.9313,0.58,0.9772,89
1579583095.46,0.61,0.9244,0.57,0.9626,89
1579583096.727,0.62,0.9214,0.55,0.964,89
1579583097.72,0.62,0.9206,0.59,0.9732,89
1579583098.846,0.61,0.936,0.59,0.9629,90
1579583099.954,0.61,0.9268,0.58,0.9662,90
1579583101.015,0.6,0.9468,0.58,0.9797,90
1579583102.19,0.59,0.9521,0.6,0.9712,90
1579583103.394,0.62,0.9109,0.6,0.9763,90
1579583104.47,0.61,0.9107,0.57,0.992,90
1579583105.624,0.6,0.9359,0.58,0.9776,90
1579583106.683,0.6,0.9318,0.58,0.9649,90
1579583107.718,0.61,0.9304,0.57,0.9669,90
1579583108.918,0.61,0.919,0.57,0.9662,90
1579583110.046,0.62,0.9189,0.56,0.9632,90
1579583110.926,0.62,0.9186,0.6,0.9638,90
1579583112.13,0.61,0.9321,0.58,0.9618,91
1579583113.141,0.61,0.9247,0.58,0.9641,91
1579583114.352,0.6,0.9459,0.6,0.9704,91
1579583115.422,0.59,0.9481,0.59,0.9684,91
1579583116.381,0.62,0.9083,0.58,0.9728,91
1579583117.375,0.62,0.908,0.55,0.9787,91
1579583118.488,0.6,0.9317,0.57,0.9735,91
1579583119.688,0.6,0.93,0.58,0.9625,91
1579583120.803,0.61,0.9289,0.57,0.9587,91
1579583121.977,0.61,0.918,0.58,0.9628,91
1579583123.127,0.62,0.9172,0.58,0.9635,91
1579583124.152,0.62,0.9167,0.6,0.9585,91
1579583125.309,0.61,0.9319,0.59,0.9571,92
1579583126.371,0.61,0.9235,0.58,0.966,92
1579583127.567,0.6,0.9457,0.59,0.9666,92
1579583128.709,0.59,0.9469,0.58,0.9668,92
1579583129.805,0.62,0.9078,0.57,0.9759,92
1579583130.799,0.62,0.9067,0.55,0.9755,92
1579583131.829,0.6,0.9305,0.58,0.9708,92
1579583132.89,0.6,0.9288,0.58,0.9681,92
1579583134.102,0.61,0.9289,0.57,0.9588,92
1579583135.311,0.61,0.9175,0.57,0.962,92
1579583136.494,0.62,0.9164,0.58,0.967,92
1579583137.467,0.62,0.9159,0.6,0.9583,92
1579583138.545,0.61,0.9312,0.6,0.9562,93
1579583139.59,0.61,0.9222,0.59,0.9672,93
1579583140.697,0.6,0.9456,0.59,0.9627,93
1579583141.785,0.6,0.9453,0.58,0.9651,93
1579583142.809,0.62,0.9069,0.57,0.9763,93
1579583143.87,0.62,0.9051,0.56,0.9721,93
1579583145.047,0.6,0.9297,0.58,0.9687,93
1579583146.12,0.6,0.9275,0.59,0.9694,93
1579583147.321,0.6,0.9292,0.57,0.9565,93
1579583148.437,0.61,0.9175,0.56,0.9613,93
1579583149.509,0.62,0.9155,0.57,0.9691,93
1579583150.537,0.62,0.9155,0.6,0.9605,93
1579583151.7,0.61,0.9303,0.6,0.9589,94
1579583152.873,0.61,0.9215,0.59,0.9689,94
1579583154.015,0.6,0.9449,0.59,0.9617,94
1579583155.219,0.6,0.9446,0.6,0.9643,94
1579583156.353,0.62,0.9065,0.56,0.9746,94
1579583157.549,0.62,0.9046,0.56,0.9682,94
1579583158.638,0.6,0.9292,0.58,0.9672,94
1579583159.702,0.6,0.9268,0.59,0.967,94
1579583160.752,0.61,0.9287,0.56,0.9547,94
1579583161.798,0.61,0.9176,0.56,0.9619,94
1579583162.978,0.62,0.915,0.57,0.9709,94
1579583164.029,0.62,0.9147,0.58,0.9625,94
1579583165.118,0.61,0.9306,0.6,0.9618,95
1579583166.236,0.61,0.9212,0.59,0.9708,95
1579583167.303,0.6,0.9447,0.6,0.9635,95
1579583168.436,0.6,0.9441,0.58,0.9677,95
1579583169.518,0.62,0.9057,0.55,0.9724,95
1579583170.677,0.62,0.9031,0.57,0.9674,95
1579583171.819,0.6,0.9282,0.59,0.9656,95
1579583172.948,0.6,0.9252,0.59,0.9627,95
1579583174.067,0.61,0.9274,0.57,0.9515,95
1579583175.271,0.61,0.917,0.56,0.9593,95
1579583176.384,0.63,0.914,0.57,0.9667,95
1579583177.223,0.62,0.9127,0.6,0.9608,95
1579583178.392,0.61,0.9292,0.6,0.9633,96
1579583179.497,0.61,0.9201,0.59,0.9697,96
1579583180.574,0.6,0.9431,0.61,0.9634,96
1579583181.636,0.6,0.9429,0.58,0.9684,96
1579583182.779,0.62,0.9045,0.57,0.9703,96
1579583183.774,0.62,0.9018,0.57,0.9666,96
1579583184.729,0.6,0.9271,0.59,0.9653,96
1579583185.726,0.6,0.9246,0.58,0.9582,96
1579583186.921,0.61,0.9261,0.57,0.949,96
1579583188.108,0.61,0.916,0.57,0.9586,96
1579583189.27,0.63,0.9136,0.57,0.9635,96
1579583190.184,0.62,0.9106,0.6,0.9603,96
1579583191.215,0.61,0.9275,0.6,0.964,97
1579583192.404,0.61,0.9194,0.59,0.9695,97
1579583193.577,0.6,0.9421,0.61,0.9659,97
1579583194.834,0.6,0.9422,0.59,0.9713,97
1579583195.898,0.62,0.9036,0.57,0.9704,97
1579583196.979,0.62,0.9006,0.57,0.9691,97
1579583198.016,0.6,0.9267,0.59,0.9647,97
1579583199.079,0.6,0.924,0.58,0.959,97
1579583200.276,0.61,0.9254,0.57,0.9495,97
1579583201.399,0.61,0.9151,0.57,0.9578,97
1579583202.468,0.63,0.9126,0.57,0.9623,97
1579583203.385,0.62,0.9096,0.6,0.9584,97
1579583204.522,0.61,0.9266,0.6,0.962,98
1579583205.59,0.61,0.9188,0.58,0.9692,98
1579583206.677,0.6,0.9417,0.6,0.9666,98
1579583207.805,0.6,0.9411,0.6,0.9732,98
1579583208.957,0.62,0.9031,0.57,0.9735,98
1579583210.122,0.62,0.8999,0.58,0.9706,98
1579583211.132,0.6,0.9255,0.59,0.9644,98
1579583212.325,0.6,0.9228,0.59,0.9592,98
1579583213.453,0.61,0.925,0.57,0.948,98
1579583214.545,0.61,0.9146,0.57,0.9567,98
1579583215.721,0.63,0.912,0.57,0.9606,98
1579583216.706,0.62,0.9083,0.59,0.958,98
1579583217.858,0.61,0.926,0.59,0.9636,99
1579583218.905,0.61,0.9186,0.58,0.9677,99
1579583219.86,0.6,0.9409,0.6,0.9661,99
1579583220.832,0.6,0.9403,0.59,0.9735,99
1579583221.831,0.62,0.9023,0.57,0.9718,99
1579583222.828,0.62,0.8994,0.58,0.9743,99
1579583223.8,0.6,0.9251,0.58,0.9656,99
1579583225.003,0.6,0.9223,0.58,0.9602,99
1579583226.051,0.61,0.924,0.56,0.9491,99
1579583227.119,0.61,0.9136,0.57,0.9554,99
1579583228.313,0.63,0.9109,0.57,0.959,99
1579583229.31,0.62,0.9072,0.6,0.9564,99
