1581479326.153,0.23,1.3901,0.26,1.3878,0
1581479326.44,0.26,1.3884,0.27,1.3859,0
1581479326.716,0.25,1.3862,0.28,1.3823,0
1581479326.997,0.28,1.3833,0.26,1.3778,0
1581479327.274,0.27,1.382,0.28,1.3733,0
1581479327.546,0.25,1.3799,0.4,1.3647,0
1581479327.825,0.31,1.3784,0.42,1.3627,0
1581479327.945,0.32,1.3756,0.31,1.3659,0
1581479328.221,0.32,1.3711,0.36,1.3515,1
1581479328.494,0.34,1.3673,0.39,1.3429,1
1581479328.766,0.36,1.3676,0.36,1.3423,1
1581479329.045,0.33,1.3701,0.38,1.356,1
1581479329.32,0.31,1.3692,0.41,1.3583,1
1581479329.591,0.33,1.3673,0.41,1.3373,1
1581479329.865,0.35,1.3525,0.39,1.3235,1
1581479329.989,0.32,1.3669,0.39,1.3203,1
1581479330.263,0.33,1.3523,0.39,1.3181,2
1581479330.539,0.36,1.3488,0.37,1.3158,2
1581479330.81,0.34,1.3438,0.4,1.3107,2
1581479331.089,0.33,1.3451,0.38,1.3032,2
1581479331.363,0.3,1.3414,0.34,1.2955,2
1581479331.638,0.33,1.3309,0.35,1.269,2
1581479331.912,0.35,1.3077,0.35,1.2526,2
1581479332.032,0.33,1.3218,0.38,1.2432,2
1581479332.311,0.36,1.3107,0.37,1.2357,3
1581479332.583,0.36,1.2909,0.4,1.2325,3
1581479332.855,0.35,1.297,0.47,1.2249,3
1581479333.133,0.35,1.2904,0.42,1.202,3
1581479333.409,0.36,1.2853,0.38,1.2096,3
1581479333.695,0.36,1.3107,0.46,1.1802,3
1581479333.971,0.35,1.2848,0.5,1.1814,3
1581479334.09,0.4,1.2874,0.48,1.1888,3
1581479334.364,0.37,1.2786,0.38,1.2133,4
1581479334.635,0.36,1.2722,0.43,1.2147,4
1581479334.907,0.36,1.2893,0.47,1.2034,4
1581479335.189,0.39,1.2689,0.48,1.183,4
1581479335.46,0.42,1.2676,0.47,1.1816,4
1581479335.732,0.4,1.2684,0.46,1.172,4
1581479336.004,0.41,1.25,0.47,1.1645,4
1581479336.124,0.38,1.2734,0.52,1.1624,4
1581479336.397,0.42,1.2596,0.5,1.1665,5
1581479336.682,0.46,1.2435,0.53,1.1789,5
1581479336.955,0.46,1.2552,0.5,1.1855,5
1581479337.235,0.43,1.2434,0.45,1.1848,5
1581479337.507,0.45,1.2431,0.5,1.1762,5
1581479337.781,0.43,1.2576,0.54,1.1502,5
1581479338.056,0.44,1.2315,0.53,1.1393,5
1581479338.177,0.42,1.2507,0.5,1.1264,5
1581479338.452,0.44,1.2304,0.5,1.1367,6
1581479338.726,0.46,1.2196,0.52,1.1319,6
1581479339.015,0.48,1.2158,0.56,1.136,6
1581479339.313,0.47,1.2139,0.52,1.123,6
1581479339.602,0.45,1.2059,0.49,1.1485,6
1581479339.883,0.4,1.2544,0.58,1.1037,6
1581479340.156,0.46,1.1859,0.57,1.1159,6
1581479340.276,0.43,1.2201,0.5,1.1069,6
1581479340.555,0.45,1.2091,0.53,1.0965,7
1581479340.836,0.48,1.1845,0.62,1.0806,7
1581479341.112,0.48,1.1798,0.52,1.0759,7
1581479341.386,0.47,1.1775,0.5,1.0767,7
1581479341.66,0.45,1.1899,0.6,1.0687,7
1581479341.933,0.46,1.1793,0.63,1.0693,7
1581479342.211,0.47,1.1461,0.5,1.0779,7
1581479342.332,0.46,1.1793,0.52,1.0702,7
1581479342.607,0.47,1.1729,0.61,1.0459,8
1581479342.895,0.5,1.148,0.59,1.0411,8
1581479343.171,0.49,1.1497,0.57,1.0334,8
1581479343.453,0.49,1.1436,0.62,1.0398,8
1581479343.726,0.48,1.1397,0.57,1.0554,8
1581479343.999,0.47,1.1711,0.59,1.0409,8
1581479344.273,0.48,1.1236,0.61,1.031,8
1581479344.394,0.49,1.1474,0.59,1.0206,8
1581479344.668,0.49,1.1347,0.58,1.016,9
1581479344.941,0.49,1.1256,0.63,1.003,9
1581479345.218,0.53,1.1067,0.61,1.0076,9
1581479345.49,0.48,1.1206,0.62,1.0019,9
1581479345.764,0.51,1.1006,0.57,1.0147,9
1581479346.038,0.49,1.136,0.62,1.0046,9
1581479346.312,0.51,1.0939,0.62,1.0023,9
1581479346.434,0.5,1.1078,0.62,0.9899,9
1581479346.708,0.52,1.1058,0.63,0.9725,10
1581479346.979,0.53,1.0865,0.62,0.9684,10
1581479347.255,0.53,1.0746,0.63,0.9628,10
1581479347.53,0.5,1.0798,0.64,0.9621,10
1581479347.804,0.53,1.065,0.57,0.9773,10
1581479348.075,0.51,1.0986,0.62,0.9642,10
1581479348.352,0.52,1.0694,0.65,0.9563,10
1581479348.472,0.55,1.0711,0.62,0.9485,10
1581479348.747,0.52,1.079,0.64,0.933,11
1581479349.02,0.54,1.0593,0.64,0.926,11
1581479349.292,0.56,1.0449,0.65,0.9238,11
1581479349.567,0.54,1.0478,0.65,0.9259,11
1581479349.842,0.56,1.0252,0.61,0.9602,11
1581479350.131,0.49,1.1001,0.65,0.9179,11
1581479350.42,0.54,1.0379,0.65,0.9288,11
1581479350.546,0.56,1.0385,0.6,0.9196,11
1581479350.831,0.54,1.0546,0.61,0.9125,12
1581479351.103,0.55,1.0522,0.66,0.9029,12
1581479351.38,0.56,1.0209,0.65,0.9246,12
1581479351.654,0.54,1.0416,0.65,0.9064,12
1581479351.928,0.56,0.9978,0.61,0.9295,12
1581479352.206,0.52,1.0731,0.67,0.8922,12
1581479352.481,0.55,1.0167,0.64,0.9073,12
1581479352.605,0.57,1.0057,0.66,0.9029,12
1581479352.88,0.55,1.0313,0.64,0.8773,13
1581479353.168,0.57,1.0065,0.66,0.8832,13
1581479353.457,0.59,1.0091,0.63,0.8862,13
1581479353.746,0.57,0.9894,0.65,0.8796,13
1581479354.033,0.57,0.9815,0.65,0.8699,13
1581479354.308,0.57,1.0014,0.65,0.8632,13
1581479354.579,0.56,0.9877,0.64,0.8656,13
1581479354.699,0.6,0.9538,0.65,0.8575,13
1581479354.974,0.57,0.9864,0.63,0.8542,14
1581479355.246,0.59,0.9765,0.65,0.8639,14
1581479355.519,0.6,0.9817,0.65,0.8597,14
1581479355.794,0.59,0.9618,0.66,0.8465,14
1581479356.066,0.59,0.9328,0.64,0.8634,14
1581479356.339,0.6,0.9882,0.68,0.8551,14
1581479356.612,0.56,1.005,0.63,0.8462,14
1581479356.733,0.62,0.9297,0.65,0.894,14
1581479357.01,0.57,0.991,0.62,0.8861,15
1581479357.288,0.57,0.9994,0.67,0.8864,15
1581479357.563,0.59,0.9946,0.64,0.8712,15
1581479357.842,0.58,0.9689,0.62,0.8772,15
1581479358.116,0.59,0.9486,0.66,0.8767,15
1581479358.39,0.59,1.0131,0.69,0.8353,15
1581479358.664,0.6,0.962,0.64,0.86,15
1581479358.785,0.6,0.953,0.66,0.8452,15
1581479359.06,0.59,0.9591,0.64,0.8598,16
1581479359.333,0.59,0.9408,0.64,0.8754,16
1581479359.607,0.6,0.9782,0.65,0.8491,16
1581479359.88,0.62,0.924,0.68,0.8374,16
1581479360.16,0.62,0.922,0.68,0.8182,16
1581479360.434,0.62,0.9182,0.66,0.8164,16
1581479360.717,0.62,0.9139,0.67,0.8249,16
1581479360.839,0.63,0.8957,0.69,0.8498,16
1581479361.118,0.6,0.9412,0.64,0.8236,17
1581479361.391,0.61,0.9217,0.65,0.8528,17
1581479361.666,0.6,0.9483,0.61,0.8538,17
1581479361.939,0.6,0.9267,0.66,0.8205,17
1581479362.213,0.63,0.8857,0.68,0.828,17
1581479362.488,0.62,0.9483,0.69,0.8008,17
1581479362.761,0.63,0.9039,0.63,0.8184,17
1581479362.882,0.62,0.9189,0.68,0.8562,17
1581479363.159,0.6,0.9446,0.69,0.8221,18
1581479363.435,0.61,0.9135,0.62,0.8546,18
1581479363.714,0.6,0.9503,0.68,0.8619,18
1581479363.987,0.62,0.9104,0.65,0.8624,18
1581479364.26,0.61,0.9229,0.68,0.8126,18
1581479364.533,0.64,0.9074,0.69,0.7883,18
1581479364.806,0.63,0.89,0.7,0.8007,18
1581479364.927,0.66,0.8328,0.68,0.8215,18
1581479365.206,0.61,0.9201,0.65,0.7994,19
1581479365.483,0.63,0.9048,0.69,0.7982,19
1581479365.756,0.65,0.8939,0.71,0.8249,19
1581479366.029,0.65,0.8731,0.66,0.8149,19
1581479366.305,0.63,0.8781,0.68,0.822,19
1581479366.584,0.62,0.908,0.73,0.8031,19
1581479366.857,0.63,0.8834,0.67,0.7828,19
1581479366.976,0.66,0.8251,0.72,0.7946,19
1581479367.252,0.62,0.8952,0.7,0.7766,20
1581479367.524,0.64,0.8681,0.68,0.7881,20
1581479367.8,0.64,0.9062,0.64,0.7854,20
1581479368.074,0.65,0.8648,0.7,0.8026,20
1581479368.348,0.64,0.8711,0.7,0.772,20
1581479368.629,0.66,0.8692,0.71,0.7621,20
1581479368.906,0.65,0.8533,0.7,0.7941,20
1581479369.026,0.67,0.7839,0.69,0.7735,20
1581479369.301,0.62,0.8769,0.7,0.7625,21
1581479369.575,0.64,0.8657,0.69,0.7529,21
1581479369.848,0.65,0.8683,0.67,0.7869,21
1581479370.123,0.66,0.8408,0.69,0.7787,21
1581479370.397,0.67,0.8299,0.69,0.7797,21
1581479370.673,0.65,0.8576,0.74,0.7818,21
1581479370.946,0.64,0.8566,0.66,0.7554,21
1581479371.068,0.68,0.7656,0.71,0.7689,21
1581479371.343,0.63,0.8597,0.7,0.7569,22
1581479371.62,0.65,0.8519,0.68,0.7491,22
1581479371.893,0.65,0.8726,0.67,0.7616,22
1581479372.166,0.65,0.8353,0.7,0.7633,22
1581479372.442,0.65,0.83,0.71,0.7581,22
1581479372.718,0.66,0.8442,0.75,0.7588,22
1581479372.991,0.65,0.8371,0.7,0.7587,22
1581479373.112,0.71,0.7432,0.66,0.7503,22
1581479373.388,0.64,0.8613,0.7,0.7276,23
1581479373.664,0.67,0.8163,0.69,0.7441,23
1581479373.947,0.66,0.8508,0.72,0.756,23
1581479374.223,0.68,0.8027,0.69,0.7644,23
1581479374.497,0.67,0.8094,0.71,0.7548,23
1581479374.776,0.67,0.8156,0.74,0.7506,23
1581479375.049,0.66,0.8222,0.68,0.7304,23
1581479375.172,0.75,0.7177,0.69,0.8028,23
1581479375.452,0.64,0.869,0.69,0.7412,24
1581479375.728,0.66,0.8201,0.71,0.7304,24
1581479376.004,0.67,0.8335,0.72,0.7698,24
1581479376.277,0.68,0.8111,0.71,0.7636,24
1581479376.55,0.68,0.8057,0.71,0.7632,24
1581479376.824,0.67,0.828,0.75,0.7676,24
1581479377.101,0.65,0.8275,0.7,0.709,24
1581479377.229,0.74,0.7073,0.66,0.7492,24
1581479377.505,0.65,0.8384,0.75,0.7257,25
1581479377.781,0.67,0.7955,0.68,0.7406,25
1581479378.055,0.65,0.8496,0.72,0.7299,25
1581479378.33,0.7,0.7689,0.71,0.7517,25
1581479378.605,0.67,0.7836,0.68,0.7491,25
1581479378.88,0.69,0.7959,0.75,0.7515,25
1581479379.154,0.67,0.7945,0.75,0.7473,25
1581479379.275,0.74,0.6658,0.69,0.748,25
1581479379.551,0.66,0.8096,0.73,0.7249,26
1581479379.826,0.69,0.7784,0.7,0.723,26
1581479380.107,0.68,0.8072,0.72,0.731,26
1581479380.38,0.7,0.7558,0.71,0.7387,26
1581479380.655,0.71,0.7501,0.71,0.7549,26
1581479380.945,0.69,0.7881,0.75,0.736,26
1581479381.246,0.67,0.7706,0.7,0.7342,26
1581479381.371,0.75,0.6578,0.74,0.7681,26
1581479381.661,0.67,0.8014,0.71,0.746,27
1581479381.934,0.67,0.7939,0.71,0.7211,27
1581479382.217,0.68,0.7864,0.68,0.7495,27
1581479382.491,0.68,0.7705,0.72,0.7307,27
1581479382.773,0.7,0.7536,0.72,0.7774,27
1581479383.046,0.68,0.7897,0.75,0.7433,27
1581479383.327,0.68,0.7581,0.71,0.7389,27
1581479383.448,0.74,0.6612,0.7,0.7908,27
1581479383.723,0.67,0.8166,0.71,0.7478,28
1581479383.997,0.67,0.7829,0.72,0.7459,28
1581479384.271,0.69,0.7902,0.68,0.7951,28
1581479384.548,0.69,0.7746,0.71,0.7488,28
1581479384.821,0.7,0.7579,0.73,0.7458,28
1581479385.094,0.7,0.754,0.75,0.7977,28
1581479385.378,0.67,0.7747,0.7,0.7491,28
1581479385.5,0.76,0.6329,0.71,0.7433,28
1581479385.774,0.68,0.7714,0.74,0.7473,29
1581479386.049,0.69,0.7791,0.7,0.7761,29
1581479386.324,0.68,0.8067,0.68,0.7683,29
1581479386.6,0.72,0.7299,0.71,0.7747,29
1581479386.875,0.71,0.741,0.72,0.7494,29
1581479387.154,0.7,0.7609,0.71,0.7357,29
1581479387.432,0.7,0.7308,0.67,0.8075,29
1581479387.554,0.73,0.6279,0.71,0.7577,29
1581479387.834,0.68,0.7658,0.72,0.7344,30
1581479388.108,0.69,0.7486,0.72,0.7346,30
1581479388.385,0.7,0.76,0.7,0.7708,30
1581479388.659,0.71,0.7307,0.69,0.7634,30
1581479388.933,0.73,0.7109,0.7,0.7656,30
1581479389.208,0.7,0.7423,0.73,0.7411,30
1581479389.486,0.7,0.7356,0.68,0.7699,30
1581479389.608,0.77,0.6107,0.68,0.7893,30
1581479389.884,0.69,0.7716,0.71,0.7476,31
1581479390.162,0.69,0.7455,0.72,0.7393,31
1581479390.439,0.7,0.7568,0.69,0.7819,31
1581479390.715,0.72,0.7338,0.71,0.7889,31
1581479390.989,0.7,0.7343,0.7,0.7637,31
1581479391.264,0.7,0.7249,0.73,0.77,31
1581479391.542,0.68,0.7595,0.69,0.7383,31
1581479391.663,0.8,0.5801,0.65,0.8218,31
1581479391.942,0.66,0.8002,0.71,0.7334,32
1581479392.219,0.72,0.7003,0.72,0.776,32
1581479392.499,0.67,0.7851,0.7,0.7673,32
1581479392.777,0.72,0.7025,0.7,0.8212,32
1581479393.051,0.71,0.7286,0.7,0.7719,32
1581479393.325,0.72,0.7071,0.72,0.756,32
1581479393.601,0.7,0.7351,0.71,0.7306,32
1581479393.721,0.79,0.5696,0.68,0.8082,32
1581479393.997,0.69,0.7692,0.71,0.7644,33
1581479394.27,0.72,0.7012,0.72,0.7405,33
1581479394.548,0.7,0.7319,0.72,0.7476,33
1581479394.828,0.73,0.6952,0.7,0.7895,33
1581479395.103,0.72,0.699,0.68,0.8188,33
1581479395.38,0.71,0.7431,0.71,0.7405,33
1581479395.655,0.72,0.6908,0.71,0.7286,33
1581479395.779,0.79,0.5771,0.7,0.7665,33
1581479396.056,0.7,0.7298,0.68,0.7984,34
1581479396.331,0.71,0.7191,0.7,0.7566,34
1581479396.621,0.71,0.7184,0.71,0.7672,34
1581479396.895,0.72,0.7109,0.74,0.7669,34
1581479397.167,0.72,0.6896,0.66,0.8498,34
1581479397.44,0.69,0.743,0.7,0.7807,34
1581479397.713,0.73,0.6858,0.68,0.7439,34
1581479397.833,0.8,0.5607,0.69,0.7498,34
1581479398.113,0.7,0.7308,0.69,0.7638,35
1581479398.386,0.73,0.6968,0.68,0.8028,35
1581479398.667,0.71,0.7482,0.7,0.7657,35
1581479398.955,0.74,0.6726,0.74,0.7416,35
1581479399.244,0.73,0.6839,0.7,0.7594,35
1581479399.535,0.73,0.6719,0.68,0.826,35
1581479399.824,0.72,0.6947,0.7,0.7868,35
1581479399.948,0.79,0.5306,0.71,0.7569,35
1581479400.226,0.71,0.7008,0.71,0.7379,36
1581479400.5,0.73,0.6768,0.7,0.7721,36
1581479400.789,0.71,0.7112,0.69,0.8007,36
1581479401.063,0.74,0.6745,0.71,0.7419,36
1581479401.338,0.75,0.6456,0.73,0.7429,36
1581479401.611,0.75,0.6642,0.67,0.7924,36
1581479401.884,0.73,0.6672,0.72,0.7774,36
1581479402.004,0.82,0.5099,0.68,0.7991,36
1581479402.281,0.72,0.6935,0.7,0.7613,37
1581479402.556,0.74,0.6562,0.71,0.7838,37
1581479402.839,0.72,0.6877,0.7,0.8056,37
1581479403.111,0.74,0.6711,0.7,0.7711,37
1581479403.388,0.75,0.6472,0.69,0.7919,37
1581479403.663,0.74,0.6674,0.69,0.7706,37
1581479403.937,0.75,0.6401,0.71,0.7536,37
1581479404.058,0.81,0.5011,0.7,0.7674,37
1581479404.335,0.73,0.6657,0.69,0.7843,38
1581479404.61,0.73,0.6555,0.71,0.7819,38
1581479404.885,0.74,0.6666,0.7,0.7871,38
1581479405.158,0.75,0.658,0.71,0.7415,38
1581479405.434,0.75,0.6212,0.68,0.7962,38
1581479405.712,0.75,0.6658,0.7,0.806,38
1581479405.986,0.75,0.6306,0.7,0.7763,38
1581479406.106,0.83,0.4795,0.73,0.7535,38
1581479406.384,0.74,0.6616,0.69,0.7788,39
1581479406.657,0.74,0.6465,0.67,0.8035,39
1581479406.93,0.75,0.6632,0.7,0.7894,39
1581479407.204,0.77,0.6316,0.73,0.7459,39
1581479407.476,0.76,0.6244,0.69,0.7665,39
1581479407.75,0.77,0.6415,0.71,0.8427,39
1581479408.024,0.75,0.6319,0.71,0.7795,39
1581479408.145,0.85,0.4616,0.7,0.7739,39
1581479408.419,0.74,0.6636,0.71,0.7705,40
1581479408.695,0.76,0.6397,0.67,0.8194,40
1581479408.969,0.76,0.6506,0.72,0.792,40
1581479409.243,0.77,0.6221,0.73,0.7816,40
1581479409.514,0.75,0.6355,0.7,0.7669,40
1581479409.8,0.76,0.6361,0.69,0.8314,40
1581479410.088,0.76,0.6194,0.7,0.7909,40
1581479410.216,0.86,0.4389,0.71,0.7554,40
1581479410.507,0.74,0.6459,0.69,0.7969,41
1581479410.798,0.75,0.6456,0.68,0.8562,41
1581479411.072,0.74,0.6793,0.7,0.9135,41
1581479411.35,0.72,0.6785,0.7,0.8017,41
1581479411.622,0.74,0.6455,0.71,0.7791,41
1581479411.896,0.77,0.612,0.69,0.8297,41
1581479412.17,0.75,0.605,0.7,0.8145,41
1581479412.296,0.85,0.4459,0.69,0.7995,41
1581479412.571,0.74,0.6339,0.68,0.7834,42
1581479412.85,0.75,0.6404,0.71,0.8011,42
1581479413.139,0.76,0.6292,0.67,0.8378,42
1581479413.426,0.78,0.6048,0.7,0.8426,42
1581479413.725,0.77,0.5969,0.71,0.8385,42
1581479414.013,0.74,0.6758,0.71,0.8128,42
1581479414.286,0.76,0.6036,0.67,0.862,42
1581479414.406,0.83,0.4587,0.71,0.802,42
1581479414.684,0.74,0.6706,0.69,0.8399,43
1581479414.956,0.73,0.6878,0.7,0.765,43
1581479415.248,0.75,0.6324,0.62,0.915,43
1581479415.527,0.68,0.7432,0.67,0.9795,43
1581479415.8,0.71,0.7088,0.67,0.8566,43
1581479416.081,0.73,0.6802,0.69,0.8109,43
1581479416.353,0.72,0.7135,0.68,0.8495,43
1581479416.475,0.81,0.5104,0.61,0.9564,43
1581479416.749,0.67,0.8176,0.7,0.7475,44
1581479417.022,0.77,0.6055,0.66,0.8513,44
1581479417.302,0.71,0.7634,0.72,0.7747,44
1581479417.575,0.77,0.6174,0.67,0.8574,44
1581479417.849,0.73,0.6608,0.65,0.8117,44
1581479418.125,0.77,0.6443,0.7,0.7728,44
1581479418.403,0.75,0.6413,0.7,0.7685,44
1581479418.524,0.84,0.4632,0.7,0.8736,44
1581479418.798,0.7,0.712,0.7,0.7756,45
1581479419.071,0.78,0.5892,0.65,0.8656,45
1581479419.343,0.7,0.6932,0.69,0.7565,45
1581479419.615,0.77,0.5957,0.7,0.8324,45
1581479419.887,0.74,0.6284,0.7,0.8169,45
1581479420.167,0.74,0.6489,0.73,0.7954,45
1581479420.442,0.74,0.6412,0.67,0.7994,45
1581479420.566,0.83,0.4472,0.65,0.8945,45
1581479420.842,0.71,0.704,0.7,0.7876,46
1581479421.114,0.77,0.5935,0.68,0.8353,46
1581479421.391,0.73,0.6629,0.68,0.796,46
1581479421.673,0.76,0.6255,0.67,0.8016,46
1581479421.947,0.76,0.6034,0.68,0.8135,46
1581479422.223,0.75,0.6458,0.72,0.7381,46
1581479422.497,0.78,0.5888,0.73,0.7596,46
1581479422.618,0.84,0.4463,0.69,0.8106,46
1581479422.892,0.74,0.625,0.67,0.8727,47
1581479423.165,0.73,0.6628,0.7,0.7967,47
1581479423.441,0.78,0.5956,0.66,0.857,47
1581479423.722,0.73,0.6526,0.69,0.7942,47
1581479423.997,0.77,0.5588,0.7,0.9291,47
1581479424.273,0.73,0.6813,0.68,0.7835,47
1581479424.551,0.78,0.5778,0.72,0.7986,47
1581479424.671,0.83,0.463,0.72,0.7681,47
1581479424.959,0.75,0.6161,0.69,0.8454,48
1581479425.234,0.75,0.64,0.68,0.7904,48
1581479425.511,0.76,0.6137,0.71,0.8135,48
1581479425.786,0.76,0.6043,0.71,0.8068,48
1581479426.058,0.77,0.5898,0.66,0.812,48
1581479426.339,0.78,0.58,0.68,0.8495,48
1581479426.626,0.73,0.6297,0.68,0.7498,48
1581479426.748,0.89,0.3829,0.72,0.7908,48
1581479427.026,0.73,0.6581,0.71,0.7378,49
1581479427.299,0.78,0.554,0.72,0.785,49
1581479427.573,0.75,0.618,0.69,0.7465,49
1581479427.845,0.8,0.5484,0.7,0.8021,49
1581479428.118,0.79,0.5623,0.67,0.8134,49
1581479428.396,0.8,0.566,0.67,0.8194,49
1581479428.669,0.79,0.5718,0.69,0.7993,49
1581479428.79,0.89,0.3773,0.72,0.7997,49
1581479429.063,0.75,0.5939,0.69,0.774,50
1581479429.336,0.8,0.5449,0.69,0.7553,50
1581479429.609,0.79,0.5496,0.7,0.7443,50
1581479429.883,0.8,0.5468,0.68,0.754,50
1581479430.162,0.81,0.5247,0.67,0.7972,50
1581479430.442,0.8,0.5545,0.69,0.7748,50
1581479430.717,0.79,0.5342,0.71,0.7795,50
1581479430.836,0.9,0.3448,0.7,0.8183,50
1581479431.111,0.76,0.5848,0.69,0.7814,51
1581479431.387,0.8,0.5376,0.7,0.7742,51
1581479431.667,0.81,0.5467,0.71,0.7658,51
1581479431.947,0.81,0.5249,0.7,0.7914,51
1581479432.222,0.81,0.5064,0.68,0.7982,51
1581479432.506,0.81,0.5403,0.7,0.7573,51
1581479432.78,0.8,0.5378,0.71,0.7697,51
1581479432.902,0.9,0.3365,0.67,0.8398,51
1581479433.181,0.76,0.5811,0.71,0.7869,52
1581479433.456,0.8,0.53,0.68,0.7847,52
1581479433.731,0.79,0.548,0.68,0.7937,52
1581479434.007,0.81,0.5157,0.67,0.8577,52
1581479434.282,0.81,0.507,0.68,0.8158,52
1581479434.565,0.81,0.5279,0.71,0.7828,52
1581479434.838,0.79,0.5514,0.69,0.7738,52
1581479434.959,0.91,0.3167,0.68,0.8804,52
1581479435.232,0.76,0.5902,0.72,0.7805,53
1581479435.508,0.82,0.504,0.67,0.7887,53
1581479435.78,0.79,0.5441,0.69,0.7854,53
1581479436.054,0.82,0.5016,0.66,0.8936,53
1581479436.328,0.81,0.5063,0.69,0.8298,53
1581479436.609,0.81,0.5259,0.69,0.7763,53
1581479436.883,0.79,0.544,0.7,0.7516,53
1581479437.003,0.92,0.314,0.65,0.8814,53
1581479437.281,0.77,0.5848,0.7,0.7929,54
1581479437.555,0.82,0.499,0.69,0.7967,54
1581479437.838,0.78,0.5414,0.69,0.7769,54
1581479438.113,0.81,0.5169,0.66,0.8934,54
1581479438.387,0.81,0.4972,0.66,0.9197,54
1581479438.664,0.79,0.5596,0.7,0.7938,54
1581479438.936,0.8,0.5227,0.72,0.765,54
1581479439.057,0.87,0.3483,0.67,0.8195,54
1581479439.335,0.79,0.5422,0.67,0.8775,55
1581479439.608,0.79,0.537,0.71,0.7785,55
1581479439.881,0.81,0.5015,0.72,0.7971,55
1581479440.154,0.78,0.5624,0.69,0.7965,55
1581479440.429,0.83,0.472,0.65,0.9851,55
1581479440.725,0.77,0.5904,0.71,0.8464,55
1581479441.015,0.81,0.4912,0.71,0.7972,55
1581479441.142,0.86,0.3424,0.71,0.7802,55
1581479441.432,0.77,0.5521,0.67,0.8362,56
1581479441.722,0.81,0.4994,0.67,0.874,56
1581479441.994,0.79,0.5339,0.69,0.7704,56
1581479442.267,0.82,0.4886,0.72,0.7588,56
1581479442.547,0.8,0.5235,0.7,0.7733,56
1581479442.823,0.82,0.4831,0.67,0.8687,56
1581479443.094,0.81,0.5027,0.69,0.8304,56
1581479443.214,0.92,0.298,0.74,0.7824,56
1581479443.488,0.79,0.5261,0.72,0.7912,57
1581479443.772,0.8,0.5146,0.7,0.8536,57
1581479444.045,0.82,0.4987,0.67,0.8777,57
1581479444.322,0.83,0.4905,0.69,0.84,57
1581479444.598,0.82,0.4672,0.71,0.7712,57
1581479444.879,0.82,0.4848,0.7,0.8005,57
1581479445.153,0.82,0.4871,0.69,0.8216,57
1581479445.274,0.92,0.2748,0.67,0.8636,57
1581479445.549,0.79,0.5348,0.73,0.7766,58
1581479445.829,0.83,0.4724,0.7,0.8063,58
1581479446.102,0.82,0.4835,0.69,0.8059,58
1581479446.376,0.84,0.4642,0.65,0.9003,58
1581479446.653,0.83,0.462,0.66,0.8858,58
1581479446.933,0.81,0.5035,0.69,0.7837,58
1581479447.206,0.82,0.4674,0.73,0.7992,58
1581479447.327,0.9,0.2866,0.67,0.8459,58
1581479447.602,0.8,0.514,0.66,0.848,59
1581479447.882,0.81,0.4928,0.68,0.8023,59
1581479448.155,0.83,0.4702,0.67,0.8496,59
1581479448.429,0.78,0.5151,0.69,0.8659,59
1581479448.705,0.84,0.456,0.66,0.9402,59
1581479448.98,0.8,0.5235,0.68,0.8521,59
1581479449.254,0.82,0.4668,0.72,0.8463,59
1581479449.375,0.9,0.2882,0.72,0.8564,59
1581479449.651,0.78,0.5439,0.7,0.8413,60
1581479449.947,0.8,0.5031,0.67,0.8683,60
1581479450.223,0.81,0.5026,0.65,0.8679,60
1581479450.503,0.82,0.4881,0.7,0.8369,60
1581479450.778,0.83,0.4719,0.73,0.8238,60
1581479451.05,0.81,0.4878,0.67,0.8786,60
1581479451.323,0.8,0.4949,0.7,0.8933,60
1581479451.445,0.92,0.278,0.71,0.8735,60
1581479451.719,0.79,0.526,0.72,0.8336,61
1581479452.0,0.79,0.5249,0.68,0.8375,61
1581479452.275,0.82,0.5035,0.67,0.9384,61
1581479452.549,0.82,0.5159,0.68,0.8894,61
1581479452.824,0.83,0.4361,0.71,0.877,61
1581479453.101,0.81,0.517,0.73,0.8455,61
1581479453.375,0.78,0.5419,0.68,0.9119,61
1581479453.498,0.9,0.2929,0.66,1.0051,61
1581479453.774,0.77,0.5942,0.71,0.8527,62
1581479454.055,0.81,0.4765,0.72,0.8541,62
1581479454.329,0.77,0.5857,0.66,0.8966,62
1581479454.602,0.77,0.5529,0.64,0.9261,62
1581479454.879,0.82,0.4742,0.63,1.0479,62
1581479455.152,0.77,0.5908,0.72,0.8254,62
1581479455.429,0.79,0.5208,0.66,0.853,62
1581479455.549,0.85,0.3577,0.68,0.9057,62
1581479455.823,0.77,0.5884,0.66,0.9596,63
1581479456.104,0.77,0.5684,0.67,0.8772,63
1581479456.381,0.8,0.5233,0.68,0.8798,63
1581479456.664,0.79,0.5502,0.68,0.8338,63
1581479456.938,0.79,0.5408,0.68,0.8499,63
1581479457.212,0.79,0.5632,0.7,0.8588,63
1581479457.486,0.78,0.5383,0.68,0.7726,63
1581479457.607,0.91,0.2934,0.69,0.8555,63
1581479457.88,0.74,0.6597,0.72,0.7825,64
1581479458.16,0.8,0.5146,0.75,0.809,64
1581479458.434,0.8,0.5326,0.71,0.7624,64
1581479458.71,0.81,0.5058,0.7,0.766,64
1581479458.999,0.82,0.4612,0.68,0.8394,64
1581479459.292,0.8,0.5482,0.68,0.8462,64
1581479459.581,0.8,0.4912,0.68,0.8784,64
1581479459.706,0.9,0.3149,0.73,0.8311,64
1581479459.984,0.8,0.5026,0.71,0.7821,65
1581479460.256,0.85,0.4479,0.71,0.7794,65
1581479460.534,0.82,0.4725,0.7,0.774,65
1581479460.818,0.83,0.476,0.65,0.8162,65
1581479461.092,0.81,0.4732,0.68,0.7949,65
1581479461.366,0.82,0.4651,0.72,0.7835,65
1581479461.64,0.81,0.4606,0.71,0.7583,65
1581479461.76,0.95,0.2428,0.7,0.8201,65
1581479462.043,0.8,0.5132,0.72,0.8202,66
1581479462.316,0.83,0.4717,0.71,0.8135,66
1581479462.592,0.83,0.4664,0.72,0.749,66
1581479462.882,0.85,0.4221,0.67,0.8179,66
1581479463.161,0.83,0.4468,0.67,0.838,66
1581479463.435,0.83,0.461,0.69,0.8532,66
1581479463.71,0.81,0.4655,0.74,0.7562,66
1581479463.832,0.94,0.236,0.73,0.7891,66
1581479464.11,0.81,0.4733,0.71,0.8142,67
1581479464.384,0.85,0.4328,0.7,0.8575,67
1581479464.658,0.83,0.4521,0.68,0.7986,67
1581479464.933,0.86,0.4105,0.68,0.8131,67
1581479465.205,0.85,0.4104,0.66,0.822,67
1581479465.481,0.84,0.4227,0.67,0.8527,67
1581479465.755,0.84,0.424,0.7,0.8233,67
1581479465.878,0.93,0.2264,0.72,0.8113,67
1581479466.154,0.82,0.4491,0.72,0.8178,68
1581479466.432,0.86,0.416,0.7,0.8144,68
1581479466.706,0.86,0.4002,0.7,0.8027,68
1581479466.981,0.86,0.405,0.7,0.8177,68
1581479467.254,0.86,0.3802,0.66,0.868,68
1581479467.528,0.85,0.4205,0.68,0.8743,68
1581479467.803,0.86,0.3997,0.7,0.853,68
1581479467.926,0.94,0.195,0.72,0.8386,68
1581479468.205,0.83,0.4297,0.73,0.835,69
1581479468.483,0.86,0.416,0.69,0.8168,69
1581479468.757,0.86,0.3913,0.69,0.7874,69
1581479469.031,0.88,0.3894,0.67,0.8068,69
1581479469.306,0.87,0.3633,0.67,0.8582,69
1581479469.582,0.85,0.4045,0.71,0.8593,69
1581479469.86,0.86,0.3921,0.71,0.8551,69
1581479469.988,0.95,0.1827,0.71,0.8767,69
1581479470.284,0.85,0.4165,0.74,0.8469,70
1581479470.577,0.86,0.4008,0.74,0.8096,70
1581479470.872,0.86,0.3836,0.71,0.7833,70
1581479471.148,0.87,0.3868,0.66,0.8205,70
1581479471.428,0.86,0.3614,0.68,0.8663,70
1581479471.702,0.85,0.3997,0.69,0.8193,70
1581479471.979,0.87,0.3852,0.71,0.8546,70
1581479472.1,0.96,0.1821,0.7,0.9177,70
1581479472.384,0.84,0.4296,0.72,0.8633,71
1581479472.66,0.85,0.4005,0.74,0.8052,71
1581479472.936,0.86,0.3783,0.71,0.8236,71
1581479473.23,0.85,0.4004,0.63,0.9109,71
1581479473.532,0.85,0.3704,0.65,0.9186,71
1581479473.823,0.85,0.4024,0.73,0.8009,71
1581479474.1,0.86,0.3998,0.69,0.84,71
1581479474.222,0.96,0.18,0.67,0.9686,71
1581479474.505,0.83,0.4484,0.73,0.8928,72
1581479474.781,0.85,0.398,0.75,0.8275,72
1581479475.057,0.85,0.3975,0.71,0.8594,72
1581479475.337,0.84,0.4075,0.62,0.9917,72
1581479475.617,0.85,0.3855,0.65,0.9885,72
1581479475.891,0.85,0.4261,0.72,0.8193,72
1581479476.168,0.84,0.4163,0.72,0.8275,72
1581479476.289,0.93,0.1969,0.69,0.9509,72
1581479476.57,0.83,0.4453,0.7,0.9688,73
1581479476.843,0.83,0.4457,0.77,0.8072,73
1581479477.116,0.85,0.3955,0.77,0.8353,73
1581479477.389,0.83,0.4575,0.65,0.9099,73
1581479477.664,0.87,0.3651,0.62,1.1576,73
1581479477.939,0.81,0.514,0.71,0.9124,73
1581479478.211,0.84,0.4076,0.74,0.8077,73
1581479478.33,0.92,0.2374,0.72,0.8814,73
1581479478.604,0.8,0.4814,0.67,0.9726,74
1581479478.878,0.83,0.455,0.7,0.9885,74
1581479479.15,0.81,0.4719,0.75,0.7971,74
1581479479.423,0.85,0.3905,0.71,0.8812,74
1581479479.703,0.8,0.5083,0.66,0.8312,74
1581479479.976,0.87,0.3727,0.63,1.123,74
1581479480.25,0.79,0.5202,0.68,0.9149,74
1581479480.373,0.92,0.2187,0.73,0.803,74
1581479480.665,0.81,0.4414,0.76,0.8518,75
1581479480.937,0.83,0.4569,0.74,0.8326,75
1581479481.208,0.85,0.3795,0.69,0.9195,75
1581479481.483,0.82,0.4513,0.69,0.8381,75
1581479481.759,0.86,0.3546,0.69,0.8368,75
1581479482.033,0.84,0.414,0.68,0.8228,75
1581479482.306,0.83,0.4249,0.71,0.9193,75
1581479482.426,0.92,0.2318,0.67,1.0479,75
1581479482.706,0.82,0.4798,0.72,0.8752,76
1581479482.979,0.88,0.3741,0.73,0.8555,76
1581479483.253,0.84,0.4167,0.73,0.8399,76
1581479483.528,0.81,0.4602,0.74,0.8159,76
1581479483.813,0.87,0.3462,0.63,0.9997,76
1581479484.085,0.83,0.442,0.63,0.9238,76
1581479484.36,0.85,0.394,0.67,0.8584,76
1581479484.48,0.91,0.2552,0.71,0.7984,76
1581479484.759,0.83,0.4383,0.72,0.8167,77
1581479485.037,0.86,0.3924,0.72,0.9158,77
1581479485.312,0.85,0.4023,0.73,0.8666,77
1581479485.598,0.85,0.4014,0.74,0.8017,77
1581479485.876,0.86,0.357,0.74,0.7873,77
1581479486.151,0.86,0.3862,0.73,0.7836,77
1581479486.432,0.87,0.3537,0.72,0.9173,77
1581479486.563,0.92,0.2155,0.7,0.9721,77
1581479486.843,0.81,0.4615,0.73,0.8378,78
1581479487.119,0.87,0.3682,0.74,0.8402,78
1581479487.393,0.86,0.3808,0.73,0.8216,78
1581479487.666,0.86,0.3696,0.7,0.8783,78
1581479487.94,0.86,0.3643,0.71,0.904,78
1581479488.217,0.87,0.3852,0.7,0.8565,78
1581479488.491,0.86,0.3601,0.7,0.8053,78
1581479488.611,0.96,0.1602,0.7,0.8827,78
1581479488.892,0.84,0.419,0.7,0.8651,79
1581479489.166,0.88,0.3506,0.72,0.8795,79
1581479489.44,0.88,0.3553,0.76,0.8199,79
1581479489.712,0.88,0.3327,0.74,0.8369,79
1581479489.987,0.87,0.3348,0.72,0.8848,79
1581479490.259,0.86,0.3558,0.7,0.9207,79
1581479490.532,0.89,0.3202,0.69,0.8937,79
1581479490.656,0.96,0.1491,0.7,0.8488,79
1581479490.936,0.86,0.3545,0.72,0.865,80
1581479491.21,0.86,0.3769,0.73,0.8635,80
1581479491.484,0.9,0.2987,0.74,0.8791,80
1581479491.758,0.89,0.3258,0.74,0.8483,80
1581479492.031,0.89,0.2949,0.73,0.8784,80
1581479492.303,0.88,0.3376,0.72,0.8887,80
1581479492.576,0.89,0.3105,0.73,0.895,80
1581479492.698,0.96,0.1422,0.7,0.9151,80
1581479492.976,0.86,0.3673,0.7,0.8871,81
1581479493.249,0.89,0.3347,0.74,0.8991,81
1581479493.522,0.88,0.3171,0.75,0.8795,81
1581479493.806,0.9,0.2942,0.73,0.9284,81
1581479494.08,0.89,0.3212,0.71,0.9353,81
1581479494.359,0.89,0.312,0.69,0.9597,81
1581479494.64,0.87,0.3348,0.74,0.877,81
1581479494.761,0.97,0.1252,0.75,0.8931,81
1581479495.044,0.87,0.3505,0.7,0.8995,82
1581479495.328,0.9,0.3113,0.72,0.9121,82
1581479495.606,0.89,0.3062,0.77,0.8656,82
1581479495.886,0.9,0.292,0.75,0.9126,82
1581479496.162,0.9,0.2934,0.69,0.9802,82
1581479496.44,0.89,0.323,0.69,0.9692,82
1581479496.716,0.9,0.2901,0.68,0.9532,82
1581479496.837,0.97,0.1518,0.75,0.897,82
1581479497.123,0.89,0.3023,0.74,0.9223,83
1581479497.398,0.9,0.3211,0.7,0.9074,83
1581479497.677,0.91,0.288,0.73,0.8824,83
1581479497.959,0.9,0.2935,0.76,0.8837,83
1581479498.236,0.9,0.2618,0.72,0.93,83
1581479498.517,0.91,0.2911,0.71,0.9518,83
1581479498.801,0.9,0.2888,0.71,0.9588,83
1581479498.922,0.96,0.1291,0.71,0.9858,83
1581479499.198,0.85,0.3728,0.75,0.9222,84
1581479499.472,0.9,0.3203,0.73,0.9713,84
1581479499.752,0.87,0.3528,0.71,0.9172,84
1581479500.025,0.91,0.2847,0.71,1.0059,84
1581479500.301,0.86,0.3505,0.76,0.8918,84
1581479500.577,0.91,0.2808,0.7,0.9621,84
1581479500.869,0.87,0.3615,0.73,0.9563,84
1581479500.997,0.97,0.1188,0.69,1.0371,84
1581479501.289,0.84,0.3925,0.77,0.8956,85
1581479501.582,0.89,0.3159,0.76,0.9611,85
1581479501.858,0.88,0.3313,0.67,1.0474,85
1581479502.131,0.89,0.3351,0.71,1.0229,85
1581479502.414,0.89,0.2662,0.75,1.036,85
1581479502.686,0.84,0.3936,0.73,0.9092,85
1581479502.959,0.89,0.2926,0.7,0.9951,85
1581479503.083,0.94,0.1676,0.71,0.9888,85
1581479503.36,0.87,0.3464,0.77,0.9134,86
1581479503.633,0.86,0.3532,0.77,0.8827,86
1581479503.91,0.89,0.3071,0.72,0.9351,86
1581479504.184,0.91,0.2853,0.66,1.1317,86
1581479504.458,0.86,0.3409,0.69,1.0403,86
1581479504.733,0.9,0.2976,0.72,1.0202,86
1581479505.006,0.86,0.365,0.74,0.9931,86
1581479505.129,0.97,0.1172,0.68,1.0789,86
1581479505.409,0.86,0.3789,0.74,0.9517,87
1581479505.684,0.87,0.3333,0.76,0.8793,87
1581479505.956,0.89,0.3235,0.73,0.9096,87
1581479506.231,0.86,0.3546,0.69,1.0482,87
1581479506.505,0.89,0.2794,0.62,1.2125,87
1581479506.777,0.86,0.3692,0.73,1.0228,87
1581479507.054,0.89,0.3171,0.71,1.0257,87
1581479507.179,0.94,0.1726,0.7,1.0487,87
1581479507.455,0.88,0.3068,0.69,1.0885,88
1581479507.728,0.86,0.3586,0.77,0.8966,88
1581479508.0,0.9,0.2918,0.72,0.9471,88
1581479508.273,0.85,0.3843,0.75,0.9178,88
1581479508.548,0.9,0.2568,0.66,1.1577,88
1581479508.82,0.87,0.3623,0.72,0.9555,88
1581479509.093,0.91,0.2594,0.73,0.9524,88
1581479509.217,0.96,0.1622,0.74,0.9521,88
1581479509.492,0.87,0.3539,0.68,1.146,89
1581479509.767,0.86,0.3668,0.73,1.0197,89
1581479510.041,0.9,0.2939,0.76,0.9325,89
1581479510.313,0.89,0.3056,0.73,0.9496,89
1581479510.588,0.85,0.3999,0.69,1.0196,89
1581479510.86,0.88,0.3173,0.62,1.2258,89
1581479511.134,0.85,0.3798,0.73,0.9537,89
1581479511.255,0.98,0.1049,0.68,1.0329,89
1581479511.532,0.82,0.467,0.77,0.9788,90
1581479511.805,0.88,0.3289,0.65,1.2043,90
1581479512.079,0.85,0.3862,0.72,0.9991,90
1581479512.358,0.9,0.2848,0.74,0.9672,90
1581479512.634,0.87,0.3436,0.74,0.8907,90
1581479512.907,0.88,0.3328,0.7,1.0109,90
1581479513.181,0.89,0.3044,0.63,1.1868,90
1581479513.305,0.92,0.1884,0.69,1.0973,90
1581479513.59,0.87,0.3393,0.74,0.9651,91
1581479513.864,0.88,0.3226,0.75,0.995,91
1581479514.14,0.86,0.3656,0.73,0.9794,91
1581479514.415,0.91,0.2655,0.68,1.1252,91
1581479514.69,0.87,0.331,0.75,0.9347,91
1581479514.964,0.91,0.2654,0.79,0.8882,91
1581479515.24,0.85,0.3596,0.77,0.8583,91
1581479515.363,0.96,0.1267,0.71,1.0098,91
1581479515.646,0.88,0.333,0.71,1.0421,92
1581479515.921,0.89,0.3246,0.72,0.9959,92
1581479516.195,0.92,0.256,0.74,1.0227,92
1581479516.471,0.87,0.3341,0.71,1.0123,92
1581479516.758,0.91,0.2601,0.69,1.1082,92
1581479517.033,0.88,0.3175,0.66,1.1554,92
1581479517.306,0.9,0.28,0.78,1.0022,92
1581479517.428,0.96,0.1214,0.77,0.9765,92
1581479517.705,0.86,0.3362,0.74,0.9889,93
1581479517.979,0.88,0.3288,0.72,1.0142,93
1581479518.252,0.91,0.2716,0.76,1.0183,93
1581479518.526,0.91,0.2687,0.76,0.9614,93
1581479518.808,0.92,0.2345,0.67,1.0303,93
1581479519.1,0.87,0.3372,0.7,1.0393,93
1581479519.39,0.92,0.2528,0.64,1.2618,93
1581479519.517,0.94,0.1507,0.68,1.2115,93
1581479519.807,0.88,0.3116,0.75,1.0548,94
1581479520.086,0.9,0.31,0.76,0.998,94
1581479520.358,0.89,0.2984,0.76,0.9276,94
1581479520.632,0.92,0.2554,0.72,0.9707,94
1581479520.907,0.91,0.2246,0.68,1.102,94
1581479521.18,0.89,0.305,0.75,1.0245,94
1581479521.453,0.91,0.2624,0.77,1.0098,94
1581479521.573,0.97,0.1102,0.76,1.0672,94
1581479521.85,0.89,0.2996,0.73,1.1142,95
1581479522.123,0.9,0.3079,0.72,1.0888,95
1581479522.397,0.91,0.27,0.76,0.9725,95
1581479522.675,0.92,0.2411,0.76,0.9503,95
1581479522.952,0.89,0.2824,0.69,0.9666,95
1581479523.224,0.92,0.2382,0.67,1.1356,95
1581479523.501,0.9,0.2739,0.68,1.1557,95
1581479523.625,0.96,0.1126,0.71,1.1431,95
1581479523.898,0.9,0.2849,0.76,1.0783,96
1581479524.176,0.92,0.2726,0.79,1.066,96
1581479524.451,0.92,0.2345,0.75,1.0114,96
1581479524.728,0.93,0.2246,0.76,1.0038,96
1581479525.002,0.92,0.2189,0.73,0.9777,96
1581479525.277,0.91,0.2493,0.7,0.9923,96
1581479525.55,0.92,0.2544,0.74,1.039,96
1581479525.672,0.98,0.0939,0.7,1.1407,96
1581479525.951,0.89,0.2698,0.72,1.0742,97
1581479526.228,0.93,0.2523,0.75,1.0941,97
1581479526.502,0.92,0.2439,0.75,1.0714,97
1581479526.777,0.9,0.2508,0.75,1.031,97
1581479527.056,0.93,0.1983,0.7,1.0814,97
1581479527.338,0.91,0.2425,0.68,1.0614,97
1581479527.611,0.92,0.2278,0.72,1.0423,97
1581479527.737,0.97,0.1088,0.74,1.0606,97
1581479528.017,0.92,0.2514,0.73,1.118,98
1581479528.29,0.93,0.2496,0.77,1.1043,98
1581479528.565,0.94,0.2112,0.76,1.1292,98
1581479528.839,0.93,0.2322,0.73,1.1169,98
1581479529.112,0.92,0.2263,0.73,1.1455,98
1581479529.386,0.91,0.2498,0.66,1.194,98
1581479529.663,0.92,0.2142,0.69,1.1973,98
1581479529.785,0.98,0.0972,0.71,1.1727,98
1581479530.079,0.9,0.2653,0.73,1.1446,99
1581479530.372,0.92,0.2487,0.76,1.111,99
1581479530.664,0.94,0.204,0.76,1.162,99
1581479530.961,0.93,0.2125,0.73,1.152,99
1581479531.237,0.93,0.2069,0.72,1.1489,99
1581479531.524,0.92,0.2513,0.69,1.1919,99
1581479531.803,0.92,0.2153,0.67,1.2382,99
1581479531.925,0.98,0.0856,0.71,1.2535,99
