1579052191.685,0.26,1.3866,0.24,1.3731,0
1579052192.435,0.25,1.3833,0.28,1.3805,0
1579052193.19,0.37,1.3711,0.31,1.376,0
1579052193.938,0.38,1.3557,0.35,1.3556,0
1579052194.682,0.35,1.332,0.36,1.3303,0
1579052195.418,0.4,1.3126,0.36,1.3144,0
1579052196.172,0.41,1.2834,0.34,1.3089,0
1579052196.907,0.4,1.2538,0.37,1.3199,0
1579052197.646,0.4,1.2547,0.35,1.3353,0
1579052198.385,0.42,1.2369,0.32,1.34,0
1579052199.132,0.41,1.2596,0.35,1.3364,0
1579052199.871,0.43,1.2582,0.39,1.3124,0
1579052200.235,0.41,1.2746,0.36,1.3185,0
1579052200.981,0.42,1.2327,0.35,1.3048,1
1579052201.717,0.44,1.2309,0.33,1.2914,1
1579052202.478,0.43,1.2254,0.35,1.273,1
1579052203.224,0.45,1.2231,0.36,1.2582,1
1579052203.963,0.45,1.205,0.38,1.2467,1
1579052204.703,0.44,1.2245,0.39,1.2452,1
1579052205.455,0.45,1.2149,0.37,1.2511,1
1579052206.2,0.47,1.1987,0.39,1.2469,1
1579052206.965,0.46,1.2115,0.35,1.2465,1
1579052207.757,0.46,1.1939,0.39,1.2389,1
1579052208.515,0.46,1.2066,0.39,1.2252,1
1579052209.263,0.46,1.2027,0.41,1.2102,1
1579052209.623,0.46,1.205,0.44,1.2167,1
1579052210.368,0.46,1.1812,0.41,1.2181,2
1579052211.105,0.47,1.1879,0.39,1.2172,2
1579052211.846,0.48,1.1801,0.47,1.2045,2
1579052212.604,0.48,1.1836,0.44,1.1886,2
1579052213.349,0.48,1.1627,0.41,1.1908,2
1579052214.107,0.46,1.1886,0.47,1.1874,2
1579052214.846,0.47,1.181,0.43,1.2004,2
1579052215.59,0.49,1.1561,0.48,1.1777,2
1579052216.331,0.48,1.1777,0.49,1.1699,2
1579052217.072,0.49,1.1535,0.46,1.1667,2
1579052217.816,0.48,1.1722,0.49,1.1564,2
1579052218.563,0.48,1.172,0.5,1.1552,2
1579052218.932,0.49,1.1626,0.47,1.1604,2
1579052219.683,0.49,1.1523,0.47,1.1576,3
1579052220.451,0.48,1.1562,0.51,1.1395,3
1579052221.191,0.49,1.1467,0.52,1.1321,3
1579052221.927,0.49,1.151,0.45,1.136,3
1579052222.689,0.5,1.1342,0.47,1.1438,3
1579052223.429,0.49,1.1617,0.48,1.1473,3
1579052224.169,0.49,1.1527,0.5,1.132,3
1579052224.911,0.51,1.1184,0.49,1.1185,3
1579052225.657,0.48,1.1527,0.5,1.1263,3
1579052226.404,0.5,1.1296,0.5,1.133,3
1579052227.146,0.49,1.1468,0.5,1.1237,3
1579052227.894,0.49,1.149,0.47,1.1127,3
1579052228.258,0.5,1.1363,0.5,1.1214,3
1579052229.012,0.5,1.1244,0.51,1.1249,4
1579052229.808,0.5,1.1306,0.49,1.1207,4
1579052230.548,0.5,1.1262,0.5,1.1102,4
1579052231.293,0.5,1.1287,0.48,1.1124,4
1579052232.041,0.51,1.1143,0.52,1.1252,4
1579052232.797,0.5,1.1412,0.52,1.1254,4
1579052233.533,0.5,1.1372,0.48,1.1126,4
1579052234.28,0.52,1.1022,0.5,1.0983,4
1579052235.044,0.5,1.1389,0.51,1.1033,4
1579052235.788,0.51,1.1125,0.51,1.117,4
1579052236.531,0.5,1.1279,0.5,1.1071,4
1579052237.273,0.51,1.1293,0.51,1.0922,4
1579052237.633,0.51,1.1167,0.51,1.0999,4
1579052238.38,0.51,1.1087,0.51,1.1087,5
1579052239.14,0.51,1.1127,0.52,1.1115,5
1579052239.876,0.51,1.1067,0.49,1.1013,5
1579052240.622,0.52,1.1091,0.5,1.0929,5
1579052241.385,0.52,1.0933,0.49,1.0982,5
1579052242.142,0.51,1.1202,0.49,1.1092,5
1579052242.885,0.51,1.1163,0.53,1.1002,5
1579052243.648,0.54,1.0792,0.5,1.0845,5
1579052244.392,0.51,1.116,0.5,1.0855,5
1579052245.138,0.52,1.0957,0.5,1.0967,5
1579052245.902,0.51,1.1062,0.5,1.0971,5
1579052246.653,0.52,1.112,0.51,1.0884,5
1579052247.024,0.52,1.1022,0.47,1.1134,5
1579052247.771,0.52,1.1058,0.52,1.1192,6
1579052248.516,0.52,1.1107,0.49,1.12,6
1579052249.281,0.51,1.1036,0.5,1.0912,6
1579052250.027,0.52,1.0934,0.5,1.104,6
1579052250.823,0.52,1.0984,0.49,1.1148,6
1579052251.581,0.52,1.1141,0.49,1.1236,6
1579052252.335,0.51,1.1109,0.51,1.0981,6
1579052253.081,0.54,1.0714,0.51,1.0828,6
1579052253.83,0.52,1.1058,0.5,1.0867,6
1579052254.588,0.53,1.0881,0.52,1.099,6
1579052255.353,0.52,1.0931,0.54,1.1025,6
1579052256.109,0.52,1.1015,0.52,1.0864,6
1579052256.474,0.53,1.0827,0.51,1.0872,6
1579052257.23,0.53,1.0807,0.51,1.0842,7
1579052257.978,0.54,1.0778,0.51,1.0913,7
1579052258.735,0.52,1.0737,0.52,1.0879,7
1579052259.493,0.53,1.0807,0.53,1.0778,7
1579052260.238,0.54,1.0607,0.54,1.0765,7
1579052260.992,0.53,1.0926,0.52,1.0831,7
1579052261.754,0.53,1.0859,0.54,1.0826,7
1579052262.513,0.56,1.0521,0.53,1.0672,7
1579052263.255,0.52,1.0872,0.53,1.0734,7
1579052264.003,0.53,1.075,0.51,1.0823,7
1579052264.756,0.53,1.0776,0.52,1.0787,7
1579052265.496,0.53,1.0843,0.53,1.0729,7
1579052265.865,0.53,1.0732,0.54,1.0897,7
1579052266.62,0.54,1.0685,0.53,1.084,8
1579052267.364,0.55,1.065,0.48,1.0741,8
1579052268.118,0.53,1.0597,0.54,1.0703,8
1579052268.874,0.54,1.067,0.52,1.0773,8
1579052269.619,0.55,1.048,0.52,1.084,8
1579052270.372,0.54,1.0803,0.51,1.0717,8
1579052271.115,0.53,1.0732,0.54,1.0595,8
1579052271.865,0.56,1.0408,0.51,1.0639,8
1579052272.667,0.54,1.0746,0.53,1.0875,8
1579052273.418,0.54,1.0631,0.51,1.0724,8
1579052274.171,0.54,1.0631,0.55,1.057,8
1579052274.921,0.54,1.073,0.52,1.0642,8
1579052275.29,0.54,1.0564,0.54,1.1035,8
1579052276.071,0.55,1.0652,0.54,1.0679,9
1579052276.835,0.55,1.0537,0.52,1.0528,9
1579052277.583,0.53,1.0488,0.51,1.0589,9
1579052278.327,0.55,1.0542,0.53,1.0831,9
1579052279.099,0.55,1.0397,0.53,1.0757,9
1579052279.85,0.54,1.0683,0.51,1.0508,9
1579052280.601,0.54,1.0643,0.52,1.0575,9
1579052281.343,0.56,1.0305,0.51,1.07,9
1579052282.099,0.54,1.0636,0.52,1.0795,9
1579052282.844,0.55,1.0526,0.53,1.0593,9
1579052283.589,0.54,1.0536,0.54,1.048,9
1579052284.334,0.55,1.063,0.53,1.0615,9
1579052284.699,0.54,1.0424,0.53,1.0883,9
1579052285.444,0.55,1.0544,0.52,1.0549,10
1579052286.214,0.56,1.0468,0.51,1.0584,10
1579052286.954,0.54,1.0448,0.5,1.0607,10
1579052287.691,0.55,1.0553,0.53,1.0961,10
1579052288.447,0.56,1.0445,0.52,1.0672,10
1579052289.201,0.55,1.0625,0.54,1.0543,10
1579052289.951,0.54,1.0537,0.52,1.0642,10
1579052290.701,0.57,1.0262,0.51,1.058,10
1579052291.452,0.55,1.0559,0.5,1.0719,10
1579052292.204,0.55,1.0438,0.52,1.0672,10
1579052292.944,0.55,1.0472,0.52,1.0461,10
1579052293.742,0.55,1.0552,0.53,1.0479,10
1579052294.116,0.55,1.0358,0.53,1.0813,10
1579052294.885,0.55,1.0476,0.53,1.0592,11
1579052295.635,0.56,1.0384,0.52,1.0447,11
1579052296.383,0.55,1.0277,0.52,1.0455,11
1579052297.127,0.56,1.0372,0.53,1.0587,11
1579052297.882,0.56,1.0262,0.52,1.0764,11
1579052298.628,0.56,1.0576,0.55,1.0446,11
1579052299.373,0.55,1.0464,0.53,1.0387,11
1579052300.126,0.58,1.0112,0.53,1.0572,11
1579052300.875,0.55,1.0493,0.51,1.074,11
1579052301.63,0.55,1.0469,0.53,1.0587,11
1579052302.4,0.55,1.0411,0.54,1.0383,11
1579052303.148,0.55,1.048,0.51,1.0486,11
1579052303.515,0.56,1.0293,0.52,1.0847,11
1579052304.294,0.55,1.0495,0.52,1.0451,12
1579052305.037,0.56,1.0301,0.52,1.0336,12
1579052305.798,0.56,1.0213,0.53,1.0535,12
1579052306.557,0.56,1.0353,0.52,1.0602,12
1579052307.306,0.57,1.0184,0.52,1.0571,12
1579052308.047,0.56,1.0441,0.52,1.0477,12
1579052308.8,0.55,1.0398,0.55,1.0351,12
1579052309.563,0.58,1.0044,0.55,1.0474,12
1579052310.334,0.56,1.0398,0.53,1.0595,12
1579052311.086,0.56,1.0313,0.53,1.0448,12
1579052311.865,0.56,1.0319,0.52,1.0394,12
1579052312.64,0.55,1.0449,0.53,1.0455,12
1579052313.012,0.57,1.0138,0.54,1.0675,12
1579052313.776,0.56,1.0349,0.53,1.0433,13
1579052314.597,0.56,1.0245,0.53,1.0266,13
1579052315.35,0.55,1.0155,0.55,1.0383,13
1579052316.1,0.56,1.0218,0.52,1.0576,13
1579052316.847,0.57,1.0119,0.54,1.0467,13
1579052317.591,0.56,1.039,0.56,1.0342,13
1579052318.335,0.56,1.0305,0.54,1.0323,13
1579052319.082,0.58,0.9961,0.55,1.0424,13
1579052319.833,0.57,1.0336,0.51,1.0535,13
1579052320.574,0.56,1.026,0.54,1.0362,13
1579052321.322,0.56,1.0227,0.54,1.0292,13
1579052322.076,0.56,1.0369,0.53,1.0414,13
1579052322.44,0.57,1.005,0.53,1.0674,13
1579052323.191,0.56,1.0299,0.55,1.0315,14
1579052323.947,0.57,1.0151,0.53,1.0256,14
1579052324.711,0.55,1.0099,0.55,1.0392,14
1579052325.458,0.57,1.0155,0.55,1.053,14
1579052326.213,0.57,1.0062,0.56,1.0435,14
1579052327.002,0.56,1.032,0.55,1.0261,14
1579052327.747,0.56,1.0266,0.52,1.0298,14
1579052328.498,0.59,0.9924,0.54,1.0422,14
1579052329.252,0.57,1.0302,0.53,1.0524,14
1579052330.003,0.56,1.0218,0.52,1.0295,14
1579052330.75,0.57,1.0193,0.53,1.0262,14
1579052331.502,0.56,1.037,0.51,1.0453,14
1579052331.875,0.57,1.0021,0.54,1.0767,14
1579052332.623,0.55,1.035,0.53,1.027,15
1579052333.373,0.57,1.0157,0.51,1.0276,15
1579052334.184,0.55,1.0132,0.53,1.0365,15
1579052334.948,0.57,1.012,0.57,1.0533,15
1579052335.7,0.57,1.0026,0.53,1.0476,15
1579052336.454,0.56,1.031,0.53,1.0233,15
1579052337.22,0.56,1.0269,0.51,1.0276,15
1579052337.976,0.59,0.9918,0.53,1.0378,15
1579052338.724,0.57,1.0241,0.51,1.0618,15
1579052339.479,0.56,1.0249,0.51,1.0427,15
1579052340.248,0.56,1.0226,0.53,1.0189,15
1579052341.001,0.57,1.0287,0.51,1.0314,15
1579052341.384,0.58,0.9978,0.54,1.0662,15
1579052342.137,0.55,1.0301,0.57,1.0291,16
1579052342.883,0.57,1.0062,0.55,1.0142,16
1579052343.64,0.56,1.0031,0.52,1.0294,16
1579052344.392,0.57,1.0149,0.55,1.034,16
1579052345.164,0.58,0.9957,0.56,1.039,16
1579052345.909,0.57,1.0256,0.53,1.0258,16
1579052346.664,0.57,1.0167,0.54,1.0091,16
1579052347.428,0.6,0.982,0.53,1.0183,16
1579052348.173,0.57,1.0195,0.53,1.0365,16
1579052348.92,0.57,1.0125,0.53,1.0303,16
1579052349.678,0.57,1.0108,0.52,1.0203,16
1579052350.425,0.57,1.0238,0.54,1.0274,16
1579052350.792,0.58,0.986,0.53,1.0446,16
1579052351.542,0.57,1.0148,0.53,1.0246,17
1579052352.293,0.58,1.004,0.55,1.0142,17
1579052353.037,0.57,0.9931,0.53,1.0249,17
1579052353.853,0.58,1.0013,0.52,1.0319,17
1579052354.634,0.58,0.992,0.56,1.0228,17
1579052355.394,0.57,1.018,0.55,1.0183,17
1579052356.147,0.57,1.0094,0.54,1.0198,17
1579052356.939,0.6,0.9775,0.53,1.0169,17
1579052357.703,0.57,1.0142,0.53,1.0243,17
1579052358.453,0.57,1.0084,0.52,1.0175,17
1579052359.208,0.57,1.0043,0.54,1.0138,17
1579052359.969,0.57,1.0169,0.53,1.023,17
1579052360.341,0.59,0.9765,0.55,1.0363,17
1579052361.107,0.57,1.0087,0.55,1.0102,18
1579052361.861,0.58,0.9947,0.53,1.0125,18
1579052362.612,0.57,0.9894,0.54,1.023,18
1579052363.374,0.58,0.9946,0.55,1.0228,18
1579052364.139,0.58,0.986,0.55,1.0202,18
1579052364.908,0.57,1.0129,0.56,1.0097,18
1579052365.662,0.57,1.0076,0.54,1.0125,18
1579052366.414,0.6,0.9763,0.52,1.0231,18
1579052367.169,0.58,1.0117,0.53,1.0252,18
1579052367.923,0.57,1.0046,0.54,1.001,18
1579052368.679,0.57,0.9995,0.55,1.0032,18
1579052369.422,0.57,1.013,0.54,1.0306,18
1579052369.794,0.59,0.9702,0.57,1.0367,18
1579052370.541,0.57,1.0071,0.57,1.0008,19
1579052371.299,0.58,0.9922,0.51,1.0119,19
1579052372.053,0.57,0.9885,0.56,1.0265,19
1579052372.816,0.59,0.9903,0.55,1.0223,19
1579052373.631,0.58,0.9852,0.55,1.0171,19
1579052374.385,0.57,1.0084,0.53,1.0103,19
1579052375.169,0.58,1.0042,0.55,1.0055,19
1579052375.935,0.6,0.9701,0.54,1.0265,19
1579052376.682,0.58,1.0092,0.52,1.0297,19
1579052377.449,0.57,1.0036,0.56,0.9932,19
1579052378.207,0.57,0.9979,0.56,0.9925,19
1579052378.955,0.57,1.011,0.55,1.0322,19
1579052379.328,0.59,0.9659,0.58,1.0398,19
1579052380.07,0.57,1.0068,0.58,0.9958,20
1579052380.82,0.58,0.9907,0.56,1.0059,20
1579052381.567,0.57,0.987,0.55,1.029,20
1579052382.318,0.58,0.988,0.55,1.0233,20
1579052383.067,0.58,0.9821,0.54,1.0092,20
1579052383.815,0.58,1.0048,0.54,1.0082,20
1579052384.568,0.58,1.0006,0.53,1.0003,20
1579052385.318,0.61,0.9641,0.55,1.0153,20
1579052386.069,0.58,1.0066,0.55,1.0332,20
1579052386.844,0.58,1.001,0.55,1.0001,20
1579052387.597,0.58,0.9933,0.56,0.985,20
1579052388.354,0.57,1.0113,0.54,1.0104,20
1579052388.722,0.6,0.9588,0.57,1.0532,20
1579052389.48,0.57,1.0087,0.56,0.9985,21
1579052390.225,0.58,0.9829,0.55,0.9955,21
1579052390.974,0.57,0.9847,0.52,1.0185,21
1579052391.731,0.58,0.9864,0.53,1.0378,21
1579052392.495,0.59,0.9813,0.57,1.0116,21
1579052393.309,0.58,1.0062,0.54,0.9983,21
1579052394.055,0.58,0.9924,0.54,1.0028,21
1579052394.821,0.6,0.9625,0.53,1.009,21
1579052395.567,0.58,0.9992,0.54,1.0191,21
1579052396.321,0.58,0.994,0.56,1.0042,21
1579052397.066,0.58,0.9861,0.55,0.9935,21
1579052397.821,0.57,1.0068,0.54,1.0021,21
1579052398.186,0.6,0.9556,0.54,1.0354,21
1579052398.942,0.57,0.9993,0.58,1.0055,22
1579052399.702,0.58,0.9797,0.54,0.9962,22
1579052400.458,0.58,0.9745,0.52,1.0073,22
1579052401.22,0.58,0.9797,0.54,1.0126,22
1579052401.969,0.59,0.9694,0.53,1.0148,22
1579052402.731,0.58,1.0002,0.54,0.9992,22
1579052403.474,0.58,0.992,0.53,1.0058,22
1579052404.223,0.6,0.9676,0.54,1.0096,22
1579052404.985,0.58,0.9992,0.56,1.0188,22
1579052405.735,0.58,0.9912,0.55,1.0009,22
1579052406.49,0.58,0.9818,0.56,0.9916,22
1579052407.242,0.58,0.9979,0.56,1.0065,22
1579052407.611,0.6,0.9466,0.59,1.0277,22
1579052408.364,0.58,0.9923,0.57,0.9995,23
1579052409.123,0.59,0.9776,0.54,0.999,23
1579052409.873,0.58,0.9699,0.5,1.0121,23
1579052410.618,0.59,0.9764,0.55,1.0035,23
1579052411.367,0.59,0.9656,0.54,1.008,23
1579052412.127,0.58,0.9938,0.55,1.0019,23
1579052412.876,0.59,0.9839,0.55,0.9907,23
1579052413.632,0.61,0.9543,0.55,0.9984,23
1579052414.439,0.59,0.9907,0.56,1.0224,23
1579052415.194,0.58,0.9898,0.55,0.9944,23
1579052415.941,0.58,0.9815,0.56,0.9895,23
1579052416.705,0.58,0.9985,0.54,1.0118,23
1579052417.073,0.6,0.9442,0.58,1.0331,23
1579052417.82,0.58,0.9934,0.55,0.9976,24
1579052418.575,0.59,0.9759,0.53,1.0006,24
1579052419.332,0.58,0.9678,0.5,1.0132,24
1579052420.083,0.59,0.9724,0.54,1.0044,24
1579052420.837,0.59,0.9646,0.56,1.005,24
1579052421.599,0.58,0.9917,0.55,1.0028,24
1579052422.372,0.59,0.9818,0.56,0.9888,24
1579052423.117,0.61,0.951,0.55,0.9995,24
1579052423.862,0.59,0.9885,0.56,1.0212,24
1579052424.606,0.58,0.9862,0.57,0.9834,24
1579052425.354,0.59,0.9741,0.57,0.9776,24
1579052426.105,0.58,0.9922,0.57,1.0121,24
1579052426.476,0.61,0.9347,0.57,1.0309,24
1579052427.222,0.58,0.9877,0.58,0.9917,25
1579052427.966,0.59,0.9744,0.52,1.0104,25
1579052428.709,0.58,0.973,0.52,1.0266,25
1579052429.453,0.59,0.9778,0.52,1.0146,25
1579052430.214,0.59,0.971,0.56,0.9979,25
1579052430.957,0.58,0.9868,0.55,1.0016,25
1579052431.723,0.59,0.9817,0.53,1.0024,25
1579052432.48,0.61,0.9548,0.55,1.0033,25
1579052433.233,0.58,0.9901,0.55,1.017,25
1579052434.039,0.59,0.9808,0.58,0.9811,25
1579052434.797,0.59,0.9702,0.6,0.9694,25
1579052435.559,0.59,0.99,0.57,1.0005,25
1579052435.937,0.61,0.929,0.57,1.0357,25
1579052436.709,0.58,0.9868,0.58,0.9846,26
1579052437.447,0.59,0.9673,0.54,0.9895,26
1579052438.216,0.58,0.964,0.52,1.0168,26
1579052438.96,0.59,0.9663,0.54,1.0062,26
1579052439.713,0.59,0.957,0.55,0.9952,26
1579052440.465,0.59,0.9852,0.56,0.9976,26
1579052441.206,0.59,0.9792,0.55,1.0049,26
1579052441.957,0.61,0.9481,0.54,0.9986,26
1579052442.708,0.59,0.9832,0.54,1.0173,26
1579052443.448,0.59,0.98,0.56,0.9965,26
1579052444.191,0.59,0.972,0.58,0.9746,26
1579052444.957,0.59,0.9875,0.56,0.9913,26
1579052445.322,0.62,0.9231,0.54,1.0389,26
1579052446.079,0.58,0.9863,0.57,0.9925,27
1579052446.869,0.59,0.9652,0.55,0.9909,27
1579052447.611,0.58,0.9614,0.51,1.0134,27
1579052448.361,0.59,0.9622,0.55,1.0072,27
1579052449.109,0.6,0.9544,0.53,0.999,27
1579052449.858,0.59,0.9859,0.58,0.992,27
1579052450.601,0.59,0.975,0.56,0.9948,27
1579052451.352,0.61,0.9404,0.56,0.9969,27
1579052452.122,0.59,0.9804,0.56,1.0263,27
1579052452.87,0.59,0.9884,0.55,0.999,27
1579052453.619,0.59,0.9766,0.58,0.9734,27
1579052454.363,0.59,0.9811,0.54,1.0018,27
1579052454.727,0.61,0.9305,0.52,1.0423,27
1579052455.475,0.58,0.9964,0.58,0.9912,28
1579052456.276,0.6,0.9564,0.53,1.0032,28
1579052457.037,0.58,0.9684,0.48,1.021,28
1579052457.783,0.59,0.9735,0.55,1.0125,28
1579052458.527,0.6,0.9505,0.56,1.0096,28
1579052459.281,0.58,0.99,0.56,0.9895,28
1579052460.025,0.59,0.969,0.55,0.9965,28
1579052460.77,0.61,0.9401,0.55,1.0041,28
1579052461.515,0.59,0.9774,0.55,1.0009,28
1579052462.259,0.59,0.97,0.56,0.986,28
1579052463.004,0.59,0.9619,0.56,0.9851,28
1579052463.752,0.59,0.9772,0.57,0.994,28
1579052464.134,0.62,0.9172,0.58,1.0051,28
1579052464.879,0.59,0.9674,0.57,0.9929,29
1579052465.621,0.6,0.9551,0.55,0.9983,29
1579052466.39,0.6,0.9495,0.53,0.9992,29
1579052467.148,0.6,0.9536,0.54,0.9985,29
1579052467.895,0.6,0.9491,0.56,1.0052,29
1579052468.64,0.6,0.9713,0.59,0.9924,29
1579052469.398,0.6,0.9645,0.57,0.9898,29
1579052470.142,0.62,0.9346,0.55,1.0092,29
1579052470.883,0.6,0.971,0.56,1.0208,29
1579052471.64,0.59,0.9761,0.6,0.9768,29
1579052472.39,0.6,0.9608,0.56,0.9867,29
1579052473.13,0.59,0.9761,0.53,1.0185,29
1579052473.496,0.62,0.9157,0.57,1.0046,29
1579052474.25,0.59,0.9663,0.56,0.9876,30
1579052475.012,0.6,0.9523,0.54,1.0132,30
1579052475.757,0.59,0.9523,0.56,0.9998,30
1579052476.509,0.6,0.9495,0.53,0.9957,30
1579052477.253,0.59,0.9507,0.56,1.0103,30
1579052478.061,0.59,0.9692,0.58,0.9929,30
1579052478.828,0.6,0.9623,0.57,0.9874,30
1579052479.578,0.61,0.9354,0.54,1.0147,30
1579052480.318,0.59,0.969,0.57,1.0222,30
1579052481.069,0.59,0.9734,0.61,0.9683,30
1579052481.818,0.59,0.9586,0.6,0.9801,30
1579052482.56,0.59,0.9736,0.53,1.0296,30
1579052482.928,0.62,0.9111,0.58,1.0131,30
1579052483.677,0.59,0.9637,0.56,0.9865,31
1579052484.425,0.6,0.9546,0.53,1.009,31
1579052485.172,0.59,0.9481,0.55,1.0176,31
1579052485.944,0.6,0.9505,0.53,1.0022,31
1579052486.697,0.6,0.9526,0.55,0.9966,31
1579052487.451,0.6,0.9621,0.53,1.0104,31
1579052488.196,0.59,0.9694,0.57,0.9944,31
1579052488.943,0.62,0.9285,0.55,1.0026,31
1579052489.693,0.6,0.9747,0.57,1.0307,31
1579052490.453,0.59,0.9763,0.57,0.9761,31
1579052491.193,0.6,0.9518,0.59,0.9718,31
1579052491.94,0.59,0.9859,0.55,1.0024,31
1579052492.307,0.63,0.8999,0.51,1.0634,31
1579052493.064,0.59,0.9822,0.56,0.9925,32
1579052493.824,0.6,0.9508,0.57,0.9877,32
1579052494.575,0.59,0.9532,0.55,1.0205,32
1579052495.336,0.6,0.9583,0.55,1.0316,32
1579052496.102,0.6,0.946,0.55,0.9937,32
1579052496.863,0.59,0.9736,0.6,0.9802,32
1579052497.63,0.59,0.9583,0.51,1.0172,32
1579052498.379,0.62,0.9311,0.54,1.019,32
1579052499.146,0.6,0.9681,0.56,0.9815,32
1579052499.898,0.6,0.9627,0.58,0.9855,32
1579052500.65,0.6,0.9574,0.58,1.0011,32
1579052501.402,0.59,0.9756,0.58,0.9778,32
1579052501.83,0.63,0.9001,0.58,1.0022,32
1579052502.591,0.58,0.9655,0.53,1.0137,33
1579052503.351,0.6,0.9412,0.51,1.0025,33
1579052504.101,0.6,0.943,0.58,0.9744,33
1579052504.858,0.6,0.946,0.56,0.999,33
1579052505.602,0.6,0.938,0.55,1.0335,33
1579052506.361,0.59,0.97,0.57,0.9745,33
1579052507.108,0.6,0.9516,0.58,0.9768,33
1579052507.862,0.62,0.9258,0.51,1.0268,33
1579052508.612,0.6,0.9626,0.55,1.01,33
1579052509.361,0.6,0.956,0.57,0.9744,33
1579052510.101,0.6,0.9586,0.59,0.9799,33
1579052510.85,0.59,0.9683,0.54,1.0112,33
1579052511.224,0.63,0.8981,0.54,1.011,33
1579052511.971,0.59,0.964,0.57,0.9868,34
1579052512.717,0.6,0.9404,0.52,1.0161,34
1579052513.466,0.6,0.9426,0.53,1.0092,34
1579052514.236,0.6,0.9417,0.57,0.9904,34
1579052514.99,0.6,0.9386,0.55,1.0053,34
1579052515.742,0.6,0.963,0.56,0.998,34
1579052516.488,0.6,0.9474,0.56,0.9877,34
1579052517.229,0.62,0.9248,0.59,0.9937,34
1579052517.99,0.6,0.9537,0.57,1.0108,34
1579052518.731,0.6,0.9578,0.57,0.9819,34
1579052519.476,0.6,0.9491,0.59,0.9648,34
1579052520.236,0.6,0.9599,0.57,0.9972,34
1579052520.601,0.64,0.8925,0.55,1.0157,34
1579052521.353,0.6,0.9523,0.58,0.9856,35
1579052522.098,0.61,0.9415,0.58,0.9975,35
1579052522.888,0.6,0.9342,0.51,1.0239,35
1579052523.641,0.6,0.9397,0.57,0.9975,35
1579052524.389,0.6,0.9349,0.54,0.9846,35
1579052525.136,0.6,0.9523,0.57,1.0011,35
1579052525.881,0.61,0.9468,0.59,0.9917,35
1579052526.636,0.63,0.9111,0.57,0.9914,35
1579052527.396,0.6,0.9514,0.56,1.0035,35
1579052528.146,0.6,0.9505,0.58,0.9784,35
1579052528.892,0.6,0.9389,0.59,0.9632,35
1579052529.646,0.61,0.9557,0.59,0.9887,35
1579052530.009,0.64,0.8784,0.54,1.0234,35
1579052530.767,0.6,0.9504,0.61,0.9791,36
1579052531.507,0.61,0.9327,0.57,0.9909,36
1579052532.247,0.61,0.9278,0.5,1.0273,36
1579052533.004,0.6,0.9353,0.56,0.996,36
1579052533.755,0.6,0.927,0.56,0.9815,36
1579052534.503,0.61,0.9473,0.55,0.9992,36
1579052535.244,0.6,0.9421,0.58,0.9964,36
1579052535.998,0.63,0.9068,0.56,0.9984,36
1579052536.765,0.6,0.9511,0.53,1.0062,36
1579052537.506,0.6,0.9491,0.56,0.9735,36
1579052538.251,0.6,0.9369,0.59,0.9696,36
1579052539.02,0.6,0.956,0.56,1.0056,36
1579052539.382,0.64,0.873,0.53,1.0205,36
1579052540.138,0.6,0.9459,0.57,0.9815,37
1579052540.884,0.61,0.9342,0.56,0.9997,37
1579052541.63,0.61,0.9213,0.54,1.0312,37
1579052542.4,0.6,0.9366,0.57,0.9888,37
1579052543.148,0.6,0.927,0.57,0.9869,37
1579052543.943,0.61,0.9443,0.55,1.0068,37
1579052544.689,0.61,0.9429,0.56,0.9984,37
1579052545.432,0.63,0.9079,0.56,1.0037,37
1579052546.184,0.61,0.9489,0.52,1.0132,37
1579052546.925,0.59,0.9537,0.59,0.969,37
1579052547.676,0.6,0.9349,0.57,0.9756,37
1579052548.42,0.6,0.9576,0.55,1.0164,37
1579052548.786,0.64,0.8703,0.52,1.0212,37
1579052549.53,0.6,0.9422,0.6,0.9874,38
1579052550.302,0.61,0.9352,0.57,0.9999,38
1579052551.047,0.61,0.9162,0.55,1.0371,38
1579052551.812,0.6,0.9381,0.58,0.9902,38
1579052552.563,0.61,0.9234,0.57,0.9838,38
1579052553.326,0.61,0.9438,0.54,1.0079,38
1579052554.074,0.61,0.9421,0.57,1.0069,38
1579052554.818,0.63,0.9042,0.56,1.0027,38
1579052555.561,0.61,0.9501,0.52,1.0081,38
1579052556.31,0.59,0.9501,0.58,0.9787,38
1579052557.054,0.61,0.9328,0.57,0.978,38
1579052557.796,0.6,0.9587,0.59,1.0018,38
1579052558.165,0.65,0.8631,0.5,1.0442,38
1579052558.942,0.6,0.9498,0.61,0.9941,39
1579052559.698,0.61,0.9285,0.58,0.9924,39
1579052560.464,0.61,0.9198,0.54,1.0357,39
1579052561.205,0.6,0.937,0.57,1.009,39
1579052561.95,0.61,0.9183,0.58,0.984,39
1579052562.713,0.61,0.9471,0.55,0.9889,39
1579052563.529,0.61,0.9343,0.54,1.026,39
1579052564.292,0.63,0.9034,0.57,1.0161,39
1579052565.07,0.61,0.9494,0.56,0.9804,39
1579052565.822,0.6,0.9383,0.55,0.9912,39
1579052566.577,0.61,0.9406,0.6,0.9917,39
1579052567.32,0.6,0.9501,0.57,0.9892,39
1579052567.684,0.65,0.8679,0.53,1.0352,39
1579052568.429,0.6,0.9459,0.54,1.0104,40
1579052569.189,0.62,0.9193,0.58,0.9981,40
1579052569.937,0.6,0.9269,0.58,0.9989,40
1579052570.683,0.61,0.9222,0.56,1.0337,40
1579052571.432,0.61,0.9265,0.59,0.9932,40
1579052572.194,0.61,0.9365,0.59,0.9775,40
1579052572.945,0.61,0.9398,0.57,1.0083,40
1579052573.69,0.63,0.8982,0.54,1.053,40
1579052574.442,0.6,0.9478,0.6,0.9756,40
1579052575.212,0.61,0.9368,0.58,0.9693,40
1579052575.981,0.6,0.9334,0.6,1.0032,40
1579052576.737,0.61,0.9472,0.59,0.9963,40
1579052577.11,0.65,0.8566,0.56,1.0072,40
1579052577.866,0.6,0.936,0.57,1.0077,41
1579052578.623,0.62,0.9147,0.55,1.0144,41
1579052579.396,0.61,0.9196,0.59,0.9925,41
1579052580.16,0.62,0.9173,0.58,1.0174,41
1579052580.912,0.61,0.9179,0.58,1.0112,41
1579052581.686,0.61,0.9322,0.57,0.9803,41
1579052582.436,0.61,0.9363,0.58,0.9903,41
1579052583.189,0.63,0.8929,0.54,1.0537,41
1579052583.99,0.61,0.945,0.57,0.9929,41
1579052584.739,0.61,0.9319,0.57,0.9684,41
1579052585.49,0.61,0.9284,0.57,0.996,41
1579052586.237,0.61,0.9463,0.59,1.0052,41
1579052586.61,0.65,0.8485,0.55,1.0207,41
1579052587.359,0.6,0.9386,0.56,1.0014,42
1579052588.115,0.62,0.9106,0.54,1.0173,42
1579052588.862,0.6,0.9188,0.59,1.0004,42
1579052589.624,0.61,0.9154,0.58,1.0154,42
1579052590.379,0.61,0.9134,0.57,1.009,42
1579052591.138,0.62,0.9284,0.57,0.9864,42
1579052591.883,0.61,0.9306,0.56,0.9937,42
1579052592.626,0.64,0.8897,0.55,1.0364,42
1579052593.382,0.61,0.9374,0.56,1.0019,42
1579052594.131,0.61,0.9302,0.56,0.9725,42
1579052594.891,0.61,0.9233,0.58,0.9932,42
1579052595.637,0.61,0.9462,0.59,1.0048,42
1579052596.009,0.66,0.8416,0.54,1.0303,42
1579052596.79,0.6,0.9384,0.57,1.0005,43
1579052597.537,0.63,0.909,0.54,1.0174,43
1579052598.281,0.6,0.9156,0.57,1.0051,43
1579052599.039,0.62,0.9141,0.57,1.0112,43
1579052599.797,0.61,0.9114,0.56,1.0149,43
1579052600.557,0.62,0.9278,0.56,0.9921,43
1579052601.317,0.61,0.9272,0.57,0.9946,43
1579052602.063,0.64,0.8892,0.57,1.0314,43
1579052602.805,0.61,0.9344,0.55,1.004,43
1579052603.559,0.61,0.9279,0.57,0.9709,43
1579052604.301,0.61,0.9246,0.58,0.9911,43
1579052605.094,0.61,0.947,0.58,1.0079,43
1579052605.46,0.66,0.8374,0.55,1.0369,43
1579052606.208,0.6,0.9425,0.58,0.9989,44
1579052606.953,0.63,0.9074,0.55,1.0237,44
1579052607.703,0.6,0.9171,0.56,1.0033,44
1579052608.444,0.62,0.9126,0.58,1.0011,44
1579052609.194,0.61,0.9092,0.57,1.029,44
1579052609.954,0.61,0.931,0.57,0.9966,44
1579052610.704,0.62,0.9192,0.58,0.9954,44
1579052611.445,0.63,0.8952,0.59,1.0259,44
1579052612.191,0.61,0.9283,0.58,1.0098,44
1579052612.935,0.61,0.9275,0.57,0.9764,44
1579052613.686,0.61,0.9325,0.61,0.9814,44
1579052614.434,0.61,0.9386,0.57,1.0202,44
1579052614.798,0.66,0.8435,0.55,1.026,44
1579052615.553,0.6,0.9337,0.59,0.9952,45
1579052616.294,0.62,0.9118,0.58,1.0281,45
1579052617.036,0.61,0.9152,0.57,1.0049,45
1579052617.785,0.62,0.9085,0.56,0.9904,45
1579052618.529,0.61,0.9164,0.58,1.0197,45
1579052619.272,0.62,0.9231,0.57,1.0211,45
1579052620.031,0.62,0.9207,0.6,0.9925,45
1579052620.783,0.63,0.8919,0.55,1.0019,45
1579052621.528,0.62,0.9181,0.6,1.0307,45
1579052622.278,0.62,0.9331,0.58,0.9681,45
1579052623.036,0.62,0.9139,0.58,0.9702,45
1579052623.788,0.61,0.9337,0.59,1.0172,45
1579052624.162,0.66,0.8362,0.57,1.0272,45
1579052624.935,0.61,0.9229,0.56,0.9942,46
1579052625.736,0.62,0.9154,0.57,1.0067,46
1579052626.483,0.62,0.8955,0.57,1.0231,46
1579052627.255,0.62,0.9142,0.59,0.9821,46
1579052628.012,0.62,0.8975,0.56,1.0044,46
1579052628.77,0.62,0.9219,0.58,1.0092,46
1579052629.512,0.63,0.9108,0.58,1.0009,46
1579052630.275,0.64,0.8849,0.53,1.0101,46
1579052631.022,0.62,0.9154,0.56,1.0077,46
1579052631.766,0.62,0.9191,0.58,0.9758,46
1579052632.511,0.62,0.9113,0.58,0.9872,46
1579052633.261,0.62,0.9241,0.57,1.0084,46
1579052633.626,0.66,0.8246,0.59,1.0165,46
1579052634.387,0.61,0.9134,0.59,0.9973,47
1579052635.135,0.63,0.8976,0.58,1.0128,47
1579052635.895,0.62,0.892,0.57,0.9975,47
1579052636.642,0.62,0.8982,0.58,0.9919,47
1579052637.391,0.62,0.8931,0.59,1.0159,47
1579052638.14,0.62,0.9114,0.56,0.9897,47
1579052638.886,0.63,0.9079,0.55,1.0022,47
1579052639.63,0.64,0.8757,0.53,1.0333,47
1579052640.409,0.62,0.9125,0.56,0.9873,47
1579052641.153,0.62,0.9153,0.59,0.9798,47
1579052641.903,0.62,0.9036,0.58,1.0062,47
1579052642.653,0.62,0.9213,0.57,1.0033,47
1579052643.019,0.67,0.8147,0.54,1.0369,47
1579052643.767,0.61,0.9106,0.57,0.9941,48
1579052644.554,0.63,0.8927,0.57,1.0076,48
1579052645.362,0.62,0.888,0.61,1.0102,48
1579052646.111,0.62,0.8941,0.59,0.9904,48
1579052646.867,0.62,0.8931,0.56,1.0185,48
1579052647.617,0.63,0.9052,0.59,0.994,48
1579052648.365,0.62,0.9069,0.57,0.9968,48
1579052649.109,0.64,0.8726,0.55,1.039,48
1579052649.851,0.62,0.9129,0.58,0.9776,48
1579052650.617,0.61,0.9139,0.58,0.9792,48
1579052651.366,0.62,0.9029,0.6,1.0201,48
1579052652.106,0.61,0.9189,0.59,1.0079,48
1579052652.468,0.67,0.81,0.52,1.0412,48
1579052653.212,0.61,0.9071,0.56,0.9953,49
1579052653.96,0.64,0.8922,0.56,1.0117,49
1579052654.722,0.63,0.8809,0.59,1.0149,49
1579052655.467,0.62,0.8935,0.57,0.9935,49
1579052656.213,0.63,0.8878,0.56,1.0306,49
1579052656.985,0.63,0.9059,0.57,0.9881,49
1579052657.744,0.63,0.9025,0.56,1.001,49
1579052658.498,0.64,0.8724,0.55,1.0444,49
1579052659.259,0.62,0.9107,0.59,0.9687,49
1579052660.026,0.61,0.92,0.6,0.9871,49
1579052660.805,0.63,0.8963,0.61,1.0349,49
1579052661.571,0.61,0.9192,0.58,0.99,49
1579052661.952,0.68,0.8091,0.55,1.0478,49
1579052662.713,0.61,0.9056,0.58,0.9944,50
1579052663.462,0.63,0.8887,0.58,0.9997,50
1579052664.217,0.63,0.8763,0.61,1.0251,50
1579052665.046,0.62,0.8912,0.59,0.9911,50
1579052665.82,0.63,0.8864,0.59,1.0198,50
1579052666.572,0.63,0.8983,0.6,0.9961,50
1579052667.325,0.63,0.8971,0.57,0.9971,50
1579052668.078,0.64,0.8717,0.53,1.0409,50
1579052668.851,0.62,0.9053,0.59,0.9742,50
1579052669.609,0.62,0.9125,0.6,0.9812,50
1579052670.386,0.63,0.8937,0.59,1.0344,50
1579052671.158,0.62,0.915,0.57,0.9858,50
1579052671.54,0.68,0.8036,0.54,1.0367,50
1579052672.292,0.62,0.8972,0.58,0.9973,51
1579052673.049,0.64,0.8815,0.58,0.9961,51
1579052673.812,0.64,0.8739,0.61,1.0217,51
1579052674.565,0.62,0.8856,0.6,0.9908,51
1579052675.33,0.63,0.8787,0.6,1.0114,51
1579052676.082,0.63,0.8913,0.59,0.9977,51
1579052676.835,0.64,0.8939,0.58,0.9955,51
1579052677.576,0.64,0.865,0.55,1.0316,51
1579052678.326,0.63,0.8985,0.59,0.9787,51
1579052679.085,0.62,0.9076,0.6,0.9853,51
1579052679.827,0.63,0.8904,0.6,1.0321,51
1579052680.571,0.62,0.9099,0.58,0.9926,51
1579052680.955,0.68,0.7963,0.55,1.0405,51
1579052681.701,0.62,0.8939,0.58,0.992,52
1579052682.455,0.64,0.88,0.57,1.0016,52
1579052683.209,0.63,0.8705,0.59,1.0134,52
1579052683.951,0.63,0.8798,0.6,0.9919,52
1579052684.749,0.63,0.8752,0.58,1.0246,52
1579052685.508,0.63,0.8909,0.58,0.9843,52
1579052686.264,0.63,0.8924,0.58,1.0088,52
1579052687.045,0.64,0.8589,0.55,1.0254,52
1579052687.794,0.63,0.893,0.59,0.9812,52
1579052688.566,0.62,0.9072,0.57,1.0089,52
1579052689.316,0.63,0.888,0.6,1.0214,52
1579052690.059,0.63,0.9055,0.58,1.0077,52
1579052690.431,0.68,0.7895,0.58,1.0396,52
1579052691.178,0.62,0.8893,0.59,0.9878,53
1579052691.922,0.63,0.8795,0.59,1.0164,53
1579052692.699,0.63,0.8705,0.61,0.998,53
1579052693.457,0.63,0.8752,0.6,0.9959,53
1579052694.204,0.64,0.8697,0.59,1.0233,53
1579052694.953,0.63,0.8863,0.57,0.9749,53
1579052695.718,0.63,0.8931,0.56,1.0221,53
1579052696.467,0.64,0.8561,0.59,1.0089,53
1579052697.209,0.63,0.8885,0.57,0.9997,53
1579052697.959,0.62,0.9058,0.59,1.0058,53
1579052698.715,0.63,0.8861,0.6,1.0192,53
1579052699.455,0.63,0.8996,0.58,1.0117,53
1579052699.821,0.68,0.7821,0.58,1.0396,53
1579052700.575,0.62,0.8869,0.59,0.9874,54
1579052701.323,0.64,0.8783,0.58,1.0237,54
1579052702.068,0.64,0.8688,0.6,0.9972,54
1579052702.819,0.63,0.8731,0.6,0.9936,54
1579052703.568,0.64,0.8664,0.59,1.0275,54
1579052704.367,0.63,0.8866,0.57,0.9681,54
1579052705.116,0.63,0.8951,0.56,1.0302,54
1579052705.868,0.64,0.8567,0.57,1.0028,54
1579052706.622,0.63,0.8822,0.59,0.9856,54
1579052707.371,0.62,0.8988,0.6,1.0193,54
1579052708.119,0.64,0.8843,0.6,1.0034,54
1579052708.868,0.63,0.8971,0.58,1.0327,54
1579052709.234,0.68,0.78,0.58,1.0324,54
1579052709.987,0.63,0.8848,0.59,0.9953,55
1579052710.734,0.64,0.8736,0.58,1.0231,55
1579052711.482,0.64,0.8685,0.59,0.9983,55
1579052712.224,0.63,0.871,0.6,1.0042,55
1579052712.975,0.64,0.8638,0.59,1.022,55
1579052713.715,0.63,0.8825,0.58,0.9749,55
1579052714.466,0.63,0.889,0.58,1.029,55
1579052715.212,0.64,0.856,0.55,1.0064,55
1579052715.965,0.63,0.88,0.61,0.9827,55
1579052716.734,0.62,0.8977,0.59,1.0367,55
1579052717.476,0.63,0.8867,0.59,1.0006,55
1579052718.227,0.62,0.9001,0.52,1.066,55
1579052718.602,0.67,0.7895,0.59,1.0204,55
1579052719.36,0.62,0.8958,0.59,1.0355,56
1579052720.116,0.63,0.8806,0.58,1.0145,56
1579052720.859,0.63,0.8782,0.58,1.0215,56
1579052721.61,0.63,0.8736,0.57,1.0024,56
1579052722.39,0.64,0.8633,0.59,1.0175,56
1579052723.138,0.63,0.8832,0.6,0.9898,56
1579052723.884,0.63,0.8867,0.57,1.0105,56
1579052724.629,0.64,0.8588,0.58,1.042,56
1579052725.44,0.63,0.8867,0.63,0.9721,56
1579052726.184,0.61,0.9132,0.6,1.0318,56
1579052726.927,0.63,0.8843,0.59,1.0208,56
1579052727.674,0.63,0.8947,0.59,1.0027,56
1579052728.047,0.68,0.7793,0.54,1.0802,56
1579052728.807,0.62,0.8908,0.59,0.9885,57
1579052729.558,0.63,0.8882,0.57,1.0458,57
1579052730.328,0.63,0.8741,0.61,1.0146,57
1579052731.068,0.64,0.8709,0.56,0.9925,57
1579052731.832,0.63,0.8696,0.57,1.0489,57
1579052732.593,0.63,0.8834,0.62,0.9888,57
1579052733.348,0.63,0.894,0.57,0.9999,57
1579052734.096,0.64,0.852,0.56,1.0595,57
1579052734.841,0.62,0.8934,0.63,0.9782,57
1579052735.601,0.62,0.8947,0.58,1.0104,57
1579052736.363,0.63,0.8881,0.58,1.0773,57
1579052737.118,0.62,0.9209,0.58,1.0025,57
1579052737.487,0.69,0.7697,0.53,1.0654,57
1579052738.245,0.61,0.903,0.6,1.0328,58
1579052738.992,0.64,0.889,0.6,1.0078,58
1579052739.745,0.64,0.8527,0.57,1.0402,58
1579052740.502,0.62,0.8973,0.63,1.021,58
1579052741.253,0.63,0.8881,0.61,1.0283,58
1579052741.998,0.64,0.8766,0.57,1.0277,58
1579052742.755,0.62,0.9194,0.6,1.0113,58
1579052743.512,0.64,0.8631,0.59,1.0554,58
1579052744.258,0.63,0.8993,0.56,1.0104,58
1579052745.066,0.62,0.9072,0.57,0.9769,58
1579052745.819,0.63,0.8809,0.61,1.0614,58
1579052746.568,0.62,0.9171,0.62,1.0202,58
1579052746.932,0.7,0.7665,0.55,1.0268,58
1579052747.685,0.61,0.8993,0.56,1.0086,59
1579052748.432,0.65,0.8561,0.6,1.0356,59
1579052749.181,0.64,0.8756,0.6,0.9973,59
1579052749.948,0.64,0.8608,0.59,1.0084,59
1579052750.705,0.63,0.8751,0.59,1.023,59
1579052751.465,0.64,0.8744,0.6,1.0186,59
1579052752.231,0.64,0.885,0.57,1.0007,59
1579052752.997,0.64,0.8512,0.57,1.0098,59
1579052753.756,0.64,0.8733,0.6,1.0158,59
1579052754.506,0.63,0.8966,0.62,0.9762,59
1579052755.257,0.64,0.8716,0.58,1.02,59
1579052756.022,0.63,0.8939,0.59,1.0397,59
1579052756.392,0.7,0.763,0.63,1.0198,59
1579052757.147,0.63,0.8756,0.58,1.0051,60
1579052757.897,0.64,0.8634,0.58,1.0202,60
1579052758.643,0.65,0.8486,0.6,1.0201,60
1579052759.389,0.63,0.8661,0.6,1.0196,60
1579052760.153,0.65,0.8494,0.59,1.0163,60
1579052760.901,0.64,0.8663,0.6,1.0055,60
1579052761.668,0.64,0.872,0.57,1.0254,60
1579052762.413,0.65,0.8349,0.56,1.0098,60
1579052763.161,0.64,0.8654,0.61,1.0043,60
1579052763.906,0.63,0.8774,0.57,1.0055,60
1579052764.66,0.65,0.8639,0.6,1.0261,60
1579052765.406,0.64,0.8782,0.6,1.0254,60
1579052765.771,0.7,0.7509,0.58,1.0421,60
1579052766.518,0.63,0.8652,0.61,0.9951,61
1579052767.321,0.65,0.8538,0.58,1.0351,61
1579052768.072,0.64,0.8508,0.61,1.0117,61
1579052768.821,0.64,0.8518,0.61,1.013,61
1579052769.564,0.65,0.847,0.59,1.0411,61
1579052770.309,0.64,0.8636,0.58,0.9918,61
1579052771.058,0.64,0.8691,0.57,1.0339,61
1579052771.802,0.65,0.8385,0.59,1.0172,61
1579052772.546,0.64,0.8631,0.61,1.0082,61
1579052773.3,0.63,0.8784,0.55,1.0286,61
1579052774.046,0.64,0.8737,0.6,1.0379,61
1579052774.797,0.63,0.8811,0.6,1.0577,61
1579052775.169,0.7,0.7543,0.55,1.043,61
1579052775.913,0.63,0.8684,0.59,1.0023,62
1579052776.665,0.65,0.8536,0.57,1.0687,62
1579052777.418,0.63,0.8652,0.61,0.9932,62
1579052778.154,0.64,0.8548,0.56,1.0402,62
1579052778.916,0.65,0.8524,0.59,1.0437,62
1579052779.674,0.65,0.8627,0.63,0.9903,62
1579052780.428,0.64,0.8737,0.54,1.0512,62
1579052781.177,0.65,0.8453,0.58,1.0194,62
1579052781.921,0.64,0.8719,0.58,1.022,62
1579052782.675,0.62,0.8861,0.58,1.0171,62
1579052783.426,0.64,0.8777,0.58,1.0442,62
1579052784.174,0.62,0.8951,0.56,1.0883,62
1579052784.543,0.7,0.7563,0.6,1.0217,62
1579052785.296,0.62,0.876,0.58,1.018,63
1579052786.07,0.64,0.8502,0.6,1.0727,63
1579052786.82,0.64,0.8583,0.61,0.9924,63
1579052787.569,0.64,0.8586,0.57,1.033,63
1579052788.311,0.64,0.8577,0.61,1.0479,63
1579052789.11,0.65,0.863,0.59,1.0017,63
1579052789.858,0.64,0.8695,0.55,1.0344,63
1579052790.606,0.65,0.8438,0.59,1.0133,63
1579052791.35,0.64,0.8605,0.6,1.0128,63
1579052792.096,0.64,0.8744,0.59,1.0101,63
1579052792.851,0.64,0.8707,0.62,1.0104,63
1579052793.606,0.64,0.8711,0.59,1.0695,63
1579052793.97,0.71,0.7519,0.58,1.0494,63
1579052794.724,0.63,0.8568,0.59,1.0065,64
1579052795.469,0.64,0.8727,0.58,1.052,64
1579052796.207,0.65,0.8441,0.6,1.0492,64
1579052796.966,0.64,0.8558,0.6,1.002,64
1579052797.719,0.64,0.854,0.57,1.0472,64
1579052798.468,0.64,0.8583,0.61,1.0228,64
1579052799.208,0.65,0.871,0.57,1.0169,64
1579052799.96,0.66,0.8234,0.56,1.0338,64
1579052800.713,0.64,0.8651,0.63,0.9959,64
1579052801.454,0.64,0.8732,0.6,1.0309,64
1579052802.192,0.65,0.8568,0.6,1.0158,64
1579052802.942,0.64,0.872,0.63,1.0253,64
1579052803.316,0.71,0.7348,0.57,1.091,64
1579052804.067,0.63,0.8709,0.61,0.9898,65
1579052804.84,0.64,0.8655,0.56,1.0461,65
1579052805.59,0.64,0.8479,0.62,1.0347,65
1579052806.333,0.65,0.8461,0.59,0.9968,65
1579052807.092,0.64,0.8502,0.52,1.0942,65
1579052807.833,0.63,0.8831,0.63,0.9974,65
1579052808.577,0.64,0.8723,0.58,1.0346,65
1579052809.323,0.66,0.8323,0.54,1.1033,65
1579052810.072,0.63,0.8798,0.62,0.9904,65
1579052810.818,0.61,0.9059,0.59,1.0262,65
1579052811.585,0.66,0.8484,0.59,1.0975,65
1579052812.371,0.63,0.8865,0.6,1.0056,65
1579052812.786,0.7,0.7558,0.57,1.0696,65
1579052813.55,0.63,0.8609,0.59,1.0321,66
1579052814.314,0.66,0.8357,0.62,0.9931,66
1579052815.055,0.65,0.8488,0.57,1.0443,66
1579052815.846,0.65,0.8429,0.61,1.0184,66
1579052816.605,0.65,0.8325,0.63,0.9903,66
1579052817.366,0.65,0.8486,0.59,1.0419,66
1579052818.113,0.64,0.855,0.58,1.0082,66
1579052818.867,0.66,0.8168,0.6,0.9962,66
1579052819.619,0.65,0.8487,0.59,1.0505,66
1579052820.397,0.63,0.8691,0.62,0.9798,66
1579052821.148,0.64,0.8583,0.62,1.0208,66
1579052821.913,0.64,0.8604,0.56,1.0928,66
1579052822.285,0.71,0.7332,0.62,1.0182,66
1579052823.039,0.63,0.8581,0.58,1.0224,67
1579052823.793,0.66,0.8359,0.58,1.0663,67
1579052824.546,0.65,0.8412,0.61,0.9993,67
1579052825.306,0.65,0.8458,0.57,1.0343,67
1579052826.052,0.65,0.8364,0.59,1.0469,67
1579052826.798,0.65,0.8441,0.6,1.0012,67
1579052827.549,0.65,0.8595,0.55,1.0353,67
1579052828.297,0.66,0.8219,0.59,1.0192,67
1579052829.035,0.65,0.8441,0.63,0.9983,67
1579052829.783,0.64,0.8617,0.57,1.029,67
1579052830.535,0.65,0.8528,0.6,1.028,67
1579052831.287,0.64,0.8563,0.62,1.0477,67
1579052831.65,0.72,0.7275,0.58,1.061,67
1579052832.394,0.64,0.8495,0.63,1.0018,68
1579052833.136,0.65,0.8476,0.58,1.0444,68
1579052833.931,0.65,0.8363,0.59,1.0581,68
1579052834.687,0.65,0.8339,0.59,1.0024,68
1579052835.428,0.64,0.8491,0.58,1.0642,68
1579052836.174,0.65,0.8444,0.6,1.0353,68
1579052836.941,0.66,0.8496,0.55,1.0047,68
1579052837.693,0.65,0.8298,0.54,1.0768,68
1579052838.432,0.64,0.8564,0.62,1.0074,68
1579052839.189,0.64,0.8724,0.58,1.0142,68
1579052839.946,0.65,0.848,0.58,1.0683,68
1579052840.7,0.64,0.8675,0.62,1.0457,68
1579052841.076,0.71,0.7326,0.58,1.073,68
1579052841.835,0.64,0.8493,0.58,1.0202,69
1579052842.581,0.65,0.8457,0.61,1.0086,69
1579052843.328,0.66,0.828,0.59,1.0645,69
1579052844.084,0.65,0.8421,0.58,1.0015,69
1579052844.835,0.66,0.8299,0.59,1.0241,69
1579052845.577,0.66,0.8355,0.59,1.0544,69
1579052846.318,0.65,0.8517,0.57,0.9986,69
1579052847.064,0.66,0.8206,0.57,1.0493,69
1579052847.811,0.64,0.8546,0.61,1.0207,69
1579052848.554,0.64,0.8535,0.62,1.0014,69
1579052849.306,0.65,0.8459,0.59,1.0722,69
1579052850.055,0.64,0.8672,0.6,1.0385,69
1579052850.422,0.73,0.7098,0.62,1.0473,69
1579052851.176,0.64,0.8496,0.59,1.0279,70
1579052851.922,0.66,0.8289,0.59,1.01,70
1579052852.675,0.65,0.8235,0.6,1.0371,70
1579052853.424,0.65,0.8323,0.58,1.0394,70
1579052854.174,0.66,0.8176,0.58,1.0207,70
1579052854.973,0.65,0.8371,0.57,1.0395,70
1579052855.721,0.66,0.8405,0.58,1.032,70
1579052856.463,0.67,0.8097,0.57,1.0175,70
1579052857.227,0.65,0.8406,0.6,1.0394,70
1579052857.976,0.65,0.8461,0.59,1.0099,70
1579052858.726,0.65,0.8437,0.61,1.063,70
1579052859.469,0.64,0.8555,0.61,1.0485,70
1579052859.833,0.73,0.7022,0.58,1.0506,70
1579052860.577,0.64,0.8448,0.59,1.0271,71
1579052861.33,0.66,0.8234,0.59,1.0232,71
1579052862.078,0.65,0.8232,0.59,1.0401,71
1579052862.822,0.66,0.8294,0.57,1.0354,71
1579052863.569,0.66,0.8144,0.6,1.0344,71
1579052864.321,0.65,0.8353,0.59,1.0423,71
1579052865.099,0.66,0.8375,0.57,1.0236,71
1579052865.846,0.67,0.8077,0.59,1.0345,71
1579052866.592,0.65,0.8404,0.61,1.0316,71
1579052867.345,0.65,0.8407,0.58,1.0201,71
1579052868.087,0.65,0.8468,0.6,1.0828,71
1579052868.832,0.64,0.8563,0.62,1.0454,71
1579052869.208,0.72,0.7049,0.57,1.081,71
1579052869.957,0.64,0.8478,0.62,1.0203,72
1579052870.706,0.66,0.8219,0.59,1.0446,72
1579052871.466,0.64,0.8354,0.57,1.0688,72
1579052872.226,0.65,0.8296,0.58,1.0135,72
1579052872.974,0.66,0.8249,0.55,1.082,72
1579052873.733,0.64,0.8506,0.6,1.0239,72
1579052874.545,0.66,0.8295,0.55,1.0298,72
1579052875.313,0.65,0.8296,0.52,1.0972,72
1579052876.078,0.64,0.8523,0.61,1.0126,72
1579052876.839,0.62,0.8848,0.57,1.0845,72
1579052877.595,0.65,0.8611,0.6,1.0709,72
1579052878.333,0.64,0.858,0.56,1.0717,72
1579052878.701,0.7,0.7348,0.57,1.1035,72
1579052879.464,0.64,0.8446,0.56,1.0276,73
1579052880.263,0.64,0.8483,0.59,1.025,73
1579052881.011,0.66,0.8151,0.58,1.0763,73
1579052881.778,0.65,0.8378,0.59,1.0077,73
1579052882.525,0.66,0.8188,0.58,1.0429,73
1579052883.268,0.66,0.8267,0.57,1.0644,73
1579052884.008,0.65,0.8372,0.61,1.0008,73
1579052884.763,0.66,0.8156,0.57,1.0468,73
1579052885.525,0.65,0.8353,0.59,1.0446,73
1579052886.269,0.65,0.8421,0.61,0.9873,73
1579052887.015,0.64,0.8542,0.59,1.0676,73
1579052887.769,0.65,0.8461,0.58,1.0773,73
1579052888.131,0.73,0.6956,0.6,1.0337,73
1579052888.887,0.65,0.8402,0.58,1.0575,74
1579052889.642,0.66,0.8201,0.58,1.0489,74
1579052890.388,0.66,0.815,0.59,1.0144,74
1579052891.133,0.66,0.8287,0.57,1.0563,74
1579052891.885,0.66,0.8135,0.6,1.0407,74
1579052892.631,0.66,0.8207,0.6,1.0171,74
1579052893.376,0.66,0.8315,0.57,1.0641,74
1579052894.128,0.66,0.8046,0.59,1.0103,74
1579052894.949,0.66,0.8271,0.6,1.0265,74
1579052895.71,0.65,0.8394,0.59,1.0176,74
1579052896.456,0.66,0.8289,0.61,1.033,74
1579052897.211,0.65,0.8395,0.58,1.0852,74
1579052897.579,0.73,0.6918,0.61,1.0468,74
1579052898.338,0.65,0.8262,0.62,1.0326,75
1579052899.114,0.66,0.8156,0.58,1.0743,75
1579052899.868,0.65,0.8185,0.61,1.0232,75
1579052900.624,0.66,0.8112,0.58,1.0505,75
1579052901.391,0.67,0.8067,0.6,1.0695,75
1579052902.16,0.67,0.8149,0.63,1.0225,75
1579052902.908,0.65,0.8349,0.55,1.0742,75
1579052903.657,0.67,0.8005,0.62,1.0334,75
1579052904.412,0.66,0.8261,0.59,1.0232,75
1579052905.163,0.65,0.8415,0.63,1.0298,75
1579052905.948,0.66,0.8208,0.59,1.043,75
1579052906.711,0.64,0.8435,0.57,1.0953,75
1579052907.081,0.74,0.6852,0.61,1.0577,75
1579052907.829,0.64,0.8247,0.61,1.0328,76
1579052908.578,0.67,0.8129,0.57,1.074,76
1579052909.334,0.66,0.8128,0.63,1.0181,76
1579052910.084,0.66,0.8101,0.58,1.0559,76
1579052910.838,0.67,0.8033,0.56,1.0626,76
1579052911.598,0.67,0.8103,0.62,1.0199,76
1579052912.353,0.66,0.8306,0.55,1.0783,76
1579052913.111,0.67,0.7959,0.61,1.0233,76
1579052913.865,0.66,0.8224,0.6,1.0363,76
1579052914.615,0.65,0.8349,0.63,1.0176,76
1579052915.372,0.66,0.817,0.61,1.047,76
1579052916.185,0.65,0.8354,0.59,1.0866,76
1579052916.551,0.74,0.6755,0.62,1.06,76
1579052917.317,0.65,0.8198,0.61,1.0387,77
1579052918.065,0.67,0.806,0.59,1.0737,77
1579052918.812,0.66,0.8068,0.62,1.0255,77
1579052919.562,0.67,0.8036,0.57,1.0646,77
1579052920.308,0.67,0.7996,0.59,1.0576,77
1579052921.052,0.67,0.8056,0.59,1.0277,77
1579052921.796,0.66,0.8197,0.57,1.0671,77
1579052922.552,0.67,0.7903,0.61,1.0268,77
1579052923.292,0.66,0.8154,0.6,1.038,77
1579052924.039,0.65,0.8302,0.62,1.0199,77
1579052924.797,0.66,0.8162,0.62,1.0594,77
1579052925.548,0.66,0.8288,0.6,1.0635,77
1579052925.913,0.75,0.6705,0.55,1.0909,77
1579052926.682,0.65,0.8189,0.61,1.0179,78
1579052927.423,0.67,0.8162,0.57,1.1107,78
1579052928.166,0.66,0.8212,0.61,1.0192,78
1579052928.919,0.67,0.807,0.56,1.0702,78
1579052929.671,0.67,0.7969,0.61,1.0768,78
1579052930.413,0.66,0.8081,0.61,1.0157,78
1579052931.158,0.66,0.8219,0.58,1.0879,78
1579052931.912,0.67,0.7904,0.6,1.0183,78
1579052932.661,0.66,0.8142,0.6,1.0542,78
1579052933.405,0.65,0.831,0.61,1.0211,78
1579052934.155,0.66,0.8194,0.62,1.0658,78
1579052934.908,0.65,0.8279,0.62,1.0546,78
1579052935.273,0.75,0.666,0.57,1.0969,78
1579052936.052,0.65,0.8186,0.61,1.0218,79
1579052936.863,0.66,0.8135,0.57,1.092,79
1579052937.617,0.66,0.812,0.58,1.0403,79
1579052938.374,0.67,0.7945,0.58,1.0347,79
1579052939.141,0.67,0.7953,0.55,1.1274,79
1579052939.893,0.66,0.8234,0.63,1.007,79
1579052940.649,0.65,0.8352,0.56,1.1015,79
1579052941.401,0.67,0.7914,0.61,1.0359,79
1579052942.147,0.66,0.8187,0.55,1.036,79
1579052942.898,0.65,0.8351,0.59,1.053,79
1579052943.665,0.66,0.8151,0.61,1.0305,79
1579052944.415,0.66,0.8222,0.55,1.0956,79
1579052944.805,0.74,0.6705,0.61,1.06,79
1579052945.562,0.65,0.8203,0.59,1.0349,80
1579052946.314,0.67,0.7982,0.57,1.0662,80
1579052947.064,0.67,0.7985,0.59,1.0452,80
1579052947.814,0.67,0.7914,0.58,1.0489,80
1579052948.554,0.67,0.7945,0.6,1.079,80
1579052949.304,0.67,0.8036,0.62,1.0305,80
1579052950.048,0.67,0.8025,0.58,1.0414,80
1579052950.79,0.67,0.7817,0.6,1.0741,80
1579052951.536,0.66,0.8166,0.61,1.009,80
1579052952.287,0.65,0.8295,0.58,1.0882,80
1579052953.031,0.66,0.8251,0.61,1.0268,80
1579052953.774,0.65,0.838,0.52,1.1409,80
1579052954.148,0.72,0.6855,0.6,1.0427,80
1579052954.919,0.65,0.8157,0.61,1.0377,81
1579052955.663,0.68,0.7913,0.57,1.0976,81
1579052956.466,0.65,0.8125,0.6,1.0287,81
1579052957.206,0.68,0.7969,0.56,1.0825,81
1579052957.951,0.67,0.7942,0.58,1.0658,81
1579052958.705,0.68,0.7973,0.61,1.0276,81
1579052959.46,0.67,0.8054,0.56,1.0762,81
1579052960.205,0.68,0.7844,0.61,1.0364,81
1579052960.949,0.67,0.8016,0.57,1.0436,81
1579052961.701,0.65,0.8276,0.58,1.0552,81
1579052962.456,0.66,0.8196,0.61,1.0482,81
1579052963.2,0.65,0.8257,0.53,1.1086,81
1579052963.565,0.73,0.672,0.55,1.0696,81
1579052964.311,0.66,0.8092,0.61,1.0334,82
1579052965.053,0.66,0.8175,0.54,1.1359,82
1579052965.815,0.63,0.8371,0.58,1.0241,82
1579052966.57,0.67,0.7971,0.56,1.0917,82
1579052967.314,0.66,0.8228,0.5,1.1388,82
1579052968.061,0.65,0.8282,0.62,1.0539,82
1579052968.818,0.62,0.8757,0.57,1.1311,82
1579052969.567,0.67,0.8155,0.55,1.1148,82
1579052970.334,0.65,0.8405,0.59,1.0488,82
1579052971.084,0.61,0.8997,0.58,1.0969,82
1579052971.851,0.66,0.8273,0.58,1.0717,82
1579052972.605,0.64,0.844,0.57,1.0409,82
1579052972.976,0.75,0.669,0.54,1.1304,82
1579052973.734,0.63,0.8439,0.63,1.0362,83
1579052974.487,0.68,0.7986,0.56,1.0427,83
1579052975.247,0.65,0.8262,0.59,1.078,83
1579052976.067,0.67,0.8055,0.58,1.0177,83
1579052976.832,0.66,0.8106,0.62,1.0317,83
1579052977.596,0.67,0.8067,0.57,1.0885,83
1579052978.346,0.66,0.8156,0.57,1.0271,83
1579052979.107,0.66,0.7992,0.61,1.0357,83
1579052979.864,0.66,0.8177,0.61,1.0714,83
1579052980.623,0.65,0.8322,0.6,1.0003,83
1579052981.374,0.64,0.8623,0.61,1.0507,83
1579052982.132,0.66,0.8279,0.53,1.1336,83
1579052982.503,0.74,0.679,0.6,1.0441,83
1579052983.256,0.64,0.8434,0.6,1.0335,84
1579052984.017,0.68,0.7927,0.6,1.14,84
1579052984.775,0.65,0.834,0.62,1.0162,84
1579052985.524,0.67,0.7987,0.59,1.0146,84
1579052986.278,0.66,0.8002,0.62,1.1173,84
1579052987.045,0.66,0.8203,0.58,1.0325,84
1579052987.792,0.67,0.8039,0.58,1.0136,84
1579052988.536,0.67,0.794,0.57,1.0841,84
1579052989.288,0.66,0.8132,0.6,1.0352,84
1579052990.037,0.66,0.8216,0.61,0.997,84
1579052990.784,0.65,0.8247,0.58,1.0521,84
1579052991.535,0.66,0.8169,0.6,1.0887,84
1579052991.917,0.75,0.6683,0.62,1.0389,84
1579052992.684,0.66,0.7998,0.57,1.0559,85
1579052993.436,0.66,0.8173,0.61,1.0989,85
1579052994.19,0.66,0.8123,0.6,1.0689,85
1579052994.934,0.67,0.7928,0.58,1.0441,85
1579052995.744,0.66,0.811,0.59,1.0605,85
1579052996.499,0.67,0.7921,0.6,1.0876,85
1579052997.249,0.67,0.8159,0.57,1.0245,85
1579052997.996,0.68,0.7773,0.57,1.051,85
1579052998.744,0.66,0.8057,0.6,1.0739,85
1579052999.495,0.65,0.8378,0.62,0.9894,85
1579053000.265,0.67,0.8079,0.57,1.0611,85
1579053001.014,0.65,0.8408,0.63,1.0821,85
1579053001.4,0.76,0.6579,0.63,1.0666,85
1579053002.158,0.66,0.8148,0.57,1.0559,86
1579053002.912,0.66,0.8241,0.61,1.0559,86
1579053003.667,0.67,0.7879,0.61,1.0984,86
1579053004.418,0.66,0.8154,0.6,1.0406,86
1579053005.215,0.68,0.776,0.56,1.0599,86
1579053005.971,0.66,0.8124,0.58,1.0673,86
1579053006.722,0.67,0.8013,0.61,1.0497,86
1579053007.477,0.68,0.7815,0.55,1.0741,86
1579053008.229,0.66,0.8108,0.58,1.0369,86
1579053008.972,0.66,0.8098,0.63,1.0231,86
1579053009.723,0.67,0.8094,0.61,1.0772,86
1579053010.479,0.66,0.8131,0.64,1.0352,86
1579053010.85,0.75,0.641,0.62,1.0656,86
1579053011.606,0.66,0.7972,0.6,1.0388,87
1579053012.351,0.69,0.7763,0.59,1.045,87
1579053013.09,0.67,0.7882,0.61,1.0641,87
1579053013.838,0.68,0.7815,0.6,1.056,87
1579053014.586,0.68,0.7779,0.57,1.0648,87
1579053015.38,0.68,0.7833,0.55,1.0519,87
1579053016.122,0.66,0.7963,0.62,1.0418,87
1579053016.905,0.69,0.7711,0.56,1.0926,87
1579053017.658,0.66,0.7972,0.57,1.0282,87
1579053018.396,0.66,0.8147,0.61,1.0294,87
1579053019.155,0.68,0.7894,0.62,1.0905,87
1579053019.91,0.66,0.8085,0.63,1.0404,87
1579053020.273,0.75,0.6378,0.58,1.111,87
1579053021.028,0.66,0.8018,0.6,1.0253,88
1579053021.791,0.68,0.7864,0.61,1.0747,88
1579053022.536,0.67,0.7815,0.6,1.0916,88
1579053023.278,0.68,0.779,0.58,1.0366,88
1579053024.035,0.67,0.7888,0.58,1.1099,88
1579053024.786,0.67,0.7904,0.59,1.0484,88
1579053025.528,0.67,0.7892,0.58,1.0252,88
1579053026.276,0.68,0.7762,0.56,1.1405,88
1579053027.024,0.65,0.8136,0.6,1.0177,88
1579053027.767,0.66,0.8206,0.62,1.0413,88
1579053028.51,0.67,0.789,0.6,1.1012,88
1579053029.262,0.66,0.8082,0.61,1.0469,88
1579053029.63,0.75,0.6476,0.55,1.128,88
1579053030.404,0.66,0.8049,0.61,1.023,89
1579053031.156,0.68,0.7837,0.6,1.0564,89
1579053031.908,0.68,0.7817,0.59,1.1292,89
1579053032.661,0.68,0.7881,0.55,1.0349,89
1579053033.411,0.66,0.7932,0.57,1.0818,89
1579053034.166,0.68,0.7782,0.59,1.1135,89
1579053034.911,0.66,0.8027,0.57,1.0153,89
1579053035.662,0.67,0.7957,0.59,1.0712,89
1579053036.461,0.67,0.7881,0.58,1.1049,89
1579053037.214,0.66,0.8193,0.62,0.996,89
1579053037.968,0.65,0.8384,0.58,1.0925,89
1579053038.716,0.66,0.811,0.57,1.1352,89
1579053039.085,0.75,0.6397,0.63,1.0317,89
1579053039.834,0.65,0.828,0.57,1.0688,90
1579053040.6,0.67,0.7926,0.59,1.1293,90
1579053041.352,0.67,0.7945,0.61,1.0368,90
1579053042.102,0.67,0.7998,0.57,1.0694,90
1579053042.85,0.67,0.7794,0.59,1.1364,90
1579053043.597,0.67,0.7908,0.6,1.0596,90
1579053044.348,0.67,0.8028,0.55,1.0371,90
1579053045.11,0.69,0.7516,0.59,1.107,90
1579053045.857,0.66,0.797,0.6,1.0355,90
1579053046.605,0.67,0.7956,0.6,1.012,90
1579053047.358,0.68,0.7895,0.59,1.0874,90
1579053048.108,0.66,0.8045,0.62,1.0797,90
1579053048.475,0.77,0.6251,0.61,1.0606,90
1579053049.221,0.66,0.7881,0.59,1.0421,91
1579053049.965,0.68,0.7784,0.59,1.0649,91
1579053050.712,0.68,0.7721,0.61,1.0746,91
1579053051.47,0.68,0.7685,0.52,1.0622,91
1579053052.234,0.68,0.7678,0.56,1.0845,91
1579053052.979,0.69,0.7695,0.54,1.088,91
1579053053.732,0.68,0.7843,0.55,1.0322,91
1579053054.483,0.69,0.7501,0.56,1.0633,91
1579053055.231,0.68,0.7773,0.6,1.0823,91
1579053056.044,0.67,0.7946,0.61,1.0021,91
1579053056.813,0.67,0.7971,0.62,1.0901,91
1579053057.568,0.67,0.7963,0.62,1.1047,91
1579053057.935,0.77,0.6176,0.64,1.0391,91
1579053058.719,0.67,0.7862,0.56,1.065,92
1579053059.469,0.68,0.7772,0.6,1.0821,92
1579053060.239,0.68,0.774,0.57,1.0554,92
1579053060.993,0.69,0.7639,0.55,1.093,92
1579053061.765,0.68,0.7699,0.56,1.0953,92
1579053062.518,0.68,0.771,0.55,1.0743,92
1579053063.272,0.68,0.7778,0.56,1.0526,92
1579053064.021,0.69,0.746,0.58,1.0606,92
1579053064.78,0.68,0.7749,0.59,1.0764,92
1579053065.533,0.68,0.7868,0.59,1.0212,92
1579053066.288,0.68,0.7885,0.64,1.075,92
1579053067.045,0.67,0.7862,0.63,1.0998,92
1579053067.418,0.77,0.6082,0.63,1.0392,92
1579053068.167,0.68,0.7772,0.59,1.0468,93
1579053068.941,0.69,0.7633,0.59,1.0991,93
1579053069.695,0.68,0.7713,0.56,1.0574,93
1579053070.435,0.69,0.7605,0.55,1.0896,93
1579053071.187,0.69,0.7603,0.58,1.1071,93
1579053071.936,0.68,0.7698,0.56,1.0651,93
1579053072.687,0.68,0.772,0.58,1.0607,93
1579053073.429,0.7,0.7394,0.59,1.0762,93
1579053074.187,0.68,0.7728,0.6,1.0714,93
1579053074.96,0.68,0.7782,0.59,1.0283,93
1579053075.705,0.68,0.7804,0.63,1.0842,93
1579053076.447,0.67,0.7849,0.62,1.0789,93
1579053076.824,0.78,0.5964,0.58,1.0651,93
1579053077.573,0.68,0.7732,0.59,1.04,94
1579053078.369,0.69,0.7605,0.59,1.1174,94
1579053079.16,0.68,0.7666,0.56,1.0593,94
1579053079.908,0.69,0.7579,0.56,1.0932,94
1579053080.659,0.69,0.7537,0.58,1.106,94
1579053081.418,0.69,0.7627,0.56,1.0583,94
1579053082.186,0.68,0.7683,0.56,1.0695,94
1579053082.933,0.7,0.7324,0.59,1.082,94
1579053083.677,0.69,0.7678,0.58,1.0635,94
1579053084.435,0.68,0.7725,0.59,1.0348,94
1579053085.184,0.69,0.7681,0.63,1.0771,94
1579053085.95,0.67,0.7794,0.63,1.078,94
1579053086.318,0.79,0.5871,0.59,1.0827,94
1579053087.062,0.68,0.7702,0.61,1.037,95
1579053087.814,0.69,0.762,0.57,1.1477,95
1579053088.559,0.68,0.7698,0.58,1.0482,95
1579053089.331,0.68,0.7673,0.57,1.1471,95
1579053090.085,0.69,0.7608,0.59,1.0833,95
1579053090.837,0.69,0.7592,0.55,1.0737,95
1579053091.609,0.69,0.7648,0.55,1.0677,95
1579053092.359,0.7,0.727,0.58,1.0689,95
1579053093.111,0.69,0.7636,0.62,1.0944,95
1579053093.862,0.68,0.7743,0.59,1.016,95
1579053094.612,0.68,0.7792,0.59,1.126,95
1579053095.373,0.67,0.7928,0.65,1.0427,95
1579053095.743,0.78,0.5979,0.57,1.1459,95
1579053096.502,0.67,0.7855,0.62,1.0322,96
1579053097.253,0.68,0.7857,0.57,1.1507,96
1579053098.003,0.68,0.7673,0.57,1.0746,96
1579053098.762,0.7,0.7451,0.58,1.075,96
1579053099.53,0.69,0.752,0.6,1.1797,96
1579053100.334,0.68,0.7772,0.62,1.0427,96
1579053101.089,0.67,0.7863,0.56,1.0848,96
1579053101.845,0.7,0.727,0.59,1.1183,96
1579053102.601,0.68,0.7685,0.61,1.0373,96
1579053103.359,0.68,0.7867,0.58,1.1175,96
1579053104.108,0.68,0.7786,0.63,1.0459,96
1579053104.872,0.67,0.7876,0.6,1.1019,96
1579053105.24,0.79,0.5847,0.56,1.087,96
1579053105.992,0.68,0.7686,0.63,1.0327,97
1579053106.775,0.7,0.7614,0.55,1.1531,97
1579053107.52,0.68,0.7683,0.58,1.0618,97
1579053108.269,0.69,0.7527,0.58,1.0836,97
1579053109.017,0.69,0.7424,0.59,1.1536,97
1579053109.794,0.69,0.7627,0.59,1.0474,97
1579053110.542,0.68,0.7731,0.58,1.0747,97
1579053111.289,0.71,0.7214,0.58,1.1097,97
1579053112.051,0.69,0.762,0.58,1.0409,97
1579053112.805,0.69,0.7737,0.59,1.0954,97
1579053113.553,0.69,0.7618,0.63,1.0593,97
1579053114.3,0.68,0.7734,0.6,1.0952,97
1579053114.672,0.79,0.5738,0.59,1.0932,97
1579053115.418,0.68,0.7636,0.64,1.0382,98
1579053116.171,0.69,0.7605,0.55,1.1596,98
1579053116.937,0.68,0.7623,0.59,1.0552,98
1579053117.684,0.7,0.7491,0.57,1.102,98
1579053118.435,0.7,0.7394,0.61,1.1338,98
1579053119.198,0.7,0.7513,0.58,1.0507,98
1579053119.968,0.69,0.7673,0.57,1.099,98
1579053120.721,0.71,0.7198,0.57,1.097,98
1579053121.469,0.69,0.7528,0.57,1.0555,98
1579053122.22,0.69,0.7643,0.59,1.0861,98
1579053122.966,0.69,0.7527,0.62,1.0529,98
1579053123.722,0.68,0.7666,0.6,1.1069,98
1579053124.138,0.79,0.5704,0.6,1.0832,98
1579053124.888,0.69,0.758,0.63,1.0388,99
1579053125.638,0.7,0.7502,0.55,1.1575,99
1579053126.388,0.69,0.7582,0.59,1.0616,99
1579053127.152,0.69,0.7513,0.58,1.1239,99
1579053127.91,0.7,0.7375,0.6,1.115,99
1579053128.67,0.7,0.7425,0.55,1.0545,99
1579053129.426,0.69,0.7574,0.57,1.0953,99
1579053130.198,0.71,0.7186,0.57,1.0937,99
1579053130.953,0.69,0.7496,0.57,1.0628,99
1579053131.716,0.69,0.758,0.6,1.0725,99
1579053132.477,0.7,0.7467,0.63,1.0573,99
1579053133.232,0.68,0.7606,0.63,1.0981,99
1579053133.6,0.8,0.5657,0.56,1.1001,99
