1579997170.84,0.26,1.3862,0.27,1.384,0
1579997171.093,0.25,1.3862,0.39,1.3838,0
1579997171.348,0.31,1.3862,0.31,1.3838,0
1579997171.598,0.24,1.3864,0.31,1.384,0
1579997171.85,0.25,1.3857,0.31,1.3836,0
1579997172.101,0.24,1.3853,0.31,1.3831,0
1579997172.34,0.26,1.3841,0.31,1.3815,0
1579997172.593,0.26,1.3825,0.31,1.3794,0
1579997172.846,0.23,1.3818,0.38,1.3774,0
1579997173.015,0.37,1.3811,0.45,1.3739,0
1579997173.272,0.45,1.3769,0.54,1.3669,1
1579997173.525,0.45,1.3731,0.46,1.3582,1
1579997173.778,0.33,1.3665,0.45,1.3481,1
1579997174.034,0.3,1.3619,0.53,1.3334,1
1579997174.288,0.47,1.349,0.53,1.316,1
1579997174.542,0.48,1.3349,0.54,1.2898,1
1579997174.794,0.52,1.3122,0.53,1.252,1
1579997175.047,0.47,1.2953,0.53,1.2172,1
1579997175.301,0.45,1.2839,0.43,1.2829,1
1579997175.474,0.39,1.3077,0.51,1.236,1
1579997175.732,0.47,1.2738,0.52,1.2319,2
1579997175.982,0.47,1.2707,0.52,1.1899,2
1579997176.238,0.51,1.2303,0.56,1.1914,2
1579997176.49,0.47,1.2408,0.57,1.177,2
1579997176.743,0.51,1.2172,0.55,1.178,2
1579997176.993,0.53,1.2172,0.57,1.1762,2
1579997177.248,0.53,1.2091,0.59,1.1676,2
1579997177.5,0.52,1.2084,0.54,1.1653,2
1579997177.754,0.51,1.2204,0.56,1.1648,2
1579997177.922,0.56,1.181,0.58,1.1536,2
1579997178.177,0.54,1.1932,0.6,1.1473,3
1579997178.443,0.53,1.2012,0.6,1.1467,3
1579997178.71,0.53,1.197,0.57,1.143,3
1579997178.962,0.54,1.1945,0.57,1.1454,3
1579997179.215,0.56,1.1772,0.58,1.1485,3
1579997179.467,0.56,1.1785,0.59,1.1505,3
1579997179.725,0.55,1.1764,0.57,1.1474,3
1579997179.977,0.55,1.1823,0.57,1.1436,3
1579997180.229,0.53,1.2025,0.58,1.1405,3
1579997180.4,0.58,1.1552,0.59,1.1359,3
1579997180.655,0.56,1.1739,0.58,1.1354,4
1579997180.908,0.55,1.1844,0.58,1.1337,4
1579997181.161,0.55,1.1776,0.58,1.1344,4
1579997181.42,0.55,1.1792,0.59,1.136,4
1579997181.673,0.57,1.1615,0.57,1.136,4
1579997181.927,0.57,1.1607,0.61,1.1346,4
1579997182.179,0.57,1.1635,0.62,1.1285,4
1579997182.433,0.55,1.1759,0.58,1.1318,4
1579997182.672,0.54,1.1839,0.59,1.1408,4
1579997182.842,0.6,1.1421,0.6,1.1426,4
1579997183.098,0.57,1.1633,0.58,1.1345,5
1579997183.353,0.57,1.1631,0.62,1.1278,5
1579997183.612,0.56,1.1714,0.61,1.1235,5
1579997183.865,0.56,1.1677,0.6,1.1344,5
1579997184.124,0.59,1.1477,0.6,1.1504,5
1579997184.378,0.58,1.1555,0.59,1.1447,5
1579997184.629,0.57,1.1566,0.62,1.1377,5
1579997184.888,0.57,1.1631,0.57,1.1404,5
1579997185.141,0.57,1.1673,0.56,1.1429,5
1579997185.309,0.6,1.1339,0.6,1.1427,5
1579997185.564,0.58,1.1555,0.61,1.1198,6
1579997185.82,0.58,1.1541,0.6,1.1216,6
1579997186.071,0.58,1.1514,0.55,1.1441,6
1579997186.327,0.57,1.1516,0.56,1.1571,6
1579997186.579,0.59,1.1449,0.57,1.1533,6
1579997186.836,0.59,1.1434,0.59,1.1393,6
1579997187.087,0.59,1.1452,0.65,1.1252,6
1579997187.341,0.58,1.1558,0.56,1.1418,6
1579997187.594,0.58,1.159,0.56,1.1469,6
1579997187.762,0.61,1.1279,0.59,1.1418,6
1579997188.017,0.59,1.1412,0.58,1.1355,7
1579997188.272,0.59,1.1418,0.59,1.1272,7
1579997188.525,0.59,1.1385,0.55,1.1391,7
1579997188.783,0.59,1.1427,0.57,1.1475,7
1579997189.04,0.6,1.1326,0.56,1.147,7
1579997189.296,0.6,1.1341,0.56,1.1465,7
1579997189.551,0.61,1.129,0.56,1.1473,7
1579997189.811,0.59,1.1406,0.56,1.1498,7
1579997190.064,0.59,1.1511,0.58,1.1337,7
1579997190.234,0.61,1.1314,0.6,1.1325,7
1579997190.493,0.59,1.1401,0.57,1.1494,8
1579997190.748,0.6,1.1394,0.54,1.1438,8
1579997191.011,0.61,1.1288,0.58,1.14,8
1579997191.269,0.6,1.1367,0.58,1.1493,8
1579997191.523,0.6,1.1313,0.58,1.1415,8
1579997191.779,0.6,1.1276,0.59,1.152,8
1579997192.041,0.61,1.136,0.59,1.1461,8
1579997192.297,0.59,1.1419,0.55,1.1488,8
1579997192.551,0.58,1.1538,0.59,1.139,8
1579997192.721,0.61,1.1235,0.6,1.1371,8
1579997192.98,0.6,1.132,0.59,1.1322,9
1579997193.237,0.6,1.1348,0.62,1.1134,9
1579997193.495,0.59,1.1405,0.59,1.1313,9
1579997193.749,0.59,1.1323,0.57,1.1454,9
1579997194.005,0.61,1.1268,0.56,1.1487,9
1579997194.26,0.61,1.13,0.59,1.1344,9
1579997194.516,0.63,1.1136,0.6,1.122,9
1579997194.774,0.61,1.1291,0.59,1.119,9
1579997195.03,0.6,1.1416,0.59,1.1195,9
1579997195.203,0.62,1.1095,0.61,1.1273,9
1579997195.465,0.61,1.1245,0.6,1.13,10
1579997195.722,0.61,1.1255,0.59,1.1266,10
1579997195.983,0.62,1.1186,0.58,1.1308,10
1579997196.235,0.61,1.123,0.57,1.1383,10
1579997196.494,0.63,1.1124,0.59,1.1351,10
1579997196.75,0.61,1.1189,0.6,1.142,10
1579997197.007,0.63,1.1151,0.6,1.1455,10
1579997197.269,0.59,1.1333,0.59,1.1431,10
1579997197.526,0.6,1.1424,0.62,1.13,10
1579997197.699,0.63,1.1043,0.58,1.1532,10
1579997197.958,0.56,1.1651,0.63,1.1199,11
1579997198.239,0.6,1.1383,0.58,1.1425,11
1579997198.496,0.58,1.1523,0.58,1.1509,11
1579997198.761,0.61,1.1301,0.54,1.1636,11
1579997199.02,0.6,1.1348,0.57,1.158,11
1579997199.275,0.6,1.1344,0.6,1.1285,11
1579997199.536,0.62,1.1118,0.64,1.1088,11
1579997199.792,0.61,1.1309,0.64,1.1047,11
1579997200.049,0.59,1.144,0.6,1.1269,11
1579997200.223,0.62,1.1063,0.59,1.145,11
1579997200.482,0.6,1.1318,0.59,1.1392,12
1579997200.737,0.6,1.1321,0.6,1.1267,12
1579997200.995,0.61,1.1191,0.61,1.1218,12
1579997201.255,0.61,1.1211,0.58,1.1262,12
1579997201.509,0.63,1.1114,0.63,1.1212,12
1579997201.77,0.62,1.1137,0.6,1.134,12
1579997202.027,0.62,1.1235,0.61,1.1278,12
1579997202.299,0.64,1.112,0.6,1.1315,12
1579997202.556,0.6,1.1351,0.63,1.1265,12
1579997202.727,0.64,1.1096,0.62,1.12,12
1579997202.984,0.62,1.1172,0.6,1.1279,13
1579997203.238,0.61,1.1222,0.62,1.112,13
1579997203.493,0.62,1.1233,0.63,1.109,13
1579997203.753,0.62,1.1152,0.6,1.1216,13
1579997204.008,0.63,1.103,0.6,1.1272,13
1579997204.264,0.63,1.1071,0.58,1.1473,13
1579997204.531,0.62,1.1245,0.59,1.1349,13
1579997204.79,0.62,1.1154,0.58,1.1268,13
1579997205.048,0.61,1.1272,0.62,1.1172,13
1579997205.221,0.64,1.1035,0.62,1.1197,13
1579997205.481,0.63,1.1144,0.57,1.142,14
1579997205.741,0.6,1.1362,0.62,1.1118,14
1579997205.996,0.61,1.1248,0.6,1.1231,14
1579997206.253,0.61,1.1261,0.59,1.1344,14
1579997206.511,0.62,1.1117,0.61,1.1269,14
1579997206.767,0.63,1.1065,0.59,1.1442,14
1579997207.022,0.63,1.1202,0.61,1.1341,14
1579997207.281,0.61,1.1231,0.6,1.1239,14
1579997207.539,0.61,1.1267,0.62,1.1195,14
1579997207.711,0.62,1.111,0.61,1.1152,14
1579997207.975,0.62,1.1163,0.62,1.1201,15
1579997208.233,0.62,1.1187,0.58,1.1385,15
1579997208.495,0.59,1.1368,0.63,1.117,15
1579997208.761,0.61,1.1229,0.63,1.1086,15
1579997209.023,0.63,1.111,0.6,1.12,15
1579997209.285,0.6,1.1337,0.6,1.1287,15
1579997209.54,0.62,1.1133,0.59,1.1378,15
1579997209.795,0.62,1.1151,0.6,1.1494,15
1579997210.055,0.57,1.1578,0.61,1.1287,15
1579997210.227,0.64,1.1035,0.61,1.1177,15
1579997210.503,0.61,1.1171,0.63,1.1112,16
1579997210.766,0.61,1.1246,0.65,1.103,16
1579997211.024,0.62,1.1193,0.62,1.1182,16
1579997211.281,0.62,1.1166,0.61,1.1224,16
1579997211.543,0.63,1.1074,0.62,1.117,16
1579997211.801,0.61,1.1178,0.63,1.112,16
1579997212.045,0.64,1.0904,0.63,1.1107,16
1579997212.304,0.64,1.1018,0.62,1.114,16
1579997212.571,0.63,1.1177,0.62,1.1182,16
1579997212.744,0.64,1.0931,0.61,1.1213,16
1579997213.0,0.62,1.1126,0.62,1.1181,17
1579997213.264,0.62,1.1121,0.63,1.1091,17
1579997213.524,0.63,1.1041,0.64,1.1006,17
1579997213.782,0.64,1.1054,0.64,1.1028,17
1579997214.037,0.65,1.094,0.63,1.1032,17
1579997214.296,0.62,1.1164,0.64,1.1026,17
1579997214.554,0.64,1.0857,0.65,1.103,17
1579997214.81,0.63,1.1083,0.62,1.1095,17
1579997215.066,0.63,1.1086,0.61,1.1192,17
1579997215.238,0.65,1.0926,0.61,1.124,17
1579997215.494,0.63,1.1147,0.62,1.1194,18
1579997215.752,0.61,1.1181,0.62,1.1139,18
1579997216.007,0.64,1.1007,0.65,1.1081,18
1579997216.264,0.64,1.1081,0.64,1.1033,18
1579997216.522,0.65,1.0912,0.64,1.0974,18
1579997216.778,0.62,1.1131,0.65,1.093,18
1579997217.033,0.64,1.0957,0.65,1.1017,18
1579997217.293,0.62,1.1209,0.66,1.0993,18
1579997217.549,0.63,1.1052,0.63,1.1164,18
1579997217.72,0.65,1.0823,0.63,1.1166,18
1579997217.982,0.62,1.1079,0.62,1.119,19
1579997218.241,0.61,1.1204,0.63,1.1107,19
1579997218.498,0.63,1.1082,0.63,1.1074,19
1579997218.757,0.63,1.0993,0.63,1.1027,19
1579997219.014,0.66,1.0821,0.64,1.0992,19
1579997219.27,0.64,1.0993,0.64,1.092,19
1579997219.524,0.65,1.0863,0.65,1.0909,19
1579997219.786,0.63,1.1086,0.65,1.0893,19
1579997220.045,0.63,1.1021,0.62,1.1027,19
1579997220.223,0.67,1.0695,0.63,1.1066,19
1579997220.483,0.64,1.0958,0.62,1.1168,20
1579997220.742,0.62,1.1072,0.63,1.1138,20
1579997221.001,0.64,1.0999,0.62,1.1106,20
1579997221.259,0.65,1.0938,0.61,1.1084,20
1579997221.514,0.65,1.082,0.64,1.1024,20
1579997221.776,0.66,1.0852,0.62,1.0962,20
1579997222.036,0.67,1.0754,0.64,1.0944,20
1579997222.296,0.64,1.0968,0.63,1.0973,20
1579997222.552,0.63,1.101,0.63,1.0986,20
1579997222.724,0.67,1.066,0.61,1.1028,20
1579997222.986,0.64,1.0899,0.63,1.105,21
1579997223.245,0.64,1.0985,0.62,1.1108,21
1579997223.5,0.64,1.0931,0.61,1.1173,21
1579997223.756,0.65,1.0895,0.62,1.1135,21
1579997224.012,0.66,1.0779,0.65,1.1018,21
1579997224.273,0.67,1.0769,0.62,1.0984,21
1579997224.528,0.66,1.0759,0.64,1.0952,21
1579997224.794,0.66,1.0832,0.65,1.0923,21
1579997225.052,0.64,1.097,0.66,1.0901,21
1579997225.225,0.68,1.0669,0.63,1.0901,21
1579997225.483,0.65,1.0864,0.65,1.0925,22
1579997225.743,0.65,1.0908,0.63,1.0965,22
1579997226.002,0.65,1.0843,0.62,1.1043,22
1579997226.274,0.66,1.0849,0.63,1.1173,22
1579997226.544,0.66,1.081,0.6,1.1116,22
1579997226.814,0.66,1.0814,0.64,1.101,22
1579997227.07,0.66,1.0715,0.66,1.0936,22
1579997227.328,0.67,1.0817,0.64,1.0964,22
1579997227.587,0.64,1.0872,0.63,1.0926,22
1579997227.76,0.69,1.0541,0.65,1.0856,22
1579997228.025,0.65,1.0881,0.63,1.088,23
1579997228.284,0.65,1.0816,0.65,1.0894,23
1579997228.543,0.65,1.0876,0.62,1.0975,23
1579997228.802,0.67,1.076,0.62,1.1082,23
1579997229.063,0.67,1.073,0.63,1.1088,23
1579997229.322,0.68,1.0691,0.63,1.1031,23
1579997229.579,0.68,1.0651,0.64,1.0926,23
1579997229.838,0.66,1.0762,0.67,1.0806,23
1579997230.097,0.66,1.0789,0.65,1.0794,23
1579997230.27,0.7,1.0484,0.66,1.0843,23
1579997230.531,0.66,1.0787,0.65,1.0869,24
1579997230.789,0.66,1.0778,0.63,1.0855,24
1579997231.053,0.66,1.0738,0.64,1.0866,24
1579997231.314,0.66,1.0798,0.62,1.1013,24
1579997231.574,0.67,1.0702,0.61,1.1103,24
1579997231.84,0.67,1.0681,0.62,1.1108,24
1579997232.102,0.69,1.0627,0.62,1.1032,24
1579997232.362,0.67,1.07,0.63,1.0953,24
1579997232.619,0.66,1.0754,0.64,1.086,24
1579997232.79,0.71,1.0423,0.65,1.0807,24
1579997233.053,0.67,1.0786,0.65,1.0885,25
1579997233.312,0.67,1.0733,0.62,1.1027,25
1579997233.572,0.66,1.0787,0.62,1.0955,25
1579997233.83,0.68,1.0658,0.63,1.0892,25
1579997234.092,0.68,1.0634,0.64,1.0922,25
1579997234.353,0.67,1.0617,0.63,1.0996,25
1579997234.615,0.69,1.0527,0.64,1.0971,25
1579997234.877,0.67,1.0687,0.64,1.0832,25
1579997235.144,0.68,1.0665,0.65,1.0821,25
1579997235.317,0.71,1.0426,0.65,1.0804,25
1579997235.577,0.67,1.0714,0.66,1.0809,26
1579997235.837,0.67,1.0748,0.63,1.1017,26
1579997236.096,0.66,1.0756,0.64,1.0946,26
1579997236.357,0.67,1.0691,0.63,1.0899,26
1579997236.614,0.69,1.0596,0.65,1.0915,26
1579997236.874,0.68,1.0631,0.65,1.1013,26
1579997237.132,0.69,1.0575,0.62,1.1023,26
1579997237.393,0.67,1.069,0.67,1.0796,26
1579997237.653,0.67,1.0765,0.67,1.073,26
1579997237.828,0.72,1.0342,0.66,1.0747,26
1579997238.089,0.65,1.0813,0.67,1.0688,27
1579997238.348,0.67,1.0662,0.66,1.083,27
1579997238.612,0.68,1.0645,0.64,1.0919,27
1579997238.872,0.68,1.0638,0.65,1.0859,27
1579997239.134,0.68,1.0604,0.64,1.0833,27
1579997239.394,0.68,1.0577,0.65,1.0912,27
1579997239.659,0.68,1.0611,0.63,1.1125,27
1579997239.916,0.67,1.0664,0.6,1.1138,27
1579997240.175,0.66,1.0832,0.65,1.0914,27
1579997240.347,0.71,1.0353,0.64,1.0978,27
1579997240.609,0.65,1.0918,0.64,1.0847,28
1579997240.87,0.64,1.0949,0.65,1.08,28
1579997241.13,0.67,1.0675,0.64,1.1011,28
1579997241.389,0.66,1.0791,0.64,1.1034,28
1579997241.649,0.66,1.077,0.65,1.0911,28
1579997241.911,0.68,1.0609,0.66,1.0781,28
1579997242.174,0.69,1.0569,0.65,1.0872,28
1579997242.437,0.66,1.0768,0.64,1.0834,28
1579997242.701,0.68,1.0612,0.64,1.0897,28
1579997242.874,0.71,1.0364,0.65,1.08,28
1579997243.135,0.67,1.0687,0.68,1.0651,29
1579997243.396,0.68,1.0604,0.68,1.0646,29
1579997243.655,0.68,1.0572,0.66,1.0689,29
1579997243.916,0.68,1.0611,0.65,1.0887,29
1579997244.178,0.68,1.0591,0.63,1.0955,29
1579997244.438,0.69,1.048,0.64,1.0959,29
1579997244.698,0.7,1.0455,0.63,1.0869,29
1579997244.958,0.7,1.052,0.64,1.0758,29
1579997245.215,0.68,1.0602,0.66,1.0717,29
1579997245.388,0.73,1.0246,0.66,1.0706,29
1579997245.649,0.68,1.0602,0.65,1.0762,30
1579997245.91,0.69,1.0531,0.66,1.0781,30
1579997246.17,0.69,1.0535,0.65,1.0701,30
1579997246.435,0.69,1.0549,0.64,1.0758,30
1579997246.696,0.69,1.0481,0.67,1.0784,30
1579997246.958,0.69,1.048,0.65,1.0833,30
1579997247.22,0.71,1.0351,0.65,1.0879,30
1579997247.486,0.69,1.0512,0.63,1.086,30
1579997247.747,0.7,1.0492,0.66,1.0773,30
1579997247.921,0.72,1.0227,0.69,1.0635,30
1579997248.182,0.69,1.0591,0.7,1.0632,31
1579997248.443,0.69,1.0558,0.66,1.0754,31
1579997248.702,0.68,1.0578,0.63,1.0812,31
1579997248.963,0.7,1.0498,0.65,1.0801,31
1579997249.225,0.69,1.0521,0.65,1.0909,31
1579997249.491,0.7,1.0346,0.64,1.0935,31
1579997249.753,0.7,1.0435,0.64,1.0845,31
1579997250.014,0.7,1.0433,0.69,1.07,31
1579997250.274,0.68,1.0553,0.67,1.0621,31
1579997250.449,0.74,1.0151,0.68,1.0614,31
1579997250.713,0.68,1.0606,0.67,1.0645,32
1579997250.976,0.69,1.053,0.67,1.0738,32
1579997251.238,0.7,1.0422,0.65,1.0901,32
1579997251.497,0.69,1.051,0.63,1.0856,32
1579997251.759,0.7,1.0459,0.66,1.0749,32
1579997252.022,0.7,1.0387,0.66,1.0767,32
1579997252.285,0.7,1.0415,0.65,1.0893,32
1579997252.551,0.7,1.0422,0.6,1.1029,32
1579997252.812,0.68,1.0602,0.64,1.0879,32
1579997252.986,0.72,1.0208,0.67,1.0741,32
1579997253.248,0.68,1.0577,0.66,1.072,33
1579997253.507,0.67,1.0722,0.68,1.0593,33
1579997253.767,0.7,1.0467,0.67,1.0697,33
1579997254.029,0.67,1.0664,0.61,1.1089,33
1579997254.29,0.68,1.0563,0.63,1.1,33
1579997254.553,0.69,1.0508,0.62,1.1072,33
1579997254.815,0.69,1.0521,0.64,1.0938,33
1579997255.075,0.7,1.0501,0.68,1.0667,33
1579997255.34,0.69,1.0493,0.67,1.0649,33
1579997255.514,0.71,1.0245,0.68,1.0596,33
1579997255.775,0.7,1.0504,0.68,1.0691,34
1579997256.036,0.69,1.0501,0.7,1.0631,34
1579997256.297,0.69,1.0507,0.65,1.0772,34
1579997256.562,0.69,1.047,0.66,1.0863,34
1579997256.816,0.7,1.0468,0.66,1.0824,34
1579997257.079,0.7,1.0362,0.67,1.0684,34
1579997257.342,0.71,1.0251,0.67,1.0698,34
1579997257.604,0.69,1.0491,0.67,1.0701,34
1579997257.864,0.7,1.0436,0.66,1.0708,34
1579997258.04,0.75,1.003,0.67,1.0697,34
1579997258.308,0.69,1.0522,0.67,1.0658,35
1579997258.573,0.69,1.0456,0.66,1.0754,35
1579997258.837,0.69,1.0495,0.68,1.0651,35
1579997259.098,0.69,1.0478,0.66,1.0846,35
1579997259.36,0.69,1.047,0.64,1.1011,35
1579997259.621,0.71,1.0369,0.62,1.1046,35
1579997259.885,0.7,1.0445,0.64,1.0951,35
1579997260.149,0.7,1.0398,0.66,1.0764,35
1579997260.412,0.7,1.0495,0.67,1.0693,35
1579997260.586,0.72,1.0195,0.69,1.0645,35
1579997260.856,0.7,1.0461,0.65,1.0772,36
1579997261.121,0.7,1.0506,0.65,1.0809,36
1579997261.386,0.7,1.0344,0.67,1.0704,36
1579997261.651,0.7,1.0379,0.67,1.0661,36
1579997261.913,0.71,1.0359,0.66,1.0697,36
1579997262.176,0.72,1.0221,0.66,1.0854,36
1579997262.446,0.71,1.0254,0.66,1.0941,36
1579997262.711,0.7,1.0406,0.67,1.0796,36
1579997262.976,0.71,1.0338,0.68,1.0707,36
1579997263.153,0.74,1.0057,0.68,1.0619,36
1579997263.418,0.7,1.0439,0.67,1.059,37
1579997263.68,0.69,1.0449,0.68,1.061,37
1579997263.945,0.72,1.028,0.68,1.0685,37
1579997264.207,0.7,1.0428,0.67,1.0779,37
1579997264.47,0.71,1.0314,0.67,1.0724,37
1579997264.733,0.71,1.0271,0.64,1.0854,37
1579997264.997,0.72,1.0255,0.65,1.0837,37
1579997265.26,0.71,1.0315,0.66,1.0749,37
1579997265.522,0.7,1.0378,0.68,1.0704,37
1579997265.698,0.74,1.0005,0.67,1.0707,37
1579997265.966,0.7,1.0355,0.66,1.0773,38
1579997266.23,0.69,1.0498,0.65,1.0698,38
1579997266.497,0.71,1.0295,0.67,1.0663,38
1579997266.762,0.71,1.0371,0.64,1.0886,38
1579997267.024,0.68,1.0559,0.65,1.0847,38
1579997267.285,0.72,1.0261,0.66,1.0777,38
1579997267.548,0.71,1.0293,0.61,1.118,38
1579997267.813,0.69,1.0545,0.65,1.0785,38
1579997268.076,0.72,1.0265,0.66,1.0658,38
1579997268.251,0.76,0.993,0.69,1.0702,38
1579997268.52,0.69,1.044,0.67,1.0719,39
1579997268.793,0.7,1.0395,0.7,1.0603,39
1579997269.059,0.73,1.0209,0.69,1.0632,39
1579997269.323,0.69,1.0463,0.68,1.0611,39
1579997269.586,0.71,1.0299,0.68,1.0738,39
1579997269.854,0.72,1.0235,0.65,1.0943,39
1579997270.119,0.71,1.0335,0.66,1.0874,39
1579997270.384,0.71,1.0284,0.68,1.071,39
1579997270.65,0.71,1.0286,0.67,1.0732,39
1579997270.825,0.73,1.0081,0.7,1.0559,39
1579997271.094,0.72,1.0291,0.68,1.0604,40
1579997271.359,0.7,1.0396,0.66,1.0745,40
1579997271.625,0.72,1.0265,0.66,1.0695,40
1579997271.887,0.71,1.032,0.67,1.0665,40
1579997272.149,0.71,1.0239,0.69,1.0624,40
1579997272.416,0.72,1.0156,0.68,1.0656,40
1579997272.679,0.73,1.0228,0.69,1.0661,40
1579997272.941,0.73,1.0155,0.68,1.0708,40
1579997273.205,0.71,1.0327,0.68,1.0559,40
1579997273.382,0.76,0.9861,0.66,1.0607,40
1579997273.65,0.71,1.0301,0.68,1.0629,41
1579997273.913,0.71,1.0354,0.68,1.0656,41
1579997274.176,0.72,1.021,0.68,1.0596,41
1579997274.44,0.73,1.0194,0.66,1.0741,41
1579997274.707,0.71,1.0327,0.65,1.0744,41
1579997274.969,0.72,1.0224,0.67,1.0743,41
1579997275.232,0.75,1.0067,0.64,1.1033,41
1579997275.495,0.71,1.033,0.63,1.094,41
1579997275.758,0.72,1.0214,0.68,1.0621,41
1579997275.932,0.78,0.9753,0.67,1.0802,41
1579997276.204,0.71,1.0369,0.66,1.0815,42
1579997276.468,0.69,1.0494,0.67,1.069,42
1579997276.732,0.73,1.0197,0.65,1.086,42
1579997276.994,0.69,1.0488,0.67,1.0725,42
1579997277.259,0.7,1.0411,0.66,1.0704,42
1579997277.522,0.71,1.0251,0.64,1.092,42
1579997277.785,0.7,1.0348,0.64,1.0879,42
1579997278.049,0.71,1.0309,0.67,1.0822,42
1579997278.314,0.71,1.0367,0.67,1.07,42
1579997278.488,0.75,0.9889,0.68,1.0651,42
1579997278.757,0.71,1.0368,0.7,1.0626,43
1579997279.022,0.68,1.0619,0.67,1.0597,43
1579997279.289,0.7,1.0402,0.68,1.0544,43
1579997279.55,0.72,1.0199,0.64,1.0903,43
1579997279.814,0.7,1.0442,0.64,1.1079,43
1579997280.087,0.71,1.033,0.66,1.0741,43
1579997280.359,0.7,1.0385,0.69,1.0576,43
1579997280.623,0.72,1.0263,0.63,1.1075,43
1579997280.888,0.68,1.0567,0.67,1.0759,43
1579997281.064,0.74,1.0009,0.67,1.064,43
1579997281.336,0.69,1.0512,0.65,1.0739,44
1579997281.599,0.67,1.0648,0.66,1.0736,44
1579997281.865,0.72,1.0214,0.61,1.1149,44
1579997282.127,0.64,1.0826,0.68,1.0702,44
1579997282.391,0.71,1.0307,0.65,1.0678,44
1579997282.653,0.71,1.0281,0.67,1.0657,44
1579997282.918,0.69,1.0499,0.68,1.0769,44
1579997283.181,0.73,1.0151,0.62,1.1175,44
1579997283.451,0.69,1.0469,0.63,1.102,44
1579997283.628,0.72,1.0229,0.67,1.0681,44
1579997283.895,0.71,1.0282,0.66,1.0725,45
1579997284.156,0.66,1.0778,0.66,1.0717,45
1579997284.43,0.69,1.0548,0.68,1.0587,45
1579997284.695,0.72,1.0286,0.63,1.1008,45
1579997284.964,0.69,1.0551,0.64,1.0988,45
1579997285.227,0.72,1.0218,0.65,1.083,45
1579997285.491,0.73,1.0201,0.66,1.0679,45
1579997285.755,0.68,1.0529,0.7,1.0509,45
1579997286.019,0.7,1.0273,0.65,1.0801,45
1579997286.203,0.73,1.016,0.68,1.0725,45
1579997286.488,0.7,1.0385,0.7,1.0515,46
1579997286.778,0.72,1.0224,0.65,1.0723,46
1579997287.047,0.71,1.0303,0.66,1.074,46
1579997287.313,0.7,1.0374,0.65,1.0796,46
1579997287.576,0.72,1.0202,0.65,1.0907,46
1579997287.84,0.73,1.0183,0.66,1.0907,46
1579997288.105,0.73,1.0165,0.69,1.0628,46
1579997288.369,0.74,1.0128,0.67,1.0638,46
1579997288.633,0.7,1.0345,0.67,1.0669,46
1579997288.811,0.77,0.9803,0.64,1.0888,46
1579997289.081,0.72,1.0207,0.64,1.087,47
1579997289.35,0.69,1.0513,0.68,1.0571,47
1579997289.62,0.73,1.0083,0.65,1.0751,47
1579997289.885,0.69,1.0507,0.65,1.0779,47
1579997290.151,0.7,1.041,0.65,1.085,47
1579997290.415,0.73,1.0107,0.63,1.1004,47
1579997290.679,0.72,1.0199,0.65,1.092,47
1579997290.944,0.72,1.0179,0.68,1.0634,47
1579997291.21,0.73,1.0138,0.67,1.0575,47
1579997291.393,0.76,0.9803,0.68,1.0667,47
1579997291.667,0.74,1.0103,0.65,1.0833,48
1579997291.933,0.72,1.0262,0.66,1.078,48
1579997292.197,0.74,1.0022,0.68,1.0705,48
1579997292.468,0.74,1.0102,0.66,1.0698,48
1579997292.736,0.73,1.0124,0.66,1.0681,48
1579997293.005,0.73,1.0067,0.67,1.0731,48
1579997293.271,0.75,0.9954,0.67,1.0819,48
1579997293.538,0.74,1.0091,0.66,1.0889,48
1579997293.804,0.73,1.0154,0.66,1.079,48
1579997293.984,0.77,0.9782,0.66,1.0683,48
1579997294.26,0.73,1.0136,0.67,1.0639,49
1579997294.526,0.71,1.0327,0.68,1.0648,49
1579997294.795,0.73,1.0109,0.69,1.0656,49
1579997295.061,0.72,1.0183,0.68,1.0716,49
1579997295.331,0.73,1.0121,0.67,1.0876,49
1579997295.599,0.74,1.0037,0.65,1.0873,49
1579997295.866,0.73,1.0146,0.66,1.071,49
1579997296.13,0.76,0.9929,0.65,1.0856,49
1579997296.393,0.73,1.0105,0.65,1.0876,49
1579997296.571,0.75,0.9906,0.68,1.0577,49
1579997296.838,0.74,1.0041,0.67,1.0646,50
1579997297.103,0.7,1.0324,0.65,1.0727,50
1579997297.368,0.73,1.007,0.66,1.0678,50
1579997297.633,0.73,1.0121,0.65,1.0796,50
1579997297.901,0.71,1.0264,0.67,1.0687,50
1579997298.169,0.74,0.9985,0.65,1.067,50
1579997298.446,0.74,0.9978,0.66,1.0796,50
1579997298.721,0.72,1.0133,0.65,1.0807,50
1579997298.985,0.73,1.0067,0.65,1.0971,50
1579997299.164,0.75,0.9931,0.68,1.0657,50
1579997299.433,0.73,1.0101,0.68,1.0589,51
1579997299.698,0.71,1.0299,0.68,1.0631,51
1579997299.966,0.71,1.0299,0.67,1.066,51
1579997300.235,0.73,1.012,0.66,1.0803,51
1579997300.504,0.73,1.0201,0.64,1.109,51
1579997300.774,0.72,1.0186,0.67,1.0734,51
1579997301.043,0.75,0.9983,0.67,1.0657,51
1579997301.31,0.75,1.0,0.67,1.0578,51
1579997301.576,0.71,1.0224,0.67,1.0633,51
1579997301.754,0.77,0.9734,0.67,1.0787,51
1579997302.023,0.73,1.0164,0.65,1.0749,52
1579997302.289,0.73,1.0144,0.67,1.0743,52
1579997302.556,0.74,1.0053,0.66,1.0801,52
1579997302.824,0.73,1.0154,0.68,1.0617,52
1579997303.093,0.73,1.0046,0.66,1.0733,52
1579997303.359,0.75,0.9961,0.66,1.0779,52
1579997303.624,0.75,0.9988,0.66,1.0704,52
1579997303.902,0.74,0.9998,0.65,1.082,52
1579997304.168,0.72,1.0229,0.65,1.0743,52
1579997304.345,0.75,0.9825,0.65,1.0811,52
1579997304.614,0.74,0.999,0.67,1.0771,53
1579997304.881,0.69,1.0467,0.67,1.0673,53
1579997305.15,0.74,1.0008,0.67,1.0651,53
1579997305.418,0.72,1.0202,0.63,1.0909,53
1579997305.687,0.72,1.0181,0.62,1.1048,53
1579997305.959,0.73,1.0095,0.64,1.0994,53
1579997306.228,0.73,1.0114,0.64,1.0937,53
1579997306.498,0.75,0.9971,0.66,1.0762,53
1579997306.765,0.74,1.0026,0.69,1.057,53
1579997306.947,0.78,0.963,0.7,1.0556,53
1579997307.216,0.74,0.9994,0.68,1.0642,54
1579997307.488,0.74,1.0024,0.67,1.0731,54
1579997307.755,0.75,0.9921,0.67,1.0739,54
1579997308.022,0.75,0.998,0.66,1.0776,54
1579997308.292,0.74,1.0024,0.64,1.0848,54
1579997308.559,0.73,1.0099,0.64,1.0839,54
1579997308.828,0.75,0.9932,0.65,1.0889,54
1579997309.094,0.76,0.9872,0.65,1.0951,54
1579997309.362,0.74,1.0054,0.66,1.0798,54
1579997309.542,0.79,0.9535,0.68,1.0706,54
1579997309.814,0.76,0.99,0.67,1.0767,55
1579997310.085,0.73,1.0068,0.66,1.0742,55
1579997310.351,0.76,0.9871,0.67,1.0747,55
1579997310.615,0.74,1.0002,0.65,1.0879,55
1579997310.881,0.74,0.9991,0.64,1.087,55
1579997311.146,0.76,0.9884,0.65,1.0824,55
1579997311.415,0.76,0.9861,0.69,1.0719,55
1579997311.685,0.77,0.9746,0.66,1.0755,55
1579997311.952,0.76,0.984,0.64,1.0904,55
1579997312.13,0.79,0.9631,0.68,1.0693,55
1579997312.399,0.75,0.9916,0.68,1.0604,56
1579997312.664,0.75,0.9943,0.67,1.0754,56
1579997312.928,0.76,0.9863,0.66,1.0816,56
1579997313.195,0.74,1.0026,0.68,1.0704,56
1579997313.463,0.75,0.9926,0.66,1.0805,56
1579997313.732,0.76,0.9848,0.65,1.0855,56
1579997314.0,0.76,0.9884,0.66,1.0787,56
1579997314.265,0.75,0.9936,0.67,1.0771,56
1579997314.529,0.75,0.9902,0.68,1.0735,56
1579997314.707,0.8,0.9467,0.68,1.0627,56
1579997314.975,0.74,1.0032,0.7,1.0578,57
1579997315.241,0.74,1.0009,0.65,1.0826,57
1579997315.509,0.76,0.9909,0.66,1.0792,57
1579997315.778,0.74,1.0053,0.65,1.0847,57
1579997316.046,0.73,1.0066,0.65,1.0759,57
1579997316.312,0.77,0.9789,0.66,1.0784,57
1579997316.565,0.75,0.9941,0.67,1.0719,57
1579997316.839,0.77,0.9789,0.66,1.0757,57
1579997317.106,0.77,0.9816,0.67,1.0857,57
1579997317.289,0.79,0.9607,0.66,1.0808,57
1579997317.563,0.75,0.9929,0.67,1.064,58
1579997317.831,0.74,1.0056,0.67,1.0624,58
1579997318.097,0.74,1.0083,0.67,1.0608,58
1579997318.367,0.72,1.0202,0.68,1.0741,58
1579997318.641,0.75,0.9972,0.64,1.0925,58
1579997318.914,0.72,1.019,0.64,1.1008,58
1579997319.188,0.74,1.0031,0.66,1.0834,58
1579997319.461,0.76,0.9852,0.67,1.0712,58
1579997319.735,0.74,1.003,0.66,1.073,58
1579997319.916,0.8,0.9494,0.66,1.0782,58
1579997320.184,0.74,0.9994,0.67,1.0658,59
1579997320.454,0.75,0.9936,0.68,1.065,59
1579997320.728,0.75,0.993,0.67,1.0739,59
1579997321.001,0.75,0.9983,0.67,1.0672,59
1579997321.274,0.75,0.9894,0.67,1.0692,59
1579997321.543,0.75,0.992,0.65,1.0783,59
1579997321.824,0.75,0.9865,0.65,1.0767,59
1579997322.107,0.78,0.9676,0.65,1.0809,59
1579997322.389,0.74,1.0043,0.64,1.0809,59
1579997322.57,0.78,0.9614,0.68,1.0641,59
1579997322.844,0.77,0.9786,0.65,1.0887,60
1579997323.119,0.71,1.032,0.67,1.0703,60
1579997323.404,0.75,0.9972,0.68,1.0674,60
1579997323.673,0.75,0.998,0.66,1.0744,60
1579997323.948,0.75,0.9959,0.66,1.0739,60
1579997324.216,0.77,0.9782,0.64,1.086,60
1579997324.49,0.76,0.9885,0.67,1.0726,60
1579997324.761,0.77,0.9723,0.69,1.0594,60
1579997325.038,0.76,0.9837,0.67,1.0656,60
1579997325.219,0.81,0.9379,0.67,1.0764,60
1579997325.492,0.76,0.9816,0.67,1.0766,61
1579997325.765,0.74,0.9995,0.68,1.064,61
1579997326.037,0.77,0.9771,0.64,1.0862,61
1579997326.309,0.74,1.0023,0.65,1.0844,61
1579997326.585,0.75,1.0015,0.66,1.0903,61
1579997326.859,0.77,0.9804,0.65,1.0947,61
1579997327.13,0.77,0.9787,0.64,1.0966,61
1579997327.415,0.77,0.9788,0.65,1.0739,61
1579997327.688,0.76,0.9822,0.68,1.0611,61
1579997327.869,0.81,0.9351,0.67,1.0745,61
1579997328.144,0.77,0.9789,0.66,1.0815,62
1579997328.425,0.73,1.0068,0.67,1.0708,62
1579997328.698,0.75,0.9888,0.67,1.0702,62
1579997328.973,0.74,1.0047,0.65,1.0933,62
1579997329.246,0.73,1.0125,0.67,1.0794,62
1579997329.52,0.74,1.0012,0.66,1.0965,62
1579997329.79,0.72,1.0149,0.61,1.1249,62
1579997330.065,0.71,1.0295,0.65,1.0856,62
1579997330.336,0.76,0.9867,0.66,1.0746,62
1579997330.526,0.76,0.9834,0.67,1.0648,62
1579997330.808,0.74,0.9947,0.68,1.0663,63
1579997331.081,0.76,0.9863,0.67,1.0838,63
1579997331.353,0.74,0.9992,0.67,1.0779,63
1579997331.635,0.72,1.0219,0.67,1.0741,63
1579997331.911,0.74,0.9974,0.65,1.0819,63
1579997332.181,0.74,1.0052,0.62,1.094,63
1579997332.46,0.74,1.0004,0.64,1.0956,63
1579997332.737,0.76,0.9853,0.62,1.1146,63
1579997333.008,0.73,1.0094,0.64,1.0956,63
1579997333.192,0.8,0.9438,0.64,1.0868,63
1579997333.472,0.75,0.9875,0.63,1.0935,64
1579997333.747,0.74,1.0061,0.65,1.0866,64
1579997334.019,0.77,0.9807,0.65,1.0915,64
1579997334.288,0.76,0.9893,0.64,1.0998,64
1579997334.565,0.76,0.9881,0.66,1.0939,64
1579997334.837,0.77,0.9731,0.66,1.0895,64
1579997335.111,0.77,0.9718,0.66,1.0878,64
1579997335.379,0.79,0.9647,0.64,1.0944,64
1579997335.648,0.78,0.9716,0.65,1.0927,64
1579997335.829,0.82,0.9363,0.64,1.0891,64
1579997336.103,0.78,0.9658,0.66,1.0798,65
1579997336.371,0.77,0.9804,0.67,1.0709,65
1579997336.64,0.77,0.9736,0.67,1.0691,65
1579997336.915,0.76,0.9881,0.67,1.0749,65
1579997337.182,0.76,0.9801,0.67,1.082,65
1579997337.457,0.77,0.9749,0.64,1.0974,65
1579997337.729,0.75,0.9892,0.64,1.1027,65
1579997338.001,0.78,0.9654,0.64,1.0933,65
1579997338.275,0.76,0.9861,0.67,1.0695,65
1579997338.455,0.81,0.9345,0.67,1.067,65
1579997338.725,0.78,0.9695,0.68,1.0677,66
1579997338.997,0.74,1.0008,0.67,1.0686,66
1579997339.269,0.77,0.9711,0.66,1.0719,66
1579997339.538,0.76,0.98,0.65,1.0798,66
1579997339.815,0.77,0.9753,0.65,1.0838,66
1579997340.094,0.78,0.9654,0.65,1.0934,66
1579997340.376,0.78,0.9639,0.63,1.1028,66
1579997340.647,0.79,0.9615,0.65,1.0968,66
1579997340.916,0.78,0.9675,0.65,1.0916,66
1579997341.098,0.81,0.9412,0.66,1.0739,66
1579997341.371,0.76,0.985,0.67,1.0632,67
1579997341.643,0.76,0.9821,0.68,1.0698,67
1579997341.918,0.77,0.9771,0.64,1.0849,67
1579997342.189,0.74,0.9972,0.65,1.0915,67
1579997342.459,0.75,0.9941,0.66,1.0847,67
1579997342.733,0.78,0.9684,0.66,1.0647,67
1579997342.999,0.77,0.977,0.66,1.0787,67
1579997343.27,0.79,0.9631,0.65,1.0914,67
1579997343.542,0.79,0.9606,0.64,1.0865,67
1579997343.723,0.81,0.9358,0.67,1.0707,67
1579997343.993,0.79,0.9598,0.68,1.0659,68
1579997344.274,0.77,0.98,0.67,1.069,68
1579997344.541,0.78,0.9692,0.66,1.0735,68
1579997344.816,0.77,0.9783,0.66,1.086,68
1579997345.086,0.75,0.9893,0.65,1.0886,68
1579997345.358,0.78,0.9712,0.67,1.0807,68
1579997345.631,0.78,0.9654,0.68,1.0671,68
1579997345.898,0.78,0.9625,0.65,1.0757,68
1579997346.179,0.78,0.9695,0.66,1.08,68
1579997346.367,0.82,0.9289,0.67,1.0707,68
1579997346.65,0.78,0.9651,0.68,1.0606,69
1579997346.929,0.78,0.9739,0.68,1.0563,69
1579997347.211,0.77,0.9753,0.69,1.053,69
1579997347.491,0.76,0.9808,0.66,1.0653,69
1579997347.766,0.77,0.9723,0.66,1.0882,69
1579997348.048,0.78,0.9661,0.63,1.1078,69
1579997348.326,0.76,0.9871,0.67,1.0847,69
1579997348.602,0.79,0.9573,0.65,1.0834,69
1579997348.877,0.77,0.9847,0.64,1.0983,69
1579997349.063,0.78,0.965,0.68,1.0554,69
1579997349.341,0.78,0.9696,0.68,1.0653,70
1579997349.62,0.74,1.0055,0.66,1.071,70
1579997349.897,0.75,0.998,0.65,1.0694,70
1579997350.173,0.76,0.9888,0.67,1.0595,70
1579997350.452,0.77,0.974,0.66,1.0609,70
1579997350.728,0.78,0.9624,0.66,1.0725,70
1579997351.002,0.78,0.9666,0.66,1.0794,70
1579997351.287,0.8,0.9541,0.66,1.0824,70
1579997351.579,0.79,0.9598,0.65,1.0891,70
1579997351.776,0.82,0.9333,0.67,1.0763,70
1579997352.078,0.79,0.9586,0.67,1.0686,71
1579997352.375,0.77,0.9789,0.67,1.0714,71
1579997352.664,0.77,0.9781,0.66,1.0763,71
1579997352.942,0.76,0.9849,0.64,1.0959,71
1579997353.231,0.75,0.9948,0.63,1.1093,71
1579997353.51,0.77,0.9711,0.65,1.0981,71
1579997353.789,0.79,0.9603,0.65,1.0954,71
1579997354.067,0.78,0.9623,0.68,1.0655,71
1579997354.348,0.79,0.961,0.68,1.0651,71
1579997354.532,0.82,0.9227,0.67,1.0665,71
1579997354.812,0.8,0.9524,0.68,1.0622,72
1579997355.092,0.77,0.9749,0.66,1.0679,72
1579997355.366,0.78,0.9647,0.64,1.082,72
1579997355.645,0.75,0.9882,0.67,1.072,72
1579997355.926,0.77,0.9765,0.64,1.0922,72
1579997356.198,0.78,0.9659,0.63,1.1132,72
1579997356.475,0.79,0.9652,0.63,1.097,72
1579997356.743,0.78,0.9631,0.66,1.0707,72
1579997357.019,0.78,0.9657,0.65,1.0819,72
1579997357.204,0.81,0.9334,0.69,1.0519,72
1579997357.477,0.78,0.967,0.68,1.0659,73
1579997357.753,0.77,0.9746,0.67,1.0671,73
1579997358.031,0.77,0.9745,0.68,1.0658,73
1579997358.302,0.77,0.9749,0.68,1.0628,73
1579997358.583,0.77,0.9724,0.65,1.0815,73
1579997358.867,0.79,0.955,0.63,1.1094,73
1579997359.134,0.79,0.9583,0.63,1.1059,73
1579997359.415,0.79,0.9551,0.67,1.0627,73
1579997359.69,0.79,0.9575,0.69,1.0486,73
1579997359.873,0.82,0.9283,0.68,1.0631,73
1579997360.148,0.79,0.9571,0.67,1.073,74
1579997360.434,0.76,0.9879,0.68,1.0742,74
1579997360.711,0.79,0.9609,0.63,1.0958,74
1579997361.063,0.75,0.9899,0.64,1.0918,74
1579997361.339,0.77,0.9731,0.65,1.0953,74
1579997361.624,0.8,0.9513,0.6,1.1316,74
1579997361.907,0.8,0.9568,0.64,1.0971,74
1579997362.19,0.81,0.9417,0.68,1.0534,74
1579997362.477,0.8,0.9535,0.69,1.0542,74
1579997362.665,0.82,0.924,0.66,1.0648,74
1579997362.943,0.79,0.9563,0.68,1.0656,75
1579997363.22,0.76,0.9855,0.67,1.0718,75
1579997363.508,0.78,0.9682,0.65,1.085,75
1579997363.786,0.77,0.9739,0.66,1.0828,75
1579997364.059,0.76,0.986,0.64,1.1015,75
1579997364.336,0.79,0.9539,0.6,1.1388,75
1579997364.61,0.79,0.9599,0.61,1.1269,75
1579997364.886,0.8,0.9558,0.7,1.0546,75
1579997365.16,0.81,0.948,0.7,1.0396,75
1579997365.341,0.8,0.9426,0.68,1.0599,75
1579997365.617,0.8,0.9497,0.66,1.0761,76
1579997365.89,0.72,1.0207,0.66,1.0742,76
1579997366.164,0.77,0.9744,0.65,1.0814,76
1579997366.434,0.75,0.994,0.67,1.0673,76
1579997366.709,0.74,1.0054,0.64,1.0896,76
1579997366.981,0.77,0.9775,0.6,1.1403,76
1579997367.255,0.75,0.9873,0.63,1.1183,76
1579997367.525,0.76,0.9847,0.68,1.0645,76
1579997367.801,0.79,0.9628,0.7,1.0421,76
1579997367.985,0.81,0.9374,0.69,1.0482,76
1579997368.261,0.77,0.975,0.68,1.0691,77
1579997368.532,0.78,0.966,0.66,1.0785,77
1579997368.806,0.74,0.9995,0.65,1.0836,77
1579997369.077,0.74,1.0064,0.65,1.0866,77
1579997369.345,0.75,0.989,0.66,1.0725,77
1579997369.616,0.72,1.0177,0.66,1.068,77
1579997369.889,0.72,1.0196,0.66,1.09,77
1579997370.158,0.77,0.9742,0.61,1.1281,77
1579997370.432,0.72,1.0138,0.56,1.168,77
1579997370.617,0.69,1.0399,0.64,1.0998,77
1579997370.897,0.74,0.9949,0.69,1.0461,78
1579997371.168,0.75,0.9901,0.68,1.0645,78
1579997371.444,0.72,1.0138,0.67,1.0646,78
1579997371.724,0.73,1.0149,0.66,1.0861,78
1579997371.996,0.71,1.0292,0.64,1.0936,78
1579997372.268,0.71,1.0293,0.67,1.0746,78
1579997372.541,0.73,1.0082,0.65,1.0875,78
1579997372.814,0.75,0.9889,0.67,1.066,78
1579997373.088,0.76,0.979,0.69,1.0577,78
1579997373.269,0.78,0.9704,0.67,1.0661,78
1579997373.541,0.73,1.0086,0.69,1.0459,79
1579997373.816,0.74,1.0048,0.68,1.0564,79
1579997374.089,0.76,0.9838,0.65,1.0827,79
1579997374.365,0.71,1.0232,0.64,1.0797,79
1579997374.637,0.73,1.0166,0.68,1.0647,79
1579997374.913,0.71,1.0264,0.65,1.0913,79
1579997375.183,0.72,1.0293,0.64,1.1079,79
1579997375.459,0.7,1.0404,0.61,1.1276,79
1579997375.727,0.71,1.0348,0.64,1.0982,79
1579997375.909,0.74,0.9978,0.66,1.0734,79
1579997376.189,0.76,0.9858,0.66,1.078,80
1579997376.463,0.7,1.0348,0.67,1.0712,80
1579997376.735,0.67,1.0659,0.66,1.0826,80
1579997377.003,0.65,1.0952,0.65,1.0754,80
1579997377.28,0.68,1.0648,0.68,1.0669,80
1579997377.549,0.69,1.0533,0.7,1.0454,80
1579997377.818,0.75,0.9944,0.69,1.0556,80
1579997378.09,0.77,0.976,0.61,1.1273,80
1579997378.359,0.73,1.0187,0.57,1.1666,80
1579997378.541,0.67,1.0714,0.59,1.1548,80
1579997378.817,0.67,1.0723,0.6,1.1377,81
1579997379.089,0.67,1.0746,0.61,1.1117,81
1579997379.366,0.72,1.0181,0.68,1.0623,81
1579997379.637,0.71,1.0255,0.69,1.0461,81
1579997379.916,0.74,0.997,0.71,1.0276,81
1579997380.185,0.7,1.0345,0.71,1.0268,81
1579997380.462,0.7,1.0383,0.71,1.0372,81
1579997380.73,0.71,1.0329,0.67,1.0624,81
1579997381.001,0.73,1.0093,0.7,1.0549,81
1579997381.181,0.8,0.9502,0.65,1.0869,81
1579997381.458,0.76,0.9809,0.62,1.1095,82
1579997381.74,0.69,1.047,0.64,1.1016,82
1579997382.014,0.72,1.0215,0.63,1.0843,82
1579997382.286,0.71,1.0284,0.64,1.0919,82
1579997382.559,0.74,1.0005,0.64,1.0882,82
1579997382.835,0.77,0.9768,0.67,1.0772,82
1579997383.102,0.74,0.994,0.67,1.075,82
1579997383.377,0.73,1.0128,0.68,1.0618,82
1579997383.647,0.75,0.9957,0.67,1.0628,82
1579997383.83,0.82,0.9302,0.64,1.084,82
1579997384.11,0.76,0.9802,0.65,1.094,83
1579997384.378,0.71,1.0269,0.65,1.0867,83
1579997384.656,0.73,1.0063,0.67,1.0631,83
1579997384.93,0.72,1.0178,0.69,1.0654,83
1579997385.206,0.76,0.9822,0.67,1.0664,83
1579997385.482,0.76,0.9809,0.69,1.0524,83
1579997385.755,0.76,0.9824,0.68,1.0552,83
1579997386.027,0.75,0.994,0.67,1.0728,83
1579997386.299,0.75,0.9943,0.66,1.0853,83
1579997386.479,0.78,0.9608,0.67,1.0773,83
1579997386.764,0.76,0.9783,0.67,1.0669,84
1579997387.038,0.72,1.0132,0.66,1.0839,84
1579997387.312,0.75,0.9946,0.67,1.0728,84
1579997387.586,0.71,1.0334,0.66,1.078,84
1579997387.861,0.72,1.0204,0.67,1.0638,84
1579997388.155,0.7,1.0393,0.67,1.0668,84
1579997388.439,0.73,1.004,0.7,1.0581,84
1579997388.724,0.76,0.9856,0.67,1.06,84
1579997388.999,0.76,0.9842,0.65,1.0908,84
1579997389.182,0.77,0.9789,0.61,1.1353,84
1579997389.463,0.71,1.0246,0.58,1.146,85
1579997389.743,0.67,1.0664,0.64,1.1138,85
1579997390.025,0.71,1.0238,0.69,1.0593,85
1579997390.295,0.72,1.0179,0.69,1.0463,85
1579997390.574,0.76,0.9847,0.68,1.0564,85
1579997390.856,0.77,0.9801,0.69,1.0556,85
1579997391.124,0.75,0.9939,0.66,1.0711,85
1579997391.4,0.73,1.0089,0.66,1.0767,85
1579997391.67,0.74,0.9969,0.67,1.0693,85
1579997391.853,0.8,0.9444,0.68,1.0594,85
1579997392.131,0.78,0.9603,0.7,1.0447,86
1579997392.403,0.75,0.9914,0.68,1.055,86
1579997392.68,0.75,0.9877,0.67,1.0615,86
1579997392.948,0.73,1.0093,0.68,1.0612,86
1579997393.219,0.75,0.9887,0.67,1.0636,86
1579997393.495,0.79,0.9579,0.68,1.057,86
1579997393.763,0.78,0.9613,0.67,1.0662,86
1579997394.038,0.77,0.9775,0.67,1.0661,86
1579997394.318,0.77,0.9761,0.69,1.0571,86
1579997394.5,0.82,0.9274,0.69,1.06,86
1579997394.773,0.79,0.9527,0.66,1.0697,87
1579997395.049,0.76,0.9806,0.68,1.0561,87
1579997395.327,0.78,0.9695,0.69,1.0415,87
1579997395.598,0.76,0.9854,0.68,1.0512,87
1579997395.869,0.77,0.9694,0.68,1.0554,87
1579997396.141,0.79,0.9552,0.69,1.0512,87
1579997396.414,0.78,0.9589,0.68,1.0554,87
1579997396.687,0.79,0.9566,0.68,1.0596,87
1579997396.958,0.79,0.9546,0.65,1.0698,87
1579997397.139,0.83,0.9145,0.68,1.0591,87
1579997397.422,0.81,0.9426,0.67,1.0654,88
1579997397.695,0.78,0.9659,0.67,1.0659,88
1579997397.969,0.78,0.9617,0.68,1.0601,88
1579997398.239,0.77,0.9753,0.67,1.068,88
1579997398.518,0.78,0.9644,0.67,1.0709,88
1579997398.791,0.79,0.9575,0.67,1.0632,88
1579997399.064,0.78,0.9638,0.71,1.0494,88
1579997399.338,0.79,0.9612,0.66,1.076,88
1579997399.61,0.79,0.9593,0.65,1.0853,88
1579997399.791,0.83,0.9157,0.64,1.0767,88
1579997400.075,0.79,0.9501,0.66,1.0696,89
1579997400.36,0.76,0.9786,0.66,1.0725,89
1579997400.629,0.79,0.9526,0.67,1.0634,89
1579997400.903,0.77,0.9739,0.66,1.0739,89
1579997401.174,0.78,0.9664,0.67,1.0734,89
1579997401.446,0.79,0.9553,0.67,1.0691,89
1579997401.72,0.78,0.963,0.7,1.0553,89
1579997401.996,0.78,0.9692,0.64,1.0824,89
1579997402.267,0.78,0.9679,0.64,1.1009,89
1579997402.452,0.81,0.9301,0.64,1.0909,89
1579997402.729,0.79,0.9604,0.66,1.0903,90
1579997402.999,0.75,0.9894,0.66,1.0713,90
1579997403.271,0.77,0.9745,0.67,1.0637,90
1579997403.547,0.77,0.9748,0.66,1.0711,90
1579997403.816,0.78,0.9638,0.66,1.0776,90
1579997404.089,0.77,0.9687,0.66,1.072,90
1579997404.364,0.79,0.9543,0.66,1.072,90
1579997404.635,0.78,0.9615,0.66,1.0847,90
1579997404.906,0.76,0.9825,0.61,1.111,90
1579997405.087,0.81,0.9366,0.62,1.1065,90
1579997405.359,0.79,0.9547,0.62,1.106,91
1579997405.634,0.75,0.994,0.64,1.0977,91
1579997405.903,0.76,0.9838,0.68,1.0583,91
1579997406.183,0.74,0.9955,0.67,1.0623,91
1579997406.469,0.73,1.0047,0.66,1.0776,91
1579997406.748,0.76,0.982,0.68,1.0612,91
1579997407.019,0.78,0.9608,0.66,1.0767,91
1579997407.292,0.74,0.9953,0.66,1.0884,91
1579997407.562,0.74,0.9986,0.65,1.1011,91
1579997407.743,0.77,0.9737,0.63,1.116,91
1579997408.016,0.75,0.987,0.65,1.0798,92
1579997408.289,0.76,0.9852,0.65,1.0864,92
1579997408.558,0.78,0.9702,0.63,1.0894,92
1579997408.829,0.71,1.0302,0.65,1.0785,92
1579997409.1,0.74,1.0038,0.66,1.0684,92
1579997409.369,0.73,1.0097,0.69,1.0475,92
1579997409.647,0.74,1.0101,0.65,1.0686,92
1579997409.914,0.75,0.9922,0.65,1.0776,92
1579997410.183,0.77,0.9718,0.66,1.083,92
1579997410.364,0.81,0.9362,0.62,1.1133,92
1579997410.64,0.76,0.981,0.6,1.124,93
1579997410.911,0.71,1.0274,0.62,1.1118,93
1579997411.183,0.74,1.004,0.65,1.0782,93
1579997411.456,0.74,1.001,0.68,1.0475,93
1579997411.736,0.75,0.9919,0.7,1.0456,93
1579997412.005,0.77,0.9696,0.68,1.0505,93
1579997412.279,0.77,0.9748,0.68,1.0619,93
1579997412.548,0.74,0.9992,0.67,1.0724,93
1579997412.827,0.74,0.9961,0.64,1.0814,93
1579997413.009,0.78,0.9626,0.68,1.0661,93
1579997413.286,0.77,0.9645,0.67,1.0662,94
1579997413.561,0.78,0.9694,0.63,1.1018,94
1579997413.846,0.77,0.9745,0.62,1.1093,94
1579997414.127,0.73,1.0106,0.64,1.1023,94
1579997414.404,0.72,1.0171,0.63,1.0956,94
1579997414.681,0.76,0.9803,0.65,1.0729,94
1579997414.959,0.78,0.9615,0.66,1.0722,94
1579997415.24,0.78,0.9599,0.67,1.076,94
1579997415.518,0.77,0.976,0.64,1.0856,94
1579997415.705,0.8,0.9514,0.64,1.0946,94
1579997415.991,0.76,0.9863,0.65,1.0832,95
1579997416.268,0.78,0.9689,0.67,1.0638,95
1579997416.543,0.79,0.952,0.67,1.0654,95
1579997416.824,0.75,0.9913,0.66,1.0724,95
1579997417.102,0.74,0.9995,0.67,1.0753,95
1579997417.378,0.79,0.9586,0.63,1.1012,95
1579997417.655,0.79,0.9525,0.63,1.1026,95
1579997417.939,0.79,0.957,0.64,1.0935,95
1579997418.217,0.76,0.9803,0.64,1.0888,95
1579997418.405,0.79,0.9535,0.67,1.0821,95
1579997418.688,0.77,0.9774,0.67,1.0856,96
1579997418.973,0.76,0.9809,0.64,1.0801,96
1579997419.254,0.78,0.9593,0.66,1.0753,96
1579997419.534,0.78,0.9646,0.64,1.0838,96
1579997419.809,0.77,0.9732,0.69,1.0672,96
1579997420.085,0.74,1.0005,0.66,1.0737,96
1579997420.365,0.73,1.0075,0.64,1.089,96
1579997420.643,0.79,0.9567,0.63,1.1087,96
1579997420.92,0.79,0.9518,0.65,1.1072,96
1579997421.105,0.8,0.9464,0.64,1.1046,96
1579997421.385,0.75,0.9906,0.66,1.0932,97
1579997421.667,0.73,1.0157,0.65,1.0886,97
1579997421.949,0.75,0.986,0.64,1.092,97
1579997422.231,0.77,0.9762,0.68,1.0705,97
1579997422.511,0.79,0.9566,0.68,1.0492,97
1579997422.792,0.8,0.9496,0.67,1.0567,97
1579997423.077,0.75,0.9869,0.66,1.0724,97
1579997423.357,0.75,0.9922,0.65,1.0843,97
1579997423.634,0.76,0.9797,0.65,1.0867,97
1579997423.821,0.81,0.9347,0.63,1.0994,97
1579997424.108,0.81,0.9391,0.64,1.0866,98
1579997424.384,0.76,0.978,0.65,1.0864,98
1579997424.663,0.78,0.967,0.66,1.0803,98
1579997424.939,0.78,0.9693,0.68,1.0611,98
1579997425.215,0.77,0.9733,0.67,1.0555,98
1579997425.495,0.8,0.9505,0.67,1.0591,98
1579997425.775,0.79,0.9494,0.67,1.0632,98
1579997426.052,0.79,0.951,0.66,1.0699,98
1579997426.328,0.8,0.9475,0.65,1.093,98
1579997426.514,0.84,0.9138,0.62,1.1014,98
1579997426.792,0.81,0.9313,0.63,1.099,99
1579997427.075,0.78,0.9612,0.64,1.0835,99
1579997427.353,0.8,0.9437,0.67,1.0695,99
1579997427.624,0.79,0.9543,0.67,1.0616,99
1579997427.902,0.79,0.9479,0.69,1.0623,99
1579997428.178,0.81,0.9352,0.68,1.0657,99
1579997428.454,0.8,0.9435,0.67,1.067,99
1579997428.733,0.8,0.9432,0.67,1.0719,99
1579997429.009,0.81,0.9359,0.66,1.082,99
1579997429.197,0.84,0.9035,0.65,1.0942,99
