1579053258.831,0.25,1.3862,0.23,1.3838,0
1579053259.552,0.24,1.3852,0.36,1.372,0
1579053260.27,0.35,1.3694,0.4,1.364,0
1579053260.992,0.39,1.3556,0.36,1.3533,0
1579053261.723,0.36,1.3344,0.37,1.3376,0
1579053262.461,0.35,1.3212,0.33,1.3207,0
1579053263.188,0.41,1.2929,0.34,1.3136,0
1579053263.911,0.39,1.2689,0.34,1.3091,0
1579053264.634,0.39,1.2734,0.35,1.3124,0
1579053265.354,0.41,1.2476,0.35,1.3164,0
1579053266.139,0.42,1.2642,0.36,1.3172,0
1579053266.861,0.42,1.2573,0.35,1.3049,0
1579053267.216,0.42,1.2691,0.4,1.2991,0
1579053267.934,0.43,1.2345,0.4,1.2799,1
1579053268.661,0.43,1.2367,0.36,1.264,1
1579053269.377,0.44,1.2254,0.35,1.2531,1
1579053270.106,0.44,1.2339,0.31,1.2576,1
1579053270.829,0.43,1.2178,0.37,1.2408,1
1579053271.56,0.44,1.2342,0.36,1.2393,1
1579053272.276,0.45,1.2184,0.36,1.2389,1
1579053272.993,0.46,1.2028,0.39,1.2234,1
1579053273.723,0.45,1.2196,0.38,1.2246,1
1579053274.442,0.46,1.1933,0.4,1.2267,1
1579053275.164,0.45,1.2124,0.39,1.2161,1
1579053275.89,0.45,1.2069,0.45,1.206,1
1579053276.242,0.45,1.2065,0.41,1.2106,1
1579053276.973,0.46,1.1856,0.4,1.2038,2
1579053277.689,0.47,1.1919,0.43,1.2019,2
1579053278.403,0.47,1.1853,0.42,1.1898,2
1579053279.135,0.46,1.1885,0.45,1.1821,2
1579053279.862,0.48,1.1661,0.37,1.1892,2
1579053280.587,0.46,1.1936,0.43,1.1884,2
1579053281.312,0.47,1.1814,0.41,1.183,2
1579053282.04,0.49,1.1534,0.43,1.1643,2
1579053282.777,0.47,1.1793,0.44,1.1648,2
1579053283.504,0.49,1.1566,0.45,1.1671,2
1579053284.248,0.47,1.1788,0.51,1.1557,2
1579053285.042,0.48,1.177,0.49,1.1414,2
1579053285.394,0.48,1.1629,0.49,1.1465,2
1579053286.161,0.49,1.151,0.47,1.1425,3
1579053286.919,0.49,1.1559,0.52,1.1347,3
1579053287.645,0.49,1.1531,0.5,1.1313,3
1579053288.373,0.49,1.1577,0.48,1.1326,3
1579053289.105,0.5,1.1382,0.46,1.1461,3
1579053289.834,0.49,1.1687,0.49,1.1462,3
1579053290.56,0.48,1.1588,0.48,1.1344,3
1579053291.303,0.51,1.1237,0.46,1.1239,3
1579053292.038,0.48,1.1598,0.54,1.1347,3
1579053292.794,0.5,1.1328,0.51,1.1415,3
1579053293.522,0.48,1.1553,0.51,1.1245,3
1579053294.256,0.49,1.1589,0.5,1.1125,3
1579053294.613,0.49,1.1427,0.49,1.1216,3
1579053295.351,0.5,1.1302,0.54,1.1324,4
1579053296.102,0.5,1.1375,0.51,1.128,4
1579053296.834,0.5,1.1357,0.54,1.1153,4
1579053297.559,0.5,1.1381,0.51,1.1131,4
1579053298.287,0.51,1.1196,0.47,1.1272,4
1579053299.009,0.49,1.1488,0.48,1.1398,4
1579053299.733,0.49,1.1433,0.46,1.1277,4
1579053300.468,0.52,1.1072,0.47,1.1088,4
1579053301.192,0.49,1.1432,0.52,1.1107,4
1579053301.912,0.51,1.1171,0.5,1.1183,4
1579053302.648,0.5,1.1361,0.52,1.112,4
1579053303.392,0.5,1.1409,0.49,1.098,4
1579053303.752,0.51,1.1213,0.48,1.1042,4
1579053304.487,0.51,1.1116,0.51,1.1067,5
1579053305.303,0.51,1.1152,0.52,1.1096,5
1579053306.025,0.51,1.1159,0.54,1.1009,5
1579053306.76,0.5,1.1207,0.5,1.0987,5
1579053307.49,0.52,1.1004,0.48,1.1104,5
1579053308.233,0.51,1.1303,0.48,1.1149,5
1579053308.954,0.51,1.1225,0.48,1.0991,5
1579053309.681,0.53,1.0877,0.51,1.0852,5
1579053310.396,0.5,1.1278,0.5,1.0984,5
1579053311.118,0.52,1.1084,0.51,1.1133,5
1579053311.846,0.5,1.1306,0.48,1.1086,5
1579053312.568,0.5,1.1374,0.51,1.0805,5
1579053312.92,0.51,1.1061,0.5,1.1044,5
1579053313.648,0.51,1.1036,0.48,1.1174,6
1579053314.372,0.52,1.1072,0.49,1.1031,6
1579053315.113,0.52,1.0947,0.51,1.1003,6
1579053315.845,0.52,1.114,0.48,1.0984,6
1579053316.576,0.53,1.0879,0.47,1.1086,6
1579053317.309,0.52,1.1161,0.5,1.1115,6
1579053318.023,0.52,1.1155,0.51,1.0936,6
1579053318.753,0.54,1.0716,0.49,1.0847,6
1579053319.491,0.51,1.116,0.5,1.0819,6
1579053320.212,0.53,1.0893,0.52,1.0932,6
1579053320.938,0.51,1.1061,0.51,1.0971,6
1579053321.683,0.51,1.1168,0.51,1.0772,6
1579053322.057,0.52,1.0925,0.49,1.0921,6
1579053322.786,0.52,1.0901,0.48,1.1002,7
1579053323.522,0.54,1.0822,0.48,1.1085,7
1579053324.247,0.52,1.0865,0.51,1.0821,7
1579053324.968,0.52,1.0905,0.52,1.0802,7
1579053325.756,0.53,1.0721,0.48,1.104,7
1579053326.47,0.53,1.1036,0.51,1.1017,7
1579053327.192,0.53,1.0949,0.51,1.0724,7
1579053327.919,0.55,1.059,0.53,1.0635,7
1579053328.632,0.52,1.0979,0.52,1.0747,7
1579053329.346,0.54,1.0771,0.52,1.0874,7
1579053330.083,0.52,1.0925,0.52,1.0811,7
1579053330.798,0.53,1.0976,0.54,1.0735,7
1579053331.151,0.52,1.0809,0.5,1.0853,7
1579053331.874,0.53,1.0733,0.5,1.0954,8
1579053332.591,0.54,1.0708,0.47,1.0982,8
1579053333.326,0.53,1.0702,0.53,1.0745,8
1579053334.053,0.53,1.0774,0.51,1.0755,8
1579053334.769,0.54,1.0578,0.51,1.1035,8
1579053335.487,0.53,1.0922,0.51,1.0851,8
1579053336.21,0.53,1.0825,0.53,1.0598,8
1579053336.924,0.56,1.048,0.52,1.0641,8
1579053337.643,0.53,1.0864,0.54,1.0788,8
1579053338.37,0.54,1.0674,0.52,1.0823,8
1579053339.09,0.53,1.0814,0.5,1.0798,8
1579053339.806,0.53,1.0925,0.52,1.0638,8
1579053340.159,0.53,1.0685,0.51,1.0876,8
1579053340.882,0.54,1.0665,0.5,1.1015,9
1579053341.599,0.54,1.0628,0.53,1.0808,9
1579053342.321,0.54,1.0548,0.56,1.0619,9
1579053343.037,0.54,1.0704,0.53,1.0738,9
1579053343.757,0.55,1.0446,0.51,1.0981,9
1579053344.533,0.54,1.082,0.54,1.0699,9
1579053345.25,0.54,1.0747,0.52,1.0577,9
1579053345.974,0.56,1.0395,0.53,1.055,9
1579053346.711,0.54,1.075,0.53,1.071,9
1579053347.447,0.54,1.0621,0.52,1.0774,9
1579053348.162,0.54,1.0655,0.51,1.0667,9
1579053348.882,0.54,1.0799,0.52,1.0536,9
1579053349.24,0.54,1.0602,0.5,1.0829,9
1579053349.966,0.55,1.0545,0.52,1.0871,10
1579053350.692,0.55,1.054,0.52,1.0686,10
1579053351.42,0.55,1.0435,0.53,1.0576,10
1579053352.154,0.54,1.0581,0.52,1.0606,10
1579053352.872,0.56,1.0371,0.51,1.0838,10
1579053353.6,0.55,1.0717,0.53,1.0651,10
1579053354.344,0.54,1.065,0.52,1.0477,10
1579053355.06,0.57,1.0291,0.52,1.0447,10
1579053355.801,0.54,1.068,0.53,1.0623,10
1579053356.522,0.55,1.052,0.5,1.0752,10
1579053357.239,0.54,1.0585,0.54,1.0576,10
1579053357.958,0.54,1.07,0.52,1.0452,10
1579053358.322,0.54,1.0525,0.5,1.0784,10
1579053359.046,0.55,1.0497,0.52,1.0795,11
1579053359.768,0.55,1.0512,0.51,1.0776,11
1579053360.491,0.55,1.0406,0.52,1.0474,11
1579053361.207,0.55,1.0497,0.54,1.0504,11
1579053361.932,0.56,1.0327,0.51,1.0857,11
1579053362.663,0.55,1.0673,0.55,1.0626,11
1579053363.43,0.55,1.0641,0.51,1.0506,11
1579053364.147,0.57,1.0206,0.52,1.0418,11
1579053364.875,0.54,1.0635,0.52,1.049,11
1579053365.599,0.55,1.0465,0.5,1.0798,11
1579053366.314,0.54,1.0537,0.54,1.0547,11
1579053367.046,0.55,1.0627,0.53,1.038,11
1579053367.401,0.55,1.0429,0.5,1.068,11
1579053368.153,0.55,1.0469,0.53,1.0657,12
1579053368.876,0.56,1.0415,0.5,1.0695,12
1579053369.596,0.55,1.0312,0.53,1.0523,12
1579053370.319,0.55,1.0402,0.54,1.0419,12
1579053371.045,0.56,1.0296,0.52,1.0625,12
1579053371.764,0.55,1.0552,0.51,1.0624,12
1579053372.484,0.55,1.0523,0.51,1.044,12
1579053373.212,0.58,1.0133,0.54,1.0436,12
1579053373.937,0.55,1.0583,0.53,1.0344,12
1579053374.68,0.55,1.0393,0.52,1.0528,12
1579053375.406,0.55,1.0416,0.51,1.0686,12
1579053376.13,0.54,1.0646,0.54,1.0374,12
1579053376.497,0.56,1.033,0.53,1.054,12
1579053377.224,0.55,1.0374,0.53,1.0532,13
1579053377.939,0.56,1.0308,0.51,1.0556,13
1579053378.667,0.56,1.0234,0.54,1.0533,13
1579053379.409,0.55,1.0341,0.52,1.0408,13
1579053380.152,0.56,1.0188,0.5,1.0456,13
1579053380.885,0.56,1.0463,0.54,1.0505,13
1579053381.62,0.56,1.0437,0.5,1.0366,13
1579053382.366,0.58,1.0056,0.53,1.0332,13
1579053383.142,0.56,1.0469,0.51,1.033,13
1579053383.869,0.56,1.0322,0.52,1.0461,13
1579053384.617,0.55,1.0351,0.54,1.0532,13
1579053385.358,0.55,1.055,0.53,1.0319,13
1579053385.744,0.56,1.0251,0.54,1.0613,13
1579053386.494,0.56,1.0353,0.54,1.0481,14
1579053387.221,0.56,1.0279,0.52,1.0489,14
1579053387.945,0.56,1.0181,0.53,1.0349,14
1579053388.673,0.56,1.0267,0.52,1.0366,14
1579053389.401,0.57,1.0127,0.53,1.0554,14
1579053390.137,0.56,1.0435,0.5,1.0344,14
1579053390.858,0.56,1.0415,0.53,1.0329,14
1579053391.595,0.58,1.002,0.54,1.0248,14
1579053392.316,0.56,1.0407,0.52,1.0405,14
1579053393.039,0.56,1.0288,0.54,1.0514,14
1579053393.76,0.56,1.0308,0.54,1.0255,14
1579053394.489,0.56,1.0458,0.54,1.0235,14
1579053394.846,0.57,1.015,0.54,1.0587,14
1579053395.583,0.56,1.0296,0.52,1.0442,15
1579053396.321,0.56,1.0255,0.53,1.0403,15
1579053397.042,0.55,1.0195,0.53,1.0165,15
1579053397.772,0.56,1.026,0.54,1.0365,15
1579053398.491,0.57,1.0066,0.53,1.0583,15
1579053399.211,0.56,1.0398,0.52,1.0246,15
1579053399.932,0.56,1.0393,0.54,1.0312,15
1579053400.664,0.58,1.0042,0.52,1.0183,15
1579053401.385,0.56,1.0355,0.52,1.0455,15
1579053402.103,0.56,1.028,0.53,1.053,15
1579053402.831,0.56,1.0292,0.55,1.012,15
1579053403.602,0.56,1.0429,0.56,1.0112,15
1579053403.956,0.57,1.0115,0.54,1.0561,15
1579053404.691,0.56,1.0277,0.52,1.0451,16
1579053405.418,0.56,1.023,0.56,1.0259,16
1579053406.152,0.56,1.0089,0.54,1.0097,16
1579053406.91,0.56,1.02,0.52,1.0207,16
1579053407.637,0.57,1.0065,0.52,1.0684,16
1579053408.366,0.56,1.0444,0.51,1.0242,16
1579053409.091,0.56,1.0304,0.54,1.0068,16
1579053409.819,0.59,0.9929,0.55,1.0268,16
1579053410.56,0.56,1.0408,0.51,1.0372,16
1579053411.293,0.56,1.0264,0.51,1.0444,16
1579053412.024,0.56,1.0219,0.56,1.0324,16
1579053412.747,0.56,1.044,0.55,1.007,16
1579053413.103,0.57,1.0092,0.54,1.0301,16
1579053413.83,0.56,1.0153,0.54,1.0468,17
1579053414.554,0.57,1.0138,0.54,1.0193,17
1579053415.274,0.56,1.0026,0.55,1.0088,17
1579053416.017,0.57,1.0146,0.53,1.0188,17
1579053416.762,0.58,0.9994,0.52,1.0337,17
1579053417.483,0.57,1.0287,0.52,1.0297,17
1579053418.216,0.57,1.0254,0.54,1.0118,17
1579053418.944,0.59,0.9859,0.54,1.0062,17
1579053419.663,0.57,1.0302,0.51,1.0222,17
1579053420.403,0.57,1.0167,0.51,1.0403,17
1579053421.134,0.57,1.0174,0.56,1.0216,17
1579053421.861,0.56,1.033,0.56,1.0076,17
1579053422.219,0.57,0.9996,0.55,1.0292,17
1579053422.943,0.57,1.0126,0.54,1.0335,18
1579053423.716,0.57,1.0065,0.53,1.0192,18
1579053424.443,0.56,0.9989,0.55,1.009,18
1579053425.176,0.57,1.0086,0.54,1.0169,18
1579053425.891,0.57,0.9968,0.51,1.0351,18
1579053426.613,0.57,1.0239,0.52,1.0225,18
1579053427.352,0.57,1.0231,0.54,1.008,18
1579053428.072,0.6,0.9804,0.55,1.0128,18
1579053428.79,0.57,1.0271,0.52,1.0262,18
1579053429.519,0.57,1.0144,0.54,1.0416,18
1579053430.241,0.57,1.0136,0.53,1.0127,18
1579053430.963,0.57,1.0289,0.57,1.0061,18
1579053431.319,0.57,0.9938,0.53,1.0413,18
1579053432.04,0.57,1.0149,0.54,1.03,19
1579053432.767,0.57,1.0054,0.53,1.0242,19
1579053433.499,0.56,1.0019,0.54,1.0025,19
1579053434.223,0.57,1.0046,0.54,1.0184,19
1579053434.959,0.57,0.9941,0.53,1.0452,19
1579053435.693,0.57,1.0243,0.53,1.0172,19
1579053436.429,0.57,1.024,0.52,1.011,19
1579053437.157,0.59,0.9804,0.55,1.0072,19
1579053437.878,0.57,1.0208,0.52,1.0276,19
1579053438.609,0.57,1.0142,0.54,1.0461,19
1579053439.33,0.56,1.0126,0.52,1.0083,19
1579053440.051,0.57,1.0268,0.54,0.9979,19
1579053440.421,0.58,0.9897,0.54,1.0397,19
1579053441.164,0.57,1.0161,0.53,1.0289,20
1579053441.89,0.57,1.0024,0.53,1.0137,20
1579053442.667,0.57,0.9908,0.54,1.006,20
1579053443.39,0.57,1.0032,0.56,1.0043,20
1579053444.127,0.57,0.9914,0.53,1.0354,20
1579053444.864,0.57,1.0188,0.51,1.0227,20
1579053445.6,0.57,1.0115,0.52,0.9997,20
1579053446.33,0.6,0.9744,0.54,1.009,20
1579053447.059,0.57,1.023,0.51,1.0114,20
1579053447.79,0.57,1.0067,0.53,1.0296,20
1579053448.512,0.57,1.0038,0.55,1.0281,20
1579053449.238,0.57,1.03,0.55,0.9951,20
1579053449.6,0.58,0.9841,0.56,1.0097,20
1579053450.349,0.57,1.0004,0.55,1.0242,21
1579053451.068,0.57,0.9947,0.53,1.0092,21
1579053451.808,0.58,0.9876,0.54,1.0026,21
1579053452.528,0.58,0.9943,0.53,1.0076,21
1579053453.253,0.58,0.9838,0.51,1.0143,21
1579053453.982,0.58,1.0111,0.51,1.0202,21
1579053454.704,0.58,1.0072,0.53,1.0035,21
1579053455.427,0.6,0.967,0.54,0.9969,21
1579053456.149,0.58,1.0108,0.52,1.0104,21
1579053456.876,0.58,1.001,0.52,1.0218,21
1579053457.596,0.58,0.9977,0.56,1.0095,21
1579053458.319,0.57,1.0183,0.54,0.9952,21
1579053458.673,0.59,0.9737,0.54,1.0198,21
1579053459.406,0.57,0.9992,0.54,1.0148,22
1579053460.14,0.58,0.987,0.52,1.0011,22
1579053460.866,0.57,0.9833,0.54,1.0017,22
1579053461.663,0.59,0.9902,0.54,1.0148,22
1579053462.391,0.58,0.9805,0.51,1.0258,22
1579053463.123,0.57,1.0069,0.53,1.0083,22
1579053463.844,0.58,1.0042,0.53,1.0006,22
1579053464.572,0.6,0.964,0.52,1.0116,22
1579053465.31,0.58,1.0069,0.53,1.0274,22
1579053466.036,0.58,1.0021,0.53,1.0206,22
1579053466.789,0.58,0.9935,0.54,0.9946,22
1579053467.536,0.57,1.015,0.53,0.9999,22
1579053467.892,0.59,0.967,0.53,1.0443,22
1579053468.629,0.57,1.0053,0.55,1.008,23
1579053469.36,0.58,0.9874,0.52,1.0074,23
1579053470.081,0.56,0.9927,0.54,0.998,23
1579053470.81,0.59,0.9889,0.52,1.0324,23
1579053471.542,0.59,0.98,0.51,1.0291,23
1579053472.283,0.58,1.0046,0.56,0.9969,23
1579053473.006,0.58,1.0076,0.53,1.0085,23
1579053473.748,0.6,0.9682,0.51,1.0151,23
1579053474.481,0.58,1.0024,0.52,1.036,23
1579053475.204,0.58,1.0013,0.53,1.0167,23
1579053475.95,0.58,0.9909,0.53,0.9869,23
1579053476.678,0.58,1.0146,0.54,0.9928,23
1579053477.036,0.6,0.9622,0.53,1.0452,23
1579053477.791,0.57,1.0059,0.55,1.0111,24
1579053478.516,0.58,0.9862,0.53,0.9968,24
1579053479.244,0.57,0.9834,0.56,0.991,24
1579053479.963,0.59,0.985,0.51,1.0122,24
1579053480.748,0.58,0.9757,0.5,1.0491,24
1579053481.493,0.57,1.0125,0.54,0.9986,24
1579053482.217,0.58,0.9973,0.54,0.9894,24
1579053482.939,0.6,0.9608,0.53,1.0069,24
1579053483.681,0.58,1.0026,0.51,1.034,24
1579053484.413,0.58,1.0043,0.51,1.026,24
1579053485.162,0.58,0.9883,0.55,0.9945,24
1579053485.911,0.58,1.0092,0.54,0.9878,24
1579053486.28,0.58,0.9688,0.54,1.0256,24
1579053487.015,0.57,0.9954,0.53,1.013,25
1579053487.788,0.59,0.9766,0.53,0.9917,25
1579053488.549,0.59,0.9756,0.52,1.0003,25
1579053489.316,0.59,0.9881,0.54,0.9988,25
1579053490.076,0.59,0.9683,0.51,1.0186,25
1579053490.855,0.58,0.9997,0.52,1.0182,25
1579053491.611,0.59,0.9951,0.55,0.9895,25
1579053492.346,0.6,0.9558,0.55,0.9914,25
1579053493.106,0.58,0.9944,0.51,1.0222,25
1579053493.879,0.58,0.9937,0.53,1.0179,25
1579053494.631,0.58,0.9862,0.54,1.0002,25
1579053495.388,0.58,1.0072,0.54,0.9888,25
1579053495.764,0.6,0.9516,0.54,1.0179,25
1579053496.527,0.58,0.9883,0.54,1.0163,26
1579053497.278,0.59,0.9751,0.55,0.9886,26
1579053498.043,0.59,0.9688,0.54,0.989,26
1579053498.812,0.59,0.9774,0.51,1.0184,26
1579053499.572,0.59,0.9681,0.52,1.0217,26
1579053500.368,0.58,0.995,0.55,0.9985,26
1579053501.107,0.58,0.9876,0.55,1.0005,26
1579053501.833,0.61,0.9542,0.52,1.0003,26
1579053502.564,0.59,0.9893,0.51,1.029,26
1579053503.293,0.58,0.9918,0.52,1.0139,26
1579053504.026,0.59,0.9771,0.54,0.9879,26
1579053504.753,0.58,1.0022,0.53,0.9927,26
1579053505.108,0.61,0.9462,0.53,1.0402,26
1579053505.862,0.58,0.9908,0.54,1.0045,27
1579053506.588,0.59,0.9684,0.57,0.9881,27
1579053507.321,0.58,0.9694,0.54,0.9939,27
1579053508.061,0.59,0.9718,0.51,1.0198,27
1579053508.784,0.59,0.9652,0.53,1.028,27
1579053509.506,0.58,0.992,0.55,0.99,27
1579053510.266,0.59,0.9866,0.57,0.993,27
1579053510.992,0.61,0.9483,0.51,1.0175,27
1579053511.75,0.59,0.9872,0.51,1.0376,27
1579053512.484,0.58,0.9935,0.53,1.0085,27
1579053513.223,0.59,0.9749,0.53,0.9845,27
1579053513.94,0.58,1.0,0.54,0.9974,27
1579053514.298,0.6,0.9426,0.52,1.054,27
1579053515.03,0.58,0.9979,0.56,1.0003,28
1579053515.753,0.59,0.9677,0.57,0.9877,28
1579053516.483,0.58,0.9695,0.55,0.9994,28
1579053517.201,0.59,0.9693,0.51,1.0272,28
1579053517.922,0.59,0.9663,0.51,1.031,28
1579053518.678,0.58,0.9893,0.56,0.9914,28
1579053519.408,0.59,0.9822,0.56,0.9865,28
1579053520.127,0.61,0.9465,0.49,1.0178,28
1579053520.904,0.59,0.9877,0.51,1.0375,28
1579053521.639,0.58,0.9893,0.53,1.0041,28
1579053522.357,0.59,0.9687,0.55,0.9918,28
1579053523.078,0.58,1.0033,0.55,0.9919,28
1579053523.437,0.61,0.94,0.52,1.0388,28
1579053524.164,0.58,0.985,0.55,1.0086,29
1579053524.91,0.6,0.9595,0.58,0.9851,29
1579053525.641,0.58,0.9665,0.57,0.9952,29
1579053526.367,0.59,0.9691,0.51,1.0197,29
1579053527.098,0.6,0.9569,0.52,1.0335,29
1579053527.828,0.58,0.9881,0.55,1.0041,29
1579053528.573,0.59,0.9778,0.56,0.9844,29
1579053529.292,0.61,0.9436,0.56,0.9962,29
1579053530.017,0.59,0.978,0.51,1.036,29
1579053530.746,0.59,0.983,0.53,1.0136,29
1579053531.473,0.59,0.97,0.56,0.994,29
1579053532.213,0.58,1.0004,0.59,0.9844,29
1579053532.577,0.61,0.9326,0.52,1.0292,29
1579053533.312,0.58,0.9779,0.54,1.0222,30
1579053534.041,0.6,0.9615,0.58,0.9858,30
1579053534.77,0.59,0.9605,0.55,0.9887,30
1579053535.499,0.59,0.9641,0.53,1.0185,30
1579053536.224,0.6,0.9538,0.52,1.0333,30
1579053536.969,0.58,0.9863,0.54,1.0058,30
1579053537.7,0.6,0.9724,0.55,0.9887,30
1579053538.422,0.61,0.9391,0.58,0.9928,30
1579053539.149,0.6,0.9743,0.5,1.0333,30
1579053539.943,0.59,0.9799,0.53,1.0148,30
1579053540.678,0.59,0.9654,0.57,0.9912,30
1579053541.406,0.58,0.9931,0.59,0.9838,30
1579053541.773,0.61,0.9261,0.52,1.0255,30
1579053542.522,0.58,0.9722,0.55,1.0171,31
1579053543.257,0.6,0.9539,0.59,0.9871,31
1579053543.995,0.59,0.9539,0.55,0.9919,31
1579053544.726,0.6,0.9596,0.53,1.0167,31
1579053545.453,0.6,0.9494,0.53,1.0302,31
1579053546.198,0.59,0.9798,0.55,1.002,31
1579053546.93,0.6,0.9681,0.56,0.9888,31
1579053547.665,0.61,0.9353,0.57,0.9967,31
1579053548.393,0.6,0.9693,0.51,1.0329,31
1579053549.151,0.59,0.9773,0.54,1.0098,31
1579053549.883,0.6,0.9587,0.57,0.9895,31
1579053550.612,0.59,0.9899,0.58,0.9874,31
1579053550.978,0.61,0.9212,0.5,1.0364,31
1579053551.709,0.58,0.9732,0.54,1.0073,32
1579053552.441,0.6,0.9497,0.57,0.992,32
1579053553.17,0.6,0.9513,0.56,0.9953,32
1579053553.897,0.6,0.9546,0.52,1.023,32
1579053554.635,0.6,0.9471,0.54,1.0314,32
1579053555.369,0.59,0.9742,0.57,0.9923,32
1579053556.097,0.6,0.968,0.55,1.0013,32
1579053556.847,0.61,0.9349,0.56,1.0038,32
1579053557.58,0.6,0.9658,0.5,1.0322,32
1579053558.308,0.59,0.9734,0.55,1.0017,32
1579053559.054,0.6,0.9538,0.58,0.985,32
1579053559.78,0.59,0.9841,0.57,0.9936,32
1579053560.146,0.61,0.911,0.5,1.0377,32
1579053560.883,0.59,0.9685,0.57,1.0026,33
1579053561.677,0.61,0.9443,0.57,0.9941,33
1579053562.418,0.59,0.9498,0.56,1.0029,33
1579053563.145,0.6,0.9519,0.52,1.0391,33
1579053563.866,0.6,0.9471,0.55,1.0182,33
1579053564.592,0.59,0.9688,0.57,0.9943,33
1579053565.315,0.6,0.9629,0.56,0.9969,33
1579053566.053,0.62,0.9265,0.55,1.0118,33
1579053566.788,0.6,0.9619,0.52,1.025,33
1579053567.518,0.59,0.9703,0.57,0.997,33
1579053568.259,0.6,0.9503,0.57,0.9868,33
1579053568.994,0.59,0.9796,0.56,1.0003,33
1579053569.36,0.62,0.9046,0.51,1.0359,33
1579053570.104,0.59,0.9644,0.58,0.9972,34
1579053570.851,0.61,0.9433,0.56,1.0056,34
1579053571.602,0.6,0.9513,0.57,1.0157,34
1579053572.33,0.6,0.9573,0.49,1.0625,34
1579053573.067,0.6,0.9578,0.57,1.0075,34
1579053573.808,0.59,0.9745,0.55,1.0042,34
1579053574.546,0.6,0.9664,0.56,1.0024,34
1579053575.275,0.62,0.9226,0.56,1.0153,34
1579053576.003,0.6,0.9596,0.51,1.013,34
1579053576.733,0.6,0.9643,0.6,0.9924,34
1579053577.452,0.6,0.9509,0.55,1.0066,34
1579053578.175,0.59,0.9831,0.57,1.0103,34
1579053578.531,0.62,0.9047,0.5,1.032,34
1579053579.253,0.59,0.9583,0.55,0.9987,35
1579053579.982,0.62,0.9377,0.57,0.9942,35
1579053580.704,0.6,0.9411,0.53,1.0289,35
1579053581.423,0.6,0.9478,0.54,1.0264,35
1579053582.153,0.6,0.9411,0.53,1.0157,35
1579053582.932,0.6,0.963,0.58,0.9886,35
1579053583.653,0.6,0.9573,0.57,1.0064,35
1579053584.381,0.62,0.9188,0.57,1.0138,35
1579053585.134,0.6,0.9549,0.53,1.0179,35
1579053585.865,0.59,0.9656,0.56,1.0022,35
1579053586.597,0.6,0.9477,0.58,0.9968,35
1579053587.338,0.59,0.9731,0.55,1.0131,35
1579053587.694,0.62,0.8941,0.51,1.0306,35
1579053588.428,0.59,0.9531,0.57,0.9988,36
1579053589.161,0.61,0.9351,0.56,1.0069,36
1579053589.905,0.6,0.9374,0.55,1.0277,36
1579053590.635,0.6,0.9445,0.53,1.0386,36
1579053591.366,0.61,0.9362,0.56,1.0061,36
1579053592.105,0.6,0.9562,0.57,0.9941,36
1579053592.851,0.61,0.952,0.53,1.0228,36
1579053593.573,0.62,0.9177,0.57,1.0117,36
1579053594.3,0.61,0.9535,0.51,1.0107,36
1579053595.019,0.6,0.9629,0.58,1.0039,36
1579053595.761,0.6,0.9522,0.52,1.0361,36
1579053596.49,0.58,0.9938,0.53,1.0195,36
1579053596.849,0.61,0.9068,0.52,1.0389,36
1579053597.583,0.59,0.9575,0.56,1.0,37
1579053598.334,0.61,0.9324,0.57,1.0022,37
1579053599.071,0.6,0.9349,0.52,1.0424,37
1579053599.816,0.6,0.9467,0.53,1.018,37
1579053600.552,0.61,0.9347,0.56,1.0026,37
1579053601.288,0.6,0.9522,0.56,0.9984,37
1579053602.019,0.61,0.9501,0.57,1.004,37
1579053602.752,0.62,0.913,0.55,1.0114,37
1579053603.49,0.6,0.9544,0.54,1.007,37
1579053604.224,0.59,0.9569,0.58,0.994,37
1579053604.953,0.61,0.9371,0.55,1.0059,37
1579053605.692,0.6,0.9695,0.57,1.0089,37
1579053606.107,0.63,0.8854,0.51,1.027,37
1579053606.869,0.6,0.9449,0.52,1.0057,38
1579053607.602,0.62,0.9284,0.57,1.0045,38
1579053608.323,0.61,0.9307,0.53,1.0432,38
1579053609.043,0.6,0.9393,0.55,1.0229,38
1579053609.778,0.61,0.9276,0.53,1.0044,38
1579053610.509,0.6,0.9506,0.55,1.0031,38
1579053611.238,0.61,0.9442,0.54,1.0153,38
1579053611.958,0.63,0.9082,0.56,1.0075,38
1579053612.694,0.61,0.9443,0.53,1.0077,38
1579053613.417,0.6,0.9538,0.56,1.0032,38
1579053614.138,0.61,0.9334,0.56,1.0094,38
1579053614.889,0.6,0.9618,0.55,1.0109,38
1579053615.244,0.62,0.8795,0.51,1.0313,38
1579053615.979,0.6,0.9415,0.55,1.0059,39
1579053616.729,0.62,0.9243,0.54,1.0136,39
1579053617.453,0.61,0.9234,0.54,1.0418,39
1579053618.178,0.6,0.9322,0.56,1.0178,39
1579053618.93,0.61,0.9238,0.53,1.0078,39
1579053619.649,0.6,0.9453,0.57,1.0085,39
1579053620.403,0.61,0.9414,0.54,1.0232,39
1579053621.14,0.63,0.907,0.61,1.001,39
1579053621.878,0.61,0.9409,0.52,1.0122,39
1579053622.607,0.6,0.9496,0.57,1.0119,39
1579053623.335,0.61,0.9327,0.54,1.0101,39
1579053624.087,0.6,0.9625,0.55,1.0143,39
1579053624.45,0.62,0.8758,0.51,1.0469,39
1579053625.179,0.6,0.942,0.56,1.0073,40
1579053625.931,0.62,0.9239,0.51,1.0152,40
1579053626.718,0.61,0.9222,0.52,1.0459,40
1579053627.446,0.61,0.9315,0.55,1.0151,40
1579053628.174,0.61,0.9212,0.53,1.0008,40
1579053628.905,0.6,0.9427,0.56,1.0108,40
1579053629.636,0.61,0.939,0.55,1.0314,40
1579053630.39,0.63,0.9092,0.61,1.0022,40
1579053631.126,0.61,0.9432,0.51,1.0171,40
1579053631.874,0.6,0.9563,0.55,1.0344,40
1579053632.615,0.6,0.9485,0.54,1.0483,40
1579053633.353,0.59,0.9957,0.51,1.0166,40
1579053633.712,0.62,0.8827,0.51,1.0455,40
1579053634.444,0.6,0.9376,0.55,1.0243,41
1579053635.196,0.62,0.9271,0.57,1.0093,41
1579053635.923,0.6,0.9302,0.54,1.0362,41
1579053636.655,0.61,0.929,0.54,1.026,41
1579053637.411,0.61,0.9198,0.57,0.9967,41
1579053638.149,0.6,0.942,0.53,1.0007,41
1579053638.882,0.61,0.9376,0.51,1.0158,41
1579053639.604,0.63,0.8965,0.54,1.0087,41
1579053640.334,0.61,0.9379,0.54,0.9991,41
1579053641.054,0.61,0.9403,0.58,0.9983,41
1579053641.774,0.61,0.9246,0.56,1.0055,41
1579053642.503,0.6,0.9529,0.56,1.0113,41
1579053642.857,0.65,0.8592,0.53,1.0319,41
1579053643.589,0.6,0.935,0.5,1.0232,42
1579053644.315,0.62,0.9216,0.56,1.0153,42
1579053645.052,0.61,0.9146,0.54,1.0396,42
1579053645.784,0.61,0.9265,0.54,1.0282,42
1579053646.52,0.61,0.9206,0.58,1.0023,42
1579053647.293,0.6,0.9392,0.56,1.0117,42
1579053648.014,0.62,0.9309,0.52,1.0242,42
1579053648.739,0.63,0.8963,0.56,1.0038,42
1579053649.468,0.61,0.9337,0.51,1.0146,42
1579053650.188,0.6,0.9376,0.56,1.0149,42
1579053650.926,0.62,0.9221,0.54,1.0028,42
1579053651.657,0.61,0.9484,0.51,1.0214,42
1579053652.029,0.65,0.8572,0.52,1.0507,42
1579053652.766,0.6,0.9333,0.53,1.02,43
1579053653.495,0.63,0.9174,0.5,1.0237,43
1579053654.226,0.61,0.9146,0.52,1.0556,43
1579053654.95,0.61,0.9245,0.55,1.0207,43
1579053655.687,0.61,0.9164,0.52,1.008,43
1579053656.407,0.6,0.9361,0.51,1.0277,43
1579053657.126,0.62,0.9304,0.55,1.0258,43
1579053657.855,0.63,0.8974,0.56,1.0027,43
1579053658.583,0.62,0.9286,0.5,1.0298,43
1579053659.315,0.6,0.9418,0.56,1.0143,43
1579053660.044,0.62,0.919,0.54,1.0066,43
1579053660.776,0.61,0.9532,0.5,1.025,43
1579053661.139,0.64,0.8519,0.51,1.058,43
1579053661.882,0.6,0.9298,0.54,1.0105,44
1579053662.615,0.63,0.9154,0.54,1.0145,44
1579053663.34,0.62,0.9069,0.49,1.0635,44
1579053664.066,0.61,0.9245,0.55,1.0058,44
1579053664.801,0.62,0.9107,0.57,0.9968,44
1579053665.525,0.61,0.9278,0.52,1.035,44
1579053666.301,0.62,0.9288,0.52,1.025,44
1579053667.029,0.64,0.8877,0.58,0.9959,44
1579053667.76,0.62,0.9302,0.51,1.0328,44
1579053668.487,0.61,0.9315,0.56,1.022,44
1579053669.217,0.62,0.9147,0.56,0.9915,44
1579053669.953,0.61,0.9493,0.53,1.019,44
1579053670.309,0.65,0.8424,0.53,1.0759,44
1579053671.052,0.6,0.9326,0.52,1.011,45
1579053671.774,0.63,0.9124,0.54,1.0137,45
1579053672.498,0.62,0.9059,0.49,1.0788,45
1579053673.231,0.6,0.9286,0.55,1.0148,45
1579053673.955,0.62,0.9057,0.57,0.9913,45
1579053674.69,0.61,0.9297,0.53,1.0319,45
1579053675.41,0.62,0.9235,0.51,1.038,45
1579053676.143,0.63,0.8859,0.57,0.994,45
1579053676.898,0.62,0.928,0.51,1.0219,45
1579053677.618,0.61,0.9276,0.51,1.0431,45
1579053678.35,0.62,0.9168,0.56,0.995,45
1579053679.094,0.61,0.9435,0.55,1.0063,45
1579053679.449,0.65,0.8407,0.51,1.084,45
1579053680.186,0.6,0.9326,0.54,1.016,46
1579053680.912,0.63,0.9031,0.52,1.0144,46
1579053681.649,0.61,0.9121,0.5,1.0641,46
1579053682.393,0.61,0.9219,0.54,1.0503,46
1579053683.115,0.62,0.909,0.58,0.9922,46
1579053683.838,0.6,0.9358,0.54,1.0154,46
1579053684.562,0.62,0.9237,0.5,1.0588,46
1579053685.288,0.63,0.8924,0.55,1.0172,46
1579053686.077,0.62,0.9268,0.55,1.0195,46
1579053686.804,0.6,0.9446,0.53,1.0441,46
1579053687.54,0.62,0.9204,0.56,1.0262,46
1579053688.261,0.6,0.9461,0.56,1.0133,46
1579053688.617,0.66,0.8367,0.51,1.0409,46
1579053689.35,0.61,0.9156,0.51,1.0262,47
1579053690.088,0.63,0.8978,0.55,1.0299,47
1579053690.812,0.62,0.9058,0.57,1.0276,47
1579053691.572,0.62,0.9152,0.53,1.0441,47
1579053692.298,0.62,0.9037,0.58,1.0033,47
1579053693.021,0.62,0.9151,0.58,0.9972,47
1579053693.758,0.62,0.9211,0.51,1.0484,47
1579053694.517,0.63,0.8914,0.51,1.0304,47
1579053695.258,0.62,0.9267,0.54,1.019,47
1579053695.98,0.62,0.9261,0.58,1.0186,47
1579053696.709,0.62,0.9063,0.56,1.0226,47
1579053697.442,0.61,0.9316,0.54,1.0224,47
1579053697.808,0.66,0.8262,0.51,1.039,47
1579053698.551,0.61,0.9135,0.54,1.033,48
1579053699.282,0.64,0.8971,0.53,1.0258,48
1579053700.013,0.63,0.8964,0.54,1.0456,48
1579053700.77,0.62,0.9062,0.56,1.032,48
1579053701.504,0.62,0.8945,0.55,1.0123,48
1579053702.233,0.62,0.9143,0.56,1.0127,48
1579053702.969,0.63,0.912,0.55,1.0316,48
1579053703.706,0.64,0.8756,0.52,1.0177,48
1579053704.432,0.63,0.9111,0.53,1.023,48
1579053705.16,0.61,0.92,0.55,1.0236,48
1579053705.903,0.63,0.9027,0.56,1.0218,48
1579053706.699,0.61,0.9286,0.53,1.0333,48
1579053707.059,0.66,0.8239,0.53,1.059,48
1579053707.802,0.61,0.911,0.55,1.0201,49
1579053708.537,0.64,0.8938,0.53,1.0427,49
1579053709.267,0.62,0.8981,0.5,1.0565,49
1579053710.01,0.61,0.912,0.56,1.0318,49
1579053710.744,0.62,0.899,0.52,1.0232,49
1579053711.482,0.61,0.9163,0.52,1.0322,49
1579053712.229,0.63,0.9097,0.55,1.0386,49
1579053712.972,0.63,0.8825,0.51,1.0229,49
1579053713.695,0.62,0.9117,0.51,1.0423,49
1579053714.425,0.62,0.9274,0.56,1.031,49
1579053715.155,0.62,0.9182,0.55,1.053,49
1579053715.893,0.6,0.9518,0.52,1.0502,49
1579053716.254,0.65,0.8347,0.53,1.062,49
1579053716.988,0.61,0.9087,0.56,1.0233,50
1579053717.714,0.64,0.897,0.56,1.0276,50
1579053718.442,0.62,0.8951,0.49,1.0628,50
1579053719.177,0.62,0.9068,0.59,1.0064,50
1579053719.902,0.63,0.8948,0.55,1.0084,50
1579053720.628,0.63,0.903,0.53,1.0353,50
1579053721.357,0.62,0.9131,0.55,1.0186,50
1579053722.098,0.64,0.8668,0.55,1.0107,50
1579053722.822,0.63,0.9145,0.54,1.0453,50
1579053723.543,0.61,0.9238,0.57,1.0253,50
1579053724.27,0.63,0.9029,0.59,1.0023,50
1579053724.992,0.61,0.9358,0.54,1.0398,50
1579053725.348,0.66,0.8085,0.54,1.0782,50
1579053726.108,0.61,0.9119,0.55,1.0168,51
1579053726.889,0.64,0.896,0.56,1.037,51
1579053727.615,0.63,0.8896,0.49,1.0772,51
1579053728.352,0.61,0.9096,0.55,1.0148,51
1579053729.09,0.62,0.8892,0.57,1.009,51
1579053729.817,0.62,0.9044,0.52,1.0477,51
1579053730.554,0.63,0.913,0.51,1.0447,51
1579053731.291,0.64,0.8688,0.58,1.0006,51
1579053732.018,0.63,0.9093,0.52,1.0425,51
1579053732.741,0.62,0.9087,0.52,1.0384,51
1579053733.473,0.63,0.8978,0.61,0.9877,51
1579053734.206,0.61,0.9316,0.54,1.0346,51
1579053734.571,0.67,0.805,0.5,1.0901,51
1579053735.304,0.61,0.9127,0.56,1.0163,52
1579053736.026,0.64,0.8906,0.55,1.0329,52
1579053736.784,0.63,0.8898,0.51,1.0968,52
1579053737.517,0.61,0.9181,0.57,1.0246,52
1579053738.239,0.63,0.8857,0.55,1.0013,52
1579053738.979,0.62,0.9096,0.51,1.044,52
1579053739.715,0.63,0.9111,0.51,1.0725,52
1579053740.439,0.63,0.8807,0.59,0.9961,52
1579053741.169,0.63,0.913,0.51,1.0326,52
1579053741.906,0.62,0.9102,0.51,1.0638,52
1579053742.651,0.63,0.8992,0.57,0.9969,52
1579053743.37,0.61,0.9303,0.56,1.0137,52
1579053743.73,0.68,0.8065,0.5,1.1053,52
1579053744.464,0.6,0.9171,0.55,1.0201,53
1579053745.187,0.64,0.8815,0.57,1.0221,53
1579053745.986,0.62,0.8983,0.52,1.067,53
1579053746.723,0.62,0.902,0.53,1.057,53
1579053747.447,0.63,0.8824,0.56,0.9966,53
1579053748.169,0.62,0.9039,0.59,1.0008,53
1579053748.898,0.62,0.9069,0.51,1.0877,53
1579053749.624,0.64,0.8748,0.54,1.0122,53
1579053750.372,0.63,0.8982,0.57,1.0054,53
1579053751.104,0.62,0.9111,0.54,1.0484,53
1579053751.852,0.63,0.8935,0.53,1.0298,53
1579053752.583,0.62,0.917,0.58,1.0061,53
1579053752.944,0.67,0.798,0.54,1.0495,53
1579053753.679,0.62,0.8943,0.52,1.0423,54
1579053754.399,0.64,0.878,0.55,1.0341,54
1579053755.136,0.63,0.8834,0.55,1.035,54
1579053755.862,0.62,0.888,0.53,1.0476,54
1579053756.586,0.63,0.8749,0.56,1.0265,54
1579053757.315,0.63,0.8949,0.59,1.0018,54
1579053758.059,0.63,0.9063,0.52,1.0514,54
1579053758.793,0.65,0.8578,0.51,1.0398,54
1579053759.518,0.63,0.892,0.57,1.0229,54
1579053760.251,0.61,0.9091,0.54,1.0389,54
1579053760.979,0.63,0.8978,0.55,1.0336,54
1579053761.713,0.62,0.9146,0.56,1.0243,54
1579053762.071,0.68,0.7877,0.54,1.0468,54
1579053762.825,0.62,0.8929,0.55,1.0342,55
1579053763.565,0.64,0.8793,0.54,1.0551,55
1579053764.297,0.64,0.8838,0.57,1.0456,55
1579053765.093,0.62,0.8881,0.55,1.0297,55
1579053765.817,0.63,0.8701,0.55,1.0432,55
1579053766.539,0.63,0.8993,0.57,1.0194,55
1579053767.269,0.63,0.9032,0.52,1.0511,55
1579053767.987,0.65,0.8587,0.51,1.034,55
1579053768.712,0.64,0.8895,0.57,1.0391,55
1579053769.444,0.61,0.9109,0.52,1.0527,55
1579053770.165,0.63,0.9028,0.59,1.023,55
1579053770.891,0.62,0.9069,0.54,1.0364,55
1579053771.254,0.67,0.7898,0.51,1.0794,55
1579053771.98,0.62,0.907,0.58,1.0216,56
1579053772.708,0.65,0.8773,0.53,1.0323,56
1579053773.439,0.64,0.8748,0.52,1.0704,56
1579053774.165,0.62,0.8902,0.61,1.018,56
1579053774.895,0.63,0.8768,0.55,1.0282,56
1579053775.629,0.63,0.8914,0.54,1.0348,56
1579053776.354,0.64,0.8888,0.54,1.0358,56
1579053777.074,0.64,0.8607,0.53,1.0337,56
1579053777.8,0.63,0.904,0.52,1.0474,56
1579053778.54,0.62,0.907,0.58,1.0219,56
1579053779.27,0.63,0.8788,0.56,1.0446,56
1579053779.995,0.61,0.9257,0.54,1.0507,56
1579053780.357,0.66,0.7882,0.53,1.065,56
1579053781.083,0.62,0.8882,0.54,1.0376,57
1579053781.831,0.64,0.8803,0.57,1.0302,57
1579053782.573,0.64,0.8723,0.51,1.0555,57
1579053783.324,0.63,0.8811,0.58,1.0212,57
1579053784.105,0.63,0.8727,0.6,1.0137,57
1579053784.841,0.64,0.88,0.55,1.0365,57
1579053785.584,0.64,0.8876,0.55,1.0273,57
1579053786.325,0.65,0.8463,0.53,1.0181,57
1579053787.052,0.64,0.8842,0.54,1.044,57
1579053787.788,0.63,0.8929,0.59,1.0191,57
1579053788.528,0.64,0.8734,0.59,1.0276,57
1579053789.267,0.62,0.9079,0.53,1.0604,57
1579053789.631,0.68,0.7723,0.54,1.0745,57
1579053790.361,0.62,0.8856,0.55,1.0327,58
1579053791.093,0.65,0.8702,0.55,1.0437,58
1579053791.828,0.65,0.8629,0.53,1.0599,58
1579053792.557,0.63,0.8782,0.58,1.0084,58
1579053793.283,0.63,0.8691,0.56,1.0295,58
1579053794.013,0.64,0.875,0.54,1.0373,58
1579053794.754,0.64,0.8828,0.55,1.0139,58
1579053795.479,0.65,0.8421,0.51,1.0301,58
1579053796.202,0.64,0.8798,0.53,1.0388,58
1579053796.959,0.63,0.8869,0.6,1.01,58
1579053797.678,0.64,0.8712,0.58,1.0337,58
1579053798.393,0.63,0.8992,0.53,1.0631,58
1579053798.767,0.68,0.7666,0.51,1.0702,58
1579053799.493,0.62,0.8826,0.55,1.0291,59
1579053800.23,0.65,0.8615,0.53,1.0526,59
1579053800.958,0.65,0.8598,0.56,1.0494,59
1579053801.683,0.63,0.8739,0.59,1.0135,59
1579053802.416,0.64,0.8609,0.54,1.0595,59
1579053803.2,0.64,0.874,0.57,1.0227,59
1579053803.934,0.64,0.8811,0.54,1.033,59
1579053804.66,0.66,0.8364,0.52,1.0442,59
1579053805.391,0.64,0.8765,0.58,1.0149,59
1579053806.114,0.63,0.8835,0.55,1.0367,59
1579053806.837,0.64,0.8711,0.57,1.0314,59
1579053807.56,0.63,0.8919,0.55,1.0519,59
1579053807.919,0.69,0.7565,0.5,1.0871,59
1579053808.648,0.62,0.8846,0.58,1.022,60
1579053809.377,0.65,0.8632,0.55,1.0541,60
1579053810.113,0.65,0.8569,0.59,1.0574,60
1579053810.839,0.63,0.8776,0.57,1.0272,60
1579053811.575,0.63,0.864,0.54,1.0725,60
1579053812.305,0.64,0.8724,0.57,1.0234,60
1579053813.025,0.64,0.8806,0.54,1.0319,60
1579053813.778,0.66,0.8304,0.52,1.0471,60
1579053814.515,0.64,0.8732,0.58,1.0085,60
1579053815.243,0.63,0.8787,0.57,1.0399,60
1579053815.965,0.64,0.8627,0.57,1.0385,60
1579053816.688,0.63,0.8868,0.53,1.0472,60
1579053817.044,0.69,0.7512,0.5,1.0928,60
1579053817.771,0.63,0.8801,0.57,1.0179,61
1579053818.504,0.65,0.8614,0.53,1.0541,61
1579053819.237,0.65,0.8537,0.56,1.0645,61
1579053819.955,0.63,0.8712,0.55,1.0299,61
1579053820.712,0.63,0.8668,0.52,1.0903,61
1579053821.449,0.64,0.8762,0.56,1.0274,61
1579053822.189,0.64,0.8793,0.55,1.0258,61
1579053822.919,0.66,0.8308,0.52,1.0675,61
1579053823.707,0.64,0.8814,0.61,1.016,61
1579053824.436,0.62,0.8922,0.54,1.056,61
1579053825.165,0.64,0.8772,0.56,1.0418,61
1579053825.909,0.63,0.8916,0.54,1.0447,61
1579053826.27,0.7,0.7496,0.52,1.0841,61
1579053827.032,0.63,0.8763,0.58,1.0123,62
1579053827.768,0.66,0.8549,0.55,1.0451,62
1579053828.489,0.65,0.8606,0.55,1.0787,62
1579053829.209,0.62,0.8805,0.57,1.0262,62
1579053829.943,0.64,0.8576,0.54,1.0574,62
1579053830.671,0.65,0.861,0.55,1.0538,62
1579053831.402,0.65,0.8776,0.57,1.0356,62
1579053832.133,0.66,0.8395,0.54,1.0392,62
1579053832.863,0.64,0.8739,0.56,1.0349,62
1579053833.582,0.64,0.8709,0.6,1.0056,62
1579053834.318,0.64,0.8654,0.54,1.0696,62
1579053835.048,0.63,0.8917,0.53,1.0585,62
1579053835.412,0.7,0.7442,0.53,1.0633,62
1579053836.148,0.63,0.8739,0.56,1.048,63
1579053836.878,0.65,0.8528,0.57,1.0423,63
1579053837.598,0.65,0.8511,0.55,1.0638,63
1579053838.323,0.63,0.8751,0.56,1.0491,63
1579053839.054,0.64,0.8568,0.55,1.0636,63
1579053839.776,0.65,0.8579,0.57,1.028,63
1579053840.505,0.64,0.8798,0.55,1.0567,63
1579053841.23,0.66,0.8266,0.56,1.0292,63
1579053841.953,0.64,0.8711,0.58,1.0379,63
1579053842.733,0.63,0.8824,0.53,1.057,63
1579053843.458,0.64,0.8641,0.59,1.0156,63
1579053844.185,0.63,0.8821,0.5,1.0731,63
1579053844.539,0.69,0.7409,0.52,1.085,63
1579053845.283,0.63,0.874,0.58,1.0255,64
1579053846.012,0.64,0.8736,0.5,1.1293,64
1579053846.738,0.63,0.8722,0.59,1.0271,64
1579053847.46,0.64,0.862,0.56,1.0464,64
1579053848.192,0.63,0.8665,0.5,1.1222,64
1579053848.913,0.63,0.8775,0.6,1.0113,64
1579053849.633,0.63,0.8941,0.57,1.0464,64
1579053850.361,0.65,0.8337,0.51,1.0922,64
1579053851.088,0.64,0.8768,0.6,1.0095,64
1579053851.816,0.63,0.8962,0.56,1.0284,64
1579053852.541,0.64,0.8556,0.5,1.1006,64
1579053853.271,0.63,0.895,0.59,1.0157,64
1579053853.627,0.69,0.7631,0.55,1.0645,64
1579053854.376,0.63,0.8667,0.56,1.0873,65
1579053855.117,0.65,0.8534,0.6,1.0111,65
1579053855.84,0.65,0.8551,0.55,1.0587,65
1579053856.57,0.63,0.8712,0.52,1.0936,65
1579053857.299,0.64,0.852,0.61,1.0213,65
1579053858.024,0.63,0.8679,0.59,1.0286,65
1579053858.769,0.65,0.8702,0.52,1.0895,65
1579053859.507,0.66,0.833,0.56,1.0226,65
1579053860.241,0.64,0.8683,0.58,1.0225,65
1579053860.964,0.64,0.8601,0.55,1.053,65
1579053861.704,0.65,0.8599,0.56,1.0351,65
1579053862.447,0.63,0.8847,0.57,1.0474,65
1579053862.806,0.7,0.7391,0.5,1.08,65
1579053863.544,0.63,0.8677,0.55,1.0465,66
1579053864.323,0.66,0.8496,0.54,1.0618,66
1579053865.052,0.63,0.863,0.54,1.075,66
1579053865.802,0.64,0.8549,0.59,1.0326,66
1579053866.535,0.64,0.8509,0.59,1.0541,66
1579053867.259,0.64,0.8684,0.56,1.036,66
1579053867.988,0.65,0.8616,0.57,1.0399,66
1579053868.723,0.65,0.8474,0.54,1.0474,66
1579053869.452,0.65,0.8573,0.58,1.0471,66
1579053870.199,0.62,0.8858,0.6,1.0346,66
1579053870.929,0.64,0.8637,0.54,1.0872,66
1579053871.676,0.61,0.919,0.54,1.068,66
1579053872.03,0.7,0.7369,0.57,1.0632,66
1579053872.765,0.63,0.873,0.56,1.0734,67
1579053873.484,0.64,0.8788,0.57,1.0496,67
1579053874.207,0.65,0.8405,0.58,1.042,67
1579053874.946,0.64,0.8609,0.59,1.0426,67
1579053875.672,0.64,0.864,0.58,1.0454,67
1579053876.395,0.65,0.853,0.57,1.0357,67
1579053877.116,0.64,0.8711,0.57,1.0353,67
1579053877.842,0.66,0.843,0.51,1.0467,67
1579053878.572,0.65,0.859,0.54,1.0624,67
1579053879.3,0.63,0.8763,0.57,1.0169,67
1579053880.026,0.65,0.8657,0.56,1.0442,67
1579053880.754,0.64,0.8721,0.54,1.065,67
1579053881.111,0.7,0.7353,0.55,1.054,67
1579053881.846,0.64,0.856,0.56,1.047,68
1579053882.571,0.66,0.8412,0.55,1.0527,68
1579053883.296,0.65,0.8396,0.56,1.0514,68
1579053884.03,0.64,0.8504,0.57,1.0296,68
1579053884.772,0.65,0.8383,0.6,1.0441,68
1579053885.558,0.65,0.8464,0.55,1.0354,68
1579053886.291,0.65,0.8527,0.57,1.0309,68
1579053887.05,0.66,0.8179,0.55,1.0389,68
1579053887.782,0.65,0.8505,0.55,1.0504,68
1579053888.512,0.64,0.8607,0.58,1.0093,68
1579053889.274,0.65,0.842,0.54,1.0432,68
1579053890.04,0.64,0.8679,0.55,1.069,68
1579053890.405,0.71,0.7163,0.55,1.0588,68
1579053891.155,0.64,0.8528,0.56,1.0503,69
1579053891.885,0.67,0.8353,0.57,1.0657,69
1579053892.628,0.66,0.8327,0.59,1.0509,69
1579053893.376,0.64,0.8464,0.59,1.0458,69
1579053894.11,0.65,0.8397,0.55,1.0652,69
1579053894.841,0.65,0.8415,0.56,1.0358,69
1579053895.58,0.65,0.8594,0.57,1.0591,69
1579053896.31,0.66,0.8285,0.53,1.0419,69
1579053897.033,0.66,0.8432,0.59,1.0485,69
1579053897.756,0.64,0.8646,0.55,1.039,69
1579053898.49,0.65,0.8441,0.55,1.038,69
1579053899.216,0.64,0.8621,0.56,1.069,69
1579053899.571,0.71,0.7138,0.52,1.0802,69
1579053900.325,0.64,0.8504,0.55,1.0244,70
1579053901.046,0.67,0.8337,0.57,1.0652,70
1579053901.79,0.66,0.8311,0.57,1.0548,70
1579053902.527,0.65,0.8372,0.61,1.0197,70
1579053903.25,0.65,0.8318,0.54,1.0875,70
1579053903.982,0.65,0.8427,0.58,1.0199,70
1579053904.716,0.65,0.8535,0.58,1.0457,70
1579053905.462,0.66,0.8121,0.53,1.0562,70
1579053906.195,0.65,0.8425,0.62,1.0254,70
1579053906.917,0.64,0.8616,0.56,1.0569,70
1579053907.661,0.65,0.8368,0.54,1.044,70
1579053908.391,0.64,0.8596,0.56,1.0612,70
1579053908.804,0.71,0.7062,0.5,1.1123,70
1579053909.558,0.64,0.8556,0.56,1.0263,71
1579053910.294,0.66,0.8418,0.57,1.0683,71
1579053911.036,0.66,0.8278,0.55,1.0769,71
1579053911.778,0.65,0.84,0.58,1.0214,71
1579053912.519,0.64,0.8432,0.54,1.1078,71
1579053913.25,0.65,0.8421,0.56,1.0385,71
1579053913.987,0.65,0.8505,0.56,1.0376,71
1579053914.738,0.66,0.8136,0.51,1.0717,71
1579053915.475,0.66,0.8423,0.61,1.0251,71
1579053916.21,0.64,0.8582,0.55,1.037,71
1579053916.983,0.66,0.8338,0.53,1.0565,71
1579053917.724,0.65,0.8567,0.59,1.0531,71
1579053918.081,0.71,0.7017,0.53,1.1082,71
1579053918.834,0.64,0.8498,0.54,1.0281,72
1579053919.561,0.67,0.8251,0.56,1.0473,72
1579053920.288,0.66,0.8202,0.53,1.0869,72
1579053921.035,0.65,0.8398,0.58,1.0146,72
1579053921.781,0.65,0.8324,0.55,1.0872,72
1579053922.507,0.66,0.831,0.54,1.0549,72
1579053923.231,0.66,0.8439,0.57,1.0277,72
1579053923.965,0.67,0.8055,0.51,1.066,72
1579053924.695,0.66,0.8381,0.61,1.0298,72
1579053925.424,0.64,0.8492,0.58,1.0275,72
1579053926.176,0.66,0.8287,0.53,1.0668,72
1579053926.903,0.65,0.8533,0.55,1.0631,72
1579053927.26,0.72,0.6945,0.54,1.11,72
1579053927.997,0.64,0.8461,0.53,1.0334,73
1579053928.729,0.67,0.8185,0.56,1.054,73
1579053929.51,0.66,0.8169,0.56,1.0794,73
1579053930.264,0.65,0.8328,0.59,1.0242,73
1579053930.991,0.65,0.8227,0.54,1.1006,73
1579053931.739,0.66,0.8292,0.55,1.0448,73
1579053932.475,0.66,0.8406,0.55,1.0453,73
1579053933.208,0.67,0.7962,0.51,1.0541,73
1579053933.936,0.66,0.8312,0.61,1.0234,73
1579053934.669,0.65,0.841,0.58,1.0402,73
1579053935.404,0.66,0.8223,0.53,1.0553,73
1579053936.148,0.65,0.8461,0.56,1.079,73
1579053936.508,0.72,0.6853,0.52,1.1039,73
1579053937.248,0.65,0.8411,0.57,1.0373,74
1579053937.98,0.67,0.8199,0.55,1.0798,74
1579053938.71,0.66,0.8203,0.58,1.0588,74
1579053939.466,0.66,0.8232,0.57,1.0449,74
1579053940.19,0.66,0.8117,0.52,1.1233,74
1579053940.92,0.66,0.8311,0.56,1.0309,74
1579053941.648,0.65,0.8443,0.53,1.0798,74
1579053942.388,0.68,0.7915,0.56,1.0352,74
1579053943.124,0.67,0.8284,0.6,1.0283,74
1579053943.857,0.65,0.8337,0.56,1.0566,74
1579053944.601,0.66,0.8178,0.58,1.0479,74
1579053945.335,0.65,0.8488,0.55,1.1049,74
1579053945.696,0.73,0.6822,0.53,1.0811,74
1579053946.462,0.65,0.8324,0.56,1.0404,75
1579053947.2,0.67,0.8169,0.55,1.1006,75
1579053947.935,0.66,0.8273,0.56,1.0469,75
1579053948.685,0.66,0.8213,0.57,1.0577,75
1579053949.426,0.67,0.8016,0.53,1.1155,75
1579053950.21,0.66,0.8235,0.57,1.0251,75
1579053950.96,0.66,0.842,0.52,1.0986,75
1579053951.715,0.67,0.7919,0.61,1.0266,75
1579053952.459,0.66,0.8284,0.57,1.0421,75
1579053953.196,0.66,0.8269,0.56,1.0567,75
1579053953.933,0.66,0.8128,0.58,1.0551,75
1579053954.685,0.65,0.8465,0.53,1.114,75
1579053955.041,0.73,0.6775,0.53,1.0748,75
1579053955.8,0.65,0.8269,0.56,1.042,76
1579053956.542,0.67,0.8127,0.56,1.1105,76
1579053957.269,0.66,0.8251,0.56,1.0471,76
1579053958.002,0.66,0.8187,0.56,1.0693,76
1579053958.738,0.67,0.7987,0.53,1.1161,76
1579053959.463,0.66,0.8206,0.58,1.0218,76
1579053960.21,0.66,0.8388,0.53,1.1018,76
1579053960.943,0.67,0.7898,0.6,1.0259,76
1579053961.686,0.67,0.8252,0.59,1.0434,76
1579053962.416,0.66,0.8218,0.53,1.066,76
1579053963.143,0.66,0.8105,0.58,1.0628,76
1579053963.882,0.65,0.8472,0.52,1.1124,76
1579053964.245,0.73,0.6726,0.52,1.088,76
1579053964.983,0.66,0.8244,0.58,1.0354,77
1579053965.715,0.67,0.8194,0.54,1.1462,77
1579053966.472,0.65,0.8322,0.57,1.0324,77
1579053967.203,0.66,0.8197,0.59,1.102,77
1579053967.939,0.66,0.8115,0.54,1.1285,77
1579053968.669,0.65,0.844,0.58,1.0573,77
1579053969.46,0.66,0.8503,0.56,1.0464,77
1579053970.191,0.68,0.7919,0.52,1.1182,77
1579053970.917,0.65,0.847,0.61,1.0026,77
1579053971.651,0.63,0.8671,0.49,1.1424,77
1579053972.374,0.66,0.8338,0.57,1.0348,77
1579053973.105,0.65,0.8388,0.57,1.0568,77
1579053973.466,0.74,0.6702,0.5,1.1669,77
1579053974.211,0.63,0.8628,0.59,1.0157,78
1579053974.958,0.67,0.8302,0.6,1.0538,78
1579053975.689,0.66,0.8124,0.53,1.1901,78
1579053976.425,0.63,0.8826,0.57,1.0409,78
1579053977.18,0.65,0.8307,0.55,1.0809,78
1579053977.908,0.65,0.8393,0.5,1.2096,78
1579053978.649,0.63,0.9011,0.57,1.0699,78
1579053979.384,0.65,0.8228,0.57,1.0409,78
1579053980.117,0.62,0.8946,0.51,1.181,78
1579053980.845,0.63,0.8952,0.56,1.0765,78
1579053981.581,0.65,0.8501,0.59,1.0253,78
1579053982.331,0.63,0.886,0.57,1.0633,78
1579053982.688,0.73,0.6863,0.5,1.1741,78
1579053983.433,0.62,0.8907,0.57,1.03,79
1579053984.167,0.67,0.8163,0.57,1.0552,79
1579053984.89,0.61,0.8885,0.56,1.0597,79
1579053985.631,0.65,0.8266,0.54,1.1269,79
1579053986.364,0.64,0.8499,0.56,1.0343,79
1579053987.105,0.67,0.8197,0.56,1.044,79
1579053987.831,0.62,0.8773,0.54,1.0474,79
1579053988.572,0.67,0.789,0.53,1.1243,79
1579053989.355,0.63,0.8698,0.6,1.0013,79
1579053990.093,0.66,0.8259,0.58,1.0192,79
1579053990.834,0.62,0.8657,0.53,1.0775,79
1579053991.585,0.65,0.847,0.56,1.0882,79
1579053991.943,0.72,0.7006,0.53,1.0629,79
1579053992.693,0.63,0.8488,0.54,1.0954,80
1579053993.424,0.66,0.8236,0.61,1.0485,80
1579053994.15,0.66,0.8198,0.6,1.0471,80
1579053994.883,0.64,0.8554,0.57,1.0916,80
1579053995.622,0.65,0.8161,0.59,1.0773,80
1579053996.346,0.65,0.8362,0.59,1.0063,80
1579053997.077,0.65,0.8416,0.56,1.0516,80
1579053997.825,0.67,0.7958,0.51,1.1485,80
1579053998.557,0.64,0.8564,0.62,1.0156,80
1579053999.283,0.64,0.8388,0.63,0.9921,80
1579054000.01,0.65,0.8328,0.53,1.104,80
1579054000.747,0.64,0.8636,0.53,1.0661,80
1579054001.105,0.73,0.6751,0.59,1.0524,80
1579054001.842,0.64,0.8409,0.57,1.0939,81
1579054002.572,0.67,0.8174,0.58,1.0549,81
1579054003.306,0.67,0.8037,0.6,1.0644,81
1579054004.037,0.64,0.8473,0.56,1.0981,81
1579054004.779,0.67,0.803,0.57,1.0624,81
1579054005.512,0.66,0.8279,0.58,1.0167,81
1579054006.246,0.66,0.8242,0.51,1.0918,81
1579054007.0,0.67,0.7876,0.49,1.102,81
1579054007.733,0.66,0.8308,0.61,1.0027,81
1579054008.461,0.64,0.8393,0.6,1.0145,81
1579054009.196,0.66,0.8197,0.52,1.1408,81
1579054009.996,0.63,0.8656,0.56,1.0324,81
1579054010.357,0.75,0.665,0.57,1.0603,81
1579054011.109,0.64,0.8381,0.56,1.1208,82
1579054011.848,0.67,0.8055,0.57,1.0493,82
1579054012.593,0.67,0.8,0.58,1.036,82
1579054013.322,0.65,0.8229,0.58,1.1018,82
1579054014.075,0.67,0.8004,0.57,1.0602,82
1579054014.815,0.67,0.8054,0.57,1.032,82
1579054015.547,0.67,0.8209,0.51,1.0922,82
1579054016.281,0.68,0.7739,0.54,1.0847,82
1579054017.003,0.67,0.8169,0.62,1.0085,82
1579054017.734,0.66,0.8238,0.59,1.0327,82
1579054018.463,0.66,0.81,0.51,1.1162,82
1579054019.212,0.65,0.8448,0.57,1.0351,82
1579054019.571,0.75,0.6589,0.57,1.0853,82
1579054020.328,0.65,0.8294,0.53,1.1219,83
1579054021.054,0.68,0.7972,0.6,1.0389,83
1579054021.802,0.67,0.8021,0.59,1.0466,83
1579054022.539,0.66,0.8158,0.55,1.1359,83
1579054023.274,0.67,0.8002,0.57,1.0474,83
1579054024.006,0.67,0.8012,0.56,1.0438,83
1579054024.743,0.67,0.8145,0.48,1.1255,83
1579054025.486,0.68,0.7759,0.57,1.0505,83
1579054026.225,0.68,0.8062,0.62,1.0186,83
1579054026.961,0.66,0.8204,0.59,1.0541,83
1579054027.693,0.66,0.8042,0.53,1.0981,83
1579054028.446,0.65,0.8309,0.55,1.0592,83
1579054028.805,0.76,0.6471,0.54,1.1025,83
1579054029.564,0.65,0.8278,0.55,1.0935,84
1579054030.347,0.68,0.7869,0.59,1.0468,84
1579054031.088,0.68,0.7957,0.58,1.0653,84
1579054031.821,0.66,0.8113,0.55,1.114,84
1579054032.561,0.67,0.7855,0.56,1.051,84
1579054033.288,0.67,0.7985,0.56,1.059,84
1579054034.019,0.67,0.8096,0.51,1.108,84
1579054034.764,0.68,0.7686,0.56,1.0306,84
1579054035.502,0.68,0.8077,0.59,1.0421,84
1579054036.232,0.66,0.8157,0.59,1.0664,84
1579054036.983,0.67,0.7995,0.56,1.0865,84
1579054037.722,0.65,0.8326,0.54,1.0864,84
1579054038.08,0.76,0.6418,0.54,1.1118,84
1579054038.832,0.65,0.8292,0.55,1.0932,85
1579054039.57,0.68,0.7929,0.58,1.0681,85
1579054040.307,0.67,0.7987,0.6,1.0874,85
1579054041.033,0.66,0.8205,0.55,1.1208,85
1579054041.778,0.67,0.7891,0.57,1.0635,85
1579054042.509,0.67,0.8026,0.54,1.0684,85
1579054043.238,0.67,0.8138,0.54,1.1163,85
1579054043.974,0.68,0.7755,0.55,1.0217,85
1579054044.718,0.68,0.8029,0.6,1.0472,85
1579054045.442,0.66,0.8192,0.54,1.076,85
1579054046.17,0.66,0.7984,0.57,1.0764,85
1579054046.929,0.65,0.8286,0.54,1.0954,85
1579054047.289,0.76,0.6468,0.53,1.1168,85
1579054048.05,0.65,0.8261,0.56,1.0867,86
1579054048.804,0.68,0.7895,0.56,1.0881,86
1579054049.587,0.67,0.8059,0.61,1.0841,86
1579054050.331,0.66,0.8125,0.56,1.1107,86
1579054051.069,0.68,0.7824,0.58,1.0852,86
1579054051.811,0.67,0.8024,0.57,1.054,86
1579054052.542,0.67,0.8084,0.53,1.1113,86
1579054053.278,0.68,0.7723,0.53,1.0565,86
1579054054.01,0.68,0.805,0.63,1.0292,86
1579054054.739,0.65,0.8247,0.55,1.0844,86
1579054055.472,0.66,0.8036,0.54,1.1238,86
1579054056.206,0.65,0.8386,0.6,1.0619,86
1579054056.563,0.76,0.6448,0.56,1.1282,86
1579054057.304,0.65,0.8284,0.54,1.0962,87
1579054058.04,0.68,0.783,0.6,1.063,87
1579054058.785,0.68,0.7992,0.58,1.0788,87
1579054059.526,0.66,0.7984,0.57,1.11,87
1579054060.26,0.67,0.7781,0.57,1.0797,87
1579054060.989,0.68,0.7975,0.57,1.0582,87
1579054061.725,0.67,0.802,0.5,1.1133,87
1579054062.458,0.68,0.7791,0.54,1.0889,87
1579054063.198,0.66,0.8226,0.64,1.0138,87
1579054063.938,0.65,0.8174,0.55,1.0985,87
1579054064.675,0.65,0.832,0.53,1.1781,87
1579054065.425,0.65,0.8548,0.58,1.0505,87
1579054065.784,0.75,0.6675,0.54,1.1458,87
1579054066.536,0.64,0.8452,0.53,1.1389,88
1579054067.275,0.68,0.7915,0.59,1.073,88
1579054068.012,0.65,0.8419,0.61,1.0628,88
1579054068.807,0.67,0.7935,0.5,1.1601,88
1579054069.545,0.65,0.8238,0.57,1.0643,88
1579054070.282,0.68,0.7878,0.56,1.0571,88
1579054071.008,0.66,0.8351,0.54,1.0824,88
1579054071.737,0.68,0.7657,0.49,1.1049,88
1579054072.477,0.66,0.8107,0.56,1.0122,88
1579054073.224,0.67,0.8189,0.64,0.997,88
1579054073.959,0.67,0.7964,0.5,1.1134,88
1579054074.701,0.66,0.8254,0.54,1.0976,88
1579054075.064,0.76,0.6312,0.58,1.0472,88
1579054075.827,0.66,0.8189,0.57,1.095,89
1579054076.582,0.68,0.78,0.55,1.131,89
1579054077.328,0.68,0.7875,0.59,1.0589,89
1579054078.083,0.65,0.823,0.6,1.0821,89
1579054078.859,0.68,0.7705,0.55,1.137,89
1579054079.616,0.67,0.8022,0.58,1.045,89
1579054080.364,0.67,0.814,0.55,1.0762,89
1579054081.091,0.69,0.7553,0.56,1.1136,89
1579054081.849,0.67,0.8038,0.59,1.0323,89
1579054082.58,0.66,0.8147,0.58,1.0393,89
1579054083.308,0.68,0.7812,0.53,1.1016,89
1579054084.046,0.66,0.8144,0.57,1.0357,89
1579054084.407,0.76,0.627,0.55,1.0934,89
1579054085.152,0.66,0.7993,0.55,1.1004,90
1579054085.898,0.69,0.7681,0.6,1.0515,90
1579054086.654,0.68,0.7821,0.6,1.0782,90
1579054087.381,0.67,0.7892,0.55,1.1313,90
1579054088.17,0.68,0.7703,0.57,1.0726,90
1579054088.902,0.68,0.7824,0.56,1.0695,90
1579054089.646,0.68,0.7878,0.52,1.1229,90
1579054090.389,0.68,0.7575,0.56,1.0614,90
1579054091.129,0.69,0.781,0.62,1.032,90
1579054091.862,0.67,0.801,0.55,1.0723,90
1579054092.595,0.67,0.7923,0.52,1.1274,90
1579054093.326,0.66,0.8051,0.58,1.0602,90
1579054093.686,0.77,0.6287,0.56,1.0948,90
1579054094.43,0.67,0.796,0.56,1.1174,91
1579054095.173,0.69,0.7722,0.61,1.0675,91
1579054095.915,0.68,0.7901,0.6,1.0786,91
1579054096.655,0.67,0.7834,0.53,1.1596,91
1579054097.379,0.67,0.7791,0.57,1.0844,91
1579054098.107,0.68,0.7763,0.56,1.068,91
1579054098.859,0.68,0.7964,0.5,1.1276,91
1579054099.604,0.68,0.7599,0.55,1.0658,91
1579054100.347,0.69,0.7776,0.6,1.0232,91
1579054101.111,0.67,0.8042,0.56,1.0719,91
1579054101.853,0.67,0.7851,0.51,1.1358,91
1579054102.582,0.66,0.8017,0.59,1.0571,91
1579054102.953,0.78,0.6287,0.57,1.0939,91
1579054103.693,0.67,0.7866,0.53,1.122,92
1579054104.445,0.69,0.777,0.61,1.0697,92
1579054105.193,0.68,0.781,0.6,1.0754,92
1579054105.949,0.67,0.783,0.51,1.1566,92
1579054106.693,0.67,0.7796,0.56,1.0985,92
1579054107.5,0.69,0.768,0.57,1.0694,92
1579054108.248,0.67,0.8062,0.5,1.1227,92
1579054108.986,0.69,0.7489,0.54,1.0843,92
1579054109.732,0.68,0.7774,0.57,1.0227,92
1579054110.504,0.67,0.8021,0.6,1.0531,92
1579054111.243,0.68,0.7698,0.51,1.1365,92
1579054111.986,0.66,0.8001,0.58,1.0666,92
1579054112.357,0.78,0.6123,0.58,1.0849,92
1579054113.097,0.68,0.7835,0.54,1.1205,93
1579054113.831,0.69,0.7735,0.6,1.0778,93
1579054114.57,0.69,0.7649,0.58,1.0721,93
1579054115.307,0.67,0.7868,0.54,1.1527,93
1579054116.034,0.68,0.7684,0.55,1.1058,93
1579054116.767,0.69,0.7628,0.56,1.0735,93
1579054117.504,0.67,0.8043,0.51,1.1107,93
1579054118.235,0.7,0.7391,0.55,1.0767,93
1579054118.968,0.69,0.7768,0.56,1.0422,93
1579054119.72,0.68,0.7919,0.6,1.0418,93
1579054120.449,0.68,0.7666,0.52,1.1422,93
1579054121.181,0.67,0.7959,0.58,1.0743,93
1579054121.543,0.78,0.6006,0.58,1.0826,93
1579054122.28,0.68,0.7795,0.54,1.1147,94
1579054123.009,0.69,0.7636,0.62,1.077,94
1579054123.746,0.69,0.7586,0.59,1.0817,94
1579054124.475,0.67,0.7785,0.56,1.157,94
1579054125.208,0.68,0.7608,0.56,1.1046,94
1579054125.945,0.69,0.757,0.56,1.088,94
1579054126.695,0.68,0.7905,0.52,1.1059,94
1579054127.429,0.7,0.7352,0.57,1.0692,94
1579054128.216,0.69,0.7692,0.55,1.0578,94
1579054128.957,0.68,0.7839,0.59,1.052,94
1579054129.695,0.68,0.7701,0.52,1.1692,94
1579054130.427,0.67,0.7971,0.61,1.0637,94
1579054130.79,0.77,0.605,0.56,1.1244,94
1579054131.534,0.68,0.7785,0.57,1.0856,95
1579054132.284,0.7,0.7552,0.61,1.0904,95
1579054133.02,0.69,0.7594,0.6,1.0933,95
1579054133.756,0.68,0.7649,0.53,1.1355,95
1579054134.481,0.69,0.7516,0.55,1.1379,95
1579054135.209,0.69,0.758,0.59,1.0702,95
1579054135.97,0.68,0.7899,0.52,1.163,95
1579054136.702,0.69,0.7456,0.59,1.0424,95
1579054137.43,0.7,0.7722,0.54,1.0973,95
1579054138.191,0.68,0.7867,0.58,1.0593,95
1579054138.944,0.67,0.7881,0.52,1.182,95
1579054139.69,0.67,0.805,0.6,1.0621,95
1579054140.087,0.78,0.5987,0.53,1.119,95
1579054140.83,0.68,0.7783,0.55,1.1164,96
1579054141.582,0.7,0.749,0.59,1.058,96
1579054142.328,0.68,0.765,0.56,1.1335,96
1579054143.063,0.68,0.7643,0.58,1.1097,96
1579054143.792,0.69,0.7432,0.57,1.1199,96
1579054144.526,0.7,0.754,0.56,1.0861,96
1579054145.27,0.69,0.7665,0.52,1.1084,96
1579054146.006,0.7,0.7289,0.54,1.0938,96
1579054146.744,0.7,0.7679,0.6,1.0433,96
1579054147.528,0.68,0.7727,0.49,1.1277,96
1579054148.271,0.69,0.762,0.6,1.066,96
1579054148.993,0.67,0.7773,0.54,1.1514,96
1579054149.36,0.78,0.5889,0.56,1.0822,96
1579054150.09,0.67,0.7846,0.56,1.1234,97
1579054150.83,0.7,0.7473,0.6,1.0834,97
1579054151.563,0.69,0.7487,0.59,1.0932,97
1579054152.294,0.68,0.7597,0.58,1.1809,97
1579054153.025,0.69,0.7494,0.59,1.0779,97
1579054153.756,0.69,0.7592,0.53,1.1447,97
1579054154.495,0.69,0.7677,0.6,1.0627,97
1579054155.227,0.7,0.7333,0.51,1.119,97
1579054155.962,0.69,0.7741,0.6,1.0479,97
1579054156.711,0.68,0.7662,0.57,1.1086,97
1579054157.441,0.69,0.7503,0.57,1.1104,97
1579054158.175,0.68,0.7713,0.58,1.0955,97
1579054158.549,0.79,0.5691,0.53,1.1313,97
1579054159.302,0.67,0.7719,0.58,1.0725,98
1579054160.036,0.7,0.7439,0.56,1.1339,98
1579054160.793,0.69,0.7516,0.6,1.0914,98
1579054161.532,0.68,0.7677,0.56,1.1941,98
1579054162.284,0.68,0.7546,0.57,1.104,98
1579054163.012,0.69,0.7504,0.58,1.1071,98
1579054163.758,0.7,0.7548,0.55,1.0997,98
1579054164.494,0.71,0.7178,0.58,1.054,98
1579054165.217,0.7,0.7613,0.56,1.1477,98
1579054165.967,0.68,0.7837,0.58,1.0661,98
1579054166.711,0.66,0.8275,0.49,1.3134,98
1579054167.446,0.64,0.8786,0.59,1.0572,98
1579054167.805,0.75,0.6396,0.51,1.1629,98
1579054168.536,0.66,0.7957,0.55,1.1334,99
1579054169.32,0.69,0.7588,0.59,1.0433,99
1579054170.047,0.67,0.7869,0.57,1.1546,99
1579054170.801,0.67,0.7889,0.58,1.1798,99
1579054171.535,0.69,0.7519,0.59,1.0741,99
1579054172.262,0.67,0.7897,0.58,1.1498,99
1579054173.003,0.68,0.7834,0.5,1.1913,99
1579054173.756,0.69,0.7481,0.63,1.0419,99
1579054174.485,0.65,0.8314,0.56,1.1101,99
1579054175.225,0.68,0.7828,0.5,1.1742,99
1579054175.96,0.67,0.782,0.6,1.0566,99
1579054176.69,0.64,0.8266,0.56,1.1335,99
1579054177.051,0.77,0.6046,0.49,1.2085,99
