1580013719.944,0.27,1.386,0.25,1.3853,0
1580013720.138,0.24,1.3866,0.25,1.3855,0
1580013720.31,0.23,1.387,0.25,1.3854,0
1580013720.48,0.27,1.3856,0.25,1.3857,0
1580013720.65,0.23,1.3868,0.25,1.3859,0
1580013720.82,0.27,1.3857,0.27,1.3867,0
1580013720.99,0.29,1.3858,0.25,1.3856,0
1580013721.16,0.26,1.3851,0.29,1.3854,0
1580013721.332,0.3,1.3852,0.25,1.3848,0
1580013721.503,0.28,1.3836,0.21,1.3838,0
1580013721.673,0.23,1.3831,0.44,1.3808,0
1580013721.842,0.41,1.3795,0.36,1.3782,0
1580013722.011,0.35,1.3774,0.19,1.383,0
1580013722.179,0.25,1.3758,0.21,1.3764,0
1580013722.333,0.28,1.3705,0.45,1.366,0
1580013722.504,0.37,1.3643,0.43,1.3601,1
1580013722.672,0.39,1.3594,0.34,1.3601,1
1580013722.843,0.36,1.3536,0.47,1.3434,1
1580013723.013,0.38,1.3431,0.5,1.3334,1
1580013723.182,0.42,1.3342,0.45,1.3269,1
1580013723.353,0.39,1.3258,0.44,1.3131,1
1580013723.526,0.4,1.3202,0.46,1.3023,1
1580013723.696,0.41,1.3141,0.47,1.2977,1
1580013723.867,0.43,1.3061,0.51,1.2839,1
1580013724.037,0.45,1.2893,0.4,1.3085,1
1580013724.208,0.36,1.334,0.5,1.2639,1
1580013724.377,0.45,1.2806,0.49,1.2728,1
1580013724.567,0.43,1.2865,0.47,1.2727,1
1580013724.741,0.44,1.2909,0.5,1.2552,1
1580013724.893,0.43,1.2895,0.49,1.2602,1
1580013725.064,0.42,1.2859,0.42,1.3153,2
1580013725.231,0.41,1.2987,0.48,1.2595,2
1580013725.402,0.44,1.2769,0.5,1.2488,2
1580013725.574,0.41,1.2961,0.52,1.2366,2
1580013725.747,0.48,1.2495,0.49,1.2532,2
1580013725.918,0.48,1.2613,0.48,1.2552,2
1580013726.087,0.48,1.2662,0.54,1.2157,2
1580013726.258,0.48,1.2417,0.56,1.2118,2
1580013726.429,0.49,1.2356,0.56,1.2101,2
1580013726.599,0.51,1.226,0.5,1.2395,2
1580013726.769,0.49,1.2457,0.53,1.231,2
1580013726.944,0.51,1.2282,0.59,1.2057,2
1580013727.115,0.52,1.2189,0.56,1.2056,2
1580013727.286,0.52,1.2217,0.54,1.2114,2
1580013727.438,0.51,1.2232,0.52,1.2368,2
1580013727.62,0.5,1.23,0.51,1.2303,3
1580013727.791,0.48,1.2397,0.53,1.222,3
1580013727.963,0.51,1.2245,0.54,1.2227,3
1580013728.135,0.49,1.2407,0.5,1.2278,3
1580013728.306,0.51,1.2071,0.49,1.2132,3
1580013728.479,0.52,1.2156,0.52,1.1978,3
1580013728.651,0.5,1.2135,0.58,1.1824,3
1580013728.824,0.55,1.1848,0.55,1.1823,3
1580013728.996,0.55,1.1824,0.56,1.1829,3
1580013729.169,0.55,1.1906,0.56,1.1911,3
1580013729.35,0.53,1.2058,0.57,1.1889,3
1580013729.531,0.54,1.1882,0.56,1.1879,3
1580013729.7,0.55,1.1825,0.54,1.1861,3
1580013729.873,0.55,1.1944,0.53,1.1895,3
1580013730.026,0.54,1.1912,0.54,1.1959,3
1580013730.199,0.53,1.1993,0.51,1.2048,4
1580013730.369,0.5,1.2206,0.52,1.2103,4
1580013730.551,0.52,1.2073,0.51,1.2155,4
1580013730.721,0.51,1.2101,0.48,1.2188,4
1580013730.901,0.54,1.1915,0.5,1.1977,4
1580013731.073,0.54,1.1929,0.55,1.184,4
1580013731.245,0.53,1.1986,0.57,1.1715,4
1580013731.417,0.55,1.1706,0.6,1.1716,4
1580013731.597,0.57,1.1631,0.59,1.173,4
1580013731.769,0.56,1.1748,0.57,1.1762,4
1580013731.945,0.55,1.1927,0.58,1.1754,4
1580013732.122,0.56,1.1782,0.55,1.1812,4
1580013732.291,0.57,1.1698,0.54,1.1805,4
1580013732.465,0.56,1.1771,0.55,1.1776,4
1580013732.617,0.54,1.181,0.55,1.1802,4
1580013732.791,0.53,1.1867,0.53,1.1915,5
1580013732.965,0.52,1.2082,0.52,1.1958,5
1580013733.143,0.53,1.1965,0.5,1.202,5
1580013733.313,0.52,1.1952,0.52,1.199,5
1580013733.484,0.54,1.1819,0.54,1.1811,5
1580013733.653,0.55,1.1827,0.55,1.1755,5
1580013733.824,0.55,1.187,0.56,1.1692,5
1580013733.995,0.58,1.1537,0.57,1.1702,5
1580013734.176,0.58,1.1529,0.59,1.1672,5
1580013734.348,0.57,1.1647,0.6,1.1631,5
1580013734.52,0.56,1.1839,0.6,1.1632,5
1580013734.703,0.56,1.1705,0.58,1.1717,5
1580013734.873,0.56,1.1648,0.58,1.1679,5
1580013735.044,0.57,1.1698,0.57,1.1635,5
1580013735.204,0.56,1.1712,0.58,1.1657,5
1580013735.391,0.54,1.1825,0.54,1.1767,6
1580013735.574,0.54,1.1983,0.51,1.1916,6
1580013735.758,0.54,1.1839,0.52,1.2028,6
1580013735.939,0.53,1.1897,0.5,1.1964,6
1580013736.119,0.54,1.1756,0.55,1.1745,6
1580013736.292,0.55,1.1757,0.57,1.1662,6
1580013736.464,0.55,1.178,0.56,1.1615,6
1580013736.635,0.58,1.1453,0.57,1.1682,6
1580013736.806,0.58,1.1497,0.54,1.1685,6
1580013736.975,0.57,1.1618,0.6,1.1548,6
1580013737.148,0.56,1.1712,0.6,1.1499,6
1580013737.32,0.56,1.1676,0.61,1.1525,6
1580013737.493,0.57,1.1559,0.58,1.1614,6
1580013737.664,0.57,1.1666,0.58,1.1557,6
1580013737.825,0.56,1.1637,0.58,1.156,6
1580013737.997,0.55,1.176,0.58,1.1636,7
1580013738.172,0.54,1.1923,0.55,1.1734,7
1580013738.343,0.55,1.1742,0.53,1.1893,7
1580013738.514,0.55,1.1797,0.5,1.199,7
1580013738.685,0.55,1.1721,0.53,1.1826,7
1580013738.856,0.56,1.1689,0.57,1.1686,7
1580013739.026,0.57,1.1675,0.6,1.158,7
1580013739.2,0.58,1.1478,0.57,1.1539,7
1580013739.374,0.59,1.1454,0.59,1.1571,7
1580013739.553,0.58,1.1498,0.58,1.1616,7
1580013739.726,0.57,1.1719,0.61,1.1431,7
1580013739.894,0.57,1.1593,0.6,1.1437,7
1580013740.065,0.57,1.1526,0.59,1.1439,7
1580013740.241,0.58,1.1572,0.62,1.1435,7
1580013740.406,0.57,1.1553,0.6,1.1486,7
1580013740.591,0.56,1.1702,0.56,1.1623,8
1580013740.772,0.55,1.1801,0.54,1.1693,8
1580013740.954,0.58,1.1581,0.55,1.1684,8
1580013741.126,0.56,1.1705,0.54,1.1709,8
1580013741.298,0.58,1.1504,0.56,1.1625,8
1580013741.472,0.58,1.1595,0.55,1.1627,8
1580013741.643,0.57,1.1593,0.59,1.1553,8
1580013741.813,0.6,1.1362,0.6,1.1497,8
1580013741.983,0.6,1.1376,0.6,1.1492,8
1580013742.157,0.58,1.1478,0.63,1.1335,8
1580013742.332,0.58,1.1532,0.63,1.1322,8
1580013742.508,0.57,1.1584,0.62,1.1321,8
1580013742.68,0.59,1.1433,0.63,1.1309,8
1580013742.854,0.58,1.1523,0.63,1.1289,8
1580013743.008,0.59,1.1432,0.6,1.1356,8
1580013743.185,0.57,1.1584,0.57,1.1568,9
1580013743.364,0.56,1.1726,0.53,1.1734,9
1580013743.538,0.58,1.1517,0.52,1.1661,9
1580013743.71,0.57,1.164,0.54,1.1582,9
1580013743.881,0.59,1.1431,0.61,1.1394,9
1580013744.053,0.58,1.1512,0.62,1.1368,9
1580013744.227,0.58,1.1497,0.63,1.1325,9
1580013744.405,0.6,1.1284,0.63,1.1297,9
1580013744.579,0.61,1.126,0.62,1.1254,9
1580013744.758,0.6,1.1374,0.64,1.116,9
1580013744.93,0.59,1.1454,0.64,1.1179,9
1580013745.101,0.58,1.1483,0.61,1.128,9
1580013745.274,0.59,1.1381,0.63,1.1263,9
1580013745.452,0.59,1.1385,0.63,1.1261,9
1580013745.606,0.6,1.1376,0.57,1.1349,9
1580013745.782,0.6,1.1425,0.54,1.1567,10
1580013745.953,0.56,1.1691,0.53,1.1503,10
1580013746.123,0.59,1.144,0.59,1.1336,10
1580013746.293,0.58,1.1574,0.63,1.1228,10
1580013746.47,0.59,1.1362,0.65,1.1068,10
1580013746.642,0.59,1.1424,0.66,1.1088,10
1580013746.814,0.6,1.143,0.66,1.1067,10
1580013746.984,0.61,1.1253,0.61,1.1321,10
1580013747.156,0.62,1.1263,0.66,1.113,10
1580013747.327,0.59,1.1364,0.65,1.1205,10
1580013747.502,0.59,1.1452,0.61,1.1235,10
1580013747.673,0.6,1.1369,0.64,1.1397,10
1580013747.846,0.56,1.1527,0.59,1.1331,10
1580013748.016,0.6,1.1332,0.59,1.1342,10
1580013748.17,0.59,1.1418,0.59,1.1264,10
1580013748.342,0.59,1.1404,0.61,1.1304,11
1580013748.522,0.56,1.1604,0.62,1.1269,11
1580013748.694,0.61,1.1323,0.62,1.112,11
1580013748.871,0.58,1.1487,0.63,1.1099,11
1580013749.043,0.6,1.1314,0.61,1.1171,11
1580013749.217,0.58,1.1472,0.65,1.1115,11
1580013749.39,0.59,1.144,0.61,1.1356,11
1580013749.563,0.6,1.1316,0.63,1.1255,11
1580013749.733,0.61,1.1209,0.62,1.1337,11
1580013749.909,0.59,1.132,0.62,1.1358,11
1580013750.08,0.59,1.1435,0.63,1.1262,11
1580013750.252,0.59,1.1386,0.6,1.1415,11
1580013750.425,0.61,1.1314,0.61,1.1371,11
1580013750.595,0.59,1.141,0.61,1.1167,11
1580013750.748,0.6,1.1307,0.63,1.123,11
1580013750.925,0.57,1.1575,0.61,1.128,12
1580013751.1,0.58,1.1539,0.57,1.1423,12
1580013751.272,0.59,1.1442,0.61,1.1227,12
1580013751.447,0.59,1.1415,0.6,1.1303,12
1580013751.619,0.6,1.1311,0.59,1.1305,12
1580013751.793,0.59,1.1467,0.64,1.1146,12
1580013751.968,0.6,1.1303,0.63,1.1306,12
1580013752.141,0.59,1.1374,0.61,1.1338,12
1580013752.313,0.6,1.1277,0.61,1.1185,12
1580013752.491,0.61,1.1248,0.59,1.1449,12
1580013752.662,0.59,1.1479,0.63,1.1277,12
1580013752.834,0.59,1.1392,0.63,1.1149,12
1580013753.015,0.61,1.1242,0.61,1.1254,12
1580013753.19,0.6,1.1321,0.58,1.1417,12
1580013753.347,0.59,1.1367,0.62,1.1223,12
1580013753.519,0.6,1.1329,0.59,1.1155,13
1580013753.691,0.58,1.1491,0.62,1.1133,13
1580013753.866,0.61,1.1338,0.63,1.1071,13
1580013754.039,0.59,1.1487,0.61,1.1071,13
1580013754.212,0.61,1.1233,0.62,1.1111,13
1580013754.385,0.6,1.1311,0.59,1.1088,13
1580013754.557,0.6,1.1322,0.65,1.1108,13
1580013754.729,0.61,1.1176,0.62,1.1238,13
1580013754.915,0.61,1.1176,0.63,1.1237,13
1580013755.088,0.61,1.1239,0.62,1.1267,13
1580013755.261,0.6,1.1285,0.59,1.1181,13
1580013755.435,0.61,1.1246,0.61,1.117,13
1580013755.607,0.63,1.1098,0.64,1.1133,13
1580013755.785,0.62,1.1204,0.63,1.1079,13
1580013755.941,0.62,1.1147,0.64,1.1179,13
1580013756.115,0.61,1.1286,0.61,1.1132,14
1580013756.29,0.59,1.1432,0.63,1.1041,14
1580013756.464,0.62,1.1174,0.63,1.0971,14
1580013756.638,0.6,1.1318,0.63,1.1189,14
1580013756.809,0.61,1.1195,0.64,1.0998,14
1580013756.98,0.62,1.1121,0.63,1.1115,14
1580013757.152,0.62,1.1228,0.61,1.1166,14
1580013757.328,0.63,1.1123,0.61,1.1177,14
1580013757.501,0.63,1.1064,0.66,1.1063,14
1580013757.68,0.61,1.1158,0.64,1.126,14
1580013757.851,0.6,1.1312,0.66,1.1028,14
1580013758.022,0.6,1.1307,0.65,1.1093,14
1580013758.193,0.63,1.1102,0.59,1.1209,14
1580013758.367,0.62,1.1147,0.59,1.1265,14
1580013758.521,0.63,1.1139,0.6,1.1235,14
1580013758.707,0.62,1.1209,0.61,1.1117,15
1580013758.878,0.6,1.1296,0.62,1.1048,15
1580013759.051,0.62,1.112,0.63,1.0988,15
1580013759.223,0.6,1.1276,0.62,1.1179,15
1580013759.398,0.62,1.1117,0.65,1.1079,15
1580013759.572,0.64,1.1103,0.62,1.1135,15
1580013759.762,0.61,1.1224,0.64,1.1124,15
1580013759.947,0.62,1.116,0.63,1.1109,15
1580013760.131,0.6,1.1198,0.63,1.098,15
1580013760.312,0.63,1.1064,0.61,1.1543,15
1580013760.486,0.57,1.1514,0.64,1.108,15
1580013760.659,0.62,1.1154,0.64,1.0982,15
1580013760.831,0.64,1.1021,0.6,1.1195,15
1580013761.009,0.6,1.1387,0.6,1.1234,15
1580013761.161,0.58,1.1498,0.65,1.1128,15
1580013761.336,0.6,1.1254,0.65,1.1159,16
1580013761.512,0.61,1.1265,0.55,1.1423,16
1580013761.686,0.59,1.1319,0.6,1.1319,16
1580013761.858,0.6,1.1289,0.65,1.1179,16
1580013762.029,0.62,1.1154,0.63,1.1167,16
1580013762.201,0.63,1.1125,0.62,1.1265,16
1580013762.372,0.62,1.122,0.57,1.13,16
1580013762.554,0.64,1.1001,0.6,1.1272,16
1580013762.725,0.64,1.0972,0.63,1.1144,16
1580013762.896,0.63,1.1065,0.61,1.1254,16
1580013763.067,0.62,1.1113,0.62,1.1147,16
1580013763.241,0.62,1.1126,0.59,1.1112,16
1580013763.413,0.63,1.1095,0.65,1.1021,16
1580013763.587,0.62,1.1174,0.63,1.1069,16
1580013763.744,0.61,1.1264,0.61,1.1054,16
1580013763.921,0.62,1.1189,0.65,1.094,17
1580013764.096,0.62,1.1118,0.63,1.1212,17
1580013764.268,0.61,1.1229,0.65,1.105,17
1580013764.441,0.61,1.1248,0.61,1.1038,17
1580013764.615,0.63,1.1057,0.63,1.1091,17
1580013764.786,0.63,1.1074,0.6,1.121,17
1580013764.958,0.63,1.112,0.6,1.1241,17
1580013765.131,0.64,1.0961,0.65,1.113,17
1580013765.304,0.65,1.0881,0.62,1.1151,17
1580013765.476,0.63,1.1007,0.61,1.1195,17
1580013765.649,0.61,1.1143,0.65,1.0966,17
1580013765.82,0.63,1.1018,0.62,1.0993,17
1580013765.998,0.63,1.103,0.64,1.102,17
1580013766.171,0.62,1.1146,0.61,1.1023,17
1580013766.326,0.61,1.1245,0.62,1.1117,17
1580013766.499,0.62,1.1158,0.6,1.1252,18
1580013766.671,0.6,1.1318,0.62,1.1179,18
1580013766.846,0.62,1.1095,0.62,1.1062,18
1580013767.018,0.61,1.1309,0.71,1.0785,18
1580013767.194,0.63,1.1023,0.67,1.0831,18
1580013767.37,0.62,1.1168,0.66,1.0887,18
1580013767.543,0.62,1.1176,0.64,1.09,18
1580013767.716,0.64,1.0952,0.64,1.0921,18
1580013767.894,0.66,1.0842,0.66,1.1074,18
1580013768.067,0.63,1.1018,0.66,1.0981,18
1580013768.239,0.65,1.0854,0.63,1.0923,18
1580013768.412,0.64,1.1042,0.62,1.0966,18
1580013768.588,0.65,1.0896,0.64,1.0922,18
1580013768.76,0.65,1.0941,0.65,1.088,18
1580013768.923,0.65,1.0909,0.63,1.0938,18
1580013769.096,0.63,1.1056,0.65,1.0974,19
1580013769.27,0.64,1.1038,0.64,1.0904,19
1580013769.445,0.66,1.088,0.65,1.082,19
1580013769.617,0.62,1.1077,0.66,1.0904,19
1580013769.791,0.64,1.0919,0.63,1.0927,19
1580013769.974,0.63,1.1091,0.65,1.0843,19
1580013770.148,0.63,1.1023,0.64,1.0949,19
1580013770.319,0.64,1.1015,0.66,1.0891,19
1580013770.491,0.65,1.0869,0.66,1.0795,19
1580013770.661,0.65,1.0915,0.64,1.1017,19
1580013770.833,0.63,1.0987,0.66,1.0753,19
1580013771.014,0.65,1.0868,0.63,1.0898,19
1580013771.188,0.66,1.0852,0.65,1.0982,19
1580013771.361,0.63,1.1106,0.62,1.0985,19
1580013771.514,0.62,1.1097,0.64,1.0862,19
1580013771.686,0.63,1.1002,0.65,1.1046,20
1580013771.857,0.63,1.1081,0.66,1.105,20
1580013772.038,0.64,1.0984,0.68,1.0857,20
1580013772.211,0.62,1.1125,0.67,1.0907,20
1580013772.382,0.66,1.0866,0.64,1.1032,20
1580013772.554,0.63,1.1119,0.63,1.1032,20
1580013772.727,0.64,1.1024,0.64,1.0943,20
1580013772.899,0.65,1.0826,0.65,1.1034,20
1580013773.074,0.64,1.0953,0.64,1.0835,20
1580013773.247,0.66,1.0849,0.63,1.0985,20
1580013773.425,0.66,1.084,0.67,1.0849,20
1580013773.6,0.64,1.0975,0.69,1.0767,20
1580013773.772,0.66,1.0821,0.66,1.0857,20
1580013773.944,0.65,1.0928,0.65,1.0984,20
1580013774.1,0.65,1.0921,0.63,1.1012,20
1580013774.275,0.65,1.0905,0.64,1.1012,21
1580013774.451,0.64,1.0919,0.66,1.0862,21
1580013774.628,0.65,1.0833,0.67,1.0732,21
1580013774.802,0.64,1.1027,0.66,1.0698,21
1580013774.98,0.66,1.0804,0.68,1.0709,21
1580013775.156,0.65,1.0947,0.66,1.0794,21
1580013775.332,0.64,1.0929,0.65,1.0894,21
1580013775.504,0.66,1.0721,0.64,1.1006,21
1580013775.675,0.68,1.0687,0.63,1.0934,21
1580013775.852,0.66,1.0829,0.65,1.0887,21
1580013776.026,0.66,1.0768,0.66,1.0835,21
1580013776.2,0.65,1.085,0.68,1.0779,21
1580013776.372,0.66,1.0821,0.66,1.0803,21
1580013776.545,0.64,1.0896,0.65,1.0932,21
1580013776.699,0.64,1.091,0.63,1.1021,21
1580013776.871,0.65,1.0899,0.64,1.1132,22
1580013777.045,0.65,1.0976,0.64,1.1093,22
1580013777.227,0.65,1.0907,0.66,1.0796,22
1580013777.404,0.64,1.1,0.67,1.0733,22
1580013777.576,0.66,1.0827,0.67,1.0767,22
1580013777.748,0.63,1.1081,0.68,1.0717,22
1580013777.918,0.64,1.0895,0.64,1.0913,22
1580013778.091,0.67,1.0687,0.64,1.1015,22
1580013778.265,0.67,1.0647,0.65,1.0999,22
1580013778.439,0.66,1.0787,0.64,1.1082,22
1580013778.613,0.66,1.0815,0.65,1.0896,22
1580013778.784,0.67,1.0749,0.61,1.0999,22
1580013778.955,0.65,1.0871,0.65,1.086,22
1580013779.126,0.65,1.093,0.68,1.0786,22
1580013779.28,0.64,1.093,0.62,1.1125,22
1580013779.455,0.64,1.108,0.62,1.1248,23
1580013779.629,0.62,1.1104,0.62,1.1097,23
1580013779.803,0.65,1.0882,0.64,1.11,23
1580013779.975,0.6,1.1312,0.64,1.0872,23
1580013780.147,0.65,1.0889,0.68,1.075,23
1580013780.319,0.65,1.0906,0.65,1.0884,23
1580013780.495,0.63,1.1038,0.65,1.0882,23
1580013780.666,0.64,1.0948,0.66,1.0776,23
1580013780.841,0.68,1.0593,0.67,1.0889,23
1580013781.012,0.66,1.0796,0.63,1.1218,23
1580013781.188,0.62,1.1083,0.65,1.1035,23
1580013781.361,0.65,1.0844,0.61,1.1047,23
1580013781.536,0.66,1.0768,0.6,1.1075,23
1580013781.708,0.64,1.0982,0.64,1.0988,23
1580013781.863,0.62,1.1154,0.67,1.0923,23
1580013782.036,0.62,1.1087,0.63,1.1009,24
1580013782.213,0.64,1.0995,0.6,1.1283,24
1580013782.402,0.65,1.0911,0.61,1.1316,24
1580013782.578,0.61,1.1245,0.62,1.1151,24
1580013782.752,0.64,1.0922,0.65,1.1065,24
1580013782.925,0.65,1.0856,0.56,1.132,24
1580013783.097,0.63,1.1026,0.61,1.1133,24
1580013783.277,0.65,1.0915,0.63,1.1043,24
1580013783.45,0.66,1.0804,0.67,1.0857,24
1580013783.624,0.64,1.0848,0.61,1.1109,24
1580013783.797,0.65,1.0897,0.6,1.1207,24
1580013783.969,0.63,1.1042,0.62,1.1006,24
1580013784.144,0.63,1.1044,0.67,1.0801,24
1580013784.32,0.65,1.0864,0.63,1.0938,24
1580013784.474,0.64,1.0959,0.63,1.1132,24
1580013784.65,0.61,1.1185,0.62,1.1169,25
1580013784.833,0.6,1.1294,0.63,1.1009,25
1580013785.006,0.65,1.0871,0.66,1.0863,25
1580013785.178,0.64,1.0933,0.63,1.1109,25
1580013785.35,0.64,1.097,0.62,1.1142,25
1580013785.522,0.61,1.1175,0.67,1.0908,25
1580013785.695,0.65,1.0898,0.65,1.0938,25
1580013785.869,0.66,1.0739,0.62,1.1066,25
1580013786.043,0.66,1.0784,0.62,1.1076,25
1580013786.222,0.61,1.1117,0.62,1.1026,25
1580013786.395,0.67,1.0669,0.68,1.0889,25
1580013786.567,0.67,1.0711,0.61,1.1105,25
1580013786.741,0.64,1.0987,0.62,1.106,25
1580013786.924,0.63,1.1045,0.64,1.0891,25
1580013787.078,0.63,1.1023,0.66,1.0839,25
1580013787.257,0.65,1.0933,0.65,1.0976,26
1580013787.436,0.62,1.1098,0.62,1.1176,26
1580013787.621,0.62,1.1171,0.63,1.1122,26
1580013787.795,0.61,1.1256,0.65,1.0997,26
1580013787.972,0.65,1.0911,0.63,1.1026,26
1580013788.147,0.65,1.0943,0.62,1.1109,26
1580013788.32,0.61,1.123,0.62,1.1104,26
1580013788.494,0.63,1.1027,0.63,1.0969,26
1580013788.671,0.67,1.0708,0.64,1.0911,26
1580013788.847,0.66,1.078,0.64,1.1125,26
1580013789.023,0.65,1.0903,0.6,1.1289,26
1580013789.2,0.63,1.1107,0.63,1.1148,26
1580013789.391,0.65,1.0895,0.67,1.0961,26
1580013789.573,0.65,1.0829,0.64,1.1027,26
1580013789.729,0.65,1.097,0.64,1.1028,26
1580013789.905,0.62,1.1151,0.62,1.0964,27
1580013790.082,0.66,1.0856,0.66,1.0827,27
1580013790.26,0.66,1.0773,0.65,1.0814,27
1580013790.442,0.64,1.0952,0.66,1.0849,27
1580013790.615,0.66,1.0804,0.66,1.0805,27
1580013790.79,0.66,1.081,0.67,1.0754,27
1580013790.971,0.67,1.0755,0.66,1.0897,27
1580013791.15,0.65,1.0758,0.64,1.0924,27
1580013791.329,0.68,1.0634,0.66,1.0881,27
1580013791.503,0.67,1.0777,0.64,1.0966,27
1580013791.679,0.67,1.0648,0.64,1.096,27
1580013791.852,0.66,1.0787,0.68,1.0812,27
1580013792.027,0.67,1.0694,0.67,1.0752,27
1580013792.205,0.66,1.0737,0.68,1.0749,27
1580013792.364,0.65,1.0854,0.67,1.0694,27
1580013792.54,0.65,1.0872,0.68,1.0736,28
1580013792.714,0.67,1.07,0.64,1.0962,28
1580013792.889,0.68,1.0723,0.63,1.1001,28
1580013793.063,0.64,1.0982,0.68,1.08,28
1580013793.239,0.67,1.0666,0.69,1.0637,28
1580013793.414,0.67,1.0741,0.7,1.0656,28
1580013793.588,0.67,1.0676,0.69,1.0712,28
1580013793.761,0.68,1.0614,0.68,1.0714,28
1580013793.935,0.7,1.0445,0.66,1.0751,28
1580013794.109,0.67,1.0638,0.63,1.1073,28
1580013794.286,0.68,1.0635,0.62,1.1044,28
1580013794.461,0.68,1.0674,0.67,1.0814,28
1580013794.634,0.68,1.0597,0.65,1.0833,28
1580013794.809,0.67,1.0689,0.65,1.0937,28
1580013794.964,0.65,1.0898,0.66,1.0866,28
1580013795.14,0.66,1.0798,0.63,1.0885,29
1580013795.317,0.68,1.0646,0.63,1.1064,29
1580013795.512,0.67,1.0688,0.62,1.1113,29
1580013795.698,0.64,1.0971,0.62,1.1011,29
1580013795.882,0.69,1.0605,0.67,1.0769,29
1580013796.066,0.68,1.0677,0.67,1.0869,29
1580013796.243,0.67,1.067,0.67,1.0877,29
1580013796.42,0.67,1.0651,0.65,1.0843,29
1580013796.593,0.7,1.0448,0.67,1.0842,29
1580013796.765,0.68,1.0608,0.63,1.1054,29
1580013796.938,0.68,1.0596,0.64,1.0988,29
1580013797.111,0.67,1.0656,0.65,1.0854,29
1580013797.284,0.68,1.0599,0.65,1.0789,29
1580013797.463,0.68,1.0624,0.65,1.0824,29
1580013797.626,0.66,1.0828,0.66,1.0865,29
1580013797.807,0.66,1.0816,0.64,1.0866,30
1580013797.98,0.69,1.0623,0.62,1.1109,30
1580013798.159,0.68,1.0609,0.63,1.1197,30
1580013798.333,0.64,1.0983,0.64,1.1086,30
1580013798.51,0.67,1.0661,0.66,1.0797,30
1580013798.684,0.68,1.0661,0.64,1.0873,30
1580013798.858,0.69,1.0592,0.63,1.0985,30
1580013799.031,0.67,1.0731,0.65,1.0925,30
1580013799.205,0.68,1.0542,0.64,1.0905,30
1580013799.378,0.67,1.0716,0.64,1.1076,30
1580013799.555,0.68,1.065,0.62,1.1158,30
1580013799.731,0.66,1.0808,0.62,1.1136,30
1580013799.907,0.65,1.0863,0.64,1.0851,30
1580013800.081,0.67,1.0651,0.64,1.0917,30
1580013800.241,0.65,1.0873,0.66,1.0893,30
1580013800.43,0.64,1.0996,0.65,1.0945,31
1580013800.62,0.63,1.1075,0.64,1.0979,31
1580013800.806,0.66,1.0859,0.64,1.1086,31
1580013800.993,0.64,1.0909,0.58,1.1374,31
1580013801.167,0.64,1.0927,0.59,1.1347,31
1580013801.341,0.64,1.1003,0.65,1.1001,31
1580013801.515,0.66,1.0781,0.66,1.0847,31
1580013801.696,0.69,1.0481,0.65,1.0868,31
1580013801.869,0.67,1.0597,0.66,1.0895,31
1580013802.044,0.63,1.1072,0.65,1.0934,31
1580013802.218,0.68,1.0609,0.65,1.093,31
1580013802.393,0.67,1.0664,0.64,1.1043,31
1580013802.567,0.67,1.0687,0.61,1.1221,31
1580013802.743,0.64,1.0991,0.61,1.1228,31
1580013802.898,0.62,1.1123,0.66,1.0939,31
1580013803.072,0.65,1.087,0.66,1.0846,32
1580013803.248,0.68,1.0631,0.62,1.0965,32
1580013803.422,0.66,1.0804,0.61,1.106,32
1580013803.598,0.63,1.1093,0.61,1.0995,32
1580013803.772,0.65,1.0892,0.68,1.0839,32
1580013803.946,0.67,1.0662,0.66,1.0819,32
1580013804.119,0.68,1.0638,0.66,1.0768,32
1580013804.293,0.69,1.0488,0.65,1.0836,32
1580013804.466,0.7,1.0431,0.66,1.0838,32
1580013804.642,0.67,1.0668,0.64,1.0867,32
1580013804.818,0.69,1.0499,0.64,1.0858,32
1580013804.991,0.68,1.0571,0.65,1.0941,32
1580013805.165,0.69,1.0549,0.63,1.0997,32
1580013805.339,0.67,1.0668,0.65,1.092,32
1580013805.493,0.67,1.0749,0.68,1.0788,32
1580013805.675,0.67,1.0675,0.66,1.0793,33
1580013805.853,0.69,1.0546,0.67,1.0825,33
1580013806.028,0.67,1.0663,0.66,1.0871,33
1580013806.203,0.64,1.0887,0.65,1.0915,33
1580013806.378,0.69,1.0554,0.64,1.1,33
1580013806.551,0.67,1.0674,0.63,1.0986,33
1580013806.724,0.67,1.0699,0.66,1.0827,33
1580013806.9,0.7,1.0434,0.67,1.0781,33
1580013807.073,0.71,1.0334,0.66,1.0826,33
1580013807.248,0.67,1.0653,0.67,1.0811,33
1580013807.42,0.7,1.0391,0.65,1.0855,33
1580013807.594,0.7,1.0445,0.65,1.1009,33
1580013807.783,0.68,1.0583,0.63,1.1045,33
1580013807.958,0.67,1.0687,0.64,1.0931,33
1580013808.112,0.67,1.0735,0.69,1.0748,33
1580013808.287,0.67,1.0637,0.66,1.0738,34
1580013808.462,0.68,1.0597,0.67,1.0829,34
1580013808.636,0.67,1.0681,0.66,1.0922,34
1580013808.816,0.64,1.0913,0.65,1.0897,34
1580013808.989,0.67,1.0706,0.67,1.0833,34
1580013809.164,0.69,1.0538,0.65,1.0999,34
1580013809.339,0.66,1.083,0.62,1.107,34
1580013809.514,0.66,1.0794,0.64,1.0873,34
1580013809.689,0.7,1.0396,0.66,1.0794,34
1580013809.872,0.68,1.061,0.63,1.1073,34
1580013810.046,0.66,1.0717,0.63,1.0995,34
1580013810.221,0.66,1.082,0.67,1.0794,34
1580013810.396,0.69,1.0475,0.64,1.0914,34
1580013810.571,0.68,1.0591,0.64,1.095,34
1580013810.726,0.63,1.0969,0.63,1.1026,34
1580013810.906,0.66,1.0836,0.68,1.0742,35
1580013811.082,0.69,1.0577,0.66,1.075,35
1580013811.26,0.69,1.0599,0.67,1.0852,35
1580013811.433,0.65,1.0886,0.68,1.0907,35
1580013811.607,0.66,1.0755,0.66,1.0821,35
1580013811.785,0.69,1.0584,0.65,1.0903,35
1580013811.959,0.69,1.051,0.64,1.0995,35
1580013812.132,0.68,1.0597,0.61,1.1032,35
1580013812.307,0.68,1.0648,0.64,1.0983,35
1580013812.481,0.65,1.0846,0.68,1.0831,35
1580013812.656,0.71,1.0329,0.66,1.0911,35
1580013812.829,0.69,1.0545,0.63,1.1079,35
1580013813.004,0.66,1.0775,0.62,1.0996,35
1580013813.178,0.65,1.0786,0.68,1.0721,35
1580013813.335,0.67,1.0641,0.68,1.0706,35
1580013813.51,0.68,1.0678,0.65,1.0791,36
1580013813.688,0.67,1.0683,0.66,1.08,36
1580013813.862,0.66,1.0734,0.66,1.074,36
1580013814.041,0.66,1.0837,0.65,1.0765,36
1580013814.216,0.68,1.0541,0.66,1.0802,36
1580013814.395,0.68,1.0607,0.68,1.0716,36
1580013814.573,0.66,1.0732,0.68,1.0701,36
1580013814.756,0.69,1.0544,0.67,1.0775,36
1580013814.938,0.7,1.041,0.63,1.0964,36
1580013815.111,0.66,1.0756,0.65,1.1028,36
1580013815.287,0.69,1.0496,0.65,1.107,36
1580013815.463,0.67,1.0659,0.61,1.1179,36
1580013815.638,0.67,1.0696,0.62,1.1107,36
1580013815.816,0.69,1.0586,0.68,1.0834,36
1580013815.98,0.68,1.0615,0.65,1.0826,36
1580013816.157,0.66,1.0767,0.67,1.0747,37
1580013816.334,0.66,1.0733,0.68,1.0664,37
1580013816.514,0.68,1.0577,0.66,1.079,37
1580013816.689,0.67,1.0658,0.64,1.092,37
1580013816.863,0.68,1.0613,0.64,1.0939,37
1580013817.04,0.68,1.0601,0.66,1.0715,37
1580013817.214,0.69,1.0477,0.67,1.0768,37
1580013817.39,0.69,1.0488,0.64,1.092,37
1580013817.574,0.7,1.0394,0.65,1.0976,37
1580013817.757,0.68,1.064,0.64,1.1032,37
1580013817.942,0.71,1.029,0.61,1.1272,37
1580013818.118,0.69,1.0532,0.61,1.1247,37
1580013818.296,0.67,1.0694,0.63,1.1012,37
1580013818.471,0.68,1.0589,0.66,1.0948,37
1580013818.63,0.68,1.068,0.64,1.0986,37
1580013818.81,0.67,1.0693,0.62,1.0997,38
1580013818.987,0.68,1.0657,0.66,1.0832,38
1580013819.164,0.68,1.0643,0.64,1.0919,38
1580013819.34,0.66,1.0751,0.61,1.1161,38
1580013819.528,0.67,1.0688,0.63,1.11,38
1580013819.719,0.67,1.0738,0.65,1.099,38
1580013819.91,0.66,1.0708,0.65,1.0941,38
1580013820.108,0.69,1.0513,0.61,1.1134,38
1580013820.298,0.68,1.0556,0.6,1.1171,38
1580013820.479,0.64,1.0939,0.64,1.096,38
1580013820.662,0.69,1.0505,0.64,1.0992,38
1580013820.841,0.69,1.0488,0.62,1.1225,38
1580013821.024,0.67,1.0771,0.56,1.1587,38
1580013821.207,0.61,1.1186,0.59,1.1347,38
1580013821.373,0.64,1.0961,0.65,1.0948,38
1580013821.557,0.66,1.0705,0.66,1.0931,39
1580013821.746,0.68,1.0595,0.6,1.117,39
1580013821.929,0.65,1.0859,0.58,1.1188,39
1580013822.117,0.62,1.1194,0.62,1.1049,39
1580013822.296,0.65,1.0835,0.67,1.0766,39
1580013822.473,0.68,1.0682,0.66,1.0745,39
1580013822.647,0.68,1.0565,0.63,1.0919,39
1580013822.824,0.69,1.0503,0.64,1.0975,39
1580013823.0,0.68,1.0618,0.65,1.0912,39
1580013823.176,0.69,1.049,0.67,1.0851,39
1580013823.351,0.7,1.0444,0.65,1.0819,39
1580013823.527,0.69,1.0461,0.65,1.0903,39
1580013823.703,0.69,1.0475,0.63,1.0955,39
1580013823.881,0.67,1.0629,0.65,1.0915,39
1580013824.039,0.67,1.0678,0.65,1.0823,39
1580013824.216,0.68,1.057,0.67,1.0803,40
1580013824.389,0.69,1.0484,0.64,1.0853,40
1580013824.566,0.68,1.0466,0.67,1.0813,40
1580013824.742,0.67,1.0649,0.65,1.0775,40
1580013824.922,0.7,1.0448,0.68,1.0633,40
1580013825.099,0.69,1.0455,0.68,1.0583,40
1580013825.276,0.7,1.0361,0.67,1.0595,40
1580013825.453,0.7,1.0358,0.66,1.0693,40
1580013825.631,0.7,1.0363,0.65,1.0779,40
1580013825.809,0.67,1.0668,0.64,1.0821,40
1580013825.989,0.71,1.0304,0.64,1.0891,40
1580013826.167,0.69,1.0498,0.62,1.1029,40
1580013826.344,0.71,1.0372,0.66,1.0973,40
1580013826.521,0.69,1.0517,0.64,1.0943,40
1580013826.678,0.67,1.0627,0.64,1.0918,40
1580013826.853,0.69,1.0591,0.65,1.091,41
1580013827.031,0.71,1.0382,0.62,1.0907,41
1580013827.211,0.69,1.0456,0.63,1.0848,41
1580013827.388,0.66,1.0636,0.64,1.0825,41
1580013827.565,0.7,1.0397,0.65,1.0811,41
1580013827.743,0.71,1.0331,0.67,1.0813,41
1580013827.919,0.7,1.0422,0.65,1.0774,41
1580013828.105,0.72,1.0284,0.66,1.0745,41
1580013828.287,0.72,1.0262,0.66,1.0818,41
1580013828.463,0.68,1.0527,0.63,1.0883,41
1580013828.642,0.7,1.0361,0.65,1.0842,41
1580013828.818,0.7,1.0416,0.66,1.0834,41
1580013828.994,0.72,1.0302,0.66,1.0863,41
1580013829.172,0.7,1.0393,0.65,1.0846,41
1580013829.328,0.69,1.0461,0.65,1.0818,41
1580013829.506,0.7,1.0494,0.66,1.0798,42
1580013829.683,0.71,1.0371,0.68,1.0688,42
1580013829.861,0.7,1.0388,0.7,1.0625,42
1580013830.036,0.67,1.0667,0.67,1.0638,42
1580013830.214,0.71,1.0353,0.66,1.0699,42
1580013830.391,0.72,1.029,0.64,1.0844,42
1580013830.566,0.7,1.0357,0.67,1.0724,42
1580013830.741,0.71,1.0305,0.67,1.0695,42
1580013830.917,0.72,1.0216,0.66,1.0778,42
1580013831.093,0.69,1.0456,0.64,1.0838,42
1580013831.271,0.71,1.0294,0.64,1.0879,42
1580013831.447,0.71,1.0328,0.61,1.0986,42
1580013831.624,0.71,1.0341,0.65,1.088,42
1580013831.801,0.71,1.0356,0.66,1.0821,42
1580013831.958,0.7,1.0409,0.66,1.079,42
1580013832.136,0.7,1.0442,0.66,1.0844,43
1580013832.319,0.71,1.0289,0.62,1.0969,43
1580013832.496,0.7,1.0358,0.63,1.0861,43
1580013832.673,0.7,1.0458,0.64,1.076,43
1580013832.852,0.71,1.0313,0.69,1.0584,43
1580013833.027,0.72,1.0313,0.67,1.0673,43
1580013833.205,0.72,1.0268,0.67,1.0692,43
1580013833.39,0.73,1.0208,0.68,1.065,43
1580013833.567,0.72,1.0142,0.68,1.0634,43
1580013833.744,0.7,1.037,0.68,1.0695,43
1580013833.918,0.71,1.0226,0.64,1.0763,43
1580013834.095,0.72,1.027,0.63,1.088,43
1580013834.27,0.72,1.0303,0.62,1.0926,43
1580013834.446,0.72,1.0271,0.66,1.0849,43
1580013834.603,0.71,1.0381,0.66,1.0825,43
1580013834.785,0.71,1.0392,0.65,1.079,44
1580013834.961,0.71,1.0305,0.65,1.0758,44
1580013835.142,0.71,1.026,0.64,1.0889,44
1580013835.319,0.69,1.0417,0.63,1.0985,44
1580013835.497,0.7,1.0445,0.64,1.0761,44
1580013835.673,0.71,1.0301,0.67,1.0645,44
1580013835.853,0.73,1.0171,0.7,1.051,44
1580013836.03,0.72,1.0206,0.7,1.0559,44
1580013836.206,0.73,1.0136,0.67,1.0673,44
1580013836.384,0.71,1.0315,0.67,1.0855,44
1580013836.56,0.72,1.0259,0.66,1.0858,44
1580013836.736,0.72,1.025,0.66,1.0757,44
1580013836.911,0.71,1.0281,0.68,1.0667,44
1580013837.086,0.7,1.0364,0.65,1.0815,44
1580013837.243,0.71,1.028,0.65,1.0859,44
1580013837.423,0.67,1.0621,0.67,1.0799,45
1580013837.603,0.69,1.0482,0.64,1.0868,45
1580013837.782,0.72,1.0208,0.62,1.0917,45
1580013837.958,0.68,1.0603,0.65,1.0936,45
1580013838.137,0.71,1.0389,0.64,1.0989,45
1580013838.314,0.72,1.0292,0.64,1.089,45
1580013838.495,0.69,1.0443,0.7,1.0603,45
1580013838.673,0.71,1.0335,0.7,1.064,45
1580013838.849,0.73,1.0115,0.67,1.0651,45
1580013839.025,0.7,1.0447,0.67,1.0798,45
1580013839.202,0.71,1.0246,0.65,1.0808,45
1580013839.378,0.73,1.019,0.65,1.0766,45
1580013839.555,0.72,1.0249,0.68,1.0711,45
1580013839.731,0.71,1.0309,0.66,1.0722,45
1580013839.888,0.72,1.0234,0.66,1.0771,45
1580013840.064,0.71,1.0335,0.66,1.089,46
1580013840.242,0.71,1.0326,0.65,1.098,46
1580013840.422,0.72,1.0223,0.65,1.0901,46
1580013840.598,0.7,1.0359,0.66,1.0841,46
1580013840.775,0.71,1.0256,0.65,1.0833,46
1580013840.953,0.73,1.0195,0.64,1.0982,46
1580013841.129,0.73,1.0184,0.64,1.078,46
1580013841.307,0.73,1.0103,0.7,1.0574,46
1580013841.488,0.74,1.0011,0.7,1.0531,46
1580013841.664,0.71,1.0302,0.7,1.0555,46
1580013841.84,0.73,1.0132,0.66,1.0707,46
1580013842.016,0.73,1.0154,0.63,1.1057,46
1580013842.193,0.71,1.0299,0.63,1.0908,46
1580013842.378,0.71,1.0314,0.68,1.0575,46
1580013842.54,0.71,1.0336,0.69,1.0588,46
1580013842.718,0.69,1.0454,0.68,1.0626,47
1580013842.897,0.7,1.0414,0.69,1.0688,47
1580013843.077,0.71,1.0275,0.64,1.0926,47
1580013843.253,0.71,1.0323,0.65,1.0918,47
1580013843.43,0.7,1.0416,0.64,1.0953,47
1580013843.61,0.71,1.0402,0.64,1.0805,47
1580013843.786,0.73,1.0112,0.69,1.0606,47
1580013843.962,0.72,1.0247,0.68,1.0607,47
1580013844.139,0.72,1.02,0.69,1.0698,47
1580013844.316,0.72,1.0229,0.66,1.0756,47
1580013844.494,0.74,1.004,0.65,1.0836,47
1580013844.672,0.72,1.0235,0.65,1.0881,47
1580013844.858,0.7,1.0409,0.63,1.0958,47
1580013845.035,0.72,1.0227,0.63,1.0919,47
1580013845.192,0.71,1.0306,0.68,1.0635,47
1580013845.371,0.69,1.0499,0.7,1.0551,48
1580013845.551,0.7,1.0399,0.69,1.0558,48
1580013845.729,0.71,1.0299,0.66,1.0778,48
1580013845.905,0.72,1.0263,0.62,1.102,48
1580013846.081,0.72,1.0308,0.62,1.1039,48
1580013846.26,0.71,1.0326,0.66,1.0789,48
1580013846.437,0.73,1.0111,0.69,1.0648,48
1580013846.618,0.71,1.0324,0.69,1.0681,48
1580013846.8,0.71,1.0253,0.65,1.0833,48
1580013846.979,0.71,1.0269,0.66,1.0762,48
1580013847.155,0.72,1.0207,0.67,1.0812,48
1580013847.333,0.74,1.0065,0.6,1.117,48
1580013847.511,0.72,1.0257,0.6,1.1201,48
1580013847.696,0.71,1.0399,0.68,1.0749,48
1580013847.854,0.71,1.0266,0.69,1.056,48
1580013848.034,0.7,1.0413,0.68,1.0622,49
1580013848.213,0.68,1.0566,0.69,1.055,49
1580013848.403,0.69,1.0435,0.66,1.0688,49
1580013848.588,0.71,1.0252,0.62,1.1164,49
1580013848.772,0.7,1.0379,0.61,1.1238,49
1580013848.95,0.69,1.0527,0.62,1.1162,49
1580013849.127,0.71,1.0324,0.65,1.087,49
1580013849.316,0.72,1.024,0.68,1.0666,49
1580013849.503,0.73,1.0146,0.67,1.0727,49
1580013849.68,0.68,1.0596,0.65,1.0919,49
1580013849.857,0.7,1.0336,0.62,1.1047,49
1580013850.036,0.72,1.0265,0.65,1.0981,49
1580013850.214,0.71,1.028,0.65,1.0927,49
1580013850.392,0.69,1.0489,0.6,1.1121,49
1580013850.55,0.66,1.0753,0.63,1.1051,49
1580013850.733,0.68,1.0585,0.68,1.0679,50
1580013850.92,0.7,1.037,0.68,1.0631,50
1580013851.098,0.7,1.0403,0.67,1.0728,50
1580013851.277,0.65,1.0849,0.68,1.0694,50
1580013851.458,0.69,1.0521,0.68,1.0628,50
1580013851.645,0.7,1.04,0.67,1.0697,50
1580013851.826,0.72,1.0205,0.67,1.0785,50
1580013852.004,0.7,1.0363,0.63,1.1023,50
1580013852.182,0.72,1.0248,0.63,1.1116,50
1580013852.362,0.69,1.0499,0.62,1.1039,50
1580013852.538,0.71,1.0226,0.64,1.1013,50
1580013852.715,0.72,1.0164,0.62,1.1144,50
1580013852.893,0.69,1.0487,0.61,1.1071,50
1580013853.07,0.69,1.0518,0.67,1.0734,50
1580013853.228,0.7,1.0398,0.67,1.074,50
1580013853.411,0.68,1.0559,0.63,1.0921,51
1580013853.587,0.69,1.0495,0.64,1.1056,51
1580013853.77,0.7,1.0363,0.64,1.1015,51
1580013853.949,0.68,1.0579,0.63,1.0999,51
1580013854.126,0.71,1.0338,0.64,1.0896,51
1580013854.304,0.72,1.022,0.67,1.0821,51
1580013854.483,0.73,1.0151,0.65,1.0798,51
1580013854.66,0.72,1.0231,0.64,1.0791,51
1580013854.845,0.73,1.0113,0.65,1.0763,51
1580013855.023,0.71,1.0282,0.62,1.0901,51
1580013855.2,0.73,1.0068,0.62,1.1056,51
1580013855.39,0.72,1.0173,0.61,1.1147,51
1580013855.581,0.7,1.038,0.63,1.0948,51
1580013855.769,0.7,1.0362,0.67,1.064,51
1580013855.938,0.71,1.0272,0.69,1.0569,51
1580013856.127,0.69,1.0439,0.69,1.0664,52
1580013856.305,0.69,1.0465,0.69,1.0455,52
1580013856.486,0.71,1.0324,0.69,1.0521,52
1580013856.667,0.7,1.0375,0.65,1.0925,52
1580013856.848,0.71,1.0276,0.61,1.1057,52
1580013857.028,0.69,1.0469,0.64,1.0862,52
1580013857.206,0.72,1.0287,0.66,1.0699,52
1580013857.383,0.72,1.0275,0.66,1.0801,52
1580013857.563,0.71,1.0327,0.65,1.0765,52
1580013857.745,0.69,1.0414,0.67,1.0696,52
1580013857.925,0.73,1.0062,0.63,1.0975,52
1580013858.105,0.74,1.0077,0.63,1.1088,52
1580013858.284,0.69,1.0442,0.63,1.0977,52
1580013858.464,0.68,1.0547,0.66,1.0801,52
1580013858.625,0.71,1.0358,0.67,1.0669,52
1580013858.809,0.7,1.0347,0.69,1.0582,53
1580013858.988,0.7,1.0374,0.65,1.1035,53
1580013859.168,0.67,1.0703,0.67,1.0744,53
1580013859.346,0.67,1.0626,0.69,1.0572,53
1580013859.523,0.71,1.0296,0.66,1.0844,53
1580013859.706,0.72,1.0211,0.61,1.1213,53
1580013859.886,0.68,1.0647,0.61,1.1185,53
1580013860.061,0.69,1.0516,0.63,1.0967,53
1580013860.24,0.71,1.0273,0.66,1.0674,53
1580013860.43,0.72,1.0196,0.68,1.0715,53
1580013860.62,0.71,1.0298,0.64,1.092,53
1580013860.81,0.67,1.0675,0.63,1.1029,53
1580013861.005,0.69,1.0469,0.63,1.1004,53
1580013861.183,0.71,1.0391,0.64,1.0901,53
1580013861.341,0.73,1.0186,0.65,1.0735,53
1580013861.522,0.69,1.0503,0.65,1.0652,54
1580013861.699,0.7,1.0401,0.7,1.0491,54
1580013861.881,0.72,1.0274,0.69,1.053,54
1580013862.059,0.71,1.0331,0.67,1.0734,54
1580013862.239,0.7,1.0424,0.64,1.0774,54
1580013862.419,0.7,1.0319,0.65,1.0761,54
1580013862.597,0.72,1.0153,0.65,1.0745,54
1580013862.775,0.73,1.0109,0.63,1.0807,54
1580013862.953,0.73,1.0126,0.65,1.0826,54
1580013863.13,0.72,1.0212,0.67,1.063,54
1580013863.309,0.73,1.0087,0.67,1.0688,54
1580013863.487,0.71,1.0309,0.63,1.0945,54
1580013863.664,0.71,1.0309,0.64,1.1045,54
1580013863.841,0.7,1.0407,0.65,1.0876,54
1580013864.007,0.73,1.0135,0.67,1.0762,54
1580013864.185,0.71,1.031,0.69,1.0659,55
1580013864.364,0.71,1.0277,0.67,1.0656,55
1580013864.546,0.71,1.0265,0.67,1.0734,55
1580013864.728,0.71,1.028,0.65,1.0849,55
1580013864.906,0.73,1.0212,0.64,1.091,55
1580013865.088,0.73,1.0146,0.65,1.0817,55
1580013865.266,0.72,1.0267,0.66,1.0617,55
1580013865.445,0.73,1.0099,0.65,1.0648,55
1580013865.624,0.75,0.998,0.68,1.0577,55
1580013865.803,0.72,1.0223,0.67,1.0631,55
1580013865.984,0.72,1.016,0.68,1.0647,55
1580013866.164,0.73,1.0098,0.67,1.0773,55
1580013866.348,0.72,1.0202,0.66,1.0868,55
1580013866.532,0.7,1.0364,0.65,1.0851,55
1580013866.692,0.71,1.0267,0.68,1.0684,55
1580013866.875,0.71,1.0303,0.67,1.0638,56
1580013867.055,0.72,1.016,0.68,1.0598,56
1580013867.239,0.72,1.0264,0.7,1.0508,56
1580013867.419,0.72,1.0281,0.65,1.0771,56
1580013867.599,0.73,1.016,0.65,1.08,56
1580013867.777,0.74,1.0045,0.65,1.0877,56
1580013867.956,0.71,1.0335,0.68,1.0593,56
1580013868.139,0.72,1.0195,0.72,1.0352,56
1580013868.318,0.74,1.006,0.69,1.0405,56
1580013868.496,0.72,1.0209,0.68,1.0597,56
1580013868.692,0.73,1.0136,0.63,1.0945,56
1580013868.87,0.72,1.0274,0.62,1.1049,56
1580013869.048,0.7,1.0348,0.67,1.0732,56
1580013869.226,0.73,1.0175,0.67,1.0776,56
1580013869.39,0.72,1.0223,0.65,1.0741,56
1580013869.567,0.7,1.046,0.69,1.0648,57
1580013869.751,0.71,1.0282,0.67,1.0721,57
1580013869.932,0.73,1.0161,0.65,1.0869,57
1580013870.11,0.72,1.0195,0.63,1.0956,57
1580013870.291,0.71,1.0324,0.64,1.081,57
1580013870.472,0.73,1.0122,0.64,1.0799,57
1580013870.65,0.74,1.0035,0.65,1.0719,57
1580013870.828,0.75,0.9986,0.67,1.0715,57
1580013871.007,0.72,1.0128,0.67,1.0619,57
1580013871.193,0.71,1.0306,0.72,1.0407,57
1580013871.379,0.74,1.0041,0.68,1.0567,57
1580013871.562,0.74,1.0117,0.65,1.093,57
1580013871.742,0.71,1.0285,0.63,1.1068,57
1580013871.919,0.69,1.0434,0.66,1.0656,57
1580013872.078,0.74,1.0046,0.7,1.0521,57
1580013872.259,0.7,1.0347,0.7,1.0626,58
1580013872.446,0.7,1.037,0.69,1.0622,58
1580013872.629,0.71,1.0307,0.66,1.0672,58
1580013872.807,0.72,1.0178,0.63,1.0917,58
1580013872.987,0.73,1.0141,0.63,1.1096,58
1580013873.173,0.72,1.0174,0.62,1.1014,58
1580013873.353,0.71,1.0279,0.69,1.0632,58
1580013873.534,0.73,1.0124,0.65,1.0765,58
1580013873.713,0.76,0.9883,0.67,1.0795,58
1580013873.891,0.71,1.0304,0.66,1.0652,58
1580013874.068,0.72,1.0182,0.69,1.0528,58
1580013874.25,0.73,1.0084,0.66,1.076,58
1580013874.428,0.73,1.0124,0.65,1.0965,58
1580013874.607,0.71,1.0266,0.64,1.1017,58
1580013874.776,0.71,1.03,0.67,1.0662,58
1580013874.955,0.71,1.0288,0.7,1.0473,59
1580013875.135,0.72,1.0191,0.7,1.0428,59
1580013875.316,0.73,1.0194,0.71,1.0413,59
1580013875.498,0.72,1.0212,0.65,1.0771,59
1580013875.677,0.73,1.0101,0.62,1.1064,59
1580013875.855,0.72,1.0177,0.62,1.1043,59
1580013876.032,0.71,1.0285,0.64,1.0828,59
1580013876.21,0.74,0.9983,0.65,1.0834,59
1580013876.391,0.74,1.0035,0.65,1.0898,59
1580013876.574,0.7,1.0382,0.66,1.0857,59
1580013876.754,0.73,1.0151,0.68,1.0659,59
1580013876.935,0.73,1.0102,0.64,1.0916,59
1580013877.118,0.73,1.014,0.6,1.1183,59
1580013877.302,0.7,1.0414,0.63,1.1082,59
1580013877.462,0.69,1.0448,0.64,1.0733,59
1580013877.658,0.72,1.0164,0.69,1.0536,60
1580013877.84,0.73,1.0166,0.65,1.0719,60
1580013878.022,0.7,1.0419,0.67,1.0743,60
1580013878.2,0.68,1.0585,0.69,1.0536,60
1580013878.382,0.73,1.0211,0.69,1.0516,60
1580013878.56,0.74,1.0071,0.67,1.071,60
1580013878.752,0.72,1.0219,0.67,1.0697,60
1580013878.935,0.71,1.0261,0.66,1.0642,60
1580013879.111,0.73,1.0144,0.68,1.0595,60
1580013879.289,0.74,0.9976,0.66,1.0622,60
1580013879.471,0.74,0.9996,0.65,1.0924,60
1580013879.65,0.7,1.0397,0.64,1.0843,60
1580013879.833,0.7,1.0373,0.67,1.0625,60
1580013880.014,0.72,1.0199,0.66,1.0707,60
1580013880.174,0.75,0.9974,0.65,1.1037,60
1580013880.362,0.68,1.0497,0.62,1.1166,61
1580013880.55,0.7,1.0445,0.68,1.0779,61
1580013880.73,0.71,1.0266,0.67,1.0612,61
1580013880.924,0.73,1.0133,0.67,1.0717,61
1580013881.107,0.73,1.0127,0.65,1.0769,61
1580013881.285,0.71,1.0287,0.69,1.0584,61
1580013881.465,0.73,1.0094,0.72,1.0418,61
1580013881.654,0.75,0.9998,0.67,1.0642,61
1580013881.834,0.74,0.9967,0.66,1.0706,61
1580013882.014,0.74,1.0048,0.65,1.0765,61
1580013882.191,0.72,1.0156,0.68,1.0586,61
1580013882.369,0.75,0.9971,0.68,1.0522,61
1580013882.56,0.74,1.0044,0.73,1.0407,61
1580013882.741,0.72,1.0165,0.71,1.0359,61
1580013882.899,0.7,1.0389,0.69,1.0478,61
1580013883.079,0.73,1.0083,0.63,1.0919,62
1580013883.262,0.73,1.0128,0.64,1.096,62
1580013883.446,0.72,1.0209,0.64,1.0913,62
1580013883.624,0.72,1.0223,0.63,1.0908,62
1580013883.804,0.74,1.0056,0.66,1.0767,62
1580013883.984,0.74,1.0058,0.66,1.0749,62
1580013884.165,0.75,0.9932,0.66,1.0707,62
1580013884.343,0.75,0.9904,0.67,1.0715,62
1580013884.521,0.75,0.9856,0.67,1.0713,62
1580013884.697,0.74,0.9989,0.64,1.083,62
1580013884.875,0.75,0.994,0.66,1.0798,62
1580013885.052,0.75,0.9938,0.66,1.0832,62
1580013885.228,0.74,1.0044,0.66,1.078,62
1580013885.409,0.73,1.0079,0.66,1.0746,62
1580013885.569,0.74,1.0015,0.66,1.0783,62
1580013885.747,0.74,1.0012,0.68,1.0736,63
1580013885.925,0.74,1.005,0.65,1.0641,63
1580013886.104,0.74,1.0022,0.68,1.0603,63
1580013886.284,0.75,0.9941,0.69,1.0591,63
1580013886.463,0.75,0.9969,0.67,1.0579,63
1580013886.641,0.75,0.9941,0.68,1.0564,63
1580013886.817,0.75,0.9925,0.7,1.0482,63
1580013886.994,0.76,0.9891,0.71,1.0465,63
1580013887.17,0.77,0.9777,0.7,1.047,63
1580013887.349,0.76,0.9838,0.68,1.066,63
1580013887.53,0.76,0.9857,0.66,1.079,63
1580013887.707,0.76,0.9858,0.66,1.0811,63
1580013887.883,0.75,0.9944,0.66,1.0769,63
1580013888.06,0.73,1.0121,0.67,1.0657,63
1580013888.217,0.74,0.9958,0.66,1.0763,63
1580013888.396,0.75,0.9958,0.65,1.0833,64
1580013888.581,0.74,1.003,0.67,1.0709,64
1580013888.762,0.73,1.0069,0.7,1.0393,64
1580013888.952,0.76,0.9886,0.7,1.0409,64
1580013889.13,0.75,0.9947,0.67,1.0527,64
1580013889.307,0.75,0.9944,0.67,1.0663,64
1580013889.487,0.75,0.9962,0.7,1.0628,64
1580013889.663,0.75,0.9889,0.7,1.0507,64
1580013889.842,0.78,0.9743,0.7,1.0418,64
1580013890.035,0.76,0.987,0.7,1.0425,64
1580013890.213,0.76,0.9871,0.69,1.0518,64
1580013890.39,0.76,0.9901,0.66,1.0815,64
1580013890.572,0.74,0.9964,0.63,1.1059,64
1580013890.748,0.73,1.0094,0.65,1.1061,64
1580013890.905,0.73,1.0102,0.66,1.088,64
1580013891.083,0.75,0.9944,0.69,1.0744,65
1580013891.261,0.75,0.9948,0.69,1.065,65
1580013891.439,0.73,1.0157,0.69,1.0601,65
1580013891.625,0.76,0.9935,0.68,1.0618,65
1580013891.802,0.76,0.9896,0.66,1.0688,65
1580013891.979,0.75,0.9986,0.66,1.0732,65
1580013892.154,0.75,0.9983,0.67,1.0631,65
1580013892.33,0.77,0.9839,0.7,1.0531,65
1580013892.508,0.78,0.9671,0.71,1.0426,65
1580013892.687,0.76,0.9861,0.71,1.038,65
1580013892.866,0.75,0.9955,0.7,1.0362,65
1580013893.042,0.74,0.998,0.69,1.052,65
1580013893.217,0.76,0.9888,0.65,1.0843,65
1580013893.394,0.74,1.0042,0.63,1.1069,65
1580013893.555,0.73,1.0158,0.62,1.1035,65
1580013893.735,0.73,1.0112,0.64,1.077,66
1580013893.914,0.75,0.9931,0.69,1.0499,66
1580013894.09,0.74,1.0034,0.7,1.0401,66
1580013894.266,0.72,1.0206,0.7,1.0316,66
1580013894.442,0.74,1.0077,0.67,1.0647,66
1580013894.624,0.75,0.9922,0.64,1.0942,66
1580013894.804,0.72,1.016,0.65,1.091,66
1580013894.98,0.72,1.0153,0.67,1.0699,66
1580013895.159,0.74,0.9993,0.71,1.034,66
1580013895.334,0.74,0.9934,0.71,1.0362,66
1580013895.511,0.73,1.0071,0.68,1.0474,66
1580013895.692,0.71,1.0325,0.71,1.0396,66
1580013895.869,0.69,1.0468,0.72,1.0311,66
1580013896.044,0.72,1.0121,0.68,1.0575,66
1580013896.202,0.74,0.9984,0.65,1.0901,66
1580013896.383,0.72,1.0234,0.63,1.1076,67
1580013896.56,0.69,1.0525,0.66,1.0985,67
1580013896.75,0.71,1.033,0.65,1.0917,67
1580013896.927,0.73,1.0103,0.7,1.0422,67
1580013897.103,0.74,1.0068,0.7,1.0494,67
1580013897.281,0.69,1.051,0.7,1.053,67
1580013897.458,0.71,1.0361,0.68,1.0613,67
1580013897.633,0.72,1.0216,0.68,1.0558,67
1580013897.812,0.77,0.9782,0.67,1.0682,67
1580013897.988,0.77,0.9808,0.66,1.094,67
1580013898.164,0.73,1.0088,0.64,1.0913,67
1580013898.341,0.72,1.0227,0.66,1.0826,67
1580013898.516,0.73,1.0127,0.67,1.0759,67
1580013898.695,0.73,1.0104,0.69,1.0571,67
1580013898.854,0.73,1.0121,0.69,1.0566,67
1580013899.038,0.73,1.0095,0.65,1.0824,68
1580013899.217,0.73,1.0072,0.65,1.0969,68
1580013899.394,0.72,1.0216,0.66,1.0826,68
1580013899.57,0.73,1.0124,0.68,1.0596,68
1580013899.745,0.75,0.995,0.69,1.055,68
1580013899.924,0.74,0.9995,0.7,1.0501,68
1580013900.1,0.73,1.0066,0.7,1.0482,68
1580013900.276,0.75,0.9905,0.67,1.0602,68
1580013900.452,0.78,0.9697,0.67,1.0716,68
1580013900.626,0.75,0.989,0.67,1.0797,68
1580013900.805,0.75,0.9959,0.68,1.0558,68
1580013900.986,0.76,0.9841,0.7,1.0489,68
1580013901.163,0.75,0.9903,0.7,1.0443,68
1580013901.339,0.74,1.0016,0.69,1.0488,68
1580013901.496,0.73,1.0062,0.66,1.0758,68
1580013901.673,0.75,0.9923,0.64,1.0995,69
1580013901.856,0.74,0.9994,0.62,1.1254,69
1580013902.041,0.72,1.0216,0.62,1.1008,69
1580013902.223,0.74,1.0028,0.68,1.0636,69
1580013902.41,0.76,0.9881,0.68,1.0511,69
1580013902.586,0.75,0.9994,0.67,1.0606,69
1580013902.764,0.74,1.0013,0.67,1.056,69
1580013902.939,0.74,0.9985,0.67,1.0679,69
1580013903.119,0.78,0.9634,0.67,1.0783,69
1580013903.298,0.78,0.9731,0.63,1.1028,69
1580013903.475,0.74,1.0035,0.63,1.1065,69
1580013903.651,0.75,0.9959,0.65,1.0844,69
1580013903.828,0.76,0.9866,0.67,1.0645,69
1580013904.004,0.74,0.9985,0.68,1.0694,69
1580013904.165,0.74,1.0057,0.63,1.0901,69
1580013904.343,0.72,1.0232,0.65,1.0966,70
1580013904.519,0.74,1.0022,0.62,1.1148,70
1580013904.698,0.74,1.0006,0.62,1.126,70
1580013904.875,0.7,1.0371,0.63,1.1032,70
1580013905.053,0.7,1.0387,0.67,1.0649,70
1580013905.235,0.75,0.9926,0.69,1.046,70
1580013905.413,0.77,0.9774,0.66,1.0712,70
1580013905.589,0.74,1.0045,0.66,1.0819,70
1580013905.771,0.72,1.0195,0.67,1.0703,70
1580013905.954,0.73,1.0178,0.7,1.0556,70
1580013906.131,0.75,0.9913,0.67,1.0614,70
1580013906.311,0.75,0.9887,0.64,1.1038,70
1580013906.488,0.73,1.0139,0.62,1.1202,70
1580013906.664,0.71,1.0276,0.61,1.1175,70
1580013906.82,0.73,1.0152,0.63,1.095,70
1580013907.001,0.75,0.9904,0.64,1.0875,71
1580013907.179,0.74,0.9972,0.65,1.0855,71
1580013907.356,0.73,1.0057,0.65,1.0883,71
1580013907.533,0.73,1.0128,0.64,1.0885,71
1580013907.711,0.75,0.998,0.63,1.0959,71
1580013907.895,0.75,0.9923,0.64,1.0915,71
1580013908.071,0.74,1.0021,0.66,1.0741,71
1580013908.246,0.75,0.9955,0.67,1.0641,71
1580013908.422,0.78,0.9654,0.67,1.0677,71
1580013908.606,0.76,0.9832,0.66,1.0746,71
1580013908.787,0.76,0.9829,0.66,1.075,71
1580013908.97,0.76,0.9843,0.68,1.0725,71
1580013909.149,0.76,0.9846,0.68,1.0732,71
1580013909.353,0.75,0.9897,0.68,1.0766,71
1580013909.522,0.75,0.9925,0.65,1.0819,71
1580013909.7,0.76,0.9868,0.68,1.0687,72
1580013909.879,0.76,0.982,0.68,1.0669,72
1580013910.063,0.76,0.9821,0.67,1.0678,72
1580013910.24,0.76,0.9869,0.67,1.0689,72
1580013910.421,0.76,0.9858,0.66,1.0654,72
1580013910.599,0.77,0.9767,0.67,1.0586,72
1580013910.778,0.77,0.9772,0.72,1.0419,72
1580013910.962,0.78,0.9717,0.69,1.0458,72
1580013911.139,0.78,0.9598,0.71,1.0478,72
1580013911.315,0.77,0.975,0.66,1.0653,72
1580013911.494,0.77,0.9749,0.64,1.0829,72
1580013911.678,0.77,0.9734,0.64,1.0881,72
1580013911.854,0.76,0.9798,0.66,1.0796,72
1580013912.029,0.76,0.9831,0.65,1.0881,72
1580013912.185,0.77,0.9725,0.64,1.0947,72
1580013912.364,0.77,0.9787,0.63,1.0976,73
1580013912.54,0.77,0.9777,0.63,1.0982,73
1580013912.718,0.76,0.9792,0.65,1.096,73
1580013912.894,0.77,0.9754,0.64,1.0913,73
1580013913.075,0.76,0.9828,0.65,1.0703,73
1580013913.252,0.78,0.9694,0.69,1.0544,73
1580013913.428,0.78,0.9685,0.69,1.0474,73
1580013913.604,0.77,0.9704,0.7,1.0513,73
1580013913.784,0.79,0.9542,0.71,1.0505,73
1580013913.958,0.77,0.9741,0.69,1.0562,73
1580013914.141,0.77,0.9703,0.67,1.0699,73
1580013914.316,0.78,0.9699,0.66,1.0808,73
1580013914.494,0.78,0.9729,0.66,1.075,73
1580013914.673,0.77,0.9803,0.67,1.0834,73
1580013914.833,0.77,0.9705,0.65,1.0891,73
1580013915.011,0.77,0.9738,0.64,1.0953,74
1580013915.188,0.77,0.9754,0.65,1.0891,74
1580013915.379,0.77,0.9746,0.65,1.0731,74
1580013915.57,0.78,0.9731,0.65,1.0724,74
1580013915.759,0.76,0.98,0.66,1.0774,74
1580013915.947,0.78,0.9679,0.67,1.0591,74
1580013916.138,0.78,0.9686,0.7,1.0355,74
1580013916.316,0.78,0.9684,0.71,1.0442,74
1580013916.494,0.8,0.9493,0.69,1.0551,74
1580013916.671,0.77,0.9761,0.68,1.0598,74
1580013916.85,0.77,0.9741,0.66,1.0702,74
1580013917.025,0.78,0.9687,0.65,1.0861,74
1580013917.207,0.77,0.9737,0.68,1.0678,74
1580013917.384,0.76,0.9823,0.69,1.0596,74
1580013917.543,0.76,0.9785,0.67,1.0732,74
1580013917.725,0.78,0.9692,0.63,1.0937,75
1580013917.906,0.75,0.9925,0.63,1.0996,75
1580013918.084,0.76,0.9864,0.65,1.0788,75
1580013918.261,0.77,0.978,0.69,1.0541,75
1580013918.441,0.76,0.9826,0.68,1.0642,75
1580013918.617,0.78,0.9682,0.66,1.0788,75
1580013918.795,0.76,0.9792,0.67,1.0665,75
1580013918.972,0.77,0.9707,0.68,1.0578,75
1580013919.15,0.8,0.9445,0.68,1.0498,75
1580013919.332,0.76,0.9866,0.71,1.0472,75
1580013919.517,0.75,0.992,0.68,1.0543,75
1580013919.696,0.77,0.9741,0.68,1.0577,75
1580013919.873,0.76,0.9909,0.64,1.0926,75
1580013920.053,0.74,0.999,0.65,1.084,75
1580013920.217,0.75,0.9931,0.69,1.0553,75
1580013920.413,0.76,0.981,0.69,1.0564,76
1580013920.602,0.75,0.9904,0.65,1.0876,76
1580013920.793,0.76,0.9858,0.64,1.0925,76
1580013920.98,0.73,1.0131,0.65,1.0797,76
1580013921.168,0.75,0.997,0.67,1.079,76
1580013921.344,0.77,0.9756,0.65,1.0856,76
1580013921.52,0.74,1.0026,0.66,1.078,76
1580013921.698,0.74,0.9993,0.66,1.071,76
1580013921.879,0.8,0.9514,0.66,1.0765,76
1580013922.057,0.77,0.9764,0.66,1.078,76
1580013922.235,0.75,0.9856,0.68,1.066,76
1580013922.412,0.76,0.9852,0.67,1.0611,76
1580013922.589,0.76,0.9806,0.7,1.0431,76
1580013922.766,0.77,0.9777,0.68,1.0541,76
1580013922.923,0.74,0.9987,0.68,1.0667,76
1580013923.102,0.74,0.9997,0.69,1.054,77
1580013923.284,0.75,0.989,0.68,1.0575,77
1580013923.463,0.75,0.989,0.69,1.0554,77
1580013923.646,0.74,1.0069,0.7,1.05,77
1580013923.823,0.75,0.9928,0.69,1.055,77
1580013923.998,0.77,0.9798,0.69,1.0548,77
1580013924.175,0.77,0.9788,0.7,1.0496,77
1580013924.359,0.76,0.9876,0.69,1.0581,77
1580013924.536,0.77,0.9772,0.7,1.05,77
1580013924.717,0.77,0.9703,0.67,1.0613,77
1580013924.894,0.77,0.9751,0.66,1.0705,77
1580013925.072,0.76,0.985,0.67,1.0624,77
1580013925.25,0.75,0.996,0.67,1.0548,77
1580013925.43,0.75,0.993,0.72,1.0244,77
1580013925.588,0.75,0.9868,0.7,1.0422,77
1580013925.769,0.75,0.9934,0.65,1.0704,78
1580013925.947,0.74,1.0045,0.65,1.0893,78
1580013926.123,0.72,1.0157,0.68,1.0575,78
1580013926.302,0.75,0.9948,0.7,1.0314,78
1580013926.481,0.76,0.981,0.73,1.0294,78
1580013926.658,0.74,0.9982,0.71,1.0427,78
1580013926.833,0.75,0.9891,0.7,1.0421,78
1580013927.011,0.76,0.9836,0.69,1.0488,78
1580013927.188,0.8,0.951,0.67,1.0567,78
1580013927.37,0.77,0.9684,0.67,1.0723,78
1580013927.551,0.77,0.9777,0.69,1.0587,78
1580013927.728,0.77,0.9772,0.68,1.0524,78
1580013927.904,0.77,0.974,0.66,1.0701,78
1580013928.079,0.77,0.9777,0.66,1.0713,78
1580013928.236,0.75,0.9893,0.65,1.0704,78
1580013928.427,0.77,0.971,0.66,1.083,79
1580013928.608,0.77,0.9755,0.65,1.0895,79
1580013928.785,0.74,0.9988,0.66,1.0839,79
1580013928.961,0.77,0.9815,0.67,1.0667,79
1580013929.137,0.78,0.9723,0.68,1.0536,79
1580013929.314,0.78,0.9673,0.7,1.0363,79
1580013929.498,0.77,0.9744,0.7,1.0345,79
1580013929.679,0.77,0.9782,0.68,1.0427,79
1580013929.862,0.8,0.9467,0.68,1.0489,79
1580013930.039,0.78,0.9663,0.68,1.0707,79
1580013930.217,0.75,0.9841,0.66,1.0757,79
1580013930.393,0.77,0.9793,0.68,1.0576,79
1580013930.572,0.78,0.9705,0.72,1.0267,79
1580013930.748,0.77,0.974,0.73,1.0246,79
1580013930.906,0.75,0.9907,0.69,1.0453,79
1580013931.085,0.77,0.9726,0.68,1.0686,80
1580013931.263,0.77,0.9696,0.65,1.0932,80
1580013931.441,0.74,0.9936,0.65,1.0919,80
1580013931.624,0.74,1.0032,0.67,1.0691,80
1580013931.808,0.77,0.9755,0.69,1.049,80
1580013931.986,0.79,0.9626,0.68,1.0562,80
1580013932.163,0.77,0.9737,0.68,1.0624,80
1580013932.339,0.74,0.9956,0.68,1.0544,80
1580013932.52,0.77,0.973,0.69,1.0494,80
1580013932.7,0.78,0.9673,0.67,1.073,80
1580013932.878,0.77,0.9762,0.65,1.0837,80
1580013933.053,0.74,0.9972,0.64,1.0972,80
1580013933.241,0.74,0.9994,0.64,1.0929,80
1580013933.42,0.76,0.9781,0.7,1.0504,80
1580013933.577,0.75,0.9852,0.69,1.0409,80
1580013933.761,0.74,0.9999,0.67,1.0603,81
1580013933.938,0.74,1.0048,0.67,1.0651,81
1580013934.115,0.76,0.9858,0.65,1.0918,81
1580013934.294,0.77,0.9821,0.64,1.1008,81
1580013934.47,0.73,1.0106,0.66,1.0768,81
1580013934.648,0.75,0.9924,0.69,1.0617,81
1580013934.832,0.77,0.9767,0.68,1.0612,81
1580013935.008,0.77,0.9724,0.65,1.0853,81
1580013935.186,0.77,0.9738,0.66,1.0887,81
1580013935.362,0.73,1.0142,0.67,1.0767,81
1580013935.541,0.75,0.9924,0.67,1.0688,81
1580013935.718,0.78,0.9661,0.68,1.0713,81
1580013935.897,0.75,0.9865,0.69,1.0645,81
1580013936.074,0.72,1.0145,0.65,1.0812,81
1580013936.232,0.76,0.9914,0.67,1.0705,81
1580013936.411,0.76,0.9765,0.67,1.0693,82
1580013936.597,0.77,0.9821,0.67,1.0603,82
1580013936.776,0.76,0.9908,0.68,1.0599,82
1580013936.952,0.74,0.9948,0.68,1.0646,82
1580013937.13,0.77,0.974,0.66,1.0677,82
1580013937.308,0.78,0.9696,0.67,1.0729,82
1580013937.486,0.75,0.9935,0.69,1.0521,82
1580013937.666,0.76,0.9845,0.69,1.0477,82
1580013937.843,0.79,0.9505,0.67,1.064,82
1580013938.021,0.78,0.9687,0.66,1.075,82
1580013938.196,0.76,0.9885,0.65,1.0787,82
1580013938.372,0.73,1.0066,0.67,1.0721,82
1580013938.551,0.75,0.9909,0.66,1.0675,82
1580013938.739,0.77,0.9713,0.67,1.0761,82
1580013938.895,0.76,0.9767,0.67,1.0763,82
1580013939.074,0.74,1.0016,0.64,1.093,83
1580013939.254,0.75,0.9926,0.67,1.0661,83
1580013939.43,0.77,0.9766,0.69,1.0491,83
1580013939.606,0.77,0.9735,0.66,1.0572,83
1580013939.79,0.77,0.9758,0.65,1.062,83
1580013939.969,0.78,0.9702,0.66,1.0602,83
1580013940.151,0.79,0.9592,0.68,1.0619,83
1580013940.33,0.78,0.9655,0.66,1.0693,83
1580013940.507,0.79,0.9511,0.65,1.0784,83
1580013940.689,0.78,0.9638,0.65,1.0745,83
1580013940.872,0.78,0.9637,0.66,1.0724,83
1580013941.053,0.78,0.9695,0.65,1.0723,83
1580013941.231,0.77,0.9751,0.68,1.0556,83
1580013941.408,0.78,0.9681,0.68,1.0611,83
1580013941.578,0.79,0.9593,0.68,1.0731,83
1580013941.758,0.78,0.968,0.64,1.0939,84
1580013941.934,0.76,0.9798,0.65,1.0885,84
1580013942.114,0.76,0.9813,0.66,1.0775,84
1580013942.295,0.78,0.968,0.67,1.0645,84
1580013942.475,0.78,0.9669,0.69,1.0515,84
1580013942.652,0.78,0.9704,0.7,1.04,84
1580013942.827,0.79,0.9589,0.72,1.027,84
1580013943.003,0.78,0.9673,0.72,1.0249,84
1580013943.179,0.79,0.9533,0.69,1.0407,84
1580013943.359,0.79,0.9558,0.62,1.0776,84
1580013943.535,0.78,0.9619,0.64,1.0945,84
1580013943.712,0.77,0.9727,0.64,1.0982,84
1580013943.895,0.76,0.9804,0.66,1.0774,84
1580013944.074,0.77,0.9777,0.66,1.0653,84
1580013944.234,0.78,0.964,0.68,1.0584,84
1580013944.419,0.77,0.9721,0.67,1.0739,85
1580013944.597,0.76,0.9832,0.66,1.0825,85
1580013944.782,0.76,0.9818,0.63,1.0907,85
1580013944.959,0.78,0.9725,0.67,1.0772,85
1580013945.138,0.76,0.9805,0.66,1.0734,85
1580013945.316,0.76,0.9804,0.66,1.0632,85
1580013945.497,0.77,0.9712,0.67,1.0508,85
1580013945.678,0.79,0.9632,0.7,1.0472,85
1580013945.858,0.77,0.9715,0.71,1.0439,85
1580013946.039,0.73,1.0083,0.68,1.0494,85
1580013946.216,0.77,0.971,0.65,1.0787,85
1580013946.398,0.78,0.9686,0.63,1.0992,85
1580013946.576,0.76,0.9928,0.65,1.0924,85
1580013946.755,0.73,1.016,0.7,1.0481,85
1580013946.912,0.75,0.9897,0.71,1.038,85
1580013947.091,0.78,0.9639,0.69,1.05,86
1580013947.27,0.76,0.984,0.67,1.0656,86
1580013947.452,0.73,1.0108,0.68,1.0657,86
1580013947.632,0.73,1.0058,0.71,1.0404,86
1580013947.824,0.77,0.9799,0.71,1.0425,86
1580013947.999,0.78,0.9597,0.66,1.068,86
1580013948.178,0.75,0.995,0.69,1.0532,86
1580013948.356,0.74,0.9941,0.7,1.0461,86
1580013948.536,0.78,0.9605,0.7,1.0396,86
1580013948.722,0.79,0.9594,0.7,1.0473,86
1580013948.9,0.77,0.9738,0.68,1.0554,86
1580013949.076,0.72,1.0163,0.68,1.0584,86
1580013949.253,0.75,0.9978,0.7,1.0446,86
1580013949.432,0.76,0.9798,0.72,1.035,86
1580013949.59,0.78,0.9655,0.69,1.0527,86
1580013949.77,0.76,0.9854,0.69,1.0599,87
1580013949.954,0.75,0.9949,0.66,1.0745,87
1580013950.133,0.76,0.987,0.66,1.0755,87
1580013950.31,0.77,0.9724,0.7,1.0453,87
1580013950.488,0.77,0.9698,0.72,1.0302,87
1580013950.666,0.78,0.966,0.69,1.0528,87
1580013950.842,0.78,0.9656,0.67,1.0557,87
1580013951.02,0.77,0.9715,0.69,1.0503,87
1580013951.197,0.79,0.9502,0.67,1.0497,87
1580013951.374,0.79,0.9513,0.69,1.0515,87
1580013951.55,0.79,0.9584,0.69,1.0522,87
1580013951.727,0.78,0.964,0.69,1.0557,87
1580013951.907,0.78,0.9659,0.68,1.0591,87
1580013952.084,0.78,0.9662,0.66,1.0675,87
1580013952.243,0.8,0.9526,0.7,1.0505,87
1580013952.428,0.79,0.9566,0.7,1.0462,88
1580013952.604,0.78,0.9657,0.68,1.0636,88
1580013952.783,0.78,0.9654,0.64,1.079,88
1580013952.966,0.78,0.9645,0.65,1.0792,88
1580013953.144,0.78,0.9688,0.68,1.0581,88
1580013953.322,0.78,0.9605,0.71,1.0385,88
1580013953.498,0.79,0.9567,0.69,1.0402,88
1580013953.675,0.78,0.9599,0.68,1.0451,88
1580013953.853,0.8,0.9489,0.71,1.0357,88
1580013954.031,0.79,0.9568,0.7,1.0358,88
1580013954.208,0.79,0.9541,0.71,1.0413,88
1580013954.384,0.78,0.963,0.68,1.0592,88
1580013954.563,0.78,0.9678,0.69,1.0529,88
1580013954.745,0.79,0.957,0.7,1.0507,88
1580013954.908,0.79,0.9547,0.69,1.0518,88
1580013955.091,0.78,0.9596,0.69,1.0503,89
1580013955.272,0.78,0.9587,0.67,1.0657,89
1580013955.452,0.78,0.9611,0.65,1.085,89
1580013955.631,0.78,0.9602,0.64,1.0837,89
1580013955.812,0.77,0.9751,0.67,1.0735,89
1580013955.989,0.78,0.9656,0.68,1.0598,89
1580013956.248,0.79,0.9552,0.68,1.0544,89
1580013956.427,0.78,0.9654,0.69,1.052,89
1580013956.604,0.78,0.9587,0.69,1.0446,89
1580013956.782,0.77,0.9754,0.68,1.0466,89
1580013956.96,0.77,0.97,0.72,1.0299,89
1580013957.138,0.76,0.9828,0.68,1.0528,89
1580013957.316,0.76,0.9831,0.67,1.0754,89
1580013957.491,0.77,0.9699,0.67,1.0687,89
1580013957.65,0.75,0.9826,0.69,1.0577,89
1580013957.829,0.77,0.9736,0.71,1.0394,90
1580013958.007,0.78,0.967,0.69,1.05,90
1580013958.187,0.76,0.9793,0.66,1.0632,90
1580013958.363,0.77,0.9756,0.68,1.0478,90
1580013958.541,0.78,0.9625,0.68,1.0577,90
1580013958.717,0.79,0.9598,0.7,1.0501,90
1580013958.896,0.77,0.9784,0.71,1.0234,90
1580013959.081,0.78,0.9609,0.71,1.0385,90
1580013959.259,0.8,0.9431,0.67,1.0631,90
1580013959.436,0.78,0.9682,0.68,1.0598,90
1580013959.612,0.77,0.9726,0.68,1.0535,90
1580013959.788,0.78,0.9636,0.69,1.0509,90
1580013959.966,0.77,0.9687,0.67,1.0655,90
1580013960.148,0.78,0.9676,0.65,1.085,90
1580013960.306,0.77,0.9779,0.67,1.0721,90
1580013960.485,0.79,0.9579,0.67,1.0672,91
1580013960.66,0.77,0.9743,0.69,1.0499,91
1580013960.838,0.77,0.9779,0.64,1.088,91
1580013961.014,0.76,0.9869,0.63,1.0913,91
1580013961.193,0.76,0.9849,0.65,1.0787,91
1580013961.371,0.77,0.973,0.67,1.0667,91
1580013961.548,0.77,0.9747,0.68,1.0635,91
1580013961.725,0.75,0.9961,0.68,1.059,91
1580013961.902,0.76,0.9839,0.71,1.0447,91
1580013962.079,0.78,0.9655,0.69,1.052,91
1580013962.26,0.79,0.9537,0.65,1.0892,91
1580013962.443,0.75,1.001,0.62,1.0988,91
1580013962.622,0.72,1.0113,0.66,1.0696,91
1580013962.802,0.76,0.9791,0.67,1.0694,91
1580013962.958,0.8,0.948,0.66,1.0788,91
1580013963.138,0.76,0.9824,0.67,1.0905,92
1580013963.318,0.73,1.0068,0.63,1.0965,92
1580013963.494,0.77,0.979,0.68,1.0616,92
1580013963.67,0.79,0.9597,0.65,1.0736,92
1580013963.846,0.77,0.9798,0.66,1.0799,92
1580013964.022,0.75,0.9903,0.68,1.0571,92
1580013964.204,0.78,0.9678,0.71,1.0345,92
1580013964.384,0.79,0.9583,0.71,1.0333,92
1580013964.561,0.8,0.9424,0.7,1.0377,92
1580013964.74,0.78,0.9663,0.71,1.0269,92
1580013964.916,0.79,0.9599,0.71,1.0359,92
1580013965.091,0.78,0.9644,0.68,1.0588,92
1580013965.268,0.75,0.9871,0.67,1.0582,92
1580013965.447,0.77,0.97,0.68,1.0504,92
1580013965.603,0.79,0.9544,0.67,1.0599,92
1580013965.783,0.79,0.9533,0.67,1.0708,93
1580013965.962,0.77,0.9721,0.65,1.0789,93
1580013966.142,0.76,0.9806,0.66,1.0678,93
1580013966.318,0.77,0.9754,0.69,1.0446,93
1580013966.496,0.78,0.9619,0.69,1.0458,93
1580013966.673,0.79,0.959,0.69,1.0538,93
1580013966.85,0.78,0.967,0.71,1.0514,93
1580013967.027,0.78,0.9643,0.71,1.0342,93
1580013967.203,0.8,0.9467,0.7,1.0355,93
1580013967.379,0.78,0.9638,0.71,1.0284,93
1580013967.562,0.79,0.9533,0.7,1.039,93
1580013967.737,0.78,0.9639,0.67,1.0625,93
1580013967.913,0.77,0.9765,0.68,1.0544,93
1580013968.089,0.78,0.9662,0.69,1.0416,93
1580013968.25,0.79,0.9556,0.69,1.049,93
1580013968.427,0.79,0.9543,0.69,1.056,94
1580013968.609,0.77,0.9745,0.66,1.0667,94
1580013968.788,0.76,0.9828,0.65,1.0786,94
1580013968.963,0.77,0.9703,0.65,1.0927,94
1580013969.14,0.74,1.0012,0.65,1.0972,94
1580013969.337,0.75,0.9973,0.66,1.0783,94
1580013969.527,0.76,0.982,0.67,1.075,94
1580013969.703,0.79,0.9586,0.67,1.0686,94
1580013969.879,0.76,0.978,0.68,1.0674,94
1580013970.056,0.72,1.0192,0.7,1.0378,94
1580013970.242,0.77,0.9757,0.68,1.0538,94
1580013970.418,0.78,0.9661,0.69,1.0544,94
1580013970.595,0.75,0.982,0.65,1.083,94
1580013970.772,0.74,0.9961,0.67,1.0764,94
1580013970.935,0.74,0.9944,0.69,1.0484,94
1580013971.113,0.78,0.9685,0.69,1.0531,95
1580013971.288,0.76,0.9819,0.7,1.0325,95
1580013971.468,0.75,0.9968,0.7,1.0429,95
1580013971.652,0.74,0.9945,0.67,1.0576,95
1580013971.829,0.76,0.9802,0.66,1.073,95
1580013972.012,0.76,0.9817,0.67,1.07,95
1580013972.186,0.75,0.9881,0.69,1.0539,95
1580013972.366,0.78,0.969,0.67,1.0735,95
1580013972.542,0.79,0.9578,0.66,1.0757,95
1580013972.717,0.77,0.9754,0.68,1.0606,95
1580013972.893,0.79,0.9576,0.71,1.036,95
1580013973.069,0.78,0.9612,0.69,1.0512,95
1580013973.246,0.74,0.9945,0.7,1.0475,95
1580013973.425,0.76,0.987,0.7,1.0432,95
1580013973.582,0.78,0.9698,0.65,1.0754,95
1580013973.762,0.78,0.9636,0.67,1.0722,96
1580013973.942,0.75,0.9922,0.67,1.0665,96
1580013974.119,0.73,1.0084,0.69,1.0505,96
1580013974.296,0.76,0.9805,0.66,1.0704,96
1580013974.472,0.78,0.9672,0.67,1.0724,96
1580013974.647,0.76,0.9785,0.66,1.0828,96
1580013974.824,0.75,0.9871,0.69,1.0558,96
1580013974.999,0.78,0.9644,0.69,1.0526,96
1580013975.176,0.8,0.943,0.69,1.0475,96
1580013975.36,0.76,0.9892,0.69,1.0531,96
1580013975.55,0.77,0.9739,0.66,1.0735,96
1580013975.737,0.79,0.9599,0.68,1.057,96
1580013975.927,0.78,0.9693,0.65,1.0876,96
1580013976.115,0.76,0.9844,0.65,1.085,96
1580013976.272,0.76,0.9835,0.7,1.0468,96
1580013976.455,0.78,0.96,0.67,1.0663,97
1580013976.631,0.76,0.9831,0.67,1.0644,97
1580013976.807,0.73,1.0161,0.68,1.0592,97
1580013976.983,0.73,1.0134,0.7,1.0444,97
1580013977.161,0.76,0.9757,0.67,1.0698,97
1580013977.338,0.78,0.9692,0.66,1.0736,97
1580013977.516,0.74,0.9963,0.66,1.082,97
1580013977.692,0.74,1.006,0.64,1.0798,97
1580013977.87,0.78,0.9693,0.67,1.0653,97
1580013978.045,0.76,0.9826,0.67,1.0713,97
1580013978.223,0.73,1.0107,0.68,1.0604,97
1580013978.401,0.69,1.0497,0.69,1.0517,97
1580013978.58,0.73,1.0121,0.69,1.0487,97
1580013978.756,0.77,0.9708,0.65,1.0768,97
1580013978.912,0.77,0.9723,0.63,1.099,97
1580013979.09,0.72,1.0235,0.63,1.0984,98
1580013979.268,0.71,1.0229,0.64,1.0901,98
1580013979.448,0.73,1.004,0.66,1.0703,98
1580013979.622,0.74,0.9972,0.71,1.0375,98
1580013979.799,0.75,0.9895,0.71,1.0362,98
1580013979.976,0.74,0.9969,0.69,1.0386,98
1580013980.154,0.77,0.9728,0.71,1.0355,98
1580013980.359,0.78,0.9688,0.66,1.0599,98
1580013980.555,0.79,0.9575,0.7,1.0545,98
1580013980.744,0.77,0.9788,0.7,1.0518,98
1580013980.931,0.78,0.964,0.68,1.0616,98
1580013981.109,0.78,0.9582,0.68,1.0595,98
1580013981.288,0.78,0.9679,0.67,1.0545,98
1580013981.468,0.77,0.9694,0.7,1.0507,98
1580013981.629,0.79,0.9598,0.69,1.0491,98
1580013981.807,0.79,0.9582,0.67,1.0588,99
1580013981.983,0.78,0.962,0.67,1.0593,99
1580013982.163,0.78,0.9644,0.69,1.0572,99
1580013982.342,0.77,0.9714,0.69,1.0536,99
1580013982.517,0.78,0.9646,0.7,1.0435,99
1580013982.692,0.78,0.9579,0.7,1.0421,99
1580013982.873,0.79,0.9577,0.69,1.0478,99
1580013983.052,0.8,0.9487,0.67,1.0561,99
1580013983.228,0.8,0.9439,0.67,1.0518,99
1580013983.406,0.79,0.9598,0.68,1.0513,99
1580013983.585,0.79,0.9524,0.69,1.0517,99
1580013983.775,0.77,0.9716,0.67,1.0566,99
1580013983.963,0.78,0.9631,0.67,1.061,99
1580013984.139,0.78,0.9623,0.69,1.046,99
1580013984.296,0.8,0.9471,0.67,1.0563,99
1580013984.474,0.78,0.9661,0.68,1.0568,100
1580013984.66,0.78,0.9675,0.69,1.0507,100
1580013984.836,0.77,0.9712,0.71,1.0384,100
1580013985.011,0.76,0.9791,0.69,1.042,100
1580013985.19,0.78,0.9621,0.68,1.0575,100
1580013985.366,0.79,0.9553,0.66,1.067,100
1580013985.544,0.78,0.9598,0.66,1.0694,100
1580013985.721,0.77,0.9747,0.69,1.052,100
1580013985.896,0.8,0.949,0.69,1.0399,100
1580013986.072,0.8,0.9455,0.7,1.0433,100
1580013986.249,0.78,0.9629,0.7,1.0391,100
1580013986.425,0.74,0.9968,0.73,1.0299,100
1580013986.601,0.77,0.9695,0.68,1.0511,100
1580013986.777,0.78,0.9611,0.67,1.0758,100
1580013986.934,0.78,0.9602,0.63,1.1099,100
1580013987.111,0.76,0.985,0.64,1.0996,101
1580013987.288,0.76,0.9817,0.69,1.0443,101
1580013987.465,0.79,0.9566,0.71,1.022,101
1580013987.643,0.79,0.9588,0.71,1.0209,101
1580013987.819,0.77,0.9721,0.72,1.017,101
1580013987.996,0.78,0.9629,0.72,1.0161,101
1580013988.173,0.79,0.9542,0.7,1.0351,101
1580013988.348,0.79,0.9562,0.7,1.0476,101
1580013988.526,0.79,0.9513,0.69,1.0502,101
1580013988.707,0.77,0.9684,0.69,1.0457,101
1580013988.882,0.79,0.9547,0.7,1.0449,101
1580013989.058,0.79,0.9506,0.69,1.0445,101
1580013989.234,0.78,0.96,0.68,1.0545,101
1580013989.411,0.76,0.9773,0.7,1.0421,101
1580013989.571,0.8,0.9509,0.67,1.0632,101
1580013989.754,0.8,0.946,0.63,1.0918,102
1580013989.929,0.78,0.9684,0.63,1.1,102
1580013990.11,0.76,0.9825,0.67,1.0759,102
1580013990.287,0.77,0.9696,0.71,1.0342,102
1580013990.469,0.8,0.9482,0.71,1.0376,102
1580013990.644,0.77,0.9732,0.69,1.0351,102
1580013990.821,0.78,0.9651,0.7,1.0306,102
1580013990.997,0.77,0.9729,0.73,1.0186,102
1580013991.172,0.8,0.9382,0.69,1.0346,102
1580013991.348,0.79,0.9507,0.69,1.0439,102
1580013991.525,0.78,0.9662,0.67,1.0543,102
1580013991.703,0.78,0.9607,0.69,1.051,102
1580013991.879,0.78,0.9637,0.69,1.0533,102
1580013992.056,0.79,0.9548,0.7,1.0485,102
1580013992.213,0.8,0.951,0.7,1.048,102
1580013992.393,0.79,0.9549,0.71,1.0479,103
1580013992.569,0.79,0.9542,0.71,1.0411,103
1580013992.745,0.78,0.967,0.72,1.0387,103
1580013992.921,0.79,0.9565,0.67,1.0517,103
1580013993.1,0.78,0.9603,0.7,1.0518,103
1580013993.282,0.79,0.9514,0.69,1.0507,103
1580013993.456,0.79,0.958,0.69,1.0434,103
1580013993.632,0.8,0.9497,0.71,1.0273,103
1580013993.808,0.81,0.9354,0.71,1.0268,103
1580013993.986,0.78,0.9619,0.7,1.0358,103
1580013994.161,0.78,0.9594,0.7,1.0347,103
1580013994.338,0.79,0.9532,0.71,1.027,103
1580013994.513,0.79,0.9535,0.71,1.0306,103
1580013994.691,0.79,0.9533,0.71,1.0457,103
1580013994.853,0.8,0.9463,0.69,1.0525,103
1580013995.036,0.79,0.9496,0.69,1.0523,104
1580013995.212,0.79,0.9533,0.71,1.0437,104
1580013995.39,0.79,0.9534,0.69,1.0518,104
1580013995.566,0.79,0.9519,0.69,1.0451,104
1580013995.745,0.79,0.9557,0.71,1.0394,104
1580013995.924,0.8,0.9422,0.69,1.0555,104
1580013996.102,0.79,0.9488,0.68,1.0624,104
1580013996.279,0.8,0.9454,0.68,1.052,104
1580013996.454,0.81,0.9376,0.7,1.0351,104
1580013996.63,0.79,0.9498,0.72,1.0245,104
1580013996.809,0.8,0.9442,0.71,1.0249,104
1580013996.984,0.79,0.9586,0.72,1.0288,104
1580013997.161,0.78,0.9668,0.7,1.0379,104
1580013997.338,0.79,0.9534,0.71,1.0325,104
1580013997.497,0.81,0.9368,0.67,1.0609,104
1580013997.679,0.79,0.952,0.67,1.0683,105
1580013997.856,0.77,0.9791,0.7,1.0405,105
1580013998.032,0.78,0.9567,0.73,1.0212,105
1580013998.211,0.8,0.9411,0.71,1.0357,105
1580013998.388,0.79,0.9605,0.7,1.0412,105
1580013998.564,0.79,0.9605,0.7,1.0366,105
1580013998.748,0.79,0.9507,0.72,1.0312,105
1580013998.923,0.8,0.9465,0.71,1.0395,105
1580013999.1,0.81,0.9351,0.7,1.0439,105
1580013999.278,0.79,0.9561,0.69,1.0392,105
1580013999.454,0.8,0.9506,0.71,1.0317,105
1580013999.63,0.8,0.9453,0.71,1.0299,105
1580013999.807,0.79,0.9511,0.7,1.0351,105
1580013999.988,0.78,0.9634,0.71,1.0333,105
1580014000.145,0.78,0.9643,0.71,1.0276,105
1580014000.324,0.81,0.9402,0.7,1.0407,106
1580014000.5,0.79,0.9544,0.69,1.0468,106
1580014000.683,0.76,0.9843,0.68,1.0587,106
1580014000.865,0.76,0.9816,0.67,1.0639,106
1580014001.047,0.8,0.9466,0.68,1.0603,106
1580014001.226,0.8,0.9489,0.7,1.0463,106
1580014001.402,0.77,0.9729,0.71,1.0312,106
1580014001.587,0.77,0.97,0.73,1.0284,106
1580014001.762,0.8,0.9479,0.69,1.0494,106
1580014001.939,0.78,0.9626,0.69,1.0499,106
1580014002.116,0.77,0.9687,0.69,1.0451,106
1580014002.294,0.76,0.9837,0.66,1.0685,106
1580014002.472,0.78,0.9634,0.62,1.0997,106
1580014002.648,0.77,0.9675,0.65,1.0911,106
1580014002.805,0.76,0.9871,0.67,1.068,106
1580014002.987,0.78,0.9629,0.71,1.0338,107
1580014003.169,0.77,0.9685,0.71,1.0306,107
1580014003.355,0.75,0.9914,0.7,1.0436,107
1580014003.536,0.74,1.0008,0.7,1.0423,107
1580014003.715,0.76,0.9803,0.69,1.0474,107
1580014003.898,0.78,0.9597,0.66,1.089,107
1580014004.087,0.78,0.9681,0.63,1.0963,107
1580014004.267,0.76,0.9784,0.65,1.0752,107
1580014004.449,0.78,0.9612,0.67,1.0637,107
1580014004.632,0.78,0.9616,0.69,1.048,107
1580014004.812,0.78,0.9622,0.67,1.0571,107
1580014004.998,0.75,0.991,0.7,1.0467,107
1580014005.179,0.78,0.9685,0.69,1.0427,107
1580014005.357,0.77,0.9698,0.71,1.0376,107
1580014005.519,0.79,0.9491,0.68,1.0648,107
1580014005.704,0.79,0.9582,0.67,1.0749,108
1580014005.882,0.75,0.9863,0.66,1.0661,108
1580014006.062,0.77,0.9741,0.7,1.0421,108
1580014006.242,0.78,0.9588,0.7,1.0364,108
1580014006.421,0.79,0.9512,0.69,1.0428,108
1580014006.603,0.78,0.965,0.7,1.0445,108
1580014006.788,0.79,0.9544,0.67,1.0573,108
1580014006.964,0.8,0.9477,0.69,1.0544,108
1580014007.145,0.81,0.9351,0.69,1.0474,108
1580014007.323,0.79,0.9531,0.71,1.041,108
1580014007.502,0.8,0.9442,0.69,1.0485,108
1580014007.689,0.8,0.9491,0.7,1.0493,108
1580014007.871,0.79,0.9537,0.69,1.0527,108
1580014008.056,0.79,0.9539,0.68,1.052,108
1580014008.217,0.8,0.9465,0.7,1.0554,108
1580014008.399,0.81,0.9344,0.68,1.0713,109
1580014008.585,0.79,0.9552,0.67,1.0812,109
1580014008.772,0.78,0.9605,0.67,1.0746,109
1580014008.948,0.79,0.9569,0.68,1.0632,109
1580014009.126,0.79,0.9536,0.69,1.0481,109
1580014009.304,0.81,0.9388,0.71,1.0342,109
1580014009.481,0.8,0.9447,0.7,1.0329,109
1580014009.659,0.8,0.9412,0.71,1.0342,109
1580014009.837,0.81,0.9313,0.69,1.0473,109
1580014010.022,0.79,0.9503,0.7,1.0477,109
1580014010.205,0.81,0.9401,0.71,1.0328,109
1580014010.382,0.81,0.9407,0.72,1.027,109
1580014010.56,0.8,0.9505,0.71,1.0296,109
1580014010.737,0.8,0.9434,0.7,1.0327,109
1580014010.895,0.81,0.9384,0.71,1.0252,109
1580014011.075,0.81,0.9335,0.73,1.0286,110
1580014011.258,0.8,0.9457,0.69,1.0487,110
1580014011.434,0.8,0.9401,0.68,1.0502,110
1580014011.613,0.8,0.9478,0.7,1.0428,110
1580014011.793,0.8,0.946,0.71,1.0298,110
1580014011.969,0.81,0.9385,0.7,1.0326,110
1580014012.148,0.8,0.9433,0.69,1.0431,110
1580014012.326,0.81,0.9344,0.69,1.036,110
1580014012.503,0.82,0.9219,0.71,1.037,110
1580014012.679,0.8,0.9449,0.72,1.0319,110
1580014012.859,0.8,0.9447,0.72,1.0278,110
1580014013.036,0.79,0.9563,0.71,1.0298,110
1580014013.215,0.79,0.9485,0.72,1.024,110
1580014013.392,0.81,0.9376,0.68,1.0495,110
1580014013.548,0.8,0.9423,0.66,1.0713,110
1580014013.727,0.79,0.9539,0.69,1.0536,111
1580014013.906,0.8,0.9469,0.7,1.0418,111
1580014014.083,0.8,0.9477,0.68,1.0506,111
1580014014.263,0.79,0.9512,0.69,1.0488,111
1580014014.439,0.79,0.9505,0.69,1.0513,111
1580014014.618,0.8,0.9468,0.7,1.042,111
1580014014.796,0.8,0.9466,0.7,1.0292,111
1580014014.973,0.8,0.9438,0.7,1.0374,111
1580014015.149,0.82,0.9246,0.7,1.0421,111
1580014015.333,0.81,0.937,0.71,1.0407,111
1580014015.508,0.8,0.9475,0.71,1.0497,111
1580014015.685,0.79,0.9584,0.68,1.0566,111
1580014015.864,0.79,0.9587,0.7,1.0412,111
1580014016.041,0.79,0.9593,0.68,1.0593,111
1580014016.198,0.81,0.9402,0.67,1.0705,111
1580014016.382,0.79,0.9502,0.67,1.0736,112
1580014016.561,0.79,0.9579,0.68,1.0579,112
1580014016.738,0.78,0.9644,0.71,1.0373,112
1580014016.919,0.79,0.9576,0.69,1.0496,112
1580014017.097,0.8,0.9428,0.66,1.0706,112
1580014017.273,0.78,0.963,0.68,1.0596,112
1580014017.451,0.77,0.9643,0.7,1.0319,112
1580014017.626,0.79,0.9525,0.7,1.0351,112
1580014017.801,0.81,0.9342,0.71,1.0336,112
1580014017.978,0.78,0.9565,0.72,1.0318,112
1580014018.154,0.79,0.9521,0.71,1.03,112
1580014018.33,0.78,0.9644,0.69,1.0443,112
1580014018.507,0.79,0.9567,0.68,1.0639,112
1580014018.682,0.75,0.9869,0.65,1.0827,112
1580014018.838,0.77,0.9734,0.69,1.0593,112
1580014019.015,0.8,0.9383,0.67,1.0669,113
1580014019.191,0.78,0.962,0.67,1.0728,113
1580014019.372,0.73,1.0085,0.68,1.0575,113
1580014019.547,0.73,1.006,0.7,1.0465,113
1580014019.725,0.79,0.9518,0.69,1.0441,113
1580014019.902,0.8,0.9445,0.67,1.062,113
1580014020.078,0.79,0.9531,0.64,1.0827,113
1580014020.256,0.75,0.9915,0.68,1.0601,113
1580014020.437,0.78,0.967,0.69,1.0477,113
1580014020.614,0.8,0.9464,0.68,1.06,113
1580014020.791,0.79,0.9502,0.69,1.0598,113
1580014020.976,0.74,0.9992,0.67,1.0716,113
1580014021.152,0.75,0.9872,0.66,1.0842,113
1580014021.33,0.77,0.9716,0.65,1.0847,113
1580014021.49,0.79,0.9532,0.59,1.1333,113
1580014021.669,0.77,0.9749,0.62,1.117,114
1580014021.848,0.76,0.9799,0.64,1.0876,114
1580014022.023,0.79,0.9539,0.67,1.0651,114
1580014022.203,0.8,0.9461,0.69,1.059,114
1580014022.388,0.79,0.9535,0.68,1.0528,114
1580014022.564,0.78,0.9631,0.69,1.0518,114
1580014022.74,0.79,0.9497,0.67,1.0544,114
1580014022.915,0.8,0.9438,0.68,1.0583,114
1580014023.091,0.81,0.9382,0.66,1.0729,114
1580014023.269,0.79,0.9571,0.68,1.0696,114
1580014023.446,0.79,0.9578,0.68,1.053,114
1580014023.622,0.8,0.9436,0.67,1.055,114
1580014023.798,0.79,0.9515,0.67,1.061,114
1580014023.976,0.78,0.9577,0.69,1.0529,114
1580014024.133,0.79,0.9518,0.69,1.0465,114
1580014024.31,0.81,0.9347,0.69,1.052,115
1580014024.49,0.79,0.9541,0.69,1.0539,115
1580014024.669,0.79,0.9516,0.69,1.0537,115
1580014024.852,0.79,0.9508,0.67,1.064,115
1580014025.032,0.8,0.9408,0.66,1.0811,115
1580014025.209,0.79,0.9517,0.64,1.0958,115
1580014025.386,0.78,0.9588,0.65,1.0949,115
1580014025.564,0.8,0.9426,0.67,1.0649,115
1580014025.744,0.82,0.9227,0.67,1.0608,115
1580014025.92,0.8,0.9453,0.66,1.074,115
1580014026.096,0.79,0.954,0.68,1.0553,115
1580014026.271,0.79,0.9505,0.72,1.033,115
1580014026.45,0.79,0.9538,0.7,1.0492,115
1580014026.627,0.79,0.9516,0.7,1.0445,115
1580014026.784,0.8,0.9458,0.69,1.0479,115
1580014026.961,0.81,0.9376,0.69,1.0659,116
1580014027.142,0.8,0.9499,0.62,1.1067,116
1580014027.322,0.78,0.9676,0.66,1.0864,116
1580014027.5,0.78,0.9622,0.69,1.0492,116
1580014027.678,0.81,0.9372,0.67,1.0679,116
1580014027.854,0.81,0.9346,0.65,1.0833,116
1580014028.033,0.79,0.9489,0.67,1.0724,116
1580014028.212,0.8,0.9442,0.69,1.0579,116
1580014028.389,0.82,0.9268,0.66,1.0621,116
1580014028.567,0.8,0.9391,0.67,1.0578,116
1580014028.754,0.8,0.9443,0.68,1.0534,116
1580014028.93,0.8,0.9416,0.69,1.0445,116
1580014029.107,0.8,0.9472,0.69,1.0515,116
1580014029.295,0.8,0.9435,0.7,1.0367,116
1580014029.464,0.8,0.9411,0.69,1.0483,116
1580014029.652,0.8,0.9389,0.69,1.0586,117
1580014029.833,0.8,0.9465,0.64,1.1082,117
1580014030.015,0.79,0.9536,0.61,1.1203,117
1580014030.197,0.8,0.9513,0.64,1.0937,117
1580014030.38,0.78,0.9591,0.65,1.0753,117
1580014030.562,0.81,0.9369,0.67,1.0696,117
1580014030.745,0.81,0.9343,0.64,1.0879,117
1580014030.934,0.8,0.9451,0.64,1.0885,117
1580014031.132,0.81,0.9351,0.66,1.0779,117
1580014031.316,0.8,0.9465,0.68,1.0632,117
1580014031.496,0.8,0.9431,0.68,1.062,117
1580014031.691,0.8,0.945,0.67,1.0619,117
1580014031.87,0.79,0.9535,0.67,1.0602,117
1580014032.054,0.8,0.9488,0.68,1.0571,117
1580014032.219,0.81,0.9367,0.68,1.0652,117
1580014032.402,0.8,0.9411,0.67,1.0727,118
1580014032.59,0.79,0.956,0.67,1.077,118
1580014032.773,0.8,0.9416,0.65,1.0847,118
1580014032.953,0.81,0.9363,0.64,1.1,118
1580014033.138,0.79,0.9544,0.67,1.0778,118
1580014033.321,0.8,0.9475,0.66,1.0692,118
1580014033.5,0.8,0.9455,0.68,1.063,118
1580014033.683,0.81,0.9314,0.65,1.0811,118
1580014033.86,0.81,0.9271,0.69,1.0586,118
1580014034.038,0.79,0.9583,0.69,1.056,118
1580014034.218,0.78,0.962,0.69,1.0541,118
1580014034.4,0.78,0.9646,0.71,1.0384,118
1580014034.583,0.77,0.9688,0.73,1.0279,118
1580014034.766,0.79,0.9582,0.71,1.0368,118
1580014034.93,0.8,0.9439,0.69,1.057,118
1580014035.109,0.8,0.9432,0.66,1.0745,119
1580014035.29,0.77,0.9724,0.66,1.0864,119
1580014035.482,0.74,1.0063,0.66,1.084,119
1580014035.675,0.74,0.9984,0.68,1.0609,119
1580014035.866,0.79,0.9508,0.69,1.0514,119
1580014036.054,0.8,0.9459,0.7,1.0501,119
1580014036.235,0.79,0.9479,0.69,1.0569,119
1580014036.414,0.78,0.9665,0.66,1.0779,119
1580014036.59,0.78,0.9639,0.67,1.0696,119
1580014036.77,0.8,0.9515,0.67,1.0747,119
1580014036.946,0.8,0.9492,0.66,1.0741,119
1580014037.123,0.76,0.9788,0.65,1.0778,119
1580014037.305,0.77,0.9716,0.67,1.0629,119
1580014037.494,0.78,0.9631,0.69,1.0612,119
1580014037.652,0.81,0.9403,0.63,1.0963,119
1580014037.847,0.8,0.9458,0.63,1.1055,120
1580014038.023,0.77,0.9721,0.62,1.1068,120
1580014038.208,0.8,0.9496,0.64,1.1023,120
1580014038.387,0.79,0.9545,0.64,1.0843,120
1580014038.571,0.77,0.9701,0.69,1.0634,120
1580014038.749,0.77,0.9703,0.7,1.0469,120
1580014038.925,0.79,0.9529,0.68,1.0476,120
1580014039.101,0.81,0.9367,0.66,1.0772,120
1580014039.281,0.79,0.9504,0.62,1.1038,120
1580014039.46,0.78,0.9669,0.63,1.0982,120
1580014039.641,0.79,0.955,0.68,1.07,120
1580014039.823,0.8,0.9481,0.67,1.0709,120
1580014039.999,0.79,0.9555,0.67,1.0687,120
1580014040.181,0.78,0.9605,0.68,1.0648,120
1580014040.348,0.8,0.9427,0.65,1.0746,120
1580014040.54,0.81,0.9375,0.68,1.0797,121
1580014040.729,0.79,0.956,0.64,1.0985,121
1580014040.921,0.77,0.978,0.65,1.0931,121
1580014041.109,0.79,0.9567,0.68,1.0536,121
1580014041.299,0.8,0.9408,0.7,1.0397,121
1580014041.474,0.81,0.9381,0.68,1.0449,121
1580014041.65,0.8,0.9416,0.68,1.04,121
1580014041.828,0.81,0.9396,0.7,1.0403,121
1580014042.003,0.82,0.9214,0.67,1.0692,121
1580014042.181,0.8,0.9426,0.64,1.0866,121
1580014042.36,0.8,0.9485,0.67,1.0692,121
1580014042.538,0.8,0.9464,0.71,1.0362,121
1580014042.721,0.8,0.9479,0.71,1.0452,121
1580014042.905,0.79,0.9588,0.7,1.0433,121
1580014043.066,0.78,0.963,0.68,1.063,121
1580014043.247,0.8,0.9418,0.67,1.0755,122
1580014043.425,0.79,0.9529,0.64,1.1004,122
1580014043.605,0.78,0.9652,0.64,1.1063,122
1580014043.784,0.76,0.9824,0.68,1.0709,122
1580014043.965,0.78,0.9661,0.69,1.0567,122
1580014044.141,0.8,0.9414,0.69,1.0503,122
1580014044.321,0.79,0.9517,0.69,1.0523,122
1580014044.498,0.8,0.9484,0.67,1.0707,122
1580014044.675,0.8,0.943,0.66,1.0871,122
1580014044.854,0.78,0.9629,0.64,1.0947,122
1580014045.03,0.78,0.9629,0.66,1.0734,122
1580014045.211,0.79,0.9489,0.7,1.0448,122
1580014045.387,0.8,0.9505,0.7,1.0499,122
1580014045.563,0.8,0.9512,0.7,1.0496,122
1580014045.721,0.81,0.9397,0.69,1.0543,122
1580014045.902,0.8,0.9427,0.68,1.0692,123
1580014046.081,0.79,0.9532,0.64,1.0987,123
1580014046.26,0.8,0.9455,0.63,1.1096,123
1580014046.435,0.8,0.9427,0.63,1.1085,123
1580014046.61,0.78,0.9613,0.66,1.0765,123
1580014046.787,0.8,0.9484,0.71,1.0404,123
1580014046.966,0.79,0.9494,0.7,1.04,123
1580014047.142,0.81,0.9343,0.69,1.0383,123
1580014047.319,0.82,0.9254,0.7,1.0454,123
1580014047.496,0.8,0.9398,0.66,1.0731,123
1580014047.672,0.79,0.9509,0.64,1.09,123
1580014047.849,0.77,0.9781,0.65,1.0821,123
1580014048.033,0.76,0.9837,0.69,1.0559,123
1580014048.21,0.77,0.9781,0.68,1.0561,123
1580014048.367,0.78,0.9621,0.7,1.047,123
1580014048.544,0.8,0.945,0.67,1.0735,124
1580014048.721,0.79,0.9575,0.6,1.1494,124
1580014048.898,0.74,1.0021,0.57,1.1621,124
1580014049.081,0.74,1.0021,0.61,1.1362,124
1580014049.259,0.77,0.9767,0.65,1.103,124
1580014049.436,0.78,0.967,0.66,1.0764,124
1580014049.611,0.79,0.9577,0.7,1.0351,124
1580014049.787,0.8,0.9426,0.7,1.0473,124
1580014049.965,0.8,0.9461,0.7,1.0504,124
1580014050.143,0.77,0.9743,0.7,1.0495,124
1580014050.319,0.77,0.9725,0.7,1.0522,124
1580014050.496,0.75,0.9912,0.69,1.0575,124
1580014050.671,0.77,0.9791,0.69,1.0551,124
1580014050.847,0.76,0.9869,0.65,1.0702,124
1580014051.004,0.77,0.9726,0.67,1.0728,124
1580014051.186,0.78,0.9588,0.64,1.0954,125
1580014051.366,0.76,0.98,0.63,1.1017,125
1580014051.542,0.77,0.975,0.62,1.1258,125
1580014051.718,0.75,0.9913,0.61,1.1325,125
1580014051.896,0.71,1.0251,0.61,1.1257,125
1580014052.076,0.73,1.0051,0.61,1.1205,125
1580014052.257,0.74,0.9927,0.66,1.0784,125
1580014052.433,0.79,0.9576,0.67,1.0763,125
1580014052.609,0.78,0.9607,0.64,1.0886,125
1580014052.786,0.76,0.9789,0.67,1.0781,125
1580014052.971,0.78,0.9667,0.66,1.0874,125
1580014053.167,0.75,0.9908,0.66,1.085,125
1580014053.363,0.73,1.0105,0.66,1.0789,125
1580014053.55,0.72,1.023,0.68,1.0697,125
1580014053.716,0.72,1.0156,0.66,1.0738,125
1580014053.898,0.74,0.9996,0.65,1.0816,126
1580014054.074,0.76,0.9784,0.66,1.0876,126
1580014054.253,0.77,0.9679,0.63,1.1036,126
1580014054.432,0.76,0.9841,0.63,1.1215,126
1580014054.609,0.73,1.0085,0.62,1.1209,126
1580014054.796,0.72,1.0204,0.63,1.1069,126
1580014054.972,0.7,1.04,0.64,1.0875,126
1580014055.149,0.74,0.9997,0.66,1.078,126
1580014055.326,0.76,0.9828,0.69,1.0583,126
1580014055.504,0.77,0.9766,0.69,1.0501,126
1580014055.683,0.78,0.9625,0.66,1.0638,126
1580014055.858,0.75,0.9924,0.67,1.0665,126
1580014056.033,0.72,1.0207,0.68,1.0644,126
1580014056.217,0.71,1.029,0.69,1.0577,126
1580014056.376,0.68,1.0576,0.69,1.0551,126
1580014056.558,0.7,1.0378,0.68,1.0584,127
1580014056.738,0.71,1.0245,0.67,1.0629,127
1580014056.915,0.75,0.9887,0.68,1.0701,127
1580014057.091,0.76,0.982,0.69,1.06,127
1580014057.269,0.76,0.9838,0.67,1.076,127
1580014057.447,0.75,0.9915,0.65,1.0825,127
1580014057.635,0.69,1.0502,0.68,1.0669,127
1580014057.821,0.69,1.0464,0.67,1.0667,127
1580014057.998,0.7,1.038,0.7,1.0636,127
1580014058.175,0.72,1.0189,0.68,1.0516,127
1580014058.353,0.76,0.9813,0.71,1.0351,127
1580014058.53,0.77,0.9711,0.69,1.0417,127
1580014058.715,0.76,0.9793,0.7,1.0472,127
1580014058.892,0.74,0.9977,0.69,1.0463,127
1580014059.05,0.72,1.0305,0.7,1.0452,127
1580014059.23,0.7,1.0399,0.69,1.0491,128
1580014059.408,0.7,1.0375,0.68,1.0634,128
1580014059.584,0.73,1.0141,0.66,1.0771,128
1580014059.761,0.73,1.0104,0.65,1.0825,128
1580014059.938,0.75,0.9946,0.65,1.0954,128
1580014060.117,0.76,0.9869,0.63,1.1065,128
1580014060.301,0.76,0.9855,0.66,1.0774,128
1580014060.479,0.74,1.0056,0.68,1.0671,128
1580014060.657,0.73,1.0154,0.69,1.0629,128
1580014060.835,0.73,1.008,0.7,1.0651,128
1580014061.019,0.73,1.0139,0.67,1.0724,128
1580014061.198,0.76,0.9788,0.69,1.0625,128
1580014061.375,0.77,0.9773,0.68,1.0518,128
1580014061.564,0.76,0.9778,0.69,1.0537,128
1580014061.722,0.77,0.9754,0.7,1.0517,128
1580014061.902,0.75,0.9924,0.68,1.0512,129
1580014062.081,0.74,0.9964,0.7,1.0504,129
1580014062.259,0.76,0.9862,0.69,1.0516,129
1580014062.438,0.75,0.9938,0.7,1.0401,129
1580014062.621,0.75,0.9895,0.7,1.0391,129
1580014062.797,0.79,0.9561,0.68,1.0585,129
1580014062.973,0.79,0.9527,0.63,1.0941,129
1580014063.15,0.77,0.9729,0.63,1.1059,129
1580014063.328,0.75,0.9863,0.63,1.1016,129
1580014063.504,0.76,0.9764,0.66,1.0779,129
1580014063.681,0.76,0.9798,0.68,1.0544,129
1580014063.864,0.8,0.9504,0.7,1.0443,129
1580014064.042,0.79,0.9573,0.72,1.0364,129
1580014064.22,0.78,0.964,0.7,1.0407,129
1580014064.384,0.77,0.9733,0.69,1.0513,129
1580014064.564,0.77,0.9771,0.69,1.055,130
1580014064.741,0.75,0.9903,0.67,1.0678,130
1580014064.92,0.76,0.982,0.65,1.0677,130
1580014065.098,0.77,0.9746,0.67,1.056,130
1580014065.275,0.79,0.9588,0.69,1.0492,130
1580014065.455,0.8,0.9438,0.69,1.0496,130
1580014065.632,0.78,0.9567,0.69,1.0482,130
1580014065.811,0.76,0.9863,0.7,1.0474,130
1580014065.993,0.77,0.975,0.69,1.0559,130
1580014066.178,0.77,0.9685,0.66,1.0735,130
1580014066.36,0.78,0.9664,0.66,1.0729,130
1580014066.539,0.79,0.9531,0.68,1.0588,130
1580014066.715,0.8,0.9495,0.69,1.0484,130
1580014066.897,0.79,0.9524,0.68,1.0468,130
1580014067.059,0.78,0.9645,0.68,1.0516,130
1580014067.241,0.77,0.97,0.67,1.0508,131
1580014067.426,0.75,0.9925,0.69,1.0472,131
1580014067.608,0.78,0.9643,0.69,1.056,131
1580014067.799,0.78,0.9575,0.67,1.0833,131
1580014067.981,0.8,0.9434,0.63,1.0997,131
1580014068.162,0.8,0.9462,0.64,1.0972,131
1580014068.343,0.77,0.9704,0.66,1.0783,131
1580014068.525,0.77,0.9709,0.69,1.0604,131
1580014068.717,0.78,0.9648,0.68,1.0548,131
1580014068.899,0.79,0.9561,0.69,1.0481,131
1580014069.08,0.79,0.9499,0.7,1.0469,131
1580014069.262,0.8,0.9399,0.68,1.0488,131
1580014069.438,0.8,0.9447,0.69,1.046,131
1580014069.616,0.78,0.9568,0.7,1.0444,131
1580014069.777,0.78,0.9594,0.7,1.0457,131
1580014069.958,0.79,0.9606,0.67,1.0508,132
1580014070.143,0.76,0.9789,0.69,1.0502,132
1580014070.327,0.77,0.9708,0.7,1.0467,132
1580014070.514,0.78,0.9634,0.68,1.0522,132
1580014070.694,0.8,0.9426,0.66,1.0735,132
1580014070.873,0.81,0.9385,0.64,1.0925,132
1580014071.049,0.77,0.9722,0.64,1.0964,132
1580014071.23,0.75,0.9896,0.66,1.0806,132
1580014071.411,0.76,0.9816,0.7,1.0617,132
1580014071.588,0.79,0.9575,0.68,1.0565,132
1580014071.775,0.77,0.9643,0.7,1.0482,132
1580014071.957,0.81,0.9367,0.68,1.0648,132
1580014072.136,0.8,0.9496,0.67,1.0633,132
1580014072.314,0.78,0.9593,0.68,1.0545,132
1580014072.478,0.78,0.9612,0.7,1.0474,132
1580014072.658,0.77,0.9681,0.71,1.0479,133
1580014072.841,0.75,0.9966,0.7,1.0468,133
1580014073.02,0.78,0.9712,0.69,1.0553,133
1580014073.198,0.79,0.9524,0.68,1.0558,133
1580014073.376,0.8,0.9443,0.69,1.0514,133
1580014073.557,0.8,0.9394,0.68,1.0642,133
1580014073.733,0.8,0.9428,0.66,1.0767,133
1580014073.912,0.78,0.9651,0.63,1.1048,133
1580014074.09,0.76,0.9848,0.66,1.0983,133
1580014074.269,0.76,0.9871,0.68,1.0727,133
1580014074.45,0.76,0.984,0.66,1.08,133
1580014074.632,0.79,0.9506,0.66,1.0783,133
1580014074.808,0.79,0.9497,0.68,1.0693,133
1580014074.987,0.79,0.9606,0.66,1.0718,133
1580014075.147,0.77,0.9763,0.67,1.0609,133
1580014075.331,0.78,0.9639,0.7,1.0476,134
1580014075.515,0.76,0.9855,0.69,1.0517,134
1580014075.693,0.77,0.9742,0.68,1.0587,134
1580014075.87,0.77,0.9694,0.67,1.0688,134
1580014076.049,0.79,0.9512,0.67,1.0684,134
1580014076.226,0.8,0.9414,0.7,1.0499,134
1580014076.405,0.79,0.9478,0.68,1.0564,134
1580014076.586,0.77,0.9704,0.69,1.0605,134
1580014076.767,0.77,0.9728,0.66,1.0819,134
1580014076.944,0.78,0.9661,0.65,1.0905,134
1580014077.121,0.77,0.974,0.61,1.0973,134
1580014077.298,0.79,0.9485,0.66,1.0824,134
1580014077.479,0.79,0.9548,0.66,1.0806,134
1580014077.665,0.8,0.9455,0.66,1.0798,134
1580014077.823,0.79,0.9515,0.65,1.0928,134
1580014078.002,0.78,0.9631,0.64,1.0927,135
1580014078.179,0.74,1.0026,0.65,1.0917,135
1580014078.36,0.76,0.9877,0.68,1.0727,135
1580014078.54,0.77,0.9764,0.64,1.0948,135
1580014078.722,0.75,0.9841,0.64,1.1064,135
1580014078.899,0.78,0.9642,0.63,1.1094,135
1580014079.077,0.79,0.9556,0.66,1.0856,135
1580014079.255,0.79,0.9554,0.68,1.0596,135
1580014079.432,0.8,0.9507,0.67,1.0636,135
1580014079.613,0.78,0.9702,0.69,1.0612,135
1580014079.79,0.75,0.9885,0.68,1.0651,135
1580014079.969,0.8,0.9472,0.67,1.0727,135
1580014080.147,0.78,0.9613,0.65,1.077,135
1580014080.324,0.79,0.956,0.67,1.0729,135
1580014080.482,0.79,0.9514,0.67,1.0715,135
1580014080.668,0.79,0.9531,0.68,1.0691,136
1580014080.849,0.76,0.9812,0.64,1.0958,136
1580014081.026,0.76,0.9811,0.64,1.1028,136
1580014081.204,0.75,0.9906,0.65,1.0922,136
1580014081.383,0.75,0.9904,0.67,1.0729,136
1580014081.559,0.78,0.9659,0.63,1.0937,136
1580014081.743,0.8,0.9412,0.64,1.1029,136
1580014081.934,0.79,0.9511,0.64,1.1005,136
1580014082.111,0.79,0.951,0.63,1.1007,136
1580014082.291,0.78,0.9642,0.65,1.0964,136
1580014082.472,0.78,0.9608,0.63,1.1032,136
1580014082.649,0.79,0.9586,0.65,1.098,136
1580014082.828,0.78,0.9631,0.65,1.091,136
1580014083.007,0.79,0.9545,0.65,1.0767,136
1580014083.164,0.8,0.9378,0.66,1.0678,136
1580014083.343,0.8,0.9461,0.66,1.0562,137
1580014083.52,0.78,0.969,0.69,1.0433,137
1580014083.705,0.78,0.9637,0.67,1.0561,137
1580014083.884,0.78,0.9595,0.68,1.0684,137
1580014084.062,0.78,0.961,0.68,1.07,137
1580014084.239,0.79,0.9497,0.68,1.0626,137
1580014084.415,0.81,0.9348,0.66,1.076,137
1580014084.592,0.8,0.9389,0.64,1.0938,137
1580014084.778,0.8,0.9371,0.64,1.0978,137
1580014084.955,0.8,0.9505,0.65,1.0971,137
1580014085.136,0.8,0.95,0.64,1.1009,137
1580014085.313,0.79,0.9523,0.62,1.1017,137
1580014085.488,0.8,0.9469,0.63,1.1017,137
1580014085.665,0.79,0.9554,0.64,1.0852,137
1580014085.828,0.8,0.9489,0.65,1.0783,137
1580014086.007,0.81,0.9376,0.66,1.0718,138
1580014086.185,0.79,0.9558,0.68,1.0647,138
1580014086.363,0.79,0.9518,0.68,1.0632,138
1580014086.538,0.8,0.949,0.67,1.0602,138
1580014086.715,0.8,0.9448,0.67,1.0706,138
1580014086.895,0.81,0.9349,0.65,1.0885,138
1580014087.071,0.8,0.9418,0.63,1.0977,138
1580014087.249,0.81,0.9336,0.63,1.0959,138
1580014087.425,0.81,0.9347,0.65,1.0847,138
1580014087.613,0.81,0.9351,0.67,1.071,138
1580014087.793,0.8,0.9429,0.68,1.0619,138
1580014087.968,0.81,0.9336,0.67,1.0707,138
1580014088.144,0.81,0.9334,0.67,1.0776,138
1580014088.324,0.81,0.9369,0.67,1.0745,138
1580014088.482,0.81,0.9332,0.67,1.0674,138
1580014088.666,0.81,0.9329,0.67,1.0637,139
1580014088.848,0.79,0.9547,0.67,1.0648,139
1580014089.025,0.8,0.9416,0.66,1.0622,139
1580014089.205,0.8,0.9404,0.68,1.056,139
1580014089.395,0.81,0.9373,0.69,1.0544,139
1580014089.582,0.81,0.93,0.65,1.0739,139
1580014089.758,0.81,0.9299,0.66,1.0767,139
1580014089.941,0.81,0.9312,0.66,1.0754,139
1580014090.12,0.82,0.9257,0.66,1.0728,139
1580014090.303,0.81,0.9276,0.68,1.0575,139
1580014090.481,0.81,0.9361,0.67,1.0574,139
1580014090.658,0.82,0.9272,0.68,1.0548,139
1580014090.841,0.81,0.9305,0.68,1.0571,139
1580014091.026,0.81,0.9392,0.69,1.0543,139
1580014091.187,0.81,0.9336,0.69,1.0507,139
1580014091.368,0.81,0.9322,0.68,1.0444,140
1580014091.549,0.8,0.946,0.7,1.0425,140
1580014091.725,0.81,0.9328,0.68,1.0595,140
1580014091.904,0.8,0.9397,0.68,1.0649,140
1580014092.094,0.81,0.9323,0.68,1.0544,140
1580014092.272,0.82,0.9205,0.69,1.0511,140
1580014092.452,0.82,0.9269,0.69,1.0571,140
1580014092.631,0.81,0.9382,0.7,1.054,140
1580014092.807,0.82,0.9235,0.68,1.0591,140
1580014092.988,0.82,0.9252,0.69,1.06,140
1580014093.165,0.81,0.9352,0.68,1.0595,140
1580014093.346,0.82,0.9242,0.68,1.0557,140
1580014093.526,0.81,0.934,0.71,1.039,140
1580014093.706,0.81,0.9371,0.68,1.0542,140
1580014093.868,0.81,0.9271,0.68,1.0617,140
1580014094.054,0.81,0.9285,0.68,1.0558,141
1580014094.234,0.8,0.9423,0.73,1.0281,141
1580014094.414,0.8,0.9389,0.71,1.0377,141
1580014094.595,0.82,0.9273,0.66,1.065,141
1580014094.773,0.82,0.9231,0.65,1.0944,141
1580014094.952,0.81,0.9307,0.65,1.0906,141
1580014095.13,0.82,0.928,0.67,1.0774,141
1580014095.313,0.81,0.9281,0.66,1.0776,141
1580014095.501,0.82,0.9212,0.67,1.0711,141
1580014095.692,0.81,0.9341,0.66,1.0695,141
1580014095.881,0.81,0.932,0.67,1.0678,141
1580014096.077,0.82,0.9231,0.69,1.0526,141
1580014096.266,0.81,0.9301,0.72,1.0374,141
1580014096.455,0.81,0.9341,0.72,1.0356,141
1580014096.623,0.81,0.9276,0.7,1.0396,141
1580014096.805,0.83,0.9191,0.7,1.0433,142
1580014096.986,0.81,0.9361,0.68,1.0581,142
1580014097.17,0.81,0.9336,0.66,1.0688,142
1580014097.352,0.81,0.9305,0.66,1.0704,142
1580014097.534,0.82,0.9271,0.66,1.074,142
1580014097.728,0.82,0.9198,0.66,1.0842,142
1580014097.909,0.82,0.9293,0.66,1.0864,142
1580014098.093,0.82,0.9283,0.67,1.0753,142
1580014098.272,0.82,0.9206,0.67,1.0698,142
1580014098.452,0.82,0.9227,0.67,1.0663,142
1580014098.632,0.82,0.929,0.67,1.0646,142
1580014098.813,0.82,0.9261,0.69,1.0574,142
1580014098.991,0.81,0.9307,0.67,1.0681,142
1580014099.172,0.81,0.9311,0.68,1.0652,142
1580014099.332,0.82,0.922,0.68,1.0571,142
1580014099.515,0.82,0.928,0.68,1.0541,143
1580014099.698,0.8,0.9418,0.69,1.0553,143
1580014099.882,0.82,0.9277,0.67,1.0587,143
1580014100.062,0.82,0.9233,0.69,1.0525,143
1580014100.254,0.82,0.9269,0.68,1.0581,143
1580014100.443,0.83,0.9168,0.67,1.0787,143
1580014100.633,0.82,0.9219,0.65,1.0911,143
1580014100.822,0.82,0.921,0.65,1.0953,143
1580014101.013,0.82,0.9246,0.66,1.0851,143
1580014101.21,0.82,0.9244,0.66,1.0726,143
1580014101.399,0.82,0.9267,0.67,1.0598,143
1580014101.586,0.82,0.9246,0.68,1.053,143
1580014101.773,0.81,0.9317,0.66,1.0647,143
1580014101.951,0.81,0.934,0.67,1.0519,143
1580014102.116,0.82,0.9211,0.71,1.035,143
1580014102.296,0.83,0.9181,0.71,1.0353,144
1580014102.475,0.8,0.9404,0.7,1.0453,144
1580014102.657,0.81,0.9303,0.7,1.0433,144
1580014102.838,0.82,0.9276,0.67,1.055,144
1580014103.019,0.83,0.9172,0.7,1.0507,144
1580014103.203,0.83,0.9191,0.69,1.0536,144
1580014103.385,0.82,0.9228,0.68,1.0667,144
1580014103.567,0.82,0.9197,0.67,1.0787,144
1580014103.749,0.82,0.9184,0.66,1.0726,144
1580014103.93,0.82,0.9244,0.68,1.0608,144
1580014104.113,0.82,0.9283,0.71,1.0433,144
1580014104.295,0.82,0.9242,0.71,1.0332,144
1580014104.475,0.81,0.9306,0.71,1.0287,144
1580014104.656,0.82,0.9248,0.72,1.0267,144
1580014104.815,0.81,0.9333,0.73,1.0187,144
1580014105.002,0.82,0.9235,0.72,1.0202,145
1580014105.186,0.81,0.9373,0.71,1.0433,145
1580014105.367,0.82,0.9272,0.67,1.0682,145
1580014105.549,0.81,0.9347,0.65,1.0806,145
1580014105.731,0.81,0.9299,0.65,1.0744,145
1580014105.913,0.82,0.9214,0.68,1.063,145
1580014106.095,0.82,0.9251,0.65,1.0717,145
1580014106.28,0.8,0.94,0.66,1.0752,145
1580014106.461,0.83,0.9176,0.62,1.0973,145
1580014106.642,0.83,0.9198,0.61,1.1085,145
1580014106.822,0.81,0.9316,0.63,1.0939,145
1580014107.002,0.81,0.9318,0.67,1.0611,145
1580014107.182,0.81,0.9362,0.7,1.0331,145
1580014107.365,0.82,0.9262,0.71,1.0287,145
1580014107.527,0.81,0.9298,0.71,1.0301,145
1580014107.708,0.82,0.9219,0.71,1.0411,146
1580014107.889,0.81,0.9356,0.69,1.0539,146
1580014108.07,0.81,0.9303,0.68,1.06,146
1580014108.252,0.82,0.9211,0.63,1.0982,146
1580014108.432,0.82,0.9255,0.62,1.1017,146
1580014108.611,0.82,0.9287,0.66,1.0744,146
1580014108.791,0.81,0.9301,0.68,1.0584,146
1580014108.972,0.82,0.9253,0.68,1.0588,146
1580014109.153,0.83,0.9129,0.67,1.068,146
1580014109.336,0.82,0.9274,0.65,1.0806,146
1580014109.519,0.81,0.9311,0.63,1.0848,146
1580014109.701,0.82,0.9255,0.65,1.081,146
1580014109.886,0.8,0.9419,0.66,1.071,146
1580014110.067,0.8,0.9425,0.7,1.0509,146
1580014110.229,0.81,0.9368,0.7,1.0459,146
1580014110.418,0.82,0.922,0.72,1.0261,147
1580014110.599,0.81,0.9334,0.7,1.0376,147
1580014110.781,0.81,0.9313,0.69,1.0486,147
1580014110.96,0.81,0.9296,0.67,1.0677,147
1580014111.14,0.82,0.9208,0.66,1.0863,147
1580014111.322,0.82,0.9271,0.65,1.0854,147
1580014111.505,0.81,0.9367,0.66,1.0754,147
1580014111.686,0.81,0.9344,0.69,1.0544,147
1580014111.868,0.83,0.9142,0.68,1.057,147
1580014112.049,0.82,0.921,0.65,1.0712,147
1580014112.231,0.8,0.9359,0.68,1.0651,147
1580014112.424,0.82,0.9256,0.68,1.059,147
1580014112.606,0.82,0.93,0.69,1.0487,147
1580014112.787,0.81,0.9302,0.67,1.0556,147
1580014112.952,0.82,0.9277,0.69,1.0518,147
1580014113.147,0.81,0.9279,0.67,1.0621,148
1580014113.338,0.8,0.941,0.67,1.0692,148
1580014113.527,0.82,0.9249,0.66,1.0774,148
1580014113.714,0.82,0.921,0.66,1.0838,148
1580014113.9,0.81,0.9381,0.66,1.077,148
1580014114.086,0.82,0.9204,0.66,1.0762,148
1580014114.274,0.82,0.9252,0.65,1.0859,148
1580014114.463,0.81,0.9307,0.65,1.0926,148
1580014114.648,0.81,0.9299,0.64,1.0848,148
1580014114.835,0.81,0.9324,0.66,1.0724,148
1580014115.02,0.82,0.9249,0.66,1.0698,148
1580014115.199,0.83,0.9158,0.69,1.0591,148
1580014115.379,0.81,0.9339,0.72,1.0338,148
1580014115.56,0.81,0.9366,0.7,1.0316,148
1580014115.721,0.82,0.9238,0.69,1.0475,148
1580014115.903,0.82,0.9213,0.7,1.0463,149
1580014116.084,0.8,0.9426,0.68,1.0535,149
1580014116.273,0.81,0.9326,0.66,1.0795,149
1580014116.453,0.82,0.9227,0.64,1.0902,149
1580014116.635,0.83,0.9205,0.65,1.0881,149
1580014116.813,0.82,0.926,0.65,1.0875,149
1580014116.992,0.81,0.9323,0.7,1.0558,149
1580014117.173,0.82,0.9196,0.67,1.0637,149
1580014117.356,0.83,0.915,0.67,1.0687,149
1580014117.542,0.81,0.9371,0.66,1.0692,149
1580014117.726,0.81,0.9329,0.68,1.0624,149
1580014117.908,0.82,0.9253,0.7,1.0431,149
1580014118.089,0.81,0.9326,0.71,1.0278,149
1580014118.271,0.81,0.9375,0.74,1.0068,149
1580014118.43,0.8,0.9413,0.73,1.015,149
