1579998247.771,0.25,1.3863,0.26,1.3859,0
1579998247.954,0.26,1.386,0.38,1.3857,0
1579998248.126,0.38,1.386,0.24,1.3858,0
1579998248.298,0.24,1.3864,0.24,1.3854,0
1579998248.469,0.27,1.3856,0.32,1.3849,0
1579998248.652,0.34,1.3855,0.26,1.3848,0
1579998248.825,0.25,1.3852,0.26,1.3848,0
1579998249.0,0.25,1.3842,0.26,1.3842,0
1579998249.173,0.23,1.3835,0.36,1.3842,0
1579998249.35,0.43,1.3818,0.23,1.3835,0
1579998249.523,0.35,1.3789,0.33,1.3824,0
1579998249.696,0.36,1.3756,0.27,1.3833,0
1579998249.874,0.27,1.3705,0.26,1.3802,0
1579998250.047,0.3,1.3726,0.3,1.38,0
1579998250.202,0.38,1.3636,0.32,1.379,0
1579998250.382,0.36,1.3562,0.39,1.3751,1
1579998250.557,0.4,1.3432,0.3,1.3841,1
1579998250.727,0.33,1.3573,0.39,1.3697,1
1579998250.903,0.36,1.3447,0.29,1.3745,1
1579998251.078,0.36,1.3336,0.29,1.3729,1
1579998251.25,0.35,1.3335,0.36,1.3579,1
1579998251.433,0.46,1.3198,0.42,1.3589,1
1579998251.608,0.42,1.3067,0.42,1.3547,1
1579998251.78,0.4,1.3174,0.37,1.3503,1
1579998251.955,0.46,1.2929,0.33,1.3633,1
1579998252.129,0.41,1.3048,0.36,1.3587,1
1579998252.303,0.42,1.3059,0.38,1.3339,1
1579998252.482,0.48,1.2724,0.44,1.3139,1
1579998252.658,0.45,1.291,0.47,1.3069,1
1579998252.812,0.47,1.2623,0.48,1.296,1
1579998252.986,0.49,1.2489,0.45,1.2961,2
1579998253.161,0.49,1.2433,0.43,1.301,2
1579998253.339,0.48,1.2496,0.44,1.2927,2
1579998253.518,0.5,1.2405,0.48,1.2687,2
1579998253.69,0.51,1.219,0.54,1.2473,2
1579998253.863,0.52,1.2127,0.49,1.2507,2
1579998254.037,0.52,1.2198,0.49,1.2571,2
1579998254.209,0.54,1.1899,0.52,1.2329,2
1579998254.386,0.51,1.2136,0.53,1.2352,2
1579998254.559,0.54,1.2047,0.51,1.2611,2
1579998254.731,0.52,1.2166,0.52,1.2543,2
1579998254.904,0.49,1.2262,0.54,1.2143,2
1579998255.079,0.53,1.1934,0.54,1.2105,2
1579998255.255,0.49,1.2281,0.52,1.2311,2
1579998255.411,0.55,1.1841,0.53,1.2365,2
1579998255.594,0.54,1.1907,0.46,1.2344,3
1579998255.769,0.53,1.1947,0.47,1.2233,3
1579998255.944,0.54,1.1895,0.52,1.217,3
1579998256.117,0.54,1.1859,0.53,1.233,3
1579998256.29,0.56,1.1774,0.48,1.2509,3
1579998256.467,0.55,1.1826,0.51,1.2438,3
1579998256.643,0.55,1.1889,0.54,1.2142,3
1579998256.819,0.56,1.1681,0.52,1.2157,3
1579998256.994,0.53,1.1928,0.5,1.2256,3
1579998257.168,0.56,1.188,0.52,1.2429,3
1579998257.343,0.53,1.1975,0.47,1.2675,3
1579998257.521,0.52,1.2121,0.48,1.2522,3
1579998257.696,0.55,1.1737,0.51,1.2239,3
1579998257.87,0.51,1.2117,0.51,1.2206,3
1579998258.026,0.56,1.1743,0.51,1.2216,3
1579998258.204,0.54,1.1861,0.54,1.2203,4
1579998258.387,0.55,1.1789,0.51,1.2376,4
1579998258.565,0.56,1.1742,0.52,1.2388,4
1579998258.747,0.57,1.1686,0.48,1.2401,4
1579998258.923,0.57,1.1637,0.48,1.2273,4
1579998259.099,0.57,1.1709,0.5,1.2201,4
1579998259.272,0.56,1.1744,0.53,1.2073,4
1579998259.447,0.55,1.1665,0.54,1.2027,4
1579998259.627,0.56,1.169,0.55,1.2069,4
1579998259.799,0.56,1.1756,0.55,1.2212,4
1579998259.972,0.54,1.1874,0.53,1.2305,4
1579998260.145,0.53,1.2001,0.48,1.2362,4
1579998260.319,0.56,1.1642,0.52,1.215,4
1579998260.5,0.53,1.2022,0.53,1.2097,4
1579998260.665,0.55,1.1732,0.51,1.2084,4
1579998260.842,0.55,1.1798,0.53,1.2117,5
1579998261.015,0.55,1.1698,0.49,1.2365,5
1579998261.188,0.55,1.1683,0.47,1.2419,5
1579998261.366,0.58,1.1612,0.49,1.2325,5
1579998261.542,0.57,1.1563,0.49,1.2318,5
1579998261.722,0.57,1.1634,0.53,1.2167,5
1579998261.895,0.57,1.1672,0.53,1.2056,5
1579998262.067,0.56,1.1697,0.53,1.2086,5
1579998262.241,0.55,1.1792,0.53,1.2031,5
1579998262.416,0.55,1.17,0.54,1.2261,5
1579998262.59,0.57,1.1755,0.54,1.239,5
1579998262.764,0.52,1.2028,0.51,1.218,5
1579998262.938,0.58,1.1498,0.54,1.208,5
1579998263.112,0.55,1.1864,0.54,1.2061,5
1579998263.267,0.56,1.1612,0.54,1.2071,5
1579998263.447,0.56,1.1796,0.52,1.2062,6
1579998263.623,0.56,1.1688,0.54,1.2064,6
1579998263.798,0.57,1.162,0.54,1.2095,6
1579998263.973,0.59,1.1494,0.53,1.2261,6
1579998264.145,0.57,1.156,0.54,1.225,6
1579998264.32,0.58,1.1616,0.52,1.2033,6
1579998264.495,0.56,1.1712,0.58,1.1862,6
1579998264.67,0.58,1.1531,0.54,1.1936,6
1579998264.844,0.56,1.1683,0.54,1.1891,6
1579998265.019,0.56,1.1684,0.55,1.1979,6
1579998265.195,0.57,1.1678,0.53,1.2169,6
1579998265.37,0.55,1.1811,0.5,1.2149,6
1579998265.544,0.58,1.1507,0.54,1.2045,6
1579998265.718,0.54,1.1847,0.55,1.1942,6
1579998265.874,0.59,1.1482,0.57,1.1857,6
1579998266.048,0.57,1.1616,0.55,1.1912,7
1579998266.223,0.57,1.1617,0.56,1.1938,7
1579998266.4,0.58,1.1532,0.58,1.1894,7
1579998266.577,0.57,1.1547,0.55,1.196,7
1579998266.755,0.59,1.139,0.53,1.2164,7
1579998266.928,0.58,1.1551,0.52,1.2201,7
1579998267.102,0.55,1.1798,0.54,1.1967,7
1579998267.276,0.58,1.1449,0.57,1.1832,7
1579998267.454,0.58,1.1536,0.54,1.1812,7
1579998267.634,0.56,1.1699,0.59,1.1716,7
1579998267.817,0.57,1.1649,0.55,1.2028,7
1579998267.992,0.54,1.1832,0.54,1.2153,7
1579998268.159,0.57,1.1564,0.56,1.1854,7
1579998268.333,0.56,1.173,0.57,1.1861,7
1579998268.488,0.59,1.1438,0.56,1.1858,7
1579998268.667,0.58,1.1624,0.55,1.1894,8
1579998268.849,0.58,1.1549,0.56,1.1999,8
1579998269.026,0.58,1.1475,0.55,1.1951,8
1579998269.201,0.6,1.1428,0.55,1.1998,8
1579998269.376,0.59,1.1362,0.53,1.2108,8
1579998269.549,0.59,1.1485,0.52,1.2117,8
1579998269.723,0.57,1.1657,0.52,1.2017,8
1579998269.908,0.61,1.1372,0.55,1.1928,8
1579998270.082,0.58,1.1499,0.55,1.1811,8
1579998270.255,0.57,1.155,0.57,1.1805,8
1579998270.431,0.56,1.1699,0.58,1.1809,8
1579998270.608,0.56,1.1702,0.56,1.2104,8
1579998270.784,0.6,1.1408,0.54,1.2057,8
1579998270.967,0.55,1.1712,0.54,1.1873,8
1579998271.123,0.61,1.1237,0.55,1.1895,8
1579998271.298,0.58,1.1524,0.56,1.1878,9
1579998271.476,0.58,1.1496,0.55,1.1853,9
1579998271.651,0.6,1.1374,0.57,1.1915,9
1579998271.827,0.61,1.1344,0.53,1.2011,9
1579998272.008,0.61,1.1243,0.53,1.2126,9
1579998272.182,0.6,1.1393,0.51,1.2178,9
1579998272.359,0.57,1.1634,0.53,1.1941,9
1579998272.536,0.61,1.1281,0.54,1.1916,9
1579998272.713,0.59,1.1431,0.56,1.1847,9
1579998272.89,0.58,1.1467,0.53,1.2038,9
1579998273.069,0.58,1.1633,0.57,1.1858,9
1579998273.249,0.57,1.1655,0.56,1.1997,9
1579998273.424,0.61,1.1285,0.52,1.206,9
1579998273.599,0.57,1.1607,0.52,1.2083,9
1579998273.754,0.61,1.1259,0.54,1.2056,9
1579998273.93,0.59,1.1482,0.56,1.183,10
1579998274.107,0.6,1.1464,0.58,1.1724,10
1579998274.283,0.6,1.1322,0.59,1.1738,10
1579998274.458,0.58,1.1423,0.59,1.1787,10
1579998274.632,0.62,1.1205,0.54,1.1927,10
1579998274.809,0.6,1.1356,0.52,1.2124,10
1579998274.986,0.58,1.1565,0.5,1.2117,10
1579998275.161,0.6,1.1261,0.52,1.2067,10
1579998275.335,0.59,1.1404,0.53,1.1958,10
1579998275.509,0.59,1.1407,0.55,1.1905,10
1579998275.686,0.6,1.1412,0.55,1.1926,10
1579998275.865,0.58,1.1568,0.55,1.1903,10
1579998276.046,0.61,1.1239,0.55,1.1991,10
1579998276.222,0.57,1.1534,0.54,1.1925,10
1579998276.378,0.62,1.1113,0.55,1.1869,10
1579998276.554,0.61,1.1282,0.51,1.2062,11
1579998276.734,0.59,1.1448,0.54,1.199,11
1579998276.91,0.61,1.1275,0.52,1.2016,11
1579998277.091,0.63,1.1233,0.54,1.2004,11
1579998277.264,0.63,1.111,0.54,1.1993,11
1579998277.438,0.61,1.1305,0.53,1.2114,11
1579998277.611,0.59,1.1492,0.53,1.2052,11
1579998277.787,0.62,1.117,0.54,1.2008,11
1579998277.962,0.61,1.1288,0.57,1.1873,11
1579998278.149,0.6,1.1364,0.56,1.1811,11
1579998278.323,0.6,1.1335,0.56,1.1886,11
1579998278.498,0.58,1.1514,0.56,1.1845,11
1579998278.68,0.61,1.1181,0.54,1.2016,11
1579998278.854,0.59,1.1415,0.53,1.2014,11
1579998279.011,0.63,1.1044,0.56,1.1913,11
1579998279.188,0.62,1.1218,0.55,1.1898,12
1579998279.364,0.61,1.1348,0.55,1.187,12
1579998279.539,0.61,1.1194,0.53,1.2019,12
1579998279.713,0.61,1.1236,0.53,1.1989,12
1579998279.889,0.64,1.103,0.53,1.2072,12
1579998280.069,0.61,1.1281,0.5,1.2282,12
1579998280.244,0.58,1.1503,0.54,1.2019,12
1579998280.42,0.62,1.1099,0.54,1.1965,12
1579998280.597,0.62,1.1214,0.57,1.1949,12
1579998280.771,0.59,1.1362,0.56,1.193,12
1579998280.947,0.6,1.1325,0.61,1.1741,12
1579998281.122,0.58,1.1525,0.57,1.1743,12
1579998281.296,0.62,1.1145,0.54,1.2004,12
1579998281.472,0.61,1.1323,0.48,1.2332,12
1579998281.633,0.65,1.1005,0.52,1.2095,12
1579998281.807,0.62,1.1207,0.55,1.1894,13
1579998281.983,0.6,1.1305,0.55,1.1932,13
1579998282.158,0.6,1.1311,0.54,1.2027,13
1579998282.332,0.62,1.126,0.53,1.2121,13
1579998282.506,0.63,1.1083,0.54,1.2054,13
1579998282.686,0.58,1.1455,0.53,1.2053,13
1579998282.86,0.6,1.1369,0.49,1.2269,13
1579998283.035,0.6,1.1351,0.51,1.2172,13
1579998283.21,0.61,1.1267,0.52,1.2144,13
1579998283.384,0.61,1.127,0.54,1.2214,13
1579998283.568,0.58,1.1452,0.52,1.2148,13
1579998283.741,0.56,1.1664,0.55,1.1899,13
1579998283.916,0.62,1.115,0.54,1.1959,13
1579998284.092,0.57,1.1612,0.54,1.205,13
1579998284.255,0.62,1.1144,0.53,1.1998,13
1579998284.431,0.63,1.1102,0.52,1.2225,14
1579998284.61,0.59,1.1471,0.48,1.2385,14
1579998284.786,0.6,1.1346,0.48,1.2262,14
1579998284.962,0.62,1.1142,0.5,1.2127,14
1579998285.141,0.62,1.1117,0.55,1.1961,14
1579998285.323,0.61,1.1253,0.55,1.1945,14
1579998285.497,0.6,1.1373,0.58,1.1812,14
1579998285.674,0.63,1.108,0.57,1.1818,14
1579998285.85,0.61,1.1209,0.58,1.1781,14
1579998286.024,0.61,1.126,0.56,1.1902,14
1579998286.198,0.62,1.1194,0.56,1.1861,14
1579998286.374,0.59,1.1435,0.58,1.1782,14
1579998286.548,0.63,1.1078,0.57,1.1807,14
1579998286.725,0.6,1.1304,0.57,1.1884,14
1579998286.883,0.66,1.0825,0.5,1.2246,14
1579998287.061,0.61,1.126,0.52,1.2037,15
1579998287.241,0.6,1.1315,0.55,1.1921,15
1579998287.421,0.62,1.1086,0.54,1.1961,15
1579998287.597,0.62,1.1162,0.54,1.1974,15
1579998287.773,0.65,1.0913,0.49,1.2261,15
1579998287.949,0.62,1.122,0.49,1.2261,15
1579998288.127,0.6,1.1403,0.58,1.184,15
1579998288.303,0.64,1.0992,0.56,1.178,15
1579998288.479,0.62,1.1168,0.57,1.1743,15
1579998288.665,0.62,1.1122,0.55,1.1808,15
1579998288.84,0.62,1.1119,0.57,1.1751,15
1579998289.017,0.58,1.1433,0.56,1.1722,15
1579998289.196,0.64,1.1012,0.56,1.1706,15
1579998289.374,0.6,1.1255,0.57,1.175,15
1579998289.532,0.67,1.0763,0.54,1.1945,15
1579998289.709,0.64,1.1064,0.53,1.1972,16
1579998289.886,0.62,1.1191,0.55,1.186,16
1579998290.061,0.64,1.1002,0.56,1.18,16
1579998290.236,0.65,1.0977,0.55,1.1849,16
1579998290.422,0.65,1.0901,0.51,1.2059,16
1579998290.598,0.63,1.1058,0.5,1.2294,16
1579998290.781,0.6,1.1354,0.54,1.2038,16
1579998290.957,0.65,1.0897,0.54,1.1858,16
1579998291.132,0.63,1.1118,0.56,1.18,16
1579998291.308,0.62,1.1154,0.54,1.1947,16
1579998291.489,0.63,1.1113,0.53,1.2085,16
1579998291.664,0.58,1.1563,0.56,1.1898,16
1579998291.839,0.64,1.0963,0.56,1.1867,16
1579998292.015,0.6,1.1401,0.54,1.1781,16
1579998292.171,0.64,1.0942,0.55,1.1837,16
1579998292.348,0.63,1.1058,0.5,1.2203,17
1579998292.529,0.6,1.1301,0.5,1.2225,17
1579998292.71,0.62,1.1144,0.53,1.1923,17
1579998292.887,0.65,1.091,0.55,1.1812,17
1579998293.062,0.64,1.0945,0.56,1.1817,17
1579998293.237,0.59,1.1351,0.56,1.1836,17
1579998293.416,0.62,1.1141,0.52,1.2068,17
1579998293.596,0.64,1.0907,0.5,1.2183,17
1579998293.771,0.63,1.1117,0.53,1.2046,17
1579998293.947,0.64,1.1033,0.55,1.19,17
1579998294.123,0.62,1.1148,0.56,1.1802,17
1579998294.295,0.59,1.1407,0.56,1.1784,17
1579998294.47,0.64,1.0911,0.55,1.1857,17
1579998294.646,0.62,1.1139,0.54,1.1941,17
1579998294.803,0.68,1.0656,0.55,1.193,17
1579998294.98,0.65,1.0948,0.54,1.1927,18
1579998295.158,0.63,1.1038,0.54,1.1938,18
1579998295.334,0.65,1.0916,0.55,1.1894,18
1579998295.509,0.66,1.0846,0.55,1.1857,18
1579998295.685,0.68,1.0719,0.55,1.1865,18
1579998295.859,0.65,1.101,0.53,1.1929,18
1579998296.035,0.63,1.1089,0.53,1.1885,18
1579998296.213,0.66,1.0795,0.55,1.1849,18
1579998296.387,0.65,1.0934,0.55,1.1801,18
1579998296.564,0.64,1.0915,0.55,1.1803,18
1579998296.74,0.64,1.0948,0.55,1.1831,18
1579998296.916,0.6,1.129,0.55,1.1913,18
1579998297.093,0.64,1.0933,0.56,1.1697,18
1579998297.269,0.62,1.1075,0.55,1.175,18
1579998297.427,0.67,1.0703,0.54,1.1816,18
1579998297.611,0.64,1.0966,0.53,1.201,19
1579998297.788,0.63,1.1089,0.53,1.1971,19
1579998297.967,0.65,1.0936,0.54,1.1816,19
1579998298.147,0.66,1.0845,0.56,1.1722,19
1579998298.34,0.64,1.0947,0.54,1.1832,19
1579998298.524,0.63,1.1055,0.49,1.2087,19
1579998298.704,0.63,1.1103,0.51,1.2039,19
1579998298.879,0.64,1.0928,0.53,1.1972,19
1579998299.056,0.64,1.0897,0.53,1.1836,19
1579998299.235,0.64,1.0986,0.56,1.1777,19
1579998299.414,0.64,1.096,0.59,1.1745,19
1579998299.592,0.62,1.1132,0.52,1.2061,19
1579998299.768,0.63,1.1003,0.57,1.1842,19
1579998299.946,0.63,1.1081,0.56,1.173,19
1579998300.117,0.68,1.0569,0.55,1.1815,19
1579998300.303,0.62,1.1061,0.55,1.1931,20
1579998300.484,0.64,1.0975,0.53,1.1858,20
1579998300.662,0.64,1.0865,0.53,1.1838,20
1579998300.839,0.66,1.0834,0.57,1.1771,20
1579998301.017,0.66,1.0803,0.58,1.1676,20
1579998301.197,0.63,1.1023,0.54,1.1782,20
1579998301.374,0.64,1.0923,0.52,1.1946,20
1579998301.552,0.65,1.0879,0.51,1.1936,20
1579998301.738,0.65,1.0889,0.56,1.1687,20
1579998301.916,0.66,1.0814,0.56,1.1658,20
1579998302.092,0.64,1.0975,0.57,1.1689,20
1579998302.27,0.64,1.1043,0.54,1.1883,20
1579998302.447,0.67,1.0667,0.53,1.1964,20
1579998302.626,0.64,1.0978,0.53,1.1873,20
1579998302.781,0.7,1.0471,0.55,1.1692,20
1579998302.96,0.65,1.0853,0.57,1.1653,21
1579998303.143,0.65,1.0873,0.55,1.1792,21
1579998303.322,0.67,1.0764,0.54,1.1928,21
1579998303.499,0.66,1.0776,0.51,1.2019,21
1579998303.681,0.69,1.0507,0.53,1.1979,21
1579998303.864,0.66,1.0813,0.56,1.178,21
1579998304.041,0.65,1.0922,0.58,1.162,21
1579998304.22,0.67,1.0671,0.58,1.1652,21
1579998304.399,0.66,1.0788,0.57,1.166,21
1579998304.578,0.66,1.0806,0.6,1.1586,21
1579998304.762,0.66,1.0751,0.61,1.151,21
1579998304.941,0.64,1.0944,0.59,1.1593,21
1579998305.118,0.68,1.0574,0.6,1.1657,21
1579998305.294,0.66,1.0839,0.55,1.1741,21
1579998305.451,0.7,1.0417,0.6,1.1655,21
1579998305.632,0.68,1.0662,0.58,1.1543,22
1579998305.826,0.67,1.0708,0.59,1.1564,22
1579998306.007,0.67,1.0708,0.57,1.1696,22
1579998306.196,0.68,1.0634,0.56,1.1751,22
1579998306.387,0.7,1.0412,0.54,1.1801,22
1579998306.577,0.69,1.0666,0.52,1.1848,22
1579998306.767,0.65,1.0881,0.59,1.167,22
1579998306.945,0.69,1.0548,0.58,1.1632,22
1579998307.123,0.68,1.0659,0.59,1.1636,22
1579998307.301,0.67,1.0679,0.6,1.1572,22
1579998307.477,0.68,1.0673,0.59,1.1475,22
1579998307.654,0.65,1.0897,0.59,1.1559,22
1579998307.832,0.69,1.0494,0.58,1.171,22
1579998308.009,0.66,1.0809,0.54,1.1721,22
1579998308.166,0.72,1.0341,0.6,1.1605,22
1579998308.345,0.69,1.0598,0.58,1.159,23
1579998308.526,0.68,1.0626,0.56,1.1643,23
1579998308.706,0.67,1.0672,0.54,1.172,23
1579998308.887,0.69,1.0527,0.56,1.182,23
1579998309.065,0.71,1.0394,0.54,1.1896,23
1579998309.241,0.68,1.0706,0.53,1.1884,23
1579998309.42,0.65,1.087,0.58,1.1677,23
1579998309.6,0.68,1.0576,0.57,1.1573,23
1579998309.777,0.68,1.0585,0.58,1.1545,23
1579998309.964,0.66,1.0723,0.58,1.1548,23
1579998310.141,0.68,1.0564,0.59,1.1579,23
1579998310.317,0.65,1.0877,0.57,1.1601,23
1579998310.494,0.69,1.0478,0.59,1.1597,23
1579998310.673,0.66,1.0773,0.56,1.1633,23
1579998310.833,0.71,1.0291,0.57,1.1624,23
1579998311.015,0.7,1.0526,0.58,1.1596,24
1579998311.197,0.69,1.0535,0.61,1.1552,24
1579998311.381,0.69,1.052,0.59,1.1604,24
1579998311.563,0.7,1.0457,0.54,1.1771,24
1579998311.742,0.72,1.0329,0.56,1.1822,24
1579998311.917,0.66,1.0773,0.56,1.1742,24
1579998312.094,0.67,1.0709,0.58,1.1671,24
1579998312.272,0.7,1.0449,0.57,1.1627,24
1579998312.448,0.68,1.0644,0.6,1.1566,24
1579998312.625,0.69,1.0525,0.61,1.1547,24
1579998312.801,0.7,1.0495,0.58,1.152,24
1579998312.981,0.66,1.0803,0.61,1.1476,24
1579998313.159,0.7,1.0377,0.58,1.1583,24
1579998313.336,0.67,1.0723,0.57,1.165,24
1579998313.496,0.72,1.0213,0.59,1.1571,24
1579998313.674,0.69,1.0549,0.59,1.162,25
1579998313.852,0.69,1.0525,0.59,1.1514,25
1579998314.04,0.69,1.0519,0.58,1.1542,25
1579998314.219,0.71,1.0412,0.57,1.1686,25
1579998314.399,0.72,1.0288,0.56,1.1828,25
1579998314.579,0.67,1.0685,0.54,1.1777,25
1579998314.758,0.68,1.0643,0.57,1.1632,25
1579998314.936,0.7,1.0426,0.57,1.157,25
1579998315.116,0.68,1.0579,0.58,1.1539,25
1579998315.294,0.69,1.0481,0.6,1.1577,25
1579998315.474,0.69,1.0461,0.6,1.1514,25
1579998315.652,0.66,1.081,0.62,1.1462,25
1579998315.835,0.71,1.0337,0.59,1.1499,25
1579998316.013,0.67,1.0765,0.59,1.154,25
1579998316.171,0.71,1.0271,0.6,1.1526,25
1579998316.349,0.69,1.0552,0.59,1.1639,26
1579998316.528,0.67,1.0713,0.57,1.1756,26
1579998316.707,0.68,1.0618,0.62,1.1302,26
1579998316.889,0.68,1.065,0.59,1.1519,26
1579998317.068,0.67,1.0634,0.57,1.1727,26
1579998317.246,0.68,1.0614,0.54,1.1947,26
1579998317.426,0.63,1.1036,0.53,1.186,26
1579998317.602,0.68,1.0545,0.6,1.1511,26
1579998317.78,0.68,1.0547,0.6,1.1419,26
1579998317.959,0.67,1.0669,0.6,1.1401,26
1579998318.145,0.67,1.0641,0.6,1.1551,26
1579998318.326,0.66,1.0841,0.57,1.1717,26
1579998318.507,0.67,1.0576,0.54,1.1857,26
1579998318.694,0.66,1.0822,0.5,1.1977,26
1579998318.852,0.71,1.0319,0.58,1.1629,26
1579998319.038,0.67,1.0617,0.58,1.146,27
1579998319.219,0.68,1.0561,0.56,1.1563,27
1579998319.4,0.66,1.0725,0.59,1.1544,27
1579998319.58,0.66,1.0737,0.58,1.1568,27
1579998319.759,0.71,1.0299,0.57,1.1674,27
1579998319.936,0.68,1.0616,0.53,1.2003,27
1579998320.114,0.63,1.1068,0.52,1.1937,27
1579998320.292,0.69,1.0496,0.56,1.174,27
1579998320.481,0.67,1.0649,0.55,1.1651,27
1579998320.66,0.69,1.0475,0.58,1.1492,27
1579998320.841,0.67,1.0664,0.61,1.1334,27
1579998321.021,0.64,1.0957,0.6,1.1408,27
1579998321.203,0.69,1.0437,0.56,1.1554,27
1579998321.387,0.68,1.0646,0.52,1.1833,27
1579998321.547,0.7,1.0325,0.55,1.1828,27
1579998321.732,0.67,1.0673,0.56,1.1719,28
1579998321.912,0.68,1.0561,0.59,1.1445,28
1579998322.091,0.69,1.0549,0.59,1.1453,28
1579998322.278,0.69,1.0483,0.59,1.1453,28
1579998322.459,0.71,1.0336,0.59,1.1567,28
1579998322.636,0.68,1.0582,0.54,1.1795,28
1579998322.817,0.67,1.0753,0.53,1.1913,28
1579998322.994,0.69,1.0486,0.53,1.1986,28
1579998323.174,0.68,1.064,0.53,1.1957,28
1579998323.354,0.69,1.0553,0.55,1.1715,28
1579998323.535,0.69,1.0493,0.58,1.1603,28
1579998323.716,0.65,1.0892,0.58,1.1595,28
1579998323.895,0.68,1.0608,0.58,1.1576,28
1579998324.075,0.65,1.0815,0.57,1.1601,28
1579998324.235,0.73,1.0116,0.54,1.185,28
1579998324.417,0.7,1.0432,0.56,1.1822,29
1579998324.595,0.68,1.0616,0.56,1.174,29
1579998324.773,0.67,1.0691,0.57,1.1687,29
1579998324.951,0.7,1.0401,0.58,1.1559,29
1579998325.143,0.71,1.0291,0.6,1.1381,29
1579998325.334,0.67,1.0714,0.57,1.1553,29
1579998325.513,0.65,1.0866,0.58,1.1589,29
1579998325.692,0.68,1.0657,0.57,1.1506,29
1579998325.871,0.69,1.0497,0.58,1.1542,29
1579998326.049,0.69,1.053,0.58,1.1584,29
1579998326.229,0.65,1.0877,0.61,1.1411,29
1579998326.409,0.67,1.0664,0.57,1.1598,29
1579998326.592,0.7,1.0391,0.57,1.1698,29
1579998326.772,0.67,1.0759,0.59,1.1564,29
1579998326.934,0.72,1.023,0.58,1.153,29
1579998327.114,0.7,1.0433,0.54,1.184,30
1579998327.295,0.67,1.0638,0.52,1.1851,30
1579998327.472,0.68,1.0634,0.53,1.1781,30
1579998327.65,0.7,1.0387,0.57,1.1682,30
1579998327.83,0.72,1.0242,0.56,1.1674,30
1579998328.012,0.68,1.0604,0.61,1.147,30
1579998328.193,0.68,1.0653,0.59,1.1507,30
1579998328.372,0.69,1.0419,0.59,1.1541,30
1579998328.551,0.7,1.0385,0.59,1.1599,30
1579998328.73,0.71,1.038,0.59,1.1588,30
1579998328.908,0.69,1.0492,0.59,1.1513,30
1579998329.088,0.68,1.0606,0.59,1.1528,30
1579998329.269,0.72,1.0228,0.56,1.1654,30
1579998329.462,0.69,1.0541,0.56,1.1735,30
1579998329.623,0.73,1.0141,0.57,1.1647,30
1579998329.807,0.71,1.0319,0.52,1.1829,31
1579998329.989,0.7,1.0443,0.54,1.1863,31
1579998330.168,0.67,1.0657,0.54,1.1845,31
1579998330.35,0.69,1.0414,0.55,1.1851,31
1579998330.528,0.73,1.014,0.54,1.1907,31
1579998330.708,0.68,1.0631,0.55,1.1831,31
1579998330.889,0.68,1.0611,0.58,1.1561,31
1579998331.072,0.71,1.0307,0.55,1.1705,31
1579998331.253,0.69,1.0463,0.56,1.1741,31
1579998331.436,0.71,1.0351,0.59,1.1569,31
1579998331.617,0.7,1.0449,0.61,1.1391,31
1579998331.799,0.69,1.0574,0.59,1.1505,31
1579998331.981,0.72,1.0242,0.59,1.1592,31
1579998332.163,0.69,1.05,0.58,1.1535,31
1579998332.324,0.74,0.9995,0.58,1.1554,31
1579998332.514,0.71,1.0298,0.57,1.1654,32
1579998332.694,0.7,1.0347,0.53,1.1845,32
1579998332.873,0.7,1.0419,0.54,1.1878,32
1579998333.056,0.7,1.0382,0.55,1.1868,32
1579998333.238,0.72,1.0219,0.57,1.1785,32
1579998333.42,0.7,1.0399,0.57,1.184,32
1579998333.601,0.69,1.0592,0.55,1.1722,32
1579998333.781,0.7,1.039,0.58,1.1553,32
1579998333.961,0.71,1.0371,0.56,1.1616,32
1579998334.14,0.71,1.0278,0.55,1.1746,32
1579998334.332,0.67,1.0728,0.58,1.1606,32
1579998334.513,0.67,1.0671,0.59,1.146,32
1579998334.695,0.71,1.0237,0.57,1.1646,32
1579998334.877,0.66,1.0722,0.55,1.1842,32
1579998335.039,0.68,1.0522,0.57,1.1627,32
1579998335.222,0.68,1.0559,0.59,1.1419,33
1579998335.406,0.69,1.0471,0.56,1.1696,33
1579998335.59,0.64,1.0849,0.57,1.1555,33
1579998335.771,0.68,1.055,0.55,1.1702,33
1579998335.956,0.72,1.0213,0.51,1.2131,33
1579998336.136,0.66,1.0737,0.5,1.2271,33
1579998336.316,0.64,1.0986,0.53,1.2063,33
1579998336.497,0.68,1.06,0.57,1.1713,33
1579998336.679,0.68,1.0613,0.6,1.15,33
1579998336.859,0.67,1.0615,0.57,1.1648,33
1579998337.039,0.65,1.0855,0.54,1.1892,33
1579998337.218,0.62,1.1121,0.54,1.1894,33
1579998337.398,0.67,1.0719,0.54,1.1755,33
1579998337.577,0.66,1.0674,0.57,1.1797,33
1579998337.737,0.72,1.0176,0.51,1.2196,33
1579998337.918,0.66,1.0733,0.5,1.2312,34
1579998338.107,0.64,1.0947,0.49,1.2319,34
1579998338.286,0.63,1.0976,0.5,1.2218,34
1579998338.466,0.69,1.0511,0.55,1.1876,34
1579998338.662,0.72,1.0291,0.6,1.1578,34
1579998338.841,0.68,1.0613,0.54,1.182,34
1579998339.021,0.64,1.0927,0.53,1.1915,34
1579998339.202,0.69,1.0472,0.55,1.1791,34
1579998339.38,0.69,1.0489,0.57,1.1605,34
1579998339.559,0.7,1.0369,0.58,1.162,34
1579998339.74,0.69,1.0524,0.57,1.1637,34
1579998339.92,0.67,1.0664,0.57,1.1719,34
1579998340.101,0.72,1.0174,0.54,1.1876,34
1579998340.28,0.68,1.0561,0.54,1.1821,34
1579998340.439,0.73,1.0139,0.56,1.168,34
1579998340.624,0.72,1.0286,0.59,1.1545,35
1579998340.806,0.7,1.0345,0.59,1.1537,35
1579998340.985,0.7,1.0438,0.59,1.1538,35
1579998341.164,0.71,1.0324,0.59,1.1545,35
1579998341.343,0.71,1.0257,0.59,1.1554,35
1579998341.525,0.7,1.0472,0.56,1.1643,35
1579998341.713,0.69,1.0561,0.55,1.1771,35
1579998341.891,0.71,1.0326,0.54,1.1806,35
1579998342.071,0.68,1.0645,0.55,1.1712,35
1579998342.25,0.69,1.0441,0.59,1.1493,35
1579998342.431,0.69,1.0481,0.58,1.143,35
1579998342.608,0.69,1.054,0.59,1.1492,35
1579998342.801,0.71,1.0266,0.55,1.172,35
1579998342.98,0.67,1.0633,0.54,1.1713,35
1579998343.139,0.73,1.0105,0.59,1.1604,35
1579998343.32,0.72,1.0285,0.53,1.1869,36
1579998343.501,0.68,1.0582,0.54,1.1824,36
1579998343.679,0.68,1.0602,0.56,1.1664,36
1579998343.861,0.73,1.0279,0.58,1.1518,36
1579998344.039,0.75,0.9965,0.54,1.1582,36
1579998344.218,0.69,1.0533,0.57,1.1634,36
1579998344.402,0.68,1.0631,0.6,1.151,36
1579998344.584,0.71,1.0304,0.59,1.1405,36
1579998344.766,0.72,1.0242,0.6,1.1402,36
1579998344.947,0.71,1.0283,0.6,1.1398,36
1579998345.13,0.71,1.031,0.6,1.1376,36
1579998345.31,0.69,1.0497,0.59,1.1459,36
1579998345.487,0.72,1.0159,0.59,1.1506,36
1579998345.667,0.68,1.0527,0.59,1.1475,36
1579998345.834,0.76,0.9895,0.61,1.1487,36
1579998346.016,0.73,1.0205,0.59,1.1477,37
1579998346.196,0.71,1.0285,0.6,1.145,37
1579998346.374,0.71,1.0389,0.6,1.1466,37
1579998346.552,0.72,1.0215,0.58,1.1625,37
1579998346.731,0.74,1.0056,0.56,1.1686,37
1579998346.916,0.69,1.0481,0.55,1.175,37
1579998347.097,0.69,1.0468,0.55,1.1718,37
1579998347.278,0.72,1.0227,0.58,1.1639,37
1579998347.458,0.68,1.0553,0.59,1.1622,37
1579998347.635,0.71,1.0296,0.58,1.1588,37
1579998347.817,0.71,1.0254,0.54,1.1776,37
1579998347.995,0.67,1.0741,0.57,1.1642,37
1579998348.173,0.71,1.0298,0.58,1.1544,37
1579998348.359,0.68,1.0654,0.6,1.1442,37
1579998348.518,0.76,0.9841,0.56,1.1734,37
1579998348.708,0.7,1.035,0.54,1.1942,38
1579998348.888,0.67,1.0684,0.55,1.1842,38
1579998349.07,0.67,1.0597,0.56,1.1658,38
1579998349.252,0.71,1.0312,0.58,1.1582,38
1579998349.43,0.72,1.0108,0.56,1.1591,38
1579998349.608,0.69,1.0544,0.56,1.1739,38
1579998349.788,0.66,1.0747,0.56,1.1612,38
1579998349.974,0.71,1.0272,0.59,1.1483,38
1579998350.155,0.72,1.0245,0.61,1.1418,38
1579998350.337,0.71,1.026,0.59,1.1529,38
1579998350.519,0.72,1.0259,0.57,1.1675,38
1579998350.701,0.67,1.0652,0.56,1.1637,38
1579998350.884,0.71,1.0226,0.59,1.141,38
1579998351.063,0.7,1.0386,0.59,1.1411,38
1579998351.226,0.73,1.0157,0.61,1.1407,38
1579998351.409,0.71,1.0263,0.59,1.1632,39
1579998351.591,0.72,1.025,0.58,1.172,39
1579998351.771,0.69,1.0538,0.55,1.1668,39
1579998351.949,0.72,1.0192,0.59,1.1456,39
1579998352.128,0.73,1.0105,0.61,1.1345,39
1579998352.309,0.69,1.0498,0.58,1.1588,39
1579998352.489,0.68,1.0625,0.53,1.1772,39
1579998352.669,0.72,1.0201,0.55,1.183,39
1579998352.848,0.68,1.0522,0.56,1.1796,39
1579998353.033,0.71,1.0309,0.59,1.1516,39
1579998353.211,0.72,1.0267,0.61,1.1376,39
1579998353.391,0.66,1.0687,0.61,1.1331,39
1579998353.57,0.73,1.0121,0.59,1.1538,39
1579998353.747,0.72,1.0305,0.58,1.1656,39
1579998353.904,0.73,1.0039,0.54,1.1729,39
1579998354.092,0.72,1.0236,0.53,1.1746,40
1579998354.27,0.71,1.0229,0.58,1.1558,40
1579998354.448,0.71,1.0355,0.6,1.1456,40
1579998354.635,0.75,1.0027,0.59,1.1521,40
1579998354.812,0.76,0.9903,0.56,1.1615,40
1579998354.991,0.71,1.0273,0.54,1.1718,40
1579998355.168,0.7,1.0449,0.55,1.1793,40
1579998355.351,0.73,1.012,0.54,1.178,40
1579998355.529,0.72,1.0201,0.56,1.163,40
1579998355.707,0.73,1.0101,0.61,1.1397,40
1579998355.885,0.73,1.0171,0.59,1.1402,40
1579998356.067,0.69,1.0474,0.59,1.1454,40
1579998356.247,0.74,1.0034,0.6,1.1536,40
1579998356.424,0.72,1.024,0.59,1.1497,40
1579998356.584,0.77,0.9805,0.58,1.1549,40
1579998356.765,0.73,1.0105,0.55,1.1724,41
1579998356.943,0.72,1.0211,0.56,1.1739,41
1579998357.132,0.71,1.0336,0.58,1.1557,41
1579998357.314,0.74,1.0028,0.59,1.1518,41
1579998357.49,0.74,1.0,0.58,1.1586,41
1579998357.667,0.72,1.0213,0.56,1.1749,41
1579998357.845,0.71,1.0333,0.55,1.1837,41
1579998358.022,0.73,1.0084,0.54,1.1832,41
1579998358.21,0.72,1.0218,0.56,1.1764,41
1579998358.398,0.74,1.0028,0.61,1.1429,41
1579998358.577,0.73,1.0187,0.61,1.1333,41
1579998358.756,0.69,1.0451,0.61,1.1411,41
1579998358.934,0.75,0.9907,0.6,1.1476,41
1579998359.113,0.72,1.0262,0.6,1.1535,41
1579998359.271,0.77,0.976,0.58,1.1619,41
1579998359.449,0.74,1.0084,0.58,1.1564,42
1579998359.631,0.72,1.0228,0.58,1.1558,42
1579998359.81,0.72,1.0259,0.58,1.1506,42
1579998359.991,0.75,1.0014,0.6,1.1375,42
1579998360.182,0.76,0.9884,0.58,1.1435,42
1579998360.36,0.72,1.0201,0.57,1.1575,42
1579998360.539,0.7,1.0419,0.55,1.1836,42
1579998360.72,0.74,1.0037,0.57,1.1818,42
1579998360.899,0.71,1.0305,0.54,1.1781,42
1579998361.08,0.73,1.0102,0.61,1.1424,42
1579998361.27,0.73,1.0143,0.6,1.1303,42
1579998361.451,0.68,1.0605,0.62,1.1277,42
1579998361.63,0.73,1.0117,0.55,1.165,42
1579998361.814,0.72,1.0215,0.55,1.1817,42
1579998361.976,0.74,1.0042,0.53,1.1894,42
1579998362.162,0.71,1.0281,0.6,1.1592,43
1579998362.344,0.72,1.0165,0.57,1.1501,43
1579998362.525,0.69,1.0506,0.58,1.1409,43
1579998362.703,0.73,1.0159,0.59,1.1394,43
1579998362.883,0.76,0.9885,0.57,1.1515,43
1579998363.063,0.69,1.049,0.58,1.1514,43
1579998363.24,0.7,1.0398,0.59,1.1539,43
1579998363.419,0.74,1.0025,0.56,1.1641,43
1579998363.6,0.72,1.0273,0.57,1.1621,43
1579998363.783,0.73,1.0087,0.61,1.138,43
1579998363.966,0.73,1.0092,0.58,1.157,43
1579998364.151,0.67,1.0642,0.58,1.164,43
1579998364.339,0.7,1.0317,0.59,1.1396,43
1579998364.517,0.71,1.0296,0.55,1.175,43
1579998364.677,0.76,0.9841,0.5,1.1983,43
1579998364.858,0.73,1.0122,0.53,1.2096,44
1579998365.038,0.7,1.0357,0.56,1.1836,44
1579998365.22,0.7,1.0376,0.6,1.1399,44
1579998365.406,0.75,0.9978,0.6,1.1312,44
1579998365.585,0.75,1.0003,0.6,1.1284,44
1579998365.768,0.71,1.034,0.62,1.135,44
1579998365.95,0.72,1.028,0.59,1.1544,44
1579998366.144,0.75,0.9955,0.58,1.1625,44
1579998366.338,0.73,1.0183,0.59,1.1623,44
1579998366.534,0.73,1.0072,0.56,1.1596,44
1579998366.725,0.73,1.0148,0.59,1.1441,44
1579998366.904,0.69,1.0489,0.63,1.1257,44
1579998367.086,0.74,1.0033,0.59,1.1466,44
1579998367.265,0.72,1.0223,0.59,1.1501,44
1579998367.431,0.76,0.9852,0.54,1.1788,44
1579998367.61,0.73,1.0112,0.55,1.1895,45
1579998367.789,0.72,1.023,0.57,1.1832,45
1579998367.966,0.69,1.0501,0.56,1.174,45
1579998368.145,0.71,1.0342,0.56,1.157,45
1579998368.323,0.74,1.0,0.63,1.1221,45
1579998368.502,0.72,1.0249,0.58,1.1476,45
1579998368.686,0.68,1.0598,0.56,1.1616,45
1579998368.864,0.7,1.0371,0.59,1.1501,45
1579998369.043,0.71,1.0337,0.57,1.1618,45
1579998369.219,0.74,1.0037,0.54,1.1862,45
1579998369.398,0.71,1.0289,0.55,1.1925,45
1579998369.579,0.67,1.0699,0.54,1.1854,45
1579998369.756,0.71,1.0249,0.57,1.1687,45
1579998369.934,0.71,1.0338,0.57,1.1666,45
1579998370.094,0.78,0.9674,0.55,1.1742,45
1579998370.274,0.72,1.0204,0.54,1.1831,46
1579998370.453,0.7,1.0354,0.57,1.1593,46
1579998370.632,0.71,1.0315,0.59,1.1409,46
1579998370.813,0.75,1.0013,0.57,1.162,46
1579998370.993,0.75,0.9901,0.55,1.1856,46
1579998371.172,0.7,1.0398,0.54,1.1934,46
1579998371.348,0.69,1.0487,0.55,1.1844,46
1579998371.531,0.73,1.0145,0.56,1.1719,46
1579998371.715,0.73,1.0118,0.58,1.1592,46
1579998371.892,0.75,0.9937,0.59,1.1472,46
1579998372.069,0.73,1.0126,0.6,1.147,46
1579998372.247,0.69,1.0484,0.58,1.1503,46
1579998372.425,0.75,0.9937,0.57,1.1587,46
1579998372.603,0.72,1.0163,0.56,1.1694,46
1579998372.76,0.77,0.9681,0.55,1.1768,46
1579998372.939,0.73,1.0073,0.55,1.1888,47
1579998373.119,0.72,1.0159,0.56,1.1838,47
1579998373.302,0.69,1.038,0.57,1.1756,47
1579998373.485,0.74,1.0007,0.59,1.1547,47
1579998373.661,0.75,0.9925,0.62,1.1317,47
1579998373.838,0.7,1.0365,0.59,1.1441,47
1579998374.015,0.7,1.0414,0.62,1.1446,47
1579998374.195,0.74,1.005,0.57,1.1722,47
1579998374.375,0.71,1.0318,0.56,1.1736,47
1579998374.555,0.72,1.0203,0.58,1.1716,47
1579998374.732,0.72,1.0189,0.59,1.1523,47
1579998374.925,0.68,1.0595,0.59,1.1504,47
1579998375.106,0.73,1.0108,0.62,1.1328,47
1579998375.284,0.71,1.0285,0.61,1.1257,47
1579998375.442,0.76,0.9872,0.58,1.1519,47
1579998375.629,0.72,1.022,0.57,1.1642,48
1579998375.814,0.71,1.0278,0.58,1.1615,48
1579998375.995,0.71,1.0293,0.59,1.1534,48
1579998376.175,0.75,0.9929,0.61,1.1475,48
1579998376.353,0.75,0.9975,0.57,1.1476,48
1579998376.531,0.7,1.0406,0.61,1.1241,48
1579998376.708,0.7,1.0407,0.62,1.1241,48
1579998376.887,0.72,1.0149,0.61,1.1356,48
1579998377.068,0.72,1.0254,0.55,1.1811,48
1579998377.25,0.7,1.0331,0.56,1.1837,48
1579998377.43,0.69,1.0492,0.56,1.1694,48
1579998377.612,0.7,1.0365,0.58,1.1554,48
1579998377.79,0.75,0.9939,0.58,1.1592,48
1579998377.969,0.7,1.0402,0.58,1.1564,48
1579998378.128,0.74,0.9973,0.56,1.1633,48
1579998378.307,0.72,1.0241,0.56,1.1652,49
1579998378.486,0.71,1.0302,0.58,1.1647,49
1579998378.678,0.71,1.0228,0.55,1.1796,49
1579998378.855,0.75,0.9932,0.54,1.1916,49
1579998379.034,0.74,1.0026,0.53,1.1965,49
1579998379.214,0.73,1.0108,0.52,1.2008,49
1579998379.393,0.71,1.0263,0.54,1.1888,49
1579998379.571,0.74,1.004,0.56,1.1764,49
1579998379.759,0.73,1.0112,0.56,1.1732,49
1579998379.937,0.74,1.0035,0.56,1.1757,49
1579998380.115,0.74,1.0005,0.56,1.1749,49
1579998380.292,0.72,1.0223,0.57,1.1649,49
1579998380.481,0.76,0.9823,0.58,1.1529,49
1579998380.663,0.72,1.02,0.57,1.1541,49
1579998380.822,0.77,0.9714,0.55,1.1689,49
1579998381.001,0.75,0.9974,0.57,1.1692,50
1579998381.181,0.73,1.015,0.56,1.1717,50
1579998381.363,0.72,1.0173,0.55,1.173,50
1579998381.542,0.77,0.9789,0.55,1.1727,50
1579998381.719,0.76,0.9855,0.56,1.169,50
1579998381.897,0.74,1.0035,0.57,1.1634,50
1579998382.075,0.74,1.0091,0.55,1.1813,50
1579998382.252,0.76,0.9868,0.54,1.1933,50
1579998382.436,0.74,1.0039,0.53,1.1991,50
1579998382.616,0.74,1.0013,0.54,1.1919,50
1579998382.798,0.74,1.0043,0.54,1.186,50
1579998382.977,0.72,1.0187,0.54,1.184,50
1579998383.155,0.77,0.9758,0.55,1.181,50
1579998383.332,0.74,1.0043,0.56,1.1748,50
1579998383.49,0.79,0.9566,0.56,1.1807,50
1579998383.672,0.76,0.9884,0.57,1.1792,51
1579998383.858,0.74,1.0019,0.56,1.1796,51
1579998384.038,0.73,1.0135,0.53,1.1827,51
1579998384.218,0.78,0.971,0.55,1.1772,51
1579998384.396,0.77,0.9725,0.56,1.1745,51
1579998384.574,0.74,1.0045,0.59,1.1602,51
1579998384.751,0.73,1.015,0.58,1.1629,51
1579998384.93,0.76,0.9842,0.57,1.1726,51
1579998385.118,0.75,0.9995,0.57,1.1787,51
1579998385.296,0.74,1.0035,0.53,1.1923,51
1579998385.474,0.73,1.0107,0.59,1.1584,51
1579998385.653,0.72,1.0195,0.59,1.1643,51
1579998385.831,0.77,0.9737,0.6,1.1539,51
1579998386.007,0.73,1.0149,0.58,1.1478,51
1579998386.166,0.77,0.9689,0.56,1.1687,51
1579998386.349,0.76,0.9881,0.52,1.1967,52
1579998386.527,0.75,0.9972,0.53,1.2081,52
1579998386.707,0.71,1.026,0.53,1.2007,52
1579998386.886,0.75,0.9952,0.57,1.1789,52
1579998387.064,0.76,0.9808,0.6,1.1539,52
1579998387.242,0.75,0.9942,0.61,1.141,52
1579998387.42,0.72,1.0283,0.62,1.1263,52
1579998387.598,0.74,1.0048,0.56,1.1603,52
1579998387.778,0.74,1.0037,0.56,1.1772,52
1579998387.966,0.74,1.002,0.53,1.2004,52
1579998388.143,0.72,1.0192,0.57,1.1696,52
1579998388.321,0.69,1.0467,0.57,1.1542,52
1579998388.498,0.76,0.9879,0.58,1.1536,52
1579998388.676,0.74,1.0106,0.62,1.1287,52
1579998388.836,0.78,0.962,0.56,1.1566,52
1579998389.018,0.72,1.0123,0.56,1.1659,53
1579998389.197,0.71,1.0272,0.61,1.1374,53
1579998389.375,0.73,1.0135,0.59,1.1487,53
1579998389.551,0.78,0.9692,0.59,1.1551,53
1579998389.731,0.76,0.9876,0.58,1.1589,53
1579998389.91,0.71,1.0258,0.57,1.1508,53
1579998390.088,0.71,1.0283,0.6,1.1388,53
1579998390.268,0.76,0.9838,0.58,1.1504,53
1579998390.444,0.73,1.0097,0.56,1.1634,53
1579998390.622,0.72,1.025,0.57,1.154,53
1579998390.801,0.71,1.0209,0.61,1.1427,53
1579998390.979,0.73,1.0149,0.58,1.153,53
1579998391.156,0.77,0.9741,0.59,1.1584,53
1579998391.334,0.71,1.0323,0.58,1.165,53
1579998391.493,0.73,1.0032,0.57,1.1739,53
1579998391.674,0.75,0.9977,0.55,1.19,54
1579998391.857,0.73,1.0057,0.55,1.1766,54
1579998392.049,0.71,1.0226,0.59,1.1513,54
1579998392.229,0.75,0.9962,0.58,1.153,54
1579998392.413,0.76,0.9835,0.59,1.1567,54
1579998392.595,0.73,1.0104,0.58,1.1604,54
1579998392.776,0.72,1.023,0.56,1.1661,54
1579998392.954,0.74,0.9973,0.57,1.1733,54
1579998393.134,0.72,1.0178,0.57,1.1628,54
1579998393.313,0.75,0.9986,0.58,1.1485,54
1579998393.493,0.75,0.9914,0.62,1.1228,54
1579998393.671,0.72,1.0164,0.6,1.1386,54
1579998393.856,0.77,0.9743,0.58,1.1498,54
1579998394.035,0.74,1.0027,0.57,1.1552,54
1579998394.196,0.79,0.9549,0.55,1.1714,54
1579998394.382,0.77,0.9796,0.56,1.1778,55
1579998394.563,0.75,0.9939,0.55,1.1826,55
1579998394.743,0.73,1.0159,0.55,1.1859,55
1579998394.924,0.77,0.9763,0.56,1.1735,55
1579998395.123,0.78,0.9672,0.56,1.1725,55
1579998395.303,0.74,1.0043,0.56,1.1653,55
1579998395.482,0.73,1.0139,0.58,1.1531,55
1579998395.664,0.76,0.9815,0.57,1.1678,55
1579998395.846,0.73,1.0086,0.57,1.1656,55
1579998396.027,0.73,1.0084,0.54,1.1831,55
1579998396.209,0.74,1.0045,0.57,1.1592,55
1579998396.388,0.72,1.0245,0.58,1.1539,55
1579998396.57,0.76,0.9807,0.55,1.1758,55
1579998396.753,0.72,1.0258,0.58,1.1615,55
1579998396.914,0.8,0.9515,0.58,1.1606,55
1579998397.103,0.75,0.9949,0.56,1.1729,56
1579998397.283,0.72,1.0152,0.55,1.1761,56
1579998397.462,0.71,1.0279,0.55,1.1893,56
1579998397.64,0.74,0.9968,0.54,1.1943,56
1579998397.818,0.77,0.9714,0.53,1.1937,56
1579998397.998,0.73,1.0121,0.54,1.188,56
1579998398.184,0.67,1.0633,0.57,1.1562,56
1579998398.362,0.74,1.0057,0.58,1.1536,56
1579998398.543,0.72,1.0169,0.56,1.1724,56
1579998398.726,0.74,1.006,0.56,1.1755,56
1579998398.908,0.7,1.0395,0.58,1.1722,56
1579998399.089,0.67,1.0705,0.56,1.1729,56
1579998399.273,0.74,0.9953,0.6,1.1398,56
1579998399.455,0.72,1.0245,0.56,1.1574,56
1579998399.617,0.72,1.0188,0.57,1.1683,56
1579998399.8,0.69,1.0468,0.57,1.1719,57
1579998399.979,0.7,1.0439,0.57,1.1684,57
1579998400.162,0.72,1.0215,0.56,1.1792,57
1579998400.341,0.75,0.998,0.58,1.1694,57
1579998400.523,0.74,0.9952,0.57,1.1762,57
1579998400.705,0.69,1.0419,0.54,1.1819,57
1579998400.889,0.69,1.0482,0.56,1.1773,57
1579998401.069,0.74,0.9997,0.56,1.171,57
1579998401.25,0.72,1.0136,0.59,1.1608,57
1579998401.434,0.73,1.0023,0.57,1.1608,57
1579998401.614,0.72,1.0181,0.58,1.1522,57
1579998401.792,0.71,1.0328,0.59,1.149,57
1579998401.972,0.77,0.9802,0.57,1.1644,57
1579998402.151,0.73,1.0055,0.54,1.1829,57
1579998402.316,0.78,0.9625,0.56,1.1838,57
1579998402.497,0.75,0.9973,0.54,1.1835,58
1579998402.678,0.74,0.9992,0.56,1.1755,58
1579998402.859,0.74,0.9986,0.56,1.1738,58
1579998403.037,0.76,0.9858,0.57,1.1684,58
1579998403.217,0.75,0.987,0.57,1.1647,58
1579998403.397,0.74,0.9988,0.57,1.1648,58
1579998403.579,0.73,1.0142,0.57,1.1691,58
1579998403.763,0.75,1.0012,0.57,1.1758,58
1579998403.944,0.72,1.0214,0.54,1.1888,58
1579998404.127,0.76,0.9844,0.54,1.1865,58
1579998404.308,0.76,0.9898,0.56,1.1761,58
1579998404.493,0.69,1.049,0.56,1.1714,58
1579998404.675,0.73,1.0096,0.56,1.1674,58
1579998404.856,0.73,1.0133,0.59,1.1637,58
1579998405.018,0.78,0.9545,0.51,1.199,58
1579998405.203,0.74,1.0018,0.53,1.2059,59
1579998405.409,0.7,1.036,0.54,1.1995,59
1579998405.59,0.69,1.0456,0.52,1.1947,59
1579998405.773,0.75,0.995,0.53,1.1934,59
1579998405.954,0.79,0.9632,0.55,1.1869,59
1579998406.137,0.72,1.0203,0.54,1.1893,59
1579998406.323,0.71,1.0306,0.54,1.1906,59
1579998406.503,0.74,0.9978,0.54,1.1743,59
1579998406.684,0.74,0.9995,0.57,1.1664,59
1579998406.867,0.75,0.9828,0.55,1.1809,59
1579998407.048,0.73,1.0071,0.57,1.1796,59
1579998407.228,0.73,1.0139,0.58,1.1727,59
1579998407.415,0.77,0.9692,0.58,1.1653,59
1579998407.596,0.76,0.9867,0.56,1.168,59
1579998407.758,0.8,0.9463,0.57,1.1685,59
1579998407.943,0.75,0.9862,0.56,1.1774,60
1579998408.125,0.75,0.9937,0.55,1.1879,60
1579998408.305,0.75,0.9957,0.53,1.1995,60
1579998408.491,0.78,0.9646,0.54,1.1981,60
1579998408.681,0.79,0.9612,0.53,1.1983,60
1579998408.862,0.76,0.9907,0.54,1.188,60
1579998409.044,0.75,1.0004,0.55,1.1765,60
1579998409.226,0.76,0.9816,0.55,1.1807,60
1579998409.408,0.74,1.0026,0.54,1.1796,60
1579998409.588,0.76,0.9812,0.58,1.1724,60
1579998409.771,0.77,0.9791,0.56,1.1757,60
1579998409.951,0.71,1.0269,0.55,1.1763,60
1579998410.131,0.75,0.9897,0.55,1.1764,60
1579998410.316,0.74,1.0054,0.56,1.1706,60
1579998410.482,0.81,0.9398,0.58,1.1631,60
1579998410.664,0.76,0.9863,0.55,1.1862,61
1579998410.845,0.74,1.0042,0.52,1.1931,61
1579998411.027,0.73,1.006,0.53,1.1883,61
1579998411.205,0.79,0.9641,0.52,1.1999,61
1579998411.388,0.79,0.9568,0.55,1.1922,61
1579998411.58,0.73,1.0077,0.55,1.19,61
1579998411.762,0.73,1.015,0.54,1.1929,61
1579998411.944,0.77,0.9749,0.56,1.1698,61
1579998412.125,0.76,0.9811,0.55,1.1661,61
1579998412.304,0.78,0.9703,0.56,1.1688,61
1579998412.492,0.76,0.9887,0.57,1.1683,61
1579998412.674,0.74,0.9989,0.58,1.1673,61
1579998412.856,0.79,0.9548,0.58,1.1628,61
1579998413.038,0.76,0.9832,0.58,1.1581,61
1579998413.199,0.81,0.9414,0.57,1.1529,61
1579998413.384,0.78,0.9718,0.56,1.17,62
1579998413.566,0.76,0.9802,0.57,1.172,62
1579998413.749,0.75,0.9925,0.56,1.1815,62
1579998413.93,0.78,0.9635,0.53,1.1978,62
1579998414.111,0.8,0.9504,0.55,1.1839,62
1579998414.291,0.76,0.9901,0.54,1.1888,62
1579998414.471,0.73,1.0087,0.54,1.1835,62
1579998414.66,0.76,0.9783,0.54,1.1869,62
1579998414.841,0.77,0.9818,0.54,1.1855,62
1579998415.021,0.77,0.9711,0.55,1.1794,62
1579998415.199,0.75,0.9954,0.6,1.1627,62
1579998415.388,0.74,1.006,0.58,1.162,62
1579998415.581,0.8,0.9468,0.59,1.1521,62
1579998415.76,0.76,0.9845,0.57,1.1595,62
1579998415.921,0.78,0.9608,0.58,1.1562,62
1579998416.101,0.78,0.967,0.54,1.1719,63
1579998416.281,0.77,0.9751,0.58,1.1503,63
1579998416.462,0.75,0.9881,0.59,1.1483,63
1579998416.641,0.76,0.9867,0.54,1.1755,63
1579998416.823,0.8,0.9481,0.55,1.1834,63
1579998417.001,0.77,0.9751,0.57,1.1683,63
1579998417.189,0.73,1.0166,0.56,1.1722,63
1579998417.368,0.76,0.9824,0.54,1.185,63
1579998417.555,0.77,0.9757,0.55,1.174,63
1579998417.746,0.78,0.9661,0.59,1.1616,63
1579998417.926,0.76,0.9896,0.58,1.1543,63
1579998418.112,0.73,1.0114,0.56,1.1479,63
1579998418.306,0.8,0.9522,0.6,1.141,63
1579998418.493,0.76,0.987,0.58,1.1567,63
1579998418.656,0.77,0.9701,0.59,1.1655,63
1579998418.84,0.74,0.9993,0.57,1.1764,64
1579998419.019,0.76,0.99,0.59,1.1657,64
1579998419.198,0.75,0.9928,0.57,1.1649,64
1579998419.38,0.77,0.9797,0.57,1.1677,64
1579998419.563,0.73,1.0036,0.57,1.1587,64
1579998419.754,0.74,1.007,0.58,1.1581,64
1579998419.943,0.75,0.9985,0.57,1.1601,64
1579998420.133,0.77,0.9724,0.53,1.1865,64
1579998420.319,0.74,0.9989,0.54,1.1954,64
1579998420.504,0.76,0.9924,0.57,1.1674,64
1579998420.692,0.75,0.9978,0.6,1.1538,64
1579998420.88,0.74,1.0045,0.59,1.1535,64
1579998421.064,0.78,0.9603,0.57,1.1531,64
1579998421.248,0.72,1.0154,0.57,1.1565,64
1579998421.414,0.78,0.9622,0.56,1.1674,64
1579998421.601,0.78,0.9694,0.54,1.1828,65
1579998421.79,0.77,0.9754,0.51,1.2131,65
1579998421.977,0.73,1.0091,0.52,1.2157,65
1579998422.164,0.75,0.9929,0.54,1.1878,65
1579998422.349,0.78,0.9632,0.56,1.1781,65
1579998422.535,0.76,0.9835,0.59,1.162,65
1579998422.722,0.73,1.0121,0.54,1.175,65
1579998422.913,0.74,0.998,0.52,1.1799,65
1579998423.118,0.75,0.9941,0.55,1.1856,65
1579998423.317,0.78,0.967,0.55,1.1779,65
1579998423.516,0.77,0.984,0.56,1.1793,65
1579998423.724,0.72,1.0193,0.54,1.1901,65
1579998423.937,0.78,0.9679,0.54,1.1821,65
1579998424.125,0.76,0.9828,0.54,1.1791,65
1579998424.295,0.79,0.9465,0.57,1.1679,65
1579998424.486,0.77,0.9723,0.58,1.1669,66
1579998424.673,0.77,0.9703,0.56,1.1791,66
1579998424.854,0.75,0.9889,0.57,1.1685,66
1579998425.035,0.77,0.9739,0.57,1.1742,66
1579998425.223,0.8,0.9444,0.55,1.1857,66
1579998425.409,0.77,0.9729,0.54,1.1918,66
1579998425.606,0.76,0.9937,0.56,1.1771,66
1579998425.795,0.77,0.9688,0.58,1.1594,66
1579998425.989,0.76,0.982,0.58,1.1612,66
1579998426.188,0.78,0.9584,0.55,1.1733,66
1579998426.391,0.76,0.9816,0.55,1.1767,66
1579998426.587,0.73,1.0142,0.55,1.1737,66
1579998426.778,0.79,0.9542,0.58,1.1491,66
1579998426.97,0.77,0.9724,0.57,1.1656,66
1579998427.135,0.79,0.9529,0.54,1.1784,66
1579998427.324,0.74,0.9975,0.56,1.1634,67
1579998427.508,0.75,0.9878,0.55,1.1846,67
1579998427.691,0.75,0.9914,0.55,1.1915,67
1579998427.872,0.72,1.0165,0.56,1.1855,67
1579998428.06,0.72,1.0174,0.56,1.1691,67
1579998428.255,0.75,0.9886,0.55,1.1611,67
1579998428.448,0.74,1.0031,0.56,1.1676,67
1579998428.639,0.74,1.0016,0.56,1.1689,67
1579998428.822,0.7,1.029,0.57,1.1667,67
1579998429.006,0.77,0.9779,0.54,1.1854,67
1579998429.198,0.75,0.9965,0.55,1.1891,67
1579998429.39,0.72,1.0211,0.54,1.1833,67
1579998429.578,0.75,0.9896,0.56,1.1777,67
1579998429.757,0.74,1.0094,0.53,1.1873,67
1579998429.917,0.79,0.9538,0.55,1.1846,67
1579998430.105,0.77,0.9727,0.53,1.1958,68
1579998430.284,0.73,1.0086,0.52,1.2091,68
1579998430.466,0.71,1.0294,0.5,1.2213,68
1579998430.65,0.75,0.9913,0.54,1.2009,68
1579998430.838,0.79,0.9526,0.57,1.1871,68
1579998431.027,0.73,1.0102,0.53,1.1904,68
1579998431.215,0.72,1.023,0.55,1.183,68
1579998431.407,0.75,0.9888,0.56,1.1784,68
1579998431.601,0.75,0.9905,0.58,1.1638,68
1579998431.789,0.78,0.9678,0.57,1.1643,68
1579998431.976,0.73,1.0073,0.57,1.1653,68
1579998432.167,0.72,1.017,0.57,1.1697,68
1579998432.35,0.78,0.9666,0.56,1.1708,68
1579998432.539,0.76,0.9838,0.56,1.1746,68
1579998432.711,0.79,0.9511,0.56,1.1691,68
1579998432.903,0.76,0.9798,0.56,1.1686,69
1579998433.094,0.76,0.9865,0.58,1.167,69
1579998433.282,0.76,0.98,0.56,1.1744,69
1579998433.47,0.79,0.9585,0.54,1.1875,69
1579998433.659,0.78,0.9623,0.53,1.1993,69
1579998433.849,0.77,0.9736,0.54,1.1986,69
1579998434.035,0.75,0.9953,0.55,1.1931,69
1579998434.231,0.77,0.9763,0.53,1.1846,69
1579998434.419,0.76,0.9829,0.54,1.1816,69
1579998434.606,0.79,0.9571,0.56,1.185,69
1579998434.797,0.77,0.9783,0.55,1.1846,69
1579998434.985,0.75,0.9959,0.56,1.1728,69
1579998435.171,0.79,0.9587,0.57,1.1573,69
1579998435.358,0.77,0.9785,0.6,1.1425,69
1579998435.523,0.8,0.9416,0.58,1.1386,69
1579998435.712,0.77,0.972,0.6,1.1455,70
1579998435.914,0.76,0.987,0.57,1.1489,70
1579998436.1,0.75,0.9944,0.58,1.1573,70
1579998436.289,0.79,0.9566,0.58,1.1555,70
1579998436.472,0.78,0.97,0.59,1.1516,70
1579998436.658,0.76,0.9822,0.58,1.1579,70
1579998436.846,0.75,0.9893,0.6,1.1424,70
1579998437.029,0.77,0.9766,0.6,1.1482,70
1579998437.213,0.75,0.9899,0.59,1.1673,70
1579998437.397,0.78,0.9663,0.52,1.2005,70
1579998437.58,0.77,0.9802,0.53,1.2079,70
1579998437.762,0.74,1.0042,0.52,1.2071,70
1579998437.948,0.77,0.9726,0.56,1.1833,70
1579998438.132,0.76,0.9803,0.56,1.179,70
1579998438.306,0.8,0.943,0.59,1.1588,70
1579998438.488,0.76,0.9825,0.57,1.1665,71
1579998438.682,0.74,1.001,0.56,1.1732,71
1579998438.867,0.75,0.9973,0.54,1.1906,71
1579998439.054,0.78,0.9655,0.55,1.1943,71
1579998439.241,0.78,0.9652,0.55,1.1942,71
1579998439.422,0.75,0.9932,0.54,1.1942,71
1579998439.604,0.74,0.9976,0.55,1.1855,71
1579998439.787,0.77,0.9695,0.56,1.171,71
1579998439.968,0.76,0.9821,0.58,1.1617,71
1579998440.151,0.77,0.9736,0.57,1.173,71
1579998440.34,0.75,0.9921,0.54,1.1767,71
1579998440.529,0.74,1.0017,0.55,1.1764,71
1579998440.715,0.78,0.9668,0.55,1.1811,71
1579998440.897,0.74,0.9959,0.54,1.1753,71
1579998441.058,0.78,0.9625,0.59,1.1623,71
1579998441.244,0.76,0.9769,0.6,1.1384,72
1579998441.431,0.76,0.9876,0.62,1.1178,72
1579998441.613,0.73,1.0067,0.6,1.1224,72
1579998441.793,0.76,0.9808,0.6,1.1377,72
1579998441.972,0.78,0.9629,0.57,1.1639,72
1579998442.154,0.77,0.9759,0.57,1.1791,72
1579998442.334,0.73,1.0075,0.56,1.1786,72
1579998442.514,0.77,0.9748,0.57,1.1607,72
1579998442.697,0.77,0.9764,0.6,1.1537,72
1579998442.879,0.77,0.9713,0.6,1.1512,72
1579998443.061,0.75,0.9905,0.58,1.1533,72
1579998443.247,0.71,1.0229,0.58,1.1462,72
1579998443.441,0.79,0.9495,0.58,1.1524,72
1579998443.628,0.77,0.9813,0.56,1.1756,72
1579998443.795,0.78,0.9578,0.55,1.1811,72
1579998443.984,0.76,0.9801,0.56,1.1727,73
1579998444.175,0.77,0.9671,0.58,1.1588,73
1579998444.366,0.77,0.9733,0.58,1.153,73
1579998444.549,0.76,0.9765,0.56,1.1565,73
1579998444.733,0.78,0.9604,0.57,1.1615,73
1579998444.922,0.77,0.9749,0.55,1.1651,73
1579998445.119,0.77,0.9772,0.55,1.1756,73
1579998445.323,0.77,0.9705,0.55,1.1816,73
1579998445.525,0.75,0.9895,0.56,1.1716,73
1579998445.713,0.78,0.9588,0.57,1.1564,73
1579998445.901,0.78,0.964,0.57,1.1462,73
1579998446.084,0.75,0.9965,0.59,1.1448,73
1579998446.269,0.79,0.9518,0.59,1.1581,73
1579998446.457,0.77,0.9711,0.55,1.1763,73
1579998446.622,0.81,0.927,0.54,1.1859,73
1579998446.808,0.78,0.9647,0.55,1.1908,74
1579998446.995,0.77,0.9734,0.53,1.1882,74
1579998447.175,0.77,0.972,0.57,1.1764,74
1579998447.357,0.79,0.95,0.55,1.1707,74
1579998447.547,0.8,0.9458,0.58,1.1635,74
1579998447.729,0.78,0.9716,0.58,1.1488,74
1579998447.916,0.78,0.9688,0.59,1.1397,74
1579998448.1,0.79,0.955,0.59,1.1456,74
1579998448.284,0.77,0.9773,0.59,1.1437,74
1579998448.467,0.79,0.954,0.57,1.1662,74
1579998448.65,0.77,0.9698,0.58,1.1585,74
1579998448.831,0.75,0.9897,0.58,1.1593,74
1579998449.015,0.79,0.955,0.57,1.1685,74
1579998449.199,0.78,0.9619,0.59,1.1447,74
1579998449.36,0.82,0.9184,0.59,1.139,74
1579998449.546,0.77,0.9669,0.6,1.1422,75
1579998449.73,0.77,0.9695,0.54,1.1745,75
1579998449.91,0.78,0.9669,0.54,1.2013,75
1579998450.091,0.81,0.9436,0.54,1.1985,75
1579998450.273,0.79,0.9606,0.55,1.1772,75
1579998450.454,0.78,0.969,0.6,1.1468,75
1579998450.648,0.78,0.9672,0.61,1.1238,75
1579998450.831,0.78,0.9598,0.62,1.127,75
1579998451.016,0.77,0.978,0.61,1.1398,75
1579998451.201,0.79,0.9519,0.53,1.1768,75
1579998451.384,0.77,0.9712,0.54,1.1812,75
1579998451.569,0.75,0.9878,0.57,1.1703,75
1579998451.753,0.78,0.959,0.56,1.1687,75
1579998451.933,0.76,0.9765,0.59,1.1531,75
1579998452.096,0.81,0.9288,0.58,1.14,75
1579998452.281,0.78,0.9649,0.59,1.1458,76
1579998452.461,0.75,0.987,0.56,1.1727,76
1579998452.643,0.75,0.9899,0.55,1.1818,76
1579998452.825,0.79,0.9512,0.55,1.1876,76
1579998453.004,0.79,0.9545,0.51,1.1963,76
1579998453.185,0.73,1.0024,0.57,1.1745,76
1579998453.367,0.74,1.0015,0.58,1.1626,76
1579998453.549,0.76,0.9782,0.61,1.1434,76
1579998453.738,0.75,0.984,0.62,1.1299,76
1579998453.92,0.78,0.9633,0.57,1.1584,76
1579998454.099,0.75,0.989,0.55,1.1901,76
1579998454.28,0.74,1.0001,0.52,1.21,76
1579998454.461,0.79,0.9567,0.52,1.206,76
1579998454.643,0.76,0.9778,0.58,1.1611,76
1579998454.806,0.79,0.9507,0.59,1.141,76
1579998454.991,0.76,0.9762,0.62,1.1257,77
1579998455.17,0.74,0.9962,0.62,1.1232,77
1579998455.353,0.75,0.9917,0.59,1.1384,77
1579998455.536,0.78,0.9615,0.55,1.1837,77
1579998455.717,0.79,0.957,0.53,1.2073,77
1579998455.9,0.74,0.9974,0.5,1.2158,77
1579998456.087,0.73,1.008,0.57,1.1833,77
1579998456.272,0.78,0.9668,0.56,1.1622,77
1579998456.457,0.77,0.9724,0.59,1.1496,77
1579998456.642,0.77,0.9712,0.58,1.1566,77
1579998456.833,0.76,0.9859,0.58,1.1518,77
1579998457.018,0.74,0.9989,0.56,1.1663,77
1579998457.2,0.81,0.9336,0.52,1.2034,77
1579998457.385,0.78,0.9693,0.52,1.2101,77
1579998457.549,0.79,0.9573,0.53,1.1989,77
1579998457.738,0.77,0.9704,0.54,1.1851,78
1579998457.924,0.76,0.9808,0.56,1.1685,78
1579998458.117,0.77,0.9671,0.57,1.1449,78
1579998458.301,0.8,0.9446,0.58,1.1588,78
1579998458.485,0.78,0.9645,0.56,1.1644,78
1579998458.674,0.76,0.9794,0.58,1.1633,78
1579998458.866,0.78,0.9663,0.53,1.1868,78
1579998459.051,0.8,0.9482,0.56,1.1792,78
1579998459.236,0.77,0.9762,0.56,1.176,78
1579998459.421,0.78,0.9609,0.56,1.1751,78
1579998459.605,0.78,0.9717,0.56,1.1727,78
1579998459.794,0.76,0.979,0.57,1.1725,78
1579998459.975,0.81,0.9397,0.56,1.1742,78
1579998460.16,0.77,0.9747,0.58,1.1646,78
1579998460.325,0.82,0.9196,0.58,1.1676,78
1579998460.514,0.8,0.9433,0.55,1.1725,79
1579998460.701,0.78,0.961,0.55,1.1724,79
1579998460.885,0.77,0.9727,0.56,1.1676,79
1579998461.071,0.8,0.9408,0.57,1.1688,79
1579998461.258,0.81,0.938,0.56,1.1652,79
1579998461.446,0.78,0.9627,0.55,1.1586,79
1579998461.632,0.77,0.9727,0.6,1.14,79
1579998461.816,0.8,0.9449,0.62,1.1342,79
1579998462.001,0.78,0.9639,0.59,1.1416,79
1579998462.182,0.79,0.9534,0.59,1.1523,79
1579998462.364,0.78,0.9631,0.57,1.1624,79
1579998462.547,0.77,0.9763,0.54,1.1855,79
1579998462.732,0.81,0.9321,0.54,1.1911,79
1579998462.918,0.78,0.9711,0.54,1.1873,79
1579998463.082,0.81,0.9275,0.57,1.1644,79
1579998463.272,0.81,0.9415,0.63,1.1279,80
1579998463.456,0.79,0.9557,0.63,1.1157,80
1579998463.637,0.77,0.972,0.63,1.1249,80
1579998463.818,0.8,0.943,0.56,1.1656,80
1579998464.009,0.81,0.9352,0.53,1.2002,80
1579998464.192,0.78,0.9595,0.53,1.2052,80
1579998464.379,0.75,0.9928,0.56,1.1805,80
1579998464.565,0.8,0.941,0.58,1.1596,80
1579998464.748,0.78,0.9613,0.59,1.1563,80
1579998464.934,0.8,0.9489,0.6,1.1559,80
1579998465.118,0.77,0.9733,0.56,1.1696,80
1579998465.299,0.76,0.9828,0.57,1.171,80
1579998465.483,0.82,0.9233,0.55,1.1778,80
1579998465.665,0.79,0.9608,0.54,1.1917,80
1579998465.83,0.82,0.9261,0.54,1.1954,80
1579998466.013,0.79,0.9522,0.55,1.1881,81
1579998466.197,0.79,0.9545,0.56,1.1658,81
1579998466.388,0.78,0.9618,0.58,1.1409,81
1579998466.572,0.8,0.9502,0.6,1.1365,81
1579998466.755,0.8,0.9466,0.56,1.1584,81
1579998466.938,0.78,0.9648,0.56,1.1799,81
1579998467.126,0.77,0.9723,0.55,1.184,81
1579998467.306,0.79,0.9498,0.58,1.1601,81
1579998467.489,0.78,0.9687,0.58,1.1659,81
1579998467.67,0.8,0.9462,0.58,1.1663,81
1579998467.852,0.79,0.9614,0.59,1.1588,81
1579998468.034,0.75,0.9959,0.59,1.1599,81
1579998468.215,0.81,0.9365,0.59,1.1569,81
1579998468.404,0.78,0.9606,0.58,1.1574,81
1579998468.569,0.8,0.9412,0.58,1.1574,81
1579998468.76,0.78,0.9596,0.55,1.1695,82
1579998468.948,0.78,0.9607,0.54,1.1882,82
1579998469.141,0.78,0.965,0.56,1.1767,82
1579998469.326,0.79,0.9567,0.57,1.1623,82
1579998469.508,0.79,0.9517,0.61,1.1305,82
1579998469.694,0.77,0.9739,0.6,1.1463,82
1579998469.877,0.78,0.9672,0.56,1.1629,82
1579998470.058,0.77,0.9697,0.57,1.1752,82
1579998470.239,0.74,0.9998,0.58,1.1705,82
1579998470.429,0.78,0.9648,0.58,1.1597,82
1579998470.614,0.78,0.9619,0.59,1.159,82
1579998470.804,0.76,0.9836,0.59,1.1505,82
1579998470.991,0.78,0.9591,0.59,1.1483,82
1579998471.18,0.76,0.9784,0.56,1.1665,82
1579998471.346,0.82,0.9278,0.59,1.1532,82
1579998471.536,0.8,0.9461,0.58,1.1653,83
1579998471.72,0.78,0.9653,0.54,1.1848,83
1579998471.904,0.77,0.9761,0.54,1.1934,83
1579998472.088,0.79,0.953,0.53,1.1974,83
1579998472.276,0.8,0.9455,0.53,1.1994,83
1579998472.462,0.78,0.9599,0.54,1.1816,83
1579998472.648,0.77,0.9722,0.54,1.1723,83
1579998472.833,0.79,0.9557,0.54,1.168,83
1579998473.016,0.77,0.9665,0.55,1.173,83
1579998473.197,0.8,0.9401,0.55,1.1866,83
1579998473.379,0.78,0.9642,0.54,1.1809,83
1579998473.56,0.76,0.9833,0.56,1.1678,83
1579998473.742,0.82,0.9261,0.6,1.1477,83
1579998473.927,0.78,0.968,0.59,1.1518,83
1579998474.088,0.82,0.921,0.6,1.1546,83
1579998474.276,0.8,0.9491,0.56,1.1833,84
1579998474.456,0.79,0.9539,0.55,1.1926,84
1579998474.637,0.79,0.9548,0.55,1.1889,84
1579998474.817,0.81,0.9403,0.55,1.1956,84
1579998475.003,0.81,0.9376,0.53,1.1913,84
1579998475.183,0.8,0.9495,0.55,1.1758,84
1579998475.369,0.78,0.9643,0.58,1.1569,84
1579998475.548,0.8,0.9451,0.58,1.1464,84
1579998475.728,0.78,0.9619,0.58,1.1556,84
1579998475.909,0.8,0.9403,0.58,1.1523,84
1579998476.091,0.79,0.9566,0.58,1.1508,84
1579998476.274,0.75,0.9861,0.57,1.1628,84
1579998476.457,0.81,0.9293,0.56,1.1745,84
1579998476.64,0.8,0.9477,0.57,1.1621,84
1579998476.8,0.83,0.9171,0.56,1.1702,84
1579998476.983,0.79,0.9566,0.58,1.1552,85
1579998477.174,0.78,0.9619,0.59,1.1427,85
1579998477.362,0.79,0.9517,0.58,1.1518,85
1579998477.541,0.8,0.9505,0.57,1.1607,85
1579998477.718,0.79,0.9485,0.53,1.1897,85
1579998477.897,0.78,0.9581,0.53,1.1985,85
1579998478.077,0.78,0.96,0.52,1.2063,85
1579998478.269,0.81,0.9426,0.52,1.1837,85
1579998478.46,0.78,0.9666,0.58,1.1575,85
1579998478.642,0.8,0.9457,0.57,1.1655,85
1579998478.826,0.79,0.9568,0.58,1.1534,85
1579998479.009,0.76,0.9871,0.62,1.1404,85
1579998479.193,0.79,0.9567,0.57,1.1503,85
1579998479.374,0.78,0.9637,0.55,1.1777,85
1579998479.537,0.83,0.9106,0.55,1.1796,85
1579998479.72,0.78,0.9579,0.56,1.1799,86
1579998479.903,0.77,0.9795,0.54,1.181,86
1579998480.093,0.78,0.9595,0.57,1.1658,86
1579998480.287,0.81,0.9302,0.59,1.1471,86
1579998480.476,0.8,0.9438,0.58,1.1567,86
1579998480.657,0.75,0.9875,0.56,1.1686,86
1579998480.836,0.78,0.9649,0.56,1.178,86
1579998481.016,0.8,0.9413,0.58,1.1715,86
1579998481.199,0.78,0.9655,0.55,1.1792,86
1579998481.383,0.78,0.9636,0.55,1.1819,86
1579998481.562,0.77,0.9763,0.58,1.158,86
1579998481.745,0.76,0.9834,0.57,1.1508,86
1579998481.927,0.82,0.9286,0.61,1.1349,86
1579998482.108,0.78,0.9622,0.59,1.1452,86
1579998482.273,0.8,0.9417,0.58,1.1538,86
1579998482.454,0.8,0.9416,0.58,1.1572,87
1579998482.636,0.8,0.9444,0.56,1.1576,87
1579998482.817,0.79,0.9579,0.57,1.1487,87
1579998483.005,0.79,0.9495,0.57,1.1461,87
1579998483.184,0.8,0.9402,0.58,1.152,87
1579998483.364,0.79,0.952,0.59,1.1461,87
1579998483.554,0.79,0.9547,0.57,1.1589,87
1579998483.734,0.79,0.951,0.57,1.1649,87
1579998483.915,0.77,0.9687,0.57,1.1591,87
1579998484.094,0.8,0.9402,0.61,1.1258,87
1579998484.283,0.78,0.9639,0.63,1.129,87
1579998484.467,0.76,0.9821,0.58,1.1577,87
1579998484.649,0.83,0.9189,0.54,1.1936,87
1579998484.831,0.79,0.9492,0.53,1.1996,87
1579998484.994,0.83,0.9145,0.53,1.194,87
1579998485.176,0.81,0.9387,0.56,1.1795,88
1579998485.357,0.79,0.9563,0.56,1.1663,88
1579998485.543,0.8,0.9453,0.56,1.1555,88
1579998485.732,0.82,0.9282,0.54,1.1663,88
1579998485.919,0.81,0.9298,0.54,1.1849,88
1579998486.112,0.79,0.9515,0.54,1.1916,88
1579998486.306,0.79,0.9601,0.56,1.1783,88
1579998486.506,0.81,0.9362,0.59,1.1618,88
1579998486.713,0.8,0.9507,0.58,1.1525,88
1579998486.908,0.81,0.9369,0.6,1.1462,88
1579998487.098,0.8,0.9488,0.61,1.1392,88
1579998487.291,0.78,0.9684,0.58,1.1442,88
1579998487.48,0.83,0.9115,0.56,1.167,88
1579998487.678,0.81,0.9429,0.56,1.1887,88
1579998487.846,0.83,0.9145,0.54,1.1978,88
1579998488.043,0.81,0.9412,0.57,1.1773,89
1579998488.235,0.79,0.9519,0.59,1.1514,89
1579998488.427,0.79,0.9486,0.62,1.1315,89
1579998488.617,0.81,0.9394,0.59,1.1378,89
1579998488.804,0.81,0.9284,0.59,1.1426,89
1579998488.993,0.8,0.9474,0.58,1.1676,89
1579998489.179,0.78,0.9576,0.54,1.1896,89
1579998489.367,0.8,0.9472,0.55,1.1843,89
1579998489.554,0.79,0.9579,0.59,1.1538,89
1579998489.749,0.81,0.9319,0.6,1.1423,89
1579998489.939,0.8,0.9475,0.59,1.1389,89
1579998490.127,0.76,0.9802,0.59,1.1409,89
1579998490.317,0.81,0.9307,0.58,1.1522,89
1579998490.504,0.8,0.9469,0.57,1.1743,89
1579998490.67,0.84,0.9105,0.54,1.1971,89
1579998490.861,0.8,0.941,0.52,1.2131,90
1579998491.048,0.79,0.9608,0.54,1.1905,90
1579998491.236,0.8,0.9494,0.59,1.1505,90
1579998491.528,0.82,0.9302,0.6,1.141,90
1579998491.722,0.8,0.943,0.61,1.1353,90
1579998491.913,0.78,0.9612,0.58,1.1511,90
1579998492.102,0.78,0.9603,0.58,1.1613,90
1579998492.289,0.81,0.9318,0.54,1.2013,90
1579998492.48,0.79,0.961,0.58,1.1774,90
1579998492.672,0.78,0.9615,0.52,1.1728,90
1579998492.86,0.78,0.9638,0.58,1.1395,90
1579998493.048,0.78,0.9676,0.6,1.1302,90
1579998493.237,0.8,0.9418,0.59,1.1256,90
1579998493.43,0.76,0.9815,0.6,1.1406,90
1579998493.6,0.81,0.9294,0.59,1.1591,90
1579998493.794,0.81,0.9352,0.54,1.1959,91
1579998493.982,0.78,0.9659,0.55,1.19,91
1579998494.18,0.76,0.9837,0.54,1.1889,91
1579998494.367,0.8,0.9446,0.57,1.1659,91
1579998494.553,0.8,0.9413,0.63,1.1242,91
1579998494.742,0.78,0.9616,0.61,1.1252,91
1579998494.932,0.77,0.9711,0.59,1.1447,91
1579998495.121,0.77,0.9687,0.59,1.1469,91
1579998495.309,0.77,0.9745,0.58,1.1576,91
1579998495.496,0.8,0.9447,0.54,1.1826,91
1579998495.686,0.78,0.964,0.57,1.1813,91
1579998495.88,0.76,0.9821,0.54,1.1878,91
1579998496.069,0.8,0.9433,0.56,1.1679,91
1579998496.256,0.77,0.9688,0.6,1.14,91
1579998496.424,0.82,0.9194,0.6,1.1402,91
1579998496.612,0.79,0.9496,0.6,1.1441,92
1579998496.814,0.76,0.9766,0.59,1.1541,92
1579998497.004,0.78,0.9654,0.58,1.1692,92
1579998497.193,0.82,0.9255,0.51,1.2047,92
1579998497.382,0.8,0.9437,0.51,1.2125,92
1579998497.572,0.78,0.9635,0.51,1.1994,92
1579998497.761,0.78,0.9633,0.54,1.1922,92
1579998497.959,0.8,0.9427,0.56,1.1623,92
1579998498.149,0.78,0.9579,0.57,1.1584,92
1579998498.338,0.8,0.945,0.57,1.1603,92
1579998498.528,0.78,0.9586,0.56,1.1635,92
1579998498.719,0.78,0.9648,0.58,1.1604,92
1579998498.911,0.84,0.91,0.57,1.1649,92
1579998499.102,0.79,0.947,0.55,1.1764,92
1579998499.27,0.83,0.9087,0.57,1.1739,92
1579998499.461,0.81,0.9325,0.56,1.1737,93
1579998499.649,0.81,0.9397,0.57,1.1683,93
1579998499.835,0.81,0.9346,0.58,1.1626,93
1579998500.027,0.82,0.9232,0.56,1.1607,93
1579998500.215,0.82,0.9237,0.57,1.1607,93
1579998500.402,0.8,0.9461,0.58,1.1672,93
1579998500.591,0.8,0.9448,0.57,1.1726,93
1579998500.783,0.82,0.9245,0.56,1.1766,93
1579998500.97,0.8,0.9449,0.57,1.1694,93
1579998501.155,0.82,0.929,0.57,1.1529,93
1579998501.345,0.8,0.9454,0.58,1.1449,93
1579998501.532,0.79,0.9564,0.6,1.1402,93
1579998501.718,0.83,0.912,0.59,1.1445,93
1579998501.905,0.8,0.9451,0.58,1.15,93
1579998502.073,0.84,0.9056,0.59,1.1597,93
1579998502.264,0.82,0.9243,0.54,1.1859,94
1579998502.455,0.8,0.9415,0.54,1.1934,94
1579998502.646,0.81,0.9371,0.56,1.1837,94
1579998502.833,0.83,0.9175,0.57,1.1695,94
1579998503.02,0.82,0.9194,0.57,1.1617,94
1579998503.208,0.8,0.9404,0.57,1.1613,94
1579998503.396,0.8,0.9462,0.56,1.1746,94
1579998503.585,0.82,0.9318,0.55,1.1886,94
1579998503.772,0.8,0.9447,0.57,1.1846,94
1579998503.961,0.82,0.9259,0.54,1.1835,94
1579998504.152,0.79,0.9522,0.56,1.1734,94
1579998504.343,0.79,0.9566,0.55,1.1705,94
1579998504.533,0.84,0.9087,0.57,1.1636,94
1579998504.726,0.8,0.9459,0.55,1.1691,94
1579998504.897,0.83,0.9114,0.56,1.1687,94
1579998505.096,0.8,0.9461,0.54,1.1916,95
1579998505.285,0.79,0.9489,0.51,1.2264,95
1579998505.485,0.8,0.95,0.52,1.2122,95
1579998505.676,0.79,0.954,0.53,1.2087,95
1579998505.867,0.79,0.955,0.51,1.2045,95
1579998506.064,0.81,0.9402,0.56,1.1661,95
1579998506.255,0.8,0.9475,0.56,1.1621,95
1579998506.446,0.78,0.9612,0.57,1.1526,95
1579998506.638,0.77,0.9695,0.56,1.1709,95
1579998506.829,0.82,0.9227,0.58,1.164,95
1579998507.034,0.79,0.9489,0.58,1.1642,95
1579998507.228,0.75,0.9881,0.57,1.1707,95
1579998507.415,0.81,0.9329,0.58,1.1607,95
1579998507.603,0.8,0.9409,0.6,1.1479,95
1579998507.773,0.84,0.9074,0.55,1.1621,95
1579998507.963,0.78,0.9627,0.57,1.1585,96
1579998508.154,0.76,0.9818,0.57,1.1622,96
1579998508.341,0.78,0.9635,0.56,1.1724,96
1579998508.527,0.81,0.9328,0.52,1.195,96
1579998508.713,0.79,0.9523,0.52,1.2019,96
1579998508.902,0.76,0.9818,0.53,1.1979,96
1579998509.087,0.77,0.9705,0.58,1.1658,96
1579998509.279,0.82,0.9303,0.6,1.1377,96
1579998509.468,0.78,0.9572,0.6,1.1384,96
1579998509.654,0.79,0.9502,0.57,1.1466,96
1579998509.843,0.79,0.9585,0.58,1.1585,96
1579998510.031,0.78,0.9688,0.59,1.1632,96
1579998510.217,0.81,0.9356,0.58,1.1624,96
1579998510.404,0.79,0.9543,0.56,1.1678,96
1579998510.569,0.84,0.9095,0.59,1.1546,96
1579998510.758,0.81,0.9379,0.56,1.1593,97
1579998510.948,0.81,0.9387,0.56,1.1711,97
1579998511.139,0.8,0.9448,0.56,1.1765,97
1579998511.335,0.83,0.9223,0.55,1.1797,97
1579998511.52,0.82,0.9267,0.54,1.1894,97
1579998511.706,0.79,0.9523,0.53,1.2,97
1579998511.894,0.79,0.9566,0.53,1.1986,97
1579998512.082,0.8,0.9382,0.55,1.1947,97
1579998512.269,0.8,0.9401,0.55,1.1775,97
1579998512.455,0.81,0.9311,0.59,1.1563,97
1579998512.64,0.79,0.9587,0.57,1.1598,97
1579998512.831,0.78,0.9599,0.56,1.1534,97
1579998513.018,0.84,0.9067,0.57,1.1639,97
1579998513.205,0.8,0.9467,0.56,1.1743,97
1579998513.38,0.82,0.9223,0.57,1.1768,97
1579998513.568,0.81,0.9298,0.55,1.1819,98
1579998513.758,0.8,0.9401,0.56,1.1712,98
1579998513.945,0.8,0.9458,0.57,1.167,98
1579998514.131,0.82,0.9275,0.56,1.1603,98
1579998514.319,0.82,0.9217,0.56,1.1664,98
1579998514.506,0.8,0.9404,0.57,1.1538,98
1579998514.694,0.79,0.9536,0.59,1.1551,98
1579998514.88,0.81,0.9392,0.57,1.1683,98
1579998515.068,0.8,0.9468,0.57,1.1698,98
1579998515.256,0.82,0.9261,0.58,1.159,98
1579998515.452,0.79,0.953,0.57,1.1497,98
1579998515.638,0.76,0.9755,0.62,1.1293,98
1579998515.828,0.82,0.922,0.6,1.1358,98
1579998516.015,0.81,0.9397,0.6,1.1477,98
1579998516.18,0.83,0.9097,0.56,1.174,98
1579998516.368,0.81,0.9399,0.55,1.192,99
1579998516.558,0.79,0.9584,0.52,1.206,99
1579998516.747,0.81,0.9345,0.56,1.177,99
1579998516.933,0.83,0.9176,0.59,1.1464,99
1579998517.128,0.81,0.9335,0.58,1.1383,99
1579998517.316,0.79,0.9562,0.58,1.1416,99
1579998517.513,0.8,0.9424,0.58,1.1564,99
1579998517.7,0.81,0.9287,0.58,1.1537,99
1579998517.887,0.79,0.9569,0.59,1.1576,99
1579998518.076,0.79,0.9552,0.58,1.1663,99
1579998518.264,0.79,0.9502,0.6,1.1315,99
1579998518.452,0.78,0.9576,0.61,1.1227,99
1579998518.643,0.82,0.9189,0.6,1.1302,99
1579998518.831,0.77,0.9772,0.59,1.1358,99
1579998518.998,0.84,0.9128,0.59,1.1355,99
