1580006118.923,0.26,1.3865,0.19,1.389,0
1580006119.116,0.23,1.3871,0.19,1.3885,0
1580006119.29,0.26,1.3859,0.19,1.3881,0
1580006119.462,0.25,1.386,0.19,1.3872,0
1580006119.637,0.24,1.3859,0.28,1.3859,0
1580006119.81,0.32,1.385,0.25,1.3855,0
1580006119.984,0.29,1.3845,0.29,1.3836,0
1580006120.156,0.37,1.3829,0.28,1.3811,0
1580006120.331,0.32,1.382,0.29,1.379,0
1580006120.51,0.34,1.3802,0.31,1.3764,0
1580006120.681,0.42,1.3745,0.32,1.3733,0
1580006120.855,0.38,1.3723,0.35,1.3647,0
1580006121.032,0.43,1.3662,0.38,1.3583,0
1580006121.21,0.39,1.3604,0.38,1.3519,0
1580006121.368,0.42,1.3491,0.44,1.3427,0
1580006121.542,0.41,1.3371,0.42,1.3255,1
1580006121.715,0.45,1.3216,0.44,1.3072,1
1580006121.887,0.5,1.3049,0.4,1.3185,1
1580006122.059,0.43,1.2997,0.42,1.2808,1
1580006122.238,0.47,1.2738,0.42,1.2746,1
1580006122.412,0.51,1.2699,0.48,1.2691,1
1580006122.584,0.49,1.2472,0.47,1.2631,1
1580006122.755,0.47,1.2526,0.48,1.2396,1
1580006122.927,0.52,1.237,0.46,1.2407,1
1580006123.101,0.49,1.2445,0.47,1.2259,1
1580006123.281,0.51,1.2208,0.5,1.2418,1
1580006123.455,0.47,1.2544,0.49,1.216,1
1580006123.629,0.52,1.2155,0.51,1.2063,1
1580006123.801,0.5,1.2289,0.54,1.2007,1
1580006123.955,0.52,1.2114,0.54,1.1985,1
1580006124.131,0.51,1.2153,0.51,1.211,2
1580006124.312,0.52,1.216,0.51,1.2025,2
1580006124.483,0.53,1.1996,0.5,1.2024,2
1580006124.659,0.53,1.2023,0.53,1.2003,2
1580006124.834,0.52,1.2157,0.55,1.1951,2
1580006125.008,0.55,1.1832,0.54,1.194,2
1580006125.179,0.56,1.1716,0.54,1.203,2
1580006125.36,0.52,1.2012,0.54,1.2,2
1580006125.534,0.54,1.1967,0.51,1.1996,2
1580006125.711,0.53,1.2075,0.53,1.2023,2
1580006125.885,0.54,1.1964,0.52,1.2049,2
1580006126.058,0.52,1.2125,0.5,1.1969,2
1580006126.23,0.54,1.1915,0.53,1.1931,2
1580006126.404,0.53,1.1981,0.56,1.189,2
1580006126.558,0.54,1.1896,0.56,1.1842,2
1580006126.738,0.53,1.2011,0.57,1.1872,3
1580006126.914,0.54,1.1888,0.52,1.1955,3
1580006127.089,0.55,1.1818,0.53,1.2048,3
1580006127.263,0.54,1.1834,0.52,1.2023,3
1580006127.436,0.53,1.1991,0.52,1.1944,3
1580006127.607,0.56,1.1645,0.56,1.1887,3
1580006127.783,0.58,1.1606,0.55,1.1841,3
1580006127.955,0.55,1.1826,0.57,1.1805,3
1580006128.128,0.54,1.1868,0.55,1.183,3
1580006128.305,0.56,1.1879,0.53,1.1884,3
1580006128.478,0.56,1.1807,0.53,1.202,3
1580006128.649,0.53,1.2035,0.55,1.1965,3
1580006128.824,0.55,1.1877,0.53,1.1779,3
1580006128.998,0.54,1.1942,0.56,1.1746,3
1580006129.153,0.55,1.1807,0.55,1.1765,3
1580006129.33,0.53,1.1981,0.57,1.1779,4
1580006129.503,0.54,1.1884,0.56,1.1763,4
1580006129.675,0.55,1.1788,0.52,1.1852,4
1580006129.849,0.56,1.1651,0.54,1.1893,4
1580006130.022,0.53,1.1935,0.53,1.1895,4
1580006130.196,0.57,1.1633,0.53,1.184,4
1580006130.374,0.59,1.1531,0.52,1.176,4
1580006130.547,0.57,1.1678,0.59,1.1693,4
1580006130.721,0.56,1.1703,0.57,1.1676,4
1580006130.897,0.57,1.1757,0.56,1.1694,4
1580006131.073,0.56,1.1745,0.54,1.174,4
1580006131.245,0.54,1.1929,0.55,1.1773,4
1580006131.418,0.55,1.1779,0.55,1.183,4
1580006131.591,0.54,1.1935,0.53,1.1805,4
1580006131.745,0.56,1.1776,0.54,1.1748,4
1580006131.93,0.55,1.1913,0.56,1.1702,5
1580006132.106,0.55,1.1808,0.55,1.1658,5
1580006132.279,0.55,1.1805,0.56,1.1641,5
1580006132.451,0.58,1.1567,0.55,1.1654,5
1580006132.624,0.55,1.1886,0.58,1.168,5
1580006132.797,0.58,1.1486,0.56,1.172,5
1580006132.971,0.6,1.1393,0.53,1.1756,5
1580006133.144,0.57,1.1632,0.54,1.1778,5
1580006133.318,0.57,1.1588,0.53,1.1777,5
1580006133.49,0.55,1.1797,0.54,1.1758,5
1580006133.664,0.55,1.18,0.55,1.1731,5
1580006133.836,0.55,1.1867,0.56,1.1709,5
1580006134.01,0.56,1.1656,0.55,1.1673,5
1580006134.183,0.57,1.1704,0.56,1.1681,5
1580006134.341,0.57,1.1648,0.56,1.1663,5
1580006134.515,0.55,1.1833,0.58,1.1686,6
1580006134.693,0.56,1.1711,0.57,1.164,6
1580006134.866,0.56,1.168,0.57,1.1628,6
1580006135.04,0.59,1.1502,0.57,1.1607,6
1580006135.214,0.56,1.1806,0.58,1.1626,6
1580006135.387,0.58,1.1422,0.57,1.1616,6
1580006135.56,0.61,1.1275,0.57,1.1633,6
1580006135.731,0.58,1.1546,0.56,1.1665,6
1580006135.902,0.59,1.1472,0.56,1.1695,6
1580006136.076,0.56,1.1708,0.58,1.1676,6
1580006136.252,0.57,1.1621,0.57,1.1635,6
1580006136.426,0.55,1.1829,0.57,1.1583,6
1580006136.605,0.56,1.1607,0.58,1.1619,6
1580006136.781,0.57,1.1724,0.56,1.1608,6
1580006136.941,0.57,1.1567,0.57,1.1668,6
1580006137.117,0.55,1.1824,0.57,1.1636,7
1580006137.293,0.58,1.1573,0.57,1.1613,7
1580006137.467,0.57,1.1657,0.56,1.1632,7
1580006137.645,0.59,1.1423,0.57,1.1652,7
1580006137.816,0.56,1.1777,0.59,1.1588,7
1580006137.99,0.59,1.1352,0.57,1.1569,7
1580006138.165,0.61,1.1286,0.57,1.162,7
1580006138.339,0.58,1.1527,0.56,1.16,7
1580006138.513,0.59,1.1423,0.57,1.158,7
1580006138.698,0.57,1.1713,0.58,1.1645,7
1580006138.871,0.57,1.1573,0.56,1.1681,7
1580006139.045,0.54,1.1867,0.58,1.1555,7
1580006139.216,0.56,1.1598,0.58,1.1618,7
1580006139.392,0.56,1.174,0.59,1.1528,7
1580006139.545,0.57,1.1557,0.58,1.1614,7
1580006139.728,0.56,1.1745,0.56,1.1742,8
1580006139.901,0.57,1.1688,0.56,1.1658,8
1580006140.075,0.56,1.1679,0.58,1.16,8
1580006140.248,0.58,1.1492,0.6,1.1658,8
1580006140.42,0.56,1.1762,0.56,1.1733,8
1580006140.592,0.59,1.1412,0.58,1.1673,8
1580006140.768,0.59,1.1335,0.58,1.1594,8
1580006140.94,0.58,1.1561,0.6,1.153,8
1580006141.113,0.58,1.1534,0.55,1.1567,8
1580006141.287,0.56,1.1639,0.56,1.1675,8
1580006141.46,0.56,1.1631,0.55,1.1723,8
1580006141.636,0.54,1.1905,0.56,1.1523,8
1580006141.808,0.58,1.1509,0.59,1.1522,8
1580006141.983,0.57,1.1668,0.58,1.1556,8
1580006142.148,0.57,1.1539,0.59,1.1615,8
1580006142.322,0.55,1.1721,0.55,1.1793,9
1580006142.495,0.56,1.1642,0.52,1.1788,9
1580006142.67,0.57,1.1578,0.53,1.1815,9
1580006142.843,0.58,1.1483,0.6,1.1623,9
1580006143.017,0.56,1.1661,0.59,1.1511,9
1580006143.189,0.61,1.126,0.6,1.1553,9
1580006143.362,0.61,1.12,0.57,1.1586,9
1580006143.538,0.59,1.146,0.55,1.1547,9
1580006143.714,0.58,1.1438,0.59,1.1509,9
1580006143.887,0.58,1.1581,0.55,1.16,9
1580006144.061,0.58,1.151,0.57,1.1665,9
1580006144.234,0.54,1.1872,0.58,1.1564,9
1580006144.408,0.58,1.148,0.6,1.1417,9
1580006144.582,0.58,1.1561,0.6,1.1456,9
1580006144.744,0.59,1.1497,0.59,1.1465,9
1580006144.92,0.56,1.1646,0.55,1.1663,10
1580006145.095,0.58,1.1501,0.55,1.1728,10
1580006145.266,0.57,1.1555,0.57,1.1714,10
1580006145.439,0.6,1.1424,0.56,1.1653,10
1580006145.613,0.56,1.1635,0.55,1.1579,10
1580006145.789,0.61,1.1245,0.55,1.1565,10
1580006145.962,0.62,1.1121,0.59,1.152,10
1580006146.137,0.6,1.1379,0.59,1.1443,10
1580006146.31,0.6,1.137,0.59,1.1442,10
1580006146.485,0.58,1.1562,0.55,1.1558,10
1580006146.659,0.59,1.1448,0.58,1.1634,10
1580006146.837,0.55,1.1825,0.56,1.1583,10
1580006147.012,0.58,1.1496,0.57,1.1426,10
1580006147.187,0.57,1.1564,0.62,1.1399,10
1580006147.342,0.59,1.1459,0.59,1.1373,10
1580006147.52,0.57,1.1626,0.58,1.1465,11
1580006147.695,0.6,1.1399,0.61,1.1558,11
1580006147.872,0.58,1.1506,0.57,1.1639,11
1580006148.047,0.6,1.1355,0.57,1.1576,11
1580006148.22,0.57,1.1591,0.58,1.1508,11
1580006148.402,0.6,1.125,0.58,1.147,11
1580006148.576,0.62,1.1122,0.57,1.1552,11
1580006148.757,0.6,1.1382,0.57,1.1499,11
1580006148.943,0.6,1.1322,0.61,1.1384,11
1580006149.12,0.57,1.1549,0.61,1.1412,11
1580006149.293,0.58,1.1447,0.55,1.1555,11
1580006149.466,0.55,1.1751,0.59,1.148,11
1580006149.638,0.6,1.1427,0.6,1.1356,11
1580006149.812,0.58,1.1496,0.6,1.1451,11
1580006149.977,0.59,1.1412,0.57,1.1398,11
1580006150.152,0.57,1.1611,0.59,1.1346,12
1580006150.325,0.6,1.1366,0.62,1.1489,12
1580006150.505,0.58,1.148,0.59,1.1572,12
1580006150.68,0.6,1.1374,0.54,1.1542,12
1580006150.852,0.57,1.1567,0.54,1.1546,12
1580006151.033,0.61,1.1288,0.61,1.1356,12
1580006151.211,0.62,1.1078,0.57,1.1575,12
1580006151.388,0.6,1.1387,0.57,1.1575,12
1580006151.563,0.59,1.1419,0.58,1.1435,12
1580006151.736,0.58,1.146,0.61,1.1331,12
1580006151.913,0.57,1.1565,0.61,1.1402,12
1580006152.09,0.57,1.1576,0.64,1.1341,12
1580006152.268,0.6,1.138,0.63,1.1281,12
1580006152.44,0.58,1.1535,0.61,1.1344,12
1580006152.596,0.61,1.1268,0.57,1.1417,12
1580006152.771,0.59,1.154,0.58,1.1371,13
1580006152.947,0.59,1.1369,0.59,1.1438,13
1580006153.123,0.6,1.1373,0.58,1.1565,13
1580006153.295,0.59,1.1385,0.57,1.1491,13
1580006153.467,0.59,1.1476,0.58,1.1428,13
1580006153.64,0.62,1.1116,0.61,1.1302,13
1580006153.819,0.62,1.116,0.62,1.1227,13
1580006153.992,0.61,1.1214,0.62,1.1357,13
1580006154.168,0.61,1.1283,0.62,1.1349,13
1580006154.346,0.58,1.1497,0.62,1.1277,13
1580006154.521,0.6,1.127,0.65,1.1234,13
1580006154.695,0.58,1.1491,0.65,1.1147,13
1580006154.87,0.6,1.1306,0.64,1.1202,13
1580006155.044,0.58,1.141,0.62,1.1225,13
1580006155.199,0.62,1.1151,0.62,1.1251,13
1580006155.375,0.59,1.1401,0.59,1.135,14
1580006155.549,0.61,1.131,0.58,1.1398,14
1580006155.723,0.61,1.1298,0.59,1.1432,14
1580006155.895,0.62,1.1225,0.59,1.1251,14
1580006156.069,0.6,1.1406,0.63,1.111,14
1580006156.242,0.62,1.1045,0.66,1.1012,14
1580006156.415,0.64,1.0946,0.64,1.1092,14
1580006156.588,0.62,1.1108,0.6,1.1197,14
1580006156.762,0.62,1.114,0.65,1.1096,14
1580006156.936,0.59,1.1373,0.67,1.1048,14
1580006157.11,0.62,1.1136,0.65,1.1021,14
1580006157.283,0.6,1.1357,0.66,1.0998,14
1580006157.456,0.61,1.1196,0.67,1.0934,14
1580006157.627,0.59,1.1319,0.67,1.0874,14
1580006157.782,0.63,1.1053,0.65,1.0949,14
1580006157.957,0.6,1.1295,0.64,1.1146,15
1580006158.131,0.6,1.1272,0.62,1.1133,15
1580006158.306,0.62,1.1184,0.64,1.1046,15
1580006158.481,0.62,1.1097,0.65,1.0909,15
1580006158.655,0.61,1.1291,0.67,1.0868,15
1580006158.833,0.65,1.0923,0.7,1.0807,15
1580006159.008,0.65,1.0882,0.71,1.0756,15
1580006159.187,0.64,1.1028,0.7,1.0817,15
1580006159.361,0.64,1.1008,0.68,1.0903,15
1580006159.536,0.6,1.1343,0.66,1.0992,15
1580006159.711,0.63,1.1076,0.69,1.0781,15
1580006159.885,0.61,1.1247,0.7,1.0758,15
1580006160.071,0.62,1.1109,0.69,1.0766,15
1580006160.267,0.6,1.1273,0.71,1.0672,15
1580006160.423,0.64,1.0974,0.64,1.0795,15
1580006160.599,0.59,1.1306,0.68,1.0856,16
1580006160.773,0.62,1.122,0.67,1.0874,16
1580006160.947,0.62,1.1161,0.67,1.0684,16
1580006161.122,0.65,1.0948,0.68,1.0745,16
1580006161.299,0.61,1.1243,0.71,1.0685,16
1580006161.474,0.65,1.0868,0.72,1.0642,16
1580006161.648,0.65,1.0862,0.7,1.0641,16
1580006161.822,0.64,1.0929,0.69,1.0625,16
1580006161.997,0.63,1.1026,0.7,1.0757,16
1580006162.173,0.61,1.1213,0.7,1.0724,16
1580006162.346,0.64,1.0945,0.59,1.1078,16
1580006162.52,0.6,1.1305,0.65,1.0835,16
1580006162.694,0.63,1.1065,0.69,1.0751,16
1580006162.869,0.61,1.1233,0.7,1.0646,16
1580006163.025,0.64,1.094,0.71,1.0636,16
1580006163.206,0.6,1.1303,0.69,1.0609,17
1580006163.379,0.63,1.1095,0.68,1.0749,17
1580006163.553,0.63,1.1105,0.69,1.0789,17
1580006163.727,0.64,1.1046,0.66,1.0759,17
1580006163.902,0.61,1.1241,0.66,1.0745,17
1580006164.075,0.65,1.0888,0.64,1.0895,17
1580006164.262,0.64,1.0921,0.61,1.1168,17
1580006164.435,0.63,1.1055,0.69,1.0654,17
1580006164.62,0.63,1.1016,0.64,1.0828,17
1580006164.794,0.61,1.1203,0.63,1.0897,17
1580006164.968,0.65,1.0908,0.7,1.0938,17
1580006165.14,0.59,1.1479,0.69,1.0811,17
1580006165.312,0.62,1.1139,0.7,1.0626,17
1580006165.485,0.62,1.1154,0.66,1.0739,17
1580006165.638,0.61,1.1102,0.71,1.0597,17
1580006165.817,0.62,1.1168,0.68,1.0808,18
1580006165.992,0.62,1.1132,0.72,1.0842,18
1580006166.18,0.62,1.1181,0.63,1.0801,18
1580006166.374,0.64,1.0913,0.64,1.0817,18
1580006166.561,0.63,1.1121,0.64,1.0799,18
1580006166.741,0.65,1.0877,0.7,1.0633,18
1580006166.914,0.65,1.0865,0.58,1.1287,18
1580006167.089,0.63,1.1073,0.6,1.1147,18
1580006167.262,0.62,1.115,0.71,1.0527,18
1580006167.445,0.63,1.1047,0.64,1.0931,18
1580006167.619,0.64,1.0946,0.64,1.0946,18
1580006167.793,0.61,1.1199,0.71,1.0623,18
1580006167.967,0.64,1.0978,0.71,1.0586,18
1580006168.14,0.62,1.1108,0.71,1.0584,18
1580006168.296,0.66,1.0856,0.67,1.0636,18
1580006168.478,0.62,1.1122,0.66,1.0652,19
1580006168.661,0.62,1.1078,0.68,1.0612,19
1580006168.846,0.63,1.1099,0.72,1.0626,19
1580006169.021,0.64,1.0967,0.71,1.0585,19
1580006169.196,0.6,1.1291,0.68,1.0704,19
1580006169.374,0.68,1.0687,0.7,1.0633,19
1580006169.552,0.65,1.0886,0.67,1.066,19
1580006169.728,0.64,1.0977,0.65,1.0886,19
1580006169.902,0.63,1.107,0.66,1.0828,19
1580006170.077,0.61,1.1239,0.7,1.0586,19
1580006170.252,0.66,1.0767,0.63,1.1197,19
1580006170.429,0.61,1.1219,0.59,1.1409,19
1580006170.603,0.59,1.136,0.63,1.0861,19
1580006170.776,0.64,1.0999,0.7,1.0727,19
1580006170.931,0.62,1.0995,0.65,1.0958,19
1580006171.107,0.6,1.1261,0.68,1.0795,20
1580006171.282,0.62,1.1046,0.7,1.0627,20
1580006171.456,0.61,1.1202,0.65,1.0712,20
1580006171.633,0.65,1.0875,0.67,1.0668,20
1580006171.805,0.62,1.1104,0.7,1.0598,20
1580006171.979,0.66,1.0741,0.71,1.0557,20
1580006172.156,0.66,1.0732,0.69,1.0549,20
1580006172.329,0.65,1.0799,0.7,1.053,20
1580006172.505,0.65,1.0912,0.68,1.0567,20
1580006172.678,0.63,1.1005,0.68,1.0615,20
1580006172.853,0.65,1.0831,0.71,1.0599,20
1580006173.027,0.64,1.099,0.61,1.101,20
1580006173.199,0.63,1.1037,0.61,1.0994,20
1580006173.376,0.63,1.111,0.66,1.0713,20
1580006173.536,0.66,1.0751,0.71,1.0598,20
1580006173.715,0.63,1.1015,0.69,1.0633,21
1580006173.889,0.64,1.0972,0.73,1.0573,21
1580006174.066,0.62,1.1147,0.7,1.0535,21
1580006174.242,0.66,1.0791,0.7,1.0549,21
1580006174.416,0.63,1.0999,0.7,1.0513,21
1580006174.599,0.67,1.0625,0.72,1.0462,21
1580006174.773,0.67,1.0658,0.72,1.0441,21
1580006174.948,0.66,1.0725,0.71,1.0453,21
1580006175.127,0.66,1.0792,0.68,1.0489,21
1580006175.306,0.64,1.0945,0.68,1.0508,21
1580006175.48,0.67,1.0656,0.64,1.0658,21
1580006175.659,0.64,1.0921,0.63,1.0863,21
1580006175.837,0.64,1.0963,0.67,1.0659,21
1580006176.014,0.65,1.0947,0.71,1.0447,21
1580006176.172,0.66,1.0702,0.7,1.0449,21
1580006176.354,0.64,1.0928,0.7,1.0399,22
1580006176.53,0.66,1.0835,0.72,1.0391,22
1580006176.707,0.64,1.1,0.71,1.0442,22
1580006176.887,0.67,1.068,0.7,1.0452,22
1580006177.063,0.64,1.0967,0.71,1.0474,22
1580006177.239,0.69,1.053,0.7,1.0427,22
1580006177.418,0.67,1.0618,0.68,1.0456,22
1580006177.597,0.68,1.0652,0.69,1.0484,22
1580006177.774,0.67,1.078,0.69,1.0518,22
1580006177.949,0.66,1.0871,0.64,1.07,22
1580006178.124,0.69,1.0566,0.65,1.0813,22
1580006178.301,0.66,1.0868,0.63,1.0795,22
1580006178.483,0.65,1.0892,0.71,1.0487,22
1580006178.676,0.66,1.0831,0.72,1.0376,22
1580006178.836,0.67,1.0634,0.72,1.0353,22
1580006179.015,0.65,1.0877,0.71,1.0347,23
1580006179.195,0.66,1.0784,0.69,1.0421,23
1580006179.37,0.65,1.0865,0.7,1.043,23
1580006179.547,0.68,1.061,0.71,1.044,23
1580006179.729,0.64,1.0891,0.71,1.0422,23
1580006179.906,0.69,1.0472,0.7,1.0453,23
1580006180.082,0.69,1.0533,0.67,1.0497,23
1580006180.258,0.69,1.0602,0.68,1.0477,23
1580006180.441,0.67,1.0727,0.69,1.0517,23
1580006180.623,0.66,1.0778,0.65,1.0577,23
1580006180.808,0.69,1.0486,0.65,1.0723,23
1580006180.982,0.67,1.0807,0.62,1.0791,23
1580006181.159,0.65,1.0845,0.73,1.0455,23
1580006181.341,0.67,1.0769,0.7,1.0365,23
1580006181.5,0.68,1.0609,0.71,1.0356,23
1580006181.686,0.66,1.0829,0.73,1.0331,24
1580006181.867,0.67,1.0721,0.72,1.0361,24
1580006182.046,0.67,1.0774,0.72,1.0345,24
1580006182.223,0.69,1.0567,0.73,1.0377,24
1580006182.401,0.65,1.0844,0.71,1.0397,24
1580006182.577,0.7,1.0426,0.73,1.033,24
1580006182.761,0.7,1.0476,0.68,1.0481,24
1580006182.942,0.68,1.055,0.68,1.0503,24
1580006183.117,0.67,1.0715,0.71,1.0388,24
1580006183.291,0.67,1.0699,0.67,1.0555,24
1580006183.468,0.7,1.0424,0.66,1.0691,24
1580006183.643,0.66,1.0804,0.65,1.0625,24
1580006183.821,0.66,1.0761,0.74,1.0337,24
1580006183.997,0.67,1.0768,0.71,1.0304,24
1580006184.153,0.69,1.0526,0.71,1.0346,24
1580006184.33,0.67,1.0773,0.71,1.0374,25
1580006184.504,0.68,1.0645,0.72,1.0292,25
1580006184.679,0.67,1.0726,0.71,1.0298,25
1580006184.86,0.69,1.0505,0.72,1.0276,25
1580006185.035,0.66,1.0821,0.7,1.0361,25
1580006185.21,0.72,1.0346,0.74,1.0276,25
1580006185.385,0.7,1.0447,0.7,1.0452,25
1580006185.559,0.69,1.052,0.67,1.0585,25
1580006185.738,0.67,1.0758,0.72,1.0344,25
1580006185.923,0.67,1.0669,0.68,1.0647,25
1580006186.099,0.69,1.0475,0.66,1.0693,25
1580006186.275,0.66,1.0861,0.65,1.0705,25
1580006186.453,0.66,1.0787,0.72,1.0367,25
1580006186.631,0.68,1.0691,0.73,1.0321,25
1580006186.787,0.69,1.0496,0.73,1.0335,25
1580006186.973,0.66,1.0773,0.73,1.0217,26
1580006187.149,0.69,1.0621,0.73,1.0252,26
1580006187.324,0.66,1.0786,0.71,1.0318,26
1580006187.5,0.69,1.0614,0.73,1.025,26
1580006187.674,0.68,1.0693,0.71,1.0309,26
1580006187.853,0.7,1.0355,0.7,1.0332,26
1580006188.028,0.69,1.0438,0.7,1.0325,26
1580006188.206,0.7,1.0468,0.7,1.0457,26
1580006188.381,0.67,1.0753,0.69,1.0409,26
1580006188.557,0.68,1.0656,0.69,1.0603,26
1580006188.734,0.69,1.047,0.67,1.0636,26
1580006188.909,0.66,1.0813,0.71,1.0386,26
1580006189.085,0.67,1.0655,0.72,1.0246,26
1580006189.261,0.67,1.071,0.74,1.0224,26
1580006189.417,0.69,1.0461,0.67,1.051,26
1580006189.597,0.66,1.0753,0.75,1.026,27
1580006189.772,0.67,1.0693,0.73,1.0318,27
1580006189.948,0.66,1.0725,0.73,1.0327,27
1580006190.125,0.68,1.0544,0.71,1.0276,27
1580006190.3,0.67,1.0741,0.7,1.0436,27
1580006190.477,0.7,1.0346,0.71,1.0402,27
1580006190.652,0.71,1.0318,0.72,1.0389,27
1580006190.828,0.68,1.0517,0.73,1.0355,27
1580006191.01,0.68,1.0601,0.72,1.0364,27
1580006191.189,0.68,1.0617,0.71,1.0386,27
1580006191.367,0.7,1.0415,0.67,1.0575,27
1580006191.542,0.67,1.0701,0.64,1.0689,27
1580006191.718,0.67,1.0673,0.72,1.0503,27
1580006191.895,0.67,1.0698,0.73,1.0254,27
1580006192.06,0.7,1.0388,0.75,1.0183,27
1580006192.24,0.67,1.0651,0.74,1.0221,28
1580006192.415,0.69,1.0603,0.74,1.0276,28
1580006192.59,0.68,1.0615,0.76,1.023,28
1580006192.767,0.69,1.0524,0.72,1.0378,28
1580006192.945,0.67,1.066,0.74,1.025,28
1580006193.13,0.72,1.0271,0.68,1.04,28
1580006193.311,0.71,1.0343,0.71,1.0386,28
1580006193.488,0.71,1.0392,0.7,1.0349,28
1580006193.664,0.68,1.0615,0.68,1.0567,28
1580006193.842,0.68,1.0672,0.71,1.0411,28
1580006194.024,0.69,1.0453,0.73,1.0351,28
1580006194.201,0.66,1.0784,0.7,1.0497,28
1580006194.382,0.67,1.0733,0.65,1.0642,28
1580006194.559,0.64,1.1009,0.76,1.0286,28
1580006194.719,0.68,1.0545,0.66,1.0556,28
1580006194.901,0.67,1.0698,0.71,1.0316,29
1580006195.081,0.69,1.0538,0.69,1.0445,29
1580006195.259,0.68,1.0671,0.72,1.0378,29
1580006195.436,0.7,1.0435,0.69,1.0372,29
1580006195.613,0.67,1.0792,0.67,1.0561,29
1580006195.794,0.7,1.0359,0.73,1.0418,29
1580006195.973,0.7,1.0416,0.72,1.039,29
1580006196.157,0.67,1.0628,0.72,1.0364,29
1580006196.337,0.69,1.0517,0.72,1.0316,29
1580006196.516,0.67,1.0708,0.7,1.0345,29
1580006196.692,0.72,1.0305,0.68,1.0545,29
1580006196.868,0.68,1.0617,0.68,1.0518,29
1580006197.049,0.67,1.0651,0.71,1.0353,29
1580006197.23,0.69,1.0548,0.69,1.0418,29
1580006197.392,0.71,1.036,0.69,1.0345,29
1580006197.572,0.69,1.0528,0.73,1.0199,30
1580006197.753,0.69,1.048,0.75,1.0188,30
1580006197.93,0.68,1.0558,0.72,1.0296,30
1580006198.122,0.7,1.0378,0.69,1.0447,30
1580006198.301,0.68,1.0653,0.72,1.0276,30
1580006198.479,0.73,1.0174,0.71,1.0315,30
1580006198.667,0.72,1.0243,0.68,1.0342,30
1580006198.844,0.69,1.0411,0.71,1.0284,30
1580006199.023,0.69,1.0503,0.68,1.0468,30
1580006199.203,0.68,1.0557,0.68,1.0466,30
1580006199.38,0.7,1.0363,0.72,1.0282,30
1580006199.556,0.68,1.0609,0.7,1.034,30
1580006199.734,0.67,1.0625,0.71,1.0273,30
1580006199.911,0.69,1.0553,0.66,1.046,30
1580006200.07,0.71,1.0339,0.73,1.0291,30
1580006200.252,0.69,1.0564,0.74,1.0214,31
1580006200.429,0.69,1.0477,0.72,1.0273,31
1580006200.606,0.69,1.0504,0.73,1.0235,31
1580006200.784,0.71,1.0351,0.72,1.0303,31
1580006200.961,0.69,1.0566,0.75,1.0182,31
1580006201.138,0.72,1.018,0.74,1.0199,31
1580006201.326,0.73,1.0183,0.72,1.0233,31
1580006201.507,0.7,1.0398,0.71,1.0258,31
1580006201.697,0.69,1.0531,0.72,1.0224,31
1580006201.875,0.7,1.0455,0.67,1.0493,31
1580006202.051,0.71,1.03,0.67,1.0521,31
1580006202.233,0.67,1.0683,0.68,1.0469,31
1580006202.412,0.68,1.0563,0.72,1.0229,31
1580006202.588,0.67,1.0661,0.75,1.0165,31
1580006202.748,0.71,1.0358,0.7,1.0317,31
1580006202.931,0.69,1.0562,0.74,1.0119,32
1580006203.109,0.7,1.0419,0.75,1.0074,32
1580006203.29,0.66,1.0722,0.7,1.0239,32
1580006203.469,0.72,1.0286,0.73,1.0301,32
1580006203.646,0.67,1.0739,0.75,1.01,32
1580006203.826,0.74,1.0073,0.72,1.0214,32
1580006204.005,0.71,1.0296,0.74,1.0106,32
1580006204.181,0.71,1.0286,0.69,1.0358,32
1580006204.364,0.68,1.0564,0.68,1.0519,32
1580006204.54,0.67,1.0642,0.75,1.0145,32
1580006204.718,0.71,1.0311,0.74,1.0216,32
1580006204.899,0.65,1.0844,0.71,1.0176,32
1580006205.076,0.69,1.0558,0.67,1.0557,32
1580006205.251,0.69,1.0515,0.7,1.0531,32
1580006205.418,0.7,1.0425,0.7,1.0216,32
1580006205.596,0.69,1.0522,0.71,1.0328,33
1580006205.776,0.7,1.0446,0.71,1.0279,33
1580006205.956,0.68,1.0577,0.71,1.0257,33
1580006206.134,0.71,1.0337,0.66,1.0805,33
1580006206.312,0.66,1.0706,0.67,1.0479,33
1580006206.489,0.7,1.0335,0.68,1.0467,33
1580006206.667,0.7,1.0373,0.64,1.0934,33
1580006206.85,0.68,1.0667,0.67,1.0576,33
1580006207.03,0.67,1.071,0.73,1.0311,33
1580006207.208,0.68,1.0551,0.67,1.0738,33
1580006207.387,0.68,1.0558,0.67,1.0761,33
1580006207.566,0.66,1.0882,0.66,1.0618,33
1580006207.744,0.64,1.0995,0.72,1.0259,33
1580006207.923,0.66,1.0648,0.72,1.0355,33
1580006208.084,0.71,1.0344,0.71,1.0451,33
1580006208.266,0.65,1.0879,0.67,1.048,34
1580006208.446,0.66,1.0766,0.71,1.0295,34
1580006208.627,0.69,1.0506,0.73,1.0198,34
1580006208.809,0.65,1.0876,0.73,1.0151,34
1580006208.99,0.66,1.0777,0.67,1.0538,34
1580006209.17,0.73,1.0159,0.67,1.0533,34
1580006209.347,0.68,1.0573,0.7,1.0382,34
1580006209.532,0.68,1.051,0.68,1.0583,34
1580006209.709,0.68,1.0611,0.7,1.0516,34
1580006209.888,0.66,1.0734,0.7,1.0405,34
1580006210.066,0.69,1.0457,0.69,1.0301,34
1580006210.244,0.68,1.0622,0.64,1.089,34
1580006210.425,0.66,1.0709,0.65,1.0793,34
1580006210.603,0.69,1.0502,0.69,1.033,34
1580006210.771,0.72,1.0214,0.71,1.0343,34
1580006210.955,0.69,1.0442,0.7,1.0364,35
1580006211.131,0.69,1.0531,0.72,1.0269,35
1580006211.311,0.68,1.0565,0.7,1.0253,35
1580006211.49,0.71,1.0351,0.68,1.0388,35
1580006211.667,0.69,1.0593,0.68,1.0418,35
1580006211.845,0.7,1.0326,0.69,1.0363,35
1580006212.023,0.72,1.0198,0.74,1.0156,35
1580006212.204,0.72,1.021,0.73,1.0157,35
1580006212.382,0.68,1.0608,0.72,1.0144,35
1580006212.562,0.67,1.0636,0.77,1.0007,35
1580006212.739,0.72,1.0239,0.75,1.007,35
1580006212.915,0.68,1.0537,0.7,1.0398,35
1580006213.097,0.66,1.0684,0.66,1.0661,35
1580006213.275,0.69,1.0447,0.67,1.0526,35
1580006213.433,0.71,1.0314,0.76,1.003,35
1580006213.618,0.72,1.03,0.71,1.0236,36
1580006213.794,0.68,1.0496,0.67,1.0408,36
1580006213.971,0.69,1.0556,0.71,1.0277,36
1580006214.148,0.7,1.0339,0.74,1.0186,36
1580006214.334,0.7,1.0452,0.69,1.0407,36
1580006214.509,0.7,1.0304,0.69,1.0409,36
1580006214.69,0.72,1.0201,0.72,1.0239,36
1580006214.865,0.72,1.018,0.7,1.0275,36
1580006215.041,0.7,1.0463,0.72,1.0272,36
1580006215.218,0.68,1.0611,0.74,1.0165,36
1580006215.397,0.7,1.0367,0.74,1.0075,36
1580006215.575,0.69,1.0519,0.72,1.03,36
1580006215.753,0.68,1.0566,0.64,1.0798,36
1580006215.929,0.69,1.0436,0.62,1.1007,36
1580006216.09,0.7,1.0428,0.67,1.042,36
1580006216.272,0.7,1.0404,0.72,1.0079,37
1580006216.451,0.7,1.0382,0.69,1.0503,37
1580006216.63,0.67,1.072,0.67,1.0557,37
1580006216.807,0.67,1.0697,0.7,1.0437,37
1580006216.985,0.65,1.0859,0.68,1.0437,37
1580006217.164,0.71,1.025,0.66,1.0623,37
1580006217.341,0.7,1.0353,0.71,1.0249,37
1580006217.518,0.71,1.0342,0.71,1.0395,37
1580006217.701,0.66,1.0762,0.69,1.0454,37
1580006217.877,0.64,1.0959,0.7,1.0403,37
1580006218.055,0.72,1.0245,0.68,1.0529,37
1580006218.237,0.67,1.0635,0.67,1.0585,37
1580006218.415,0.68,1.0599,0.73,1.0265,37
1580006218.594,0.67,1.0689,0.72,1.0238,37
1580006218.759,0.7,1.038,0.69,1.0313,37
1580006218.939,0.69,1.053,0.68,1.058,38
1580006219.118,0.68,1.0546,0.68,1.0537,38
1580006219.295,0.67,1.0665,0.65,1.0441,38
1580006219.472,0.69,1.0559,0.69,1.042,38
1580006219.651,0.67,1.0684,0.68,1.0462,38
1580006219.827,0.72,1.016,0.72,1.0304,38
1580006220.011,0.69,1.0433,0.69,1.0367,38
1580006220.201,0.7,1.0396,0.68,1.0451,38
1580006220.379,0.68,1.0625,0.68,1.0475,38
1580006220.556,0.66,1.078,0.73,1.0264,38
1580006220.736,0.7,1.0334,0.73,1.0181,38
1580006220.913,0.69,1.0472,0.65,1.0748,38
1580006221.093,0.68,1.0632,0.63,1.098,38
1580006221.273,0.69,1.0587,0.64,1.0742,38
1580006221.43,0.73,1.0168,0.67,1.047,38
1580006221.609,0.71,1.0326,0.74,1.0126,39
1580006221.788,0.7,1.041,0.75,1.0122,39
1580006221.966,0.69,1.0596,0.71,1.0311,39
1580006222.143,0.7,1.0469,0.7,1.041,39
1580006222.32,0.67,1.0688,0.72,1.0282,39
1580006222.496,0.72,1.0207,0.68,1.056,39
1580006222.675,0.7,1.0314,0.71,1.0554,39
1580006222.863,0.68,1.0569,0.73,1.0295,39
1580006223.04,0.69,1.0539,0.68,1.0457,39
1580006223.223,0.68,1.0594,0.67,1.0546,39
1580006223.401,0.69,1.0485,0.68,1.0396,39
1580006223.578,0.66,1.0766,0.71,1.0223,39
1580006223.758,0.71,1.0377,0.71,1.0287,39
1580006223.938,0.69,1.0486,0.69,1.0512,39
1580006224.096,0.7,1.0384,0.7,1.0329,39
1580006224.286,0.7,1.0456,0.76,0.9938,40
1580006224.462,0.71,1.0318,0.73,1.0129,40
1580006224.644,0.68,1.0544,0.72,1.0321,40
1580006224.823,0.67,1.0682,0.71,1.0168,40
1580006225.005,0.67,1.0701,0.74,0.9993,40
1580006225.184,0.73,1.006,0.71,1.0234,40
1580006225.362,0.72,1.0169,0.7,1.0318,40
1580006225.538,0.71,1.0317,0.72,1.0201,40
1580006225.717,0.69,1.0474,0.73,1.0157,40
1580006225.895,0.7,1.0375,0.71,1.0211,40
1580006226.081,0.71,1.021,0.74,1.0199,40
1580006226.274,0.68,1.0593,0.71,1.0217,40
1580006226.466,0.68,1.0505,0.69,1.028,40
1580006226.663,0.71,1.0347,0.68,1.0654,40
1580006226.826,0.72,1.0178,0.65,1.0849,40
1580006227.016,0.66,1.0728,0.7,1.0295,41
1580006227.194,0.72,1.025,0.73,1.0147,41
1580006227.371,0.7,1.047,0.69,1.0514,41
1580006227.55,0.68,1.0652,0.69,1.057,41
1580006227.729,0.66,1.0852,0.69,1.0429,41
1580006227.907,0.71,1.0275,0.68,1.0373,41
1580006228.085,0.73,1.0113,0.71,1.0388,41
1580006228.266,0.73,1.0211,0.65,1.062,41
1580006228.446,0.67,1.0615,0.7,1.0488,41
1580006228.632,0.68,1.0598,0.7,1.0274,41
1580006228.81,0.73,1.0123,0.7,1.0338,41
1580006228.993,0.69,1.0513,0.7,1.0394,41
1580006229.173,0.69,1.0555,0.72,1.0347,41
1580006229.352,0.67,1.0703,0.71,1.0268,41
1580006229.51,0.74,1.0144,0.73,1.0137,41
1580006229.692,0.73,1.0206,0.71,1.037,42
1580006229.87,0.68,1.0555,0.66,1.0512,42
1580006230.056,0.68,1.056,0.71,1.0249,42
1580006230.237,0.7,1.0444,0.74,1.0097,42
1580006230.414,0.69,1.0534,0.73,1.0144,42
1580006230.592,0.73,1.0126,0.73,1.0308,42
1580006230.771,0.7,1.0367,0.75,1.0235,42
1580006230.954,0.71,1.0329,0.72,1.0182,42
1580006231.134,0.7,1.041,0.74,1.0211,42
1580006231.315,0.69,1.0436,0.72,1.0269,42
1580006231.493,0.72,1.0232,0.72,1.0256,42
1580006231.683,0.7,1.0431,0.68,1.0449,42
1580006231.861,0.7,1.0401,0.69,1.0413,42
1580006232.041,0.7,1.0447,0.69,1.0386,42
1580006232.2,0.73,1.0132,0.69,1.0288,42
1580006232.381,0.73,1.0139,0.7,1.0222,43
1580006232.559,0.7,1.0399,0.72,1.0099,43
1580006232.738,0.69,1.05,0.73,1.0105,43
1580006232.917,0.71,1.0293,0.74,1.0055,43
1580006233.101,0.68,1.058,0.73,1.011,43
1580006233.283,0.73,1.0115,0.7,1.0251,43
1580006233.468,0.74,1.0055,0.68,1.058,43
1580006233.649,0.69,1.044,0.7,1.0146,43
1580006233.83,0.7,1.0464,0.75,1.0045,43
1580006234.009,0.71,1.0301,0.73,1.0309,43
1580006234.196,0.71,1.0315,0.71,1.0401,43
1580006234.379,0.68,1.0629,0.73,1.0162,43
1580006234.559,0.71,1.0352,0.73,1.0149,43
1580006234.739,0.72,1.0268,0.67,1.0633,43
1580006234.898,0.73,1.0116,0.66,1.0814,43
1580006235.081,0.7,1.0415,0.68,1.0452,44
1580006235.26,0.72,1.0227,0.74,1.009,44
1580006235.439,0.71,1.0337,0.74,1.0084,44
1580006235.617,0.71,1.0338,0.72,1.0229,44
1580006235.799,0.68,1.0611,0.7,1.03,44
1580006235.978,0.73,1.0122,0.66,1.0462,44
1580006236.156,0.73,1.0159,0.68,1.0471,44
1580006236.335,0.72,1.0251,0.7,1.0396,44
1580006236.52,0.71,1.035,0.72,1.0331,44
1580006236.697,0.68,1.0507,0.72,1.0414,44
1580006236.88,0.72,1.0164,0.68,1.0532,44
1580006237.058,0.68,1.0634,0.7,1.0344,44
1580006237.243,0.7,1.0387,0.71,1.0207,44
1580006237.422,0.71,1.0308,0.72,1.0236,44
1580006237.581,0.72,1.0091,0.7,1.0301,44
1580006237.764,0.72,1.0218,0.69,1.0386,45
1580006237.943,0.72,1.0227,0.7,1.0346,45
1580006238.123,0.7,1.04,0.69,1.0296,45
1580006238.303,0.7,1.0456,0.74,1.0165,45
1580006238.481,0.68,1.0588,0.74,1.007,45
1580006238.671,0.75,0.9994,0.73,1.0107,45
1580006238.856,0.73,1.0108,0.7,1.0207,45
1580006239.038,0.71,1.027,0.73,1.0125,45
1580006239.218,0.69,1.0498,0.75,1.0018,45
1580006239.398,0.7,1.0365,0.72,1.0063,45
1580006239.577,0.74,1.0054,0.7,1.0352,45
1580006239.759,0.68,1.0628,0.68,1.04,45
1580006239.937,0.68,1.0578,0.72,1.0221,45
1580006240.115,0.73,1.0146,0.72,1.0332,45
1580006240.277,0.75,0.9933,0.68,1.0437,45
1580006240.465,0.7,1.0375,0.75,1.005,46
1580006240.646,0.72,1.026,0.73,1.0063,46
1580006240.829,0.71,1.0374,0.7,1.0209,46
1580006241.01,0.7,1.0419,0.71,1.0262,46
1580006241.19,0.68,1.0673,0.73,1.0082,46
1580006241.379,0.73,1.0115,0.7,1.0291,46
1580006241.558,0.74,1.0049,0.71,1.0453,46
1580006241.741,0.72,1.0182,0.72,1.0338,46
1580006241.921,0.69,1.0571,0.7,1.0225,46
1580006242.098,0.71,1.0334,0.73,1.0099,46
1580006242.279,0.73,1.0105,0.74,1.004,46
1580006242.457,0.69,1.05,0.73,1.0158,46
1580006242.637,0.68,1.0677,0.71,1.023,46
1580006242.816,0.68,1.0579,0.69,1.0463,46
1580006242.977,0.75,0.9918,0.65,1.103,46
1580006243.159,0.69,1.0508,0.59,1.1288,47
1580006243.339,0.66,1.0794,0.66,1.0783,47
1580006243.519,0.67,1.0801,0.72,1.0294,47
1580006243.709,0.71,1.0328,0.72,1.0249,47
1580006243.888,0.7,1.0443,0.69,1.0308,47
1580006244.068,0.7,1.0396,0.69,1.0461,47
1580006244.248,0.69,1.0485,0.71,1.034,47
1580006244.437,0.68,1.053,0.71,1.0261,47
1580006244.617,0.69,1.0429,0.71,1.0329,47
1580006244.795,0.72,1.0224,0.69,1.0516,47
1580006244.973,0.7,1.0364,0.66,1.0626,47
1580006245.155,0.66,1.0736,0.69,1.0516,47
1580006245.338,0.68,1.057,0.73,1.0238,47
1580006245.516,0.71,1.0247,0.72,1.0238,47
1580006245.678,0.74,0.9965,0.71,1.0231,47
1580006245.857,0.72,1.0161,0.72,1.0188,48
1580006246.039,0.73,1.0184,0.72,1.0174,48
1580006246.22,0.7,1.0351,0.72,1.0217,48
1580006246.403,0.71,1.0266,0.73,1.0166,48
1580006246.587,0.7,1.0438,0.74,1.0029,48
1580006246.767,0.76,0.9897,0.74,0.9983,48
1580006246.948,0.74,0.9982,0.76,0.9995,48
1580006247.129,0.73,1.011,0.75,0.9991,48
1580006247.307,0.71,1.0338,0.72,1.0048,48
1580006247.489,0.71,1.0238,0.73,1.0123,48
1580006247.666,0.74,0.9973,0.73,1.0098,48
1580006247.844,0.7,1.0346,0.73,1.0129,48
1580006248.023,0.72,1.0236,0.73,1.0026,48
1580006248.205,0.73,1.0113,0.72,1.0133,48
1580006248.363,0.76,0.9796,0.71,1.0204,48
1580006248.55,0.75,0.9954,0.72,1.007,49
1580006248.728,0.73,1.0063,0.72,1.0059,49
1580006248.905,0.72,1.0278,0.74,0.9994,49
1580006249.083,0.73,1.0145,0.74,0.995,49
1580006249.265,0.71,1.0295,0.72,1.0047,49
1580006249.444,0.75,0.9885,0.72,1.0062,49
1580006249.623,0.74,1.0027,0.73,1.0021,49
1580006249.803,0.74,1.0044,0.74,1.0028,49
1580006249.98,0.73,1.0143,0.74,1.006,49
1580006250.158,0.72,1.0172,0.74,1.0135,49
1580006250.339,0.72,1.0181,0.72,1.0153,49
1580006250.519,0.71,1.0265,0.73,1.0088,49
1580006250.7,0.73,1.015,0.74,1.0059,49
1580006250.882,0.7,1.0377,0.73,1.0013,49
1580006251.042,0.75,0.9928,0.73,1.0173,49
1580006251.223,0.76,0.9882,0.68,1.0484,50
1580006251.406,0.7,1.0392,0.69,1.0546,50
1580006251.591,0.67,1.076,0.73,1.0215,50
1580006251.775,0.71,1.0374,0.73,1.0096,50
1580006251.954,0.71,1.0321,0.68,1.0348,50
1580006252.133,0.75,0.989,0.7,1.0294,50
1580006252.312,0.73,1.0143,0.7,1.0364,50
1580006252.491,0.72,1.0246,0.71,1.0342,50
1580006252.668,0.72,1.027,0.7,1.0418,50
1580006252.848,0.73,1.0195,0.68,1.0478,50
1580006253.028,0.74,1.0013,0.7,1.038,50
1580006253.207,0.7,1.0372,0.72,1.0206,50
1580006253.386,0.71,1.0285,0.73,1.019,50
1580006253.564,0.73,1.0189,0.72,1.0196,50
1580006253.726,0.77,0.9778,0.72,1.0317,50
1580006253.907,0.74,1.0024,0.71,1.0355,51
1580006254.085,0.73,1.0154,0.68,1.0338,51
1580006254.266,0.72,1.0183,0.73,1.0082,51
1580006254.447,0.74,1.0022,0.76,0.9975,51
1580006254.629,0.72,1.031,0.75,0.9963,51
1580006254.811,0.75,0.9916,0.72,1.0013,51
1580006254.991,0.75,0.9928,0.72,1.0082,51
1580006255.172,0.74,1.0035,0.74,1.0074,51
1580006255.352,0.73,1.0134,0.7,1.0239,51
1580006255.531,0.71,1.0311,0.72,1.0353,51
1580006255.719,0.75,0.9922,0.72,1.0329,51
1580006255.897,0.72,1.0181,0.72,1.0161,51
1580006256.077,0.72,1.0197,0.73,0.9951,51
1580006256.256,0.72,1.018,0.74,1.0024,51
1580006256.417,0.78,0.9658,0.71,1.0253,51
1580006256.597,0.76,0.9887,0.73,1.0176,52
1580006256.778,0.75,0.9965,0.73,1.0099,52
1580006256.959,0.74,1.0042,0.7,1.0156,52
1580006257.145,0.75,1.0035,0.74,0.9992,52
1580006257.325,0.73,1.0164,0.74,0.99,52
1580006257.504,0.77,0.9689,0.74,0.9884,52
1580006257.685,0.75,0.9938,0.76,0.9882,52
1580006257.865,0.74,0.9987,0.73,0.9867,52
1580006258.046,0.74,1.0045,0.76,0.993,52
1580006258.229,0.73,1.0092,0.71,1.0264,52
1580006258.411,0.75,0.982,0.68,1.0466,52
1580006258.59,0.72,1.0205,0.7,1.0281,52
1580006258.783,0.73,1.0136,0.77,0.9754,52
1580006258.964,0.73,1.013,0.75,0.9795,52
1580006259.126,0.75,0.9871,0.74,0.982,52
1580006259.308,0.75,0.992,0.68,1.0479,53
1580006259.488,0.74,1.0028,0.67,1.0657,53
1580006259.668,0.7,1.0372,0.67,1.0593,53
1580006259.856,0.73,1.0157,0.71,1.0222,53
1580006260.039,0.73,1.0202,0.73,1.0268,53
1580006260.22,0.74,0.9995,0.69,1.0429,53
1580006260.405,0.73,1.0049,0.69,1.0443,53
1580006260.585,0.71,1.0291,0.72,1.0387,53
1580006260.767,0.69,1.0434,0.73,1.0294,53
1580006260.949,0.7,1.0341,0.73,1.0278,53
1580006261.129,0.74,1.0003,0.68,1.0384,53
1580006261.308,0.72,1.0248,0.71,1.0295,53
1580006261.487,0.7,1.0368,0.72,1.0301,53
1580006261.674,0.73,1.0186,0.71,1.0296,53
1580006261.837,0.77,0.9767,0.73,1.0224,53
1580006262.02,0.75,0.9896,0.75,0.9972,54
1580006262.201,0.73,1.0101,0.74,1.0056,54
1580006262.381,0.7,1.0441,0.75,0.9976,54
1580006262.559,0.74,1.0059,0.71,1.0141,54
1580006262.738,0.72,1.022,0.69,1.0301,54
1580006262.921,0.74,1.0009,0.71,1.0178,54
1580006263.1,0.72,1.017,0.74,1.0027,54
1580006263.281,0.74,1.0019,0.76,0.9944,54
1580006263.462,0.72,1.0189,0.76,1.0035,54
1580006263.644,0.71,1.0281,0.75,1.003,54
1580006263.827,0.73,1.0133,0.76,0.9955,54
1580006264.009,0.73,1.0183,0.72,1.0236,54
1580006264.191,0.72,1.0214,0.71,1.0265,54
1580006264.375,0.72,1.0214,0.7,1.0217,54
1580006264.534,0.74,0.9944,0.69,1.0168,54
1580006264.717,0.76,0.9859,0.76,0.9982,55
1580006264.897,0.75,0.9924,0.72,1.0128,55
1580006265.075,0.71,1.0353,0.73,1.012,55
1580006265.256,0.71,1.0304,0.72,1.0083,55
1580006265.436,0.71,1.0332,0.72,1.0011,55
1580006265.615,0.76,0.9805,0.75,1.0036,55
1580006265.798,0.75,0.9917,0.72,1.0213,55
1580006265.986,0.73,1.015,0.71,1.0336,55
1580006266.167,0.7,1.0331,0.71,1.0315,55
1580006266.348,0.71,1.0283,0.72,1.0243,55
1580006266.527,0.76,0.9854,0.72,1.0207,55
1580006266.707,0.73,1.0117,0.72,1.0213,55
1580006266.894,0.7,1.0304,0.72,1.0187,55
1580006267.073,0.73,1.0125,0.69,1.0411,55
1580006267.236,0.78,0.9664,0.66,1.0629,55
1580006267.418,0.76,0.9875,0.67,1.0532,56
1580006267.598,0.76,0.995,0.69,1.0326,56
1580006267.778,0.74,1.0047,0.72,1.0233,56
1580006267.958,0.75,0.9952,0.72,1.026,56
1580006268.136,0.73,1.0144,0.73,1.0118,56
1580006268.316,0.78,0.9703,0.74,0.9967,56
1580006268.495,0.76,0.9849,0.74,1.0029,56
1580006268.684,0.75,0.9966,0.74,1.0079,56
1580006268.864,0.73,1.0081,0.71,1.0128,56
1580006269.055,0.73,1.009,0.72,1.0093,56
1580006269.239,0.77,0.9779,0.74,1.0052,56
1580006269.421,0.74,1.0065,0.75,0.9983,56
1580006269.603,0.74,1.0073,0.77,0.9755,56
1580006269.785,0.74,1.0005,0.75,0.9782,56
1580006269.944,0.79,0.9604,0.75,0.988,56
1580006270.128,0.77,0.9748,0.73,1.017,57
1580006270.308,0.76,0.9884,0.73,1.0204,57
1580006270.497,0.74,1.0007,0.71,1.0145,57
1580006270.68,0.77,0.9845,0.74,1.0031,57
1580006270.86,0.74,1.0086,0.72,1.0064,57
1580006271.042,0.77,0.9727,0.74,1.0033,57
1580006271.224,0.77,0.9748,0.75,1.0016,57
1580006271.411,0.75,0.9957,0.72,1.0106,57
1580006271.592,0.72,1.021,0.73,1.0111,57
1580006271.773,0.73,1.0099,0.72,1.0165,57
1580006271.954,0.77,0.9742,0.72,1.0096,57
1580006272.142,0.72,1.0176,0.72,1.0085,57
1580006272.321,0.74,1.0054,0.73,1.0025,57
1580006272.503,0.75,0.9942,0.72,1.0374,57
1580006272.668,0.79,0.956,0.69,1.0393,57
1580006272.849,0.77,0.9741,0.74,1.0038,58
1580006273.03,0.77,0.9821,0.75,0.9906,58
1580006273.21,0.73,1.0029,0.73,0.9977,58
1580006273.391,0.75,0.9944,0.74,1.0088,58
1580006273.576,0.73,1.0058,0.74,1.0136,58
1580006273.759,0.77,0.9699,0.72,1.0114,58
1580006273.939,0.77,0.9811,0.74,1.0088,58
1580006274.121,0.75,0.9895,0.73,1.0133,58
1580006274.302,0.74,1.0118,0.74,1.0132,58
1580006274.484,0.73,1.0083,0.72,1.0107,58
1580006274.667,0.75,0.9899,0.74,1.0095,58
1580006274.85,0.73,1.0099,0.7,1.0252,58
1580006275.031,0.74,1.0033,0.72,1.0196,58
1580006275.217,0.74,1.0077,0.7,1.0253,58
1580006275.377,0.77,0.9696,0.72,1.0298,58
1580006275.559,0.76,0.9846,0.69,1.0504,59
1580006275.74,0.74,1.0051,0.71,1.0343,59
1580006275.921,0.73,1.0152,0.72,1.0116,59
1580006276.104,0.74,1.0031,0.75,0.9849,59
1580006276.301,0.73,1.0075,0.75,0.9963,59
1580006276.481,0.77,0.9687,0.72,1.0154,59
1580006276.66,0.76,0.9879,0.71,1.0309,59
1580006276.839,0.74,0.9943,0.71,1.0257,59
1580006277.019,0.74,1.0017,0.74,1.0057,59
1580006277.201,0.74,1.0023,0.75,1.0036,59
1580006277.38,0.74,0.997,0.75,1.0013,59
1580006277.561,0.72,1.0223,0.73,1.0117,59
1580006277.743,0.74,0.9992,0.72,1.012,59
1580006277.923,0.72,1.0146,0.67,1.0576,59
1580006278.083,0.77,0.9722,0.68,1.068,59
1580006278.265,0.76,0.9901,0.68,1.0673,60
1580006278.444,0.74,1.0004,0.69,1.0354,60
1580006278.624,0.73,1.0056,0.71,1.0035,60
1580006278.803,0.74,1.005,0.75,0.987,60
1580006278.981,0.72,1.0258,0.76,0.9825,60
1580006279.162,0.76,0.9802,0.74,1.0042,60
1580006279.349,0.77,0.9723,0.7,1.0395,60
1580006279.527,0.74,1.0027,0.68,1.0603,60
1580006279.706,0.73,1.0144,0.68,1.05,60
1580006279.89,0.72,1.0155,0.74,1.02,60
1580006280.083,0.76,0.983,0.74,1.0095,60
1580006280.277,0.73,1.0081,0.74,1.0102,60
1580006280.457,0.72,1.0139,0.74,1.0058,60
1580006280.637,0.73,1.0138,0.76,1.0001,60
1580006280.798,0.77,0.9701,0.7,1.0283,60
1580006280.982,0.78,0.9703,0.65,1.0791,61
1580006281.165,0.76,0.9876,0.65,1.0863,61
1580006281.343,0.7,1.0321,0.67,1.0707,61
1580006281.524,0.72,1.025,0.7,1.0369,61
1580006281.704,0.73,1.016,0.75,0.9909,61
1580006281.884,0.78,0.9694,0.77,0.9759,61
1580006282.063,0.74,1.0051,0.74,0.9869,61
1580006282.243,0.73,1.01,0.71,1.0187,61
1580006282.431,0.72,1.022,0.74,1.0045,61
1580006282.61,0.73,1.0075,0.75,1.0033,61
1580006282.789,0.78,0.9661,0.69,1.039,61
1580006282.97,0.72,1.0215,0.69,1.0426,61
1580006283.149,0.72,1.0212,0.73,1.0086,61
1580006283.335,0.74,1.0046,0.74,1.0007,61
1580006283.497,0.78,0.9648,0.72,1.0005,61
1580006283.681,0.75,0.9895,0.72,1.0114,62
1580006283.861,0.76,0.9902,0.7,1.0247,62
1580006284.041,0.75,0.9953,0.69,1.0446,62
1580006284.227,0.73,1.0096,0.73,1.0137,62
1580006284.409,0.73,1.0145,0.73,0.9985,62
1580006284.589,0.78,0.9648,0.73,1.0034,62
1580006284.771,0.76,0.9846,0.73,1.0081,62
1580006284.953,0.74,0.999,0.73,1.0081,62
1580006285.136,0.73,1.0078,0.73,1.0126,62
1580006285.318,0.74,1.0008,0.72,1.023,62
1580006285.506,0.75,0.9935,0.73,1.0082,62
1580006285.688,0.72,1.0177,0.74,1.0143,62
1580006285.867,0.75,0.9982,0.72,1.0208,62
1580006286.049,0.72,1.0148,0.73,1.0235,62
1580006286.223,0.79,0.9586,0.69,1.048,62
1580006286.437,0.78,0.9633,0.67,1.0615,63
1580006286.631,0.76,0.9842,0.67,1.0634,63
1580006286.816,0.75,0.9911,0.7,1.0405,63
1580006286.999,0.75,0.9961,0.73,1.0136,63
1580006287.183,0.74,1.012,0.75,0.9937,63
1580006287.363,0.75,0.9879,0.77,0.993,63
1580006287.55,0.74,0.9998,0.72,1.01,63
1580006287.731,0.75,0.9909,0.7,1.0388,63
1580006287.913,0.74,1.0005,0.64,1.0841,63
1580006288.093,0.71,1.028,0.67,1.0684,63
1580006288.278,0.75,0.999,0.75,1.0019,63
1580006288.462,0.74,1.006,0.79,0.9672,63
1580006288.653,0.74,1.0026,0.77,0.9844,63
1580006288.833,0.73,1.0115,0.76,0.9885,63
1580006288.995,0.78,0.9707,0.73,1.0017,63
1580006289.18,0.77,0.974,0.68,1.0442,64
1580006289.36,0.76,0.9868,0.66,1.0667,64
1580006289.541,0.73,1.0078,0.64,1.0637,64
1580006289.724,0.72,1.0195,0.73,1.0047,64
1580006289.904,0.74,1.0089,0.78,0.9793,64
1580006290.085,0.77,0.9782,0.73,1.0112,64
1580006290.263,0.72,1.0186,0.72,1.0139,64
1580006290.443,0.72,1.0251,0.73,1.0066,64
1580006290.63,0.71,1.025,0.72,1.0186,64
1580006290.81,0.74,1.0017,0.65,1.0806,64
1580006290.989,0.73,1.0035,0.64,1.0993,64
1580006291.169,0.68,1.0559,0.66,1.075,64
1580006291.352,0.71,1.0255,0.7,1.0292,64
1580006291.538,0.74,1.0033,0.73,1.0052,64
1580006291.706,0.78,0.9667,0.73,1.0101,64
1580006291.886,0.71,1.0254,0.73,1.003,65
1580006292.064,0.73,1.01,0.76,0.9955,65
1580006292.244,0.73,1.0123,0.72,1.0187,65
1580006292.425,0.76,0.9872,0.7,1.0377,65
1580006292.607,0.71,1.0271,0.71,1.0384,65
1580006292.787,0.75,0.9865,0.7,1.0288,65
1580006292.965,0.76,0.9771,0.74,1.0112,65
1580006293.145,0.75,0.9886,0.71,1.02,65
1580006293.323,0.73,1.0128,0.72,1.021,65
1580006293.502,0.69,1.0463,0.74,1.0123,65
1580006293.687,0.74,1.0,0.74,1.0099,65
1580006293.864,0.74,1.0029,0.73,1.0227,65
1580006294.047,0.75,0.9959,0.69,1.0348,65
1580006294.228,0.73,1.0114,0.72,1.0263,65
1580006294.39,0.79,0.956,0.74,1.0027,65
1580006294.573,0.78,0.9646,0.75,0.9987,66
1580006294.759,0.77,0.9741,0.74,0.9981,66
1580006294.937,0.75,0.9931,0.76,0.9994,66
1580006295.12,0.76,0.9809,0.72,1.0145,66
1580006295.3,0.73,1.005,0.71,1.017,66
1580006295.479,0.78,0.9647,0.75,0.9904,66
1580006295.66,0.77,0.9707,0.74,0.996,66
1580006295.84,0.77,0.974,0.74,1.0191,66
1580006296.02,0.75,0.9942,0.68,1.0357,66
1580006296.199,0.72,1.0186,0.74,1.0036,66
1580006296.377,0.77,0.9691,0.75,0.9865,66
1580006296.559,0.76,0.9845,0.71,1.0108,66
1580006296.748,0.76,0.9847,0.71,1.0158,66
1580006296.927,0.74,0.9975,0.71,1.0149,66
1580006297.086,0.8,0.9423,0.74,1.0004,66
1580006297.267,0.79,0.9546,0.75,0.9902,67
1580006297.446,0.78,0.964,0.76,0.9784,67
1580006297.625,0.76,0.9843,0.75,0.9826,67
1580006297.811,0.77,0.9808,0.77,0.9854,67
1580006297.989,0.76,0.9856,0.75,0.9974,67
1580006298.169,0.78,0.9605,0.77,0.9857,67
1580006298.356,0.76,0.9861,0.75,0.9827,67
1580006298.537,0.77,0.9743,0.75,0.9939,67
1580006298.726,0.76,0.9849,0.71,1.0499,67
1580006298.909,0.73,1.0095,0.7,1.0481,67
1580006299.087,0.76,0.982,0.74,1.0053,67
1580006299.269,0.75,0.9899,0.73,1.0096,67
1580006299.448,0.76,0.9841,0.72,1.026,67
1580006299.626,0.74,1.007,0.69,1.0467,67
1580006299.786,0.77,0.9794,0.74,0.9961,67
1580006299.97,0.78,0.9593,0.76,0.9825,68
1580006300.149,0.78,0.9636,0.75,0.9907,68
1580006300.326,0.75,0.9965,0.75,0.9907,68
1580006300.511,0.74,0.9959,0.77,0.9829,68
1580006300.69,0.75,0.9986,0.76,0.9779,68
1580006300.871,0.8,0.9462,0.76,0.9752,68
1580006301.054,0.77,0.9777,0.76,0.974,68
1580006301.234,0.74,0.9943,0.78,0.9728,68
1580006301.416,0.74,0.9974,0.77,0.9737,68
1580006301.597,0.76,0.9879,0.74,1.0035,68
1580006301.776,0.79,0.9601,0.71,1.0481,68
1580006301.959,0.7,1.0339,0.73,1.0315,68
1580006302.139,0.73,1.0152,0.75,0.9911,68
1580006302.319,0.76,0.9845,0.75,0.9983,68
1580006302.479,0.81,0.9391,0.66,1.0579,68
1580006302.657,0.75,0.9963,0.67,1.0496,69
1580006302.839,0.74,1.0055,0.73,0.9989,69
1580006303.019,0.75,0.9963,0.76,0.9823,69
1580006303.198,0.76,0.9857,0.73,1.0011,69
1580006303.379,0.74,1.0033,0.76,0.9992,69
1580006303.558,0.78,0.9667,0.76,0.9953,69
1580006303.737,0.77,0.9749,0.73,0.9996,69
1580006303.915,0.76,0.985,0.7,1.0108,69
1580006304.094,0.74,0.9935,0.7,1.0162,69
1580006304.276,0.74,1.0057,0.72,1.0148,69
1580006304.457,0.76,0.9793,0.73,1.0033,69
1580006304.637,0.74,0.9979,0.72,0.9999,69
1580006304.817,0.76,0.9817,0.72,1.0201,69
1580006305.004,0.75,0.9941,0.7,1.0328,69
1580006305.165,0.78,0.9677,0.72,1.0219,69
1580006305.345,0.76,0.9856,0.72,1.024,70
1580006305.527,0.78,0.9709,0.72,1.0138,70
1580006305.706,0.77,0.9764,0.74,1.0056,70
1580006305.884,0.76,0.9863,0.74,1.0088,70
1580006306.066,0.74,1.0064,0.75,0.9984,70
1580006306.246,0.8,0.9475,0.75,0.9918,70
1580006306.425,0.78,0.9606,0.73,1.0027,70
1580006306.607,0.77,0.9697,0.74,1.0076,70
1580006306.794,0.76,0.9828,0.72,1.0245,70
1580006306.977,0.76,0.9905,0.72,1.0192,70
1580006307.157,0.78,0.9627,0.72,1.0047,70
1580006307.339,0.75,0.992,0.73,0.9972,70
1580006307.518,0.78,0.9697,0.77,0.9845,70
1580006307.697,0.77,0.9793,0.75,0.9885,70
1580006307.858,0.81,0.941,0.74,1.0004,70
1580006308.039,0.79,0.9584,0.74,0.9989,71
1580006308.222,0.79,0.9577,0.76,1.0018,71
1580006308.406,0.77,0.9742,0.76,0.993,71
1580006308.589,0.77,0.9765,0.75,0.9949,71
1580006308.772,0.77,0.9792,0.77,0.989,71
1580006308.951,0.81,0.9352,0.77,0.98,71
1580006309.135,0.78,0.9652,0.76,0.985,71
1580006309.316,0.76,0.9814,0.77,0.9824,71
1580006309.501,0.76,0.9862,0.75,0.9886,71
1580006309.681,0.76,0.9851,0.74,0.9995,71
1580006309.862,0.79,0.9551,0.73,1.0132,71
1580006310.042,0.75,0.9877,0.73,1.0296,71
1580006310.22,0.75,0.9915,0.7,1.0194,71
1580006310.398,0.76,0.981,0.78,0.983,71
1580006310.557,0.82,0.9322,0.74,0.9912,71
1580006310.737,0.8,0.946,0.7,1.0267,72
1580006310.917,0.78,0.9664,0.69,1.0362,72
1580006311.098,0.75,0.9927,0.72,1.0097,72
1580006311.277,0.78,0.9678,0.78,0.975,72
1580006311.456,0.77,0.9745,0.76,0.9821,72
1580006311.634,0.8,0.9388,0.74,0.9874,72
1580006311.811,0.79,0.9559,0.74,0.9945,72
1580006311.989,0.78,0.9637,0.74,0.9998,72
1580006312.173,0.77,0.9762,0.76,0.9928,72
1580006312.354,0.78,0.971,0.76,0.9932,72
1580006312.536,0.79,0.9528,0.77,0.9842,72
1580006312.717,0.76,0.9864,0.76,0.9768,72
1580006312.896,0.77,0.9711,0.75,0.9905,72
1580006313.075,0.77,0.9698,0.73,1.0171,72
1580006313.236,0.82,0.9326,0.72,1.0133,72
1580006313.416,0.8,0.9469,0.77,0.9846,73
1580006313.594,0.8,0.9467,0.74,0.9936,73
1580006313.771,0.77,0.9768,0.74,1.0026,73
1580006313.951,0.77,0.9753,0.74,1.0065,73
1580006314.131,0.77,0.9832,0.75,0.9947,73
1580006314.309,0.82,0.9284,0.75,0.9898,73
1580006314.488,0.78,0.96,0.77,0.9927,73
1580006314.67,0.77,0.9733,0.74,1.0041,73
1580006314.847,0.76,0.9807,0.77,1.0025,73
1580006315.027,0.76,0.984,0.72,1.015,73
1580006315.208,0.79,0.9549,0.71,1.0239,73
1580006315.388,0.77,0.9794,0.71,1.0278,73
1580006315.565,0.77,0.9772,0.74,1.0122,73
1580006315.744,0.77,0.9683,0.75,0.9838,73
1580006315.904,0.81,0.9313,0.77,0.9763,73
1580006316.087,0.8,0.95,0.76,0.9861,74
1580006316.275,0.8,0.946,0.72,1.0091,74
1580006316.454,0.78,0.9678,0.72,1.017,74
1580006316.633,0.78,0.9676,0.73,1.0099,74
1580006316.812,0.77,0.9763,0.73,1.0054,74
1580006317.014,0.82,0.9211,0.74,1.0009,74
1580006317.195,0.79,0.9541,0.74,0.9995,74
1580006317.397,0.78,0.9656,0.77,0.9885,74
1580006317.577,0.77,0.9766,0.74,0.9975,74
1580006317.759,0.77,0.9745,0.73,1.0119,74
1580006317.943,0.8,0.9454,0.71,1.0326,74
1580006318.132,0.76,0.9868,0.7,1.0281,74
1580006318.316,0.77,0.9708,0.72,1.0117,74
1580006318.493,0.78,0.9612,0.72,1.0026,74
1580006318.661,0.82,0.9232,0.72,1.0126,74
1580006318.843,0.8,0.948,0.73,1.0111,75
1580006319.023,0.8,0.9463,0.74,1.0064,75
1580006319.201,0.78,0.9665,0.7,1.0209,75
1580006319.386,0.79,0.9579,0.72,1.0186,75
1580006319.566,0.77,0.9728,0.73,1.0069,75
1580006319.744,0.82,0.9255,0.73,1.0111,75
1580006319.926,0.79,0.9519,0.71,1.0276,75
1580006320.107,0.79,0.9597,0.71,1.0237,75
1580006320.289,0.76,0.9812,0.74,1.0127,75
1580006320.467,0.76,0.9792,0.74,1.0084,75
1580006320.646,0.79,0.9518,0.72,1.0273,75
1580006320.824,0.78,0.9704,0.68,1.0509,75
1580006321.002,0.76,0.9878,0.7,1.0377,75
1580006321.182,0.78,0.9691,0.74,1.0064,75
1580006321.342,0.83,0.9199,0.72,1.0084,75
1580006321.523,0.8,0.9449,0.73,1.0202,76
1580006321.711,0.79,0.9615,0.71,1.0115,76
1580006321.891,0.78,0.9669,0.69,1.0221,76
1580006322.074,0.8,0.9515,0.71,1.0285,76
1580006322.255,0.77,0.9762,0.69,1.0336,76
1580006322.441,0.82,0.9243,0.76,1.0074,76
1580006322.621,0.8,0.9504,0.7,1.0209,76
1580006322.801,0.79,0.9538,0.71,1.0404,76
1580006322.98,0.78,0.9738,0.69,1.0472,76
1580006323.158,0.75,0.9893,0.71,1.0317,76
1580006323.337,0.77,0.9694,0.72,1.0181,76
1580006323.518,0.77,0.9766,0.69,1.0287,76
1580006323.695,0.77,0.9697,0.69,1.0418,76
1580006323.874,0.76,0.9822,0.68,1.0577,76
1580006324.035,0.79,0.9485,0.7,1.0364,76
1580006324.216,0.78,0.9638,0.74,1.0131,77
1580006324.398,0.81,0.9405,0.73,1.012,77
1580006324.576,0.74,0.9942,0.74,1.0027,77
1580006324.755,0.74,0.9994,0.78,0.9786,77
1580006324.933,0.77,0.9792,0.75,0.9866,77
1580006325.115,0.82,0.9237,0.69,1.025,77
1580006325.298,0.76,0.9781,0.7,1.0293,77
1580006325.479,0.76,0.9805,0.74,1.0115,77
1580006325.66,0.77,0.9746,0.74,1.0013,77
1580006325.842,0.78,0.9651,0.73,1.0068,77
1580006326.024,0.79,0.9549,0.72,1.0091,77
1580006326.204,0.74,0.9995,0.75,1.0016,77
1580006326.388,0.75,0.9875,0.74,0.9957,77
1580006326.573,0.77,0.9789,0.71,1.022,77
1580006326.733,0.82,0.9207,0.67,1.0625,77
1580006326.916,0.78,0.9654,0.68,1.0607,78
1580006327.097,0.75,0.9854,0.71,1.0374,78
1580006327.277,0.76,0.9876,0.7,1.0243,78
1580006327.46,0.78,0.9665,0.73,1.0063,78
1580006327.638,0.76,0.9814,0.73,1.003,78
1580006327.819,0.79,0.9482,0.73,1.0012,78
1580006327.998,0.78,0.966,0.74,0.9935,78
1580006328.177,0.79,0.9543,0.73,1.0034,78
1580006328.366,0.79,0.9552,0.71,1.0283,78
1580006328.545,0.77,0.971,0.7,1.0347,78
1580006328.737,0.78,0.9624,0.72,1.0178,78
1580006328.92,0.77,0.9769,0.75,0.9994,78
1580006329.103,0.79,0.9564,0.75,0.9872,78
1580006329.285,0.77,0.9686,0.75,0.992,78
1580006329.444,0.82,0.9285,0.75,1.0126,78
1580006329.634,0.81,0.9357,0.7,1.0412,79
1580006329.813,0.8,0.9425,0.7,1.0428,79
1580006329.994,0.78,0.9678,0.72,1.0246,79
1580006330.18,0.79,0.9591,0.7,1.0138,79
1580006330.363,0.78,0.9653,0.72,0.9972,79
1580006330.544,0.82,0.9206,0.74,0.996,79
1580006330.728,0.79,0.9484,0.72,1.0074,79
1580006330.907,0.79,0.9522,0.69,1.0366,79
1580006331.087,0.78,0.9662,0.7,1.0347,79
1580006331.271,0.78,0.9687,0.73,1.0136,79
1580006331.45,0.8,0.9409,0.71,1.0329,79
1580006331.633,0.77,0.9713,0.7,1.0428,79
1580006331.812,0.77,0.9752,0.73,1.0154,79
1580006331.992,0.78,0.9599,0.72,1.0197,79
1580006332.152,0.83,0.9132,0.73,1.0078,79
1580006332.332,0.81,0.9407,0.72,1.0095,80
1580006332.511,0.81,0.9337,0.73,1.0045,80
1580006332.703,0.78,0.9611,0.75,0.9967,80
1580006332.882,0.79,0.9595,0.76,0.9942,80
1580006333.061,0.78,0.9654,0.73,1.0009,80
1580006333.239,0.83,0.915,0.75,0.9964,80
1580006333.42,0.79,0.9486,0.76,0.9941,80
1580006333.602,0.79,0.9484,0.74,1.004,80
1580006333.784,0.79,0.954,0.72,1.0099,80
1580006333.964,0.79,0.9568,0.73,1.0074,80
1580006334.143,0.8,0.943,0.73,1.0089,80
1580006334.322,0.78,0.9636,0.71,1.0192,80
1580006334.5,0.78,0.9601,0.71,1.024,80
1580006334.679,0.78,0.9617,0.71,1.0265,80
1580006334.839,0.83,0.9201,0.67,1.0456,80
1580006335.023,0.81,0.9348,0.69,1.0404,81
1580006335.205,0.81,0.94,0.71,1.0255,81
1580006335.387,0.79,0.9605,0.76,0.9971,81
1580006335.567,0.79,0.9578,0.72,1.0062,81
1580006335.751,0.78,0.9682,0.73,0.9978,81
1580006335.93,0.83,0.9131,0.74,1.008,81
1580006336.109,0.8,0.9457,0.71,1.018,81
1580006336.288,0.79,0.9546,0.71,1.0213,81
1580006336.467,0.78,0.9584,0.75,1.0022,81
1580006336.646,0.79,0.9585,0.75,0.9964,81
1580006336.83,0.81,0.9401,0.72,1.0141,81
1580006337.011,0.77,0.9725,0.7,1.0243,81
1580006337.19,0.77,0.9738,0.71,1.0176,81
1580006337.372,0.78,0.9636,0.69,1.0377,81
1580006337.532,0.83,0.9179,0.69,1.0523,81
1580006337.72,0.8,0.9464,0.71,1.0262,82
1580006337.899,0.8,0.9396,0.73,1.0039,82
1580006338.08,0.79,0.9564,0.73,1.0034,82
1580006338.26,0.79,0.956,0.75,1.0032,82
1580006338.44,0.77,0.9793,0.73,1.001,82
1580006338.62,0.82,0.9205,0.75,0.9849,82
1580006338.798,0.79,0.9516,0.72,1.0048,82
1580006338.976,0.79,0.9573,0.71,1.0289,82
1580006339.156,0.78,0.9623,0.71,1.0376,82
1580006339.339,0.77,0.9703,0.71,1.0231,82
1580006339.519,0.79,0.95,0.74,0.9926,82
1580006339.697,0.77,0.9732,0.75,0.9941,82
1580006339.885,0.77,0.9768,0.74,0.9968,82
1580006340.078,0.76,0.9777,0.71,1.0294,82
1580006340.25,0.83,0.9154,0.68,1.0504,82
1580006340.434,0.79,0.9556,0.7,1.0466,83
1580006340.615,0.78,0.9559,0.71,1.0201,83
1580006340.799,0.78,0.9677,0.74,0.9927,83
1580006340.979,0.79,0.9549,0.77,0.9816,83
1580006341.163,0.77,0.9728,0.75,1.0008,83
1580006341.344,0.81,0.9362,0.74,1.0072,83
1580006341.526,0.79,0.9507,0.73,1.0054,83
1580006341.708,0.79,0.953,0.72,1.0208,83
1580006341.888,0.79,0.9543,0.72,1.0255,83
1580006342.067,0.77,0.9676,0.7,1.0374,83
1580006342.248,0.78,0.9612,0.72,1.0236,83
1580006342.427,0.76,0.9832,0.72,1.0116,83
1580006342.607,0.78,0.9578,0.74,0.9968,83
1580006342.786,0.77,0.9722,0.75,0.9912,83
1580006342.952,0.78,0.954,0.74,0.9932,83
1580006343.133,0.8,0.9446,0.72,1.015,84
1580006343.312,0.81,0.9342,0.69,1.0451,84
1580006343.493,0.75,0.993,0.7,1.0383,84
1580006343.675,0.74,0.9965,0.72,1.0142,84
1580006343.857,0.78,0.9733,0.73,0.9987,84
1580006344.039,0.8,0.939,0.75,0.988,84
1580006344.224,0.76,0.9768,0.76,1.003,84
1580006344.406,0.76,0.9798,0.69,1.053,84
1580006344.587,0.75,0.9928,0.66,1.0661,84
1580006344.769,0.75,0.9939,0.69,1.0479,84
1580006344.951,0.79,0.9583,0.71,1.0348,84
1580006345.13,0.77,0.9761,0.7,1.0541,84
1580006345.311,0.75,0.9889,0.69,1.0516,84
1580006345.489,0.76,0.9829,0.7,1.0409,84
1580006345.65,0.82,0.9283,0.7,1.0325,84
1580006345.831,0.81,0.9378,0.72,1.0199,85
1580006346.016,0.81,0.9355,0.72,1.0226,85
1580006346.21,0.77,0.9739,0.72,1.0205,85
1580006346.406,0.78,0.9664,0.73,1.0018,85
1580006346.595,0.79,0.9595,0.74,0.9987,85
1580006346.78,0.82,0.9289,0.73,0.9892,85
1580006346.962,0.77,0.9697,0.75,0.9848,85
1580006347.141,0.78,0.962,0.73,1.004,85
1580006347.32,0.79,0.9523,0.72,1.0279,85
1580006347.505,0.77,0.974,0.71,1.0354,85
1580006347.686,0.78,0.9679,0.72,1.0194,85
1580006347.866,0.77,0.9748,0.71,1.0185,85
1580006348.048,0.79,0.9548,0.74,1.0129,85
1580006348.227,0.76,0.982,0.71,1.0233,85
1580006348.388,0.79,0.954,0.69,1.0473,85
1580006348.573,0.81,0.9379,0.68,1.0478,86
1580006348.753,0.79,0.9542,0.7,1.0366,86
1580006348.932,0.77,0.9782,0.71,1.0203,86
1580006349.119,0.77,0.972,0.78,0.9772,86
1580006349.3,0.78,0.9659,0.72,0.9986,86
1580006349.481,0.81,0.9296,0.73,0.9982,86
1580006349.659,0.78,0.9657,0.74,1.0001,86
1580006349.836,0.79,0.96,0.71,1.0289,86
1580006350.018,0.78,0.963,0.68,1.0476,86
1580006350.199,0.77,0.9755,0.69,1.0437,86
1580006350.382,0.79,0.9557,0.7,1.0349,86
1580006350.563,0.78,0.9704,0.72,1.019,86
1580006350.743,0.78,0.967,0.73,1.0091,86
1580006350.923,0.77,0.9732,0.72,1.0177,86
1580006351.083,0.8,0.9399,0.73,1.0138,86
1580006351.266,0.79,0.9524,0.69,1.0508,87
1580006351.446,0.8,0.9409,0.65,1.0838,87
1580006351.628,0.74,0.9965,0.68,1.0589,87
1580006351.808,0.74,1.0034,0.73,1.0182,87
1580006351.987,0.74,0.9975,0.72,1.008,87
1580006352.169,0.82,0.9234,0.7,1.0289,87
1580006352.349,0.76,0.9843,0.72,1.0287,87
1580006352.529,0.74,1.0009,0.68,1.0551,87
1580006352.709,0.74,0.9995,0.64,1.0915,87
1580006352.888,0.75,0.9891,0.61,1.1167,87
1580006353.068,0.76,0.9873,0.63,1.109,87
1580006353.256,0.71,1.0287,0.65,1.0803,87
1580006353.437,0.74,1.0055,0.69,1.0605,87
1580006353.619,0.76,0.9816,0.66,1.0794,87
1580006353.781,0.79,0.949,0.66,1.0845,87
1580006353.964,0.77,0.9737,0.66,1.0806,88
1580006354.147,0.76,0.9806,0.66,1.0831,88
1580006354.328,0.75,0.9934,0.68,1.0519,88
1580006354.508,0.77,0.9822,0.73,1.0231,88
1580006354.686,0.73,1.0098,0.69,1.0392,88
1580006354.867,0.78,0.9645,0.69,1.0438,88
1580006355.045,0.77,0.9795,0.72,1.025,88
1580006355.225,0.76,0.9803,0.71,1.0334,88
1580006355.405,0.74,0.9975,0.69,1.0553,88
1580006355.587,0.71,1.021,0.68,1.059,88
1580006355.768,0.76,0.9799,0.69,1.0478,88
1580006355.95,0.76,0.9818,0.69,1.0441,88
1580006356.13,0.75,0.9947,0.72,1.0275,88
1580006356.318,0.73,1.0146,0.72,1.0183,88
1580006356.476,0.8,0.9441,0.74,1.0048,88
1580006356.656,0.8,0.9444,0.74,1.005,89
1580006356.839,0.79,0.9515,0.74,1.0043,89
1580006357.023,0.77,0.9756,0.73,1.0136,89
1580006357.203,0.77,0.9736,0.72,1.0296,89
1580006357.383,0.77,0.9752,0.7,1.0257,89
1580006357.562,0.8,0.9452,0.71,1.0153,89
1580006357.743,0.78,0.9612,0.75,0.993,89
1580006357.922,0.78,0.9667,0.79,0.9698,89
1580006358.1,0.77,0.9662,0.77,0.9687,89
1580006358.282,0.76,0.9814,0.73,0.9927,89
1580006358.462,0.78,0.9614,0.71,1.0074,89
1580006358.649,0.76,0.9771,0.73,1.0143,89
1580006358.829,0.78,0.9672,0.73,1.0247,89
1580006359.009,0.78,0.9695,0.71,1.0387,89
1580006359.17,0.81,0.9296,0.73,1.0097,89
1580006359.353,0.81,0.9385,0.75,0.9925,90
1580006359.532,0.81,0.9394,0.75,0.9908,90
1580006359.714,0.77,0.9698,0.74,0.9989,90
1580006359.981,0.8,0.942,0.76,0.9893,90
1580006360.163,0.78,0.9639,0.76,0.9806,90
1580006360.347,0.82,0.9167,0.77,0.9744,90
1580006360.528,0.8,0.9415,0.77,0.9804,90
1580006360.712,0.8,0.947,0.72,1.0017,90
1580006360.892,0.78,0.9575,0.72,1.0063,90
1580006361.074,0.79,0.9619,0.74,1.0038,90
1580006361.257,0.81,0.9389,0.74,0.9993,90
1580006361.444,0.78,0.9637,0.74,1.0049,90
1580006361.623,0.79,0.959,0.74,1.0084,90
1580006361.805,0.78,0.9681,0.71,1.0189,90
1580006361.968,0.83,0.914,0.72,1.0212,90
1580006362.151,0.81,0.9286,0.7,1.0245,91
1580006362.331,0.81,0.9341,0.73,1.0094,91
1580006362.513,0.78,0.9604,0.72,0.9973,91
1580006362.694,0.8,0.9448,0.75,0.986,91
1580006362.877,0.79,0.9586,0.77,0.9737,91
1580006363.059,0.83,0.9098,0.78,0.9697,91
1580006363.242,0.8,0.9394,0.77,0.9696,91
1580006363.423,0.8,0.9431,0.74,0.9933,91
1580006363.607,0.8,0.9469,0.74,1.0075,91
1580006363.789,0.79,0.9607,0.73,1.0122,91
1580006363.971,0.8,0.9422,0.73,1.0036,91
1580006364.153,0.78,0.9592,0.76,0.9861,91
1580006364.333,0.8,0.9467,0.75,0.9872,91
1580006364.52,0.79,0.951,0.76,0.989,91
1580006364.68,0.84,0.9105,0.75,0.9947,91
1580006364.864,0.81,0.9292,0.75,0.997,92
1580006365.045,0.82,0.9222,0.76,0.9869,92
1580006365.228,0.79,0.9544,0.73,1.0039,92
1580006365.41,0.79,0.9531,0.76,0.9908,92
1580006365.591,0.8,0.9512,0.73,0.9924,92
1580006365.772,0.84,0.9018,0.74,0.9917,92
1580006365.954,0.81,0.9336,0.73,1.0026,92
1580006366.134,0.8,0.944,0.73,1.0109,92
1580006366.316,0.8,0.9434,0.7,1.0354,92
1580006366.503,0.79,0.9541,0.67,1.0633,92
1580006366.689,0.8,0.9437,0.68,1.0531,92
1580006366.871,0.78,0.9667,0.72,1.0138,92
1580006367.055,0.8,0.9469,0.75,0.9941,92
1580006367.237,0.79,0.9515,0.75,0.9897,92
1580006367.4,0.84,0.9074,0.75,0.9933,92
1580006367.598,0.82,0.9197,0.74,0.997,93
1580006367.78,0.82,0.9199,0.75,0.9967,93
1580006367.961,0.8,0.9468,0.75,0.9948,93
1580006368.142,0.81,0.938,0.76,0.9805,93
1580006368.325,0.79,0.9512,0.74,0.9814,93
1580006368.513,0.84,0.9017,0.78,0.9671,93
1580006368.696,0.81,0.9321,0.77,0.9742,93
1580006368.881,0.81,0.9415,0.75,0.9993,93
1580006369.062,0.81,0.9404,0.69,1.0341,93
1580006369.242,0.79,0.9541,0.7,1.0344,93
1580006369.422,0.81,0.9368,0.7,1.0344,93
1580006369.603,0.79,0.9527,0.71,1.0309,93
1580006369.785,0.78,0.9598,0.72,1.0168,93
1580006369.966,0.79,0.9556,0.74,1.0081,93
1580006370.127,0.84,0.9068,0.72,1.0216,93
1580006370.312,0.81,0.9294,0.68,1.0373,94
1580006370.493,0.82,0.9278,0.69,1.0282,94
1580006370.682,0.79,0.9537,0.74,1.0034,94
1580006370.865,0.81,0.9332,0.71,1.0093,94
1580006371.045,0.79,0.9512,0.74,0.9994,94
1580006371.225,0.84,0.9072,0.76,0.9879,94
1580006371.406,0.82,0.9283,0.74,1.0009,94
1580006371.589,0.81,0.9409,0.72,1.0121,94
1580006371.773,0.8,0.9431,0.7,1.0415,94
1580006371.955,0.8,0.9493,0.7,1.0496,94
1580006372.137,0.8,0.94,0.7,1.0435,94
1580006372.317,0.78,0.965,0.69,1.0364,94
1580006372.497,0.8,0.9437,0.71,1.0275,94
1580006372.679,0.78,0.9639,0.72,1.0187,94
1580006372.842,0.82,0.9261,0.71,1.0171,94
1580006373.023,0.82,0.9228,0.71,1.0218,95
1580006373.205,0.81,0.93,0.69,1.0433,95
1580006373.388,0.77,0.9788,0.72,1.0187,95
1580006373.568,0.77,0.975,0.76,0.9906,95
1580006373.756,0.79,0.9533,0.75,0.9883,95
1580006373.936,0.83,0.9196,0.73,1.0121,95
1580006374.117,0.78,0.9635,0.71,1.0178,95
1580006374.299,0.78,0.9615,0.73,1.0059,95
1580006374.481,0.8,0.9449,0.69,1.0502,95
1580006374.664,0.79,0.9537,0.65,1.0842,95
1580006374.85,0.78,0.9589,0.65,1.084,95
1580006375.031,0.76,0.9789,0.67,1.0636,95
1580006375.212,0.78,0.9612,0.71,1.0344,95
1580006375.393,0.79,0.9583,0.68,1.0513,95
1580006375.552,0.8,0.937,0.67,1.0646,95
1580006375.737,0.78,0.9651,0.68,1.0562,96
1580006375.92,0.8,0.9454,0.69,1.0527,96
1580006376.101,0.78,0.9637,0.68,1.0502,96
1580006376.281,0.77,0.9764,0.69,1.03,96
1580006376.458,0.75,0.9978,0.73,1.0031,96
1580006376.638,0.83,0.9159,0.73,1.0162,96
1580006376.821,0.8,0.9438,0.69,1.0449,96
1580006377.001,0.77,0.9745,0.69,1.0647,96
1580006377.18,0.74,1.0061,0.68,1.06,96
1580006377.368,0.72,1.0152,0.71,1.0337,96
1580006377.545,0.77,0.9755,0.68,1.0542,96
1580006377.725,0.76,0.9775,0.64,1.0872,96
1580006377.906,0.74,1.0039,0.65,1.0852,96
1580006378.092,0.74,1.0015,0.69,1.0552,96
1580006378.252,0.81,0.929,0.7,1.0371,96
1580006378.433,0.8,0.9394,0.71,1.0375,97
1580006378.618,0.79,0.9536,0.69,1.0444,97
1580006378.799,0.77,0.9745,0.66,1.0583,97
1580006378.981,0.78,0.9651,0.69,1.0399,97
1580006379.163,0.76,0.9822,0.69,1.0117,97
1580006379.343,0.82,0.921,0.75,0.9938,97
1580006379.524,0.8,0.9454,0.72,1.0199,97
1580006379.707,0.79,0.9552,0.7,1.0297,97
1580006379.893,0.78,0.9669,0.7,1.0306,97
1580006380.074,0.78,0.964,0.72,1.0082,97
1580006380.255,0.8,0.9389,0.76,0.9914,97
1580006380.436,0.77,0.9673,0.75,0.9916,97
1580006380.616,0.78,0.9624,0.76,0.9982,97
1580006380.795,0.79,0.9565,0.7,1.0239,97
1580006380.959,0.83,0.9167,0.71,1.0331,97
1580006381.143,0.8,0.946,0.7,1.0316,98
1580006381.323,0.81,0.9346,0.7,1.0275,98
1580006381.502,0.79,0.9597,0.72,1.0205,98
1580006381.693,0.8,0.9414,0.69,1.033,98
1580006381.876,0.78,0.9698,0.71,1.024,98
1580006382.056,0.81,0.9354,0.72,0.998,98
1580006382.237,0.79,0.9507,0.77,0.9722,98
1580006382.421,0.8,0.9403,0.73,1.01,98
1580006382.602,0.78,0.9577,0.69,1.0451,98
1580006382.78,0.78,0.9668,0.72,1.0337,98
1580006382.958,0.79,0.9551,0.73,1.0072,98
1580006383.136,0.79,0.9503,0.75,0.9878,98
1580006383.315,0.79,0.948,0.76,0.9862,98
1580006383.497,0.78,0.9615,0.73,1.0061,98
1580006383.657,0.82,0.9208,0.71,1.0193,98
1580006383.84,0.8,0.9407,0.73,1.0137,99
1580006384.026,0.82,0.9257,0.76,0.9956,99
1580006384.205,0.79,0.9483,0.74,1.0034,99
1580006384.385,0.8,0.9436,0.76,0.9923,99
1580006384.567,0.79,0.9636,0.76,0.9817,99
1580006384.749,0.85,0.8999,0.75,0.9902,99
1580006384.933,0.81,0.9351,0.74,1.0071,99
1580006385.115,0.78,0.963,0.73,1.0092,99
1580006385.296,0.79,0.9553,0.74,1.0033,99
1580006385.479,0.79,0.9548,0.69,1.0483,99
1580006385.657,0.82,0.9299,0.66,1.0668,99
1580006385.84,0.77,0.9704,0.7,1.0559,99
1580006386.02,0.77,0.9752,0.72,1.0269,99
1580006386.2,0.79,0.9593,0.74,1.0043,99
1580006386.36,0.84,0.9064,0.72,1.0153,99
