1580055227.335,0.25,1.3867,0.31,1.3835,0
1580055227.529,0.25,1.3865,0.31,1.3834,0
1580055227.704,0.25,1.3866,0.31,1.3834,0
1580055227.876,0.26,1.3859,0.31,1.383,0
1580055228.046,0.25,1.386,0.31,1.3828,0
1580055228.219,0.26,1.3858,0.31,1.3823,0
1580055228.39,0.23,1.3855,0.37,1.382,0
1580055228.467,0.37,1.3837,0.34,1.3808,0
1580055228.646,0.33,1.3833,0.37,1.3796,1
1580055228.817,0.37,1.3814,0.39,1.3786,1
1580055228.987,0.35,1.3797,0.39,1.3759,1
1580055229.157,0.36,1.377,0.4,1.3723,1
1580055229.327,0.37,1.3725,0.29,1.3707,1
1580055229.498,0.27,1.3742,0.41,1.3649,1
1580055229.681,0.38,1.3652,0.38,1.362,1
1580055229.759,0.37,1.3631,0.35,1.3597,1
1580055229.934,0.35,1.3587,0.36,1.3526,2
1580055230.105,0.36,1.3515,0.39,1.3449,2
1580055230.277,0.37,1.3447,0.4,1.334,2
1580055230.449,0.39,1.3419,0.41,1.3287,2
1580055230.62,0.38,1.3311,0.42,1.317,2
1580055230.792,0.42,1.3261,0.39,1.3142,2
1580055230.969,0.39,1.3315,0.39,1.3241,2
1580055231.044,0.38,1.3269,0.44,1.3029,2
1580055231.216,0.41,1.3137,0.44,1.3055,3
1580055231.388,0.42,1.316,0.43,1.3068,3
1580055231.559,0.42,1.3124,0.43,1.292,3
1580055231.738,0.4,1.3142,0.42,1.2869,3
1580055231.911,0.42,1.296,0.43,1.2851,3
1580055232.084,0.4,1.3083,0.48,1.2754,3
1580055232.254,0.44,1.2898,0.48,1.2798,3
1580055232.331,0.44,1.2861,0.47,1.2828,3
1580055232.503,0.44,1.2908,0.47,1.2804,4
1580055232.674,0.44,1.2929,0.45,1.2788,4
1580055232.843,0.44,1.2812,0.45,1.2794,4
1580055233.018,0.44,1.2896,0.45,1.2775,4
1580055233.19,0.44,1.2843,0.48,1.2615,4
1580055233.361,0.46,1.2666,0.47,1.2485,4
1580055233.531,0.46,1.2695,0.48,1.2409,4
1580055233.608,0.46,1.2594,0.51,1.2308,4
1580055233.788,0.46,1.2638,0.51,1.2225,5
1580055233.963,0.48,1.2607,0.51,1.2177,5
1580055234.138,0.46,1.2566,0.49,1.2141,5
1580055234.312,0.47,1.2593,0.51,1.2135,5
1580055234.482,0.47,1.2505,0.49,1.2235,5
1580055234.658,0.5,1.2247,0.52,1.2349,5
1580055234.829,0.49,1.2322,0.49,1.2542,5
1580055234.907,0.52,1.2152,0.5,1.2458,5
1580055235.084,0.51,1.2192,0.46,1.2581,6
1580055235.258,0.48,1.2477,0.48,1.2555,6
1580055235.432,0.52,1.2107,0.43,1.2725,6
1580055235.603,0.48,1.243,0.49,1.2356,6
1580055235.779,0.51,1.2246,0.48,1.2264,6
1580055235.957,0.53,1.1959,0.51,1.2052,6
1580055236.136,0.52,1.2094,0.48,1.2221,6
1580055236.216,0.54,1.1973,0.51,1.2171,6
1580055236.4,0.5,1.2304,0.51,1.1956,7
1580055236.573,0.53,1.2033,0.54,1.1847,7
1580055236.746,0.53,1.2008,0.53,1.1842,7
1580055236.924,0.5,1.2208,0.53,1.1889,7
1580055237.107,0.51,1.2135,0.53,1.2144,7
1580055237.281,0.52,1.2006,0.51,1.2159,7
1580055237.452,0.53,1.2051,0.52,1.2134,7
1580055237.528,0.55,1.1854,0.52,1.2146,7
1580055237.703,0.52,1.2133,0.52,1.2188,8
1580055237.885,0.51,1.2139,0.5,1.2233,8
1580055238.054,0.52,1.2053,0.52,1.2144,8
1580055238.231,0.51,1.2168,0.52,1.2171,8
1580055238.407,0.5,1.2193,0.51,1.2253,8
1580055238.58,0.56,1.1713,0.51,1.2139,8
1580055238.754,0.51,1.2108,0.52,1.194,8
1580055238.837,0.55,1.1787,0.52,1.1877,8
1580055239.015,0.54,1.1895,0.52,1.1891,9
1580055239.187,0.54,1.1967,0.54,1.1882,9
1580055239.364,0.55,1.1859,0.54,1.1925,9
1580055239.537,0.52,1.2161,0.53,1.196,9
1580055239.709,0.52,1.216,0.52,1.196,9
1580055239.888,0.58,1.1606,0.53,1.1901,9
1580055240.067,0.53,1.1955,0.52,1.1875,9
1580055240.144,0.57,1.1633,0.51,1.1851,9
1580055240.327,0.55,1.1888,0.53,1.185,10
1580055240.502,0.52,1.1947,0.53,1.1903,10
1580055240.681,0.55,1.1803,0.55,1.1888,10
1580055240.854,0.53,1.2024,0.52,1.1978,10
1580055241.031,0.52,1.2065,0.53,1.2017,10
1580055241.208,0.57,1.1553,0.53,1.1924,10
1580055241.386,0.54,1.1897,0.56,1.1803,10
1580055241.466,0.58,1.1597,0.57,1.1757,10
1580055241.641,0.56,1.1776,0.55,1.1795,11
1580055241.816,0.55,1.1846,0.55,1.1815,11
1580055241.991,0.55,1.1743,0.53,1.184,11
1580055242.169,0.54,1.1981,0.53,1.1888,11
1580055242.342,0.53,1.1986,0.54,1.184,11
1580055242.516,0.59,1.1517,0.57,1.1657,11
1580055242.69,0.54,1.1877,0.55,1.1633,11
1580055242.766,0.58,1.1546,0.54,1.1658,11
1580055242.944,0.55,1.1819,0.54,1.1694,12
1580055243.119,0.56,1.1764,0.54,1.172,12
1580055243.294,0.55,1.1693,0.54,1.1765,12
1580055243.47,0.54,1.1912,0.54,1.1862,12
1580055243.644,0.54,1.1937,0.53,1.1804,12
1580055243.821,0.59,1.1494,0.57,1.1637,12
1580055244.009,0.55,1.1857,0.57,1.1657,12
1580055244.089,0.57,1.1556,0.56,1.1681,12
1580055244.263,0.55,1.1878,0.55,1.1698,13
1580055244.437,0.56,1.1736,0.56,1.1705,13
1580055244.611,0.56,1.1671,0.57,1.1763,13
1580055244.784,0.54,1.1938,0.52,1.1836,13
1580055244.957,0.54,1.1889,0.53,1.2007,13
1580055245.13,0.57,1.1611,0.53,1.1699,13
1580055245.305,0.54,1.1894,0.56,1.1663,13
1580055245.381,0.6,1.145,0.56,1.1713,13
1580055245.559,0.56,1.1754,0.55,1.1731,14
1580055245.733,0.57,1.1692,0.56,1.1701,14
1580055245.906,0.56,1.1675,0.56,1.1697,14
1580055246.082,0.53,1.2031,0.56,1.1701,14
1580055246.255,0.53,1.2008,0.56,1.1791,14
1580055246.429,0.6,1.1349,0.52,1.1849,14
1580055246.603,0.55,1.1837,0.53,1.1809,14
1580055246.68,0.6,1.1453,0.57,1.154,14
1580055246.854,0.56,1.1699,0.61,1.1415,15
1580055247.031,0.56,1.1669,0.61,1.1456,15
1580055247.204,0.57,1.1584,0.58,1.1613,15
1580055247.379,0.53,1.2024,0.56,1.1723,15
1580055247.559,0.53,1.1997,0.54,1.183,15
1580055247.733,0.6,1.1401,0.52,1.1697,15
1580055247.91,0.54,1.1817,0.55,1.1704,15
1580055247.989,0.61,1.1326,0.57,1.1704,15
1580055248.164,0.56,1.1715,0.61,1.1345,16
1580055248.337,0.57,1.1593,0.57,1.1406,16
1580055248.512,0.56,1.1623,0.58,1.1531,16
1580055248.683,0.52,1.1956,0.58,1.1661,16
1580055248.856,0.54,1.1932,0.55,1.1644,16
1580055249.031,0.6,1.1336,0.59,1.1491,16
1580055249.206,0.55,1.1756,0.55,1.156,16
1580055249.285,0.59,1.1342,0.55,1.1599,16
1580055249.461,0.56,1.1643,0.58,1.1537,17
1580055249.634,0.58,1.1525,0.58,1.1475,17
1580055249.81,0.58,1.1465,0.59,1.1531,17
1580055249.98,0.53,1.1907,0.58,1.1519,17
1580055250.158,0.54,1.1873,0.56,1.1564,17
1580055250.333,0.61,1.1333,0.6,1.1566,17
1580055250.508,0.56,1.17,0.56,1.1562,17
1580055250.585,0.61,1.1223,0.56,1.1587,17
1580055250.761,0.57,1.1568,0.57,1.157,18
1580055250.936,0.58,1.1506,0.58,1.1531,18
1580055251.111,0.59,1.1387,0.57,1.1554,18
1580055251.283,0.54,1.18,0.55,1.1565,18
1580055251.456,0.56,1.1765,0.54,1.163,18
1580055251.628,0.62,1.1342,0.59,1.1478,18
1580055251.8,0.57,1.1652,0.56,1.1567,18
1580055251.879,0.62,1.1173,0.56,1.1733,18
1580055252.061,0.57,1.1594,0.57,1.1622,19
1580055252.234,0.57,1.1517,0.59,1.1478,19
1580055252.407,0.58,1.1405,0.57,1.1524,19
1580055252.579,0.56,1.1718,0.54,1.1633,19
1580055252.752,0.57,1.1708,0.54,1.1678,19
1580055252.929,0.62,1.1321,0.57,1.1495,19
1580055253.106,0.56,1.1698,0.6,1.1477,19
1580055253.182,0.64,1.11,0.57,1.1708,19
1580055253.356,0.57,1.1599,0.54,1.1769,20
1580055253.529,0.57,1.1595,0.55,1.1664,20
1580055253.705,0.57,1.1549,0.57,1.1586,20
1580055253.89,0.55,1.1804,0.57,1.1614,20
1580055254.069,0.56,1.1731,0.58,1.1731,20
1580055254.244,0.61,1.1219,0.57,1.1501,20
1580055254.417,0.58,1.1596,0.6,1.145,20
1580055254.494,0.59,1.1339,0.59,1.1533,20
1580055254.668,0.59,1.1452,0.58,1.1589,21
1580055254.841,0.6,1.1358,0.58,1.1576,21
1580055255.017,0.6,1.1346,0.59,1.1476,21
1580055255.193,0.56,1.1711,0.59,1.152,21
1580055255.365,0.56,1.1718,0.56,1.1636,21
1580055255.537,0.62,1.1131,0.58,1.1579,21
1580055255.713,0.58,1.1522,0.59,1.1532,21
1580055255.789,0.63,1.102,0.59,1.15,21
1580055255.967,0.6,1.1352,0.59,1.1471,22
1580055256.146,0.61,1.1276,0.59,1.1514,22
1580055256.321,0.61,1.1245,0.59,1.1546,22
1580055256.495,0.57,1.1597,0.59,1.1478,22
1580055256.668,0.57,1.1621,0.58,1.1524,22
1580055256.847,0.63,1.1059,0.56,1.1676,22
1580055257.021,0.59,1.1488,0.61,1.1554,22
1580055257.099,0.66,1.0899,0.6,1.1421,22
1580055257.279,0.61,1.1266,0.59,1.1387,23
1580055257.451,0.61,1.1247,0.59,1.1466,23
1580055257.624,0.62,1.1198,0.58,1.1566,23
1580055257.797,0.58,1.158,0.58,1.1516,23
1580055257.972,0.58,1.1529,0.59,1.1542,23
1580055258.146,0.64,1.1009,0.57,1.164,23
1580055258.328,0.6,1.1419,0.58,1.1597,23
1580055258.404,0.68,1.0813,0.59,1.1446,23
1580055258.582,0.62,1.1188,0.6,1.1406,24
1580055258.756,0.61,1.1204,0.6,1.1456,24
1580055258.929,0.62,1.1151,0.58,1.1604,24
1580055259.104,0.58,1.1516,0.56,1.1654,24
1580055259.281,0.59,1.148,0.57,1.1575,24
1580055259.455,0.65,1.0955,0.57,1.1564,24
1580055259.637,0.6,1.1359,0.54,1.1777,24
1580055259.714,0.68,1.0837,0.59,1.1443,24
1580055259.892,0.63,1.1143,0.57,1.1414,25
1580055260.071,0.63,1.1203,0.59,1.1486,25
1580055260.247,0.62,1.1129,0.58,1.1659,25
1580055260.421,0.59,1.1543,0.56,1.1592,25
1580055260.596,0.59,1.1461,0.57,1.1605,25
1580055260.772,0.65,1.0925,0.57,1.1629,25
1580055260.951,0.61,1.132,0.57,1.1528,25
1580055261.028,0.69,1.0675,0.58,1.1525,25
1580055261.203,0.63,1.1103,0.57,1.1447,26
1580055261.383,0.63,1.1103,0.57,1.1455,26
1580055261.559,0.61,1.1119,0.58,1.1621,26
1580055261.733,0.59,1.1498,0.56,1.1759,26
1580055261.905,0.59,1.1445,0.56,1.1607,26
1580055262.08,0.64,1.0975,0.56,1.1645,26
1580055262.254,0.61,1.1274,0.56,1.1867,26
1580055262.335,0.67,1.0782,0.57,1.1451,26
1580055262.509,0.63,1.1132,0.56,1.1468,27
1580055262.683,0.63,1.1108,0.59,1.1521,27
1580055262.855,0.63,1.1119,0.58,1.1569,27
1580055263.03,0.59,1.1458,0.56,1.1646,27
1580055263.206,0.59,1.1443,0.57,1.1572,27
1580055263.384,0.66,1.0885,0.56,1.1647,27
1580055263.557,0.61,1.1271,0.56,1.1725,27
1580055263.635,0.69,1.0605,0.61,1.1509,27
1580055263.81,0.63,1.1117,0.59,1.1392,28
1580055263.984,0.62,1.1155,0.56,1.1553,28
1580055264.16,0.6,1.1296,0.56,1.1649,28
1580055264.335,0.58,1.1552,0.49,1.2247,28
1580055264.509,0.55,1.1662,0.54,1.1868,28
1580055264.683,0.64,1.096,0.58,1.1459,28
1580055264.857,0.57,1.1575,0.57,1.148,28
1580055264.935,0.64,1.0992,0.56,1.1665,28
1580055265.109,0.62,1.1132,0.55,1.1854,29
1580055265.284,0.59,1.1468,0.58,1.1526,29
1580055265.464,0.61,1.1137,0.57,1.1566,29
1580055265.65,0.56,1.1765,0.54,1.1615,29
1580055265.838,0.54,1.1926,0.56,1.1581,29
1580055266.022,0.62,1.1173,0.57,1.1788,29
1580055266.207,0.6,1.1391,0.48,1.2302,29
1580055266.291,0.62,1.107,0.58,1.1575,29
1580055266.473,0.63,1.1103,0.6,1.136,30
1580055266.646,0.61,1.1195,0.59,1.1448,30
1580055266.822,0.57,1.1539,0.55,1.1521,30
1580055267.003,0.56,1.166,0.54,1.1718,30
1580055267.178,0.59,1.1414,0.48,1.2266,30
1580055267.352,0.61,1.1209,0.49,1.2146,30
1580055267.532,0.59,1.1421,0.56,1.1696,30
1580055267.609,0.68,1.0588,0.57,1.1466,30
1580055267.786,0.62,1.1089,0.6,1.1356,31
1580055267.96,0.62,1.1091,0.58,1.1422,31
1580055268.135,0.63,1.1051,0.56,1.1547,31
1580055268.309,0.58,1.1487,0.56,1.1676,31
1580055268.485,0.6,1.1365,0.54,1.1761,31
1580055268.659,0.65,1.0899,0.55,1.165,31
1580055268.845,0.62,1.1214,0.57,1.1533,31
1580055268.926,0.69,1.0629,0.58,1.1438,31
1580055269.102,0.63,1.1035,0.58,1.1474,32
1580055269.277,0.63,1.1063,0.57,1.1568,32
1580055269.461,0.63,1.1015,0.57,1.1618,32
1580055269.637,0.57,1.1599,0.55,1.1619,32
1580055269.812,0.59,1.1429,0.56,1.1655,32
1580055269.985,0.66,1.077,0.56,1.1771,32
1580055270.162,0.61,1.1255,0.54,1.1739,32
1580055270.24,0.68,1.0575,0.58,1.1556,32
1580055270.416,0.64,1.0998,0.58,1.1481,33
1580055270.598,0.64,1.0911,0.59,1.1464,33
1580055270.773,0.64,1.1,0.59,1.1428,33
1580055270.947,0.57,1.1504,0.58,1.1491,33
1580055271.123,0.61,1.1267,0.54,1.1718,33
1580055271.299,0.67,1.0759,0.55,1.1803,33
1580055271.472,0.62,1.1174,0.54,1.1767,33
1580055271.555,0.68,1.0574,0.59,1.1504,33
1580055271.731,0.65,1.0891,0.58,1.1381,34
1580055271.908,0.63,1.104,0.57,1.1489,34
1580055272.086,0.65,1.0987,0.56,1.1606,34
1580055272.263,0.57,1.1534,0.57,1.166,34
1580055272.436,0.61,1.1269,0.54,1.1919,34
1580055272.618,0.66,1.0785,0.52,1.1919,34
1580055272.796,0.61,1.1214,0.56,1.1706,34
1580055272.874,0.69,1.0524,0.57,1.1528,34
1580055273.047,0.63,1.0953,0.58,1.1452,35
1580055273.224,0.64,1.0945,0.58,1.1516,35
1580055273.399,0.64,1.0999,0.57,1.1515,35
1580055273.574,0.58,1.1482,0.55,1.1511,35
1580055273.75,0.6,1.1324,0.53,1.1716,35
1580055273.924,0.67,1.0714,0.5,1.2088,35
1580055274.104,0.61,1.1206,0.53,1.1988,35
1580055274.18,0.68,1.0591,0.57,1.1582,35
1580055274.354,0.64,1.096,0.57,1.1492,36
1580055274.528,0.64,1.0891,0.59,1.1407,36
1580055274.704,0.65,1.0952,0.59,1.1437,36
1580055274.893,0.58,1.1501,0.6,1.1458,36
1580055275.084,0.61,1.1212,0.57,1.1613,36
1580055275.268,0.67,1.0694,0.55,1.1761,36
1580055275.445,0.62,1.1126,0.54,1.1834,36
1580055275.52,0.68,1.0585,0.55,1.1749,36
1580055275.704,0.64,1.0948,0.57,1.1509,37
1580055275.882,0.67,1.0796,0.58,1.1416,37
1580055276.062,0.66,1.0881,0.61,1.1345,37
1580055276.236,0.58,1.1544,0.61,1.1345,37
1580055276.41,0.6,1.1336,0.59,1.1485,37
1580055276.587,0.67,1.0778,0.54,1.1797,37
1580055276.762,0.63,1.1034,0.57,1.1799,37
1580055276.839,0.67,1.0669,0.56,1.1808,37
1580055277.016,0.63,1.1081,0.55,1.1784,38
1580055277.192,0.64,1.0943,0.57,1.1593,38
1580055277.368,0.66,1.0797,0.59,1.1371,38
1580055277.541,0.6,1.1335,0.6,1.1383,38
1580055277.723,0.59,1.1377,0.6,1.1372,38
1580055277.898,0.64,1.1002,0.55,1.1558,38
1580055278.071,0.64,1.1008,0.56,1.174,38
1580055278.148,0.7,1.0463,0.54,1.1921,38
1580055278.323,0.63,1.1063,0.54,1.1866,39
1580055278.499,0.62,1.1129,0.56,1.1723,39
1580055278.675,0.62,1.1069,0.56,1.1668,39
1580055278.848,0.6,1.1348,0.57,1.1714,39
1580055279.021,0.61,1.125,0.55,1.1747,39
1580055279.204,0.66,1.0786,0.55,1.1642,39
1580055279.386,0.63,1.1066,0.57,1.1589,39
1580055279.464,0.66,1.0678,0.56,1.1613,39
1580055279.638,0.65,1.0901,0.55,1.1681,40
1580055279.813,0.66,1.0788,0.55,1.1696,40
1580055279.992,0.65,1.0844,0.54,1.1661,40
1580055280.167,0.61,1.123,0.55,1.1567,40
1580055280.342,0.6,1.1287,0.59,1.139,40
1580055280.517,0.67,1.0661,0.58,1.1437,40
1580055280.694,0.65,1.0895,0.56,1.1549,40
1580055280.773,0.71,1.0396,0.57,1.1522,40
1580055280.947,0.65,1.0833,0.58,1.14,41
1580055281.122,0.67,1.0755,0.56,1.1552,41
1580055281.297,0.67,1.0766,0.56,1.1672,41
1580055281.474,0.62,1.1208,0.55,1.1671,41
1580055281.649,0.63,1.114,0.56,1.1506,41
1580055281.829,0.66,1.075,0.55,1.1558,41
1580055282.005,0.65,1.0861,0.53,1.1715,41
1580055282.083,0.72,1.0321,0.55,1.1678,41
1580055282.259,0.66,1.081,0.55,1.1556,42
1580055282.434,0.66,1.0803,0.58,1.1475,42
1580055282.61,0.67,1.0708,0.57,1.1487,42
1580055282.785,0.63,1.1134,0.58,1.1541,42
1580055282.962,0.59,1.132,0.58,1.1414,42
1580055283.138,0.67,1.0679,0.55,1.1585,42
1580055283.317,0.64,1.1032,0.54,1.178,42
1580055283.394,0.73,1.0251,0.54,1.1898,42
1580055283.575,0.63,1.1051,0.59,1.1509,43
1580055283.755,0.66,1.082,0.56,1.1484,43
1580055283.928,0.64,1.1001,0.55,1.1549,43
1580055284.106,0.58,1.1462,0.58,1.1542,43
1580055284.281,0.64,1.1025,0.53,1.1894,43
1580055284.455,0.65,1.0909,0.53,1.1927,43
1580055284.632,0.63,1.112,0.55,1.172,43
1580055284.71,0.74,1.0178,0.56,1.1607,43
1580055284.891,0.64,1.091,0.56,1.1595,44
1580055285.067,0.66,1.0813,0.59,1.1482,44
1580055285.243,0.68,1.0655,0.59,1.1399,44
1580055285.42,0.63,1.1152,0.6,1.1342,44
1580055285.594,0.62,1.1127,0.61,1.1274,44
1580055285.77,0.68,1.0618,0.57,1.157,44
1580055285.947,0.66,1.0888,0.54,1.1739,44
1580055286.026,0.73,1.0243,0.54,1.1832,44
1580055286.202,0.66,1.0872,0.57,1.1602,45
1580055286.378,0.67,1.0725,0.58,1.138,45
1580055286.552,0.66,1.0799,0.6,1.1369,45
1580055286.729,0.61,1.1274,0.61,1.1306,45
1580055286.907,0.65,1.0969,0.56,1.1693,45
1580055287.083,0.67,1.0753,0.53,1.1926,45
1580055287.258,0.64,1.0998,0.55,1.1813,45
1580055287.336,0.73,1.0207,0.57,1.1585,45
1580055287.513,0.66,1.0832,0.56,1.1561,46
1580055287.688,0.65,1.0865,0.57,1.1451,46
1580055287.863,0.67,1.0663,0.6,1.1317,46
1580055288.04,0.63,1.1094,0.6,1.1489,46
1580055288.216,0.61,1.1251,0.61,1.1252,46
1580055288.392,0.68,1.0588,0.56,1.1519,46
1580055288.571,0.65,1.0908,0.59,1.1621,46
1580055288.648,0.71,1.033,0.55,1.1746,46
1580055288.826,0.66,1.0825,0.54,1.1777,47
1580055289.005,0.67,1.0768,0.59,1.1356,47
1580055289.183,0.69,1.0569,0.61,1.1214,47
1580055289.359,0.62,1.1151,0.6,1.1235,47
1580055289.537,0.62,1.1127,0.59,1.1355,47
1580055289.713,0.68,1.0648,0.52,1.1859,47
1580055289.892,0.65,1.0946,0.55,1.1925,47
1580055289.973,0.69,1.0435,0.57,1.163,47
1580055290.152,0.65,1.0928,0.6,1.1474,48
1580055290.327,0.63,1.1056,0.6,1.1434,48
1580055290.503,0.63,1.1057,0.56,1.1493,48
1580055290.68,0.62,1.1286,0.59,1.1368,48
1580055290.856,0.65,1.09,0.57,1.1644,48
1580055291.04,0.64,1.0928,0.57,1.1667,48
1580055291.218,0.61,1.1259,0.57,1.1552,48
1580055291.296,0.73,1.0157,0.58,1.1563,48
1580055291.47,0.66,1.0817,0.57,1.1598,49
1580055291.646,0.64,1.1035,0.57,1.1693,49
1580055291.822,0.62,1.1176,0.57,1.1641,49
1580055292.0,0.58,1.16,0.57,1.1555,49
1580055292.176,0.6,1.1379,0.57,1.1619,49
1580055292.352,0.67,1.0758,0.55,1.1768,49
1580055292.528,0.65,1.0936,0.58,1.158,49
1580055292.606,0.68,1.0484,0.59,1.1408,49
1580055292.783,0.65,1.0838,0.61,1.1221,50
1580055292.962,0.66,1.0779,0.59,1.1331,50
1580055293.137,0.65,1.081,0.59,1.152,50
1580055293.314,0.6,1.1312,0.55,1.1637,50
1580055293.489,0.63,1.1045,0.55,1.1811,50
1580055293.665,0.67,1.0614,0.53,1.1907,50
1580055293.843,0.65,1.0891,0.53,1.1915,50
1580055293.921,0.69,1.0427,0.53,1.1845,50
1580055294.104,0.66,1.0799,0.55,1.168,51
1580055294.28,0.68,1.0596,0.56,1.1594,51
1580055294.456,0.67,1.0733,0.56,1.1553,51
1580055294.631,0.6,1.1353,0.59,1.1443,51
1580055294.807,0.6,1.125,0.59,1.1353,51
1580055294.984,0.67,1.0678,0.58,1.1512,51
1580055295.162,0.66,1.0858,0.53,1.1849,51
1580055295.241,0.72,1.0253,0.53,1.1905,51
1580055295.421,0.65,1.0905,0.55,1.1813,52
1580055295.595,0.66,1.0799,0.55,1.1701,52
1580055295.771,0.65,1.0796,0.55,1.1621,52
1580055295.949,0.62,1.1181,0.55,1.1515,52
1580055296.131,0.64,1.103,0.6,1.1306,52
1580055296.316,0.67,1.0768,0.58,1.1317,52
1580055296.494,0.63,1.1023,0.6,1.1438,52
1580055296.571,0.73,1.0099,0.53,1.176,52
1580055296.745,0.68,1.0661,0.56,1.1738,53
1580055296.927,0.66,1.0731,0.57,1.163,53
1580055297.107,0.65,1.0831,0.57,1.1572,53
1580055297.286,0.61,1.1272,0.56,1.1636,53
1580055297.476,0.63,1.1008,0.54,1.1695,53
1580055297.652,0.68,1.054,0.58,1.1464,53
1580055297.829,0.66,1.0824,0.61,1.1355,53
1580055297.905,0.73,1.0167,0.61,1.1321,53
1580055298.085,0.68,1.0644,0.57,1.1487,54
1580055298.261,0.69,1.0547,0.59,1.1571,54
1580055298.436,0.68,1.0655,0.55,1.1645,54
1580055298.614,0.63,1.1093,0.53,1.1739,54
1580055298.791,0.65,1.0893,0.55,1.1622,54
1580055298.969,0.7,1.0422,0.59,1.1445,54
1580055299.151,0.67,1.0771,0.59,1.1383,54
1580055299.231,0.74,1.0084,0.61,1.1292,54
1580055299.414,0.68,1.062,0.57,1.1444,55
1580055299.593,0.69,1.0509,0.56,1.1606,55
1580055299.772,0.68,1.0624,0.55,1.1678,55
1580055299.952,0.64,1.1028,0.55,1.1741,55
1580055300.135,0.67,1.0824,0.54,1.1673,55
1580055300.311,0.7,1.0372,0.58,1.1559,55
1580055300.493,0.66,1.0769,0.58,1.1501,55
1580055300.572,0.75,0.9984,0.56,1.1449,55
1580055300.756,0.69,1.0531,0.56,1.1531,56
1580055300.932,0.69,1.0473,0.56,1.1573,56
1580055301.109,0.68,1.0574,0.56,1.1484,56
1580055301.286,0.64,1.0974,0.59,1.1399,56
1580055301.464,0.67,1.0765,0.59,1.1482,56
1580055301.645,0.71,1.0369,0.56,1.1664,56
1580055301.828,0.66,1.0768,0.54,1.1707,56
1580055301.908,0.76,0.992,0.54,1.1629,56
1580055302.085,0.69,1.0571,0.55,1.1608,57
1580055302.272,0.7,1.0472,0.57,1.1514,57
1580055302.451,0.68,1.0536,0.61,1.1247,57
1580055302.63,0.64,1.0978,0.62,1.1191,57
1580055302.808,0.65,1.0856,0.61,1.1312,57
1580055302.984,0.71,1.0399,0.55,1.1824,57
1580055303.163,0.67,1.0747,0.53,1.1936,57
1580055303.247,0.74,1.0042,0.55,1.1759,57
1580055303.426,0.68,1.0632,0.54,1.1663,58
1580055303.606,0.69,1.0532,0.57,1.1544,58
1580055303.785,0.69,1.0501,0.62,1.1219,58
1580055303.969,0.65,1.0973,0.62,1.1225,58
1580055304.155,0.65,1.0879,0.62,1.1249,58
1580055304.342,0.66,1.0722,0.59,1.1475,58
1580055304.519,0.66,1.0776,0.52,1.2003,58
1580055304.598,0.74,1.0085,0.55,1.1773,58
1580055304.778,0.66,1.0791,0.57,1.164,59
1580055304.959,0.65,1.0844,0.57,1.1596,59
1580055305.136,0.66,1.0824,0.55,1.1692,59
1580055305.319,0.64,1.1051,0.57,1.1588,59
1580055305.498,0.66,1.0834,0.61,1.1284,59
1580055305.675,0.69,1.0509,0.6,1.1227,59
1580055305.851,0.63,1.0988,0.6,1.1277,59
1580055305.929,0.7,1.0343,0.61,1.1334,59
1580055306.109,0.68,1.063,0.56,1.1638,60
1580055306.285,0.7,1.0435,0.55,1.1623,60
1580055306.464,0.67,1.0675,0.57,1.164,60
1580055306.639,0.62,1.1221,0.57,1.1636,60
1580055306.816,0.62,1.117,0.54,1.1747,60
1580055306.992,0.68,1.0601,0.52,1.1822,60
1580055307.171,0.67,1.0767,0.56,1.162,60
1580055307.25,0.73,1.0109,0.6,1.1385,60
1580055307.432,0.66,1.0723,0.61,1.1252,61
1580055307.623,0.69,1.052,0.61,1.1239,61
1580055307.801,0.69,1.0574,0.59,1.1449,61
1580055307.977,0.63,1.1075,0.57,1.1605,61
1580055308.155,0.65,1.0901,0.54,1.1727,61
1580055308.33,0.69,1.0472,0.54,1.1808,61
1580055308.507,0.68,1.0648,0.51,1.197,61
1580055308.587,0.73,1.0158,0.52,1.188,61
1580055308.764,0.67,1.068,0.58,1.1599,62
1580055308.94,0.7,1.0422,0.59,1.1497,62
1580055309.118,0.68,1.0592,0.57,1.1476,62
1580055309.296,0.64,1.1058,0.6,1.1286,62
1580055309.473,0.65,1.0948,0.62,1.1247,62
1580055309.649,0.69,1.0505,0.57,1.1473,62
1580055309.827,0.68,1.0661,0.56,1.1617,62
1580055309.906,0.76,0.9938,0.56,1.168,62
1580055310.083,0.66,1.0682,0.55,1.1656,63
1580055310.261,0.68,1.0558,0.57,1.1483,63
1580055310.441,0.69,1.0499,0.58,1.1469,63
1580055310.616,0.64,1.1011,0.59,1.138,63
1580055310.795,0.65,1.0926,0.63,1.1174,63
1580055310.972,0.68,1.0685,0.62,1.1251,63
1580055311.15,0.67,1.075,0.56,1.168,63
1580055311.229,0.77,0.9809,0.55,1.183,63
1580055311.408,0.66,1.0771,0.53,1.1893,64
1580055311.586,0.66,1.072,0.56,1.1804,64
1580055311.762,0.66,1.0693,0.56,1.166,64
1580055311.939,0.64,1.0968,0.57,1.1534,64
1580055312.116,0.66,1.0791,0.59,1.1459,64
1580055312.295,0.69,1.0515,0.6,1.126,64
1580055312.474,0.65,1.0878,0.59,1.1274,64
1580055312.553,0.73,1.0133,0.59,1.1422,64
1580055312.733,0.7,1.0464,0.57,1.165,65
1580055312.912,0.68,1.0531,0.56,1.174,65
1580055313.09,0.66,1.0808,0.55,1.179,65
1580055313.267,0.62,1.1116,0.54,1.1892,65
1580055313.447,0.62,1.1086,0.55,1.1769,65
1580055313.625,0.68,1.0564,0.57,1.1674,65
1580055313.813,0.66,1.0733,0.55,1.1668,65
1580055313.9,0.75,0.988,0.59,1.1385,65
1580055314.08,0.7,1.0465,0.61,1.1257,66
1580055314.257,0.68,1.0598,0.62,1.1199,66
1580055314.436,0.68,1.0583,0.61,1.126,66
1580055314.613,0.65,1.0849,0.59,1.1511,66
1580055314.79,0.68,1.0664,0.58,1.1495,66
1580055314.968,0.7,1.0389,0.59,1.1457,66
1580055315.145,0.67,1.0667,0.59,1.1506,66
1580055315.224,0.75,0.9918,0.57,1.1545,66
1580055315.401,0.69,1.0506,0.6,1.1351,67
1580055315.583,0.7,1.0383,0.62,1.1271,67
1580055315.761,0.68,1.0575,0.59,1.1276,67
1580055315.94,0.66,1.0801,0.6,1.1369,67
1580055316.119,0.66,1.078,0.59,1.1396,67
1580055316.298,0.7,1.0334,0.57,1.1522,67
1580055316.476,0.69,1.0592,0.58,1.1556,67
1580055316.558,0.76,0.9789,0.56,1.1639,67
1580055316.735,0.69,1.048,0.56,1.1633,68
1580055316.912,0.71,1.0327,0.58,1.1644,68
1580055317.092,0.67,1.0638,0.63,1.125,68
1580055317.27,0.66,1.0784,0.61,1.1281,68
1580055317.447,0.66,1.0786,0.61,1.1182,68
1580055317.63,0.7,1.0481,0.6,1.1284,68
1580055317.814,0.69,1.0568,0.57,1.156,68
1580055317.892,0.77,0.9756,0.57,1.158,68
1580055318.069,0.71,1.0392,0.54,1.1824,69
1580055318.245,0.69,1.045,0.56,1.1662,69
1580055318.426,0.69,1.0475,0.59,1.1507,69
1580055318.606,0.65,1.0876,0.6,1.1288,69
1580055318.783,0.66,1.077,0.62,1.1226,69
1580055318.961,0.7,1.0462,0.59,1.1271,69
1580055319.139,0.67,1.0703,0.58,1.1497,69
1580055319.218,0.77,0.9816,0.57,1.1583,69
1580055319.399,0.67,1.0611,0.57,1.1576,70
1580055319.58,0.7,1.048,0.55,1.1731,70
1580055319.758,0.68,1.0629,0.55,1.1755,70
1580055319.935,0.65,1.084,0.6,1.1466,70
1580055320.116,0.65,1.0911,0.61,1.1221,70
1580055320.295,0.7,1.0474,0.61,1.118,70
1580055320.473,0.68,1.0618,0.59,1.1347,70
1580055320.553,0.76,0.9775,0.57,1.1521,70
1580055320.743,0.67,1.0723,0.58,1.1574,71
1580055320.92,0.67,1.0718,0.56,1.1564,71
1580055321.099,0.66,1.074,0.57,1.1562,71
1580055321.276,0.63,1.1085,0.54,1.1804,71
1580055321.454,0.65,1.0933,0.52,1.1952,71
1580055321.635,0.69,1.0458,0.52,1.1954,71
1580055321.814,0.65,1.0879,0.55,1.1725,71
1580055321.893,0.76,0.9851,0.58,1.1437,71
1580055322.073,0.7,1.0426,0.57,1.1615,72
1580055322.253,0.68,1.059,0.55,1.1686,72
1580055322.431,0.67,1.0707,0.57,1.1586,72
1580055322.611,0.63,1.1051,0.59,1.1487,72
1580055322.791,0.67,1.0758,0.59,1.1425,72
1580055322.971,0.7,1.0346,0.59,1.145,72
1580055323.148,0.67,1.0719,0.6,1.1491,72
1580055323.227,0.76,0.9944,0.58,1.1654,72
1580055323.405,0.68,1.063,0.55,1.18,73
1580055323.582,0.69,1.0464,0.54,1.1766,73
1580055323.768,0.69,1.0534,0.56,1.1731,73
1580055323.946,0.64,1.0974,0.56,1.1782,73
1580055324.127,0.66,1.0827,0.56,1.1607,73
1580055324.307,0.7,1.0466,0.58,1.1512,73
1580055324.486,0.68,1.0635,0.57,1.1589,73
1580055324.565,0.76,0.9835,0.6,1.1445,73
1580055324.746,0.71,1.042,0.57,1.1573,74
1580055324.924,0.71,1.0344,0.55,1.1661,74
1580055325.103,0.7,1.0363,0.58,1.1573,74
1580055325.282,0.67,1.0758,0.58,1.1493,74
1580055325.461,0.68,1.0616,0.6,1.1386,74
1580055325.652,0.71,1.0318,0.61,1.1278,74
1580055325.852,0.69,1.0536,0.61,1.1295,74
1580055325.937,0.79,0.9675,0.57,1.1514,74
1580055326.126,0.7,1.0432,0.58,1.1536,75
1580055326.305,0.71,1.0288,0.57,1.1581,75
1580055326.491,0.68,1.0585,0.57,1.1631,75
1580055326.67,0.68,1.0691,0.56,1.1704,75
1580055326.858,0.68,1.0631,0.56,1.1574,75
1580055327.035,0.73,1.0174,0.57,1.1373,75
1580055327.214,0.71,1.0425,0.58,1.1305,75
1580055327.295,0.78,0.9642,0.6,1.129,75
1580055327.475,0.71,1.0355,0.59,1.1437,76
1580055327.656,0.73,1.0195,0.59,1.152,76
1580055327.842,0.7,1.0358,0.58,1.1553,76
1580055328.022,0.68,1.0679,0.58,1.1595,76
1580055328.202,0.69,1.0561,0.57,1.1539,76
1580055328.383,0.74,1.0103,0.59,1.1362,76
1580055328.559,0.69,1.0536,0.61,1.1218,76
1580055328.642,0.78,0.9651,0.61,1.1294,76
1580055328.836,0.72,1.0283,0.59,1.1531,77
1580055329.019,0.72,1.0252,0.58,1.1594,77
1580055329.198,0.71,1.0333,0.57,1.1665,77
1580055329.381,0.68,1.0667,0.58,1.1547,77
1580055329.558,0.68,1.0605,0.61,1.1487,77
1580055329.736,0.73,1.0122,0.59,1.1539,77
1580055329.922,0.71,1.0318,0.6,1.1374,77
1580055330.002,0.79,0.9599,0.61,1.1252,77
1580055330.184,0.7,1.037,0.6,1.1353,78
1580055330.364,0.72,1.022,0.58,1.1506,78
1580055330.545,0.71,1.0385,0.57,1.1582,78
1580055330.724,0.68,1.0625,0.56,1.17,78
1580055330.908,0.68,1.0641,0.58,1.1614,78
1580055331.089,0.73,1.0082,0.58,1.1456,78
1580055331.269,0.7,1.0393,0.6,1.1189,78
1580055331.348,0.8,0.9532,0.62,1.1133,78
1580055331.526,0.71,1.0324,0.6,1.1306,79
1580055331.706,0.73,1.0153,0.56,1.1592,79
1580055331.889,0.7,1.0377,0.56,1.166,79
1580055332.07,0.68,1.0614,0.55,1.1776,79
1580055332.25,0.69,1.0565,0.52,1.1869,79
1580055332.43,0.73,1.0084,0.54,1.1724,79
1580055332.609,0.71,1.0362,0.6,1.1388,79
1580055332.688,0.79,0.9528,0.63,1.1216,79
1580055332.869,0.71,1.0368,0.63,1.1213,80
1580055333.049,0.72,1.0248,0.6,1.1338,80
1580055333.229,0.71,1.0294,0.57,1.1536,80
1580055333.411,0.67,1.067,0.58,1.1568,80
1580055333.592,0.67,1.0658,0.53,1.1888,80
1580055333.772,0.73,1.0095,0.51,1.1908,80
1580055333.956,0.68,1.0608,0.56,1.1609,80
1580055334.039,0.79,0.9547,0.59,1.1295,80
1580055334.22,0.72,1.0207,0.6,1.1301,81
1580055334.402,0.71,1.029,0.62,1.1213,81
1580055334.581,0.7,1.0374,0.62,1.123,81
1580055334.768,0.68,1.06,0.58,1.1523,81
1580055334.96,0.7,1.0495,0.55,1.1728,81
1580055335.151,0.73,1.0062,0.55,1.1813,81
1580055335.339,0.69,1.0511,0.54,1.18,81
1580055335.417,0.78,0.9645,0.6,1.1391,81
1580055335.598,0.71,1.0316,0.6,1.1291,82
1580055335.78,0.72,1.0247,0.6,1.1404,82
1580055335.96,0.68,1.0638,0.6,1.1324,82
1580055336.141,0.64,1.0976,0.62,1.1174,82
1580055336.318,0.7,1.0484,0.57,1.1511,82
1580055336.496,0.75,0.9991,0.52,1.1925,82
1580055336.675,0.68,1.0595,0.54,1.1994,82
1580055336.755,0.74,0.9973,0.56,1.1832,82
1580055336.933,0.69,1.0497,0.56,1.1569,83
1580055337.112,0.72,1.0193,0.59,1.147,83
1580055337.292,0.7,1.0396,0.58,1.1447,83
1580055337.47,0.65,1.0864,0.6,1.1281,83
1580055337.647,0.66,1.0784,0.63,1.1139,83
1580055337.827,0.7,1.038,0.59,1.1391,83
1580055338.01,0.7,1.0368,0.55,1.1858,83
1580055338.09,0.8,0.9496,0.53,1.1957,83
1580055338.272,0.69,1.0524,0.56,1.1818,84
1580055338.453,0.69,1.0466,0.57,1.1766,84
1580055338.629,0.68,1.0585,0.56,1.1779,84
1580055338.807,0.66,1.0802,0.59,1.1533,84
1580055338.985,0.7,1.0437,0.61,1.1298,84
1580055339.166,0.72,1.023,0.61,1.1178,84
1580055339.346,0.67,1.0758,0.6,1.1278,84
1580055339.426,0.78,0.9652,0.57,1.162,84
1580055339.603,0.72,1.0235,0.58,1.1635,85
1580055339.782,0.72,1.0251,0.56,1.1727,85
1580055339.959,0.68,1.052,0.55,1.1845,85
1580055340.142,0.66,1.0824,0.54,1.1896,85
1580055340.322,0.67,1.0695,0.54,1.1942,85
1580055340.503,0.73,1.0065,0.54,1.1733,85
1580055340.681,0.7,1.041,0.62,1.1278,85
1580055340.76,0.8,0.9591,0.61,1.12,85
1580055340.941,0.71,1.0335,0.6,1.1399,86
1580055341.119,0.71,1.0346,0.58,1.1563,86
1580055341.298,0.7,1.0401,0.59,1.1519,86
1580055341.475,0.68,1.0605,0.58,1.1567,86
1580055341.656,0.7,1.0393,0.57,1.1614,86
1580055341.835,0.74,1.0015,0.55,1.1678,86
1580055342.014,0.7,1.0429,0.56,1.1645,86
1580055342.094,0.79,0.9589,0.58,1.1489,86
1580055342.272,0.71,1.032,0.6,1.1415,87
1580055342.45,0.74,1.0065,0.57,1.1615,87
1580055342.629,0.7,1.0477,0.59,1.1517,87
1580055342.807,0.66,1.0798,0.59,1.1382,87
1580055342.985,0.7,1.0455,0.58,1.142,87
1580055343.164,0.74,1.004,0.55,1.1739,87
1580055343.342,0.72,1.0269,0.53,1.1912,87
1580055343.422,0.79,0.9526,0.54,1.1879,87
1580055343.601,0.72,1.0266,0.58,1.1669,88
1580055343.782,0.74,1.0105,0.56,1.1691,88
1580055343.96,0.71,1.0318,0.52,1.1824,88
1580055344.141,0.66,1.0857,0.58,1.1545,88
1580055344.317,0.69,1.053,0.62,1.123,88
1580055344.494,0.72,1.0239,0.62,1.1216,88
1580055344.676,0.68,1.0603,0.61,1.1348,88
1580055344.756,0.79,0.9506,0.56,1.1754,88
1580055344.935,0.73,1.016,0.54,1.1815,89
1580055345.113,0.72,1.0219,0.55,1.1802,89
1580055345.291,0.69,1.0452,0.56,1.1776,89
1580055345.468,0.67,1.0712,0.56,1.1701,89
1580055345.65,0.68,1.06,0.55,1.1785,89
1580055345.833,0.74,1.0038,0.58,1.143,89
1580055346.012,0.72,1.0302,0.58,1.1305,89
1580055346.092,0.78,0.972,0.63,1.1133,89
1580055346.277,0.72,1.0301,0.6,1.1339,90
1580055346.455,0.73,1.0115,0.57,1.1644,90
1580055346.633,0.71,1.0329,0.6,1.1507,90
1580055346.81,0.68,1.0585,0.58,1.1625,90
1580055346.989,0.7,1.0424,0.55,1.1749,90
1580055347.17,0.74,0.9978,0.58,1.1606,90
1580055347.35,0.7,1.0339,0.6,1.139,90
1580055347.43,0.79,0.9552,0.62,1.1264,90
1580055347.609,0.7,1.0403,0.6,1.1425,91
1580055347.789,0.73,1.0106,0.54,1.1831,91
1580055347.968,0.7,1.0447,0.53,1.1996,91
1580055348.15,0.64,1.0988,0.57,1.1643,91
1580055348.334,0.7,1.0409,0.55,1.1754,91
1580055348.511,0.74,1.0056,0.55,1.1807,91
1580055348.69,0.71,1.0341,0.56,1.1623,91
1580055348.771,0.79,0.9558,0.6,1.1292,91
1580055348.951,0.72,1.0241,0.62,1.1169,92
1580055349.129,0.73,1.015,0.58,1.1502,92
1580055349.312,0.72,1.0201,0.59,1.1541,92
1580055349.488,0.68,1.0672,0.58,1.155,92
1580055349.673,0.69,1.0477,0.59,1.149,92
1580055349.853,0.74,1.0039,0.57,1.1688,92
1580055350.032,0.72,1.0264,0.57,1.1618,92
1580055350.11,0.77,0.9789,0.6,1.1408,92
1580055350.289,0.71,1.0341,0.62,1.1219,93
1580055350.47,0.75,0.9986,0.54,1.1768,93
1580055350.65,0.69,1.0516,0.54,1.1834,93
1580055350.828,0.66,1.0788,0.58,1.1604,93
1580055351.007,0.69,1.0526,0.55,1.1681,93
1580055351.186,0.73,1.0113,0.59,1.154,93
1580055351.368,0.73,1.02,0.59,1.1607,93
1580055351.447,0.78,0.9639,0.6,1.1553,93
1580055351.625,0.67,1.0657,0.64,1.1111,94
1580055351.804,0.72,1.0228,0.57,1.1631,94
1580055351.986,0.7,1.0425,0.57,1.1567,94
1580055352.165,0.68,1.0684,0.6,1.1535,94
1580055352.344,0.69,1.056,0.61,1.1389,94
1580055352.521,0.71,1.0292,0.6,1.1447,94
1580055352.699,0.7,1.0435,0.59,1.1589,94
1580055352.779,0.77,0.9747,0.57,1.1529,94
1580055352.958,0.7,1.0442,0.6,1.1348,95
1580055353.136,0.73,1.0157,0.57,1.162,95
1580055353.318,0.71,1.031,0.54,1.1841,95
1580055353.495,0.66,1.0769,0.54,1.1819,95
1580055353.674,0.69,1.0497,0.57,1.1551,95
1580055353.853,0.73,1.0153,0.59,1.143,95
1580055354.031,0.71,1.0359,0.59,1.1532,95
1580055354.11,0.77,0.9774,0.55,1.1642,95
1580055354.289,0.67,1.0661,0.59,1.1308,96
1580055354.475,0.7,1.0395,0.57,1.1664,96
1580055354.652,0.68,1.054,0.55,1.1732,96
1580055354.829,0.68,1.0605,0.58,1.1556,96
1580055355.006,0.7,1.0413,0.61,1.1373,96
1580055355.187,0.72,1.0307,0.59,1.1441,96
1580055355.371,0.67,1.0694,0.59,1.1508,96
1580055355.45,0.75,0.9869,0.56,1.1547,96
1580055355.628,0.67,1.0709,0.58,1.145,97
1580055355.805,0.66,1.0812,0.61,1.1384,97
1580055355.984,0.68,1.0602,0.55,1.1622,97
1580055356.162,0.64,1.0966,0.55,1.1756,97
1580055356.349,0.65,1.0933,0.58,1.1573,97
1580055356.538,0.71,1.0311,0.58,1.155,97
1580055356.717,0.69,1.0489,0.57,1.1697,97
1580055356.795,0.74,0.9995,0.53,1.1904,97
1580055356.981,0.64,1.1001,0.57,1.1737,98
1580055357.16,0.63,1.1056,0.58,1.1479,98
1580055357.342,0.61,1.124,0.6,1.1286,98
1580055357.524,0.61,1.1276,0.62,1.1155,98
1580055357.701,0.67,1.0725,0.59,1.1338,98
1580055357.881,0.71,1.0294,0.58,1.1619,98
1580055358.061,0.65,1.0875,0.57,1.1631,98
1580055358.141,0.74,1.0007,0.57,1.1597,98
1580055358.324,0.69,1.046,0.57,1.1543,99
1580055358.504,0.7,1.0405,0.58,1.1527,99
1580055358.683,0.68,1.06,0.56,1.1485,99
1580055358.86,0.68,1.0654,0.6,1.1405,99
1580055359.037,0.69,1.0483,0.59,1.1449,99
1580055359.216,0.69,1.0464,0.57,1.1509,99
1580055359.398,0.65,1.089,0.59,1.1469,99
1580055359.479,0.79,0.9623,0.58,1.1495,99
