1580004901.338,0.26,1.3862,0.23,1.3862,0
1580004901.518,0.23,1.3869,0.23,1.3858,0
1580004901.692,0.25,1.386,0.35,1.3852,0
1580004901.862,0.23,1.3862,0.33,1.3846,0
1580004902.036,0.26,1.3862,0.33,1.3839,0
1580004902.208,0.25,1.386,0.33,1.3833,0
1580004902.378,0.24,1.3866,0.33,1.3829,0
1580004902.547,0.25,1.3857,0.33,1.3821,0
1580004902.718,0.26,1.3852,0.33,1.3802,0
1580004902.888,0.24,1.3854,0.33,1.3785,0
1580004903.061,0.26,1.3836,0.33,1.3749,0
1580004903.241,0.25,1.3825,0.33,1.3699,0
1580004903.413,0.23,1.3825,0.33,1.3659,0
1580004903.583,0.24,1.379,0.33,1.3607,0
1580004903.736,0.24,1.3753,0.33,1.3513,0
1580004903.907,0.28,1.3622,0.33,1.3373,1
1580004904.08,0.26,1.358,0.31,1.3283,1
1580004904.263,0.24,1.3666,0.4,1.3285,1
1580004904.436,0.33,1.365,0.42,1.3344,1
1580004904.605,0.35,1.3619,0.41,1.335,1
1580004904.775,0.35,1.3657,0.42,1.3305,1
1580004904.944,0.34,1.3529,0.43,1.3254,1
1580004905.116,0.36,1.3499,0.44,1.3155,1
1580004905.286,0.37,1.3477,0.48,1.3081,1
1580004905.457,0.39,1.355,0.48,1.3115,1
1580004905.626,0.39,1.3386,0.4,1.3178,1
1580004905.799,0.37,1.3434,0.43,1.3053,1
1580004905.978,0.38,1.3358,0.43,1.3016,1
1580004906.175,0.36,1.3321,0.45,1.2851,1
1580004906.34,0.38,1.3232,0.44,1.2867,1
1580004906.531,0.38,1.3148,0.51,1.257,2
1580004906.716,0.42,1.3059,0.51,1.2533,2
1580004906.887,0.41,1.3106,0.43,1.2917,2
1580004907.058,0.37,1.3226,0.49,1.2648,2
1580004907.235,0.41,1.3128,0.44,1.2523,2
1580004907.407,0.41,1.3216,0.46,1.2474,2
1580004907.579,0.42,1.3209,0.43,1.2587,2
1580004907.75,0.42,1.295,0.4,1.303,2
1580004907.92,0.38,1.3203,0.4,1.3009,2
1580004908.093,0.4,1.3114,0.48,1.2715,2
1580004908.268,0.41,1.3016,0.48,1.2479,2
1580004908.439,0.45,1.2801,0.5,1.2373,2
1580004908.617,0.44,1.2933,0.48,1.2354,2
1580004908.792,0.44,1.2928,0.49,1.2333,2
1580004908.944,0.45,1.2821,0.48,1.2374,2
1580004909.117,0.5,1.2502,0.48,1.2372,3
1580004909.297,0.44,1.2725,0.51,1.2355,3
1580004909.469,0.47,1.2572,0.48,1.2336,3
1580004909.64,0.46,1.2617,0.53,1.2294,3
1580004909.811,0.46,1.2728,0.54,1.2266,3
1580004909.982,0.47,1.2623,0.49,1.2251,3
1580004910.153,0.47,1.2494,0.5,1.2227,3
1580004910.323,0.49,1.2441,0.54,1.2028,3
1580004910.493,0.51,1.2218,0.53,1.2007,3
1580004910.665,0.47,1.2418,0.51,1.2103,3
1580004910.837,0.5,1.234,0.53,1.1989,3
1580004911.008,0.53,1.2115,0.52,1.1989,3
1580004911.181,0.5,1.2228,0.51,1.2112,3
1580004911.355,0.5,1.2248,0.51,1.2162,3
1580004911.507,0.52,1.2104,0.49,1.2046,3
1580004911.693,0.53,1.2008,0.53,1.1926,4
1580004911.865,0.52,1.2159,0.52,1.1899,4
1580004912.037,0.53,1.2085,0.5,1.2008,4
1580004912.208,0.49,1.2336,0.57,1.1943,4
1580004912.382,0.51,1.2222,0.53,1.1975,4
1580004912.554,0.5,1.2293,0.5,1.2037,4
1580004912.725,0.49,1.2313,0.51,1.214,4
1580004912.9,0.52,1.209,0.49,1.2248,4
1580004913.073,0.54,1.194,0.49,1.2199,4
1580004913.244,0.52,1.2134,0.52,1.2007,4
1580004913.418,0.53,1.2,0.53,1.1931,4
1580004913.59,0.54,1.1846,0.54,1.1889,4
1580004913.762,0.54,1.1876,0.53,1.1949,4
1580004913.937,0.55,1.1906,0.56,1.1888,4
1580004914.09,0.53,1.1931,0.55,1.1838,4
1580004914.262,0.56,1.1771,0.54,1.1739,5
1580004914.434,0.54,1.1969,0.54,1.1739,5
1580004914.605,0.55,1.1869,0.54,1.1781,5
1580004914.776,0.51,1.21,0.54,1.1863,5
1580004914.947,0.53,1.2043,0.56,1.1815,5
1580004915.123,0.52,1.2127,0.53,1.1837,5
1580004915.293,0.52,1.2093,0.53,1.1839,5
1580004915.465,0.55,1.1887,0.53,1.1854,5
1580004915.636,0.55,1.1767,0.51,1.197,5
1580004915.812,0.53,1.1993,0.53,1.1924,5
1580004915.985,0.55,1.1818,0.51,1.1847,5
1580004916.164,0.56,1.1696,0.54,1.1811,5
1580004916.339,0.55,1.1775,0.52,1.1814,5
1580004916.511,0.54,1.1788,0.57,1.1796,5
1580004916.665,0.55,1.1797,0.54,1.1807,5
1580004916.845,0.55,1.1761,0.57,1.1644,6
1580004917.022,0.55,1.1812,0.58,1.1598,6
1580004917.199,0.55,1.1804,0.57,1.158,6
1580004917.376,0.52,1.201,0.56,1.1657,6
1580004917.552,0.53,1.1931,0.51,1.1884,6
1580004917.724,0.52,1.2057,0.5,1.1909,6
1580004917.898,0.52,1.2055,0.55,1.1794,6
1580004918.071,0.56,1.1746,0.52,1.1879,6
1580004918.246,0.57,1.1687,0.56,1.1846,6
1580004918.424,0.54,1.1845,0.52,1.1848,6
1580004918.602,0.56,1.1735,0.53,1.189,6
1580004918.777,0.56,1.1674,0.52,1.1795,6
1580004918.949,0.57,1.1649,0.54,1.1784,6
1580004919.122,0.56,1.1676,0.57,1.1702,6
1580004919.279,0.57,1.1708,0.56,1.1609,6
1580004919.459,0.57,1.1636,0.56,1.1554,7
1580004919.631,0.55,1.1795,0.56,1.157,7
1580004919.81,0.56,1.1716,0.56,1.1599,7
1580004919.986,0.53,1.1911,0.55,1.1656,7
1580004920.163,0.55,1.1797,0.55,1.1853,7
1580004920.34,0.53,1.1956,0.52,1.1915,7
1580004920.524,0.53,1.1971,0.53,1.1747,7
1580004920.703,0.57,1.1639,0.54,1.1759,7
1580004920.879,0.57,1.1602,0.54,1.1806,7
1580004921.054,0.55,1.1842,0.53,1.1708,7
1580004921.23,0.57,1.1616,0.54,1.1752,7
1580004921.403,0.56,1.1636,0.53,1.1769,7
1580004921.584,0.57,1.1656,0.54,1.1656,7
1580004921.755,0.57,1.159,0.54,1.1702,7
1580004921.909,0.55,1.1751,0.54,1.1579,7
1580004922.084,0.57,1.1592,0.56,1.1448,8
1580004922.26,0.57,1.1684,0.57,1.1455,8
1580004922.441,0.59,1.1572,0.57,1.149,8
1580004922.623,0.55,1.1784,0.54,1.1581,8
1580004922.8,0.55,1.1715,0.53,1.1664,8
1580004922.974,0.53,1.194,0.53,1.1664,8
1580004923.148,0.56,1.1806,0.55,1.1671,8
1580004923.323,0.58,1.1602,0.54,1.1642,8
1580004923.497,0.57,1.1576,0.55,1.1669,8
1580004923.669,0.55,1.1784,0.56,1.1701,8
1580004923.84,0.56,1.1705,0.53,1.1579,8
1580004924.012,0.58,1.147,0.58,1.1616,8
1580004924.185,0.59,1.1571,0.58,1.1634,8
1580004924.357,0.57,1.1643,0.56,1.1536,8
1580004924.514,0.57,1.163,0.58,1.1592,8
1580004924.688,0.58,1.1582,0.57,1.1514,9
1580004924.86,0.58,1.1595,0.57,1.1503,9
1580004925.033,0.59,1.1481,0.57,1.1549,9
1580004925.206,0.56,1.1714,0.55,1.1637,9
1580004925.381,0.56,1.1661,0.55,1.1662,9
1580004925.561,0.55,1.1795,0.54,1.1616,9
1580004925.734,0.57,1.1703,0.59,1.1567,9
1580004925.906,0.58,1.1468,0.57,1.1597,9
1580004926.079,0.6,1.1414,0.56,1.1583,9
1580004926.254,0.56,1.1721,0.56,1.1543,9
1580004926.427,0.59,1.1446,0.57,1.1491,9
1580004926.605,0.6,1.1377,0.57,1.1549,9
1580004926.779,0.59,1.1445,0.55,1.1523,9
1580004926.953,0.59,1.1431,0.57,1.1479,9
1580004927.106,0.58,1.1533,0.58,1.1508,9
1580004927.281,0.58,1.1509,0.58,1.1364,10
1580004927.454,0.57,1.1518,0.59,1.1397,10
1580004927.63,0.61,1.1311,0.56,1.1559,10
1580004927.803,0.56,1.1658,0.56,1.1609,10
1580004927.977,0.58,1.1479,0.58,1.1605,10
1580004928.149,0.56,1.1744,0.57,1.1467,10
1580004928.321,0.58,1.1595,0.57,1.137,10
1580004928.494,0.59,1.1406,0.58,1.137,10
1580004928.667,0.6,1.137,0.58,1.1352,10
1580004928.84,0.56,1.1764,0.55,1.155,10
1580004929.012,0.59,1.1393,0.55,1.1626,10
1580004929.185,0.6,1.1311,0.55,1.1669,10
1580004929.358,0.6,1.1394,0.58,1.1547,10
1580004929.536,0.6,1.135,0.6,1.128,10
1580004929.692,0.59,1.1465,0.62,1.1359,10
1580004929.865,0.6,1.1368,0.6,1.1356,11
1580004930.038,0.58,1.1508,0.6,1.1283,11
1580004930.21,0.6,1.1321,0.57,1.146,11
1580004930.384,0.58,1.1502,0.53,1.1687,11
1580004930.558,0.58,1.1506,0.52,1.1934,11
1580004930.733,0.54,1.1847,0.52,1.191,11
1580004930.904,0.55,1.1788,0.56,1.1605,11
1580004931.078,0.6,1.1361,0.58,1.1482,11
1580004931.25,0.61,1.1293,0.59,1.136,11
1580004931.423,0.56,1.1676,0.58,1.1254,11
1580004931.594,0.59,1.1413,0.6,1.1222,11
1580004931.767,0.6,1.1306,0.57,1.1372,11
1580004931.939,0.61,1.1318,0.55,1.1621,11
1580004932.11,0.6,1.1372,0.58,1.164,11
1580004932.265,0.57,1.1537,0.57,1.1565,11
1580004932.439,0.59,1.1387,0.57,1.1525,12
1580004932.612,0.6,1.136,0.58,1.1349,12
1580004932.79,0.61,1.1261,0.63,1.1211,12
1580004932.965,0.57,1.1624,0.6,1.1289,12
1580004933.14,0.59,1.1426,0.56,1.1504,12
1580004933.313,0.57,1.1651,0.56,1.16,12
1580004933.487,0.57,1.1653,0.58,1.1575,12
1580004933.659,0.59,1.1388,0.56,1.1539,12
1580004933.845,0.63,1.1215,0.55,1.1608,12
1580004934.021,0.58,1.1557,0.59,1.145,12
1580004934.195,0.59,1.1428,0.59,1.1158,12
1580004934.373,0.61,1.1218,0.61,1.1216,12
1580004934.545,0.6,1.135,0.61,1.1292,12
1580004934.719,0.61,1.1274,0.57,1.14,12
1580004934.878,0.59,1.1508,0.6,1.1401,12
1580004935.055,0.61,1.1234,0.6,1.1424,13
1580004935.252,0.6,1.137,0.57,1.1379,13
1580004935.425,0.61,1.1225,0.57,1.1398,13
1580004935.598,0.59,1.1512,0.59,1.1311,13
1580004935.775,0.58,1.1466,0.57,1.1318,13
1580004935.953,0.58,1.1524,0.58,1.1487,13
1580004936.13,0.56,1.1763,0.59,1.1322,13
1580004936.304,0.58,1.1376,0.55,1.1448,13
1580004936.477,0.6,1.1284,0.56,1.166,13
1580004936.651,0.57,1.1625,0.57,1.1591,13
1580004936.825,0.57,1.1528,0.61,1.1322,13
1580004937.0,0.62,1.1163,0.59,1.1347,13
1580004937.176,0.62,1.1232,0.6,1.1324,13
1580004937.349,0.6,1.1345,0.63,1.1225,13
1580004937.505,0.57,1.1562,0.59,1.126,13
1580004937.679,0.59,1.1342,0.59,1.1199,14
1580004937.851,0.59,1.1459,0.6,1.1228,14
1580004938.027,0.61,1.1243,0.62,1.1238,14
1580004938.2,0.6,1.1394,0.6,1.1308,14
1580004938.373,0.6,1.1333,0.57,1.1599,14
1580004938.549,0.56,1.1712,0.55,1.1615,14
1580004938.723,0.57,1.1592,0.6,1.1468,14
1580004938.899,0.61,1.1269,0.57,1.139,14
1580004939.074,0.6,1.1245,0.64,1.1264,14
1580004939.248,0.59,1.1428,0.62,1.1178,14
1580004939.422,0.61,1.1245,0.63,1.1125,14
1580004939.598,0.6,1.1221,0.64,1.1133,14
1580004939.772,0.62,1.1178,0.6,1.1211,14
1580004939.946,0.62,1.1138,0.61,1.1289,14
1580004940.101,0.61,1.1355,0.61,1.1301,14
1580004940.276,0.62,1.1165,0.61,1.113,15
1580004940.45,0.6,1.1265,0.62,1.1104,15
1580004940.623,0.64,1.1045,0.63,1.1186,15
1580004940.796,0.6,1.1371,0.63,1.1136,15
1580004940.969,0.61,1.1311,0.63,1.1228,15
1580004941.144,0.6,1.1432,0.53,1.1564,15
1580004941.318,0.58,1.1562,0.58,1.1461,15
1580004941.491,0.61,1.1266,0.63,1.1275,15
1580004941.675,0.61,1.1235,0.6,1.1295,15
1580004941.849,0.6,1.1312,0.6,1.1239,15
1580004942.021,0.6,1.1297,0.66,1.1104,15
1580004942.196,0.61,1.1272,0.62,1.1076,15
1580004942.369,0.62,1.1152,0.65,1.1074,15
1580004942.542,0.63,1.1111,0.63,1.1159,15
1580004942.697,0.6,1.1387,0.59,1.1345,15
1580004942.874,0.62,1.1189,0.61,1.1175,16
1580004943.048,0.61,1.1292,0.63,1.1094,16
1580004943.223,0.64,1.1009,0.63,1.117,16
1580004943.397,0.61,1.1253,0.62,1.1149,16
1580004943.573,0.59,1.1388,0.63,1.1125,16
1580004943.746,0.58,1.1499,0.61,1.1169,16
1580004943.919,0.6,1.1376,0.62,1.1221,16
1580004944.094,0.62,1.1132,0.61,1.1304,16
1580004944.267,0.62,1.1176,0.62,1.1236,16
1580004944.44,0.59,1.136,0.64,1.1099,16
1580004944.616,0.63,1.1091,0.64,1.1043,16
1580004944.79,0.64,1.1001,0.64,1.1009,16
1580004944.963,0.62,1.1188,0.61,1.1045,16
1580004945.147,0.61,1.114,0.63,1.0998,16
1580004945.303,0.61,1.1175,0.61,1.1107,16
1580004945.481,0.65,1.1011,0.6,1.1149,17
1580004945.659,0.61,1.1214,0.63,1.1079,17
1580004945.838,0.63,1.1044,0.64,1.1035,17
1580004946.012,0.62,1.1158,0.64,1.0975,17
1580004946.195,0.61,1.1175,0.61,1.0998,17
1580004946.371,0.61,1.1298,0.62,1.1008,17
1580004946.545,0.61,1.1255,0.61,1.1145,17
1580004946.722,0.62,1.1083,0.62,1.1142,17
1580004946.897,0.64,1.0935,0.64,1.102,17
1580004947.07,0.61,1.1272,0.64,1.0979,17
1580004947.246,0.64,1.096,0.66,1.092,17
1580004947.423,0.64,1.0964,0.66,1.0902,17
1580004947.597,0.66,1.0973,0.65,1.089,17
1580004947.773,0.64,1.0966,0.64,1.0919,17
1580004947.929,0.63,1.1086,0.64,1.0957,17
1580004948.104,0.64,1.0951,0.63,1.104,18
1580004948.28,0.61,1.1174,0.65,1.0983,18
1580004948.455,0.66,1.0844,0.63,1.1127,18
1580004948.638,0.62,1.1094,0.64,1.0979,18
1580004948.817,0.62,1.1136,0.65,1.1054,18
1580004948.994,0.6,1.1322,0.62,1.1052,18
1580004949.174,0.61,1.1262,0.63,1.1075,18
1580004949.348,0.64,1.1022,0.61,1.131,18
1580004949.521,0.65,1.0934,0.6,1.1223,18
1580004949.696,0.62,1.12,0.65,1.1009,18
1580004949.891,0.64,1.0956,0.65,1.0907,18
1580004950.065,0.64,1.0945,0.64,1.0908,18
1580004950.241,0.64,1.0997,0.65,1.0894,18
1580004950.42,0.64,1.0966,0.62,1.1042,18
1580004950.574,0.63,1.1111,0.62,1.1131,18
1580004950.762,0.65,1.0909,0.63,1.1038,19
1580004950.938,0.62,1.1044,0.64,1.1083,19
1580004951.113,0.66,1.0847,0.63,1.1016,19
1580004951.293,0.65,1.0963,0.64,1.0887,19
1580004951.47,0.62,1.1098,0.64,1.0884,19
1580004951.653,0.62,1.1134,0.63,1.1017,19
1580004951.829,0.62,1.115,0.63,1.0986,19
1580004952.005,0.64,1.0936,0.66,1.093,19
1580004952.182,0.66,1.0805,0.62,1.0933,19
1580004952.366,0.63,1.1032,0.65,1.0853,19
1580004952.547,0.65,1.0873,0.65,1.0814,19
1580004952.723,0.64,1.0989,0.64,1.077,19
1580004952.898,0.65,1.085,0.65,1.0797,19
1580004953.075,0.65,1.0888,0.65,1.0882,19
1580004953.231,0.63,1.104,0.61,1.1061,19
1580004953.409,0.65,1.087,0.66,1.09,20
1580004953.585,0.64,1.0937,0.66,1.0859,20
1580004953.766,0.67,1.0777,0.62,1.0903,20
1580004953.942,0.66,1.0883,0.66,1.0802,20
1580004954.12,0.63,1.1002,0.65,1.0833,20
1580004954.298,0.63,1.1094,0.64,1.0889,20
1580004954.473,0.64,1.1033,0.66,1.0864,20
1580004954.649,0.65,1.0849,0.65,1.0922,20
1580004954.825,0.68,1.0663,0.64,1.09,20
1580004955.0,0.65,1.0999,0.63,1.0855,20
1580004955.179,0.67,1.0749,0.65,1.0755,20
1580004955.355,0.66,1.0785,0.65,1.0806,20
1580004955.532,0.66,1.0796,0.69,1.0752,20
1580004955.707,0.66,1.0747,0.68,1.0713,20
1580004955.863,0.64,1.0954,0.67,1.0818,20
1580004956.046,0.67,1.072,0.62,1.1023,21
1580004956.225,0.64,1.0998,0.66,1.082,21
1580004956.401,0.67,1.0715,0.64,1.1004,21
1580004956.577,0.63,1.0998,0.62,1.0948,21
1580004956.752,0.62,1.1179,0.63,1.0906,21
1580004956.928,0.64,1.1048,0.6,1.114,21
1580004957.104,0.61,1.1276,0.65,1.0828,21
1580004957.284,0.66,1.0768,0.65,1.0996,21
1580004957.469,0.65,1.0837,0.64,1.0942,21
1580004957.644,0.64,1.0977,0.65,1.0747,21
1580004957.821,0.68,1.0682,0.64,1.0922,21
1580004957.997,0.65,1.0925,0.66,1.0701,21
1580004958.173,0.67,1.074,0.67,1.0742,21
1580004958.351,0.66,1.0798,0.67,1.0758,21
1580004958.513,0.65,1.09,0.64,1.0964,21
1580004958.692,0.67,1.0685,0.59,1.115,22
1580004958.867,0.64,1.0987,0.65,1.0916,22
1580004959.044,0.67,1.0718,0.66,1.0824,22
1580004959.22,0.64,1.0895,0.64,1.1048,22
1580004959.399,0.6,1.1301,0.67,1.0769,22
1580004959.575,0.62,1.1079,0.61,1.11,22
1580004959.75,0.61,1.1209,0.6,1.1292,22
1580004959.933,0.61,1.122,0.64,1.0991,22
1580004960.123,0.68,1.0732,0.63,1.1105,22
1580004960.307,0.63,1.105,0.59,1.1256,22
1580004960.486,0.61,1.1156,0.68,1.0744,22
1580004960.662,0.65,1.0828,0.65,1.0868,22
1580004960.839,0.66,1.0784,0.6,1.1043,22
1580004961.017,0.62,1.1088,0.62,1.0841,22
1580004961.173,0.65,1.0893,0.68,1.0769,22
1580004961.351,0.65,1.0826,0.64,1.0939,23
1580004961.531,0.65,1.0968,0.64,1.0905,23
1580004961.713,0.66,1.0773,0.65,1.0805,23
1580004961.887,0.65,1.0868,0.67,1.08,23
1580004962.062,0.64,1.0955,0.64,1.089,23
1580004962.236,0.64,1.0992,0.62,1.0865,23
1580004962.411,0.65,1.0923,0.66,1.0762,23
1580004962.596,0.67,1.0681,0.66,1.0724,23
1580004962.772,0.68,1.0555,0.67,1.067,23
1580004962.947,0.66,1.0825,0.68,1.0631,23
1580004963.121,0.68,1.0652,0.7,1.0646,23
1580004963.308,0.67,1.0615,0.67,1.0751,23
1580004963.485,0.67,1.07,0.65,1.0799,23
1580004963.662,0.67,1.0752,0.69,1.0725,23
1580004963.821,0.67,1.0732,0.66,1.0768,23
1580004963.999,0.65,1.0797,0.68,1.0687,24
1580004964.176,0.66,1.0778,0.68,1.0667,24
1580004964.356,0.68,1.0622,0.68,1.0693,24
1580004964.531,0.66,1.0788,0.69,1.0705,24
1580004964.707,0.65,1.0814,0.67,1.077,24
1580004964.885,0.65,1.0858,0.65,1.0772,24
1580004965.06,0.66,1.0845,0.65,1.0807,24
1580004965.236,0.67,1.07,0.65,1.0801,24
1580004965.412,0.69,1.0511,0.69,1.07,24
1580004965.589,0.67,1.08,0.65,1.0802,24
1580004965.766,0.68,1.0706,0.68,1.0657,24
1580004965.942,0.68,1.0612,0.66,1.0765,24
1580004966.132,0.69,1.058,0.62,1.1027,24
1580004966.323,0.67,1.0798,0.63,1.0878,24
1580004966.492,0.67,1.0704,0.67,1.0833,24
1580004966.689,0.66,1.0761,0.66,1.0869,25
1580004966.867,0.66,1.0804,0.68,1.0691,25
1580004967.043,0.68,1.0584,0.66,1.079,25
1580004967.219,0.67,1.0706,0.61,1.0899,25
1580004967.395,0.65,1.089,0.65,1.0819,25
1580004967.572,0.66,1.078,0.64,1.0854,25
1580004967.755,0.65,1.086,0.65,1.0781,25
1580004967.93,0.69,1.0557,0.64,1.0843,25
1580004968.106,0.69,1.0455,0.64,1.0789,25
1580004968.284,0.67,1.0745,0.69,1.0678,25
1580004968.458,0.68,1.0577,0.67,1.0723,25
1580004968.644,0.68,1.061,0.69,1.0635,25
1580004968.823,0.68,1.0577,0.63,1.0934,25
1580004968.997,0.68,1.0692,0.62,1.0993,25
1580004969.153,0.66,1.0755,0.66,1.077,25
1580004969.331,0.67,1.0671,0.65,1.0875,26
1580004969.507,0.67,1.072,0.66,1.0807,26
1580004969.684,0.68,1.0599,0.68,1.0774,26
1580004969.862,0.68,1.0636,0.63,1.1021,26
1580004970.037,0.66,1.0848,0.62,1.0982,26
1580004970.232,0.67,1.0799,0.65,1.0854,26
1580004970.411,0.67,1.0774,0.66,1.0811,26
1580004970.586,0.69,1.0531,0.66,1.0815,26
1580004970.76,0.7,1.0398,0.64,1.0796,26
1580004970.938,0.68,1.0685,0.68,1.0731,26
1580004971.113,0.7,1.0463,0.69,1.0677,26
1580004971.289,0.69,1.0459,0.69,1.0691,26
1580004971.464,0.68,1.0596,0.67,1.0752,26
1580004971.643,0.68,1.0589,0.66,1.0756,26
1580004971.803,0.68,1.0602,0.64,1.0843,26
1580004971.98,0.67,1.067,0.65,1.0783,27
1580004972.156,0.66,1.0694,0.69,1.0638,27
1580004972.333,0.7,1.047,0.65,1.0867,27
1580004972.508,0.66,1.0797,0.66,1.0761,27
1580004972.684,0.66,1.0748,0.63,1.0901,27
1580004972.866,0.66,1.0758,0.6,1.1095,27
1580004973.044,0.64,1.0975,0.62,1.0919,27
1580004973.218,0.69,1.0512,0.67,1.0775,27
1580004973.395,0.71,1.0387,0.65,1.0905,27
1580004973.571,0.67,1.0795,0.66,1.0756,27
1580004973.746,0.69,1.0548,0.67,1.0713,27
1580004973.926,0.69,1.0471,0.66,1.0802,27
1580004974.101,0.69,1.0566,0.67,1.0776,27
1580004974.277,0.69,1.0564,0.65,1.0789,27
1580004974.434,0.68,1.0559,0.64,1.0838,27
1580004974.612,0.67,1.0679,0.65,1.0755,28
1580004974.787,0.67,1.0582,0.67,1.0683,28
1580004974.963,0.69,1.048,0.69,1.0611,28
1580004975.142,0.68,1.0594,0.69,1.0657,28
1580004975.317,0.67,1.0642,0.62,1.0967,28
1580004975.494,0.66,1.0752,0.63,1.0955,28
1580004975.668,0.66,1.0791,0.63,1.0853,28
1580004975.849,0.7,1.0476,0.65,1.0711,28
1580004976.026,0.71,1.035,0.69,1.0636,28
1580004976.203,0.67,1.0704,0.68,1.07,28
1580004976.378,0.69,1.0505,0.66,1.0769,28
1580004976.555,0.69,1.0475,0.65,1.0847,28
1580004976.731,0.68,1.054,0.66,1.0839,28
1580004976.906,0.68,1.0583,0.64,1.0806,28
1580004977.064,0.68,1.0571,0.65,1.0892,28
1580004977.242,0.67,1.068,0.63,1.0958,29
1580004977.42,0.67,1.0638,0.67,1.0759,29
1580004977.596,0.7,1.0433,0.65,1.0674,29
1580004977.772,0.68,1.0607,0.67,1.0687,29
1580004977.949,0.66,1.0764,0.63,1.0928,29
1580004978.126,0.68,1.0647,0.62,1.1209,29
1580004978.303,0.66,1.0901,0.62,1.1069,29
1580004978.479,0.69,1.0519,0.66,1.0725,29
1580004978.665,0.72,1.0241,0.69,1.0575,29
1580004978.84,0.64,1.0928,0.7,1.0593,29
1580004979.024,0.69,1.054,0.64,1.0915,29
1580004979.201,0.7,1.0395,0.6,1.1173,29
1580004979.378,0.65,1.0835,0.63,1.1144,29
1580004979.554,0.66,1.0787,0.65,1.0979,29
1580004979.712,0.68,1.0621,0.67,1.0709,29
1580004979.89,0.67,1.0614,0.67,1.0754,30
1580004980.078,0.67,1.0691,0.67,1.0809,30
1580004980.259,0.68,1.0553,0.65,1.0928,30
1580004980.442,0.69,1.0618,0.62,1.1129,30
1580004980.624,0.67,1.0647,0.6,1.1128,30
1580004980.806,0.65,1.0817,0.6,1.1113,30
1580004980.986,0.65,1.0888,0.63,1.1121,30
1580004981.164,0.69,1.0535,0.62,1.1032,30
1580004981.346,0.71,1.0327,0.69,1.0802,30
1580004981.524,0.67,1.0737,0.66,1.0804,30
1580004981.705,0.68,1.0582,0.66,1.0761,30
1580004981.884,0.69,1.0433,0.63,1.0917,30
1580004982.06,0.69,1.0515,0.65,1.1058,30
1580004982.238,0.67,1.0679,0.66,1.1097,30
1580004982.396,0.66,1.0754,0.63,1.0988,30
1580004982.58,0.68,1.0548,0.66,1.0806,31
1580004982.759,0.69,1.0525,0.69,1.0735,31
1580004982.939,0.69,1.0477,0.67,1.0801,31
1580004983.122,0.68,1.0625,0.67,1.0795,31
1580004983.298,0.69,1.0571,0.62,1.1069,31
1580004983.474,0.69,1.06,0.61,1.1233,31
1580004983.654,0.64,1.0937,0.62,1.1172,31
1580004983.83,0.68,1.0584,0.62,1.0935,31
1580004984.005,0.71,1.0323,0.65,1.0845,31
1580004984.185,0.67,1.0711,0.65,1.0916,31
1580004984.363,0.65,1.0784,0.68,1.0777,31
1580004984.539,0.67,1.0661,0.63,1.0902,31
1580004984.717,0.69,1.0454,0.63,1.1107,31
1580004984.893,0.69,1.0528,0.64,1.1097,31
1580004985.052,0.66,1.081,0.65,1.1055,31
1580004985.234,0.68,1.0651,0.64,1.0879,32
1580004985.411,0.67,1.0664,0.65,1.079,32
1580004985.586,0.69,1.0509,0.66,1.0875,32
1580004985.765,0.68,1.0646,0.65,1.0943,32
1580004985.944,0.65,1.0817,0.64,1.0945,32
1580004986.122,0.66,1.0798,0.63,1.1099,32
1580004986.303,0.65,1.0802,0.61,1.1103,32
1580004986.489,0.7,1.0459,0.64,1.1056,32
1580004986.668,0.68,1.0571,0.65,1.0822,32
1580004986.85,0.66,1.0799,0.68,1.0669,32
1580004987.028,0.68,1.0578,0.64,1.0729,32
1580004987.207,0.69,1.0401,0.68,1.0703,32
1580004987.387,0.69,1.0531,0.64,1.0878,32
1580004987.567,0.67,1.0682,0.66,1.0794,32
1580004987.724,0.68,1.0544,0.68,1.0777,32
1580004987.906,0.69,1.049,0.66,1.0699,33
1580004988.084,0.69,1.0502,0.68,1.0593,33
1580004988.267,0.69,1.0457,0.67,1.058,33
1580004988.445,0.69,1.0547,0.63,1.0713,33
1580004988.623,0.68,1.062,0.64,1.0981,33
1580004988.802,0.69,1.0504,0.63,1.1186,33
1580004988.983,0.67,1.073,0.62,1.1099,33
1580004989.16,0.7,1.0433,0.61,1.1012,33
1580004989.337,0.72,1.0236,0.68,1.0694,33
1580004989.514,0.67,1.0609,0.67,1.075,33
1580004989.691,0.69,1.0556,0.67,1.0797,33
1580004989.868,0.69,1.0449,0.63,1.0983,33
1580004990.046,0.71,1.0336,0.62,1.1159,33
1580004990.225,0.69,1.0543,0.61,1.109,33
1580004990.382,0.68,1.0526,0.68,1.0809,33
1580004990.56,0.7,1.0435,0.64,1.0819,34
1580004990.738,0.69,1.0516,0.66,1.0771,34
1580004990.916,0.7,1.0369,0.66,1.0763,34
1580004991.097,0.7,1.0416,0.63,1.0943,34
1580004991.275,0.69,1.0566,0.63,1.0928,34
1580004991.451,0.7,1.0449,0.64,1.0976,34
1580004991.625,0.67,1.0653,0.66,1.0957,34
1580004991.803,0.71,1.0321,0.64,1.0916,34
1580004991.98,0.71,1.0267,0.64,1.0876,34
1580004992.16,0.69,1.0511,0.68,1.0767,34
1580004992.339,0.7,1.0371,0.64,1.0909,34
1580004992.518,0.68,1.051,0.66,1.0808,34
1580004992.695,0.71,1.0356,0.61,1.1149,34
1580004992.871,0.7,1.043,0.58,1.1366,34
1580004993.029,0.67,1.0699,0.62,1.1154,34
1580004993.208,0.69,1.0514,0.67,1.0781,35
1580004993.391,0.71,1.0392,0.67,1.0768,35
1580004993.566,0.7,1.0366,0.62,1.0917,35
1580004993.742,0.68,1.0641,0.65,1.0911,35
1580004993.916,0.68,1.0606,0.61,1.1182,35
1580004994.094,0.68,1.0606,0.59,1.135,35
1580004994.273,0.66,1.0769,0.62,1.1181,35
1580004994.451,0.69,1.0426,0.63,1.1017,35
1580004994.627,0.7,1.0433,0.67,1.0711,35
1580004994.805,0.69,1.0471,0.66,1.0795,35
1580004994.982,0.69,1.0461,0.68,1.0845,35
1580004995.159,0.69,1.0545,0.65,1.0902,35
1580004995.338,0.68,1.0574,0.64,1.0951,35
1580004995.514,0.7,1.0367,0.64,1.1045,35
1580004995.671,0.7,1.0474,0.65,1.0888,35
1580004995.849,0.69,1.0512,0.67,1.0698,36
1580004996.025,0.68,1.0614,0.69,1.0533,36
1580004996.202,0.7,1.0411,0.67,1.0721,36
1580004996.384,0.69,1.0551,0.65,1.0848,36
1580004996.565,0.66,1.0688,0.66,1.0876,36
1580004996.745,0.68,1.0593,0.66,1.0948,36
1580004996.922,0.66,1.0715,0.63,1.1103,36
1580004997.098,0.7,1.0437,0.62,1.1184,36
1580004997.276,0.7,1.0392,0.65,1.0843,36
1580004997.452,0.69,1.0539,0.68,1.0497,36
1580004997.629,0.68,1.0564,0.71,1.042,36
1580004997.807,0.66,1.0677,0.67,1.0619,36
1580004997.985,0.69,1.0514,0.64,1.0819,36
1580004998.169,0.72,1.0328,0.63,1.1149,36
1580004998.326,0.66,1.0724,0.62,1.1156,36
1580004998.517,0.67,1.0713,0.68,1.0682,37
1580004998.696,0.7,1.0396,0.68,1.0475,37
1580004998.875,0.7,1.0413,0.71,1.0475,37
1580004999.052,0.66,1.0783,0.71,1.0492,37
1580004999.229,0.63,1.1038,0.68,1.0467,37
1580004999.406,0.67,1.0646,0.64,1.0955,37
1580004999.586,0.68,1.0608,0.61,1.1394,37
1580004999.763,0.69,1.0492,0.62,1.1347,37
1580004999.94,0.66,1.0744,0.61,1.113,37
1580005000.117,0.66,1.0764,0.67,1.0735,37
1580005000.295,0.71,1.0349,0.7,1.0528,37
1580005000.477,0.66,1.0731,0.68,1.0479,37
1580005000.656,0.64,1.0952,0.67,1.0561,37
1580005000.84,0.67,1.0642,0.65,1.0955,37
1580005000.997,0.68,1.0591,0.6,1.1269,37
1580005001.18,0.69,1.054,0.59,1.1356,38
1580005001.359,0.66,1.0807,0.6,1.1251,38
1580005001.536,0.68,1.0592,0.65,1.1012,38
1580005001.72,0.69,1.0521,0.63,1.0896,38
1580005001.897,0.66,1.0701,0.66,1.0785,38
1580005002.076,0.66,1.0745,0.66,1.0744,38
1580005002.253,0.67,1.0746,0.63,1.083,38
1580005002.43,0.67,1.0572,0.63,1.1019,38
1580005002.613,0.71,1.0251,0.61,1.1296,38
1580005002.789,0.69,1.0569,0.59,1.1413,38
1580005002.968,0.67,1.0673,0.61,1.1233,38
1580005003.147,0.7,1.0421,0.64,1.09,38
1580005003.324,0.7,1.04,0.64,1.0776,38
1580005003.503,0.71,1.0344,0.67,1.0704,38
1580005003.668,0.69,1.0522,0.68,1.0584,38
1580005003.846,0.7,1.0384,0.68,1.0582,39
1580005004.022,0.7,1.0411,0.67,1.0771,39
1580005004.201,0.71,1.0306,0.65,1.086,39
1580005004.378,0.7,1.0441,0.64,1.0803,39
1580005004.554,0.7,1.0458,0.66,1.0772,39
1580005004.732,0.7,1.0367,0.66,1.0815,39
1580005004.912,0.68,1.0566,0.66,1.0819,39
1580005005.09,0.7,1.0279,0.66,1.0889,39
1580005005.26,0.74,1.0131,0.65,1.093,39
1580005005.441,0.7,1.0404,0.66,1.0838,39
1580005005.62,0.72,1.0273,0.66,1.0754,39
1580005005.802,0.72,1.0248,0.66,1.0734,39
1580005005.98,0.71,1.0362,0.68,1.0644,39
1580005006.158,0.71,1.0321,0.68,1.0664,39
1580005006.318,0.7,1.0335,0.68,1.0732,39
1580005006.498,0.71,1.0287,0.66,1.0976,40
1580005006.676,0.7,1.0401,0.65,1.0827,40
1580005006.858,0.71,1.0259,0.67,1.0698,40
1580005007.038,0.7,1.0364,0.69,1.0599,40
1580005007.216,0.68,1.0577,0.69,1.0649,40
1580005007.393,0.69,1.0494,0.67,1.0699,40
1580005007.57,0.69,1.0502,0.65,1.1038,40
1580005007.753,0.73,1.0187,0.61,1.1323,40
1580005007.932,0.69,1.0465,0.62,1.1229,40
1580005008.11,0.68,1.0616,0.65,1.0963,40
1580005008.289,0.71,1.0308,0.67,1.0594,40
1580005008.466,0.71,1.0254,0.7,1.0444,40
1580005008.651,0.67,1.066,0.68,1.0503,40
1580005008.828,0.69,1.0501,0.69,1.0559,40
1580005008.987,0.7,1.0406,0.61,1.1121,40
1580005009.171,0.72,1.0297,0.58,1.1423,41
1580005009.35,0.67,1.0667,0.59,1.1391,41
1580005009.529,0.67,1.0592,0.63,1.1149,41
1580005009.708,0.67,1.0677,0.66,1.0779,41
1580005009.883,0.69,1.0479,0.69,1.058,41
1580005010.061,0.68,1.0594,0.66,1.074,41
1580005010.24,0.65,1.0836,0.63,1.0893,41
1580005010.419,0.68,1.0562,0.63,1.0954,41
1580005010.595,0.71,1.0295,0.59,1.135,41
1580005010.78,0.67,1.0692,0.61,1.1333,41
1580005010.966,0.69,1.0508,0.61,1.1232,41
1580005011.148,0.71,1.0352,0.62,1.111,41
1580005011.327,0.69,1.0514,0.65,1.0866,41
1580005011.505,0.7,1.0398,0.66,1.0731,41
1580005011.662,0.69,1.0425,0.67,1.074,41
1580005011.847,0.71,1.0319,0.65,1.0768,42
1580005012.024,0.7,1.0352,0.64,1.0841,42
1580005012.206,0.71,1.0293,0.65,1.0853,42
1580005012.387,0.7,1.0415,0.66,1.0929,42
1580005012.564,0.7,1.0438,0.65,1.0889,42
1580005012.743,0.7,1.0399,0.65,1.088,42
1580005012.922,0.69,1.0531,0.63,1.0872,42
1580005013.099,0.7,1.0339,0.64,1.0845,42
1580005013.279,0.72,1.0244,0.67,1.0763,42
1580005013.456,0.71,1.0306,0.65,1.0861,42
1580005013.633,0.72,1.0213,0.68,1.0859,42
1580005013.812,0.71,1.0346,0.65,1.0861,42
1580005013.989,0.7,1.0394,0.62,1.0877,42
1580005014.169,0.72,1.0252,0.66,1.0672,42
1580005014.33,0.72,1.0272,0.68,1.0733,42
1580005014.509,0.71,1.0281,0.66,1.085,43
1580005014.687,0.7,1.0415,0.66,1.0787,43
1580005014.865,0.72,1.0241,0.67,1.0705,43
1580005015.043,0.73,1.0252,0.65,1.0759,43
1580005015.222,0.71,1.0342,0.65,1.078,43
1580005015.402,0.7,1.0421,0.65,1.0759,43
1580005015.579,0.69,1.0477,0.65,1.081,43
1580005015.756,0.73,1.0076,0.61,1.1056,43
1580005015.937,0.72,1.0192,0.64,1.1089,43
1580005016.114,0.7,1.0413,0.65,1.094,43
1580005016.292,0.72,1.0197,0.66,1.078,43
1580005016.473,0.72,1.0158,0.65,1.08,43
1580005016.65,0.71,1.0281,0.66,1.0805,43
1580005016.826,0.72,1.0257,0.64,1.0809,43
1580005016.992,0.71,1.0308,0.66,1.0778,43
1580005017.172,0.73,1.02,0.66,1.0975,44
1580005017.349,0.73,1.0193,0.63,1.1076,44
1580005017.527,0.72,1.0236,0.64,1.1015,44
1580005017.704,0.7,1.0417,0.66,1.0835,44
1580005017.881,0.71,1.0302,0.68,1.0734,44
1580005018.06,0.71,1.0318,0.63,1.0885,44
1580005018.238,0.7,1.046,0.65,1.0895,44
1580005018.413,0.72,1.0208,0.67,1.079,44
1580005018.588,0.73,1.0091,0.66,1.0861,44
1580005018.768,0.71,1.0357,0.66,1.083,44
1580005018.947,0.73,1.0131,0.65,1.0792,44
1580005019.124,0.73,1.0116,0.66,1.0715,44
1580005019.301,0.71,1.0306,0.66,1.0668,44
1580005019.478,0.72,1.022,0.66,1.0678,44
1580005019.637,0.72,1.0214,0.68,1.0717,44
1580005019.818,0.72,1.0217,0.66,1.0773,45
1580005020.002,0.72,1.0222,0.66,1.0869,45
1580005020.192,0.72,1.0175,0.66,1.083,45
1580005020.368,0.72,1.0243,0.66,1.0766,45
1580005020.548,0.72,1.0191,0.65,1.0795,45
1580005020.725,0.7,1.0378,0.69,1.071,45
1580005020.903,0.7,1.0428,0.61,1.1036,45
1580005021.097,0.73,1.0152,0.64,1.0994,45
1580005021.277,0.73,1.0159,0.63,1.1179,45
1580005021.453,0.7,1.0507,0.6,1.1217,45
1580005021.63,0.71,1.0279,0.67,1.0726,45
1580005021.807,0.72,1.0157,0.63,1.0742,45
1580005021.986,0.71,1.0345,0.65,1.0701,45
1580005022.164,0.71,1.0323,0.66,1.071,45
1580005022.323,0.71,1.0265,0.65,1.0925,45
1580005022.5,0.73,1.0178,0.65,1.0889,46
1580005022.677,0.73,1.0168,0.67,1.08,46
1580005022.856,0.73,1.0107,0.66,1.0817,46
1580005023.037,0.72,1.0272,0.66,1.0735,46
1580005023.214,0.73,1.0236,0.66,1.0728,46
1580005023.403,0.72,1.0264,0.65,1.0719,46
1580005023.582,0.69,1.0523,0.63,1.0737,46
1580005023.759,0.73,1.0098,0.64,1.1021,46
1580005023.936,0.7,1.039,0.67,1.0839,46
1580005024.116,0.73,1.0185,0.6,1.1244,46
1580005024.304,0.71,1.0281,0.6,1.1258,46
1580005024.481,0.69,1.0442,0.65,1.0887,46
1580005024.661,0.71,1.0243,0.64,1.089,46
1580005024.843,0.71,1.0353,0.67,1.0714,46
1580005025.001,0.7,1.0347,0.66,1.0775,46
1580005025.188,0.73,1.0153,0.61,1.1302,47
1580005025.367,0.68,1.055,0.63,1.0975,47
1580005025.544,0.72,1.0209,0.66,1.0727,47
1580005025.722,0.72,1.0173,0.62,1.1011,47
1580005025.901,0.68,1.0579,0.63,1.1015,47
1580005026.086,0.68,1.0629,0.65,1.0813,47
1580005026.283,0.71,1.0402,0.65,1.0938,47
1580005026.474,0.72,1.0155,0.62,1.1219,47
1580005026.668,0.7,1.0411,0.63,1.0956,47
1580005026.848,0.71,1.0352,0.65,1.0811,47
1580005027.026,0.73,1.0115,0.62,1.0881,47
1580005027.203,0.71,1.0247,0.63,1.0756,47
1580005027.38,0.71,1.0321,0.64,1.0772,47
1580005027.557,0.73,1.0139,0.64,1.0822,47
1580005027.717,0.72,1.0235,0.66,1.0848,47
1580005027.896,0.74,1.0127,0.63,1.1076,48
1580005028.076,0.73,1.021,0.63,1.1045,48
1580005028.256,0.73,1.0147,0.63,1.0945,48
1580005028.433,0.72,1.0274,0.64,1.0817,48
1580005028.616,0.71,1.0261,0.67,1.076,48
1580005028.795,0.72,1.0241,0.64,1.0855,48
1580005028.973,0.71,1.0307,0.65,1.0922,48
1580005029.15,0.74,0.9969,0.64,1.1002,48
1580005029.332,0.74,1.0063,0.65,1.1004,48
1580005029.51,0.73,1.0225,0.68,1.0825,48
1580005029.687,0.74,1.0065,0.65,1.0813,48
1580005029.867,0.74,1.0067,0.66,1.0751,48
1580005030.045,0.73,1.0181,0.65,1.0728,48
1580005030.224,0.73,1.0097,0.67,1.0757,48
1580005030.381,0.73,1.0204,0.66,1.0722,48
1580005030.559,0.74,1.0068,0.64,1.0942,49
1580005030.737,0.73,1.0144,0.61,1.1084,49
1580005030.914,0.74,1.01,0.67,1.0861,49
1580005031.093,0.72,1.02,0.71,1.0544,49
1580005031.277,0.72,1.0225,0.7,1.0568,49
1580005031.454,0.7,1.0395,0.66,1.0603,49
1580005031.635,0.71,1.0359,0.67,1.0764,49
1580005031.814,0.75,0.999,0.62,1.122,49
1580005031.993,0.73,1.013,0.64,1.1101,49
1580005032.172,0.73,1.0192,0.62,1.0997,49
1580005032.353,0.73,1.0049,0.65,1.0891,49
1580005032.532,0.73,1.0076,0.67,1.0729,49
1580005032.71,0.72,1.0178,0.65,1.0816,49
1580005032.888,0.74,1.0097,0.65,1.089,49
1580005033.048,0.73,1.0134,0.64,1.098,49
1580005033.23,0.73,1.0163,0.64,1.1038,50
1580005033.417,0.72,1.019,0.63,1.1104,50
1580005033.596,0.75,1.0013,0.6,1.1248,50
1580005033.776,0.7,1.0357,0.66,1.0785,50
1580005033.953,0.73,1.0157,0.69,1.0441,50
1580005034.13,0.7,1.0334,0.7,1.056,50
1580005034.308,0.69,1.0435,0.64,1.0777,50
1580005034.487,0.73,1.0074,0.66,1.0853,50
1580005034.667,0.74,1.0001,0.63,1.1255,50
1580005034.846,0.7,1.0417,0.62,1.1201,50
1580005035.026,0.73,1.0197,0.67,1.0746,50
1580005035.203,0.74,1.002,0.65,1.0766,50
1580005035.379,0.71,1.0249,0.64,1.084,50
1580005035.559,0.71,1.0327,0.63,1.0861,50
1580005035.722,0.71,1.0313,0.66,1.083,50
1580005035.905,0.73,1.0117,0.64,1.1074,51
1580005036.085,0.73,1.0161,0.63,1.1196,51
1580005036.263,0.71,1.0241,0.64,1.0967,51
1580005036.44,0.72,1.0244,0.68,1.0661,51
1580005036.617,0.74,1.0069,0.66,1.0673,51
1580005036.796,0.7,1.0381,0.67,1.061,51
1580005036.973,0.69,1.0542,0.7,1.0509,51
1580005037.151,0.72,1.0159,0.64,1.0888,51
1580005037.327,0.73,1.014,0.61,1.1228,51
1580005037.516,0.72,1.0238,0.62,1.1283,51
1580005037.693,0.72,1.0238,0.62,1.1226,51
1580005037.871,0.72,1.0197,0.65,1.0831,51
1580005038.051,0.72,1.0217,0.67,1.0681,51
1580005038.229,0.74,1.0077,0.65,1.0735,51
1580005038.393,0.69,1.049,0.67,1.0621,51
1580005038.581,0.7,1.0345,0.67,1.0721,52
1580005038.765,0.71,1.0335,0.65,1.1119,52
1580005038.945,0.7,1.0345,0.6,1.1383,52
1580005039.123,0.68,1.0582,0.64,1.1041,52
1580005039.3,0.71,1.0266,0.64,1.0931,52
1580005039.478,0.72,1.0253,0.63,1.0964,52
1580005039.657,0.7,1.0436,0.64,1.0997,52
1580005039.834,0.71,1.032,0.63,1.0952,52
1580005040.011,0.73,1.0129,0.67,1.0816,52
1580005040.188,0.72,1.0183,0.64,1.1083,52
1580005040.365,0.73,1.011,0.57,1.1435,52
1580005040.543,0.72,1.0161,0.56,1.1463,52
1580005040.729,0.69,1.0441,0.59,1.1298,52
1580005040.907,0.71,1.031,0.66,1.0791,52
1580005041.064,0.73,1.0161,0.69,1.0606,52
1580005041.246,0.73,1.0095,0.67,1.0668,53
1580005041.423,0.71,1.0334,0.66,1.0668,53
1580005041.607,0.71,1.0285,0.68,1.0618,53
1580005041.787,0.73,1.017,0.68,1.0762,53
1580005041.964,0.73,1.0145,0.66,1.0947,53
1580005042.141,0.71,1.0311,0.65,1.1017,53
1580005042.318,0.7,1.0374,0.63,1.0999,53
1580005042.496,0.74,1.0019,0.64,1.0919,53
1580005042.676,0.75,0.9946,0.66,1.0802,53
1580005042.854,0.75,0.9989,0.68,1.0783,53
1580005043.034,0.74,1.0002,0.66,1.0834,53
1580005043.214,0.74,0.9979,0.65,1.0832,53
1580005043.393,0.73,1.0129,0.66,1.0797,53
1580005043.576,0.73,1.0067,0.64,1.0898,53
1580005043.735,0.73,1.0144,0.66,1.0792,53
1580005043.919,0.74,1.003,0.65,1.0794,54
1580005044.104,0.73,1.0072,0.64,1.0957,54
1580005044.287,0.74,0.9978,0.63,1.1014,54
1580005044.468,0.73,1.0108,0.66,1.0905,54
1580005044.648,0.73,1.0148,0.64,1.0895,54
1580005044.829,0.73,1.0167,0.66,1.0684,54
1580005045.009,0.73,1.017,0.67,1.0602,54
1580005045.191,0.76,0.9877,0.66,1.0646,54
1580005045.368,0.75,0.9934,0.67,1.075,54
1580005045.545,0.75,0.9969,0.66,1.0876,54
1580005045.729,0.75,0.9936,0.66,1.0878,54
1580005045.907,0.75,0.9931,0.66,1.0804,54
1580005046.089,0.74,1.0012,0.67,1.0718,54
1580005046.266,0.75,0.9989,0.7,1.0538,54
1580005046.426,0.73,1.0115,0.68,1.0595,54
1580005046.61,0.73,1.0066,0.68,1.0676,55
1580005046.792,0.74,1.005,0.66,1.0827,55
1580005046.974,0.75,0.9905,0.62,1.1159,55
1580005047.154,0.72,1.0245,0.65,1.1002,55
1580005047.335,0.74,1.0057,0.67,1.0815,55
1580005047.511,0.74,1.0082,0.64,1.0818,55
1580005047.69,0.71,1.0331,0.67,1.0677,55
1580005047.868,0.74,0.998,0.7,1.0564,55
1580005048.054,0.75,0.9926,0.66,1.0867,55
1580005048.235,0.74,1.0086,0.65,1.0929,55
1580005048.415,0.76,0.9901,0.64,1.0963,55
1580005048.592,0.76,0.9871,0.66,1.0877,55
1580005048.773,0.73,1.0189,0.69,1.0616,55
1580005048.949,0.75,0.9948,0.68,1.0609,55
1580005049.107,0.72,1.0216,0.68,1.0577,55
1580005049.286,0.73,1.0108,0.68,1.0586,56
1580005049.463,0.74,0.9999,0.66,1.0881,56
1580005049.64,0.73,1.0108,0.64,1.0948,56
1580005049.823,0.73,1.0099,0.63,1.1077,56
1580005050.0,0.74,1.0056,0.65,1.0946,56
1580005050.179,0.71,1.0276,0.67,1.0632,56
1580005050.357,0.72,1.0186,0.68,1.0739,56
1580005050.532,0.76,0.9885,0.67,1.0773,56
1580005050.708,0.74,1.0053,0.67,1.069,56
1580005050.892,0.75,0.9942,0.62,1.11,56
1580005051.07,0.74,1.0049,0.63,1.1009,56
1580005051.251,0.75,0.9954,0.66,1.0705,56
1580005051.428,0.74,1.0057,0.7,1.0639,56
1580005051.613,0.73,1.01,0.68,1.0584,56
1580005051.774,0.7,1.0341,0.69,1.0415,56
1580005051.953,0.74,1.0019,0.69,1.0525,57
1580005052.131,0.72,1.0179,0.66,1.0762,57
1580005052.31,0.74,0.9979,0.64,1.0981,57
1580005052.488,0.74,1.0082,0.65,1.1045,57
1580005052.664,0.71,1.0232,0.64,1.094,57
1580005052.841,0.72,1.0208,0.65,1.0763,57
1580005053.018,0.73,1.0107,0.69,1.0586,57
1580005053.196,0.76,0.9869,0.69,1.0601,57
1580005053.375,0.75,0.9942,0.66,1.0883,57
1580005053.551,0.75,0.9966,0.61,1.1168,57
1580005053.728,0.76,0.9822,0.62,1.1225,57
1580005053.91,0.76,0.9839,0.62,1.1117,57
1580005054.089,0.73,1.0153,0.67,1.0777,57
1580005054.268,0.75,0.9959,0.69,1.0563,57
1580005054.428,0.74,1.0017,0.68,1.0461,57
1580005054.607,0.75,0.9995,0.69,1.0423,58
1580005054.783,0.72,1.018,0.68,1.055,58
1580005054.966,0.74,0.999,0.64,1.0863,58
1580005055.144,0.74,1.0041,0.62,1.1103,58
1580005055.32,0.74,1.0059,0.62,1.118,58
1580005055.5,0.72,1.0239,0.66,1.0951,58
1580005055.679,0.73,1.0156,0.64,1.0937,58
1580005055.855,0.77,0.9833,0.69,1.0653,58
1580005056.034,0.75,0.9902,0.67,1.0642,58
1580005056.21,0.74,1.0025,0.67,1.0798,58
1580005056.388,0.74,0.9986,0.65,1.103,58
1580005056.566,0.76,0.9832,0.62,1.1161,58
1580005056.748,0.74,1.0034,0.63,1.1029,58
1580005056.926,0.74,1.0039,0.67,1.0815,58
1580005057.085,0.74,1.0058,0.67,1.0704,58
1580005057.267,0.74,1.0009,0.69,1.0476,59
1580005057.443,0.73,1.0044,0.67,1.0535,59
1580005057.622,0.74,1.0007,0.66,1.0876,59
1580005057.799,0.72,1.0158,0.65,1.0901,59
1580005057.977,0.72,1.0145,0.62,1.097,59
1580005058.159,0.74,1.0072,0.64,1.0938,59
1580005058.335,0.74,1.0061,0.65,1.0862,59
1580005058.512,0.76,0.989,0.67,1.081,59
1580005058.693,0.75,0.9921,0.64,1.0856,59
1580005058.872,0.75,0.9955,0.66,1.0835,59
1580005059.056,0.76,0.9835,0.64,1.1075,59
1580005059.236,0.76,0.9875,0.64,1.1038,59
1580005059.414,0.74,1.0076,0.64,1.1041,59
1580005059.591,0.74,1.0006,0.64,1.1017,59
1580005059.749,0.73,1.0102,0.67,1.0724,59
1580005059.928,0.76,0.9912,0.64,1.0899,60
1580005060.112,0.73,1.0079,0.67,1.0847,60
1580005060.289,0.71,1.0248,0.66,1.0734,60
1580005060.465,0.73,1.0125,0.67,1.0786,60
1580005060.64,0.74,0.9986,0.66,1.1021,60
1580005060.817,0.7,1.0385,0.63,1.1255,60
1580005060.994,0.71,1.0369,0.62,1.121,60
1580005061.17,0.76,0.9831,0.64,1.1011,60
1580005061.347,0.76,0.9805,0.66,1.0782,60
1580005061.524,0.74,1.0008,0.64,1.0863,60
1580005061.71,0.74,1.0036,0.65,1.0823,60
1580005061.901,0.73,1.0135,0.68,1.073,60
1580005062.077,0.75,0.9981,0.65,1.0876,60
1580005062.254,0.75,0.9885,0.63,1.1068,60
1580005062.412,0.73,1.0116,0.62,1.1157,60
1580005062.593,0.72,1.0177,0.67,1.0856,61
1580005062.771,0.74,1.0002,0.66,1.0748,61
1580005062.947,0.77,0.9759,0.66,1.0806,61
1580005063.124,0.72,1.0207,0.64,1.0772,61
1580005063.301,0.7,1.0376,0.68,1.0648,61
1580005063.478,0.72,1.0253,0.65,1.0918,61
1580005063.655,0.73,1.0154,0.62,1.1206,61
1580005063.834,0.75,0.9882,0.61,1.1324,61
1580005064.011,0.73,1.0078,0.59,1.1375,61
1580005064.196,0.74,1.0055,0.62,1.1099,61
1580005064.375,0.77,0.9796,0.67,1.0643,61
1580005064.552,0.76,0.9787,0.68,1.0566,61
1580005064.728,0.74,1.003,0.71,1.0531,61
1580005064.907,0.75,0.9893,0.65,1.0753,61
1580005065.065,0.75,0.9932,0.65,1.0904,61
1580005065.252,0.75,0.992,0.66,1.0928,62
1580005065.429,0.75,0.9984,0.66,1.0836,62
1580005065.604,0.76,0.9863,0.66,1.0915,62
1580005065.78,0.74,1.0057,0.69,1.0577,62
1580005065.959,0.75,0.996,0.7,1.0332,62
1580005066.14,0.73,1.0128,0.7,1.0474,62
1580005066.315,0.74,1.0079,0.67,1.0813,62
1580005066.491,0.77,0.9793,0.65,1.0941,62
1580005066.674,0.76,0.9838,0.62,1.112,62
1580005066.857,0.74,1.0005,0.61,1.1182,62
1580005067.036,0.77,0.9782,0.64,1.0967,62
1580005067.214,0.77,0.9738,0.66,1.0785,62
1580005067.391,0.75,0.9937,0.68,1.0621,62
1580005067.568,0.76,0.9816,0.66,1.0784,62
1580005067.726,0.75,0.9962,0.64,1.0948,62
1580005067.905,0.75,0.9988,0.66,1.0786,63
1580005068.084,0.76,0.9852,0.65,1.079,63
1580005068.265,0.77,0.9787,0.66,1.0908,63
1580005068.442,0.74,0.9973,0.63,1.089,63
1580005068.622,0.76,0.9905,0.65,1.0819,63
1580005068.8,0.72,1.0189,0.66,1.0926,63
1580005068.981,0.72,1.0181,0.62,1.1025,63
1580005069.162,0.78,0.9668,0.63,1.1031,63
1580005069.346,0.78,0.9731,0.64,1.1051,63
1580005069.522,0.73,1.0123,0.67,1.0792,63
1580005069.698,0.76,0.9802,0.69,1.0523,63
1580005069.875,0.77,0.9728,0.7,1.0495,63
1580005070.052,0.75,0.996,0.66,1.0803,63
1580005070.23,0.74,0.9953,0.66,1.0802,63
1580005070.391,0.73,1.0054,0.64,1.0998,63
1580005070.567,0.76,0.9874,0.62,1.109,64
1580005070.755,0.75,0.9975,0.65,1.0877,64
1580005070.931,0.76,0.983,0.62,1.1129,64
1580005071.107,0.73,1.0166,0.65,1.0919,64
1580005071.286,0.73,1.012,0.67,1.0682,64
1580005071.463,0.73,1.0081,0.63,1.0991,64
1580005071.639,0.71,1.0291,0.61,1.1183,64
1580005071.816,0.72,1.0173,0.63,1.1049,64
1580005071.997,0.75,0.9959,0.63,1.1202,64
1580005072.173,0.76,0.9841,0.61,1.1229,64
1580005072.35,0.75,0.9934,0.67,1.0851,64
1580005072.529,0.75,0.9908,0.66,1.0769,64
1580005072.709,0.74,1.0059,0.66,1.0756,64
1580005072.888,0.76,0.9828,0.67,1.0802,64
1580005073.045,0.74,1.0005,0.64,1.0931,64
1580005073.225,0.75,0.9925,0.64,1.095,65
1580005073.406,0.73,1.0046,0.65,1.0984,65
1580005073.583,0.76,0.9845,0.64,1.1107,65
1580005073.76,0.75,0.9962,0.66,1.0867,65
1580005073.938,0.75,0.9978,0.66,1.0764,65
1580005074.115,0.72,1.0224,0.66,1.0749,65
1580005074.291,0.72,1.0154,0.66,1.089,65
1580005074.479,0.76,0.9804,0.64,1.1044,65
1580005074.656,0.75,0.9912,0.61,1.1141,65
1580005074.834,0.75,0.9907,0.62,1.132,65
1580005075.012,0.75,0.9899,0.61,1.1338,65
1580005075.188,0.77,0.9766,0.64,1.0925,65
1580005075.367,0.74,1.002,0.65,1.0895,65
1580005075.546,0.76,0.9865,0.65,1.1032,65
1580005075.704,0.71,1.0313,0.62,1.0985,65
1580005075.885,0.74,1.0003,0.66,1.0786,66
1580005076.062,0.76,0.9813,0.63,1.1221,66
1580005076.24,0.76,0.985,0.59,1.1607,66
1580005076.419,0.72,1.0207,0.63,1.1109,66
1580005076.599,0.75,0.9907,0.66,1.0906,66
1580005076.778,0.75,0.9975,0.64,1.092,66
1580005076.96,0.74,1.0025,0.66,1.0892,66
1580005077.139,0.78,0.9647,0.65,1.0873,66
1580005077.316,0.78,0.9696,0.66,1.0863,66
1580005077.493,0.78,0.9716,0.66,1.0965,66
1580005077.673,0.79,0.9638,0.63,1.105,66
1580005077.852,0.79,0.9561,0.64,1.1046,66
1580005078.03,0.74,1.0007,0.65,1.0919,66
1580005078.208,0.76,0.9827,0.65,1.0902,66
1580005078.369,0.76,0.9882,0.67,1.0755,66
1580005078.554,0.76,0.9823,0.67,1.0726,67
1580005078.735,0.75,0.9935,0.66,1.0678,67
1580005078.913,0.77,0.9768,0.64,1.1072,67
1580005079.088,0.74,0.9996,0.57,1.1544,67
1580005079.267,0.73,1.012,0.63,1.1145,67
1580005079.445,0.74,1.0068,0.63,1.116,67
1580005079.625,0.74,1.0069,0.63,1.1147,67
1580005079.807,0.76,0.9867,0.65,1.0935,67
1580005079.988,0.78,0.9674,0.66,1.0831,67
1580005080.179,0.78,0.9704,0.65,1.0838,67
1580005080.357,0.76,0.9816,0.66,1.0842,67
1580005080.534,0.78,0.9693,0.64,1.0981,67
1580005080.71,0.76,0.9869,0.63,1.1093,67
1580005080.89,0.77,0.974,0.63,1.1032,67
1580005081.048,0.75,0.9929,0.66,1.0838,67
1580005081.228,0.77,0.976,0.67,1.0786,68
1580005081.405,0.75,0.99,0.65,1.07,68
1580005081.581,0.78,0.9724,0.68,1.0596,68
1580005081.76,0.77,0.98,0.65,1.0862,68
1580005081.938,0.74,1.0046,0.64,1.0951,68
1580005082.117,0.71,1.0243,0.66,1.0823,68
1580005082.293,0.74,1.006,0.63,1.1066,68
1580005082.471,0.79,0.9599,0.62,1.1056,68
1580005082.656,0.73,1.0131,0.64,1.0829,68
1580005082.834,0.74,1.0006,0.67,1.0727,68
1580005083.014,0.76,0.9847,0.64,1.1124,68
1580005083.192,0.73,1.0033,0.61,1.127,68
1580005083.37,0.71,1.0266,0.64,1.1042,68
1580005083.549,0.74,0.999,0.62,1.1073,68
1580005083.711,0.73,1.014,0.65,1.1049,68
1580005083.891,0.73,1.006,0.65,1.0941,69
1580005084.069,0.74,1.006,0.67,1.072,69
1580005084.261,0.76,0.984,0.64,1.091,69
1580005084.443,0.74,0.9989,0.64,1.0945,69
1580005084.631,0.73,1.0097,0.63,1.1045,69
1580005084.81,0.71,1.0247,0.61,1.1228,69
1580005084.988,0.75,1.0043,0.61,1.128,69
1580005085.164,0.77,0.979,0.63,1.1122,69
1580005085.342,0.76,0.9932,0.64,1.1023,69
1580005085.52,0.73,1.0171,0.68,1.0721,69
1580005085.698,0.76,0.9777,0.66,1.0829,69
1580005085.875,0.77,0.9769,0.6,1.1413,69
1580005086.056,0.7,1.0385,0.57,1.1589,69
1580005086.248,0.71,1.0323,0.63,1.1159,69
1580005086.419,0.72,1.0248,0.64,1.105,69
1580005086.607,0.76,0.9892,0.67,1.085,70
1580005086.795,0.74,0.9996,0.64,1.0969,70
1580005086.974,0.72,1.0172,0.66,1.0774,70
1580005087.152,0.7,1.0347,0.67,1.0679,70
1580005087.328,0.72,1.0207,0.61,1.1152,70
1580005087.504,0.71,1.0306,0.63,1.1223,70
1580005087.684,0.7,1.0337,0.57,1.1503,70
1580005087.858,0.74,0.9964,0.6,1.1433,70
1580005088.036,0.75,0.995,0.63,1.1135,70
1580005088.217,0.72,1.0187,0.65,1.1008,70
1580005088.393,0.72,1.0197,0.63,1.1037,70
1580005088.57,0.71,1.0262,0.62,1.0972,70
1580005088.747,0.72,1.02,0.67,1.0655,70
1580005088.925,0.76,0.9841,0.66,1.0816,70
1580005089.084,0.73,1.0109,0.61,1.1143,70
1580005089.264,0.73,1.0108,0.61,1.1221,71
1580005089.439,0.73,1.0112,0.63,1.1053,71
1580005089.616,0.76,0.9873,0.65,1.088,71
1580005089.794,0.74,1.0056,0.65,1.0779,71
1580005089.969,0.74,1.0044,0.68,1.0638,71
1580005090.146,0.72,1.0176,0.67,1.0691,71
1580005090.326,0.74,1.0052,0.66,1.0864,71
1580005090.504,0.77,0.9718,0.62,1.1097,71
1580005090.68,0.76,0.9827,0.6,1.1306,71
1580005090.863,0.76,0.9939,0.64,1.106,71
1580005091.038,0.77,0.9767,0.67,1.0795,71
1580005091.217,0.76,0.9756,0.66,1.0653,71
1580005091.4,0.75,0.9905,0.69,1.0575,71
1580005091.58,0.76,0.9837,0.68,1.063,71
1580005091.736,0.75,0.9919,0.67,1.0819,71
1580005091.924,0.76,0.9851,0.64,1.0954,72
1580005092.102,0.76,0.9829,0.64,1.0972,72
1580005092.28,0.77,0.976,0.66,1.0861,72
1580005092.461,0.75,0.9951,0.68,1.0743,72
1580005092.637,0.76,0.9875,0.65,1.0764,72
1580005092.818,0.73,1.007,0.65,1.0751,72
1580005092.996,0.73,1.0149,0.68,1.0629,72
1580005093.172,0.78,0.9689,0.65,1.0845,72
1580005093.348,0.78,0.9646,0.64,1.1096,72
1580005093.528,0.74,1.0057,0.62,1.1076,72
1580005093.705,0.75,0.9876,0.65,1.0959,72
1580005093.882,0.78,0.9667,0.67,1.0699,72
1580005094.061,0.76,0.9868,0.64,1.0894,72
1580005094.237,0.76,0.9815,0.66,1.0758,72
1580005094.397,0.75,0.9935,0.68,1.0761,72
1580005094.58,0.77,0.9774,0.66,1.0871,73
1580005094.758,0.76,0.9799,0.63,1.1119,73
1580005094.934,0.77,0.9711,0.65,1.1052,73
1580005095.115,0.76,0.9887,0.64,1.0892,73
1580005095.291,0.77,0.9753,0.65,1.1041,73
1580005095.469,0.74,1.0037,0.61,1.1226,73
1580005095.649,0.72,1.0238,0.64,1.0963,73
1580005095.83,0.78,0.966,0.66,1.0794,73
1580005096.016,0.78,0.9613,0.62,1.1205,73
1580005096.194,0.77,0.9804,0.61,1.1292,73
1580005096.37,0.77,0.9802,0.62,1.1135,73
1580005096.546,0.76,0.9779,0.66,1.0965,73
1580005096.725,0.76,0.9886,0.64,1.1035,73
1580005096.904,0.76,0.9807,0.67,1.0805,73
1580005097.064,0.74,1.0074,0.67,1.0697,73
1580005097.243,0.76,0.9861,0.68,1.0617,74
1580005097.421,0.76,0.9806,0.65,1.0753,74
1580005097.598,0.77,0.9752,0.66,1.0924,74
1580005097.775,0.73,1.0071,0.63,1.1124,74
1580005097.954,0.75,0.9926,0.61,1.1298,74
1580005098.132,0.75,0.9968,0.6,1.1306,74
1580005098.309,0.73,1.0179,0.63,1.1067,74
1580005098.489,0.75,0.9934,0.64,1.0947,74
1580005098.679,0.77,0.9769,0.64,1.0929,74
1580005098.856,0.78,0.9675,0.6,1.1203,74
1580005099.035,0.78,0.9655,0.58,1.1394,74
1580005099.215,0.74,1.0046,0.62,1.1247,74
1580005099.392,0.73,1.0121,0.65,1.0945,74
1580005099.57,0.78,0.971,0.65,1.0869,74
1580005099.729,0.75,0.9887,0.63,1.0925,74
1580005099.907,0.74,1.0063,0.66,1.0789,75
1580005100.088,0.73,1.0118,0.66,1.0687,75
1580005100.267,0.76,0.9841,0.68,1.0697,75
1580005100.453,0.77,0.9757,0.64,1.1107,75
1580005100.633,0.76,0.9854,0.59,1.1422,75
1580005100.814,0.72,1.0165,0.59,1.1349,75
1580005100.992,0.74,0.9992,0.63,1.1195,75
1580005101.173,0.79,0.9583,0.64,1.101,75
1580005101.352,0.79,0.9595,0.68,1.0767,75
1580005101.529,0.77,0.9765,0.68,1.0707,75
1580005101.706,0.77,0.97,0.67,1.0806,75
1580005101.884,0.79,0.959,0.63,1.0909,75
1580005102.066,0.76,0.9801,0.64,1.1021,75
1580005102.245,0.78,0.9702,0.62,1.1038,75
1580005102.403,0.75,0.9899,0.64,1.0884,75
1580005102.584,0.78,0.9705,0.68,1.0661,76
1580005102.762,0.78,0.9671,0.69,1.0614,76
1580005102.939,0.78,0.9626,0.7,1.063,76
1580005103.116,0.76,0.987,0.67,1.0695,76
1580005103.293,0.76,0.9818,0.64,1.0986,76
1580005103.471,0.75,0.9962,0.58,1.1366,76
1580005103.648,0.75,0.9961,0.57,1.1544,76
1580005103.825,0.79,0.9597,0.62,1.1241,76
1580005104.003,0.78,0.9666,0.62,1.1196,76
1580005104.183,0.77,0.9763,0.63,1.1117,76
1580005104.361,0.78,0.9629,0.64,1.0991,76
1580005104.536,0.78,0.9657,0.66,1.0881,76
1580005104.713,0.78,0.9645,0.62,1.1056,76
1580005104.89,0.79,0.9609,0.64,1.097,76
1580005105.049,0.76,0.9813,0.66,1.0857,76
1580005105.234,0.78,0.9636,0.64,1.0921,77
1580005105.413,0.78,0.9669,0.65,1.088,77
1580005105.589,0.79,0.9575,0.68,1.071,77
1580005105.765,0.77,0.9736,0.68,1.066,77
1580005105.945,0.78,0.9711,0.63,1.1031,77
1580005106.123,0.76,0.99,0.62,1.1144,77
1580005106.308,0.76,0.9911,0.62,1.1212,77
1580005106.492,0.8,0.9494,0.64,1.1078,77
1580005106.672,0.8,0.9544,0.63,1.1058,77
1580005106.854,0.77,0.9745,0.63,1.1027,77
1580005107.033,0.78,0.9656,0.65,1.0981,77
1580005107.214,0.78,0.9653,0.68,1.0706,77
1580005107.395,0.77,0.9713,0.68,1.0739,77
1580005107.572,0.79,0.9553,0.62,1.1135,77
1580005107.729,0.75,0.9916,0.62,1.1145,77
1580005107.907,0.76,0.9879,0.68,1.0729,78
1580005108.087,0.78,0.9642,0.65,1.0748,78
1580005108.27,0.8,0.9445,0.64,1.0848,78
1580005108.451,0.74,0.9968,0.65,1.0834,78
1580005108.629,0.75,0.9943,0.69,1.0619,78
1580005108.807,0.75,0.9903,0.66,1.0922,78
1580005108.985,0.76,0.9854,0.57,1.1611,78
1580005109.162,0.77,0.9752,0.55,1.1781,78
1580005109.35,0.76,0.9911,0.61,1.1213,78
1580005109.528,0.77,0.9746,0.63,1.1008,78
1580005109.71,0.78,0.9566,0.63,1.0959,78
1580005109.889,0.76,0.9828,0.62,1.1061,78
1580005110.067,0.72,1.015,0.67,1.0815,78
1580005110.247,0.76,0.9848,0.67,1.0784,78
1580005110.408,0.76,0.9813,0.62,1.1192,78
1580005110.586,0.76,0.9835,0.59,1.1457,79
1580005110.764,0.73,1.0073,0.64,1.1027,79
1580005110.944,0.76,0.9767,0.68,1.0646,79
1580005111.129,0.77,0.9778,0.68,1.0588,79
1580005111.311,0.77,0.9814,0.66,1.0793,79
1580005111.491,0.74,0.9981,0.63,1.0987,79
1580005111.67,0.74,1.0038,0.63,1.1121,79
1580005111.846,0.79,0.9556,0.61,1.1314,79
1580005112.023,0.77,0.9697,0.58,1.1405,79
1580005112.2,0.77,0.9714,0.63,1.1168,79
1580005112.379,0.78,0.9597,0.66,1.076,79
1580005112.557,0.8,0.9521,0.67,1.0687,79
1580005112.734,0.76,0.9853,0.66,1.0787,79
1580005112.917,0.78,0.9658,0.66,1.0927,79
1580005113.075,0.77,0.9714,0.63,1.1064,79
1580005113.253,0.77,0.9762,0.67,1.0876,80
1580005113.436,0.76,0.981,0.67,1.0749,80
1580005113.617,0.79,0.9557,0.69,1.0624,80
1580005113.796,0.78,0.9683,0.68,1.0553,80
1580005113.972,0.76,0.9853,0.67,1.0672,80
1580005114.148,0.74,1.0041,0.64,1.1008,80
1580005114.324,0.76,0.9816,0.61,1.1256,80
1580005114.507,0.8,0.9477,0.58,1.1651,80
1580005114.686,0.76,0.983,0.57,1.1588,80
1580005114.863,0.77,0.9722,0.61,1.1178,80
1580005115.04,0.8,0.9474,0.64,1.0903,80
1580005115.217,0.79,0.9522,0.68,1.0676,80
1580005115.399,0.76,0.9824,0.64,1.0808,80
1580005115.577,0.79,0.9581,0.61,1.1191,80
1580005115.734,0.77,0.9752,0.63,1.1257,80
1580005115.913,0.78,0.9717,0.61,1.1119,81
1580005116.089,0.78,0.9678,0.67,1.089,81
1580005116.268,0.78,0.9587,0.67,1.078,81
1580005116.447,0.77,0.9767,0.66,1.0732,81
1580005116.623,0.77,0.9727,0.68,1.0602,81
1580005116.8,0.74,1.0028,0.67,1.0707,81
1580005116.978,0.74,1.0051,0.65,1.0942,81
1580005117.155,0.78,0.964,0.65,1.1096,81
1580005117.332,0.78,0.966,0.63,1.1237,81
1580005117.508,0.77,0.978,0.58,1.1439,81
1580005117.688,0.77,0.9699,0.6,1.131,81
1580005117.865,0.77,0.972,0.66,1.09,81
1580005118.042,0.77,0.9772,0.67,1.0744,81
1580005118.218,0.77,0.9694,0.65,1.0864,81
1580005118.377,0.76,0.986,0.61,1.1262,81
1580005118.562,0.75,0.9909,0.59,1.142,82
1580005118.742,0.77,0.9791,0.63,1.1204,82
1580005118.92,0.79,0.9514,0.61,1.1195,82
1580005119.099,0.75,0.988,0.65,1.0878,82
1580005119.276,0.74,0.9948,0.65,1.0822,82
1580005119.452,0.74,0.9986,0.64,1.0905,82
1580005119.634,0.74,1.0062,0.66,1.0823,82
1580005119.813,0.77,0.9721,0.66,1.0905,82
1580005119.99,0.79,0.9536,0.62,1.1158,82
1580005120.167,0.78,0.971,0.63,1.1224,82
1580005120.345,0.75,0.9843,0.62,1.1273,82
1580005120.526,0.75,0.9883,0.61,1.132,82
1580005120.705,0.75,0.9938,0.65,1.0853,82
1580005120.883,0.78,0.9686,0.65,1.0828,82
1580005121.041,0.74,1.001,0.67,1.0737,82
1580005121.221,0.74,0.9988,0.63,1.0823,83
1580005121.404,0.74,1.0021,0.66,1.0885,83
1580005121.582,0.76,0.9864,0.66,1.0884,83
1580005121.76,0.76,0.9775,0.66,1.0925,83
1580005121.938,0.77,0.976,0.62,1.1113,83
1580005122.126,0.76,0.9883,0.61,1.1212,83
1580005122.308,0.76,0.984,0.61,1.121,83
1580005122.486,0.79,0.9542,0.61,1.1182,83
1580005122.674,0.79,0.9571,0.62,1.1115,83
1580005122.854,0.79,0.9556,0.61,1.1195,83
1580005123.039,0.8,0.9463,0.61,1.1158,83
1580005123.216,0.79,0.9508,0.66,1.0925,83
1580005123.394,0.76,0.978,0.65,1.0867,83
1580005123.571,0.79,0.9568,0.64,1.0889,83
1580005123.733,0.77,0.9794,0.66,1.0732,83
1580005123.91,0.77,0.9701,0.68,1.0605,84
1580005124.089,0.78,0.9584,0.67,1.0725,84
1580005124.267,0.81,0.9404,0.65,1.094,84
1580005124.444,0.77,0.9706,0.66,1.0934,84
1580005124.622,0.78,0.9671,0.67,1.0795,84
1580005124.798,0.77,0.9781,0.67,1.0709,84
1580005124.977,0.77,0.9785,0.67,1.0802,84
1580005125.158,0.81,0.9424,0.65,1.0912,84
1580005125.335,0.8,0.9484,0.64,1.1068,84
1580005125.511,0.79,0.9518,0.61,1.1234,84
1580005125.69,0.8,0.9439,0.61,1.1295,84
1580005125.87,0.8,0.9476,0.62,1.1165,84
1580005126.047,0.78,0.9718,0.65,1.0893,84
1580005126.227,0.79,0.954,0.66,1.0829,84
1580005126.385,0.77,0.9734,0.66,1.0816,84
1580005126.564,0.77,0.973,0.66,1.0795,85
1580005126.744,0.78,0.9638,0.66,1.0798,85
1580005126.92,0.81,0.9371,0.66,1.0899,85
1580005127.098,0.78,0.9615,0.65,1.1051,85
1580005127.277,0.79,0.9557,0.62,1.1195,85
1580005127.454,0.76,0.9825,0.64,1.1069,85
1580005127.632,0.77,0.9732,0.62,1.1123,85
1580005127.818,0.81,0.9379,0.62,1.1194,85
1580005127.996,0.79,0.9581,0.61,1.1312,85
1580005128.172,0.78,0.9644,0.61,1.1304,85
1580005128.357,0.8,0.942,0.61,1.1371,85
1580005128.535,0.8,0.9461,0.62,1.1272,85
1580005128.724,0.77,0.9767,0.65,1.0917,85
1580005128.902,0.79,0.9555,0.64,1.0851,85
1580005129.061,0.77,0.9692,0.66,1.0835,85
1580005129.24,0.77,0.9671,0.65,1.0832,86
1580005129.42,0.76,0.9803,0.66,1.0755,86
1580005129.598,0.8,0.9429,0.65,1.0848,86
1580005129.777,0.78,0.9607,0.63,1.108,86
1580005129.954,0.78,0.9629,0.63,1.1163,86
1580005130.131,0.74,0.9959,0.66,1.0874,86
1580005130.309,0.77,0.9741,0.67,1.074,86
1580005130.495,0.81,0.9355,0.63,1.1051,86
1580005130.674,0.78,0.9609,0.61,1.1234,86
1580005130.852,0.78,0.9689,0.59,1.1312,86
1580005131.028,0.8,0.9458,0.6,1.1407,86
1580005131.205,0.8,0.9453,0.6,1.1346,86
1580005131.385,0.78,0.9674,0.66,1.0859,86
1580005131.565,0.8,0.9521,0.67,1.0689,86
1580005131.723,0.77,0.9716,0.68,1.0599,86
1580005131.905,0.79,0.958,0.67,1.0639,87
1580005132.083,0.78,0.9687,0.66,1.0772,87
1580005132.26,0.79,0.9609,0.64,1.0914,87
1580005132.438,0.77,0.9722,0.65,1.09,87
1580005132.618,0.78,0.9596,0.63,1.1156,87
1580005132.801,0.76,0.9877,0.63,1.1201,87
1580005132.984,0.74,0.9988,0.64,1.0952,87
1580005133.162,0.78,0.9566,0.67,1.0843,87
1580005133.338,0.79,0.9495,0.63,1.11,87
1580005133.515,0.77,0.9704,0.61,1.1255,87
1580005133.694,0.79,0.9552,0.63,1.1177,87
1580005133.873,0.77,0.97,0.62,1.1193,87
1580005134.05,0.77,0.9804,0.63,1.1213,87
1580005134.228,0.79,0.9542,0.65,1.0941,87
1580005134.386,0.76,0.9815,0.65,1.0808,87
1580005134.565,0.77,0.9688,0.66,1.0602,88
1580005134.743,0.76,0.9857,0.69,1.0511,88
1580005134.921,0.77,0.9743,0.66,1.0714,88
1580005135.097,0.76,0.9837,0.66,1.0785,88
1580005135.276,0.77,0.968,0.66,1.0807,88
1580005135.452,0.75,0.9901,0.64,1.1174,88
1580005135.629,0.74,0.9958,0.58,1.1494,88
1580005135.804,0.79,0.9611,0.59,1.137,88
1580005135.983,0.78,0.963,0.64,1.1074,88
1580005136.161,0.79,0.9568,0.63,1.1034,88
1580005136.337,0.79,0.953,0.62,1.1115,88
1580005136.514,0.77,0.9739,0.62,1.1183,88
1580005136.693,0.76,0.977,0.63,1.1151,88
1580005136.869,0.79,0.9521,0.6,1.1376,88
1580005137.033,0.76,0.983,0.6,1.1385,88
1580005137.211,0.76,0.987,0.66,1.0935,89
1580005137.389,0.78,0.9642,0.65,1.08,89
1580005137.566,0.81,0.9392,0.67,1.063,89
1580005137.745,0.77,0.9788,0.68,1.0571,89
1580005137.922,0.74,0.9978,0.68,1.0627,89
1580005138.106,0.74,0.9966,0.66,1.073,89
1580005138.283,0.77,0.9746,0.63,1.1062,89
1580005138.464,0.8,0.9395,0.58,1.1512,89
1580005138.64,0.76,0.9832,0.58,1.1495,89
1580005138.819,0.75,0.9849,0.63,1.1114,89
1580005139.001,0.81,0.9374,0.65,1.0875,89
1580005139.179,0.78,0.9572,0.66,1.0727,89
1580005139.355,0.76,0.9864,0.69,1.0595,89
1580005139.532,0.76,0.9766,0.68,1.0659,89
1580005139.69,0.77,0.972,0.65,1.0944,89
1580005139.871,0.77,0.9726,0.63,1.1221,90
1580005140.06,0.76,0.981,0.63,1.1266,90
1580005140.251,0.79,0.9593,0.62,1.1147,90
1580005140.52,0.77,0.9749,0.65,1.101,90
1580005140.695,0.77,0.9739,0.65,1.0896,90
1580005140.872,0.76,0.9827,0.65,1.0807,90
1580005141.053,0.75,0.9898,0.65,1.0815,90
1580005141.23,0.78,0.9597,0.64,1.0949,90
1580005141.408,0.79,0.9527,0.62,1.1159,90
1580005141.587,0.78,0.9602,0.59,1.1429,90
1580005141.763,0.79,0.949,0.61,1.1375,90
1580005141.94,0.79,0.9583,0.62,1.1189,90
1580005142.117,0.78,0.9715,0.64,1.1003,90
1580005142.294,0.79,0.9516,0.66,1.0784,90
1580005142.452,0.76,0.9829,0.68,1.0579,90
1580005142.63,0.77,0.9733,0.68,1.0596,91
1580005142.813,0.78,0.9681,0.67,1.0796,91
1580005142.992,0.79,0.9495,0.64,1.0898,91
1580005143.171,0.77,0.9767,0.65,1.0907,91
1580005143.36,0.78,0.9635,0.65,1.0959,91
1580005143.541,0.78,0.9662,0.62,1.11,91
1580005143.72,0.78,0.9646,0.63,1.1136,91
1580005143.896,0.8,0.9406,0.62,1.1185,91
1580005144.074,0.8,0.9433,0.62,1.122,91
1580005144.27,0.8,0.9472,0.6,1.1298,91
1580005144.45,0.8,0.936,0.6,1.1332,91
1580005144.627,0.8,0.9361,0.61,1.1335,91
1580005144.808,0.79,0.9558,0.62,1.1221,91
1580005144.983,0.8,0.9486,0.65,1.094,91
1580005145.142,0.79,0.9605,0.67,1.0808,91
1580005145.32,0.79,0.9554,0.67,1.0752,92
1580005145.497,0.8,0.9506,0.67,1.0711,92
1580005145.673,0.81,0.9402,0.66,1.0674,92
1580005145.85,0.78,0.9609,0.67,1.0746,92
1580005146.029,0.79,0.9576,0.65,1.0832,92
1580005146.22,0.78,0.9728,0.63,1.1031,92
1580005146.412,0.78,0.9665,0.63,1.1195,92
1580005146.6,0.81,0.9271,0.59,1.1379,92
1580005146.781,0.8,0.9404,0.61,1.132,92
1580005146.964,0.8,0.9459,0.61,1.1201,92
1580005147.145,0.81,0.9331,0.64,1.111,92
1580005147.33,0.81,0.9362,0.64,1.1049,92
1580005147.509,0.79,0.9523,0.63,1.1015,92
1580005147.686,0.81,0.9382,0.66,1.0895,92
1580005147.844,0.78,0.9605,0.66,1.0877,92
1580005148.022,0.79,0.9526,0.66,1.0905,93
1580005148.198,0.79,0.9528,0.65,1.0871,93
1580005148.384,0.81,0.9324,0.65,1.0824,93
1580005148.562,0.79,0.9546,0.67,1.0796,93
1580005148.74,0.79,0.9581,0.67,1.0755,93
1580005148.917,0.77,0.9697,0.65,1.0927,93
1580005149.094,0.78,0.9662,0.61,1.1213,93
1580005149.276,0.82,0.9269,0.6,1.1434,93
1580005149.457,0.79,0.9547,0.59,1.1492,93
1580005149.637,0.8,0.9507,0.61,1.1328,93
1580005149.815,0.82,0.9314,0.63,1.1069,93
1580005149.992,0.81,0.9351,0.64,1.1052,93
1580005150.169,0.78,0.962,0.63,1.1082,93
1580005150.345,0.8,0.9448,0.66,1.0897,93
1580005150.506,0.79,0.9551,0.65,1.0838,93
1580005150.684,0.8,0.9444,0.66,1.0955,94
1580005150.861,0.79,0.9505,0.65,1.0991,94
1580005151.037,0.81,0.9388,0.66,1.092,94
1580005151.216,0.79,0.9557,0.65,1.0891,94
1580005151.398,0.8,0.9476,0.66,1.0858,94
1580005151.581,0.78,0.9647,0.66,1.0834,94
1580005151.758,0.78,0.9667,0.64,1.0979,94
1580005151.934,0.82,0.9262,0.64,1.1087,94
1580005152.112,0.81,0.9314,0.62,1.1182,94
1580005152.291,0.81,0.9409,0.63,1.1232,94
1580005152.475,0.82,0.9294,0.62,1.1254,94
1580005152.655,0.81,0.9386,0.63,1.1201,94
1580005152.834,0.79,0.9551,0.62,1.114,94
1580005153.011,0.81,0.9353,0.66,1.0893,94
1580005153.169,0.79,0.9598,0.66,1.0802,94
1580005153.346,0.79,0.9506,0.66,1.086,95
1580005153.545,0.8,0.9472,0.65,1.0935,95
1580005153.726,0.82,0.9278,0.65,1.0988,95
1580005153.904,0.79,0.9525,0.64,1.1011,95
1580005154.082,0.79,0.9482,0.63,1.1039,95
1580005154.259,0.79,0.959,0.62,1.1079,95
1580005154.438,0.79,0.9545,0.64,1.1162,95
1580005154.617,0.82,0.9236,0.61,1.1326,95
1580005154.795,0.81,0.9343,0.6,1.1408,95
1580005154.972,0.8,0.9401,0.64,1.1199,95
1580005155.153,0.82,0.923,0.63,1.1146,95
1580005155.33,0.82,0.9303,0.63,1.1102,95
1580005155.508,0.79,0.959,0.63,1.0984,95
1580005155.691,0.81,0.9365,0.64,1.0964,95
1580005155.848,0.79,0.9575,0.68,1.071,95
1580005156.025,0.8,0.9471,0.68,1.0659,96
1580005156.203,0.79,0.9509,0.68,1.0602,96
1580005156.379,0.81,0.9357,0.68,1.0673,96
1580005156.562,0.79,0.9528,0.67,1.0784,96
1580005156.743,0.81,0.9419,0.66,1.088,96
1580005156.92,0.79,0.9587,0.65,1.1126,96
1580005157.098,0.79,0.9591,0.61,1.1303,96
1580005157.281,0.82,0.9224,0.61,1.1295,96
1580005157.459,0.81,0.9327,0.61,1.1284,96
1580005157.639,0.8,0.9431,0.6,1.131,96
1580005157.817,0.82,0.9242,0.6,1.1376,96
1580005157.998,0.82,0.9263,0.58,1.1329,96
1580005158.177,0.79,0.9549,0.62,1.122,96
1580005158.365,0.8,0.9408,0.63,1.1118,96
1580005158.527,0.78,0.96,0.65,1.1001,96
1580005158.714,0.8,0.9465,0.65,1.0898,97
1580005158.892,0.8,0.9417,0.65,1.0877,97
1580005159.071,0.81,0.9321,0.64,1.0962,97
1580005159.25,0.79,0.9547,0.64,1.1048,97
1580005159.427,0.79,0.9531,0.65,1.1012,97
1580005159.604,0.79,0.9577,0.65,1.1012,97
1580005159.781,0.79,0.9556,0.61,1.12,97
1580005159.963,0.83,0.921,0.63,1.1208,97
1580005160.142,0.8,0.9391,0.62,1.1205,97
1580005160.319,0.8,0.9483,0.61,1.1137,97
1580005160.505,0.83,0.9214,0.65,1.0894,97
1580005160.69,0.81,0.933,0.64,1.0949,97
1580005160.868,0.8,0.947,0.65,1.0964,97
1580005161.049,0.81,0.936,0.64,1.1074,97
1580005161.209,0.8,0.9513,0.63,1.1121,97
1580005161.39,0.79,0.9538,0.64,1.1018,98
1580005161.567,0.8,0.9488,0.65,1.0855,98
1580005161.75,0.82,0.9258,0.66,1.0796,98
1580005161.928,0.8,0.9514,0.66,1.0794,98
1580005162.11,0.79,0.9548,0.65,1.0864,98
1580005162.29,0.78,0.9691,0.66,1.0861,98
1580005162.469,0.77,0.9682,0.64,1.0966,98
1580005162.648,0.82,0.921,0.62,1.1287,98
1580005162.826,0.8,0.9398,0.61,1.1248,98
1580005163.004,0.78,0.9685,0.63,1.1175,98
1580005163.185,0.81,0.9377,0.61,1.1226,98
1580005163.364,0.81,0.931,0.61,1.1142,98
1580005163.541,0.79,0.9534,0.65,1.095,98
1580005163.73,0.8,0.9426,0.65,1.0974,98
1580005163.889,0.78,0.9643,0.65,1.0984,98
1580005164.07,0.8,0.9473,0.63,1.1101,99
1580005164.251,0.8,0.9395,0.62,1.1226,99
1580005164.43,0.82,0.9244,0.63,1.1202,99
1580005164.606,0.78,0.9628,0.61,1.1171,99
1580005164.791,0.79,0.9521,0.64,1.0949,99
1580005164.969,0.79,0.9572,0.66,1.086,99
1580005165.147,0.78,0.9681,0.66,1.088,99
1580005165.331,0.8,0.9473,0.62,1.1149,99
1580005165.512,0.8,0.9463,0.58,1.143,99
1580005165.69,0.8,0.9461,0.61,1.1313,99
1580005165.868,0.81,0.9356,0.6,1.1281,99
1580005166.045,0.79,0.9592,0.62,1.1151,99
1580005166.223,0.77,0.9721,0.63,1.1114,99
1580005166.404,0.81,0.939,0.67,1.0856,99
1580005166.564,0.79,0.9586,0.66,1.0868,99
