1579409468.615,0.25,1.3868,0.26,1.3855,0
1579409469.409,0.25,1.3866,0.22,1.3864,0
1579409470.212,0.25,1.3865,0.22,1.387,0
1579409471.022,0.24,1.3865,0.24,1.3865,0
1579409471.837,0.25,1.3863,0.24,1.386,0
1579409472.66,0.25,1.3864,0.24,1.3856,0
1579409473.466,0.24,1.3867,0.24,1.3856,0
1579409474.287,0.25,1.3864,0.26,1.3856,0
1579409475.096,0.26,1.3861,0.34,1.3854,0
1579409475.894,0.29,1.3857,0.29,1.3827,0
1579409476.701,0.34,1.3826,0.24,1.3718,0
1579409477.418,0.24,1.3741,0.24,1.3626,0
1579409478.229,0.24,1.3627,0.28,1.3534,1
1579409479.031,0.34,1.3595,0.33,1.3483,1
1579409479.842,0.34,1.3492,0.29,1.3383,1
1579409480.651,0.33,1.3362,0.3,1.327,1
1579409481.463,0.33,1.32,0.36,1.3184,1
1579409482.258,0.36,1.3232,0.38,1.3086,1
1579409483.048,0.34,1.3209,0.36,1.3023,1
1579409483.842,0.36,1.3128,0.37,1.3042,1
1579409484.645,0.36,1.312,0.37,1.3076,1
1579409485.447,0.38,1.3296,0.35,1.3059,1
1579409486.245,0.37,1.3063,0.37,1.3017,1
1579409486.954,0.38,1.3155,0.36,1.301,1
1579409487.763,0.37,1.3093,0.36,1.2978,2
1579409488.566,0.39,1.2968,0.36,1.2946,2
1579409489.365,0.39,1.2882,0.37,1.2939,2
1579409490.17,0.37,1.2951,0.34,1.2894,2
1579409490.964,0.38,1.2828,0.34,1.2869,2
1579409491.771,0.39,1.276,0.34,1.2933,2
1579409492.566,0.39,1.2836,0.33,1.2892,2
1579409493.362,0.38,1.2868,0.34,1.2791,2
1579409494.154,0.39,1.263,0.35,1.3114,2
1579409494.949,0.37,1.3106,0.32,1.3163,2
1579409495.75,0.35,1.3111,0.33,1.3291,2
1579409496.459,0.34,1.3231,0.37,1.2881,2
1579409497.258,0.38,1.281,0.37,1.2636,3
1579409498.061,0.39,1.2593,0.35,1.3036,3
1579409498.865,0.36,1.2961,0.39,1.249,3
1579409499.664,0.4,1.252,0.42,1.2749,3
1579409500.459,0.39,1.2677,0.42,1.2871,3
1579409501.266,0.38,1.2782,0.4,1.2581,3
1579409502.08,0.38,1.25,0.39,1.2522,3
1579409502.994,0.38,1.2488,0.39,1.2614,3
1579409503.802,0.38,1.2644,0.32,1.23,3
1579409504.599,0.39,1.2486,0.4,1.2422,3
1579409505.39,0.41,1.2469,0.38,1.243,3
1579409506.106,0.4,1.2575,0.36,1.2363,3
1579409506.914,0.39,1.2497,0.28,1.2351,4
1579409507.715,0.4,1.2412,0.34,1.2306,4
1579409508.518,0.4,1.2397,0.34,1.2281,4
1579409509.322,0.39,1.2466,0.39,1.2351,4
1579409510.126,0.4,1.2371,0.35,1.2306,4
1579409510.926,0.41,1.2285,0.37,1.2313,4
1579409511.73,0.39,1.2333,0.4,1.2343,4
1579409512.538,0.39,1.229,0.4,1.2382,4
1579409513.343,0.39,1.2346,0.4,1.2379,4
1579409514.145,0.4,1.239,0.41,1.2366,4
1579409514.936,0.41,1.2227,0.35,1.236,4
1579409515.643,0.4,1.243,0.36,1.2388,4
1579409516.449,0.4,1.2315,0.38,1.2447,5
1579409517.261,0.41,1.2268,0.38,1.2376,5
1579409518.048,0.41,1.2204,0.36,1.2297,5
1579409518.85,0.41,1.2324,0.37,1.2263,5
1579409519.646,0.42,1.2188,0.4,1.2329,5
1579409520.457,0.42,1.2163,0.39,1.2222,5
1579409521.268,0.41,1.2184,0.4,1.2148,5
1579409522.064,0.41,1.2145,0.41,1.2204,5
1579409522.857,0.41,1.2182,0.41,1.2118,5
1579409523.66,0.42,1.2239,0.4,1.2151,5
1579409524.461,0.43,1.211,0.41,1.2097,5
1579409525.16,0.41,1.2311,0.38,1.2446,5
1579409525.959,0.4,1.2374,0.43,1.2068,6
1579409526.755,0.42,1.2094,0.43,1.2193,6
1579409527.553,0.39,1.2283,0.41,1.2358,6
1579409528.358,0.41,1.2291,0.4,1.2353,6
1579409529.15,0.42,1.218,0.43,1.2149,6
1579409529.957,0.4,1.2122,0.42,1.2141,6
1579409530.757,0.4,1.2198,0.4,1.2292,6
1579409531.558,0.4,1.2121,0.43,1.2341,6
1579409532.35,0.42,1.2238,0.43,1.2089,6
1579409533.143,0.42,1.2163,0.35,1.2133,6
1579409533.941,0.43,1.2111,0.41,1.2162,6
1579409534.654,0.41,1.2138,0.41,1.2401,6
1579409535.457,0.41,1.2208,0.41,1.2244,7
1579409536.252,0.42,1.2052,0.38,1.2128,7
1579409537.042,0.41,1.2136,0.41,1.2086,7
1579409537.846,0.41,1.2087,0.4,1.2299,7
1579409538.641,0.42,1.2057,0.42,1.2137,7
1579409539.437,0.43,1.1934,0.42,1.2052,7
1579409540.238,0.4,1.2098,0.43,1.2078,7
1579409541.144,0.42,1.1929,0.42,1.2199,7
1579409541.944,0.42,1.2046,0.41,1.1981,7
1579409542.738,0.42,1.2028,0.43,1.1982,7
1579409543.531,0.45,1.188,0.45,1.2047,7
1579409544.231,0.43,1.1964,0.42,1.2087,7
1579409545.034,0.42,1.1943,0.41,1.1992,8
1579409545.831,0.43,1.1867,0.4,1.2055,8
1579409546.625,0.43,1.1848,0.42,1.2054,8
1579409547.441,0.43,1.1906,0.41,1.2042,8
1579409548.263,0.44,1.1766,0.39,1.226,8
1579409549.065,0.43,1.1831,0.37,1.3096,8
1579409549.862,0.35,1.3024,0.23,1.559,8
1579409550.656,0.28,1.5091,0.27,1.4275,8
1579409551.466,0.29,1.4233,0.4,1.2759,8
1579409552.27,0.38,1.2694,0.43,1.2568,8
1579409553.079,0.4,1.2415,0.39,1.3523,8
1579409553.786,0.35,1.3671,0.42,1.2479,8
1579409554.593,0.38,1.2572,0.4,1.2674,9
1579409555.399,0.39,1.2747,0.4,1.2939,9
1579409556.201,0.37,1.2977,0.39,1.3,9
1579409556.996,0.37,1.3057,0.4,1.2905,9
1579409557.806,0.4,1.2922,0.41,1.2701,9
1579409558.603,0.41,1.2731,0.42,1.2483,9
1579409559.415,0.4,1.2604,0.4,1.244,9
1579409560.215,0.38,1.2544,0.4,1.244,9
1579409561.028,0.38,1.2569,0.39,1.2264,9
1579409561.843,0.4,1.2512,0.43,1.2308,9
1579409562.64,0.43,1.2244,0.41,1.2397,9
1579409563.353,0.4,1.2489,0.41,1.244,9
1579409564.163,0.4,1.2461,0.41,1.2431,10
1579409564.958,0.4,1.2412,0.41,1.2468,10
1579409565.757,0.4,1.2268,0.43,1.2561,10
1579409566.555,0.4,1.242,0.43,1.253,10
1579409567.356,0.41,1.2271,0.42,1.2451,10
1579409568.147,0.41,1.2212,0.38,1.2435,10
1579409568.946,0.41,1.2237,0.39,1.2416,10
1579409569.755,0.41,1.2168,0.41,1.2317,10
1579409570.565,0.42,1.2131,0.41,1.2122,10
1579409571.358,0.41,1.2173,0.41,1.205,10
1579409572.168,0.43,1.2043,0.43,1.2032,10
1579409572.871,0.41,1.2227,0.42,1.2049,10
1579409573.68,0.41,1.2113,0.42,1.2225,11
1579409574.472,0.42,1.2101,0.41,1.2144,11
1579409575.269,0.42,1.2027,0.37,1.2013,11
1579409576.059,0.4,1.2055,0.42,1.2029,11
1579409576.86,0.42,1.199,0.39,1.2009,11
1579409577.66,0.42,1.1888,0.39,1.2072,11
1579409578.471,0.42,1.1959,0.4,1.2139,11
1579409579.274,0.42,1.1939,0.41,1.1987,11
1579409580.067,0.43,1.1906,0.4,1.1958,11
1579409580.867,0.41,1.1988,0.41,1.1926,11
1579409581.661,0.45,1.1822,0.42,1.1967,11
1579409582.362,0.43,1.1918,0.41,1.2072,11
1579409583.161,0.42,1.1921,0.4,1.2012,12
1579409584.069,0.44,1.1839,0.41,1.191,12
1579409584.871,0.42,1.1829,0.39,1.1919,12
1579409585.663,0.43,1.1911,0.4,1.2014,12
1579409586.456,0.44,1.1761,0.4,1.2045,12
1579409587.25,0.44,1.1755,0.41,1.1927,12
1579409588.05,0.43,1.1782,0.41,1.1927,12
1579409588.841,0.42,1.1731,0.4,1.2007,12
1579409589.644,0.44,1.1761,0.41,1.1975,12
1579409590.437,0.43,1.1795,0.44,1.1947,12
1579409591.253,0.46,1.1715,0.44,1.1964,12
1579409591.971,0.44,1.1778,0.38,1.2202,12
1579409592.77,0.42,1.1849,0.41,1.2004,13
1579409593.561,0.44,1.1682,0.4,1.208,13
1579409594.371,0.42,1.1886,0.36,1.2318,13
1579409595.172,0.42,1.1967,0.38,1.2214,13
1579409595.965,0.43,1.1735,0.39,1.2126,13
1579409596.766,0.43,1.1846,0.38,1.2088,13
1579409597.564,0.43,1.169,0.37,1.2259,13
1579409598.367,0.43,1.1798,0.4,1.2002,13
1579409599.163,0.44,1.1697,0.39,1.2019,13
1579409599.966,0.42,1.19,0.41,1.1983,13
1579409600.767,0.46,1.1655,0.39,1.2083,13
1579409601.473,0.44,1.1743,0.41,1.1958,13
1579409602.28,0.43,1.1716,0.4,1.1879,14
1579409603.07,0.44,1.1658,0.42,1.1867,14
1579409603.864,0.43,1.1693,0.4,1.1961,14
1579409604.654,0.43,1.1774,0.4,1.196,14
1579409605.458,0.45,1.1618,0.43,1.1866,14
1579409606.256,0.45,1.1583,0.43,1.187,14
1579409607.049,0.45,1.1636,0.4,1.1957,14
1579409607.842,0.44,1.1615,0.39,1.1928,14
1579409608.65,0.44,1.1641,0.43,1.1881,14
1579409609.455,0.44,1.1706,0.44,1.186,14
1579409610.252,0.46,1.1571,0.42,1.1896,14
1579409610.947,0.45,1.1631,0.4,1.1918,14
1579409611.754,0.44,1.1659,0.43,1.1843,15
1579409612.552,0.45,1.1567,0.44,1.1821,15
1579409613.35,0.44,1.161,0.4,1.191,15
1579409614.155,0.45,1.1718,0.41,1.1803,15
1579409614.956,0.46,1.1492,0.4,1.1783,15
1579409615.766,0.47,1.1493,0.38,1.1874,15
1579409616.569,0.46,1.1586,0.42,1.1773,15
1579409617.372,0.46,1.1491,0.41,1.1773,15
1579409618.179,0.46,1.1563,0.42,1.1848,15
1579409618.988,0.46,1.1622,0.44,1.1742,15
1579409619.79,0.48,1.1471,0.4,1.178,15
1579409620.488,0.46,1.1597,0.39,1.2251,15
1579409621.293,0.44,1.1819,0.44,1.1755,16
1579409622.102,0.47,1.1481,0.44,1.1844,16
1579409622.903,0.46,1.1717,0.36,1.2175,16
1579409623.701,0.44,1.1846,0.36,1.2018,16
1579409624.507,0.47,1.1533,0.46,1.1741,16
1579409625.407,0.47,1.1564,0.46,1.1649,16
1579409626.195,0.46,1.1519,0.39,1.1934,16
1579409627.001,0.47,1.1538,0.39,1.1835,16
1579409627.796,0.47,1.1519,0.43,1.1765,16
1579409628.599,0.46,1.1652,0.42,1.1697,16
1579409629.393,0.49,1.1413,0.4,1.186,16
1579409630.103,0.47,1.1511,0.43,1.1689,16
1579409630.916,0.47,1.1495,0.44,1.1622,17
1579409631.713,0.47,1.1371,0.39,1.185,17
1579409632.517,0.47,1.1445,0.39,1.1901,17
1579409633.334,0.46,1.1637,0.4,1.1717,17
1579409634.147,0.49,1.1283,0.43,1.1615,17
1579409634.954,0.47,1.1312,0.44,1.1609,17
1579409635.757,0.48,1.1346,0.42,1.165,17
1579409636.558,0.48,1.1274,0.41,1.1704,17
1579409637.382,0.48,1.1363,0.43,1.1676,17
1579409638.213,0.48,1.1386,0.44,1.1685,17
1579409639.014,0.49,1.1311,0.45,1.1587,17
1579409639.726,0.48,1.14,0.41,1.1955,17
1579409640.551,0.48,1.1412,0.42,1.1745,18
1579409641.376,0.49,1.1199,0.43,1.1792,18
1579409642.175,0.48,1.1412,0.39,1.1944,18
1579409642.972,0.48,1.1513,0.42,1.171,18
1579409643.767,0.5,1.1153,0.46,1.1563,18
1579409644.57,0.5,1.1168,0.39,1.1864,18
1579409645.371,0.49,1.1292,0.44,1.1666,18
1579409646.164,0.49,1.1126,0.43,1.1627,18
1579409646.973,0.49,1.1201,0.43,1.1738,18
1579409647.775,0.49,1.1208,0.43,1.1574,18
1579409648.584,0.5,1.1124,0.47,1.1622,18
1579409649.287,0.5,1.1154,0.48,1.1602,18
1579409650.087,0.5,1.1231,0.4,1.1692,19
1579409650.882,0.5,1.1098,0.43,1.154,19
1579409651.681,0.49,1.127,0.37,1.2139,19
1579409652.473,0.48,1.158,0.46,1.1548,19
1579409653.262,0.5,1.11,0.42,1.1648,19
1579409654.059,0.51,1.1065,0.4,1.1865,19
1579409654.859,0.49,1.124,0.48,1.1558,19
1579409655.659,0.5,1.1005,0.44,1.1546,19
1579409656.447,0.51,1.1054,0.41,1.1763,19
1579409657.244,0.5,1.11,0.48,1.1575,19
1579409658.036,0.52,1.0926,0.53,1.1415,19
1579409658.745,0.49,1.13,0.47,1.1621,19
1579409659.542,0.51,1.1014,0.44,1.1607,20
1579409660.343,0.51,1.0876,0.47,1.1456,20
1579409661.133,0.51,1.109,0.43,1.1473,20
1579409661.939,0.51,1.1061,0.42,1.1736,20
1579409662.729,0.52,1.0883,0.46,1.1447,20
1579409663.526,0.53,1.0679,0.43,1.1496,20
1579409664.314,0.52,1.0961,0.42,1.1677,20
1579409665.116,0.52,1.0773,0.44,1.1519,20
1579409665.909,0.53,1.0739,0.45,1.1493,20
1579409666.706,0.52,1.1003,0.51,1.1505,20
1579409667.511,0.54,1.0748,0.45,1.149,20
1579409668.328,0.52,1.0832,0.46,1.1572,20
1579409669.128,0.5,1.1117,0.44,1.1853,21
1579409669.929,0.5,1.1189,0.44,1.1551,21
1579409670.723,0.51,1.0954,0.48,1.1375,21
1579409671.521,0.5,1.122,0.49,1.1184,21
1579409672.314,0.53,1.0868,0.48,1.1071,21
1579409673.115,0.52,1.0678,0.44,1.1211,21
1579409673.909,0.52,1.0903,0.49,1.1028,21
1579409674.707,0.52,1.0702,0.5,1.105,21
1579409675.501,0.53,1.0758,0.53,1.1025,21
1579409676.303,0.53,1.0701,0.52,1.115,21
1579409677.097,0.54,1.0646,0.49,1.0994,21
1579409677.796,0.53,1.0716,0.49,1.0946,21
1579409678.604,0.53,1.0635,0.47,1.1069,22
1579409679.41,0.53,1.0557,0.48,1.0976,22
1579409680.21,0.52,1.0681,0.54,1.0898,22
1579409681.012,0.53,1.0772,0.52,1.095,22
1579409681.815,0.54,1.0441,0.44,1.1109,22
1579409682.614,0.54,1.0396,0.43,1.1077,22
1579409683.416,0.54,1.0507,0.53,1.0993,22
1579409684.232,0.54,1.0359,0.54,1.1017,22
1579409685.032,0.54,1.0439,0.46,1.111,22
1579409685.828,0.54,1.0461,0.51,1.102,22
1579409686.628,0.55,1.0294,0.54,1.1041,22
1579409687.34,0.55,1.0439,0.52,1.0964,22
1579409688.133,0.54,1.0463,0.52,1.0858,23
1579409688.934,0.54,1.0262,0.5,1.0767,23
1579409689.74,0.54,1.049,0.5,1.0699,23
1579409690.542,0.54,1.0568,0.52,1.0615,23
1579409691.343,0.56,1.0211,0.52,1.0577,23
1579409692.139,0.55,1.0189,0.54,1.059,23
1579409692.937,0.55,1.0344,0.56,1.0536,23
1579409693.738,0.55,1.0144,0.52,1.0579,23
1579409694.538,0.55,1.0221,0.5,1.0738,23
1579409695.359,0.55,1.0332,0.51,1.0852,23
1579409696.161,0.55,1.0457,0.53,1.1089,23
1579409696.872,0.54,1.0809,0.55,1.1145,23
1579409697.682,0.52,1.106,0.45,1.0915,24
1579409698.497,0.53,1.0632,0.5,1.116,24
1579409699.312,0.52,1.1109,0.55,1.0646,24
1579409700.11,0.52,1.0831,0.48,1.0746,24
1579409700.915,0.56,1.057,0.48,1.0955,24
1579409701.721,0.53,1.0638,0.51,1.0581,24
1579409702.531,0.55,1.0462,0.54,1.0759,24
1579409703.325,0.53,1.0644,0.53,1.0504,24
1579409704.116,0.55,1.0364,0.51,1.0641,24
1579409704.917,0.55,1.0468,0.49,1.0651,24
1579409705.71,0.55,1.0381,0.54,1.0444,24
1579409706.406,0.55,1.035,0.51,1.0601,24
1579409707.2,0.55,1.0469,0.56,1.0455,25
1579409708.0,0.55,1.0203,0.52,1.0769,25
1579409708.799,0.53,1.0603,0.52,1.0498,25
1579409709.594,0.54,1.0523,0.56,1.0448,25
1579409710.385,0.55,1.0254,0.55,1.0531,25
1579409711.309,0.56,1.0211,0.53,1.0467,25
1579409712.126,0.55,1.0237,0.53,1.053,25
1579409712.92,0.55,1.0171,0.53,1.0445,25
1579409713.716,0.56,1.0259,0.61,1.0362,25
1579409714.51,0.55,1.0176,0.57,1.0502,25
1579409715.322,0.56,1.0172,0.56,1.0355,25
1579409716.022,0.57,1.01,0.53,1.0613,25
1579409716.833,0.55,1.0347,0.52,1.0473,26
1579409717.632,0.56,1.0043,0.56,1.051,26
1579409718.442,0.55,1.0306,0.52,1.0377,26
1579409719.245,0.55,1.0389,0.53,1.0266,26
1579409720.052,0.57,0.9911,0.52,1.0396,26
1579409720.845,0.57,0.9985,0.58,1.0259,26
1579409721.654,0.56,1.0056,0.58,1.0244,26
1579409722.459,0.56,0.9985,0.57,1.014,26
1579409723.261,0.57,0.9989,0.55,1.004,26
1579409724.053,0.56,0.9998,0.57,1.0004,26
1579409724.849,0.57,0.9866,0.55,1.0058,26
1579409725.551,0.58,0.9954,0.59,1.011,26
1579409726.354,0.56,1.0066,0.51,1.0432,27
1579409727.152,0.57,1.0002,0.55,1.0191,27
1579409727.951,0.56,1.0092,0.57,1.022,27
1579409728.749,0.55,1.0195,0.55,1.0279,27
1579409729.551,0.58,0.9794,0.56,1.0284,27
1579409730.343,0.57,0.9786,0.57,1.0173,27
1579409731.143,0.56,0.9906,0.54,1.0217,27
1579409731.935,0.58,0.9856,0.55,1.0091,27
1579409732.746,0.57,0.9935,0.58,0.9987,27
1579409733.546,0.58,0.9837,0.54,1.0063,27
1579409734.345,0.58,0.9891,0.6,0.9973,27
1579409735.041,0.58,0.981,0.56,1.0074,27
1579409735.847,0.57,0.9945,0.58,1.0102,28
1579409736.645,0.57,0.9837,0.55,0.9995,28
1579409737.439,0.57,0.9968,0.56,0.9922,28
1579409738.234,0.56,1.0064,0.57,0.9972,28
1579409739.028,0.59,0.9666,0.57,0.996,28
1579409739.833,0.59,0.9601,0.58,1.0017,28
1579409740.64,0.58,0.9733,0.56,1.0114,28
1579409741.439,0.58,0.9737,0.61,1.0098,28
1579409742.247,0.58,0.9821,0.55,1.0273,28
1579409743.048,0.57,0.9909,0.58,1.0292,28
1579409743.863,0.57,1.014,0.51,1.0891,28
1579409744.571,0.55,1.0594,0.6,0.994,28
1579409745.365,0.57,0.9854,0.51,1.0453,29
1579409746.157,0.54,1.0466,0.57,1.0054,29
1579409746.964,0.56,1.0041,0.51,1.0565,29
1579409747.766,0.54,1.0507,0.52,1.0165,29
1579409748.564,0.59,0.9786,0.56,1.0297,29
1579409749.357,0.58,0.9907,0.58,1.0372,29
1579409750.158,0.56,1.0061,0.58,1.027,29
1579409750.956,0.58,0.9794,0.53,1.059,29
1579409751.749,0.57,1.0103,0.54,1.0333,29
1579409752.65,0.58,0.9807,0.57,1.0094,29
1579409753.443,0.59,0.9762,0.57,1.0098,29
1579409754.157,0.58,0.9793,0.54,1.0053,29
1579409754.951,0.58,0.9794,0.54,1.0256,30
1579409755.777,0.58,0.9855,0.54,1.008,30
1579409756.574,0.58,0.9898,0.56,0.9986,30
1579409757.401,0.57,1.0007,0.59,0.9935,30
1579409758.231,0.6,0.9582,0.57,0.9987,30
1579409759.029,0.59,0.9523,0.57,1.0137,30
1579409759.829,0.59,0.9656,0.58,1.0135,30
1579409760.635,0.59,0.9611,0.59,1.0153,30
1579409761.457,0.59,0.9683,0.57,1.0069,30
1579409762.263,0.6,0.9568,0.54,1.0014,30
1579409763.061,0.59,0.9555,0.6,0.9947,30
1579409763.768,0.6,0.9546,0.6,0.9889,30
1579409764.581,0.58,0.9725,0.59,0.9783,31
1579409765.387,0.59,0.9589,0.53,0.9953,31
1579409766.176,0.58,0.9842,0.53,0.9826,31
1579409766.971,0.58,0.9829,0.59,0.9885,31
1579409767.762,0.6,0.9496,0.57,0.987,31
1579409768.573,0.6,0.9361,0.53,1.0061,31
1579409769.37,0.59,0.9591,0.56,1.007,31
1579409770.162,0.59,0.9541,0.58,1.0097,31
1579409770.964,0.6,0.9585,0.59,1.0063,31
1579409771.774,0.6,0.9447,0.54,1.007,31
1579409772.58,0.6,0.9481,0.58,1.0031,31
1579409773.278,0.6,0.9465,0.59,0.9979,31
1579409774.071,0.59,0.9618,0.57,0.9834,32
1579409774.866,0.6,0.9522,0.53,0.9974,32
1579409775.664,0.59,0.9737,0.56,0.9724,32
1579409776.454,0.58,0.9727,0.57,0.9812,32
1579409777.251,0.61,0.9427,0.59,0.9848,32
1579409778.044,0.6,0.9283,0.56,1.0091,32
1579409778.848,0.59,0.9474,0.55,1.0048,32
1579409779.646,0.6,0.9441,0.57,1.0052,32
1579409780.434,0.6,0.9463,0.6,0.9944,32
1579409781.226,0.61,0.93,0.57,0.9934,32
1579409782.038,0.61,0.9386,0.6,0.9853,32
1579409782.744,0.61,0.9345,0.61,0.9771,32
1579409783.543,0.6,0.9439,0.57,0.9747,33
1579409784.357,0.6,0.9406,0.55,0.9895,33
1579409785.147,0.6,0.9616,0.58,0.9715,33
1579409785.949,0.59,0.9666,0.59,0.9768,33
1579409786.739,0.62,0.9286,0.59,0.9837,33
1579409787.541,0.61,0.9239,0.59,0.9849,33
1579409788.356,0.61,0.93,0.56,0.9869,33
1579409789.157,0.6,0.9359,0.56,0.9986,33
1579409789.953,0.61,0.94,0.59,0.981,33
1579409790.754,0.61,0.9201,0.57,0.9742,33
1579409791.546,0.61,0.9222,0.6,0.9778,33
1579409792.251,0.62,0.9226,0.61,0.9565,33
1579409793.06,0.6,0.9289,0.58,0.9477,34
1579409793.87,0.61,0.9261,0.58,0.9602,34
1579409794.667,0.6,0.9425,0.58,0.9505,34
1579409795.577,0.6,0.9578,0.61,0.9499,34
1579409796.376,0.62,0.9166,0.58,0.9632,34
1579409797.179,0.61,0.9153,0.6,0.9647,34
1579409797.976,0.61,0.9212,0.58,0.9784,34
1579409798.786,0.6,0.9351,0.55,0.9926,34
1579409799.585,0.62,0.9323,0.59,0.9687,34
1579409800.391,0.62,0.912,0.59,0.9591,34
1579409801.208,0.63,0.907,0.58,0.9562,34
1579409801.926,0.63,0.9067,0.6,0.9315,34
1579409802.73,0.61,0.9199,0.58,0.932,35
1579409803.531,0.62,0.915,0.59,0.9269,35
1579409804.358,0.61,0.9245,0.57,0.9197,35
1579409805.149,0.6,0.9451,0.61,0.9312,35
1579409805.944,0.63,0.9023,0.59,0.9346,35
1579409806.74,0.62,0.9003,0.59,0.9413,35
1579409807.546,0.61,0.9162,0.59,0.977,35
1579409808.341,0.6,0.9397,0.6,0.9694,35
1579409809.142,0.62,0.9184,0.59,0.961,35
1579409809.944,0.63,0.8926,0.59,0.9569,35
1579409810.749,0.63,0.8984,0.59,0.9665,35
1579409811.453,0.63,0.9031,0.59,0.9443,35
1579409812.252,0.61,0.9177,0.6,0.9319,36
1579409813.043,0.62,0.9127,0.59,0.9495,36
1579409813.833,0.62,0.9242,0.57,0.9254,36
1579409814.635,0.61,0.9303,0.58,0.9199,36
1579409815.429,0.63,0.887,0.59,0.9324,36
1579409816.219,0.62,0.9035,0.61,0.9359,36
1579409817.011,0.62,0.9111,0.62,0.9373,36
1579409817.811,0.62,0.9152,0.62,0.982,36
1579409818.609,0.6,0.9301,0.56,0.9771,36
1579409819.406,0.62,0.9102,0.61,0.9508,36
1579409820.21,0.63,0.9007,0.6,0.9856,36
1579409820.909,0.63,0.9106,0.57,0.9422,36
1579409821.708,0.61,0.9218,0.59,0.9526,37
1579409822.507,0.62,0.909,0.57,0.9658,37
1579409823.301,0.61,0.9364,0.59,0.9297,37
1579409824.091,0.61,0.9271,0.55,0.9517,37
1579409824.891,0.62,0.9045,0.56,0.9497,37
1579409825.685,0.62,0.8917,0.6,0.939,37
1579409826.478,0.62,0.9026,0.6,0.9351,37
1579409827.277,0.62,0.9098,0.59,0.933,37
1579409828.074,0.62,0.9015,0.58,0.9644,37
1579409828.88,0.62,0.8889,0.55,0.9609,37
1579409829.672,0.63,0.8854,0.6,0.9387,37
1579409830.386,0.65,0.8719,0.58,0.9456,37
1579409831.201,0.62,0.9117,0.59,0.9491,38
1579409832.023,0.62,0.8992,0.61,0.9302,38
1579409832.814,0.62,0.9055,0.59,0.9302,38
1579409833.609,0.61,0.9236,0.6,0.9179,38
1579409834.419,0.64,0.8739,0.61,0.9133,38
1579409835.228,0.63,0.8819,0.59,0.9187,38
1579409836.022,0.63,0.8871,0.6,0.948,38
1579409836.825,0.61,0.9151,0.58,0.9237,38
1579409837.721,0.63,0.8916,0.57,0.9692,38
1579409838.513,0.63,0.898,0.53,1.0497,38
1579409839.315,0.6,0.9562,0.57,0.9936,38
1579409840.009,0.63,0.8961,0.53,0.9691,38
1579409840.808,0.62,0.9145,0.56,0.9953,39
1579409841.599,0.61,0.9428,0.53,0.9642,39
1579409842.397,0.61,0.9304,0.6,0.9278,39
1579409843.182,0.6,0.9699,0.62,0.9127,39
1579409843.977,0.63,0.8913,0.57,0.953,39
1579409844.771,0.62,0.9202,0.58,0.9469,39
1579409845.57,0.63,0.9012,0.6,0.9723,39
1579409846.362,0.61,0.9389,0.57,0.9332,39
1579409847.156,0.63,0.9011,0.56,0.9352,39
1579409847.946,0.62,0.9034,0.58,0.9291,39
1579409848.744,0.63,0.8949,0.62,0.947,39
1579409849.447,0.64,0.8912,0.61,0.9211,39
1579409850.239,0.63,0.8793,0.59,0.9483,40
1579409851.038,0.63,0.8955,0.54,0.9591,40
1579409851.831,0.63,0.8992,0.53,0.9595,40
1579409852.632,0.61,0.9259,0.56,0.9409,40
1579409853.435,0.64,0.8823,0.58,0.9285,40
1579409854.236,0.64,0.8812,0.62,0.911,40
1579409855.028,0.63,0.8926,0.62,0.9197,40
1579409855.827,0.63,0.8937,0.58,0.932,40
1579409856.63,0.62,0.8949,0.57,0.947,40
1579409857.429,0.64,0.8753,0.58,0.9535,40
1579409858.237,0.63,0.888,0.59,0.9258,40
1579409858.945,0.65,0.8596,0.62,0.9415,40
1579409859.751,0.62,0.9145,0.64,0.877,41
1579409860.552,0.64,0.8663,0.62,0.9043,41
1579409861.345,0.62,0.9255,0.61,0.861,41
1579409862.142,0.63,0.9112,0.63,0.8992,41
1579409862.938,0.64,0.8873,0.6,0.9176,41
1579409863.749,0.64,0.8726,0.62,0.9289,41
1579409864.543,0.63,0.8904,0.58,0.9127,41
1579409865.334,0.63,0.8876,0.58,0.9088,41
1579409866.124,0.64,0.8748,0.55,0.918,41
1579409866.928,0.64,0.8804,0.6,0.9075,41
1579409867.715,0.65,0.8674,0.59,0.9213,41
1579409868.416,0.65,0.8628,0.6,0.9472,41
1579409869.207,0.63,0.8852,0.63,0.943,42
1579409870.013,0.63,0.8881,0.63,0.8733,42
1579409870.807,0.64,0.8801,0.62,0.8548,42
1579409871.603,0.61,0.9381,0.63,0.8568,42
1579409872.404,0.64,0.8606,0.62,0.8832,42
1579409873.217,0.64,0.86,0.65,0.8986,42
1579409874.017,0.63,0.8893,0.67,0.8884,42
1579409874.811,0.63,0.8736,0.61,0.904,42
1579409875.605,0.64,0.879,0.6,0.8822,42
1579409876.406,0.65,0.8508,0.6,0.8856,42
1579409877.218,0.65,0.8629,0.59,0.9025,42
1579409877.918,0.65,0.8574,0.62,0.9006,42
1579409878.824,0.64,0.8477,0.6,0.926,43
1579409879.623,0.63,0.8868,0.59,0.93,43
1579409880.442,0.64,0.8856,0.6,0.8681,43
1579409881.255,0.65,0.8722,0.59,0.8686,43
1579409882.051,0.63,0.8907,0.61,0.8476,43
1579409882.847,0.65,0.8472,0.62,0.8883,43
1579409883.641,0.65,0.8838,0.61,0.877,43
1579409884.439,0.64,0.8625,0.62,0.9023,43
1579409885.237,0.64,0.8687,0.66,0.8724,43
1579409886.023,0.66,0.8306,0.64,0.8837,43
1579409886.815,0.66,0.8455,0.63,0.8861,43
1579409887.523,0.66,0.8247,0.61,0.9066,43
1579409888.322,0.64,0.851,0.62,0.9142,44
1579409889.123,0.65,0.8419,0.59,0.9369,44
1579409889.922,0.65,0.8637,0.61,0.8979,44
1579409890.711,0.65,0.8578,0.6,0.8635,44
1579409891.51,0.66,0.8337,0.65,0.8401,44
1579409892.305,0.66,0.8323,0.64,0.837,44
1579409893.095,0.66,0.8461,0.6,0.8386,44
1579409893.89,0.64,0.8546,0.62,0.8409,44
1579409894.688,0.66,0.8337,0.64,0.8456,44
1579409895.486,0.66,0.8147,0.65,0.8327,44
1579409896.275,0.67,0.8164,0.69,0.8473,44
1579409896.972,0.68,0.7952,0.66,0.8754,44
1579409897.779,0.66,0.8114,0.65,0.8816,45
1579409898.581,0.66,0.8268,0.62,0.898,45
1579409899.368,0.66,0.8469,0.62,0.8735,45
1579409900.159,0.66,0.8402,0.61,0.8549,45
1579409900.952,0.67,0.8168,0.63,0.8368,45
1579409901.751,0.67,0.8182,0.65,0.8205,45
1579409902.538,0.67,0.8248,0.65,0.8299,45
1579409903.333,0.65,0.838,0.65,0.8307,45
1579409904.127,0.66,0.8284,0.61,0.8101,45
1579409904.924,0.67,0.7955,0.69,0.8101,45
1579409905.713,0.69,0.7934,0.66,0.8397,45
1579409906.413,0.69,0.7799,0.65,0.8946,45
1579409907.22,0.66,0.8163,0.62,0.9164,46
1579409908.019,0.65,0.8467,0.62,0.8501,46
1579409908.815,0.65,0.8354,0.65,0.8664,46
1579409909.612,0.66,0.8308,0.59,0.8831,46
1579409910.401,0.67,0.8034,0.61,0.8829,46
1579409911.211,0.67,0.8022,0.64,0.8596,46
1579409912.005,0.67,0.8165,0.63,0.833,46
1579409912.801,0.66,0.8195,0.69,0.8038,46
1579409913.594,0.67,0.8124,0.68,0.8185,46
1579409914.387,0.68,0.7895,0.67,0.8188,46
1579409915.182,0.69,0.7775,0.66,0.8528,46
1579409915.88,0.7,0.7606,0.62,0.8775,46
1579409916.677,0.67,0.7852,0.65,0.8728,47
1579409917.481,0.68,0.7972,0.66,0.9061,47
1579409918.39,0.65,0.8499,0.62,0.9319,47
1579409919.209,0.64,0.9012,0.59,0.8994,47
1579409920.017,0.65,0.8351,0.63,0.9021,47
1579409920.819,0.67,0.8093,0.62,0.9429,47
1579409921.634,0.64,0.8633,0.62,0.8888,47
1579409922.448,0.65,0.8332,0.6,0.8555,47
1579409923.258,0.66,0.833,0.58,0.8119,47
1579409924.065,0.67,0.7997,0.63,0.8347,47
1579409924.87,0.67,0.8306,0.63,0.8619,47
1579409925.565,0.67,0.799,0.6,0.8737,47
1579409926.363,0.68,0.7867,0.57,0.9467,48
1579409927.155,0.65,0.8521,0.59,0.9388,48
1579409927.947,0.65,0.8404,0.58,0.9328,48
1579409928.738,0.64,0.8658,0.62,0.9153,48
1579409929.544,0.66,0.8183,0.59,0.9001,48
1579409930.345,0.65,0.8397,0.63,0.8779,48
1579409931.135,0.67,0.8159,0.61,0.9059,48
1579409931.926,0.65,0.8204,0.6,0.9026,48
1579409932.723,0.66,0.8135,0.57,0.9054,48
1579409933.522,0.67,0.7966,0.59,0.8817,48
1579409934.313,0.68,0.8037,0.62,0.8709,48
1579409935.008,0.69,0.7706,0.61,0.8779,48
1579409935.81,0.67,0.7988,0.58,0.8959,49
1579409936.608,0.67,0.7889,0.61,0.9003,49
1579409937.419,0.67,0.8105,0.59,0.8758,49
1579409938.232,0.67,0.8142,0.65,0.8648,49
1579409939.025,0.68,0.7937,0.67,0.8397,49
1579409939.826,0.69,0.7739,0.71,0.8293,49
1579409940.625,0.68,0.7913,0.72,0.8405,49
1579409941.436,0.67,0.8063,0.66,0.7953,49
1579409942.233,0.68,0.794,0.7,0.7655,49
1579409943.024,0.69,0.7607,0.66,0.7798,49
1579409943.825,0.7,0.7589,0.68,0.8312,49
1579409944.521,0.7,0.7484,0.67,0.8915,49
1579409945.319,0.67,0.7817,0.66,0.8564,50
1579409946.106,0.69,0.7692,0.67,0.8557,50
1579409946.902,0.68,0.7829,0.61,0.8605,50
1579409947.697,0.68,0.7942,0.62,0.8806,50
1579409948.493,0.69,0.773,0.63,0.8615,50
1579409949.299,0.69,0.7532,0.66,0.8639,50
1579409950.095,0.69,0.7733,0.66,0.8914,50
1579409950.892,0.68,0.7833,0.69,0.8171,50
1579409951.685,0.69,0.7618,0.67,0.8004,50
1579409952.477,0.7,0.7424,0.68,0.8099,50
1579409953.272,0.7,0.7538,0.66,0.8088,50
1579409953.984,0.72,0.7205,0.65,0.8736,50
1579409954.779,0.69,0.7457,0.64,0.9392,51
1579409955.579,0.69,0.7653,0.59,0.9511,51
1579409956.371,0.66,0.8453,0.63,0.8929,51
1579409957.174,0.68,0.811,0.59,0.9568,51
1579409957.969,0.66,0.8157,0.67,0.8901,51
1579409958.767,0.68,0.778,0.62,0.9239,51
1579409959.675,0.67,0.8021,0.64,0.9534,51
1579409960.468,0.68,0.7896,0.66,0.8926,51
1579409961.268,0.68,0.7845,0.68,0.8192,51
1579409962.064,0.69,0.7565,0.68,0.8039,51
1579409962.861,0.69,0.772,0.62,0.8317,51
1579409963.559,0.7,0.7358,0.65,0.8123,51
1579409964.365,0.69,0.7564,0.59,0.9094,52
1579409965.157,0.68,0.7708,0.63,0.8979,52
1579409965.946,0.68,0.7817,0.66,0.8607,52
1579409966.733,0.69,0.7775,0.6,0.8801,52
1579409967.537,0.69,0.7489,0.58,0.9103,52
1579409968.362,0.68,0.7717,0.62,0.9447,52
1579409969.152,0.67,0.8116,0.61,0.9035,52
1579409969.941,0.68,0.7753,0.62,0.9304,52
1579409970.74,0.68,0.7907,0.64,0.8753,52
1579409971.543,0.68,0.7747,0.69,0.8101,52
1579409972.336,0.72,0.7176,0.67,0.869,52
1579409973.032,0.71,0.7282,0.64,0.8492,52
1579409973.828,0.68,0.772,0.66,0.8595,53
1579409974.63,0.69,0.7613,0.6,0.883,53
1579409975.419,0.69,0.7514,0.61,0.8659,53
1579409976.211,0.69,0.7652,0.65,0.855,53
1579409977.0,0.7,0.7394,0.64,0.8645,53
1579409977.8,0.7,0.7325,0.65,0.8645,53
1579409978.593,0.7,0.7566,0.62,0.8999,53
1579409979.388,0.68,0.7654,0.62,0.9595,53
1579409980.182,0.69,0.7614,0.64,0.8789,53
1579409980.996,0.71,0.7099,0.65,0.8956,53
1579409981.815,0.7,0.7541,0.61,0.9871,53
1579409982.514,0.71,0.7072,0.64,0.875,53
1579409983.314,0.7,0.7124,0.63,0.9448,54
1579409984.132,0.69,0.7738,0.62,0.8698,54
1579409984.938,0.7,0.7307,0.59,0.8826,54
1579409985.732,0.69,0.7783,0.65,0.8479,54
1579409986.521,0.71,0.7296,0.65,0.8579,54
1579409987.316,0.7,0.7417,0.67,0.8673,54
1579409988.101,0.71,0.7358,0.63,0.9313,54
1579409988.9,0.69,0.7438,0.63,0.9242,54
1579409989.694,0.7,0.7298,0.66,0.9091,54
1579409990.489,0.71,0.7054,0.62,0.8625,54
1579409991.28,0.71,0.7245,0.66,0.8788,54
1579409991.985,0.73,0.6658,0.65,1.0503,54
1579409992.777,0.69,0.7597,0.54,1.0408,55
1579409993.567,0.64,0.8694,0.61,0.8936,55
1579409994.357,0.69,0.7474,0.59,1.0413,55
1579409995.156,0.65,0.8888,0.57,0.901,55
1579409995.947,0.69,0.7786,0.59,0.8816,55
1579409996.738,0.68,0.7822,0.65,0.8797,55
1579409997.529,0.67,0.8019,0.62,0.8634,55
1579409998.355,0.69,0.7488,0.62,0.9824,55
1579409999.151,0.67,0.8137,0.63,0.908,55
1579409999.943,0.72,0.7097,0.6,0.9167,55
1579410000.733,0.69,0.7793,0.63,0.8761,55
1579410001.535,0.73,0.6931,0.58,0.9476,55
1579410002.344,0.69,0.7568,0.59,0.9889,56
1579410003.137,0.68,0.7719,0.58,0.9528,56
1579410003.926,0.68,0.7713,0.64,0.907,56
1579410004.722,0.67,0.8065,0.63,0.8426,56
1579410005.518,0.72,0.6995,0.62,0.9321,56
1579410006.317,0.66,0.8131,0.64,0.8138,56
1579410007.103,0.69,0.7539,0.64,0.822,56
1579410007.902,0.69,0.7547,0.64,0.8769,56
1579410008.697,0.68,0.7662,0.61,0.9226,56
1579410009.495,0.71,0.7126,0.6,0.9272,56
1579410010.281,0.71,0.7311,0.58,0.8529,56
1579410011.004,0.74,0.6556,0.59,0.879,56
1579410011.813,0.71,0.6995,0.63,0.9378,57
1579410012.613,0.72,0.7084,0.62,0.9812,57
1579410013.406,0.71,0.7155,0.59,0.9663,57
1579410014.206,0.71,0.7171,0.63,0.9046,57
1579410015.0,0.72,0.6868,0.66,0.8814,57
1579410015.791,0.72,0.6979,0.63,0.8401,57
1579410016.583,0.72,0.7092,0.65,0.8404,57
1579410017.382,0.71,0.703,0.64,0.8512,57
1579410018.169,0.72,0.695,0.64,0.886,57
1579410018.962,0.74,0.6549,0.64,0.8596,57
1579410019.764,0.74,0.659,0.66,0.8681,57
1579410020.468,0.77,0.6063,0.66,0.9423,57
1579410021.258,0.74,0.6549,0.66,0.922,58
1579410022.05,0.73,0.6663,0.62,0.9476,58
1579410022.844,0.73,0.679,0.64,0.9569,58
1579410023.646,0.73,0.6731,0.61,1.0128,58
1579410024.437,0.73,0.6664,0.59,0.907,58
1579410025.226,0.73,0.6637,0.67,0.8501,58
1579410026.016,0.73,0.6674,0.65,0.8466,58
1579410026.817,0.72,0.6651,0.63,0.8996,58
1579410027.604,0.74,0.6611,0.63,0.9352,58
1579410028.437,0.75,0.6327,0.66,0.888,58
1579410029.225,0.76,0.6217,0.6,0.9444,58
1579410029.93,0.76,0.6001,0.6,1.1139,58
1579410030.722,0.72,0.6654,0.62,0.9866,59
1579410031.519,0.72,0.672,0.64,0.9718,59
1579410032.306,0.73,0.6663,0.63,0.9735,59
1579410033.104,0.74,0.6608,0.6,1.0143,59
1579410033.908,0.74,0.6555,0.64,0.9349,59
1579410034.702,0.73,0.6634,0.67,0.8548,59
1579410035.496,0.72,0.6837,0.69,0.8263,59
1579410036.292,0.73,0.6663,0.61,0.9133,59
1579410037.09,0.72,0.6833,0.61,0.9252,59
1579410037.887,0.77,0.6031,0.63,0.9653,59
1579410038.682,0.72,0.7001,0.6,0.9643,59
1579410039.394,0.77,0.5927,0.56,1.0664,59
1579410040.197,0.72,0.6693,0.6,1.0908,60
1579410041.006,0.71,0.717,0.6,1.0249,60
1579410041.814,0.73,0.6789,0.59,1.0084,60
1579410042.718,0.73,0.6757,0.58,1.0397,60
1579410043.518,0.73,0.668,0.62,0.9737,60
1579410044.351,0.73,0.6607,0.64,0.9696,60
1579410045.142,0.71,0.6929,0.65,0.9178,60
1579410045.938,0.72,0.6799,0.67,0.9299,60
1579410046.737,0.72,0.689,0.67,0.9563,60
1579410047.555,0.73,0.6568,0.61,0.9744,60
1579410048.358,0.74,0.633,0.61,0.9985,60
1579410049.058,0.74,0.6276,0.61,1.0885,60
1579410049.858,0.73,0.6618,0.59,1.0495,61
1579410050.654,0.73,0.6765,0.6,0.9674,61
1579410051.45,0.73,0.6699,0.57,1.0056,61
1579410052.241,0.72,0.691,0.6,1.0908,61
1579410053.028,0.74,0.6664,0.6,1.0538,61
1579410053.819,0.73,0.6646,0.6,0.8918,61
1579410054.617,0.73,0.6821,0.62,0.887,61
1579410055.409,0.7,0.7107,0.6,1.0278,61
1579410056.197,0.72,0.6823,0.56,1.027,61
1579410056.986,0.75,0.6379,0.59,0.9183,61
1579410057.783,0.76,0.6113,0.63,0.9595,61
1579410058.487,0.75,0.6127,0.63,0.9511,61
1579410059.286,0.75,0.608,0.58,1.0438,62
1579410060.076,0.72,0.6876,0.61,0.9618,62
1579410060.869,0.73,0.6786,0.57,0.989,62
1579410061.678,0.7,0.7278,0.61,1.06,62
1579410062.466,0.74,0.6463,0.54,1.0928,62
1579410063.262,0.72,0.7056,0.59,0.9942,62
1579410064.047,0.71,0.7073,0.64,0.893,62
1579410064.845,0.71,0.6968,0.65,0.8904,62
1579410065.633,0.72,0.7036,0.61,0.9383,62
1579410066.431,0.73,0.6709,0.59,0.9973,62
1579410067.225,0.73,0.6684,0.61,0.953,62
1579410067.933,0.76,0.579,0.62,1.0002,62
1579410068.744,0.74,0.6231,0.57,1.0507,63
1579410069.559,0.75,0.6228,0.59,1.0394,63
1579410070.352,0.73,0.6799,0.57,1.001,63
1579410071.163,0.72,0.6904,0.64,1.0334,63
1579410071.987,0.73,0.6489,0.59,1.0708,63
1579410072.792,0.73,0.6807,0.63,0.8903,63
1579410073.588,0.72,0.6741,0.64,0.9061,63
1579410074.403,0.7,0.7092,0.65,0.8883,63
1579410075.209,0.73,0.6563,0.63,1.0428,63
1579410076.008,0.73,0.6497,0.62,0.9711,63
1579410076.801,0.76,0.6067,0.6,0.9466,63
1579410077.499,0.76,0.6027,0.59,1.0317,63
1579410078.299,0.75,0.6038,0.63,1.1234,64
1579410079.095,0.76,0.6114,0.61,1.0079,64
1579410079.887,0.75,0.6039,0.64,0.9828,64
1579410080.682,0.73,0.6512,0.64,1.0155,64
1579410081.469,0.75,0.6262,0.58,1.1462,64
1579410082.267,0.74,0.6469,0.62,1.0413,64
1579410083.054,0.74,0.6458,0.56,1.0522,64
1579410083.945,0.72,0.6894,0.61,1.0008,64
1579410084.734,0.73,0.6618,0.59,1.03,64
1579410085.535,0.77,0.5761,0.6,1.1079,64
1579410086.329,0.75,0.6375,0.61,0.9622,64
1579410087.029,0.79,0.5467,0.59,1.0239,64
1579410087.824,0.73,0.6373,0.58,1.1007,65
1579410088.617,0.76,0.5991,0.56,1.2162,65
1579410089.414,0.71,0.7235,0.64,0.9805,65
1579410090.204,0.74,0.6297,0.64,0.9854,65
1579410090.99,0.71,0.7029,0.59,0.9824,65
1579410091.78,0.75,0.6217,0.57,1.1269,65
1579410092.575,0.69,0.7393,0.57,1.0404,65
1579410093.374,0.69,0.7141,0.57,1.0568,65
1579410094.159,0.7,0.7017,0.62,1.047,65
1579410094.95,0.73,0.6784,0.61,1.0313,65
1579410095.739,0.75,0.6229,0.6,1.1013,65
1579410096.444,0.76,0.587,0.57,1.0397,65
1579410097.238,0.75,0.6171,0.57,1.038,66
1579410098.024,0.75,0.5965,0.51,1.1816,66
1579410098.814,0.75,0.6271,0.55,1.2464,66
1579410099.612,0.74,0.6519,0.6,1.1277,66
1579410100.403,0.75,0.6201,0.61,1.0067,66
1579410101.208,0.75,0.6034,0.61,0.993,66
1579410102.013,0.73,0.6494,0.61,0.9791,66
1579410102.814,0.74,0.6409,0.64,0.9719,66
1579410103.614,0.75,0.6433,0.64,0.9846,66
1579410104.425,0.77,0.5975,0.63,1.0183,66
1579410105.214,0.77,0.5746,0.63,1.0802,66
1579410105.921,0.8,0.5105,0.65,1.0951,66
1579410106.732,0.77,0.5602,0.64,1.1024,67
1579410107.534,0.77,0.5735,0.58,1.1466,67
1579410108.326,0.76,0.5903,0.55,1.2103,67
1579410109.123,0.76,0.6112,0.58,1.1996,67
1579410109.928,0.75,0.6115,0.61,1.1677,67
1579410110.727,0.76,0.5744,0.57,1.1885,67
1579410111.516,0.75,0.6083,0.57,1.0509,67
1579410112.308,0.74,0.6176,0.6,1.0004,67
1579410113.105,0.74,0.646,0.6,1.0053,67
1579410113.901,0.76,0.6011,0.63,1.0742,67
1579410114.692,0.77,0.6007,0.6,1.0465,67
1579410115.393,0.79,0.5385,0.58,1.0369,67
1579410116.198,0.78,0.5562,0.58,1.1005,68
1579410117.01,0.78,0.5464,0.57,1.1328,68
1579410117.808,0.77,0.5653,0.56,1.09,68
1579410118.6,0.76,0.5995,0.58,1.0604,68
1579410119.401,0.76,0.6078,0.62,1.0888,68
1579410120.205,0.76,0.6054,0.6,1.1099,68
1579410120.995,0.75,0.6292,0.61,1.011,68
1579410121.79,0.75,0.608,0.62,1.0166,68
1579410122.583,0.76,0.6102,0.6,1.0475,68
1579410123.391,0.76,0.6009,0.67,1.0759,68
1579410124.187,0.76,0.6134,0.63,1.06,68
1579410124.983,0.78,0.5551,0.61,1.0615,68
1579410125.775,0.76,0.5906,0.62,1.1278,69
1579410126.565,0.75,0.6196,0.57,1.1013,69
1579410127.364,0.77,0.5767,0.58,1.0516,69
1579410128.149,0.76,0.5797,0.61,1.0601,69
1579410128.938,0.78,0.5601,0.59,1.095,69
1579410129.729,0.77,0.585,0.55,1.1307,69
1579410130.526,0.76,0.5983,0.57,1.1034,69
1579410131.32,0.73,0.653,0.6,0.9527,69
1579410132.118,0.73,0.6496,0.64,0.9195,69
1579410132.916,0.74,0.6392,0.65,1.0276,69
1579410133.705,0.75,0.6165,0.64,1.1163,69
1579410134.407,0.78,0.5408,0.61,1.0659,69
1579410135.209,0.77,0.5723,0.64,1.1032,70
1579410135.994,0.77,0.5708,0.59,1.2462,70
1579410136.791,0.76,0.5849,0.56,1.2916,70
1579410137.587,0.75,0.6155,0.59,1.1735,70
1579410138.382,0.77,0.5784,0.53,1.1484,70
1579410139.171,0.76,0.5933,0.58,1.0942,70
1579410139.966,0.75,0.6157,0.61,1.0961,70
1579410140.762,0.74,0.6223,0.59,0.9949,70
1579410141.559,0.73,0.6417,0.61,0.9291,70
1579410142.355,0.75,0.619,0.65,0.97,70
1579410143.143,0.73,0.6725,0.65,1.025,70
1579410143.839,0.77,0.5626,0.61,1.184,70
1579410144.64,0.74,0.6333,0.53,1.1389,71
1579410145.428,0.76,0.5888,0.6,1.1907,71
1579410146.216,0.75,0.6522,0.5,1.2237,71
1579410147.002,0.77,0.6017,0.54,1.2297,71
1579410147.802,0.74,0.6454,0.58,1.1003,71
1579410148.592,0.76,0.5987,0.59,1.0341,71
1579410149.386,0.74,0.623,0.61,0.9987,71
1579410150.18,0.73,0.6476,0.56,0.999,71
1579410150.976,0.72,0.6755,0.54,0.9573,71
1579410151.762,0.73,0.6579,0.58,0.9249,71
1579410152.554,0.76,0.6187,0.6,0.9955,71
1579410153.251,0.77,0.5923,0.65,1.0749,71
1579410154.052,0.75,0.6005,0.55,1.1334,72
1579410154.845,0.76,0.589,0.52,1.2311,72
1579410155.631,0.75,0.6388,0.53,1.2865,72
1579410156.42,0.75,0.6311,0.56,1.3812,72
1579410157.213,0.74,0.6386,0.56,1.1865,72
1579410158.007,0.74,0.6233,0.58,1.0814,72
1579410158.794,0.74,0.6431,0.6,1.0034,72
1579410159.603,0.76,0.5977,0.58,1.0396,72
1579410160.395,0.75,0.6084,0.56,1.0573,72
1579410161.209,0.75,0.6237,0.59,0.9787,72
1579410162.016,0.76,0.6136,0.62,0.9143,72
1579410162.714,0.79,0.5507,0.62,0.9249,72
1579410163.511,0.76,0.5798,0.6,0.9415,73
1579410164.333,0.78,0.5411,0.61,0.9928,73
1579410165.13,0.78,0.5388,0.6,1.1002,73
1579410165.919,0.77,0.566,0.56,1.2479,73
1579410166.715,0.78,0.5509,0.55,1.3242,73
1579410167.613,0.76,0.5853,0.6,1.164,73
1579410168.416,0.77,0.5597,0.61,1.0714,73
1579410169.219,0.77,0.5637,0.6,1.0405,73
1579410170.017,0.77,0.5528,0.59,1.0719,73
1579410170.81,0.79,0.5317,0.57,1.1219,73
1579410171.609,0.79,0.5394,0.61,1.1156,73
1579410172.309,0.81,0.4884,0.58,1.1148,73
1579410173.109,0.77,0.5458,0.56,1.1311,74
1579410173.903,0.79,0.5279,0.6,1.1333,74
1579410174.695,0.79,0.5279,0.6,1.155,74
1579410175.487,0.79,0.5275,0.54,1.2416,74
1579410176.277,0.8,0.5031,0.53,1.3194,74
1579410177.066,0.79,0.5059,0.59,1.1978,74
1579410177.855,0.79,0.519,0.6,1.0914,74
1579410178.653,0.78,0.5306,0.61,1.1011,74
1579410179.448,0.77,0.5541,0.58,1.1551,74
1579410180.25,0.78,0.5328,0.61,1.1008,74
1579410181.039,0.79,0.5211,0.6,1.1017,74
1579410181.748,0.81,0.4722,0.59,1.2237,74
1579410182.551,0.8,0.4973,0.57,1.2473,75
1579410183.349,0.81,0.4816,0.61,1.1657,75
1579410184.141,0.8,0.482,0.56,1.2344,75
1579410184.93,0.79,0.5158,0.54,1.3595,75
1579410185.725,0.79,0.5123,0.54,1.3885,75
1579410186.518,0.8,0.4994,0.54,1.3157,75
1579410187.306,0.8,0.4995,0.56,1.2053,75
1579410188.095,0.79,0.5039,0.57,1.1512,75
1579410188.892,0.79,0.5181,0.54,1.1973,75
1579410189.7,0.8,0.4925,0.54,1.2758,75
1579410190.485,0.79,0.5195,0.53,1.2264,75
1579410191.188,0.81,0.4752,0.57,1.2602,75
1579410192.004,0.78,0.5116,0.56,1.3846,76
1579410192.798,0.8,0.4898,0.55,1.4737,76
1579410193.586,0.8,0.4975,0.56,1.3762,76
1579410194.395,0.79,0.5296,0.56,1.3378,76
1579410195.195,0.8,0.5,0.44,1.5023,76
1579410195.993,0.78,0.5429,0.49,1.3506,76
1579410196.787,0.78,0.5378,0.58,1.2213,76
1579410197.582,0.79,0.5085,0.57,1.1713,76
1579410198.378,0.79,0.5278,0.56,1.1238,76
1579410199.183,0.78,0.5339,0.58,1.1241,76
1579410199.986,0.79,0.5387,0.58,1.1805,76
1579410200.691,0.8,0.4883,0.6,1.2413,76
1579410201.488,0.77,0.5464,0.6,1.2849,77
1579410202.288,0.79,0.5353,0.52,1.3651,77
1579410203.09,0.79,0.5272,0.55,1.484,77
1579410203.882,0.79,0.5344,0.55,1.387,77
1579410204.671,0.79,0.5224,0.57,1.3155,77
1579410205.459,0.79,0.509,0.52,1.4662,77
1579410206.251,0.77,0.5759,0.54,1.0708,77
1579410207.039,0.78,0.5299,0.58,1.047,77
1579410207.83,0.77,0.5562,0.56,1.0313,77
1579410208.73,0.8,0.5185,0.59,1.1208,77
1579410209.526,0.79,0.5207,0.62,1.1081,77
1579410210.232,0.81,0.4727,0.62,1.1248,77
1579410211.037,0.79,0.5274,0.6,1.2162,78
1579410211.826,0.8,0.4997,0.56,1.3306,78
1579410212.618,0.8,0.4983,0.62,1.3601,78
1579410213.416,0.8,0.4965,0.63,1.3451,78
1579410214.207,0.8,0.4996,0.6,1.3252,78
1579410214.998,0.81,0.4861,0.62,1.3916,78
1579410215.785,0.8,0.4948,0.59,1.3565,78
1579410216.584,0.79,0.5099,0.57,1.1635,78
1579410217.372,0.8,0.4945,0.59,1.1321,78
1579410218.161,0.78,0.5297,0.59,1.0855,78
1579410218.945,0.81,0.4805,0.6,1.2145,78
1579410219.66,0.79,0.5215,0.58,1.0784,78
1579410220.449,0.79,0.5172,0.58,1.0485,79
1579410221.257,0.8,0.4949,0.6,1.1108,79
1579410222.059,0.82,0.4602,0.54,1.2986,79
1579410222.862,0.81,0.4814,0.56,1.3884,79
1579410223.665,0.8,0.4819,0.63,1.3259,79
1579410224.475,0.79,0.5096,0.58,1.3741,79
1579410225.275,0.8,0.5119,0.6,1.4785,79
1579410226.069,0.78,0.52,0.6,1.2441,79
1579410226.875,0.81,0.4807,0.57,1.1951,79
1579410227.679,0.8,0.5051,0.57,1.1753,79
1579410228.474,0.81,0.4747,0.56,1.2684,79
1579410229.176,0.8,0.4808,0.55,1.2401,79
1579410229.986,0.78,0.5261,0.62,1.071,80
1579410230.784,0.79,0.505,0.67,1.0218,80
1579410231.576,0.8,0.5031,0.63,1.0538,80
1579410232.374,0.81,0.4533,0.59,1.2307,80
1579410233.164,0.8,0.4901,0.57,1.2479,80
1579410233.968,0.78,0.5267,0.59,1.1925,80
1579410234.76,0.78,0.5402,0.64,1.2093,80
1579410235.56,0.8,0.4893,0.61,1.2289,80
1579410236.358,0.79,0.5212,0.61,1.0796,80
1579410237.166,0.81,0.4602,0.63,1.102,80
1579410237.957,0.8,0.5072,0.64,1.1163,80
1579410238.657,0.82,0.4453,0.56,1.2602,80
1579410239.453,0.76,0.5843,0.59,1.1576,81
1579410240.256,0.77,0.5688,0.67,1.0898,81
1579410241.046,0.78,0.5562,0.62,1.0744,81
1579410241.836,0.79,0.5392,0.57,1.1823,81
1579410242.623,0.81,0.4716,0.53,1.2915,81
1579410243.419,0.81,0.4821,0.61,1.2564,81
1579410244.213,0.79,0.5217,0.61,1.3137,81
1579410244.998,0.77,0.5774,0.68,1.3195,81
1579410245.783,0.78,0.5488,0.62,1.2355,81
1579410246.572,0.8,0.5023,0.57,1.1462,81
1579410247.364,0.81,0.4787,0.57,1.134,81
1579410248.061,0.82,0.4456,0.59,1.1514,81
1579410248.855,0.79,0.4966,0.63,1.1433,82
1579410249.65,0.79,0.5217,0.58,1.1686,82
1579410250.444,0.79,0.5186,0.59,1.2038,82
1579410251.358,0.79,0.5392,0.55,1.1936,82
1579410252.147,0.79,0.5141,0.57,1.2004,82
1579410252.938,0.81,0.4751,0.57,1.2291,82
1579410253.729,0.8,0.4854,0.57,1.2706,82
1579410254.528,0.78,0.5164,0.55,1.2683,82
1579410255.322,0.79,0.518,0.6,1.297,82
1579410256.111,0.8,0.5201,0.56,1.2756,82
1579410256.902,0.81,0.4739,0.59,1.2913,82
1579410257.61,0.84,0.4093,0.61,1.293,82
1579410258.411,0.81,0.4543,0.61,1.139,83
1579410259.206,0.81,0.4622,0.62,1.0881,83
1579410260.0,0.8,0.4816,0.6,1.1229,83
1579410260.799,0.81,0.4792,0.56,1.3046,83
1579410261.593,0.82,0.4644,0.53,1.3444,83
1579410262.385,0.81,0.4651,0.55,1.2502,83
1579410263.175,0.82,0.4398,0.61,1.2421,83
1579410263.967,0.82,0.4478,0.59,1.2625,83
1579410264.766,0.81,0.4493,0.61,1.2771,83
1579410265.557,0.82,0.4499,0.6,1.2468,83
1579410266.344,0.82,0.4567,0.6,1.2871,83
1579410267.04,0.84,0.4009,0.56,1.4004,83
1579410267.849,0.82,0.4305,0.57,1.4722,84
1579410268.639,0.83,0.4132,0.53,1.3379,84
1579410269.426,0.84,0.4076,0.57,1.2884,84
1579410270.213,0.82,0.4437,0.59,1.3663,84
1579410271.009,0.84,0.4034,0.57,1.6562,84
1579410271.807,0.83,0.4257,0.58,1.4678,84
1579410272.596,0.84,0.402,0.57,1.3439,84
1579410273.391,0.82,0.4355,0.56,1.3831,84
1579410274.177,0.82,0.4306,0.56,1.5614,84
1579410274.978,0.83,0.4119,0.54,1.6862,84
1579410275.769,0.83,0.4333,0.52,1.5478,84
1579410276.48,0.85,0.3707,0.51,1.5502,84
1579410277.276,0.81,0.4444,0.53,1.5193,85
1579410278.072,0.84,0.404,0.57,1.4791,85
1579410278.868,0.83,0.4217,0.56,1.3661,85
1579410279.671,0.85,0.3853,0.58,1.3987,85
1579410280.466,0.83,0.4224,0.55,1.5748,85
1579410281.277,0.85,0.3632,0.57,1.7819,85
1579410282.091,0.81,0.4541,0.54,1.4448,85
1579410282.887,0.84,0.387,0.61,1.2731,85
1579410283.691,0.81,0.468,0.64,1.2341,85
1579410284.494,0.83,0.4152,0.64,1.4149,85
1579410285.297,0.83,0.4276,0.57,1.5046,85
1579410285.994,0.85,0.374,0.56,1.5349,85
1579410286.793,0.82,0.4199,0.56,1.5102,86
1579410287.58,0.82,0.4463,0.6,1.41,86
1579410288.383,0.83,0.4242,0.58,1.4887,86
1579410289.179,0.83,0.4313,0.57,1.4302,86
1579410289.976,0.84,0.3943,0.53,1.5019,86
1579410290.769,0.83,0.4151,0.56,1.558,86
1579410291.562,0.85,0.3739,0.63,1.6056,86
1579410292.463,0.83,0.4148,0.59,1.4736,86
1579410293.249,0.84,0.399,0.58,1.3739,86
1579410294.042,0.83,0.4217,0.63,1.3729,86
1579410294.83,0.84,0.4072,0.53,1.5075,86
1579410295.536,0.86,0.3578,0.51,1.7251,86
1579410296.33,0.82,0.4379,0.53,1.518,87
1579410297.133,0.83,0.3923,0.56,1.4193,87
1579410297.92,0.84,0.398,0.62,1.5349,87
1579410298.724,0.81,0.4529,0.59,1.5087,87
1579410299.532,0.84,0.4073,0.55,1.5384,87
1579410300.343,0.83,0.4151,0.57,1.4923,87
1579410301.131,0.82,0.4264,0.63,1.3942,87
1579410301.922,0.84,0.4036,0.59,1.4365,87
1579410302.72,0.83,0.4215,0.6,1.4004,87
1579410303.517,0.83,0.4184,0.6,1.4461,87
1579410304.303,0.82,0.4586,0.59,1.5145,87
1579410304.998,0.84,0.4129,0.54,1.7483,87
1579410305.797,0.81,0.4659,0.55,1.601,88
1579410306.59,0.82,0.4258,0.56,1.3404,88
1579410307.379,0.84,0.4008,0.63,1.3268,88
1579410308.166,0.83,0.4254,0.62,1.5885,88
1579410308.962,0.8,0.4883,0.56,1.6896,88
1579410309.76,0.82,0.4281,0.53,1.6362,88
1579410310.554,0.81,0.4664,0.53,1.4766,88
1579410311.35,0.8,0.4659,0.65,1.3464,88
1579410312.143,0.83,0.4235,0.64,1.4321,88
1579410312.948,0.81,0.4737,0.62,1.3823,88
1579410313.741,0.82,0.4528,0.64,1.3436,88
1579410314.438,0.83,0.4292,0.6,1.462,88
1579410315.237,0.8,0.4753,0.58,1.6006,89
1579410316.031,0.79,0.5018,0.55,1.4622,89
1579410316.824,0.78,0.5074,0.51,1.2392,89
1579410317.61,0.8,0.5042,0.54,1.3597,89
1579410318.404,0.8,0.502,0.53,1.7413,89
1579410319.195,0.78,0.5362,0.54,1.7693,89
1579410319.999,0.8,0.5008,0.51,1.6614,89
1579410320.795,0.76,0.5752,0.52,1.4607,89
1579410321.589,0.76,0.5791,0.57,1.2524,89
1579410322.375,0.81,0.4633,0.65,1.2458,89
1579410323.178,0.78,0.5422,0.64,1.3071,89
1579410323.871,0.77,0.5809,0.6,1.3106,89
1579410324.664,0.78,0.5261,0.55,1.3548,90
1579410325.449,0.79,0.5063,0.5,1.447,90
1579410326.242,0.78,0.5246,0.5,1.3626,90
1579410327.032,0.79,0.5029,0.59,1.2272,90
1579410327.828,0.8,0.5142,0.58,1.2893,90
1579410328.615,0.78,0.5517,0.59,1.3764,90
1579410329.415,0.77,0.5778,0.59,1.3318,90
1579410330.21,0.78,0.5459,0.54,1.3445,90
1579410330.999,0.75,0.592,0.54,1.3227,90
1579410331.788,0.75,0.5896,0.61,1.2883,90
1579410332.594,0.8,0.5045,0.62,1.3169,90
1579410333.3,0.81,0.4999,0.6,1.2555,90
1579410334.091,0.76,0.5736,0.59,1.2227,91
1579410334.983,0.78,0.5352,0.58,1.2899,91
1579410335.774,0.74,0.6258,0.57,1.228,91
1579410336.573,0.76,0.6133,0.6,1.1647,91
1579410337.37,0.79,0.526,0.58,1.2728,91
1579410338.155,0.78,0.5402,0.55,1.353,91
1579410338.948,0.8,0.4953,0.5,1.5204,91
1579410339.74,0.78,0.5341,0.53,1.4598,91
1579410340.541,0.77,0.5644,0.54,1.3104,91
1579410341.333,0.77,0.564,0.54,1.2316,91
1579410342.133,0.79,0.531,0.61,1.218,91
1579410342.826,0.81,0.4632,0.62,1.2674,91
1579410343.63,0.79,0.5208,0.59,1.3565,92
1579410344.435,0.79,0.5097,0.53,1.3831,92
1579410345.235,0.78,0.5458,0.53,1.292,92
1579410346.025,0.77,0.603,0.62,1.1336,92
1579410346.832,0.79,0.5332,0.6,1.2247,92
1579410347.627,0.79,0.5249,0.55,1.4115,92
1579410348.422,0.79,0.509,0.53,1.4996,92
1579410349.212,0.8,0.4851,0.49,1.5627,92
1579410350.009,0.81,0.4712,0.47,1.5586,92
1579410350.809,0.77,0.5764,0.53,1.3701,92
1579410351.6,0.79,0.5393,0.6,1.2721,92
1579410352.3,0.8,0.4951,0.62,1.2824,92
1579410353.091,0.77,0.5629,0.62,1.2822,93
1579410353.898,0.79,0.499,0.57,1.279,93
1579410354.688,0.81,0.4798,0.56,1.2083,93
1579410355.486,0.8,0.5172,0.55,1.2224,93
1579410356.278,0.76,0.5728,0.61,1.2266,93
1579410357.079,0.77,0.5559,0.57,1.2757,93
1579410357.878,0.78,0.5548,0.58,1.3663,93
1579410358.681,0.78,0.5363,0.55,1.3626,93
1579410359.478,0.81,0.4696,0.55,1.3415,93
1579410360.283,0.82,0.4549,0.56,1.3811,93
1579410361.085,0.79,0.5174,0.57,1.3718,93
1579410361.786,0.79,0.489,0.59,1.3771,93
1579410362.583,0.78,0.5272,0.57,1.4498,94
1579410363.39,0.78,0.5274,0.57,1.4268,94
1579410364.191,0.79,0.4885,0.55,1.3653,94
1579410364.988,0.8,0.4756,0.54,1.2471,94
1579410365.777,0.82,0.4582,0.54,1.2207,94
1579410366.565,0.8,0.4951,0.59,1.2029,94
1579410367.364,0.77,0.5393,0.63,1.1853,94
1579410368.159,0.79,0.5041,0.6,1.204,94
1579410368.948,0.81,0.4566,0.59,1.2769,94
1579410369.738,0.83,0.4126,0.63,1.3025,94
1579410370.525,0.84,0.4022,0.59,1.3414,94
1579410371.23,0.84,0.3834,0.6,1.4014,94
1579410372.038,0.82,0.4467,0.63,1.4871,95
1579410372.827,0.81,0.4607,0.62,1.534,95
1579410373.614,0.81,0.453,0.63,1.5205,95
1579410374.433,0.83,0.4186,0.59,1.4499,95
1579410375.223,0.84,0.3977,0.59,1.3565,95
1579410376.014,0.85,0.3633,0.62,1.4137,95
1579410376.923,0.83,0.4137,0.57,1.4751,95
1579410377.723,0.83,0.4216,0.6,1.463,95
1579410378.533,0.84,0.3887,0.59,1.476,95
1579410379.326,0.86,0.367,0.58,1.488,95
1579410380.122,0.86,0.3581,0.61,1.5433,95
1579410380.821,0.88,0.3138,0.63,1.6548,95
1579410381.626,0.85,0.3787,0.63,1.725,96
1579410382.419,0.84,0.3966,0.63,1.6494,96
1579410383.214,0.85,0.3521,0.63,1.6226,96
1579410384.027,0.86,0.3478,0.57,1.6007,96
1579410384.828,0.86,0.3512,0.57,1.53,96
1579410385.626,0.88,0.3241,0.62,1.5041,96
1579410386.418,0.86,0.3552,0.63,1.6128,96
1579410387.225,0.85,0.362,0.57,1.6182,96
1579410388.014,0.86,0.3442,0.63,1.475,96
1579410388.816,0.87,0.3279,0.6,1.4402,96
1579410389.618,0.87,0.3226,0.64,1.4934,96
1579410390.317,0.9,0.2685,0.61,1.6717,96
1579410391.112,0.86,0.3466,0.63,1.7739,97
1579410391.911,0.85,0.382,0.64,1.6747,97
1579410392.712,0.86,0.3375,0.59,1.6081,97
1579410393.506,0.87,0.3138,0.54,1.6592,97
1579410394.299,0.88,0.3059,0.52,1.6672,97
1579410395.091,0.89,0.2831,0.57,1.6138,97
1579410395.89,0.88,0.3118,0.6,1.6128,97
1579410396.68,0.85,0.3567,0.57,1.6501,97
1579410397.474,0.86,0.338,0.6,1.6832,97
1579410398.263,0.87,0.3271,0.63,1.6038,97
1579410399.06,0.88,0.3079,0.61,1.4602,97
1579410399.758,0.9,0.2615,0.62,1.5239,97
1579410400.555,0.86,0.329,0.64,1.7448,98
1579410401.354,0.85,0.3559,0.64,1.7991,98
1579410402.153,0.84,0.3968,0.62,1.5455,98
1579410402.947,0.86,0.3402,0.59,1.4828,98
1579410403.745,0.87,0.3427,0.61,1.4788,98
1579410404.543,0.88,0.309,0.6,1.5299,98
1579410405.342,0.89,0.2826,0.54,1.6969,98
1579410406.14,0.87,0.3191,0.56,1.6276,98
1579410406.932,0.85,0.3642,0.61,1.5327,98
1579410407.73,0.86,0.3481,0.6,1.544,98
1579410408.524,0.86,0.3423,0.58,1.551,98
1579410409.234,0.88,0.308,0.6,1.5006,98
1579410410.025,0.86,0.3291,0.6,1.6334,99
1579410410.819,0.87,0.3155,0.59,1.8121,99
1579410411.608,0.86,0.3286,0.6,1.7129,99
1579410412.405,0.87,0.3264,0.62,1.5302,99
1579410413.191,0.88,0.3167,0.55,1.5033,99
1579410413.985,0.85,0.3641,0.53,1.5851,99
1579410414.776,0.86,0.3579,0.54,1.7652,99
1579410415.572,0.87,0.3153,0.56,1.8592,99
1579410416.473,0.87,0.3302,0.57,1.757,99
1579410417.278,0.88,0.3149,0.59,1.6359,99
1579410418.065,0.87,0.3047,0.6,1.701,99
1579410418.769,0.9,0.2585,0.6,1.783,99
