1580052322.868,0.24,1.3867,0.29,1.3855,0
1580052323.071,0.25,1.3863,0.29,1.3856,0
1580052323.243,0.27,1.3862,0.29,1.3855,0
1580052323.413,0.25,1.3858,0.29,1.3853,0
1580052323.582,0.25,1.3857,0.38,1.3851,0
1580052323.75,0.32,1.3855,0.35,1.3849,0
1580052323.919,0.33,1.3853,0.23,1.3845,0
1580052324.089,0.29,1.3838,0.23,1.3838,0
1580052324.263,0.28,1.3823,0.24,1.3823,0
1580052324.432,0.29,1.3813,0.27,1.3803,0
1580052324.601,0.29,1.3792,0.34,1.3776,0
1580052324.771,0.4,1.3749,0.41,1.3741,0
1580052324.943,0.4,1.3699,0.32,1.3691,0
1580052325.112,0.37,1.3618,0.34,1.3615,0
1580052325.266,0.35,1.352,0.4,1.3502,0
1580052325.434,0.35,1.35,0.42,1.3347,1
1580052325.617,0.39,1.3329,0.49,1.3169,1
1580052325.8,0.47,1.3114,0.5,1.2942,1
1580052325.983,0.49,1.2897,0.43,1.2745,1
1580052326.167,0.43,1.2895,0.48,1.2577,1
1580052326.35,0.5,1.2579,0.5,1.2635,1
1580052326.52,0.5,1.2575,0.45,1.2468,1
1580052326.688,0.46,1.2513,0.46,1.2385,1
1580052326.859,0.49,1.2352,0.5,1.2269,1
1580052327.03,0.51,1.2314,0.51,1.226,1
1580052327.2,0.49,1.2372,0.59,1.1983,1
1580052327.37,0.53,1.2015,0.54,1.2021,1
1580052327.546,0.49,1.2289,0.54,1.1909,1
1580052327.717,0.52,1.2105,0.56,1.1874,1
1580052327.868,0.54,1.1939,0.54,1.1919,1
1580052328.042,0.51,1.2243,0.57,1.1832,2
1580052328.211,0.53,1.2006,0.57,1.1913,2
1580052328.38,0.53,1.2005,0.56,1.1957,2
1580052328.55,0.52,1.2071,0.58,1.1835,2
1580052328.731,0.5,1.2201,0.58,1.1785,2
1580052328.912,0.53,1.1968,0.58,1.1782,2
1580052329.084,0.53,1.202,0.58,1.17,2
1580052329.255,0.53,1.2046,0.59,1.1731,2
1580052329.425,0.54,1.1919,0.56,1.1892,2
1580052329.594,0.52,1.2059,0.53,1.1967,2
1580052329.764,0.52,1.2019,0.53,1.1886,2
1580052329.935,0.53,1.1862,0.58,1.1808,2
1580052330.102,0.53,1.1959,0.55,1.1844,2
1580052330.272,0.53,1.196,0.56,1.1835,2
1580052330.424,0.54,1.1912,0.57,1.173,2
1580052330.598,0.52,1.2081,0.57,1.1705,3
1580052330.768,0.54,1.1846,0.56,1.1791,3
1580052330.938,0.55,1.1816,0.57,1.1753,3
1580052331.107,0.55,1.1803,0.59,1.1662,3
1580052331.277,0.52,1.2114,0.55,1.1697,3
1580052331.448,0.54,1.1928,0.56,1.1765,3
1580052331.619,0.54,1.1899,0.56,1.1808,3
1580052331.792,0.53,1.1911,0.56,1.1846,3
1580052331.963,0.56,1.1718,0.52,1.1889,3
1580052332.134,0.53,1.1928,0.56,1.1878,3
1580052332.307,0.54,1.1854,0.52,1.1847,3
1580052332.478,0.56,1.1744,0.54,1.1831,3
1580052332.652,0.53,1.1899,0.53,1.1778,3
1580052332.822,0.54,1.1837,0.57,1.1686,3
1580052332.974,0.56,1.1777,0.6,1.1622,3
1580052333.145,0.53,1.1905,0.61,1.1643,4
1580052333.317,0.54,1.1836,0.57,1.1745,4
1580052333.488,0.56,1.1657,0.57,1.178,4
1580052333.658,0.56,1.1717,0.58,1.1677,4
1580052333.83,0.53,1.1986,0.56,1.1624,4
1580052334.009,0.56,1.1777,0.59,1.1659,4
1580052334.18,0.55,1.179,0.58,1.1685,4
1580052334.349,0.55,1.1757,0.54,1.1705,4
1580052334.52,0.57,1.1605,0.56,1.1798,4
1580052334.691,0.54,1.1841,0.55,1.1847,4
1580052334.875,0.54,1.1774,0.52,1.1766,4
1580052335.058,0.56,1.167,0.57,1.1645,4
1580052335.239,0.55,1.1774,0.6,1.1588,4
1580052335.412,0.56,1.1674,0.6,1.1574,4
1580052335.569,0.56,1.1688,0.61,1.1559,4
1580052335.742,0.54,1.1804,0.56,1.1644,5
1580052335.912,0.55,1.174,0.54,1.1812,5
1580052336.087,0.57,1.1667,0.56,1.1756,5
1580052336.257,0.56,1.1665,0.59,1.1531,5
1580052336.447,0.54,1.177,0.57,1.1561,5
1580052336.627,0.55,1.1772,0.6,1.1527,5
1580052336.799,0.56,1.1727,0.59,1.1596,5
1580052336.974,0.56,1.1638,0.55,1.1715,5
1580052337.147,0.57,1.1546,0.56,1.1697,5
1580052337.32,0.55,1.1759,0.59,1.159,5
1580052337.492,0.56,1.164,0.58,1.1498,5
1580052337.673,0.56,1.1637,0.56,1.1642,5
1580052337.844,0.56,1.1698,0.57,1.1675,5
1580052338.019,0.56,1.1697,0.58,1.1548,5
1580052338.185,0.58,1.1592,0.59,1.1545,5
1580052338.361,0.55,1.1787,0.59,1.1514,6
1580052338.533,0.56,1.1716,0.57,1.1778,6
1580052338.704,0.56,1.1669,0.54,1.1924,6
1580052338.876,0.55,1.175,0.56,1.1741,6
1580052339.05,0.55,1.177,0.62,1.1443,6
1580052339.231,0.56,1.1691,0.56,1.1514,6
1580052339.416,0.55,1.1769,0.56,1.1456,6
1580052339.591,0.57,1.1724,0.59,1.1572,6
1580052339.766,0.58,1.1479,0.52,1.1923,6
1580052339.941,0.54,1.1884,0.53,1.1838,6
1580052340.116,0.55,1.1772,0.58,1.1583,6
1580052340.287,0.56,1.1623,0.6,1.142,6
1580052340.459,0.56,1.1713,0.62,1.135,6
1580052340.631,0.57,1.1563,0.59,1.1462,6
1580052340.788,0.57,1.1619,0.57,1.1475,6
1580052340.96,0.55,1.18,0.61,1.1429,7
1580052341.135,0.58,1.154,0.59,1.153,7
1580052341.306,0.58,1.1513,0.58,1.1587,7
1580052341.477,0.57,1.1592,0.6,1.1531,7
1580052341.65,0.57,1.1643,0.59,1.1448,7
1580052341.829,0.57,1.1661,0.59,1.1343,7
1580052342.004,0.58,1.1592,0.62,1.1335,7
1580052342.179,0.57,1.1585,0.62,1.1387,7
1580052342.354,0.58,1.1487,0.57,1.1499,7
1580052342.526,0.57,1.1629,0.57,1.1495,7
1580052342.698,0.58,1.1464,0.62,1.1416,7
1580052342.869,0.59,1.143,0.62,1.1372,7
1580052343.04,0.58,1.1527,0.63,1.1357,7
1580052343.212,0.58,1.1508,0.62,1.1332,7
1580052343.365,0.59,1.1502,0.58,1.138,7
1580052343.537,0.57,1.1595,0.59,1.1468,8
1580052343.708,0.57,1.1533,0.54,1.1718,8
1580052343.882,0.58,1.1513,0.6,1.1502,8
1580052344.054,0.59,1.1394,0.57,1.1388,8
1580052344.227,0.58,1.1599,0.62,1.1309,8
1580052344.399,0.59,1.1522,0.61,1.1369,8
1580052344.569,0.58,1.1491,0.61,1.1361,8
1580052344.74,0.6,1.1382,0.6,1.1389,8
1580052344.911,0.61,1.1264,0.6,1.1386,8
1580052345.08,0.57,1.1528,0.63,1.1371,8
1580052345.253,0.59,1.1374,0.6,1.1385,8
1580052345.424,0.59,1.1381,0.62,1.142,8
1580052345.597,0.58,1.1478,0.61,1.133,8
1580052345.768,0.59,1.1395,0.61,1.128,8
1580052345.922,0.61,1.1366,0.61,1.1271,8
1580052346.092,0.58,1.1505,0.63,1.1337,9
1580052346.265,0.58,1.1408,0.57,1.1552,9
1580052346.437,0.6,1.1392,0.62,1.1299,9
1580052346.619,0.6,1.1303,0.62,1.1305,9
1580052346.794,0.57,1.1593,0.63,1.1236,9
1580052346.965,0.59,1.1457,0.62,1.1308,9
1580052347.137,0.59,1.1441,0.63,1.1202,9
1580052347.309,0.6,1.1295,0.62,1.1169,9
1580052347.483,0.61,1.1209,0.62,1.1254,9
1580052347.658,0.57,1.1497,0.61,1.124,9
1580052347.833,0.61,1.1259,0.62,1.1238,9
1580052348.006,0.61,1.1269,0.64,1.1208,9
1580052348.177,0.59,1.1372,0.64,1.1135,9
1580052348.349,0.61,1.1259,0.62,1.1151,9
1580052348.506,0.61,1.1265,0.65,1.1166,9
1580052348.677,0.61,1.1331,0.62,1.1184,10
1580052348.854,0.61,1.1244,0.59,1.1274,10
1580052349.026,0.62,1.1176,0.64,1.1197,10
1580052349.203,0.6,1.1274,0.66,1.1036,10
1580052349.373,0.61,1.1308,0.6,1.1224,10
1580052349.547,0.59,1.1473,0.64,1.1109,10
1580052349.717,0.59,1.1365,0.66,1.0983,10
1580052349.896,0.62,1.1223,0.63,1.1204,10
1580052350.068,0.62,1.1149,0.59,1.1494,10
1580052350.242,0.56,1.1638,0.66,1.1106,10
1580052350.415,0.62,1.1189,0.65,1.0984,10
1580052350.588,0.6,1.1237,0.64,1.1095,10
1580052350.761,0.61,1.1297,0.63,1.1166,10
1580052350.941,0.58,1.1384,0.66,1.0977,10
1580052351.096,0.62,1.1171,0.61,1.1311,10
1580052351.273,0.57,1.1502,0.63,1.1137,11
1580052351.445,0.61,1.1201,0.57,1.1469,11
1580052351.618,0.59,1.1396,0.62,1.1004,11
1580052351.791,0.61,1.1127,0.61,1.1169,11
1580052351.968,0.57,1.1595,0.64,1.0923,11
1580052352.141,0.6,1.1302,0.65,1.1048,11
1580052352.328,0.61,1.124,0.63,1.1074,11
1580052352.5,0.63,1.1114,0.65,1.0986,11
1580052352.677,0.62,1.1059,0.65,1.1004,11
1580052352.852,0.6,1.133,0.63,1.0954,11
1580052353.025,0.62,1.1145,0.66,1.092,11
1580052353.198,0.61,1.1118,0.65,1.1045,11
1580052353.372,0.62,1.1231,0.67,1.0894,11
1580052353.544,0.62,1.1151,0.63,1.0957,11
1580052353.699,0.62,1.1177,0.64,1.1095,11
1580052353.876,0.61,1.128,0.66,1.0984,12
1580052354.048,0.62,1.1136,0.57,1.1476,12
1580052354.221,0.6,1.1348,0.62,1.1226,12
1580052354.394,0.61,1.116,0.66,1.0859,12
1580052354.566,0.62,1.1243,0.61,1.0985,12
1580052354.738,0.6,1.1352,0.65,1.085,12
1580052354.911,0.63,1.1097,0.64,1.0958,12
1580052355.083,0.64,1.1026,0.62,1.1155,12
1580052355.255,0.62,1.1108,0.64,1.0992,12
1580052355.43,0.61,1.1255,0.64,1.0918,12
1580052355.602,0.62,1.1092,0.67,1.0845,12
1580052355.773,0.62,1.1173,0.67,1.0853,12
1580052355.948,0.63,1.1149,0.64,1.1024,12
1580052356.119,0.61,1.1237,0.64,1.092,12
1580052356.276,0.63,1.1076,0.62,1.1092,12
1580052356.45,0.62,1.1169,0.65,1.0924,13
1580052356.623,0.6,1.1258,0.66,1.0979,13
1580052356.804,0.63,1.1024,0.61,1.1216,13
1580052356.984,0.62,1.114,0.62,1.1047,13
1580052357.156,0.6,1.1232,0.65,1.0908,13
1580052357.329,0.62,1.1188,0.62,1.1116,13
1580052357.501,0.61,1.1207,0.64,1.0973,13
1580052357.674,0.61,1.117,0.66,1.1035,13
1580052357.845,0.63,1.0993,0.58,1.1506,13
1580052358.017,0.57,1.161,0.57,1.1458,13
1580052358.19,0.6,1.1312,0.66,1.093,13
1580052358.363,0.62,1.1069,0.65,1.0995,13
1580052358.535,0.6,1.1266,0.63,1.1018,13
1580052358.709,0.63,1.1104,0.65,1.0915,13
1580052358.862,0.65,1.1005,0.64,1.0955,13
1580052359.037,0.63,1.1086,0.66,1.09,14
1580052359.209,0.65,1.0973,0.66,1.0927,14
1580052359.386,0.65,1.083,0.63,1.0975,14
1580052359.557,0.64,1.0927,0.64,1.0922,14
1580052359.732,0.61,1.12,0.68,1.081,14
1580052359.905,0.62,1.1116,0.66,1.0802,14
1580052360.084,0.63,1.1029,0.65,1.0812,14
1580052360.265,0.65,1.0905,0.64,1.0877,14
1580052360.439,0.65,1.0889,0.63,1.0982,14
1580052360.613,0.61,1.1161,0.61,1.0985,14
1580052360.789,0.64,1.099,0.66,1.0872,14
1580052360.962,0.64,1.0978,0.69,1.0776,14
1580052361.139,0.63,1.103,0.68,1.0739,14
1580052361.313,0.63,1.1019,0.63,1.0854,14
1580052361.468,0.66,1.0939,0.65,1.1105,14
1580052361.64,0.62,1.112,0.64,1.0949,15
1580052361.813,0.66,1.0926,0.6,1.1168,15
1580052361.985,0.64,1.0937,0.63,1.107,15
1580052362.166,0.64,1.0939,0.66,1.0802,15
1580052362.341,0.62,1.1064,0.65,1.0914,15
1580052362.512,0.62,1.1107,0.63,1.0871,15
1580052362.687,0.65,1.0928,0.66,1.0804,15
1580052362.858,0.65,1.0897,0.65,1.0943,15
1580052363.031,0.64,1.0891,0.65,1.0999,15
1580052363.204,0.61,1.1171,0.66,1.0892,15
1580052363.386,0.65,1.0882,0.62,1.09,15
1580052363.563,0.63,1.0999,0.67,1.0753,15
1580052363.736,0.64,1.0958,0.69,1.0688,15
1580052363.911,0.64,1.0906,0.66,1.0785,15
1580052364.078,0.65,1.089,0.61,1.09,15
1580052364.254,0.66,1.0904,0.63,1.0981,16
1580052364.426,0.63,1.1073,0.65,1.0984,16
1580052364.598,0.67,1.0707,0.61,1.1051,16
1580052364.771,0.64,1.0936,0.65,1.0794,16
1580052364.942,0.64,1.102,0.66,1.0816,16
1580052365.117,0.62,1.111,0.62,1.0979,16
1580052365.288,0.64,1.0999,0.65,1.0896,16
1580052365.461,0.65,1.0933,0.62,1.1022,16
1580052365.634,0.65,1.085,0.64,1.1076,16
1580052365.807,0.61,1.1178,0.67,1.0887,16
1580052365.98,0.64,1.0916,0.66,1.0736,16
1580052366.154,0.66,1.0872,0.66,1.077,16
1580052366.328,0.64,1.0964,0.65,1.0794,16
1580052366.502,0.66,1.0791,0.62,1.0942,16
1580052366.657,0.66,1.086,0.62,1.0952,16
1580052366.834,0.66,1.0842,0.63,1.0892,17
1580052367.007,0.64,1.0938,0.66,1.079,17
1580052367.18,0.67,1.0654,0.63,1.0934,17
1580052367.353,0.67,1.0759,0.63,1.0947,17
1580052367.537,0.62,1.1041,0.69,1.077,17
1580052367.713,0.64,1.0987,0.64,1.0753,17
1580052367.887,0.65,1.085,0.65,1.0885,17
1580052368.064,0.65,1.0916,0.64,1.0848,17
1580052368.241,0.66,1.0787,0.63,1.1035,17
1580052368.414,0.62,1.1098,0.6,1.1099,17
1580052368.589,0.64,1.0964,0.63,1.0923,17
1580052368.762,0.65,1.0879,0.67,1.0717,17
1580052368.934,0.64,1.0904,0.65,1.0839,17
1580052369.107,0.64,1.092,0.65,1.0793,17
1580052369.266,0.67,1.0819,0.63,1.0924,17
1580052369.444,0.66,1.0836,0.65,1.0945,18
1580052369.618,0.66,1.0827,0.66,1.0897,18
1580052369.791,0.67,1.0655,0.67,1.0791,18
1580052369.965,0.68,1.0655,0.65,1.077,18
1580052370.137,0.64,1.098,0.69,1.0591,18
1580052370.316,0.66,1.0882,0.69,1.055,18
1580052370.488,0.66,1.0811,0.67,1.0658,18
1580052370.66,0.67,1.0735,0.66,1.0793,18
1580052370.831,0.67,1.0744,0.65,1.088,18
1580052371.004,0.64,1.0982,0.64,1.089,18
1580052371.176,0.67,1.0786,0.65,1.0821,18
1580052371.356,0.65,1.084,0.69,1.0601,18
1580052371.529,0.65,1.0853,0.67,1.0688,18
1580052371.702,0.66,1.0771,0.66,1.0949,18
1580052371.856,0.65,1.0889,0.62,1.0942,18
1580052372.032,0.66,1.0852,0.63,1.0942,19
1580052372.206,0.68,1.0732,0.62,1.1126,19
1580052372.385,0.65,1.0839,0.66,1.0939,19
1580052372.558,0.67,1.069,0.63,1.0897,19
1580052372.735,0.64,1.0977,0.67,1.0713,19
1580052372.907,0.65,1.0917,0.71,1.0537,19
1580052373.082,0.65,1.0865,0.71,1.0514,19
1580052373.255,0.67,1.0793,0.65,1.0845,19
1580052373.43,0.67,1.0694,0.61,1.1054,19
1580052373.604,0.62,1.1069,0.63,1.1037,19
1580052373.785,0.66,1.0851,0.69,1.0692,19
1580052373.968,0.67,1.075,0.72,1.0527,19
1580052374.139,0.64,1.099,0.73,1.047,19
1580052374.312,0.65,1.0883,0.65,1.0856,19
1580052374.468,0.65,1.0831,0.62,1.1071,19
1580052374.646,0.64,1.0983,0.62,1.0959,20
1580052374.82,0.67,1.0747,0.63,1.1061,20
1580052374.991,0.65,1.0912,0.63,1.1071,20
1580052375.163,0.65,1.0887,0.65,1.0853,20
1580052375.337,0.65,1.0907,0.63,1.0823,20
1580052375.51,0.66,1.0828,0.65,1.0903,20
1580052375.683,0.65,1.0865,0.64,1.0927,20
1580052375.857,0.63,1.1022,0.71,1.0507,20
1580052376.03,0.66,1.0842,0.67,1.0777,20
1580052376.204,0.63,1.0992,0.66,1.0914,20
1580052376.379,0.65,1.0888,0.63,1.1015,20
1580052376.551,0.64,1.0954,0.62,1.1,20
1580052376.724,0.64,1.0927,0.65,1.0737,20
1580052376.898,0.68,1.062,0.69,1.065,20
1580052377.062,0.66,1.0806,0.66,1.0891,20
1580052377.239,0.64,1.0942,0.65,1.0871,21
1580052377.414,0.63,1.1053,0.63,1.0865,21
1580052377.587,0.69,1.0563,0.64,1.0986,21
1580052377.762,0.66,1.0738,0.66,1.1026,21
1580052377.936,0.62,1.1138,0.64,1.0989,21
1580052378.112,0.63,1.1096,0.65,1.0811,21
1580052378.287,0.66,1.0772,0.63,1.1079,21
1580052378.464,0.66,1.0902,0.61,1.1045,21
1580052378.639,0.65,1.0911,0.69,1.0594,21
1580052378.813,0.65,1.0895,0.66,1.0754,21
1580052378.987,0.67,1.0732,0.66,1.0929,21
1580052379.166,0.65,1.0857,0.64,1.0973,21
1580052379.341,0.64,1.1021,0.63,1.0939,21
1580052379.521,0.67,1.0691,0.67,1.0646,21
1580052379.678,0.67,1.0693,0.64,1.086,21
1580052379.852,0.65,1.0892,0.6,1.1134,22
1580052380.026,0.63,1.1077,0.64,1.0889,22
1580052380.201,0.66,1.0858,0.68,1.058,22
1580052380.375,0.68,1.0636,0.64,1.0857,22
1580052380.552,0.65,1.0881,0.64,1.0998,22
1580052380.735,0.61,1.121,0.64,1.097,22
1580052380.906,0.63,1.1063,0.65,1.0863,22
1580052381.08,0.67,1.0719,0.64,1.078,22
1580052381.254,0.67,1.0748,0.67,1.0844,22
1580052381.429,0.65,1.089,0.65,1.08,22
1580052381.603,0.64,1.0981,0.68,1.0618,22
1580052381.778,0.65,1.088,0.69,1.0553,22
1580052381.95,0.65,1.0798,0.65,1.0884,22
1580052382.122,0.69,1.0562,0.63,1.1073,22
1580052382.278,0.64,1.0984,0.62,1.1093,22
1580052382.455,0.64,1.0968,0.64,1.0894,23
1580052382.632,0.67,1.068,0.68,1.065,23
1580052382.808,0.67,1.0688,0.71,1.0545,23
1580052382.983,0.68,1.0638,0.66,1.0705,23
1580052383.155,0.65,1.0889,0.66,1.0798,23
1580052383.328,0.66,1.08,0.63,1.0867,23
1580052383.501,0.67,1.0744,0.65,1.0824,23
1580052383.676,0.67,1.0652,0.67,1.0761,23
1580052383.849,0.68,1.0613,0.64,1.0836,23
1580052384.024,0.66,1.0812,0.63,1.0864,23
1580052384.197,0.66,1.0767,0.69,1.0681,23
1580052384.369,0.67,1.07,0.71,1.0513,23
1580052384.542,0.66,1.0766,0.68,1.0618,23
1580052384.714,0.66,1.0743,0.63,1.0917,23
1580052384.869,0.68,1.0661,0.62,1.1092,23
1580052385.046,0.64,1.0921,0.62,1.0947,24
1580052385.22,0.66,1.0843,0.66,1.0671,24
1580052385.394,0.69,1.0512,0.66,1.082,24
1580052385.57,0.67,1.0708,0.67,1.0848,24
1580052385.767,0.65,1.0882,0.65,1.0849,24
1580052385.955,0.67,1.0776,0.59,1.1071,24
1580052386.139,0.67,1.0764,0.63,1.0894,24
1580052386.319,0.67,1.0722,0.7,1.0546,24
1580052386.492,0.68,1.0628,0.69,1.0493,24
1580052386.674,0.65,1.0856,0.69,1.0494,24
1580052386.848,0.67,1.0725,0.67,1.0633,24
1580052387.021,0.67,1.0637,0.63,1.0871,24
1580052387.202,0.66,1.0749,0.63,1.094,24
1580052387.374,0.69,1.0588,0.63,1.094,24
1580052387.529,0.66,1.0704,0.66,1.0673,24
1580052387.708,0.67,1.0664,0.68,1.0594,25
1580052387.882,0.67,1.0708,0.67,1.0569,25
1580052388.055,0.68,1.059,0.68,1.055,25
1580052388.232,0.69,1.0495,0.64,1.0852,25
1580052388.408,0.67,1.0781,0.62,1.1042,25
1580052388.583,0.65,1.0908,0.64,1.0917,25
1580052388.769,0.67,1.0771,0.66,1.0731,25
1580052388.954,0.69,1.0574,0.67,1.0684,25
1580052389.128,0.67,1.0682,0.7,1.0503,25
1580052389.308,0.67,1.0727,0.71,1.0383,25
1580052389.482,0.68,1.0591,0.69,1.0502,25
1580052389.655,0.69,1.0581,0.64,1.0733,25
1580052389.83,0.69,1.0583,0.63,1.0785,25
1580052390.003,0.7,1.0449,0.64,1.0818,25
1580052390.159,0.68,1.0621,0.65,1.0711,25
1580052390.335,0.67,1.065,0.69,1.0649,26
1580052390.514,0.67,1.0723,0.69,1.0572,26
1580052390.687,0.69,1.056,0.72,1.0528,26
1580052390.861,0.69,1.0477,0.63,1.0795,26
1580052391.034,0.67,1.0733,0.65,1.0952,26
1580052391.209,0.65,1.0795,0.64,1.0915,26
1580052391.386,0.66,1.0739,0.65,1.0728,26
1580052391.558,0.7,1.0465,0.68,1.0658,26
1580052391.736,0.69,1.0494,0.67,1.0645,26
1580052391.912,0.67,1.0723,0.69,1.0487,26
1580052392.089,0.68,1.0581,0.67,1.0476,26
1580052392.264,0.69,1.0549,0.67,1.0581,26
1580052392.441,0.69,1.0576,0.63,1.0765,26
1580052392.614,0.7,1.0432,0.67,1.0802,26
1580052392.776,0.69,1.0603,0.65,1.0736,26
1580052392.95,0.68,1.062,0.7,1.0574,27
1580052393.124,0.67,1.0713,0.74,1.0417,27
1580052393.298,0.68,1.0624,0.74,1.0341,27
1580052393.471,0.7,1.045,0.66,1.0689,27
1580052393.644,0.66,1.0765,0.64,1.0855,27
1580052393.827,0.67,1.0784,0.65,1.0893,27
1580052394.011,0.67,1.0782,0.71,1.0439,27
1580052394.185,0.68,1.0565,0.69,1.0527,27
1580052394.359,0.68,1.0554,0.64,1.0845,27
1580052394.532,0.66,1.08,0.66,1.071,27
1580052394.711,0.69,1.0622,0.68,1.0566,27
1580052394.898,0.69,1.0531,0.65,1.0835,27
1580052395.085,0.67,1.0743,0.66,1.0727,27
1580052395.27,0.67,1.0662,0.65,1.0707,27
1580052395.43,0.68,1.0573,0.65,1.0897,27
1580052395.605,0.66,1.0797,0.64,1.086,28
1580052395.78,0.66,1.0854,0.69,1.0621,28
1580052395.952,0.69,1.0589,0.7,1.045,28
1580052396.125,0.68,1.0572,0.67,1.066,28
1580052396.299,0.67,1.0744,0.64,1.0891,28
1580052396.474,0.66,1.079,0.64,1.0908,28
1580052396.649,0.65,1.0837,0.64,1.0725,28
1580052396.823,0.7,1.0495,0.7,1.0486,28
1580052396.997,0.69,1.0538,0.64,1.068,28
1580052397.171,0.67,1.0785,0.66,1.0695,28
1580052397.347,0.67,1.0681,0.69,1.0581,28
1580052397.521,0.69,1.0565,0.63,1.0825,28
1580052397.692,0.68,1.0567,0.63,1.0964,28
1580052397.87,0.68,1.0625,0.64,1.0851,28
1580052398.024,0.66,1.071,0.67,1.0624,28
1580052398.198,0.68,1.0629,0.68,1.0666,29
1580052398.373,0.67,1.0704,0.63,1.088,29
1580052398.546,0.67,1.0656,0.65,1.091,29
1580052398.72,0.66,1.076,0.68,1.0531,29
1580052398.899,0.66,1.0787,0.64,1.08,29
1580052399.072,0.65,1.0875,0.62,1.1192,29
1580052399.252,0.64,1.0971,0.58,1.1407,29
1580052399.435,0.63,1.1011,0.6,1.1293,29
1580052399.613,0.65,1.0921,0.62,1.1152,29
1580052399.789,0.63,1.1108,0.64,1.0905,29
1580052399.967,0.62,1.1141,0.69,1.0587,29
1580052400.142,0.64,1.096,0.7,1.0449,29
1580052400.323,0.67,1.0698,0.64,1.0851,29
1580052400.5,0.67,1.0635,0.63,1.1006,29
1580052400.657,0.64,1.0951,0.65,1.0937,29
1580052400.838,0.64,1.0928,0.66,1.0885,30
1580052401.018,0.64,1.0909,0.66,1.0694,30
1580052401.194,0.68,1.0587,0.72,1.0374,30
1580052401.37,0.67,1.0694,0.69,1.0426,30
1580052401.545,0.67,1.0778,0.7,1.0501,30
1580052401.721,0.66,1.0794,0.67,1.0704,30
1580052401.897,0.67,1.0727,0.6,1.1069,30
1580052402.074,0.65,1.083,0.63,1.1028,30
1580052402.25,0.65,1.0816,0.64,1.0802,30
1580052402.424,0.66,1.0777,0.7,1.0455,30
1580052402.603,0.65,1.0824,0.69,1.0463,30
1580052402.778,0.66,1.0841,0.71,1.0479,30
1580052402.956,0.63,1.0997,0.73,1.0326,30
1580052403.134,0.66,1.0702,0.7,1.0534,30
1580052403.29,0.69,1.0541,0.62,1.0991,30
1580052403.476,0.67,1.0704,0.61,1.1151,31
1580052403.653,0.64,1.0904,0.63,1.1044,31
1580052403.829,0.68,1.0549,0.65,1.0834,31
1580052404.011,0.69,1.0449,0.68,1.0523,31
1580052404.192,0.67,1.0689,0.71,1.0519,31
1580052404.368,0.63,1.1021,0.7,1.0495,31
1580052404.548,0.66,1.0847,0.7,1.0482,31
1580052404.728,0.67,1.0634,0.68,1.0643,31
1580052404.903,0.69,1.0532,0.65,1.0893,31
1580052405.084,0.66,1.0785,0.63,1.0986,31
1580052405.264,0.67,1.0715,0.65,1.086,31
1580052405.441,0.67,1.0652,0.65,1.0763,31
1580052405.62,0.66,1.0741,0.66,1.0835,31
1580052405.801,0.66,1.0804,0.7,1.0474,31
1580052405.961,0.66,1.0771,0.72,1.0321,31
1580052406.137,0.67,1.0719,0.66,1.0668,32
1580052406.314,0.66,1.0816,0.64,1.0917,32
1580052406.49,0.65,1.0849,0.65,1.0771,32
1580052406.667,0.67,1.0628,0.67,1.0609,32
1580052406.841,0.65,1.0817,0.68,1.0742,32
1580052407.018,0.65,1.0874,0.61,1.106,32
1580052407.194,0.63,1.0991,0.63,1.0975,32
1580052407.371,0.64,1.0916,0.68,1.0569,32
1580052407.563,0.67,1.0706,0.67,1.0572,32
1580052407.739,0.67,1.0723,0.67,1.0848,32
1580052407.918,0.64,1.0976,0.64,1.0929,32
1580052408.099,0.64,1.0959,0.66,1.0775,32
1580052408.275,0.65,1.0919,0.67,1.0643,32
1580052408.453,0.68,1.0583,0.67,1.0775,32
1580052408.61,0.66,1.0784,0.66,1.0853,32
1580052408.788,0.64,1.0957,0.63,1.0865,33
1580052408.963,0.66,1.0784,0.67,1.0727,33
1580052409.148,0.68,1.0531,0.66,1.0761,33
1580052409.323,0.68,1.0555,0.66,1.0759,33
1580052409.5,0.65,1.0823,0.67,1.0698,33
1580052409.684,0.68,1.0693,0.69,1.0549,33
1580052409.858,0.69,1.0489,0.7,1.0426,33
1580052410.034,0.69,1.0487,0.71,1.0344,33
1580052410.208,0.69,1.0502,0.74,1.0312,33
1580052410.383,0.66,1.0745,0.7,1.039,33
1580052410.558,0.69,1.0467,0.7,1.0557,33
1580052410.733,0.7,1.0439,0.7,1.0624,33
1580052410.905,0.69,1.0524,0.7,1.0569,33
1580052411.079,0.71,1.0349,0.67,1.0479,33
1580052411.237,0.69,1.0469,0.72,1.039,33
1580052411.435,0.67,1.0566,0.72,1.0392,34
1580052411.608,0.7,1.0479,0.71,1.0445,34
1580052411.785,0.72,1.0257,0.68,1.0575,34
1580052411.959,0.7,1.0366,0.69,1.0575,34
1580052412.133,0.68,1.0629,0.69,1.0464,34
1580052412.308,0.69,1.0566,0.71,1.0469,34
1580052412.483,0.68,1.0519,0.68,1.0524,34
1580052412.657,0.7,1.0415,0.7,1.0574,34
1580052412.832,0.7,1.0414,0.69,1.0634,34
1580052413.007,0.69,1.0518,0.65,1.0716,34
1580052413.185,0.69,1.0526,0.66,1.0684,34
1580052413.36,0.69,1.0514,0.7,1.0467,34
1580052413.539,0.7,1.0444,0.72,1.0462,34
1580052413.713,0.7,1.0422,0.67,1.06,34
1580052413.868,0.68,1.0575,0.66,1.0661,34
1580052414.046,0.68,1.0537,0.66,1.0664,35
1580052414.226,0.68,1.0579,0.7,1.0466,35
1580052414.401,0.71,1.027,0.7,1.0502,35
1580052414.577,0.72,1.0295,0.69,1.0568,35
1580052414.754,0.67,1.0707,0.71,1.0457,35
1580052414.928,0.67,1.0718,0.7,1.0438,35
1580052415.104,0.7,1.0439,0.66,1.0745,35
1580052415.284,0.7,1.0397,0.64,1.0828,35
1580052415.46,0.69,1.0513,0.66,1.0779,35
1580052415.637,0.67,1.0654,0.68,1.0635,35
1580052415.812,0.68,1.0559,0.7,1.0466,35
1580052415.987,0.71,1.0357,0.7,1.0493,35
1580052416.165,0.69,1.0517,0.69,1.0516,35
1580052416.351,0.69,1.047,0.69,1.0462,35
1580052416.506,0.7,1.0469,0.68,1.0517,35
1580052416.682,0.7,1.0446,0.65,1.0628,36
1580052416.858,0.69,1.0599,0.67,1.058,36
1580052417.033,0.7,1.0388,0.69,1.0482,36
1580052417.212,0.7,1.033,0.69,1.038,36
1580052417.387,0.69,1.0518,0.71,1.041,36
1580052417.561,0.68,1.0622,0.7,1.0515,36
1580052417.744,0.68,1.0566,0.73,1.034,36
1580052417.92,0.7,1.0463,0.71,1.0347,36
1580052418.095,0.71,1.0345,0.67,1.0645,36
1580052418.271,0.68,1.0563,0.66,1.069,36
1580052418.447,0.67,1.0695,0.66,1.0756,36
1580052418.621,0.68,1.0614,0.67,1.0631,36
1580052418.796,0.7,1.0398,0.71,1.0385,36
1580052418.972,0.71,1.0329,0.69,1.0519,36
1580052419.129,0.69,1.0575,0.71,1.044,36
1580052419.31,0.68,1.0629,0.71,1.0467,37
1580052419.487,0.7,1.0389,0.7,1.048,37
1580052419.662,0.72,1.0247,0.69,1.0502,37
1580052419.839,0.71,1.0273,0.69,1.0432,37
1580052420.017,0.69,1.0501,0.7,1.0298,37
1580052420.192,0.69,1.0488,0.71,1.0413,37
1580052420.387,0.69,1.0466,0.68,1.0548,37
1580052420.562,0.7,1.0432,0.7,1.0517,37
1580052420.743,0.71,1.0303,0.69,1.0521,37
1580052420.92,0.7,1.0466,0.68,1.059,37
1580052421.096,0.69,1.0512,0.68,1.0556,37
1580052421.271,0.7,1.0345,0.67,1.0605,37
1580052421.448,0.71,1.0316,0.68,1.0551,37
1580052421.625,0.71,1.0256,0.68,1.0516,37
1580052421.783,0.7,1.0431,0.71,1.0409,37
1580052421.961,0.7,1.0423,0.7,1.0526,38
1580052422.139,0.71,1.0342,0.68,1.0601,38
1580052422.319,0.71,1.0292,0.7,1.0525,38
1580052422.497,0.72,1.0165,0.7,1.0394,38
1580052422.672,0.7,1.0461,0.72,1.0326,38
1580052422.847,0.7,1.0464,0.7,1.0571,38
1580052423.023,0.69,1.0521,0.67,1.0612,38
1580052423.199,0.71,1.0336,0.68,1.0525,38
1580052423.379,0.72,1.0251,0.69,1.0606,38
1580052423.561,0.7,1.0433,0.66,1.0675,38
1580052423.739,0.68,1.0578,0.7,1.0495,38
1580052423.916,0.71,1.0355,0.7,1.0401,38
1580052424.102,0.72,1.0258,0.63,1.0749,38
1580052424.278,0.71,1.0346,0.64,1.0733,38
1580052424.44,0.69,1.0524,0.71,1.03,38
1580052424.618,0.7,1.0434,0.72,1.0324,39
1580052424.794,0.71,1.0326,0.68,1.0554,39
1580052424.969,0.71,1.03,0.67,1.0639,39
1580052425.145,0.72,1.0239,0.7,1.0421,39
1580052425.32,0.7,1.0477,0.7,1.0348,39
1580052425.501,0.7,1.047,0.65,1.0824,39
1580052425.677,0.67,1.0709,0.62,1.0884,39
1580052425.853,0.68,1.0518,0.66,1.0645,39
1580052426.029,0.71,1.0334,0.67,1.0646,39
1580052426.203,0.7,1.0443,0.65,1.0831,39
1580052426.379,0.67,1.0711,0.66,1.0695,39
1580052426.555,0.67,1.0579,0.7,1.0371,39
1580052426.732,0.69,1.0477,0.68,1.0488,39
1580052426.908,0.71,1.0285,0.63,1.0986,39
1580052427.064,0.68,1.0641,0.63,1.0938,39
1580052427.242,0.67,1.0683,0.66,1.0696,40
1580052427.423,0.7,1.043,0.71,1.0321,40
1580052427.602,0.72,1.02,0.69,1.0482,40
1580052427.782,0.72,1.0258,0.66,1.0638,40
1580052427.959,0.66,1.0764,0.7,1.0507,40
1580052428.133,0.67,1.0632,0.68,1.0575,40
1580052428.309,0.71,1.0375,0.65,1.0851,40
1580052428.483,0.71,1.0324,0.64,1.0874,40
1580052428.661,0.69,1.0505,0.66,1.076,40
1580052428.836,0.66,1.0757,0.66,1.0615,40
1580052429.011,0.71,1.0379,0.7,1.0517,40
1580052429.188,0.71,1.0281,0.67,1.0655,40
1580052429.368,0.68,1.063,0.69,1.0617,40
1580052429.552,0.7,1.0451,0.71,1.0449,40
1580052429.71,0.7,1.0436,0.7,1.044,40
1580052429.889,0.71,1.0414,0.65,1.0797,41
1580052430.064,0.69,1.0467,0.64,1.0856,41
1580052430.244,0.71,1.0304,0.67,1.0709,41
1580052430.422,0.71,1.0303,0.7,1.053,41
1580052430.606,0.7,1.0466,0.71,1.0381,41
1580052430.783,0.69,1.0494,0.7,1.0398,41
1580052430.963,0.7,1.0413,0.68,1.043,41
1580052431.142,0.71,1.0324,0.7,1.0453,41
1580052431.318,0.72,1.0252,0.7,1.056,41
1580052431.499,0.69,1.05,0.66,1.06,41
1580052431.679,0.7,1.0345,0.69,1.0389,41
1580052431.855,0.71,1.0305,0.72,1.0238,41
1580052432.033,0.72,1.026,0.71,1.0356,41
1580052432.211,0.73,1.0208,0.67,1.0489,41
1580052432.37,0.71,1.0347,0.68,1.0477,41
1580052432.55,0.71,1.0329,0.71,1.0354,42
1580052432.729,0.71,1.027,0.72,1.0278,42
1580052432.906,0.72,1.0137,0.72,1.0344,42
1580052433.083,0.73,1.0066,0.69,1.0472,42
1580052433.262,0.7,1.0422,0.7,1.0405,42
1580052433.441,0.72,1.029,0.7,1.0352,42
1580052433.622,0.71,1.0297,0.71,1.0396,42
1580052433.812,0.73,1.0142,0.71,1.0443,42
1580052434.0,0.72,1.0219,0.69,1.0531,42
1580052434.176,0.71,1.0347,0.68,1.0506,42
1580052434.353,0.72,1.0288,0.7,1.0438,42
1580052434.532,0.72,1.019,0.71,1.0326,42
1580052434.713,0.72,1.0209,0.73,1.0218,42
1580052434.889,0.73,1.0124,0.72,1.0298,42
1580052435.047,0.72,1.0274,0.7,1.0381,42
1580052435.226,0.71,1.0304,0.7,1.0444,43
1580052435.405,0.72,1.0223,0.72,1.0316,43
1580052435.585,0.74,0.9999,0.72,1.0297,43
1580052435.765,0.75,0.9986,0.7,1.0358,43
1580052435.942,0.71,1.0358,0.71,1.0376,43
1580052436.119,0.72,1.0276,0.68,1.0609,43
1580052436.298,0.71,1.0343,0.66,1.0635,43
1580052436.48,0.73,1.019,0.68,1.0473,43
1580052436.659,0.72,1.0187,0.72,1.034,43
1580052436.838,0.7,1.0374,0.68,1.0532,43
1580052437.015,0.72,1.0264,0.68,1.0582,43
1580052437.193,0.72,1.0232,0.7,1.0468,43
1580052437.37,0.72,1.0221,0.7,1.0298,43
1580052437.549,0.73,1.0139,0.71,1.0291,43
1580052437.715,0.7,1.0356,0.73,1.0289,43
1580052437.896,0.7,1.0404,0.7,1.043,44
1580052438.089,0.72,1.0263,0.7,1.0447,44
1580052438.268,0.74,1.0025,0.69,1.0441,44
1580052438.447,0.74,1.0003,0.69,1.038,44
1580052438.626,0.7,1.048,0.72,1.0225,44
1580052438.807,0.71,1.0332,0.68,1.0464,44
1580052438.984,0.71,1.0288,0.68,1.0594,44
1580052439.164,0.72,1.0252,0.7,1.042,44
1580052439.344,0.74,1.0121,0.7,1.0333,44
1580052439.522,0.71,1.0314,0.69,1.054,44
1580052439.704,0.71,1.0327,0.66,1.0658,44
1580052439.882,0.72,1.027,0.67,1.0642,44
1580052440.062,0.71,1.0302,0.69,1.0451,44
1580052440.241,0.73,1.0163,0.66,1.0591,44
1580052440.401,0.7,1.0414,0.68,1.0455,44
1580052440.58,0.7,1.04,0.71,1.0385,45
1580052440.768,0.73,1.0178,0.68,1.0658,45
1580052440.949,0.73,1.0089,0.67,1.0691,45
1580052441.125,0.72,1.0176,0.67,1.0579,45
1580052441.302,0.69,1.0511,0.71,1.0443,45
1580052441.482,0.67,1.0671,0.69,1.0466,45
1580052441.659,0.69,1.0484,0.68,1.0612,45
1580052441.843,0.72,1.0209,0.63,1.0995,45
1580052442.019,0.69,1.055,0.64,1.0963,45
1580052442.196,0.67,1.0689,0.68,1.0647,45
1580052442.373,0.72,1.0217,0.68,1.0661,45
1580052442.553,0.71,1.0289,0.66,1.0761,45
1580052442.739,0.69,1.0502,0.66,1.0636,45
1580052442.917,0.71,1.0291,0.71,1.0436,45
1580052443.075,0.72,1.0283,0.68,1.0545,45
1580052443.252,0.71,1.0321,0.66,1.0707,46
1580052443.429,0.7,1.0407,0.65,1.0715,46
1580052443.607,0.72,1.0229,0.68,1.0495,46
1580052443.785,0.73,1.0078,0.7,1.0422,46
1580052443.961,0.7,1.0409,0.69,1.0476,46
1580052444.138,0.71,1.0344,0.7,1.0481,46
1580052444.314,0.71,1.0351,0.7,1.045,46
1580052444.491,0.72,1.0293,0.71,1.0455,46
1580052444.669,0.73,1.0147,0.67,1.0662,46
1580052444.845,0.7,1.0404,0.65,1.0832,46
1580052445.021,0.7,1.0338,0.67,1.0691,46
1580052445.197,0.71,1.0257,0.67,1.057,46
1580052445.375,0.73,1.0177,0.71,1.0414,46
1580052445.552,0.74,1.0077,0.68,1.0424,46
1580052445.722,0.72,1.0258,0.7,1.0432,46
1580052445.92,0.7,1.0379,0.69,1.0441,47
1580052446.107,0.72,1.0208,0.7,1.0482,47
1580052446.289,0.74,0.9939,0.65,1.0726,47
1580052446.464,0.73,1.0103,0.67,1.0729,47
1580052446.642,0.69,1.0462,0.7,1.0448,47
1580052446.824,0.72,1.0231,0.69,1.0391,47
1580052447.002,0.7,1.035,0.7,1.0492,47
1580052447.178,0.71,1.0401,0.68,1.0514,47
1580052447.355,0.7,1.043,0.69,1.0496,47
1580052447.532,0.72,1.0188,0.68,1.0613,47
1580052447.711,0.73,1.0154,0.63,1.088,47
1580052447.887,0.71,1.0318,0.66,1.0823,47
1580052448.063,0.69,1.0458,0.7,1.0455,47
1580052448.254,0.73,1.0092,0.72,1.0279,47
1580052448.414,0.71,1.0319,0.72,1.0275,47
1580052448.594,0.7,1.0491,0.71,1.0338,48
1580052448.784,0.7,1.0461,0.69,1.0477,48
1580052448.975,0.73,1.012,0.69,1.0531,48
1580052449.153,0.74,0.9985,0.67,1.0671,48
1580052449.339,0.68,1.0531,0.65,1.0783,48
1580052449.52,0.68,1.0551,0.68,1.0535,48
1580052449.697,0.72,1.0234,0.7,1.0378,48
1580052449.876,0.74,1.0092,0.68,1.0597,48
1580052450.052,0.7,1.0369,0.67,1.069,48
1580052450.228,0.69,1.0413,0.68,1.0624,48
1580052450.408,0.71,1.0341,0.69,1.0541,48
1580052450.584,0.72,1.0167,0.65,1.0925,48
1580052450.761,0.7,1.0435,0.63,1.097,48
1580052450.937,0.69,1.0469,0.68,1.0647,48
1580052451.096,0.7,1.0358,0.66,1.0607,48
1580052451.273,0.72,1.0247,0.7,1.0569,49
1580052451.45,0.7,1.0397,0.69,1.0457,49
1580052451.629,0.71,1.03,0.69,1.0466,49
1580052451.807,0.72,1.014,0.71,1.0367,49
1580052451.987,0.71,1.0339,0.69,1.044,49
1580052452.164,0.72,1.0201,0.68,1.0631,49
1580052452.341,0.71,1.0347,0.68,1.061,49
1580052452.518,0.7,1.039,0.69,1.0442,49
1580052452.698,0.74,1.0108,0.69,1.0433,49
1580052452.874,0.72,1.0223,0.71,1.041,49
1580052453.056,0.7,1.0409,0.71,1.0346,49
1580052453.233,0.7,1.0362,0.72,1.0335,49
1580052453.41,0.73,1.0163,0.67,1.0573,49
1580052453.589,0.73,1.0081,0.65,1.0724,49
1580052453.747,0.71,1.0277,0.65,1.0769,49
1580052453.927,0.7,1.0395,0.68,1.0681,50
1580052454.119,0.72,1.0204,0.69,1.0573,50
1580052454.298,0.75,0.9942,0.68,1.0488,50
1580052454.474,0.75,0.9869,0.71,1.0422,50
1580052454.651,0.72,1.0278,0.69,1.039,50
1580052454.841,0.71,1.0276,0.7,1.0449,50
1580052455.032,0.71,1.0261,0.67,1.0648,50
1580052455.223,0.74,1.0044,0.67,1.0701,50
1580052455.408,0.73,1.0125,0.67,1.0594,50
1580052455.585,0.71,1.0257,0.7,1.0536,50
1580052455.763,0.74,1.0108,0.69,1.0537,50
1580052455.945,0.73,1.0115,0.68,1.0551,50
1580052456.128,0.73,1.0127,0.7,1.0401,50
1580052456.307,0.74,0.9996,0.69,1.0375,50
1580052456.467,0.73,1.0155,0.71,1.0436,50
1580052456.645,0.72,1.0232,0.69,1.0509,51
1580052456.821,0.74,1.007,0.68,1.0565,51
1580052456.999,0.75,0.9882,0.69,1.0524,51
1580052457.181,0.76,0.9817,0.7,1.0436,51
1580052457.361,0.73,1.0178,0.71,1.0337,51
1580052457.541,0.73,1.0209,0.68,1.0495,51
1580052457.717,0.72,1.0223,0.66,1.0724,51
1580052457.894,0.74,1.0025,0.67,1.0699,51
1580052458.073,0.74,1.0074,0.69,1.0547,51
1580052458.257,0.73,1.0111,0.68,1.0561,51
1580052458.436,0.74,1.0137,0.69,1.0533,51
1580052458.614,0.74,1.0053,0.7,1.0513,51
1580052458.791,0.74,1.0033,0.67,1.0485,51
1580052458.968,0.75,0.9954,0.7,1.0403,51
1580052459.129,0.73,1.0121,0.71,1.0359,51
1580052459.312,0.72,1.0269,0.7,1.0365,52
1580052459.493,0.74,1.0016,0.68,1.0553,52
1580052459.672,0.76,0.9825,0.68,1.0617,52
1580052459.848,0.75,0.9921,0.69,1.0491,52
1580052460.027,0.72,1.0247,0.72,1.0248,52
1580052460.209,0.72,1.0299,0.72,1.0313,52
1580052460.388,0.73,1.0239,0.66,1.0698,52
1580052460.565,0.73,1.0076,0.67,1.0794,52
1580052460.743,0.73,1.0149,0.68,1.063,52
1580052460.92,0.72,1.0199,0.68,1.0562,52
1580052461.098,0.73,1.0117,0.67,1.0696,52
1580052461.277,0.71,1.0322,0.69,1.0442,52
1580052461.455,0.73,1.0088,0.67,1.0624,52
1580052461.633,0.74,1.0016,0.66,1.0836,52
1580052461.792,0.69,1.0447,0.64,1.082,52
1580052461.97,0.7,1.0404,0.69,1.0505,53
1580052462.152,0.71,1.0305,0.71,1.0308,53
1580052462.329,0.72,1.0139,0.7,1.0409,53
1580052462.509,0.76,0.9857,0.67,1.0658,53
1580052462.687,0.68,1.0579,0.69,1.0538,53
1580052462.866,0.72,1.0249,0.71,1.0322,53
1580052463.043,0.74,1.0094,0.71,1.0334,53
1580052463.224,0.73,1.0147,0.69,1.0447,53
1580052463.402,0.72,1.021,0.66,1.0653,53
1580052463.582,0.71,1.0318,0.65,1.075,53
1580052463.761,0.7,1.0295,0.67,1.0593,53
1580052463.939,0.72,1.0218,0.71,1.0363,53
1580052464.117,0.74,1.001,0.69,1.0412,53
1580052464.304,0.72,1.0258,0.7,1.0398,53
1580052464.463,0.71,1.0318,0.71,1.0301,53
1580052464.642,0.72,1.0228,0.69,1.0507,54
1580052464.821,0.73,1.0148,0.67,1.0605,54
1580052465.002,0.74,0.9943,0.7,1.0472,54
1580052465.178,0.75,0.9911,0.7,1.0367,54
1580052465.366,0.73,1.0162,0.68,1.0452,54
1580052465.544,0.72,1.0275,0.69,1.0505,54
1580052465.732,0.72,1.0188,0.69,1.0476,54
1580052465.912,0.73,1.0102,0.69,1.0562,54
1580052466.09,0.73,1.0152,0.69,1.0569,54
1580052466.27,0.72,1.0261,0.69,1.0428,54
1580052466.448,0.72,1.0194,0.72,1.0278,54
1580052466.626,0.72,1.0237,0.68,1.0402,54
1580052466.809,0.72,1.0245,0.7,1.0474,54
1580052466.988,0.74,1.0102,0.67,1.0537,54
1580052467.148,0.73,1.0138,0.68,1.0718,54
1580052467.331,0.71,1.0289,0.66,1.0734,55
1580052467.513,0.72,1.0226,0.72,1.0385,55
1580052467.694,0.76,0.9855,0.71,1.0343,55
1580052467.878,0.77,0.9762,0.69,1.0457,55
1580052468.056,0.71,1.0309,0.7,1.0403,55
1580052468.236,0.72,1.0246,0.7,1.0329,55
1580052468.425,0.74,1.0059,0.7,1.0431,55
1580052468.609,0.73,1.0083,0.66,1.0713,55
1580052468.79,0.74,1.0096,0.65,1.0819,55
1580052468.966,0.7,1.0352,0.68,1.0621,55
1580052469.145,0.74,1.007,0.69,1.0439,55
1580052469.324,0.73,1.005,0.69,1.0504,55
1580052469.502,0.72,1.0196,0.68,1.0469,55
1580052469.686,0.73,1.016,0.68,1.0376,55
1580052469.845,0.73,1.0158,0.7,1.0419,55
1580052470.026,0.74,1.0084,0.66,1.0739,56
1580052470.205,0.74,1.0034,0.64,1.0891,56
1580052470.383,0.74,0.9992,0.66,1.0788,56
1580052470.561,0.74,0.9983,0.68,1.0572,56
1580052470.738,0.74,1.006,0.68,1.0527,56
1580052470.918,0.73,1.0117,0.68,1.0562,56
1580052471.098,0.73,1.0193,0.67,1.0536,56
1580052471.275,0.73,1.0134,0.69,1.0462,56
1580052471.46,0.74,1.0017,0.67,1.0674,56
1580052471.639,0.73,1.0095,0.65,1.0794,56
1580052471.817,0.73,1.0101,0.65,1.0774,56
1580052471.993,0.74,1.0069,0.65,1.0669,56
1580052472.171,0.73,1.0124,0.71,1.0475,56
1580052472.35,0.75,0.9934,0.7,1.0403,56
1580052472.51,0.73,1.0074,0.71,1.0353,56
1580052472.691,0.7,1.0321,0.71,1.0418,57
1580052472.872,0.72,1.026,0.7,1.0444,57
1580052473.051,0.75,0.9955,0.71,1.0439,57
1580052473.231,0.78,0.9733,0.68,1.0575,57
1580052473.411,0.73,1.0195,0.68,1.0608,57
1580052473.59,0.72,1.0242,0.68,1.0511,57
1580052473.773,0.73,1.0078,0.7,1.0436,57
1580052473.954,0.76,0.9888,0.65,1.0663,57
1580052474.135,0.73,1.0065,0.67,1.0752,57
1580052474.315,0.72,1.017,0.67,1.0598,57
1580052474.498,0.73,1.0057,0.69,1.058,57
1580052474.678,0.74,1.0023,0.65,1.0739,57
1580052474.86,0.74,1.0104,0.66,1.0746,57
1580052475.038,0.74,1.0107,0.69,1.056,57
1580052475.199,0.74,1.0069,0.72,1.0339,57
1580052475.377,0.74,1.0074,0.72,1.0296,58
1580052475.561,0.74,1.0085,0.72,1.0299,58
1580052475.739,0.75,0.9905,0.68,1.0466,58
1580052475.92,0.76,0.9795,0.66,1.0581,58
1580052476.101,0.73,1.0146,0.68,1.0607,58
1580052476.284,0.74,1.0029,0.68,1.062,58
1580052476.467,0.74,1.0079,0.68,1.0593,58
1580052476.647,0.74,1.0102,0.67,1.0612,58
1580052476.829,0.75,0.9918,0.68,1.0648,58
1580052477.013,0.72,1.0234,0.67,1.0642,58
1580052477.193,0.72,1.0148,0.7,1.0444,58
1580052477.376,0.73,1.0082,0.69,1.0485,58
1580052477.559,0.75,0.9955,0.67,1.0629,58
1580052477.74,0.76,0.9907,0.67,1.0622,58
1580052477.901,0.75,1.0006,0.67,1.0577,58
1580052478.084,0.73,1.009,0.68,1.0548,59
1580052478.265,0.74,0.9951,0.71,1.0425,59
1580052478.447,0.77,0.9731,0.72,1.0394,59
1580052478.632,0.77,0.9725,0.67,1.0521,59
1580052478.812,0.75,0.9979,0.67,1.0658,59
1580052478.992,0.74,1.0075,0.65,1.0697,59
1580052479.168,0.74,0.9981,0.67,1.0701,59
1580052479.347,0.75,0.9952,0.66,1.0714,59
1580052479.528,0.76,0.9898,0.65,1.077,59
1580052479.698,0.72,1.0169,0.65,1.0781,59
1580052479.88,0.74,1.0027,0.68,1.0685,59
1580052480.057,0.75,0.9869,0.67,1.0677,59
1580052480.237,0.75,0.9924,0.68,1.0691,59
1580052480.415,0.74,0.9999,0.69,1.0538,59
1580052480.581,0.74,1.0044,0.69,1.0532,59
1580052480.763,0.73,1.0065,0.68,1.0598,60
1580052480.941,0.76,0.9908,0.69,1.062,60
1580052481.121,0.78,0.9709,0.66,1.0686,60
1580052481.3,0.76,0.9784,0.69,1.0534,60
1580052481.477,0.74,0.9998,0.68,1.0572,60
1580052481.66,0.75,0.9937,0.68,1.0594,60
1580052481.837,0.75,0.9963,0.68,1.0637,60
1580052482.016,0.75,0.9954,0.69,1.0571,60
1580052482.199,0.76,0.9908,0.67,1.0641,60
1580052482.38,0.74,1.0003,0.66,1.0774,60
1580052482.56,0.74,1.0055,0.66,1.0759,60
1580052482.741,0.75,0.9945,0.64,1.0837,60
1580052482.918,0.76,0.9888,0.68,1.0683,60
1580052483.096,0.74,0.9964,0.66,1.0726,60
1580052483.26,0.74,1.0043,0.68,1.0615,60
1580052483.442,0.71,1.0244,0.67,1.0676,61
1580052483.622,0.74,1.0,0.63,1.0877,61
1580052483.802,0.76,0.9815,0.65,1.0956,61
1580052483.988,0.73,1.0046,0.67,1.0691,61
1580052484.167,0.74,1.0041,0.68,1.0624,61
1580052484.347,0.73,1.0114,0.65,1.0821,61
1580052484.526,0.73,1.0129,0.64,1.0783,61
1580052484.708,0.74,1.007,0.7,1.0543,61
1580052484.887,0.75,0.9966,0.66,1.0729,61
1580052485.066,0.73,1.0129,0.63,1.0832,61
1580052485.244,0.73,1.0108,0.64,1.0796,61
1580052485.425,0.72,1.0251,0.69,1.0499,61
1580052485.603,0.74,1.0027,0.69,1.0517,61
1580052485.784,0.76,0.9844,0.66,1.0722,61
1580052485.943,0.73,1.0149,0.65,1.0794,61
1580052486.124,0.71,1.0391,0.68,1.0503,62
1580052486.303,0.73,1.0163,0.72,1.0302,62
1580052486.484,0.75,0.9899,0.7,1.0495,62
1580052486.665,0.75,0.9877,0.67,1.0737,62
1580052486.842,0.69,1.0474,0.69,1.0647,62
1580052487.019,0.7,1.0395,0.67,1.0608,62
1580052487.197,0.74,1.0002,0.65,1.0879,62
1580052487.378,0.73,1.016,0.64,1.0957,62
1580052487.564,0.69,1.0446,0.62,1.0906,62
1580052487.744,0.7,1.0365,0.65,1.0854,62
1580052487.926,0.7,1.0358,0.68,1.0656,62
1580052488.106,0.75,0.9952,0.68,1.0621,62
1580052488.288,0.74,1.0061,0.67,1.0745,62
1580052488.466,0.72,1.0176,0.66,1.0745,62
1580052488.626,0.71,1.0288,0.66,1.058,62
1580052488.812,0.73,1.01,0.68,1.0591,63
1580052488.991,0.74,1.0038,0.67,1.0756,63
1580052489.169,0.73,1.0046,0.67,1.0694,63
1580052489.346,0.73,1.0072,0.7,1.0372,63
1580052489.526,0.72,1.0163,0.7,1.0386,63
1580052489.707,0.73,1.0141,0.67,1.0548,63
1580052489.888,0.72,1.0243,0.68,1.0584,63
1580052490.069,0.73,1.0062,0.67,1.0775,63
1580052490.25,0.74,1.0037,0.68,1.0674,63
1580052490.43,0.73,1.0077,0.68,1.0635,63
1580052490.607,0.74,1.0023,0.69,1.0607,63
1580052490.786,0.75,0.9908,0.68,1.0543,63
1580052490.966,0.75,0.9945,0.7,1.0435,63
1580052491.146,0.76,0.9865,0.7,1.0508,63
1580052491.31,0.75,0.9972,0.68,1.0549,63
1580052491.489,0.75,0.9981,0.67,1.0553,64
1580052491.67,0.75,0.9974,0.7,1.0545,64
1580052491.852,0.77,0.97,0.68,1.0451,64
1580052492.03,0.78,0.9656,0.71,1.0393,64
1580052492.208,0.74,1.0041,0.69,1.0507,64
1580052492.387,0.74,0.9969,0.69,1.0381,64
1580052492.564,0.73,1.0078,0.71,1.0349,64
1580052492.743,0.74,0.9978,0.7,1.0413,64
1580052492.928,0.76,0.985,0.7,1.0445,64
1580052493.109,0.75,0.9965,0.69,1.0657,64
1580052493.287,0.72,1.0204,0.69,1.05,64
1580052493.466,0.75,0.9931,0.7,1.0322,64
1580052493.644,0.77,0.9781,0.71,1.0395,64
1580052493.835,0.75,0.9947,0.69,1.045,64
1580052494.004,0.75,0.9954,0.72,1.0441,64
1580052494.183,0.74,0.999,0.68,1.058,65
1580052494.363,0.76,0.9874,0.67,1.0627,65
1580052494.541,0.78,0.9697,0.7,1.0511,65
1580052494.719,0.78,0.9668,0.68,1.0535,65
1580052494.898,0.75,0.9991,0.69,1.0512,65
1580052495.077,0.74,1.0048,0.69,1.0555,65
1580052495.256,0.73,1.0086,0.67,1.0508,65
1580052495.434,0.76,0.9889,0.67,1.0589,65
1580052495.612,0.76,0.9851,0.67,1.0688,65
1580052495.792,0.74,0.9997,0.68,1.0646,65
1580052495.981,0.74,1.0035,0.71,1.0403,65
1580052496.16,0.76,0.9831,0.69,1.0535,65
1580052496.338,0.77,0.9839,0.69,1.0572,65
1580052496.515,0.74,1.0042,0.69,1.0508,65
1580052496.676,0.74,1.0013,0.7,1.044,65
1580052496.856,0.75,0.9949,0.67,1.0553,66
1580052497.036,0.76,0.9833,0.69,1.0616,66
1580052497.218,0.77,0.9791,0.67,1.0663,66
1580052497.398,0.76,0.983,0.69,1.0524,66
1580052497.575,0.76,0.9916,0.67,1.0608,66
1580052497.754,0.75,0.9899,0.66,1.0758,66
1580052497.932,0.72,1.0182,0.67,1.0701,66
1580052498.114,0.74,1.0011,0.68,1.0537,66
1580052498.293,0.76,0.9857,0.68,1.0584,66
1580052498.477,0.76,0.9883,0.66,1.0783,66
1580052498.654,0.73,1.014,0.66,1.0711,66
1580052498.833,0.75,0.9969,0.69,1.0484,66
1580052499.017,0.76,0.9797,0.68,1.0564,66
1580052499.199,0.75,0.9915,0.67,1.0704,66
1580052499.361,0.72,1.0154,0.67,1.0705,66
1580052499.543,0.72,1.0215,0.7,1.053,67
1580052499.722,0.73,0.9999,0.69,1.0529,67
1580052499.898,0.79,0.9634,0.67,1.073,67
1580052500.08,0.74,1.0005,0.66,1.0743,67
1580052500.261,0.71,1.031,0.67,1.0772,67
1580052500.441,0.73,1.0158,0.68,1.0641,67
1580052500.624,0.74,1.0008,0.67,1.0619,67
1580052500.803,0.76,0.9886,0.66,1.083,67
1580052500.986,0.74,1.0001,0.65,1.0832,67
1580052501.164,0.72,1.0229,0.65,1.0744,67
1580052501.342,0.75,0.9974,0.69,1.0489,67
1580052501.52,0.75,0.9885,0.72,1.034,67
1580052501.7,0.76,0.9904,0.7,1.0531,67
1580052501.878,0.75,0.9922,0.69,1.0493,67
1580052502.037,0.73,1.01,0.7,1.0363,67
1580052502.216,0.73,1.0055,0.7,1.0386,68
1580052502.396,0.77,0.9831,0.68,1.0628,68
1580052502.572,0.77,0.9713,0.64,1.08,68
1580052502.754,0.75,0.9896,0.66,1.0724,68
1580052502.931,0.72,1.0162,0.69,1.0429,68
1580052503.116,0.76,0.9871,0.7,1.0357,68
1580052503.294,0.76,0.9919,0.67,1.0582,68
1580052503.472,0.72,1.0195,0.68,1.0436,68
1580052503.652,0.74,0.9967,0.68,1.0473,68
1580052503.83,0.75,0.9931,0.68,1.0622,68
1580052504.011,0.75,0.9925,0.66,1.0806,68
1580052504.191,0.73,1.0104,0.67,1.0639,68
1580052504.372,0.73,1.0053,0.7,1.0385,68
1580052504.549,0.77,0.9788,0.69,1.048,68
1580052504.71,0.74,0.9951,0.68,1.055,68
1580052504.889,0.72,1.0238,0.68,1.0494,69
1580052505.066,0.75,0.9963,0.68,1.0601,69
1580052505.245,0.77,0.9754,0.65,1.0817,69
1580052505.426,0.76,0.9855,0.65,1.0714,69
1580052505.609,0.73,1.0185,0.66,1.0645,69
1580052505.807,0.74,1.0024,0.69,1.0455,69
1580052505.999,0.73,1.0123,0.68,1.0573,69
1580052506.196,0.73,1.0076,0.68,1.0577,69
1580052506.382,0.74,1.0023,0.69,1.0556,69
1580052506.56,0.72,1.0217,0.68,1.0503,69
1580052506.738,0.74,1.0002,0.64,1.0855,69
1580052506.922,0.72,1.0155,0.64,1.0932,69
1580052507.104,0.69,1.0494,0.64,1.0816,69
1580052507.279,0.73,1.0098,0.66,1.0667,69
1580052507.436,0.73,1.0127,0.69,1.0497,69
1580052507.615,0.71,1.0308,0.69,1.0528,70
1580052507.795,0.7,1.0419,0.7,1.0403,70
1580052507.976,0.73,1.0169,0.72,1.0276,70
1580052508.152,0.76,0.98,0.71,1.0376,70
1580052508.328,0.72,1.0194,0.71,1.052,70
1580052508.508,0.71,1.0339,0.7,1.0472,70
1580052508.69,0.71,1.0325,0.72,1.0249,70
1580052508.879,0.75,0.9954,0.71,1.0345,70
1580052509.073,0.77,0.9749,0.7,1.0468,70
1580052509.259,0.71,1.0258,0.7,1.0493,70
1580052509.437,0.69,1.043,0.67,1.0595,70
1580052509.617,0.73,1.009,0.66,1.0679,70
1580052509.796,0.74,1.0011,0.65,1.0914,70
1580052509.973,0.72,1.0174,0.64,1.0906,70
1580052510.132,0.7,1.0372,0.69,1.0486,70
1580052510.31,0.73,1.0089,0.67,1.0434,71
1580052510.493,0.76,0.986,0.68,1.0526,71
1580052510.674,0.73,1.005,0.68,1.0498,71
1580052510.853,0.73,1.0064,0.69,1.0416,71
1580052511.032,0.74,1.0064,0.7,1.0474,71
1580052511.211,0.75,0.9878,0.69,1.0505,71
1580052511.389,0.72,1.018,0.69,1.0551,71
1580052511.567,0.73,1.0119,0.7,1.0495,71
1580052511.746,0.76,0.9869,0.7,1.0317,71
1580052511.928,0.75,0.9939,0.7,1.0359,71
1580052512.11,0.74,1.0095,0.69,1.039,71
1580052512.299,0.73,1.008,0.69,1.0409,71
1580052512.477,0.74,1.0033,0.69,1.0418,71
1580052512.656,0.76,0.9791,0.69,1.0424,71
1580052512.817,0.76,0.9915,0.68,1.0586,71
1580052512.997,0.73,1.0106,0.69,1.0541,72
1580052513.173,0.74,0.9987,0.7,1.0399,72
1580052513.357,0.79,0.9556,0.7,1.0325,72
1580052513.538,0.78,0.9673,0.69,1.0384,72
1580052513.717,0.74,1.0001,0.69,1.0424,72
1580052513.899,0.74,1.005,0.69,1.0473,72
1580052514.086,0.76,0.984,0.68,1.0574,72
1580052514.266,0.77,0.9781,0.68,1.0625,72
1580052514.443,0.77,0.9734,0.67,1.0679,72
1580052514.622,0.76,0.9863,0.67,1.0653,72
1580052514.812,0.76,0.9818,0.68,1.0582,72
1580052515.004,0.77,0.9771,0.68,1.0585,72
1580052515.194,0.76,0.9832,0.69,1.0603,72
1580052515.39,0.78,0.9665,0.68,1.0627,72
1580052515.551,0.76,0.9847,0.68,1.0636,72
1580052515.733,0.75,0.9845,0.68,1.0613,73
1580052515.913,0.77,0.9824,0.67,1.0581,73
1580052516.096,0.78,0.9618,0.67,1.0629,73
1580052516.277,0.8,0.9551,0.68,1.0646,73
1580052516.466,0.76,0.9872,0.68,1.0574,73
1580052516.646,0.75,0.9923,0.69,1.0486,73
1580052516.824,0.76,0.9878,0.7,1.0404,73
1580052517.002,0.78,0.9694,0.68,1.0528,73
1580052517.18,0.78,0.9695,0.68,1.0609,73
1580052517.359,0.75,0.9936,0.69,1.0624,73
1580052517.54,0.76,0.9831,0.67,1.0718,73
1580052517.72,0.77,0.9698,0.66,1.0785,73
1580052517.901,0.76,0.9818,0.67,1.0747,73
1580052518.082,0.77,0.978,0.68,1.0673,73
1580052518.241,0.76,0.9825,0.67,1.0652,73
1580052518.429,0.77,0.9735,0.67,1.0644,74
1580052518.609,0.76,0.987,0.68,1.0654,74
1580052518.788,0.78,0.9652,0.65,1.0682,74
1580052518.965,0.79,0.9513,0.69,1.0612,74
1580052519.145,0.76,0.9803,0.65,1.0766,74
1580052519.324,0.76,0.9898,0.65,1.0779,74
1580052519.504,0.75,0.9924,0.68,1.0538,74
1580052519.685,0.78,0.9648,0.68,1.0552,74
1580052519.865,0.78,0.9659,0.68,1.0521,74
1580052520.044,0.75,0.9938,0.69,1.0518,74
1580052520.225,0.75,0.9953,0.66,1.0687,74
1580052520.405,0.77,0.9727,0.64,1.0845,74
1580052520.582,0.75,0.9881,0.64,1.0997,74
1580052520.759,0.76,0.985,0.66,1.0885,74
1580052520.918,0.74,1.0039,0.7,1.0552,74
1580052521.098,0.77,0.9768,0.69,1.0467,75
1580052521.28,0.76,0.9826,0.68,1.0526,75
1580052521.457,0.77,0.9769,0.66,1.0651,75
1580052521.634,0.76,0.9853,0.69,1.0598,75
1580052521.813,0.76,0.9907,0.67,1.0655,75
1580052521.993,0.76,0.9827,0.64,1.0912,75
1580052522.171,0.75,0.9911,0.65,1.0942,75
1580052522.353,0.75,0.9934,0.65,1.0778,75
1580052522.54,0.78,0.9689,0.68,1.0588,75
1580052522.718,0.77,0.9764,0.68,1.0625,75
1580052522.897,0.76,0.9859,0.66,1.0733,75
1580052523.075,0.74,0.994,0.64,1.0861,75
1580052523.252,0.74,1.0037,0.65,1.0832,75
1580052523.434,0.77,0.9754,0.65,1.0773,75
1580052523.594,0.76,0.9818,0.67,1.0791,75
1580052523.776,0.76,0.9825,0.65,1.0901,76
1580052523.955,0.75,0.9982,0.67,1.0762,76
1580052524.132,0.77,0.9805,0.68,1.0619,76
1580052524.308,0.79,0.9572,0.68,1.0631,76
1580052524.489,0.77,0.9744,0.64,1.0864,76
1580052524.665,0.76,0.9927,0.65,1.0839,76
1580052524.843,0.74,0.9937,0.68,1.0651,76
1580052525.021,0.78,0.9676,0.69,1.0563,76
1580052525.197,0.79,0.9564,0.68,1.0589,76
1580052525.374,0.75,0.9945,0.67,1.0668,76
1580052525.558,0.76,0.9807,0.65,1.0794,76
1580052525.739,0.78,0.9668,0.62,1.1031,76
1580052525.922,0.78,0.9684,0.65,1.0982,76
1580052526.106,0.76,0.9832,0.65,1.0844,76
1580052526.267,0.76,0.983,0.67,1.0614,76
1580052526.447,0.78,0.9692,0.68,1.057,77
1580052526.633,0.76,0.9807,0.68,1.0568,77
1580052526.812,0.78,0.9706,0.68,1.0574,77
1580052526.995,0.8,0.9467,0.68,1.0637,77
1580052527.179,0.78,0.9667,0.66,1.0758,77
1580052527.359,0.77,0.978,0.66,1.0779,77
1580052527.538,0.77,0.9791,0.67,1.0716,77
1580052527.718,0.79,0.9561,0.69,1.0597,77
1580052527.899,0.8,0.9565,0.69,1.0595,77
1580052528.077,0.77,0.9842,0.68,1.0641,77
1580052528.257,0.77,0.9772,0.66,1.079,77
1580052528.435,0.79,0.9569,0.65,1.0956,77
1580052528.621,0.78,0.9623,0.63,1.1029,77
1580052528.8,0.77,0.9712,0.63,1.1044,77
1580052528.96,0.74,0.9977,0.63,1.0948,77
1580052529.146,0.77,0.9805,0.66,1.0751,78
1580052529.33,0.78,0.9623,0.67,1.0659,78
1580052529.512,0.77,0.9717,0.67,1.0671,78
1580052529.699,0.77,0.9767,0.67,1.0687,78
1580052529.878,0.76,0.9839,0.67,1.071,78
1580052530.057,0.77,0.9749,0.64,1.0962,78
1580052530.237,0.77,0.9793,0.64,1.094,78
1580052530.421,0.74,0.9954,0.64,1.0895,78
1580052530.603,0.76,0.9818,0.68,1.0761,78
1580052530.785,0.77,0.9751,0.68,1.0589,78
1580052530.97,0.78,0.9663,0.68,1.0598,78
1580052531.149,0.75,0.9929,0.68,1.0601,78
1580052531.328,0.74,0.9985,0.68,1.0566,78
1580052531.507,0.77,0.9709,0.66,1.0738,78
1580052531.667,0.77,0.9728,0.62,1.1035,78
1580052531.847,0.74,1.0067,0.62,1.1015,79
1580052532.025,0.73,1.0165,0.66,1.0764,79
1580052532.201,0.79,0.9533,0.68,1.0582,79
1580052532.381,0.79,0.9492,0.68,1.0584,79
1580052532.558,0.76,0.9845,0.69,1.0564,79
1580052532.744,0.73,1.016,0.69,1.0553,79
1580052532.924,0.75,0.9939,0.69,1.0503,79
1580052533.102,0.77,0.9736,0.68,1.0596,79
1580052533.28,0.79,0.9586,0.66,1.076,79
1580052533.456,0.77,0.9772,0.65,1.0853,79
1580052533.64,0.76,0.9836,0.65,1.0788,79
1580052533.819,0.78,0.9679,0.67,1.0643,79
1580052534.0,0.79,0.9609,0.69,1.0539,79
1580052534.178,0.79,0.9579,0.68,1.0527,79
1580052534.337,0.77,0.9762,0.68,1.0521,79
1580052534.516,0.78,0.9709,0.68,1.0576,80
1580052534.692,0.78,0.9671,0.68,1.064,80
1580052534.87,0.81,0.9415,0.65,1.0664,80
1580052535.049,0.8,0.9475,0.67,1.0614,80
1580052535.226,0.77,0.9763,0.67,1.0575,80
1580052535.404,0.77,0.9734,0.67,1.0518,80
1580052535.581,0.78,0.9628,0.69,1.0447,80
1580052535.763,0.79,0.9552,0.68,1.0473,80
1580052535.942,0.8,0.9525,0.68,1.0508,80
1580052536.119,0.78,0.9674,0.68,1.052,80
1580052536.299,0.78,0.9618,0.69,1.049,80
1580052536.478,0.8,0.9501,0.68,1.0491,80
1580052536.654,0.8,0.9499,0.7,1.0523,80
1580052536.839,0.8,0.9518,0.66,1.0614,80
1580052536.998,0.78,0.9686,0.67,1.0681,80
1580052537.178,0.79,0.9577,0.66,1.0624,81
1580052537.358,0.79,0.959,0.68,1.0522,81
1580052537.538,0.81,0.9418,0.69,1.0491,81
1580052537.715,0.8,0.9434,0.68,1.0571,81
1580052537.892,0.78,0.9632,0.67,1.0635,81
1580052538.071,0.78,0.9674,0.66,1.0684,81
1580052538.251,0.78,0.9643,0.65,1.0722,81
1580052538.428,0.79,0.9554,0.66,1.0702,81
1580052538.607,0.8,0.9486,0.67,1.0688,81
1580052538.784,0.78,0.9646,0.68,1.0646,81
1580052538.962,0.78,0.9672,0.68,1.0611,81
1580052539.143,0.79,0.9561,0.71,1.0485,81
1580052539.32,0.8,0.9498,0.67,1.0709,81
1580052539.501,0.8,0.9521,0.66,1.0828,81
1580052539.662,0.77,0.9729,0.66,1.0817,81
1580052539.849,0.77,0.9768,0.66,1.0703,82
1580052540.026,0.78,0.9658,0.68,1.058,82
1580052540.205,0.81,0.9401,0.69,1.0594,82
1580052540.382,0.79,0.9547,0.68,1.0597,82
1580052540.566,0.76,0.9842,0.67,1.0623,82
1580052540.748,0.78,0.9744,0.63,1.0795,82
1580052540.929,0.79,0.9591,0.63,1.0948,82
1580052541.108,0.78,0.9652,0.62,1.0959,82
1580052541.287,0.78,0.9651,0.66,1.0776,82
1580052541.465,0.78,0.9676,0.66,1.0675,82
1580052541.645,0.78,0.9606,0.66,1.068,82
1580052541.826,0.78,0.9638,0.68,1.0592,82
1580052542.002,0.77,0.9781,0.68,1.0637,82
1580052542.184,0.78,0.969,0.65,1.063,82
1580052542.344,0.78,0.9676,0.63,1.0989,82
1580052542.524,0.77,0.9805,0.64,1.0974,83
1580052542.7,0.75,0.9975,0.67,1.0759,83
1580052542.878,0.8,0.9473,0.67,1.0666,83
1580052543.055,0.8,0.9445,0.68,1.0648,83
1580052543.235,0.77,0.9724,0.66,1.0642,83
1580052543.415,0.77,0.9788,0.68,1.0541,83
1580052543.593,0.77,0.9736,0.7,1.0503,83
1580052543.772,0.79,0.9585,0.67,1.0622,83
1580052543.963,0.79,0.9513,0.64,1.0807,83
1580052544.145,0.78,0.9682,0.65,1.0833,83
1580052544.322,0.78,0.9709,0.65,1.0813,83
1580052544.501,0.79,0.9579,0.67,1.056,83
1580052544.678,0.79,0.9515,0.73,1.0266,83
1580052544.854,0.79,0.954,0.71,1.0375,83
1580052545.012,0.77,0.976,0.69,1.0497,83
1580052545.193,0.79,0.9593,0.69,1.058,84
1580052545.372,0.78,0.9666,0.68,1.0612,84
1580052545.55,0.8,0.94,0.68,1.0587,84
1580052545.728,0.8,0.9468,0.66,1.061,84
1580052545.909,0.77,0.9704,0.66,1.069,84
1580052546.088,0.78,0.9693,0.67,1.0611,84
1580052546.266,0.78,0.9615,0.68,1.059,84
1580052546.444,0.78,0.9641,0.67,1.0665,84
1580052546.623,0.79,0.9567,0.67,1.0676,84
1580052546.8,0.78,0.9644,0.65,1.073,84
1580052546.977,0.79,0.9571,0.66,1.0749,84
1580052547.155,0.79,0.9538,0.68,1.0728,84
1580052547.332,0.79,0.9587,0.67,1.0563,84
1580052547.518,0.79,0.9511,0.71,1.0469,84
1580052547.68,0.78,0.9602,0.69,1.0546,84
1580052547.857,0.79,0.961,0.69,1.0566,85
1580052548.038,0.78,0.9621,0.67,1.0677,85
1580052548.218,0.81,0.9368,0.66,1.0752,85
1580052548.396,0.81,0.94,0.64,1.0856,85
1580052548.574,0.78,0.9662,0.66,1.0747,85
1580052548.755,0.77,0.9738,0.68,1.0564,85
1580052548.931,0.78,0.9638,0.73,1.038,85
1580052549.109,0.78,0.9592,0.69,1.0482,85
1580052549.29,0.79,0.9523,0.7,1.0519,85
1580052549.466,0.77,0.981,0.69,1.053,85
1580052549.642,0.78,0.9711,0.67,1.0644,85
1580052549.823,0.8,0.9437,0.65,1.0836,85
1580052550.0,0.77,0.9723,0.65,1.0833,85
1580052550.177,0.77,0.9717,0.66,1.0649,85
1580052550.336,0.77,0.969,0.71,1.0438,85
1580052550.514,0.79,0.9547,0.7,1.045,86
1580052550.691,0.78,0.962,0.71,1.0437,86
1580052550.872,0.79,0.959,0.69,1.049,86
1580052551.05,0.8,0.9453,0.68,1.0622,86
1580052551.228,0.79,0.957,0.66,1.067,86
1580052551.404,0.77,0.9737,0.66,1.0755,86
1580052551.581,0.77,0.9804,0.67,1.0668,86
1580052551.758,0.78,0.9644,0.67,1.0566,86
1580052551.937,0.79,0.9517,0.67,1.0673,86
1580052552.119,0.79,0.9621,0.67,1.0706,86
1580052552.295,0.74,0.9977,0.65,1.0755,86
1580052552.475,0.77,0.9702,0.67,1.0636,86
1580052552.653,0.8,0.9456,0.65,1.0801,86
1580052552.829,0.78,0.9589,0.65,1.0839,86
1580052552.989,0.75,0.9913,0.65,1.0769,86
1580052553.173,0.77,0.98,0.7,1.0499,87
1580052553.35,0.77,0.9671,0.66,1.0691,87
1580052553.528,0.79,0.9535,0.67,1.0726,87
1580052553.709,0.76,0.9774,0.66,1.0685,87
1580052553.899,0.73,1.0094,0.67,1.0627,87
1580052554.079,0.77,0.9776,0.68,1.0632,87
1580052554.257,0.78,0.9604,0.63,1.093,87
1580052554.438,0.76,0.9818,0.65,1.088,87
1580052554.616,0.76,0.9854,0.67,1.0704,87
1580052554.791,0.76,0.9848,0.68,1.0652,87
1580052554.969,0.79,0.9585,0.64,1.0744,87
1580052555.148,0.78,0.9614,0.66,1.0756,87
1580052555.325,0.77,0.9764,0.67,1.0693,87
1580052555.504,0.77,0.9737,0.68,1.062,87
1580052555.666,0.78,0.9696,0.68,1.0567,87
1580052555.842,0.79,0.9597,0.69,1.0551,88
1580052556.022,0.77,0.9755,0.71,1.0484,88
1580052556.207,0.8,0.9475,0.7,1.0538,88
1580052556.384,0.8,0.9452,0.66,1.0745,88
1580052556.566,0.79,0.9594,0.66,1.0738,88
1580052556.744,0.78,0.9684,0.67,1.0618,88
1580052556.922,0.77,0.9713,0.65,1.0588,88
1580052557.099,0.79,0.9597,0.69,1.0562,88
1580052557.277,0.79,0.9523,0.66,1.0641,88
1580052557.457,0.78,0.9631,0.67,1.0644,88
1580052557.637,0.79,0.9547,0.67,1.0624,88
1580052557.816,0.8,0.9457,0.69,1.0524,88
1580052557.994,0.8,0.9453,0.68,1.0587,88
1580052558.171,0.78,0.9574,0.69,1.0566,88
1580052558.332,0.77,0.9742,0.69,1.0449,88
1580052558.513,0.79,0.9595,0.66,1.064,89
1580052558.694,0.79,0.9571,0.65,1.0667,89
1580052558.874,0.79,0.9531,0.66,1.0727,89
1580052559.051,0.8,0.9408,0.67,1.0603,89
1580052559.231,0.79,0.9535,0.68,1.0607,89
1580052559.41,0.78,0.9666,0.67,1.069,89
1580052559.589,0.78,0.962,0.65,1.0803,89
1580052559.771,0.79,0.9564,0.66,1.0763,89
1580052559.95,0.79,0.9533,0.67,1.0682,89
1580052560.13,0.78,0.9699,0.67,1.07,89
1580052560.315,0.79,0.9546,0.68,1.0636,89
1580052560.496,0.8,0.9428,0.69,1.0528,89
1580052560.677,0.8,0.9453,0.67,1.0643,89
1580052560.857,0.8,0.9434,0.65,1.0795,89
1580052561.017,0.78,0.9628,0.64,1.0816,89
1580052561.197,0.76,0.9777,0.66,1.0727,90
1580052561.376,0.78,0.9662,0.67,1.0623,90
1580052561.554,0.81,0.9367,0.67,1.0563,90
1580052561.813,0.78,0.9573,0.69,1.0577,90
1580052561.992,0.77,0.971,0.67,1.067,90
1580052562.17,0.78,0.9631,0.65,1.0824,90
1580052562.357,0.79,0.9609,0.65,1.0883,90
1580052562.539,0.79,0.9573,0.65,1.0957,90
1580052562.717,0.81,0.9433,0.65,1.0847,90
1580052562.904,0.77,0.9741,0.65,1.0826,90
1580052563.083,0.76,0.9766,0.65,1.0777,90
1580052563.264,0.78,0.9609,0.66,1.0774,90
1580052563.441,0.8,0.944,0.68,1.0633,90
1580052563.617,0.79,0.9576,0.66,1.0703,90
1580052563.777,0.76,0.9811,0.64,1.0837,90
1580052563.959,0.78,0.9609,0.65,1.0811,91
1580052564.139,0.78,0.9574,0.65,1.0774,91
1580052564.318,0.81,0.9389,0.65,1.0828,91
1580052564.497,0.8,0.9419,0.66,1.0837,91
1580052564.674,0.77,0.9738,0.65,1.0932,91
1580052564.85,0.77,0.971,0.64,1.0941,91
1580052565.032,0.79,0.9584,0.61,1.1166,91
1580052565.212,0.78,0.9618,0.61,1.1141,91
1580052565.396,0.78,0.9614,0.64,1.0955,91
1580052565.578,0.78,0.9636,0.64,1.0908,91
1580052565.773,0.77,0.9679,0.66,1.0822,91
1580052565.964,0.77,0.9755,0.64,1.0969,91
1580052566.152,0.77,0.9746,0.63,1.1016,91
1580052566.339,0.79,0.9561,0.64,1.109,91
1580052566.499,0.76,0.9839,0.62,1.1146,91
1580052566.685,0.72,1.0246,0.65,1.0973,92
1580052566.864,0.76,0.9849,0.69,1.0633,92
1580052567.041,0.8,0.9434,0.67,1.0579,92
1580052567.218,0.79,0.95,0.7,1.0461,92
1580052567.396,0.74,1.0012,0.69,1.0456,92
1580052567.573,0.74,1.0065,0.69,1.049,92
1580052567.756,0.75,0.9867,0.66,1.0801,92
1580052567.933,0.78,0.9622,0.64,1.1006,92
1580052568.11,0.74,0.996,0.63,1.1034,92
1580052568.289,0.73,1.0092,0.64,1.0916,92
1580052568.473,0.77,0.9719,0.65,1.0769,92
1580052568.653,0.79,0.9541,0.68,1.0621,92
1580052568.842,0.76,0.9765,0.68,1.0588,92
1580052569.02,0.76,0.9837,0.67,1.0709,92
1580052569.179,0.77,0.9754,0.65,1.0872,92
1580052569.366,0.78,0.9606,0.65,1.0958,93
1580052569.545,0.76,0.9805,0.65,1.0953,93
1580052569.722,0.78,0.9628,0.67,1.0706,93
1580052569.899,0.8,0.9473,0.67,1.0733,93
1580052570.076,0.79,0.9598,0.67,1.0634,93
1580052570.257,0.77,0.977,0.67,1.0619,93
1580052570.437,0.75,0.9951,0.67,1.0673,93
1580052570.614,0.78,0.9657,0.66,1.0788,93
1580052570.794,0.81,0.942,0.66,1.0699,93
1580052570.97,0.78,0.972,0.66,1.0765,93
1580052571.147,0.78,0.9679,0.67,1.0701,93
1580052571.329,0.79,0.9549,0.66,1.0723,93
1580052571.509,0.8,0.9425,0.65,1.074,93
1580052571.684,0.79,0.9517,0.66,1.072,93
1580052571.844,0.78,0.9665,0.67,1.0648,93
1580052572.022,0.79,0.9555,0.68,1.0624,94
1580052572.199,0.8,0.9481,0.68,1.0651,94
1580052572.381,0.81,0.9324,0.66,1.066,94
1580052572.565,0.81,0.9393,0.65,1.0702,94
1580052572.743,0.78,0.9585,0.69,1.0666,94
1580052572.921,0.79,0.958,0.68,1.0687,94
1580052573.098,0.78,0.961,0.68,1.0694,94
1580052573.276,0.79,0.9554,0.67,1.0753,94
1580052573.457,0.8,0.9446,0.67,1.0745,94
1580052573.637,0.79,0.9578,0.65,1.0778,94
1580052573.819,0.8,0.9496,0.64,1.09,94
1580052574.006,0.81,0.9393,0.64,1.0918,94
1580052574.184,0.81,0.9367,0.65,1.0906,94
1580052574.363,0.81,0.9389,0.64,1.0895,94
1580052574.523,0.78,0.9639,0.65,1.086,94
1580052574.703,0.8,0.949,0.65,1.079,95
1580052574.894,0.8,0.9408,0.65,1.0772,95
1580052575.084,0.81,0.9289,0.67,1.0799,95
1580052575.271,0.82,0.928,0.65,1.0794,95
1580052575.451,0.79,0.9557,0.66,1.0772,95
1580052575.633,0.79,0.9567,0.64,1.0799,95
1580052575.814,0.78,0.9606,0.65,1.0786,95
1580052575.993,0.8,0.9448,0.67,1.0742,95
1580052576.174,0.81,0.9344,0.67,1.0723,95
1580052576.351,0.8,0.9511,0.68,1.0699,95
1580052576.533,0.8,0.9445,0.69,1.0663,95
1580052576.709,0.8,0.942,0.66,1.074,95
1580052576.886,0.81,0.9355,0.65,1.0891,95
1580052577.062,0.81,0.9364,0.65,1.0946,95
1580052577.224,0.79,0.9528,0.65,1.0903,95
1580052577.404,0.79,0.9544,0.66,1.0894,96
1580052577.583,0.8,0.9452,0.65,1.0837,96
1580052577.761,0.82,0.9242,0.67,1.0696,96
1580052577.938,0.82,0.9254,0.68,1.063,96
1580052578.115,0.8,0.946,0.67,1.061,96
1580052578.294,0.79,0.9583,0.66,1.0631,96
1580052578.474,0.78,0.959,0.68,1.0633,96
1580052578.653,0.81,0.9374,0.66,1.074,96
1580052578.832,0.81,0.9323,0.64,1.0912,96
1580052579.008,0.8,0.9504,0.64,1.0896,96
1580052579.192,0.8,0.9441,0.66,1.0846,96
1580052579.377,0.81,0.9369,0.64,1.0896,96
1580052579.56,0.8,0.9403,0.63,1.0933,96
1580052579.74,0.81,0.9374,0.64,1.0936,96
1580052579.898,0.79,0.9504,0.63,1.0961,96
1580052580.081,0.8,0.9426,0.65,1.0839,97
1580052580.26,0.81,0.9381,0.67,1.0779,97
1580052580.439,0.82,0.9227,0.66,1.0774,97
1580052580.62,0.83,0.9199,0.65,1.0756,97
1580052580.797,0.8,0.9423,0.67,1.0722,97
1580052580.974,0.8,0.9499,0.68,1.0661,97
1580052581.151,0.79,0.9532,0.65,1.0742,97
1580052581.33,0.8,0.9485,0.66,1.0718,97
1580052581.511,0.81,0.9388,0.65,1.0907,97
1580052581.687,0.8,0.9482,0.65,1.0985,97
1580052581.864,0.8,0.9508,0.61,1.1154,97
1580052582.043,0.8,0.9449,0.63,1.1055,97
1580052582.221,0.81,0.9406,0.64,1.0966,97
1580052582.4,0.8,0.9444,0.64,1.0932,97
1580052582.559,0.79,0.9572,0.64,1.0924,97
1580052582.739,0.78,0.9655,0.65,1.085,98
1580052582.915,0.8,0.9469,0.64,1.0835,98
1580052583.094,0.82,0.9221,0.65,1.0855,98
1580052583.274,0.81,0.9319,0.66,1.0719,98
1580052583.452,0.79,0.9572,0.67,1.0572,98
1580052583.631,0.79,0.9514,0.69,1.0543,98
1580052583.816,0.79,0.9559,0.69,1.0557,98
1580052583.995,0.79,0.9561,0.69,1.0525,98
1580052584.173,0.79,0.9546,0.67,1.0666,98
1580052584.351,0.79,0.9541,0.66,1.0799,98
1580052584.529,0.79,0.9537,0.65,1.0883,98
1580052584.711,0.78,0.9612,0.65,1.0785,98
1580052584.888,0.77,0.9692,0.67,1.0781,98
1580052585.068,0.81,0.9383,0.66,1.0818,98
1580052585.226,0.78,0.9705,0.65,1.0803,98
1580052585.404,0.77,0.9679,0.66,1.0699,99
1580052585.583,0.78,0.9647,0.65,1.0774,99
1580052585.76,0.8,0.9439,0.67,1.0721,99
1580052585.936,0.8,0.944,0.67,1.0673,99
1580052586.115,0.78,0.9663,0.68,1.0557,99
1580052586.294,0.77,0.9778,0.68,1.06,99
1580052586.473,0.78,0.9611,0.67,1.0648,99
1580052586.649,0.8,0.9486,0.67,1.0685,99
1580052586.831,0.79,0.9527,0.67,1.0682,99
1580052587.007,0.76,0.9846,0.68,1.0626,99
1580052587.189,0.78,0.9617,0.68,1.0619,99
1580052587.368,0.81,0.9387,0.68,1.054,99
1580052587.546,0.79,0.9563,0.67,1.0722,99
1580052587.722,0.78,0.9625,0.68,1.0698,99
1580052587.887,0.78,0.9635,0.65,1.0947,99
