1579999663.46,0.25,1.3874,0.21,1.387,0
1579999663.648,0.27,1.3865,0.21,1.3872,0
1579999663.822,0.28,1.3855,0.21,1.3877,0
1579999663.995,0.25,1.3858,0.21,1.3876,0
1579999664.169,0.27,1.3854,0.21,1.3879,0
1579999664.344,0.28,1.3847,0.21,1.3884,0
1579999664.519,0.22,1.3883,0.21,1.3879,0
1579999664.692,0.25,1.3863,0.21,1.3875,0
1579999664.869,0.23,1.3869,0.21,1.387,0
1579999665.045,0.24,1.3866,0.21,1.3865,0
1579999665.22,0.23,1.3864,0.21,1.3859,0
1579999665.395,0.24,1.3853,0.21,1.3847,0
1579999665.574,0.23,1.3845,0.21,1.3832,0
1579999665.751,0.27,1.3818,0.21,1.3814,0
1579999665.902,0.26,1.3806,0.21,1.3791,0
1579999666.081,0.25,1.3785,0.23,1.3762,1
1579999666.261,0.26,1.3727,0.32,1.3723,1
1579999666.44,0.29,1.3702,0.35,1.3672,1
1579999666.625,0.33,1.3685,0.39,1.3598,1
1579999666.8,0.33,1.3592,0.39,1.3512,1
1579999666.978,0.35,1.3524,0.4,1.342,1
1579999667.152,0.35,1.3486,0.38,1.3289,1
1579999667.327,0.34,1.3331,0.4,1.3112,1
1579999667.505,0.4,1.3183,0.4,1.2901,1
1579999667.684,0.4,1.3041,0.42,1.2729,1
1579999667.859,0.42,1.2916,0.51,1.249,1
1579999668.036,0.49,1.2885,0.61,1.2179,1
1579999668.215,0.53,1.2554,0.61,1.1867,1
1579999668.399,0.51,1.2609,0.61,1.1649,1
1579999668.549,0.53,1.2379,0.59,1.1599,1
1579999668.734,0.51,1.2359,0.6,1.1339,2
1579999668.911,0.51,1.2273,0.57,1.1621,2
1579999669.091,0.49,1.2419,0.63,1.1223,2
1579999669.269,0.58,1.1672,0.6,1.1321,2
1579999669.444,0.51,1.2193,0.57,1.1457,2
1579999669.62,0.52,1.2118,0.55,1.1819,2
1579999669.797,0.53,1.2092,0.57,1.1641,2
1579999669.97,0.54,1.2011,0.6,1.1251,2
1579999670.148,0.58,1.1608,0.62,1.1087,2
1579999670.324,0.55,1.1891,0.63,1.1055,2
1579999670.506,0.54,1.1919,0.62,1.1199,2
1579999670.68,0.55,1.1888,0.58,1.1567,2
1579999670.853,0.55,1.1921,0.57,1.1486,2
1579999671.035,0.51,1.2194,0.63,1.1162,2
1579999671.187,0.54,1.198,0.64,1.1112,2
1579999671.369,0.51,1.2206,0.61,1.1078,3
1579999671.549,0.54,1.206,0.64,1.1027,3
1579999671.724,0.53,1.2083,0.63,1.1116,3
1579999671.902,0.57,1.1633,0.65,1.1038,3
1579999672.077,0.55,1.1877,0.64,1.1015,3
1579999672.255,0.54,1.2001,0.63,1.104,3
1579999672.43,0.57,1.1702,0.64,1.1035,3
1579999672.607,0.55,1.1853,0.66,1.1088,3
1579999672.791,0.6,1.146,0.61,1.1348,3
1579999672.974,0.55,1.1865,0.64,1.1174,3
1579999673.156,0.56,1.1748,0.65,1.1061,3
1579999673.341,0.56,1.1759,0.65,1.1044,3
1579999673.517,0.56,1.1704,0.64,1.1043,3
1579999673.695,0.54,1.1958,0.65,1.1033,3
1579999673.846,0.54,1.1943,0.63,1.1048,3
1579999674.023,0.54,1.1971,0.57,1.1469,4
1579999674.2,0.53,1.2011,0.63,1.1169,4
1579999674.379,0.53,1.1997,0.63,1.1061,4
1579999674.557,0.59,1.1475,0.64,1.1067,4
1579999674.736,0.56,1.176,0.64,1.1074,4
1579999674.912,0.54,1.2007,0.64,1.1036,4
1579999675.088,0.57,1.1619,0.63,1.1179,4
1579999675.266,0.57,1.1713,0.55,1.1483,4
1579999675.445,0.58,1.1527,0.62,1.1149,4
1579999675.634,0.56,1.1715,0.62,1.111,4
1579999675.822,0.57,1.1643,0.63,1.1117,4
1579999676.007,0.56,1.1759,0.64,1.1117,4
1579999676.182,0.57,1.1682,0.64,1.1071,4
1579999676.361,0.55,1.1875,0.64,1.0994,4
1579999676.513,0.56,1.1775,0.61,1.1244,4
1579999676.695,0.54,1.1958,0.61,1.1319,5
1579999676.877,0.55,1.1901,0.64,1.0989,5
1579999677.059,0.55,1.185,0.64,1.1023,5
1579999677.238,0.59,1.1424,0.64,1.1059,5
1579999677.414,0.58,1.1619,0.64,1.1033,5
1579999677.592,0.55,1.1901,0.63,1.1011,5
1579999677.768,0.58,1.154,0.61,1.1217,5
1579999677.95,0.57,1.166,0.63,1.1173,5
1579999678.13,0.6,1.143,0.62,1.1076,5
1579999678.324,0.58,1.1606,0.62,1.1097,5
1579999678.514,0.58,1.1557,0.63,1.1125,5
1579999678.691,0.56,1.1717,0.63,1.1057,5
1579999678.872,0.58,1.1603,0.62,1.0965,5
1579999679.051,0.56,1.1803,0.65,1.0892,5
1579999679.198,0.57,1.1704,0.61,1.1226,5
1579999679.377,0.55,1.194,0.66,1.0904,6
1579999679.553,0.56,1.1783,0.65,1.0894,6
1579999679.73,0.56,1.177,0.64,1.0897,6
1579999679.91,0.6,1.1352,0.64,1.0915,6
1579999680.099,0.58,1.1517,0.64,1.0934,6
1579999680.289,0.54,1.1842,0.67,1.0947,6
1579999680.467,0.59,1.1481,0.66,1.1019,6
1579999680.644,0.58,1.1555,0.62,1.1078,6
1579999680.82,0.59,1.1419,0.65,1.0996,6
1579999681.008,0.59,1.1572,0.64,1.096,6
1579999681.188,0.59,1.1495,0.66,1.0994,6
1579999681.366,0.57,1.1689,0.63,1.0994,6
1579999681.541,0.58,1.1561,0.65,1.0812,6
1579999681.719,0.57,1.1719,0.68,1.0849,6
1579999681.869,0.58,1.1636,0.65,1.1099,6
1579999682.06,0.56,1.1877,0.69,1.0848,7
1579999682.242,0.56,1.1735,0.67,1.0812,7
1579999682.423,0.57,1.1617,0.62,1.1076,7
1579999682.6,0.59,1.1366,0.6,1.1192,7
1579999682.777,0.58,1.1496,0.65,1.0991,7
1579999682.959,0.55,1.177,0.66,1.0883,7
1579999683.137,0.6,1.1441,0.68,1.0832,7
1579999683.323,0.59,1.1458,0.65,1.0892,7
1579999683.5,0.6,1.1327,0.68,1.0772,7
1579999683.677,0.59,1.1508,0.66,1.0776,7
1579999683.854,0.6,1.1397,0.66,1.0861,7
1579999684.029,0.57,1.1656,0.66,1.0813,7
1579999684.207,0.59,1.1446,0.67,1.0807,7
1579999684.386,0.57,1.1606,0.65,1.1012,7
1579999684.536,0.57,1.16,0.63,1.1132,7
1579999684.717,0.55,1.1849,0.67,1.0838,8
1579999684.9,0.56,1.1687,0.67,1.0738,8
1579999685.082,0.58,1.1537,0.66,1.0939,8
1579999685.259,0.61,1.1301,0.67,1.0954,8
1579999685.438,0.59,1.1412,0.68,1.0781,8
1579999685.614,0.57,1.1679,0.69,1.0776,8
1579999685.796,0.6,1.1392,0.68,1.0873,8
1579999685.974,0.61,1.1328,0.68,1.0879,8
1579999686.177,0.6,1.1319,0.69,1.0687,8
1579999686.373,0.61,1.1365,0.69,1.0702,8
1579999686.566,0.6,1.1405,0.68,1.0679,8
1579999686.755,0.58,1.1582,0.69,1.0737,8
1579999686.945,0.6,1.1368,0.68,1.0795,8
1579999687.125,0.58,1.1579,0.68,1.0628,8
1579999687.274,0.57,1.1543,0.68,1.064,8
1579999687.454,0.56,1.1766,0.65,1.0771,9
1579999687.634,0.57,1.1606,0.64,1.0981,9
1579999687.81,0.58,1.1507,0.66,1.0747,9
1579999687.987,0.61,1.1228,0.69,1.0722,9
1579999688.172,0.59,1.1425,0.69,1.0742,9
1579999688.355,0.56,1.1684,0.63,1.0881,9
1579999688.532,0.6,1.1396,0.67,1.0931,9
1579999688.714,0.61,1.1324,0.68,1.0746,9
1579999688.892,0.61,1.1298,0.65,1.0663,9
1579999689.071,0.59,1.1382,0.69,1.0713,9
1579999689.257,0.6,1.1394,0.67,1.0781,9
1579999689.437,0.58,1.1518,0.65,1.0959,9
1579999689.618,0.6,1.1419,0.69,1.0637,9
1579999689.794,0.58,1.152,0.67,1.0653,9
1579999689.943,0.57,1.1579,0.67,1.0632,9
1579999690.126,0.55,1.1765,0.65,1.0803,10
1579999690.305,0.58,1.1569,0.58,1.1193,10
1579999690.487,0.6,1.1446,0.64,1.0906,10
1579999690.666,0.61,1.1183,0.68,1.0631,10
1579999690.845,0.6,1.1353,0.68,1.063,10
1579999691.02,0.57,1.1622,0.66,1.0726,10
1579999691.195,0.6,1.1341,0.67,1.0749,10
1579999691.378,0.61,1.1207,0.65,1.1133,10
1579999691.56,0.61,1.1355,0.65,1.0628,10
1579999691.742,0.6,1.1342,0.68,1.0628,10
1579999691.919,0.61,1.1305,0.66,1.0862,10
1579999692.094,0.56,1.1677,0.66,1.0886,10
1579999692.269,0.6,1.1397,0.67,1.0749,10
1579999692.446,0.6,1.1403,0.61,1.0842,10
1579999692.598,0.6,1.1466,0.66,1.0928,10
1579999692.777,0.56,1.1779,0.68,1.0643,11
1579999692.955,0.57,1.1621,0.67,1.0642,11
1579999693.131,0.59,1.1364,0.58,1.1343,11
1579999693.311,0.61,1.1334,0.6,1.1163,11
1579999693.49,0.61,1.1306,0.66,1.0659,11
1579999693.67,0.58,1.1507,0.66,1.0657,11
1579999693.85,0.61,1.1321,0.67,1.0678,11
1579999694.028,0.62,1.1177,0.64,1.0881,11
1579999694.204,0.62,1.1149,0.62,1.0969,11
1579999694.388,0.6,1.1314,0.69,1.0624,11
1579999694.565,0.62,1.1199,0.68,1.0637,11
1579999694.742,0.57,1.1587,0.67,1.0678,11
1579999694.924,0.6,1.1317,0.67,1.075,11
1579999695.103,0.59,1.1444,0.63,1.1023,11
1579999695.254,0.6,1.1414,0.63,1.106,11
1579999695.433,0.55,1.1733,0.65,1.0772,12
1579999695.617,0.56,1.1622,0.7,1.0664,12
1579999695.8,0.58,1.1497,0.64,1.0797,12
1579999695.978,0.62,1.115,0.59,1.1334,12
1579999696.159,0.6,1.1308,0.57,1.1385,12
1579999696.337,0.56,1.1619,0.65,1.0853,12
1579999696.512,0.62,1.1201,0.68,1.0679,12
1579999696.69,0.61,1.125,0.64,1.101,12
1579999696.871,0.6,1.1392,0.65,1.0798,12
1579999697.054,0.58,1.1479,0.68,1.0602,12
1579999697.232,0.6,1.1283,0.68,1.0586,12
1579999697.415,0.59,1.1472,0.66,1.0768,12
1579999697.592,0.6,1.1392,0.64,1.0955,12
1579999697.771,0.59,1.148,0.65,1.0814,12
1579999697.922,0.59,1.1421,0.68,1.0646,12
1579999698.101,0.56,1.1688,0.66,1.0752,13
1579999698.281,0.57,1.1594,0.65,1.082,13
1579999698.467,0.57,1.1512,0.66,1.08,13
1579999698.654,0.63,1.1133,0.64,1.0873,13
1579999698.834,0.62,1.1202,0.61,1.1069,13
1579999699.013,0.57,1.1572,0.62,1.1076,13
1579999699.19,0.6,1.1359,0.65,1.0797,13
1579999699.367,0.61,1.1224,0.65,1.0757,13
1579999699.545,0.62,1.1164,0.65,1.0969,13
1579999699.723,0.59,1.1462,0.65,1.0851,13
1579999699.901,0.6,1.1361,0.7,1.0573,13
1579999700.079,0.58,1.1558,0.65,1.0705,13
1579999700.256,0.61,1.1238,0.65,1.1012,13
1579999700.439,0.6,1.1347,0.59,1.126,13
1579999700.588,0.59,1.1488,0.64,1.0991,13
1579999700.777,0.56,1.1646,0.69,1.0621,14
1579999700.955,0.58,1.1506,0.68,1.0655,14
1579999701.135,0.58,1.1474,0.65,1.072,14
1579999701.312,0.62,1.117,0.68,1.0653,14
1579999701.488,0.6,1.1372,0.68,1.0526,14
1579999701.665,0.58,1.1524,0.65,1.0787,14
1579999701.843,0.61,1.1194,0.62,1.1104,14
1579999702.021,0.6,1.1309,0.65,1.0712,14
1579999702.198,0.64,1.1033,0.7,1.0497,14
1579999702.376,0.62,1.119,0.69,1.0537,14
1579999702.559,0.61,1.1239,0.69,1.0567,14
1579999702.735,0.58,1.1592,0.7,1.0564,14
1579999702.911,0.61,1.123,0.65,1.0595,14
1579999703.089,0.6,1.126,0.65,1.076,14
1579999703.241,0.61,1.1277,0.64,1.0817,14
1579999703.424,0.58,1.159,0.69,1.0704,15
1579999703.608,0.57,1.1639,0.67,1.0604,15
1579999703.785,0.6,1.1307,0.66,1.077,15
1579999703.962,0.64,1.1056,0.66,1.0606,15
1579999704.141,0.62,1.1219,0.68,1.0441,15
1579999704.316,0.59,1.1386,0.63,1.0863,15
1579999704.493,0.6,1.1388,0.65,1.0823,15
1579999704.671,0.61,1.1251,0.68,1.0556,15
1579999704.848,0.65,1.0982,0.67,1.0671,15
1579999705.028,0.62,1.1207,0.66,1.0584,15
1579999705.204,0.62,1.1181,0.69,1.0469,15
1579999705.381,0.58,1.1497,0.67,1.0564,15
1579999705.56,0.61,1.1256,0.67,1.0598,15
1579999705.735,0.6,1.1422,0.65,1.0711,15
1579999705.885,0.61,1.1242,0.61,1.1184,15
1579999706.064,0.55,1.1791,0.64,1.0941,16
1579999706.24,0.6,1.1405,0.66,1.0556,16
1579999706.417,0.63,1.1148,0.66,1.058,16
1579999706.596,0.63,1.1054,0.64,1.0628,16
1579999706.776,0.61,1.1248,0.67,1.0693,16
1579999706.954,0.6,1.1324,0.65,1.0936,16
1579999707.135,0.61,1.1229,0.64,1.0854,16
1579999707.313,0.62,1.1102,0.68,1.0514,16
1579999707.49,0.63,1.0994,0.69,1.0425,16
1579999707.668,0.61,1.1232,0.69,1.0431,16
1579999707.844,0.61,1.1182,0.69,1.0426,16
1579999708.023,0.59,1.1438,0.69,1.0454,16
1579999708.2,0.62,1.118,0.68,1.0502,16
1579999708.385,0.61,1.129,0.68,1.0613,16
1579999708.535,0.62,1.1191,0.65,1.0723,16
1579999708.722,0.57,1.158,0.66,1.0573,17
1579999708.899,0.59,1.1337,0.7,1.0492,17
1579999709.077,0.64,1.1068,0.69,1.0457,17
1579999709.255,0.64,1.1006,0.71,1.0406,17
1579999709.432,0.62,1.1151,0.73,1.0439,17
1579999709.61,0.61,1.1226,0.66,1.0777,17
1579999709.79,0.62,1.1115,0.66,1.0736,17
1579999709.967,0.62,1.1113,0.71,1.0415,17
1579999710.143,0.65,1.0935,0.72,1.032,17
1579999710.321,0.62,1.1144,0.69,1.0377,17
1579999710.498,0.62,1.1111,0.7,1.0318,17
1579999710.677,0.6,1.1391,0.72,1.028,17
1579999710.854,0.63,1.105,0.68,1.056,17
1579999711.031,0.62,1.1161,0.68,1.0723,17
1579999711.183,0.62,1.1186,0.69,1.05,17
1579999711.366,0.58,1.1502,0.72,1.0351,18
1579999711.543,0.6,1.1339,0.73,1.0197,18
1579999711.722,0.63,1.105,0.74,1.0327,18
1579999711.902,0.65,1.0865,0.68,1.0553,18
1579999712.082,0.64,1.1032,0.67,1.0644,18
1579999712.258,0.62,1.1206,0.7,1.056,18
1579999712.439,0.62,1.1136,0.7,1.0355,18
1579999712.615,0.64,1.0953,0.7,1.0541,18
1579999712.794,0.63,1.1054,0.68,1.0363,18
1579999712.973,0.63,1.1064,0.68,1.0347,18
1579999713.151,0.65,1.0976,0.67,1.0506,18
1579999713.349,0.59,1.1405,0.71,1.0488,18
1579999713.528,0.63,1.1103,0.71,1.0473,18
1579999713.708,0.63,1.1085,0.66,1.0627,18
1579999713.869,0.63,1.1186,0.69,1.0463,18
1579999714.052,0.58,1.1504,0.74,1.0279,19
1579999714.233,0.61,1.1249,0.71,1.0331,19
1579999714.413,0.64,1.1025,0.72,1.0402,19
1579999714.59,0.66,1.0799,0.67,1.0661,19
1579999714.771,0.64,1.1008,0.68,1.0569,19
1579999714.952,0.63,1.1148,0.71,1.0394,19
1579999715.131,0.63,1.104,0.72,1.0297,19
1579999715.306,0.64,1.0974,0.7,1.0309,19
1579999715.485,0.66,1.0857,0.69,1.0492,19
1579999715.662,0.64,1.1056,0.74,1.0311,19
1579999715.842,0.64,1.0934,0.69,1.0473,19
1579999716.022,0.6,1.1257,0.69,1.0574,19
1579999716.201,0.63,1.1139,0.72,1.0517,19
1579999716.38,0.62,1.1134,0.69,1.0405,19
1579999716.533,0.63,1.1091,0.66,1.0755,19
1579999716.714,0.57,1.1596,0.71,1.047,20
1579999716.896,0.62,1.1192,0.73,1.035,20
1579999717.079,0.66,1.0882,0.7,1.056,20
1579999717.262,0.65,1.0934,0.69,1.061,20
1579999717.44,0.65,1.0966,0.68,1.0599,20
1579999717.617,0.63,1.1061,0.69,1.0483,20
1579999717.797,0.63,1.107,0.74,1.0243,20
1579999717.984,0.65,1.0892,0.71,1.0241,20
1579999718.167,0.65,1.0861,0.7,1.0309,20
1579999718.348,0.64,1.0969,0.73,1.0332,20
1579999718.528,0.66,1.0835,0.71,1.0432,20
1579999718.708,0.63,1.107,0.67,1.0657,20
1579999718.893,0.63,1.1061,0.69,1.0495,20
1579999719.075,0.63,1.1066,0.71,1.0359,20
1579999719.227,0.63,1.1032,0.74,1.0236,20
1579999719.407,0.59,1.1439,0.72,1.031,21
1579999719.584,0.63,1.1158,0.71,1.0436,21
1579999719.765,0.62,1.1166,0.73,1.0312,21
1579999719.946,0.67,1.0722,0.68,1.0651,21
1579999720.125,0.63,1.1039,0.68,1.0649,21
1579999720.302,0.62,1.1172,0.61,1.0946,21
1579999720.48,0.62,1.1085,0.68,1.0719,21
1579999720.658,0.62,1.1134,0.74,1.0208,21
1579999720.839,0.65,1.0906,0.71,1.0312,21
1579999721.025,0.63,1.1064,0.66,1.0716,21
1579999721.205,0.62,1.1061,0.62,1.0839,21
1579999721.389,0.6,1.1302,0.63,1.1053,21
1579999721.57,0.61,1.1279,0.65,1.0859,21
1579999721.745,0.63,1.1078,0.67,1.0584,21
1579999721.895,0.64,1.0975,0.72,1.0368,21
1579999722.085,0.59,1.1357,0.71,1.031,22
1579999722.264,0.63,1.1071,0.72,1.0301,22
1579999722.443,0.63,1.1034,0.72,1.0319,22
1579999722.622,0.68,1.0645,0.67,1.0626,22
1579999722.801,0.66,1.0801,0.66,1.0844,22
1579999722.972,0.64,1.093,0.65,1.0784,22
1579999723.153,0.63,1.0988,0.71,1.0425,22
1579999723.333,0.66,1.0771,0.7,1.0286,22
1579999723.515,0.66,1.0795,0.7,1.0308,22
1579999723.697,0.64,1.0936,0.7,1.0349,22
1579999723.877,0.65,1.0877,0.69,1.0467,22
1579999724.057,0.63,1.0971,0.66,1.0714,22
1579999724.24,0.64,1.1021,0.67,1.0836,22
1579999724.419,0.62,1.1176,0.7,1.0618,22
1579999724.57,0.66,1.0806,0.7,1.0473,22
1579999724.752,0.6,1.1286,0.72,1.0415,23
1579999724.935,0.63,1.1061,0.71,1.0396,23
1579999725.121,0.64,1.1038,0.73,1.0183,23
1579999725.303,0.68,1.0714,0.7,1.0286,23
1579999725.481,0.67,1.0705,0.66,1.073,23
1579999725.663,0.64,1.0967,0.63,1.0911,23
1579999725.846,0.61,1.1103,0.69,1.0497,23
1579999726.027,0.65,1.0837,0.73,1.0179,23
1579999726.209,0.67,1.0633,0.73,1.026,23
1579999726.394,0.66,1.0833,0.71,1.0371,23
1579999726.578,0.65,1.0929,0.71,1.0315,23
1579999726.76,0.62,1.1153,0.7,1.0381,23
1579999726.941,0.64,1.0946,0.68,1.0602,23
1579999727.12,0.63,1.1091,0.65,1.0815,23
1579999727.274,0.66,1.0902,0.67,1.0921,23
1579999727.457,0.6,1.13,0.65,1.0925,24
1579999727.638,0.63,1.1049,0.69,1.0542,24
1579999727.82,0.67,1.0754,0.72,1.0329,24
1579999728.0,0.67,1.0688,0.69,1.0345,24
1579999728.179,0.65,1.089,0.7,1.031,24
1579999728.368,0.62,1.1067,0.73,1.0311,24
1579999728.551,0.66,1.0706,0.69,1.0568,24
1579999728.739,0.65,1.0824,0.67,1.059,24
1579999728.922,0.67,1.0694,0.71,1.0511,24
1579999729.105,0.66,1.0816,0.7,1.0277,24
1579999729.287,0.66,1.0756,0.72,1.0159,24
1579999729.465,0.64,1.0988,0.7,1.0322,24
1579999729.644,0.65,1.0912,0.69,1.0516,24
1579999729.822,0.62,1.1147,0.68,1.0528,24
1579999729.974,0.63,1.1035,0.7,1.0398,24
1579999730.157,0.63,1.1109,0.71,1.0384,25
1579999730.339,0.64,1.0903,0.69,1.0564,25
1579999730.523,0.67,1.0703,0.64,1.0882,25
1579999730.706,0.67,1.0769,0.67,1.0717,25
1579999730.884,0.64,1.0906,0.69,1.0309,25
1579999731.07,0.66,1.0787,0.73,1.0352,25
1579999731.249,0.67,1.07,0.68,1.0563,25
1579999731.428,0.66,1.085,0.66,1.0495,25
1579999731.609,0.67,1.0691,0.72,1.0263,25
1579999731.788,0.67,1.068,0.7,1.0245,25
1579999731.967,0.68,1.0607,0.71,1.0287,25
1579999732.149,0.64,1.0916,0.72,1.0252,25
1579999732.334,0.66,1.0808,0.72,1.0232,25
1579999732.516,0.65,1.0888,0.75,1.0284,25
1579999732.674,0.68,1.0689,0.72,1.0392,25
1579999732.858,0.63,1.1078,0.72,1.0419,26
1579999733.04,0.65,1.0896,0.74,1.0276,26
1579999733.223,0.69,1.0576,0.72,1.0221,26
1579999733.405,0.7,1.0463,0.71,1.0286,26
1579999733.586,0.68,1.0662,0.71,1.0283,26
1579999733.77,0.67,1.0785,0.71,1.0306,26
1579999733.953,0.66,1.0715,0.73,1.0483,26
1579999734.134,0.68,1.0695,0.69,1.0585,26
1579999734.314,0.67,1.0622,0.69,1.0478,26
1579999734.494,0.67,1.0696,0.73,1.0302,26
1579999734.673,0.69,1.0513,0.72,1.0312,26
1579999734.852,0.66,1.0791,0.7,1.0318,26
1579999735.034,0.66,1.0771,0.7,1.034,26
1579999735.212,0.65,1.0866,0.69,1.0403,26
1579999735.368,0.68,1.0622,0.68,1.0493,26
1579999735.552,0.64,1.0963,0.69,1.0724,27
1579999735.733,0.65,1.0877,0.69,1.0633,27
1579999735.917,0.68,1.0588,0.67,1.0483,27
1579999736.1,0.69,1.0434,0.67,1.0374,27
1579999736.281,0.68,1.0548,0.74,1.0212,27
1579999736.464,0.66,1.075,0.72,1.0178,27
1579999736.645,0.67,1.0647,0.73,1.0205,27
1579999736.826,0.68,1.0552,0.72,1.0427,27
1579999737.006,0.69,1.0521,0.71,1.048,27
1579999737.193,0.68,1.069,0.74,1.0159,27
1579999737.374,0.69,1.0526,0.71,1.0156,27
1579999737.558,0.67,1.067,0.7,1.036,27
1579999737.74,0.67,1.0716,0.7,1.0438,27
1579999737.921,0.65,1.0929,0.71,1.0352,27
1579999738.073,0.66,1.0722,0.71,1.0195,27
1579999738.268,0.64,1.0989,0.73,1.0144,28
1579999738.466,0.67,1.0702,0.73,1.0287,28
1579999738.644,0.71,1.0428,0.68,1.0488,28
1579999738.823,0.71,1.0459,0.72,1.0287,28
1579999739.002,0.69,1.0469,0.72,1.0087,28
1579999739.181,0.68,1.0586,0.72,1.0059,28
1579999739.362,0.68,1.0537,0.73,1.0081,28
1579999739.547,0.68,1.0518,0.73,1.014,28
1579999739.726,0.69,1.0446,0.71,1.0186,28
1579999739.908,0.69,1.0519,0.74,1.0077,28
1579999740.101,0.7,1.0421,0.73,1.0155,28
1579999740.291,0.68,1.0601,0.67,1.0455,28
1579999740.47,0.67,1.0685,0.68,1.0411,28
1579999740.648,0.66,1.0744,0.71,1.0246,28
1579999740.8,0.68,1.0583,0.73,1.009,28
1579999740.983,0.65,1.0906,0.73,1.0082,29
1579999741.169,0.68,1.0612,0.73,1.0191,29
1579999741.351,0.72,1.0314,0.72,1.0453,29
1579999741.531,0.71,1.0401,0.71,1.0444,29
1579999741.711,0.69,1.0477,0.76,1.0138,29
1579999741.893,0.69,1.0478,0.74,1.0115,29
1579999742.074,0.69,1.0469,0.73,1.014,29
1579999742.254,0.69,1.0483,0.73,1.015,29
1579999742.436,0.71,1.0424,0.73,1.0134,29
1579999742.621,0.69,1.0504,0.74,1.006,29
1579999742.803,0.71,1.0377,0.71,1.0155,29
1579999742.983,0.69,1.0518,0.69,1.0412,29
1579999743.162,0.68,1.067,0.68,1.0376,29
1579999743.34,0.67,1.0709,0.71,1.0264,29
1579999743.492,0.68,1.0548,0.73,1.011,29
1579999743.675,0.65,1.083,0.74,1.0172,30
1579999743.859,0.68,1.0628,0.75,1.0142,30
1579999744.038,0.72,1.0291,0.71,1.0406,30
1579999744.223,0.7,1.0421,0.7,1.0472,30
1579999744.407,0.69,1.0507,0.75,1.0138,30
1579999744.587,0.7,1.0411,0.74,1.01,30
1579999744.768,0.69,1.0523,0.72,1.0149,30
1579999744.948,0.7,1.0427,0.71,1.0254,30
1579999745.126,0.7,1.0459,0.71,1.0176,30
1579999745.306,0.68,1.0575,0.72,1.0138,30
1579999745.484,0.7,1.0376,0.7,1.0202,30
1579999745.668,0.68,1.0618,0.72,1.0296,30
1579999745.844,0.68,1.0619,0.69,1.0479,30
1579999746.027,0.65,1.0812,0.68,1.0408,30
1579999746.191,0.67,1.0653,0.75,1.0197,30
1579999746.386,0.65,1.092,0.72,1.042,31
1579999746.577,0.67,1.0771,0.72,1.0207,31
1579999746.763,0.71,1.0377,0.68,1.0424,31
1579999746.944,0.67,1.0586,0.67,1.0744,31
1579999747.124,0.65,1.0896,0.69,1.0589,31
1579999747.304,0.67,1.0709,0.69,1.0441,31
1579999747.486,0.68,1.0582,0.69,1.0558,31
1579999747.668,0.65,1.0889,0.72,1.0354,31
1579999747.859,0.68,1.0584,0.72,1.0307,31
1579999748.041,0.67,1.0643,0.7,1.0296,31
1579999748.222,0.68,1.0561,0.72,1.0298,31
1579999748.403,0.66,1.0702,0.72,1.0232,31
1579999748.586,0.67,1.0637,0.74,1.029,31
1579999748.78,0.65,1.0869,0.71,1.0447,31
1579999748.933,0.67,1.0649,0.71,1.0332,31
1579999749.115,0.65,1.0862,0.75,1.0163,32
1579999749.295,0.68,1.064,0.72,1.0145,32
1579999749.476,0.71,1.0336,0.73,1.0128,32
1579999749.655,0.71,1.0347,0.75,1.0197,32
1579999749.841,0.7,1.0455,0.71,1.0363,32
1579999750.024,0.71,1.0363,0.67,1.0539,32
1579999750.206,0.68,1.0602,0.72,1.0371,32
1579999750.387,0.69,1.0511,0.71,1.0232,32
1579999750.567,0.71,1.0373,0.71,1.0193,32
1579999750.75,0.69,1.0465,0.7,1.0213,32
1579999750.932,0.69,1.0427,0.7,1.0254,32
1579999751.116,0.71,1.0437,0.71,1.0307,32
1579999751.296,0.69,1.0512,0.72,1.033,32
1579999751.477,0.66,1.0799,0.7,1.0272,32
1579999751.636,0.68,1.0456,0.72,1.0352,32
1579999751.827,0.67,1.074,0.73,1.0331,33
1579999752.008,0.69,1.053,0.69,1.0402,33
1579999752.188,0.67,1.0599,0.73,1.0174,33
1579999752.368,0.71,1.0309,0.69,1.034,33
1579999752.549,0.69,1.0483,0.7,1.0457,33
1579999752.733,0.66,1.0702,0.74,1.0231,33
1579999752.922,0.7,1.0414,0.68,1.0533,33
1579999753.104,0.68,1.0578,0.67,1.072,33
1579999753.284,0.66,1.0771,0.73,1.0225,33
1579999753.462,0.69,1.0465,0.7,1.0188,33
1579999753.643,0.7,1.0389,0.68,1.0519,33
1579999753.828,0.67,1.0736,0.69,1.0429,33
1579999754.011,0.67,1.0727,0.74,1.0244,33
1579999754.195,0.67,1.0707,0.72,1.0172,33
1579999754.346,0.7,1.0429,0.73,1.034,33
1579999754.528,0.66,1.0763,0.67,1.0617,34
1579999754.707,0.68,1.0548,0.72,1.0397,34
1579999754.895,0.7,1.0365,0.75,1.0146,34
1579999755.081,0.73,1.0184,0.72,1.0164,34
1579999755.264,0.69,1.0411,0.72,1.0203,34
1579999755.446,0.68,1.0535,0.72,1.0166,34
1579999755.629,0.7,1.0351,0.71,1.0255,34
1579999755.812,0.69,1.0404,0.67,1.0546,34
1579999755.994,0.69,1.0503,0.71,1.0322,34
1579999756.175,0.69,1.0473,0.71,1.0156,34
1579999756.356,0.72,1.0244,0.7,1.0251,34
1579999756.537,0.7,1.0472,0.71,1.0302,34
1579999756.718,0.68,1.0597,0.7,1.0304,34
1579999756.897,0.66,1.0763,0.72,1.0244,34
1579999757.049,0.69,1.0484,0.74,1.012,34
1579999757.231,0.67,1.0656,0.73,1.0231,35
1579999757.412,0.71,1.0374,0.64,1.0747,35
1579999757.593,0.69,1.05,0.65,1.0713,35
1579999757.774,0.69,1.0474,0.7,1.029,35
1579999757.97,0.71,1.0306,0.74,1.0152,35
1579999758.15,0.7,1.0361,0.73,1.0164,35
1579999758.334,0.69,1.0429,0.73,1.0162,35
1579999758.513,0.69,1.0483,0.72,1.0167,35
1579999758.703,0.71,1.0349,0.73,1.0148,35
1579999758.883,0.7,1.0425,0.73,1.008,35
1579999759.066,0.71,1.0226,0.72,1.0139,35
1579999759.247,0.7,1.0401,0.71,1.0298,35
1579999759.426,0.69,1.0525,0.71,1.0335,35
1579999759.605,0.67,1.0683,0.71,1.0183,35
1579999759.757,0.7,1.0433,0.73,1.0173,35
1579999759.94,0.68,1.0619,0.73,1.0132,36
1579999760.129,0.7,1.0457,0.74,1.0233,36
1579999760.309,0.68,1.0517,0.71,1.032,36
1579999760.498,0.71,1.0254,0.65,1.0641,36
1579999760.677,0.7,1.0446,0.71,1.0331,36
1579999760.857,0.7,1.0384,0.72,1.0123,36
1579999761.037,0.71,1.0324,0.72,1.018,36
1579999761.221,0.69,1.0502,0.68,1.0356,36
1579999761.404,0.68,1.0507,0.7,1.0298,36
1579999761.585,0.68,1.0528,0.74,1.0028,36
1579999761.766,0.73,1.0149,0.72,1.0167,36
1579999761.947,0.71,1.0374,0.71,1.036,36
1579999762.133,0.68,1.057,0.71,1.0366,36
1579999762.315,0.68,1.0588,0.73,1.0215,36
1579999762.471,0.7,1.0416,0.73,1.0134,36
1579999762.656,0.68,1.0578,0.71,1.0224,37
1579999762.84,0.7,1.0419,0.71,1.0465,37
1579999763.024,0.69,1.0546,0.7,1.0311,37
1579999763.208,0.7,1.0401,0.71,1.0388,37
1579999763.388,0.72,1.0229,0.67,1.0637,37
1579999763.569,0.7,1.0351,0.69,1.0572,37
1579999763.752,0.68,1.0657,0.74,1.0146,37
1579999763.934,0.7,1.0354,0.73,1.0085,37
1579999764.12,0.71,1.0318,0.7,1.0272,37
1579999764.3,0.69,1.0513,0.71,1.0195,37
1579999764.482,0.72,1.0317,0.73,1.0114,37
1579999764.662,0.7,1.0456,0.7,1.0366,37
1579999764.843,0.7,1.046,0.67,1.0645,37
1579999765.027,0.66,1.0836,0.67,1.0621,37
1579999765.186,0.67,1.0705,0.71,1.0296,37
1579999765.37,0.67,1.0717,0.74,1.03,38
1579999765.553,0.7,1.035,0.7,1.0562,38
1579999765.734,0.69,1.0529,0.67,1.0828,38
1579999765.917,0.68,1.0678,0.67,1.0518,38
1579999766.1,0.67,1.0707,0.71,1.0211,38
1579999766.28,0.71,1.0344,0.73,1.0247,38
1579999766.467,0.71,1.026,0.67,1.0702,38
1579999766.651,0.67,1.0666,0.66,1.0739,38
1579999766.834,0.69,1.0559,0.66,1.0621,38
1579999767.02,0.67,1.0697,0.74,1.0222,38
1579999767.205,0.7,1.0283,0.71,1.0145,38
1579999767.389,0.69,1.052,0.73,1.0215,38
1579999767.572,0.68,1.0672,0.71,1.0396,38
1579999767.755,0.65,1.0929,0.68,1.0433,38
1579999767.91,0.66,1.0753,0.71,1.0362,38
1579999768.094,0.65,1.0811,0.7,1.0372,39
1579999768.28,0.69,1.0477,0.7,1.0269,39
1579999768.46,0.71,1.0292,0.66,1.0765,39
1579999768.64,0.7,1.0463,0.66,1.0717,39
1579999768.823,0.68,1.0535,0.71,1.0334,39
1579999769.004,0.73,1.0171,0.7,1.0374,39
1579999769.185,0.71,1.0237,0.69,1.0394,39
1579999769.366,0.7,1.0465,0.71,1.041,39
1579999769.549,0.7,1.0387,0.71,1.0361,39
1579999769.732,0.69,1.0427,0.71,1.0254,39
1579999769.914,0.73,1.0128,0.72,1.0149,39
1579999770.097,0.7,1.0448,0.69,1.0295,39
1579999770.282,0.69,1.0547,0.7,1.032,39
1579999770.461,0.68,1.0601,0.69,1.0319,39
1579999770.615,0.72,1.0274,0.73,1.0286,39
1579999770.799,0.69,1.0556,0.73,1.026,40
1579999770.98,0.69,1.0515,0.72,1.0249,40
1579999771.159,0.71,1.0263,0.75,1.018,40
1579999771.349,0.73,1.0132,0.71,1.0339,40
1579999771.531,0.72,1.0259,0.68,1.0535,40
1579999771.713,0.69,1.0469,0.72,1.029,40
1579999771.893,0.71,1.0324,0.71,1.0358,40
1579999772.074,0.7,1.0399,0.69,1.0561,40
1579999772.256,0.69,1.0458,0.68,1.0584,40
1579999772.436,0.69,1.0458,0.7,1.0311,40
1579999772.617,0.71,1.0183,0.7,1.0256,40
1579999772.799,0.72,1.0259,0.71,1.0235,40
1579999772.98,0.7,1.0433,0.72,1.0173,40
1579999773.159,0.69,1.0543,0.74,1.0127,40
1579999773.312,0.73,1.0172,0.73,1.0121,40
1579999773.501,0.7,1.0447,0.73,1.0199,41
1579999773.683,0.72,1.0275,0.71,1.0324,41
1579999773.867,0.72,1.0192,0.69,1.0378,41
1579999774.049,0.73,1.0147,0.69,1.0572,41
1579999774.23,0.74,1.0139,0.69,1.0541,41
1579999774.42,0.71,1.0273,0.72,1.0227,41
1579999774.6,0.72,1.0242,0.7,1.0343,41
1579999774.779,0.7,1.037,0.69,1.0437,41
1579999774.961,0.7,1.0406,0.69,1.0478,41
1579999775.146,0.71,1.0344,0.68,1.0393,41
1579999775.333,0.73,1.0156,0.68,1.047,41
1579999775.513,0.71,1.029,0.68,1.0463,41
1579999775.694,0.71,1.0311,0.69,1.0306,41
1579999775.874,0.7,1.0471,0.7,1.0297,41
1579999776.029,0.73,1.0211,0.71,1.0276,41
1579999776.216,0.69,1.0533,0.7,1.0274,42
1579999776.399,0.7,1.0326,0.71,1.0236,42
1579999776.583,0.72,1.0168,0.69,1.0433,42
1579999776.767,0.7,1.0347,0.68,1.0525,42
1579999776.948,0.71,1.0294,0.68,1.0495,42
1579999777.129,0.72,1.0193,0.73,1.0232,42
1579999777.311,0.7,1.0432,0.72,1.0263,42
1579999777.499,0.71,1.0322,0.69,1.046,42
1579999777.68,0.7,1.0425,0.68,1.0538,42
1579999777.86,0.66,1.0757,0.69,1.0502,42
1579999778.044,0.71,1.0334,0.73,1.017,42
1579999778.226,0.7,1.0421,0.68,1.0453,42
1579999778.407,0.68,1.0535,0.69,1.0526,42
1579999778.589,0.68,1.065,0.68,1.0576,42
1579999778.741,0.71,1.0352,0.71,1.046,42
1579999778.926,0.68,1.0619,0.68,1.0622,43
1579999779.111,0.69,1.0487,0.67,1.0498,43
1579999779.296,0.71,1.0333,0.73,1.027,43
1579999779.479,0.72,1.01,0.72,1.023,43
1579999779.66,0.73,1.017,0.68,1.0442,43
1579999779.842,0.71,1.0245,0.67,1.0495,43
1579999780.024,0.7,1.0407,0.68,1.0447,43
1579999780.208,0.71,1.0294,0.71,1.0489,43
1579999780.392,0.7,1.0355,0.69,1.054,43
1579999780.581,0.69,1.0529,0.69,1.0474,43
1579999780.763,0.73,1.0128,0.7,1.0421,43
1579999780.945,0.7,1.0347,0.69,1.0468,43
1579999781.126,0.69,1.0493,0.69,1.0489,43
1579999781.309,0.68,1.0646,0.72,1.0299,43
1579999781.468,0.71,1.0266,0.69,1.0437,43
1579999781.663,0.69,1.0512,0.7,1.0379,44
1579999781.846,0.72,1.0262,0.73,1.0359,44
1579999782.03,0.72,1.0178,0.69,1.0531,44
1579999782.214,0.74,1.0083,0.69,1.0491,44
1579999782.397,0.74,1.0102,0.73,1.0323,44
1579999782.58,0.74,1.0026,0.71,1.0318,44
1579999782.763,0.72,1.0254,0.73,1.0182,44
1579999782.944,0.72,1.0247,0.7,1.033,44
1579999783.125,0.72,1.0209,0.68,1.0456,44
1579999783.307,0.71,1.0351,0.7,1.0413,44
1579999783.489,0.72,1.0197,0.72,1.0244,44
1579999783.678,0.72,1.0226,0.71,1.0337,44
1579999783.86,0.71,1.032,0.7,1.047,44
1579999784.045,0.68,1.0557,0.68,1.0536,44
1579999784.2,0.7,1.0441,0.69,1.0443,44
1579999784.385,0.7,1.0519,0.71,1.0414,45
1579999784.574,0.73,1.0146,0.68,1.0643,45
1579999784.762,0.68,1.0592,0.7,1.0327,45
1579999784.947,0.72,1.018,0.72,1.0267,45
1579999785.132,0.73,1.0072,0.7,1.0565,45
1579999785.315,0.69,1.0448,0.68,1.059,45
1579999785.5,0.67,1.0773,0.69,1.0496,45
1579999785.687,0.69,1.0449,0.72,1.0236,45
1579999785.87,0.71,1.0245,0.7,1.0402,45
1579999786.052,0.71,1.0314,0.69,1.0542,45
1579999786.232,0.68,1.0508,0.67,1.0536,45
1579999786.413,0.68,1.0638,0.7,1.0434,45
1579999786.594,0.7,1.0394,0.7,1.0434,45
1579999786.778,0.67,1.0758,0.68,1.0612,45
1579999786.93,0.66,1.0721,0.67,1.0738,45
1579999787.114,0.64,1.0997,0.66,1.0774,46
1579999787.296,0.66,1.0789,0.66,1.0734,46
1579999787.476,0.71,1.0343,0.64,1.0853,46
1579999787.663,0.72,1.025,0.66,1.0761,46
1579999787.845,0.68,1.0587,0.7,1.0374,46
1579999788.026,0.7,1.0377,0.7,1.0367,46
1579999788.206,0.72,1.0236,0.69,1.0413,46
1579999788.411,0.7,1.0416,0.71,1.0401,46
1579999788.584,0.69,1.0453,0.7,1.0403,46
1579999788.778,0.69,1.0498,0.68,1.045,46
1579999788.959,0.73,1.0143,0.69,1.0387,46
1579999789.144,0.71,1.0328,0.71,1.0408,46
1579999789.325,0.71,1.0345,0.69,1.0458,46
1579999789.506,0.67,1.0689,0.69,1.0461,46
1579999789.66,0.72,1.0241,0.69,1.0387,46
1579999789.848,0.7,1.0385,0.69,1.0461,47
1579999790.031,0.7,1.0449,0.68,1.052,47
1579999790.215,0.73,1.0232,0.71,1.0352,47
1579999790.397,0.71,1.0238,0.71,1.0294,47
1579999790.579,0.73,1.0097,0.72,1.0325,47
1579999790.77,0.72,1.0256,0.71,1.0339,47
1579999790.951,0.7,1.0378,0.72,1.0267,47
1579999791.134,0.72,1.0221,0.7,1.0258,47
1579999791.317,0.73,1.0109,0.71,1.0309,47
1579999791.499,0.72,1.0208,0.69,1.0352,47
1579999791.68,0.74,1.0029,0.7,1.0355,47
1579999791.876,0.73,1.0183,0.69,1.0338,47
1579999792.06,0.72,1.0167,0.7,1.0316,47
1579999792.242,0.71,1.034,0.71,1.0323,47
1579999792.398,0.74,1.0003,0.7,1.0352,47
1579999792.583,0.72,1.0302,0.7,1.0345,48
1579999792.768,0.73,1.0136,0.71,1.036,48
1579999792.95,0.75,0.9981,0.69,1.0466,48
1579999793.131,0.75,1.0003,0.69,1.0505,48
1579999793.316,0.72,1.0118,0.7,1.0434,48
1579999793.497,0.75,0.9983,0.7,1.0395,48
1579999793.678,0.73,1.0096,0.68,1.0425,48
1579999793.862,0.71,1.0277,0.68,1.0468,48
1579999794.045,0.73,1.0154,0.67,1.0535,48
1579999794.226,0.72,1.0226,0.7,1.0468,48
1579999794.409,0.75,0.9928,0.67,1.0435,48
1579999794.591,0.71,1.0324,0.69,1.0377,48
1579999794.773,0.73,1.0174,0.7,1.0399,48
1579999794.964,0.71,1.0309,0.68,1.0476,48
1579999795.119,0.73,1.0169,0.69,1.0424,48
1579999795.301,0.71,1.0301,0.71,1.0391,49
1579999795.484,0.74,1.0078,0.7,1.0345,49
1579999795.666,0.74,1.0028,0.69,1.0481,49
1579999795.848,0.74,1.0055,0.7,1.0513,49
1579999796.031,0.73,1.0097,0.71,1.0428,49
1579999796.212,0.75,0.9933,0.69,1.0406,49
1579999796.393,0.73,1.0187,0.7,1.0365,49
1579999796.576,0.72,1.0246,0.7,1.0389,49
1579999796.758,0.74,1.0054,0.68,1.0531,49
1579999796.94,0.73,1.011,0.68,1.0523,49
1579999797.145,0.75,0.996,0.69,1.0502,49
1579999797.329,0.72,1.0284,0.7,1.0463,49
1579999797.512,0.73,1.014,0.7,1.043,49
1579999797.694,0.71,1.0319,0.7,1.0467,49
1579999797.85,0.73,1.0145,0.69,1.0448,49
1579999798.043,0.7,1.0362,0.7,1.0437,50
1579999798.238,0.74,1.0061,0.67,1.0535,50
1579999798.435,0.75,0.9965,0.64,1.0724,50
1579999798.621,0.72,1.0182,0.69,1.0638,50
1579999798.804,0.74,1.0097,0.68,1.0634,50
1579999798.987,0.75,0.9973,0.69,1.0572,50
1579999799.17,0.73,1.017,0.69,1.0436,50
1579999799.352,0.71,1.0312,0.7,1.0364,50
1579999799.534,0.72,1.0192,0.71,1.0329,50
1579999799.716,0.73,1.0112,0.69,1.0341,50
1579999799.899,0.74,0.9978,0.69,1.0448,50
1579999800.103,0.7,1.0465,0.69,1.0407,50
1579999800.3,0.69,1.0473,0.68,1.0458,50
1579999800.486,0.7,1.0397,0.67,1.0517,50
1579999800.64,0.74,1.0042,0.68,1.0613,50
1579999800.827,0.69,1.0482,0.68,1.0509,51
1579999801.017,0.68,1.0562,0.7,1.0389,51
1579999801.198,0.73,1.0105,0.7,1.0465,51
1579999801.381,0.74,1.0009,0.69,1.0547,51
1579999801.564,0.72,1.0206,0.65,1.0877,51
1579999801.747,0.69,1.0504,0.65,1.0985,51
1579999801.93,0.69,1.0495,0.66,1.0818,51
1579999802.119,0.72,1.0261,0.68,1.0621,51
1579999802.3,0.73,1.0028,0.7,1.0553,51
1579999802.482,0.71,1.0273,0.64,1.0836,51
1579999802.663,0.72,1.0241,0.65,1.0691,51
1579999802.845,0.7,1.0371,0.71,1.0444,51
1579999803.025,0.71,1.0289,0.7,1.0497,51
1579999803.208,0.68,1.0531,0.66,1.0583,51
1579999803.362,0.72,1.0228,0.69,1.0551,51
1579999803.548,0.7,1.0368,0.65,1.0648,52
1579999803.73,0.72,1.0141,0.66,1.0787,52
1579999803.916,0.73,1.0107,0.66,1.084,52
1579999804.099,0.73,1.0125,0.67,1.0648,52
1579999804.29,0.73,1.0065,0.68,1.0578,52
1579999804.474,0.75,0.9923,0.68,1.0552,52
1579999804.657,0.7,1.029,0.69,1.0475,52
1579999804.839,0.72,1.0121,0.69,1.0429,52
1579999805.024,0.74,0.9978,0.68,1.044,52
1579999805.212,0.75,0.9972,0.7,1.0414,52
1579999805.393,0.74,0.9939,0.68,1.0453,52
1579999805.579,0.71,1.0214,0.69,1.0462,52
1579999805.764,0.73,1.012,0.7,1.0473,52
1579999805.949,0.72,1.0252,0.69,1.0498,52
1579999806.114,0.74,0.9976,0.67,1.0503,52
1579999806.315,0.72,1.0233,0.7,1.0436,53
1579999806.509,0.74,0.9989,0.73,1.0338,53
1579999806.708,0.76,0.987,0.71,1.0358,53
1579999806.892,0.76,0.9848,0.71,1.0389,53
1579999807.075,0.75,0.9899,0.7,1.0389,53
1579999807.265,0.76,0.9859,0.69,1.0447,53
1579999807.449,0.74,1.003,0.68,1.0428,53
1579999807.634,0.75,0.9966,0.68,1.0474,53
1579999807.816,0.75,0.9922,0.69,1.0465,53
1579999807.998,0.74,1.0041,0.67,1.0509,53
1579999808.18,0.76,0.9813,0.68,1.0551,53
1579999808.364,0.73,1.0127,0.67,1.0476,53
1579999808.547,0.72,1.0166,0.69,1.0429,53
1579999808.746,0.72,1.0208,0.68,1.0515,53
1579999808.903,0.77,0.979,0.67,1.0618,53
1579999809.089,0.73,1.0167,0.66,1.0579,54
1579999809.275,0.73,1.0103,0.67,1.0506,54
1579999809.457,0.77,0.9767,0.68,1.0466,54
1579999809.637,0.76,0.9838,0.66,1.0558,54
1579999809.822,0.76,0.9904,0.67,1.0603,54
1579999810.005,0.76,0.9897,0.69,1.0553,54
1579999810.188,0.74,1.0074,0.67,1.052,54
1579999810.376,0.75,0.9949,0.71,1.0388,54
1579999810.557,0.74,0.9987,0.7,1.0425,54
1579999810.74,0.74,1.0035,0.69,1.0451,54
1579999810.923,0.77,0.9738,0.66,1.0529,54
1579999811.109,0.74,1.0051,0.69,1.0406,54
1579999811.296,0.73,1.0144,0.73,1.0338,54
1579999811.48,0.72,1.0216,0.68,1.0559,54
1579999811.642,0.77,0.9782,0.65,1.0743,54
1579999811.833,0.74,1.0126,0.67,1.0661,55
1579999812.018,0.73,1.0133,0.69,1.0504,55
1579999812.205,0.75,0.9887,0.69,1.0434,55
1579999812.396,0.77,0.9783,0.7,1.0374,55
1579999812.578,0.78,0.9766,0.67,1.0721,55
1579999812.76,0.74,1.0043,0.63,1.0888,55
1579999812.944,0.71,1.0341,0.7,1.0425,55
1579999813.127,0.74,1.0001,0.7,1.0401,55
1579999813.308,0.76,0.9851,0.68,1.0456,55
1579999813.49,0.73,1.0071,0.68,1.051,55
1579999813.675,0.74,0.9939,0.7,1.0328,55
1579999813.858,0.74,1.0067,0.69,1.0435,55
1579999814.044,0.73,1.0072,0.72,1.0323,55
1579999814.231,0.72,1.0204,0.71,1.035,55
1579999814.392,0.75,0.9911,0.69,1.0465,55
1579999814.576,0.73,1.0125,0.66,1.0593,56
1579999814.758,0.75,0.9949,0.68,1.0589,56
1579999814.945,0.76,0.9901,0.67,1.0535,56
1579999815.134,0.76,0.9889,0.68,1.0555,56
1579999815.316,0.76,0.9886,0.71,1.0294,56
1579999815.503,0.75,0.9882,0.65,1.0697,56
1579999815.687,0.71,1.0282,0.69,1.0566,56
1579999815.873,0.73,1.0109,0.7,1.0385,56
1579999816.064,0.75,0.9939,0.67,1.0514,56
1579999816.249,0.76,0.9899,0.66,1.0653,56
1579999816.432,0.76,0.986,0.69,1.0587,56
1579999816.612,0.72,1.02,0.69,1.0455,56
1579999816.793,0.73,1.0139,0.68,1.0541,56
1579999816.977,0.71,1.025,0.71,1.0452,56
1579999817.135,0.75,0.9927,0.7,1.0453,56
1579999817.32,0.71,1.0303,0.71,1.0391,57
1579999817.505,0.74,0.9974,0.69,1.0376,57
1579999817.687,0.76,0.9852,0.69,1.0418,57
1579999817.868,0.76,0.9834,0.68,1.0407,57
1579999818.051,0.76,0.992,0.69,1.037,57
1579999818.234,0.75,0.9915,0.71,1.0296,57
1579999818.422,0.76,0.9879,0.7,1.0276,57
1579999818.606,0.76,0.988,0.7,1.0303,57
1579999818.793,0.74,0.999,0.71,1.0314,57
1579999818.973,0.75,0.9936,0.7,1.0429,57
1579999819.157,0.76,0.9829,0.7,1.0497,57
1579999819.341,0.71,1.0242,0.7,1.0449,57
1579999819.525,0.71,1.0221,0.68,1.0493,57
1579999819.708,0.71,1.0299,0.65,1.0808,57
1579999819.862,0.72,1.0159,0.64,1.0987,57
1579999820.046,0.69,1.0539,0.66,1.0902,58
1579999820.23,0.74,1.0042,0.7,1.0631,58
1579999820.416,0.74,1.0022,0.67,1.061,58
1579999820.602,0.73,1.0077,0.68,1.0485,58
1579999820.788,0.76,0.9825,0.68,1.0536,58
1579999820.969,0.75,0.9926,0.67,1.065,58
1579999821.151,0.72,1.0241,0.68,1.0527,58
1579999821.335,0.75,0.9985,0.7,1.047,58
1579999821.516,0.76,0.9855,0.66,1.0563,58
1579999821.698,0.74,1.0005,0.66,1.0579,58
1579999821.88,0.76,0.9841,0.67,1.0528,58
1579999822.063,0.74,1.0047,0.7,1.0366,58
1579999822.246,0.74,1.0007,0.68,1.0468,58
1579999822.427,0.71,1.0272,0.68,1.0595,58
1579999822.584,0.73,1.0127,0.69,1.0511,58
1579999822.767,0.7,1.0391,0.66,1.0588,59
1579999822.949,0.75,0.9958,0.69,1.0616,59
1579999823.13,0.76,0.9833,0.65,1.0835,59
1579999823.311,0.74,1.0109,0.66,1.0707,59
1579999823.491,0.74,1.0049,0.69,1.0497,59
1579999823.676,0.76,0.9823,0.67,1.062,59
1579999823.856,0.73,1.014,0.7,1.0443,59
1579999824.037,0.73,1.0109,0.69,1.0398,59
1579999824.217,0.75,0.9932,0.68,1.0489,59
1579999824.399,0.76,0.9892,0.68,1.0501,59
1579999824.582,0.73,1.0058,0.7,1.0445,59
1579999824.768,0.71,1.0319,0.72,1.0286,59
1579999824.948,0.74,1.0071,0.69,1.047,59
1579999825.13,0.72,1.0222,0.7,1.0484,59
1579999825.283,0.73,1.015,0.68,1.0651,59
1579999825.466,0.67,1.0695,0.67,1.0682,60
1579999825.651,0.69,1.0507,0.67,1.0708,60
1579999825.834,0.73,1.0102,0.66,1.0821,60
1579999826.015,0.75,0.9909,0.65,1.0867,60
1579999826.197,0.73,1.0079,0.68,1.0622,60
1579999826.378,0.72,1.0248,0.72,1.0471,60
1579999826.562,0.71,1.0295,0.69,1.0405,60
1579999826.744,0.73,1.0086,0.68,1.0505,60
1579999826.927,0.73,1.0097,0.69,1.0468,60
1579999827.114,0.71,1.0316,0.69,1.0409,60
1579999827.297,0.74,1.0016,0.69,1.0472,60
1579999827.48,0.73,1.0112,0.7,1.0432,60
1579999827.663,0.73,1.0117,0.72,1.0275,60
1579999827.847,0.68,1.0498,0.72,1.0298,60
1579999828.0,0.73,1.0112,0.68,1.0588,60
1579999828.183,0.71,1.0307,0.67,1.0733,61
1579999828.365,0.73,1.0121,0.64,1.0807,61
1579999828.547,0.73,1.0057,0.66,1.0814,61
1579999828.731,0.72,1.0171,0.64,1.0858,61
1579999828.913,0.73,1.0115,0.66,1.0735,61
1579999829.096,0.73,1.017,0.67,1.0661,61
1579999829.278,0.73,1.0141,0.68,1.0573,61
1579999829.459,0.74,1.0069,0.72,1.0388,61
1579999829.642,0.75,1.0007,0.69,1.0444,61
1579999829.824,0.73,1.0115,0.69,1.0459,61
1579999830.006,0.75,0.9913,0.69,1.0485,61
1579999830.186,0.73,1.0122,0.72,1.0316,61
1579999830.369,0.73,1.0084,0.69,1.051,61
1579999830.552,0.69,1.0497,0.7,1.0476,61
1579999830.705,0.73,1.0045,0.7,1.0391,61
1579999830.896,0.72,1.0216,0.69,1.0454,62
1579999831.08,0.76,0.986,0.65,1.083,62
1579999831.263,0.74,0.9963,0.61,1.1126,62
1579999831.445,0.75,1.0035,0.64,1.0957,62
1579999831.627,0.76,0.9871,0.65,1.067,62
1579999831.81,0.76,0.9814,0.66,1.0656,62
1579999831.993,0.75,0.9931,0.66,1.0694,62
1579999832.176,0.72,1.0118,0.67,1.0678,62
1579999832.357,0.74,0.9945,0.67,1.0599,62
1579999832.539,0.75,0.9945,0.69,1.0514,62
1579999832.721,0.77,0.9678,0.68,1.0476,62
1579999832.903,0.75,1.0013,0.68,1.0491,62
1579999833.086,0.74,1.0025,0.67,1.0539,62
1579999833.267,0.73,1.013,0.66,1.0555,62
1579999833.421,0.76,0.981,0.68,1.0555,62
1579999833.612,0.73,1.01,0.67,1.059,63
1579999833.795,0.75,0.9932,0.67,1.0638,63
1579999833.983,0.78,0.973,0.71,1.0435,63
1579999834.165,0.77,0.9722,0.68,1.0622,63
1579999834.347,0.76,0.9888,0.73,1.0369,63
1579999834.528,0.76,0.9855,0.71,1.0363,63
1579999834.708,0.76,0.9881,0.7,1.0415,63
1579999834.889,0.76,0.9893,0.7,1.0443,63
1579999835.069,0.78,0.972,0.69,1.0425,63
1579999835.251,0.76,0.9867,0.7,1.0463,63
1579999835.432,0.78,0.9645,0.68,1.0552,63
1579999835.614,0.75,0.9941,0.69,1.0539,63
1579999835.8,0.76,0.9884,0.7,1.0461,63
1579999835.981,0.73,1.0111,0.69,1.0449,63
1579999836.134,0.78,0.9678,0.69,1.0519,63
1579999836.319,0.75,0.999,0.67,1.0654,64
1579999836.5,0.76,0.9805,0.66,1.0777,64
1579999836.682,0.78,0.9664,0.67,1.0668,64
1579999836.863,0.78,0.9675,0.65,1.0672,64
1579999837.053,0.77,0.972,0.68,1.0467,64
1579999837.236,0.78,0.9707,0.71,1.0332,64
1579999837.419,0.76,0.9855,0.72,1.0252,64
1579999837.601,0.76,0.9835,0.71,1.0315,64
1579999837.784,0.77,0.9744,0.69,1.0463,64
1579999837.966,0.78,0.973,0.7,1.0423,64
1579999838.156,0.79,0.9577,0.7,1.042,64
1579999838.344,0.73,1.0074,0.69,1.0379,64
1579999838.534,0.76,0.988,0.68,1.0417,64
1579999838.722,0.74,1.0023,0.72,1.0331,64
1579999838.876,0.77,0.9741,0.7,1.046,64
1579999839.06,0.73,1.0101,0.68,1.05,65
1579999839.252,0.77,0.9752,0.65,1.0642,65
1579999839.433,0.79,0.9613,0.68,1.0675,65
1579999839.615,0.78,0.9664,0.65,1.0808,65
1579999839.796,0.76,0.9864,0.66,1.0747,65
1579999839.975,0.78,0.9702,0.67,1.0635,65
1579999840.158,0.77,0.9805,0.66,1.0724,65
1579999840.339,0.75,0.993,0.68,1.0566,65
1579999840.52,0.74,1.0009,0.69,1.0412,65
1579999840.702,0.76,0.9876,0.71,1.0381,65
1579999840.883,0.8,0.9515,0.66,1.0592,65
1579999841.066,0.73,1.0102,0.65,1.0655,65
1579999841.248,0.72,1.0202,0.7,1.0451,65
1579999841.43,0.72,1.0226,0.69,1.0418,65
1579999841.585,0.78,0.9608,0.68,1.0533,65
1579999841.769,0.73,1.0163,0.66,1.0729,66
1579999841.952,0.73,1.011,0.71,1.0393,66
1579999842.137,0.76,0.979,0.67,1.0597,66
1579999842.321,0.78,0.9615,0.68,1.0703,66
1579999842.504,0.75,0.9961,0.67,1.07,66
1579999842.685,0.72,1.0116,0.67,1.0666,66
1579999842.868,0.76,0.9866,0.68,1.0615,66
1579999843.05,0.77,0.977,0.67,1.0635,66
1579999843.237,0.75,0.9915,0.66,1.066,66
1579999843.418,0.71,1.0219,0.68,1.0565,66
1579999843.602,0.78,0.9664,0.69,1.047,66
1579999843.787,0.74,1.0058,0.7,1.0357,66
1579999843.968,0.74,1.0002,0.71,1.0397,66
1579999844.15,0.7,1.04,0.68,1.0568,66
1579999844.306,0.75,0.9963,0.68,1.0533,66
1579999844.493,0.72,1.0201,0.68,1.0529,67
1579999844.677,0.75,0.9942,0.65,1.0796,67
1579999844.86,0.73,1.0085,0.65,1.1037,67
1579999845.044,0.72,1.0203,0.61,1.1229,67
1579999845.23,0.74,1.0076,0.63,1.1017,67
1579999845.417,0.74,0.9985,0.66,1.0772,67
1579999845.601,0.75,0.996,0.67,1.0717,67
1579999845.785,0.74,1.0022,0.66,1.071,67
1579999845.969,0.74,1.0036,0.69,1.0502,67
1579999846.151,0.73,1.0078,0.7,1.0373,67
1579999846.332,0.77,0.9651,0.69,1.0395,67
1579999846.514,0.75,0.9969,0.71,1.0383,67
1579999846.698,0.73,1.0085,0.7,1.0387,67
1579999846.882,0.72,1.0193,0.71,1.0324,67
1579999847.044,0.77,0.9703,0.68,1.0565,67
1579999847.227,0.74,1.0006,0.69,1.0648,68
1579999847.41,0.76,0.9845,0.67,1.0643,68
1579999847.591,0.76,0.9803,0.66,1.0689,68
1579999847.773,0.77,0.9749,0.68,1.0637,68
1579999847.955,0.78,0.9674,0.67,1.0653,68
1579999848.136,0.77,0.9727,0.67,1.0776,68
1579999848.322,0.74,1.0101,0.68,1.0667,68
1579999848.505,0.74,1.0023,0.67,1.0631,68
1579999848.693,0.78,0.9643,0.7,1.0455,68
1579999848.88,0.76,0.9812,0.7,1.0425,68
1579999849.073,0.77,0.9759,0.72,1.0287,68
1579999849.266,0.73,1.0157,0.72,1.0249,68
1579999849.452,0.75,0.9933,0.72,1.0245,68
1579999849.635,0.71,1.033,0.72,1.0205,68
1579999849.788,0.74,0.9983,0.72,1.0223,68
1579999849.972,0.72,1.0136,0.68,1.0589,69
1579999850.16,0.76,0.9784,0.68,1.064,69
1579999850.343,0.75,0.9965,0.68,1.0639,69
1579999850.527,0.75,0.9941,0.67,1.0622,69
1579999850.712,0.78,0.9647,0.72,1.0275,69
1579999850.893,0.78,0.9626,0.68,1.0443,69
1579999851.076,0.76,0.9905,0.66,1.06,69
1579999851.259,0.75,0.9978,0.65,1.075,69
1579999851.446,0.77,0.9738,0.66,1.0803,69
1579999851.627,0.77,0.9787,0.68,1.0621,69
1579999851.808,0.78,0.9705,0.68,1.0599,69
1579999851.989,0.73,1.0122,0.69,1.0523,69
1579999852.168,0.75,0.9993,0.71,1.0317,69
1579999852.352,0.73,1.0078,0.72,1.0254,69
1579999852.509,0.77,0.9731,0.71,1.0285,69
1579999852.696,0.74,1.0035,0.69,1.0417,70
1579999852.877,0.77,0.9701,0.67,1.0696,70
1579999853.06,0.78,0.9649,0.66,1.0866,70
1579999853.241,0.76,0.9805,0.66,1.0827,70
1579999853.425,0.77,0.9738,0.66,1.0625,70
1579999853.606,0.79,0.9604,0.7,1.0393,70
1579999853.787,0.78,0.9729,0.7,1.0477,70
1579999853.971,0.76,0.9901,0.65,1.0656,70
1579999854.155,0.77,0.9752,0.65,1.0771,70
1579999854.338,0.77,0.9709,0.67,1.0751,70
1579999854.526,0.79,0.9584,0.67,1.0657,70
1579999854.709,0.74,0.9995,0.68,1.0575,70
1579999854.89,0.75,0.9918,0.68,1.051,70
1579999855.071,0.74,1.0069,0.69,1.0444,70
1579999855.227,0.77,0.9715,0.68,1.042,70
1579999855.414,0.74,1.0039,0.68,1.0559,71
1579999855.597,0.78,0.9655,0.65,1.0832,71
1579999855.779,0.79,0.9591,0.64,1.0953,71
1579999855.96,0.78,0.9606,0.66,1.0861,71
1579999856.141,0.78,0.9647,0.67,1.0667,71
1579999856.322,0.78,0.968,0.72,1.0306,71
1579999856.505,0.76,0.9786,0.72,1.0286,71
1579999856.689,0.76,0.9812,0.7,1.0376,71
1579999856.87,0.75,0.9875,0.69,1.0439,71
1579999857.054,0.76,0.9829,0.68,1.0553,71
1579999857.239,0.8,0.9476,0.67,1.0577,71
1579999857.421,0.74,0.9948,0.68,1.0598,71
1579999857.607,0.74,1.0022,0.69,1.0519,71
1579999857.788,0.73,1.0133,0.68,1.0593,71
1579999857.942,0.76,0.9848,0.71,1.0351,71
1579999858.128,0.74,1.0023,0.71,1.0336,72
1579999858.325,0.77,0.9729,0.7,1.0416,72
1579999858.511,0.78,0.9647,0.68,1.0698,72
1579999858.694,0.78,0.9574,0.64,1.0954,72
1579999858.877,0.79,0.9605,0.63,1.0861,72
1579999859.059,0.79,0.9599,0.68,1.062,72
1579999859.24,0.77,0.9717,0.71,1.0447,72
1579999859.428,0.77,0.9727,0.69,1.0476,72
1579999859.618,0.78,0.9689,0.66,1.0516,72
1579999859.798,0.77,0.9756,0.68,1.0487,72
1579999859.982,0.8,0.9441,0.68,1.0505,72
1579999860.177,0.76,0.9838,0.69,1.0505,72
1579999860.359,0.77,0.9776,0.69,1.0478,72
1579999860.544,0.75,0.9945,0.7,1.0371,72
1579999860.698,0.79,0.9592,0.71,1.0332,72
1579999860.881,0.75,0.9957,0.71,1.03,73
1579999861.066,0.77,0.9773,0.73,1.0305,73
1579999861.249,0.77,0.9724,0.71,1.0435,73
1579999861.431,0.79,0.9577,0.66,1.076,73
1579999861.614,0.77,0.9762,0.64,1.0892,73
1579999861.796,0.76,0.9786,0.65,1.0797,73
1579999861.978,0.75,0.9882,0.67,1.0574,73
1579999862.16,0.78,0.9664,0.68,1.0493,73
1579999862.342,0.76,0.9757,0.7,1.0478,73
1579999862.524,0.76,0.9829,0.68,1.0492,73
1579999862.712,0.79,0.9558,0.7,1.0407,73
1579999862.893,0.76,0.9855,0.69,1.0456,73
1579999863.075,0.76,0.986,0.68,1.0533,73
1579999863.256,0.74,1.0021,0.67,1.063,73
1579999863.412,0.77,0.9737,0.67,1.0659,73
1579999863.597,0.73,1.0057,0.68,1.061,74
1579999863.785,0.78,0.962,0.68,1.0659,74
1579999863.967,0.76,0.9798,0.68,1.0616,74
1579999864.151,0.75,0.9902,0.68,1.0483,74
1579999864.333,0.77,0.9749,0.7,1.0426,74
1579999864.515,0.78,0.9653,0.67,1.0746,74
1579999864.697,0.74,0.9991,0.66,1.0868,74
1579999864.88,0.73,1.0032,0.65,1.0856,74
1579999865.062,0.76,0.9788,0.68,1.0571,74
1579999865.245,0.77,0.9708,0.68,1.0552,74
1579999865.427,0.8,0.9472,0.67,1.0529,74
1579999865.609,0.74,1.0021,0.68,1.0488,74
1579999865.803,0.74,0.9985,0.7,1.0418,74
1579999865.988,0.73,1.0125,0.69,1.0446,74
1579999866.151,0.77,0.9676,0.69,1.0515,74
1579999866.352,0.74,0.9984,0.66,1.0707,75
1579999866.55,0.77,0.9716,0.67,1.0743,75
1579999866.745,0.78,0.9674,0.66,1.0756,75
1579999866.927,0.78,0.9633,0.68,1.0676,75
1579999867.109,0.79,0.9544,0.66,1.0576,75
1579999867.291,0.79,0.9529,0.69,1.0531,75
1579999867.473,0.78,0.9657,0.67,1.065,75
1579999867.655,0.77,0.9683,0.64,1.0746,75
1579999867.842,0.78,0.9618,0.66,1.0744,75
1579999868.023,0.79,0.9586,0.66,1.0772,75
1579999868.203,0.8,0.9433,0.66,1.0738,75
1579999868.385,0.76,0.9805,0.67,1.063,75
1579999868.567,0.77,0.9711,0.68,1.0489,75
1579999868.747,0.76,0.9889,0.71,1.0389,75
1579999868.902,0.79,0.957,0.68,1.0451,75
1579999869.087,0.76,0.9828,0.68,1.065,76
1579999869.27,0.8,0.9511,0.64,1.0961,76
1579999869.451,0.8,0.9498,0.64,1.1026,76
1579999869.636,0.8,0.9444,0.62,1.1054,76
1579999869.817,0.8,0.9518,0.64,1.0824,76
1579999870.0,0.79,0.9502,0.68,1.0441,76
1579999870.183,0.79,0.9619,0.71,1.0335,76
1579999870.364,0.78,0.9651,0.69,1.0433,76
1579999870.545,0.78,0.9634,0.7,1.0467,76
1579999870.727,0.78,0.9631,0.7,1.0411,76
1579999870.911,0.81,0.937,0.69,1.0426,76
1579999871.093,0.77,0.9784,0.7,1.0431,76
1579999871.275,0.77,0.9714,0.7,1.0442,76
1579999871.456,0.76,0.9859,0.69,1.0433,76
1579999871.609,0.8,0.9461,0.7,1.0345,76
1579999871.795,0.77,0.9751,0.72,1.0317,77
1579999871.984,0.8,0.9453,0.69,1.0465,77
1579999872.166,0.79,0.9555,0.64,1.0766,77
1579999872.348,0.81,0.9399,0.66,1.079,77
1579999872.53,0.8,0.9442,0.66,1.0781,77
1579999872.71,0.79,0.9521,0.65,1.0709,77
1579999872.892,0.77,0.9716,0.7,1.0407,77
1579999873.076,0.79,0.9602,0.71,1.0319,77
1579999873.258,0.79,0.9512,0.7,1.0333,77
1579999873.439,0.78,0.9608,0.71,1.0358,77
1579999873.622,0.81,0.9373,0.72,1.0314,77
1579999873.803,0.77,0.9718,0.71,1.0318,77
1579999873.988,0.78,0.9677,0.71,1.0363,77
1579999874.174,0.75,0.994,0.71,1.0346,77
1579999874.331,0.8,0.9488,0.7,1.0402,77
1579999874.516,0.76,0.9833,0.7,1.039,78
1579999874.7,0.8,0.9424,0.69,1.0575,78
1579999874.883,0.79,0.9543,0.64,1.0775,78
1579999875.069,0.79,0.9538,0.65,1.0689,78
1579999875.256,0.81,0.9388,0.65,1.0821,78
1579999875.444,0.8,0.9441,0.65,1.0875,78
1579999875.628,0.77,0.9704,0.63,1.0891,78
1579999875.815,0.78,0.9654,0.67,1.0692,78
1579999875.999,0.79,0.955,0.7,1.0444,78
1579999876.183,0.8,0.9508,0.69,1.0461,78
1579999876.365,0.81,0.9314,0.68,1.0545,78
1579999876.554,0.77,0.9732,0.69,1.044,78
1579999876.738,0.78,0.9676,0.7,1.0419,78
1579999876.921,0.75,0.991,0.7,1.0419,78
1579999877.083,0.78,0.9606,0.69,1.0415,78
1579999877.269,0.74,0.9998,0.69,1.0446,79
1579999877.452,0.79,0.9484,0.69,1.0562,79
1579999877.634,0.8,0.9446,0.66,1.0823,79
1579999877.816,0.8,0.9433,0.68,1.0798,79
1579999878.0,0.8,0.9445,0.66,1.0761,79
1579999878.182,0.81,0.9435,0.64,1.0869,79
1579999878.377,0.8,0.955,0.64,1.0863,79
1579999878.563,0.77,0.9695,0.64,1.0835,79
1579999878.757,0.78,0.9643,0.67,1.0702,79
1579999878.94,0.79,0.9598,0.69,1.0501,79
1579999879.129,0.82,0.928,0.7,1.0477,79
1579999879.313,0.77,0.973,0.69,1.0477,79
1579999879.497,0.78,0.9684,0.7,1.045,79
1579999879.681,0.77,0.9774,0.68,1.0515,79
1579999879.84,0.8,0.9427,0.68,1.0533,79
1579999880.023,0.76,0.9822,0.68,1.0602,80
1579999880.208,0.79,0.949,0.68,1.0648,80
1579999880.39,0.81,0.9385,0.65,1.0734,80
1579999880.573,0.81,0.9337,0.64,1.0916,80
1579999880.765,0.79,0.9542,0.67,1.0794,80
1579999880.947,0.79,0.9524,0.69,1.064,80
1579999881.128,0.79,0.9519,0.67,1.0721,80
1579999881.31,0.79,0.9563,0.68,1.0583,80
1579999881.49,0.76,0.9793,0.7,1.0474,80
1579999881.672,0.77,0.9721,0.7,1.0475,80
1579999881.853,0.81,0.9316,0.67,1.0659,80
1579999882.035,0.76,0.978,0.68,1.0694,80
1579999882.223,0.76,0.9822,0.67,1.0654,80
1579999882.407,0.76,0.9849,0.68,1.056,80
1579999882.562,0.81,0.935,0.69,1.0483,80
1579999882.745,0.76,0.9796,0.7,1.0505,81
1579999882.93,0.78,0.9652,0.66,1.0679,81
1579999883.111,0.79,0.9517,0.65,1.0931,81
1579999883.294,0.82,0.9312,0.63,1.1129,81
1579999883.474,0.79,0.9558,0.6,1.1358,81
1579999883.655,0.74,0.9951,0.63,1.1116,81
1579999883.836,0.73,0.999,0.66,1.0746,81
1579999884.016,0.79,0.9568,0.7,1.0375,81
1579999884.196,0.78,0.9594,0.71,1.0397,81
1579999884.378,0.76,0.9831,0.66,1.0702,81
1579999884.561,0.78,0.9658,0.69,1.0508,81
1579999884.744,0.76,0.9848,0.67,1.0681,81
1579999884.926,0.78,0.9675,0.64,1.0903,81
1579999885.107,0.76,0.9914,0.64,1.0956,81
1579999885.265,0.77,0.9728,0.65,1.099,81
1579999885.451,0.74,1.002,0.6,1.1187,82
1579999885.633,0.8,0.9446,0.62,1.098,82
1579999885.817,0.8,0.949,0.65,1.0884,82
1579999886.0,0.79,0.9537,0.66,1.0855,82
1579999886.182,0.79,0.9544,0.62,1.0936,82
1579999886.366,0.8,0.9486,0.64,1.0956,82
1579999886.547,0.78,0.9673,0.65,1.0999,82
1579999886.728,0.76,0.9792,0.63,1.1018,82
1579999886.913,0.76,0.9823,0.67,1.0666,82
1579999887.096,0.79,0.9588,0.69,1.0506,82
1579999887.279,0.81,0.9342,0.66,1.0764,82
1579999887.46,0.76,0.9786,0.65,1.0745,82
1579999887.642,0.76,0.9826,0.68,1.0577,82
1579999887.823,0.74,0.9998,0.71,1.0368,82
1579999887.979,0.79,0.9521,0.67,1.067,82
1579999888.164,0.76,0.9835,0.63,1.099,83
1579999888.347,0.8,0.9445,0.62,1.1114,83
1579999888.531,0.79,0.9518,0.62,1.1151,83
1579999888.713,0.81,0.9389,0.63,1.0982,83
1579999888.897,0.81,0.933,0.64,1.0964,83
1579999889.079,0.81,0.9428,0.66,1.0855,83
1579999889.261,0.8,0.9437,0.67,1.0724,83
1579999889.447,0.78,0.9609,0.67,1.0636,83
1579999889.628,0.79,0.9563,0.68,1.0589,83
1579999889.809,0.8,0.9505,0.68,1.0495,83
1579999890.004,0.82,0.9297,0.7,1.0445,83
1579999890.186,0.78,0.9682,0.67,1.0616,83
1579999890.367,0.79,0.9593,0.67,1.0588,83
1579999890.548,0.76,0.9824,0.7,1.047,83
1579999890.703,0.79,0.9496,0.7,1.0465,83
1579999890.883,0.75,0.9876,0.68,1.0572,84
1579999891.067,0.81,0.9329,0.66,1.0782,84
1579999891.25,0.81,0.9387,0.65,1.0959,84
1579999891.432,0.8,0.9445,0.64,1.0993,84
1579999891.613,0.81,0.9405,0.65,1.0806,84
1579999891.794,0.8,0.9497,0.66,1.0746,84
1579999891.978,0.8,0.9439,0.69,1.0417,84
1579999892.161,0.79,0.9546,0.69,1.0435,84
1579999892.345,0.79,0.9515,0.68,1.0473,84
1579999892.532,0.79,0.9521,0.69,1.0415,84
1579999892.713,0.82,0.9272,0.7,1.0437,84
1579999892.895,0.78,0.9617,0.68,1.0516,84
1579999893.076,0.79,0.9595,0.69,1.0532,84
1579999893.258,0.77,0.9792,0.69,1.0536,84
1579999893.415,0.82,0.9296,0.69,1.0545,84
1579999893.602,0.77,0.9827,0.68,1.0625,85
1579999893.784,0.8,0.9486,0.67,1.0612,85
1579999893.966,0.79,0.9517,0.63,1.0903,85
1579999894.147,0.81,0.9367,0.63,1.114,85
1579999894.328,0.79,0.9536,0.63,1.1038,85
1579999894.511,0.78,0.9634,0.66,1.0854,85
1579999894.694,0.78,0.9679,0.66,1.0624,85
1579999894.874,0.79,0.9527,0.68,1.0381,85
1579999895.057,0.79,0.9535,0.71,1.0349,85
1579999895.241,0.79,0.9603,0.7,1.0322,85
1579999895.422,0.8,0.9478,0.71,1.0361,85
1579999895.606,0.76,0.9856,0.69,1.0472,85
1579999895.79,0.77,0.973,0.69,1.0532,85
1579999895.97,0.75,0.9957,0.68,1.0548,85
1579999896.123,0.8,0.944,0.68,1.0534,85
1579999896.307,0.75,0.9908,0.67,1.0526,86
1579999896.492,0.79,0.9545,0.7,1.0423,86
1579999896.675,0.8,0.9453,0.66,1.0643,86
1579999896.857,0.81,0.9362,0.63,1.1165,86
1579999897.04,0.8,0.9431,0.63,1.1232,86
1579999897.223,0.78,0.9598,0.65,1.1023,86
1579999897.407,0.75,0.9835,0.64,1.1018,86
1579999897.589,0.77,0.973,0.64,1.1012,86
1579999897.771,0.78,0.9653,0.71,1.0479,86
1579999897.952,0.78,0.9646,0.69,1.0382,86
1579999898.144,0.81,0.9293,0.7,1.0439,86
1579999898.326,0.76,0.986,0.7,1.0391,86
1579999898.511,0.77,0.9796,0.71,1.0359,86
1579999898.703,0.75,0.9954,0.7,1.0377,86
1579999898.856,0.79,0.957,0.7,1.0377,86
1579999899.039,0.75,0.9901,0.7,1.0422,87
1579999899.22,0.77,0.9739,0.7,1.039,87
1579999899.402,0.8,0.9459,0.68,1.0569,87
1579999899.587,0.81,0.9369,0.68,1.0654,87
1579999899.771,0.8,0.95,0.61,1.1026,87
1579999899.953,0.78,0.9672,0.64,1.1001,87
1579999900.148,0.76,0.9774,0.63,1.1032,87
1579999900.329,0.77,0.9739,0.61,1.1201,87
1579999900.511,0.76,0.9827,0.65,1.0933,87
1579999900.698,0.77,0.9785,0.66,1.0743,87
1579999900.879,0.79,0.9489,0.67,1.061,87
1579999901.062,0.75,0.9894,0.67,1.0634,87
1579999901.243,0.74,0.9998,0.7,1.0527,87
1579999901.426,0.72,1.0227,0.71,1.0378,87
1579999901.58,0.77,0.979,0.7,1.041,87
1579999901.768,0.74,0.9974,0.69,1.0542,88
1579999901.95,0.75,0.9912,0.7,1.0545,88
1579999902.13,0.78,0.9676,0.69,1.062,88
1579999902.311,0.79,0.9507,0.64,1.0949,88
1579999902.493,0.78,0.9615,0.64,1.1218,88
1579999902.675,0.75,0.9869,0.62,1.1242,88
1579999902.856,0.73,1.0127,0.67,1.0814,88
1579999903.04,0.76,0.982,0.69,1.0576,88
1579999903.22,0.78,0.9652,0.67,1.0694,88
1579999903.403,0.75,0.989,0.64,1.0968,88
1579999903.584,0.76,0.9834,0.68,1.0595,88
1579999903.771,0.75,0.9969,0.69,1.0473,88
1579999903.955,0.77,0.9772,0.69,1.042,88
1579999904.136,0.7,1.0324,0.68,1.0583,88
1579999904.29,0.73,1.0072,0.7,1.0539,88
1579999904.476,0.72,1.0201,0.7,1.0474,89
1579999904.659,0.77,0.9794,0.67,1.0655,89
1579999904.848,0.77,0.9738,0.64,1.1041,89
1579999905.032,0.77,0.9711,0.63,1.1127,89
1579999905.213,0.75,0.9888,0.59,1.1265,89
1579999905.397,0.76,0.989,0.65,1.0894,89
1579999905.668,0.75,0.9876,0.69,1.0462,89
1579999905.86,0.77,0.9763,0.72,1.0325,89
1579999906.042,0.76,0.9862,0.73,1.0142,89
1579999906.225,0.77,0.9723,0.73,1.0162,89
1579999906.408,0.81,0.941,0.71,1.0435,89
1579999906.59,0.76,0.9873,0.66,1.0801,89
1579999906.774,0.72,1.0152,0.66,1.0779,89
1579999906.959,0.7,1.041,0.66,1.0726,89
1579999907.116,0.75,0.9905,0.72,1.0288,89
1579999907.301,0.75,0.9947,0.72,1.0298,90
1579999907.485,0.76,0.98,0.69,1.0606,90
1579999907.667,0.76,0.9878,0.65,1.0719,90
1579999907.848,0.78,0.963,0.67,1.0701,90
1579999908.03,0.79,0.9468,0.65,1.085,90
1579999908.216,0.77,0.9686,0.62,1.1251,90
1579999908.407,0.73,1.007,0.62,1.1146,90
1579999908.589,0.75,0.9919,0.69,1.0599,90
1579999908.776,0.76,0.9809,0.68,1.0454,90
1579999908.962,0.78,0.963,0.72,1.03,90
1579999909.146,0.82,0.9288,0.72,1.0245,90
1579999909.33,0.77,0.9777,0.7,1.031,90
1579999909.511,0.77,0.9765,0.72,1.0319,90
1579999909.692,0.72,1.0126,0.71,1.0363,90
1579999909.848,0.75,0.9859,0.7,1.0414,90
1579999910.031,0.73,1.0091,0.69,1.0424,91
1579999910.212,0.75,0.9911,0.68,1.044,91
1579999910.395,0.77,0.9681,0.68,1.0667,91
1579999910.577,0.8,0.944,0.66,1.0843,91
1579999910.767,0.8,0.944,0.61,1.1295,91
1579999910.956,0.76,0.9824,0.56,1.1647,91
1579999911.146,0.73,1.0112,0.58,1.153,91
1579999911.329,0.72,1.0084,0.65,1.0988,91
1579999911.509,0.75,0.9898,0.65,1.0944,91
1579999911.691,0.75,0.9911,0.66,1.0725,91
1579999911.873,0.78,0.9572,0.67,1.0626,91
1579999912.056,0.77,0.9771,0.67,1.063,91
1579999912.239,0.76,0.9813,0.68,1.0556,91
1579999912.422,0.72,1.0192,0.71,1.0566,91
1579999912.576,0.74,1.0036,0.68,1.0673,91
1579999912.762,0.7,1.0434,0.7,1.0503,92
1579999912.945,0.71,1.0342,0.7,1.0374,92
1579999913.128,0.71,1.0298,0.71,1.0376,92
1579999913.312,0.74,1.0056,0.7,1.04,92
1579999913.496,0.74,1.0009,0.68,1.0542,92
1579999913.677,0.74,0.997,0.68,1.0512,92
1579999913.858,0.77,0.9683,0.69,1.0609,92
1579999914.046,0.76,0.9828,0.66,1.0817,92
1579999914.229,0.72,1.0177,0.66,1.0845,92
1579999914.411,0.71,1.0309,0.66,1.0801,92
1579999914.592,0.73,1.0015,0.67,1.0684,92
1579999914.773,0.71,1.0251,0.69,1.0562,92
1579999914.954,0.73,1.0099,0.68,1.0553,92
1579999915.135,0.74,1.004,0.68,1.0586,92
1579999915.29,0.79,0.9552,0.68,1.0567,92
1579999915.477,0.76,0.9867,0.66,1.0752,93
1579999915.66,0.73,1.0125,0.67,1.0716,93
1579999915.841,0.72,1.0229,0.7,1.0506,93
1579999916.023,0.74,1.0043,0.71,1.0299,93
1579999916.205,0.75,0.9886,0.72,1.0268,93
1579999916.387,0.76,0.9877,0.72,1.0341,93
1579999916.569,0.76,0.9792,0.65,1.0783,93
1579999916.752,0.77,0.9748,0.59,1.1246,93
1579999916.933,0.76,0.9844,0.61,1.129,93
1579999917.124,0.72,1.0166,0.61,1.1175,93
1579999917.306,0.75,0.9932,0.65,1.0902,93
1579999917.488,0.72,1.0165,0.67,1.0581,93
1579999917.671,0.74,0.9978,0.69,1.0481,93
1579999917.855,0.74,0.9972,0.69,1.0538,93
1579999918.008,0.8,0.9425,0.68,1.0586,93
1579999918.194,0.76,0.9808,0.68,1.0638,94
1579999918.388,0.76,0.9855,0.67,1.0712,94
1579999918.574,0.74,0.9999,0.66,1.0735,94
1579999918.758,0.74,0.9979,0.67,1.0655,94
1579999918.94,0.75,0.9873,0.69,1.0529,94
1579999919.121,0.75,0.9923,0.69,1.0577,94
1579999919.303,0.76,0.9881,0.69,1.0452,94
1579999919.485,0.76,0.9795,0.71,1.033,94
1579999919.667,0.79,0.9569,0.64,1.0851,94
1579999919.85,0.77,0.9719,0.64,1.1001,94
1579999920.044,0.76,0.9805,0.64,1.0997,94
1579999920.248,0.73,1.0129,0.65,1.0959,94
1579999920.443,0.73,1.0037,0.65,1.0849,94
1579999920.626,0.75,0.9943,0.67,1.0657,94
1579999920.78,0.79,0.9499,0.68,1.051,94
1579999920.963,0.76,0.9824,0.69,1.0453,95
1579999921.148,0.78,0.9617,0.69,1.053,95
1579999921.328,0.76,0.9808,0.68,1.0587,95
1579999921.509,0.76,0.9792,0.68,1.0552,95
1579999921.692,0.76,0.9818,0.69,1.0539,95
1579999921.874,0.75,0.9946,0.68,1.0565,95
1579999922.058,0.76,0.9797,0.68,1.0481,95
1579999922.24,0.77,0.9676,0.69,1.0454,95
1579999922.421,0.8,0.9469,0.69,1.0626,95
1579999922.602,0.77,0.9692,0.67,1.078,95
1579999922.786,0.79,0.9551,0.63,1.0992,95
1579999922.97,0.74,1.0004,0.63,1.109,95
1579999923.151,0.75,0.9962,0.63,1.1057,95
1579999923.334,0.74,1.0026,0.64,1.0875,95
1579999923.487,0.79,0.9446,0.68,1.069,95
1579999923.671,0.76,0.9871,0.67,1.0617,96
1579999923.858,0.79,0.9563,0.68,1.0563,96
1579999924.042,0.79,0.9573,0.67,1.0501,96
1579999924.228,0.77,0.9673,0.69,1.0465,96
1579999924.411,0.78,0.9639,0.7,1.0479,96
1579999924.591,0.77,0.9732,0.67,1.0632,96
1579999924.772,0.77,0.9754,0.67,1.069,96
1579999924.954,0.78,0.9563,0.66,1.0677,96
1579999925.134,0.8,0.9391,0.64,1.0754,96
1579999925.319,0.79,0.9534,0.63,1.0859,96
1579999925.5,0.8,0.9447,0.64,1.0806,96
1579999925.684,0.77,0.9795,0.65,1.0745,96
1579999925.871,0.78,0.9726,0.65,1.0736,96
1579999926.054,0.77,0.9764,0.67,1.074,96
1579999926.22,0.82,0.9298,0.66,1.0754,96
1579999926.431,0.77,0.9731,0.67,1.0658,97
1579999926.623,0.8,0.9488,0.67,1.0627,97
1579999926.804,0.79,0.9545,0.67,1.0642,97
1579999926.987,0.79,0.9547,0.68,1.07,97
1579999927.169,0.79,0.9475,0.67,1.0733,97
1579999927.351,0.79,0.9584,0.65,1.0802,97
1579999927.532,0.77,0.966,0.66,1.0784,97
1579999927.714,0.79,0.9512,0.67,1.0784,97
1579999927.895,0.8,0.9426,0.65,1.0961,97
1579999928.08,0.79,0.9551,0.63,1.1025,97
1579999928.266,0.78,0.9551,0.65,1.0902,97
1579999928.456,0.77,0.9778,0.68,1.0647,97
1579999928.648,0.79,0.963,0.67,1.0628,97
1579999928.83,0.77,0.9715,0.67,1.0702,97
1579999928.983,0.82,0.9293,0.68,1.068,97
1579999929.166,0.78,0.9678,0.69,1.0578,98
1579999929.351,0.8,0.9433,0.69,1.0517,98
1579999929.532,0.79,0.9586,0.7,1.0467,98
1579999929.714,0.79,0.9543,0.69,1.0542,98
1579999929.895,0.8,0.9458,0.67,1.0639,98
1579999930.076,0.79,0.954,0.68,1.0572,98
1579999930.26,0.79,0.9555,0.68,1.0625,98
1579999930.443,0.79,0.9521,0.69,1.0584,98
1579999930.632,0.8,0.9497,0.66,1.0795,98
1579999930.814,0.79,0.9563,0.63,1.1038,98
1579999930.995,0.81,0.9384,0.64,1.0943,98
1579999931.176,0.76,0.9805,0.65,1.0824,98
1579999931.358,0.77,0.9757,0.68,1.0575,98
1579999931.542,0.77,0.9724,0.66,1.0636,98
1579999931.703,0.81,0.9309,0.66,1.0655,98
1579999931.886,0.77,0.969,0.65,1.0777,99
1579999932.067,0.79,0.9552,0.66,1.0799,99
1579999932.247,0.78,0.9682,0.68,1.0624,99
1579999932.43,0.79,0.9538,0.67,1.0519,99
1579999932.611,0.81,0.9422,0.7,1.0443,99
1579999932.793,0.8,0.9485,0.7,1.0394,99
1579999932.974,0.79,0.9501,0.68,1.0546,99
1579999933.156,0.8,0.9467,0.7,1.0591,99
1579999933.34,0.8,0.9436,0.66,1.073,99
1579999933.525,0.79,0.9623,0.66,1.0795,99
1579999933.71,0.8,0.9417,0.65,1.0761,99
1579999933.891,0.78,0.9679,0.68,1.051,99
1579999934.074,0.79,0.9595,0.69,1.0507,99
1579999934.256,0.77,0.976,0.69,1.0489,99
1579999934.415,0.82,0.9267,0.71,1.0449,99
