1579054499.909,0.24,1.3879,0.31,1.3832,0
1579054500.603,0.26,1.384,0.31,1.3788,0
1579054501.254,0.25,1.382,0.38,1.3755,0
1579054501.91,0.33,1.3787,0.37,1.3721,0
1579054502.574,0.37,1.3744,0.4,1.368,0
1579054503.226,0.35,1.3711,0.37,1.3623,0
1579054503.889,0.37,1.3647,0.35,1.3556,0
1579054504.552,0.39,1.3544,0.35,1.347,0
1579054505.216,0.37,1.348,0.35,1.3374,0
1579054505.929,0.39,1.3359,0.37,1.3263,0
1579054506.602,0.38,1.3249,0.36,1.311,0
1579054507.263,0.39,1.3113,0.37,1.2942,0
1579054507.585,0.38,1.3,0.38,1.2808,0
1579054508.244,0.41,1.2718,0.37,1.2697,1
1579054508.897,0.39,1.2725,0.41,1.2481,1
1579054509.561,0.4,1.2505,0.44,1.2326,1
1579054510.215,0.4,1.2483,0.45,1.2192,1
1579054510.872,0.41,1.2266,0.44,1.2075,1
1579054511.534,0.39,1.2482,0.45,1.2023,1
1579054512.184,0.41,1.2459,0.47,1.195,1
1579054512.847,0.43,1.224,0.45,1.1963,1
1579054513.5,0.42,1.252,0.44,1.193,1
1579054514.157,0.43,1.2196,0.4,1.1921,1
1579054514.85,0.42,1.2292,0.41,1.1882,1
1579054515.51,0.41,1.2321,0.41,1.184,1
1579054515.827,0.43,1.2242,0.47,1.1814,1
1579054516.489,0.43,1.205,0.49,1.1796,2
1579054517.146,0.43,1.2129,0.47,1.1776,2
1579054517.808,0.44,1.2028,0.48,1.1766,2
1579054518.454,0.44,1.2062,0.47,1.1762,2
1579054519.119,0.45,1.1881,0.48,1.1748,2
1579054519.786,0.44,1.2111,0.51,1.1733,2
1579054520.449,0.45,1.2058,0.51,1.1719,2
1579054521.107,0.47,1.1841,0.52,1.17,2
1579054521.761,0.44,1.2012,0.49,1.1683,2
1579054522.405,0.46,1.1864,0.45,1.1645,2
1579054523.06,0.44,1.19,0.48,1.1595,2
1579054523.711,0.45,1.1967,0.45,1.1536,2
1579054524.033,0.47,1.1861,0.51,1.1503,2
1579054524.686,0.46,1.1768,0.5,1.1461,3
1579054525.382,0.45,1.1851,0.43,1.1434,3
1579054526.042,0.46,1.176,0.44,1.1415,3
1579054526.697,0.46,1.1782,0.44,1.139,3
1579054527.353,0.48,1.159,0.46,1.1392,3
1579054528.002,0.46,1.1864,0.49,1.1408,3
1579054528.662,0.47,1.1802,0.51,1.1429,3
1579054529.319,0.48,1.1574,0.5,1.1418,3
1579054529.981,0.47,1.1758,0.46,1.1485,3
1579054530.637,0.47,1.1686,0.48,1.1438,3
1579054531.294,0.46,1.1696,0.49,1.1355,3
1579054531.947,0.46,1.1732,0.48,1.134,3
1579054532.284,0.48,1.1652,0.52,1.1321,3
1579054532.938,0.48,1.1596,0.47,1.1343,4
1579054533.597,0.48,1.1629,0.43,1.1327,4
1579054534.254,0.48,1.1603,0.47,1.1203,4
1579054534.908,0.48,1.1589,0.49,1.1152,4
1579054535.56,0.48,1.1438,0.43,1.1146,4
1579054536.214,0.48,1.167,0.45,1.1217,4
1579054536.871,0.47,1.1656,0.47,1.1177,4
1579054537.522,0.5,1.1364,0.5,1.1131,4
1579054538.184,0.47,1.1625,0.49,1.1161,4
1579054538.834,0.49,1.1502,0.44,1.1218,4
1579054539.485,0.48,1.1519,0.46,1.1169,4
1579054540.134,0.48,1.1581,0.46,1.1061,4
1579054540.457,0.49,1.1443,0.53,1.1073,4
1579054541.116,0.49,1.1414,0.5,1.1121,5
1579054541.765,0.49,1.1453,0.44,1.118,5
1579054542.417,0.49,1.1431,0.47,1.104,5
1579054543.065,0.51,1.1397,0.49,1.0943,5
1579054543.714,0.5,1.1259,0.47,1.0963,5
1579054544.42,0.49,1.15,0.47,1.1063,5
1579054545.074,0.49,1.1495,0.5,1.1024,5
1579054545.728,0.51,1.1185,0.5,1.0928,5
1579054546.384,0.49,1.1463,0.49,1.1018,5
1579054547.034,0.5,1.1353,0.44,1.1097,5
1579054547.702,0.49,1.1358,0.46,1.0974,5
1579054548.357,0.5,1.1404,0.5,1.0881,5
1579054548.674,0.5,1.1326,0.52,1.0956,5
1579054549.328,0.51,1.1234,0.48,1.1112,6
1579054549.974,0.5,1.1317,0.47,1.1027,6
1579054550.635,0.5,1.1253,0.47,1.0824,6
1579054551.291,0.5,1.1253,0.48,1.0791,6
1579054551.949,0.51,1.1093,0.43,1.0975,6
1579054552.603,0.5,1.1356,0.46,1.0988,6
1579054553.247,0.5,1.1337,0.51,1.084,6
1579054553.903,0.51,1.1022,0.5,1.0811,6
1579054554.56,0.5,1.1316,0.44,1.1066,6
1579054555.209,0.51,1.1241,0.43,1.1056,6
1579054555.881,0.5,1.1235,0.51,1.0772,6
1579054556.537,0.51,1.1268,0.51,1.0738,6
1579054556.857,0.5,1.1208,0.49,1.0961,6
1579054557.522,0.51,1.1099,0.45,1.1154,7
1579054558.171,0.5,1.1224,0.47,1.0857,7
1579054558.821,0.51,1.1088,0.52,1.0691,7
1579054559.464,0.5,1.1145,0.44,1.0712,7
1579054560.13,0.52,1.095,0.44,1.1005,7
1579054560.79,0.51,1.1258,0.49,1.0953,7
1579054561.443,0.51,1.1215,0.49,1.0775,7
1579054562.09,0.52,1.0904,0.47,1.0743,7
1579054562.741,0.51,1.1207,0.46,1.1004,7
1579054563.388,0.51,1.1126,0.45,1.1081,7
1579054564.042,0.51,1.1148,0.49,1.0763,7
1579054564.694,0.51,1.1154,0.54,1.0668,7
1579054565.066,0.51,1.1113,0.5,1.0824,7
1579054565.726,0.52,1.0993,0.5,1.112,8
1579054566.373,0.51,1.1111,0.5,1.0968,8
1579054567.029,0.52,1.1005,0.51,1.0687,8
1579054567.69,0.52,1.0992,0.51,1.0625,8
1579054568.339,0.52,1.0898,0.45,1.0794,8
1579054568.992,0.52,1.1094,0.47,1.1013,8
1579054569.643,0.51,1.1145,0.5,1.0866,8
1579054570.289,0.54,1.0774,0.47,1.0723,8
1579054570.952,0.51,1.1127,0.5,1.077,8
1579054571.603,0.53,1.1005,0.47,1.0945,8
1579054572.249,0.52,1.1005,0.47,1.0937,8
1579054572.9,0.51,1.1119,0.49,1.067,8
1579054573.216,0.53,1.091,0.51,1.0743,8
1579054573.873,0.52,1.0953,0.5,1.0834,9
1579054574.52,0.52,1.0949,0.5,1.0974,9
1579054575.177,0.53,1.0923,0.48,1.081,9
1579054575.824,0.52,1.0874,0.5,1.063,9
1579054576.468,0.53,1.0759,0.49,1.0667,9
1579054577.128,0.52,1.1027,0.48,1.0784,9
1579054577.78,0.53,1.0974,0.5,1.0858,9
1579054578.435,0.54,1.0705,0.49,1.0745,9
1579054579.113,0.53,1.0949,0.51,1.073,9
1579054579.762,0.53,1.0903,0.5,1.0798,9
1579054580.437,0.53,1.0906,0.49,1.0758,9
1579054581.095,0.52,1.0971,0.48,1.0672,9
1579054581.415,0.53,1.0828,0.51,1.0727,9
1579054582.1,0.53,1.0824,0.48,1.0805,10
1579054582.753,0.53,1.0862,0.48,1.0824,10
1579054583.488,0.54,1.0807,0.51,1.0688,10
1579054584.144,0.53,1.0771,0.48,1.064,10
1579054584.795,0.54,1.0676,0.49,1.0711,10
1579054585.452,0.52,1.0904,0.49,1.077,10
1579054586.107,0.53,1.0898,0.51,1.0677,10
1579054586.767,0.55,1.0587,0.5,1.0661,10
1579054587.43,0.53,1.087,0.49,1.0826,10
1579054588.096,0.54,1.0836,0.48,1.0781,10
1579054588.756,0.53,1.0799,0.49,1.0577,10
1579054589.414,0.53,1.0881,0.53,1.0558,10
1579054589.741,0.53,1.0743,0.5,1.0832,10
1579054590.415,0.53,1.0767,0.49,1.0859,11
1579054591.072,0.53,1.0789,0.51,1.0627,11
1579054591.745,0.54,1.0706,0.53,1.0558,11
1579054592.405,0.53,1.0706,0.49,1.0677,11
1579054593.075,0.54,1.056,0.49,1.0806,11
1579054593.746,0.53,1.0852,0.52,1.0607,11
1579054594.398,0.53,1.0802,0.51,1.0571,11
1579054595.06,0.55,1.0541,0.49,1.07,11
1579054595.719,0.54,1.0757,0.48,1.0912,11
1579054596.368,0.54,1.0816,0.47,1.0583,11
1579054597.02,0.53,1.0719,0.54,1.0475,11
1579054597.671,0.53,1.0869,0.52,1.0598,11
1579054597.994,0.54,1.0615,0.46,1.0962,11
1579054598.654,0.52,1.0779,0.5,1.0678,12
1579054599.302,0.54,1.0701,0.55,1.0514,12
1579054599.946,0.53,1.0687,0.47,1.0567,12
1579054600.621,0.53,1.0627,0.51,1.0736,12
1579054601.274,0.55,1.0513,0.49,1.0659,12
1579054601.971,0.53,1.076,0.53,1.0509,12
1579054602.623,0.54,1.0761,0.51,1.059,12
1579054603.275,0.55,1.0456,0.5,1.0754,12
1579054603.927,0.54,1.0708,0.49,1.0722,12
1579054604.578,0.54,1.0704,0.52,1.0488,12
1579054605.221,0.54,1.0679,0.55,1.0494,12
1579054605.879,0.54,1.0794,0.51,1.0619,12
1579054606.197,0.54,1.0548,0.52,1.08,12
1579054606.888,0.53,1.0694,0.52,1.0573,13
1579054607.537,0.54,1.0644,0.51,1.05,13
1579054608.182,0.55,1.0595,0.49,1.0584,13
1579054608.845,0.53,1.0582,0.5,1.0594,13
1579054609.492,0.55,1.0425,0.51,1.0579,13
1579054610.149,0.54,1.0709,0.51,1.0532,13
1579054610.804,0.54,1.0678,0.52,1.0621,13
1579054611.463,0.56,1.0397,0.52,1.0607,13
1579054612.132,0.55,1.0653,0.49,1.0614,13
1579054612.779,0.54,1.0636,0.48,1.0512,13
1579054613.43,0.54,1.0617,0.51,1.0495,13
1579054614.09,0.54,1.0736,0.52,1.0537,13
1579054614.413,0.55,1.048,0.52,1.0749,13
1579054615.082,0.54,1.0653,0.53,1.0539,14
1579054615.745,0.54,1.0569,0.5,1.0478,14
1579054616.393,0.55,1.0546,0.49,1.0532,14
1579054617.043,0.54,1.0529,0.5,1.0536,14
1579054617.691,0.55,1.0364,0.52,1.0596,14
1579054618.34,0.53,1.0662,0.54,1.0542,14
1579054619.054,0.55,1.0617,0.53,1.0564,14
1579054619.71,0.56,1.0341,0.52,1.0528,14
1579054620.368,0.55,1.0592,0.5,1.059,14
1579054621.028,0.54,1.0593,0.46,1.0463,14
1579054621.698,0.55,1.0579,0.52,1.0435,14
1579054622.355,0.54,1.0677,0.51,1.0548,14
1579054622.673,0.55,1.0433,0.52,1.0681,14
1579054623.328,0.54,1.0596,0.53,1.0445,15
1579054623.975,0.54,1.0507,0.51,1.0485,15
1579054624.62,0.55,1.0506,0.49,1.0521,15
1579054625.28,0.54,1.0471,0.52,1.0455,15
1579054625.927,0.56,1.033,0.53,1.0588,15
1579054626.574,0.54,1.0608,0.52,1.0581,15
1579054627.226,0.55,1.0562,0.51,1.0476,15
1579054627.881,0.56,1.0287,0.52,1.0439,15
1579054628.529,0.55,1.0527,0.51,1.0651,15
1579054629.186,0.54,1.0582,0.51,1.0365,15
1579054629.838,0.55,1.0518,0.52,1.035,15
1579054630.494,0.55,1.0612,0.52,1.0601,15
1579054630.821,0.55,1.0397,0.55,1.0532,15
1579054631.478,0.54,1.0499,0.53,1.0357,16
1579054632.128,0.55,1.0477,0.5,1.0519,16
1579054632.771,0.55,1.0451,0.5,1.0469,16
1579054633.425,0.55,1.0417,0.52,1.0362,16
1579054634.079,0.55,1.0297,0.54,1.0622,16
1579054634.743,0.54,1.0551,0.52,1.0549,16
1579054635.395,0.55,1.0513,0.52,1.0371,16
1579054636.047,0.56,1.023,0.52,1.046,16
1579054636.779,0.56,1.047,0.52,1.0618,16
1579054637.436,0.55,1.0536,0.55,1.0272,16
1579054638.083,0.55,1.0475,0.52,1.0375,16
1579054638.759,0.55,1.0557,0.53,1.0554,16
1579054639.079,0.56,1.0334,0.53,1.0376,16
1579054639.74,0.54,1.0449,0.53,1.034,17
1579054640.4,0.55,1.0399,0.51,1.049,17
1579054641.059,0.55,1.0403,0.53,1.0323,17
1579054641.729,0.55,1.0372,0.51,1.0368,17
1579054642.381,0.56,1.0219,0.52,1.0641,17
1579054643.035,0.55,1.0532,0.53,1.0351,17
1579054643.705,0.55,1.0491,0.53,1.0383,17
1579054644.359,0.57,1.0169,0.53,1.0409,17
1579054645.01,0.56,1.0427,0.52,1.0406,17
1579054645.678,0.55,1.0449,0.53,1.0293,17
1579054646.326,0.56,1.0404,0.53,1.0363,17
1579054646.979,0.55,1.0527,0.52,1.0352,17
1579054647.298,0.56,1.0272,0.55,1.0396,17
1579054647.958,0.55,1.041,0.52,1.0281,18
1579054648.604,0.55,1.0344,0.53,1.0392,18
1579054649.268,0.56,1.0344,0.51,1.0317,18
1579054649.923,0.55,1.0314,0.51,1.0323,18
1579054650.57,0.56,1.0169,0.54,1.0608,18
1579054651.222,0.55,1.0503,0.54,1.0256,18
1579054651.874,0.55,1.0451,0.53,1.0366,18
1579054652.524,0.57,1.0135,0.54,1.0339,18
1579054653.173,0.56,1.0399,0.52,1.0407,18
1579054653.826,0.55,1.0418,0.56,1.0212,18
1579054654.477,0.55,1.0382,0.53,1.034,18
1579054655.191,0.55,1.0513,0.5,1.03,18
1579054655.512,0.56,1.0227,0.53,1.0307,18
1579054656.165,0.55,1.0383,0.53,1.0279,19
1579054656.816,0.55,1.0296,0.53,1.0362,19
1579054657.463,0.56,1.031,0.53,1.0213,19
1579054658.119,0.55,1.0294,0.54,1.0363,19
1579054658.769,0.57,1.0113,0.52,1.0532,19
1579054659.432,0.55,1.0462,0.54,1.0191,19
1579054660.083,0.55,1.0429,0.51,1.0429,19
1579054660.747,0.56,1.0133,0.56,1.0231,19
1579054661.391,0.56,1.0442,0.49,1.0618,19
1579054662.047,0.55,1.0495,0.55,1.0119,19
1579054662.699,0.55,1.0401,0.56,1.0293,19
1579054663.35,0.55,1.0497,0.53,1.0411,19
1579054663.668,0.56,1.0228,0.55,1.0166,19
1579054664.322,0.55,1.04,0.55,1.0266,20
1579054664.987,0.56,1.0253,0.55,1.0421,20
1579054665.635,0.56,1.0309,0.58,1.0146,20
1579054666.299,0.55,1.0304,0.53,1.0396,20
1579054666.965,0.57,1.0097,0.52,1.0609,20
1579054667.618,0.55,1.0466,0.56,1.019,20
1579054668.279,0.55,1.0431,0.52,1.0411,20
1579054668.937,0.57,1.0136,0.54,1.0283,20
1579054669.602,0.56,1.0363,0.51,1.0285,20
1579054670.262,0.56,1.0345,0.55,1.0274,20
1579054670.913,0.56,1.0378,0.56,1.0182,20
1579054671.568,0.55,1.0466,0.54,1.032,20
1579054671.91,0.56,1.0195,0.55,1.0286,20
1579054672.576,0.56,1.0353,0.56,1.0116,21
1579054673.293,0.55,1.0266,0.54,1.0406,21
1579054673.949,0.56,1.0288,0.54,1.0251,21
1579054674.61,0.56,1.0215,0.58,1.0207,21
1579054675.273,0.56,1.0129,0.5,1.06,21
1579054675.945,0.55,1.0432,0.56,1.0272,21
1579054676.614,0.56,1.0358,0.56,1.0217,21
1579054677.26,0.57,1.0028,0.53,1.0303,21
1579054677.923,0.56,1.0293,0.53,1.0289,21
1579054678.59,0.56,1.0326,0.56,1.012,21
1579054679.245,0.56,1.0275,0.56,1.0181,21
1579054679.909,0.56,1.0402,0.55,1.0205,21
1579054680.232,0.57,1.013,0.56,1.0259,21
1579054680.887,0.56,1.0293,0.57,1.0153,22
1579054681.557,0.56,1.0223,0.56,1.0211,22
1579054682.209,0.56,1.0205,0.54,1.0285,22
1579054682.86,0.56,1.02,0.55,1.023,22
1579054683.514,0.57,1.0042,0.51,1.0446,22
1579054684.166,0.55,1.0359,0.57,1.0226,22
1579054684.817,0.56,1.0332,0.54,1.0315,22
1579054685.464,0.57,0.9998,0.57,1.0158,22
1579054686.115,0.57,1.0275,0.53,1.0359,22
1579054686.771,0.56,1.0314,0.56,1.0072,22
1579054687.418,0.56,1.0257,0.59,1.0165,22
1579054688.071,0.56,1.0373,0.56,1.0181,22
1579054688.392,0.57,1.009,0.58,1.0166,22
1579054689.046,0.56,1.0269,0.57,1.0182,23
1579054689.699,0.56,1.0165,0.56,1.018,23
1579054690.353,0.56,1.018,0.56,1.0193,23
1579054691.013,0.56,1.016,0.55,1.0327,23
1579054691.717,0.57,0.9997,0.55,1.0373,23
1579054692.366,0.55,1.0311,0.57,1.0166,23
1579054693.01,0.56,1.0297,0.53,1.034,23
1579054693.662,0.57,0.9991,0.56,1.0109,23
1579054694.318,0.56,1.0312,0.49,1.0637,23
1579054694.992,0.55,1.0429,0.55,0.9986,23
1579054695.642,0.56,1.0336,0.58,1.0174,23
1579054696.288,0.56,1.037,0.55,1.0277,23
1579054696.637,0.57,1.0093,0.55,1.0059,23
1579054697.287,0.55,1.0315,0.56,1.0236,24
1579054697.942,0.57,1.0153,0.6,1.02,24
1579054698.599,0.56,1.0182,0.57,1.0062,24
1579054699.251,0.55,1.0181,0.52,1.0425,24
1579054699.92,0.57,1.0016,0.52,1.0397,24
1579054700.573,0.56,1.0303,0.57,1.0133,24
1579054701.232,0.56,1.0315,0.53,1.0374,24
1579054701.894,0.57,1.0021,0.57,1.0107,24
1579054702.539,0.57,1.0258,0.53,1.027,24
1579054703.194,0.56,1.0244,0.59,1.0155,24
1579054703.859,0.56,1.0218,0.57,1.0041,24
1579054704.513,0.55,1.036,0.58,1.0224,24
1579054704.851,0.57,1.0065,0.6,1.0149,24
1579054705.52,0.56,1.0223,0.54,1.003,25
1579054706.196,0.56,1.0152,0.56,1.0301,25
1579054706.849,0.57,1.0169,0.55,1.0116,25
1579054707.506,0.56,1.0111,0.58,1.0139,25
1579054708.17,0.57,0.9979,0.49,1.0597,25
1579054708.885,0.56,1.0355,0.56,1.0122,25
1579054709.552,0.56,1.0302,0.55,1.0214,25
1579054710.248,0.58,0.9921,0.55,1.0277,25
1579054710.895,0.56,1.0198,0.58,1.012,25
1579054711.56,0.57,1.0207,0.58,1.0107,25
1579054712.215,0.57,1.019,0.57,1.0112,25
1579054712.867,0.56,1.0314,0.59,1.0087,25
1579054713.188,0.57,1.001,0.58,1.0212,25
1579054713.848,0.56,1.022,0.56,1.0018,26
1579054714.501,0.57,1.0101,0.59,1.0147,26
1579054715.164,0.57,1.0128,0.55,1.0169,26
1579054715.813,0.56,1.0087,0.57,1.0135,26
1579054716.467,0.57,0.9966,0.5,1.0491,26
1579054717.119,0.56,1.0292,0.56,1.0122,26
1579054717.767,0.56,1.0246,0.55,1.0187,26
1579054718.42,0.58,0.9891,0.56,1.0221,26
1579054719.069,0.57,1.0176,0.56,1.021,26
1579054719.721,0.57,1.0191,0.58,1.0017,26
1579054720.378,0.57,1.0165,0.57,1.0106,26
1579054721.038,0.56,1.0294,0.58,1.0094,26
1579054721.36,0.57,0.9975,0.58,1.0124,26
1579054722.016,0.56,1.0186,0.58,1.0051,27
1579054722.667,0.57,1.0063,0.57,1.0133,27
1579054723.324,0.57,1.0112,0.55,1.0099,27
1579054723.973,0.56,1.0062,0.56,1.02,27
1579054724.631,0.57,0.9919,0.52,1.0433,27
1579054725.285,0.56,1.0251,0.56,1.0082,27
1579054725.985,0.56,1.0254,0.55,1.0315,27
1579054726.666,0.58,0.9925,0.56,1.0089,27
1579054727.317,0.57,1.0224,0.53,1.0449,27
1579054727.966,0.56,1.0263,0.55,0.9944,27
1579054728.624,0.57,1.0195,0.59,1.0072,27
1579054729.272,0.56,1.0282,0.58,1.0243,27
1579054729.592,0.57,0.9989,0.55,0.9989,27
1579054730.248,0.56,1.0208,0.55,1.0086,28
1579054730.915,0.57,1.0041,0.58,1.0184,28
1579054731.57,0.57,1.0112,0.55,0.9982,28
1579054732.234,0.57,1.0084,0.54,1.0299,28
1579054732.9,0.58,0.9919,0.54,1.0377,28
1579054733.55,0.56,1.0221,0.56,1.0062,28
1579054734.198,0.56,1.0248,0.53,1.0336,28
1579054734.858,0.57,0.9934,0.55,1.0085,28
1579054735.505,0.57,1.0186,0.56,1.0264,28
1579054736.158,0.57,1.0169,0.57,1.0033,28
1579054736.828,0.57,1.0137,0.57,0.9973,28
1579054737.481,0.56,1.0271,0.56,1.0223,28
1579054737.814,0.57,0.9967,0.59,1.0032,28
1579054738.466,0.56,1.015,0.56,0.9952,29
1579054739.124,0.57,1.0041,0.56,1.0245,29
1579054739.778,0.57,1.0116,0.56,0.9982,29
1579054740.432,0.57,1.0041,0.56,1.0122,29
1579054741.133,0.58,0.9888,0.49,1.0522,29
1579054741.799,0.56,1.0257,0.58,1.0046,29
1579054742.454,0.56,1.0276,0.54,1.0267,29
1579054743.162,0.58,0.9883,0.58,1.0134,29
1579054743.819,0.57,1.0122,0.57,1.0095,29
1579054744.471,0.57,1.0126,0.56,1.0109,29
1579054745.143,0.57,1.0122,0.57,0.9957,29
1579054745.795,0.57,1.0238,0.59,1.0078,29
1579054746.125,0.57,0.9913,0.57,1.0141,29
1579054746.786,0.57,1.0133,0.56,0.9918,30
1579054747.446,0.57,1.005,0.58,1.0133,30
1579054748.113,0.57,1.0066,0.53,1.0083,30
1579054748.77,0.57,1.001,0.56,1.0036,30
1579054749.423,0.57,0.9902,0.5,1.0448,30
1579054750.081,0.56,1.0213,0.56,1.0064,30
1579054750.734,0.57,1.0187,0.54,1.0123,30
1579054751.385,0.59,0.9803,0.56,1.016,30
1579054752.047,0.58,1.0094,0.57,1.0096,30
1579054752.705,0.57,1.0106,0.55,0.9985,30
1579054753.36,0.57,1.007,0.56,1.0002,30
1579054754.017,0.57,1.0201,0.58,0.9997,30
1579054754.342,0.58,0.987,0.6,1.012,30
1579054755.026,0.56,1.0108,0.55,0.9924,31
1579054755.681,0.57,1.0008,0.58,1.0058,31
1579054756.343,0.57,1.0036,0.54,1.0094,31
1579054757.008,0.57,0.9992,0.56,1.0071,31
1579054757.655,0.57,0.9865,0.53,1.0386,31
1579054758.312,0.56,1.0172,0.55,1.0027,31
1579054758.978,0.56,1.0191,0.55,1.0221,31
1579054759.628,0.58,0.9804,0.55,1.0071,31
1579054760.287,0.58,1.0095,0.55,1.0198,31
1579054760.936,0.57,1.0109,0.53,0.9918,31
1579054761.587,0.57,1.0061,0.58,0.9986,31
1579054762.309,0.57,1.0189,0.58,1.006,31
1579054762.628,0.58,0.9841,0.56,1.0005,31
1579054763.29,0.56,1.0085,0.55,0.9963,32
1579054763.941,0.58,0.9964,0.57,1.0036,32
1579054764.6,0.57,1.0023,0.54,1.0018,32
1579054765.252,0.57,0.997,0.56,1.0154,32
1579054765.924,0.58,0.9828,0.53,1.0284,32
1579054766.602,0.56,1.012,0.55,0.9987,32
1579054767.267,0.56,1.0176,0.53,1.0304,32
1579054767.923,0.58,0.9818,0.55,1.0003,32
1579054768.598,0.58,1.0148,0.53,1.0422,32
1579054769.248,0.57,1.0193,0.55,0.9828,32
1579054769.91,0.57,1.0104,0.58,0.9991,32
1579054770.572,0.57,1.0179,0.57,1.0134,32
1579054770.903,0.58,0.9842,0.54,0.9904,32
1579054771.61,0.56,1.0114,0.56,1.0008,33
1579054772.26,0.58,0.9948,0.57,1.0032,33
1579054772.921,0.57,1.0022,0.55,0.993,33
1579054773.586,0.57,0.998,0.55,1.0278,33
1579054774.239,0.58,0.9834,0.53,1.0235,33
1579054774.895,0.57,1.0092,0.55,0.9966,33
1579054775.544,0.56,1.0168,0.53,1.0305,33
1579054776.193,0.58,0.9813,0.55,1.0005,33
1579054776.849,0.58,1.0117,0.56,1.0287,33
1579054777.498,0.57,1.011,0.54,0.9899,33
1579054778.153,0.58,1.0029,0.56,0.9897,33
1579054778.809,0.57,1.018,0.56,1.0162,33
1579054779.128,0.58,0.9839,0.56,0.9931,33
1579054779.793,0.57,1.0069,0.54,0.9891,34
1579054780.445,0.58,0.9933,0.57,1.0122,34
1579054781.109,0.57,1.0026,0.54,0.9892,34
1579054781.832,0.57,0.9959,0.56,1.0116,34
1579054782.479,0.58,0.979,0.52,1.0436,34
1579054783.132,0.57,1.0144,0.56,0.9926,34
1579054783.787,0.56,1.0234,0.53,1.0279,34
1579054784.438,0.58,0.9787,0.57,1.0085,34
1579054785.095,0.58,1.0042,0.56,1.0029,34
1579054785.747,0.57,1.0045,0.55,1.005,34
1579054786.402,0.58,1.0018,0.56,0.9894,34
1579054787.064,0.57,1.0172,0.58,0.9969,34
1579054787.388,0.58,0.9777,0.6,1.0081,34
1579054788.055,0.57,1.0053,0.56,0.9834,35
1579054788.709,0.57,0.9964,0.57,1.0026,35
1579054789.357,0.57,0.9981,0.53,1.0,35
1579054790.009,0.57,0.9927,0.56,0.9963,35
1579054790.663,0.58,0.9812,0.51,1.0449,35
1579054791.316,0.57,1.0146,0.55,0.9931,35
1579054792.005,0.57,1.0128,0.54,1.0078,35
1579054792.679,0.59,0.9705,0.54,1.0189,35
1579054793.336,0.58,1.002,0.54,0.9976,35
1579054793.998,0.57,1.0035,0.54,0.9996,35
1579054794.646,0.58,0.9988,0.56,0.9978,35
1579054795.303,0.57,1.0126,0.54,0.988,35
1579054795.641,0.58,0.9758,0.58,1.0152,35
1579054796.301,0.57,1.0053,0.56,0.9838,36
1579054796.95,0.58,0.9935,0.55,0.9961,36
1579054797.602,0.57,0.9953,0.52,1.0083,36
1579054798.276,0.57,0.9922,0.56,0.9949,36
1579054798.926,0.57,0.9812,0.55,1.0374,36
1579054799.576,0.57,1.0107,0.54,0.9929,36
1579054800.255,0.57,1.009,0.55,1.0045,36
1579054800.904,0.59,0.9684,0.56,1.0168,36
1579054801.58,0.58,1.0003,0.54,0.998,36
1579054802.252,0.58,1.0011,0.53,0.993,36
1579054802.951,0.58,0.9973,0.55,0.997,36
1579054803.609,0.57,1.0106,0.54,0.9885,36
1579054803.933,0.58,0.973,0.59,1.0105,36
1579054804.597,0.57,1.0023,0.54,0.9825,37
1579054805.259,0.58,0.9902,0.56,0.9951,37
1579054805.917,0.57,0.9948,0.54,1.0064,37
1579054806.591,0.57,0.9901,0.56,0.9952,37
1579054807.263,0.57,0.9801,0.54,1.0394,37
1579054807.923,0.57,1.0113,0.53,0.9891,37
1579054808.586,0.57,1.0125,0.56,1.0129,37
1579054809.242,0.59,0.9682,0.56,1.0097,37
1579054809.896,0.58,0.9991,0.54,1.0007,37
1579054810.566,0.58,0.9994,0.53,0.9899,37
1579054811.241,0.58,0.9962,0.54,0.9926,37
1579054811.891,0.57,1.0086,0.55,0.9939,37
1579054812.211,0.59,0.97,0.58,1.0037,37
1579054812.871,0.57,0.9995,0.54,0.9817,38
1579054813.527,0.58,0.9872,0.56,0.9962,38
1579054814.184,0.57,0.9945,0.53,0.9997,38
1579054814.854,0.58,0.9876,0.55,1.001,38
1579054815.513,0.58,0.9761,0.54,1.0317,38
1579054816.165,0.57,1.0061,0.54,0.9873,38
1579054816.847,0.57,1.0134,0.54,1.0225,38
1579054817.504,0.59,0.9703,0.55,1.0013,38
1579054818.154,0.58,1.0017,0.54,1.0165,38
1579054818.829,0.57,1.0022,0.54,0.9819,38
1579054819.479,0.58,0.9971,0.55,0.9928,38
1579054820.192,0.57,1.0076,0.57,0.9996,38
1579054820.521,0.59,0.9692,0.55,0.9936,38
1579054821.182,0.57,0.999,0.55,0.9872,39
1579054821.845,0.58,0.9841,0.56,0.9922,39
1579054822.512,0.57,0.9938,0.53,0.9959,39
1579054823.158,0.58,0.9864,0.56,1.0105,39
1579054823.812,0.58,0.9741,0.55,1.0195,39
1579054824.471,0.57,1.0003,0.53,0.9874,39
1579054825.129,0.57,1.01,0.54,1.0247,39
1579054825.81,0.59,0.9699,0.54,0.9963,39
1579054826.459,0.58,1.0042,0.55,1.0334,39
1579054827.121,0.57,1.0079,0.54,0.9764,39
1579054827.783,0.58,1.0005,0.55,0.9944,39
1579054828.437,0.57,1.0065,0.57,1.0024,39
1579054828.769,0.59,0.9687,0.55,0.9897,39
1579054829.433,0.57,0.9999,0.54,0.9911,40
1579054830.12,0.58,0.9833,0.56,0.9913,40
1579054830.787,0.57,0.9931,0.51,0.9913,40
1579054831.477,0.58,0.9858,0.55,1.0161,40
1579054832.147,0.58,0.9727,0.52,1.0174,40
1579054832.814,0.57,0.9979,0.53,0.9882,40
1579054833.485,0.57,1.0079,0.54,1.0251,40
1579054834.15,0.59,0.9693,0.54,0.9942,40
1579054834.812,0.58,1.0014,0.55,1.0296,40
1579054835.498,0.57,1.0038,0.52,0.9803,40
1579054836.164,0.58,0.995,0.55,0.9861,40
1579054836.823,0.58,1.0053,0.54,1.0051,40
1579054837.149,0.59,0.9685,0.55,0.988,40
1579054837.801,0.57,0.9983,0.55,0.9871,41
1579054838.501,0.58,0.9822,0.56,0.9954,41
1579054839.167,0.57,0.991,0.52,0.9856,41
1579054839.827,0.58,0.9854,0.56,1.0114,41
1579054840.491,0.58,0.9695,0.54,1.0238,41
1579054841.162,0.57,0.9984,0.54,0.9865,41
1579054841.817,0.57,1.0089,0.54,1.0297,41
1579054842.48,0.59,0.971,0.55,0.99,41
1579054843.147,0.58,0.9984,0.54,1.0226,41
1579054843.802,0.58,1.0003,0.55,0.9863,41
1579054844.46,0.58,0.9919,0.55,0.9809,41
1579054845.123,0.58,1.0042,0.54,1.0059,41
1579054845.451,0.59,0.9682,0.57,0.9872,41
1579054846.119,0.58,0.9945,0.55,0.9812,42
1579054846.808,0.58,0.982,0.57,1.0022,42
1579054847.477,0.57,0.9901,0.54,0.9834,42
1579054848.136,0.58,0.9844,0.56,1.0033,42
1579054848.797,0.59,0.9669,0.54,1.0324,42
1579054849.457,0.57,1.0005,0.55,0.9854,42
1579054850.109,0.57,1.0124,0.54,1.031,42
1579054850.76,0.59,0.9698,0.55,0.9921,42
1579054851.424,0.59,0.9932,0.56,1.006,42
1579054852.091,0.58,0.9949,0.54,0.9973,42
1579054852.747,0.58,0.9904,0.55,0.9769,42
1579054853.406,0.58,1.0039,0.52,1.0016,42
1579054853.731,0.59,0.965,0.56,0.9942,42
1579054854.388,0.57,0.9926,0.57,0.9746,43
1579054855.037,0.58,0.9853,0.56,1.0063,43
1579054855.716,0.57,0.9907,0.52,0.9844,43
1579054856.368,0.58,0.9818,0.55,0.9912,43
1579054857.064,0.58,0.9681,0.55,1.044,43
1579054857.724,0.57,1.0062,0.55,0.9825,43
1579054858.378,0.57,1.012,0.54,1.0137,43
1579054859.035,0.6,0.9621,0.57,1.0083,43
1579054859.695,0.59,0.9895,0.53,0.9889,43
1579054860.358,0.58,0.9958,0.55,1.0048,43
1579054861.013,0.58,0.9907,0.54,0.9826,43
1579054861.706,0.58,1.0006,0.55,0.9834,43
1579054862.027,0.59,0.9612,0.59,1.0152,43
1579054862.701,0.57,0.9974,0.57,0.9744,44
1579054863.361,0.58,0.9861,0.54,0.989,44
1579054864.015,0.57,0.9852,0.53,1.0073,44
1579054864.672,0.57,0.9846,0.55,0.984,44
1579054865.333,0.57,0.9746,0.55,1.0287,44
1579054865.995,0.57,0.9997,0.54,0.9907,44
1579054866.654,0.58,0.9961,0.55,0.9903,44
1579054867.353,0.6,0.9588,0.54,1.0184,44
1579054868.02,0.58,0.9909,0.53,0.9912,44
1579054868.682,0.58,0.9902,0.54,0.9855,44
1579054869.328,0.58,0.9874,0.55,0.9966,44
1579054869.984,0.58,0.9993,0.55,0.9801,44
1579054870.315,0.59,0.9587,0.57,1.0063,44
1579054870.981,0.58,0.9921,0.55,0.9786,45
1579054871.632,0.58,0.9788,0.57,0.9837,45
1579054872.285,0.58,0.9839,0.53,1.0031,45
1579054872.942,0.58,0.9811,0.54,0.9876,45
1579054873.595,0.58,0.9677,0.54,1.0175,45
1579054874.302,0.58,0.9944,0.52,0.988,45
1579054874.978,0.58,0.996,0.55,0.9959,45
1579054875.632,0.6,0.9564,0.57,1.0082,45
1579054876.289,0.59,0.9879,0.55,1.0019,45
1579054876.96,0.58,0.9912,0.54,0.9831,45
1579054877.616,0.58,0.9877,0.54,0.9966,45
1579054878.275,0.58,0.9978,0.56,0.9849,45
1579054878.607,0.59,0.9567,0.58,1.0028,45
1579054879.277,0.58,0.9913,0.56,0.979,46
1579054879.933,0.59,0.977,0.58,0.9873,46
1579054880.59,0.57,0.9837,0.53,0.9987,46
1579054881.256,0.58,0.9788,0.55,0.9927,46
1579054881.912,0.58,0.967,0.54,1.0222,46
1579054882.565,0.58,0.9947,0.52,0.983,46
1579054883.223,0.57,1.0,0.54,1.0099,46
1579054883.879,0.6,0.9574,0.57,0.9984,46
1579054884.535,0.59,0.9896,0.55,1.0105,46
1579054885.193,0.58,0.9915,0.53,0.9779,46
1579054885.883,0.58,0.9873,0.55,0.992,46
1579054886.542,0.58,0.9963,0.54,0.9932,46
1579054886.863,0.59,0.9542,0.56,0.9919,46
1579054887.526,0.58,0.9886,0.53,0.9813,47
1579054888.181,0.59,0.9737,0.58,0.9883,47
1579054888.829,0.57,0.9837,0.54,0.9918,47
1579054889.484,0.58,0.9765,0.56,1.0009,47
1579054890.157,0.59,0.9643,0.54,1.016,47
1579054890.808,0.58,0.9911,0.52,0.9813,47
1579054891.527,0.57,1.0018,0.54,1.0225,47
1579054892.176,0.59,0.9603,0.55,0.9922,47
1579054892.842,0.59,0.9951,0.56,1.0325,47
1579054893.507,0.57,1.0009,0.55,0.9722,47
1579054894.159,0.58,0.9919,0.55,0.9892,47
1579054894.811,0.58,0.9951,0.57,1.0007,47
1579054895.132,0.59,0.9554,0.55,0.985,47
1579054895.81,0.58,0.9919,0.54,0.9857,48
1579054896.468,0.59,0.9736,0.59,0.9874,48
1579054897.13,0.57,0.9842,0.53,0.9871,48
1579054897.797,0.58,0.9775,0.55,1.0119,48
1579054898.476,0.59,0.9648,0.54,1.0113,48
1579054899.139,0.58,0.9881,0.53,0.9833,48
1579054899.799,0.57,1.0009,0.54,1.023,48
1579054900.452,0.6,0.9602,0.55,0.9911,48
1579054901.105,0.59,0.9931,0.53,1.0235,48
1579054901.766,0.58,0.9932,0.54,0.976,48
1579054902.423,0.58,0.9846,0.54,0.9804,48
1579054903.081,0.58,0.9952,0.56,1.0052,48
1579054903.401,0.59,0.9541,0.55,0.9842,48
1579054904.057,0.58,0.9887,0.55,0.9812,49
1579054904.725,0.59,0.9715,0.58,0.9942,49
1579054905.375,0.57,0.9837,0.52,0.9813,49
1579054906.03,0.58,0.9754,0.57,1.0059,49
1579054906.719,0.59,0.9609,0.54,1.023,49
1579054907.374,0.58,0.9898,0.53,0.981,49
1579054908.047,0.58,1.0032,0.55,1.028,49
1579054908.707,0.59,0.9617,0.56,0.9898,49
1579054909.416,0.59,0.9865,0.56,1.0121,49
1579054910.08,0.58,0.9892,0.53,0.991,49
1579054910.739,0.58,0.9827,0.56,0.9732,49
1579054911.4,0.58,0.9951,0.52,1.0016,49
1579054911.734,0.6,0.9524,0.56,0.9899,49
1579054912.393,0.58,0.9859,0.56,0.9758,50
1579054913.057,0.59,0.9744,0.57,1.0018,50
1579054913.716,0.57,0.9829,0.52,0.9814,50
1579054914.368,0.58,0.975,0.54,0.9953,50
1579054915.035,0.59,0.9592,0.56,1.0353,50
1579054915.708,0.58,0.9939,0.53,0.9809,50
1579054916.381,0.57,1.0042,0.54,1.02,50
1579054917.047,0.6,0.9575,0.55,0.9944,50
1579054917.704,0.59,0.9817,0.55,0.9966,50
1579054918.358,0.58,0.9864,0.55,1.0006,50
1579054919.021,0.58,0.9818,0.54,0.9741,50
1579054919.673,0.58,0.9946,0.55,0.9917,50
1579054920.019,0.6,0.9496,0.57,0.9993,50
1579054920.675,0.58,0.9847,0.56,0.9726,51
1579054921.34,0.59,0.9781,0.58,0.9995,51
1579054921.997,0.58,0.9798,0.53,0.9901,51
1579054922.659,0.58,0.9733,0.55,0.9836,51
1579054923.318,0.58,0.9627,0.56,1.0418,51
1579054923.97,0.57,0.9968,0.53,0.9825,51
1579054924.63,0.58,0.9971,0.56,1.0036,51
1579054925.299,0.6,0.9501,0.55,1.0106,51
1579054925.951,0.59,0.9802,0.54,0.9872,51
1579054926.622,0.58,0.9861,0.55,1.002,51
1579054927.288,0.59,0.9803,0.53,0.9828,51
1579054927.992,0.58,0.9907,0.55,0.98,51
1579054928.312,0.6,0.9464,0.58,1.0111,51
1579054928.976,0.58,0.9867,0.56,0.9724,52
1579054929.628,0.59,0.9765,0.59,0.9873,52
1579054930.29,0.58,0.9754,0.53,1.0023,52
1579054930.949,0.58,0.9746,0.55,0.9812,52
1579054931.61,0.58,0.9646,0.56,1.0272,52
1579054932.262,0.58,0.9901,0.53,0.987,52
1579054932.911,0.59,0.988,0.54,0.994,52
1579054933.571,0.6,0.9484,0.55,1.0171,52
1579054934.227,0.59,0.9805,0.53,0.9924,52
1579054934.902,0.58,0.983,0.53,0.9903,52
1579054935.556,0.59,0.9777,0.54,0.9953,52
1579054936.205,0.58,0.9896,0.55,0.9804,52
1579054936.565,0.6,0.9451,0.57,1.0085,52
1579054937.225,0.58,0.9837,0.57,0.9756,53
1579054937.874,0.59,0.9705,0.59,0.986,53
1579054938.541,0.58,0.9747,0.53,1.0037,53
1579054939.198,0.58,0.9725,0.55,0.9857,53
1579054939.849,0.58,0.9609,0.54,1.023,53
1579054940.514,0.58,0.9871,0.52,0.987,53
1579054941.173,0.59,0.9885,0.55,1.0001,53
1579054941.828,0.6,0.947,0.57,1.013,53
1579054942.481,0.59,0.9788,0.55,0.999,53
1579054943.129,0.58,0.9821,0.54,0.9881,53
1579054943.788,0.59,0.9774,0.55,0.9949,53
1579054944.438,0.59,0.9879,0.54,0.9856,53
1579054944.755,0.6,0.9422,0.55,1.0052,53
1579054945.413,0.58,0.982,0.55,0.9773,54
1579054946.121,0.59,0.9685,0.58,0.99,54
1579054946.784,0.58,0.9755,0.52,1.0001,54
1579054947.437,0.58,0.97,0.53,0.991,54
1579054948.083,0.59,0.9596,0.55,1.0257,54
1579054948.735,0.58,0.9876,0.52,0.9836,54
1579054949.385,0.58,0.9923,0.55,1.0087,54
1579054950.052,0.6,0.9469,0.55,1.0084,54
1579054950.71,0.59,0.9799,0.54,1.0081,54
1579054951.358,0.58,0.9841,0.56,0.9856,54
1579054952.013,0.59,0.9791,0.53,0.9938,54
1579054952.662,0.59,0.987,0.55,0.9898,54
1579054952.987,0.6,0.941,0.53,1.0025,54
1579054953.643,0.58,0.9824,0.53,0.9804,55
1579054954.293,0.59,0.9673,0.58,0.9907,55
1579054954.953,0.58,0.9759,0.53,0.9995,55
1579054955.601,0.59,0.9685,0.54,0.9974,55
1579054956.27,0.59,0.9593,0.54,1.0242,55
1579054956.929,0.58,0.9856,0.53,0.9847,55
1579054957.585,0.58,0.9921,0.55,1.0126,55
1579054958.264,0.6,0.9471,0.53,1.006,55
1579054958.939,0.59,0.9836,0.56,1.0248,55
1579054959.594,0.58,0.9887,0.56,0.9782,55
1579054960.263,0.59,0.9822,0.53,0.9996,55
1579054960.921,0.59,0.9877,0.55,0.9928,55
1579054961.255,0.61,0.9407,0.54,0.9963,55
1579054961.914,0.58,0.9817,0.55,0.9867,56
1579054962.572,0.59,0.9644,0.59,0.9864,56
1579054963.24,0.57,0.9756,0.53,0.9983,56
1579054963.893,0.59,0.968,0.56,1.006,56
1579054964.592,0.59,0.9567,0.54,1.0135,56
1579054965.251,0.59,0.9796,0.53,0.9884,56
1579054965.907,0.58,0.9886,0.55,1.0123,56
1579054966.57,0.6,0.9463,0.55,0.9994,56
1579054967.241,0.59,0.9824,0.54,1.0342,56
1579054967.896,0.58,0.9897,0.56,0.9737,56
1579054968.552,0.59,0.9838,0.55,1.0002,56
1579054969.207,0.59,0.9881,0.55,0.9931,56
1579054969.528,0.61,0.9381,0.54,0.9896,56
1579054970.189,0.58,0.9802,0.54,0.9917,57
1579054970.844,0.59,0.9632,0.58,0.9863,57
1579054971.502,0.57,0.9751,0.53,0.9936,57
1579054972.169,0.59,0.9661,0.56,1.0114,57
1579054972.823,0.59,0.9544,0.55,1.0119,57
1579054973.481,0.59,0.9776,0.53,0.988,57
1579054974.13,0.58,0.9875,0.55,1.0174,57
1579054974.78,0.6,0.9472,0.53,0.9939,57
1579054975.446,0.59,0.9816,0.54,1.0385,57
1579054976.098,0.58,0.9906,0.54,0.9751,57
1579054976.751,0.59,0.9808,0.54,0.9923,57
1579054977.414,0.59,0.9854,0.52,0.999,57
1579054977.738,0.6,0.9376,0.55,0.9857,57
1579054978.398,0.58,0.9809,0.54,0.9934,58
1579054979.052,0.59,0.9626,0.59,0.9897,58
1579054979.711,0.58,0.9727,0.52,0.9872,58
1579054980.377,0.59,0.9664,0.55,1.0162,58
1579054981.025,0.6,0.9529,0.54,1.011,58
1579054981.763,0.59,0.9764,0.53,0.9871,58
1579054982.426,0.59,0.9862,0.54,1.0248,58
1579054983.073,0.6,0.9501,0.55,0.9867,58
1579054983.738,0.59,0.9837,0.56,1.0424,58
1579054984.391,0.58,0.9915,0.55,0.9745,58
1579054985.051,0.59,0.9773,0.55,0.9846,58
1579054985.71,0.59,0.9843,0.52,1.0081,58
1579054986.034,0.6,0.9404,0.56,0.9797,58
1579054986.703,0.58,0.9801,0.53,0.989,59
1579054987.363,0.59,0.9607,0.59,0.9971,59
1579054988.022,0.58,0.9715,0.52,0.9824,59
1579054988.696,0.59,0.9676,0.54,1.0165,59
1579054989.358,0.6,0.9501,0.55,1.0131,59
1579054990.013,0.59,0.9754,0.52,0.9853,59
1579054990.685,0.58,0.9882,0.53,1.0349,59
1579054991.349,0.6,0.953,0.57,0.9848,59
1579054992.013,0.59,0.9813,0.53,1.0229,59
1579054992.674,0.59,0.9814,0.53,0.9819,59
1579054993.339,0.59,0.9703,0.55,0.9749,59
1579054994.012,0.58,0.9839,0.52,1.0105,59
1579054994.34,0.6,0.9383,0.57,0.979,59
1579054995.028,0.58,0.9753,0.55,0.9805,60
1579054995.691,0.59,0.9601,0.58,1.003,60
1579054996.357,0.58,0.9716,0.51,0.9801,60
1579054997.023,0.59,0.9663,0.54,1.0068,60
1579054997.682,0.6,0.9487,0.54,1.0266,60
1579054998.339,0.59,0.9795,0.53,0.9837,60
1579054999.074,0.58,0.9951,0.54,1.035,60
1579054999.725,0.6,0.9528,0.56,0.993,60
1579055000.378,0.59,0.9731,0.54,1.002,60
1579055001.036,0.59,0.9754,0.53,0.9991,60
1579055001.684,0.59,0.9721,0.55,0.9716,60
1579055002.347,0.59,0.9849,0.53,0.9995,60
1579055002.672,0.61,0.9319,0.53,0.9924,60
1579055003.329,0.58,0.9727,0.56,0.9736,61
1579055003.987,0.59,0.9654,0.58,1.0063,61
1579055004.642,0.58,0.9735,0.53,0.9852,61
1579055005.297,0.59,0.9634,0.54,0.9914,61
1579055005.966,0.59,0.9499,0.53,1.0414,61
1579055006.622,0.58,0.9862,0.53,0.9844,61
1579055007.282,0.58,0.9947,0.54,1.0145,61
1579055007.939,0.61,0.9422,0.54,1.0124,61
1579055008.59,0.59,0.9706,0.55,0.9961,61
1579055009.251,0.59,0.9816,0.54,1.0075,61
1579055009.901,0.59,0.9739,0.56,0.9817,61
1579055010.556,0.59,0.9801,0.55,0.9863,61
1579055010.875,0.62,0.9321,0.56,1.0195,61
1579055011.549,0.58,0.9829,0.55,0.9751,62
1579055012.211,0.59,0.9676,0.57,0.9903,62
1579055012.86,0.58,0.967,0.54,1.009,62
1579055013.52,0.59,0.9677,0.53,0.9846,62
1579055014.168,0.58,0.9584,0.53,1.0243,62
1579055014.818,0.59,0.9783,0.52,0.9936,62
1579055015.474,0.59,0.9776,0.53,0.9903,62
1579055016.174,0.6,0.9386,0.54,1.0121,62
1579055016.836,0.59,0.9697,0.53,1.0018,62
1579055017.499,0.59,0.9722,0.55,0.9842,62
1579055018.17,0.59,0.9701,0.52,0.9998,62
1579055018.825,0.59,0.9824,0.52,0.9887,62
1579055019.149,0.61,0.9274,0.55,0.9944,62
1579055019.812,0.59,0.9703,0.56,0.9847,63
1579055020.478,0.59,0.9583,0.58,0.9887,63
1579055021.131,0.58,0.9663,0.54,0.9926,63
1579055021.787,0.59,0.9605,0.53,0.9962,63
1579055022.45,0.59,0.9472,0.53,1.0169,63
1579055023.118,0.59,0.9748,0.52,0.9838,63
1579055023.79,0.59,0.9821,0.54,1.0155,63
1579055024.441,0.61,0.9407,0.55,0.9974,63
1579055025.132,0.59,0.9692,0.54,1.0069,63
1579055025.809,0.59,0.9734,0.55,0.9876,63
1579055026.458,0.59,0.9683,0.53,0.9851,63
1579055027.108,0.59,0.9776,0.54,0.994,63
1579055027.436,0.61,0.9251,0.53,0.9933,63
1579055028.091,0.58,0.9694,0.54,0.9782,64
1579055028.757,0.59,0.957,0.58,0.9974,64
1579055029.409,0.58,0.9679,0.51,0.9881,64
1579055030.059,0.59,0.9599,0.53,0.9956,64
1579055030.714,0.59,0.9459,0.53,1.0243,64
1579055031.374,0.59,0.9771,0.52,0.9821,64
1579055032.039,0.58,0.9907,0.53,1.0252,64
1579055032.702,0.61,0.9426,0.52,0.9986,64
1579055033.351,0.59,0.973,0.57,1.0224,64
1579055034.014,0.58,0.9825,0.56,0.9909,64
1579055034.665,0.59,0.9764,0.53,0.9867,64
1579055035.368,0.59,0.9768,0.55,0.9959,64
1579055035.699,0.61,0.9264,0.56,0.9998,64
1579055036.354,0.58,0.978,0.54,0.9834,65
1579055037.011,0.6,0.9589,0.57,0.9931,65
1579055037.661,0.58,0.9667,0.55,0.9941,65
1579055038.311,0.59,0.9593,0.56,1.0037,65
1579055038.973,0.59,0.9506,0.55,1.0216,65
1579055039.624,0.59,0.9744,0.53,0.9863,65
1579055040.296,0.58,0.9835,0.55,1.0173,65
1579055040.954,0.61,0.9405,0.52,1.0021,65
1579055041.621,0.59,0.9786,0.54,1.0291,65
1579055042.276,0.58,0.9807,0.55,0.9748,65
1579055042.928,0.59,0.9702,0.54,0.9953,65
1579055043.584,0.59,0.9808,0.55,1.0025,65
1579055043.912,0.61,0.9262,0.55,0.9862,65
1579055044.578,0.58,0.971,0.54,0.9895,66
1579055045.253,0.6,0.9535,0.58,0.9924,66
1579055045.904,0.58,0.967,0.51,0.9899,66
1579055046.559,0.59,0.9576,0.54,1.0097,66
1579055047.212,0.59,0.9453,0.54,1.0139,66
1579055047.864,0.59,0.9691,0.53,0.9853,66
1579055048.518,0.58,0.982,0.55,1.024,66
1579055049.175,0.61,0.9406,0.53,0.9928,66
1579055049.822,0.59,0.9716,0.55,1.0245,66
1579055050.485,0.59,0.9758,0.55,0.9801,66
1579055051.151,0.6,0.966,0.54,0.9835,66
1579055051.802,0.59,0.9758,0.51,1.0029,66
1579055052.127,0.61,0.9233,0.54,0.9863,66
1579055052.787,0.58,0.9699,0.54,0.9859,67
1579055053.44,0.6,0.9516,0.57,0.996,67
1579055054.092,0.58,0.9648,0.51,0.9858,67
1579055054.809,0.59,0.9576,0.54,1.009,67
1579055055.469,0.6,0.9432,0.54,1.0168,67
1579055056.113,0.59,0.9689,0.54,0.9848,67
1579055056.801,0.58,0.9829,0.54,1.0298,67
1579055057.454,0.61,0.9422,0.54,0.9897,67
1579055058.103,0.59,0.9737,0.54,1.0352,67
1579055058.769,0.58,0.9813,0.56,0.9803,67
1579055059.427,0.6,0.9674,0.55,0.9831,67
1579055060.079,0.59,0.9747,0.53,1.007,67
1579055060.407,0.61,0.9246,0.55,0.9847,67
1579055061.068,0.58,0.9716,0.54,0.9881,68
1579055061.723,0.6,0.9513,0.58,0.9987,68
1579055062.386,0.58,0.9632,0.52,0.9847,68
1579055063.03,0.59,0.9583,0.53,1.0138,68
1579055063.687,0.6,0.9428,0.54,1.017,68
1579055064.338,0.59,0.9678,0.53,0.9848,68
1579055064.992,0.59,0.9826,0.52,1.0328,68
1579055065.664,0.6,0.943,0.54,0.9876,68
1579055066.314,0.59,0.9735,0.54,1.03,68
1579055066.965,0.59,0.9779,0.54,0.9798,68
1579055067.626,0.6,0.9629,0.56,0.978,68
1579055068.271,0.59,0.9756,0.53,1.0134,68
1579055068.594,0.61,0.9262,0.56,0.9816,68
1579055069.272,0.58,0.969,0.54,0.9838,69
1579055069.925,0.59,0.9497,0.57,1.0043,69
1579055070.591,0.58,0.9639,0.54,0.9843,69
1579055071.249,0.59,0.9578,0.54,1.009,69
1579055071.921,0.6,0.9405,0.52,1.0264,69
1579055072.583,0.59,0.9698,0.53,0.9854,69
1579055073.246,0.58,0.9853,0.54,1.032,69
1579055073.913,0.61,0.9414,0.54,0.9906,69
1579055074.57,0.59,0.9652,0.54,1.0056,69
1579055075.233,0.59,0.9673,0.53,0.9932,69
1579055075.945,0.6,0.9606,0.57,0.9731,69
1579055076.601,0.59,0.9769,0.53,1.0067,69
1579055076.926,0.61,0.9204,0.55,0.9881,69
1579055077.59,0.58,0.964,0.54,0.9772,70
1579055078.256,0.59,0.9516,0.56,1.0075,70
1579055078.917,0.58,0.9634,0.53,0.9859,70
1579055079.581,0.59,0.9565,0.54,1.002,70
1579055080.23,0.59,0.941,0.53,1.0357,70
1579055080.888,0.59,0.9735,0.52,0.986,70
1579055081.542,0.58,0.989,0.56,1.0319,70
1579055082.216,0.61,0.9417,0.55,0.9987,70
1579055082.885,0.6,0.9615,0.56,0.9984,70
1579055083.538,0.59,0.9677,0.54,1.0071,70
1579055084.205,0.59,0.9657,0.56,0.9737,70
1579055084.881,0.59,0.977,0.51,0.9988,70
1579055085.204,0.61,0.9161,0.52,0.9988,70
1579055085.87,0.59,0.9647,0.55,0.9752,71
1579055086.53,0.59,0.9577,0.56,1.0096,71
1579055087.194,0.58,0.9651,0.53,0.9894,71
1579055087.856,0.59,0.9546,0.53,0.9904,71
1579055088.505,0.59,0.9424,0.54,1.045,71
1579055089.169,0.58,0.9788,0.52,0.9855,71
1579055089.833,0.59,0.9857,0.54,1.0097,71
1579055090.485,0.61,0.9308,0.53,1.0172,71
1579055091.143,0.6,0.9625,0.54,0.9947,71
1579055091.798,0.59,0.9754,0.55,1.0081,71
1579055092.462,0.59,0.9643,0.56,0.9844,71
1579055093.19,0.59,0.9714,0.55,0.9853,71
1579055093.51,0.62,0.9181,0.57,1.0226,71
1579055094.179,0.59,0.9749,0.55,0.9753,72
1579055094.828,0.59,0.9577,0.56,0.9912,72
1579055095.481,0.58,0.9579,0.55,1.0134,72
1579055096.136,0.59,0.9604,0.54,0.9853,72
1579055096.793,0.59,0.9507,0.53,1.0242,72
1579055097.449,0.59,0.9688,0.54,0.9948,72
1579055098.104,0.59,0.9686,0.52,0.989,72
1579055098.757,0.61,0.9294,0.53,1.015,72
1579055099.418,0.6,0.9608,0.55,1.0022,72
1579055100.086,0.59,0.9636,0.56,0.9853,72
1579055100.739,0.6,0.9612,0.53,1.0047,72
1579055101.402,0.59,0.9748,0.55,0.9898,72
1579055101.722,0.62,0.9128,0.54,0.9962,72
1579055102.399,0.59,0.9617,0.56,0.9876,73
1579055103.051,0.6,0.9497,0.55,0.9899,73
1579055103.712,0.58,0.9575,0.54,0.9941,73
1579055104.367,0.59,0.9521,0.54,0.9973,73
1579055105.025,0.59,0.9383,0.54,1.0149,73
1579055105.683,0.59,0.9651,0.53,0.9854,73
1579055106.336,0.59,0.9727,0.54,1.0136,73
1579055106.985,0.61,0.9298,0.54,0.9981,73
1579055107.652,0.6,0.9594,0.55,1.009,73
1579055108.304,0.59,0.9647,0.56,0.9876,73
1579055108.95,0.6,0.9583,0.53,0.9873,73
1579055109.611,0.59,0.9688,0.52,0.9956,73
1579055109.933,0.62,0.9107,0.54,0.993,73
1579055110.594,0.59,0.9601,0.54,0.9786,74
1579055111.305,0.6,0.9458,0.57,0.9969,74
1579055111.962,0.58,0.9576,0.51,0.99,74
1579055112.626,0.6,0.9518,0.54,0.9957,74
1579055113.282,0.6,0.9374,0.53,1.023,74
1579055113.942,0.59,0.9674,0.54,0.9824,74
1579055114.615,0.58,0.9831,0.54,1.0271,74
1579055115.278,0.61,0.9345,0.53,0.9968,74
1579055115.946,0.6,0.9621,0.56,1.0141,74
1579055116.617,0.59,0.9694,0.56,0.9944,74
1579055117.273,0.6,0.9658,0.55,0.9836,74
1579055117.935,0.59,0.9695,0.52,0.9977,74
1579055118.257,0.61,0.9096,0.54,0.9936,74
1579055118.948,0.59,0.9627,0.55,0.9808,75
1579055119.611,0.6,0.9491,0.57,1.0013,75
1579055120.284,0.58,0.9617,0.53,0.9912,75
1579055120.947,0.6,0.9506,0.55,0.9972,75
1579055121.601,0.6,0.9389,0.56,1.0276,75
1579055122.273,0.59,0.9703,0.53,0.9837,75
1579055122.938,0.58,0.982,0.54,1.0162,75
1579055123.594,0.61,0.9291,0.54,1.0065,75
1579055124.251,0.6,0.9671,0.56,1.0234,75
1579055124.907,0.59,0.9763,0.57,0.9891,75
1579055125.563,0.6,0.9661,0.55,0.9902,75
1579055126.219,0.6,0.9677,0.55,0.9941,75
1579055126.543,0.62,0.9131,0.55,1.004,75
1579055127.212,0.59,0.9698,0.53,0.9807,76
1579055127.862,0.6,0.9456,0.57,0.9904,76
1579055128.516,0.59,0.9575,0.54,1.0004,76
1579055129.18,0.59,0.9526,0.55,0.9987,76
1579055129.883,0.6,0.9414,0.54,1.0199,76
1579055130.543,0.59,0.9635,0.53,0.9879,76
1579055131.201,0.59,0.974,0.54,1.0108,76
1579055131.85,0.61,0.9283,0.54,1.0008,76
1579055132.505,0.6,0.963,0.55,1.017,76
1579055133.164,0.59,0.9654,0.54,0.9776,76
1579055133.822,0.6,0.9578,0.55,0.9938,76
1579055134.472,0.59,0.9714,0.54,0.9975,76
1579055134.797,0.62,0.9088,0.55,0.989,76
1579055135.46,0.59,0.9607,0.55,0.9881,77
1579055136.115,0.6,0.9432,0.57,0.9917,77
1579055136.765,0.58,0.9573,0.53,0.9913,77
1579055137.422,0.59,0.9485,0.54,1.0029,77
1579055138.076,0.6,0.9353,0.54,1.0136,77
1579055138.729,0.59,0.9606,0.53,0.9843,77
1579055139.384,0.59,0.9722,0.56,1.0201,77
1579055140.037,0.61,0.9296,0.54,0.9905,77
1579055140.713,0.6,0.9609,0.55,1.0276,77
1579055141.369,0.59,0.9687,0.55,0.9788,77
1579055142.019,0.6,0.9587,0.56,0.9899,77
1579055142.669,0.6,0.9664,0.5,0.9967,77
1579055142.995,0.62,0.9066,0.54,0.9863,77
1579055143.655,0.59,0.9601,0.54,0.9894,78
1579055144.313,0.6,0.9418,0.56,0.9902,78
1579055144.986,0.59,0.9543,0.54,0.9893,78
1579055145.647,0.6,0.9477,0.53,1.0044,78
1579055146.306,0.6,0.9331,0.54,1.0087,78
1579055147.026,0.59,0.9587,0.53,0.9845,78
1579055147.69,0.59,0.9704,0.55,1.0185,78
1579055148.341,0.61,0.9283,0.53,0.9881,78
1579055148.994,0.6,0.9629,0.53,1.0432,78
1579055149.672,0.59,0.9774,0.54,0.9774,78
1579055150.338,0.6,0.9652,0.54,0.9944,78
1579055151.0,0.6,0.9663,0.52,0.9967,78
1579055151.346,0.62,0.9063,0.56,0.9854,78
1579055152.02,0.59,0.9622,0.53,0.9934,79
1579055152.691,0.6,0.9427,0.56,0.9906,79
1579055153.351,0.59,0.9531,0.52,0.9885,79
1579055154.009,0.6,0.9473,0.53,1.0116,79
1579055154.679,0.6,0.9338,0.55,1.0082,79
1579055155.341,0.59,0.9581,0.52,0.9853,79
1579055156.011,0.59,0.9694,0.54,1.0202,79
1579055156.69,0.61,0.9287,0.54,0.9866,79
1579055157.344,0.6,0.9654,0.54,1.0444,79
1579055158.006,0.59,0.9775,0.55,0.9735,79
1579055158.677,0.6,0.9598,0.55,0.9882,79
1579055159.338,0.6,0.9657,0.53,1.0073,79
1579055159.666,0.62,0.9099,0.57,0.9822,79
1579055160.339,0.59,0.9627,0.54,0.9916,80
1579055161.014,0.61,0.9397,0.55,0.9951,80
1579055161.688,0.59,0.9528,0.53,0.9883,80
1579055162.353,0.6,0.9483,0.53,1.0119,80
1579055163.009,0.6,0.9322,0.54,1.0126,80
1579055163.664,0.6,0.9572,0.55,0.9851,80
1579055164.367,0.59,0.9709,0.53,1.0249,80
1579055165.037,0.61,0.9297,0.54,0.9847,80
1579055165.693,0.6,0.9606,0.53,1.0215,80
1579055166.344,0.59,0.9641,0.55,0.9776,80
1579055167.007,0.61,0.9524,0.56,0.9826,80
1579055167.666,0.59,0.9672,0.54,1.0073,80
1579055167.988,0.62,0.9075,0.56,0.9817,80
1579055168.647,0.59,0.9578,0.56,0.9881,81
1579055169.299,0.6,0.9405,0.55,0.9972,81
1579055169.953,0.59,0.9534,0.54,0.989,81
1579055170.613,0.59,0.9463,0.55,1.0024,81
1579055171.275,0.6,0.9301,0.54,1.0167,81
1579055171.94,0.59,0.9587,0.55,0.9835,81
1579055172.598,0.59,0.9699,0.56,1.0227,81
1579055173.258,0.61,0.9281,0.53,0.9849,81
1579055173.912,0.6,0.9578,0.53,1.0159,81
1579055174.566,0.6,0.9613,0.55,0.9782,81
1579055175.231,0.61,0.9522,0.56,0.9847,81
1579055175.882,0.6,0.9644,0.52,1.0007,81
1579055176.201,0.62,0.9026,0.56,0.9834,81
1579055176.886,0.59,0.9556,0.54,0.9892,82
1579055177.535,0.61,0.9409,0.55,0.993,82
1579055178.194,0.59,0.9524,0.51,0.9915,82
1579055178.868,0.6,0.9454,0.55,1.0022,82
1579055179.514,0.6,0.9297,0.53,1.0101,82
1579055180.173,0.6,0.9568,0.54,0.982,82
1579055180.828,0.59,0.9715,0.54,1.0336,82
1579055181.494,0.61,0.9323,0.54,0.9837,82
1579055182.235,0.59,0.971,0.51,1.0454,82
1579055182.894,0.59,0.9778,0.55,0.9718,82
1579055183.553,0.6,0.9676,0.54,0.9971,82
1579055184.207,0.59,0.9674,0.54,1.0089,82
1579055184.529,0.62,0.9048,0.56,0.9779,82
1579055185.185,0.59,0.9603,0.54,0.9945,83
1579055185.853,0.61,0.9414,0.57,0.9942,83
1579055186.516,0.58,0.9541,0.53,0.986,83
1579055187.169,0.6,0.9455,0.54,1.0105,83
1579055187.818,0.6,0.9318,0.54,1.0087,83
1579055188.476,0.6,0.9559,0.55,0.9834,83
1579055189.129,0.59,0.9703,0.54,1.0147,83
1579055189.78,0.61,0.9242,0.56,0.992,83
1579055190.437,0.6,0.9545,0.54,1.0023,83
1579055191.081,0.6,0.9559,0.55,0.9851,83
1579055191.761,0.6,0.9484,0.56,0.9739,83
1579055192.419,0.6,0.9647,0.54,1.0046,83
1579055192.745,0.63,0.9013,0.54,0.989,83
1579055193.397,0.59,0.9559,0.56,0.9799,84
1579055194.048,0.6,0.9375,0.55,1.0005,84
1579055194.712,0.59,0.9512,0.54,0.9882,84
1579055195.359,0.6,0.9456,0.56,1.005,84
1579055196.014,0.6,0.9326,0.53,1.0239,84
1579055196.676,0.59,0.9597,0.54,0.9826,84
1579055197.325,0.59,0.9717,0.54,1.0276,84
1579055197.98,0.62,0.9323,0.55,0.9912,84
1579055198.637,0.6,0.954,0.55,1.0037,84
1579055199.291,0.6,0.9552,0.54,0.9876,84
1579055199.949,0.6,0.9473,0.54,0.9731,84
1579055200.657,0.6,0.9639,0.55,1.0059,84
1579055200.977,0.62,0.9027,0.54,0.9836,84
1579055201.647,0.59,0.9553,0.55,0.9801,85
1579055202.299,0.6,0.936,0.55,0.9968,85
1579055202.958,0.59,0.9477,0.55,0.985,85
1579055203.611,0.59,0.9474,0.56,1.008,85
1579055204.266,0.6,0.9305,0.53,1.0152,85
1579055204.94,0.6,0.9555,0.54,0.9833,85
1579055205.594,0.59,0.97,0.55,1.0322,85
1579055206.251,0.61,0.9348,0.53,0.9869,85
1579055206.932,0.6,0.9528,0.55,1.0088,85
1579055207.587,0.6,0.9566,0.54,0.9923,85
1579055208.249,0.6,0.9517,0.55,0.9749,85
1579055208.911,0.59,0.9646,0.53,1.0053,85
1579055209.243,0.63,0.9007,0.55,0.9799,85
1579055209.909,0.59,0.9511,0.55,0.9797,86
1579055210.573,0.6,0.9356,0.54,1.0048,86
1579055211.253,0.59,0.9512,0.54,0.9831,86
1579055211.935,0.6,0.9492,0.54,1.0044,86
1579055212.593,0.6,0.9252,0.53,1.0174,86
1579055213.267,0.59,0.9558,0.53,0.9861,86
1579055213.93,0.59,0.9772,0.55,1.0333,86
1579055214.593,0.61,0.9322,0.53,0.988,86
1579055215.252,0.6,0.9495,0.56,1.0176,86
1579055215.922,0.59,0.9667,0.54,1.0138,86
1579055216.581,0.6,0.9684,0.55,0.9745,86
1579055217.238,0.6,0.9626,0.55,1.0034,86
1579055217.558,0.62,0.9018,0.55,1.0036,86
1579055218.219,0.59,0.9677,0.53,0.9808,87
1579055218.925,0.6,0.9416,0.53,1.0003,87
1579055219.573,0.59,0.9456,0.54,0.992,87
1579055220.257,0.6,0.9469,0.55,0.9952,87
1579055220.907,0.6,0.9292,0.55,1.0243,87
1579055221.577,0.59,0.9573,0.54,0.9853,87
1579055222.235,0.59,0.9659,0.54,1.0133,87
1579055222.896,0.61,0.9226,0.55,0.9955,87
1579055223.554,0.61,0.9523,0.56,0.9985,87
1579055224.21,0.6,0.953,0.55,0.9927,87
1579055224.86,0.6,0.9468,0.56,0.9855,87
1579055225.526,0.59,0.9673,0.55,1.0001,87
1579055225.85,0.63,0.897,0.55,0.9887,87
1579055226.526,0.59,0.9489,0.56,0.9815,88
1579055227.177,0.6,0.9401,0.54,1.0014,88
1579055227.836,0.59,0.9456,0.53,0.9877,88
1579055228.493,0.6,0.9434,0.56,1.0004,88
1579055229.148,0.6,0.9294,0.52,1.027,88
1579055229.803,0.59,0.9583,0.54,0.9851,88
1579055230.465,0.59,0.976,0.56,1.0328,88
1579055231.128,0.61,0.9319,0.55,0.993,88
1579055231.793,0.61,0.9462,0.54,1.0078,88
1579055232.454,0.59,0.963,0.54,1.0156,88
1579055233.113,0.6,0.9626,0.55,0.9718,88
1579055233.776,0.59,0.9627,0.55,1.0111,88
1579055234.1,0.62,0.9034,0.55,1.0025,88
1579055234.783,0.59,0.9614,0.54,0.974,89
1579055235.44,0.6,0.9382,0.53,1.0135,89
1579055236.097,0.59,0.952,0.53,0.996,89
1579055236.789,0.59,0.9471,0.54,0.9885,89
1579055237.497,0.6,0.9268,0.51,1.0422,89
1579055238.158,0.59,0.9651,0.54,0.9858,89
1579055238.843,0.59,0.9678,0.54,1.004,89
1579055239.501,0.62,0.9147,0.53,1.0051,89
1579055240.158,0.61,0.9457,0.54,0.9827,89
1579055240.819,0.6,0.953,0.53,1.0041,89
1579055241.476,0.6,0.9468,0.55,0.9777,89
1579055242.149,0.6,0.9583,0.55,0.9867,89
1579055242.479,0.63,0.8913,0.54,1.0151,89
1579055243.131,0.59,0.9543,0.55,0.9743,90
1579055243.789,0.6,0.9416,0.53,0.9991,90
1579055244.442,0.59,0.9441,0.51,1.0058,90
1579055245.1,0.59,0.9462,0.53,0.9865,90
1579055245.779,0.59,0.9313,0.55,1.0317,90
1579055246.429,0.59,0.96,0.54,0.9897,90
1579055247.088,0.6,0.9677,0.54,1.0062,90
1579055247.743,0.62,0.9185,0.53,1.0148,90
1579055248.392,0.6,0.9479,0.54,1.0057,90
1579055249.056,0.59,0.9678,0.54,1.0117,90
1579055249.713,0.6,0.957,0.55,0.9799,90
1579055250.371,0.6,0.9567,0.55,0.996,90
1579055250.691,0.63,0.9003,0.55,1.0174,90
1579055251.343,0.59,0.9633,0.55,0.9714,91
1579055252.003,0.6,0.9394,0.53,1.0066,91
1579055252.669,0.59,0.9511,0.55,1.0119,91
1579055253.322,0.59,0.9501,0.54,0.9849,91
1579055253.978,0.59,0.9356,0.53,1.0441,91
1579055254.684,0.59,0.9673,0.52,0.991,91
1579055255.337,0.6,0.9567,0.53,0.9896,91
1579055255.989,0.62,0.9147,0.55,1.0256,91
1579055256.642,0.6,0.9517,0.54,0.9861,91
1579055257.297,0.6,0.9504,0.55,0.9859,91
1579055257.949,0.61,0.9424,0.52,0.9961,91
1579055258.601,0.6,0.957,0.55,0.9787,91
1579055258.932,0.63,0.8915,0.54,1.0077,91
1579055259.594,0.59,0.9492,0.56,0.9766,92
1579055260.255,0.6,0.9318,0.55,0.9889,92
1579055260.9,0.6,0.9417,0.53,1.0054,92
1579055261.554,0.6,0.9425,0.54,0.9867,92
1579055262.208,0.6,0.9241,0.54,1.0152,92
1579055262.872,0.6,0.9522,0.53,0.992,92
1579055263.525,0.6,0.9575,0.53,0.9987,92
1579055264.177,0.62,0.911,0.54,1.0081,92
1579055264.842,0.61,0.9473,0.57,1.0133,92
1579055265.501,0.6,0.9569,0.54,0.9881,92
1579055266.146,0.61,0.9428,0.54,0.9899,92
1579055266.829,0.6,0.9562,0.54,0.9959,92
1579055267.155,0.63,0.8902,0.53,0.9948,92
1579055267.807,0.6,0.9452,0.54,0.9765,93
1579055268.465,0.61,0.9296,0.53,0.9988,93
1579055269.113,0.59,0.9416,0.53,0.9958,93
1579055269.763,0.6,0.9379,0.54,0.9916,93
1579055270.417,0.6,0.9232,0.53,1.0278,93
1579055271.066,0.59,0.9538,0.54,0.9854,93
1579055271.781,0.59,0.9638,0.54,1.0163,93
1579055272.44,0.62,0.9149,0.54,0.9992,93
1579055273.111,0.61,0.945,0.57,1.005,93
1579055273.765,0.6,0.9517,0.54,0.9956,93
1579055274.425,0.6,0.943,0.55,0.9789,93
1579055275.089,0.6,0.9558,0.54,1.0073,93
1579055275.424,0.63,0.8889,0.56,0.9899,93
1579055276.086,0.6,0.944,0.54,0.978,94
1579055276.759,0.61,0.9279,0.55,1.0062,94
1579055277.414,0.59,0.943,0.53,0.9899,94
1579055278.069,0.6,0.9372,0.56,0.9995,94
1579055278.729,0.6,0.921,0.53,1.0258,94
1579055279.378,0.6,0.9521,0.56,0.9874,94
1579055280.037,0.59,0.9695,0.53,1.0297,94
1579055280.697,0.62,0.9199,0.55,0.9942,94
1579055281.346,0.6,0.9479,0.57,1.0156,94
1579055281.995,0.6,0.955,0.55,0.9914,94
1579055282.665,0.6,0.9445,0.55,0.9753,94
1579055283.323,0.6,0.9548,0.55,1.0126,94
1579055283.651,0.63,0.8905,0.56,0.9837,94
1579055284.299,0.6,0.9458,0.55,0.9803,95
1579055284.958,0.61,0.9254,0.53,1.0057,95
1579055285.607,0.59,0.9426,0.52,0.9896,95
1579055286.253,0.6,0.9368,0.56,1.0048,95
1579055286.912,0.61,0.9198,0.54,1.023,95
1579055287.562,0.6,0.9493,0.56,0.9885,95
1579055288.215,0.59,0.9669,0.53,1.0294,95
1579055288.924,0.62,0.9179,0.55,0.9954,95
1579055289.577,0.6,0.9486,0.56,1.0168,95
1579055290.227,0.6,0.953,0.53,0.9877,95
1579055290.888,0.6,0.9422,0.55,0.9766,95
1579055291.538,0.6,0.9535,0.54,1.0112,95
1579055291.87,0.63,0.8885,0.56,0.9831,95
1579055292.531,0.6,0.945,0.55,0.9807,96
1579055293.187,0.61,0.9244,0.52,1.0034,96
1579055293.837,0.59,0.9424,0.53,0.9906,96
1579055294.488,0.6,0.9358,0.56,1.005,96
1579055295.148,0.61,0.9203,0.54,1.0221,96
1579055295.795,0.6,0.9483,0.56,0.9897,96
1579055296.445,0.59,0.9663,0.53,1.0298,96
1579055297.1,0.62,0.9179,0.55,0.9957,96
1579055297.754,0.61,0.9487,0.56,1.0209,96
1579055298.404,0.6,0.9537,0.54,0.9866,96
1579055299.07,0.6,0.9427,0.55,0.977,96
1579055299.725,0.6,0.9521,0.55,1.0103,96
1579055300.056,0.63,0.887,0.55,0.9822,96
1579055300.722,0.6,0.9457,0.54,0.9813,97
1579055301.39,0.61,0.9231,0.52,1.001,97
1579055302.061,0.59,0.9419,0.52,0.99,97
1579055302.722,0.6,0.935,0.56,1.006,97
1579055303.381,0.61,0.9199,0.53,1.019,97
1579055304.04,0.6,0.9465,0.55,0.9899,97
1579055304.695,0.59,0.965,0.53,1.0292,97
1579055305.351,0.62,0.9175,0.54,0.9946,97
1579055306.016,0.61,0.9489,0.55,1.0244,97
1579055306.675,0.6,0.9542,0.54,0.9855,97
1579055307.338,0.6,0.9422,0.55,0.9778,97
1579055308.042,0.6,0.9511,0.55,1.0118,97
1579055308.366,0.63,0.8862,0.55,0.9829,97
1579055309.045,0.6,0.9456,0.54,0.9833,98
1579055309.703,0.62,0.922,0.51,1.0029,98
1579055310.382,0.59,0.9414,0.52,0.9902,98
1579055311.04,0.6,0.9344,0.55,1.0076,98
1579055311.714,0.61,0.919,0.54,1.0188,98
1579055312.383,0.6,0.9455,0.55,0.9889,98
1579055313.045,0.59,0.9637,0.54,1.0292,98
1579055313.726,0.62,0.9173,0.53,0.9923,98
1579055314.389,0.61,0.9487,0.55,1.0243,98
1579055315.047,0.6,0.9527,0.54,0.9831,98
1579055315.711,0.61,0.9398,0.55,0.979,98
1579055316.367,0.61,0.9504,0.54,1.0121,98
1579055316.689,0.63,0.8849,0.56,0.9827,98
1579055317.35,0.6,0.9449,0.53,0.9851,99
1579055318.004,0.62,0.9212,0.51,1.0015,99
1579055318.673,0.59,0.9403,0.52,0.9904,99
1579055319.327,0.6,0.9335,0.55,1.0078,99
1579055319.98,0.61,0.9185,0.53,1.0175,99
1579055320.643,0.6,0.9445,0.55,0.9885,99
1579055321.291,0.59,0.9618,0.54,1.0289,99
1579055321.948,0.62,0.917,0.53,0.9914,99
1579055322.606,0.6,0.9477,0.54,1.0259,99
1579055323.261,0.6,0.9521,0.55,0.9816,99
1579055323.935,0.61,0.9388,0.55,0.9808,99
1579055324.585,0.61,0.9493,0.54,1.01,99
1579055324.911,0.63,0.8828,0.56,0.9832,99
