1579579671.747,0.25,1.3866,0.26,1.385,0
1579579672.942,0.25,1.3857,0.24,1.3842,0
1579579674.124,0.25,1.3827,0.24,1.3828,0
1579579675.37,0.25,1.3804,0.24,1.371,0
1579579676.519,0.25,1.3696,0.32,1.355,0
1579579677.691,0.29,1.3562,0.24,1.3344,0
1579579678.724,0.24,1.3411,0.41,1.3104,0
1579579679.735,0.37,1.3132,0.39,1.2992,0
1579579680.802,0.38,1.3046,0.33,1.2877,0
1579579681.827,0.38,1.3064,0.37,1.279,0
1579579682.922,0.38,1.2928,0.37,1.2749,0
1579579684.005,0.38,1.3008,0.38,1.2846,0
1579579685.021,0.37,1.2904,0.41,1.3248,1
1579579686.04,0.37,1.3234,0.38,1.2765,1
1579579687.054,0.38,1.2753,0.4,1.2948,1
1579579688.057,0.35,1.3081,0.42,1.25,1
1579579689.083,0.41,1.2497,0.39,1.267,1
1579579690.179,0.38,1.268,0.39,1.2674,1
1579579691.42,0.37,1.278,0.39,1.2392,1
1579579692.615,0.39,1.2445,0.43,1.2549,1
1579579693.672,0.41,1.2632,0.4,1.2561,1
1579579694.919,0.42,1.269,0.43,1.2355,1
1579579695.975,0.44,1.2333,0.38,1.2378,1
1579579697.07,0.39,1.257,0.42,1.2387,1
1579579698.222,0.4,1.2485,0.41,1.2253,2
1579579699.377,0.44,1.2248,0.43,1.2417,2
1579579700.453,0.43,1.2294,0.44,1.2349,2
1579579701.621,0.43,1.2354,0.43,1.219,2
1579579702.872,0.43,1.213,0.42,1.2266,2
1579579703.941,0.42,1.2212,0.39,1.2147,2
1579579704.957,0.43,1.2139,0.39,1.2283,2
1579579706.018,0.43,1.2178,0.41,1.2264,2
1579579707.281,0.43,1.2188,0.4,1.2097,2
1579579708.438,0.43,1.2174,0.41,1.2185,2
1579579709.461,0.42,1.2118,0.42,1.1991,2
1579579710.396,0.43,1.2145,0.42,1.2132,2
1579579711.583,0.45,1.2113,0.41,1.2153,3
1579579712.771,0.44,1.2168,0.44,1.1905,3
1579579713.87,0.44,1.1959,0.42,1.2029,3
1579579714.953,0.43,1.2183,0.44,1.1888,3
1579579715.989,0.45,1.1853,0.41,1.2081,3
1579579717.01,0.44,1.1917,0.42,1.1948,3
1579579718.092,0.44,1.1898,0.44,1.1817,3
1579579719.174,0.45,1.1804,0.43,1.1851,3
1579579720.408,0.47,1.1818,0.4,1.1887,3
1579579721.531,0.47,1.1869,0.45,1.1819,3
1579579722.592,0.48,1.1741,0.42,1.1713,3
1579579723.539,0.44,1.1935,0.48,1.1673,3
1579579724.697,0.47,1.1721,0.4,1.1841,4
1579579725.714,0.47,1.178,0.45,1.1625,4
1579579726.734,0.47,1.1652,0.5,1.1589,4
1579579727.847,0.46,1.174,0.46,1.1652,4
1579579729.096,0.48,1.1539,0.48,1.1568,4
1579579730.356,0.49,1.1452,0.45,1.1554,4
1579579731.513,0.47,1.1599,0.4,1.1789,4
1579579732.734,0.47,1.1521,0.5,1.1488,4
1579579733.98,0.48,1.1509,0.43,1.1494,4
1579579734.992,0.48,1.1489,0.43,1.1731,4
1579579736.185,0.48,1.1569,0.44,1.1491,4
1579579737.306,0.46,1.1733,0.43,1.1459,4
1579579738.436,0.48,1.1475,0.41,1.1681,5
1579579739.533,0.48,1.1558,0.47,1.147,5
1579579740.684,0.48,1.1509,0.49,1.1269,5
1579579741.715,0.48,1.1461,0.41,1.1395,5
1579579742.827,0.51,1.1277,0.45,1.1312,5
1579579744.069,0.52,1.1135,0.44,1.1379,5
1579579745.158,0.5,1.1375,0.45,1.128,5
1579579746.182,0.51,1.1112,0.45,1.1281,5
1579579747.393,0.51,1.1226,0.45,1.1062,5
1579579748.641,0.51,1.1128,0.46,1.1125,5
1579579749.782,0.5,1.1181,0.47,1.0929,5
1579579750.754,0.52,1.1066,0.44,1.1108,5
1579579752.024,0.51,1.1159,0.51,1.0917,6
1579579753.118,0.52,1.1009,0.5,1.1054,6
1579579754.29,0.51,1.1199,0.49,1.0808,6
1579579755.455,0.51,1.1049,0.5,1.0923,6
1579579756.571,0.52,1.0944,0.44,1.0868,6
1579579757.646,0.52,1.0775,0.49,1.0882,6
1579579758.725,0.52,1.0976,0.51,1.1003,6
1579579759.795,0.53,1.0826,0.49,1.0875,6
1579579760.828,0.51,1.1003,0.49,1.0912,6
1579579761.837,0.53,1.0891,0.53,1.0689,6
1579579763.054,0.53,1.0784,0.56,1.0608,6
1579579764.067,0.52,1.0848,0.51,1.0757,6
1579579765.18,0.52,1.0875,0.55,1.0501,7
1579579766.462,0.54,1.0673,0.53,1.0678,7
1579579767.652,0.52,1.088,0.52,1.0598,7
1579579768.794,0.53,1.0835,0.48,1.0595,7
1579579769.885,0.54,1.0635,0.52,1.0537,7
1579579770.96,0.55,1.0481,0.49,1.0774,7
1579579771.975,0.54,1.0686,0.53,1.0573,7
1579579773.211,0.54,1.0459,0.55,1.0574,7
1579579774.368,0.54,1.0602,0.53,1.0494,7
1579579775.511,0.55,1.047,0.53,1.0534,7
1579579776.763,0.56,1.0498,0.52,1.0419,7
1579579777.706,0.56,1.0476,0.53,1.0518,7
1579579778.958,0.54,1.0622,0.53,1.0352,8
1579579780.092,0.55,1.0467,0.53,1.0639,8
1579579781.163,0.54,1.0655,0.54,1.0459,8
1579579782.171,0.54,1.0563,0.52,1.0612,8
1579579783.4,0.55,1.0513,0.5,1.0746,8
1579579784.634,0.55,1.0406,0.51,1.0698,8
1579579785.773,0.54,1.0602,0.55,1.0473,8
1579579786.98,0.55,1.0253,0.51,1.055,8
1579579788.179,0.55,1.05,0.54,1.0393,8
1579579789.235,0.55,1.0425,0.51,1.0524,8
1579579790.487,0.56,1.0397,0.54,1.0463,8
1579579791.515,0.55,1.0353,0.52,1.047,8
1579579792.72,0.55,1.0564,0.53,1.0321,9
1579579793.774,0.56,1.0276,0.51,1.0662,9
1579579794.814,0.55,1.0554,0.58,1.039,9
1579579795.962,0.54,1.045,0.52,1.0476,9
1579579797.109,0.56,1.0324,0.54,1.0464,9
1579579798.324,0.56,1.0119,0.55,1.0628,9
1579579799.385,0.56,1.0319,0.54,1.0461,9
1579579800.461,0.56,1.0195,0.56,1.0381,9
1579579801.719,0.56,1.0263,0.56,1.0308,9
1579579802.863,0.56,1.0182,0.54,1.0408,9
1579579803.993,0.57,1.0246,0.56,1.0327,9
1579579805.059,0.57,1.0151,0.54,1.0379,9
1579579806.28,0.56,1.0371,0.54,1.0266,10
1579579807.482,0.56,1.0212,0.53,1.0518,10
1579579808.511,0.56,1.0382,0.53,1.0446,10
1579579809.711,0.55,1.0391,0.53,1.0428,10
1579579810.937,0.57,1.0213,0.55,1.041,10
1579579811.963,0.57,0.997,0.55,1.0604,10
1579579812.977,0.57,1.022,0.55,1.0444,10
1579579813.996,0.56,1.0119,0.54,1.0341,10
1579579815.134,0.57,1.017,0.55,1.0207,10
1579579816.126,0.56,1.0099,0.54,1.0368,10
1579579817.142,0.57,1.0187,0.55,1.0276,10
1579579818.214,0.58,1.0064,0.55,1.0234,10
1579579819.238,0.57,1.0239,0.53,1.0268,11
1579579820.258,0.57,1.0132,0.55,1.0491,11
1579579821.457,0.56,1.0299,0.56,1.0366,11
1579579822.571,0.56,1.0253,0.54,1.0412,11
1579579823.683,0.57,1.0077,0.54,1.0403,11
1579579824.76,0.58,0.9903,0.55,1.0492,11
1579579825.822,0.57,1.0084,0.56,1.0452,11
1579579827.001,0.57,1.0003,0.56,1.0296,11
1579579828.143,0.57,1.0061,0.58,1.0207,11
1579579829.298,0.57,0.9999,0.54,1.0437,11
1579579830.53,0.57,1.0105,0.53,1.0333,11
1579579831.529,0.57,1.0052,0.56,1.0402,11
1579579832.621,0.56,1.0206,0.54,1.0296,12
1579579833.75,0.57,1.0087,0.54,1.0567,12
1579579834.801,0.56,1.0263,0.53,1.0503,12
1579579835.827,0.56,1.0273,0.53,1.0407,12
1579579836.852,0.58,1.0062,0.52,1.0434,12
1579579837.869,0.58,0.99,0.53,1.0422,12
1579579838.89,0.57,0.9981,0.55,1.0461,12
1579579840.141,0.57,1.0052,0.54,1.0366,12
1579579841.162,0.57,1.0059,0.52,1.0229,12
1579579842.249,0.57,1.0052,0.56,1.0162,12
1579579843.465,0.58,0.9915,0.52,1.0452,12
1579579844.406,0.57,1.0041,0.57,1.0128,12
1579579845.575,0.57,0.9942,0.54,1.0246,13
1579579846.599,0.57,1.0067,0.55,1.0311,13
1579579847.739,0.57,1.0064,0.54,1.0497,13
1579579848.791,0.56,1.0242,0.54,1.0314,13
1579579849.841,0.59,0.9779,0.54,1.043,13
1579579850.893,0.58,0.9836,0.54,1.0323,13
1579579851.908,0.57,0.991,0.54,1.046,13
1579579853.121,0.58,0.9879,0.55,1.0478,13
1579579854.136,0.57,0.9924,0.54,1.0216,13
1579579855.153,0.58,0.9884,0.55,1.0205,13
1579579856.377,0.58,0.9926,0.55,1.0218,13
1579579857.338,0.59,0.9773,0.57,1.0178,13
1579579858.517,0.57,0.9896,0.56,1.0201,14
1579579859.689,0.58,0.9847,0.55,1.0195,14
1579579860.929,0.58,0.9955,0.55,1.0284,14
1579579862.118,0.57,1.0046,0.54,1.0304,14
1579579863.393,0.59,0.9715,0.53,1.0294,14
1579579864.591,0.59,0.9628,0.54,1.0306,14
1579579865.644,0.58,0.9803,0.55,1.0365,14
1579579866.9,0.58,0.9771,0.54,1.0275,14
1579579867.925,0.58,0.9762,0.54,1.0149,14
1579579868.958,0.58,0.9772,0.56,1.0154,14
1579579870.191,0.59,0.9807,0.59,1.0203,14
1579579871.304,0.59,0.9785,0.56,1.043,14
1579579872.324,0.57,1.0002,0.52,1.0408,15
1579579873.391,0.56,1.0186,0.55,1.0521,15
1579579874.423,0.58,1.0097,0.53,1.04,15
1579579875.581,0.56,1.0124,0.54,1.0331,15
1579579876.708,0.59,0.9864,0.53,1.036,15
1579579877.908,0.59,0.9644,0.54,1.056,15
1579579879.098,0.58,0.9911,0.57,1.041,15
1579579880.111,0.57,0.9887,0.55,1.0175,15
1579579881.187,0.59,0.9744,0.55,1.0188,15
1579579882.391,0.58,0.9831,0.56,1.0062,15
1579579883.469,0.59,0.9743,0.57,1.0125,15
1579579884.521,0.59,0.9795,0.59,1.0095,15
1579579885.671,0.58,0.9811,0.57,1.016,16
1579579886.873,0.58,0.9893,0.57,1.0071,16
1579579888.122,0.58,0.9857,0.55,1.0246,16
1579579889.155,0.57,1.0026,0.54,1.0228,16
1579579890.305,0.59,0.9655,0.53,1.0228,16
1579579891.493,0.6,0.9603,0.55,1.0226,16
1579579892.562,0.59,0.9683,0.56,1.0463,16
1579579893.689,0.58,0.9783,0.58,1.0251,16
1579579894.85,0.59,0.9688,0.54,1.0161,16
1579579895.864,0.58,0.973,0.58,1.0157,16
1579579897.049,0.59,0.9729,0.54,1.0152,16
1579579898.139,0.59,0.9664,0.6,0.9993,16
1579579899.3,0.59,0.9661,0.58,1.0132,17
1579579900.317,0.59,0.9764,0.58,1.0106,17
1579579901.5,0.59,0.9782,0.56,1.0154,17
1579579902.521,0.58,0.9915,0.56,1.0144,17
1579579903.696,0.6,0.9552,0.57,1.0182,17
1579579904.939,0.6,0.9485,0.56,1.0182,17
1579579905.971,0.59,0.9599,0.56,1.0302,17
1579579906.998,0.58,0.9636,0.59,1.0196,17
1579579908.211,0.59,0.963,0.56,1.0095,17
1579579909.315,0.59,0.9609,0.56,1.0118,17
1579579910.381,0.59,0.9641,0.53,1.0057,17
1579579911.285,0.59,0.9569,0.6,1.0045,17
1579579912.387,0.59,0.9618,0.59,1.0106,18
1579579913.444,0.59,0.9659,0.57,1.0149,18
1579579914.609,0.59,0.9761,0.56,1.0107,18
1579579915.739,0.58,0.9814,0.54,1.0145,18
1579579916.844,0.6,0.9542,0.54,1.011,18
1579579918.004,0.61,0.9388,0.55,1.0185,18
1579579919.162,0.6,0.9559,0.59,1.0152,18
1579579920.371,0.59,0.9566,0.57,1.0162,18
1579579921.577,0.59,0.9613,0.55,1.0005,18
1579579922.82,0.59,0.9518,0.55,1.0006,18
1579579923.869,0.6,0.9547,0.56,0.9934,18
1579579924.775,0.6,0.9428,0.6,0.9989,18
1579579925.805,0.59,0.9549,0.59,1.008,19
1579579927.058,0.6,0.9578,0.57,1.0095,19
1579579928.07,0.59,0.9684,0.56,1.004,19
1579579929.072,0.59,0.9735,0.56,1.0049,19
1579579930.336,0.61,0.9422,0.55,1.0054,19
1579579931.456,0.61,0.9329,0.56,1.0039,19
1579579932.504,0.6,0.9454,0.59,1.0072,19
1579579933.719,0.59,0.9511,0.56,1.0082,19
1579579934.851,0.6,0.9539,0.57,1.0034,19
1579579936.006,0.59,0.955,0.54,1.0129,19
1579579937.197,0.59,0.9675,0.56,0.9909,19
1579579938.289,0.6,0.9468,0.57,0.9989,19
1579579939.502,0.59,0.9515,0.61,0.9974,20
1579579940.64,0.6,0.9526,0.59,0.9937,20
1579579941.722,0.6,0.9587,0.55,0.9964,20
1579579942.924,0.59,0.9705,0.6,0.9955,20
1579579943.967,0.61,0.9379,0.58,0.9898,20
1579579945.227,0.61,0.9257,0.56,0.9989,20
1579579946.366,0.6,0.9423,0.6,0.9946,20
1579579947.425,0.59,0.9477,0.58,0.9927,20
1579579948.586,0.6,0.9455,0.56,0.9845,20
1579579949.629,0.6,0.9377,0.57,0.9825,20
1579579950.702,0.61,0.9405,0.57,0.9837,20
1579579951.614,0.61,0.928,0.59,0.9894,20
1579579952.8,0.6,0.9427,0.61,0.9961,21
1579579953.94,0.6,0.944,0.59,0.9906,21
1579579955.191,0.6,0.9489,0.56,0.9928,21
1579579956.188,0.6,0.9625,0.57,0.9948,21
1579579957.379,0.62,0.9238,0.57,0.9914,21
1579579958.559,0.61,0.9183,0.59,1.0013,21
1579579959.719,0.61,0.9349,0.58,0.9948,21
1579579960.907,0.6,0.9367,0.56,0.9904,21
1579579962.117,0.61,0.937,0.57,0.9801,21
1579579963.175,0.6,0.9348,0.6,0.977,21
1579579964.237,0.61,0.9346,0.61,0.9805,21
1579579965.236,0.61,0.9291,0.57,1.0214,21
1579579966.288,0.6,0.9619,0.58,0.9928,22
1579579967.379,0.6,0.949,0.56,1.0226,22
1579579968.616,0.59,0.9754,0.59,0.9902,22
1579579969.796,0.59,0.9694,0.58,0.9888,22
1579579970.863,0.62,0.9263,0.58,1.0034,22
1579579971.891,0.61,0.933,0.57,0.9864,22
1579579973.033,0.6,0.9374,0.58,0.9983,22
1579579974.285,0.6,0.9413,0.55,0.9883,22
1579579975.493,0.61,0.9422,0.57,0.9949,22
1579579976.69,0.6,0.9552,0.57,0.9799,22
1579579977.897,0.61,0.949,0.59,0.9715,22
1579579978.799,0.61,0.9207,0.59,0.9811,22
1579579979.826,0.6,0.945,0.6,0.9844,23
1579579980.881,0.61,0.9343,0.55,0.9978,23
1579579981.898,0.6,0.9508,0.57,0.9823,23
1579579983.037,0.59,0.9578,0.6,0.9804,23
1579579984.283,0.62,0.9195,0.57,0.9853,23
1579579985.458,0.62,0.9181,0.56,0.9792,23
1579579986.585,0.61,0.9239,0.59,0.9802,23
1579579987.852,0.6,0.933,0.56,0.9836,23
1579579989.099,0.61,0.9326,0.61,0.9778,23
1579579990.356,0.6,0.93,0.59,0.9651,23
1579579991.443,0.62,0.9225,0.6,0.9675,23
1579579992.353,0.62,0.9126,0.57,0.9891,23
1579579993.414,0.61,0.9368,0.58,0.9766,24
1579579994.683,0.61,0.9255,0.6,0.9811,24
1579579995.772,0.61,0.9398,0.58,0.9854,24
1579579996.847,0.6,0.9537,0.58,0.9781,24
1579579997.877,0.62,0.9068,0.59,0.9788,24
1579579998.924,0.62,0.9103,0.59,0.9808,24
1579579999.959,0.61,0.9189,0.59,0.9847,24
1579580000.984,0.61,0.9285,0.56,0.9757,24
1579580002.01,0.62,0.9226,0.6,0.9709,24
1579580003.26,0.61,0.92,0.6,0.9723,24
1579580004.327,0.62,0.9227,0.6,0.9653,24
1579580005.239,0.62,0.902,0.61,0.9736,24
1579580006.419,0.61,0.9187,0.6,0.9715,25
1579580007.677,0.62,0.9173,0.61,0.9728,25
1579580008.803,0.62,0.9289,0.59,0.976,25
1579580009.866,0.6,0.9472,0.6,0.9835,25
1579580011.005,0.63,0.9044,0.6,0.9767,25
1579580012.036,0.62,0.8988,0.59,0.9843,25
1579580013.087,0.61,0.9153,0.62,0.9736,25
1579580014.269,0.61,0.9186,0.61,0.9665,25
1579580015.507,0.62,0.9206,0.58,0.9675,25
1579580016.663,0.6,0.9259,0.59,0.9649,25
1579580017.683,0.62,0.9232,0.61,0.9627,25
1579580018.717,0.62,0.8962,0.6,0.9716,25
1579580019.912,0.61,0.9114,0.62,0.9737,26
1579580020.97,0.62,0.9104,0.6,0.9676,26
1579580022.237,0.61,0.9222,0.61,0.9654,26
1579580023.465,0.61,0.9347,0.58,0.9655,26
1579580024.57,0.63,0.8924,0.61,0.9673,26
1579580025.677,0.63,0.8898,0.61,0.9793,26
1579580026.797,0.62,0.9046,0.62,0.9781,26
1579580027.985,0.62,0.9085,0.61,0.9698,26
1579580029.003,0.62,0.9113,0.58,0.9651,26
1579580030.27,0.61,0.9097,0.59,0.9644,26
1579580031.293,0.62,0.9155,0.57,0.9666,26
1579580032.416,0.62,0.8924,0.63,0.9719,26
1579580033.593,0.61,0.9058,0.62,0.9638,27
1579580034.683,0.62,0.9036,0.6,0.9627,27
1579580035.846,0.62,0.9139,0.59,0.957,27
1579580037.068,0.61,0.9258,0.6,0.9551,27
1579580038.307,0.63,0.8891,0.61,0.9597,27
1579580039.357,0.64,0.8834,0.62,0.974,27
1579580040.457,0.62,0.8969,0.59,0.9845,27
1579580041.571,0.62,0.9046,0.62,0.9737,27
1579580042.778,0.63,0.9017,0.64,0.9532,27
1579580043.826,0.62,0.8892,0.62,0.947,27
1579580045.056,0.63,0.8936,0.63,0.9617,27
1579580046.181,0.64,0.8806,0.6,0.9676,27
1579580047.435,0.62,0.8999,0.61,0.9853,28
1579580048.471,0.61,0.921,0.55,1.0012,28
1579580049.704,0.59,0.9511,0.53,1.0169,28
1579580050.799,0.59,0.9823,0.59,0.966,28
1579580051.994,0.63,0.9008,0.54,0.982,28
1579580053.093,0.62,0.9081,0.58,0.991,28
1579580054.206,0.61,0.9212,0.61,0.9812,28
1579580055.45,0.61,0.9177,0.6,0.9947,28
1579580056.543,0.61,0.9314,0.63,0.9523,28
1579580057.734,0.62,0.8955,0.63,0.972,28
1579580058.77,0.62,0.9227,0.61,0.9487,28
1579580059.707,0.63,0.8899,0.58,0.9751,28
1579580060.771,0.62,0.9225,0.61,0.9538,29
1579580062.064,0.62,0.901,0.63,0.9769,29
1579580063.337,0.61,0.9328,0.6,0.9658,29
1579580064.383,0.61,0.9269,0.57,0.9764,29
1579580065.585,0.63,0.9012,0.62,0.9576,29
1579580066.784,0.63,0.885,0.59,0.9782,29
1579580067.988,0.62,0.905,0.64,0.9569,29
1579580069.25,0.62,0.9004,0.62,0.9568,29
1579580070.444,0.63,0.8978,0.62,0.9581,29
1579580071.611,0.62,0.8887,0.63,0.9555,29
1579580072.751,0.64,0.8837,0.63,0.9608,29
1579580073.703,0.64,0.8714,0.63,0.9466,29
1579580074.967,0.63,0.8853,0.64,0.9414,30
1579580076.007,0.63,0.889,0.62,0.9498,30
1579580077.266,0.62,0.9033,0.6,0.9646,30
1579580078.28,0.61,0.9204,0.65,0.9526,30
1579580079.488,0.64,0.8731,0.64,0.9467,30
1579580080.636,0.64,0.871,0.61,0.9581,30
1579580081.827,0.62,0.8848,0.61,0.9644,30
1579580082.84,0.62,0.8942,0.64,0.9673,30
1579580083.975,0.63,0.8991,0.61,0.9528,30
1579580085.158,0.62,0.8881,0.63,0.9436,30
1579580086.194,0.64,0.8736,0.65,0.9629,30
1579580087.28,0.63,0.8829,0.61,0.9634,30
1579580088.456,0.63,0.887,0.63,0.9453,31
1579580089.615,0.64,0.8803,0.63,0.9719,31
1579580090.738,0.63,0.9177,0.62,0.9534,31
1579580091.797,0.62,0.9007,0.59,0.9725,31
1579580093.082,0.64,0.8778,0.64,0.9558,31
1579580094.091,0.64,0.868,0.65,0.9604,31
1579580095.334,0.63,0.8813,0.62,0.9827,31
1579580096.561,0.62,0.9029,0.62,0.9533,31
1579580097.797,0.64,0.8799,0.64,0.9613,31
1579580098.839,0.62,0.8897,0.61,0.9509,31
1579580100.076,0.64,0.8888,0.58,0.9927,31
1579580101.169,0.62,0.8909,0.64,0.9705,31
1579580102.425,0.62,0.9009,0.65,0.9309,32
1579580103.546,0.64,0.8767,0.64,0.9435,32
1579580104.671,0.62,0.8976,0.63,0.9457,32
1579580105.796,0.62,0.9034,0.64,0.9467,32
1579580106.848,0.64,0.8652,0.62,0.9412,32
1579580107.893,0.64,0.8575,0.62,0.9584,32
1579580108.912,0.62,0.882,0.62,0.9553,32
1579580110.094,0.62,0.8837,0.65,0.9519,32
1579580111.261,0.63,0.8795,0.64,0.9297,32
1579580112.429,0.64,0.8648,0.63,0.9238,32
1579580113.501,0.64,0.8697,0.66,0.9326,32
1579580114.501,0.64,0.8563,0.62,0.9526,32
1579580115.586,0.64,0.8721,0.64,0.9307,33
1579580116.713,0.64,0.8635,0.62,0.944,33
1579580117.959,0.63,0.8939,0.64,0.9423,33
1579580118.984,0.63,0.8942,0.64,0.9437,33
1579580120.237,0.65,0.8552,0.67,0.9366,33
1579580121.46,0.65,0.8537,0.64,0.9431,33
1579580122.714,0.63,0.8571,0.65,0.9598,33
1579580123.792,0.63,0.8741,0.67,0.9546,33
1579580124.852,0.64,0.8731,0.64,0.9293,33
1579580125.87,0.64,0.8525,0.65,0.9151,33
1579580127.058,0.65,0.8561,0.68,0.9329,33
1579580128.046,0.64,0.8499,0.66,0.9439,33
1579580129.122,0.64,0.8609,0.67,0.9206,34
1579580130.271,0.65,0.8557,0.64,0.927,34
1579580131.447,0.64,0.8828,0.65,0.9419,34
1579580132.484,0.63,0.8914,0.63,0.9295,34
1579580133.73,0.65,0.8419,0.65,0.9462,34
1579580134.781,0.64,0.8645,0.61,0.9773,34
1579580135.813,0.63,0.8777,0.58,1.0051,34
1579580136.971,0.62,0.9045,0.55,1.0384,34
1579580138.102,0.6,0.9474,0.65,0.9333,34
1579580139.358,0.63,0.8684,0.59,0.9563,34
1579580140.395,0.63,0.8972,0.61,0.9533,34
1579580141.441,0.63,0.8896,0.66,0.9346,34
1579580142.567,0.62,0.8797,0.59,0.9639,35
1579580143.752,0.63,0.8972,0.65,0.9323,35
1579580144.983,0.62,0.9009,0.64,0.9204,35
1579580146.031,0.63,0.8957,0.64,0.9367,35
1579580147.107,0.64,0.8656,0.63,0.9442,35
1579580148.326,0.64,0.8653,0.63,0.9423,35
1579580149.509,0.63,0.8673,0.63,0.9348,35
1579580150.639,0.63,0.8691,0.64,0.9511,35
1579580151.841,0.64,0.8777,0.63,0.9415,35
1579580153.071,0.64,0.8559,0.65,0.934,35
1579580154.109,0.65,0.8488,0.66,0.9245,35
1579580155.24,0.65,0.841,0.64,0.916,35
1579580156.439,0.65,0.8471,0.63,0.9273,36
1579580157.68,0.65,0.8511,0.64,0.9211,36
1579580158.712,0.64,0.8611,0.66,0.925,36
1579580159.769,0.64,0.8805,0.67,0.9177,36
1579580160.844,0.66,0.8334,0.66,0.9083,36
1579580161.976,0.65,0.8326,0.65,0.9192,36
1579580163.117,0.65,0.8402,0.64,0.9342,36
1579580164.324,0.64,0.8575,0.64,0.9447,36
1579580165.475,0.65,0.8515,0.67,0.9425,36
1579580166.552,0.65,0.8344,0.67,0.9203,36
1579580167.664,0.66,0.826,0.68,0.9095,36
1579580168.625,0.67,0.8161,0.65,0.9064,36
1579580169.815,0.65,0.8358,0.66,0.8988,37
1579580170.867,0.65,0.8379,0.65,0.9171,37
1579580171.881,0.64,0.8603,0.66,0.9305,37
1579580173.142,0.63,0.8869,0.6,0.9711,37
1579580174.369,0.62,0.8805,0.62,0.9621,37
1579580175.565,0.63,0.8811,0.67,0.9327,37
1579580176.685,0.65,0.838,0.65,0.9339,37
1579580177.755,0.64,0.853,0.61,0.9595,37
1579580178.876,0.64,0.8756,0.64,0.9282,37
1579580180.092,0.65,0.8323,0.64,0.9218,37
1579580181.24,0.66,0.8377,0.67,0.913,37
1579580182.291,0.66,0.8343,0.66,0.9018,37
1579580183.454,0.66,0.8349,0.63,0.924,38
1579580184.532,0.64,0.8529,0.67,0.9059,38
1579580185.644,0.65,0.8591,0.65,0.9147,38
1579580186.773,0.63,0.874,0.64,0.9126,38
1579580188.012,0.65,0.8307,0.66,0.9109,38
1579580189.042,0.65,0.8385,0.63,0.9379,38
1579580190.18,0.64,0.8557,0.65,0.9288,38
1579580191.451,0.64,0.846,0.66,0.9605,38
1579580192.633,0.65,0.8758,0.63,0.9479,38
1579580193.808,0.64,0.8563,0.66,0.923,38
1579580194.959,0.67,0.822,0.69,0.9301,38
1579580196.029,0.65,0.8449,0.61,0.92,38
1579580197.224,0.65,0.8414,0.64,0.9215,39
1579580198.444,0.66,0.8391,0.66,0.9177,39
1579580199.647,0.65,0.8622,0.67,0.9006,39
1579580200.808,0.64,0.8571,0.65,0.9075,39
1579580201.826,0.66,0.8352,0.67,0.8871,39
1579580202.849,0.66,0.8142,0.65,0.9176,39
1579580203.873,0.65,0.8375,0.65,0.9283,39
1579580205.103,0.64,0.8439,0.63,0.9436,39
1579580206.13,0.65,0.8456,0.63,0.9507,39
1579580207.383,0.65,0.8344,0.66,0.9229,39
1579580208.616,0.67,0.8107,0.67,0.9129,39
1579580209.694,0.67,0.8124,0.64,0.8997,39
1579580210.817,0.66,0.8256,0.71,0.8896,40
1579580211.996,0.66,0.8271,0.64,0.9004,40
1579580213.243,0.65,0.8402,0.64,0.9046,40
1579580214.419,0.64,0.8515,0.66,0.9011,40
1579580215.595,0.66,0.8205,0.67,0.9099,40
1579580216.8,0.66,0.8114,0.68,0.9154,40
1579580218.038,0.66,0.8149,0.65,0.9206,40
1579580219.141,0.65,0.8357,0.66,0.9458,40
1579580220.356,0.66,0.8315,0.66,0.9342,40
1579580221.487,0.67,0.8115,0.65,0.915,40
1579580222.561,0.67,0.7993,0.68,0.9036,40
1579580223.647,0.68,0.7901,0.65,0.914,40
1579580224.883,0.67,0.818,0.67,0.8899,41
1579580225.886,0.67,0.807,0.67,0.8867,41
1579580227.143,0.66,0.8299,0.69,0.8946,41
1579580228.409,0.65,0.8404,0.67,0.8818,41
1579580229.459,0.68,0.7941,0.68,0.906,41
1579580230.669,0.66,0.8136,0.64,0.9385,41
1579580231.814,0.66,0.8214,0.66,0.9393,41
1579580232.921,0.65,0.8258,0.66,0.9582,41
1579580234.204,0.65,0.8528,0.62,0.9743,41
1579580235.437,0.65,0.8422,0.63,0.949,41
1579580236.562,0.65,0.8506,0.6,0.9836,41
1579580237.568,0.63,0.8736,0.68,0.8904,41
1579580238.591,0.66,0.8164,0.66,0.9204,42
1579580239.711,0.65,0.8386,0.66,0.9007,42
1579580240.817,0.65,0.8348,0.67,0.8979,42
1579580241.849,0.64,0.8611,0.67,0.8884,42
1579580243.022,0.66,0.8165,0.66,0.9055,42
1579580244.029,0.66,0.8135,0.66,0.9035,42
1579580245.156,0.66,0.809,0.68,0.9052,42
1579580246.26,0.65,0.83,0.65,0.901,42
1579580247.444,0.67,0.8186,0.64,0.9108,42
1579580248.547,0.67,0.799,0.66,0.9038,42
1579580249.696,0.68,0.7964,0.66,0.8876,42
1579580250.775,0.68,0.7819,0.66,0.9025,42
1579580251.919,0.67,0.7999,0.68,0.9018,43
1579580253.157,0.67,0.8027,0.68,0.8862,43
1579580254.339,0.66,0.8167,0.64,0.8771,43
1579580255.42,0.65,0.8232,0.67,0.8755,43
1579580256.577,0.68,0.7938,0.67,0.8788,43
1579580257.684,0.66,0.7974,0.66,0.8845,43
1579580258.755,0.67,0.7927,0.68,0.935,43
1579580259.942,0.65,0.8284,0.65,0.9536,43
1579580260.965,0.66,0.8318,0.63,0.9582,43
1579580262.032,0.66,0.8198,0.64,0.9412,43
1579580263.247,0.66,0.8352,0.63,0.9284,43
1579580264.353,0.67,0.7942,0.72,0.8602,43
1579580265.386,0.67,0.7951,0.7,0.8741,44
1579580266.447,0.67,0.7969,0.67,0.8874,44
1579580267.681,0.66,0.8144,0.64,0.8808,44
1579580268.808,0.66,0.8222,0.66,0.884,44
1579580269.906,0.68,0.7884,0.66,0.9037,44
1579580271.018,0.67,0.7909,0.68,0.8966,44
1579580272.081,0.68,0.7819,0.68,0.9107,44
1579580273.334,0.65,0.8191,0.68,0.955,44
1579580274.485,0.66,0.8141,0.66,0.9321,44
1579580275.641,0.68,0.7786,0.65,0.9167,44
1579580276.831,0.67,0.7864,0.64,0.9287,44
1579580277.895,0.68,0.7755,0.64,0.9108,44
1579580279.14,0.68,0.7869,0.65,0.9106,45
1579580280.154,0.65,0.8276,0.65,0.922,45
1579580281.303,0.65,0.8316,0.67,0.9024,45
1579580282.556,0.65,0.8225,0.64,0.9013,45
1579580283.608,0.66,0.812,0.64,0.8899,45
1579580284.698,0.67,0.7849,0.65,0.9195,45
1579580285.839,0.67,0.7959,0.69,0.9094,45
1579580287.02,0.66,0.8157,0.7,0.9112,45
1579580288.233,0.66,0.8181,0.67,0.9163,45
1579580289.431,0.68,0.7809,0.62,0.9424,45
1579580290.645,0.68,0.7857,0.66,0.9238,45
1579580291.725,0.69,0.7629,0.61,0.9144,45
1579580292.92,0.67,0.7983,0.67,0.8934,46
1579580294.021,0.67,0.7901,0.68,0.8813,46
1579580295.265,0.66,0.808,0.66,0.8791,46
1579580296.368,0.66,0.8216,0.64,0.9008,46
1579580297.465,0.66,0.8085,0.67,0.8931,46
1579580298.581,0.67,0.7796,0.67,0.9217,46
1579580299.734,0.68,0.781,0.67,0.9173,46
1579580300.84,0.67,0.7995,0.66,0.9127,46
1579580301.998,0.68,0.7973,0.68,0.9306,46
1579580303.246,0.68,0.7842,0.68,0.94,46
1579580304.425,0.69,0.7744,0.67,0.9259,46
1579580305.477,0.7,0.7481,0.61,0.9294,46
1579580306.627,0.67,0.7884,0.69,0.9024,47
1579580307.869,0.69,0.7643,0.66,0.9055,47
1579580308.875,0.67,0.7973,0.64,0.9116,47
1579580309.925,0.66,0.829,0.61,0.9253,47
1579580310.977,0.65,0.8207,0.68,0.9085,47
1579580312.006,0.67,0.7869,0.66,0.9248,47
1579580313.116,0.68,0.7793,0.68,0.9265,47
1579580314.168,0.67,0.8006,0.69,0.922,47
1579580315.205,0.68,0.7825,0.65,0.941,47
1579580316.236,0.68,0.7828,0.67,0.9211,47
1579580317.275,0.69,0.7592,0.67,0.9223,47
1579580318.205,0.7,0.7457,0.62,0.9263,47
1579580319.28,0.68,0.7764,0.67,0.9061,48
1579580320.498,0.7,0.7572,0.69,0.9272,48
1579580321.658,0.67,0.8029,0.65,0.913,48
1579580322.682,0.66,0.8165,0.66,0.9007,48
1579580323.899,0.67,0.7864,0.67,0.9002,48
1579580325.134,0.67,0.7975,0.68,0.9213,48
1579580326.375,0.68,0.7673,0.65,0.9302,48
1579580327.529,0.67,0.7839,0.63,0.9637,48
1579580328.65,0.66,0.8118,0.65,0.9644,48
1579580329.835,0.68,0.7785,0.67,0.9354,48
1579580331.086,0.69,0.761,0.61,0.9395,48
1579580332.197,0.69,0.7722,0.64,0.9117,48
1579580333.341,0.69,0.7629,0.65,0.9225,49
1579580334.539,0.68,0.7787,0.67,0.9339,49
1579580335.755,0.67,0.8009,0.67,0.9031,49
1579580337.023,0.66,0.8046,0.67,0.9044,49
1579580338.267,0.67,0.7865,0.7,0.8827,49
1579580339.476,0.68,0.7661,0.68,0.9163,49
1579580340.728,0.67,0.7918,0.65,0.9181,49
1579580341.836,0.67,0.7772,0.62,0.9489,49
1579580343.075,0.68,0.7824,0.65,0.9592,49
1579580344.281,0.68,0.7704,0.65,0.9469,49
1579580345.486,0.69,0.7509,0.66,0.9391,49
1579580346.535,0.7,0.7419,0.63,0.9221,49
1579580347.669,0.68,0.7771,0.64,0.9173,50
1579580348.754,0.68,0.7701,0.67,0.9277,50
1579580349.955,0.67,0.8069,0.61,0.931,50
1579580350.971,0.66,0.8194,0.71,0.8872,50
1579580352.191,0.68,0.7695,0.68,0.8854,50
1579580353.379,0.68,0.7663,0.66,0.923,50
1579580354.61,0.67,0.7973,0.63,0.9875,50
1579580355.784,0.64,0.8641,0.61,0.9571,50
1579580356.917,0.68,0.7864,0.56,1.0713,50
1579580358.173,0.65,0.8391,0.52,1.0964,50
1579580359.38,0.64,0.8769,0.64,0.9761,50
1579580360.315,0.68,0.7684,0.52,1.1178,50
1579580361.544,0.61,0.9238,0.71,0.917,51
1579580362.811,0.67,0.7993,0.57,0.9708,51
1579580363.924,0.64,0.8682,0.64,0.913,51
1579580365.132,0.66,0.8239,0.57,0.9376,51
1579580366.312,0.65,0.8308,0.64,0.9147,51
1579580367.511,0.66,0.8138,0.65,0.8888,51
1579580368.638,0.67,0.7918,0.66,0.9295,51
1579580369.775,0.65,0.8404,0.67,0.9131,51
1579580371.034,0.66,0.8255,0.65,0.9258,51
1579580372.16,0.67,0.7872,0.64,0.9699,51
1579580373.381,0.67,0.8174,0.67,0.9338,51
1579580374.441,0.69,0.7527,0.6,0.9815,51
1579580375.603,0.66,0.8181,0.67,0.94,52
1579580376.83,0.68,0.7797,0.65,0.9327,52
1579580377.947,0.67,0.8113,0.66,0.9134,52
1579580379.138,0.66,0.8043,0.67,0.8927,52
1579580380.363,0.69,0.7706,0.67,0.8933,52
1579580381.517,0.68,0.7751,0.67,0.8848,52
1579580382.619,0.68,0.7632,0.66,0.8727,52
1579580383.719,0.67,0.7976,0.66,0.8784,52
1579580384.941,0.68,0.7742,0.62,0.9208,52
1579580385.976,0.68,0.7689,0.66,0.9147,52
1579580387.216,0.7,0.7416,0.64,0.9232,52
1579580388.304,0.71,0.7186,0.67,0.9282,52
1579580389.385,0.69,0.7467,0.67,0.9404,53
1579580390.463,0.69,0.7453,0.69,0.9413,53
1579580391.541,0.68,0.77,0.67,0.9205,53
1579580392.795,0.68,0.7725,0.69,0.8974,53
1579580394.021,0.7,0.7295,0.7,0.8826,53
1579580395.2,0.7,0.7344,0.71,0.8625,53
1579580396.444,0.69,0.7327,0.66,0.8678,53
1579580397.676,0.69,0.7584,0.65,0.9058,53
1579580398.76,0.68,0.7688,0.65,0.9085,53
1579580399.788,0.7,0.7408,0.63,0.9261,53
1579580400.953,0.71,0.7228,0.67,0.9163,53
1579580401.896,0.72,0.7004,0.66,0.9378,53
1579580403.159,0.7,0.7268,0.69,0.9328,54
1579580404.3,0.7,0.7357,0.67,0.9224,54
1579580405.433,0.68,0.7624,0.66,0.9203,54
1579580406.636,0.69,0.752,0.64,0.8937,54
1579580407.835,0.7,0.7195,0.69,0.873,54
1579580408.926,0.71,0.7226,0.69,0.8946,54
1579580410.136,0.7,0.7261,0.69,0.8847,54
1579580411.386,0.7,0.7411,0.67,0.9118,54
1579580412.522,0.7,0.747,0.63,0.9455,54
1579580413.784,0.7,0.7326,0.65,0.927,54
1579580415.029,0.71,0.7145,0.66,0.9248,54
1579580415.95,0.73,0.6845,0.66,0.969,54
1579580417.134,0.7,0.7287,0.68,0.9581,55
1579580418.384,0.7,0.7353,0.68,0.9471,55
1579580419.587,0.69,0.7462,0.65,0.9546,55
1579580420.743,0.69,0.7494,0.63,0.896,55
1579580421.937,0.7,0.7204,0.68,0.9068,55
1579580423.111,0.7,0.7248,0.69,0.8996,55
1579580424.19,0.7,0.7246,0.68,0.9107,55
1579580425.416,0.69,0.7442,0.67,0.9127,55
1579580426.674,0.7,0.7292,0.62,0.942,55
1579580427.914,0.7,0.733,0.64,0.9933,55
1579580429.063,0.7,0.7505,0.62,0.9805,55
1579580430.169,0.72,0.713,0.66,0.9846,55
1579580431.341,0.7,0.7333,0.65,0.9675,56
1579580432.568,0.69,0.743,0.65,0.9551,56
1579580433.713,0.68,0.7774,0.65,0.9515,56
1579580434.983,0.68,0.7595,0.63,0.9258,56
1579580436.041,0.7,0.73,0.65,0.8998,56
1579580437.131,0.68,0.7672,0.66,0.9482,56
1579580438.343,0.69,0.7503,0.66,0.9251,56
1579580439.398,0.68,0.7549,0.64,0.9205,56
1579580440.633,0.65,0.807,0.66,0.9204,56
1579580441.727,0.7,0.7201,0.64,0.9603,56
1579580442.9,0.69,0.749,0.67,0.9052,56
1579580443.787,0.73,0.692,0.62,0.9578,56
1579580444.956,0.67,0.7843,0.66,0.932,57
1579580446.163,0.69,0.7362,0.63,0.9819,57
1579580447.296,0.66,0.806,0.68,0.9256,57
1579580448.49,0.68,0.7583,0.64,0.916,57
1579580449.635,0.67,0.7702,0.64,0.905,57
1579580450.752,0.68,0.7482,0.67,0.9084,57
1579580451.947,0.69,0.7408,0.66,0.9327,57
1579580453.139,0.67,0.7921,0.67,0.923,57
1579580454.274,0.69,0.749,0.63,0.9398,57
1579580455.477,0.67,0.7775,0.64,0.9528,57
1579580456.632,0.69,0.7638,0.62,1.0059,57
1579580457.731,0.67,0.7739,0.69,0.9191,57
1579580458.761,0.69,0.7264,0.65,0.9394,58
1579580459.797,0.68,0.782,0.66,0.9074,58
1579580460.829,0.68,0.7721,0.66,0.9026,58
1579580462.078,0.68,0.7675,0.65,0.9274,58
1579580463.321,0.69,0.7601,0.65,0.8937,58
1579580464.377,0.69,0.7456,0.66,0.8836,58
1579580465.507,0.68,0.7472,0.66,0.8735,58
1579580466.653,0.68,0.7632,0.69,0.8876,58
1579580467.76,0.7,0.7343,0.68,0.9475,58
1579580469.021,0.7,0.7359,0.66,0.9297,58
1579580470.252,0.71,0.7153,0.67,0.9432,58
1579580471.251,0.72,0.6844,0.65,0.96,58
1579580472.489,0.69,0.7274,0.64,0.9193,59
1579580473.632,0.7,0.7169,0.69,0.9045,59
1579580474.887,0.7,0.7254,0.68,0.9148,59
1579580475.965,0.7,0.7245,0.66,0.9432,59
1579580477.033,0.7,0.7178,0.71,0.8961,59
1579580478.055,0.71,0.7049,0.67,0.8757,59
1579580479.318,0.7,0.7091,0.66,0.9096,59
1579580480.587,0.68,0.7571,0.62,0.9762,59
1579580481.718,0.69,0.7652,0.66,0.8997,59
1579580482.921,0.7,0.7064,0.65,0.9684,59
1579580483.932,0.7,0.7242,0.64,1.0071,59
1579580484.956,0.69,0.7296,0.67,0.9494,59
1579580486.113,0.7,0.7176,0.64,0.9934,60
1579580487.38,0.68,0.7698,0.61,0.977,60
1579580488.561,0.68,0.7645,0.64,0.9731,60
1579580489.717,0.68,0.7752,0.64,0.9728,60
1579580490.919,0.69,0.7515,0.62,0.9438,60
1579580492.083,0.68,0.7611,0.65,0.8946,60
1579580493.175,0.68,0.743,0.65,0.9164,60
1579580494.187,0.68,0.7777,0.68,0.9263,60
1579580495.425,0.69,0.7489,0.65,0.927,60
1579580496.598,0.69,0.7273,0.65,0.8971,60
1579580497.835,0.7,0.718,0.63,0.9071,60
1579580498.869,0.73,0.675,0.66,0.9386,60
1579580500.094,0.69,0.7236,0.69,0.9242,61
1579580501.343,0.71,0.7188,0.67,0.9242,61
1579580502.476,0.69,0.7389,0.7,0.8919,61
1579580503.532,0.71,0.7092,0.71,0.9032,61
1579580504.737,0.72,0.6891,0.69,0.8876,61
1579580505.812,0.71,0.6926,0.66,0.8813,61
1579580507.008,0.71,0.6907,0.66,0.8983,61
1579580508.223,0.71,0.7077,0.67,0.9247,61
1579580509.45,0.71,0.709,0.66,0.9293,61
1579580510.695,0.72,0.6832,0.64,0.9192,61
1579580511.733,0.73,0.6616,0.63,0.943,61
1579580512.702,0.74,0.6396,0.65,0.9417,61
1579580513.745,0.72,0.678,0.66,0.9335,62
1579580514.924,0.72,0.6862,0.64,0.9394,62
1579580516.179,0.71,0.6962,0.65,0.941,62
1579580517.404,0.71,0.6965,0.66,0.9201,62
1579580518.538,0.73,0.6571,0.68,0.9072,62
1579580519.62,0.73,0.6635,0.69,0.9258,62
1579580520.841,0.72,0.6709,0.68,0.9061,62
1579580521.902,0.71,0.6865,0.68,0.9013,62
1579580523.151,0.72,0.6903,0.66,0.9056,62
1579580524.357,0.72,0.6671,0.66,0.9413,62
1579580525.528,0.73,0.6654,0.67,0.945,62
1579580526.588,0.75,0.6276,0.66,0.9649,62
1579580527.67,0.73,0.658,0.67,0.9718,63
1579580528.849,0.73,0.6577,0.67,0.9513,63
1579580530.052,0.72,0.6753,0.68,0.9242,63
1579580531.205,0.72,0.677,0.66,0.9376,63
1579580532.348,0.73,0.6596,0.69,0.9251,63
1579580533.536,0.72,0.6811,0.67,0.9225,63
1579580534.79,0.72,0.6612,0.66,0.9286,63
1579580535.844,0.72,0.6792,0.65,0.9503,63
1579580536.992,0.72,0.7082,0.65,0.9261,63
1579580538.076,0.72,0.6746,0.66,0.936,63
1579580539.264,0.74,0.6453,0.67,0.9236,63
1579580540.362,0.77,0.5998,0.66,0.9795,63
1579580541.397,0.72,0.6757,0.6,1.0321,64
1579580542.595,0.71,0.6995,0.65,0.9593,64
1579580543.703,0.73,0.6637,0.66,0.9488,64
1579580544.737,0.71,0.6866,0.69,0.9494,64
1579580545.808,0.72,0.6768,0.68,0.9287,64
1579580547.078,0.73,0.6691,0.64,0.917,64
1579580548.172,0.71,0.6719,0.69,0.9402,64
1579580549.403,0.72,0.6732,0.67,0.9219,64
1579580550.556,0.74,0.6647,0.66,0.938,64
1579580551.741,0.72,0.6644,0.66,0.9103,64
1579580552.997,0.75,0.6293,0.66,0.9643,64
1579580553.892,0.75,0.621,0.64,0.9626,64
1579580554.921,0.73,0.6501,0.62,0.9541,65
1579580556.059,0.73,0.6519,0.64,1.0448,65
1579580557.252,0.7,0.7061,0.65,0.9841,65
1579580558.46,0.72,0.6836,0.65,0.9414,65
1579580559.738,0.72,0.6567,0.7,0.9185,65
1579580560.834,0.74,0.639,0.66,0.9197,65
1579580562.057,0.73,0.6492,0.64,0.9071,65
1579580563.244,0.72,0.6759,0.66,0.9367,65
1579580564.468,0.73,0.6714,0.65,0.9576,65
1579580565.59,0.73,0.651,0.64,0.9169,65
1579580566.631,0.74,0.6272,0.66,0.9278,65
1579580567.634,0.75,0.6158,0.64,1.0299,65
1579580568.715,0.72,0.6699,0.65,0.9733,66
1579580569.965,0.73,0.6459,0.61,0.9757,66
1579580571.007,0.71,0.6803,0.62,1.0437,66
1579580572.26,0.72,0.691,0.69,0.9788,66
1579580573.436,0.72,0.672,0.66,0.984,66
1579580574.555,0.72,0.6694,0.66,0.9642,66
1579580575.671,0.72,0.6778,0.68,0.9939,66
1579580576.87,0.69,0.7176,0.66,0.9759,66
1579580578.138,0.72,0.6988,0.63,0.9611,66
1579580579.245,0.68,0.7347,0.67,0.9746,66
1579580580.488,0.73,0.6528,0.67,0.9987,66
1579580581.529,0.73,0.6405,0.61,0.9825,66
1579580582.714,0.71,0.6919,0.64,0.9541,67
1579580583.776,0.73,0.6666,0.63,1.0074,67
1579580584.839,0.7,0.7073,0.63,1.0011,67
1579580585.946,0.71,0.7178,0.57,1.0098,67
1579580587.076,0.72,0.6881,0.66,1.0026,67
1579580588.325,0.69,0.7285,0.64,0.9269,67
1579580589.481,0.74,0.6496,0.68,1.0437,67
1579580590.654,0.66,0.804,0.66,0.9303,67
1579580591.794,0.72,0.6983,0.64,0.9729,67
1579580592.853,0.68,0.7576,0.64,0.9604,67
1579580593.909,0.7,0.7368,0.64,0.9642,67
1579580594.979,0.73,0.6635,0.65,0.9741,67
1579580596.104,0.7,0.6964,0.66,0.9659,68
1579580597.314,0.71,0.7109,0.64,0.9485,68
1579580598.449,0.7,0.7072,0.65,0.932,68
1579580599.594,0.71,0.6986,0.64,0.9753,68
1579580600.765,0.71,0.6784,0.69,0.9786,68
1579580601.861,0.72,0.6759,0.64,0.9324,68
1579580602.983,0.71,0.6712,0.68,0.9214,68
1579580604.137,0.72,0.6645,0.65,0.9423,68
1579580605.39,0.71,0.6769,0.67,0.9219,68
1579580606.649,0.74,0.6451,0.66,0.8549,68
1579580607.874,0.74,0.6446,0.65,0.8794,68
1579580608.882,0.75,0.6022,0.68,0.9208,68
1579580610.037,0.73,0.6425,0.68,0.9336,69
1579580611.254,0.73,0.6434,0.67,0.95,69
1579580612.399,0.73,0.6471,0.69,0.9621,69
1579580613.411,0.73,0.6494,0.65,0.9827,69
1579580614.567,0.74,0.6242,0.68,0.9773,69
1579580615.683,0.75,0.6239,0.65,0.9803,69
1579580616.92,0.74,0.6361,0.65,1.0292,69
1579580618.017,0.73,0.6493,0.66,1.0197,69
1579580619.122,0.73,0.657,0.65,0.985,69
1579580620.367,0.74,0.6278,0.65,0.9054,69
1579580621.546,0.75,0.6264,0.65,0.9345,69
1579580622.453,0.76,0.5956,0.65,0.9719,69
1579580623.682,0.75,0.615,0.65,0.9852,70
1579580624.902,0.74,0.6289,0.66,1.0241,70
1579580625.924,0.73,0.638,0.67,0.9998,70
1579580627.174,0.73,0.6375,0.68,0.9766,70
1579580628.346,0.75,0.6226,0.68,1.0199,70
1579580629.572,0.74,0.6445,0.65,0.996,70
1579580630.748,0.75,0.6286,0.62,1.0077,70
1579580631.878,0.74,0.637,0.66,1.0553,70
1579580633.116,0.73,0.6662,0.67,0.9396,70
1579580634.182,0.76,0.5945,0.66,0.9408,70
1579580635.355,0.75,0.6199,0.64,0.9371,70
1579580636.458,0.75,0.6132,0.63,0.9717,70
1579580637.658,0.75,0.6064,0.63,0.9885,71
1579580638.725,0.74,0.6306,0.66,1.0091,71
1579580639.779,0.73,0.6607,0.6,1.0809,71
1579580640.955,0.72,0.6697,0.61,1.0808,71
1579580642.219,0.73,0.6677,0.67,0.9651,71
1579580643.429,0.74,0.619,0.66,1.0268,71
1579580644.627,0.72,0.6783,0.64,1.0475,71
1579580645.785,0.69,0.7682,0.67,0.9414,71
1579580646.86,0.74,0.6349,0.6,1.1564,71
1579580647.933,0.67,0.798,0.65,0.924,71
1579580649.093,0.74,0.6425,0.64,0.9941,71
1579580650.191,0.73,0.6829,0.66,0.883,71
1579580651.353,0.74,0.636,0.68,0.9499,72
1579580652.455,0.69,0.7433,0.67,0.8866,72
1579580653.567,0.73,0.6541,0.63,0.9668,72
1579580654.769,0.73,0.6854,0.59,1.0093,72
1579580655.872,0.74,0.6478,0.62,1.0202,72
1579580657.021,0.73,0.6611,0.67,0.9819,72
1579580658.146,0.72,0.6736,0.64,0.9592,72
1579580659.316,0.74,0.6423,0.64,0.9811,72
1579580660.334,0.72,0.7191,0.65,0.9242,72
1579580661.493,0.75,0.6225,0.62,0.9953,72
1579580662.753,0.71,0.6992,0.64,0.8845,72
1579580663.811,0.77,0.5669,0.63,0.9842,72
1579580664.875,0.71,0.7153,0.64,0.9611,73
1579580665.97,0.72,0.673,0.68,0.9258,73
1579580667.218,0.73,0.6571,0.65,0.9384,73
1579580668.421,0.71,0.7135,0.64,0.947,73
1579580669.568,0.74,0.6439,0.64,1.0047,73
1579580670.817,0.72,0.6699,0.64,0.9651,73
1579580671.969,0.73,0.6344,0.65,0.9759,73
1579580673.215,0.7,0.6929,0.63,0.9411,73
1579580674.451,0.74,0.6291,0.69,0.9806,73
1579580675.616,0.76,0.6285,0.67,0.9625,73
1579580676.744,0.76,0.6051,0.65,0.908,73
1579580677.801,0.78,0.5577,0.67,0.8967,73
1579580679.046,0.74,0.6123,0.62,0.9532,74
1579580680.27,0.73,0.6364,0.67,0.9423,74
1579580681.45,0.74,0.6196,0.68,0.9198,74
1579580682.569,0.74,0.6234,0.65,0.9705,74
1579580683.74,0.74,0.6268,0.68,0.9577,74
1579580684.922,0.76,0.6055,0.66,0.9577,74
1579580685.994,0.76,0.5948,0.69,1.012,74
1579580687.067,0.74,0.6318,0.66,1.0556,74
1579580688.257,0.72,0.6798,0.63,1.0786,74
1579580689.491,0.76,0.6066,0.64,0.991,74
1579580690.677,0.78,0.5628,0.64,0.9802,74
1579580691.647,0.79,0.5415,0.63,0.9863,74
1579580692.751,0.76,0.5845,0.65,0.9424,75
1579580693.863,0.76,0.5866,0.67,0.924,75
1579580695.11,0.75,0.5889,0.66,0.9341,75
1579580696.367,0.76,0.5906,0.68,0.9237,75
1579580697.605,0.78,0.5576,0.67,0.973,75
1579580698.752,0.77,0.577,0.65,0.981,75
1579580699.815,0.77,0.5769,0.68,0.9716,75
1579580701.004,0.77,0.5791,0.68,1.0337,75
1579580702.131,0.76,0.5963,0.66,1.0221,75
1579580703.35,0.76,0.584,0.63,1.099,75
1579580704.526,0.75,0.6033,0.67,1.0775,75
1579580705.543,0.74,0.6363,0.64,1.0818,75
1579580706.675,0.73,0.6454,0.64,1.0408,76
1579580707.868,0.75,0.6036,0.65,0.9725,76
1579580708.916,0.75,0.6138,0.63,1.0067,76
1579580710.123,0.73,0.6371,0.64,0.9937,76
1579580711.132,0.76,0.6049,0.66,0.9321,76
1579580712.336,0.77,0.5854,0.63,1.0237,76
1579580713.522,0.75,0.6064,0.62,1.0333,76
1579580714.682,0.75,0.6059,0.66,0.9908,76
1579580715.785,0.75,0.5981,0.65,1.0275,76
1579580716.911,0.77,0.5768,0.68,0.9979,76
1579580718.027,0.77,0.5677,0.67,0.9336,76
1579580719.131,0.8,0.5177,0.67,0.9593,76
1579580720.34,0.78,0.5501,0.65,1.0119,77
1579580721.454,0.76,0.5829,0.69,0.9883,77
1579580722.623,0.77,0.5696,0.62,1.0052,77
1579580723.72,0.77,0.5703,0.63,1.0798,77
1579580724.936,0.76,0.5665,0.65,1.0236,77
1579580725.976,0.76,0.5747,0.63,1.0136,77
1579580727.118,0.76,0.5673,0.6,1.1114,77
1579580728.329,0.74,0.5991,0.66,1.0595,77
1579580729.39,0.75,0.6079,0.65,1.0608,77
1579580730.604,0.78,0.5433,0.63,1.0111,77
1579580731.796,0.78,0.5371,0.69,0.9758,77
1579580732.859,0.79,0.5214,0.68,0.9693,77
1579580734.049,0.78,0.5489,0.66,1.031,78
1579580735.245,0.77,0.5666,0.68,1.0485,78
1579580736.501,0.76,0.5871,0.64,1.0216,78
1579580737.648,0.76,0.5863,0.64,1.0356,78
1579580738.767,0.78,0.5442,0.65,1.0146,78
1579580739.957,0.75,0.5895,0.66,0.9992,78
1579580741.003,0.74,0.5973,0.62,1.135,78
1579580742.049,0.74,0.5933,0.61,1.0961,78
1579580743.203,0.76,0.6077,0.65,1.0434,78
1579580744.291,0.76,0.5719,0.63,1.1072,78
1579580745.466,0.75,0.5907,0.67,1.0435,78
1579580746.406,0.77,0.5533,0.64,0.9714,78
1579580747.602,0.74,0.6155,0.62,1.1867,79
1579580748.765,0.69,0.7369,0.63,1.104,79
1579580750.022,0.72,0.6543,0.65,1.0655,79
1579580751.275,0.69,0.7258,0.57,1.0296,79
1579580752.432,0.73,0.6446,0.62,1.1325,79
1579580753.577,0.7,0.7106,0.65,0.9398,79
1579580754.585,0.74,0.6197,0.68,0.9718,79
1579580755.741,0.71,0.7302,0.67,0.954,79
1579580757.002,0.75,0.6134,0.64,1.0909,79
1579580758.246,0.72,0.6805,0.65,1.035,79
1579580759.391,0.75,0.6174,0.6,1.024,79
1579580760.445,0.76,0.5935,0.68,0.9637,79
1579580761.572,0.74,0.63,0.64,0.9491,80
1579580762.87,0.75,0.6148,0.61,1.0261,80
1579580764.023,0.72,0.6669,0.62,0.9522,80
1579580765.274,0.76,0.6038,0.65,0.949,80
1579580766.547,0.75,0.6145,0.64,0.9509,80
1579580767.726,0.76,0.5871,0.67,1.0105,80
1579580768.876,0.74,0.6164,0.66,0.9657,80
1579580769.986,0.76,0.5852,0.64,0.9672,80
1579580771.131,0.75,0.621,0.65,0.967,80
1579580772.345,0.78,0.5537,0.63,1.0352,80
1579580773.37,0.76,0.5813,0.64,0.9614,80
1579580774.353,0.79,0.5212,0.65,0.9717,80
1579580775.542,0.75,0.6117,0.68,0.9616,81
1579580776.601,0.77,0.5687,0.6,1.0793,81
1579580777.664,0.73,0.6361,0.65,1.0086,81
1579580778.724,0.77,0.5651,0.63,1.0398,81
1579580779.838,0.75,0.6194,0.66,0.9882,81
1579580780.94,0.77,0.5503,0.68,1.0829,81
1579580782.206,0.74,0.6303,0.68,0.9535,81
1579580783.404,0.76,0.5696,0.65,0.969,81
1579580784.647,0.73,0.6386,0.67,0.9855,81
1579580785.8,0.79,0.5408,0.64,1.0921,81
1579580787.048,0.74,0.6127,0.67,0.9626,81
1579580788.17,0.8,0.4981,0.66,0.9753,81
1579580789.335,0.75,0.6166,0.67,0.9176,82
1579580790.578,0.76,0.5741,0.67,0.9632,82
1579580791.608,0.75,0.5911,0.68,0.9963,82
1579580792.85,0.75,0.5998,0.64,0.9898,82
1579580793.967,0.77,0.573,0.66,0.9849,82
1579580795.223,0.75,0.6161,0.66,1.015,82
1579580796.444,0.78,0.55,0.68,1.0925,82
1579580797.582,0.73,0.6399,0.66,0.9638,82
1579580798.685,0.78,0.5532,0.62,1.0322,82
1579580799.805,0.74,0.6357,0.64,1.0156,82
1579580801.049,0.79,0.5268,0.66,1.0827,82
1579580802.165,0.75,0.5927,0.68,0.9404,82
1579580803.257,0.77,0.5463,0.65,0.9742,83
1579580804.465,0.74,0.6299,0.64,0.9591,83
1579580805.685,0.76,0.5929,0.69,0.9928,83
1579580806.789,0.76,0.5812,0.66,1.0868,83
1579580807.931,0.75,0.6091,0.63,1.0226,83
1579580809.174,0.77,0.5434,0.62,1.0447,83
1579580810.401,0.75,0.6045,0.64,0.9986,83
1579580811.463,0.77,0.5562,0.66,1.0614,83
1579580812.665,0.75,0.5913,0.64,1.06,83
1579580813.712,0.78,0.545,0.65,1.0421,83
1579580814.843,0.79,0.5237,0.63,1.033,83
1579580815.844,0.81,0.4915,0.66,1.0127,83
1579580817.035,0.77,0.543,0.67,0.9688,84
1579580818.169,0.78,0.5437,0.66,0.9717,84
1579580819.245,0.77,0.5539,0.63,0.9756,84
1579580820.315,0.77,0.57,0.62,1.0453,84
1579580821.471,0.79,0.5169,0.59,1.1068,84
1579580822.729,0.78,0.5368,0.64,1.0717,84
1579580823.832,0.78,0.5512,0.62,1.0312,84
1579580824.926,0.78,0.5371,0.65,1.0248,84
1579580826.106,0.78,0.5564,0.67,1.0826,84
1579580827.326,0.77,0.5495,0.66,1.0989,84
1579580828.517,0.8,0.4967,0.64,1.1015,84
1579580829.552,0.81,0.4759,0.59,1.1014,84
1579580830.708,0.75,0.5795,0.65,1.0457,85
1579580831.768,0.78,0.5266,0.68,1.0169,85
1579580832.786,0.77,0.5496,0.65,0.9937,85
1579580833.831,0.76,0.5803,0.67,0.9852,85
1579580835.038,0.79,0.5156,0.6,1.1466,85
1579580836.096,0.76,0.5589,0.66,1.147,85
1579580837.31,0.77,0.5757,0.66,1.0134,85
1579580838.374,0.77,0.5404,0.64,1.0935,85
1579580839.552,0.76,0.5908,0.68,1.0604,85
1579580840.693,0.8,0.5139,0.7,1.1148,85
1579580841.886,0.76,0.5714,0.62,1.1524,85
1579580842.98,0.77,0.5346,0.62,1.1589,85
1579580844.203,0.75,0.6087,0.61,1.0694,86
1579580845.437,0.73,0.6259,0.62,1.0942,86
1579580846.648,0.74,0.6047,0.65,1.065,86
1579580847.878,0.73,0.6313,0.67,0.9309,86
1579580848.956,0.77,0.5585,0.63,0.9544,86
1579580850.069,0.73,0.6162,0.67,1.0411,86
1579580851.207,0.77,0.5472,0.6,1.1869,86
1579580852.308,0.72,0.6446,0.61,1.0664,86
1579580853.487,0.77,0.5651,0.62,1.0105,86
1579580854.567,0.75,0.5925,0.67,1.0354,86
1579580855.64,0.79,0.5327,0.62,1.0981,86
1579580856.691,0.78,0.5417,0.64,1.0773,86
1579580857.869,0.75,0.6153,0.66,1.0325,87
1579580859.106,0.75,0.6012,0.59,1.0359,87
1579580860.32,0.74,0.6139,0.62,1.0775,87
1579580861.51,0.76,0.6006,0.62,1.0636,87
1579580862.622,0.77,0.5646,0.64,1.0541,87
1579580863.812,0.76,0.5716,0.61,0.984,87
1579580865.034,0.77,0.5524,0.64,0.9997,87
1579580866.09,0.76,0.5697,0.66,1.0703,87
1579580867.216,0.77,0.5608,0.63,1.0702,87
1579580868.416,0.79,0.5321,0.63,1.0114,87
1579580869.559,0.8,0.5079,0.64,1.0183,87
1579580870.531,0.81,0.4766,0.64,1.0537,87
1579580871.657,0.8,0.5029,0.63,1.0748,88
1579580872.886,0.79,0.5152,0.63,1.08,88
1579580874.128,0.79,0.5173,0.65,1.1111,88
1579580875.371,0.78,0.5365,0.62,1.085,88
1579580876.578,0.8,0.5133,0.66,1.0719,88
1579580877.82,0.79,0.5213,0.66,1.0402,88
1579580878.988,0.8,0.4958,0.67,1.0587,88
1579580880.24,0.79,0.5105,0.7,1.1013,88
1579580881.463,0.8,0.5071,0.67,1.1285,88
1579580882.629,0.81,0.4866,0.68,1.1162,88
1579580883.737,0.8,0.4929,0.64,1.1093,88
1579580884.647,0.82,0.451,0.65,1.0637,88
1579580885.744,0.8,0.4922,0.68,1.0168,89
1579580886.771,0.79,0.5118,0.62,1.0781,89
1579580887.815,0.8,0.4834,0.63,1.1322,89
1579580889.07,0.79,0.515,0.62,1.0406,89
1579580890.322,0.8,0.4927,0.64,1.0235,89
1579580891.529,0.81,0.4818,0.64,1.1096,89
1579580892.682,0.79,0.5061,0.67,1.0411,89
1579580893.839,0.8,0.4896,0.67,1.0496,89
1579580895.109,0.8,0.5017,0.62,1.1719,89
1579580896.132,0.81,0.4746,0.65,1.174,89
1579580897.383,0.82,0.459,0.64,1.1083,89
1579580898.494,0.83,0.4237,0.61,1.1398,89
1579580899.514,0.8,0.485,0.63,1.0854,90
1579580900.654,0.81,0.4614,0.69,1.092,90
1579580901.751,0.8,0.4813,0.64,1.0673,90
1579580902.972,0.81,0.4724,0.65,1.0584,90
1579580904.017,0.82,0.4599,0.65,1.0368,90
1579580905.076,0.81,0.4798,0.68,1.0736,90
1579580906.246,0.81,0.4743,0.68,1.0805,90
1579580907.389,0.81,0.4674,0.7,1.0845,90
1579580908.546,0.8,0.484,0.64,1.2401,90
1579580909.583,0.82,0.467,0.63,1.2179,90
1579580910.72,0.8,0.4701,0.65,1.2072,90
1579580911.661,0.82,0.4444,0.63,1.1954,90
1579580912.801,0.8,0.4892,0.63,1.1883,91
1579580914.034,0.8,0.4844,0.65,1.1631,91
1579580915.245,0.81,0.4743,0.63,1.1472,91
1579580916.429,0.81,0.4866,0.65,1.1071,91
1579580917.591,0.81,0.4834,0.65,1.0379,91
1579580918.715,0.82,0.4654,0.66,1.0716,91
1579580919.89,0.8,0.4766,0.65,1.123,91
1579580921.135,0.79,0.5129,0.72,1.0842,91
1579580922.259,0.79,0.5073,0.67,1.2296,91
1579580923.304,0.83,0.4408,0.63,1.2653,91
1579580924.42,0.82,0.4644,0.63,1.1783,91
1579580925.396,0.79,0.4828,0.63,1.1775,91
1579580926.567,0.77,0.5568,0.61,1.1929,92
1579580927.715,0.79,0.4917,0.63,1.1445,92
1579580928.807,0.8,0.4799,0.63,1.1855,92
1579580929.906,0.77,0.5545,0.6,1.1335,92
1579580931.035,0.81,0.4684,0.6,1.136,92
1579580932.276,0.8,0.4954,0.67,1.1143,92
1579580933.309,0.8,0.4986,0.67,1.0736,92
1579580934.519,0.81,0.4668,0.63,1.1395,92
1579580935.654,0.8,0.4855,0.68,1.1467,92
1579580936.776,0.82,0.4479,0.63,1.2236,92
1579580938.011,0.81,0.4737,0.62,1.2226,92
1579580938.984,0.82,0.4385,0.67,1.111,92
1579580940.114,0.81,0.4542,0.64,1.1649,93
1579580941.265,0.8,0.4958,0.64,1.1894,93
1579580942.378,0.8,0.486,0.65,1.1606,93
1579580943.5,0.81,0.4779,0.62,1.1772,93
1579580944.7,0.79,0.5199,0.61,1.1778,93
1579580945.757,0.8,0.4829,0.6,1.1977,93
1579580946.773,0.77,0.5411,0.61,1.2035,93
1579580947.941,0.76,0.5838,0.67,1.1273,93
1579580949.177,0.81,0.4747,0.65,1.3199,93
1579580950.424,0.76,0.597,0.61,1.5023,93
1579580951.507,0.74,0.6536,0.65,1.2162,93
1579580952.492,0.82,0.4442,0.59,1.4254,93
1579580953.655,0.69,0.734,0.59,1.3606,94
1579580954.88,0.73,0.6425,0.58,1.2186,94
1579580955.961,0.72,0.6778,0.62,1.0465,94
1579580957.056,0.75,0.5958,0.58,1.1601,94
1579580958.3,0.73,0.6446,0.64,1.1413,94
1579580959.368,0.76,0.567,0.6,1.1928,94
1579580960.519,0.74,0.6298,0.6,1.1642,94
1579580961.668,0.73,0.6252,0.63,1.1296,94
1579580962.793,0.77,0.5716,0.64,1.1219,94
1579580963.88,0.78,0.5461,0.66,1.1081,94
1579580964.981,0.79,0.5146,0.65,1.1088,94
1579580966.096,0.79,0.5181,0.66,1.0873,94
1579580967.354,0.77,0.5547,0.65,1.1451,95
1579580968.429,0.76,0.5857,0.62,1.1068,95
1579580969.539,0.77,0.561,0.65,1.1264,95
1579580970.781,0.76,0.5804,0.67,1.1194,95
1579580971.93,0.78,0.535,0.63,1.1938,95
1579580972.997,0.78,0.5457,0.61,1.2353,95
1579580974.02,0.76,0.5658,0.6,1.1495,95
1579580975.215,0.77,0.5417,0.63,1.1137,95
1579580976.305,0.76,0.584,0.63,1.0697,95
1579580977.513,0.79,0.5104,0.59,1.1467,95
1579580978.565,0.78,0.5301,0.61,1.1473,95
1579580979.612,0.83,0.4441,0.62,1.1487,95
1579580980.694,0.78,0.5196,0.66,1.1332,96
1579580981.904,0.78,0.5159,0.63,1.161,96
1579580983.063,0.78,0.5232,0.66,1.108,96
1579580984.09,0.78,0.5137,0.67,1.0358,96
1579580985.315,0.8,0.4953,0.66,1.0723,96
1579580986.354,0.8,0.4906,0.61,1.1927,96
1579580987.439,0.79,0.5043,0.63,1.1785,96
1579580988.642,0.79,0.5148,0.65,1.1131,96
1579580989.764,0.78,0.5221,0.68,1.096,96
1579580990.828,0.81,0.4802,0.62,1.2277,96
1579580991.921,0.8,0.482,0.63,1.1663,96
1579580992.978,0.83,0.4182,0.67,1.0901,96
1579580994.226,0.78,0.4919,0.68,1.145,97
1579580995.445,0.8,0.4776,0.65,1.2452,97
1579580996.645,0.79,0.4987,0.64,1.1888,97
1579580997.868,0.81,0.4853,0.64,1.1371,97
1579580998.904,0.81,0.4734,0.63,1.1666,97
1579580999.932,0.81,0.4841,0.6,1.2379,97
1579581001.205,0.81,0.4656,0.58,1.2344,97
1579581002.268,0.8,0.4876,0.66,1.1537,97
1579581003.485,0.81,0.4788,0.68,1.1373,97
1579581004.568,0.81,0.4715,0.65,1.2507,97
1579581005.639,0.81,0.4601,0.59,1.2384,97
1579581006.595,0.82,0.4297,0.67,1.085,97
1579581007.741,0.82,0.4517,0.68,1.1171,98
1579581008.984,0.78,0.4972,0.65,1.2672,98
1579581010.236,0.8,0.4802,0.65,1.2834,98
1579581011.403,0.8,0.496,0.65,1.1777,98
1579581012.6,0.83,0.4502,0.65,1.1939,98
1579581013.616,0.8,0.5144,0.59,1.2083,98
1579581014.734,0.81,0.4682,0.57,1.2905,98
1579581015.747,0.78,0.5194,0.62,1.1525,98
1579581016.762,0.82,0.4641,0.64,1.1553,98
1579581018.006,0.77,0.5258,0.61,1.2345,98
1579581019.03,0.83,0.4397,0.59,1.3203,98
1579581019.921,0.79,0.4885,0.65,1.0833,98
1579581020.984,0.81,0.4569,0.68,1.1048,99
1579581022.24,0.73,0.6159,0.67,1.1014,99
1579581023.423,0.82,0.4546,0.59,1.2936,99
1579581024.539,0.75,0.5967,0.63,1.1447,99
1579581025.689,0.8,0.486,0.65,1.1046,99
1579581026.871,0.8,0.5145,0.62,1.1128,99
1579581028.031,0.76,0.5725,0.62,1.1828,99
1579581029.064,0.79,0.507,0.61,1.3035,99
1579581030.201,0.75,0.6011,0.64,1.1625,99
1579581031.425,0.81,0.4815,0.64,1.1642,99
1579581032.587,0.76,0.5517,0.67,1.1272,99
1579581033.576,0.84,0.4171,0.62,1.1842,99
