1579059339.515,0.25,1.3931,0.31,1.3892,0
1579059340.218,0.26,1.387,0.31,1.3869,0
1579059340.923,0.25,1.3878,0.31,1.384,0
1579059341.648,0.25,1.3842,0.31,1.3806,0
1579059342.347,0.26,1.3806,0.33,1.3771,0
1579059343.039,0.28,1.3785,0.35,1.3734,0
1579059343.742,0.33,1.3752,0.35,1.3699,0
1579059344.443,0.37,1.3693,0.36,1.3662,0
1579059345.145,0.38,1.3652,0.35,1.363,0
1579059345.839,0.38,1.3585,0.37,1.3595,0
1579059346.544,0.37,1.354,0.37,1.3558,0
1579059347.229,0.37,1.347,0.37,1.3516,0
1579059347.567,0.38,1.3405,0.37,1.3483,0
1579059348.255,0.39,1.3247,0.36,1.3438,1
1579059348.939,0.36,1.3244,0.37,1.3388,1
1579059349.632,0.39,1.3106,0.37,1.3341,1
1579059350.317,0.39,1.302,0.35,1.3303,1
1579059351.003,0.4,1.2868,0.36,1.3274,1
1579059351.693,0.39,1.2916,0.36,1.3252,1
1579059352.378,0.4,1.2789,0.35,1.324,1
1579059353.14,0.41,1.2668,0.33,1.323,1
1579059353.834,0.39,1.2676,0.33,1.3228,1
1579059354.516,0.41,1.2539,0.35,1.3226,1
1579059355.215,0.4,1.2659,0.34,1.3213,1
1579059355.922,0.41,1.2607,0.34,1.3201,1
1579059356.257,0.41,1.266,0.36,1.3201,1
1579059356.957,0.41,1.2441,0.34,1.3175,2
1579059357.64,0.4,1.2566,0.34,1.3141,2
1579059358.324,0.42,1.2468,0.34,1.3105,2
1579059359.021,0.42,1.253,0.34,1.3062,2
1579059359.707,0.42,1.234,0.34,1.3032,2
1579059360.406,0.41,1.2517,0.34,1.3024,2
1579059361.094,0.42,1.2467,0.35,1.3028,2
1579059361.79,0.43,1.2302,0.35,1.3006,2
1579059362.485,0.42,1.2473,0.37,1.2997,2
1579059363.197,0.43,1.2237,0.33,1.3003,2
1579059363.879,0.43,1.2453,0.31,1.2987,2
1579059364.57,0.42,1.2387,0.34,1.2963,2
1579059364.923,0.43,1.244,0.33,1.2948,2
1579059365.619,0.43,1.2241,0.3,1.2878,3
1579059366.308,0.45,1.2302,0.31,1.2807,3
1579059366.99,0.45,1.2242,0.31,1.2751,3
1579059367.682,0.43,1.2304,0.34,1.2707,3
1579059368.37,0.44,1.2152,0.36,1.2693,3
1579059369.048,0.43,1.2314,0.34,1.2704,3
1579059369.736,0.44,1.229,0.33,1.2721,3
1579059370.424,0.46,1.2105,0.33,1.271,3
1579059371.115,0.45,1.2266,0.33,1.2707,3
1579059371.808,0.45,1.2075,0.34,1.2715,3
1579059372.553,0.43,1.2274,0.34,1.2699,3
1579059373.264,0.44,1.2227,0.35,1.2693,3
1579059373.606,0.45,1.2257,0.34,1.2679,3
1579059374.31,0.45,1.2094,0.36,1.2582,4
1579059375.018,0.45,1.2145,0.34,1.2506,4
1579059375.713,0.46,1.208,0.36,1.2464,4
1579059376.405,0.44,1.2156,0.35,1.245,4
1579059377.091,0.45,1.1969,0.35,1.2475,4
1579059377.776,0.44,1.2169,0.33,1.2511,4
1579059378.474,0.45,1.2151,0.37,1.2522,4
1579059379.193,0.46,1.1935,0.37,1.2496,4
1579059379.882,0.45,1.2135,0.35,1.2489,4
1579059380.585,0.47,1.1916,0.36,1.248,4
1579059381.283,0.46,1.2134,0.37,1.2461,4
1579059381.967,0.46,1.2091,0.39,1.2457,4
1579059382.315,0.45,1.2105,0.41,1.2425,4
1579059382.998,0.46,1.1946,0.4,1.2331,5
1579059383.696,0.46,1.2,0.37,1.2286,5
1579059384.384,0.47,1.1948,0.38,1.227,5
1579059385.096,0.46,1.2014,0.37,1.228,5
1579059385.817,0.47,1.1823,0.38,1.231,5
1579059386.514,0.46,1.2041,0.4,1.2319,5
1579059387.207,0.47,1.2014,0.41,1.2306,5
1579059387.91,0.48,1.1764,0.4,1.2282,5
1579059388.607,0.47,1.1992,0.41,1.2277,5
1579059389.306,0.48,1.1761,0.41,1.2264,5
1579059390.017,0.47,1.198,0.41,1.2247,5
1579059390.712,0.46,1.1953,0.43,1.2212,5
1579059391.051,0.47,1.1944,0.43,1.2172,5
1579059391.82,0.47,1.177,0.4,1.2103,6
1579059392.509,0.47,1.184,0.4,1.2066,6
1579059393.211,0.48,1.178,0.4,1.2049,6
1579059393.904,0.47,1.186,0.39,1.2022,6
1579059394.587,0.48,1.1668,0.4,1.2006,6
1579059395.284,0.48,1.1891,0.43,1.2016,6
1579059395.976,0.47,1.1852,0.45,1.2034,6
1579059396.662,0.5,1.1574,0.44,1.2016,6
1579059397.353,0.47,1.1849,0.45,1.1973,6
1579059398.047,0.5,1.1595,0.47,1.1935,6
1579059398.729,0.48,1.1832,0.47,1.189,6
1579059399.417,0.48,1.1804,0.41,1.1885,6
1579059399.759,0.48,1.1776,0.44,1.1854,6
1579059400.455,0.48,1.1596,0.45,1.1778,7
1579059401.158,0.49,1.1664,0.44,1.1746,7
1579059401.839,0.49,1.1623,0.43,1.1732,7
1579059402.527,0.48,1.1685,0.4,1.1727,7
1579059403.236,0.49,1.1513,0.45,1.1705,7
1579059403.925,0.49,1.1747,0.47,1.1702,7
1579059404.613,0.48,1.1697,0.45,1.1696,7
1579059405.306,0.51,1.1386,0.43,1.1673,7
1579059406.019,0.48,1.171,0.45,1.1635,7
1579059406.739,0.5,1.1448,0.47,1.1615,7
1579059407.425,0.49,1.1683,0.47,1.1576,7
1579059408.138,0.48,1.1677,0.43,1.1579,7
1579059408.483,0.48,1.1606,0.47,1.1576,7
1579059409.184,0.49,1.1445,0.52,1.1509,8
1579059409.868,0.49,1.1507,0.49,1.1477,8
1579059410.561,0.5,1.1489,0.46,1.1449,8
1579059411.267,0.49,1.1542,0.44,1.1453,8
1579059411.953,0.5,1.1382,0.46,1.1447,8
1579059412.635,0.49,1.1637,0.5,1.1458,8
1579059413.336,0.48,1.1573,0.49,1.1458,8
1579059414.072,0.51,1.1251,0.46,1.1436,8
1579059414.759,0.49,1.1607,0.47,1.1414,8
1579059415.461,0.5,1.1348,0.47,1.1413,8
1579059416.153,0.49,1.1562,0.48,1.1391,8
1579059416.845,0.49,1.1591,0.49,1.1384,8
1579059417.197,0.49,1.1474,0.49,1.1409,8
1579059417.892,0.5,1.1351,0.51,1.135,9
1579059418.596,0.49,1.1396,0.54,1.1319,9
1579059419.284,0.5,1.1398,0.49,1.1284,9
1579059419.968,0.5,1.1447,0.46,1.1297,9
1579059420.671,0.5,1.1287,0.47,1.1328,9
1579059421.353,0.49,1.1559,0.49,1.1358,9
1579059422.037,0.49,1.1483,0.5,1.1355,9
1579059422.737,0.51,1.116,0.49,1.1309,9
1579059423.423,0.49,1.1526,0.5,1.1299,9
1579059424.109,0.5,1.1276,0.5,1.1311,9
1579059424.813,0.49,1.1472,0.5,1.1303,9
1579059425.503,0.49,1.1522,0.48,1.1292,9
1579059425.844,0.49,1.1386,0.5,1.1319,9
1579059426.536,0.5,1.1289,0.49,1.1268,10
1579059427.232,0.5,1.1324,0.51,1.1236,10
1579059427.925,0.5,1.1323,0.49,1.1204,10
1579059428.615,0.5,1.1376,0.47,1.1211,10
1579059429.303,0.51,1.1204,0.49,1.1251,10
1579059429.989,0.49,1.1484,0.49,1.1278,10
1579059430.678,0.5,1.1414,0.51,1.1266,10
1579059431.365,0.52,1.1084,0.49,1.1221,10
1579059432.045,0.5,1.1461,0.5,1.1218,10
1579059432.794,0.51,1.1212,0.51,1.1242,10
1579059433.478,0.49,1.1404,0.51,1.1235,10
1579059434.178,0.5,1.1463,0.49,1.1213,10
1579059434.522,0.5,1.1321,0.5,1.1239,10
1579059435.233,0.51,1.1229,0.51,1.1197,11
1579059435.926,0.5,1.1256,0.53,1.1175,11
1579059436.627,0.5,1.1255,0.5,1.1148,11
1579059437.311,0.51,1.1309,0.48,1.1157,11
1579059438.006,0.51,1.113,0.49,1.1199,11
1579059438.709,0.5,1.1413,0.5,1.1233,11
1579059439.398,0.5,1.1354,0.51,1.1217,11
1579059440.095,0.52,1.1016,0.49,1.1172,11
1579059440.802,0.5,1.1393,0.5,1.117,11
1579059441.499,0.51,1.1156,0.51,1.1195,11
1579059442.205,0.5,1.1336,0.5,1.1184,11
1579059442.891,0.5,1.1404,0.5,1.1156,11
1579059443.226,0.51,1.1259,0.49,1.1182,11
1579059443.925,0.51,1.1169,0.52,1.1134,12
1579059444.61,0.51,1.119,0.52,1.1115,12
1579059445.304,0.51,1.1189,0.49,1.1097,12
1579059446.012,0.51,1.124,0.47,1.1117,12
1579059446.706,0.52,1.1061,0.5,1.1165,12
1579059447.393,0.5,1.1343,0.51,1.1195,12
1579059448.085,0.51,1.1295,0.5,1.1169,12
1579059448.773,0.53,1.0947,0.48,1.1123,12
1579059449.457,0.5,1.1325,0.5,1.1131,12
1579059450.165,0.52,1.1098,0.51,1.1174,12
1579059450.854,0.5,1.1269,0.52,1.1167,12
1579059451.56,0.5,1.1346,0.5,1.1126,12
1579059451.895,0.51,1.1195,0.49,1.1144,12
1579059452.641,0.51,1.111,0.51,1.1086,13
1579059453.345,0.51,1.1122,0.52,1.1064,13
1579059454.028,0.51,1.1121,0.5,1.1057,13
1579059454.72,0.52,1.1172,0.48,1.1087,13
1579059455.416,0.52,1.0992,0.5,1.1131,13
1579059456.101,0.51,1.1274,0.51,1.1146,13
1579059456.789,0.51,1.1236,0.49,1.1111,13
1579059457.483,0.53,1.0878,0.48,1.107,13
1579059458.172,0.51,1.1256,0.51,1.1093,13
1579059458.862,0.52,1.1044,0.53,1.1137,13
1579059459.556,0.5,1.1203,0.53,1.1116,13
1579059460.238,0.51,1.1291,0.47,1.106,13
1579059460.579,0.51,1.1135,0.48,1.1085,13
1579059461.273,0.52,1.1053,0.52,1.1035,14
1579059461.961,0.52,1.1055,0.49,1.1027,14
1579059462.651,0.51,1.1055,0.51,1.1034,14
1579059463.341,0.52,1.1108,0.49,1.1061,14
1579059464.03,0.52,1.0927,0.52,1.1094,14
1579059464.729,0.51,1.121,0.51,1.1106,14
1579059465.414,0.51,1.1177,0.5,1.1082,14
1579059466.113,0.53,1.0814,0.5,1.1054,14
1579059466.837,0.51,1.1185,0.51,1.1075,14
1579059467.538,0.52,1.0996,0.53,1.1101,14
1579059468.234,0.51,1.114,0.54,1.1067,14
1579059468.923,0.5,1.1232,0.49,1.1014,14
1579059469.26,0.51,1.1078,0.51,1.1047,14
1579059469.958,0.52,1.1001,0.5,1.099,15
1579059470.716,0.52,1.0991,0.51,1.0982,15
1579059471.414,0.51,1.0992,0.49,1.1004,15
1579059472.118,0.52,1.1045,0.48,1.1036,15
1579059472.807,0.53,1.0864,0.5,1.1061,15
1579059473.499,0.51,1.1153,0.52,1.1063,15
1579059474.188,0.52,1.1119,0.49,1.1034,15
1579059474.879,0.54,1.0752,0.49,1.1017,15
1579059475.568,0.51,1.1125,0.52,1.1048,15
1579059476.267,0.52,1.0948,0.53,1.1069,15
1579059476.959,0.51,1.1083,0.54,1.1019,15
1579059477.647,0.51,1.1178,0.48,1.0965,15
1579059477.982,0.52,1.1033,0.5,1.101,15
1579059478.673,0.52,1.0949,0.49,1.0958,16
1579059479.354,0.53,1.093,0.5,1.0965,16
1579059480.063,0.52,1.0932,0.5,1.0994,16
1579059480.748,0.52,1.0989,0.49,1.1024,16
1579059481.428,0.53,1.081,0.5,1.1038,16
1579059482.126,0.52,1.1102,0.54,1.1032,16
1579059482.808,0.52,1.1069,0.51,1.101,16
1579059483.49,0.54,1.0697,0.5,1.1002,16
1579059484.189,0.51,1.1069,0.51,1.102,16
1579059484.872,0.53,1.0902,0.52,1.1023,16
1579059485.554,0.51,1.103,0.53,1.0978,16
1579059486.265,0.51,1.1131,0.49,1.0941,16
1579059486.602,0.52,1.0985,0.5,1.0988,16
1579059487.308,0.52,1.0904,0.49,1.092,17
1579059487.997,0.53,1.0878,0.52,1.0933,17
1579059488.726,0.52,1.0879,0.5,1.0986,17
1579059489.426,0.53,1.0942,0.5,1.103,17
1579059490.107,0.54,1.0764,0.51,1.1024,17
1579059490.792,0.52,1.106,0.54,1.0998,17
1579059491.486,0.52,1.1028,0.53,1.0975,17
1579059492.177,0.54,1.0649,0.5,1.0987,17
1579059492.874,0.52,1.102,0.51,1.1003,17
1579059493.569,0.53,1.0861,0.53,1.0981,17
1579059494.28,0.52,1.0986,0.53,1.0922,17
1579059494.993,0.52,1.109,0.5,1.0895,17
1579059495.334,0.53,1.0942,0.52,1.0962,17
1579059496.03,0.53,1.0868,0.51,1.0882,18
1579059496.772,0.53,1.0828,0.49,1.0894,18
1579059497.478,0.52,1.0831,0.51,1.0952,18
1579059498.182,0.53,1.0897,0.5,1.1011,18
1579059498.901,0.54,1.0722,0.5,1.1004,18
1579059499.602,0.52,1.102,0.52,1.0961,18
1579059500.312,0.52,1.0991,0.52,1.0927,18
1579059501.013,0.55,1.0608,0.51,1.0949,18
1579059501.72,0.52,1.0972,0.5,1.098,18
1579059502.432,0.53,1.0823,0.52,1.0941,18
1579059503.125,0.52,1.0938,0.53,1.0877,18
1579059503.828,0.52,1.1052,0.52,1.0858,18
1579059504.182,0.53,1.0898,0.51,1.0952,18
1579059504.879,0.53,1.083,0.5,1.0872,19
1579059505.578,0.54,1.0782,0.5,1.0874,19
1579059506.276,0.52,1.0785,0.51,1.0924,19
1579059507.019,0.53,1.0861,0.51,1.099,19
1579059507.721,0.54,1.0684,0.51,1.0993,19
1579059508.413,0.53,1.0986,0.51,1.0928,19
1579059509.107,0.52,1.0951,0.51,1.0882,19
1579059509.819,0.55,1.0572,0.51,1.0904,19
1579059510.524,0.52,1.0928,0.5,1.095,19
1579059511.22,0.53,1.0787,0.51,1.0902,19
1579059511.923,0.52,1.0893,0.52,1.0825,19
1579059512.624,0.52,1.1013,0.53,1.08,19
1579059512.972,0.53,1.0859,0.51,1.0905,19
1579059513.671,0.53,1.079,0.5,1.0836,20
1579059514.367,0.54,1.0739,0.5,1.0826,20
1579059515.094,0.53,1.0737,0.52,1.0877,20
1579059515.797,0.53,1.0825,0.51,1.0941,20
1579059516.505,0.54,1.0646,0.5,1.0949,20
1579059517.206,0.53,1.0952,0.52,1.0879,20
1579059517.901,0.52,1.0917,0.52,1.0834,20
1579059518.589,0.55,1.054,0.52,1.0865,20
1579059519.282,0.52,1.0892,0.5,1.0912,20
1579059519.97,0.53,1.0751,0.52,1.0856,20
1579059520.654,0.53,1.0854,0.51,1.0784,20
1579059521.342,0.52,1.0979,0.53,1.0757,20
1579059521.679,0.54,1.0817,0.51,1.0849,20
1579059522.379,0.53,1.0754,0.51,1.0779,21
1579059523.071,0.54,1.0706,0.51,1.0777,21
1579059523.754,0.53,1.0694,0.51,1.0836,21
1579059524.45,0.54,1.0791,0.51,1.0897,21
1579059525.196,0.54,1.0609,0.51,1.0884,21
1579059525.881,0.53,1.0917,0.55,1.0819,21
1579059526.578,0.53,1.0885,0.53,1.0787,21
1579059527.271,0.55,1.0506,0.5,1.0831,21
1579059527.956,0.53,1.0858,0.51,1.0864,21
1579059528.645,0.54,1.0717,0.51,1.0791,21
1579059529.346,0.53,1.0817,0.52,1.0719,21
1579059530.058,0.53,1.0946,0.53,1.0699,21
1579059530.4,0.54,1.0779,0.52,1.079,21
1579059531.124,0.54,1.0725,0.5,1.072,22
1579059531.835,0.54,1.0671,0.53,1.072,22
1579059532.529,0.53,1.0655,0.54,1.078,22
1579059533.242,0.54,1.0759,0.53,1.0848,22
1579059533.944,0.55,1.0575,0.53,1.0832,22
1579059534.636,0.53,1.0883,0.55,1.0762,22
1579059535.349,0.53,1.0853,0.54,1.0742,22
1579059536.054,0.55,1.0477,0.51,1.0803,22
1579059536.741,0.53,1.0825,0.53,1.0836,22
1579059537.443,0.54,1.0689,0.51,1.0751,22
1579059538.136,0.53,1.0783,0.54,1.0677,22
1579059538.822,0.53,1.0916,0.53,1.0672,22
1579059539.165,0.54,1.0745,0.55,1.0777,22
1579059539.85,0.53,1.0701,0.53,1.0691,23
1579059540.551,0.54,1.064,0.53,1.0686,23
1579059541.239,0.54,1.0622,0.54,1.0752,23
1579059541.922,0.54,1.0731,0.54,1.0833,23
1579059542.628,0.55,1.055,0.54,1.0804,23
1579059543.366,0.54,1.0852,0.57,1.0728,23
1579059544.045,0.53,1.0825,0.54,1.0715,23
1579059544.744,0.55,1.0446,0.53,1.0791,23
1579059545.433,0.53,1.0795,0.54,1.082,23
1579059546.118,0.54,1.0662,0.53,1.0722,23
1579059546.82,0.53,1.0753,0.55,1.0638,23
1579059547.51,0.53,1.0891,0.56,1.0634,23
1579059547.852,0.55,1.0713,0.55,1.0746,23
1579059548.536,0.54,1.0678,0.54,1.066,24
1579059549.223,0.55,1.0613,0.55,1.0663,24
1579059549.928,0.54,1.0588,0.54,1.0725,24
1579059550.617,0.54,1.0701,0.55,1.0808,24
1579059551.307,0.55,1.0525,0.56,1.078,24
1579059552.014,0.54,1.0828,0.57,1.0697,24
1579059552.7,0.53,1.0798,0.55,1.0685,24
1579059553.389,0.55,1.0419,0.54,1.0773,24
1579059554.088,0.53,1.0765,0.56,1.0805,24
1579059554.797,0.54,1.0636,0.55,1.0697,24
1579059555.49,0.53,1.0721,0.57,1.0605,24
1579059556.182,0.53,1.0864,0.57,1.0595,24
1579059556.544,0.55,1.0681,0.56,1.0723,24
1579059557.245,0.54,1.0658,0.56,1.0644,25
1579059557.94,0.55,1.0586,0.55,1.0641,25
1579059558.638,0.54,1.0557,0.55,1.0689,25
1579059559.338,0.54,1.0676,0.55,1.0784,25
1579059560.031,0.55,1.05,0.56,1.0781,25
1579059560.729,0.54,1.0809,0.58,1.0673,25
1579059561.487,0.53,1.0771,0.58,1.0644,25
1579059562.198,0.56,1.0397,0.55,1.0736,25
1579059562.884,0.54,1.0737,0.58,1.0809,25
1579059563.575,0.54,1.0619,0.55,1.0683,25
1579059564.265,0.53,1.069,0.57,1.0575,25
1579059564.956,0.53,1.0844,0.58,1.0557,25
1579059565.291,0.55,1.0652,0.57,1.0713,25
1579059565.996,0.54,1.0639,0.56,1.0642,26
1579059566.69,0.55,1.0561,0.56,1.0619,26
1579059567.392,0.54,1.0529,0.56,1.0649,26
1579059568.08,0.55,1.0654,0.56,1.0756,26
1579059568.766,0.55,1.0477,0.57,1.0789,26
1579059569.462,0.54,1.0792,0.56,1.0657,26
1579059570.178,0.53,1.0744,0.57,1.0608,26
1579059570.864,0.56,1.0381,0.55,1.0694,26
1579059571.561,0.54,1.0713,0.57,1.0807,26
1579059572.266,0.54,1.0604,0.54,1.0676,26
1579059572.957,0.54,1.0661,0.55,1.0545,26
1579059573.642,0.53,1.0825,0.57,1.0507,26
1579059573.986,0.55,1.0629,0.57,1.0679,26
1579059574.683,0.54,1.0612,0.58,1.0656,27
1579059575.39,0.55,1.0542,0.54,1.0602,27
1579059576.077,0.55,1.0491,0.54,1.0606,27
1579059576.767,0.54,1.0638,0.56,1.069,27
1579059577.469,0.55,1.045,0.56,1.0797,27
1579059578.178,0.55,1.0779,0.56,1.0675,27
1579059578.864,0.54,1.072,0.55,1.059,27
1579059579.565,0.56,1.036,0.54,1.0638,27
1579059580.301,0.54,1.0696,0.58,1.0772,27
1579059580.99,0.55,1.0578,0.55,1.07,27
1579059581.696,0.54,1.0639,0.55,1.0535,27
1579059582.383,0.54,1.0795,0.56,1.0469,27
1579059582.724,0.55,1.0612,0.58,1.0606,27
1579059583.42,0.55,1.0574,0.57,1.0658,28
1579059584.111,0.55,1.0525,0.57,1.0618,28
1579059584.83,0.55,1.0457,0.56,1.0588,28
1579059585.515,0.54,1.0612,0.54,1.0622,28
1579059586.201,0.55,1.0431,0.56,1.0746,28
1579059586.923,0.55,1.0753,0.56,1.0694,28
1579059587.615,0.53,1.0707,0.57,1.0592,28
1579059588.307,0.56,1.0326,0.54,1.0605,28
1579059588.995,0.54,1.0683,0.55,1.0695,28
1579059589.685,0.55,1.0544,0.55,1.0678,28
1579059590.378,0.54,1.0616,0.56,1.0535,28
1579059591.072,0.53,1.0775,0.57,1.0449,28
1579059591.408,0.55,1.0578,0.57,1.0546,28
1579059592.117,0.54,1.0548,0.56,1.061,29
1579059592.837,0.55,1.0502,0.56,1.0619,29
1579059593.535,0.55,1.0431,0.55,1.06,29
1579059594.22,0.55,1.058,0.54,1.0607,29
1579059594.91,0.55,1.0413,0.55,1.0686,29
1579059595.606,0.55,1.0723,0.55,1.0681,29
1579059596.292,0.54,1.0685,0.55,1.0617,29
1579059597.001,0.56,1.0296,0.56,1.0622,29
1579059597.705,0.54,1.0656,0.55,1.0666,29
1579059598.409,0.55,1.0522,0.55,1.0628,29
1579059599.124,0.54,1.0589,0.56,1.0515,29
1579059599.824,0.54,1.0756,0.57,1.045,29
1579059600.161,0.55,1.0542,0.56,1.055,29
1579059600.913,0.55,1.0532,0.55,1.0596,30
1579059601.615,0.56,1.0482,0.56,1.0602,30
1579059602.32,0.55,1.0408,0.55,1.0588,30
1579059603.012,0.55,1.0557,0.54,1.0604,30
1579059603.699,0.56,1.0394,0.55,1.0674,30
1579059604.388,0.55,1.0701,0.54,1.0668,30
1579059605.097,0.54,1.0661,0.56,1.062,30
1579059605.783,0.56,1.028,0.55,1.0631,30
1579059606.466,0.54,1.0636,0.55,1.0662,30
1579059607.164,0.55,1.0509,0.55,1.0598,30
1579059607.849,0.54,1.0567,0.54,1.0492,30
1579059608.548,0.54,1.0743,0.57,1.0449,30
1579059608.888,0.56,1.0515,0.55,1.0578,30
1579059609.584,0.55,1.0523,0.56,1.0604,31
1579059610.278,0.55,1.0465,0.56,1.0587,31
1579059610.967,0.55,1.0393,0.54,1.0568,31
1579059611.654,0.55,1.0537,0.54,1.06,31
1579059612.344,0.56,1.0378,0.55,1.0669,31
1579059613.03,0.55,1.0685,0.53,1.0643,31
1579059613.719,0.54,1.0639,0.55,1.061,31
1579059614.422,0.57,1.0266,0.56,1.0633,31
1579059615.12,0.55,1.0615,0.55,1.0657,31
1579059615.807,0.55,1.0499,0.56,1.0564,31
1579059616.505,0.55,1.0547,0.55,1.0461,31
1579059617.191,0.54,1.0732,0.56,1.0445,31
1579059617.53,0.56,1.0489,0.56,1.0603,31
1579059618.219,0.55,1.0516,0.56,1.0609,32
1579059618.926,0.55,1.045,0.56,1.0564,32
1579059619.618,0.55,1.0376,0.54,1.0538,32
1579059620.308,0.55,1.0517,0.54,1.0598,32
1579059621.005,0.56,1.0363,0.54,1.0672,32
1579059621.705,0.55,1.067,0.55,1.062,32
1579059622.458,0.54,1.0619,0.56,1.0588,32
1579059623.147,0.57,1.0257,0.57,1.0622,32
1579059623.84,0.55,1.0598,0.55,1.0645,32
1579059624.53,0.55,1.0488,0.55,1.0527,32
1579059625.228,0.55,1.0527,0.54,1.0422,32
1579059625.935,0.54,1.072,0.56,1.042,32
1579059626.277,0.56,1.0467,0.56,1.0605,32
1579059626.963,0.55,1.0507,0.56,1.0618,33
1579059627.658,0.56,1.0434,0.55,1.0555,33
1579059628.345,0.55,1.036,0.56,1.0515,33
1579059629.032,0.55,1.05,0.54,1.059,33
1579059629.725,0.55,1.035,0.52,1.0675,33
1579059630.431,0.55,1.0659,0.55,1.0615,33
1579059631.114,0.54,1.0602,0.56,1.059,33
1579059631.816,0.57,1.0248,0.56,1.0623,33
1579059632.509,0.55,1.0582,0.55,1.0642,33
1579059633.199,0.55,1.0478,0.54,1.0512,33
1579059633.893,0.55,1.0507,0.55,1.0411,33
1579059634.58,0.54,1.0709,0.57,1.0408,33
1579059634.924,0.56,1.0443,0.55,1.0612,33
1579059635.611,0.55,1.0492,0.56,1.0622,34
1579059636.291,0.56,1.0421,0.55,1.0541,34
1579059636.988,0.55,1.0338,0.55,1.0492,34
1579059637.674,0.55,1.0487,0.54,1.0566,34
1579059638.354,0.56,1.033,0.53,1.0679,34
1579059639.067,0.55,1.0648,0.55,1.0616,34
1579059639.751,0.55,1.058,0.57,1.0579,34
1579059640.431,0.57,1.0239,0.57,1.0598,34
1579059641.125,0.55,1.0566,0.55,1.0635,34
1579059641.863,0.56,1.0466,0.54,1.0499,34
1579059642.545,0.55,1.0487,0.55,1.0383,34
1579059643.243,0.54,1.0695,0.56,1.0383,34
1579059643.581,0.56,1.0424,0.55,1.0602,34
1579059644.284,0.55,1.0476,0.56,1.0632,35
1579059644.985,0.56,1.0409,0.55,1.052,35
1579059645.667,0.55,1.0314,0.56,1.0461,35
1579059646.362,0.55,1.0477,0.54,1.0527,35
1579059647.047,0.56,1.0313,0.52,1.0674,35
1579059647.731,0.55,1.0639,0.54,1.0617,35
1579059648.432,0.55,1.0565,0.57,1.056,35
1579059649.143,0.57,1.0225,0.56,1.0557,35
1579059649.824,0.55,1.0557,0.56,1.0603,35
1579059650.529,0.56,1.0447,0.53,1.051,35
1579059651.233,0.55,1.0475,0.55,1.0377,35
1579059651.92,0.54,1.0672,0.56,1.0359,35
1579059652.265,0.56,1.0413,0.56,1.0557,35
1579059652.955,0.55,1.0449,0.56,1.0628,36
1579059653.644,0.56,1.0397,0.56,1.0531,36
1579059654.334,0.55,1.0294,0.56,1.0452,36
1579059655.021,0.55,1.0458,0.54,1.0485,36
1579059655.73,0.55,1.03,0.52,1.0634,36
1579059656.424,0.55,1.0618,0.54,1.0619,36
1579059657.134,0.55,1.0556,0.58,1.0546,36
1579059657.825,0.57,1.0201,0.55,1.0534,36
1579059658.531,0.55,1.055,0.57,1.0559,36
1579059659.245,0.56,1.0425,0.54,1.0494,36
1579059659.947,0.55,1.0459,0.54,1.0368,36
1579059660.643,0.55,1.0656,0.56,1.033,36
1579059660.991,0.56,1.0394,0.57,1.0499,36
1579059661.722,0.55,1.0424,0.56,1.0592,37
1579059662.478,0.56,1.0379,0.56,1.0531,37
1579059663.179,0.55,1.0275,0.58,1.0447,37
1579059663.868,0.55,1.0432,0.54,1.0458,37
1579059664.56,0.55,1.0283,0.53,1.0582,37
1579059665.26,0.55,1.0594,0.54,1.0597,37
1579059665.946,0.55,1.0543,0.58,1.0532,37
1579059666.639,0.58,1.0179,0.56,1.0515,37
1579059667.336,0.55,1.0534,0.57,1.0527,37
1579059668.024,0.56,1.0406,0.55,1.0469,37
1579059668.715,0.55,1.0442,0.54,1.0354,37
1579059669.416,0.55,1.064,0.56,1.0317,37
1579059669.752,0.56,1.0369,0.57,1.0475,37
1579059670.443,0.55,1.0408,0.56,1.0566,38
1579059671.133,0.56,1.0361,0.56,1.0514,38
1579059671.823,0.55,1.0258,0.58,1.0439,38
1579059672.511,0.55,1.0412,0.55,1.0451,38
1579059673.228,0.55,1.0267,0.53,1.0561,38
1579059673.921,0.55,1.0576,0.54,1.0579,38
1579059674.62,0.55,1.0527,0.58,1.052,38
1579059675.31,0.58,1.0161,0.56,1.0499,38
1579059676.003,0.55,1.0519,0.57,1.0508,38
1579059676.707,0.56,1.0391,0.55,1.0455,38
1579059677.389,0.55,1.0428,0.54,1.0341,38
1579059678.084,0.55,1.0628,0.56,1.0299,38
1579059678.427,0.56,1.035,0.56,1.0456,38
1579059679.146,0.55,1.0398,0.57,1.0541,39
1579059679.85,0.56,1.0346,0.57,1.0492,39
1579059680.535,0.56,1.0244,0.58,1.0417,39
1579059681.252,0.55,1.0396,0.54,1.0435,39
1579059681.999,0.56,1.025,0.52,1.0542,39
1579059682.688,0.55,1.0563,0.54,1.0547,39
1579059683.379,0.55,1.0514,0.58,1.049,39
1579059684.07,0.58,1.0149,0.57,1.0473,39
1579059684.752,0.55,1.0505,0.56,1.0485,39
1579059685.444,0.56,1.0381,0.55,1.043,39
1579059686.133,0.55,1.0416,0.54,1.0319,39
1579059686.818,0.55,1.0615,0.56,1.0275,39
1579059687.157,0.56,1.033,0.56,1.043,39
1579059687.85,0.56,1.0388,0.57,1.0504,40
1579059688.534,0.56,1.0329,0.57,1.0459,40
1579059689.229,0.56,1.0233,0.57,1.0395,40
1579059689.931,0.56,1.0381,0.55,1.042,40
1579059690.622,0.56,1.0235,0.52,1.053,40
1579059691.316,0.55,1.0549,0.55,1.0529,40
1579059692.011,0.55,1.0498,0.58,1.0476,40
1579059692.706,0.58,1.014,0.58,1.0466,40
1579059693.418,0.55,1.0489,0.56,1.0482,40
1579059694.112,0.56,1.0374,0.56,1.0415,40
1579059694.803,0.56,1.0401,0.54,1.0303,40
1579059695.499,0.55,1.0603,0.56,1.0265,40
1579059695.839,0.56,1.0309,0.56,1.0418,40
1579059696.536,0.56,1.0376,0.57,1.048,41
1579059697.231,0.56,1.0315,0.56,1.0426,41
1579059697.923,0.56,1.022,0.57,1.0363,41
1579059698.613,0.56,1.0367,0.55,1.0392,41
1579059699.302,0.56,1.0222,0.52,1.0506,41
1579059700.004,0.55,1.0536,0.57,1.0504,41
1579059700.694,0.55,1.0482,0.58,1.0452,41
1579059701.384,0.58,1.0131,0.58,1.0443,41
1579059702.123,0.55,1.0475,0.56,1.0461,41
1579059702.821,0.56,1.0367,0.56,1.0402,41
1579059703.509,0.56,1.0389,0.55,1.0292,41
1579059704.189,0.55,1.0589,0.56,1.0253,41
1579059704.538,0.56,1.029,0.55,1.0414,41
1579059705.226,0.56,1.0365,0.56,1.0469,42
1579059705.918,0.56,1.0302,0.56,1.0405,42
1579059706.622,0.56,1.0208,0.56,1.0339,42
1579059707.312,0.56,1.0353,0.55,1.0372,42
1579059707.997,0.56,1.021,0.52,1.0494,42
1579059708.693,0.55,1.0522,0.57,1.0494,42
1579059709.377,0.55,1.0467,0.58,1.0442,42
1579059710.063,0.58,1.0121,0.58,1.0431,42
1579059710.764,0.55,1.0461,0.55,1.0454,42
1579059711.449,0.56,1.0359,0.55,1.0398,42
1579059712.15,0.56,1.0375,0.56,1.029,42
1579059712.846,0.55,1.0576,0.56,1.0254,42
1579059713.181,0.56,1.0269,0.55,1.0419,42
1579059713.887,0.56,1.0354,0.56,1.0466,43
1579059714.568,0.56,1.0288,0.57,1.0396,43
1579059715.264,0.56,1.0194,0.56,1.0329,43
1579059715.982,0.56,1.0342,0.55,1.0357,43
1579059716.67,0.56,1.0197,0.52,1.0472,43
1579059717.358,0.55,1.0512,0.57,1.0462,43
1579059718.055,0.55,1.0454,0.57,1.0415,43
1579059718.751,0.58,1.0108,0.57,1.0404,43
1579059719.447,0.55,1.0449,0.55,1.0418,43
1579059720.165,0.56,1.035,0.55,1.0369,43
1579059720.861,0.56,1.0365,0.55,1.027,43
1579059721.576,0.55,1.0566,0.56,1.0236,43
1579059721.92,0.56,1.0248,0.55,1.0408,43
1579059722.682,0.56,1.0342,0.56,1.0457,44
1579059723.38,0.56,1.0274,0.57,1.0379,44
1579059724.071,0.56,1.0177,0.56,1.0312,44
1579059724.773,0.56,1.0329,0.55,1.0336,44
1579059725.46,0.56,1.0185,0.52,1.0449,44
1579059726.152,0.55,1.0499,0.57,1.0449,44
1579059726.84,0.55,1.0439,0.57,1.0403,44
1579059727.525,0.58,1.0097,0.57,1.0384,44
1579059728.224,0.55,1.044,0.55,1.039,44
1579059728.911,0.56,1.0335,0.54,1.0339,44
1579059729.596,0.56,1.0352,0.55,1.0244,44
1579059730.286,0.55,1.0552,0.55,1.0214,44
1579059730.623,0.57,1.023,0.56,1.0393,44
1579059731.319,0.56,1.0329,0.56,1.0443,45
1579059732.01,0.56,1.0259,0.56,1.0362,45
1579059732.69,0.56,1.0162,0.56,1.0295,45
1579059733.385,0.56,1.0318,0.56,1.0315,45
1579059734.078,0.56,1.0173,0.52,1.0434,45
1579059734.787,0.56,1.0486,0.56,1.0437,45
1579059735.486,0.55,1.0422,0.57,1.0387,45
1579059736.178,0.58,1.0087,0.56,1.0357,45
1579059736.893,0.56,1.043,0.55,1.0364,45
1579059737.594,0.56,1.0322,0.54,1.0316,45
1579059738.288,0.56,1.0343,0.53,1.0217,45
1579059738.995,0.55,1.054,0.55,1.0193,45
1579059739.348,0.57,1.0215,0.56,1.0379,45
1579059740.043,0.56,1.0319,0.56,1.0432,46
1579059740.762,0.56,1.0246,0.56,1.0345,46
1579059741.472,0.56,1.015,0.57,1.0274,46
1579059742.174,0.56,1.0308,0.55,1.0297,46
1579059742.869,0.56,1.0162,0.51,1.042,46
1579059743.568,0.56,1.0475,0.56,1.0425,46
1579059744.309,0.55,1.0406,0.57,1.0375,46
1579059745.001,0.58,1.0078,0.56,1.0343,46
1579059745.719,0.55,1.042,0.55,1.0347,46
1579059746.408,0.56,1.0313,0.54,1.0306,46
1579059747.096,0.56,1.0332,0.53,1.0212,46
1579059747.792,0.55,1.0531,0.54,1.0188,46
1579059748.128,0.57,1.0196,0.56,1.0382,46
1579059748.828,0.56,1.0312,0.55,1.0434,47
1579059749.512,0.56,1.0234,0.56,1.0345,47
1579059750.223,0.56,1.014,0.56,1.0269,47
1579059750.934,0.56,1.0298,0.56,1.0287,47
1579059751.635,0.56,1.0153,0.51,1.0408,47
1579059752.328,0.56,1.0464,0.56,1.0412,47
1579059753.029,0.55,1.0393,0.57,1.0362,47
1579059753.714,0.58,1.0066,0.57,1.0324,47
1579059754.406,0.56,1.0411,0.56,1.0325,47
1579059755.108,0.56,1.0303,0.54,1.0286,47
1579059755.794,0.56,1.0321,0.52,1.0196,47
1579059756.491,0.55,1.0521,0.54,1.0175,47
1579059756.833,0.57,1.018,0.56,1.0367,47
1579059757.524,0.56,1.0301,0.55,1.0415,48
1579059758.229,0.56,1.022,0.56,1.0328,48
1579059758.919,0.56,1.0128,0.57,1.0257,48
1579059759.608,0.56,1.0288,0.54,1.0279,48
1579059760.293,0.56,1.0142,0.51,1.0398,48
1579059760.985,0.56,1.0455,0.56,1.0394,48
1579059761.679,0.56,1.0378,0.57,1.0342,48
1579059762.358,0.58,1.0055,0.57,1.0304,48
1579059763.048,0.56,1.04,0.56,1.0311,48
1579059763.794,0.56,1.0295,0.54,1.0269,48
1579059764.475,0.56,1.0307,0.52,1.0181,48
1579059765.167,0.55,1.051,0.53,1.0162,48
1579059765.508,0.57,1.0163,0.56,1.0359,48
1579059766.205,0.56,1.0293,0.55,1.0404,49
1579059766.923,0.56,1.0208,0.56,1.032,49
1579059767.606,0.57,1.0117,0.57,1.0251,49
1579059768.301,0.56,1.0279,0.55,1.0272,49
1579059768.987,0.56,1.0132,0.52,1.0393,49
1579059769.67,0.56,1.0446,0.55,1.0383,49
1579059770.367,0.56,1.0365,0.58,1.0332,49
1579059771.051,0.58,1.0043,0.57,1.0297,49
1579059771.734,0.56,1.0391,0.55,1.0303,49
1579059772.433,0.56,1.0285,0.54,1.0253,49
1579059773.119,0.56,1.0296,0.53,1.0154,49
1579059773.804,0.55,1.05,0.53,1.0136,49
1579059774.152,0.57,1.015,0.56,1.034,49
1579059774.848,0.56,1.0285,0.55,1.0391,50
1579059775.55,0.56,1.0198,0.55,1.0301,50
1579059776.238,0.57,1.0107,0.57,1.0227,50
1579059776.926,0.56,1.027,0.56,1.025,50
1579059777.624,0.56,1.0125,0.52,1.0377,50
1579059778.312,0.56,1.0437,0.55,1.0369,50
1579059779.01,0.56,1.0354,0.58,1.0313,50
1579059779.706,0.58,1.0033,0.57,1.0276,50
1579059780.404,0.56,1.0383,0.55,1.0281,50
1579059781.088,0.56,1.0275,0.54,1.024,50
1579059781.806,0.56,1.0287,0.53,1.0138,50
1579059782.502,0.55,1.0489,0.53,1.0118,50
1579059782.847,0.57,1.0139,0.56,1.0325,50
1579059783.57,0.56,1.0273,0.55,1.0383,51
1579059784.333,0.56,1.0187,0.54,1.0295,51
1579059785.032,0.57,1.0095,0.57,1.0215,51
1579059785.732,0.56,1.0259,0.56,1.0232,51
1579059786.43,0.56,1.0118,0.52,1.036,51
1579059787.14,0.56,1.0426,0.55,1.0356,51
1579059787.839,0.56,1.0341,0.57,1.0301,51
1579059788.532,0.58,1.0025,0.57,1.0259,51
1579059789.225,0.56,1.0373,0.55,1.0261,51
1579059789.916,0.56,1.0267,0.53,1.0225,51
1579059790.607,0.56,1.0273,0.53,1.0126,51
1579059791.299,0.55,1.0479,0.54,1.0108,51
1579059791.644,0.57,1.0122,0.56,1.0312,51
1579059792.34,0.56,1.0263,0.55,1.0371,52
1579059793.03,0.56,1.0175,0.54,1.0281,52
1579059793.722,0.57,1.0084,0.57,1.0203,52
1579059794.417,0.56,1.0248,0.56,1.0218,52
1579059795.123,0.56,1.0107,0.52,1.0344,52
1579059795.817,0.56,1.0412,0.55,1.0341,52
1579059796.513,0.56,1.0326,0.56,1.0283,52
1579059797.204,0.58,1.0012,0.56,1.0239,52
1579059797.89,0.56,1.0364,0.55,1.0241,52
1579059798.593,0.56,1.0255,0.54,1.0209,52
1579059799.289,0.56,1.0264,0.53,1.0112,52
1579059799.987,0.55,1.0467,0.54,1.0095,52
1579059800.328,0.57,1.0108,0.56,1.0295,52
1579059801.031,0.56,1.025,0.55,1.0351,53
1579059801.723,0.56,1.0161,0.54,1.0263,53
1579059802.413,0.57,1.0072,0.56,1.0191,53
1579059803.113,0.57,1.0238,0.56,1.0209,53
1579059803.853,0.56,1.0095,0.54,1.0332,53
1579059804.531,0.56,1.04,0.54,1.0325,53
1579059805.24,0.56,1.0313,0.57,1.0274,53
1579059805.939,0.58,1.0001,0.56,1.0237,53
1579059806.63,0.56,1.0354,0.55,1.0248,53
1579059807.351,0.56,1.0245,0.54,1.0211,53
1579059808.039,0.56,1.0256,0.53,1.0102,53
1579059808.732,0.55,1.0458,0.56,1.0084,53
1579059809.085,0.58,1.0098,0.56,1.0291,53
1579059809.785,0.56,1.0242,0.55,1.0354,54
1579059810.488,0.56,1.0155,0.54,1.0257,54
1579059811.183,0.57,1.0062,0.56,1.0176,54
1579059811.879,0.57,1.0227,0.56,1.0191,54
1579059812.589,0.56,1.0086,0.54,1.0317,54
1579059813.309,0.56,1.039,0.54,1.0313,54
1579059814.007,0.56,1.0302,0.57,1.0264,54
1579059814.702,0.58,0.9988,0.57,1.023,54
1579059815.403,0.56,1.0348,0.55,1.0238,54
1579059816.098,0.56,1.0236,0.54,1.0203,54
1579059816.792,0.56,1.0247,0.53,1.0094,54
1579059817.5,0.55,1.0449,0.55,1.0074,54
1579059817.847,0.57,1.0086,0.56,1.0276,54
1579059818.556,0.56,1.0234,0.55,1.0343,55
1579059819.26,0.56,1.0145,0.54,1.0254,55
1579059819.954,0.57,1.0054,0.56,1.0167,55
1579059820.657,0.57,1.0214,0.56,1.0175,55
1579059821.351,0.56,1.0077,0.54,1.0294,55
1579059822.043,0.56,1.0378,0.55,1.0295,55
1579059822.738,0.56,1.0292,0.58,1.0256,55
1579059823.429,0.58,0.9977,0.57,1.0225,55
1579059824.172,0.56,1.034,0.55,1.0228,55
1579059824.885,0.56,1.0229,0.54,1.0191,55
1579059825.575,0.56,1.0236,0.53,1.0088,55
1579059826.272,0.55,1.0441,0.55,1.0067,55
1579059826.63,0.57,1.0071,0.56,1.0271,55
1579059827.335,0.56,1.0225,0.56,1.0341,56
1579059828.024,0.56,1.0135,0.55,1.0255,56
1579059828.712,0.57,1.0047,0.55,1.0167,56
1579059829.403,0.57,1.0204,0.55,1.0168,56
1579059830.084,0.56,1.0068,0.54,1.0276,56
1579059830.776,0.56,1.0369,0.55,1.0269,56
1579059831.477,0.56,1.0279,0.58,1.0236,56
1579059832.174,0.58,0.9967,0.57,1.0216,56
1579059832.874,0.56,1.0333,0.55,1.0222,56
1579059833.565,0.56,1.0223,0.54,1.0181,56
1579059834.246,0.56,1.0227,0.53,1.0076,56
1579059834.936,0.55,1.0435,0.55,1.0052,56
1579059835.277,0.57,1.006,0.55,1.0259,56
1579059835.995,0.56,1.0216,0.56,1.0337,57
1579059836.685,0.56,1.0127,0.55,1.0259,57
1579059837.37,0.57,1.0041,0.55,1.0166,57
1579059838.066,0.57,1.0196,0.55,1.0162,57
1579059838.754,0.56,1.0059,0.54,1.0256,57
1579059839.439,0.56,1.0361,0.56,1.0239,57
1579059840.147,0.56,1.0269,0.57,1.021,57
1579059840.834,0.58,0.9954,0.57,1.0198,57
1579059841.533,0.56,1.0324,0.55,1.0215,57
1579059842.227,0.56,1.0216,0.54,1.0167,57
1579059842.912,0.57,1.0218,0.53,1.0058,57
1579059843.599,0.55,1.0425,0.55,1.0034,57
1579059843.945,0.57,1.005,0.55,1.0238,57
1579059844.697,0.56,1.0204,0.55,1.0324,58
1579059845.399,0.56,1.0114,0.55,1.0252,58
1579059846.09,0.57,1.0032,0.53,1.0158,58
1579059846.781,0.57,1.0186,0.55,1.0151,58
1579059847.489,0.56,1.005,0.54,1.0243,58
1579059848.188,0.56,1.0353,0.56,1.0223,58
1579059848.881,0.56,1.0259,0.57,1.0195,58
1579059849.575,0.59,0.9943,0.56,1.0192,58
1579059850.276,0.56,1.0318,0.55,1.0212,58
1579059850.979,0.56,1.0208,0.54,1.0156,58
1579059851.666,0.57,1.021,0.54,1.0043,58
1579059852.355,0.55,1.0419,0.56,1.0014,58
1579059852.689,0.57,1.0039,0.55,1.0225,58
1579059853.401,0.56,1.0196,0.56,1.0317,59
1579059854.088,0.56,1.0108,0.55,1.0244,59
1579059854.791,0.57,1.0026,0.53,1.0144,59
1579059855.485,0.57,1.0176,0.55,1.0134,59
1579059856.169,0.56,1.0041,0.53,1.0223,59
1579059856.898,0.56,1.0346,0.56,1.02,59
1579059857.587,0.56,1.0253,0.57,1.0175,59
1579059858.273,0.59,0.9933,0.56,1.018,59
1579059858.984,0.56,1.0313,0.55,1.0204,59
1579059859.677,0.56,1.0202,0.54,1.0147,59
1579059860.37,0.56,1.0203,0.54,1.0027,59
1579059861.061,0.55,1.0414,0.56,0.9995,59
1579059861.419,0.58,1.0027,0.55,1.0206,59
1579059862.13,0.56,1.019,0.55,1.0305,60
1579059862.826,0.56,1.01,0.55,1.0245,60
1579059863.523,0.57,1.002,0.54,1.0142,60
1579059864.239,0.57,1.0168,0.55,1.0126,60
1579059864.939,0.56,1.0034,0.52,1.0209,60
1579059865.63,0.56,1.0336,0.56,1.0186,60
1579059866.371,0.56,1.0246,0.57,1.0159,60
1579059867.056,0.59,0.9921,0.56,1.0171,60
1579059867.747,0.56,1.0304,0.55,1.0194,60
1579059868.434,0.56,1.0197,0.54,1.0129,60
1579059869.134,0.57,1.0192,0.54,1.0012,60
1579059869.828,0.55,1.0408,0.55,0.9986,60
1579059870.165,0.57,1.0015,0.55,1.0193,60
1579059870.862,0.56,1.0184,0.55,1.0293,61
1579059871.56,0.56,1.009,0.55,1.0245,61
1579059872.244,0.58,1.0015,0.55,1.0149,61
1579059872.945,0.57,1.016,0.56,1.0131,61
1579059873.648,0.56,1.0024,0.52,1.0203,61
1579059874.338,0.56,1.0331,0.55,1.0164,61
1579059875.046,0.56,1.0237,0.57,1.0136,61
1579059875.736,0.59,0.9911,0.57,1.016,61
1579059876.436,0.56,1.0295,0.55,1.0197,61
1579059877.135,0.56,1.0194,0.56,1.012,61
1579059877.823,0.57,1.018,0.54,0.9996,61
1579059878.513,0.56,1.0401,0.56,0.9973,61
1579059878.862,0.58,1.0004,0.55,1.0186,61
1579059879.557,0.56,1.0175,0.54,1.0286,62
1579059880.254,0.56,1.0078,0.55,1.0234,62
1579059880.943,0.58,1.0006,0.55,1.0139,62
1579059881.636,0.57,1.0152,0.56,1.0127,62
1579059882.347,0.56,1.0016,0.52,1.0202,62
1579059883.031,0.56,1.0324,0.54,1.0159,62
1579059883.717,0.56,1.0231,0.55,1.0123,62
1579059884.416,0.59,0.9904,0.57,1.0148,62
1579059885.114,0.56,1.029,0.55,1.0193,62
1579059885.86,0.56,1.019,0.56,1.0118,62
1579059886.555,0.57,1.0171,0.54,0.999,62
1579059887.25,0.56,1.0394,0.55,0.9959,62
1579059887.586,0.58,0.9995,0.55,1.0168,62
1579059888.287,0.56,1.0165,0.54,1.0278,63
1579059888.971,0.56,1.0066,0.55,1.024,63
1579059889.669,0.58,1.0,0.55,1.0144,63
1579059890.364,0.57,1.0143,0.56,1.0126,63
1579059891.046,0.57,1.0006,0.52,1.0201,63
1579059891.751,0.56,1.0318,0.54,1.0149,63
1579059892.457,0.56,1.0224,0.55,1.0107,63
1579059893.157,0.59,0.9894,0.56,1.0136,63
1579059893.85,0.57,1.0282,0.55,1.0189,63
1579059894.542,0.56,1.0186,0.56,1.0114,63
1579059895.225,0.57,1.0161,0.54,0.998,63
1579059895.934,0.56,1.0385,0.55,0.9942,63
1579059896.28,0.58,0.9987,0.54,1.014,63
1579059896.968,0.56,1.0159,0.54,1.0254,64
1579059897.674,0.57,1.0054,0.55,1.0235,64
1579059898.361,0.58,0.9993,0.54,1.0142,64
1579059899.053,0.57,1.0135,0.56,1.0118,64
1579059899.757,0.57,0.9995,0.51,1.0191,64
1579059900.451,0.56,1.0314,0.55,1.0134,64
1579059901.139,0.56,1.0217,0.54,1.0092,64
1579059901.85,0.59,0.9887,0.56,1.0132,64
1579059902.549,0.56,1.0272,0.55,1.0197,64
1579059903.245,0.56,1.0185,0.56,1.0114,64
1579059903.949,0.57,1.0151,0.54,0.997,64
1579059904.649,0.56,1.0379,0.55,0.993,64
1579059904.997,0.57,0.9979,0.53,1.0119,64
1579059905.705,0.56,1.0148,0.54,1.0238,65
1579059906.447,0.57,1.0044,0.55,1.0231,65
1579059907.142,0.58,0.9987,0.56,1.0142,65
1579059907.847,0.57,1.0129,0.56,1.0108,65
1579059908.548,0.57,0.9984,0.51,1.0176,65
1579059909.246,0.56,1.031,0.54,1.011,65
1579059909.947,0.56,1.021,0.56,1.0069,65
1579059910.635,0.59,0.9879,0.57,1.012,65
1579059911.322,0.57,1.0266,0.55,1.0196,65
1579059912.029,0.56,1.0182,0.56,1.0112,65
1579059912.718,0.57,1.0146,0.54,0.996,65
1579059913.41,0.56,1.037,0.55,0.9918,65
1579059913.761,0.57,0.9973,0.53,1.0103,65
1579059914.483,0.56,1.0138,0.54,1.0228,66
1579059915.202,0.57,1.0034,0.55,1.0228,66
1579059915.897,0.58,0.9979,0.56,1.0142,66
1579059916.589,0.57,1.0125,0.56,1.0098,66
1579059917.283,0.57,0.9975,0.52,1.0169,66
1579059917.98,0.56,1.0305,0.55,1.0097,66
1579059918.684,0.56,1.0204,0.56,1.0047,66
1579059919.371,0.59,0.9872,0.57,1.0103,66
1579059920.067,0.57,1.0258,0.55,1.0197,66
1579059920.76,0.57,1.018,0.56,1.0115,66
1579059921.457,0.57,1.0138,0.53,0.9954,66
1579059922.166,0.56,1.036,0.54,0.9912,66
1579059922.503,0.57,0.9967,0.53,1.0089,66
1579059923.203,0.56,1.0129,0.54,1.021,67
1579059923.893,0.57,1.0023,0.55,1.0215,67
1579059924.597,0.58,0.9969,0.56,1.0137,67
1579059925.303,0.57,1.0119,0.54,1.0091,67
1579059926.057,0.57,0.9965,0.51,1.0165,67
1579059926.746,0.56,1.0298,0.52,1.0086,67
1579059927.442,0.56,1.02,0.55,1.0024,67
1579059928.123,0.59,0.9866,0.57,1.0081,67
1579059928.811,0.57,1.0251,0.55,1.0191,67
1579059929.502,0.57,1.0173,0.56,1.0133,67
1579059930.202,0.57,1.0134,0.53,0.996,67
1579059930.894,0.56,1.0347,0.54,0.9905,67
1579059931.238,0.57,0.9961,0.53,1.006,67
1579059931.93,0.56,1.0115,0.54,1.0189,68
1579059932.625,0.57,1.0008,0.55,1.0212,68
1579059933.314,0.58,0.9957,0.56,1.0142,68
1579059933.995,0.57,1.0111,0.55,1.0088,68
1579059934.69,0.57,0.9957,0.53,1.0156,68
1579059935.381,0.56,1.0283,0.54,1.009,68
1579059936.063,0.56,1.0196,0.56,1.0013,68
1579059936.755,0.59,0.9853,0.55,1.0063,68
1579059937.447,0.57,1.0241,0.55,1.0172,68
1579059938.137,0.57,1.016,0.56,1.0137,68
1579059938.828,0.57,1.0127,0.54,0.9962,68
1579059939.534,0.56,1.0334,0.54,0.9895,68
1579059939.872,0.58,0.9948,0.54,1.003,68
1579059940.57,0.56,1.0106,0.54,1.0159,69
1579059941.259,0.57,0.9997,0.54,1.0199,69
1579059941.936,0.58,0.9947,0.55,1.0141,69
1579059942.629,0.57,1.0102,0.56,1.0084,69
1579059943.321,0.57,0.9948,0.53,1.0147,69
1579059944.001,0.56,1.027,0.53,1.0081,69
1579059944.702,0.56,1.019,0.56,1.0006,69
1579059945.394,0.59,0.9842,0.55,1.0059,69
1579059946.13,0.57,1.0227,0.55,1.0164,69
1579059946.858,0.57,1.0151,0.56,1.0134,69
1579059947.541,0.57,1.0116,0.54,0.9964,69
1579059948.222,0.56,1.032,0.54,0.9893,69
1579059948.566,0.58,0.993,0.54,1.0014,69
1579059949.257,0.56,1.0098,0.54,1.0129,70
1579059949.954,0.57,0.9983,0.55,1.0172,70
1579059950.642,0.58,0.9936,0.54,1.0127,70
1579059951.332,0.57,1.0091,0.57,1.008,70
1579059952.037,0.58,0.9938,0.53,1.0132,70
1579059952.727,0.56,1.0255,0.54,1.0067,70
1579059953.41,0.56,1.018,0.56,0.9989,70
1579059954.107,0.59,0.9833,0.54,1.0043,70
1579059954.794,0.57,1.0214,0.55,1.0155,70
1579059955.479,0.57,1.0139,0.56,1.0139,70
1579059956.182,0.57,1.011,0.53,0.9963,70
1579059956.865,0.56,1.0306,0.54,0.9892,70
1579059957.203,0.57,0.9914,0.54,1.0012,70
1579059957.897,0.57,1.0092,0.54,1.0121,71
1579059958.586,0.57,0.9974,0.55,1.016,71
1579059959.287,0.58,0.9929,0.54,1.0112,71
1579059959.97,0.57,1.0083,0.56,1.0069,71
1579059960.66,0.58,0.9931,0.54,1.012,71
1579059961.359,0.56,1.0241,0.54,1.0057,71
1579059962.039,0.56,1.0171,0.56,0.9975,71
1579059962.724,0.59,0.9821,0.54,1.0029,71
1579059963.423,0.57,1.0209,0.55,1.0152,71
1579059964.104,0.57,1.0133,0.56,1.0145,71
1579059964.791,0.57,1.0106,0.53,0.9961,71
1579059965.508,0.56,1.0298,0.54,0.9885,71
1579059965.85,0.57,0.9901,0.55,1.0009,71
1579059966.602,0.57,1.0087,0.54,1.0123,72
1579059967.299,0.57,0.9968,0.55,1.0158,72
1579059967.989,0.58,0.9922,0.53,1.0103,72
1579059968.676,0.57,1.0074,0.55,1.0065,72
1579059969.368,0.58,0.9924,0.55,1.0114,72
1579059970.058,0.56,1.0228,0.55,1.0057,72
1579059970.748,0.56,1.0163,0.57,0.9976,72
1579059971.442,0.59,0.9811,0.54,1.003,72
1579059972.153,0.57,1.0203,0.55,1.0146,72
1579059972.852,0.57,1.0125,0.56,1.0143,72
1579059973.549,0.57,1.01,0.53,0.9963,72
1579059974.24,0.56,1.0291,0.54,0.9891,72
1579059974.6,0.57,0.989,0.54,1.002,72
1579059975.305,0.57,1.0081,0.55,1.0133,73
1579059976.002,0.57,0.9964,0.55,1.0161,73
1579059976.734,0.58,0.9917,0.53,1.0102,73
1579059977.428,0.57,1.0067,0.55,1.0063,73
1579059978.123,0.58,0.9917,0.55,1.0107,73
1579059978.842,0.57,1.0218,0.55,1.0055,73
1579059979.548,0.56,1.0155,0.57,0.9979,73
1579059980.247,0.59,0.9801,0.54,1.0034,73
1579059980.944,0.57,1.0198,0.55,1.0146,73
1579059981.642,0.57,1.0119,0.56,1.0145,73
1579059982.348,0.57,1.0095,0.53,0.9966,73
1579059983.039,0.56,1.0284,0.55,0.9894,73
1579059983.38,0.58,0.9879,0.54,1.0018,73
1579059984.078,0.57,1.0076,0.55,1.0131,74
1579059984.778,0.57,0.9958,0.55,1.0157,74
1579059985.469,0.58,0.9911,0.53,1.0091,74
1579059986.172,0.57,1.0059,0.55,1.0052,74
1579059986.874,0.58,0.991,0.55,1.0093,74
1579059987.562,0.57,1.021,0.55,1.0043,74
1579059988.307,0.56,1.0148,0.56,0.9973,74
1579059989.006,0.59,0.9792,0.55,1.0032,74
1579059989.694,0.57,1.0193,0.55,1.014,74
1579059990.393,0.57,1.0112,0.56,1.0139,74
1579059991.089,0.57,1.0088,0.53,0.9964,74
1579059991.788,0.56,1.0278,0.55,0.9893,74
1579059992.128,0.58,0.987,0.53,1.0017,74
1579059992.815,0.57,1.0073,0.55,1.0123,75
1579059993.5,0.57,0.9952,0.55,1.0154,75
1579059994.199,0.58,0.9908,0.53,1.0095,75
1579059994.883,0.57,1.0051,0.55,1.0057,75
1579059995.59,0.58,0.9902,0.55,1.0083,75
1579059996.315,0.57,1.02,0.55,1.0033,75
1579059997.005,0.56,1.0142,0.56,0.9971,75
1579059997.697,0.59,0.9782,0.55,1.0037,75
1579059998.389,0.57,1.0185,0.55,1.0136,75
1579059999.084,0.57,1.0106,0.56,1.0124,75
1579059999.78,0.57,1.0081,0.53,0.9958,75
1579060000.479,0.56,1.0273,0.56,0.9896,75
1579060000.815,0.58,0.9855,0.53,1.0015,75
1579060001.508,0.57,1.0071,0.55,1.0108,76
1579060002.197,0.57,0.9946,0.55,1.0141,76
1579060002.89,0.58,0.9901,0.53,1.0093,76
1579060003.574,0.57,1.0044,0.55,1.0058,76
1579060004.266,0.58,0.9897,0.55,1.0071,76
1579060004.969,0.57,1.019,0.56,1.0018,76
1579060005.656,0.56,1.0133,0.56,0.9965,76
1579060006.37,0.59,0.9772,0.54,1.0036,76
1579060007.065,0.57,1.0176,0.55,1.0129,76
1579060007.807,0.57,1.0101,0.56,1.0101,76
1579060008.498,0.57,1.0074,0.53,0.9936,76
1579060009.198,0.56,1.0268,0.56,0.9887,76
1579060009.535,0.58,0.9841,0.53,1.0012,76
1579060010.234,0.57,1.0068,0.55,1.0089,77
1579060010.917,0.57,0.994,0.55,1.0118,77
1579060011.609,0.58,0.9896,0.53,1.0083,77
1579060012.328,0.57,1.0037,0.54,1.006,77
1579060013.01,0.58,0.9889,0.55,1.0062,77
1579060013.706,0.57,1.0183,0.56,1.0005,77
1579060014.396,0.56,1.0125,0.55,0.9965,77
1579060015.078,0.59,0.9766,0.54,1.0048,77
1579060015.783,0.57,1.0169,0.55,1.0128,77
1579060016.496,0.57,1.0094,0.55,1.0084,77
1579060017.18,0.57,1.0069,0.55,0.9928,77
1579060017.869,0.56,1.0265,0.55,0.9901,77
1579060018.207,0.58,0.983,0.53,1.0033,77
1579060018.898,0.57,1.0067,0.54,1.0091,78
1579060019.593,0.57,0.9936,0.55,1.0115,78
1579060020.296,0.58,0.9893,0.53,1.0086,78
1579060020.979,0.57,1.003,0.52,1.0075,78
1579060021.686,0.58,0.9885,0.54,1.0063,78
1579060022.383,0.57,1.0176,0.55,0.9992,78
1579060023.068,0.56,1.0122,0.55,0.9955,78
1579060023.766,0.59,0.9757,0.55,1.0048,78
1579060024.456,0.57,1.0163,0.55,1.0129,78
1579060025.15,0.57,1.009,0.55,1.0074,78
1579060025.847,0.57,1.0064,0.55,0.9921,78
1579060026.535,0.56,1.026,0.55,0.9901,78
1579060026.875,0.58,0.9817,0.54,1.0034,78
1579060027.571,0.57,1.0068,0.54,1.0078,79
1579060028.317,0.57,0.993,0.55,1.0103,79
1579060029.012,0.58,0.989,0.53,1.0078,79
1579060029.703,0.57,1.0022,0.51,1.0081,79
1579060030.392,0.58,0.9878,0.54,1.0063,79
1579060031.09,0.57,1.0169,0.55,0.9983,79
1579060031.786,0.56,1.0114,0.55,0.995,79
1579060032.475,0.59,0.9751,0.55,1.0051,79
1579060033.173,0.58,1.0156,0.55,1.014,79
1579060033.86,0.57,1.0088,0.55,1.0063,79
1579060034.57,0.57,1.0056,0.55,0.9904,79
1579060035.276,0.56,1.0259,0.56,0.9894,79
1579060035.619,0.58,0.9807,0.54,1.0047,79
1579060036.325,0.57,1.0069,0.54,1.0073,80
1579060037.049,0.57,0.9921,0.53,1.009,80
1579060037.746,0.59,0.9888,0.53,1.0066,80
1579060038.433,0.57,1.0016,0.52,1.0087,80
1579060039.152,0.58,0.9872,0.54,1.0066,80
1579060039.859,0.57,1.0165,0.55,0.9964,80
1579060040.552,0.56,1.0109,0.55,0.9933,80
1579060041.253,0.6,0.975,0.54,1.0051,80
1579060041.952,0.57,1.0147,0.55,1.0161,80
1579060042.635,0.57,1.0093,0.55,1.005,80
1579060043.328,0.57,1.0048,0.57,0.9891,80
1579060044.02,0.56,1.0261,0.56,0.9884,80
1579060044.357,0.58,0.9795,0.54,1.006,80
1579060045.05,0.57,1.0074,0.54,1.0067,81
1579060045.747,0.57,0.9911,0.53,1.008,81
1579060046.441,0.59,0.9891,0.53,1.0047,81
1579060047.159,0.57,1.001,0.52,1.008,81
1579060047.893,0.57,0.9869,0.52,1.0067,81
1579060048.591,0.57,1.0164,0.55,0.9948,81
1579060049.281,0.56,1.0101,0.55,0.9922,81
1579060049.96,0.6,0.9752,0.55,1.0047,81
1579060050.659,0.58,1.0136,0.55,1.0185,81
1579060051.35,0.57,1.01,0.55,1.0042,81
1579060052.026,0.57,1.0035,0.56,0.9888,81
1579060052.726,0.56,1.0262,0.55,0.9878,81
1579060053.07,0.58,0.9784,0.52,1.0085,81
1579060053.767,0.57,1.008,0.54,1.0064,82
1579060054.463,0.57,0.9903,0.54,1.0064,82
1579060055.158,0.58,0.989,0.53,1.003,82
1579060055.844,0.57,1.0008,0.51,1.0074,82
1579060056.537,0.57,0.986,0.54,1.0081,82
1579060057.24,0.57,1.0169,0.55,0.9925,82
1579060057.931,0.57,1.0089,0.55,0.9901,82
1579060058.634,0.6,0.9755,0.54,1.0024,82
1579060059.323,0.58,1.0125,0.55,1.021,82
1579060060.013,0.57,1.0107,0.53,1.0045,82
1579060060.711,0.57,1.0022,0.56,0.9879,82
1579060061.398,0.56,1.0259,0.54,0.9861,82
1579060061.742,0.58,0.9774,0.53,1.0095,82
1579060062.434,0.57,1.0077,0.53,1.0075,83
1579060063.133,0.58,0.9896,0.53,1.0048,83
1579060063.827,0.59,0.9879,0.55,1.0017,83
1579060064.516,0.57,1.0015,0.52,1.0067,83
1579060065.213,0.58,0.9849,0.54,1.0122,83
1579060065.913,0.57,1.0182,0.56,0.9918,83
1579060066.618,0.57,1.0078,0.56,0.9877,83
1579060067.331,0.6,0.9763,0.53,0.9983,83
1579060068.076,0.58,1.0117,0.55,1.0223,83
1579060068.764,0.57,1.0107,0.54,1.0072,83
1579060069.459,0.57,1.0017,0.56,0.9867,83
1579060070.15,0.57,1.0248,0.54,0.9838,83
1579060070.488,0.58,0.9778,0.53,1.0076,83
1579060071.184,0.57,1.0059,0.52,1.0115,84
1579060071.883,0.58,0.99,0.53,1.0053,84
1579060072.576,0.59,0.9859,0.55,1.0012,84
1579060073.259,0.57,1.0025,0.53,1.0035,84
1579060073.956,0.58,0.9838,0.52,1.0161,84
1579060074.644,0.57,1.0189,0.56,0.9953,84
1579060075.328,0.57,1.0077,0.56,0.9864,84
1579060076.03,0.59,0.9758,0.54,0.9946,84
1579060076.726,0.57,1.0124,0.54,1.0201,84
1579060077.412,0.57,1.0087,0.54,1.0144,84
1579060078.109,0.57,1.0028,0.56,0.9878,84
1579060078.804,0.57,1.0222,0.54,0.9817,84
1579060079.141,0.59,0.979,0.53,1.0009,84
1579060079.834,0.57,1.0027,0.53,1.0147,85
1579060080.516,0.58,0.9901,0.53,1.0089,85
1579060081.211,0.58,0.9842,0.55,1.0015,85
1579060081.911,0.57,1.002,0.55,0.999,85
1579060082.595,0.58,0.984,0.52,1.0131,85
1579060083.297,0.57,1.0162,0.55,1.0013,85
1579060083.98,0.57,1.0085,0.56,0.9866,85
1579060084.666,0.6,0.9728,0.55,0.9923,85
1579060085.374,0.57,1.0135,0.55,1.0123,85
1579060086.058,0.57,1.0053,0.54,1.018,85
1579060086.743,0.57,1.0035,0.53,0.9918,85
1579060087.447,0.57,1.0201,0.53,0.9812,85
1579060087.787,0.58,0.9776,0.53,0.9939,85
1579060088.544,0.57,1.0005,0.52,1.0105,86
1579060089.23,0.58,0.9883,0.52,1.012,86
1579060089.913,0.58,0.9838,0.54,1.0035,86
1579060090.615,0.57,0.9998,0.55,0.9977,86
1579060091.304,0.58,0.9845,0.53,1.006,86
1579060091.985,0.57,1.0127,0.53,1.0025,86
1579060092.685,0.57,1.0084,0.57,0.988,86
1579060093.371,0.6,0.9702,0.55,0.9913,86
1579060094.064,0.57,1.012,0.55,1.0067,86
1579060094.778,0.57,1.0033,0.54,1.0155,86
1579060095.468,0.57,1.002,0.54,0.9953,86
1579060096.159,0.57,1.019,0.54,0.9826,86
1579060096.522,0.58,0.9743,0.54,0.9919,86
1579060097.226,0.57,0.9998,0.53,1.0051,87
1579060097.927,0.58,0.9868,0.52,1.011,87
1579060098.637,0.58,0.9829,0.53,1.0051,87
1579060099.325,0.57,0.9983,0.55,0.9987,87
1579060100.025,0.58,0.9834,0.54,1.0022,87
1579060100.72,0.57,1.0107,0.55,0.9993,87
1579060101.419,0.57,1.0065,0.56,0.9889,87
1579060102.127,0.6,0.9688,0.54,0.992,87
1579060102.821,0.58,1.01,0.55,1.0059,87
1579060103.522,0.57,1.0025,0.54,1.0118,87
1579060104.217,0.57,1.0006,0.54,0.9942,87
1579060104.914,0.57,1.0183,0.53,0.9839,87
1579060105.252,0.58,0.9721,0.53,0.9938,87
1579060105.964,0.57,0.9993,0.52,1.0046,88
1579060106.659,0.58,0.9862,0.52,1.0097,88
1579060107.351,0.59,0.9822,0.53,1.0057,88
1579060108.051,0.57,0.9976,0.54,1.0003,88
1579060108.735,0.58,0.9822,0.54,1.0024,88
1579060109.419,0.58,1.0101,0.54,0.9966,88
1579060110.179,0.57,1.0052,0.55,0.9879,88
1579060110.877,0.6,0.9684,0.54,0.9932,88
1579060111.576,0.58,1.0094,0.55,1.008,88
1579060112.265,0.57,1.0024,0.54,1.0103,88
1579060112.96,0.57,1.0,0.55,0.9919,88
1579060113.645,0.57,1.0178,0.53,0.984,88
1579060113.981,0.58,0.9714,0.54,0.9966,88
1579060114.674,0.57,0.9995,0.52,1.0061,89
1579060115.36,0.58,0.986,0.52,1.0079,89
1579060116.056,0.59,0.9819,0.53,1.0036,89
1579060116.739,0.57,0.9973,0.54,1.0007,89
1579060117.429,0.58,0.9813,0.53,1.0041,89
1579060118.136,0.57,1.01,0.56,0.9946,89
1579060118.828,0.57,1.0045,0.55,0.9855,89
1579060119.523,0.6,0.968,0.54,0.9925,89
1579060120.229,0.58,1.009,0.55,1.0094,89
1579060120.917,0.57,1.0024,0.54,1.0097,89
1579060121.609,0.57,0.9996,0.55,0.9888,89
1579060122.314,0.57,1.0175,0.54,0.9827,89
1579060122.654,0.58,0.9709,0.53,0.9983,89
1579060123.377,0.57,0.9995,0.52,1.0078,90
1579060124.065,0.58,0.9857,0.53,1.0069,90
1579060124.774,0.59,0.9815,0.55,1.0013,90
1579060125.474,0.57,0.997,0.54,1.0004,90
1579060126.168,0.58,0.9808,0.53,1.0056,90
1579060126.886,0.57,1.0097,0.56,0.9946,90
1579060127.593,0.57,1.0039,0.55,0.9846,90
1579060128.277,0.6,0.9676,0.55,0.9921,90
1579060128.967,0.58,1.0089,0.54,1.0098,90
1579060129.718,0.57,1.0022,0.54,1.0097,90
1579060130.406,0.57,0.9994,0.56,0.9877,90
1579060131.092,0.57,1.0172,0.54,0.9813,90
1579060131.433,0.58,0.9703,0.53,0.9979,90
1579060132.149,0.57,0.9996,0.53,1.0074,91
1579060132.837,0.58,0.9855,0.53,1.0057,91
1579060133.522,0.59,0.9813,0.55,0.9996,91
1579060134.216,0.57,0.9965,0.54,0.9997,91
1579060134.91,0.58,0.9804,0.52,1.0055,91
1579060135.606,0.57,1.0093,0.56,0.9942,91
1579060136.3,0.57,1.0035,0.54,0.9844,91
1579060136.981,0.6,0.967,0.55,0.9918,91
1579060137.673,0.58,1.0085,0.53,1.0094,91
1579060138.363,0.57,1.0018,0.54,1.0097,91
1579060139.06,0.57,0.9987,0.56,0.9882,91
1579060139.755,0.57,1.017,0.54,0.9811,91
1579060140.1,0.58,0.9693,0.52,0.9983,91
1579060140.8,0.57,0.9996,0.51,1.0068,92
1579060141.507,0.58,0.9847,0.53,1.0061,92
1579060142.195,0.59,0.9812,0.55,0.9995,92
1579060142.891,0.58,0.9956,0.54,0.9993,92
1579060143.582,0.58,0.98,0.51,1.0045,92
1579060144.273,0.58,1.0087,0.56,0.9927,92
1579060144.973,0.57,1.003,0.55,0.9837,92
1579060145.663,0.6,0.9665,0.56,0.9911,92
1579060146.356,0.58,1.0077,0.53,1.0085,92
1579060147.052,0.57,1.002,0.54,1.0075,92
1579060147.742,0.57,0.9976,0.57,0.9882,92
1579060148.436,0.57,1.0169,0.53,0.9807,92
1579060148.791,0.59,0.9678,0.53,0.9987,92
1579060149.475,0.57,0.9999,0.52,1.006,93
1579060150.217,0.58,0.9839,0.53,1.0058,93
1579060150.911,0.59,0.9813,0.55,0.9994,93
1579060151.593,0.58,0.9951,0.55,0.999,93
1579060152.28,0.58,0.9796,0.52,1.004,93
1579060152.967,0.58,1.0087,0.56,0.9913,93
1579060153.677,0.57,1.0022,0.56,0.9839,93
1579060154.367,0.6,0.9664,0.53,0.9918,93
1579060155.074,0.58,1.007,0.54,1.0093,93
1579060155.758,0.57,1.0022,0.54,1.0059,93
1579060156.444,0.58,0.9964,0.57,0.988,93
1579060157.134,0.57,1.017,0.53,0.9808,93
1579060157.476,0.59,0.9667,0.52,0.9995,93
1579060158.175,0.57,0.9999,0.52,1.005,94
1579060158.882,0.58,0.9832,0.53,1.0042,94
1579060159.568,0.59,0.9808,0.55,0.9986,94
1579060160.279,0.58,0.995,0.55,0.999,94
1579060160.974,0.58,0.9788,0.52,1.0045,94
1579060161.667,0.58,1.0088,0.57,0.9897,94
1579060162.4,0.57,1.0012,0.56,0.9829,94
1579060163.086,0.6,0.9662,0.54,0.9919,94
1579060163.781,0.58,1.0062,0.54,1.0108,94
1579060164.473,0.57,1.0024,0.54,1.0042,94
1579060165.176,0.58,0.9954,0.57,0.9866,94
1579060165.891,0.57,1.0167,0.53,0.9809,94
1579060166.249,0.59,0.9658,0.52,1.0012,94
1579060166.95,0.57,0.9997,0.52,1.0065,95
1579060167.642,0.58,0.983,0.53,1.0042,95
1579060168.331,0.59,0.9801,0.55,0.9989,95
1579060169.025,0.58,0.995,0.55,0.9989,95
1579060169.766,0.58,0.9782,0.51,1.0056,95
1579060170.455,0.58,1.0092,0.57,0.9893,95
1579060171.148,0.57,1.0005,0.54,0.9829,95
1579060171.84,0.6,0.9661,0.54,0.9921,95
1579060172.536,0.58,1.006,0.54,1.0123,95
1579060173.234,0.57,1.0025,0.54,1.0034,95
1579060173.916,0.58,0.9946,0.57,0.9847,95
1579060174.607,0.57,1.0161,0.54,0.9801,95
1579060174.958,0.59,0.9652,0.53,1.0015,95
1579060175.656,0.57,0.999,0.52,1.0075,96
1579060176.345,0.58,0.9826,0.53,1.0031,96
1579060177.026,0.59,0.9795,0.55,0.9978,96
1579060177.719,0.58,0.995,0.55,0.9985,96
1579060178.407,0.58,0.9778,0.51,1.0067,96
1579060179.089,0.58,1.009,0.57,0.9888,96
1579060179.782,0.57,1.0001,0.54,0.9813,96
1579060180.47,0.6,0.9659,0.54,0.9906,96
1579060181.153,0.58,1.0055,0.54,1.0125,96
1579060181.844,0.57,1.0019,0.54,1.0051,96
1579060182.532,0.58,0.9944,0.57,0.9839,96
1579060183.221,0.57,1.0151,0.54,0.9792,96
1579060183.564,0.59,0.9651,0.52,1.0009,96
1579060184.251,0.57,0.998,0.53,1.0088,97
1579060184.963,0.58,0.9822,0.53,1.0023,97
1579060185.645,0.59,0.9786,0.55,0.9962,97
1579060186.325,0.58,0.9948,0.55,0.9962,97
1579060187.024,0.58,0.9774,0.53,1.0065,97
1579060187.709,0.58,1.0087,0.57,0.9896,97
1579060188.393,0.57,0.9997,0.54,0.9803,97
1579060189.086,0.6,0.9652,0.54,0.989,97
1579060189.837,0.58,1.0057,0.55,1.0112,97
1579060190.519,0.57,1.0009,0.54,1.0077,97
1579060191.218,0.57,0.9946,0.57,0.984,97
1579060191.922,0.57,1.0139,0.54,0.9781,97
1579060192.264,0.59,0.9652,0.52,0.9984,97
1579060192.988,0.57,0.9964,0.53,1.0106,98
1579060193.675,0.58,0.9821,0.53,1.0042,98
1579060194.365,0.59,0.9778,0.55,0.9963,98
1579060195.053,0.58,0.9944,0.55,0.9946,98
1579060195.752,0.59,0.9772,0.53,1.0054,98
1579060196.438,0.57,1.0075,0.55,0.9916,98
1579060197.132,0.57,1.0,0.54,0.9798,98
1579060197.829,0.6,0.9638,0.56,0.987,98
1579060198.521,0.58,1.0056,0.56,1.0079,98
1579060199.219,0.57,0.9995,0.54,1.0095,98
1579060199.92,0.57,0.9945,0.55,0.9855,98
1579060200.605,0.57,1.0128,0.54,0.977,98
1579060200.94,0.59,0.9645,0.53,0.994,98
1579060201.644,0.57,0.9952,0.52,1.009,99
1579060202.338,0.58,0.9812,0.52,1.0064,99
1579060203.021,0.59,0.9773,0.55,0.9976,99
1579060203.709,0.58,0.9934,0.54,0.9939,99
1579060204.404,0.59,0.9773,0.53,1.0025,99
1579060205.096,0.58,1.0055,0.54,0.9928,99
1579060205.782,0.57,0.9998,0.54,0.98,99
1579060206.473,0.6,0.9625,0.56,0.9854,99
1579060207.166,0.58,1.0051,0.54,1.0044,99
1579060207.857,0.57,0.9981,0.54,1.009,99
1579060208.55,0.58,0.9939,0.55,0.9865,99
1579060209.242,0.57,1.0118,0.54,0.9768,99
1579060209.582,0.59,0.9633,0.53,0.9919,99
