1579575299.985,0.24,1.3888,0.24,1.3853,0
1579575301.477,0.25,1.3859,0.24,1.4048,0
1579575302.841,0.25,1.3924,0.38,1.3775,0
1579575304.225,0.36,1.378,0.3,1.3606,0
1579575305.656,0.38,1.3608,0.37,1.3226,0
1579575306.98,0.37,1.3245,0.35,1.2836,0
1579575308.4,0.34,1.2997,0.24,1.8661,0
1579575309.857,0.25,1.8272,0.33,1.2723,0
1579575311.165,0.38,1.2652,0.28,1.3637,0
1579575312.582,0.29,1.4013,0.25,1.3654,0
1579575313.847,0.27,1.3941,0.26,1.3539,0
1579575315.057,0.29,1.3623,0.34,1.3583,0
1579575316.332,0.3,1.3637,0.37,1.365,1
1579575317.634,0.31,1.3697,0.39,1.3698,1
1579575319.084,0.34,1.3721,0.41,1.3726,1
1579575320.342,0.37,1.3749,0.41,1.374,1
1579575321.703,0.4,1.3752,0.39,1.3742,1
1579575323.079,0.38,1.3762,0.38,1.3734,1
1579575324.52,0.37,1.3761,0.38,1.3715,1
1579575325.837,0.36,1.3734,0.38,1.3684,1
1579575327.325,0.37,1.371,0.4,1.3637,1
1579575328.643,0.37,1.3672,0.41,1.3574,1
1579575329.994,0.38,1.3572,0.41,1.348,1
1579575331.187,0.36,1.3556,0.38,1.3347,1
1579575332.57,0.37,1.3436,0.39,1.3182,2
1579575334.061,0.38,1.3249,0.39,1.3014,2
1579575335.314,0.38,1.3014,0.39,1.2918,2
1579575336.657,0.39,1.2962,0.41,1.2774,2
1579575337.958,0.39,1.2707,0.4,1.264,2
1579575339.452,0.39,1.2643,0.41,1.2524,2
1579575340.85,0.38,1.2643,0.36,1.2472,2
1579575342.326,0.38,1.2597,0.38,1.245,2
1579575343.84,0.38,1.2542,0.35,1.2451,2
1579575345.334,0.37,1.2525,0.32,1.2507,2
1579575346.71,0.41,1.2336,0.36,1.2528,2
1579575347.965,0.39,1.2458,0.38,1.2468,2
1579575349.31,0.4,1.2332,0.35,1.241,3
1579575350.72,0.41,1.2268,0.4,1.2439,3
1579575351.998,0.42,1.2221,0.42,1.2313,3
1579575353.457,0.42,1.2242,0.39,1.2321,3
1579575354.792,0.4,1.2224,0.43,1.25,3
1579575356.296,0.42,1.2232,0.45,1.2244,3
1579575357.749,0.41,1.2135,0.4,1.222,3
1579575359.249,0.39,1.2162,0.42,1.2309,3
1579575360.532,0.44,1.2105,0.39,1.2204,3
1579575361.877,0.43,1.212,0.39,1.2245,3
1579575363.25,0.43,1.2055,0.38,1.217,3
1579575364.491,0.42,1.2086,0.37,1.2304,3
1579575365.8,0.42,1.2126,0.47,1.2,4
1579575367.297,0.45,1.192,0.43,1.2025,4
1579575368.669,0.41,1.2017,0.44,1.209,4
1579575370.093,0.44,1.2049,0.44,1.2076,4
1579575371.384,0.47,1.1854,0.45,1.1965,4
1579575372.691,0.44,1.185,0.46,1.194,4
1579575373.953,0.45,1.1811,0.4,1.2157,4
1579575375.423,0.45,1.1874,0.47,1.1899,4
1579575376.871,0.46,1.1732,0.45,1.2009,4
1579575378.371,0.45,1.2007,0.45,1.1986,4
1579575379.815,0.47,1.1833,0.45,1.1832,4
1579575381.059,0.45,1.1782,0.48,1.1729,4
1579575382.475,0.46,1.175,0.44,1.1731,5
1579575383.799,0.47,1.1605,0.42,1.1816,5
1579575385.106,0.46,1.1631,0.44,1.1693,5
1579575386.526,0.46,1.1691,0.48,1.1635,5
1579575387.958,0.48,1.1491,0.42,1.17,5
1579575389.307,0.48,1.1447,0.45,1.1755,5
1579575390.8,0.47,1.1482,0.44,1.176,5
1579575392.081,0.47,1.1488,0.42,1.1704,5
1579575393.516,0.49,1.1407,0.48,1.1637,5
1579575395.026,0.47,1.1453,0.45,1.1841,5
1579575396.569,0.48,1.1451,0.47,1.1725,5
1579575397.752,0.46,1.1745,0.39,1.292,5
1579575399.142,0.46,1.2221,0.45,1.1664,6
1579575400.568,0.49,1.1346,0.43,1.2671,6
1579575402.039,0.43,1.2508,0.36,1.226,6
1579575403.478,0.45,1.1864,0.46,1.2542,6
1579575404.869,0.46,1.2017,0.46,1.1948,6
1579575406.17,0.45,1.1739,0.47,1.1566,6
1579575407.553,0.45,1.1601,0.45,1.1867,6
1579575408.869,0.47,1.1734,0.42,1.2107,6
1579575410.156,0.47,1.1722,0.4,1.2089,6
1579575411.448,0.47,1.1712,0.45,1.1773,6
1579575412.862,0.5,1.1414,0.43,1.1562,6
1579575414.118,0.47,1.1558,0.45,1.1616,6
1579575415.588,0.46,1.1654,0.44,1.1508,7
1579575416.955,0.48,1.144,0.45,1.1599,7
1579575418.432,0.48,1.1392,0.44,1.1831,7
1579575419.773,0.47,1.164,0.45,1.1762,7
1579575421.269,0.48,1.1375,0.48,1.1544,7
1579575422.698,0.5,1.124,0.48,1.143,7
1579575424.182,0.5,1.1303,0.44,1.1527,7
1579575425.554,0.5,1.1258,0.39,1.1696,7
1579575426.894,0.5,1.1339,0.41,1.1621,7
1579575428.158,0.5,1.1268,0.44,1.1426,7
1579575429.648,0.52,1.1101,0.49,1.1407,7
1579575430.936,0.5,1.1342,0.44,1.1445,7
1579575432.416,0.51,1.1162,0.41,1.1539,8
1579575433.886,0.51,1.1055,0.43,1.1353,8
1579575435.373,0.51,1.1066,0.47,1.1288,8
1579575436.708,0.51,1.1195,0.43,1.1319,8
1579575438.274,0.53,1.0784,0.43,1.1383,8
1579575439.703,0.53,1.0827,0.5,1.125,8
1579575441.2,0.52,1.0966,0.45,1.1274,8
1579575442.59,0.53,1.0805,0.42,1.1383,8
1579575443.905,0.52,1.0879,0.52,1.1113,8
1579575445.283,0.52,1.0856,0.47,1.1088,8
1579575446.669,0.53,1.0788,0.48,1.1067,8
1579575447.943,0.53,1.0853,0.51,1.096,8
1579575449.312,0.53,1.0808,0.51,1.1094,9
1579575450.73,0.53,1.0749,0.51,1.0996,9
1579575452.101,0.52,1.0747,0.52,1.0929,9
1579575453.577,0.53,1.0852,0.46,1.0925,9
1579575455.029,0.54,1.0501,0.5,1.0899,9
1579575456.482,0.55,1.0515,0.53,1.0902,9
1579575457.835,0.54,1.061,0.53,1.0863,9
1579575459.098,0.54,1.0518,0.54,1.0857,9
1579575460.578,0.55,1.0528,0.54,1.0792,9
1579575461.917,0.55,1.0473,0.55,1.0783,9
1579575463.173,0.55,1.0511,0.52,1.0695,9
1579575464.292,0.55,1.0491,0.49,1.1033,9
1579575465.724,0.53,1.0719,0.49,1.1209,10
1579575467.174,0.49,1.1289,0.43,1.1452,10
1579575468.655,0.52,1.1006,0.5,1.102,10
1579575469.999,0.53,1.0808,0.5,1.0906,10
1579575471.335,0.53,1.0684,0.52,1.0852,10
1579575472.778,0.54,1.0609,0.5,1.0958,10
1579575474.064,0.55,1.0558,0.49,1.1029,10
1579575475.549,0.54,1.0549,0.54,1.0897,10
1579575477.06,0.54,1.0583,0.54,1.0793,10
1579575478.42,0.54,1.0567,0.51,1.0744,10
1579575479.709,0.56,1.0448,0.5,1.0812,10
1579575481.026,0.55,1.0431,0.51,1.082,10
1579575482.53,0.54,1.0505,0.51,1.077,11
1579575483.876,0.56,1.0347,0.53,1.0652,11
1579575485.375,0.55,1.0459,0.53,1.0619,11
1579575486.861,0.55,1.0472,0.51,1.0648,11
1579575488.183,0.57,1.0153,0.51,1.0616,11
1579575489.612,0.57,1.011,0.52,1.0625,11
1579575490.97,0.57,1.0246,0.52,1.0624,11
1579575492.322,0.57,1.0131,0.52,1.0699,11
1579575493.741,0.56,1.0232,0.52,1.0642,11
1579575495.235,0.56,1.0173,0.51,1.0638,11
1579575496.641,0.57,1.0132,0.53,1.0628,11
1579575497.768,0.57,1.0154,0.51,1.0741,11
1579575499.032,0.55,1.0315,0.53,1.0672,12
1579575500.354,0.57,1.0157,0.52,1.0699,12
1579575501.741,0.56,1.031,0.51,1.0669,12
1579575503.149,0.57,1.0299,0.51,1.0669,12
1579575504.581,0.57,1.0023,0.51,1.0603,12
1579575505.953,0.58,0.9979,0.53,1.0608,12
1579575507.455,0.58,1.0035,0.53,1.0644,12
1579575508.894,0.56,1.0034,0.53,1.0486,12
1579575510.384,0.57,1.0028,0.51,1.048,12
1579575511.873,0.57,1.0045,0.52,1.0543,12
1579575513.278,0.58,0.9986,0.51,1.0582,12
1579575514.54,0.57,1.0031,0.55,1.0544,12
1579575515.855,0.56,1.0151,0.54,1.0606,13
1579575517.357,0.57,1.006,0.52,1.0557,13
1579575518.834,0.57,1.011,0.53,1.0641,13
1579575520.274,0.57,1.0242,0.52,1.0509,13
1579575521.61,0.58,0.9861,0.49,1.053,13
1579575522.959,0.58,0.9878,0.52,1.0432,13
1579575524.461,0.58,0.9853,0.54,1.0562,13
1579575525.813,0.57,0.9938,0.53,1.0456,13
1579575527.311,0.58,0.9888,0.52,1.0461,13
1579575528.812,0.57,0.9932,0.53,1.0505,13
1579575530.239,0.58,0.9899,0.5,1.0555,13
1579575531.49,0.58,0.9904,0.55,1.0465,13
1579575532.925,0.57,0.9954,0.56,1.052,14
1579575534.278,0.58,0.9959,0.54,1.0431,14
1579575535.697,0.57,1.0016,0.52,1.044,14
1579575537.084,0.57,1.0108,0.53,1.0352,14
1579575538.554,0.59,0.9713,0.5,1.0398,14
1579575539.973,0.59,0.9696,0.53,1.0326,14
1579575541.453,0.58,0.9731,0.54,1.0486,14
1579575542.856,0.58,0.9765,0.55,1.0445,14
1579575544.344,0.58,0.9781,0.53,1.0384,14
1579575545.739,0.58,0.9751,0.53,1.0467,14
1579575547.247,0.58,0.9815,0.51,1.0428,14
1579575548.558,0.59,0.98,0.55,1.0413,14
1579575549.961,0.57,0.9905,0.58,1.0386,15
1579575551.375,0.57,0.991,0.54,1.0395,15
1579575552.732,0.58,0.9968,0.54,1.0295,15
1579575554.021,0.58,0.9955,0.49,1.0283,15
1579575555.51,0.6,0.9643,0.51,1.0346,15
1579575556.938,0.59,0.9601,0.54,1.0235,15
1579575558.304,0.59,0.9612,0.54,1.0388,15
1579575559.778,0.59,0.9675,0.55,1.0442,15
1579575561.135,0.58,0.9769,0.55,1.0356,15
1579575562.626,0.59,0.9673,0.54,1.0342,15
1579575564.089,0.59,0.9644,0.54,1.0408,15
1579575565.396,0.59,0.9656,0.58,1.0221,15
1579575566.91,0.59,0.9712,0.57,1.024,16
1579575568.304,0.59,0.9677,0.53,1.0266,16
1579575569.636,0.59,0.9822,0.53,1.0192,16
1579575571.132,0.58,0.9856,0.51,1.019,16
1579575572.552,0.6,0.9509,0.54,1.022,16
1579575573.868,0.6,0.9437,0.53,1.0215,16
1579575575.127,0.59,0.9523,0.54,1.0347,16
1579575576.624,0.59,0.9541,0.56,1.0345,16
1579575578.012,0.59,0.9607,0.55,1.0342,16
1579575579.47,0.6,0.9534,0.54,1.0402,16
1579575580.839,0.59,0.9583,0.55,1.0232,16
1579575581.993,0.6,0.9443,0.58,1.0221,16
1579575583.475,0.59,0.9647,0.57,1.0208,17
1579575584.873,0.6,0.9584,0.57,1.018,17
1579575586.151,0.59,0.9746,0.56,1.0099,17
1579575587.599,0.59,0.9748,0.53,1.0186,17
1579575588.918,0.6,0.9479,0.55,1.0115,17
1579575590.262,0.61,0.9297,0.55,1.0216,17
1579575591.684,0.6,0.944,0.58,1.0246,17
1579575593.099,0.6,0.9468,0.55,1.0303,17
1579575594.423,0.59,0.9575,0.55,1.0312,17
1579575595.83,0.6,0.9498,0.55,1.0227,17
1579575597.23,0.6,0.9489,0.58,1.0069,17
1579575598.499,0.6,0.9308,0.58,1.012,17
1579575599.813,0.6,0.954,0.58,1.0217,18
1579575601.318,0.6,0.956,0.6,1.0029,18
1579575602.699,0.59,0.959,0.54,1.0001,18
1579575604.063,0.59,0.9633,0.55,1.0085,18
1579575605.541,0.61,0.935,0.56,1.0018,18
1579575607.01,0.61,0.9231,0.57,1.0064,18
1579575608.42,0.61,0.9317,0.57,1.0162,18
1579575609.864,0.6,0.9352,0.57,1.0168,18
1579575611.367,0.6,0.9391,0.55,1.0148,18
1579575612.794,0.61,0.9278,0.57,1.013,18
1579575614.17,0.6,0.9375,0.57,1.0038,18
1579575615.314,0.61,0.9225,0.59,1.0043,18
1579575616.809,0.61,0.94,0.58,1.005,19
1579575618.308,0.61,0.9365,0.56,1.0076,19
1579575619.789,0.6,0.9521,0.55,1.0057,19
1579575621.149,0.59,0.963,0.58,1.0129,19
1579575622.593,0.61,0.9322,0.57,1.0013,19
1579575623.931,0.61,0.9226,0.56,0.9996,19
1579575625.363,0.61,0.9257,0.56,1.0044,19
1579575626.859,0.6,0.9264,0.59,1.0118,19
1579575628.351,0.6,0.9354,0.55,0.9954,19
1579575629.71,0.61,0.9203,0.55,0.9952,19
1579575631.221,0.61,0.9277,0.6,0.9984,19
1579575632.512,0.62,0.9186,0.59,1.0105,19
1579575633.913,0.61,0.9388,0.58,1.0009,20
1579575635.412,0.6,0.9283,0.57,1.0227,20
1579575636.906,0.6,0.9582,0.55,1.0011,20
1579575638.41,0.6,0.9554,0.53,0.9963,20
1579575639.791,0.62,0.9175,0.6,0.9891,20
1579575641.207,0.62,0.9086,0.6,0.9866,20
1579575642.583,0.62,0.9164,0.56,1.0088,20
1579575643.933,0.6,0.9328,0.59,1.0003,20
1579575645.439,0.61,0.927,0.58,1.0062,20
1579575646.877,0.61,0.9192,0.6,0.9883,20
1579575648.292,0.61,0.923,0.56,0.9899,20
1579575649.577,0.62,0.9064,0.55,1.0063,20
1579575651.022,0.6,0.933,0.6,1.0106,21
1579575652.519,0.6,0.9301,0.58,1.0001,21
1579575654.013,0.61,0.9357,0.61,0.9948,21
1579575655.507,0.6,0.9362,0.57,0.9949,21
1579575657.014,0.63,0.9123,0.54,0.9831,21
1579575658.438,0.63,0.9029,0.57,0.9783,21
1579575659.792,0.62,0.9043,0.59,0.9841,21
1579575661.292,0.61,0.9099,0.57,0.9846,21
1579575662.72,0.61,0.929,0.59,0.9811,21
1579575664.034,0.62,0.902,0.59,0.9753,21
1579575665.505,0.62,0.9068,0.57,0.9824,21
1579575666.712,0.62,0.9001,0.59,0.9898,21
1579575668.128,0.62,0.9069,0.57,1.0028,22
1579575669.585,0.62,0.9079,0.57,0.9925,22
1579575670.931,0.61,0.926,0.56,0.983,22
1579575672.359,0.61,0.9257,0.64,0.9804,22
1579575673.691,0.63,0.8956,0.58,0.9611,22
1579575675.162,0.63,0.8885,0.59,0.9624,22
1579575676.582,0.63,0.8917,0.58,0.985,22
1579575677.954,0.62,0.8994,0.58,0.9756,22
1579575679.377,0.62,0.9084,0.61,0.9663,22
1579575680.719,0.62,0.8865,0.61,0.9723,22
1579575682.001,0.62,0.8978,0.58,0.9816,22
1579575683.311,0.62,0.8943,0.58,0.9752,22
1579575684.727,0.63,0.8948,0.61,0.9983,23
1579575686.209,0.61,0.9064,0.56,1.0155,23
1579575687.707,0.61,0.9396,0.57,0.9976,23
1579575689.02,0.61,0.9304,0.62,0.9777,23
1579575690.51,0.64,0.8843,0.59,0.957,23
1579575692.044,0.64,0.881,0.59,0.9545,23
1579575693.492,0.62,0.8928,0.59,0.9688,23
1579575694.905,0.62,0.8927,0.59,0.9501,23
1579575696.333,0.63,0.8939,0.6,0.9644,23
1579575697.657,0.62,0.8885,0.62,0.9767,23
1579575699.119,0.63,0.8927,0.6,0.9628,23
1579575700.264,0.64,0.8682,0.59,0.9681,23
1579575701.685,0.63,0.8881,0.6,0.99,24
1579575703.143,0.62,0.8946,0.59,0.9721,24
1579575704.604,0.62,0.9031,0.6,0.9777,24
1579575706.063,0.62,0.9095,0.64,0.9873,24
1579575707.414,0.63,0.8748,0.61,0.9612,24
1579575708.748,0.64,0.8652,0.6,0.9554,24
1579575710.075,0.63,0.8835,0.61,0.9414,24
1579575711.515,0.63,0.878,0.62,0.9527,24
1579575712.982,0.62,0.8901,0.61,0.9395,24
1579575714.4,0.64,0.8758,0.64,0.9374,24
1579575715.771,0.64,0.8701,0.62,0.9772,24
1579575717.035,0.64,0.8686,0.57,0.9956,24
1579575718.525,0.62,0.9082,0.59,0.9598,25
1579575719.818,0.63,0.8798,0.56,1.0087,25
1579575721.093,0.61,0.9337,0.62,0.9675,25
1579575722.509,0.62,0.9197,0.55,0.9711,25
1579575723.939,0.63,0.8787,0.59,0.9784,25
1579575725.333,0.63,0.8714,0.61,0.9724,25
1579575726.839,0.63,0.887,0.61,0.9431,25
1579575728.323,0.62,0.8894,0.62,0.9392,25
1579575729.807,0.63,0.9043,0.64,0.929,25
1579575731.3,0.65,0.8634,0.59,0.9617,25
1579575732.64,0.64,0.8882,0.6,0.9389,25
1579575733.877,0.65,0.8505,0.59,0.9636,25
1579575735.379,0.63,0.8853,0.6,0.9422,26
1579575736.766,0.64,0.8677,0.61,0.9763,26
1579575738.082,0.63,0.903,0.58,0.9653,26
1579575739.476,0.62,0.902,0.6,0.9585,26
1579575740.904,0.64,0.8673,0.61,0.9642,26
1579575742.376,0.64,0.859,0.59,0.9649,26
1579575743.754,0.64,0.8691,0.63,0.9407,26
1579575745.102,0.64,0.8636,0.62,0.9161,26
1579575746.582,0.64,0.8675,0.61,0.9151,26
1579575748.074,0.65,0.8515,0.64,0.9289,26
1579575749.526,0.65,0.8518,0.59,0.9513,26
1579575750.664,0.66,0.8371,0.61,0.9486,26
1579575752.046,0.64,0.8496,0.6,0.9506,27
1579575753.54,0.64,0.8586,0.61,0.9531,27
1579575754.823,0.64,0.8651,0.61,0.9725,27
1579575756.133,0.62,0.8937,0.63,0.9388,27
1579575757.45,0.65,0.8498,0.62,0.9582,27
1579575758.917,0.65,0.8514,0.61,0.9575,27
1579575760.408,0.65,0.8585,0.61,0.9281,27
1579575761.815,0.64,0.861,0.64,0.9172,27
1579575763.194,0.65,0.857,0.65,0.9161,27
1579575764.562,0.65,0.8432,0.67,0.912,27
1579575765.927,0.66,0.8396,0.62,0.9421,27
1579575767.232,0.66,0.8278,0.59,0.9551,27
1579575768.661,0.64,0.8487,0.57,0.963,28
1579575770.095,0.64,0.8679,0.6,0.9759,28
1579575771.559,0.63,0.8801,0.58,1.0132,28
1579575773.046,0.6,0.9272,0.62,0.9446,28
1579575774.49,0.65,0.8388,0.63,0.9384,28
1579575775.791,0.66,0.8372,0.62,0.9558,28
1579575777.343,0.64,0.8524,0.61,0.9438,28
1579575778.719,0.64,0.8443,0.64,0.9215,28
1579575780.071,0.65,0.8445,0.64,0.9148,28
1579575781.54,0.66,0.8316,0.65,0.9115,28
1579575783.051,0.66,0.8353,0.62,0.9182,28
1579575784.298,0.67,0.8105,0.59,0.9192,28
1579575785.709,0.65,0.8254,0.57,0.9632,29
1579575787.204,0.65,0.8435,0.59,0.9338,29
1579575788.661,0.65,0.8478,0.63,0.9627,29
1579575790.095,0.64,0.866,0.64,0.948,29
1579575791.577,0.67,0.8182,0.63,0.9429,29
1579575792.879,0.66,0.8194,0.62,0.9698,29
1579575794.205,0.64,0.8437,0.6,0.9641,29
1579575795.659,0.65,0.8387,0.62,0.938,29
1579575797.093,0.66,0.8377,0.64,0.9266,29
1579575798.505,0.67,0.8165,0.6,0.9359,29
1579575799.895,0.65,0.8481,0.62,0.9388,29
1579575801.025,0.67,0.8021,0.61,0.9093,29
1579575802.366,0.65,0.8263,0.59,0.9475,30
1579575803.833,0.65,0.8304,0.59,0.9216,30
1579575805.122,0.66,0.839,0.62,0.9302,30
1579575806.561,0.65,0.8408,0.62,0.9721,30
1579575808.05,0.66,0.8221,0.62,0.9199,30
1579575809.494,0.67,0.8055,0.59,0.9603,30
1579575810.938,0.65,0.8293,0.59,0.9691,30
1579575812.334,0.65,0.8243,0.59,0.9491,30
1579575813.813,0.65,0.8364,0.62,0.9864,30
1579575815.316,0.66,0.8247,0.6,0.9452,30
1579575816.692,0.66,0.8402,0.62,0.9343,30
1579575817.885,0.67,0.7897,0.62,0.9185,30
1579575819.44,0.66,0.813,0.62,0.92,31
1579575820.738,0.65,0.8368,0.58,0.9425,31
1579575822.215,0.65,0.8433,0.6,0.9235,31
1579575823.62,0.65,0.8599,0.65,0.8943,31
1579575825.083,0.66,0.8076,0.63,0.9623,31
1579575826.417,0.65,0.8451,0.62,0.94,31
1579575827.825,0.65,0.8444,0.56,0.9788,31
1579575829.086,0.63,0.8644,0.61,1.0031,31
1579575830.549,0.64,0.8542,0.58,0.9954,31
1579575831.952,0.66,0.8262,0.54,0.953,31
1579575833.469,0.64,0.8606,0.61,0.9308,31
1579575834.649,0.68,0.7954,0.62,0.9413,31
1579575836.027,0.64,0.8295,0.62,0.9237,32
1579575837.543,0.65,0.8334,0.65,0.9092,32
1579575839.011,0.64,0.8518,0.63,0.9421,32
1579575840.496,0.64,0.8582,0.63,0.9275,32
1579575841.942,0.66,0.8177,0.62,0.8803,32
1579575843.436,0.67,0.8094,0.64,0.8738,32
1579575844.827,0.66,0.807,0.65,0.9236,32
1579575846.287,0.64,0.8489,0.58,0.9176,32
1579575847.709,0.66,0.8275,0.61,0.9439,32
1579575849.039,0.67,0.8119,0.62,0.991,32
1579575850.497,0.66,0.8122,0.61,0.9878,32
1579575851.776,0.68,0.7763,0.61,0.9495,32
1579575853.185,0.67,0.7955,0.59,0.9225,33
1579575854.629,0.67,0.7944,0.61,0.9487,33
1579575855.92,0.66,0.8185,0.63,0.9038,33
1579575857.341,0.67,0.8126,0.62,0.8952,33
1579575858.862,0.67,0.8037,0.68,0.9188,33
1579575860.363,0.67,0.7844,0.68,0.8983,33
1579575861.826,0.68,0.7807,0.62,0.894,33
1579575863.314,0.67,0.8102,0.63,0.8902,33
1579575864.692,0.67,0.7914,0.59,0.9392,33
1579575866.034,0.67,0.7825,0.62,0.9355,33
1579575867.528,0.68,0.7842,0.61,0.9713,33
1579575868.775,0.7,0.7557,0.59,1.0138,33
1579575870.263,0.67,0.7737,0.56,0.9868,34
1579575871.705,0.67,0.7818,0.56,0.9282,34
1579575873.033,0.67,0.8016,0.64,0.9244,34
1579575874.481,0.66,0.8027,0.66,0.8853,34
1579575875.826,0.69,0.7536,0.64,0.8705,34
1579575877.133,0.68,0.7667,0.67,0.926,34
1579575878.566,0.68,0.7696,0.64,0.9227,34
1579575880.026,0.68,0.7807,0.6,0.8855,34
1579575881.328,0.67,0.7946,0.59,0.938,34
1579575882.713,0.68,0.7627,0.65,0.9442,34
1579575884.139,0.7,0.7506,0.61,0.9605,34
1579575885.284,0.7,0.7465,0.59,0.9741,34
1579575886.769,0.68,0.7463,0.54,1.0037,35
1579575888.197,0.68,0.7665,0.55,0.9468,35
1579575889.559,0.68,0.787,0.64,0.9372,35
1579575890.91,0.68,0.7755,0.63,0.9288,35
1579575892.328,0.69,0.746,0.67,0.8916,35
1579575893.617,0.68,0.762,0.63,0.9031,35
1579575894.901,0.69,0.7565,0.63,0.9465,35
1579575896.403,0.67,0.7715,0.63,0.9126,35
1579575897.879,0.68,0.7655,0.63,0.9088,35
1579575899.376,0.69,0.7446,0.64,0.973,35
1579575900.903,0.69,0.7577,0.59,1.002,35
1579575902.19,0.67,0.7873,0.61,0.9517,35
1579575903.534,0.68,0.7601,0.58,0.9874,36
1579575904.92,0.68,0.7683,0.58,0.9476,36
1579575906.401,0.67,0.7867,0.6,0.9493,36
1579575907.838,0.67,0.8119,0.6,0.9468,36
1579575909.221,0.7,0.735,0.59,0.9415,36
1579575910.657,0.68,0.7658,0.61,0.9371,36
1579575912.091,0.66,0.7969,0.58,0.9258,36
1579575913.396,0.67,0.7767,0.63,0.9411,36
1579575914.858,0.68,0.7755,0.59,0.9421,36
1579575916.354,0.66,0.7898,0.67,0.9021,36
1579575917.748,0.69,0.7548,0.64,0.9246,36
1579575918.869,0.7,0.7192,0.6,0.9561,36
1579575920.371,0.67,0.7699,0.65,0.9632,37
1579575921.867,0.69,0.7494,0.6,0.9811,37
1579575923.286,0.68,0.7617,0.63,0.9324,37
1579575924.701,0.68,0.7696,0.66,0.9343,37
1579575926.109,0.7,0.7275,0.66,0.9479,37
1579575927.578,0.69,0.7338,0.64,0.9036,37
1579575928.882,0.69,0.739,0.62,0.9006,37
1579575930.344,0.68,0.7602,0.63,0.9153,37
1579575931.746,0.7,0.7361,0.65,0.9349,37
1579575933.122,0.72,0.7155,0.62,0.9548,37
1579575934.568,0.71,0.723,0.65,0.9386,37
1579575935.757,0.71,0.7019,0.65,0.918,37
1579575937.23,0.69,0.7222,0.66,0.9108,38
1579575938.653,0.7,0.7206,0.6,0.9301,38
1579575940.144,0.7,0.7176,0.63,0.9782,38
1579575941.57,0.7,0.7367,0.62,0.9893,38
1579575942.96,0.71,0.7207,0.67,0.9823,38
1579575944.474,0.71,0.7083,0.64,0.9039,38
1579575945.795,0.71,0.7099,0.6,0.9079,38
1579575947.148,0.7,0.7221,0.54,0.959,38
1579575948.605,0.69,0.7456,0.64,0.9193,38
1579575949.918,0.71,0.7327,0.65,0.9868,38
1579575951.18,0.73,0.6904,0.63,0.9751,38
1579575952.484,0.73,0.6757,0.58,0.9728,38
1579575953.927,0.68,0.7599,0.62,0.9652,39
1579575955.419,0.68,0.7499,0.64,0.8675,39
1579575956.822,0.7,0.706,0.64,0.903,39
1579575958.205,0.69,0.7549,0.67,0.952,39
1579575959.612,0.7,0.7188,0.69,0.9597,39
1579575960.965,0.72,0.6927,0.66,0.9313,39
1579575962.441,0.7,0.7154,0.65,0.8808,39
1579575963.837,0.71,0.7025,0.59,0.9221,39
1579575965.346,0.71,0.7015,0.58,0.9059,39
1579575966.702,0.73,0.678,0.64,0.9248,39
1579575968.019,0.73,0.6857,0.62,0.9571,39
1579575969.216,0.74,0.6625,0.63,0.9425,39
1579575970.6,0.71,0.695,0.66,0.8898,40
1579575972.055,0.71,0.6881,0.61,1.004,40
1579575973.553,0.69,0.7421,0.66,0.897,40
1579575975.019,0.69,0.746,0.64,1.0132,40
1579575976.519,0.71,0.6987,0.67,0.9915,40
1579575977.88,0.7,0.7212,0.67,0.876,40
1579575979.357,0.71,0.6939,0.57,1.0826,40
1579575980.862,0.66,0.8102,0.57,0.953,40
1579575982.314,0.68,0.775,0.6,0.9404,40
1579575983.773,0.7,0.7339,0.6,0.967,40
1579575985.088,0.71,0.7151,0.64,0.9363,40
1579575986.337,0.73,0.6599,0.58,0.9958,40
1579575987.833,0.7,0.7291,0.6,0.9934,41
1579575989.333,0.71,0.6852,0.56,1.0015,41
1579575990.73,0.7,0.7085,0.62,0.8889,41
1579575992.141,0.71,0.6988,0.64,0.8862,41
1579575993.62,0.74,0.6707,0.64,0.9715,41
1579575995.02,0.73,0.6685,0.67,0.9752,41
1579575996.284,0.72,0.6798,0.65,0.9437,41
1579575997.754,0.72,0.6775,0.62,0.9726,41
1579575999.147,0.71,0.6947,0.66,0.9281,41
1579576000.608,0.72,0.6695,0.6,0.9194,41
1579576002.067,0.74,0.6457,0.62,0.9649,41
1579576003.376,0.76,0.6124,0.62,0.9795,41
1579576004.802,0.72,0.6673,0.63,0.9661,42
1579576006.098,0.73,0.653,0.61,1.0002,42
1579576007.524,0.72,0.6599,0.6,0.924,42
1579576009.027,0.72,0.6793,0.64,0.8914,42
1579576010.503,0.75,0.6262,0.64,0.9835,42
1579576011.954,0.75,0.6301,0.69,0.9844,42
1579576013.472,0.72,0.6707,0.63,0.9812,42
1579576014.894,0.72,0.6653,0.67,0.9094,42
1579576016.398,0.74,0.6321,0.62,0.9734,42
1579576017.882,0.73,0.6423,0.61,0.9501,42
1579576019.314,0.75,0.6172,0.67,0.9095,42
1579576020.561,0.78,0.5675,0.6,1.0147,42
1579576021.853,0.74,0.6435,0.63,0.9661,43
1579576023.201,0.73,0.6438,0.61,1.0054,43
1579576024.614,0.73,0.6248,0.63,0.9693,43
1579576026.133,0.73,0.6494,0.59,0.9625,43
1579576027.597,0.75,0.613,0.63,0.9707,43
1579576029.049,0.76,0.6007,0.69,0.958,43
1579576030.509,0.74,0.6268,0.68,0.9668,43
1579576031.895,0.73,0.6484,0.71,0.9019,43
1579576033.257,0.74,0.6285,0.63,0.946,43
1579576034.726,0.76,0.6021,0.63,0.916,43
1579576036.123,0.76,0.5991,0.62,0.9713,43
1579576037.375,0.77,0.5655,0.63,0.9414,43
1579576038.846,0.75,0.6039,0.66,1.0505,44
1579576040.19,0.74,0.6384,0.62,0.9895,44
1579576041.628,0.73,0.6405,0.63,1.0005,44
1579576043.05,0.74,0.6333,0.6,0.9523,44
1579576044.4,0.72,0.6504,0.57,1.2477,44
1579576045.722,0.69,0.7638,0.64,0.9048,44
1579576047.17,0.74,0.6382,0.61,0.9169,44
1579576048.518,0.69,0.7107,0.61,0.9205,44
1579576049.911,0.72,0.6816,0.6,0.9272,44
1579576051.387,0.72,0.6752,0.65,0.8452,44
1579576052.889,0.74,0.636,0.63,0.8842,44
1579576054.174,0.74,0.6334,0.6,0.8977,44
1579576055.638,0.74,0.6197,0.65,1.0122,45
1579576056.969,0.72,0.6529,0.63,1.0219,45
1579576058.366,0.73,0.633,0.59,0.9856,45
1579576059.74,0.73,0.6541,0.62,0.96,45
1579576061.002,0.75,0.618,0.65,0.9936,45
1579576062.253,0.76,0.597,0.63,1.0864,45
1579576063.767,0.72,0.6714,0.63,1.0411,45
1579576065.226,0.73,0.6624,0.66,0.9529,45
1579576066.693,0.74,0.6408,0.66,0.9797,45
1579576068.137,0.73,0.636,0.67,0.8988,45
1579576069.649,0.77,0.5935,0.64,0.8781,45
1579576070.88,0.78,0.5605,0.6,0.9454,45
1579576072.384,0.75,0.6018,0.57,1.0426,46
1579576073.754,0.75,0.6017,0.57,1.1114,46
1579576075.138,0.73,0.62,0.62,1.0347,46
1579576076.611,0.75,0.6039,0.61,0.9836,46
1579576078.035,0.75,0.6018,0.67,1.0219,46
1579576079.391,0.77,0.5837,0.64,1.0745,46
1579576080.787,0.75,0.6185,0.65,0.949,46
1579576082.193,0.76,0.5817,0.59,0.9958,46
1579576083.639,0.74,0.6439,0.65,0.9393,46
1579576085.022,0.77,0.5635,0.61,1.0556,46
1579576086.528,0.73,0.6551,0.64,0.9661,46
1579576087.694,0.77,0.5904,0.62,0.9576,46
1579576089.105,0.73,0.647,0.63,0.9559,47
1579576090.554,0.76,0.584,0.59,1.1815,47
1579576091.946,0.71,0.6848,0.62,0.9871,47
1579576093.386,0.75,0.5996,0.58,0.9985,47
1579576094.792,0.73,0.6496,0.66,0.9534,47
1579576096.082,0.77,0.5851,0.61,1.0735,47
1579576097.46,0.74,0.6341,0.63,1.0294,47
1579576098.828,0.72,0.632,0.65,0.9149,47
1579576100.32,0.76,0.5976,0.62,0.9096,47
1579576101.706,0.72,0.6662,0.71,0.8926,47
1579576103.149,0.77,0.5739,0.65,1.0163,47
1579576104.342,0.73,0.6474,0.65,0.9203,47
1579576105.939,0.75,0.5924,0.62,0.9614,48
1579576107.423,0.72,0.6677,0.58,0.9707,48
1579576108.873,0.7,0.6912,0.63,0.9865,48
1579576110.295,0.74,0.6156,0.61,1.0319,48
1579576111.678,0.72,0.6545,0.64,0.9066,48
1579576113.189,0.76,0.5897,0.66,0.9077,48
1579576114.595,0.74,0.6187,0.68,0.9819,48
1579576115.874,0.75,0.6126,0.61,0.9578,48
1579576117.368,0.77,0.5851,0.64,0.9655,48
1579576118.832,0.76,0.5812,0.68,0.9886,48
1579576120.212,0.77,0.5681,0.7,0.8851,48
1579576121.378,0.8,0.4942,0.69,0.8806,48
1579576122.739,0.76,0.5893,0.71,0.8892,49
1579576124.137,0.76,0.5729,0.64,0.9975,49
1579576125.45,0.78,0.5492,0.63,1.0821,49
1579576126.916,0.76,0.5879,0.62,1.0883,49
1579576128.361,0.76,0.571,0.62,0.9594,49
1579576129.741,0.78,0.5475,0.68,0.989,49
1579576131.03,0.78,0.5496,0.68,1.0723,49
1579576132.482,0.75,0.57,0.67,0.9358,49
1579576133.842,0.79,0.5246,0.61,0.9271,49
1579576135.131,0.76,0.5679,0.61,1.0062,49
1579576136.571,0.78,0.5409,0.67,0.9837,49
1579576137.875,0.8,0.492,0.71,0.9226,49
1579576139.24,0.79,0.5145,0.67,0.9386,50
1579576140.692,0.75,0.584,0.64,0.9354,50
1579576142.127,0.78,0.5265,0.57,1.2218,50
1579576143.566,0.77,0.5775,0.59,1.2206,50
1579576144.931,0.78,0.5261,0.6,1.1338,50
1579576146.407,0.79,0.5219,0.58,1.1018,50
1579576147.845,0.76,0.5682,0.58,1.1435,50
1579576149.229,0.78,0.5438,0.63,1.0982,50
1579576150.635,0.77,0.5531,0.66,0.9319,50
1579576151.947,0.78,0.5454,0.68,0.8484,50
1579576153.278,0.79,0.5193,0.62,1.0557,50
1579576154.503,0.78,0.5301,0.68,0.9782,50
1579576155.851,0.76,0.5613,0.71,0.876,51
1579576157.354,0.78,0.5435,0.65,1.0466,51
1579576158.705,0.74,0.6326,0.63,0.916,51
1579576160.183,0.79,0.5157,0.59,1.21,51
1579576161.679,0.75,0.5979,0.54,1.1901,51
1579576163.11,0.77,0.5417,0.59,1.2053,51
1579576164.566,0.78,0.5499,0.61,1.1155,51
1579576165.905,0.76,0.5648,0.61,1.1277,51
1579576167.409,0.78,0.5517,0.6,1.1363,51
1579576168.75,0.77,0.5544,0.65,1.0722,51
1579576170.072,0.79,0.5003,0.61,0.9776,51
1579576171.297,0.82,0.4562,0.63,1.0449,51
1579576172.682,0.76,0.5518,0.67,0.9,52
1579576173.953,0.79,0.5069,0.66,0.9346,52
1579576175.436,0.78,0.5304,0.68,0.946,52
1579576176.903,0.78,0.5197,0.66,0.9814,52
1579576178.394,0.8,0.4874,0.57,1.1039,52
1579576179.893,0.8,0.5026,0.63,1.1668,52
1579576181.387,0.8,0.5047,0.64,1.1917,52
1579576182.656,0.78,0.5203,0.66,1.1488,52
1579576184.065,0.8,0.4941,0.62,1.1646,52
1579576185.53,0.8,0.4902,0.63,1.1668,52
1579576186.864,0.82,0.4526,0.62,1.1976,52
1579576188.152,0.83,0.4403,0.58,1.0626,52
1579576189.52,0.8,0.4805,0.58,1.1115,53
1579576190.913,0.79,0.5075,0.62,1.118,53
1579576192.195,0.79,0.5023,0.65,1.0374,53
1579576193.658,0.79,0.5022,0.68,1.0209,53
1579576195.141,0.8,0.4938,0.63,1.0838,53
1579576196.616,0.81,0.4811,0.63,1.1582,53
1579576198.113,0.78,0.5075,0.63,1.1553,53
1579576199.558,0.8,0.4828,0.65,1.1026,53
1579576200.918,0.81,0.4712,0.65,1.0653,53
1579576202.374,0.81,0.4742,0.69,1.0721,53
1579576203.862,0.8,0.4738,0.65,1.0895,53
1579576205.039,0.83,0.442,0.63,1.0075,53
1579576206.399,0.81,0.4608,0.59,1.0895,54
1579576207.793,0.81,0.4767,0.63,1.1204,54
1579576209.055,0.8,0.4713,0.59,1.2073,54
1579576210.53,0.79,0.5078,0.63,0.9905,54
1579576212.032,0.81,0.4653,0.63,1.1006,54
1579576213.521,0.77,0.5601,0.65,1.0887,54
1579576214.868,0.8,0.4782,0.65,1.2029,54
1579576216.354,0.76,0.5844,0.65,1.1663,54
1579576217.839,0.78,0.5364,0.68,1.0352,54
1579576219.32,0.8,0.516,0.74,0.9666,54
1579576220.747,0.81,0.4728,0.63,1.1235,54
1579576221.932,0.78,0.5331,0.71,1.0118,54
1579576223.426,0.79,0.4986,0.6,1.1542,55
1579576224.769,0.75,0.6115,0.63,1.0543,55
1579576226.07,0.78,0.5263,0.61,1.241,55
1579576227.625,0.76,0.5763,0.59,1.1216,55
1579576228.89,0.76,0.5616,0.58,1.0167,55
1579576230.239,0.78,0.5288,0.59,1.1008,55
1579576231.691,0.76,0.5961,0.63,1.0578,55
1579576233.171,0.77,0.5565,0.62,0.9853,55
1579576234.486,0.78,0.5272,0.59,1.0634,55
1579576235.934,0.78,0.5159,0.67,1.0356,55
1579576237.432,0.81,0.4729,0.64,1.0301,55
1579576238.556,0.82,0.4557,0.64,0.9874,55
1579576239.994,0.79,0.5103,0.65,0.9557,56
1579576241.446,0.79,0.5104,0.65,0.977,56
1579576242.781,0.8,0.4999,0.66,1.0237,56
1579576244.07,0.81,0.472,0.59,1.0948,56
1579576245.537,0.79,0.4901,0.57,1.0164,56
1579576247.038,0.81,0.4637,0.61,1.1161,56
1579576248.474,0.81,0.4725,0.62,1.1545,56
1579576249.934,0.79,0.5116,0.62,1.1469,56
1579576251.408,0.79,0.5018,0.59,1.1064,56
1579576252.884,0.8,0.4575,0.64,1.1189,56
1579576254.372,0.83,0.417,0.67,1.0904,56
1579576255.624,0.86,0.3727,0.64,1.0671,56
1579576257.064,0.79,0.4781,0.61,1.0135,57
1579576258.509,0.8,0.4838,0.59,1.0945,57
1579576259.82,0.78,0.538,0.67,1.1034,57
1579576261.142,0.83,0.4364,0.6,1.3091,57
1579576262.566,0.78,0.5006,0.63,1.0441,57
1579576263.886,0.81,0.4338,0.61,1.1372,57
1579576265.353,0.8,0.4823,0.64,1.1802,57
1579576266.782,0.79,0.5098,0.63,1.1893,57
1579576268.271,0.8,0.4981,0.58,1.17,57
1579576269.723,0.8,0.4728,0.61,1.2119,57
1579576271.237,0.83,0.4305,0.69,1.1109,57
1579576272.496,0.86,0.3801,0.64,1.0479,57
1579576273.943,0.81,0.4433,0.65,0.9564,58
1579576275.453,0.81,0.4601,0.65,1.0398,58
1579576276.774,0.79,0.499,0.62,1.1011,58
1579576278.27,0.79,0.4934,0.67,1.072,58
1579576279.681,0.83,0.4099,0.61,1.1578,58
1579576280.964,0.8,0.4823,0.61,1.1119,58
1579576282.295,0.82,0.4276,0.62,1.3235,58
1579576283.719,0.79,0.5044,0.67,1.3437,58
1579576284.975,0.79,0.4953,0.61,1.2302,58
1579576286.472,0.78,0.5221,0.6,1.0907,58
1579576287.975,0.81,0.4753,0.64,1.3685,58
1579576289.284,0.81,0.4789,0.67,1.0462,58
1579576290.723,0.81,0.4328,0.58,1.0292,59
1579576292.13,0.78,0.5353,0.63,0.9483,59
1579576293.595,0.77,0.53,0.64,0.9777,59
1579576294.944,0.8,0.498,0.6,1.2399,59
1579576296.323,0.78,0.5627,0.63,1.1585,59
1579576297.677,0.79,0.4949,0.64,1.0756,59
1579576298.952,0.8,0.5005,0.62,1.0686,59
1579576300.388,0.81,0.4733,0.67,1.2094,59
1579576301.767,0.8,0.4862,0.64,1.2934,59
1579576303.094,0.8,0.5094,0.64,1.1418,59
1579576304.441,0.82,0.4492,0.58,1.0972,59
1579576305.661,0.83,0.4168,0.6,1.2095,59
1579576307.05,0.81,0.45,0.61,1.2982,60
1579576308.541,0.8,0.4727,0.59,1.0526,60
1579576309.936,0.83,0.4352,0.62,0.9542,60
1579576311.502,0.79,0.5039,0.63,1.108,60
1579576312.881,0.83,0.4287,0.62,1.2527,60
1579576314.247,0.8,0.4895,0.65,1.1107,60
1579576315.665,0.84,0.4045,0.63,1.1284,60
1579576317.082,0.79,0.5055,0.6,1.2503,60
1579576318.545,0.81,0.4567,0.64,1.3785,60
1579576319.93,0.8,0.4838,0.66,1.1704,60
1579576321.295,0.83,0.4257,0.64,1.1102,60
1579576322.463,0.85,0.4042,0.68,1.0166,60
1579576323.887,0.84,0.3944,0.64,1.0789,61
1579576325.367,0.81,0.4462,0.63,1.0246,61
1579576326.739,0.82,0.4327,0.57,1.029,61
1579576328.149,0.8,0.4653,0.59,1.1093,61
1579576329.625,0.83,0.4184,0.62,1.3227,61
1579576331.036,0.82,0.4394,0.63,1.2734,61
1579576332.49,0.84,0.4034,0.61,1.211,61
1579576333.789,0.83,0.4056,0.61,1.2527,61
1579576335.267,0.81,0.4693,0.68,1.3841,61
1579576336.626,0.82,0.4375,0.62,1.4982,61
1579576337.92,0.8,0.4814,0.64,1.2417,61
1579576339.037,0.85,0.3759,0.6,1.1716,61
1579576340.351,0.81,0.4603,0.62,1.0572,62
1579576341.805,0.85,0.3817,0.58,1.181,62
1579576343.315,0.79,0.4942,0.64,1.0684,62
1579576344.797,0.82,0.4326,0.64,1.0966,62
1579576346.305,0.83,0.4305,0.62,1.1984,62
1579576347.599,0.81,0.4585,0.66,1.1814,62
1579576349.021,0.83,0.4068,0.61,1.2626,62
1579576350.442,0.81,0.439,0.65,1.1995,62
1579576351.772,0.84,0.4005,0.64,1.2325,62
1579576353.086,0.81,0.4457,0.64,1.4038,62
1579576354.504,0.86,0.3718,0.66,1.5153,62
1579576355.689,0.82,0.4241,0.62,1.1939,62
1579576356.979,0.84,0.3881,0.65,1.0994,63
1579576358.234,0.84,0.4048,0.65,1.039,63
1579576359.557,0.85,0.3991,0.66,1.0008,63
1579576360.95,0.84,0.3943,0.6,1.1421,63
1579576362.426,0.83,0.3963,0.66,1.1837,63
1579576363.814,0.84,0.3881,0.61,1.1279,63
1579576365.306,0.83,0.4148,0.66,1.0912,63
1579576366.59,0.84,0.3737,0.62,1.2034,63
1579576368.019,0.86,0.3562,0.62,1.2695,63
1579576369.456,0.86,0.3354,0.61,1.3461,63
1579576370.951,0.88,0.3282,0.6,1.5447,63
1579576372.131,0.86,0.3409,0.65,1.4916,63
1579576373.596,0.83,0.4203,0.57,1.3223,64
1579576374.879,0.85,0.3797,0.57,1.2251,64
1579576376.333,0.84,0.4072,0.64,1.0676,64
1579576377.68,0.85,0.3725,0.61,1.204,64
1579576379.207,0.85,0.3527,0.6,1.4602,64
1579576380.683,0.84,0.396,0.67,1.305,64
1579576382.171,0.85,0.3601,0.68,1.2316,64
1579576383.639,0.83,0.4148,0.69,1.1832,64
1579576385.011,0.85,0.3864,0.72,1.2143,64
1579576386.475,0.87,0.3418,0.69,1.2894,64
1579576387.833,0.88,0.3121,0.64,1.4372,64
1579576388.978,0.87,0.3293,0.65,1.3881,64
1579576390.531,0.85,0.3587,0.67,1.3125,65
1579576391.856,0.86,0.3525,0.62,1.3594,65
1579576393.119,0.84,0.3999,0.6,1.2572,65
1579576394.395,0.85,0.3813,0.63,1.2187,65
1579576395.784,0.88,0.3045,0.62,1.5371,65
1579576397.176,0.85,0.3594,0.59,1.4883,65
1579576398.63,0.84,0.3893,0.65,1.1417,65
1579576400.134,0.86,0.3346,0.63,1.2295,65
1579576401.395,0.82,0.4351,0.64,1.2202,65
1579576402.846,0.85,0.3768,0.69,1.3583,65
1579576404.273,0.86,0.3276,0.63,1.7619,65
1579576405.547,0.87,0.3277,0.63,1.524,65
1579576406.931,0.85,0.3672,0.68,1.1347,66
1579576408.396,0.87,0.321,0.63,1.2683,66
1579576409.768,0.82,0.4353,0.61,1.1795,66
1579576411.064,0.84,0.4005,0.67,1.2118,66
1579576412.378,0.85,0.344,0.58,1.6282,66
1579576413.763,0.85,0.3729,0.59,1.6169,66
1579576415.274,0.84,0.3868,0.69,1.1909,66
1579576416.76,0.87,0.3246,0.66,1.2357,66
1579576418.181,0.85,0.3795,0.64,1.2999,66
1579576419.671,0.83,0.4153,0.67,1.2899,66
1579576421.083,0.86,0.3626,0.64,1.5356,66
1579576422.381,0.88,0.3174,0.62,1.8258,66
1579576423.766,0.8,0.5173,0.65,1.2248,67
1579576425.231,0.86,0.3441,0.64,1.1843,67
1579576426.634,0.86,0.3622,0.61,1.2813,67
1579576427.991,0.79,0.516,0.65,1.0111,67
1579576429.318,0.84,0.416,0.61,1.0968,67
1579576430.747,0.86,0.3671,0.58,1.6017,67
1579576432.081,0.76,0.5727,0.58,1.4131,67
1579576433.393,0.8,0.4508,0.66,1.1712,67
1579576434.773,0.86,0.3568,0.63,1.2131,67
1579576436.213,0.83,0.4366,0.63,1.2398,67
1579576437.518,0.81,0.4976,0.71,1.1707,67
1579576438.773,0.87,0.3477,0.7,1.2252,67
1579576440.234,0.84,0.3912,0.63,1.4043,68
1579576441.642,0.76,0.5897,0.65,1.1785,68
1579576443.021,0.83,0.4361,0.66,1.1023,68
1579576444.458,0.84,0.3867,0.61,1.1388,68
1579576445.789,0.81,0.4602,0.57,1.0776,68
1579576447.079,0.81,0.4765,0.62,1.0462,68
1579576448.59,0.84,0.3939,0.59,1.2264,68
1579576449.97,0.82,0.4276,0.58,1.2853,68
1579576451.397,0.81,0.4574,0.62,1.1933,68
1579576452.873,0.85,0.3796,0.66,1.0925,68
1579576454.389,0.87,0.3336,0.63,1.1004,68
1579576455.654,0.88,0.3212,0.64,1.1666,68
1579576457.098,0.85,0.3637,0.67,1.1844,69
1579576458.599,0.86,0.361,0.65,1.2022,69
1579576459.984,0.84,0.3801,0.67,1.2072,69
1579576461.439,0.87,0.3492,0.65,1.1916,69
1579576462.927,0.89,0.2965,0.67,1.2037,69
1579576464.264,0.88,0.31,0.66,1.2044,69
1579576465.687,0.89,0.2794,0.65,1.4015,69
1579576467.18,0.86,0.3368,0.66,1.3377,69
1579576468.688,0.89,0.2909,0.64,1.2723,69
1579576469.976,0.87,0.3138,0.65,1.2051,69
1579576471.503,0.9,0.2695,0.7,1.211,69
1579576472.732,0.91,0.2382,0.69,1.2024,69
1579576474.238,0.89,0.2767,0.66,1.2034,70
1579576475.694,0.89,0.2744,0.68,1.2329,70
1579576477.11,0.88,0.2928,0.66,1.2427,70
1579576478.414,0.89,0.282,0.65,1.234,70
1579576479.844,0.89,0.2735,0.66,1.2174,70
1579576481.217,0.9,0.2626,0.64,1.2845,70
1579576482.628,0.89,0.276,0.68,1.3065,70
1579576483.913,0.9,0.266,0.62,1.4186,70
1579576485.407,0.89,0.2808,0.67,1.3701,70
1579576486.724,0.91,0.2493,0.66,1.395,70
1579576488.116,0.9,0.251,0.65,1.3659,70
1579576489.27,0.92,0.2153,0.66,1.3324,70
1579576490.553,0.9,0.244,0.68,1.3531,71
1579576492.015,0.9,0.2576,0.71,1.3315,71
1579576493.514,0.9,0.2575,0.65,1.3848,71
1579576494.89,0.9,0.2584,0.64,1.3704,71
1579576496.369,0.92,0.2172,0.66,1.3378,71
1579576497.787,0.92,0.2199,0.62,1.3384,71
1579576499.173,0.92,0.2212,0.61,1.4047,71
1579576500.624,0.9,0.2538,0.68,1.4024,71
1579576501.901,0.92,0.2219,0.57,1.4729,71
1579576503.321,0.91,0.2346,0.65,1.4617,71
1579576504.699,0.93,0.1969,0.62,1.4886,71
1579576505.802,0.93,0.1762,0.62,1.4032,71
1579576507.063,0.91,0.2173,0.63,1.3235,72
1579576508.333,0.92,0.2203,0.62,1.2813,72
1579576509.831,0.91,0.2509,0.64,1.2436,72
1579576511.389,0.92,0.2193,0.65,1.2862,72
1579576512.847,0.91,0.2215,0.67,1.2091,72
1579576514.357,0.92,0.2026,0.67,1.2639,72
1579576515.781,0.92,0.2113,0.64,1.4063,72
1579576517.177,0.92,0.2192,0.61,1.4409,72
1579576518.478,0.92,0.2132,0.62,1.4407,72
1579576519.826,0.92,0.2055,0.65,1.4374,72
1579576521.33,0.93,0.1934,0.67,1.4338,72
1579576522.637,0.94,0.1619,0.66,1.4888,72
1579576523.912,0.92,0.2097,0.64,1.3957,73
1579576525.38,0.92,0.2043,0.64,1.3866,73
1579576526.893,0.91,0.2272,0.66,1.2989,73
1579576528.389,0.92,0.2036,0.65,1.2903,73
1579576529.854,0.92,0.1987,0.67,1.3087,73
1579576531.327,0.91,0.227,0.64,1.2563,73
1579576532.812,0.92,0.2063,0.64,1.4391,73
1579576534.187,0.91,0.2347,0.64,1.5817,73
1579576535.447,0.91,0.224,0.63,1.5801,73
1579576536.691,0.91,0.2103,0.64,1.5252,73
1579576538.031,0.93,0.1886,0.63,1.5511,73
1579576539.343,0.94,0.1692,0.62,1.6383,73
1579576540.752,0.91,0.2156,0.6,1.6432,74
1579576542.006,0.91,0.2348,0.62,1.5179,74
1579576543.313,0.91,0.2253,0.63,1.617,74
1579576544.702,0.9,0.2512,0.65,1.4374,74
1579576545.991,0.91,0.2192,0.67,1.4828,74
1579576547.379,0.91,0.2326,0.66,1.3743,74
1579576548.787,0.91,0.2245,0.68,1.3731,74
1579576550.128,0.91,0.2332,0.67,1.5051,74
1579576551.592,0.9,0.2667,0.66,1.6267,74
1579576553.057,0.91,0.2365,0.65,1.634,74
1579576554.376,0.9,0.2577,0.61,1.56,74
1579576555.624,0.91,0.2189,0.66,1.4869,74
1579576557.048,0.91,0.2264,0.67,1.3946,75
1579576558.493,0.91,0.2185,0.61,1.5083,75
1579576559.829,0.89,0.2735,0.66,1.4795,75
1579576561.326,0.92,0.2141,0.65,1.6805,75
1579576562.775,0.89,0.2651,0.64,1.6115,75
1579576564.03,0.92,0.1985,0.65,1.6763,75
1579576565.301,0.88,0.2757,0.69,1.6834,75
1579576566.586,0.9,0.2418,0.66,1.6771,75
1579576568.014,0.9,0.2453,0.66,1.5797,75
1579576569.346,0.89,0.2781,0.62,1.4864,75
1579576570.779,0.94,0.1821,0.62,1.7955,75
1579576571.965,0.91,0.2167,0.62,1.6748,75
1579576573.419,0.91,0.218,0.67,1.5126,76
1579576574.91,0.91,0.2428,0.66,1.365,76
1579576576.204,0.91,0.2341,0.72,1.2291,76
1579576577.539,0.93,0.1987,0.73,1.3212,76
1579576578.871,0.92,0.2168,0.7,1.2828,76
1579576580.207,0.93,0.2011,0.72,1.2439,76
1579576581.658,0.94,0.1802,0.67,1.3359,76
1579576583.062,0.93,0.2058,0.67,1.4876,76
1579576584.328,0.92,0.2086,0.68,1.5019,76
1579576585.658,0.92,0.2065,0.69,1.3617,76
1579576587.078,0.93,0.1857,0.62,1.3749,76
1579576588.272,0.94,0.1511,0.64,1.5817,76
1579576589.733,0.93,0.1776,0.65,1.5692,77
1579576591.12,0.93,0.1892,0.58,1.6951,77
1579576592.61,0.9,0.2383,0.66,1.571,77
1579576594.021,0.92,0.2107,0.67,1.5682,77
1579576595.468,0.92,0.1962,0.68,1.5665,77
1579576596.8,0.94,0.1713,0.7,1.5739,77
1579576598.07,0.92,0.1994,0.7,1.5484,77
1579576599.397,0.94,0.1772,0.64,1.7441,77
1579576600.847,0.91,0.2273,0.64,1.7496,77
1579576602.24,0.92,0.1989,0.66,1.6416,77
1579576603.686,0.92,0.1945,0.69,1.5548,77
1579576604.961,0.94,0.1672,0.66,1.5089,77
1579576606.447,0.94,0.1616,0.63,1.5278,78
1579576607.909,0.93,0.1712,0.61,1.5111,78
1579576609.286,0.93,0.191,0.56,1.576,78
1579576610.753,0.91,0.2368,0.62,1.5638,78
1579576612.109,0.92,0.2142,0.61,1.6488,78
1579576613.604,0.92,0.2177,0.64,1.5976,78
1579576614.872,0.92,0.1972,0.66,1.6192,78
1579576616.306,0.91,0.2079,0.63,1.8285,78
1579576617.741,0.92,0.1983,0.61,1.9718,78
1579576619.241,0.91,0.2299,0.63,1.9368,78
1579576620.609,0.91,0.2249,0.67,1.8777,78
1579576621.732,0.93,0.1823,0.64,1.9329,78
1579576623.24,0.9,0.2319,0.63,1.7588,79
1579576624.714,0.92,0.211,0.58,1.66,79
1579576626.16,0.9,0.242,0.59,1.5259,79
1579576627.62,0.92,0.2213,0.63,1.518,79
1579576629.13,0.94,0.1765,0.62,1.7415,79
1579576630.595,0.9,0.2569,0.62,1.5612,79
1579576632.004,0.92,0.1935,0.61,1.6238,79
1579576633.401,0.91,0.2335,0.66,1.6791,79
1579576634.901,0.92,0.2012,0.63,1.9111,79
1579576636.158,0.9,0.2484,0.64,1.8815,79
1579576637.543,0.91,0.2239,0.65,2.0782,79
1579576638.743,0.9,0.2693,0.66,1.9096,79
1579576640.247,0.92,0.1974,0.65,1.9049,80
1579576641.649,0.9,0.2458,0.62,1.6185,80
1579576643.093,0.91,0.2216,0.59,1.5446,80
1579576644.417,0.89,0.2682,0.57,1.422,80
1579576645.726,0.89,0.2692,0.63,1.6794,80
1579576647.146,0.9,0.2461,0.62,1.7767,80
1579576648.562,0.84,0.4019,0.65,1.2615,80
1579576649.87,0.93,0.2009,0.62,1.4977,80
1579576651.219,0.83,0.3796,0.62,1.468,80
1579576652.724,0.91,0.2301,0.63,1.6678,80
1579576653.984,0.85,0.3368,0.59,1.6786,80
1579576655.098,0.89,0.248,0.58,1.8607,80
1579576656.42,0.87,0.3234,0.62,1.6784,81
1579576657.863,0.89,0.2745,0.67,1.5032,81
1579576659.135,0.9,0.2349,0.63,1.464,81
1579576660.429,0.88,0.3049,0.64,1.246,81
1579576661.753,0.91,0.2355,0.62,1.3353,81
1579576663.208,0.89,0.3007,0.66,1.4367,81
1579576664.493,0.91,0.2628,0.65,1.5379,81
1579576665.849,0.89,0.2868,0.68,1.5619,81
1579576667.211,0.91,0.2376,0.64,1.5473,81
1579576668.602,0.91,0.2329,0.65,1.4442,81
1579576669.899,0.91,0.2226,0.67,1.4789,81
1579576671.028,0.94,0.1633,0.64,1.7914,81
1579576672.424,0.9,0.243,0.64,1.8524,82
1579576673.907,0.9,0.2445,0.62,1.8552,82
1579576675.18,0.9,0.2544,0.6,1.7315,82
1579576676.676,0.91,0.2219,0.61,1.4836,82
1579576678.112,0.92,0.2115,0.62,1.3354,82
1579576679.387,0.94,0.1785,0.63,1.3678,82
1579576680.874,0.91,0.2276,0.67,1.3095,82
1579576682.378,0.91,0.2377,0.65,1.3689,82
1579576683.766,0.92,0.2111,0.65,1.5068,82
1579576685.148,0.91,0.2462,0.66,1.4052,82
1579576686.527,0.91,0.2244,0.63,1.3109,82
1579576687.717,0.95,0.1497,0.62,1.6157,82
1579576689.031,0.92,0.2081,0.67,1.7456,83
1579576690.511,0.92,0.2027,0.67,1.9056,83
1579576691.861,0.92,0.1971,0.63,2.0431,83
1579576693.267,0.91,0.2458,0.61,1.8723,83
1579576694.626,0.92,0.2073,0.63,1.6933,83
1579576696.093,0.94,0.1749,0.61,1.6563,83
1579576697.571,0.92,0.2105,0.61,1.4878,83
1579576699.002,0.91,0.2138,0.63,1.3219,83
1579576700.507,0.94,0.1668,0.64,1.5419,83
1579576701.922,0.93,0.1979,0.65,1.7797,83
1579576703.436,0.91,0.2397,0.67,1.6016,83
1579576704.706,0.94,0.1544,0.65,1.6299,83
1579576706.029,0.93,0.1798,0.65,1.7902,84
1579576707.524,0.92,0.2176,0.71,1.6175,84
1579576708.831,0.94,0.1457,0.67,1.7741,84
1579576710.166,0.93,0.1664,0.61,1.9029,84
1579576711.593,0.9,0.2517,0.64,1.707,84
1579576713.027,0.92,0.1961,0.6,1.7892,84
1579576714.516,0.92,0.1866,0.58,1.8606,84
1579576715.901,0.88,0.2784,0.62,1.3802,84
1579576717.186,0.94,0.1691,0.68,1.3064,84
1579576718.467,0.94,0.1637,0.67,1.5843,84
1579576719.847,0.9,0.2423,0.65,1.6905,84
1579576721.143,0.92,0.2036,0.64,1.7253,84
1579576722.545,0.94,0.1644,0.63,2.0544,85
1579576723.884,0.87,0.3219,0.69,1.6386,85
1579576725.388,0.92,0.2014,0.66,1.5518,85
1579576726.744,0.94,0.1624,0.62,1.8005,85
1579576728.071,0.9,0.2493,0.62,1.7248,85
1579576729.508,0.92,0.2206,0.62,1.7041,85
1579576730.839,0.94,0.1679,0.6,1.9808,85
1579576732.336,0.9,0.2494,0.6,1.9349,85
1579576733.81,0.88,0.3124,0.6,1.5505,85
1579576735.092,0.93,0.1765,0.55,1.6927,85
1579576736.56,0.92,0.2134,0.56,1.8111,85
1579576737.845,0.9,0.2476,0.6,1.6817,85
1579576739.346,0.93,0.1911,0.67,1.7515,86
1579576740.762,0.94,0.1516,0.6,2.1115,86
1579576742.121,0.85,0.356,0.68,1.7819,86
1579576743.59,0.91,0.238,0.66,1.7117,86
1579576744.883,0.94,0.176,0.59,1.894,86
1579576746.203,0.88,0.3185,0.62,1.7121,86
1579576747.587,0.9,0.2668,0.66,1.5552,86
1579576749.072,0.94,0.1679,0.62,1.7473,86
1579576750.43,0.91,0.2285,0.6,1.7551,86
1579576751.834,0.88,0.2925,0.61,1.4533,86
1579576753.382,0.95,0.1609,0.6,1.5719,86
1579576754.667,0.94,0.1711,0.58,1.7681,86
1579576756.137,0.86,0.3431,0.6,1.5832,87
1579576757.419,0.91,0.2137,0.63,1.5547,87
1579576758.808,0.93,0.1703,0.58,1.9228,87
1579576760.193,0.87,0.3073,0.66,1.7178,87
1579576761.609,0.92,0.1977,0.67,1.6977,87
1579576763.03,0.94,0.1621,0.66,1.7921,87
1579576764.406,0.92,0.2064,0.65,1.7102,87
1579576765.79,0.91,0.2332,0.66,1.5532,87
1579576767.245,0.93,0.1807,0.7,1.5342,87
1579576768.701,0.94,0.17,0.68,1.5751,87
1579576770.157,0.93,0.1889,0.67,1.5533,87
1579576771.471,0.96,0.1337,0.65,1.6078,87
1579576772.947,0.95,0.1327,0.65,1.7396,88
1579576774.428,0.95,0.1466,0.62,1.7774,88
1579576775.916,0.95,0.1481,0.64,1.667,88
1579576777.415,0.96,0.1296,0.64,1.593,88
1579576778.744,0.95,0.125,0.65,1.5732,88
1579576780.178,0.95,0.1257,0.66,1.5809,88
1579576781.629,0.96,0.1203,0.65,1.5982,88
1579576782.916,0.96,0.1204,0.65,1.5899,88
1579576784.401,0.96,0.1106,0.65,1.5768,88
1579576785.782,0.96,0.1026,0.65,1.5723,88
1579576787.298,0.97,0.0936,0.68,1.5904,88
1579576788.613,0.98,0.0728,0.65,1.6218,88
1579576790.092,0.97,0.0879,0.67,1.6754,89
1579576791.562,0.96,0.1058,0.68,1.7227,89
1579576793.056,0.96,0.1078,0.68,1.7424,89
1579576794.424,0.97,0.1028,0.68,1.7305,89
1579576795.851,0.97,0.0877,0.69,1.7219,89
1579576797.336,0.97,0.0843,0.67,1.7319,89
1579576798.805,0.97,0.0902,0.66,1.742,89
1579576800.111,0.97,0.0909,0.65,1.7574,89
1579576801.478,0.97,0.0972,0.67,1.7938,89
1579576802.914,0.97,0.0862,0.67,1.8061,89
1579576804.207,0.97,0.0899,0.67,1.803,89
1579576805.38,0.98,0.0654,0.66,1.8087,89
1579576806.813,0.97,0.0821,0.67,1.826,90
1579576808.316,0.97,0.0786,0.67,1.8864,90
1579576809.813,0.97,0.0742,0.67,1.93,90
1579576811.304,0.97,0.0858,0.65,1.9161,90
1579576812.736,0.96,0.0894,0.65,1.8382,90
1579576814.169,0.97,0.0823,0.67,1.7632,90
1579576815.558,0.97,0.0814,0.68,1.7233,90
1579576816.899,0.97,0.0909,0.66,1.7179,90
1579576818.29,0.97,0.0812,0.63,1.7374,90
1579576819.718,0.98,0.0783,0.66,1.804,90
1579576821.008,0.98,0.0788,0.66,1.8799,90
1579576822.164,0.98,0.0712,0.63,1.9643,90
1579576823.638,0.97,0.0881,0.65,2.0631,91
1579576825.058,0.97,0.0917,0.67,2.1526,91
1579576826.525,0.97,0.0821,0.68,2.2317,91
1579576827.946,0.97,0.073,0.66,2.2542,91
1579576829.469,0.97,0.0753,0.67,2.2046,91
1579576830.973,0.97,0.0839,0.63,2.0651,91
1579576832.488,0.96,0.0952,0.66,1.9289,91
1579576833.892,0.96,0.1018,0.67,1.8276,91
1579576835.335,0.97,0.0868,0.67,1.7645,91
1579576836.751,0.97,0.0874,0.69,1.7142,91
1579576838.063,0.98,0.0728,0.68,1.7051,91
1579576839.345,0.98,0.0637,0.66,1.762,91
1579576840.745,0.98,0.0803,0.68,1.8879,92
1579576842.192,0.97,0.086,0.67,2.0869,92
1579576843.685,0.96,0.0907,0.65,2.2757,92
1579576845.112,0.97,0.0815,0.66,2.3359,92
1579576846.383,0.96,0.0833,0.68,2.2511,92
1579576847.735,0.97,0.0822,0.67,2.1594,92
1579576849.238,0.97,0.0861,0.68,2.0834,92
1579576850.659,0.97,0.0876,0.66,1.9741,92
1579576851.928,0.97,0.0822,0.68,1.907,92
1579576853.42,0.97,0.0781,0.69,1.8603,92
1579576854.704,0.97,0.0783,0.69,1.8282,92
1579576855.912,0.98,0.0752,0.7,1.7752,92
1579576857.423,0.97,0.0875,0.68,1.7402,93
1579576858.747,0.97,0.0922,0.69,1.7957,93
1579576860.183,0.97,0.0786,0.66,1.9779,93
1579576861.598,0.98,0.0613,0.64,2.2561,93
1579576863.114,0.98,0.056,0.65,2.4954,93
1579576864.425,0.97,0.07,0.65,2.612,93
1579576865.812,0.97,0.0756,0.62,2.5899,93
1579576867.1,0.97,0.0874,0.6,2.4868,93
1579576868.43,0.97,0.0815,0.6,2.3598,93
1579576869.735,0.97,0.067,0.63,2.225,93
1579576871.014,0.98,0.0626,0.65,2.1471,93
1579576872.15,0.98,0.0548,0.65,2.1207,93
1579576873.453,0.97,0.072,0.65,2.0073,94
1579576874.871,0.98,0.0687,0.69,1.9405,94
1579576876.155,0.97,0.077,0.69,1.8927,94
1579576877.642,0.98,0.0575,0.71,1.9141,94
1579576879.019,0.98,0.0554,0.7,1.9693,94
1579576880.305,0.98,0.0491,0.66,2.0696,94
1579576881.729,0.98,0.0496,0.67,2.187,94
1579576883.173,0.97,0.0734,0.67,2.2607,94
1579576884.596,0.97,0.0711,0.66,2.2822,94
1579576885.895,0.97,0.0627,0.67,2.2933,94
1579576887.35,0.98,0.0523,0.64,2.2905,94
1579576888.584,0.99,0.0383,0.63,2.3017,94
1579576889.873,0.99,0.0473,0.62,2.3024,95
1579576891.219,0.98,0.0556,0.65,2.2693,95
1579576892.574,0.98,0.0584,0.67,2.2464,95
1579576893.885,0.98,0.0608,0.64,2.2359,95
1579576895.397,0.98,0.0548,0.62,2.2588,95
1579576896.804,0.99,0.0388,0.63,2.2936,95
1579576898.128,0.99,0.0424,0.64,2.2917,95
1579576899.438,0.99,0.0405,0.65,2.2949,95
1579576900.804,0.99,0.043,0.64,2.2999,95
1579576902.143,0.98,0.0421,0.64,2.312,95
1579576903.575,0.98,0.045,0.62,2.3008,95
1579576904.8,0.99,0.0394,0.64,2.2753,95
1579576906.085,0.99,0.0417,0.65,2.2619,96
1579576907.403,0.99,0.0341,0.66,2.2511,96
1579576908.843,0.99,0.0327,0.68,2.2346,96
1579576910.111,0.99,0.0288,0.69,2.2551,96
1579576911.391,0.99,0.0374,0.66,2.3008,96
1579576912.878,0.99,0.0328,0.65,2.3782,96
1579576914.417,0.99,0.0376,0.61,2.4065,96
1579576915.724,0.99,0.0372,0.61,2.4106,96
1579576917.023,0.99,0.035,0.62,2.3984,96
1579576918.488,0.99,0.0393,0.62,2.383,96
1579576919.803,0.99,0.0252,0.62,2.4289,96
1579576920.906,0.99,0.0256,0.63,2.437,96
1579576922.237,0.99,0.0319,0.62,2.3792,97
1579576923.681,0.99,0.0298,0.64,2.3237,97
1579576924.946,0.99,0.0282,0.67,2.3187,97
1579576926.224,0.99,0.0298,0.69,2.3642,97
1579576927.557,0.99,0.024,0.68,2.4296,97
1579576928.997,0.99,0.0248,0.69,2.4904,97
1579576930.472,0.99,0.0283,0.67,2.5073,97
1579576931.79,0.99,0.0318,0.63,2.5197,97
1579576933.067,0.99,0.0307,0.62,2.534,97
1579576934.553,0.99,0.0237,0.62,2.5397,97
1579576936.051,1.0,0.0221,0.63,2.5294,97
1579576937.221,1.0,0.0175,0.64,2.5163,97
1579576938.655,0.99,0.0231,0.65,2.4922,98
1579576940.069,0.99,0.0355,0.66,2.3959,98
1579576941.461,0.99,0.0262,0.67,2.3276,98
1579576942.841,0.99,0.0281,0.69,2.3077,98
1579576944.109,1.0,0.0219,0.7,2.3616,98
1579576945.412,1.0,0.0186,0.68,2.4717,98
1579576946.863,0.99,0.0251,0.68,2.5286,98
1579576948.371,0.99,0.0311,0.69,2.4938,98
1579576949.737,0.99,0.025,0.68,2.4988,98
1579576951.042,0.99,0.0318,0.68,2.5386,98
1579576952.534,0.99,0.0293,0.63,2.6079,98
1579576953.767,1.0,0.016,0.64,2.6568,98
1579576955.239,0.99,0.0268,0.61,2.6063,99
1579576956.534,0.99,0.027,0.63,2.5275,99
1579576957.879,0.99,0.0238,0.64,2.4961,99
1579576959.203,0.99,0.029,0.63,2.4811,99
1579576960.618,0.99,0.0341,0.66,2.484,99
1579576962.116,0.99,0.0213,0.67,2.5737,99
1579576963.383,0.99,0.0241,0.66,2.6111,99
1579576964.752,0.99,0.028,0.68,2.5447,99
1579576966.02,0.99,0.0219,0.68,2.5267,99
1579576967.302,0.99,0.0281,0.68,2.5181,99
1579576968.735,0.99,0.0341,0.69,2.5452,99
1579576969.982,1.0,0.0181,0.69,2.6443,99
