1580012503.29,0.24,1.3868,0.16,1.3889,0
1580012503.489,0.23,1.3866,0.23,1.3873,0
1580012503.661,0.25,1.3863,0.23,1.3869,0
1580012503.832,0.27,1.386,0.23,1.386,0
1580012504.007,0.23,1.3865,0.34,1.3851,0
1580012504.187,0.29,1.3862,0.33,1.3843,0
1580012504.357,0.25,1.3856,0.33,1.3824,0
1580012504.526,0.25,1.3854,0.33,1.3811,0
1580012504.695,0.25,1.3851,0.33,1.3798,0
1580012504.864,0.26,1.384,0.33,1.3785,0
1580012505.038,0.24,1.3843,0.33,1.379,0
1580012505.217,0.24,1.3829,0.34,1.3798,0
1580012505.387,0.25,1.3812,0.27,1.3803,0
1580012505.556,0.29,1.3789,0.28,1.3777,0
1580012505.709,0.33,1.375,0.34,1.3737,0
1580012505.88,0.32,1.371,0.32,1.3677,1
1580012506.051,0.37,1.3638,0.41,1.3596,1
1580012506.228,0.36,1.3577,0.34,1.353,1
1580012506.4,0.44,1.336,0.39,1.3468,1
1580012506.568,0.39,1.3351,0.44,1.3409,1
1580012506.737,0.45,1.3263,0.42,1.3251,1
1580012506.906,0.44,1.3058,0.33,1.35,1
1580012507.074,0.36,1.3265,0.42,1.3054,1
1580012507.25,0.43,1.293,0.34,1.3252,1
1580012507.419,0.47,1.281,0.38,1.3292,1
1580012507.592,0.51,1.2467,0.38,1.3325,1
1580012507.769,0.45,1.2649,0.4,1.3197,1
1580012507.938,0.45,1.2654,0.45,1.2865,1
1580012508.107,0.49,1.238,0.44,1.275,1
1580012508.266,0.52,1.2222,0.43,1.2727,1
1580012508.441,0.51,1.2229,0.42,1.2709,2
1580012508.613,0.5,1.2261,0.47,1.274,2
1580012508.784,0.52,1.2101,0.44,1.2787,2
1580012508.955,0.52,1.1979,0.42,1.2837,2
1580012509.125,0.52,1.2178,0.43,1.2926,2
1580012509.302,0.51,1.2273,0.42,1.2858,2
1580012509.474,0.49,1.2396,0.43,1.277,2
1580012509.644,0.53,1.2002,0.48,1.266,2
1580012509.813,0.52,1.214,0.44,1.2678,2
1580012509.982,0.55,1.1894,0.43,1.2688,2
1580012510.152,0.54,1.188,0.46,1.2542,2
1580012510.329,0.53,1.1905,0.48,1.2554,2
1580012510.5,0.51,1.2126,0.46,1.2629,2
1580012510.67,0.52,1.1981,0.46,1.266,2
1580012510.821,0.55,1.1782,0.49,1.2534,2
1580012510.995,0.54,1.1926,0.5,1.2473,3
1580012511.163,0.53,1.2018,0.46,1.2499,3
1580012511.339,0.54,1.1854,0.48,1.2455,3
1580012511.509,0.56,1.1667,0.48,1.2433,3
1580012511.678,0.54,1.2001,0.48,1.2418,3
1580012511.846,0.54,1.1932,0.49,1.2418,3
1580012512.015,0.51,1.2057,0.5,1.2454,3
1580012512.183,0.56,1.1809,0.5,1.2417,3
1580012512.358,0.53,1.2015,0.52,1.241,3
1580012512.525,0.56,1.1729,0.51,1.2397,3
1580012512.696,0.58,1.1607,0.51,1.2405,3
1580012512.869,0.55,1.1755,0.51,1.2368,3
1580012513.049,0.55,1.1917,0.51,1.2352,3
1580012513.222,0.53,1.1936,0.5,1.2353,3
1580012513.378,0.57,1.1559,0.5,1.2414,3
1580012513.549,0.55,1.1777,0.47,1.2459,4
1580012513.717,0.52,1.1983,0.49,1.2358,4
1580012513.885,0.56,1.1683,0.49,1.2353,4
1580012514.055,0.58,1.1573,0.5,1.2332,4
1580012514.224,0.55,1.1827,0.49,1.2356,4
1580012514.399,0.54,1.1853,0.5,1.2338,4
1580012514.57,0.53,1.1958,0.49,1.2302,4
1580012514.743,0.57,1.168,0.49,1.2312,4
1580012514.911,0.54,1.1916,0.5,1.2309,4
1580012515.079,0.57,1.1661,0.5,1.2277,4
1580012515.249,0.58,1.1557,0.52,1.2321,4
1580012515.422,0.56,1.1623,0.51,1.2369,4
1580012515.593,0.55,1.1848,0.5,1.2394,4
1580012515.764,0.55,1.1818,0.5,1.2434,4
1580012515.916,0.58,1.1505,0.47,1.2462,4
1580012516.089,0.55,1.1807,0.5,1.2262,5
1580012516.259,0.54,1.1878,0.48,1.2157,5
1580012516.434,0.55,1.1769,0.5,1.2184,5
1580012516.603,0.59,1.1498,0.51,1.2302,5
1580012516.772,0.56,1.1752,0.51,1.2374,5
1580012516.94,0.57,1.1698,0.5,1.2411,5
1580012517.11,0.53,1.1966,0.5,1.2319,5
1580012517.28,0.58,1.1612,0.49,1.2269,5
1580012517.454,0.54,1.1866,0.5,1.2211,5
1580012517.623,0.58,1.1604,0.49,1.2229,5
1580012517.794,0.58,1.149,0.48,1.2365,5
1580012517.964,0.57,1.1638,0.5,1.235,5
1580012518.132,0.55,1.1794,0.5,1.2441,5
1580012518.301,0.55,1.1822,0.51,1.2454,5
1580012518.457,0.57,1.1578,0.5,1.2357,5
1580012518.629,0.57,1.1698,0.49,1.2294,6
1580012518.799,0.53,1.1827,0.49,1.2141,6
1580012518.969,0.58,1.1569,0.5,1.2097,6
1580012519.14,0.59,1.1482,0.51,1.207,6
1580012519.31,0.57,1.1675,0.5,1.2207,6
1580012519.484,0.56,1.1694,0.51,1.2309,6
1580012519.654,0.54,1.1874,0.49,1.2417,6
1580012519.828,0.58,1.1606,0.49,1.2316,6
1580012519.999,0.55,1.1797,0.52,1.2185,6
1580012520.17,0.57,1.1537,0.51,1.2082,6
1580012520.34,0.59,1.1467,0.51,1.2128,6
1580012520.515,0.58,1.1504,0.52,1.2199,6
1580012520.684,0.56,1.1718,0.51,1.2183,6
1580012520.854,0.55,1.1708,0.51,1.2236,6
1580012521.006,0.59,1.1429,0.51,1.2303,6
1580012521.18,0.57,1.1648,0.51,1.2179,7
1580012521.351,0.54,1.1744,0.5,1.2027,7
1580012521.527,0.58,1.1503,0.5,1.2046,7
1580012521.698,0.6,1.138,0.51,1.2033,7
1580012521.868,0.58,1.161,0.51,1.211,7
1580012522.037,0.56,1.1604,0.51,1.222,7
1580012522.206,0.55,1.1757,0.51,1.231,7
1580012522.385,0.59,1.152,0.51,1.2164,7
1580012522.561,0.57,1.168,0.52,1.2026,7
1580012522.729,0.59,1.1494,0.52,1.2075,7
1580012522.898,0.6,1.1332,0.5,1.2318,7
1580012523.073,0.58,1.1489,0.5,1.2299,7
1580012523.243,0.57,1.1659,0.5,1.2293,7
1580012523.428,0.56,1.1717,0.5,1.2258,7
1580012523.584,0.6,1.1384,0.5,1.2206,7
1580012523.754,0.58,1.1545,0.5,1.2124,8
1580012523.921,0.56,1.1728,0.49,1.2123,8
1580012524.088,0.58,1.153,0.52,1.2061,8
1580012524.261,0.6,1.1285,0.5,1.2145,8
1580012524.43,0.59,1.1539,0.49,1.2238,8
1580012524.605,0.57,1.1566,0.51,1.2264,8
1580012524.784,0.56,1.1695,0.51,1.2224,8
1580012524.952,0.6,1.1457,0.5,1.2001,8
1580012525.121,0.56,1.161,0.56,1.1898,8
1580012525.293,0.58,1.1513,0.52,1.2242,8
1580012525.46,0.6,1.1272,0.5,1.2522,8
1580012525.637,0.58,1.1516,0.5,1.2371,8
1580012525.806,0.57,1.162,0.51,1.2395,8
1580012525.974,0.56,1.1752,0.5,1.2335,8
1580012526.127,0.59,1.1402,0.49,1.2253,8
1580012526.298,0.59,1.1498,0.5,1.2133,9
1580012526.469,0.56,1.1676,0.49,1.2143,9
1580012526.644,0.58,1.1573,0.51,1.2056,9
1580012526.813,0.61,1.1263,0.51,1.2087,9
1580012526.982,0.59,1.1493,0.48,1.2209,9
1580012527.15,0.57,1.1569,0.49,1.2258,9
1580012527.32,0.56,1.171,0.52,1.2413,9
1580012527.49,0.58,1.1521,0.51,1.2309,9
1580012527.669,0.57,1.1646,0.54,1.1985,9
1580012527.838,0.59,1.1367,0.52,1.1873,9
1580012528.008,0.6,1.1352,0.52,1.2013,9
1580012528.178,0.6,1.1387,0.52,1.2152,9
1580012528.349,0.56,1.1656,0.52,1.2046,9
1580012528.518,0.57,1.1594,0.51,1.2044,9
1580012528.68,0.61,1.1272,0.51,1.2103,9
1580012528.85,0.59,1.143,0.51,1.2131,10
1580012529.022,0.57,1.1569,0.51,1.2091,10
1580012529.193,0.61,1.1322,0.52,1.1995,10
1580012529.375,0.61,1.1232,0.57,1.1864,10
1580012529.554,0.58,1.1543,0.53,1.2034,10
1580012529.729,0.6,1.1369,0.5,1.224,10
1580012529.898,0.57,1.1639,0.51,1.2234,10
1580012530.071,0.59,1.1428,0.52,1.2112,10
1580012530.241,0.57,1.1526,0.51,1.1986,10
1580012530.41,0.61,1.1314,0.5,1.201,10
1580012530.581,0.61,1.1252,0.53,1.2178,10
1580012530.753,0.59,1.1405,0.52,1.2092,10
1580012530.934,0.58,1.1481,0.51,1.199,10
1580012531.105,0.56,1.1654,0.53,1.2031,10
1580012531.255,0.61,1.123,0.5,1.2185,10
1580012531.43,0.6,1.1419,0.51,1.2159,11
1580012531.61,0.56,1.1535,0.53,1.191,11
1580012531.783,0.61,1.1256,0.55,1.1884,11
1580012531.953,0.61,1.1273,0.49,1.2225,11
1580012532.123,0.58,1.1534,0.48,1.2165,11
1580012532.293,0.6,1.1372,0.51,1.2065,11
1580012532.464,0.58,1.1554,0.48,1.1931,11
1580012532.633,0.59,1.1358,0.52,1.195,11
1580012532.805,0.59,1.1461,0.54,1.1956,11
1580012532.974,0.61,1.1282,0.54,1.1882,11
1580012533.143,0.63,1.1173,0.5,1.2125,11
1580012533.313,0.6,1.1297,0.5,1.2138,11
1580012533.486,0.6,1.1405,0.53,1.1983,11
1580012533.657,0.58,1.149,0.52,1.1979,11
1580012533.811,0.63,1.1085,0.51,1.2004,11
1580012533.983,0.6,1.1318,0.52,1.1949,12
1580012534.156,0.59,1.1412,0.54,1.1926,12
1580012534.325,0.61,1.1118,0.49,1.2,12
1580012534.495,0.62,1.1149,0.56,1.1886,12
1580012534.665,0.59,1.1455,0.47,1.2076,12
1580012534.842,0.6,1.128,0.51,1.2155,12
1580012535.012,0.58,1.1475,0.49,1.1859,12
1580012535.184,0.6,1.134,0.51,1.1851,12
1580012535.365,0.58,1.1463,0.51,1.1944,12
1580012535.548,0.63,1.1135,0.49,1.2153,12
1580012535.734,0.63,1.1097,0.52,1.199,12
1580012535.917,0.61,1.126,0.56,1.1753,12
1580012536.097,0.59,1.1461,0.51,1.2011,12
1580012536.268,0.6,1.1375,0.51,1.2262,12
1580012536.419,0.63,1.1077,0.51,1.2202,12
1580012536.59,0.59,1.1377,0.51,1.195,13
1580012536.761,0.59,1.1423,0.52,1.1894,13
1580012536.933,0.62,1.1232,0.55,1.1907,13
1580012537.103,0.64,1.1033,0.54,1.1905,13
1580012537.273,0.6,1.1406,0.56,1.1791,13
1580012537.443,0.59,1.1295,0.56,1.1779,13
1580012537.615,0.6,1.1302,0.53,1.1813,13
1580012537.795,0.62,1.1165,0.54,1.1841,13
1580012537.967,0.59,1.1412,0.54,1.1799,13
1580012538.138,0.62,1.1219,0.51,1.2085,13
1580012538.31,0.64,1.1028,0.48,1.2221,13
1580012538.48,0.61,1.1168,0.57,1.1747,13
1580012538.65,0.61,1.1351,0.55,1.1795,13
1580012538.823,0.6,1.1349,0.49,1.2269,13
1580012538.974,0.63,1.1012,0.49,1.2187,13
1580012539.146,0.61,1.1238,0.51,1.1891,14
1580012539.318,0.59,1.136,0.5,1.1926,14
1580012539.489,0.61,1.1255,0.52,1.1883,14
1580012539.659,0.62,1.1018,0.54,1.1947,14
1580012539.832,0.61,1.1254,0.55,1.189,14
1580012540.003,0.61,1.1168,0.56,1.1824,14
1580012540.175,0.59,1.1287,0.54,1.1691,14
1580012540.356,0.61,1.1259,0.54,1.1724,14
1580012540.537,0.6,1.1244,0.54,1.1762,14
1580012540.72,0.63,1.1095,0.5,1.1935,14
1580012540.9,0.64,1.1006,0.51,1.1946,14
1580012541.077,0.62,1.112,0.57,1.164,14
1580012541.249,0.62,1.1217,0.59,1.1597,14
1580012541.418,0.6,1.1342,0.55,1.1839,14
1580012541.569,0.65,1.0912,0.51,1.2044,14
1580012541.74,0.62,1.1192,0.55,1.1739,15
1580012541.911,0.59,1.136,0.54,1.1793,15
1580012542.081,0.63,1.1065,0.54,1.1899,15
1580012542.253,0.63,1.1046,0.55,1.1806,15
1580012542.424,0.61,1.1232,0.54,1.1766,15
1580012542.594,0.62,1.1171,0.55,1.1863,15
1580012542.763,0.61,1.1204,0.57,1.1804,15
1580012542.935,0.64,1.1085,0.56,1.1716,15
1580012543.108,0.64,1.1083,0.56,1.174,15
1580012543.282,0.64,1.1005,0.51,1.201,15
1580012543.452,0.65,1.0901,0.54,1.191,15
1580012543.629,0.63,1.1058,0.58,1.1546,15
1580012543.797,0.61,1.1222,0.58,1.1515,15
1580012543.968,0.61,1.1262,0.52,1.2018,15
1580012544.121,0.65,1.0892,0.53,1.2022,15
1580012544.293,0.61,1.1212,0.58,1.1598,16
1580012544.463,0.58,1.1407,0.57,1.1583,16
1580012544.635,0.64,1.0955,0.55,1.1783,16
1580012544.805,0.63,1.1046,0.57,1.1728,16
1580012544.972,0.6,1.1262,0.55,1.1684,16
1580012545.146,0.61,1.1202,0.56,1.1649,16
1580012545.315,0.62,1.1146,0.56,1.1866,16
1580012545.486,0.64,1.1008,0.55,1.1795,16
1580012545.661,0.63,1.1086,0.56,1.1631,16
1580012545.833,0.62,1.11,0.53,1.1735,16
1580012546.005,0.66,1.082,0.48,1.2322,16
1580012546.175,0.62,1.1089,0.51,1.2201,16
1580012546.35,0.61,1.1247,0.55,1.1637,16
1580012546.521,0.61,1.1211,0.6,1.1434,16
1580012546.673,0.64,1.0992,0.58,1.169,16
1580012546.846,0.62,1.1083,0.57,1.176,17
1580012547.016,0.6,1.1251,0.57,1.1526,17
1580012547.187,0.66,1.0817,0.63,1.1431,17
1580012547.359,0.66,1.0912,0.6,1.1476,17
1580012547.53,0.61,1.1148,0.52,1.1787,17
1580012547.7,0.64,1.0981,0.53,1.1792,17
1580012547.869,0.6,1.1278,0.6,1.1385,17
1580012548.041,0.62,1.1096,0.57,1.1409,17
1580012548.211,0.62,1.1106,0.55,1.1671,17
1580012548.384,0.65,1.0927,0.48,1.2247,17
1580012548.555,0.65,1.0897,0.49,1.2177,17
1580012548.726,0.63,1.105,0.58,1.163,17
1580012548.895,0.64,1.107,0.62,1.1427,17
1580012549.065,0.62,1.1168,0.56,1.1512,17
1580012549.218,0.66,1.0782,0.56,1.1716,17
1580012549.392,0.62,1.1096,0.57,1.1598,18
1580012549.564,0.63,1.1127,0.61,1.14,18
1580012549.733,0.65,1.0824,0.6,1.1393,18
1580012549.902,0.66,1.0773,0.61,1.1348,18
1580012550.072,0.63,1.1018,0.6,1.1378,18
1580012550.246,0.65,1.0874,0.58,1.1494,18
1580012550.419,0.62,1.1062,0.59,1.1298,18
1580012550.59,0.65,1.0921,0.6,1.1263,18
1580012550.759,0.65,1.0906,0.56,1.145,18
1580012550.929,0.66,1.0849,0.55,1.1758,18
1580012551.1,0.67,1.0737,0.53,1.1799,18
1580012551.272,0.65,1.0922,0.61,1.1368,18
1580012551.445,0.64,1.1011,0.62,1.1275,18
1580012551.616,0.64,1.1037,0.6,1.1332,18
1580012551.769,0.66,1.0713,0.54,1.174,18
1580012551.94,0.65,1.0947,0.54,1.171,19
1580012552.111,0.63,1.113,0.6,1.1374,19
1580012552.282,0.66,1.0745,0.62,1.1226,19
1580012552.454,0.67,1.0741,0.62,1.1222,19
1580012552.624,0.63,1.1026,0.6,1.1496,19
1580012552.797,0.65,1.0877,0.56,1.1699,19
1580012552.967,0.62,1.1147,0.61,1.1323,19
1580012553.146,0.66,1.0812,0.6,1.1217,19
1580012553.32,0.64,1.0944,0.6,1.1371,19
1580012553.491,0.65,1.085,0.57,1.175,19
1580012553.661,0.67,1.0685,0.54,1.1899,19
1580012553.836,0.65,1.0943,0.59,1.1547,19
1580012554.007,0.63,1.1039,0.65,1.1211,19
1580012554.177,0.65,1.0937,0.61,1.1241,19
1580012554.329,0.66,1.0743,0.56,1.1554,19
1580012554.502,0.65,1.0901,0.55,1.1642,20
1580012554.68,0.62,1.1059,0.6,1.1416,20
1580012554.858,0.67,1.0678,0.62,1.121,20
1580012555.035,0.67,1.0678,0.61,1.1193,20
1580012555.211,0.62,1.1088,0.61,1.1283,20
1580012555.384,0.66,1.0828,0.56,1.1712,20
1580012555.556,0.61,1.1201,0.58,1.1445,20
1580012555.734,0.65,1.0796,0.62,1.1127,20
1580012555.906,0.65,1.091,0.6,1.1216,20
1580012556.082,0.64,1.0904,0.54,1.1822,20
1580012556.26,0.67,1.0778,0.51,1.2109,20
1580012556.435,0.62,1.1143,0.56,1.1729,20
1580012556.606,0.63,1.107,0.6,1.1322,20
1580012556.781,0.62,1.1156,0.61,1.1229,20
1580012556.937,0.65,1.0869,0.55,1.1424,20
1580012557.108,0.66,1.0849,0.55,1.1826,21
1580012557.29,0.61,1.129,0.53,1.1798,21
1580012557.461,0.64,1.099,0.54,1.1558,21
1580012557.643,0.66,1.0746,0.54,1.1812,21
1580012557.819,0.57,1.1602,0.58,1.1575,21
1580012557.99,0.6,1.1237,0.53,1.1754,21
1580012558.167,0.6,1.1234,0.54,1.1864,21
1580012558.343,0.61,1.1243,0.54,1.183,21
1580012558.514,0.58,1.1511,0.54,1.1823,21
1580012558.693,0.62,1.1157,0.56,1.1634,21
1580012558.869,0.67,1.0706,0.58,1.1482,21
1580012559.045,0.63,1.0988,0.59,1.1518,21
1580012559.221,0.61,1.1244,0.56,1.1575,21
1580012559.394,0.62,1.1149,0.56,1.1598,21
1580012559.548,0.67,1.0769,0.56,1.1579,21
1580012559.718,0.64,1.09,0.54,1.1568,22
1580012559.89,0.62,1.1099,0.59,1.1517,22
1580012560.061,0.62,1.1135,0.6,1.1213,22
1580012560.235,0.66,1.0768,0.59,1.1301,22
1580012560.407,0.63,1.1033,0.57,1.1577,22
1580012560.578,0.62,1.1085,0.55,1.1673,22
1580012560.748,0.6,1.1264,0.57,1.1573,22
1580012560.928,0.64,1.0932,0.57,1.1408,22
1580012561.097,0.66,1.0838,0.61,1.1244,22
1580012561.271,0.65,1.0898,0.6,1.1237,22
1580012561.442,0.65,1.0987,0.6,1.1358,22
1580012561.624,0.65,1.0908,0.56,1.1574,22
1580012561.795,0.64,1.0973,0.56,1.1679,22
1580012561.967,0.63,1.1079,0.59,1.1542,22
1580012562.122,0.66,1.0822,0.59,1.143,22
1580012562.301,0.63,1.0982,0.59,1.1365,23
1580012562.474,0.62,1.1131,0.61,1.1321,23
1580012562.647,0.66,1.0743,0.6,1.1422,23
1580012562.819,0.65,1.0899,0.6,1.1307,23
1580012562.99,0.64,1.0984,0.6,1.1193,23
1580012563.165,0.65,1.0841,0.6,1.1373,23
1580012563.346,0.64,1.098,0.57,1.1586,23
1580012563.517,0.66,1.0807,0.57,1.1506,23
1580012563.689,0.66,1.0859,0.61,1.1328,23
1580012563.864,0.68,1.067,0.62,1.1284,23
1580012564.036,0.67,1.0693,0.58,1.1483,23
1580012564.208,0.65,1.0915,0.56,1.1601,23
1580012564.382,0.64,1.1036,0.63,1.1314,23
1580012564.553,0.65,1.0851,0.61,1.1245,23
1580012564.707,0.65,1.0844,0.62,1.1324,23
1580012564.881,0.63,1.1023,0.6,1.1398,24
1580012565.052,0.63,1.1093,0.56,1.1615,24
1580012565.228,0.67,1.0691,0.59,1.1492,24
1580012565.404,0.66,1.0712,0.61,1.1182,24
1580012565.577,0.63,1.1042,0.6,1.117,24
1580012565.748,0.66,1.0793,0.59,1.1418,24
1580012565.919,0.65,1.0859,0.56,1.1655,24
1580012566.094,0.66,1.0746,0.57,1.1568,24
1580012566.283,0.66,1.0846,0.63,1.1172,24
1580012566.464,0.68,1.0634,0.62,1.122,24
1580012566.636,0.67,1.0701,0.58,1.1501,24
1580012566.808,0.67,1.0771,0.54,1.1782,24
1580012566.979,0.63,1.1102,0.56,1.1623,24
1580012567.151,0.65,1.0843,0.62,1.1153,24
1580012567.307,0.68,1.0619,0.63,1.1109,24
1580012567.485,0.63,1.0964,0.62,1.1166,25
1580012567.661,0.63,1.1082,0.61,1.1259,25
1580012567.837,0.66,1.0745,0.57,1.1533,25
1580012568.009,0.67,1.0707,0.61,1.1372,25
1580012568.181,0.62,1.107,0.57,1.1408,25
1580012568.353,0.65,1.0864,0.59,1.1293,25
1580012568.537,0.63,1.0966,0.65,1.1102,25
1580012568.718,0.68,1.063,0.6,1.1302,25
1580012568.889,0.67,1.0752,0.6,1.1247,25
1580012569.061,0.67,1.0672,0.62,1.1093,25
1580012569.233,0.68,1.0643,0.62,1.1213,25
1580012569.406,0.68,1.0671,0.61,1.1366,25
1580012569.579,0.65,1.0928,0.58,1.1499,25
1580012569.752,0.64,1.0907,0.57,1.1422,25
1580012569.903,0.68,1.0612,0.62,1.1223,25
1580012570.077,0.66,1.0771,0.62,1.1225,26
1580012570.25,0.64,1.096,0.56,1.1378,26
1580012570.421,0.66,1.0808,0.58,1.132,26
1580012570.595,0.68,1.0602,0.61,1.1202,26
1580012570.77,0.66,1.082,0.6,1.122,26
1580012570.942,0.67,1.0684,0.6,1.1276,26
1580012571.116,0.65,1.087,0.59,1.1259,26
1580012571.289,0.67,1.065,0.6,1.1183,26
1580012571.461,0.69,1.0585,0.63,1.108,26
1580012571.633,0.7,1.0486,0.63,1.1165,26
1580012571.809,0.68,1.0622,0.59,1.1405,26
1580012571.982,0.65,1.0752,0.61,1.1307,26
1580012572.155,0.67,1.0794,0.6,1.1279,26
1580012572.327,0.67,1.0746,0.6,1.1289,26
1580012572.482,0.69,1.0579,0.57,1.1389,26
1580012572.656,0.66,1.0771,0.59,1.1365,27
1580012572.835,0.64,1.0957,0.59,1.138,27
1580012573.01,0.68,1.0596,0.6,1.1223,27
1580012573.182,0.69,1.057,0.6,1.1077,27
1580012573.356,0.66,1.083,0.63,1.1198,27
1580012573.53,0.67,1.0653,0.6,1.1373,27
1580012573.704,0.66,1.079,0.6,1.1352,27
1580012573.876,0.69,1.0551,0.61,1.1217,27
1580012574.048,0.69,1.0544,0.63,1.1038,27
1580012574.218,0.68,1.0574,0.61,1.1259,27
1580012574.391,0.7,1.0463,0.55,1.1626,27
1580012574.563,0.67,1.0693,0.6,1.1418,27
1580012574.739,0.67,1.076,0.63,1.1171,27
1580012574.913,0.67,1.0701,0.62,1.1156,27
1580012575.067,0.69,1.0508,0.61,1.1288,27
1580012575.243,0.67,1.0645,0.6,1.1381,28
1580012575.415,0.64,1.0895,0.59,1.1372,28
1580012575.587,0.69,1.0565,0.62,1.1079,28
1580012575.76,0.7,1.0481,0.65,1.0966,28
1580012575.935,0.66,1.0812,0.65,1.1168,28
1580012576.109,0.67,1.0646,0.6,1.1351,28
1580012576.281,0.66,1.0746,0.61,1.1216,28
1580012576.453,0.69,1.0541,0.61,1.1142,28
1580012576.626,0.69,1.0557,0.58,1.1156,28
1580012576.798,0.7,1.049,0.61,1.1322,28
1580012576.97,0.71,1.0403,0.57,1.162,28
1580012577.143,0.68,1.0641,0.58,1.155,28
1580012577.316,0.67,1.0742,0.6,1.1388,28
1580012577.487,0.68,1.0645,0.6,1.1319,28
1580012577.641,0.69,1.0484,0.6,1.1335,28
1580012577.814,0.68,1.0596,0.59,1.1393,29
1580012577.984,0.66,1.0821,0.58,1.1466,29
1580012578.159,0.69,1.0555,0.59,1.1254,29
1580012578.332,0.69,1.0449,0.63,1.105,29
1580012578.504,0.65,1.0805,0.63,1.1025,29
1580012578.676,0.68,1.0621,0.6,1.1291,29
1580012578.85,0.68,1.0664,0.56,1.1447,29
1580012579.023,0.69,1.0583,0.63,1.1121,29
1580012579.199,0.7,1.0512,0.62,1.11,29
1580012579.371,0.68,1.0694,0.6,1.1237,29
1580012579.544,0.71,1.0373,0.54,1.1831,29
1580012579.717,0.66,1.0787,0.55,1.1719,29
1580012579.887,0.65,1.0837,0.63,1.1246,29
1580012580.059,0.67,1.069,0.57,1.1215,29
1580012580.214,0.68,1.0511,0.61,1.1265,29
1580012580.388,0.68,1.0624,0.59,1.141,30
1580012580.559,0.64,1.0926,0.6,1.1481,30
1580012580.73,0.68,1.0609,0.6,1.1323,30
1580012580.903,0.7,1.0397,0.63,1.1092,30
1580012581.078,0.66,1.0775,0.64,1.1031,30
1580012581.253,0.68,1.0659,0.59,1.1278,30
1580012581.427,0.68,1.0629,0.57,1.1609,30
1580012581.601,0.68,1.0635,0.6,1.1341,30
1580012581.781,0.68,1.0593,0.6,1.1101,30
1580012581.954,0.67,1.0755,0.62,1.0986,30
1580012582.13,0.68,1.0589,0.56,1.1664,30
1580012582.306,0.67,1.0703,0.57,1.1761,30
1580012582.48,0.64,1.0963,0.59,1.1457,30
1580012582.653,0.67,1.0688,0.63,1.1084,30
1580012582.813,0.69,1.0486,0.6,1.1154,30
1580012582.989,0.66,1.0748,0.59,1.1287,31
1580012583.167,0.65,1.0878,0.58,1.1527,31
1580012583.341,0.66,1.0783,0.6,1.1441,31
1580012583.514,0.67,1.061,0.6,1.1348,31
1580012583.687,0.67,1.0673,0.59,1.1327,31
1580012583.863,0.67,1.0728,0.6,1.1271,31
1580012584.036,0.61,1.1181,0.57,1.1411,31
1580012584.211,0.67,1.0746,0.56,1.164,31
1580012584.383,0.66,1.0824,0.58,1.1582,31
1580012584.557,0.65,1.074,0.63,1.1071,31
1580012584.732,0.69,1.0509,0.6,1.1255,31
1580012584.908,0.64,1.0933,0.56,1.1379,31
1580012585.082,0.67,1.0821,0.55,1.1825,31
1580012585.256,0.66,1.076,0.54,1.1906,31
1580012585.41,0.67,1.0667,0.56,1.1744,31
1580012585.588,0.65,1.0779,0.57,1.1468,32
1580012585.767,0.65,1.0858,0.61,1.1265,32
1580012585.941,0.64,1.0923,0.58,1.1278,32
1580012586.114,0.65,1.0797,0.62,1.1229,32
1580012586.287,0.65,1.088,0.6,1.1436,32
1580012586.46,0.67,1.0643,0.57,1.1662,32
1580012586.652,0.66,1.0794,0.58,1.1487,32
1580012586.825,0.69,1.0542,0.62,1.118,32
1580012586.998,0.69,1.0576,0.64,1.0987,32
1580012587.172,0.69,1.0523,0.62,1.1047,32
1580012587.349,0.69,1.0566,0.61,1.1298,32
1580012587.524,0.66,1.0722,0.57,1.1514,32
1580012587.7,0.66,1.085,0.58,1.1435,32
1580012587.876,0.67,1.0656,0.59,1.1327,32
1580012588.031,0.69,1.0522,0.62,1.1331,32
1580012588.205,0.66,1.0736,0.6,1.1396,33
1580012588.381,0.65,1.0952,0.59,1.1429,33
1580012588.555,0.67,1.0687,0.57,1.1367,33
1580012588.738,0.69,1.0442,0.6,1.1275,33
1580012588.913,0.67,1.0713,0.62,1.1303,33
1580012589.087,0.66,1.0678,0.59,1.1417,33
1580012589.268,0.66,1.0794,0.57,1.1543,33
1580012589.454,0.69,1.0526,0.56,1.1558,33
1580012589.628,0.69,1.052,0.6,1.1323,33
1580012589.803,0.7,1.0385,0.63,1.1039,33
1580012589.984,0.67,1.0579,0.64,1.0977,33
1580012590.157,0.68,1.0583,0.64,1.1104,33
1580012590.332,0.67,1.0728,0.58,1.1504,33
1580012590.505,0.67,1.0712,0.55,1.164,33
1580012590.66,0.68,1.0543,0.57,1.1512,33
1580012590.84,0.67,1.0731,0.59,1.129,34
1580012591.025,0.64,1.0981,0.63,1.1094,34
1580012591.198,0.68,1.0501,0.62,1.1125,34
1580012591.371,0.71,1.0318,0.62,1.1223,34
1580012591.546,0.67,1.0732,0.62,1.1145,34
1580012591.72,0.67,1.0617,0.62,1.1112,34
1580012591.898,0.67,1.0636,0.58,1.1312,34
1580012592.07,0.69,1.046,0.58,1.15,34
1580012592.244,0.69,1.0527,0.58,1.1501,34
1580012592.416,0.69,1.0473,0.6,1.1253,34
1580012592.59,0.72,1.0323,0.63,1.1027,34
1580012592.763,0.69,1.0497,0.62,1.0999,34
1580012592.939,0.67,1.0717,0.61,1.1216,34
1580012593.112,0.69,1.0562,0.59,1.1386,34
1580012593.267,0.71,1.0331,0.58,1.1377,34
1580012593.444,0.69,1.0565,0.59,1.1237,35
1580012593.618,0.65,1.0858,0.64,1.1091,35
1580012593.792,0.69,1.0408,0.66,1.0994,35
1580012593.964,0.71,1.0264,0.63,1.0992,35
1580012594.137,0.67,1.0658,0.63,1.1039,35
1580012594.311,0.69,1.0534,0.6,1.1159,35
1580012594.484,0.69,1.0541,0.61,1.1289,35
1580012594.656,0.7,1.04,0.57,1.1471,35
1580012594.831,0.7,1.0466,0.6,1.1379,35
1580012595.005,0.7,1.0425,0.6,1.1275,35
1580012595.178,0.71,1.0318,0.62,1.113,35
1580012595.364,0.7,1.0469,0.63,1.106,35
1580012595.549,0.69,1.0577,0.6,1.1375,35
1580012595.737,0.7,1.0506,0.57,1.1493,35
1580012595.903,0.72,1.0262,0.59,1.1381,35
1580012596.094,0.69,1.0542,0.62,1.1161,36
1580012596.267,0.66,1.0757,0.66,1.1095,36
1580012596.44,0.7,1.0379,0.66,1.1085,36
1580012596.614,0.71,1.0307,0.64,1.1038,36
1580012596.799,0.68,1.0625,0.64,1.1008,36
1580012596.972,0.7,1.0408,0.61,1.1187,36
1580012597.147,0.7,1.0475,0.57,1.1385,36
1580012597.321,0.69,1.0482,0.57,1.1501,36
1580012597.494,0.7,1.0469,0.6,1.1316,36
1580012597.671,0.7,1.0374,0.59,1.1258,36
1580012597.845,0.71,1.032,0.61,1.1229,36
1580012598.018,0.68,1.0578,0.64,1.1073,36
1580012598.191,0.69,1.0542,0.58,1.1414,36
1580012598.364,0.69,1.0485,0.57,1.1597,36
1580012598.52,0.71,1.0314,0.58,1.1494,36
1580012598.694,0.68,1.0569,0.62,1.1229,37
1580012598.868,0.66,1.0754,0.62,1.1184,37
1580012599.044,0.7,1.0399,0.61,1.1247,37
1580012599.217,0.71,1.0337,0.61,1.1277,37
1580012599.39,0.66,1.0694,0.61,1.1163,37
1580012599.564,0.69,1.0379,0.64,1.1183,37
1580012599.738,0.71,1.0438,0.6,1.1385,37
1580012599.911,0.69,1.0498,0.58,1.1576,37
1580012600.089,0.69,1.0544,0.6,1.144,37
1580012600.271,0.7,1.0311,0.6,1.1168,37
1580012600.457,0.72,1.0272,0.6,1.1266,37
1580012600.644,0.69,1.0585,0.6,1.1346,37
1580012600.826,0.68,1.0616,0.58,1.1594,37
1580012601.01,0.68,1.0554,0.55,1.1692,37
1580012601.167,0.71,1.0272,0.55,1.1626,37
1580012601.342,0.69,1.0553,0.59,1.1423,38
1580012601.516,0.64,1.0905,0.58,1.1321,38
1580012601.688,0.66,1.0725,0.65,1.1063,38
1580012601.861,0.7,1.0352,0.62,1.1128,38
1580012602.038,0.69,1.0589,0.61,1.1332,38
1580012602.218,0.67,1.0615,0.6,1.1384,38
1580012602.392,0.67,1.0728,0.61,1.1316,38
1580012602.565,0.7,1.0443,0.6,1.1329,38
1580012602.74,0.7,1.0361,0.6,1.1409,38
1580012602.914,0.72,1.0262,0.59,1.1379,38
1580012603.086,0.69,1.0478,0.6,1.1315,38
1580012603.268,0.69,1.0496,0.62,1.1177,38
1580012603.443,0.69,1.052,0.59,1.129,38
1580012603.619,0.69,1.0589,0.58,1.1503,38
1580012603.772,0.69,1.0432,0.57,1.1691,38
1580012603.949,0.67,1.0653,0.55,1.1743,39
1580012604.122,0.65,1.0848,0.58,1.1517,39
1580012604.302,0.69,1.0491,0.64,1.1027,39
1580012604.475,0.71,1.0289,0.61,1.1094,39
1580012604.65,0.66,1.0718,0.63,1.0973,39
1580012604.824,0.68,1.0468,0.6,1.1297,39
1580012604.997,0.69,1.0456,0.56,1.1626,39
1580012605.172,0.69,1.0479,0.6,1.1386,39
1580012605.35,0.71,1.0326,0.63,1.1146,39
1580012605.527,0.71,1.0334,0.64,1.1077,39
1580012605.7,0.72,1.0255,0.66,1.1005,39
1580012605.872,0.71,1.039,0.65,1.11,39
1580012606.047,0.69,1.0563,0.62,1.1246,39
1580012606.222,0.7,1.0419,0.58,1.1365,39
1580012606.378,0.72,1.0219,0.58,1.1407,39
1580012606.552,0.7,1.0438,0.62,1.1286,40
1580012606.727,0.67,1.0673,0.63,1.1149,40
1580012606.905,0.7,1.0326,0.67,1.0955,40
1580012607.079,0.73,1.019,0.66,1.0918,40
1580012607.253,0.68,1.0582,0.66,1.0937,40
1580012607.427,0.71,1.0342,0.64,1.1019,40
1580012607.601,0.7,1.038,0.62,1.1139,40
1580012607.777,0.72,1.0277,0.58,1.1463,40
1580012607.95,0.72,1.0308,0.61,1.1384,40
1580012608.123,0.73,1.0166,0.64,1.1141,40
1580012608.298,0.72,1.0197,0.65,1.1038,40
1580012608.471,0.71,1.0347,0.63,1.1072,40
1580012608.645,0.69,1.0511,0.6,1.1306,40
1580012608.82,0.69,1.0425,0.58,1.1514,40
1580012608.976,0.72,1.0206,0.55,1.165,40
1580012609.15,0.7,1.0445,0.59,1.155,41
1580012609.325,0.67,1.0732,0.6,1.1282,41
1580012609.498,0.7,1.04,0.64,1.1022,41
1580012609.673,0.73,1.0141,0.66,1.1,41
1580012609.848,0.69,1.051,0.62,1.1113,41
1580012610.02,0.7,1.0368,0.64,1.1113,41
1580012610.193,0.7,1.0379,0.63,1.1116,41
1580012610.372,0.72,1.0251,0.59,1.1443,41
1580012610.546,0.71,1.0316,0.6,1.1427,41
1580012610.719,0.73,1.0149,0.62,1.1168,41
1580012610.892,0.73,1.0178,0.63,1.1065,41
1580012611.066,0.72,1.0321,0.62,1.1136,41
1580012611.24,0.7,1.0479,0.59,1.145,41
1580012611.421,0.7,1.0453,0.56,1.1689,41
1580012611.574,0.72,1.0254,0.56,1.1687,41
1580012611.749,0.7,1.0444,0.56,1.1616,42
1580012611.923,0.67,1.0691,0.57,1.1451,42
1580012612.095,0.69,1.047,0.6,1.1199,42
1580012612.268,0.71,1.0254,0.64,1.1022,42
1580012612.449,0.7,1.041,0.63,1.1101,42
1580012612.621,0.71,1.0326,0.62,1.1178,42
1580012612.794,0.68,1.0546,0.61,1.1167,42
1580012612.967,0.72,1.0307,0.6,1.1352,42
1580012613.139,0.73,1.0225,0.59,1.1561,42
1580012613.313,0.73,1.0192,0.57,1.1507,42
1580012613.491,0.7,1.0409,0.63,1.1272,42
1580012613.667,0.7,1.0371,0.62,1.1155,42
1580012613.841,0.7,1.0456,0.59,1.1372,42
1580012614.015,0.68,1.054,0.6,1.1523,42
1580012614.17,0.71,1.0365,0.6,1.159,42
1580012614.346,0.68,1.0524,0.58,1.158,43
1580012614.521,0.67,1.0631,0.57,1.1547,43
1580012614.702,0.7,1.0352,0.58,1.1408,43
1580012614.879,0.7,1.0448,0.58,1.1294,43
1580012615.055,0.68,1.0632,0.65,1.1057,43
1580012615.227,0.71,1.032,0.61,1.1155,43
1580012615.402,0.71,1.0329,0.6,1.135,43
1580012615.576,0.71,1.0374,0.6,1.1427,43
1580012615.755,0.7,1.0426,0.58,1.1487,43
1580012615.933,0.71,1.032,0.59,1.1528,43
1580012616.107,0.73,1.0151,0.59,1.1409,43
1580012616.285,0.69,1.052,0.6,1.1287,43
1580012616.46,0.66,1.073,0.62,1.1283,43
1580012616.633,0.69,1.0464,0.6,1.1432,43
1580012616.789,0.71,1.0231,0.57,1.1504,43
1580012616.969,0.71,1.0384,0.59,1.1499,44
1580012617.148,0.67,1.0705,0.61,1.1435,44
1580012617.326,0.7,1.0403,0.62,1.1301,44
1580012617.502,0.71,1.0311,0.63,1.1186,44
1580012617.68,0.69,1.0504,0.62,1.1103,44
1580012617.858,0.69,1.0436,0.61,1.1113,44
1580012618.039,0.69,1.0461,0.62,1.1271,44
1580012618.212,0.71,1.033,0.6,1.1403,44
1580012618.388,0.71,1.0331,0.62,1.1405,44
1580012618.568,0.71,1.0304,0.59,1.1465,44
1580012618.754,0.71,1.0327,0.6,1.1275,44
1580012618.931,0.71,1.0356,0.62,1.1211,44
1580012619.108,0.7,1.0431,0.59,1.1267,44
1580012619.285,0.7,1.0436,0.61,1.1228,44
1580012619.44,0.73,1.0112,0.6,1.1324,44
1580012619.621,0.7,1.0384,0.58,1.1513,45
1580012619.795,0.69,1.0564,0.57,1.1558,45
1580012619.969,0.7,1.0363,0.59,1.1427,45
1580012620.148,0.72,1.0221,0.59,1.1359,45
1580012620.323,0.69,1.045,0.62,1.1138,45
1580012620.504,0.71,1.031,0.61,1.1158,45
1580012620.68,0.69,1.0491,0.61,1.1239,45
1580012620.86,0.72,1.0297,0.62,1.1389,45
1580012621.041,0.73,1.0194,0.57,1.1514,45
1580012621.22,0.73,1.023,0.6,1.1453,45
1580012621.398,0.72,1.0265,0.63,1.1162,45
1580012621.584,0.73,1.0206,0.64,1.1041,45
1580012621.761,0.69,1.0497,0.63,1.1096,45
1580012621.935,0.69,1.051,0.61,1.1291,45
1580012622.09,0.73,1.0134,0.58,1.1492,45
1580012622.271,0.72,1.0283,0.59,1.1541,46
1580012622.45,0.69,1.0499,0.56,1.1616,46
1580012622.625,0.7,1.036,0.56,1.1545,46
1580012622.799,0.72,1.0192,0.61,1.1349,46
1580012622.973,0.71,1.0296,0.6,1.1274,46
1580012623.147,0.72,1.0265,0.63,1.1202,46
1580012623.326,0.7,1.0426,0.62,1.1223,46
1580012623.501,0.7,1.0356,0.6,1.1349,46
1580012623.681,0.72,1.0173,0.6,1.155,46
1580012623.857,0.73,1.0141,0.59,1.1638,46
1580012624.035,0.7,1.0336,0.59,1.15,46
1580012624.209,0.7,1.0355,0.62,1.1292,46
1580012624.387,0.69,1.0527,0.62,1.1191,46
1580012624.562,0.7,1.0399,0.59,1.1451,46
1580012624.721,0.69,1.0442,0.62,1.1207,46
1580012624.896,0.69,1.0471,0.63,1.1177,47
1580012625.072,0.69,1.0538,0.61,1.1394,47
1580012625.246,0.71,1.0272,0.58,1.1575,47
1580012625.425,0.71,1.0304,0.57,1.1707,47
1580012625.599,0.69,1.0499,0.55,1.1597,47
1580012625.774,0.69,1.0471,0.62,1.1279,47
1580012625.948,0.71,1.0331,0.63,1.1123,47
1580012626.125,0.71,1.0306,0.61,1.1299,47
1580012626.303,0.71,1.037,0.6,1.1477,47
1580012626.485,0.68,1.0535,0.59,1.1482,47
1580012626.66,0.72,1.023,0.58,1.1491,47
1580012626.834,0.72,1.024,0.61,1.1418,47
1580012627.009,0.68,1.0587,0.62,1.1438,47
1580012627.184,0.67,1.0648,0.58,1.1789,47
1580012627.341,0.69,1.0466,0.56,1.1827,47
1580012627.518,0.68,1.0564,0.6,1.1385,48
1580012627.695,0.69,1.0519,0.62,1.1115,48
1580012627.871,0.72,1.0237,0.61,1.1186,48
1580012628.045,0.71,1.0291,0.61,1.1232,48
1580012628.219,0.68,1.0489,0.61,1.1345,48
1580012628.396,0.7,1.0336,0.59,1.144,48
1580012628.578,0.72,1.0238,0.59,1.1383,48
1580012628.755,0.71,1.0313,0.6,1.1437,48
1580012628.934,0.71,1.0339,0.6,1.1432,48
1580012629.117,0.74,1.0125,0.58,1.1544,48
1580012629.3,0.73,1.0097,0.59,1.1604,48
1580012629.476,0.72,1.0249,0.59,1.1557,48
1580012629.654,0.68,1.0533,0.59,1.1535,48
1580012629.835,0.7,1.0414,0.58,1.1516,48
1580012629.991,0.73,1.013,0.61,1.1338,48
1580012630.17,0.7,1.045,0.59,1.1301,49
1580012630.348,0.68,1.0606,0.62,1.118,49
1580012630.524,0.71,1.0284,0.59,1.1369,49
1580012630.702,0.72,1.0211,0.59,1.1397,49
1580012630.879,0.7,1.0408,0.61,1.1363,49
1580012631.057,0.71,1.0324,0.59,1.1407,49
1580012631.233,0.71,1.0287,0.62,1.1335,49
1580012631.409,0.73,1.0157,0.63,1.1172,49
1580012631.585,0.71,1.0334,0.64,1.1184,49
1580012631.764,0.7,1.0349,0.59,1.1296,49
1580012631.939,0.72,1.0212,0.61,1.1368,49
1580012632.115,0.72,1.0233,0.58,1.1598,49
1580012632.293,0.69,1.0507,0.57,1.1733,49
1580012632.469,0.68,1.0543,0.58,1.16,49
1580012632.626,0.73,1.0162,0.6,1.137,49
1580012632.807,0.73,1.0194,0.6,1.1341,50
1580012632.984,0.69,1.045,0.62,1.1166,50
1580012633.164,0.69,1.0418,0.63,1.1085,50
1580012633.34,0.73,1.0164,0.62,1.1216,50
1580012633.517,0.71,1.0341,0.59,1.136,50
1580012633.694,0.71,1.0194,0.59,1.153,50
1580012633.876,0.7,1.0383,0.58,1.1672,50
1580012634.054,0.71,1.0297,0.58,1.1528,50
1580012634.232,0.72,1.0227,0.61,1.1237,50
1580012634.408,0.73,1.0057,0.61,1.1233,50
1580012634.587,0.72,1.0236,0.6,1.1273,50
1580012634.767,0.73,1.014,0.59,1.1417,50
1580012634.95,0.71,1.0357,0.57,1.1607,50
1580012635.128,0.71,1.0321,0.57,1.1643,50
1580012635.286,0.74,1.0107,0.57,1.1594,50
1580012635.463,0.71,1.0303,0.59,1.1415,51
1580012635.639,0.7,1.0381,0.6,1.1201,51
1580012635.82,0.72,1.0196,0.64,1.1059,51
1580012636.0,0.73,1.0189,0.62,1.1106,51
1580012636.176,0.7,1.0347,0.65,1.1095,51
1580012636.358,0.73,1.0147,0.61,1.1293,51
1580012636.533,0.72,1.02,0.59,1.1586,51
1580012636.711,0.72,1.0223,0.57,1.1612,51
1580012636.887,0.71,1.0336,0.61,1.1282,51
1580012637.066,0.74,1.0062,0.63,1.1243,51
1580012637.243,0.73,1.0083,0.6,1.1315,51
1580012637.432,0.72,1.0228,0.62,1.1289,51
1580012637.608,0.7,1.0394,0.58,1.1555,51
1580012637.785,0.71,1.0296,0.57,1.1683,51
1580012637.943,0.73,1.0115,0.58,1.1596,51
1580012638.126,0.71,1.0303,0.61,1.1261,52
1580012638.302,0.69,1.0481,0.63,1.1222,52
1580012638.479,0.73,1.0158,0.6,1.1209,52
1580012638.656,0.75,0.9945,0.57,1.1379,52
1580012638.834,0.71,1.0344,0.58,1.1454,52
1580012639.017,0.71,1.0294,0.62,1.1261,52
1580012639.196,0.72,1.0243,0.62,1.1242,52
1580012639.378,0.73,1.0149,0.6,1.1507,52
1580012639.556,0.72,1.0195,0.57,1.1659,52
1580012639.732,0.7,1.0361,0.62,1.1363,52
1580012639.91,0.74,1.0023,0.58,1.1432,52
1580012640.084,0.72,1.0266,0.6,1.1371,52
1580012640.263,0.69,1.0463,0.6,1.1383,52
1580012640.439,0.71,1.0273,0.55,1.17,52
1580012640.596,0.74,1.0079,0.55,1.1762,52
1580012640.774,0.69,1.0499,0.58,1.1541,53
1580012640.954,0.69,1.0492,0.63,1.1196,53
1580012641.129,0.73,1.0082,0.6,1.1396,53
1580012641.31,0.72,1.0256,0.61,1.1357,53
1580012641.49,0.69,1.0448,0.61,1.1321,53
1580012641.665,0.73,1.0129,0.6,1.1553,53
1580012641.84,0.71,1.0283,0.6,1.1505,53
1580012642.017,0.72,1.0214,0.6,1.1373,53
1580012642.192,0.72,1.0151,0.6,1.1259,53
1580012642.376,0.74,1.0041,0.6,1.1367,53
1580012642.551,0.75,0.9962,0.59,1.1425,53
1580012642.727,0.73,1.0125,0.62,1.14,53
1580012642.903,0.7,1.0366,0.6,1.1422,53
1580012643.084,0.71,1.0292,0.59,1.1508,53
1580012643.241,0.75,0.9941,0.57,1.1571,53
1580012643.419,0.72,1.0221,0.59,1.1527,54
1580012643.596,0.69,1.0513,0.6,1.1287,54
1580012643.772,0.72,1.0172,0.64,1.0993,54
1580012643.947,0.75,0.9922,0.61,1.1228,54
1580012644.127,0.71,1.0361,0.62,1.1209,54
1580012644.304,0.73,1.0128,0.56,1.1582,54
1580012644.481,0.71,1.0272,0.59,1.1553,54
1580012644.659,0.72,1.0219,0.57,1.1445,54
1580012644.838,0.72,1.0193,0.62,1.1125,54
1580012645.015,0.74,1.0122,0.61,1.123,54
1580012645.19,0.75,0.9998,0.59,1.1362,54
1580012645.366,0.72,1.0197,0.59,1.1509,54
1580012645.545,0.69,1.0477,0.56,1.174,54
1580012645.723,0.69,1.0502,0.58,1.1665,54
1580012645.88,0.74,1.004,0.56,1.178,54
1580012646.059,0.71,1.0278,0.59,1.1619,55
1580012646.234,0.68,1.06,0.6,1.1445,55
1580012646.411,0.72,1.0259,0.62,1.11,55
1580012646.59,0.74,1.0006,0.57,1.1417,55
1580012646.766,0.7,1.0424,0.61,1.1385,55
1580012646.943,0.72,1.0201,0.56,1.1809,55
1580012647.118,0.7,1.0355,0.54,1.1895,55
1580012647.295,0.71,1.0333,0.56,1.1803,55
1580012647.474,0.71,1.0289,0.62,1.1188,55
1580012647.657,0.73,1.0152,0.63,1.1194,55
1580012647.834,0.73,1.0166,0.6,1.1347,55
1580012648.011,0.72,1.0242,0.58,1.1435,55
1580012648.193,0.68,1.0567,0.58,1.158,55
1580012648.371,0.69,1.0488,0.56,1.1778,55
1580012648.529,0.72,1.0222,0.56,1.1891,55
1580012648.715,0.68,1.0605,0.55,1.1892,56
1580012648.892,0.66,1.0803,0.56,1.1824,56
1580012649.069,0.66,1.0813,0.56,1.1593,56
1580012649.255,0.7,1.0386,0.6,1.135,56
1580012649.443,0.69,1.0486,0.54,1.158,56
1580012649.62,0.65,1.0813,0.54,1.1763,56
1580012649.797,0.63,1.103,0.58,1.1525,56
1580012649.975,0.69,1.0484,0.56,1.1693,56
1580012650.151,0.72,1.025,0.54,1.1872,56
1580012650.327,0.69,1.049,0.54,1.1977,56
1580012650.505,0.69,1.0531,0.54,1.1903,56
1580012650.683,0.66,1.076,0.55,1.1737,56
1580012650.862,0.69,1.0501,0.58,1.1502,56
1580012651.045,0.7,1.0429,0.59,1.1432,56
1580012651.203,0.68,1.0488,0.59,1.1399,56
1580012651.396,0.68,1.0558,0.6,1.1375,57
1580012651.582,0.69,1.0483,0.6,1.1459,57
1580012651.763,0.73,1.0124,0.6,1.1475,57
1580012651.944,0.72,1.02,0.59,1.1431,57
1580012652.12,0.69,1.0501,0.6,1.1371,57
1580012652.301,0.71,1.0242,0.58,1.125,57
1580012652.479,0.72,1.023,0.62,1.121,57
1580012652.655,0.7,1.0358,0.6,1.1256,57
1580012652.834,0.72,1.0177,0.58,1.1516,57
1580012653.011,0.75,0.9991,0.56,1.1692,57
1580012653.19,0.73,1.014,0.57,1.1592,57
1580012653.367,0.72,1.0239,0.6,1.1421,57
1580012653.545,0.72,1.0268,0.62,1.1204,57
1580012653.721,0.72,1.0244,0.62,1.1221,57
1580012653.88,0.74,1.0053,0.57,1.1544,57
1580012654.058,0.73,1.0133,0.57,1.1792,58
1580012654.236,0.7,1.0383,0.53,1.1922,58
1580012654.416,0.71,1.0337,0.56,1.1761,58
1580012654.592,0.73,1.0112,0.61,1.1379,58
1580012654.768,0.72,1.0206,0.63,1.1072,58
1580012654.945,0.73,1.0152,0.61,1.1219,58
1580012655.123,0.69,1.0533,0.61,1.1193,58
1580012655.303,0.71,1.0344,0.63,1.1176,58
1580012655.495,0.73,1.006,0.58,1.1597,58
1580012655.685,0.76,0.9965,0.58,1.175,58
1580012655.875,0.72,1.0188,0.58,1.1769,58
1580012656.064,0.7,1.0341,0.6,1.1565,58
1580012656.242,0.71,1.0305,0.61,1.1284,58
1580012656.424,0.72,1.0202,0.63,1.1286,58
1580012656.583,0.74,1.0099,0.62,1.1337,58
1580012656.761,0.72,1.0211,0.61,1.1499,59
1580012656.938,0.71,1.029,0.53,1.1887,59
1580012657.116,0.73,1.0114,0.52,1.2022,59
1580012657.297,0.73,1.011,0.53,1.1917,59
1580012657.48,0.71,1.0359,0.56,1.1627,59
1580012657.661,0.72,1.0186,0.61,1.1223,59
1580012657.843,0.72,1.0196,0.6,1.1181,59
1580012658.021,0.71,1.0344,0.62,1.1176,59
1580012658.204,0.73,1.0163,0.61,1.1446,59
1580012658.393,0.75,0.9953,0.56,1.1862,59
1580012658.573,0.73,1.009,0.54,1.1971,59
1580012658.752,0.7,1.0377,0.54,1.1987,59
1580012658.931,0.68,1.0587,0.52,1.198,59
1580012659.109,0.72,1.0301,0.58,1.16,59
1580012659.27,0.75,0.9933,0.6,1.1477,59
1580012659.455,0.73,1.0164,0.59,1.1427,60
1580012659.633,0.69,1.0439,0.61,1.134,60
1580012659.812,0.73,1.0129,0.6,1.1386,60
1580012659.989,0.75,0.991,0.59,1.1557,60
1580012660.171,0.73,1.0165,0.55,1.1772,60
1580012660.364,0.73,1.0135,0.57,1.1756,60
1580012660.554,0.74,1.0069,0.57,1.1564,60
1580012660.746,0.73,1.006,0.61,1.1326,60
1580012660.935,0.75,0.997,0.62,1.1209,60
1580012661.124,0.74,0.9989,0.6,1.1391,60
1580012661.308,0.75,0.9932,0.58,1.1604,60
1580012661.491,0.73,1.0059,0.56,1.178,60
1580012661.672,0.71,1.029,0.55,1.1794,60
1580012661.852,0.73,1.0137,0.61,1.1613,60
1580012662.015,0.76,0.9805,0.59,1.1488,60
1580012662.199,0.75,0.9989,0.6,1.1348,61
1580012662.381,0.73,1.0156,0.62,1.1206,61
1580012662.561,0.73,1.0063,0.62,1.1196,61
1580012662.742,0.75,0.9872,0.6,1.133,61
1580012662.92,0.74,1.0042,0.58,1.15,61
1580012663.097,0.75,0.9955,0.56,1.1577,61
1580012663.275,0.74,1.0036,0.56,1.1611,61
1580012663.453,0.73,1.0058,0.57,1.1589,61
1580012663.637,0.75,0.9975,0.6,1.143,61
1580012663.819,0.75,0.9876,0.61,1.1362,61
1580012663.998,0.76,0.9885,0.62,1.1292,61
1580012664.178,0.74,1.0021,0.62,1.1295,61
1580012664.357,0.73,1.0202,0.6,1.1406,61
1580012664.544,0.74,1.0093,0.58,1.1626,61
1580012664.707,0.77,0.9768,0.55,1.1777,61
1580012664.89,0.73,1.0091,0.56,1.177,62
1580012665.069,0.71,1.0323,0.55,1.1642,62
1580012665.247,0.72,1.0202,0.58,1.1385,62
1580012665.426,0.76,0.9862,0.58,1.1387,62
1580012665.609,0.74,1.0019,0.6,1.1501,62
1580012665.788,0.73,1.0102,0.57,1.1521,62
1580012665.97,0.72,1.0194,0.57,1.1619,62
1580012666.147,0.75,0.9971,0.54,1.1892,62
1580012666.33,0.74,1.006,0.54,1.1943,62
1580012666.508,0.73,1.0118,0.55,1.1811,62
1580012666.689,0.73,1.0101,0.58,1.149,62
1580012666.867,0.74,0.9972,0.6,1.1396,62
1580012667.046,0.72,1.0256,0.6,1.1486,62
1580012667.222,0.7,1.0365,0.58,1.1543,62
1580012667.383,0.76,0.9907,0.57,1.1785,62
1580012667.563,0.73,1.0154,0.56,1.178,63
1580012667.742,0.71,1.0329,0.56,1.1697,63
1580012667.924,0.71,1.0339,0.57,1.1585,63
1580012668.102,0.72,1.0183,0.58,1.1522,63
1580012668.278,0.72,1.022,0.57,1.1556,63
1580012668.456,0.74,0.9998,0.57,1.16,63
1580012668.64,0.71,1.0278,0.58,1.1565,63
1580012668.819,0.72,1.0209,0.58,1.153,63
1580012668.996,0.73,1.0085,0.59,1.1628,63
1580012669.174,0.73,1.0128,0.55,1.1795,63
1580012669.351,0.74,1.0061,0.55,1.187,63
1580012669.529,0.72,1.0263,0.54,1.1881,63
1580012669.708,0.71,1.0294,0.53,1.1734,63
1580012669.886,0.72,1.0173,0.55,1.1564,63
1580012670.046,0.74,1.0025,0.59,1.1436,63
1580012670.228,0.72,1.0194,0.6,1.1366,64
1580012670.405,0.71,1.033,0.61,1.1393,64
1580012670.583,0.73,1.0047,0.61,1.1443,64
1580012670.76,0.74,0.9969,0.58,1.1516,64
1580012670.938,0.73,1.0166,0.58,1.1485,64
1580012671.115,0.72,1.016,0.6,1.1345,64
1580012671.293,0.73,1.0137,0.6,1.1242,64
1580012671.476,0.72,1.0267,0.61,1.1231,64
1580012671.654,0.74,1.0058,0.63,1.1259,64
1580012671.833,0.74,1.0021,0.61,1.1427,64
1580012672.008,0.74,1.0066,0.58,1.1571,64
1580012672.186,0.71,1.0231,0.56,1.1686,64
1580012672.365,0.73,1.0185,0.54,1.1758,64
1580012672.541,0.74,1.0068,0.56,1.1712,64
1580012672.703,0.75,0.9919,0.54,1.1584,64
1580012672.881,0.73,1.0126,0.58,1.1383,65
1580012673.059,0.72,1.0244,0.59,1.1363,65
1580012673.237,0.74,0.9984,0.59,1.142,65
1580012673.413,0.76,0.985,0.59,1.1486,65
1580012673.59,0.71,1.0243,0.59,1.1439,65
1580012673.769,0.74,0.9971,0.61,1.134,65
1580012673.948,0.75,0.9988,0.6,1.1363,65
1580012674.125,0.71,1.0327,0.6,1.1291,65
1580012674.303,0.74,1.0052,0.6,1.1334,65
1580012674.479,0.77,0.9785,0.6,1.1494,65
1580012674.66,0.74,1.0022,0.59,1.1559,65
1580012674.84,0.72,1.0204,0.58,1.1601,65
1580012675.017,0.7,1.036,0.55,1.1734,65
1580012675.194,0.73,1.0128,0.57,1.1599,65
1580012675.351,0.76,0.9836,0.58,1.1543,65
1580012675.529,0.73,1.0079,0.59,1.1389,66
1580012675.707,0.71,1.0272,0.61,1.1307,66
1580012675.883,0.73,1.0109,0.6,1.1288,66
1580012676.059,0.76,0.9887,0.59,1.141,66
1580012676.237,0.72,1.0217,0.59,1.1489,66
1580012676.414,0.74,1.0048,0.58,1.1471,66
1580012676.588,0.74,1.0044,0.59,1.1542,66
1580012676.764,0.72,1.0169,0.58,1.1578,66
1580012676.94,0.73,1.0113,0.59,1.1462,66
1580012677.117,0.75,0.9948,0.58,1.1423,66
1580012677.292,0.75,0.9943,0.61,1.1417,66
1580012677.472,0.74,1.0016,0.59,1.1475,66
1580012677.654,0.69,1.0424,0.59,1.1502,66
1580012677.836,0.72,1.0189,0.59,1.1516,66
1580012677.997,0.77,0.9715,0.56,1.1658,66
1580012678.176,0.75,0.9997,0.54,1.1748,67
1580012678.352,0.72,1.0212,0.58,1.1528,67
1580012678.53,0.73,1.0117,0.58,1.1373,67
1580012678.716,0.76,0.9844,0.61,1.1222,67
1580012678.893,0.73,1.0132,0.62,1.1197,67
1580012679.071,0.73,1.0068,0.62,1.1257,67
1580012679.246,0.72,1.0233,0.6,1.1419,67
1580012679.426,0.74,1.0043,0.57,1.1663,67
1580012679.604,0.75,0.9919,0.56,1.1852,67
1580012679.782,0.75,0.997,0.54,1.1899,67
1580012679.958,0.73,1.0102,0.57,1.1692,67
1580012680.135,0.74,1.0053,0.56,1.1553,67
1580012680.311,0.73,1.0098,0.59,1.1419,67
1580012680.492,0.74,1.0075,0.6,1.1461,67
1580012680.655,0.76,0.9785,0.59,1.1541,67
1580012680.839,0.73,1.0077,0.59,1.1636,68
1580012681.027,0.72,1.0191,0.53,1.1833,68
1580012681.206,0.75,0.9922,0.55,1.1702,68
1580012681.386,0.76,0.9878,0.6,1.1405,68
1580012681.571,0.71,1.0179,0.63,1.1188,68
1580012681.75,0.75,0.9902,0.59,1.1192,68
1580012681.933,0.74,0.9964,0.61,1.1293,68
1580012682.11,0.74,0.9968,0.61,1.143,68
1580012682.287,0.76,0.9854,0.56,1.1726,68
1580012682.466,0.75,0.9874,0.55,1.1906,68
1580012682.642,0.75,0.9899,0.55,1.1757,68
1580012682.824,0.74,0.9986,0.57,1.1539,68
1580012682.999,0.74,1.009,0.57,1.1414,68
1580012683.178,0.73,1.0077,0.58,1.1385,68
1580012683.337,0.77,0.9746,0.59,1.1538,68
1580012683.513,0.76,0.9875,0.55,1.1749,69
1580012683.695,0.73,1.0102,0.53,1.1856,69
1580012683.881,0.75,0.9963,0.55,1.169,69
1580012684.062,0.77,0.9739,0.58,1.1354,69
1580012684.241,0.75,0.9894,0.6,1.126,69
1580012684.419,0.75,0.9945,0.6,1.1287,69
1580012684.599,0.74,1.0,0.58,1.1453,69
1580012684.773,0.75,0.9926,0.57,1.1628,69
1580012684.953,0.77,0.9808,0.57,1.1713,69
1580012685.131,0.77,0.9763,0.57,1.1713,69
1580012685.312,0.76,0.9852,0.58,1.1596,69
1580012685.49,0.76,0.9872,0.58,1.1492,69
1580012685.669,0.74,1.0012,0.57,1.1497,69
1580012685.844,0.75,1.0027,0.58,1.1511,69
1580012686.009,0.78,0.9675,0.58,1.1676,69
1580012686.186,0.76,0.9849,0.54,1.1808,70
1580012686.367,0.75,1.0003,0.55,1.1759,70
1580012686.542,0.76,0.9839,0.58,1.1595,70
1580012686.72,0.79,0.9584,0.6,1.1457,70
1580012686.896,0.76,0.9908,0.6,1.1263,70
1580012687.074,0.76,0.9814,0.61,1.1198,70
1580012687.25,0.75,0.9936,0.63,1.1276,70
1580012687.427,0.75,0.9993,0.58,1.1623,70
1580012687.607,0.77,0.9814,0.55,1.1763,70
1580012687.794,0.77,0.9717,0.55,1.1801,70
1580012687.969,0.75,0.9893,0.56,1.1725,70
1580012688.148,0.75,0.9924,0.6,1.1548,70
1580012688.322,0.74,1.0051,0.57,1.1523,70
1580012688.498,0.75,0.9973,0.57,1.1498,70
1580012688.672,0.77,0.9748,0.55,1.1629,70
1580012688.852,0.76,0.9886,0.53,1.1921,71
1580012689.042,0.75,1.0009,0.54,1.1978,71
1580012689.222,0.76,0.9846,0.57,1.1627,71
1580012689.398,0.79,0.9574,0.61,1.1282,71
1580012689.573,0.75,0.9943,0.64,1.1108,71
1580012689.75,0.77,0.9763,0.61,1.1115,71
1580012689.926,0.76,0.9901,0.62,1.1195,71
1580012690.107,0.74,0.9953,0.58,1.1469,71
1580012690.285,0.77,0.9815,0.58,1.1598,71
1580012690.461,0.78,0.9689,0.58,1.1623,71
1580012690.637,0.76,0.9864,0.59,1.1616,71
1580012690.811,0.76,0.9893,0.58,1.1583,71
1580012690.988,0.74,1.0104,0.58,1.1547,71
1580012691.164,0.75,0.996,0.58,1.1512,71
1580012691.323,0.78,0.9671,0.56,1.1596,71
1580012691.5,0.75,0.9996,0.56,1.1824,72
1580012691.677,0.73,1.0159,0.54,1.1837,72
1580012691.855,0.75,0.9926,0.54,1.1809,72
1580012692.033,0.79,0.9625,0.57,1.1638,72
1580012692.208,0.72,1.0097,0.61,1.1344,72
1580012692.386,0.76,0.9854,0.61,1.1294,72
1580012692.564,0.74,0.9991,0.58,1.1361,72
1580012692.741,0.75,0.994,0.6,1.1364,72
1580012692.916,0.75,0.9969,0.56,1.1606,72
1580012693.094,0.76,0.9872,0.55,1.18,72
1580012693.271,0.75,0.9979,0.54,1.1809,72
1580012693.45,0.75,1.0007,0.59,1.164,72
1580012693.629,0.71,1.0334,0.59,1.1516,72
1580012693.805,0.71,1.0297,0.6,1.1459,72
1580012693.962,0.73,1.0117,0.6,1.156,72
1580012694.146,0.72,1.0204,0.58,1.1578,73
1580012694.322,0.71,1.0281,0.58,1.1639,73
1580012694.501,0.73,1.0104,0.56,1.1779,73
1580012694.677,0.73,1.0075,0.55,1.1973,73
1580012694.853,0.7,1.0378,0.53,1.2011,73
1580012695.031,0.73,1.0165,0.55,1.175,73
1580012695.214,0.75,0.9923,0.57,1.162,73
1580012695.39,0.74,0.9971,0.56,1.1776,73
1580012695.567,0.72,1.0229,0.55,1.1809,73
1580012695.744,0.71,1.0317,0.58,1.161,73
1580012695.92,0.75,0.9839,0.55,1.1836,73
1580012696.096,0.75,0.9944,0.53,1.2015,73
1580012696.273,0.69,1.0537,0.53,1.2065,73
1580012696.448,0.7,1.0433,0.54,1.201,73
1580012696.607,0.74,0.9988,0.57,1.1779,73
1580012696.783,0.74,0.9988,0.6,1.1276,74
1580012696.959,0.73,1.0098,0.63,1.1189,74
1580012697.139,0.74,1.0037,0.61,1.1215,74
1580012697.315,0.75,0.9919,0.6,1.1266,74
1580012697.489,0.74,1.008,0.6,1.1384,74
1580012697.667,0.75,0.9911,0.58,1.1611,74
1580012697.842,0.76,0.988,0.56,1.1719,74
1580012698.018,0.74,0.999,0.56,1.1718,74
1580012698.194,0.75,0.9958,0.56,1.158,74
1580012698.385,0.77,0.9741,0.57,1.1531,74
1580012698.562,0.77,0.9738,0.58,1.1522,74
1580012698.74,0.75,0.995,0.61,1.1423,74
1580012698.915,0.73,1.0075,0.6,1.1341,74
1580012699.091,0.74,0.9991,0.61,1.1368,74
1580012699.252,0.77,0.97,0.57,1.1538,74
1580012699.432,0.75,0.9908,0.55,1.1653,75
1580012699.606,0.75,1.0,0.56,1.1614,75
1580012699.784,0.76,0.9814,0.57,1.1514,75
1580012699.961,0.77,0.9692,0.6,1.1343,75
1580012700.137,0.75,0.99,0.61,1.1238,75
1580012700.319,0.77,0.9751,0.61,1.1204,75
1580012700.494,0.77,0.9822,0.61,1.1298,75
1580012700.671,0.77,0.9828,0.6,1.1374,75
1580012700.852,0.77,0.976,0.6,1.1507,75
1580012701.027,0.78,0.9655,0.56,1.1771,75
1580012701.205,0.78,0.9691,0.54,1.186,75
1580012701.383,0.76,0.9829,0.54,1.1816,75
1580012701.559,0.73,1.0088,0.58,1.1475,75
1580012701.734,0.76,0.9841,0.63,1.1227,75
1580012701.892,0.79,0.957,0.61,1.1207,75
1580012702.069,0.76,0.9851,0.6,1.139,76
1580012702.249,0.75,0.989,0.58,1.1554,76
1580012702.432,0.78,0.9688,0.56,1.1718,76
1580012702.607,0.79,0.963,0.56,1.1787,76
1580012702.782,0.76,0.9866,0.56,1.1658,76
1580012702.96,0.76,0.9786,0.61,1.1258,76
1580012703.137,0.77,0.9764,0.64,1.1154,76
1580012703.313,0.77,0.9814,0.62,1.1258,76
1580012703.488,0.76,0.9819,0.62,1.127,76
1580012703.664,0.78,0.9701,0.57,1.1667,76
1580012703.84,0.78,0.9664,0.56,1.1751,76
1580012704.018,0.77,0.976,0.56,1.1774,76
1580012704.194,0.73,1.0141,0.55,1.175,76
1580012704.378,0.76,0.9916,0.59,1.1451,76
1580012704.534,0.79,0.9524,0.62,1.1219,76
1580012704.714,0.74,0.9956,0.62,1.1154,77
1580012704.889,0.72,1.0187,0.58,1.1375,77
1580012705.068,0.77,0.9737,0.54,1.1722,77
1580012705.244,0.8,0.9516,0.51,1.195,77
1580012705.429,0.76,0.9882,0.53,1.1924,77
1580012705.604,0.74,0.9948,0.58,1.1631,77
1580012705.781,0.75,0.9921,0.59,1.1431,77
1580012705.957,0.76,0.9868,0.6,1.1263,77
1580012706.137,0.78,0.9751,0.63,1.1136,77
1580012706.314,0.75,0.9957,0.61,1.1316,77
1580012706.49,0.76,0.9785,0.56,1.1628,77
1580012706.667,0.77,0.9711,0.57,1.1718,77
1580012706.843,0.73,1.0103,0.57,1.1736,77
1580012707.018,0.74,1.0104,0.56,1.1703,77
1580012707.178,0.78,0.9685,0.61,1.1347,77
1580012707.356,0.77,0.9777,0.65,1.1109,78
1580012707.533,0.76,0.9873,0.63,1.1122,78
1580012707.71,0.75,0.9932,0.63,1.12,78
1580012707.884,0.77,0.9724,0.58,1.1551,78
1580012708.062,0.77,0.9794,0.55,1.18,78
1580012708.239,0.77,0.9734,0.54,1.184,78
1580012708.418,0.74,1.0006,0.55,1.1824,78
1580012708.597,0.73,1.0082,0.55,1.1762,78
1580012708.778,0.76,0.9863,0.6,1.1372,78
1580012708.955,0.78,0.9716,0.62,1.1282,78
1580012709.13,0.75,0.9881,0.59,1.1517,78
1580012709.321,0.75,0.9969,0.59,1.1492,78
1580012709.515,0.73,1.0121,0.57,1.168,78
1580012709.692,0.74,1.0021,0.57,1.1681,78
1580012709.85,0.77,0.9745,0.59,1.1542,78
1580012710.029,0.75,0.9966,0.58,1.1468,79
1580012710.205,0.74,0.9994,0.57,1.1455,79
1580012710.383,0.76,0.9864,0.63,1.1177,79
1580012710.559,0.77,0.9762,0.62,1.117,79
1580012710.736,0.74,1.001,0.59,1.1362,79
1580012710.924,0.77,0.9736,0.57,1.1542,79
1580012711.101,0.76,0.9821,0.57,1.1681,79
1580012711.277,0.76,0.9877,0.58,1.172,79
1580012711.452,0.76,0.991,0.57,1.1644,79
1580012711.636,0.77,0.9741,0.6,1.1457,79
1580012711.813,0.76,0.978,0.6,1.1289,79
1580012711.989,0.77,0.9718,0.61,1.1233,79
1580012712.164,0.75,0.9987,0.61,1.1263,79
1580012712.34,0.74,0.9985,0.58,1.1533,79
1580012712.497,0.78,0.96,0.57,1.1663,79
1580012712.673,0.73,1.0012,0.58,1.1571,80
1580012712.848,0.74,0.999,0.6,1.1445,80
1580012713.025,0.76,0.988,0.58,1.1433,80
1580012713.2,0.77,0.9789,0.62,1.1204,80
1580012713.375,0.74,1.0016,0.61,1.1247,80
1580012713.557,0.77,0.9718,0.6,1.1316,80
1580012713.732,0.76,0.9793,0.61,1.1442,80
1580012713.907,0.76,0.9822,0.59,1.1553,80
1580012714.084,0.75,0.9849,0.58,1.1648,80
1580012714.262,0.77,0.9731,0.58,1.1618,80
1580012714.437,0.78,0.969,0.59,1.15,80
1580012714.62,0.76,0.9829,0.61,1.1405,80
1580012714.795,0.74,1.0003,0.6,1.136,80
1580012714.972,0.76,0.9897,0.6,1.1341,80
1580012715.13,0.78,0.9592,0.59,1.138,80
1580012715.311,0.76,0.9834,0.57,1.1459,81
1580012715.501,0.75,0.9937,0.61,1.1313,81
1580012715.691,0.78,0.9658,0.61,1.1257,81
1580012715.88,0.78,0.9602,0.6,1.1325,81
1580012716.068,0.75,0.9938,0.61,1.1376,81
1580012716.247,0.77,0.9717,0.57,1.1489,81
1580012716.424,0.77,0.9732,0.6,1.1427,81
1580012716.601,0.76,0.9843,0.6,1.1458,81
1580012716.776,0.76,0.9784,0.6,1.1452,81
1580012716.952,0.77,0.9739,0.6,1.1472,81
1580012717.127,0.78,0.9617,0.58,1.1494,81
1580012717.303,0.78,0.9658,0.58,1.1519,81
1580012717.481,0.75,0.9885,0.59,1.1492,81
1580012717.662,0.76,0.9854,0.59,1.1425,81
1580012717.823,0.79,0.9547,0.6,1.1371,81
1580012717.998,0.77,0.9773,0.61,1.1271,82
1580012718.174,0.76,0.9813,0.63,1.1254,82
1580012718.351,0.78,0.9618,0.6,1.1284,82
1580012718.527,0.79,0.9508,0.62,1.1204,82
1580012718.721,0.76,0.9787,0.61,1.1239,82
1580012718.898,0.78,0.9672,0.6,1.142,82
1580012719.073,0.76,0.9796,0.57,1.1564,82
1580012719.249,0.76,0.9793,0.57,1.1635,82
1580012719.426,0.77,0.9718,0.59,1.1607,82
1580012719.604,0.78,0.9652,0.6,1.1451,82
1580012719.779,0.78,0.9596,0.63,1.1256,82
1580012719.955,0.77,0.9717,0.62,1.123,82
1580012720.132,0.76,0.9829,0.61,1.1308,82
1580012720.321,0.76,0.9803,0.56,1.1566,82
1580012720.491,0.8,0.9434,0.56,1.1691,82
1580012720.685,0.77,0.9748,0.58,1.1539,83
1580012720.873,0.77,0.9768,0.63,1.1313,83
1580012721.056,0.78,0.9613,0.61,1.124,83
1580012721.232,0.81,0.9401,0.59,1.1287,83
1580012721.409,0.77,0.9785,0.59,1.1258,83
1580012721.587,0.78,0.967,0.6,1.1143,83
1580012721.767,0.77,0.978,0.61,1.123,83
1580012721.943,0.77,0.9752,0.59,1.1506,83
1580012722.12,0.78,0.9671,0.56,1.1684,83
1580012722.296,0.78,0.9661,0.57,1.1715,83
1580012722.471,0.77,0.9763,0.59,1.1528,83
1580012722.649,0.77,0.9781,0.6,1.1333,83
1580012722.829,0.75,0.9899,0.62,1.1222,83
1580012723.006,0.76,0.9819,0.63,1.1033,83
1580012723.164,0.8,0.9499,0.63,1.1132,83
1580012723.341,0.78,0.9671,0.58,1.1417,84
1580012723.518,0.76,0.981,0.57,1.1579,84
1580012723.701,0.78,0.968,0.6,1.1391,84
1580012723.877,0.8,0.9465,0.63,1.119,84
1580012724.052,0.77,0.9748,0.62,1.1077,84
1580012724.228,0.78,0.9635,0.62,1.1074,84
1580012724.404,0.77,0.9802,0.62,1.1114,84
1580012724.578,0.76,0.9856,0.59,1.1313,84
1580012724.759,0.77,0.9735,0.59,1.1394,84
1580012724.935,0.78,0.9622,0.55,1.1774,84
1580012725.111,0.78,0.9686,0.56,1.1842,84
1580012725.287,0.76,0.9869,0.56,1.1765,84
1580012725.463,0.72,1.0129,0.58,1.1512,84
1580012725.645,0.75,0.9919,0.63,1.1184,84
1580012725.809,0.8,0.9422,0.6,1.1251,84
1580012725.987,0.77,0.9757,0.61,1.1167,85
1580012726.163,0.75,0.9947,0.62,1.1219,85
1580012726.342,0.78,0.9646,0.6,1.135,85
1580012726.517,0.8,0.9472,0.57,1.1543,85
1580012726.695,0.76,0.9871,0.59,1.1463,85
1580012726.881,0.77,0.9708,0.6,1.1322,85
1580012727.058,0.75,0.985,0.61,1.1266,85
1580012727.234,0.77,0.9742,0.59,1.1261,85
1580012727.409,0.78,0.968,0.6,1.1324,85
1580012727.587,0.78,0.9624,0.58,1.1493,85
1580012727.762,0.76,0.9796,0.57,1.1532,85
1580012727.94,0.78,0.9648,0.58,1.1621,85
1580012728.116,0.76,0.9792,0.58,1.1688,85
1580012728.294,0.75,0.993,0.57,1.1738,85
1580012728.451,0.77,0.9755,0.57,1.1689,85
1580012728.628,0.74,1.0005,0.57,1.1633,86
1580012728.812,0.76,0.9856,0.6,1.1332,86
1580012728.991,0.77,0.9717,0.59,1.1435,86
1580012729.167,0.76,0.9791,0.59,1.1363,86
1580012729.342,0.74,1.0052,0.65,1.1041,86
1580012729.517,0.78,0.9608,0.62,1.1142,86
1580012729.695,0.79,0.9612,0.61,1.128,86
1580012729.871,0.77,0.9774,0.62,1.1298,86
1580012730.05,0.75,0.9835,0.61,1.1348,86
1580012730.226,0.77,0.9705,0.58,1.1513,86
1580012730.404,0.78,0.9636,0.58,1.1596,86
1580012730.579,0.77,0.9754,0.57,1.1589,86
1580012730.755,0.76,0.9876,0.59,1.1475,86
1580012730.935,0.76,0.9811,0.61,1.1383,86
1580012731.096,0.8,0.9479,0.6,1.1351,86
1580012731.273,0.78,0.9705,0.6,1.1356,87
1580012731.45,0.77,0.9793,0.6,1.1363,87
1580012731.626,0.79,0.9552,0.6,1.131,87
1580012731.806,0.8,0.9452,0.6,1.1325,87
1580012731.988,0.76,0.9852,0.62,1.1202,87
1580012732.168,0.77,0.9675,0.63,1.0993,87
1580012732.346,0.77,0.9759,0.63,1.1085,87
1580012732.521,0.77,0.9791,0.61,1.1212,87
1580012732.697,0.79,0.9584,0.6,1.1338,87
1580012732.873,0.79,0.96,0.58,1.1518,87
1580012733.05,0.78,0.9632,0.57,1.1594,87
1580012733.23,0.78,0.9676,0.58,1.1591,87
1580012733.407,0.76,0.9815,0.58,1.1559,87
1580012733.584,0.77,0.975,0.59,1.1454,87
1580012733.74,0.8,0.9432,0.6,1.1349,87
1580012733.92,0.78,0.9662,0.6,1.1327,88
1580012734.094,0.77,0.9684,0.6,1.1338,88
1580012734.275,0.79,0.9529,0.6,1.1401,88
1580012734.452,0.8,0.9412,0.58,1.1466,88
1580012734.628,0.77,0.9733,0.59,1.1436,88
1580012734.816,0.79,0.9573,0.63,1.1108,88
1580012734.991,0.78,0.9661,0.62,1.1143,88
1580012735.167,0.78,0.972,0.62,1.1236,88
1580012735.347,0.78,0.9587,0.61,1.1382,88
1580012735.523,0.8,0.9469,0.57,1.1614,88
1580012735.698,0.79,0.9575,0.56,1.1715,88
1580012735.875,0.78,0.9639,0.56,1.1758,88
1580012736.057,0.75,0.9896,0.56,1.1733,88
1580012736.234,0.76,0.9797,0.56,1.1651,88
1580012736.393,0.79,0.9503,0.6,1.1429,88
1580012736.569,0.77,0.9679,0.6,1.1243,89
1580012736.746,0.75,0.9882,0.61,1.1219,89
1580012736.921,0.78,0.9667,0.6,1.1356,89
1580012737.104,0.79,0.9543,0.58,1.1489,89
1580012737.28,0.76,0.9799,0.61,1.1244,89
1580012737.459,0.79,0.9513,0.6,1.1146,89
1580012737.719,0.77,0.974,0.58,1.1354,89
1580012737.895,0.77,0.9752,0.58,1.1364,89
1580012738.073,0.78,0.9617,0.6,1.1377,89
1580012738.249,0.79,0.9588,0.58,1.1555,89
1580012738.428,0.78,0.9631,0.58,1.1688,89
1580012738.606,0.78,0.9664,0.56,1.181,89
1580012738.786,0.77,0.9793,0.58,1.1725,89
1580012738.971,0.76,0.9866,0.58,1.1638,89
1580012739.133,0.79,0.9575,0.57,1.1559,89
1580012739.313,0.77,0.9795,0.59,1.1469,90
1580012739.488,0.75,0.9952,0.6,1.1261,90
1580012739.666,0.77,0.9734,0.61,1.1299,90
1580012739.843,0.78,0.9628,0.59,1.1372,90
1580012740.018,0.75,0.9952,0.6,1.1385,90
1580012740.195,0.76,0.9838,0.59,1.1399,90
1580012740.372,0.78,0.9658,0.6,1.136,90
1580012740.548,0.77,0.9758,0.61,1.1263,90
1580012740.724,0.76,0.9874,0.65,1.1102,90
1580012740.911,0.76,0.9827,0.61,1.1229,90
1580012741.087,0.78,0.962,0.6,1.1452,90
1580012741.265,0.76,0.9812,0.57,1.1739,90
1580012741.441,0.74,1.0006,0.54,1.1862,90
1580012741.631,0.76,0.9841,0.56,1.1759,90
1580012741.787,0.79,0.954,0.56,1.1681,90
1580012741.967,0.76,0.9771,0.59,1.1412,91
1580012742.146,0.76,0.9852,0.59,1.1357,91
1580012742.323,0.76,0.98,0.62,1.1231,91
1580012742.506,0.78,0.9612,0.62,1.1182,91
1580012742.688,0.75,0.9944,0.59,1.1394,91
1580012742.865,0.76,0.9783,0.58,1.1455,91
1580012743.042,0.78,0.97,0.58,1.1475,91
1580012743.226,0.77,0.9782,0.58,1.1426,91
1580012743.404,0.77,0.9702,0.62,1.1273,91
1580012743.581,0.76,0.9811,0.6,1.1304,91
1580012743.762,0.78,0.9635,0.59,1.1435,91
1580012743.941,0.76,0.9786,0.58,1.1503,91
1580012744.127,0.73,1.0048,0.55,1.1752,91
1580012744.306,0.75,0.9932,0.55,1.1833,91
1580012744.464,0.79,0.9531,0.57,1.1679,91
1580012744.643,0.77,0.9768,0.59,1.1537,92
1580012744.824,0.76,0.986,0.61,1.1364,92
1580012745.003,0.76,0.9792,0.61,1.1248,92
1580012745.185,0.79,0.954,0.6,1.1318,92
1580012745.364,0.76,0.983,0.6,1.1372,92
1580012745.541,0.77,0.9776,0.6,1.1361,92
1580012745.718,0.76,0.9846,0.6,1.1436,92
1580012745.9,0.76,0.9816,0.61,1.1437,92
1580012746.08,0.78,0.9722,0.61,1.1351,92
1580012746.264,0.78,0.9697,0.6,1.1421,92
1580012746.445,0.8,0.9524,0.59,1.1506,92
1580012746.622,0.76,0.9805,0.57,1.164,92
1580012746.802,0.73,1.0095,0.56,1.161,92
1580012746.981,0.72,1.0163,0.59,1.1545,92
1580012747.14,0.78,0.9611,0.59,1.1558,92
1580012747.326,0.76,0.9793,0.57,1.1665,93
1580012747.507,0.76,0.9854,0.57,1.1728,93
1580012747.69,0.76,0.9895,0.57,1.156,93
1580012747.869,0.76,0.9812,0.58,1.1551,93
1580012748.048,0.77,0.9717,0.6,1.1379,93
1580012748.227,0.78,0.9653,0.6,1.1403,93
1580012748.408,0.73,1.0038,0.59,1.148,93
1580012748.585,0.75,0.99,0.57,1.1703,93
1580012748.768,0.77,0.9705,0.57,1.1501,93
1580012748.946,0.78,0.9654,0.63,1.1224,93
1580012749.136,0.76,0.9861,0.62,1.1223,93
1580012749.316,0.74,1.0029,0.58,1.1503,93
1580012749.496,0.76,0.9835,0.58,1.1609,93
1580012749.675,0.76,0.9799,0.58,1.1585,93
1580012749.832,0.77,0.9755,0.56,1.1651,93
1580012750.011,0.74,0.9958,0.59,1.1451,94
1580012750.188,0.76,0.9822,0.58,1.1321,94
1580012750.371,0.78,0.9596,0.6,1.1246,94
1580012750.55,0.78,0.9619,0.59,1.1254,94
1580012750.729,0.73,0.9992,0.62,1.1288,94
1580012750.905,0.77,0.9688,0.6,1.134,94
1580012751.081,0.78,0.9693,0.57,1.1589,94
1580012751.257,0.77,0.9777,0.57,1.1644,94
1580012751.437,0.76,0.9797,0.58,1.1601,94
1580012751.616,0.78,0.963,0.59,1.1493,94
1580012751.792,0.79,0.9513,0.58,1.1504,94
1580012751.97,0.76,0.9804,0.58,1.1521,94
1580012752.149,0.74,1.0031,0.6,1.1463,94
1580012752.325,0.76,0.9838,0.55,1.1768,94
1580012752.483,0.81,0.9388,0.54,1.1944,94
1580012752.663,0.76,0.9817,0.56,1.1813,95
1580012752.842,0.72,1.0164,0.58,1.1637,95
1580012753.018,0.76,0.9786,0.63,1.1122,95
1580012753.195,0.81,0.9366,0.59,1.1321,95
1580012753.37,0.74,1.0002,0.61,1.1362,95
1580012753.547,0.75,0.9939,0.62,1.1197,95
1580012753.727,0.76,0.9788,0.63,1.1294,95
1580012753.904,0.78,0.9647,0.55,1.1791,95
1580012754.08,0.77,0.976,0.55,1.189,95
1580012754.256,0.76,0.9819,0.57,1.1723,95
1580012754.437,0.79,0.9568,0.59,1.1572,95
1580012754.614,0.78,0.9575,0.57,1.1593,95
1580012754.791,0.75,0.9911,0.58,1.1535,95
1580012754.966,0.74,1.0028,0.59,1.1532,95
1580012755.122,0.79,0.951,0.55,1.1785,95
1580012755.3,0.78,0.9657,0.54,1.1878,96
1580012755.482,0.76,0.9859,0.55,1.1724,96
1580012755.657,0.76,0.9824,0.59,1.148,96
1580012755.838,0.78,0.9592,0.6,1.1178,96
1580012756.015,0.78,0.9644,0.65,1.0947,96
1580012756.192,0.78,0.9651,0.62,1.1151,96
1580012756.371,0.77,0.9764,0.63,1.1124,96
1580012756.547,0.78,0.9659,0.61,1.1249,96
1580012756.723,0.79,0.9545,0.59,1.1491,96
1580012756.901,0.79,0.9541,0.58,1.1616,96
1580012757.076,0.79,0.9574,0.58,1.1615,96
1580012757.252,0.79,0.9605,0.58,1.1516,96
1580012757.43,0.77,0.9772,0.6,1.1451,96
1580012757.605,0.76,0.9804,0.62,1.1336,96
1580012757.762,0.81,0.9401,0.61,1.1368,96
1580012757.94,0.78,0.963,0.59,1.1357,97
1580012758.117,0.78,0.9686,0.6,1.1276,97
1580012758.294,0.78,0.9602,0.62,1.1231,97
1580012758.471,0.8,0.9455,0.62,1.1229,97
1580012758.647,0.78,0.9692,0.62,1.1231,97
1580012758.824,0.78,0.9564,0.61,1.1173,97
1580012759.001,0.79,0.9562,0.62,1.1049,97
1580012759.18,0.79,0.9584,0.61,1.1219,97
1580012759.356,0.79,0.96,0.61,1.1277,97
1580012759.537,0.79,0.9594,0.58,1.148,97
1580012759.715,0.8,0.9454,0.57,1.1624,97
1580012759.89,0.79,0.962,0.57,1.173,97
1580012760.067,0.75,0.9875,0.58,1.1656,97
1580012760.244,0.76,0.9776,0.56,1.1622,97
1580012760.401,0.8,0.9398,0.6,1.1286,97
1580012760.586,0.78,0.9607,0.62,1.1127,98
1580012760.761,0.78,0.9697,0.62,1.1151,98
1580012760.94,0.78,0.9604,0.61,1.1338,98
1580012761.118,0.81,0.9373,0.6,1.1461,98
1580012761.295,0.78,0.9621,0.58,1.1493,98
1580012761.476,0.78,0.9571,0.59,1.1431,98
1580012761.65,0.8,0.9508,0.61,1.1299,98
1580012761.827,0.79,0.9558,0.61,1.1142,98
1580012762.003,0.78,0.9591,0.63,1.1118,98
1580012762.182,0.78,0.96,0.6,1.1416,98
1580012762.363,0.8,0.9427,0.58,1.166,98
1580012762.538,0.79,0.9591,0.57,1.1772,98
1580012762.715,0.77,0.9799,0.56,1.181,98
1580012762.891,0.75,0.9913,0.57,1.1697,98
1580012763.049,0.79,0.9499,0.59,1.1488,98
1580012763.229,0.78,0.9635,0.61,1.1254,99
1580012763.406,0.78,0.9647,0.6,1.1232,99
1580012763.583,0.79,0.9513,0.62,1.1143,99
1580012763.758,0.81,0.929,0.61,1.1249,99
1580012763.935,0.79,0.9564,0.6,1.1382,99
1580012764.113,0.79,0.9491,0.59,1.1435,99
1580012764.292,0.79,0.9529,0.59,1.1409,99
1580012764.472,0.79,0.956,0.59,1.1414,99
1580012764.654,0.79,0.951,0.59,1.1379,99
1580012764.836,0.8,0.9453,0.6,1.1401,99
1580012765.013,0.81,0.9382,0.59,1.1454,99
1580012765.189,0.79,0.9532,0.59,1.1505,99
1580012765.369,0.78,0.9695,0.59,1.1515,99
1580012765.545,0.78,0.9665,0.57,1.1634,99
1580012765.704,0.8,0.9448,0.57,1.1712,99
1580012765.88,0.77,0.9761,0.58,1.1563,100
1580012766.058,0.78,0.9682,0.6,1.1282,100
1580012766.234,0.8,0.9479,0.62,1.1118,100
1580012766.412,0.8,0.9391,0.64,1.1017,100
1580012766.59,0.78,0.9676,0.62,1.11,100
1580012766.766,0.8,0.951,0.62,1.1146,100
1580012766.942,0.79,0.953,0.59,1.149,100
1580012767.118,0.79,0.9562,0.57,1.1648,100
1580012767.294,0.79,0.9571,0.58,1.162,100
1580012767.476,0.8,0.9487,0.59,1.1494,100
1580012767.659,0.8,0.9392,0.6,1.1404,100
1580012767.837,0.79,0.9573,0.6,1.1406,100
1580012768.012,0.77,0.9719,0.59,1.1488,100
1580012768.187,0.78,0.9702,0.58,1.1601,100
1580012768.344,0.81,0.937,0.57,1.1698,100
1580012768.528,0.78,0.9655,0.57,1.1641,101
1580012768.715,0.76,0.984,0.58,1.1493,101
1580012768.892,0.79,0.9503,0.6,1.1217,101
1580012769.068,0.81,0.9291,0.64,1.0934,101
1580012769.248,0.77,0.973,0.66,1.0929,101
1580012769.449,0.79,0.9597,0.63,1.1106,101
1580012769.625,0.78,0.9598,0.62,1.1172,101
1580012769.803,0.78,0.9609,0.57,1.151,101
1580012769.98,0.79,0.952,0.58,1.1609,101
1580012770.159,0.79,0.9556,0.59,1.1636,101
1580012770.335,0.8,0.9467,0.57,1.1623,101
1580012770.513,0.79,0.9555,0.58,1.1529,101
1580012770.692,0.78,0.9665,0.58,1.146,101
1580012770.871,0.77,0.972,0.59,1.1429,101
1580012771.031,0.81,0.9324,0.58,1.1533,101
1580012771.21,0.79,0.9536,0.58,1.1569,102
1580012771.386,0.78,0.9652,0.6,1.1516,102
1580012771.569,0.79,0.9521,0.61,1.134,102
1580012771.745,0.81,0.9395,0.64,1.1024,102
1580012771.92,0.8,0.9515,0.65,1.0852,102
1580012772.095,0.8,0.9446,0.66,1.0869,102
1580012772.276,0.78,0.9663,0.64,1.0895,102
1580012772.452,0.78,0.969,0.62,1.1103,102
1580012772.628,0.79,0.9516,0.59,1.1354,102
1580012772.805,0.8,0.9488,0.57,1.1589,102
1580012772.981,0.79,0.9541,0.57,1.1646,102
1580012773.156,0.79,0.9553,0.59,1.1525,102
1580012773.334,0.77,0.9787,0.59,1.1473,102
1580012773.509,0.76,0.982,0.59,1.1399,102
1580012773.665,0.8,0.9444,0.59,1.1381,102
1580012773.847,0.78,0.9649,0.6,1.1292,103
1580012774.022,0.78,0.9624,0.61,1.1131,103
1580012774.2,0.8,0.9445,0.62,1.1231,103
1580012774.379,0.8,0.9441,0.6,1.1345,103
1580012774.554,0.75,0.9899,0.64,1.1052,103
1580012774.729,0.8,0.9486,0.65,1.0853,103
1580012774.908,0.79,0.9517,0.63,1.1011,103
1580012775.084,0.78,0.9634,0.62,1.1247,103
1580012775.263,0.79,0.9587,0.61,1.1387,103
1580012775.453,0.79,0.9514,0.57,1.17,103
1580012775.642,0.81,0.9356,0.56,1.178,103
1580012775.832,0.79,0.9547,0.56,1.1771,103
1580012776.021,0.77,0.9715,0.57,1.1713,103
1580012776.197,0.77,0.9723,0.57,1.1673,103
1580012776.355,0.81,0.9369,0.6,1.1371,103
1580012776.531,0.79,0.9586,0.64,1.1062,104
1580012776.709,0.79,0.9603,0.64,1.0936,104
1580012776.885,0.8,0.9426,0.65,1.0924,104
1580012777.061,0.82,0.9277,0.61,1.1243,104
1580012777.238,0.79,0.9571,0.6,1.1336,104
1580012777.414,0.79,0.9553,0.65,1.1019,104
1580012777.593,0.79,0.9557,0.64,1.1033,104
1580012777.779,0.79,0.9513,0.62,1.1078,104
1580012777.96,0.79,0.9547,0.63,1.1157,104
1580012778.135,0.78,0.9632,0.58,1.1431,104
1580012778.311,0.81,0.9408,0.57,1.1659,104
1580012778.487,0.79,0.9551,0.54,1.1885,104
1580012778.662,0.77,0.9701,0.55,1.1858,104
1580012778.837,0.77,0.9767,0.55,1.1792,104
1580012778.994,0.81,0.9382,0.58,1.159,104
1580012779.171,0.79,0.9563,0.58,1.1479,105
1580012779.346,0.79,0.9569,0.63,1.1061,105
1580012779.523,0.8,0.9453,0.65,1.0897,105
1580012779.7,0.81,0.93,0.64,1.0911,105
1580012779.877,0.79,0.9534,0.63,1.0993,105
1580012780.054,0.81,0.9344,0.64,1.1094,105
1580012780.233,0.8,0.9475,0.6,1.1274,105
1580012780.423,0.79,0.9553,0.58,1.1467,105
1580012780.612,0.79,0.9505,0.6,1.1413,105
1580012780.801,0.81,0.9391,0.6,1.1349,105
1580012780.994,0.81,0.9356,0.61,1.1351,105
1580012781.171,0.81,0.9414,0.6,1.1363,105
1580012781.348,0.78,0.9624,0.57,1.1536,105
1580012781.524,0.77,0.9777,0.58,1.161,105
1580012781.682,0.8,0.9409,0.58,1.1575,105
1580012781.86,0.77,0.9678,0.6,1.1436,106
1580012782.046,0.79,0.9584,0.61,1.1271,106
1580012782.224,0.81,0.9383,0.63,1.1183,106
1580012782.4,0.82,0.9284,0.63,1.1083,106
1580012782.575,0.77,0.9744,0.65,1.0946,106
1580012782.752,0.81,0.9419,0.65,1.088,106
1580012782.928,0.8,0.945,0.64,1.1004,106
1580012783.103,0.8,0.948,0.63,1.1226,106
1580012783.28,0.8,0.9474,0.61,1.1309,106
1580012783.457,0.8,0.942,0.6,1.1388,106
1580012783.636,0.81,0.9336,0.6,1.1399,106
1580012783.811,0.79,0.9507,0.59,1.1461,106
1580012783.986,0.78,0.9632,0.57,1.1617,106
1580012784.163,0.79,0.9591,0.56,1.1733,106
1580012784.32,0.82,0.9255,0.56,1.1703,106
1580012784.497,0.78,0.9583,0.58,1.1579,107
1580012784.675,0.79,0.9565,0.58,1.1496,107
1580012784.852,0.81,0.9334,0.6,1.1283,107
1580012785.027,0.83,0.9164,0.65,1.0965,107
1580012785.203,0.8,0.9467,0.67,1.077,107
1580012785.379,0.8,0.9459,0.67,1.0798,107
1580012785.555,0.79,0.9522,0.63,1.1023,107
1580012785.73,0.79,0.9506,0.62,1.1208,107
1580012785.907,0.81,0.9366,0.59,1.1511,107
1580012786.084,0.81,0.9391,0.59,1.1493,107
1580012786.258,0.81,0.9389,0.59,1.1527,107
1580012786.435,0.79,0.9568,0.59,1.1482,107
1580012786.611,0.78,0.9697,0.6,1.1369,107
1580012786.785,0.77,0.972,0.6,1.137,107
1580012786.944,0.82,0.9272,0.58,1.1465,107
1580012787.127,0.79,0.9494,0.59,1.1408,108
1580012787.302,0.79,0.9539,0.59,1.1421,108
1580012787.477,0.81,0.9403,0.61,1.1308,108
1580012787.652,0.82,0.9216,0.62,1.1128,108
1580012787.828,0.8,0.9451,0.66,1.0802,108
1580012788.003,0.81,0.9309,0.66,1.0711,108
1580012788.183,0.79,0.9578,0.67,1.0699,108
1580012788.359,0.77,0.9718,0.66,1.0877,108
1580012788.533,0.8,0.9409,0.58,1.1495,108
1580012788.709,0.81,0.9333,0.57,1.1667,108
1580012788.884,0.81,0.9365,0.58,1.1685,108
1580012789.06,0.79,0.9614,0.59,1.1624,108
1580012789.235,0.76,0.9797,0.59,1.1551,108
1580012789.412,0.78,0.9722,0.6,1.1429,108
1580012789.568,0.8,0.9362,0.61,1.1279,108
1580012789.753,0.79,0.9548,0.6,1.1326,109
1580012789.93,0.79,0.959,0.58,1.1437,109
1580012790.11,0.8,0.9422,0.58,1.1505,109
1580012790.285,0.82,0.9326,0.58,1.1484,109
1580012790.461,0.79,0.9568,0.61,1.1224,109
1580012790.635,0.81,0.9378,0.66,1.0902,109
1580012790.811,0.8,0.947,0.65,1.0917,109
1580012790.986,0.79,0.9538,0.63,1.106,109
1580012791.161,0.79,0.9516,0.63,1.1078,109
1580012791.337,0.8,0.9452,0.58,1.1588,109
1580012791.513,0.81,0.9347,0.56,1.1772,109
1580012791.687,0.79,0.9575,0.56,1.1812,109
1580012791.864,0.76,0.9841,0.56,1.1691,109
1580012792.038,0.76,0.9839,0.58,1.1588,109
1580012792.194,0.81,0.9372,0.61,1.1407,109
1580012792.371,0.77,0.968,0.63,1.1195,110
1580012792.546,0.78,0.9658,0.62,1.1102,110
1580012792.722,0.81,0.9369,0.61,1.1309,110
1580012792.898,0.82,0.9253,0.61,1.1332,110
1580012793.074,0.77,0.9763,0.62,1.1268,110
1580012793.254,0.79,0.9548,0.62,1.1123,110
1580012793.429,0.8,0.9416,0.62,1.1098,110
1580012793.605,0.8,0.9455,0.61,1.1168,110
1580012793.781,0.79,0.9584,0.63,1.1142,110
1580012793.956,0.78,0.9657,0.61,1.1279,110
1580012794.132,0.81,0.9367,0.59,1.1484,110
1580012794.314,0.79,0.9524,0.55,1.176,110
1580012794.488,0.76,0.9893,0.58,1.1666,110
1580012794.665,0.76,0.9819,0.58,1.1545,110
1580012794.827,0.81,0.9386,0.61,1.1273,110
1580012795.004,0.8,0.9512,0.63,1.1095,111
1580012795.18,0.77,0.9708,0.66,1.0884,111
1580012795.355,0.77,0.9659,0.66,1.0933,111
1580012795.531,0.82,0.9283,0.61,1.1172,111
1580012795.709,0.78,0.9628,0.59,1.1419,111
1580012795.884,0.78,0.9663,0.58,1.1435,111
1580012796.059,0.74,0.9949,0.61,1.1097,111
1580012796.236,0.76,0.9782,0.64,1.1083,111
1580012796.411,0.8,0.9411,0.61,1.1249,111
1580012796.588,0.78,0.9642,0.62,1.1311,111
1580012796.764,0.78,0.9652,0.58,1.1544,111
1580012796.939,0.76,0.9851,0.59,1.164,111
1580012797.114,0.74,0.9987,0.58,1.1665,111
1580012797.291,0.74,1.0008,0.56,1.1804,111
1580012797.446,0.77,0.969,0.58,1.1692,111
1580012797.635,0.75,0.9909,0.58,1.152,112
1580012797.811,0.79,0.9596,0.61,1.1217,112
1580012797.986,0.8,0.9474,0.63,1.1037,112
1580012798.161,0.79,0.9506,0.66,1.0914,112
1580012798.337,0.72,1.0147,0.64,1.097,112
1580012798.511,0.77,0.9688,0.64,1.1082,112
1580012798.694,0.79,0.9573,0.61,1.1222,112
1580012798.87,0.78,0.9636,0.59,1.1312,112
1580012799.046,0.78,0.9589,0.62,1.1259,112
1580012799.221,0.8,0.9515,0.61,1.1259,112
1580012799.402,0.81,0.9386,0.6,1.1348,112
1580012799.579,0.77,0.973,0.57,1.1517,112
1580012799.755,0.75,0.9883,0.56,1.16,112
1580012799.947,0.74,1.002,0.59,1.1558,112
1580012800.104,0.8,0.9466,0.59,1.1556,112
1580012800.28,0.76,0.9778,0.58,1.1577,113
1580012800.457,0.77,0.9738,0.59,1.1507,113
1580012800.633,0.79,0.9581,0.58,1.1554,113
1580012800.813,0.81,0.9361,0.61,1.1328,113
1580012800.998,0.77,0.9763,0.62,1.1177,113
1580012801.179,0.78,0.9654,0.62,1.1093,113
1580012801.355,0.75,0.9895,0.64,1.1042,113
1580012801.531,0.75,0.9938,0.65,1.1018,113
1580012801.709,0.77,0.9718,0.62,1.112,113
1580012801.888,0.8,0.9481,0.61,1.1386,113
1580012802.065,0.8,0.944,0.59,1.1544,113
1580012802.243,0.76,0.9809,0.58,1.1604,113
1580012802.423,0.73,1.0104,0.59,1.1594,113
1580012802.605,0.74,0.9992,0.59,1.1449,113
1580012802.764,0.79,0.9553,0.61,1.1351,113
1580012802.943,0.74,1.0033,0.61,1.1226,114
1580012803.121,0.74,1.0044,0.63,1.0984,114
1580012803.297,0.78,0.9617,0.66,1.0888,114
1580012803.476,0.8,0.9404,0.62,1.1133,114
1580012803.651,0.77,0.9737,0.6,1.1295,114
1580012803.831,0.78,0.9621,0.62,1.128,114
1580012804.011,0.74,1.0008,0.62,1.1158,114
1580012804.192,0.74,0.9997,0.65,1.0913,114
1580012804.37,0.76,0.9811,0.65,1.0971,114
1580012804.545,0.75,0.9842,0.64,1.1041,114
1580012804.722,0.79,0.9536,0.61,1.1383,114
1580012804.899,0.78,0.9632,0.56,1.1669,114
1580012805.073,0.76,0.9873,0.55,1.1925,114
1580012805.251,0.71,1.0305,0.51,1.2102,114
1580012805.419,0.73,1.0118,0.55,1.1993,114
1580012805.598,0.69,1.0517,0.55,1.1805,115
1580012805.778,0.7,1.0492,0.59,1.1447,115
1580012805.958,0.72,1.0136,0.61,1.13,115
1580012806.139,0.76,0.9769,0.63,1.1137,115
1580012806.32,0.75,0.9955,0.61,1.1223,115
1580012806.501,0.75,0.9869,0.6,1.1354,115
1580012806.677,0.74,1.0013,0.61,1.1205,115
1580012806.857,0.7,1.0343,0.61,1.1235,115
1580012807.037,0.69,1.0467,0.59,1.1281,115
1580012807.218,0.7,1.0405,0.6,1.1293,115
1580012807.398,0.72,1.0211,0.62,1.1128,115
1580012807.585,0.72,1.0118,0.64,1.1119,115
1580012807.772,0.72,1.0209,0.63,1.1197,115
1580012807.951,0.74,1.0026,0.59,1.1421,115
1580012808.111,0.77,0.9742,0.57,1.1718,115
1580012808.291,0.73,1.0082,0.56,1.1961,116
1580012808.467,0.7,1.0428,0.53,1.2095,116
1580012808.647,0.71,1.025,0.52,1.2031,116
1580012808.835,0.72,1.0149,0.55,1.1767,116
1580012809.012,0.71,1.0313,0.58,1.1596,116
1580012809.188,0.74,1.0003,0.56,1.1578,116
1580012809.364,0.74,0.994,0.59,1.1454,116
1580012809.539,0.75,0.9895,0.6,1.1231,116
1580012809.716,0.76,0.9813,0.63,1.1082,116
1580012809.893,0.76,0.9817,0.61,1.1176,116
1580012810.083,0.76,0.9798,0.61,1.124,116
1580012810.261,0.74,0.9994,0.6,1.1274,116
1580012810.439,0.73,1.0148,0.59,1.1249,116
1580012810.619,0.75,0.9901,0.62,1.125,116
1580012810.778,0.79,0.9517,0.61,1.128,116
1580012810.956,0.76,0.9792,0.6,1.1338,117
1580012811.133,0.74,1.0016,0.61,1.1279,117
1580012811.311,0.77,0.9768,0.63,1.1125,117
1580012811.487,0.77,0.9707,0.65,1.0873,117
1580012811.668,0.76,0.9869,0.68,1.0711,117
1580012811.845,0.79,0.9571,0.68,1.0661,117
1580012812.021,0.78,0.9627,0.67,1.0745,117
1580012812.199,0.76,0.9815,0.65,1.0792,117
1580012812.375,0.75,0.9895,0.63,1.1007,117
1580012812.55,0.75,0.9888,0.61,1.122,117
1580012812.727,0.76,0.9802,0.59,1.1406,117
1580012812.906,0.75,0.987,0.6,1.136,117
1580012813.082,0.77,0.9761,0.59,1.1452,117
1580012813.256,0.77,0.9768,0.58,1.1499,117
1580012813.415,0.8,0.9514,0.58,1.1651,117
1580012813.595,0.72,1.0216,0.56,1.1737,118
1580012813.77,0.7,1.0335,0.57,1.1728,118
1580012813.947,0.73,1.0074,0.56,1.1705,118
1580012814.122,0.74,1.0049,0.58,1.1554,118
1580012814.299,0.73,1.0175,0.56,1.1481,118
1580012814.476,0.76,0.9811,0.59,1.1499,118
1580012814.652,0.78,0.9639,0.58,1.156,118
1580012814.828,0.77,0.9719,0.59,1.1481,118
1580012815.006,0.76,0.9863,0.62,1.1265,118
1580012815.181,0.75,0.9916,0.6,1.1251,118
1580012815.359,0.77,0.9781,0.6,1.1351,118
1580012815.534,0.74,1.0005,0.6,1.1377,118
1580012815.712,0.73,1.0109,0.6,1.1308,118
1580012815.888,0.76,0.9854,0.63,1.1169,118
1580012816.046,0.81,0.9353,0.62,1.12,118
1580012816.225,0.77,0.9757,0.59,1.1359,119
1580012816.4,0.72,1.018,0.6,1.1444,119
1580012816.578,0.74,1.0005,0.61,1.1357,119
1580012816.758,0.76,0.989,0.63,1.1221,119
1580012816.934,0.74,1.001,0.64,1.1127,119
1580012817.111,0.76,0.9805,0.62,1.1119,119
1580012817.287,0.76,0.9781,0.62,1.1103,119
1580012817.462,0.77,0.9688,0.66,1.0897,119
1580012817.64,0.78,0.9606,0.64,1.0957,119
1580012817.82,0.77,0.9701,0.62,1.1036,119
1580012817.998,0.77,0.9712,0.63,1.111,119
1580012818.182,0.76,0.9853,0.63,1.1106,119
1580012818.359,0.74,0.9989,0.61,1.1281,119
1580012818.535,0.77,0.9727,0.57,1.1483,119
1580012818.694,0.79,0.9491,0.58,1.1554,119
1580012818.87,0.76,0.9767,0.58,1.1466,120
1580012819.047,0.75,0.9953,0.6,1.1325,120
1580012819.223,0.77,0.9725,0.61,1.1278,120
1580012819.399,0.78,0.9664,0.62,1.1274,120
1580012819.576,0.75,0.9908,0.61,1.1294,120
1580012819.756,0.77,0.9713,0.6,1.1178,120
1580012819.932,0.78,0.9621,0.64,1.0967,120
1580012820.111,0.78,0.9632,0.67,1.0789,120
1580012820.288,0.79,0.9472,0.68,1.0691,120
1580012820.465,0.78,0.961,0.67,1.0734,120
1580012820.64,0.78,0.9658,0.63,1.0963,120
1580012820.816,0.78,0.9695,0.62,1.1266,120
1580012820.992,0.76,0.9815,0.58,1.1546,120
1580012821.168,0.76,0.9766,0.57,1.1621,120
1580012821.325,0.81,0.9387,0.59,1.157,120
1580012821.507,0.77,0.9672,0.57,1.1628,121
1580012821.683,0.74,0.9973,0.58,1.1574,121
1580012821.877,0.77,0.9759,0.59,1.161,121
1580012822.051,0.77,0.9638,0.57,1.161,121
1580012822.228,0.76,0.9883,0.57,1.1622,121
1580012822.415,0.77,0.9731,0.59,1.1512,121
1580012822.592,0.78,0.9643,0.6,1.1355,121
1580012822.768,0.8,0.9481,0.58,1.1505,121
1580012822.95,0.79,0.9568,0.6,1.1459,121
1580012823.125,0.79,0.9569,0.62,1.1359,121
1580012823.304,0.78,0.9581,0.63,1.1128,121
1580012823.485,0.78,0.9634,0.65,1.101,121
1580012823.663,0.76,0.9832,0.62,1.1124,121
1580012823.84,0.77,0.9663,0.61,1.133,121
1580012824.003,0.82,0.9229,0.57,1.1607,121
1580012824.18,0.78,0.9634,0.57,1.1726,122
1580012824.358,0.75,0.9892,0.57,1.1729,122
1580012824.539,0.78,0.9656,0.57,1.162,122
1580012824.717,0.78,0.964,0.61,1.1348,122
1580012824.894,0.76,0.9818,0.61,1.1348,122
1580012825.073,0.79,0.9565,0.59,1.128,122
1580012825.249,0.79,0.9568,0.64,1.1022,122
1580012825.427,0.8,0.948,0.66,1.0919,122
1580012825.606,0.8,0.9449,0.64,1.101,122
1580012825.785,0.79,0.9486,0.61,1.1194,122
1580012825.966,0.8,0.9478,0.6,1.1366,122
1580012826.145,0.78,0.9662,0.57,1.1553,122
1580012826.321,0.77,0.9771,0.57,1.1583,122
1580012826.497,0.77,0.9682,0.59,1.1424,122
1580012826.658,0.82,0.9212,0.61,1.1328,122
1580012826.834,0.79,0.9509,0.61,1.1331,123
1580012827.016,0.77,0.9754,0.6,1.1356,123
1580012827.197,0.79,0.9544,0.6,1.1372,123
1580012827.376,0.79,0.9529,0.62,1.1254,123
1580012827.554,0.77,0.976,0.6,1.1301,123
1580012827.737,0.8,0.9473,0.61,1.1302,123
1580012827.919,0.8,0.9473,0.62,1.1228,123
1580012828.096,0.79,0.9523,0.63,1.1041,123
1580012828.278,0.8,0.94,0.65,1.0803,123
1580012828.455,0.81,0.9374,0.64,1.0979,123
1580012828.635,0.81,0.9369,0.62,1.1315,123
1580012828.813,0.77,0.9681,0.59,1.1505,123
1580012828.989,0.77,0.9747,0.58,1.1571,123
1580012829.167,0.78,0.966,0.59,1.152,123
1580012829.335,0.81,0.9322,0.58,1.1472,123
1580012829.525,0.78,0.9621,0.6,1.1347,124
1580012829.703,0.77,0.9724,0.59,1.1379,124
1580012829.888,0.79,0.9526,0.6,1.1417,124
1580012830.076,0.8,0.9486,0.62,1.134,124
1580012830.26,0.75,0.9886,0.61,1.1271,124
1580012830.444,0.79,0.9557,0.61,1.1268,124
1580012830.621,0.8,0.9476,0.61,1.1237,124
1580012830.803,0.8,0.9485,0.65,1.0984,124
1580012830.992,0.78,0.9575,0.64,1.0958,124
1580012831.176,0.79,0.9488,0.63,1.1074,124
1580012831.356,0.82,0.928,0.58,1.1493,124
1580012831.538,0.78,0.9697,0.57,1.1569,124
1580012831.724,0.76,0.9819,0.59,1.1498,124
1580012831.904,0.77,0.9655,0.61,1.1378,124
1580012832.063,0.82,0.9227,0.61,1.1336,124
1580012832.244,0.79,0.953,0.61,1.1372,125
1580012832.424,0.76,0.9834,0.58,1.1521,125
1580012832.601,0.79,0.9558,0.59,1.1545,125
1580012832.778,0.8,0.9412,0.58,1.1605,125
1580012832.955,0.75,0.9928,0.58,1.152,125
1580012833.138,0.77,0.9713,0.6,1.1399,125
1580012833.316,0.78,0.9693,0.61,1.1312,125
1580012833.493,0.79,0.9557,0.62,1.1172,125
1580012833.671,0.79,0.9529,0.63,1.108,125
1580012833.846,0.74,0.9946,0.64,1.1154,125
1580012834.022,0.79,0.9473,0.61,1.1378,125
1580012834.207,0.79,0.9587,0.6,1.1448,125
1580012834.388,0.75,0.9906,0.57,1.1499,125
1580012834.569,0.76,0.9821,0.58,1.1545,125
1580012834.728,0.81,0.9326,0.6,1.1392,125
1580012834.907,0.79,0.9499,0.62,1.1235,126
1580012835.087,0.76,0.9848,0.6,1.1363,126
1580012835.266,0.76,0.977,0.6,1.1368,126
1580012835.455,0.78,0.9631,0.61,1.1289,126
1580012835.646,0.77,0.972,0.59,1.1347,126
1580012835.835,0.8,0.9468,0.58,1.1472,126
1580012836.022,0.79,0.9562,0.59,1.1447,126
1580012836.217,0.78,0.9631,0.6,1.1243,126
1580012836.394,0.8,0.9426,0.64,1.0939,126
1580012836.572,0.79,0.9475,0.64,1.1013,126
1580012836.751,0.8,0.9415,0.63,1.1238,126
1580012836.934,0.78,0.9606,0.61,1.1443,126
1580012837.117,0.78,0.9675,0.56,1.1673,126
1580012837.294,0.79,0.9557,0.55,1.1767,126
1580012837.45,0.81,0.9319,0.56,1.1683,126
1580012837.628,0.77,0.9716,0.6,1.1354,127
1580012837.817,0.77,0.9661,0.63,1.1149,127
1580012837.993,0.8,0.9444,0.61,1.1199,127
1580012838.173,0.81,0.9304,0.62,1.1191,127
1580012838.353,0.78,0.9583,0.63,1.1154,127
1580012838.529,0.8,0.9444,0.62,1.1082,127
1580012838.705,0.8,0.9501,0.64,1.099,127
1580012838.886,0.8,0.9492,0.64,1.1002,127
1580012839.064,0.79,0.9549,0.62,1.1063,127
1580012839.244,0.81,0.9328,0.63,1.1141,127
1580012839.426,0.82,0.9266,0.61,1.1206,127
1580012839.607,0.8,0.9449,0.62,1.126,127
1580012839.787,0.78,0.9597,0.58,1.143,127
1580012839.971,0.79,0.9506,0.59,1.1531,127
1580012840.133,0.83,0.9173,0.59,1.1583,127
1580012840.328,0.79,0.9553,0.59,1.1574,128
1580012840.533,0.78,0.9678,0.58,1.1498,128
1580012840.72,0.8,0.9414,0.6,1.1343,128
1580012840.91,0.82,0.9217,0.62,1.1172,128
1580012841.099,0.79,0.9535,0.63,1.1103,128
1580012841.277,0.81,0.937,0.64,1.1032,128
1580012841.454,0.8,0.9477,0.64,1.1013,128
1580012841.629,0.8,0.9485,0.63,1.1098,128
1580012841.806,0.8,0.9401,0.62,1.1157,128
1580012841.983,0.81,0.9294,0.61,1.1218,128
1580012842.164,0.81,0.9282,0.63,1.1168,128
1580012842.349,0.8,0.9409,0.64,1.1091,128
1580012842.533,0.79,0.9516,0.64,1.1035,128
1580012842.715,0.79,0.9489,0.64,1.1122,128
1580012842.878,0.83,0.917,0.59,1.1481,128
1580012843.061,0.79,0.9541,0.58,1.1583,129
1580012843.247,0.78,0.9654,0.6,1.1485,129
1580012843.429,0.8,0.9464,0.61,1.135,129
1580012843.613,0.82,0.9221,0.6,1.1322,129
1580012843.793,0.79,0.953,0.63,1.1175,129
1580012843.972,0.82,0.925,0.63,1.1089,129
1580012844.153,0.8,0.9437,0.64,1.0976,129
1580012844.334,0.79,0.9581,0.64,1.0996,129
1580012844.514,0.79,0.95,0.62,1.1094,129
1580012844.699,0.81,0.9307,0.59,1.1433,129
1580012844.879,0.82,0.923,0.58,1.1505,129
1580012845.059,0.8,0.9422,0.6,1.1492,129
1580012845.241,0.79,0.9538,0.61,1.1421,129
1580012845.425,0.79,0.9511,0.6,1.1394,129
1580012845.583,0.83,0.9121,0.6,1.1324,129
1580012845.762,0.79,0.9496,0.61,1.1259,130
1580012845.938,0.77,0.9709,0.61,1.1291,130
1580012846.116,0.81,0.9361,0.61,1.1285,130
1580012846.294,0.82,0.9249,0.59,1.1311,130
1580012846.469,0.8,0.9459,0.62,1.1165,130
1580012846.646,0.82,0.9271,0.65,1.1019,130
1580012846.821,0.8,0.9394,0.64,1.0987,130
1580012846.997,0.8,0.9482,0.65,1.0956,130
1580012847.174,0.8,0.9495,0.64,1.1008,130
1580012847.352,0.8,0.9438,0.61,1.1252,130
1580012847.527,0.83,0.9171,0.61,1.1403,130
1580012847.703,0.81,0.938,0.58,1.1658,130
1580012847.88,0.79,0.9493,0.56,1.1803,130
1580012848.056,0.78,0.9579,0.55,1.1862,130
1580012848.214,0.82,0.9225,0.57,1.1742,130
1580012848.394,0.78,0.9651,0.59,1.1496,131
1580012848.569,0.78,0.9627,0.6,1.1322,131
1580012848.745,0.81,0.9374,0.61,1.126,131
1580012848.924,0.82,0.921,0.62,1.1254,131
1580012849.101,0.8,0.9483,0.63,1.1186,131
1580012849.278,0.82,0.9243,0.63,1.1189,131
1580012849.457,0.81,0.9339,0.63,1.1148,131
1580012849.635,0.79,0.9474,0.63,1.108,131
1580012849.811,0.8,0.9404,0.64,1.1011,131
1580012849.987,0.81,0.9335,0.64,1.0976,131
1580012850.163,0.82,0.9235,0.62,1.1155,131
1580012850.341,0.8,0.9435,0.61,1.1367,131
1580012850.524,0.8,0.9451,0.56,1.1665,131
1580012850.71,0.8,0.9475,0.54,1.1855,131
1580012850.868,0.83,0.9195,0.53,1.1971,131
1580012851.05,0.78,0.9626,0.55,1.1853,132
1580012851.227,0.78,0.9682,0.57,1.1684,132
1580012851.403,0.81,0.9337,0.6,1.1378,132
1580012851.58,0.83,0.9165,0.63,1.1142,132
1580012851.758,0.8,0.9484,0.65,1.0998,132
1580012851.934,0.82,0.9233,0.65,1.0945,132
1580012852.112,0.81,0.938,0.66,1.0919,132
1580012852.29,0.8,0.9497,0.66,1.0896,132
1580012852.472,0.81,0.9367,0.64,1.1003,132
1580012852.652,0.82,0.9243,0.61,1.1241,132
1580012852.834,0.83,0.9186,0.61,1.1286,132
1580012853.015,0.81,0.9325,0.62,1.1232,132
1580012853.194,0.8,0.944,0.63,1.1176,132
1580012853.372,0.79,0.9522,0.6,1.1293,132
1580012853.535,0.83,0.9146,0.59,1.1444,132
1580012853.716,0.79,0.9519,0.59,1.1511,133
1580012853.893,0.78,0.9639,0.59,1.155,133
1580012854.071,0.81,0.9406,0.58,1.1543,133
1580012854.253,0.82,0.9261,0.61,1.1421,133
1580012854.433,0.8,0.9475,0.61,1.1222,133
1580012854.619,0.82,0.9211,0.63,1.1066,133
1580012854.798,0.81,0.9374,0.64,1.1008,133
1580012854.975,0.79,0.9521,0.63,1.1103,133
1580012855.153,0.79,0.9571,0.64,1.1092,133
1580012855.329,0.81,0.938,0.62,1.122,133
1580012855.508,0.83,0.9208,0.57,1.1594,133
1580012855.687,0.81,0.9361,0.55,1.1751,133
1580012855.865,0.8,0.9449,0.55,1.1783,133
1580012856.041,0.79,0.9521,0.55,1.1796,133
1580012856.199,0.83,0.9118,0.57,1.1643,133
1580012856.377,0.79,0.9526,0.58,1.1592,134
1580012856.558,0.78,0.9675,0.59,1.1468,134
1580012856.738,0.81,0.9315,0.6,1.1428,134
1580012856.914,0.83,0.9111,0.6,1.1369,134
1580012857.091,0.8,0.9447,0.61,1.1258,134
1580012857.267,0.82,0.9272,0.63,1.1072,134
1580012857.447,0.81,0.9299,0.65,1.0933,134
1580012857.637,0.79,0.9542,0.65,1.085,134
1580012857.816,0.79,0.9566,0.67,1.0838,134
1580012857.995,0.8,0.9469,0.66,1.0925,134
1580012858.172,0.82,0.9228,0.61,1.1231,134
1580012858.349,0.81,0.9333,0.59,1.1467,134
1580012858.526,0.8,0.9454,0.58,1.1609,134
1580012858.715,0.79,0.9549,0.58,1.1612,134
1580012858.872,0.82,0.9254,0.58,1.1545,134
1580012859.049,0.79,0.9604,0.59,1.1452,135
1580012859.226,0.77,0.9714,0.61,1.127,135
1580012859.403,0.79,0.9491,0.62,1.1259,135
1580012859.581,0.8,0.9435,0.6,1.1247,135
1580012859.769,0.78,0.9605,0.6,1.126,135
1580012859.958,0.81,0.9332,0.62,1.121,135
1580012860.146,0.8,0.9412,0.63,1.11,135
1580012860.335,0.81,0.9415,0.63,1.1082,135
1580012860.52,0.79,0.9485,0.64,1.1051,135
1580012860.711,0.8,0.9469,0.63,1.1015,135
1580012860.898,0.81,0.9302,0.62,1.1136,135
1580012861.079,0.8,0.9475,0.58,1.141,135
1580012861.256,0.78,0.9624,0.58,1.1584,135
1580012861.433,0.79,0.9552,0.56,1.1716,135
1580012861.601,0.83,0.9136,0.55,1.183,135
1580012861.783,0.79,0.9545,0.55,1.1792,136
1580012861.961,0.77,0.9774,0.56,1.1791,136
1580012862.142,0.79,0.9585,0.57,1.1624,136
1580012862.317,0.8,0.945,0.6,1.1495,136
1580012862.496,0.77,0.9726,0.63,1.112,136
1580012862.677,0.8,0.9393,0.64,1.0947,136
1580012862.854,0.8,0.9434,0.65,1.0988,136
1580012863.031,0.8,0.9451,0.63,1.1018,136
1580012863.21,0.78,0.9579,0.64,1.1028,136
1580012863.385,0.79,0.9489,0.62,1.1171,136
1580012863.564,0.81,0.939,0.6,1.1372,136
1580012863.744,0.78,0.9615,0.6,1.1433,136
1580012863.924,0.78,0.9603,0.61,1.138,136
1580012864.103,0.79,0.953,0.59,1.147,136
1580012864.262,0.82,0.9201,0.58,1.1588,136
1580012864.441,0.79,0.9508,0.57,1.1681,137
1580012864.619,0.77,0.9783,0.55,1.1794,137
1580012864.804,0.79,0.9589,0.56,1.181,137
1580012864.982,0.78,0.96,0.57,1.1658,137
1580012865.16,0.77,0.9709,0.58,1.1572,137
1580012865.336,0.8,0.9464,0.6,1.1377,137
1580012865.512,0.8,0.9408,0.65,1.1021,137
1580012865.69,0.81,0.9393,0.63,1.1026,137
1580012865.873,0.81,0.9324,0.63,1.1044,137
1580012866.051,0.79,0.9555,0.65,1.0958,137
1580012866.232,0.79,0.9501,0.63,1.1115,137
1580012866.412,0.79,0.9546,0.59,1.1481,137
1580012866.589,0.78,0.9669,0.58,1.1561,137
1580012866.768,0.8,0.9514,0.59,1.1496,137
1580012866.926,0.83,0.9227,0.58,1.1541,137
1580012867.104,0.78,0.9632,0.59,1.1532,138
1580012867.281,0.78,0.9666,0.58,1.1538,138
1580012867.458,0.8,0.9437,0.59,1.1465,138
1580012867.637,0.8,0.9415,0.61,1.1327,138
1580012867.823,0.78,0.959,0.59,1.1286,138
1580012868.001,0.8,0.9413,0.62,1.1271,138
1580012868.178,0.79,0.9498,0.62,1.1165,138
1580012868.355,0.79,0.9461,0.63,1.1067,138
1580012868.535,0.8,0.938,0.64,1.0936,138
1580012868.724,0.81,0.9284,0.65,1.0956,138
1580012868.911,0.81,0.9304,0.63,1.1101,138
1580012869.088,0.8,0.9471,0.61,1.1222,138
1580012869.265,0.78,0.9676,0.61,1.1296,138
1580012869.444,0.79,0.9518,0.59,1.1495,138
1580012869.604,0.82,0.926,0.57,1.1627,138
1580012869.787,0.78,0.9616,0.59,1.1573,139
1580012869.967,0.77,0.9684,0.6,1.1476,139
1580012870.147,0.8,0.9445,0.6,1.1407,139
1580012870.324,0.81,0.9328,0.59,1.1395,139
1580012870.502,0.79,0.9564,0.6,1.129,139
1580012870.681,0.8,0.9442,0.6,1.1292,139
1580012870.862,0.79,0.9519,0.6,1.1459,139
1580012871.042,0.79,0.9538,0.59,1.1511,139
1580012871.225,0.8,0.9446,0.61,1.1399,139
1580012871.407,0.8,0.942,0.62,1.1313,139
1580012871.589,0.81,0.9308,0.61,1.1196,139
1580012871.772,0.79,0.9517,0.61,1.1238,139
1580012871.955,0.77,0.9763,0.59,1.137,139
1580012872.137,0.78,0.96,0.6,1.1435,139
1580012872.299,0.82,0.9192,0.61,1.1432,139
1580012872.479,0.8,0.9452,0.6,1.141,140
1580012872.658,0.77,0.9773,0.6,1.149,140
1580012872.839,0.79,0.957,0.59,1.1571,140
1580012873.022,0.79,0.9555,0.58,1.1555,140
1580012873.203,0.79,0.96,0.62,1.1192,140
1580012873.384,0.79,0.9525,0.62,1.1157,140
1580012873.563,0.79,0.9517,0.63,1.1019,140
1580012873.745,0.8,0.9428,0.65,1.0937,140
1580012873.928,0.79,0.9541,0.66,1.0981,140
1580012874.104,0.79,0.9509,0.6,1.1286,140
1580012874.287,0.79,0.9503,0.58,1.1515,140
1580012874.467,0.77,0.9705,0.59,1.1609,140
1580012874.649,0.74,1.0039,0.58,1.1564,140
1580012874.83,0.77,0.9755,0.59,1.1311,140
1580012874.989,0.84,0.9101,0.59,1.1465,140
1580012875.17,0.81,0.934,0.56,1.1736,141
1580012875.348,0.77,0.9751,0.56,1.1779,141
1580012875.524,0.78,0.9614,0.58,1.1654,141
1580012875.7,0.78,0.9648,0.58,1.1533,141
1580012875.882,0.76,0.9784,0.6,1.1379,141
1580012876.065,0.78,0.9574,0.58,1.1342,141
1580012876.244,0.77,0.9743,0.63,1.1106,141
1580012876.42,0.79,0.955,0.63,1.1065,141
1580012876.595,0.82,0.9274,0.66,1.0874,141
1580012876.774,0.8,0.9411,0.65,1.0873,141
1580012876.954,0.77,0.9692,0.65,1.0925,141
1580012877.132,0.76,0.9801,0.6,1.1239,141
1580012877.308,0.75,0.9956,0.58,1.1516,141
1580012877.485,0.75,0.9946,0.57,1.1646,141
1580012877.642,0.78,0.9616,0.55,1.1779,141
1580012877.819,0.76,0.9818,0.57,1.1713,142
1580012878.0,0.78,0.9666,0.56,1.1806,142
1580012878.177,0.8,0.9511,0.57,1.1702,142
1580012878.355,0.77,0.9689,0.59,1.1522,142
1580012878.532,0.73,1.0121,0.61,1.1347,142
1580012878.712,0.76,0.9826,0.61,1.1296,142
1580012878.888,0.74,1.0004,0.6,1.1307,142
1580012879.068,0.77,0.9764,0.62,1.1226,142
1580012879.246,0.79,0.9529,0.62,1.1223,142
1580012879.424,0.79,0.9502,0.62,1.1214,142
1580012879.599,0.82,0.9227,0.63,1.1103,142
1580012879.778,0.79,0.9546,0.61,1.121,142
1580012879.956,0.75,0.994,0.61,1.1289,142
1580012880.14,0.75,0.9871,0.6,1.1268,142
1580012880.298,0.8,0.9406,0.61,1.1212,142
1580012880.477,0.79,0.9541,0.61,1.1275,143
1580012880.653,0.78,0.9638,0.59,1.144,143
1580012880.831,0.8,0.9347,0.59,1.153,143
1580012881.011,0.8,0.9386,0.57,1.159,143
1580012881.195,0.78,0.9639,0.59,1.1503,143
1580012881.375,0.78,0.9576,0.59,1.1427,143
1580012881.552,0.77,0.9708,0.61,1.1305,143
1580012881.729,0.78,0.9602,0.6,1.1272,143
1580012881.905,0.8,0.9417,0.63,1.1154,143
1580012882.087,0.8,0.9439,0.63,1.1011,143
1580012882.267,0.81,0.9359,0.64,1.0981,143
1580012882.451,0.79,0.9497,0.64,1.101,143
1580012882.629,0.79,0.9569,0.6,1.1378,143
1580012882.804,0.79,0.9601,0.58,1.1465,143
1580012882.962,0.79,0.9478,0.58,1.1581,143
1580012883.139,0.79,0.9581,0.57,1.1676,144
1580012883.317,0.77,0.9674,0.58,1.1572,144
1580012883.492,0.81,0.9312,0.61,1.1275,144
1580012883.668,0.82,0.9239,0.62,1.1209,144
1580012883.845,0.79,0.9565,0.62,1.1157,144
1580012884.022,0.8,0.9381,0.64,1.1137,144
1580012884.2,0.79,0.9535,0.63,1.1142,144
1580012884.377,0.78,0.962,0.64,1.1049,144
1580012884.553,0.79,0.9543,0.65,1.0868,144
1580012884.733,0.8,0.9383,0.66,1.0825,144
1580012884.908,0.83,0.9166,0.65,1.096,144
1580012885.084,0.8,0.943,0.62,1.1189,144
1580012885.268,0.8,0.9511,0.58,1.1443,144
1580012885.445,0.79,0.9517,0.56,1.1736,144
1580012885.602,0.83,0.9192,0.53,1.1953,144
1580012885.784,0.79,0.9559,0.56,1.1804,145
1580012885.96,0.76,0.9848,0.55,1.1796,145
1580012886.137,0.79,0.9556,0.57,1.1626,145
1580012886.316,0.82,0.9207,0.57,1.1611,145
1580012886.494,0.8,0.9455,0.59,1.1406,145
1580012886.669,0.8,0.9473,0.59,1.1426,145
1580012886.85,0.8,0.9509,0.59,1.1549,145
1580012887.025,0.8,0.9441,0.56,1.1673,145
1580012887.207,0.79,0.9473,0.57,1.1677,145
1580012887.385,0.81,0.9356,0.57,1.1648,145
1580012887.562,0.82,0.9242,0.56,1.1542,145
1580012887.74,0.81,0.9333,0.61,1.1338,145
1580012887.915,0.8,0.9431,0.6,1.139,145
1580012888.093,0.79,0.9582,0.58,1.1468,145
1580012888.25,0.81,0.9287,0.57,1.1668,145
1580012888.427,0.8,0.9399,0.54,1.1843,146
1580012888.605,0.79,0.9575,0.57,1.1772,146
1580012888.791,0.8,0.944,0.56,1.1667,146
1580012888.968,0.81,0.9353,0.58,1.1597,146
1580012889.145,0.79,0.9576,0.6,1.1482,146
1580012889.34,0.83,0.9166,0.61,1.1223,146
1580012889.527,0.8,0.9402,0.61,1.1239,146
1580012889.703,0.77,0.9663,0.63,1.1054,146
1580012889.882,0.8,0.9451,0.61,1.1164,146
1580012890.062,0.81,0.9286,0.59,1.1405,146
1580012890.242,0.82,0.9218,0.58,1.1507,146
1580012890.421,0.8,0.9412,0.58,1.1533,146
1580012890.596,0.79,0.9474,0.58,1.1662,146
1580012890.773,0.81,0.9382,0.57,1.1709,146
1580012890.937,0.83,0.9113,0.57,1.1728,146
1580012891.115,0.81,0.9366,0.57,1.1714,147
1580012891.304,0.79,0.9537,0.58,1.1566,147
1580012891.483,0.82,0.9207,0.57,1.1563,147
1580012891.664,0.83,0.9104,0.58,1.1486,147
1580012891.842,0.8,0.9452,0.59,1.142,147
1580012892.019,0.82,0.9209,0.61,1.1224,147
1580012892.196,0.8,0.9357,0.65,1.0959,147
1580012892.373,0.81,0.9282,0.66,1.0872,147
1580012892.552,0.81,0.9379,0.64,1.0934,147
1580012892.728,0.8,0.9473,0.66,1.0935,147
1580012892.904,0.82,0.9236,0.62,1.1171,147
1580012893.084,0.8,0.9382,0.59,1.1485,147
1580012893.266,0.79,0.9517,0.57,1.1737,147
1580012893.457,0.78,0.9595,0.56,1.1894,147
1580012893.62,0.81,0.9268,0.53,1.1986,147
1580012893.808,0.8,0.9423,0.55,1.1927,148
1580012893.994,0.8,0.9505,0.56,1.178,148
1580012894.184,0.8,0.9393,0.57,1.1606,148
1580012894.373,0.83,0.9157,0.61,1.1265,148
1580012894.555,0.8,0.9377,0.64,1.102,148
1580012894.739,0.82,0.9201,0.64,1.0953,148
1580012894.925,0.81,0.9341,0.63,1.0976,148
1580012895.106,0.81,0.9401,0.64,1.0982,148
1580012895.29,0.81,0.9286,0.64,1.1052,148
1580012895.488,0.82,0.92,0.62,1.1206,148
1580012895.676,0.82,0.9171,0.61,1.1356,148
1580012895.864,0.8,0.9397,0.56,1.1701,148
1580012896.053,0.81,0.9396,0.56,1.1782,148
1580012896.242,0.8,0.9401,0.55,1.182,148
1580012896.412,0.83,0.9093,0.56,1.1807,148
1580012896.604,0.82,0.9278,0.55,1.1817,149
1580012896.786,0.79,0.9488,0.54,1.1819,149
1580012896.968,0.82,0.9196,0.56,1.1781,149
1580012897.151,0.83,0.9152,0.59,1.1512,149
1580012897.334,0.8,0.9398,0.61,1.1167,149
1580012897.517,0.83,0.918,0.63,1.1046,149
1580012897.7,0.81,0.9342,0.63,1.1036,149
1580012897.883,0.81,0.9299,0.63,1.1058,149
1580012898.068,0.82,0.9241,0.63,1.1065,149
1580012898.25,0.82,0.9211,0.62,1.1123,149
1580012898.433,0.83,0.9166,0.63,1.1132,149
1580012898.62,0.81,0.9307,0.59,1.1393,149
1580012898.8,0.81,0.9328,0.58,1.1598,149
1580012898.984,0.81,0.9323,0.57,1.1682,149
1580012899.147,0.84,0.9086,0.56,1.1784,149
