1579980813.999,0.33,1.3816,0.32,1.3847,0
1579980814.276,0.67,1.3782,0.32,1.3847,0
1579980814.542,0.33,1.3848,0.32,1.3846,0
1579980814.804,0.33,1.3822,0.32,1.3846,0
1579980815.073,0.33,1.3821,0.32,1.3847,0
1579980815.33,0.33,1.3824,0.32,1.3847,0
1579980815.595,0.0,1.3948,0.32,1.3848,0
1579980815.855,0.67,1.379,0.32,1.3848,0
1579980815.899,0.33,1.3819,0.32,1.3848,1
1579980816.159,0.67,1.3787,0.32,1.3848,1
1579980816.416,0.33,1.385,0.32,1.3847,1
1579980816.685,0.33,1.3824,0.32,1.3847,1
1579980816.946,0.33,1.3822,0.32,1.3848,1
1579980817.21,0.33,1.3825,0.32,1.3848,1
1579980817.466,0.0,1.3946,0.32,1.3849,1
1579980817.732,0.67,1.3796,0.32,1.3849,1
1579980817.778,0.33,1.3823,0.32,1.3849,2
1579980818.051,0.67,1.3793,0.32,1.3849,2
1579980818.313,0.33,1.3853,0.32,1.3848,2
1579980818.586,0.33,1.3825,0.32,1.3848,2
1579980818.842,0.33,1.3824,0.32,1.3849,2
1579980819.115,0.33,1.3826,0.32,1.385,2
1579980819.38,0.0,1.3944,0.32,1.385,2
1579980819.645,0.67,1.3801,0.32,1.3851,2
1579980819.69,0.33,1.3827,0.32,1.3851,3
1579980819.95,0.67,1.3798,0.32,1.385,3
1579980820.207,0.33,1.3855,0.32,1.385,3
1579980820.467,0.33,1.3826,0.32,1.385,3
1579980820.733,0.33,1.3825,0.32,1.3851,3
1579980820.992,0.33,1.3828,0.32,1.3851,3
1579980821.254,0.0,1.3942,0.32,1.3852,3
1579980821.521,0.67,1.3806,0.32,1.3852,3
1579980821.568,0.33,1.3831,0.32,1.3852,4
1579980821.841,0.67,1.3803,0.32,1.3852,4
1579980822.106,0.33,1.3858,0.32,1.3851,4
1579980822.38,0.33,1.3827,0.32,1.3851,4
1579980822.648,0.33,1.3826,0.32,1.3852,4
1579980822.906,0.33,1.3829,0.32,1.3852,4
1579980823.17,0.0,1.394,0.32,1.3853,4
1579980823.426,0.67,1.3811,0.32,1.3853,4
1579980823.47,0.33,1.3834,0.32,1.3853,5
1579980823.739,0.67,1.3808,0.32,1.3853,5
1579980824.002,0.33,1.386,0.32,1.3852,5
1579980824.266,0.33,1.3828,0.32,1.3852,5
1579980824.529,0.33,1.3827,0.32,1.3853,5
1579980824.794,0.33,1.383,0.32,1.3853,5
1579980825.056,0.0,1.3938,0.32,1.3854,5
1579980825.322,0.67,1.3815,0.32,1.3854,5
1579980825.367,0.33,1.3838,0.32,1.3854,6
1579980825.624,0.67,1.3812,0.32,1.3854,6
1579980825.894,0.33,1.3862,0.32,1.3853,6
1579980826.167,0.33,1.3829,0.32,1.3853,6
1579980826.434,0.33,1.3828,0.32,1.3854,6
1579980826.695,0.33,1.3831,0.32,1.3855,6
1579980826.967,0.0,1.3937,0.32,1.3855,6
1579980827.231,0.67,1.382,0.32,1.3855,6
1579980827.278,0.33,1.3842,0.32,1.3855,7
1579980827.55,0.67,1.3817,0.32,1.3855,7
1579980827.819,0.33,1.3864,0.32,1.3854,7
1579980828.078,0.33,1.383,0.32,1.3854,7
1579980828.354,0.33,1.3829,0.32,1.3855,7
1579980828.626,0.33,1.3832,0.32,1.3856,7
1579980828.9,0.0,1.3935,0.32,1.3856,7
1579980829.17,0.67,1.3824,0.32,1.3856,7
1579980829.214,0.33,1.3845,0.32,1.3856,8
1579980829.48,0.67,1.3821,0.32,1.3856,8
1579980829.734,0.33,1.3866,0.32,1.3856,8
1579980829.998,0.33,1.3831,0.32,1.3855,8
1579980830.258,0.33,1.383,0.32,1.3856,8
1579980830.53,0.33,1.3833,0.32,1.3857,8
1579980830.8,0.0,1.3933,0.32,1.3857,8
1579980831.066,0.67,1.3828,0.32,1.3858,8
1579980831.11,0.33,1.3849,0.32,1.3858,9
1579980831.374,0.67,1.3826,0.32,1.3857,9
1579980831.637,0.33,1.3868,0.32,1.3857,9
1579980831.908,0.33,1.3832,0.32,1.3857,9
1579980832.164,0.33,1.3831,0.32,1.3857,9
1579980832.425,0.33,1.3834,0.32,1.3858,9
1579980832.706,0.0,1.3932,0.32,1.3858,9
1579980832.968,0.67,1.3832,0.32,1.3859,9
1579980833.012,0.33,1.3852,0.32,1.3859,10
1579980833.273,0.67,1.383,0.32,1.3858,10
1579980833.526,0.33,1.387,0.32,1.3858,10
1579980833.782,0.33,1.3833,0.32,1.3858,10
1579980834.046,0.33,1.3832,0.32,1.3858,10
1579980834.302,0.33,1.3835,0.32,1.3859,10
1579980834.557,0.0,1.393,0.32,1.3859,10
1579980834.816,0.67,1.3836,0.32,1.386,10
1579980834.859,0.33,1.3856,0.32,1.386,11
1579980835.123,0.67,1.3834,0.32,1.3859,11
1579980835.381,0.33,1.3872,0.32,1.3859,11
1579980835.636,0.33,1.3834,0.32,1.3859,11
1579980835.896,0.33,1.3833,0.32,1.3859,11
1579980836.159,0.33,1.3835,0.32,1.386,11
1579980836.415,0.0,1.3929,0.32,1.386,11
1579980836.707,0.67,1.384,0.32,1.3861,11
1579980836.755,0.33,1.3859,0.32,1.3861,12
1579980837.025,0.67,1.3837,0.32,1.386,12
1579980837.284,0.33,1.3874,0.32,1.386,12
1579980837.542,0.33,1.3835,0.32,1.386,12
1579980837.799,0.33,1.3834,0.32,1.386,12
1579980838.068,0.33,1.3836,0.32,1.3861,12
1579980838.327,0.0,1.3928,0.32,1.3861,12
1579980838.583,0.67,1.3844,0.32,1.3862,12
1579980838.627,0.33,1.3862,0.32,1.3862,13
1579980838.889,0.67,1.3841,0.32,1.3861,13
1579980839.162,0.33,1.3876,0.32,1.3861,13
1579980839.418,0.33,1.3836,0.32,1.3861,13
1579980839.673,0.33,1.3834,0.32,1.3861,13
1579980839.931,0.33,1.3837,0.32,1.3862,13
1579980840.234,0.0,1.3926,0.32,1.3862,13
1579980840.491,0.67,1.3848,0.32,1.3863,13
1579980840.535,0.33,1.3865,0.32,1.3863,14
1579980840.795,0.67,1.3845,0.32,1.3862,14
1579980841.052,0.33,1.3878,0.32,1.3862,14
1579980841.32,0.33,1.3836,0.32,1.3861,14
1579980841.582,0.33,1.3835,0.32,1.3862,14
1579980841.842,0.33,1.3838,0.32,1.3863,14
1579980842.13,0.0,1.3925,0.32,1.3863,14
1579980842.391,0.67,1.3851,0.32,1.3864,14
1579980842.435,0.33,1.3868,0.32,1.3864,15
1579980842.705,0.67,1.3848,0.32,1.3863,15
1579980842.963,0.33,1.388,0.32,1.3863,15
1579980843.227,0.33,1.3837,0.32,1.3862,15
1579980843.483,0.33,1.3836,0.32,1.3863,15
1579980843.736,0.33,1.3839,0.17,1.3864,15
1579980843.994,0.0,1.3924,0.17,1.3864,15
1579980844.268,0.0,1.3855,0.17,1.3864,15
1579980844.311,0.0,1.3871,0.17,1.3864,16
1579980844.568,0.0,1.3852,0.17,1.3864,16
1579980844.82,0.33,1.3881,0.32,1.3863,16
1579980845.075,0.33,1.3838,0.32,1.3863,16
1579980845.342,0.33,1.3837,0.17,1.3864,16
1579980845.594,0.33,1.384,0.17,1.3865,16
1579980845.85,0.0,1.3923,0.17,1.3865,16
1579980846.131,0.0,1.3858,0.17,1.3865,16
1579980846.188,0.0,1.3874,0.17,1.3865,17
1579980846.498,0.0,1.3855,0.17,1.3865,17
1579980846.78,0.0,1.3883,0.17,1.3864,17
1579980847.031,0.33,1.3839,0.17,1.3864,17
1579980847.295,0.33,1.3838,0.17,1.3865,17
1579980847.556,0.33,1.384,0.17,1.3865,17
1579980847.809,0.0,1.3922,0.17,1.3866,17
1579980848.061,0.0,1.3861,0.17,1.3866,17
1579980848.104,0.0,1.3877,0.17,1.3866,18
1579980848.37,0.0,1.3858,0.17,1.3866,18
1579980848.636,0.0,1.3885,0.17,1.3865,18
1579980848.89,0.33,1.3839,0.17,1.3865,18
1579980849.148,0.33,1.3838,0.17,1.3866,18
1579980849.415,0.33,1.3841,0.17,1.3866,18
1579980849.678,0.0,1.3921,0.17,1.3867,18
1579980849.933,0.0,1.3864,0.17,1.3867,18
1579980849.975,0.0,1.388,0.17,1.3867,19
1579980850.239,0.0,1.3861,0.17,1.3867,19
1579980850.504,0.0,1.3886,0.17,1.3866,19
1579980850.758,0.33,1.384,0.17,1.3866,19
1579980851.015,0.33,1.3839,0.17,1.3867,19
1579980851.273,0.33,1.3842,0.17,1.3867,19
1579980851.539,0.0,1.392,0.17,1.3868,19
1579980851.805,0.0,1.3867,0.17,1.3868,19
1579980851.849,0.0,1.3883,0.17,1.3868,20
1579980852.106,0.0,1.3864,0.17,1.3868,20
1579980852.373,0.0,1.3888,0.17,1.3867,20
1579980852.635,0.33,1.3841,0.17,1.3867,20
1579980852.908,0.33,1.384,0.17,1.3867,20
1579980853.166,0.33,1.3842,0.17,1.3868,20
1579980853.432,0.0,1.3919,0.17,1.3869,20
1579980853.688,0.0,1.387,0.17,1.3869,20
1579980853.731,0.0,1.3885,0.17,1.3869,21
1579980853.989,0.0,1.3867,0.17,1.3868,21
1579980854.256,0.0,1.3889,0.17,1.3868,21
1579980854.521,0.33,1.3842,0.17,1.3867,21
1579980854.781,0.33,1.384,0.17,1.3868,21
1579980855.039,0.33,1.3843,0.17,1.3869,21
1579980855.298,0.0,1.3918,0.17,1.3869,21
1579980855.56,0.0,1.3873,0.17,1.3869,21
1579980855.605,0.0,1.3888,0.17,1.3869,22
1579980855.87,0.0,1.387,0.17,1.3869,22
1579980856.126,0.0,1.3891,0.17,1.3868,22
1579980856.386,0.33,1.3842,0.17,1.3868,22
1579980856.652,0.33,1.3841,0.17,1.3869,22
1579980856.917,0.33,1.3844,0.17,1.3869,22
1579980857.178,0.0,1.3917,0.17,1.387,22
1579980857.439,0.0,1.3876,0.17,1.387,22
1579980857.486,0.0,1.389,0.17,1.387,23
1579980857.743,0.0,1.3873,0.17,1.387,23
1579980858.004,0.0,1.3892,0.17,1.3869,23
1579980858.266,0.33,1.3843,0.17,1.3869,23
1579980858.537,0.33,1.3842,0.17,1.387,23
1579980858.811,0.33,1.3844,0.17,1.387,23
1579980859.074,0.0,1.3916,0.17,1.3871,23
1579980859.332,0.0,1.3879,0.17,1.3871,23
1579980859.375,0.0,1.3893,0.17,1.3871,24
1579980859.645,0.0,1.3876,0.17,1.3871,24
1579980859.924,0.0,1.3894,0.17,1.387,24
1579980860.201,0.33,1.3844,0.17,1.387,24
1579980860.469,0.33,1.3842,0.17,1.3871,24
1579980860.743,0.33,1.3845,0.17,1.3871,24
1579980860.999,0.0,1.3915,0.17,1.3872,24
1579980861.268,0.0,1.3881,0.17,1.3872,24
1579980861.313,0.0,1.3895,0.17,1.3872,25
1579980861.571,0.0,1.3878,0.17,1.3871,25
1579980861.825,0.0,1.3895,0.17,1.3871,25
1579980862.082,0.33,1.3844,0.17,1.387,25
1579980862.345,0.33,1.3843,0.17,1.3871,25
1579980862.606,0.33,1.3846,0.17,1.3872,25
1579980862.861,0.0,1.3914,0.17,1.3872,25
1579980863.136,0.0,1.3884,0.17,1.3872,25
1579980863.181,0.0,1.3897,0.17,1.3872,26
1579980863.441,0.0,1.3881,0.17,1.3872,26
1579980863.706,0.0,1.3896,0.17,1.3871,26
1579980863.964,0.33,1.3845,0.17,1.3871,26
1579980864.228,0.33,1.3844,0.17,1.3872,26
1579980864.487,0.33,1.3846,0.17,1.3872,26
1579980864.749,0.0,1.3914,0.17,1.3873,26
1579980865.006,0.0,1.3886,0.17,1.3873,26
1579980865.049,0.0,1.39,0.17,1.3873,27
1579980865.317,0.0,1.3884,0.17,1.3873,27
1579980865.575,0.0,1.3898,0.17,1.3872,27
1579980865.841,0.33,1.3845,0.17,1.3872,27
1579980866.104,0.33,1.3844,0.17,1.3873,27
1579980866.364,0.33,1.3847,0.17,1.3873,27
1579980866.624,0.0,1.3913,0.17,1.3874,27
1579980866.908,0.0,1.3889,0.17,1.3874,27
1579980866.951,0.0,1.3902,0.17,1.3874,28
1579980867.211,0.0,1.3886,0.17,1.3874,28
1579980867.476,0.0,1.3899,0.17,1.3873,28
1579980867.747,0.33,1.3846,0.17,1.3872,28
1579980868.007,0.33,1.3845,0.17,1.3873,28
1579980868.262,0.33,1.3847,0.17,1.3874,28
1579980868.526,0.0,1.3912,0.17,1.3874,28
1579980868.808,0.0,1.3891,0.17,1.3874,28
1579980868.852,0.0,1.3904,0.17,1.3874,29
1579980869.117,0.0,1.3888,0.17,1.3874,29
1579980869.385,0.0,1.39,0.17,1.3873,29
1579980869.665,0.33,1.3847,0.17,1.3873,29
1579980869.935,0.33,1.3845,0.17,1.3874,29
1579980870.197,0.33,1.3848,0.17,1.3874,29
1579980870.464,0.0,1.3911,0.17,1.3875,29
1579980870.739,0.0,1.3893,0.17,1.3875,29
1579980870.787,0.0,1.3906,0.17,1.3875,30
1579980871.058,0.0,1.3891,0.17,1.3875,30
1579980871.326,0.0,1.3901,0.17,1.3874,30
1579980871.586,0.33,1.3847,0.17,1.3874,30
1579980871.861,0.33,1.3846,0.17,1.3875,30
1579980872.131,0.33,1.3849,0.17,1.3875,30
1579980872.397,0.0,1.3911,0.17,1.3876,30
1579980872.658,0.0,1.3896,0.17,1.3876,30
1579980872.707,0.0,1.3908,0.17,1.3876,31
1579980872.993,0.0,1.3893,0.17,1.3875,31
1579980873.29,0.0,1.3903,0.17,1.3875,31
1579980873.56,0.33,1.3848,0.17,1.3874,31
1579980873.833,0.33,1.3846,0.17,1.3875,31
1579980874.117,0.33,1.3849,0.17,1.3876,31
1579980874.389,0.0,1.391,0.17,1.3876,31
1579980874.658,0.0,1.3898,0.17,1.3876,31
1579980874.703,0.0,1.391,0.17,1.3876,32
1579980874.974,0.0,1.3895,0.17,1.3876,32
1579980875.238,0.0,1.3904,0.17,1.3875,32
1579980875.496,0.33,1.3848,0.17,1.3875,32
1579980875.758,0.33,1.3847,0.17,1.3876,32
1579980876.023,0.33,1.385,0.17,1.3876,32
1579980876.278,0.0,1.3909,0.17,1.3877,32
1579980876.53,0.0,1.39,0.17,1.3877,32
1579980876.573,0.0,1.3912,0.17,1.3877,33
1579980876.836,0.0,1.3897,0.17,1.3877,33
1579980877.099,0.0,1.3905,0.17,1.3876,33
1579980877.356,0.33,1.3849,0.17,1.3876,33
1579980877.608,0.33,1.3847,0.17,1.3876,33
1579980877.862,0.33,1.385,0.17,1.3877,33
1579980878.139,0.0,1.3909,0.17,1.3877,33
1579980878.4,0.0,1.3902,0.17,1.3877,33
1579980878.443,0.0,1.3914,0.17,1.3877,34
1579980878.708,0.0,1.3899,0.17,1.3877,34
1579980878.962,0.0,1.3906,0.17,1.3876,34
1579980879.228,0.33,1.3849,0.17,1.3876,34
1579980879.484,0.33,1.3848,0.17,1.3877,34
1579980879.736,0.33,1.3851,0.17,1.3877,34
1579980879.992,0.0,1.3908,0.17,1.3878,34
1579980880.259,0.0,1.3904,0.17,1.3878,34
1579980880.303,0.0,1.3916,0.17,1.3878,35
1579980880.564,0.0,1.3901,0.17,1.3878,35
1579980880.821,0.0,1.3907,0.17,1.3877,35
1579980881.088,0.33,1.385,0.17,1.3877,35
1579980881.36,0.33,1.3848,0.17,1.3877,35
1579980881.625,0.33,1.3851,0.17,1.3878,35
1579980881.882,0.0,1.3907,0.17,1.3878,35
1579980882.146,0.0,1.3906,0.17,1.3879,35
1579980882.191,0.0,1.3918,0.17,1.3879,36
1579980882.448,0.0,1.3903,0.17,1.3878,36
1579980882.704,0.0,1.3908,0.17,1.3877,36
1579980882.956,0.33,1.385,0.17,1.3877,36
1579980883.223,0.33,1.3849,0.17,1.3878,36
1579980883.504,0.33,1.3852,0.17,1.3878,36
1579980883.761,0.0,1.3907,0.17,1.3879,36
1579980884.016,0.0,1.3908,0.17,1.3879,36
1579980884.06,0.0,1.392,0.17,1.3879,37
1579980884.331,0.0,1.3905,0.17,1.3879,37
1579980884.586,0.0,1.3909,0.17,1.3878,37
1579980884.843,0.33,1.3851,0.17,1.3878,37
1579980885.1,0.33,1.3849,0.17,1.3878,37
1579980885.37,0.33,1.3852,0.17,1.3879,37
1579980885.621,0.0,1.3906,0.17,1.388,37
1579980885.882,0.0,1.391,0.17,1.388,37
1579980885.925,0.0,1.3922,0.17,1.388,38
1579980886.2,0.0,1.3907,0.17,1.3879,38
1579980886.465,0.0,1.391,0.17,1.3878,38
1579980886.722,0.33,1.3851,0.17,1.3878,38
1579980886.982,0.33,1.385,0.17,1.3879,38
1579980887.249,0.33,1.3853,0.17,1.3879,38
1579980887.516,0.0,1.3906,0.17,1.388,38
1579980887.771,0.0,1.3911,0.17,1.388,38
1579980887.815,0.0,1.3923,0.17,1.388,39
1579980888.073,0.0,1.3908,0.17,1.388,39
1579980888.349,0.0,1.3911,0.17,1.3879,39
1579980888.618,0.33,1.3851,0.17,1.3879,39
1579980888.882,0.33,1.385,0.17,1.3879,39
1579980889.15,0.33,1.3853,0.17,1.388,39
1579980889.422,0.0,1.3905,0.17,1.3881,39
1579980889.681,0.0,1.3913,0.17,1.3881,39
1579980889.723,0.0,1.3925,0.17,1.3881,40
1579980889.977,0.0,1.391,0.17,1.388,40
1579980890.233,0.0,1.3912,0.17,1.3879,40
1579980890.508,0.33,1.3852,0.17,1.3879,40
1579980890.774,0.33,1.3851,0.17,1.388,40
1579980891.031,0.33,1.3853,0.17,1.388,40
1579980891.302,0.0,1.3904,0.17,1.3881,40
1579980891.559,0.0,1.3915,0.17,1.3881,40
1579980891.604,0.0,1.3927,0.17,1.3881,41
1579980891.87,0.0,1.3912,0.17,1.3881,41
1579980892.134,0.0,1.3913,0.17,1.388,41
1579980892.399,0.33,1.3852,0.17,1.388,41
1579980892.656,0.33,1.3851,0.17,1.388,41
1579980892.914,0.33,1.3854,0.17,1.3881,41
1579980893.165,0.0,1.3904,0.17,1.3881,41
1579980893.44,0.0,1.3916,0.17,1.3882,41
1579980893.487,0.0,1.3928,0.17,1.3882,42
1579980893.746,0.0,1.3913,0.17,1.3881,42
1579980894.01,0.0,1.3914,0.17,1.388,42
1579980894.267,0.33,1.3853,0.17,1.388,42
1579980894.533,0.33,1.3852,0.17,1.3881,42
1579980894.788,0.33,1.3854,0.17,1.3881,42
1579980895.05,0.0,1.3903,0.17,1.3882,42
1579980895.308,0.0,1.3918,0.17,1.3882,42
1579980895.354,0.0,1.393,0.17,1.3882,43
1579980895.616,0.0,1.3915,0.17,1.3882,43
1579980895.872,0.0,1.3915,0.17,1.3881,43
1579980896.133,0.33,1.3853,0.17,1.3881,43
1579980896.395,0.33,1.3852,0.17,1.3881,43
1579980896.685,0.33,1.3855,0.17,1.3882,43
1579980896.954,0.0,1.3903,0.17,1.3882,43
1579980897.215,0.0,1.392,0.17,1.3882,43
1579980897.258,0.0,1.3931,0.17,1.3882,44
1579980897.52,0.0,1.3917,0.17,1.3882,44
1579980897.77,0.0,1.3915,0.17,1.3881,44
1579980898.025,0.33,1.3854,0.17,1.3881,44
1579980898.286,0.33,1.3852,0.17,1.3882,44
1579980898.549,0.33,1.3855,0.17,1.3882,44
1579980898.802,0.0,1.3902,0.17,1.3883,44
1579980899.053,0.0,1.3921,0.17,1.3883,44
1579980899.1,0.0,1.3933,0.17,1.3883,45
1579980899.367,0.0,1.3918,0.17,1.3883,45
1579980899.633,0.0,1.3916,0.17,1.3882,45
1579980899.895,0.33,1.3854,0.17,1.3881,45
1579980900.198,0.33,1.3853,0.17,1.3882,45
1579980900.459,0.33,1.3856,0.17,1.3883,45
1579980900.723,0.0,1.3902,0.17,1.3883,45
1579980900.981,0.0,1.3922,0.17,1.3883,45
1579980901.025,0.0,1.3934,0.17,1.3883,46
1579980901.287,0.0,1.3919,0.17,1.3883,46
1579980901.558,0.0,1.3917,0.17,1.3882,46
1579980901.815,0.33,1.3854,0.17,1.3882,46
1579980902.092,0.33,1.3853,0.17,1.3883,46
1579980902.359,0.33,1.3856,0.17,1.3883,46
1579980902.625,0.0,1.3901,0.17,1.3884,46
1579980902.882,0.0,1.3924,0.17,1.3884,46
1579980902.926,0.0,1.3936,0.17,1.3884,47
1579980903.184,0.0,1.3921,0.17,1.3883,47
1579980903.448,0.0,1.3918,0.17,1.3882,47
1579980903.729,0.33,1.3855,0.17,1.3882,47
1579980903.986,0.33,1.3854,0.17,1.3883,47
1579980904.254,0.33,1.3856,0.17,1.3883,47
1579980904.519,0.0,1.3901,0.17,1.3884,47
1579980904.79,0.0,1.3925,0.17,1.3884,47
1579980904.836,0.0,1.3937,0.17,1.3884,48
1579980905.097,0.0,1.3922,0.17,1.3884,48
1579980905.366,0.0,1.3918,0.17,1.3883,48
1579980905.638,0.33,1.3855,0.17,1.3883,48
1579980905.899,0.33,1.3854,0.17,1.3883,48
1579980906.191,0.33,1.3857,0.17,1.3884,48
1579980906.506,0.0,1.3901,0.17,1.3884,48
1579980906.798,0.0,1.3927,0.17,1.3885,48
1579980906.841,0.0,1.3938,0.17,1.3884,49
1579980907.105,0.0,1.3924,0.17,1.3884,49
1579980907.369,0.0,1.3919,0.17,1.3883,49
1579980907.649,0.33,1.3855,0.17,1.3883,49
1579980907.916,0.33,1.3854,0.17,1.3884,49
1579980908.173,0.33,1.3857,0.17,1.3884,49
1579980908.432,0.0,1.39,0.17,1.3885,49
1579980908.707,0.0,1.3928,0.17,1.3885,49
1579980908.752,0.0,1.394,0.17,1.3885,50
1579980909.008,0.0,1.3925,0.17,1.3885,50
1579980909.265,0.0,1.392,0.17,1.3884,50
1579980909.53,0.33,1.3856,0.17,1.3883,50
1579980909.794,0.33,1.3855,0.17,1.3884,50
1579980910.046,0.33,1.3857,0.17,1.3885,50
1579980910.301,0.0,1.39,0.17,1.3885,50
1579980910.553,0.0,1.3929,0.17,1.3885,50
1579980910.597,0.0,1.3941,0.17,1.3885,51
1579980910.863,0.0,1.3926,0.17,1.3885,51
1579980911.115,0.0,1.3921,0.17,1.3884,51
1579980911.371,0.33,1.3856,0.17,1.3884,51
1579980911.637,0.33,1.3855,0.17,1.3884,51
1579980911.901,0.33,1.3858,0.17,1.3885,51
1579980912.159,0.0,1.3899,0.17,1.3886,51
1579980912.419,0.0,1.393,0.17,1.3886,51
1579980912.462,0.0,1.3942,0.17,1.3886,52
1579980912.72,0.0,1.3927,0.17,1.3885,52
1579980912.989,0.0,1.3921,0.17,1.3884,52
1579980913.247,0.33,1.3856,0.17,1.3884,52
1579980913.507,0.33,1.3855,0.17,1.3885,52
1579980913.769,0.33,1.3858,0.17,1.3885,52
1579980914.053,0.0,1.3899,0.17,1.3886,52
1579980914.317,0.0,1.3931,0.17,1.3886,52
1579980914.36,0.0,1.3943,0.17,1.3886,53
1579980914.619,0.0,1.3928,0.17,1.3886,53
1579980914.884,0.0,1.3922,0.17,1.3885,53
1579980915.146,0.33,1.3857,0.17,1.3884,53
1579980915.404,0.33,1.3856,0.17,1.3885,53
1579980915.663,0.33,1.3858,0.17,1.3886,53
1579980915.931,0.0,1.3899,0.17,1.3886,53
1579980916.191,0.0,1.3933,0.17,1.3886,53
1579980916.234,0.0,1.3944,0.17,1.3886,54
1579980916.497,0.0,1.393,0.17,1.3886,54
1579980916.75,0.0,1.3923,0.17,1.3885,54
1579980917.025,0.33,1.3857,0.17,1.3885,54
1579980917.283,0.33,1.3856,0.17,1.3886,54
1579980917.541,0.33,1.3859,0.17,1.3886,54
1579980917.8,0.0,1.3898,0.17,1.3887,54
1579980918.065,0.0,1.3934,0.17,1.3887,54
1579980918.113,0.0,1.3946,0.17,1.3887,55
1579980918.386,0.0,1.3931,0.17,1.3886,55
1579980918.662,0.0,1.3923,0.17,1.3885,55
1579980918.915,0.33,1.3857,0.17,1.3885,55
1579980919.185,0.33,1.3856,0.17,1.3886,55
1579980919.441,0.33,1.3859,0.17,1.3886,55
1579980919.704,0.0,1.3898,0.17,1.3887,55
1579980920.008,0.0,1.3935,0.17,1.3887,55
1579980920.055,0.0,1.3947,0.17,1.3887,56
1579980920.315,0.0,1.3932,0.17,1.3887,56
1579980920.58,0.0,1.3924,0.17,1.3886,56
1579980920.851,0.33,1.3858,0.17,1.3885,56
1579980921.123,0.33,1.3857,0.17,1.3886,56
1579980921.402,0.33,1.3859,0.17,1.3887,56
1579980921.658,0.0,1.3897,0.17,1.3887,56
1579980921.917,0.0,1.3936,0.17,1.3887,56
1579980921.96,0.0,1.3948,0.17,1.3887,57
1579980922.228,0.0,1.3933,0.17,1.3887,57
1579980922.485,0.0,1.3924,0.17,1.3886,57
1579980922.738,0.33,1.3858,0.17,1.3886,57
1579980922.989,0.33,1.3857,0.17,1.3886,57
1579980923.258,0.33,1.386,0.17,1.3887,57
1579980923.518,0.0,1.3897,0.17,1.3887,57
1579980923.771,0.0,1.3937,0.17,1.3888,57
1579980923.816,0.0,1.3949,0.17,1.3888,58
1579980924.094,0.0,1.3934,0.17,1.3887,58
1579980924.353,0.0,1.3925,0.17,1.3886,58
1579980924.614,0.33,1.3858,0.17,1.3886,58
1579980924.869,0.33,1.3857,0.17,1.3887,58
1579980925.134,0.33,1.386,0.17,1.3887,58
1579980925.391,0.0,1.3897,0.17,1.3888,58
1579980925.649,0.0,1.3938,0.17,1.3888,58
1579980925.692,0.0,1.395,0.17,1.3888,59
1579980925.952,0.0,1.3935,0.17,1.3888,59
1579980926.215,0.0,1.3925,0.17,1.3886,59
1579980926.475,0.33,1.3859,0.17,1.3886,59
1579980926.739,0.33,1.3857,0.17,1.3887,59
1579980926.995,0.33,1.386,0.17,1.3887,59
1579980927.259,0.0,1.3896,0.17,1.3888,59
1579980927.515,0.0,1.3939,0.17,1.3888,59
1579980927.557,0.0,1.3951,0.17,1.3888,60
1579980927.815,0.0,1.3936,0.17,1.3888,60
1579980928.069,0.0,1.3926,0.17,1.3887,60
1579980928.338,0.33,1.3859,0.17,1.3887,60
1579980928.588,0.33,1.3858,0.17,1.3887,60
1579980928.844,0.33,1.386,0.17,1.3888,60
1579980929.095,0.0,1.3896,0.17,1.3888,60
1579980929.361,0.0,1.394,0.17,1.3888,60
1579980929.408,0.0,1.3952,0.17,1.3888,61
1579980929.668,0.0,1.3937,0.17,1.3888,61
1579980929.929,0.0,1.3926,0.17,1.3887,61
1579980930.188,0.33,1.3859,0.17,1.3887,61
1579980930.455,0.33,1.3858,0.17,1.3888,61
1579980930.708,0.33,1.3861,0.17,1.3888,61
1579980930.97,0.0,1.3896,0.17,1.3889,61
1579980931.229,0.0,1.3941,0.17,1.3889,61
1579980931.274,0.0,1.3953,0.17,1.3889,62
1579980931.538,0.0,1.3938,0.17,1.3888,62
1579980931.797,0.0,1.3927,0.17,1.3887,62
1579980932.076,0.33,1.3859,0.17,1.3887,62
1579980932.345,0.33,1.3858,0.17,1.3888,62
1579980932.61,0.33,1.3861,0.17,1.3888,62
1579980932.869,0.0,1.3895,0.17,1.3889,62
1579980933.129,0.0,1.3942,0.17,1.3889,62
1579980933.174,0.0,1.3953,0.17,1.3889,63
1579980933.453,0.0,1.3938,0.17,1.3889,63
1579980933.717,0.0,1.3927,0.17,1.3888,63
1579980933.978,0.33,1.386,0.17,1.3887,63
1579980934.265,0.33,1.3858,0.17,1.3888,63
1579980934.542,0.33,1.3861,0.17,1.3889,63
1579980934.802,0.0,1.3895,0.17,1.3889,63
1579980935.077,0.0,1.3942,0.17,1.3889,63
1579980935.123,0.0,1.3954,0.17,1.3889,64
1579980935.401,0.0,1.3939,0.17,1.3889,64
1579980935.663,0.0,1.3928,0.17,1.3888,64
1579980935.938,0.33,1.386,0.17,1.3888,64
1579980936.205,0.33,1.3859,0.17,1.3888,64
1579980936.469,0.33,1.3861,0.17,1.3889,64
1579980936.743,0.0,1.3895,0.17,1.3889,64
1579980937.009,0.0,1.3943,0.17,1.3889,64
1579980937.053,0.0,1.3955,0.17,1.3889,65
1579980937.336,0.0,1.394,0.17,1.3889,65
1579980937.596,0.0,1.3928,0.17,1.3888,65
1579980937.852,0.33,1.386,0.17,1.3888,65
1579980938.12,0.33,1.3859,0.17,1.3889,65
1579980938.381,0.33,1.3862,0.17,1.3889,65
1579980938.651,0.0,1.3895,0.17,1.389,65
1579980938.903,0.0,1.3944,0.17,1.389,65
1579980938.947,0.0,1.3956,0.17,1.389,66
1579980939.206,0.0,1.3941,0.17,1.3889,66
1579980939.472,0.0,1.3929,0.17,1.3888,66
1579980939.73,0.33,1.386,0.17,1.3888,66
1579980939.987,0.33,1.3859,0.17,1.3889,66
1579980940.245,0.33,1.3862,0.17,1.3889,66
1579980940.513,0.0,1.3894,0.17,1.389,66
1579980940.774,0.0,1.3945,0.17,1.389,66
1579980940.819,0.0,1.3957,0.17,1.389,67
1579980941.078,0.0,1.3942,0.17,1.389,67
1579980941.345,0.0,1.3929,0.17,1.3889,67
1579980941.622,0.33,1.3861,0.17,1.3888,67
1579980941.879,0.33,1.3859,0.17,1.3889,67
1579980942.139,0.33,1.3862,0.17,1.3889,67
1579980942.4,0.0,1.3894,0.17,1.389,67
1579980942.664,0.0,1.3946,0.17,1.389,67
1579980942.709,0.0,1.3958,0.17,1.389,68
1579980942.967,0.0,1.3943,0.17,1.389,68
1579980943.223,0.0,1.393,0.17,1.3889,68
1579980943.484,0.33,1.3861,0.17,1.3888,68
1579980943.75,0.33,1.386,0.17,1.3889,68
1579980944.011,0.33,1.3862,0.17,1.389,68
1579980944.271,0.0,1.3894,0.17,1.389,68
1579980944.553,0.0,1.3946,0.17,1.389,68
1579980944.597,0.0,1.3958,0.17,1.389,69
1579980944.859,0.0,1.3943,0.17,1.389,69
1579980945.12,0.0,1.393,0.17,1.3889,69
1579980945.379,0.33,1.3861,0.17,1.3889,69
1579980945.646,0.33,1.386,0.17,1.3889,69
1579980945.911,0.33,1.3863,0.17,1.389,69
1579980946.182,0.0,1.3893,0.17,1.3891,69
1579980946.441,0.0,1.3947,0.17,1.3891,69
1579980946.485,0.0,1.3959,0.17,1.3891,70
1579980946.753,0.0,1.3944,0.17,1.389,70
1579980947.014,0.0,1.393,0.17,1.3889,70
1579980947.276,0.33,1.3861,0.17,1.3889,70
1579980947.541,0.33,1.386,0.17,1.389,70
1579980947.812,0.33,1.3863,0.17,1.389,70
1579980948.068,0.0,1.3893,0.17,1.3891,70
1579980948.336,0.0,1.3948,0.17,1.3891,70
1579980948.381,0.0,1.396,0.17,1.3891,71
1579980948.659,0.0,1.3945,0.17,1.389,71
1579980948.922,0.0,1.3931,0.17,1.3889,71
1579980949.188,0.33,1.3861,0.17,1.3889,71
1579980949.448,0.33,1.386,0.17,1.389,71
1579980949.712,0.33,1.3863,0.17,1.389,71
1579980949.966,0.0,1.3893,0.17,1.3891,71
1579980950.221,0.0,1.3948,0.17,1.3891,71
1579980950.266,0.0,1.3961,0.17,1.3891,72
1579980950.533,0.0,1.3945,0.17,1.3891,72
1579980950.81,0.0,1.3931,0.17,1.389,72
1579980951.064,0.33,1.3862,0.17,1.3889,72
1579980951.323,0.33,1.386,0.17,1.389,72
1579980951.58,0.33,1.3863,0.17,1.389,72
1579980951.844,0.0,1.3893,0.17,1.3891,72
1579980952.104,0.0,1.3949,0.17,1.3891,72
1579980952.149,0.0,1.3961,0.17,1.3891,73
1579980952.416,0.0,1.3946,0.17,1.3891,73
1579980952.683,0.0,1.3932,0.17,1.389,73
1579980952.949,0.33,1.3862,0.17,1.3889,73
1579980953.203,0.33,1.3861,0.17,1.389,73
1579980953.46,0.33,1.3863,0.17,1.3891,73
1579980953.714,0.0,1.3892,0.17,1.3891,73
1579980953.977,0.0,1.395,0.17,1.3891,73
1579980954.024,0.0,1.3962,0.17,1.3891,74
1579980954.285,0.0,1.3947,0.17,1.3891,74
1579980954.563,0.0,1.3932,0.17,1.389,74
1579980954.827,0.33,1.3862,0.17,1.389,74
1579980955.088,0.33,1.3861,0.17,1.389,74
1579980955.35,0.33,1.3864,0.17,1.3891,74
1579980955.604,0.0,1.3892,0.17,1.3891,74
1579980955.868,0.0,1.395,0.17,1.3892,74
1579980955.91,0.0,1.3962,0.17,1.3892,75
1579980956.172,0.0,1.3947,0.17,1.3891,75
1579980956.431,0.0,1.3932,0.17,1.389,75
1579980956.727,0.33,1.3862,0.17,1.389,75
1579980956.992,0.33,1.3861,0.17,1.3891,75
1579980957.252,0.33,1.3864,0.17,1.3891,75
1579980957.51,0.0,1.3892,0.17,1.3892,75
1579980957.767,0.0,1.3951,0.17,1.3892,75
1579980957.811,0.0,1.3963,0.17,1.3892,76
1579980958.075,0.0,1.3948,0.17,1.3891,76
1579980958.333,0.0,1.3933,0.17,1.389,76
1579980958.583,0.33,1.3862,0.17,1.389,76
1579980958.835,0.33,1.3861,0.17,1.3891,76
1579980959.093,0.33,1.3864,0.17,1.3891,76
1579980959.353,0.0,1.3892,0.17,1.3892,76
1579980959.606,0.0,1.3952,0.17,1.3892,76
1579980959.652,0.0,1.3964,0.17,1.3892,77
1579980959.916,0.0,1.3948,0.17,1.3892,77
1579980960.214,0.0,1.3933,0.17,1.389,77
1579980960.475,0.33,1.3863,0.17,1.389,77
1579980960.728,0.33,1.3861,0.17,1.3891,77
1579980960.991,0.33,1.3864,0.17,1.3891,77
1579980961.241,0.0,1.3892,0.17,1.3892,77
1579980961.497,0.0,1.3952,0.17,1.3892,77
1579980961.541,0.0,1.3964,0.17,1.3892,78
1579980961.798,0.0,1.3949,0.17,1.3892,78
1579980962.065,0.0,1.3933,0.17,1.3891,78
1579980962.327,0.33,1.3863,0.17,1.389,78
1579980962.585,0.33,1.3862,0.17,1.3891,78
1579980962.84,0.33,1.3864,0.17,1.3892,78
1579980963.111,0.0,1.3891,0.17,1.3892,78
1579980963.37,0.0,1.3953,0.17,1.3892,78
1579980963.414,0.0,1.3965,0.17,1.3892,79
1579980963.675,0.0,1.395,0.17,1.3892,79
1579980963.936,0.0,1.3933,0.17,1.3891,79
1579980964.211,0.33,1.3863,0.17,1.3891,79
1579980964.474,0.33,1.3862,0.17,1.3891,79
1579980964.752,0.33,1.3864,0.17,1.3892,79
1579980965.009,0.0,1.3891,0.17,1.3892,79
1579980965.272,0.0,1.3953,0.17,1.3892,79
1579980965.316,0.0,1.3965,0.17,1.3892,80
1579980965.571,0.0,1.395,0.17,1.3892,80
1579980965.838,0.0,1.3934,0.17,1.3891,80
1579980966.13,0.33,1.3863,0.17,1.3891,80
1579980966.441,0.33,1.3862,0.17,1.3891,80
1579980966.723,0.33,1.3865,0.17,1.3892,80
1579980966.986,0.0,1.3891,0.17,1.3892,80
1579980967.259,0.0,1.3954,0.17,1.3893,80
1579980967.306,0.0,1.3966,0.17,1.3893,81
1579980967.564,0.0,1.3951,0.17,1.3892,81
1579980967.84,0.0,1.3934,0.17,1.3891,81
1579980968.106,0.33,1.3863,0.17,1.3891,81
1579980968.371,0.33,1.3862,0.17,1.3892,81
1579980968.637,0.33,1.3865,0.17,1.3892,81
1579980968.897,0.0,1.3891,0.17,1.3893,81
1579980969.163,0.0,1.3954,0.17,1.3893,81
1579980969.206,0.0,1.3966,0.17,1.3893,82
1579980969.471,0.0,1.3951,0.17,1.3892,82
1579980969.731,0.0,1.3934,0.17,1.3891,82
1579980969.991,0.33,1.3863,0.17,1.3891,82
1579980970.251,0.33,1.3862,0.17,1.3892,82
1579980970.506,0.33,1.3865,0.17,1.3892,82
1579980970.762,0.0,1.3891,0.17,1.3893,82
1579980971.021,0.0,1.3955,0.17,1.3893,82
1579980971.065,0.0,1.3967,0.17,1.3893,83
1579980971.336,0.0,1.3952,0.17,1.3893,83
1579980971.596,0.0,1.3935,0.17,1.3891,83
1579980971.853,0.33,1.3863,0.17,1.3891,83
1579980972.109,0.33,1.3862,0.17,1.3892,83
1579980972.372,0.33,1.3865,0.17,1.3892,83
1579980972.627,0.0,1.389,0.17,1.3893,83
1579980972.889,0.0,1.3955,0.17,1.3893,83
1579980972.931,0.0,1.3967,0.17,1.3893,84
1579980973.191,0.0,1.3952,0.17,1.3893,84
1579980973.46,0.0,1.3935,0.17,1.3892,84
1579980973.715,0.33,1.3864,0.17,1.3891,84
1579980973.97,0.33,1.3862,0.17,1.3892,84
1579980974.232,0.33,1.3865,0.17,1.3892,84
1579980974.5,0.0,1.389,0.17,1.3893,84
1579980974.757,0.0,1.3956,0.17,1.3893,84
1579980974.801,0.0,1.3968,0.17,1.3893,85
1579980975.072,0.0,1.3953,0.17,1.3893,85
1579980975.343,0.0,1.3935,0.17,1.3892,85
1579980975.599,0.33,1.3864,0.17,1.3891,85
1579980975.863,0.33,1.3863,0.17,1.3892,85
1579980976.121,0.33,1.3865,0.17,1.3893,85
1579980976.392,0.0,1.389,0.17,1.3893,85
1579980976.645,0.0,1.3956,0.17,1.3893,85
1579980976.688,0.0,1.3968,0.17,1.3893,86
1579980976.954,0.0,1.3953,0.17,1.3893,86
1579980977.218,0.0,1.3935,0.17,1.3892,86
1579980977.49,0.33,1.3864,0.17,1.3892,86
1579980977.747,0.33,1.3863,0.17,1.3892,86
1579980978.002,0.33,1.3865,0.17,1.3893,86
1579980978.259,0.0,1.389,0.17,1.3893,86
1579980978.529,0.0,1.3957,0.17,1.3893,86
1579980978.579,0.0,1.3969,0.17,1.3893,87
1579980978.848,0.0,1.3953,0.17,1.3893,87
1579980979.106,0.0,1.3936,0.17,1.3892,87
1579980979.367,0.33,1.3864,0.17,1.3892,87
1579980979.625,0.33,1.3863,0.17,1.3892,87
1579980979.912,0.33,1.3866,0.17,1.3893,87
1579980980.187,0.0,1.389,0.17,1.3893,87
1579980980.463,0.0,1.3957,0.17,1.3894,87
1579980980.509,0.0,1.3969,0.17,1.3894,88
1579980980.78,0.0,1.3954,0.17,1.3893,88
1579980981.039,0.0,1.3936,0.17,1.3892,88
1579980981.303,0.33,1.3864,0.17,1.3892,88
1579980981.582,0.33,1.3863,0.17,1.3893,88
1579980981.845,0.33,1.3866,0.17,1.3893,88
1579980982.104,0.0,1.3889,0.17,1.3894,88
1579980982.364,0.0,1.3957,0.17,1.3894,88
1579980982.407,0.0,1.397,0.17,1.3894,89
1579980982.676,0.0,1.3954,0.17,1.3893,89
1579980982.934,0.0,1.3936,0.17,1.3892,89
1579980983.191,0.33,1.3864,0.17,1.3892,89
1579980983.451,0.33,1.3863,0.17,1.3893,89
1579980983.715,0.33,1.3866,0.17,1.3893,89
1579980983.972,0.0,1.3889,0.17,1.3894,89
1579980984.224,0.0,1.3958,0.17,1.3894,89
1579980984.269,0.0,1.397,0.17,1.3894,90
1579980984.537,0.0,1.3955,0.17,1.3893,90
1579980984.801,0.0,1.3936,0.17,1.3892,90
1579980985.076,0.33,1.3864,0.17,1.3892,90
1579980985.337,0.33,1.3863,0.17,1.3893,90
1579980985.603,0.33,1.3866,0.17,1.3893,90
1579980985.867,0.0,1.3889,0.17,1.3894,90
1579980986.137,0.0,1.3958,0.17,1.3894,90
1579980986.183,0.0,1.397,0.17,1.3894,91
1579980986.454,0.0,1.3955,0.17,1.3894,91
1579980986.725,0.0,1.3936,0.17,1.3892,91
1579980986.987,0.33,1.3865,0.17,1.3892,91
1579980987.25,0.33,1.3863,0.17,1.3893,91
1579980987.506,0.33,1.3866,0.17,1.3893,91
1579980987.773,0.0,1.3889,0.17,1.3894,91
1579980988.033,0.0,1.3959,0.17,1.3894,91
1579980988.077,0.0,1.3971,0.17,1.3894,92
1579980988.34,0.0,1.3955,0.17,1.3894,92
1579980988.603,0.0,1.3937,0.17,1.3893,92
1579980988.865,0.33,1.3865,0.17,1.3892,92
1579980989.127,0.33,1.3863,0.17,1.3893,92
1579980989.388,0.33,1.3866,0.17,1.3893,92
1579980989.656,0.0,1.3889,0.17,1.3894,92
1579980989.917,0.0,1.3959,0.17,1.3894,92
1579980989.962,0.0,1.3971,0.17,1.3894,93
1579980990.219,0.0,1.3956,0.17,1.3894,93
1579980990.478,0.0,1.3937,0.17,1.3893,93
1579980990.742,0.33,1.3865,0.17,1.3892,93
1579980991.002,0.33,1.3864,0.17,1.3893,93
1579980991.256,0.33,1.3866,0.17,1.3894,93
1579980991.514,0.0,1.3889,0.17,1.3894,93
1579980991.78,0.0,1.3959,0.17,1.3894,93
1579980991.823,0.0,1.3972,0.17,1.3894,94
1579980992.092,0.0,1.3956,0.17,1.3894,94
1579980992.361,0.0,1.3937,0.17,1.3893,94
1579980992.62,0.33,1.3865,0.17,1.3892,94
1579980992.883,0.33,1.3864,0.17,1.3893,94
1579980993.144,0.33,1.3866,0.17,1.3894,94
1579980993.4,0.0,1.3889,0.17,1.3894,94
1579980993.655,0.0,1.396,0.17,1.3894,94
1579980993.7,0.0,1.3972,0.17,1.3894,95
1579980993.963,0.0,1.3956,0.17,1.3894,95
1579980994.223,0.0,1.3937,0.17,1.3893,95
1579980994.487,0.33,1.3865,0.17,1.3893,95
1579980994.76,0.33,1.3864,0.17,1.3893,95
1579980995.034,0.33,1.3867,0.17,1.3894,95
1579980995.33,0.0,1.3888,0.17,1.3894,95
1579980995.588,0.0,1.396,0.17,1.3894,95
1579980995.631,0.0,1.3972,0.17,1.3894,96
1579980995.91,0.0,1.3957,0.17,1.3894,96
1579980996.172,0.0,1.3937,0.17,1.3893,96
1579980996.44,0.33,1.3865,0.17,1.3893,96
1579980996.705,0.33,1.3864,0.17,1.3893,96
1579980996.979,0.33,1.3867,0.17,1.3894,96
1579980997.245,0.0,1.3888,0.17,1.3894,96
1579980997.51,0.0,1.396,0.17,1.3894,96
1579980997.556,0.0,1.3973,0.17,1.3894,97
1579980997.821,0.0,1.3957,0.17,1.3894,97
1579980998.102,0.0,1.3937,0.17,1.3893,97
1579980998.366,0.33,1.3865,0.17,1.3893,97
1579980998.641,0.33,1.3864,0.17,1.3893,97
1579980998.908,0.33,1.3867,0.17,1.3894,97
1579980999.169,0.0,1.3888,0.17,1.3895,97
1579980999.438,0.0,1.3961,0.17,1.3895,97
1579980999.481,0.0,1.3973,0.17,1.3895,98
1579980999.748,0.0,1.3957,0.17,1.3894,98
1579981000.009,0.0,1.3938,0.17,1.3893,98
1579981000.267,0.33,1.3865,0.17,1.3893,98
1579981000.532,0.33,1.3864,0.17,1.3894,98
1579981000.791,0.33,1.3867,0.17,1.3894,98
1579981001.054,0.0,1.3888,0.17,1.3895,98
1579981001.318,0.0,1.3961,0.17,1.3895,98
1579981001.363,0.0,1.3973,0.17,1.3895,99
1579981001.649,0.0,1.3958,0.17,1.3894,99
1579981001.903,0.0,1.3938,0.17,1.3893,99
1579981002.162,0.33,1.3865,0.17,1.3893,99
1579981002.421,0.33,1.3864,0.17,1.3894,99
1579981002.677,0.33,1.3867,0.17,1.3894,99
1579981002.941,0.0,1.3888,0.17,1.3895,99
1579981003.195,0.0,1.3961,0.17,1.3895,99
