1579577735.949,0.24,1.3875,0.24,1.3866,0
1579577736.972,0.25,1.3855,0.24,1.3849,0
1579577738.0,0.25,1.3837,0.24,1.3804,0
1579577739.033,0.25,1.3798,0.4,1.3692,0
1579577740.289,0.39,1.3698,0.25,1.3579,0
1579577741.491,0.25,1.3579,0.41,1.3333,0
1579577742.52,0.37,1.3397,0.38,1.3037,0
1579577743.66,0.36,1.304,0.35,1.2732,0
1579577744.887,0.38,1.2694,0.4,1.2594,0
1579577746.117,0.38,1.268,0.32,1.5366,0
1579577747.383,0.33,1.5089,0.39,1.3255,0
1579577748.413,0.34,1.3496,0.32,1.4501,0
1579577749.597,0.28,1.4859,0.31,1.4033,1
1579577750.642,0.28,1.4441,0.35,1.3294,1
1579577751.721,0.31,1.3514,0.41,1.2872,1
1579577752.898,0.36,1.3009,0.41,1.2768,1
1579577754.055,0.41,1.2728,0.4,1.2844,1
1579577755.216,0.39,1.2821,0.34,1.3048,1
1579577756.425,0.34,1.3112,0.31,1.3201,1
1579577757.639,0.32,1.318,0.3,1.3224,1
1579577758.705,0.31,1.3177,0.31,1.3164,1
1579577759.745,0.32,1.3209,0.35,1.3085,1
1579577760.913,0.35,1.2986,0.38,1.3038,1
1579577761.816,0.35,1.3148,0.37,1.3028,1
1579577763.048,0.37,1.3077,0.42,1.3038,2
1579577764.168,0.4,1.3021,0.38,1.3039,2
1579577765.416,0.4,1.2976,0.39,1.3021,2
1579577766.558,0.39,1.3028,0.4,1.2985,2
1579577767.703,0.4,1.2933,0.39,1.2932,2
1579577768.765,0.41,1.2885,0.42,1.2875,2
1579577769.931,0.39,1.2845,0.39,1.2828,2
1579577771.199,0.4,1.2717,0.37,1.2808,2
1579577772.329,0.4,1.2665,0.39,1.2804,2
1579577773.481,0.38,1.2755,0.38,1.2773,2
1579577774.675,0.39,1.2487,0.38,1.2714,2
1579577775.616,0.38,1.2679,0.38,1.2639,2
1579577776.837,0.39,1.249,0.43,1.2604,3
1579577777.888,0.41,1.2459,0.38,1.2571,3
1579577779.149,0.42,1.2369,0.39,1.2508,3
1579577780.193,0.42,1.2431,0.43,1.2441,3
1579577781.269,0.43,1.2233,0.39,1.2417,3
1579577782.48,0.42,1.2213,0.39,1.2373,3
1579577783.506,0.41,1.2265,0.42,1.2313,3
1579577784.707,0.42,1.2171,0.41,1.2307,3
1579577785.941,0.44,1.2144,0.37,1.2302,3
1579577787.178,0.43,1.2265,0.39,1.225,3
1579577788.388,0.45,1.2036,0.38,1.2192,3
1579577789.408,0.41,1.2211,0.39,1.2123,3
1579577790.621,0.43,1.2129,0.38,1.2074,4
1579577791.811,0.45,1.202,0.39,1.2069,4
1579577792.89,0.45,1.202,0.4,1.2024,4
1579577793.891,0.44,1.2068,0.46,1.1953,4
1579577795.055,0.46,1.1881,0.45,1.1934,4
1579577796.085,0.45,1.1861,0.47,1.1944,4
1579577797.198,0.44,1.1903,0.42,1.2056,4
1579577798.234,0.45,1.1858,0.41,1.1957,4
1579577799.312,0.46,1.184,0.48,1.188,4
1579577800.546,0.45,1.1941,0.48,1.1814,4
1579577801.776,0.47,1.172,0.43,1.1824,4
1579577802.774,0.46,1.1872,0.41,1.1849,4
1579577803.964,0.47,1.1823,0.49,1.17,5
1579577805.079,0.47,1.1719,0.43,1.1766,5
1579577806.287,0.45,1.1728,0.45,1.1781,5
1579577807.504,0.44,1.1789,0.43,1.1694,5
1579577808.748,0.49,1.1593,0.48,1.1587,5
1579577809.833,0.46,1.1612,0.45,1.1627,5
1579577811.11,0.47,1.1659,0.43,1.1849,5
1579577812.368,0.47,1.1619,0.47,1.1605,5
1579577813.479,0.48,1.153,0.53,1.1607,5
1579577814.526,0.45,1.1673,0.44,1.1631,5
1579577815.619,0.5,1.1497,0.44,1.1661,5
1579577816.661,0.47,1.1633,0.45,1.1611,5
1579577817.974,0.48,1.1537,0.47,1.1526,6
1579577819.042,0.49,1.1464,0.45,1.1584,6
1579577820.317,0.48,1.144,0.44,1.1639,6
1579577821.518,0.45,1.1566,0.49,1.1474,6
1579577822.635,0.51,1.1271,0.43,1.1443,6
1579577823.763,0.49,1.1284,0.45,1.1566,6
1579577824.839,0.49,1.1408,0.45,1.1567,6
1579577825.906,0.49,1.1282,0.48,1.1396,6
1579577826.949,0.51,1.1267,0.45,1.1464,6
1579577828.018,0.48,1.1321,0.42,1.1564,6
1579577829.083,0.5,1.1311,0.48,1.1336,6
1579577830.137,0.48,1.1408,0.45,1.1517,6
1579577831.214,0.51,1.1337,0.44,1.1455,7
1579577832.296,0.5,1.1234,0.45,1.1365,7
1579577833.353,0.5,1.1285,0.47,1.1346,7
1579577834.587,0.5,1.1357,0.45,1.133,7
1579577835.689,0.51,1.1024,0.44,1.126,7
1579577836.718,0.52,1.1052,0.46,1.1139,7
1579577837.896,0.51,1.1099,0.45,1.1378,7
1579577839.084,0.51,1.1124,0.47,1.1121,7
1579577840.189,0.53,1.0985,0.43,1.119,7
1579577841.396,0.51,1.1111,0.43,1.1176,7
1579577842.604,0.51,1.1095,0.46,1.1005,7
1579577843.572,0.52,1.1006,0.49,1.0983,7
1579577844.685,0.52,1.0951,0.51,1.0875,8
1579577845.789,0.53,1.0914,0.49,1.0978,8
1579577846.96,0.52,1.0969,0.49,1.0813,8
1579577848.203,0.52,1.096,0.45,1.0828,8
1579577849.268,0.54,1.0667,0.43,1.0951,8
1579577850.433,0.53,1.0714,0.5,1.0838,8
1579577851.63,0.52,1.0863,0.46,1.1427,8
1579577852.858,0.51,1.1026,0.49,1.1127,8
1579577854.129,0.49,1.1269,0.49,1.1181,8
1579577855.389,0.52,1.0927,0.47,1.0983,8
1579577856.565,0.53,1.083,0.54,1.0878,8
1579577857.663,0.51,1.1008,0.51,1.0686,8
1579577858.937,0.53,1.0724,0.47,1.104,9
1579577860.172,0.52,1.0898,0.51,1.0737,9
1579577861.426,0.53,1.0783,0.53,1.0717,9
1579577862.571,0.51,1.0927,0.51,1.0675,9
1579577863.71,0.55,1.051,0.47,1.0865,9
1579577864.917,0.54,1.0583,0.47,1.0802,9
1579577865.939,0.53,1.0678,0.52,1.0724,9
1579577866.951,0.54,1.0597,0.51,1.0731,9
1579577868.161,0.54,1.0614,0.51,1.079,9
1579577869.192,0.54,1.0644,0.53,1.0624,9
1579577870.225,0.55,1.0573,0.51,1.0525,9
1579577871.129,0.54,1.0584,0.51,1.0468,9
1579577872.395,0.54,1.0558,0.54,1.0514,10
1579577873.572,0.54,1.0529,0.53,1.0468,10
1579577874.628,0.54,1.0608,0.54,1.0482,10
1579577875.783,0.54,1.0636,0.54,1.0544,10
1579577876.994,0.56,1.0294,0.53,1.0641,10
1579577878.252,0.56,1.0296,0.53,1.0639,10
1579577879.445,0.55,1.0458,0.53,1.0694,10
1579577880.712,0.55,1.0396,0.54,1.0647,10
1579577881.774,0.55,1.0392,0.52,1.0568,10
1579577883.046,0.55,1.0444,0.53,1.0532,10
1579577884.121,0.55,1.0479,0.51,1.0656,10
1579577885.204,0.55,1.0624,0.51,1.115,10
1579577886.344,0.53,1.1089,0.55,1.0538,11
1579577887.594,0.55,1.0412,0.54,1.086,11
1579577888.857,0.52,1.0816,0.54,1.089,11
1579577890.11,0.52,1.0951,0.53,1.0693,11
1579577891.381,0.56,1.0389,0.51,1.0885,11
1579577892.592,0.55,1.0519,0.52,1.0644,11
1579577893.705,0.56,1.0407,0.53,1.0751,11
1579577895.002,0.55,1.048,0.51,1.0628,11
1579577896.231,0.55,1.0509,0.53,1.0544,11
1579577897.425,0.55,1.0415,0.54,1.0757,11
1579577898.597,0.54,1.0521,0.54,1.0452,11
1579577899.6,0.56,1.0343,0.53,1.0582,11
1579577900.805,0.54,1.0554,0.52,1.0568,12
1579577902.039,0.55,1.0444,0.55,1.0586,12
1579577903.303,0.55,1.05,0.49,1.0747,12
1579577904.429,0.54,1.0644,0.52,1.0515,12
1579577905.561,0.56,1.0226,0.54,1.0656,12
1579577906.767,0.55,1.0276,0.53,1.0675,12
1579577908.01,0.55,1.0393,0.53,1.0489,12
1579577909.062,0.56,1.0235,0.52,1.0658,12
1579577910.344,0.55,1.0362,0.54,1.0506,12
1579577911.539,0.56,1.0282,0.56,1.0388,12
1579577912.648,0.56,1.0232,0.54,1.0441,12
1579577913.699,0.57,1.023,0.56,1.0396,12
1579577914.801,0.56,1.0274,0.52,1.0412,13
1579577916.062,0.57,1.018,0.52,1.0513,13
1579577917.198,0.56,1.0358,0.52,1.0458,13
1579577918.35,0.56,1.0322,0.54,1.049,13
1579577919.567,0.57,1.0073,0.54,1.0523,13
1579577920.679,0.57,1.0004,0.54,1.0499,13
1579577921.821,0.56,1.0127,0.52,1.0457,13
1579577922.844,0.56,1.0115,0.54,1.0451,13
1579577923.871,0.56,1.0139,0.53,1.0354,13
1579577925.038,0.56,1.0111,0.54,1.0348,13
1579577926.309,0.57,1.0071,0.57,1.0378,13
1579577927.377,0.58,1.0072,0.54,1.0361,13
1579577928.512,0.56,1.0172,0.54,1.044,14
1579577929.598,0.57,1.0078,0.53,1.0459,14
1579577930.751,0.56,1.0209,0.52,1.0456,14
1579577931.972,0.56,1.0257,0.54,1.0469,14
1579577933.216,0.58,0.9938,0.53,1.0475,14
1579577934.42,0.58,0.9889,0.54,1.0404,14
1579577935.619,0.57,1.0023,0.54,1.0461,14
1579577936.792,0.56,1.0025,0.53,1.0347,14
1579577937.988,0.57,1.0009,0.53,1.0336,14
1579577938.995,0.57,1.0008,0.56,1.0408,14
1579577940.046,0.57,1.002,0.56,1.0318,14
1579577941.012,0.58,0.9948,0.55,1.0461,14
1579577942.045,0.56,1.0165,0.54,1.0373,15
1579577943.313,0.58,0.997,0.51,1.0562,15
1579577944.495,0.56,1.0211,0.53,1.0433,15
1579577945.702,0.56,1.0169,0.5,1.0451,15
1579577946.843,0.58,0.9888,0.55,1.0381,15
1579577948.03,0.58,0.9779,0.56,1.0406,15
1579577949.292,0.58,0.9986,0.57,1.0372,15
1579577950.563,0.57,0.9899,0.56,1.0376,15
1579577951.823,0.57,0.997,0.53,1.0412,15
1579577952.949,0.57,0.996,0.52,1.0412,15
1579577954.08,0.58,0.9934,0.56,1.0355,15
1579577955.179,0.58,0.987,0.55,1.054,15
1579577956.383,0.56,1.0147,0.54,1.0439,16
1579577957.586,0.56,1.012,0.53,1.0836,16
1579577958.847,0.56,1.0376,0.53,1.0421,16
1579577959.889,0.56,1.0141,0.52,1.0438,16
1579577960.931,0.58,0.9913,0.54,1.0634,16
1579577962.202,0.57,0.9938,0.57,1.0425,16
1579577963.434,0.58,0.9946,0.55,1.04,16
1579577964.533,0.57,0.9904,0.55,1.0679,16
1579577965.69,0.56,1.016,0.52,1.0502,16
1579577966.897,0.57,0.9979,0.49,1.0435,16
1579577968.096,0.58,0.9985,0.56,1.0431,16
1579577969.196,0.58,0.9846,0.57,1.0472,16
1579577970.4,0.57,1.0046,0.57,1.0394,17
1579577971.584,0.57,0.9985,0.5,1.0466,17
1579577972.768,0.57,1.0083,0.55,1.0528,17
1579577973.832,0.57,1.0128,0.51,1.0495,17
1579577974.861,0.58,0.9891,0.55,1.0363,17
1579577975.887,0.59,0.9697,0.55,1.0562,17
1579577976.916,0.58,0.9956,0.56,1.0439,17
1579577977.94,0.57,0.9846,0.54,1.0409,17
1579577979.206,0.58,0.9948,0.54,1.0361,17
1579577980.437,0.58,0.9813,0.55,1.0496,17
1579577981.698,0.57,0.9922,0.56,1.0286,17
1579577982.719,0.59,0.9728,0.55,1.0358,17
1579577983.876,0.57,0.9947,0.55,1.0365,18
1579577985.056,0.59,0.9825,0.54,1.0443,18
1579577986.226,0.57,1.007,0.53,1.0299,18
1579577987.444,0.58,0.9955,0.54,1.0433,18
1579577988.576,0.58,0.9779,0.55,1.0366,18
1579577989.769,0.59,0.963,0.57,1.0378,18
1579577990.876,0.58,0.982,0.56,1.0302,18
1579577991.957,0.58,0.9735,0.55,1.0359,18
1579577993.195,0.58,0.9877,0.57,1.0247,18
1579577994.322,0.58,0.9734,0.55,1.0345,18
1579577995.484,0.58,0.9784,0.55,1.0271,18
1579577996.496,0.59,0.9664,0.57,1.0267,18
1579577997.752,0.58,0.9879,0.55,1.0231,19
1579577998.855,0.59,0.9706,0.55,1.0405,19
1579577999.965,0.58,1.0014,0.54,1.0194,19
1579578001.067,0.58,0.991,0.52,1.0289,19
1579578002.313,0.59,0.9666,0.56,1.0268,19
1579578003.497,0.6,0.9555,0.56,1.03,19
1579578004.657,0.59,0.9762,0.57,1.0239,19
1579578005.738,0.58,0.9656,0.55,1.0309,19
1579578006.915,0.58,0.9806,0.57,1.0253,19
1579578007.954,0.59,0.9697,0.54,1.0348,19
1579578009.218,0.59,0.9724,0.56,1.0223,19
1579578010.312,0.6,0.9552,0.55,1.0261,19
1579578011.443,0.58,0.9813,0.57,1.0309,20
1579578012.588,0.59,0.9695,0.54,1.0312,20
1579578013.717,0.58,0.9912,0.55,1.0185,20
1579578014.931,0.58,0.9842,0.55,1.0295,20
1579578015.957,0.59,0.961,0.55,1.0191,20
1579578017.214,0.6,0.9495,0.54,1.0259,20
1579578018.297,0.59,0.9671,0.56,1.0218,20
1579578019.574,0.59,0.9612,0.56,1.0212,20
1579578020.857,0.59,0.9693,0.56,1.0207,20
1579578021.953,0.59,0.9597,0.57,1.0238,20
1579578023.213,0.59,0.9642,0.58,1.0141,20
1579578024.288,0.6,0.9461,0.56,1.0192,20
1579578025.509,0.58,0.968,0.57,1.0199,21
1579578026.673,0.6,0.9623,0.57,1.0238,21
1579578027.871,0.59,0.9793,0.57,1.0161,21
1579578028.971,0.59,0.9792,0.53,1.0217,21
1579578030.142,0.6,0.9514,0.56,1.0127,21
1579578031.175,0.6,0.9412,0.56,1.0152,21
1579578032.304,0.6,0.9564,0.58,1.0157,21
1579578033.478,0.59,0.9573,0.56,1.0129,21
1579578034.637,0.59,0.962,0.51,1.0223,21
1579578035.853,0.58,0.9732,0.55,1.0331,21
1579578037.024,0.59,0.9819,0.58,1.0091,21
1579578038.099,0.6,0.9533,0.59,1.0146,21
1579578039.34,0.59,0.9626,0.58,1.0188,22
1579578040.421,0.6,0.9596,0.58,1.0162,22
1579578041.544,0.59,0.9724,0.56,1.0227,22
1579578042.632,0.59,0.9747,0.56,1.0197,22
1579578043.746,0.6,0.9445,0.56,1.0115,22
1579578044.947,0.6,0.9357,0.56,1.0194,22
1579578046.078,0.6,0.9532,0.59,1.0134,22
1579578047.111,0.59,0.9525,0.59,1.0158,22
1579578048.351,0.59,0.958,0.55,1.0142,22
1579578049.514,0.59,0.9552,0.58,1.0028,22
1579578050.649,0.6,0.9514,0.57,1.0015,22
1579578051.637,0.6,0.9359,0.55,1.0108,22
1579578052.882,0.59,0.9658,0.55,1.0298,23
1579578054.086,0.59,0.9626,0.6,1.0069,23
1579578055.35,0.59,0.9658,0.56,1.0157,23
1579578056.621,0.59,0.9738,0.57,1.0184,23
1579578057.88,0.6,0.9407,0.59,1.005,23
1579578058.961,0.61,0.9355,0.55,1.0122,23
1579578060.224,0.6,0.9476,0.57,1.009,23
1579578061.461,0.6,0.9428,0.59,1.0009,23
1579578062.67,0.6,0.9488,0.59,1.004,23
1579578063.803,0.6,0.9434,0.59,0.9978,23
1579578064.893,0.6,0.9421,0.58,0.997,23
1579578065.995,0.61,0.929,0.57,1.0151,23
1579578067.25,0.59,0.9548,0.58,1.0049,24
1579578068.406,0.6,0.9419,0.54,1.0241,24
1579578069.613,0.59,0.9657,0.56,1.0168,24
1579578070.823,0.59,0.9735,0.6,1.0023,24
1579578072.094,0.61,0.9271,0.58,1.0024,24
1579578073.222,0.61,0.9275,0.59,1.0027,24
1579578074.43,0.6,0.9426,0.59,1.0043,24
1579578075.587,0.6,0.9376,0.6,0.9952,24
1579578076.817,0.59,0.9462,0.6,0.9911,24
1579578078.086,0.6,0.936,0.59,0.9844,24
1579578079.323,0.61,0.935,0.59,0.9927,24
1579578080.367,0.61,0.9259,0.57,1.0174,24
1579578081.512,0.59,0.9528,0.58,0.9997,25
1579578082.617,0.6,0.9407,0.55,1.0479,25
1579578083.851,0.59,0.979,0.53,1.0174,25
1579578084.875,0.59,0.9805,0.56,1.0029,25
1579578085.909,0.61,0.9268,0.57,1.0013,25
1579578087.098,0.61,0.9269,0.58,0.9994,25
1579578088.324,0.61,0.9396,0.58,0.9995,25
1579578089.429,0.61,0.933,0.6,0.9923,25
1579578090.579,0.6,0.9436,0.6,0.9842,25
1579578091.759,0.61,0.9291,0.59,0.9825,25
1579578092.843,0.61,0.9333,0.59,0.9927,25
1579578093.802,0.61,0.9222,0.59,1.0102,25
1579578094.843,0.6,0.9414,0.6,1.002,26
1579578095.88,0.61,0.9376,0.54,1.0386,26
1579578097.139,0.59,0.9685,0.57,1.0012,26
1579578098.366,0.6,0.9585,0.61,0.9964,26
1579578099.59,0.62,0.9225,0.59,1.0051,26
1579578100.717,0.61,0.9267,0.6,0.996,26
1579578101.834,0.6,0.9404,0.55,1.0067,26
1579578102.921,0.6,0.9371,0.61,0.9807,26
1579578103.943,0.6,0.9342,0.58,0.9873,26
1579578105.208,0.61,0.9297,0.59,0.9876,26
1579578106.332,0.61,0.9419,0.6,0.9819,26
1579578107.355,0.61,0.9144,0.59,0.9921,26
1579578108.518,0.61,0.9268,0.59,1.0021,27
1579578109.654,0.61,0.9282,0.58,0.9958,27
1579578110.759,0.6,0.9426,0.58,0.9946,27
1579578111.875,0.6,0.9467,0.61,0.9892,27
1579578113.06,0.62,0.9162,0.6,0.9809,27
1579578114.274,0.62,0.9105,0.59,0.9901,27
1579578115.507,0.61,0.9249,0.59,0.9844,27
1579578116.659,0.61,0.9246,0.56,0.992,27
1579578117.905,0.6,0.9409,0.57,0.9986,27
1579578119.07,0.6,0.9429,0.61,0.9818,27
1579578120.144,0.62,0.9349,0.59,0.9757,27
1579578121.236,0.62,0.9054,0.6,0.9915,27
1579578122.538,0.6,0.9332,0.59,1.0267,28
1579578123.575,0.6,0.9412,0.6,0.9999,28
1579578124.805,0.61,0.9441,0.6,0.9919,28
1579578125.995,0.61,0.9426,0.57,0.9912,28
1579578127.159,0.62,0.9134,0.6,0.9822,28
1579578128.398,0.61,0.9146,0.6,0.988,28
1579578129.612,0.61,0.9231,0.6,0.9779,28
1579578130.751,0.61,0.9151,0.61,0.9767,28
1579578132.014,0.61,0.9334,0.6,0.9856,28
1579578133.27,0.61,0.9231,0.6,0.9618,28
1579578134.4,0.62,0.9164,0.6,0.9709,28
1579578135.458,0.62,0.9012,0.59,0.9737,28
1579578136.674,0.61,0.9178,0.6,0.984,29
1579578137.749,0.62,0.9122,0.57,0.9965,29
1579578138.844,0.61,0.9354,0.61,0.9908,29
1579578139.872,0.61,0.9423,0.58,0.988,29
1579578140.924,0.62,0.9054,0.62,0.9783,29
1579578142.046,0.62,0.9052,0.6,0.9749,29
1579578143.135,0.62,0.9097,0.6,0.9706,29
1579578144.352,0.61,0.9083,0.62,0.967,29
1579578145.575,0.62,0.9231,0.62,0.9741,29
1579578146.754,0.62,0.9119,0.59,0.9582,29
1579578147.982,0.63,0.9085,0.6,0.9661,29
1579578148.98,0.62,0.8923,0.61,0.968,29
1579578150.048,0.62,0.9102,0.59,0.9841,30
1579578151.187,0.62,0.9102,0.6,0.9757,30
1579578152.435,0.62,0.9229,0.6,0.9748,30
1579578153.64,0.61,0.9293,0.61,0.9749,30
1579578154.862,0.63,0.8956,0.61,0.9695,30
1579578156.047,0.62,0.899,0.6,0.9763,30
1579578157.241,0.62,0.9106,0.63,0.9647,30
1579578158.494,0.61,0.9126,0.56,0.9857,30
1579578159.705,0.61,0.9354,0.59,0.987,30
1579578160.948,0.6,0.9319,0.6,0.9676,30
1579578162.127,0.62,0.9186,0.58,0.9572,30
1579578163.188,0.63,0.8855,0.59,0.9686,30
1579578164.418,0.62,0.907,0.61,0.9899,31
1579578165.525,0.62,0.9133,0.59,0.9751,31
1579578166.647,0.61,0.9237,0.61,0.9767,31
1579578167.807,0.61,0.9294,0.61,0.9697,31
1579578169.058,0.63,0.8926,0.61,0.9643,31
1579578170.301,0.63,0.8889,0.61,0.9721,31
1579578171.47,0.62,0.9035,0.59,0.9642,31
1579578172.653,0.62,0.9018,0.62,0.9558,31
1579578173.81,0.62,0.9072,0.64,0.9597,31
1579578174.915,0.62,0.9001,0.6,0.9459,31
1579578176.057,0.63,0.9061,0.61,0.966,31
1579578177.072,0.62,0.8991,0.57,1.006,31
1579578178.296,0.6,0.9494,0.61,1.055,32
1579578179.506,0.59,0.9697,0.6,0.9681,32
1579578180.736,0.62,0.9184,0.56,0.9993,32
1579578181.926,0.6,0.953,0.58,1.0069,32
1579578183.122,0.61,0.9257,0.61,0.9802,32
1579578184.341,0.62,0.8982,0.59,1.0014,32
1579578185.411,0.6,0.9335,0.58,0.9862,32
1579578186.718,0.62,0.9086,0.6,0.9967,32
1579578187.837,0.6,0.9282,0.61,0.9649,32
1579578189.077,0.62,0.8976,0.61,0.966,32
1579578190.265,0.63,0.9146,0.61,0.9621,32
1579578191.377,0.62,0.8858,0.64,0.9629,32
1579578192.473,0.62,0.9022,0.61,0.9614,33
1579578193.637,0.62,0.9006,0.6,0.9635,33
1579578194.788,0.62,0.9135,0.6,0.9723,33
1579578195.842,0.62,0.9237,0.61,0.9655,33
1579578196.908,0.64,0.8853,0.6,0.964,33
1579578198.185,0.63,0.8868,0.6,0.9715,33
1579578199.307,0.63,0.8963,0.58,0.9654,33
1579578200.523,0.62,0.8925,0.6,0.9591,33
1579578201.672,0.62,0.9053,0.63,0.9631,33
1579578202.773,0.63,0.8933,0.59,0.9526,33
1579578203.842,0.63,0.8997,0.61,0.946,33
1579578204.944,0.63,0.876,0.63,0.9428,33
1579578205.987,0.63,0.8906,0.64,0.9521,34
1579578207.18,0.63,0.8875,0.63,0.953,34
1579578208.419,0.63,0.9024,0.59,0.9544,34
1579578209.549,0.62,0.9126,0.64,0.9561,34
1579578210.707,0.64,0.879,0.6,0.9558,34
1579578211.779,0.63,0.8799,0.61,0.9526,34
1579578212.904,0.63,0.8892,0.61,0.9546,34
1579578214.157,0.62,0.8841,0.6,0.9549,34
1579578215.371,0.63,0.8955,0.63,0.9639,34
1579578216.633,0.62,0.8961,0.62,0.947,34
1579578217.798,0.64,0.892,0.62,0.9495,34
1579578218.906,0.63,0.8685,0.63,0.9406,34
1579578220.148,0.63,0.8809,0.64,0.9593,35
1579578221.444,0.63,0.8882,0.61,0.9529,35
1579578222.57,0.62,0.9023,0.6,0.9527,35
1579578223.683,0.62,0.9095,0.6,0.9618,35
1579578224.948,0.63,0.8797,0.63,0.9509,35
1579578226.225,0.63,0.8716,0.61,0.9592,35
1579578227.433,0.63,0.8827,0.64,0.9585,35
1579578228.71,0.63,0.8868,0.6,0.953,35
1579578229.802,0.63,0.8946,0.62,0.9559,35
1579578230.9,0.63,0.8826,0.63,0.9323,35
1579578231.932,0.65,0.8758,0.62,0.9278,35
1579578233.051,0.64,0.8544,0.64,0.9444,35
1579578234.268,0.63,0.8791,0.63,0.9481,36
1579578235.494,0.64,0.8762,0.57,0.9456,36
1579578236.768,0.63,0.8977,0.64,0.9467,36
1579578237.9,0.62,0.904,0.63,0.953,36
1579578239.016,0.64,0.8713,0.64,0.9526,36
1579578240.159,0.63,0.8744,0.61,0.9578,36
1579578241.394,0.63,0.8768,0.62,0.9551,36
1579578242.593,0.62,0.882,0.61,0.9392,36
1579578243.816,0.64,0.8803,0.66,0.9327,36
1579578244.999,0.64,0.8665,0.63,0.9301,36
1579578246.253,0.64,0.8744,0.63,0.9313,36
1579578247.332,0.64,0.8572,0.61,0.9505,36
1579578248.596,0.62,0.8974,0.58,0.9927,37
1579578249.857,0.61,0.9093,0.62,0.9499,37
1579578250.96,0.62,0.9117,0.61,0.9607,37
1579578252.216,0.62,0.918,0.6,0.9693,37
1579578253.42,0.62,0.8933,0.62,0.9455,37
1579578254.641,0.63,0.8694,0.65,0.946,37
1579578255.733,0.63,0.8766,0.59,0.969,37
1579578256.854,0.62,0.8936,0.62,0.9338,37
1579578258.007,0.64,0.875,0.61,0.9386,37
1579578259.196,0.64,0.8738,0.63,0.9381,37
1579578260.388,0.65,0.8761,0.64,0.9216,37
1579578261.412,0.65,0.8459,0.61,0.9478,37
1579578262.516,0.63,0.8856,0.62,0.9475,38
1579578263.675,0.64,0.8701,0.6,0.9472,38
1579578264.791,0.63,0.8963,0.57,0.9479,38
1579578265.932,0.62,0.909,0.61,0.9498,38
1579578267.164,0.65,0.8647,0.62,0.9463,38
1579578268.266,0.63,0.8621,0.61,0.9452,38
1579578269.467,0.63,0.8768,0.63,0.9597,38
1579578270.741,0.63,0.8705,0.59,0.9521,38
1579578271.84,0.63,0.8834,0.64,0.959,38
1579578272.998,0.62,0.8888,0.63,0.9142,38
1579578274.188,0.65,0.8679,0.59,0.9576,38
1579578275.166,0.64,0.8707,0.64,0.9268,38
1579578276.39,0.64,0.8653,0.64,0.934,39
1579578277.574,0.63,0.8685,0.6,0.9715,39
1579578278.649,0.62,0.9105,0.61,0.9299,39
1579578279.897,0.63,0.8954,0.55,0.9467,39
1579578280.943,0.64,0.8772,0.59,0.9471,39
1579578282.213,0.64,0.8649,0.59,0.9586,39
1579578283.422,0.62,0.8845,0.64,0.9591,39
1579578284.618,0.63,0.8767,0.63,0.9804,39
1579578285.723,0.61,0.9032,0.61,0.9253,39
1579578286.932,0.65,0.8528,0.61,0.9454,39
1579578288.148,0.64,0.8767,0.63,0.9284,39
1579578289.252,0.65,0.8586,0.65,0.9048,39
1579578290.497,0.64,0.8682,0.63,0.9635,40
1579578291.552,0.62,0.894,0.62,0.9454,40
1579578292.78,0.63,0.9035,0.6,0.9246,40
1579578293.836,0.62,0.8884,0.58,0.9628,40
1579578294.909,0.64,0.8787,0.63,0.9319,40
1579578296.085,0.64,0.8606,0.61,0.9563,40
1579578297.317,0.64,0.8746,0.64,0.9417,40
1579578298.574,0.64,0.8567,0.62,0.9503,40
1579578299.706,0.63,0.8807,0.62,0.9524,40
1579578300.945,0.64,0.8706,0.64,0.9154,40
1579578302.07,0.66,0.8468,0.64,0.9127,40
1579578303.196,0.65,0.8376,0.65,0.9095,40
1579578304.268,0.64,0.864,0.65,0.9059,41
1579578305.307,0.65,0.8529,0.6,0.9206,41
1579578306.577,0.64,0.8672,0.6,0.9311,41
1579578307.768,0.63,0.8822,0.62,0.9404,41
1579578309.027,0.66,0.8439,0.65,0.9318,41
1579578310.301,0.64,0.8424,0.6,0.9293,41
1579578311.437,0.64,0.8529,0.61,0.9569,41
1579578312.591,0.63,0.8678,0.61,0.933,41
1579578313.693,0.64,0.8683,0.63,0.9665,41
1579578314.919,0.64,0.8568,0.64,0.9257,41
1579578315.946,0.66,0.8483,0.62,0.9252,41
1579578316.825,0.65,0.8252,0.67,0.8816,41
1579578318.051,0.65,0.8418,0.66,0.8834,42
1579578319.154,0.65,0.8431,0.65,0.8978,42
1579578320.231,0.64,0.8622,0.62,0.8995,42
1579578321.416,0.64,0.8761,0.64,0.9219,42
1579578322.699,0.66,0.8387,0.63,0.9104,42
1579578323.935,0.65,0.8359,0.65,0.9201,42
1579578325.111,0.65,0.8418,0.63,0.9129,42
1579578326.367,0.65,0.8448,0.63,0.9086,42
1579578327.482,0.65,0.8461,0.67,0.9175,42
1579578328.611,0.65,0.8319,0.64,0.9054,42
1579578329.68,0.67,0.8285,0.62,0.9102,42
1579578330.655,0.67,0.8067,0.63,0.8931,42
1579578331.718,0.66,0.8329,0.65,0.8969,43
1579578332.975,0.65,0.8332,0.62,0.8839,43
1579578333.99,0.64,0.8532,0.63,0.9289,43
1579578335.004,0.63,0.8773,0.62,0.9186,43
1579578336.023,0.61,0.8853,0.59,1.1348,43
1579578337.136,0.6,1.033,0.54,1.064,43
1579578338.388,0.58,0.9984,0.58,0.9431,43
1579578339.591,0.57,0.9345,0.55,1.0612,43
1579578340.637,0.58,0.9826,0.56,0.9478,43
1579578341.72,0.63,0.8994,0.54,1.0067,43
1579578342.869,0.6,0.9601,0.56,0.9568,43
1579578343.906,0.64,0.8696,0.53,0.9662,43
1579578345.125,0.63,0.8964,0.56,0.986,44
1579578346.358,0.61,0.9139,0.6,0.9617,44
1579578347.545,0.62,0.9107,0.59,0.9442,44
1579578348.58,0.61,0.9153,0.58,0.9345,44
1579578349.663,0.64,0.879,0.58,0.9243,44
1579578350.767,0.62,0.8778,0.59,0.9244,44
1579578351.827,0.63,0.8871,0.62,0.9262,44
1579578353.078,0.62,0.8864,0.63,0.9108,44
1579578354.156,0.63,0.8839,0.61,0.9206,44
1579578355.397,0.63,0.8837,0.6,0.9184,44
1579578356.608,0.65,0.8639,0.61,0.9454,44
1579578357.67,0.64,0.8591,0.62,0.9255,44
1579578358.853,0.63,0.8717,0.59,0.9061,45
1579578360.025,0.65,0.8704,0.65,0.8942,45
1579578361.278,0.63,0.886,0.61,0.8785,45
1579578362.384,0.63,0.8826,0.63,0.8981,45
1579578363.55,0.65,0.864,0.61,0.879,45
1579578364.83,0.65,0.8446,0.61,0.9042,45
1579578366.086,0.64,0.8585,0.61,0.9084,45
1579578367.359,0.64,0.854,0.63,0.9132,45
1579578368.634,0.64,0.8612,0.62,0.9234,45
1579578369.837,0.65,0.8437,0.64,0.9147,45
1579578371.111,0.65,0.8483,0.67,0.8997,45
1579578372.222,0.66,0.8191,0.61,0.9026,45
1579578373.46,0.64,0.843,0.61,0.8991,46
1579578374.692,0.64,0.85,0.66,0.8777,46
1579578375.883,0.64,0.8535,0.68,0.8803,46
1579578376.994,0.63,0.8728,0.65,0.8778,46
1579578378.138,0.66,0.8324,0.65,0.8725,46
1579578379.251,0.65,0.828,0.63,0.8803,46
1579578380.512,0.65,0.8371,0.64,0.8782,46
1579578381.613,0.65,0.8343,0.65,0.8941,46
1579578382.797,0.65,0.8443,0.66,0.9032,46
1579578383.892,0.65,0.836,0.65,0.8983,46
1579578385.16,0.67,0.8239,0.64,0.8977,46
1579578386.189,0.67,0.7991,0.64,0.8863,46
1579578387.414,0.65,0.8297,0.63,0.8816,47
1579578388.679,0.66,0.83,0.63,0.8587,47
1579578389.743,0.65,0.8474,0.67,0.8595,47
1579578390.855,0.64,0.8523,0.66,0.8807,47
1579578392.18,0.67,0.8146,0.65,0.8761,47
1579578393.425,0.66,0.8126,0.61,0.8935,47
1579578394.609,0.65,0.829,0.63,0.8846,47
1579578395.8,0.66,0.828,0.65,0.8953,47
1579578396.944,0.66,0.8351,0.66,0.89,47
1579578398.169,0.67,0.814,0.67,0.8948,47
1579578399.251,0.68,0.8113,0.68,0.864,47
1579578400.314,0.69,0.7789,0.65,0.8849,47
1579578401.585,0.65,0.8199,0.63,0.8895,48
1579578402.684,0.66,0.818,0.67,0.8638,48
1579578403.785,0.65,0.8366,0.68,0.8855,48
1579578404.987,0.65,0.8435,0.66,0.8754,48
1579578406.032,0.67,0.8044,0.65,0.877,48
1579578407.319,0.66,0.7979,0.62,0.9059,48
1579578408.461,0.66,0.8206,0.64,0.8886,48
1579578409.634,0.66,0.8159,0.63,0.9144,48
1579578410.788,0.66,0.8298,0.65,0.9177,48
1579578411.946,0.66,0.823,0.59,0.9311,48
1579578413.18,0.67,0.8447,0.59,0.937,48
1579578414.262,0.66,0.8177,0.6,0.9456,48
1579578415.488,0.62,0.8873,0.6,0.929,49
1579578416.615,0.64,0.8553,0.61,0.9236,49
1579578417.899,0.65,0.8504,0.63,0.8943,49
1579578419.04,0.64,0.8632,0.61,0.9617,49
1579578420.204,0.65,0.834,0.62,0.9416,49
1579578421.413,0.66,0.8114,0.63,0.9114,49
1579578422.615,0.63,0.8548,0.61,0.9321,49
1579578423.782,0.66,0.8227,0.61,0.9272,49
1579578425.002,0.65,0.8322,0.64,0.8978,49
1579578426.041,0.67,0.8161,0.66,0.8968,49
1579578427.067,0.68,0.8041,0.62,0.8897,49
1579578427.989,0.68,0.7827,0.64,0.8677,49
1579578429.142,0.66,0.8165,0.6,0.8931,50
1579578430.332,0.66,0.8157,0.63,0.9161,50
1579578431.536,0.66,0.8339,0.63,0.8938,50
1579578432.727,0.63,0.865,0.64,0.9047,50
1579578433.941,0.67,0.8043,0.62,0.8906,50
1579578435.206,0.66,0.8043,0.64,0.875,50
1579578436.416,0.67,0.8054,0.62,0.9218,50
1579578437.556,0.66,0.815,0.64,0.9053,50
1579578438.712,0.67,0.8103,0.63,0.9054,50
1579578439.79,0.68,0.7932,0.63,0.9127,50
1579578440.876,0.68,0.7931,0.68,0.868,50
1579578441.788,0.69,0.7626,0.67,0.8549,50
1579578443.002,0.67,0.7888,0.64,0.8729,51
1579578444.016,0.67,0.8017,0.65,0.8666,51
1579578445.139,0.66,0.8158,0.69,0.8786,51
1579578446.231,0.66,0.8223,0.68,0.879,51
1579578447.481,0.68,0.7851,0.64,0.9014,51
1579578448.667,0.68,0.7851,0.63,0.8898,51
1579578449.712,0.66,0.7942,0.62,0.9305,51
1579578450.887,0.67,0.7956,0.64,0.8964,51
1579578452.094,0.67,0.805,0.64,0.9149,51
1579578453.201,0.68,0.7862,0.69,0.862,51
1579578454.423,0.69,0.7825,0.64,0.8861,51
1579578455.464,0.69,0.7628,0.63,0.8928,51
1579578456.56,0.65,0.8448,0.55,1.0382,52
1579578457.765,0.62,0.9049,0.58,0.93,52
1579578458.821,0.64,0.8587,0.64,0.875,52
1579578460.023,0.65,0.8411,0.62,0.9556,52
1579578461.084,0.65,0.828,0.61,0.9106,52
1579578462.275,0.66,0.8112,0.63,0.8999,52
1579578463.466,0.65,0.8181,0.58,0.9726,52
1579578464.625,0.65,0.8241,0.62,0.9132,52
1579578465.79,0.66,0.8103,0.65,0.8803,52
1579578467.039,0.68,0.8043,0.61,0.9176,52
1579578468.293,0.68,0.7981,0.63,0.8787,52
1579578469.38,0.69,0.7681,0.62,0.8612,52
1579578470.472,0.67,0.8037,0.63,0.8835,53
1579578471.659,0.67,0.8052,0.61,0.9382,53
1579578472.889,0.66,0.8501,0.67,0.8502,53
1579578473.989,0.66,0.8241,0.61,0.8981,53
1579578475.118,0.67,0.8162,0.61,0.9229,53
1579578476.323,0.65,0.8172,0.66,0.8875,53
1579578477.561,0.67,0.7917,0.65,0.9098,53
1579578478.66,0.66,0.8204,0.6,0.9435,53
1579578479.716,0.67,0.8086,0.58,0.9322,53
1579578480.853,0.68,0.7919,0.6,0.9017,53
1579578481.896,0.67,0.8148,0.62,0.8729,53
1579578482.862,0.69,0.7727,0.66,0.8681,53
1579578484.033,0.67,0.7895,0.67,0.8751,54
1579578485.289,0.67,0.8135,0.61,0.8838,54
1579578486.31,0.66,0.8235,0.63,0.949,54
1579578487.317,0.66,0.8392,0.59,0.8882,54
1579578488.342,0.66,0.8141,0.65,0.8632,54
1579578489.552,0.68,0.7726,0.61,0.9533,54
1579578490.671,0.66,0.8182,0.67,0.8689,54
1579578491.771,0.67,0.8035,0.67,0.9073,54
1579578492.886,0.67,0.8065,0.59,0.9573,54
1579578493.991,0.67,0.7995,0.63,0.9087,54
1579578495.255,0.69,0.7737,0.63,0.8943,54
1579578496.255,0.7,0.7574,0.63,0.8743,54
1579578497.367,0.68,0.787,0.63,0.8846,55
1579578498.511,0.68,0.7802,0.65,0.8593,55
1579578499.653,0.67,0.7943,0.66,0.8668,55
1579578500.746,0.67,0.8021,0.65,0.9115,55
1579578501.795,0.69,0.7695,0.63,0.8934,55
1579578503.036,0.68,0.7567,0.61,0.8734,55
1579578504.168,0.67,0.7734,0.62,0.9202,55
1579578505.343,0.67,0.7906,0.64,0.8936,55
1579578506.515,0.68,0.7903,0.64,0.9311,55
1579578507.776,0.67,0.7816,0.63,0.8725,55
1579578508.849,0.69,0.7595,0.63,0.8781,55
1579578509.794,0.71,0.7269,0.67,0.8488,55
1579578510.896,0.69,0.7687,0.65,0.8624,56
1579578511.961,0.69,0.7674,0.64,0.9006,56
1579578513.212,0.68,0.7835,0.66,0.8594,56
1579578514.4,0.66,0.8021,0.67,0.9087,56
1579578515.535,0.69,0.7563,0.64,0.9212,56
1579578516.654,0.69,0.7502,0.63,0.8908,56
1579578517.767,0.67,0.7813,0.6,0.9779,56
1579578518.981,0.67,0.7947,0.64,0.9159,56
1579578520.122,0.68,0.7883,0.62,0.9213,56
1579578521.371,0.68,0.7706,0.63,0.8957,56
1579578522.572,0.7,0.754,0.66,0.8463,56
1579578523.631,0.72,0.72,0.61,0.8754,56
1579578524.88,0.68,0.7697,0.62,0.9156,57
1579578526.047,0.67,0.7852,0.64,0.8692,57
1579578527.252,0.69,0.7681,0.66,0.8672,57
1579578528.438,0.67,0.7819,0.65,0.9057,57
1579578529.592,0.69,0.7721,0.62,0.96,57
1579578530.694,0.68,0.7645,0.61,0.8956,57
1579578531.771,0.67,0.7677,0.61,0.9397,57
1579578533.033,0.68,0.7639,0.64,0.9101,57
1579578534.072,0.68,0.7625,0.64,0.8754,57
1579578535.107,0.69,0.7596,0.61,0.9906,57
1579578536.331,0.67,0.7892,0.65,0.857,57
1579578537.433,0.71,0.7458,0.65,0.8632,57
1579578538.686,0.69,0.7587,0.61,0.9323,58
1579578539.739,0.68,0.7719,0.64,0.8722,58
1579578540.977,0.67,0.8004,0.61,0.906,58
1579578542.115,0.67,0.7871,0.67,0.9557,58
1579578543.394,0.69,0.7679,0.63,0.8867,58
1579578544.529,0.68,0.7675,0.61,0.9059,58
1579578545.566,0.68,0.7503,0.61,0.9487,58
1579578546.643,0.68,0.7742,0.62,0.891,58
1579578547.714,0.68,0.7675,0.62,0.9033,58
1579578548.928,0.7,0.7411,0.65,0.904,58
1579578550.14,0.7,0.7416,0.69,0.8478,58
1579578551.079,0.72,0.7139,0.62,0.8878,58
1579578552.114,0.67,0.7744,0.61,0.9144,59
1579578553.165,0.66,0.7843,0.62,0.9652,59
1579578554.231,0.63,0.8487,0.61,0.9593,59
1579578555.425,0.65,0.8418,0.65,0.8875,59
1579578556.527,0.7,0.748,0.64,0.9406,59
1579578557.618,0.66,0.7979,0.66,0.9038,59
1579578558.93,0.68,0.757,0.59,0.9673,59
1579578560.2,0.66,0.8053,0.6,0.9472,59
1579578561.254,0.68,0.7835,0.63,0.931,59
1579578562.504,0.66,0.7831,0.64,0.9324,59
1579578563.648,0.69,0.7641,0.63,0.8918,59
1579578564.573,0.71,0.7276,0.61,0.8881,59
1579578565.63,0.68,0.7749,0.62,0.923,60
1579578566.774,0.67,0.7767,0.62,0.9485,60
1579578567.982,0.66,0.8119,0.66,0.8563,60
1579578569.228,0.65,0.8297,0.6,0.9812,60
1579578570.397,0.66,0.8055,0.63,0.9626,60
1579578571.576,0.65,0.7965,0.64,0.896,60
1579578572.794,0.66,0.7913,0.61,0.9368,60
1579578573.822,0.68,0.7778,0.6,1.0813,60
1579578574.847,0.65,0.8276,0.58,0.9551,60
1579578576.057,0.69,0.7787,0.61,0.9037,60
1579578577.319,0.69,0.7687,0.63,0.9502,60
1579578578.391,0.69,0.767,0.69,0.8544,60
1579578579.603,0.69,0.7568,0.69,0.8609,61
1579578580.711,0.68,0.7813,0.63,0.9045,61
1579578581.955,0.67,0.7807,0.64,0.9162,61
1579578583.072,0.67,0.805,0.64,0.8322,61
1579578584.21,0.69,0.772,0.68,0.823,61
1579578585.456,0.69,0.7455,0.63,0.8916,61
1579578586.661,0.67,0.7742,0.64,0.8741,61
1579578587.802,0.68,0.7581,0.63,0.9152,61
1579578588.833,0.67,0.7867,0.64,0.9634,61
1579578589.859,0.69,0.7534,0.63,0.9777,61
1579578590.884,0.7,0.7508,0.6,0.9154,61
1579578591.978,0.71,0.7313,0.62,0.8655,61
1579578593.302,0.69,0.7436,0.64,0.9152,62
1579578594.334,0.68,0.76,0.64,0.9252,62
1579578595.582,0.68,0.7855,0.66,0.8629,62
1579578596.718,0.67,0.7962,0.65,0.8983,62
1579578597.959,0.7,0.7382,0.63,0.9421,62
1579578599.072,0.68,0.7662,0.67,0.8383,62
1579578600.136,0.68,0.7571,0.62,0.8697,62
1579578601.356,0.69,0.752,0.6,0.9791,62
1579578602.552,0.67,0.7836,0.64,0.9424,62
1579578603.672,0.69,0.7388,0.63,0.9198,62
1579578604.731,0.7,0.7334,0.62,0.9458,62
1579578605.671,0.71,0.726,0.62,0.8925,62
1579578606.721,0.7,0.7379,0.66,0.8769,63
1579578607.948,0.69,0.743,0.63,0.9798,63
1579578609.21,0.67,0.7834,0.68,0.883,63
1579578610.431,0.69,0.7579,0.66,0.8538,63
1579578611.685,0.7,0.7388,0.67,0.8852,63
1579578612.881,0.69,0.7352,0.66,0.8926,63
1579578613.949,0.69,0.7424,0.66,0.8591,63
1579578615.105,0.69,0.7647,0.62,0.9139,63
1579578616.346,0.69,0.7553,0.64,0.983,63
1579578617.527,0.69,0.7489,0.64,0.9372,63
1579578618.659,0.71,0.7295,0.61,0.9085,63
1579578619.635,0.72,0.6989,0.6,0.9393,63
1579578620.723,0.69,0.7435,0.63,0.9025,64
1579578621.8,0.7,0.7297,0.62,0.9403,64
1579578622.928,0.68,0.7772,0.66,0.9437,64
1579578623.947,0.68,0.7694,0.65,0.8869,64
1579578625.068,0.71,0.7283,0.67,0.8628,64
1579578626.131,0.7,0.7342,0.66,0.8997,64
1579578627.398,0.69,0.7426,0.63,0.8724,64
1579578628.656,0.68,0.7468,0.63,0.8903,64
1579578629.894,0.68,0.7658,0.63,0.9151,64
1579578631.143,0.7,0.7207,0.61,0.974,64
1579578632.258,0.69,0.7426,0.62,0.9066,64
1579578633.196,0.72,0.7053,0.62,0.9209,64
1579578634.414,0.69,0.7395,0.6,1.0089,65
1579578635.478,0.67,0.7706,0.59,1.0241,65
1579578636.585,0.66,0.8043,0.68,0.8953,65
1579578637.713,0.7,0.7451,0.57,1.0017,65
1579578638.804,0.67,0.7839,0.64,0.9555,65
1579578640.031,0.68,0.7526,0.66,0.885,65
1579578641.22,0.67,0.7643,0.64,0.8832,65
1579578642.315,0.68,0.7601,0.62,0.9568,65
1579578643.431,0.68,0.7654,0.61,0.9353,65
1579578644.683,0.7,0.7425,0.64,0.8948,65
1579578645.77,0.71,0.7235,0.61,0.9353,65
1579578646.704,0.71,0.7144,0.62,0.8965,65
1579578647.833,0.69,0.7458,0.62,0.9002,66
1579578649.076,0.69,0.7387,0.67,0.9632,66
1579578650.335,0.68,0.7486,0.65,0.9838,66
1579578651.438,0.69,0.759,0.68,0.9037,66
1579578652.631,0.71,0.718,0.66,0.8915,66
1579578653.776,0.71,0.7104,0.64,0.9325,66
1579578654.928,0.7,0.74,0.67,0.8486,66
1579578656.137,0.68,0.7579,0.65,0.885,66
1579578657.399,0.7,0.7358,0.61,0.9294,66
1579578658.554,0.7,0.7259,0.64,0.8905,66
1579578659.684,0.72,0.7021,0.65,0.8919,66
1579578660.638,0.73,0.6663,0.65,0.8944,66
1579578661.742,0.7,0.7283,0.66,0.8835,67
1579578662.817,0.7,0.7262,0.68,0.93,67
1579578664.076,0.69,0.7342,0.67,0.952,67
1579578665.331,0.7,0.7413,0.64,0.9558,67
1579578666.344,0.71,0.7009,0.65,0.9386,67
1579578667.589,0.72,0.6952,0.65,0.9147,67
1579578668.756,0.71,0.7104,0.68,0.8739,67
1579578669.842,0.7,0.7211,0.65,0.8996,67
1579578671.02,0.7,0.7273,0.65,0.8765,67
1579578672.204,0.71,0.7069,0.64,0.8718,67
1579578673.378,0.73,0.6841,0.63,0.8952,67
1579578674.49,0.74,0.655,0.59,0.9007,67
1579578675.638,0.71,0.7217,0.64,0.9279,68
1579578676.693,0.7,0.7141,0.68,0.9605,68
1579578677.753,0.7,0.7276,0.64,0.9329,68
1579578678.785,0.69,0.7436,0.63,1.0084,68
1579578679.838,0.71,0.7034,0.67,0.9401,68
1579578680.873,0.73,0.6829,0.66,0.9175,68
1579578681.896,0.7,0.7054,0.64,0.976,68
1579578683.157,0.7,0.7169,0.65,0.8833,68
1579578684.364,0.7,0.729,0.63,0.8937,68
1579578685.428,0.72,0.7014,0.64,0.9466,68
1579578686.584,0.72,0.6896,0.66,0.8685,68
1579578687.636,0.74,0.6498,0.63,0.914,68
1579578688.704,0.71,0.6971,0.64,0.9292,69
1579578689.956,0.71,0.7053,0.69,0.9257,69
1579578691.092,0.69,0.7322,0.67,0.9808,69
1579578692.276,0.7,0.7305,0.67,0.9258,69
1579578693.469,0.73,0.6773,0.64,0.957,69
1579578694.685,0.73,0.6745,0.63,0.9597,69
1579578695.786,0.71,0.6915,0.66,0.9281,69
1579578696.806,0.71,0.7041,0.63,0.9829,69
1579578697.958,0.7,0.7158,0.62,0.9084,69
1579578699.091,0.72,0.6986,0.66,0.8727,69
1579578700.359,0.74,0.6692,0.63,0.9414,69
1579578701.401,0.73,0.6649,0.62,0.8733,69
1579578702.431,0.7,0.7215,0.64,0.9167,70
1579578703.486,0.71,0.6885,0.63,0.9846,70
1579578704.569,0.7,0.7123,0.66,0.9661,70
1579578705.767,0.65,0.8101,0.62,1.0845,70
1579578706.794,0.68,0.7449,0.64,0.9982,70
1579578707.949,0.69,0.7306,0.65,0.8977,70
1579578709.086,0.7,0.7198,0.66,0.9281,70
1579578710.294,0.69,0.7188,0.6,1.0117,70
1579578711.321,0.7,0.7323,0.64,0.967,70
1579578712.472,0.7,0.7343,0.59,0.8957,70
1579578713.615,0.73,0.6902,0.62,0.9275,70
1579578714.556,0.73,0.6772,0.67,0.8734,70
1579578715.731,0.71,0.6974,0.63,0.8945,71
1579578716.923,0.71,0.7168,0.66,0.9124,71
1579578717.972,0.7,0.7075,0.64,0.9568,71
1579578719.004,0.7,0.7354,0.65,0.9197,71
1579578720.036,0.68,0.7573,0.61,0.9767,71
1579578721.303,0.7,0.7096,0.63,1.0087,71
1579578722.57,0.69,0.7389,0.67,0.924,71
1579578723.699,0.71,0.6998,0.63,0.9518,71
1579578724.869,0.69,0.7416,0.65,0.9716,71
1579578726.023,0.7,0.7107,0.62,0.916,71
1579578727.212,0.73,0.6746,0.6,0.9251,71
1579578728.112,0.72,0.6868,0.64,0.8756,71
1579578729.159,0.71,0.7024,0.65,0.8841,72
1579578730.4,0.72,0.6911,0.65,0.8974,72
1579578731.601,0.71,0.697,0.67,0.9051,72
1579578732.676,0.72,0.7057,0.66,0.925,72
1579578733.829,0.73,0.663,0.66,0.9179,72
1579578735.058,0.72,0.6797,0.7,0.8782,72
1579578736.086,0.71,0.6949,0.66,0.9337,72
1579578737.303,0.71,0.6894,0.68,0.942,72
1579578738.343,0.72,0.6867,0.65,0.9344,72
1579578739.552,0.72,0.674,0.63,0.9359,72
1579578740.692,0.74,0.6453,0.63,0.8707,72
1579578741.711,0.76,0.6108,0.6,0.8383,72
1579578742.919,0.72,0.687,0.63,0.8891,73
1579578744.096,0.71,0.7048,0.62,0.9672,73
1579578745.342,0.69,0.7506,0.65,0.8994,73
1579578746.495,0.7,0.7342,0.69,0.9179,73
1579578747.742,0.73,0.6592,0.65,0.9509,73
1579578748.935,0.73,0.656,0.66,0.9267,73
1579578750.021,0.72,0.68,0.65,0.9519,73
1579578751.142,0.72,0.6896,0.67,0.9651,73
1579578752.247,0.72,0.6838,0.63,0.9609,73
1579578753.458,0.73,0.6612,0.64,0.97,73
1579578754.567,0.74,0.639,0.63,0.9233,73
1579578755.662,0.76,0.5961,0.63,0.8563,73
1579578756.941,0.73,0.6585,0.61,0.8634,74
1579578757.948,0.73,0.6633,0.64,0.8736,74
1579578759.21,0.71,0.6754,0.67,0.8569,74
1579578760.439,0.72,0.6909,0.62,0.9377,74
1579578761.522,0.73,0.6604,0.64,1.0106,74
1579578762.642,0.71,0.678,0.69,0.9249,74
1579578763.69,0.73,0.6651,0.65,0.9792,74
1579578764.882,0.73,0.6644,0.6,1.049,74
1579578765.943,0.71,0.7071,0.61,0.9563,74
1579578766.954,0.72,0.7066,0.65,1.0368,74
1579578768.128,0.74,0.6506,0.64,0.9182,74
1579578769.162,0.77,0.5869,0.63,0.9351,74
1579578770.182,0.72,0.6644,0.62,0.9258,75
1579578771.197,0.73,0.6551,0.62,0.8961,75
1579578772.281,0.72,0.6668,0.67,0.8662,75
1579578773.369,0.73,0.6826,0.67,0.9104,75
1579578774.559,0.75,0.6276,0.68,0.9771,75
1579578775.805,0.74,0.6301,0.7,0.9546,75
1579578777.054,0.74,0.6368,0.63,0.967,75
1579578778.282,0.73,0.6645,0.58,1.1361,75
1579578779.304,0.71,0.7141,0.62,1.0001,75
1579578780.483,0.71,0.7327,0.61,1.0835,75
1579578781.555,0.73,0.6561,0.65,0.9584,75
1579578782.508,0.75,0.6202,0.62,0.9275,75
1579578783.648,0.72,0.6721,0.65,0.9276,76
1579578784.77,0.73,0.6509,0.59,0.9819,76
1579578785.831,0.7,0.7067,0.65,0.894,76
1579578786.873,0.72,0.6918,0.58,0.9621,76
1579578787.899,0.73,0.6678,0.63,1.0055,76
1579578788.915,0.71,0.6797,0.65,0.9976,76
1579578790.11,0.73,0.6589,0.62,1.0032,76
1579578791.142,0.69,0.7344,0.63,1.015,76
1579578792.164,0.73,0.6653,0.62,1.0901,76
1579578793.375,0.71,0.7051,0.58,1.002,76
1579578794.41,0.71,0.7053,0.63,0.9347,76
1579578795.514,0.77,0.5844,0.59,1.0101,76
1579578796.681,0.7,0.7141,0.62,0.9579,77
1579578797.776,0.73,0.6689,0.64,0.9213,77
1579578798.853,0.72,0.6718,0.64,0.992,77
1579578799.993,0.7,0.7208,0.65,0.928,77
1579578801.092,0.74,0.6315,0.63,0.9814,77
1579578802.273,0.7,0.7031,0.63,0.9432,77
1579578803.347,0.72,0.6664,0.63,1.0384,77
1579578804.383,0.72,0.6846,0.63,0.9871,77
1579578805.552,0.72,0.674,0.63,0.9727,77
1579578806.696,0.74,0.6471,0.66,0.9806,77
1579578807.945,0.75,0.6143,0.64,0.941,77
1579578808.839,0.77,0.583,0.63,0.9514,77
1579578809.897,0.73,0.6485,0.65,1.0172,78
1579578811.021,0.72,0.667,0.59,0.9805,78
1579578812.051,0.72,0.6684,0.68,0.9674,78
1579578813.235,0.73,0.6699,0.67,0.9517,78
1579578814.426,0.75,0.6317,0.66,0.977,78
1579578815.647,0.74,0.6283,0.64,1.0262,78
1579578816.837,0.73,0.649,0.61,0.9573,78
1579578817.986,0.72,0.6778,0.64,1.024,78
1579578819.027,0.73,0.656,0.62,1.0248,78
1579578820.274,0.73,0.6674,0.58,1.0463,78
1579578821.515,0.74,0.6255,0.66,0.9522,78
1579578822.487,0.78,0.5649,0.64,0.9647,78
1579578823.671,0.73,0.6602,0.62,1.008,79
1579578824.911,0.73,0.6711,0.63,0.9708,79
1579578825.949,0.72,0.6582,0.65,1.0734,79
1579578826.975,0.72,0.6851,0.59,1.0212,79
1579578828.139,0.73,0.6711,0.67,1.02,79
1579578829.168,0.75,0.6187,0.61,1.0969,79
1579578830.196,0.72,0.6793,0.64,0.9198,79
1579578831.226,0.73,0.6709,0.66,0.9969,79
1579578832.426,0.72,0.6729,0.6,1.0656,79
1579578833.623,0.72,0.6784,0.64,0.9572,79
1579578834.684,0.75,0.6229,0.56,1.1385,79
1579578835.673,0.72,0.6665,0.61,0.9246,79
1579578836.856,0.72,0.6636,0.64,0.9311,80
1579578837.986,0.74,0.6445,0.63,1.0093,80
1579578839.091,0.7,0.7044,0.67,0.9047,80
1579578840.217,0.74,0.6661,0.63,0.9584,80
1579578841.442,0.75,0.6257,0.6,1.0747,80
1579578842.661,0.72,0.656,0.67,0.9716,80
1579578843.691,0.74,0.6382,0.64,0.9831,80
1579578844.73,0.73,0.655,0.6,1.1053,80
1579578845.79,0.72,0.6788,0.64,0.9631,80
1579578847.046,0.75,0.6313,0.65,0.9698,80
1579578848.077,0.76,0.6028,0.59,1.0464,80
1579578848.968,0.76,0.5869,0.6,0.9462,80
1579578850.151,0.74,0.6321,0.63,0.9389,81
1579578851.174,0.74,0.6441,0.66,0.9892,81
1579578852.369,0.71,0.6856,0.69,0.8681,81
1579578853.431,0.73,0.6547,0.66,0.8907,81
1579578854.547,0.75,0.6293,0.63,1.0257,81
1579578855.634,0.73,0.6378,0.65,1.0158,81
1579578856.832,0.74,0.6229,0.61,1.0235,81
1579578857.89,0.73,0.6619,0.63,1.1721,81
1579578858.934,0.73,0.6648,0.65,1.0739,81
1579578860.196,0.72,0.6488,0.62,0.9575,81
1579578861.363,0.75,0.6172,0.62,1.0432,81
1579578862.349,0.76,0.5792,0.59,1.0133,81
1579578863.503,0.74,0.6166,0.61,0.9991,82
1579578864.544,0.74,0.6332,0.62,1.0585,82
1579578865.616,0.71,0.6796,0.64,0.9242,82
1579578866.852,0.73,0.6709,0.66,0.8983,82
1579578868.09,0.74,0.6432,0.66,1.0278,82
1579578869.313,0.72,0.6595,0.6,1.0358,82
1579578870.474,0.73,0.6371,0.62,1.0038,82
1579578871.554,0.73,0.6549,0.61,1.2019,82
1579578872.672,0.71,0.6983,0.62,1.1675,82
1579578873.795,0.73,0.6566,0.63,1.005,82
1579578874.951,0.72,0.6594,0.64,1.0351,82
1579578875.905,0.75,0.6103,0.62,1.0177,82
1579578876.929,0.73,0.6255,0.57,1.0548,83
1579578878.137,0.71,0.6767,0.59,1.0763,83
1579578879.267,0.73,0.6471,0.63,1.1655,83
1579578880.408,0.7,0.728,0.61,0.9642,83
1579578881.532,0.71,0.6763,0.63,0.9135,83
1579578882.713,0.74,0.6471,0.64,1.0269,83
1579578883.802,0.71,0.6967,0.69,0.9095,83
1579578884.986,0.74,0.6377,0.63,0.9179,83
1579578886.02,0.71,0.6979,0.65,1.0422,83
1579578887.156,0.74,0.6282,0.61,1.1954,83
1579578888.353,0.72,0.6738,0.61,1.0221,83
1579578889.315,0.75,0.6189,0.62,0.9996,83
1579578890.463,0.74,0.6427,0.63,1.0448,84
1579578891.514,0.73,0.6387,0.69,0.9845,84
1579578892.74,0.74,0.6294,0.67,0.9604,84
1579578893.779,0.74,0.6457,0.64,0.9615,84
1579578894.801,0.74,0.6161,0.64,0.9938,84
1579578895.943,0.74,0.6188,0.63,0.9766,84
1579578897.175,0.74,0.6316,0.65,0.9248,84
1579578898.312,0.76,0.6085,0.66,0.9249,84
1579578899.483,0.74,0.6212,0.65,0.9799,84
1579578900.521,0.75,0.601,0.66,0.972,84
1579578901.65,0.76,0.5828,0.67,0.9526,84
1579578902.653,0.78,0.5566,0.65,0.966,84
1579578903.733,0.75,0.5937,0.64,0.9713,85
1579578904.755,0.77,0.5799,0.64,1.008,85
1579578905.904,0.75,0.6037,0.66,1.0527,85
1579578907.054,0.76,0.6054,0.68,1.0056,85
1579578908.312,0.77,0.5725,0.64,0.9874,85
1579578909.44,0.76,0.5953,0.66,0.9833,85
1579578910.607,0.76,0.5851,0.69,0.933,85
1579578911.819,0.76,0.5861,0.67,0.9806,85
1579578912.85,0.76,0.594,0.64,1.1053,85
1579578913.872,0.76,0.5987,0.65,0.9898,85
1579578915.094,0.78,0.5675,0.67,1.006,85
1579578915.995,0.79,0.5246,0.68,0.9839,85
1579578917.01,0.76,0.5711,0.63,0.9535,86
1579578918.079,0.77,0.5692,0.63,1.0285,86
1579578919.092,0.75,0.5889,0.62,1.0373,86
1579578920.347,0.76,0.5877,0.61,0.9885,86
1579578921.538,0.77,0.5709,0.62,1.0502,86
1579578922.742,0.77,0.5737,0.65,0.9473,86
1579578923.995,0.78,0.5529,0.7,0.9045,86
1579578925.257,0.78,0.5748,0.66,1.0001,86
1579578926.396,0.77,0.5659,0.65,1.0756,86
1579578927.644,0.78,0.5569,0.62,1.02,86
1579578928.848,0.79,0.5423,0.66,1.0743,86
1579578929.813,0.8,0.5019,0.66,0.974,86
1579578930.911,0.78,0.5407,0.64,0.9584,87
1579578931.944,0.78,0.5486,0.64,1.0366,87
1579578933.113,0.76,0.5707,0.65,1.0219,87
1579578934.231,0.77,0.5634,0.63,1.0231,87
1579578935.408,0.77,0.5529,0.62,1.0882,87
1579578936.486,0.77,0.5732,0.65,0.9631,87
1579578937.667,0.78,0.5398,0.69,0.9398,87
1579578938.674,0.79,0.546,0.66,1.0356,87
1579578939.843,0.78,0.5524,0.65,1.099,87
1579578941.046,0.78,0.5438,0.63,1.0396,87
1579578942.079,0.79,0.524,0.66,1.0935,87
1579578943.187,0.81,0.4858,0.67,1.0028,87
1579578944.447,0.79,0.5326,0.69,0.9902,88
1579578945.645,0.78,0.5365,0.62,1.0598,88
1579578946.717,0.77,0.5525,0.63,1.0427,88
1579578947.839,0.78,0.551,0.65,1.0081,88
1579578948.853,0.78,0.528,0.6,1.0929,88
1579578949.908,0.77,0.5595,0.66,0.9677,88
1579578950.966,0.78,0.5447,0.63,0.9963,88
1579578952.021,0.77,0.5585,0.64,1.0689,88
1579578953.318,0.74,0.6109,0.6,1.2713,88
1579578954.358,0.73,0.6352,0.64,1.0659,88
1579578955.48,0.74,0.6228,0.61,1.2491,88
1579578956.441,0.77,0.557,0.64,0.9924,88
1579578957.585,0.77,0.5606,0.62,1.0036,89
1579578958.624,0.73,0.6329,0.61,1.1044,89
1579578959.712,0.74,0.6097,0.62,1.0053,89
1579578960.749,0.75,0.5986,0.7,0.981,89
1579578961.913,0.72,0.6394,0.62,1.0108,89
1579578963.037,0.77,0.5558,0.61,1.1436,89
1579578964.273,0.73,0.6381,0.67,0.9587,89
1579578965.5,0.76,0.5966,0.67,0.9716,89
1579578966.691,0.74,0.6063,0.67,1.1366,89
1579578967.804,0.76,0.5952,0.62,1.1406,89
1579578968.834,0.75,0.5991,0.69,1.0116,89
1579578969.863,0.78,0.5529,0.66,0.9956,89
1579578970.908,0.76,0.5795,0.64,1.034,90
1579578971.939,0.73,0.6434,0.63,1.0224,90
1579578972.971,0.76,0.5867,0.65,1.0231,90
1579578973.995,0.74,0.6269,0.63,1.0534,90
1579578975.249,0.74,0.6367,0.64,1.0316,90
1579578976.29,0.76,0.5886,0.63,1.1456,90
1579578977.367,0.73,0.6471,0.66,0.9937,90
1579578978.418,0.73,0.6528,0.66,0.9741,90
1579578979.675,0.75,0.6188,0.61,1.2346,90
1579578980.78,0.74,0.6456,0.64,1.0928,90
1579578981.932,0.77,0.5616,0.59,1.1357,90
1579578983.004,0.75,0.6131,0.64,1.0301,90
1579578984.249,0.76,0.5877,0.61,1.1001,91
1579578985.475,0.74,0.6355,0.63,0.9863,91
1579578986.711,0.74,0.6181,0.68,0.9334,91
1579578987.904,0.77,0.5835,0.66,0.9929,91
1579578988.942,0.75,0.5843,0.69,0.9254,91
1579578989.979,0.78,0.5521,0.66,0.9363,91
1579578991.062,0.75,0.5957,0.67,0.9202,91
1579578992.083,0.77,0.5698,0.72,0.9422,91
1579578993.29,0.75,0.5866,0.67,1.0022,91
1579578994.406,0.78,0.5469,0.67,1.0933,91
1579578995.467,0.79,0.5264,0.65,1.0649,91
1579578996.444,0.81,0.4861,0.63,1.0398,91
1579578997.577,0.77,0.5447,0.66,1.0397,92
1579578998.747,0.78,0.5356,0.66,1.025,92
1579578999.962,0.77,0.5539,0.63,1.0155,92
1579579001.041,0.78,0.551,0.63,1.0144,92
1579579002.268,0.79,0.5144,0.66,0.9929,92
1579579003.363,0.79,0.5137,0.65,0.9909,92
1579579004.504,0.78,0.5356,0.69,0.9456,92
1579579005.525,0.78,0.5437,0.67,0.9797,92
1579579006.634,0.78,0.5396,0.62,1.1487,92
1579579007.719,0.78,0.5366,0.65,1.0758,92
1579579008.926,0.8,0.5032,0.66,1.0393,92
1579579009.829,0.82,0.4646,0.64,1.0786,92
1579579010.893,0.79,0.5201,0.64,1.0618,93
1579579011.925,0.79,0.5158,0.62,1.0468,93
1579579013.139,0.79,0.5164,0.63,1.1016,93
1579579014.238,0.78,0.5336,0.66,0.997,93
1579579015.455,0.78,0.5331,0.66,0.9764,93
1579579016.676,0.8,0.499,0.65,1.0448,93
1579579017.92,0.78,0.5267,0.7,0.9159,93
1579579018.938,0.79,0.546,0.67,0.9813,93
1579579020.007,0.79,0.5187,0.63,1.2588,93
1579579021.144,0.78,0.5483,0.63,1.0448,93
1579579022.175,0.81,0.4917,0.66,1.0084,93
1579579023.249,0.83,0.4471,0.63,1.1236,93
1579579024.493,0.78,0.5267,0.66,1.0571,94
1579579025.613,0.79,0.5088,0.64,1.0643,94
1579579026.721,0.79,0.5135,0.61,1.2714,94
1579579027.795,0.77,0.569,0.62,1.0988,94
1579579029.047,0.78,0.5509,0.69,0.9654,94
1579579030.294,0.79,0.5162,0.58,1.281,94
1579579031.363,0.72,0.6691,0.6,1.0151,94
1579579032.378,0.73,0.6552,0.57,1.1131,94
1579579033.424,0.64,0.8101,0.62,1.4185,94
1579579034.506,0.71,0.7198,0.61,1.31,94
1579579035.637,0.69,0.7361,0.6,1.0566,94
1579579036.677,0.78,0.5432,0.65,1.133,94
1579579037.821,0.65,0.7825,0.65,1.0202,95
1579579038.951,0.73,0.6209,0.64,1.084,95
1579579040.034,0.71,0.6542,0.62,1.1257,95
1579579041.279,0.7,0.7018,0.6,1.0482,95
1579579042.406,0.75,0.5982,0.63,1.0078,95
1579579043.553,0.74,0.6298,0.61,0.9849,95
1579579044.634,0.71,0.6543,0.62,0.9161,95
1579579045.767,0.75,0.6019,0.67,0.8815,95
1579579046.966,0.75,0.6113,0.64,0.8923,95
1579579048.233,0.76,0.596,0.63,0.965,95
1579579049.308,0.76,0.573,0.61,0.9593,95
1579579050.424,0.79,0.5302,0.58,0.9889,95
1579579051.661,0.75,0.5974,0.6,0.9583,96
1579579052.881,0.77,0.5731,0.64,0.9822,96
1579579054.109,0.75,0.5927,0.64,0.9795,96
1579579055.215,0.77,0.5771,0.67,0.9809,96
1579579056.473,0.79,0.5312,0.67,1.0159,96
1579579057.584,0.77,0.5674,0.66,1.0138,96
1579579058.626,0.77,0.5561,0.7,1.0026,96
1579579059.811,0.77,0.5579,0.69,0.9606,96
1579579060.915,0.76,0.5832,0.69,0.9333,96
1579579061.947,0.77,0.5577,0.66,1.0743,96
1579579062.983,0.79,0.5225,0.63,1.0953,96
1579579064.083,0.81,0.4832,0.64,1.0623,96
1579579065.187,0.76,0.5654,0.67,0.983,97
1579579066.39,0.79,0.5277,0.64,1.0458,97
1579579067.483,0.77,0.5593,0.67,1.0067,97
1579579068.574,0.79,0.5289,0.67,1.0318,97
1579579069.747,0.8,0.5058,0.64,1.0461,97
1579579070.795,0.79,0.5158,0.66,1.0554,97
1579579071.817,0.78,0.5234,0.67,0.9807,97
1579579073.087,0.79,0.5171,0.68,0.9305,97
1579579074.315,0.78,0.5557,0.68,0.9822,97
1579579075.514,0.77,0.538,0.61,1.2186,97
1579579076.797,0.78,0.525,0.65,1.1063,97
1579579077.889,0.82,0.4639,0.64,1.0458,97
1579579078.985,0.79,0.5354,0.68,0.9597,98
1579579080.085,0.78,0.5242,0.62,1.0635,98
1579579081.268,0.78,0.5257,0.63,1.0379,98
1579579082.426,0.79,0.5164,0.65,1.1081,98
1579579083.59,0.8,0.4921,0.64,1.0856,98
1579579084.66,0.8,0.5055,0.64,1.1044,98
1579579085.748,0.8,0.5015,0.66,1.0118,98
1579579086.82,0.79,0.5112,0.64,0.9247,98
1579579087.858,0.79,0.5144,0.68,0.987,98
1579579088.896,0.78,0.5107,0.65,1.203,98
1579579090.105,0.81,0.4745,0.65,1.2194,98
1579579091.213,0.82,0.4629,0.64,1.0919,98
1579579092.412,0.79,0.517,0.67,0.9781,99
1579579093.445,0.8,0.4959,0.64,1.0993,99
1579579094.649,0.78,0.5219,0.65,1.0541,99
1579579095.759,0.79,0.5129,0.63,1.1208,99
1579579096.845,0.8,0.4843,0.64,1.1356,99
1579579097.903,0.79,0.5077,0.6,1.1646,99
1579579098.923,0.79,0.5149,0.59,1.0647,99
1579579099.969,0.79,0.5113,0.69,0.913,99
1579579101.16,0.79,0.5268,0.68,0.9496,99
1579579102.249,0.77,0.5213,0.68,1.1383,99
1579579103.469,0.82,0.4582,0.66,1.2328,99
1579579104.477,0.81,0.4682,0.61,1.1378,99
