1579985864.107,0.28,1.3866,0.15,1.3895,0
1579985865.518,0.29,1.3862,0.15,1.3894,0
1579985866.947,0.29,1.3864,0.15,1.3894,0
1579985868.365,0.3,1.386,0.15,1.3894,0
1579985869.78,0.29,1.3862,0.15,1.3894,0
1579985871.192,0.28,1.3864,0.15,1.3893,0
1579985872.586,0.28,1.3864,0.15,1.3893,0
1579985873.983,0.28,1.3861,0.15,1.3893,0
1579985875.516,0.29,1.386,0.15,1.3892,0
1579985876.901,0.29,1.3857,0.15,1.3892,0
1579985878.187,0.29,1.3857,0.15,1.3892,0
1579985879.604,0.28,1.3859,0.15,1.3892,1
1579985881.096,0.29,1.3855,0.15,1.3891,1
1579985882.516,0.29,1.3856,0.15,1.3891,1
1579985883.93,0.3,1.3853,0.15,1.3891,1
1579985885.376,0.29,1.3854,0.15,1.3891,1
1579985886.879,0.28,1.3857,0.15,1.389,1
1579985888.288,0.28,1.3856,0.15,1.389,1
1579985889.71,0.28,1.3853,0.15,1.389,1
1579985891.086,0.29,1.3852,0.15,1.389,1
1579985892.497,0.29,1.385,0.15,1.3889,1
1579985893.787,0.29,1.3849,0.15,1.3889,1
1579985895.19,0.28,1.3851,0.15,1.3889,2
1579985896.608,0.29,1.3849,0.15,1.3889,2
1579985898.013,0.29,1.3849,0.15,1.3888,2
1579985899.44,0.3,1.3846,0.15,1.3888,2
1579985900.845,0.29,1.3847,0.15,1.3888,2
1579985902.234,0.28,1.3851,0.15,1.3888,2
1579985903.635,0.28,1.3849,0.15,1.3887,2
1579985905.036,0.28,1.3846,0.15,1.3887,2
1579985906.446,0.29,1.3845,0.15,1.3887,2
1579985907.851,0.29,1.3842,0.15,1.3886,2
1579985909.127,0.29,1.3842,0.15,1.3886,2
1579985910.512,0.28,1.3844,0.15,1.3886,3
1579985911.933,0.29,1.3842,0.15,1.3885,3
1579985913.354,0.29,1.3842,0.15,1.3885,3
1579985914.766,0.3,1.3839,0.15,1.3885,3
1579985916.176,0.29,1.3839,0.15,1.3885,3
1579985917.587,0.28,1.3844,0.15,1.3884,3
1579985919.0,0.28,1.3842,0.15,1.3884,3
1579985920.386,0.28,1.3839,0.15,1.3884,3
1579985921.777,0.29,1.3838,0.15,1.3884,3
1579985923.161,0.29,1.3835,0.15,1.3883,3
1579985924.442,0.29,1.3835,0.15,1.3883,3
1579985925.846,0.28,1.3837,0.15,1.3883,4
1579985927.288,0.29,1.3835,0.15,1.3883,4
1579985928.692,0.29,1.3836,0.15,1.3882,4
1579985930.092,0.3,1.3832,0.15,1.3882,4
1579985931.503,0.29,1.3831,0.15,1.3882,4
1579985932.882,0.28,1.3838,0.15,1.3882,4
1579985934.266,0.28,1.3836,0.15,1.3881,4
1579985935.64,0.28,1.3832,0.15,1.3881,4
1579985937.032,0.29,1.3831,0.15,1.3881,4
1579985938.407,0.29,1.3827,0.15,1.388,4
1579985939.71,0.29,1.3828,0.15,1.388,4
1579985941.193,0.28,1.383,0.15,1.388,5
1579985942.584,0.29,1.3829,0.15,1.3879,5
1579985943.979,0.29,1.3829,0.15,1.3879,5
1579985945.381,0.3,1.3825,0.15,1.3879,5
1579985946.893,0.29,1.3824,0.15,1.3879,5
1579985948.295,0.28,1.3832,0.15,1.3878,5
1579985949.698,0.28,1.3829,0.15,1.3878,5
1579985951.09,0.28,1.3826,0.15,1.3878,5
1579985952.494,0.29,1.3824,0.15,1.3877,5
1579985953.888,0.29,1.382,0.15,1.3877,5
1579985955.185,0.29,1.3822,0.15,1.3877,5
1579985956.593,0.28,1.3823,0.15,1.3877,6
1579985957.995,0.29,1.3823,0.15,1.3876,6
1579985959.414,0.29,1.3822,0.15,1.3876,6
1579985960.833,0.3,1.3818,0.15,1.3876,6
1579985962.247,0.29,1.3817,0.15,1.3876,6
1579985963.647,0.28,1.3826,0.15,1.3876,6
1579985965.041,0.28,1.3822,0.15,1.3876,6
1579985966.47,0.28,1.3818,0.15,1.3875,6
1579985967.89,0.29,1.3816,0.15,1.3875,6
1579985969.291,0.29,1.3812,0.15,1.3875,6
1579985970.576,0.29,1.3814,0.15,1.3875,6
1579985971.96,0.28,1.3816,0.15,1.3875,7
1579985973.347,0.29,1.3816,0.15,1.3874,7
1579985974.76,0.29,1.3815,0.15,1.3874,7
1579985976.164,0.3,1.3811,0.15,1.3874,7
1579985977.605,0.29,1.3809,0.15,1.3874,7
1579985979.052,0.28,1.3819,0.15,1.3874,7
1579985980.457,0.28,1.3815,0.15,1.3874,7
1579985981.856,0.28,1.3811,0.15,1.3874,7
1579985983.238,0.29,1.3809,0.15,1.3873,7
1579985984.636,0.29,1.3804,0.15,1.3873,7
1579985985.926,0.29,1.3807,0.15,1.3873,7
1579985987.405,0.28,1.3808,0.15,1.3873,8
1579985988.814,0.29,1.3808,0.15,1.3873,8
1579985990.347,0.29,1.3808,0.15,1.3873,8
1579985991.758,0.3,1.3803,0.15,1.3873,8
1579985993.151,0.29,1.38,0.15,1.3874,8
1579985994.529,0.28,1.3812,0.15,1.3874,8
1579985995.919,0.28,1.3807,0.15,1.3874,8
1579985997.309,0.28,1.3803,0.15,1.3874,8
1579985998.686,0.29,1.38,0.15,1.3874,8
1579986000.108,0.29,1.3795,0.15,1.3874,8
1579986001.44,0.29,1.3798,0.15,1.3874,8
1579986002.815,0.28,1.3799,0.15,1.3874,9
1579986004.203,0.29,1.38,0.15,1.3875,9
1579986005.593,0.29,1.3799,0.15,1.3875,9
1579986007.107,0.3,1.3793,0.15,1.3875,9
1579986008.57,0.29,1.379,0.15,1.3875,9
1579986009.996,0.28,1.3803,0.15,1.3876,9
1579986011.416,0.28,1.3798,0.15,1.3876,9
1579986012.846,0.28,1.3792,0.15,1.3876,9
1579986014.255,0.29,1.3789,0.15,1.3876,9
1579986015.662,0.29,1.3782,0.15,1.3876,9
1579986016.969,0.29,1.3786,0.15,1.3877,9
1579986018.418,0.28,1.3787,0.15,1.3877,10
1579986019.813,0.29,1.3788,0.15,1.3878,10
1579986021.222,0.29,1.3787,0.15,1.3878,10
1579986022.604,0.3,1.3779,0.15,1.3879,10
1579986023.993,0.29,1.3775,0.15,1.3879,10
1579986025.367,0.28,1.3792,0.15,1.388,10
1579986026.77,0.28,1.3785,0.15,1.388,10
1579986028.17,0.28,1.3778,0.15,1.388,10
1579986029.549,0.29,1.3774,0.15,1.388,10
1579986030.93,0.29,1.3766,0.15,1.388,10
1579986032.205,0.29,1.3771,0.15,1.3879,10
1579986033.587,0.28,1.3773,0.15,1.3879,11
1579986034.976,0.29,1.3774,0.15,1.3879,11
1579986036.359,0.29,1.3772,0.15,1.3878,11
1579986037.785,0.3,1.3765,0.15,1.3878,11
1579986039.23,0.29,1.3759,0.15,1.3877,11
1579986040.632,0.28,1.3779,0.15,1.3877,11
1579986042.069,0.28,1.377,0.15,1.3876,11
1579986043.487,0.28,1.3763,0.15,1.3875,11
1579986044.89,0.29,1.3759,0.15,1.3875,11
1579986046.296,0.29,1.3749,0.15,1.3874,11
1579986047.654,0.29,1.3755,0.15,1.3873,11
1579986049.109,0.28,1.3757,0.15,1.3872,12
1579986050.513,0.29,1.3758,0.15,1.3872,12
1579986051.911,0.29,1.3756,0.15,1.3871,12
1579986053.306,0.3,1.3748,0.15,1.387,12
1579986054.68,0.29,1.374,0.15,1.387,12
1579986056.056,0.28,1.3763,0.15,1.3869,12
1579986057.445,0.28,1.3752,0.15,1.3869,12
1579986058.819,0.28,1.3744,0.15,1.3868,12
1579986060.272,0.29,1.3738,0.15,1.3868,12
1579986061.742,0.29,1.3728,0.15,1.3867,12
1579986063.041,0.29,1.3735,0.15,1.3866,12
1579986064.459,0.28,1.3736,0.15,1.3865,13
1579986065.858,0.29,1.3737,0.15,1.3865,13
1579986067.348,0.29,1.3734,0.15,1.3864,13
1579986068.778,0.3,1.3725,0.15,1.3864,13
1579986070.183,0.29,1.3715,0.15,1.3863,13
1579986071.579,0.28,1.3741,0.15,1.3863,13
1579986072.978,0.28,1.3728,0.15,1.3862,13
1579986074.372,0.28,1.372,0.15,1.3862,13
1579986075.762,0.29,1.3712,0.15,1.3862,13
1579986077.154,0.29,1.3701,0.15,1.3862,13
1579986078.442,0.29,1.371,0.15,1.3862,13
1579986079.865,0.28,1.371,0.15,1.3862,14
1579986081.28,0.29,1.3713,0.15,1.3862,14
1579986082.674,0.29,1.3709,0.15,1.3861,14
1579986084.072,0.3,1.3699,0.15,1.3861,14
1579986085.454,0.29,1.3687,0.15,1.3861,14
1579986086.852,0.28,1.3718,0.15,1.3861,14
1579986088.25,0.28,1.3702,0.15,1.386,14
1579986089.638,0.28,1.3694,0.15,1.3859,14
1579986091.022,0.29,1.3685,0.15,1.3857,14
1579986092.41,0.29,1.3674,0.15,1.3856,14
1579986093.692,0.29,1.3684,0.15,1.3855,14
1579986095.086,0.28,1.3684,0.15,1.3854,15
1579986096.476,0.29,1.3687,0.15,1.3852,15
1579986097.876,0.29,1.3683,0.15,1.3851,15
1579986099.3,0.3,1.3672,0.15,1.3849,15
1579986100.694,0.29,1.3658,0.15,1.3848,15
1579986102.123,0.28,1.3692,0.15,1.3846,15
1579986103.544,0.28,1.3673,0.15,1.3844,15
1579986104.984,0.28,1.3666,0.15,1.3842,15
1579986106.415,0.29,1.3655,0.15,1.3839,15
1579986107.864,0.29,1.3645,0.15,1.3837,15
1579986109.194,0.29,1.3656,0.15,1.3835,15
1579986110.592,0.28,1.3656,0.15,1.3832,16
1579986112.124,0.29,1.3662,0.15,1.3829,16
1579986113.523,0.29,1.3656,0.15,1.3826,16
1579986114.899,0.3,1.3647,0.15,1.3824,16
1579986116.281,0.29,1.3628,0.15,1.3821,16
1579986117.664,0.28,1.3666,0.15,1.3818,16
1579986119.067,0.28,1.3644,0.15,1.3814,16
1579986120.524,0.28,1.3639,0.15,1.3809,16
1579986121.946,0.29,1.3628,0.15,1.3805,16
1579986123.344,0.29,1.3618,0.15,1.3801,16
1579986124.658,0.29,1.3632,0.15,1.3797,16
1579986126.1,0.28,1.3629,0.15,1.3793,17
1579986127.584,0.29,1.3639,0.15,1.3789,17
1579986129.039,0.29,1.3631,0.15,1.3785,17
1579986130.447,0.29,1.3625,0.15,1.3782,17
1579986131.845,0.28,1.3602,0.15,1.3779,17
1579986133.254,0.28,1.3643,0.15,1.3775,17
1579986134.646,0.28,1.3618,0.15,1.3771,17
1579986136.047,0.28,1.3616,0.15,1.3766,17
1579986137.462,0.29,1.3605,0.15,1.3761,17
1579986138.898,0.29,1.3597,0.15,1.3757,17
1579986140.181,0.29,1.3613,0.16,1.3754,17
1579986141.608,0.28,1.3609,0.16,1.375,18
1579986142.994,0.29,1.3623,0.17,1.3747,18
1579986144.385,0.29,1.3614,0.17,1.3743,18
1579986145.778,0.3,1.3611,0.17,1.3741,18
1579986147.177,0.3,1.3583,0.16,1.3739,18
1579986148.56,0.29,1.3626,0.16,1.3737,18
1579986149.949,0.3,1.3597,0.15,1.3734,18
1579986151.339,0.3,1.3598,0.15,1.373,18
1579986152.725,0.3,1.3589,0.16,1.3727,18
1579986154.097,0.3,1.3583,0.18,1.3725,18
1579986155.375,0.3,1.36,0.18,1.3723,18
1579986156.778,0.3,1.3594,0.18,1.3721,19
1579986158.169,0.3,1.3611,0.18,1.372,19
1579986159.564,0.31,1.3601,0.18,1.3719,19
1579986160.936,0.32,1.3599,0.18,1.372,19
1579986162.327,0.31,1.3569,0.18,1.372,19
1579986163.719,0.31,1.3613,0.18,1.3719,19
1579986165.147,0.31,1.3583,0.18,1.3718,19
1579986166.575,0.31,1.3585,0.19,1.3716,19
1579986168.026,0.31,1.3576,0.2,1.3714,19
1579986169.496,0.3,1.357,0.21,1.3713,19
1579986170.799,0.3,1.3589,0.21,1.3713,19
1579986172.202,0.3,1.3582,0.19,1.3712,20
1579986173.582,0.31,1.36,0.18,1.3712,20
1579986174.953,0.31,1.3589,0.18,1.3712,20
1579986176.326,0.33,1.3585,0.18,1.3714,20
1579986177.699,0.32,1.3557,0.18,1.3716,20
1579986179.069,0.31,1.3601,0.18,1.3717,20
1579986180.532,0.31,1.3571,0.18,1.3716,20
1579986181.923,0.31,1.3572,0.18,1.3715,20
1579986183.311,0.31,1.3563,0.18,1.3714,20
1579986184.705,0.3,1.3558,0.18,1.3714,20
1579986186.0,0.31,1.3577,0.18,1.3715,20
1579986187.491,0.3,1.357,0.18,1.3714,21
1579986188.913,0.31,1.3587,0.18,1.3715,21
1579986190.31,0.31,1.3577,0.18,1.3715,21
1579986191.705,0.33,1.3571,0.17,1.3717,21
1579986193.078,0.31,1.3545,0.17,1.3719,21
1579986194.469,0.31,1.3589,0.17,1.3719,21
1579986195.882,0.31,1.3559,0.17,1.3719,21
1579986197.286,0.31,1.3559,0.17,1.3717,21
1579986198.715,0.31,1.355,0.18,1.3716,21
1579986200.109,0.31,1.3546,0.18,1.3716,21
1579986201.429,0.31,1.3565,0.18,1.3716,21
1579986202.839,0.3,1.3557,0.18,1.3716,22
1579986204.239,0.31,1.3572,0.18,1.3716,22
1579986205.645,0.31,1.3564,0.18,1.3716,22
1579986207.056,0.32,1.3553,0.17,1.3717,22
1579986208.458,0.31,1.3533,0.17,1.3718,22
1579986209.849,0.31,1.3574,0.17,1.3718,22
1579986211.258,0.31,1.3544,0.18,1.3716,22
1579986212.643,0.31,1.3545,0.17,1.3714,22
1579986214.036,0.31,1.3535,0.18,1.3712,22
1579986215.411,0.31,1.3531,0.18,1.3711,22
1579986216.692,0.31,1.355,0.18,1.3711,22
1579986218.096,0.3,1.3542,0.18,1.371,23
1579986219.476,0.32,1.3555,0.18,1.371,23
1579986220.856,0.31,1.3549,0.18,1.371,23
1579986222.253,0.33,1.3535,0.18,1.3712,23
1579986223.642,0.32,1.3519,0.18,1.3714,23
1579986225.035,0.31,1.3557,0.18,1.3714,23
1579986226.442,0.31,1.3528,0.19,1.3712,23
1579986227.92,0.31,1.3528,0.19,1.371,23
1579986229.4,0.32,1.3519,0.19,1.3707,23
1579986230.84,0.31,1.3515,0.19,1.3705,23
1579986232.141,0.31,1.3532,0.19,1.3705,23
1579986233.679,0.31,1.3524,0.19,1.3703,24
1579986235.065,0.31,1.3535,0.19,1.3702,24
1579986236.448,0.31,1.3531,0.19,1.3702,24
1579986237.841,0.33,1.3512,0.19,1.3703,24
1579986239.228,0.31,1.3502,0.19,1.3705,24
1579986240.687,0.31,1.3537,0.19,1.3704,24
1579986242.079,0.31,1.3507,0.19,1.37,24
1579986243.463,0.31,1.3507,0.2,1.3696,24
1579986244.866,0.32,1.3498,0.2,1.3692,24
1579986246.296,0.31,1.3496,0.2,1.369,24
1579986247.632,0.31,1.3511,0.2,1.3688,24
1579986249.039,0.31,1.3502,0.2,1.3686,25
1579986250.423,0.31,1.351,0.2,1.3683,25
1579986251.825,0.32,1.3509,0.2,1.3681,25
1579986253.218,0.33,1.3484,0.2,1.3682,25
1579986254.602,0.32,1.348,0.21,1.3683,25
1579986255.983,0.31,1.3511,0.21,1.3681,25
1579986257.364,0.31,1.3481,0.21,1.3676,25
1579986258.776,0.32,1.3481,0.22,1.3672,25
1579986260.18,0.32,1.3473,0.22,1.3668,25
1579986261.601,0.32,1.3471,0.22,1.3665,25
1579986262.888,0.32,1.3484,0.22,1.3662,25
1579986264.303,0.32,1.3474,0.22,1.3659,26
1579986265.69,0.33,1.3477,0.23,1.3655,26
1579986267.084,0.33,1.348,0.24,1.3651,26
1579986268.487,0.35,1.3448,0.24,1.365,26
1579986269.871,0.33,1.3452,0.24,1.365,26
1579986271.259,0.33,1.3475,0.23,1.3646,26
1579986272.667,0.34,1.3447,0.23,1.364,26
1579986274.058,0.34,1.3447,0.23,1.3634,26
1579986275.444,0.34,1.3438,0.22,1.3628,26
1579986276.829,0.33,1.3438,0.22,1.3624,26
1579986278.117,0.33,1.3449,0.21,1.362,26
1579986279.522,0.34,1.3436,0.21,1.3614,27
1579986280.912,0.35,1.3432,0.22,1.3608,27
1579986282.331,0.34,1.3441,0.22,1.3603,27
1579986283.741,0.36,1.3399,0.23,1.3601,27
1579986285.153,0.35,1.3415,0.23,1.36,27
1579986286.558,0.35,1.3425,0.23,1.3594,27
1579986288.002,0.35,1.34,0.24,1.3586,27
1579986289.435,0.34,1.34,0.24,1.3578,27
1579986290.886,0.35,1.3389,0.24,1.357,27
1579986292.309,0.34,1.3395,0.24,1.3564,27
1579986293.645,0.35,1.3401,0.24,1.3561,27
1579986295.076,0.35,1.3386,0.23,1.3556,28
1579986296.478,0.36,1.3373,0.24,1.355,28
1579986297.859,0.34,1.3391,0.25,1.3545,28
1579986299.239,0.37,1.3336,0.24,1.3544,28
1579986300.695,0.35,1.3371,0.25,1.3545,28
1579986302.076,0.35,1.3364,0.25,1.3541,28
1579986303.473,0.36,1.3343,0.24,1.3533,28
1579986304.863,0.35,1.3343,0.24,1.3526,28
1579986306.3,0.36,1.3331,0.25,1.3519,28
1579986307.737,0.35,1.3346,0.25,1.3514,28
1579986309.059,0.36,1.3346,0.25,1.3512,28
1579986310.458,0.36,1.3331,0.25,1.3507,29
1579986311.862,0.37,1.3311,0.24,1.3503,29
1579986313.253,0.35,1.3339,0.24,1.3497,29
1579986314.65,0.37,1.327,0.23,1.3496,29
1579986316.039,0.36,1.3325,0.23,1.3495,29
1579986317.429,0.36,1.3309,0.23,1.349,29
1579986318.846,0.37,1.3285,0.24,1.3481,29
1579986320.252,0.36,1.3285,0.25,1.3473,29
1579986321.705,0.38,1.3277,0.26,1.3466,29
1579986323.116,0.36,1.3301,0.26,1.3462,29
1579986324.426,0.37,1.3292,0.27,1.3462,29
1579986325.844,0.38,1.3281,0.26,1.3458,30
1579986327.278,0.38,1.3261,0.27,1.3455,30
1579986328.695,0.38,1.3295,0.27,1.3451,30
1579986330.086,0.4,1.3217,0.26,1.3453,30
1579986331.47,0.38,1.3286,0.26,1.3456,30
1579986332.861,0.38,1.3268,0.27,1.3454,30
1579986334.258,0.39,1.3239,0.27,1.3446,30
1579986335.645,0.38,1.3238,0.28,1.3439,30
1579986337.05,0.39,1.3231,0.28,1.3432,30
1579986338.449,0.37,1.3266,0.28,1.3428,30
1579986339.736,0.38,1.3248,0.29,1.3427,30
1579986341.122,0.39,1.3241,0.3,1.3421,31
1579986342.509,0.39,1.3223,0.3,1.3415,31
1579986343.912,0.39,1.3261,0.3,1.3409,31
1579986345.309,0.41,1.3177,0.29,1.3411,31
1579986346.7,0.38,1.3256,0.29,1.3415,31
1579986348.132,0.39,1.3236,0.29,1.3414,31
1579986349.548,0.39,1.3203,0.29,1.3407,31
1579986350.948,0.39,1.3202,0.29,1.3402,31
1579986352.34,0.4,1.3194,0.29,1.3397,31
1579986353.779,0.39,1.3236,0.28,1.3395,31
1579986355.074,0.39,1.3215,0.28,1.3395,31
1579986356.605,0.39,1.3209,0.31,1.3389,32
1579986358.018,0.4,1.3193,0.32,1.3382,32
1579986359.412,0.4,1.3233,0.32,1.3374,32
1579986360.896,0.41,1.3143,0.32,1.3376,32
1579986362.288,0.39,1.3228,0.31,1.338,32
1579986363.7,0.4,1.3208,0.29,1.3378,32
1579986365.141,0.4,1.3173,0.28,1.3371,32
1579986366.635,0.41,1.3171,0.31,1.3365,32
1579986368.09,0.41,1.316,0.31,1.3361,32
1579986369.53,0.4,1.3207,0.31,1.3359,32
1579986370.838,0.4,1.3185,0.31,1.3361,32
1579986372.247,0.4,1.3179,0.32,1.3356,33
1579986373.636,0.4,1.3163,0.32,1.3351,33
1579986375.032,0.4,1.3206,0.32,1.3344,33
1579986376.421,0.42,1.311,0.32,1.3347,33
1579986377.82,0.4,1.3201,0.32,1.3352,33
1579986379.246,0.4,1.318,0.31,1.3351,33
1579986380.647,0.41,1.3143,0.31,1.3343,33
1579986382.043,0.41,1.3141,0.32,1.3336,33
1579986383.426,0.42,1.3127,0.32,1.333,33
1579986384.831,0.41,1.3176,0.33,1.3328,33
1579986386.129,0.4,1.3156,0.33,1.3328,33
1579986387.544,0.4,1.3149,0.34,1.3322,34
1579986388.938,0.41,1.3132,0.34,1.3318,34
1579986390.34,0.41,1.3179,0.34,1.3311,34
1579986391.731,0.43,1.3078,0.34,1.3316,34
1579986393.113,0.4,1.3174,0.34,1.3324,34
1579986394.495,0.4,1.3152,0.34,1.3326,34
1579986395.868,0.41,1.3113,0.34,1.3318,34
1579986397.251,0.42,1.311,0.34,1.3311,34
1579986398.66,0.42,1.3092,0.34,1.3304,34
1579986400.045,0.41,1.3143,0.34,1.33,34
1579986401.332,0.41,1.3126,0.34,1.33,34
1579986402.724,0.41,1.3119,0.34,1.3293,35
1579986404.104,0.41,1.31,0.34,1.3288,35
1579986405.492,0.41,1.315,0.35,1.3281,35
1579986406.927,0.43,1.3044,0.34,1.3287,35
1579986408.339,0.41,1.3145,0.34,1.3297,35
1579986409.759,0.41,1.3122,0.34,1.3299,35
1579986411.164,0.42,1.3081,0.34,1.3292,35
1579986412.561,0.42,1.3078,0.34,1.3284,35
1579986413.951,0.42,1.3056,0.34,1.3276,35
1579986415.323,0.41,1.3109,0.34,1.3272,35
1579986416.617,0.41,1.3095,0.34,1.3271,35
1579986418.018,0.41,1.3086,0.35,1.3264,36
1579986419.414,0.42,1.3067,0.36,1.326,36
1579986420.93,0.41,1.3121,0.36,1.3253,36
1579986422.323,0.43,1.3009,0.35,1.3261,36
1579986423.697,0.42,1.3115,0.34,1.3273,36
1579986425.112,0.41,1.309,0.34,1.3277,36
1579986426.577,0.42,1.3048,0.34,1.3269,36
1579986427.975,0.42,1.3043,0.34,1.326,36
1579986429.375,0.43,1.3019,0.34,1.3252,36
1579986430.764,0.42,1.3074,0.35,1.3245,36
1579986432.091,0.41,1.3062,0.35,1.3244,36
1579986433.489,0.42,1.3053,0.36,1.3235,37
1579986434.887,0.42,1.3034,0.37,1.3231,37
1579986436.293,0.42,1.309,0.37,1.3225,37
1579986437.692,0.44,1.2974,0.37,1.3234,37
1579986439.107,0.42,1.3083,0.36,1.3247,37
1579986440.505,0.42,1.3057,0.35,1.3253,37
1579986441.909,0.42,1.3012,0.34,1.3245,37
1579986443.312,0.43,1.3008,0.34,1.3235,37
1579986444.715,0.43,1.2981,0.35,1.3226,37
1579986446.119,0.42,1.3038,0.36,1.3219,37
1579986447.433,0.42,1.3028,0.37,1.3217,37
1579986448.845,0.42,1.3019,0.37,1.3207,38
1579986450.255,0.43,1.2999,0.39,1.3203,38
1579986451.657,0.42,1.3059,0.39,1.3198,38
1579986453.044,0.44,1.2938,0.37,1.321,38
1579986454.414,0.42,1.3051,0.38,1.3225,38
1579986455.788,0.42,1.3024,0.36,1.3231,38
1579986457.168,0.43,1.2977,0.35,1.3224,38
1579986458.563,0.43,1.2972,0.35,1.3212,38
1579986459.966,0.43,1.2942,0.36,1.32,38
1579986461.347,0.42,1.3002,0.36,1.3191,38
1579986462.626,0.42,1.2994,0.38,1.3187,38
1579986464.02,0.42,1.2984,0.41,1.3176,39
1579986465.415,0.43,1.2965,0.41,1.3173,39
1579986466.826,0.43,1.3027,0.41,1.3168,39
1579986468.257,0.44,1.2903,0.4,1.3183,39
1579986469.669,0.42,1.3018,0.38,1.3202,39
1579986471.064,0.43,1.299,0.38,1.321,39
1579986472.454,0.43,1.2941,0.38,1.3202,39
1579986473.828,0.43,1.2936,0.38,1.3188,39
1579986475.346,0.44,1.2905,0.39,1.3174,39
1579986476.721,0.43,1.2965,0.39,1.3162,39
1579986477.992,0.42,1.296,0.41,1.3156,39
1579986479.404,0.43,1.295,0.41,1.3145,40
1579986480.911,0.43,1.293,0.41,1.3142,40
1579986482.307,0.43,1.2995,0.41,1.3137,40
1579986483.709,0.45,1.2868,0.41,1.3152,40
1579986485.144,0.42,1.2986,0.39,1.3173,40
1579986486.632,0.43,1.2956,0.39,1.3183,40
1579986488.026,0.44,1.2904,0.38,1.3175,40
1579986489.42,0.44,1.2901,0.39,1.3161,40
1579986490.807,0.44,1.2868,0.39,1.3146,40
1579986492.211,0.43,1.293,0.39,1.3133,40
1579986493.501,0.43,1.2927,0.41,1.3127,40
1579986494.898,0.43,1.2916,0.41,1.3114,41
1579986496.295,0.44,1.2896,0.4,1.3112,41
1579986497.692,0.43,1.2964,0.4,1.3106,41
1579986499.105,0.45,1.2835,0.41,1.3122,41
1579986500.497,0.43,1.2954,0.4,1.3144,41
1579986501.886,0.43,1.2924,0.39,1.3154,41
1579986503.279,0.44,1.2869,0.39,1.3147,41
1579986504.659,0.44,1.2866,0.39,1.3132,41
1579986506.042,0.44,1.2833,0.39,1.3115,41
1579986507.44,0.43,1.2896,0.41,1.31,41
1579986508.726,0.44,1.2895,0.41,1.3093,41
1579986510.116,0.43,1.2884,0.4,1.3081,42
1579986511.515,0.44,1.2864,0.4,1.3079,42
1579986512.903,0.43,1.2933,0.4,1.3076,42
1579986514.307,0.45,1.2802,0.4,1.3095,42
1579986515.705,0.43,1.2923,0.4,1.3119,42
1579986517.093,0.44,1.2892,0.39,1.3131,42
1579986518.5,0.44,1.2835,0.39,1.3124,42
1579986519.904,0.44,1.2832,0.39,1.3106,42
1579986521.299,0.45,1.2799,0.4,1.3086,42
1579986522.716,0.44,1.2863,0.41,1.3069,42
1579986524.023,0.44,1.2864,0.41,1.306,42
1579986525.444,0.43,1.2853,0.4,1.3047,43
1579986526.888,0.44,1.2833,0.4,1.3046,43
1579986528.325,0.43,1.2903,0.4,1.3045,43
1579986529.761,0.45,1.2771,0.4,1.3067,43
1579986531.182,0.44,1.2893,0.4,1.3093,43
1579986532.591,0.44,1.2862,0.38,1.3106,43
1579986533.977,0.44,1.2801,0.39,1.3099,43
1579986535.364,0.45,1.28,0.39,1.3082,43
1579986536.745,0.45,1.2768,0.41,1.3061,43
1579986538.129,0.44,1.2833,0.41,1.3043,43
1579986539.41,0.44,1.2835,0.41,1.3033,43
1579986540.882,0.44,1.2823,0.4,1.3019,44
1579986542.272,0.45,1.2804,0.4,1.3019,44
1579986543.663,0.44,1.2875,0.4,1.3018,44
1579986545.106,0.45,1.2742,0.4,1.3042,44
1579986546.625,0.44,1.2865,0.4,1.307,44
1579986548.042,0.44,1.2833,0.39,1.3083,44
1579986549.469,0.44,1.2769,0.39,1.3078,44
1579986550.849,0.45,1.2769,0.4,1.3061,44
1579986552.25,0.45,1.2738,0.41,1.3039,44
1579986553.636,0.44,1.2803,0.41,1.3018,44
1579986554.92,0.45,1.2807,0.41,1.3005,44
1579986556.32,0.44,1.2795,0.4,1.2991,45
1579986557.71,0.45,1.2777,0.4,1.299,45
1579986559.121,0.44,1.2847,0.4,1.2989,45
1579986560.52,0.45,1.2715,0.4,1.3013,45
1579986561.92,0.44,1.2839,0.4,1.3042,45
1579986563.305,0.45,1.2805,0.39,1.3057,45
1579986564.688,0.45,1.2738,0.4,1.3055,45
1579986566.076,0.46,1.274,0.39,1.304,45
1579986567.481,0.46,1.271,0.4,1.3018,45
1579986568.895,0.45,1.2775,0.4,1.2997,45
1579986570.178,0.45,1.2781,0.41,1.2984,45
1579986571.568,0.44,1.277,0.4,1.2968,46
1579986572.954,0.45,1.2751,0.4,1.2966,46
1579986574.348,0.44,1.2822,0.4,1.2964,46
1579986575.736,0.46,1.269,0.4,1.2987,46
1579986577.119,0.44,1.2815,0.4,1.3017,46
1579986578.525,0.45,1.2779,0.39,1.3034,46
1579986579.92,0.45,1.2709,0.39,1.3034,46
1579986581.296,0.46,1.2713,0.4,1.3021,46
1579986582.693,0.46,1.2685,0.42,1.2999,46
1579986584.081,0.45,1.275,0.42,1.2976,46
1579986585.376,0.45,1.2757,0.4,1.2961,46
1579986586.774,0.44,1.2746,0.39,1.2943,47
1579986588.204,0.45,1.2727,0.39,1.294,47
1579986589.639,0.45,1.2798,0.39,1.2936,47
1579986591.046,0.46,1.2667,0.39,1.2959,47
1579986592.443,0.44,1.2793,0.39,1.299,47
1579986593.83,0.46,1.2754,0.4,1.3009,47
1579986595.209,0.46,1.2682,0.41,1.3012,47
1579986596.733,0.46,1.2688,0.41,1.3,47
1579986598.122,0.46,1.2662,0.41,1.298,47
1579986599.511,0.45,1.2726,0.42,1.2957,47
1579986600.875,0.46,1.2734,0.42,1.294,47
1579986602.254,0.45,1.2725,0.41,1.292,48
1579986603.643,0.45,1.2705,0.4,1.2914,48
1579986605.06,0.45,1.2777,0.4,1.2907,48
1579986606.59,0.46,1.2645,0.4,1.2928,48
1579986608.018,0.45,1.2773,0.41,1.2958,48
1579986609.466,0.46,1.2732,0.41,1.2978,48
1579986610.908,0.46,1.2656,0.42,1.2984,48
1579986612.318,0.46,1.2665,0.42,1.2977,48
1579986613.708,0.46,1.264,0.42,1.296,48
1579986615.096,0.45,1.2704,0.43,1.2938,48
1579986616.384,0.46,1.2713,0.43,1.292,48
1579986617.775,0.45,1.2705,0.41,1.2899,49
1579986619.201,0.46,1.2684,0.41,1.2891,49
1579986620.587,0.45,1.2756,0.41,1.2882,49
1579986621.986,0.46,1.2625,0.41,1.2899,49
1579986623.374,0.45,1.2755,0.41,1.2926,49
1579986624.757,0.46,1.271,0.42,1.2945,49
1579986626.154,0.46,1.2633,0.42,1.2952,49
1579986627.557,0.46,1.2644,0.42,1.2949,49
1579986628.952,0.46,1.262,0.42,1.2935,49
1579986630.386,0.46,1.2684,0.43,1.2915,49
1579986631.692,0.46,1.2694,0.42,1.2899,49
1579986633.106,0.45,1.2687,0.42,1.2878,50
1579986634.526,0.46,1.2665,0.42,1.287,50
1579986635.939,0.45,1.2737,0.42,1.2858,50
1579986637.352,0.47,1.2606,0.42,1.2872,50
1579986638.782,0.45,1.2738,0.42,1.2896,50
1579986640.186,0.46,1.2691,0.42,1.2914,50
1579986641.589,0.46,1.261,0.42,1.2921,50
1579986642.973,0.46,1.2624,0.43,1.292,50
1579986644.362,0.47,1.2602,0.44,1.2909,50
1579986645.755,0.46,1.2665,0.44,1.2893,50
1579986647.071,0.46,1.2677,0.43,1.2877,50
1579986648.455,0.45,1.2671,0.42,1.2857,51
1579986649.869,0.46,1.2648,0.42,1.2848,51
1579986651.27,0.45,1.2719,0.42,1.2835,51
1579986652.66,0.47,1.2587,0.42,1.2847,51
1579986654.038,0.45,1.2722,0.42,1.287,51
1579986655.411,0.46,1.2672,0.43,1.2887,51
1579986656.797,0.46,1.259,0.43,1.2894,51
1579986658.172,0.46,1.2605,0.43,1.2895,51
1579986659.548,0.47,1.2585,0.44,1.2885,51
1579986661.038,0.46,1.2647,0.44,1.2869,51
1579986662.352,0.46,1.266,0.44,1.2854,51
1579986663.759,0.46,1.2655,0.44,1.2834,52
1579986665.181,0.47,1.2632,0.45,1.2824,52
1579986666.677,0.45,1.2702,0.45,1.2811,52
1579986668.068,0.47,1.2569,0.45,1.2821,52
1579986669.476,0.45,1.2707,0.44,1.2844,52
1579986670.898,0.46,1.2655,0.43,1.2859,52
1579986672.323,0.47,1.257,0.44,1.2867,52
1579986673.741,0.46,1.2589,0.43,1.287,52
1579986675.15,0.47,1.2569,0.43,1.2862,52
1579986676.551,0.46,1.263,0.44,1.2848,52
1579986677.843,0.46,1.2644,0.44,1.2834,52
1579986679.272,0.46,1.2641,0.44,1.2815,53
1579986680.678,0.47,1.2617,0.46,1.2805,53
1579986682.058,0.45,1.2686,0.46,1.279,53
1579986683.467,0.47,1.2553,0.46,1.2799,53
1579986684.854,0.45,1.2693,0.46,1.282,53
1579986686.248,0.46,1.2638,0.45,1.2834,53
1579986687.671,0.47,1.2552,0.44,1.284,53
1579986689.071,0.47,1.2573,0.44,1.2843,53
1579986690.466,0.47,1.2554,0.42,1.2836,53
1579986691.868,0.46,1.2614,0.42,1.2824,53
1579986693.15,0.46,1.2628,0.44,1.2812,53
1579986694.531,0.46,1.2627,0.46,1.2794,54
1579986695.91,0.47,1.2602,0.46,1.2785,54
1579986697.288,0.46,1.2671,0.46,1.277,54
1579986698.692,0.47,1.2537,0.46,1.2779,54
1579986700.087,0.45,1.268,0.46,1.2798,54
1579986701.487,0.46,1.2622,0.45,1.2811,54
1579986702.923,0.47,1.2534,0.44,1.2817,54
1579986704.357,0.47,1.2558,0.43,1.282,54
1579986705.786,0.47,1.254,0.42,1.2814,54
1579986707.212,0.47,1.26,0.42,1.2802,54
1579986708.491,0.46,1.2613,0.44,1.279,54
1579986709.905,0.46,1.2613,0.46,1.2773,55
1579986711.322,0.47,1.2588,0.46,1.2766,55
1579986712.706,0.46,1.2656,0.46,1.2751,55
1579986714.083,0.47,1.2521,0.46,1.2759,55
1579986715.465,0.45,1.2668,0.46,1.2778,55
1579986716.856,0.46,1.2608,0.46,1.279,55
1579986718.256,0.47,1.2518,0.46,1.2797,55
1579986719.654,0.47,1.2544,0.43,1.28,55
1579986721.253,0.47,1.2527,0.42,1.2793,55
1579986722.639,0.47,1.2586,0.42,1.2781,55
1579986723.919,0.47,1.2599,0.43,1.2768,55
1579986725.328,0.46,1.2601,0.46,1.2751,56
1579986726.821,0.47,1.2575,0.46,1.2743,56
1579986728.206,0.46,1.2642,0.46,1.2728,56
1579986729.621,0.47,1.2507,0.46,1.2737,56
1579986731.016,0.45,1.2656,0.46,1.2756,56
1579986732.43,0.46,1.2593,0.47,1.2768,56
1579986733.836,0.47,1.2502,0.45,1.2775,56
1579986735.245,0.47,1.253,0.43,1.2779,56
1579986736.659,0.47,1.2514,0.43,1.2773,56
1579986738.062,0.47,1.2572,0.43,1.276,56
1579986739.387,0.47,1.2585,0.45,1.2748,56
1579986740.795,0.46,1.2588,0.46,1.273,57
1579986742.198,0.47,1.2563,0.46,1.2722,57
1579986743.592,0.46,1.2628,0.46,1.2707,57
1579986744.98,0.48,1.2493,0.46,1.2714,57
1579986746.364,0.45,1.2644,0.47,1.2734,57
1579986747.758,0.47,1.258,0.47,1.2746,57
1579986749.156,0.48,1.2487,0.46,1.2753,57
1579986750.538,0.47,1.2516,0.45,1.2758,57
1579986751.941,0.47,1.2501,0.45,1.2753,57
1579986753.331,0.47,1.2559,0.44,1.2741,57
1579986754.606,0.47,1.2571,0.45,1.273,57
1579986755.994,0.46,1.2577,0.46,1.2713,58
1579986757.385,0.47,1.2551,0.47,1.2704,58
1579986758.783,0.46,1.2616,0.46,1.2688,58
1579986760.178,0.48,1.248,0.47,1.2693,58
1579986761.562,0.45,1.2633,0.47,1.2709,58
1579986762.967,0.47,1.2566,0.47,1.2719,58
1579986764.398,0.48,1.2473,0.46,1.2724,58
1579986765.844,0.48,1.2504,0.46,1.2729,58
1579986767.313,0.47,1.2489,0.45,1.2726,58
1579986768.793,0.47,1.2547,0.45,1.2717,58
1579986770.104,0.47,1.2558,0.45,1.2709,58
1579986771.534,0.46,1.2565,0.46,1.2695,59
1579986772.95,0.47,1.2539,0.47,1.2688,59
1579986774.326,0.47,1.2604,0.47,1.2672,59
1579986775.698,0.48,1.2467,0.47,1.2675,59
1579986777.074,0.45,1.2622,0.47,1.269,59
1579986778.451,0.47,1.2554,0.46,1.2697,59
1579986779.837,0.48,1.2459,0.46,1.27,59
1579986781.307,0.48,1.2492,0.45,1.2704,59
1579986782.688,0.47,1.2477,0.46,1.27,59
1579986784.066,0.47,1.2535,0.46,1.2691,59
1579986785.369,0.48,1.2545,0.46,1.2682,59
1579986786.918,0.47,1.2554,0.46,1.2669,60
1579986788.31,0.47,1.2528,0.47,1.2663,60
1579986789.722,0.47,1.2592,0.47,1.2648,60
1579986791.115,0.48,1.2455,0.47,1.2653,60
1579986792.504,0.46,1.2611,0.47,1.2668,60
1579986793.899,0.47,1.2541,0.46,1.2676,60
1579986795.305,0.48,1.2446,0.46,1.268,60
1579986796.701,0.48,1.2481,0.45,1.2685,60
1579986798.097,0.48,1.2466,0.46,1.2682,60
1579986799.526,0.47,1.2524,0.46,1.2674,60
1579986800.82,0.48,1.2533,0.46,1.2665,60
1579986802.214,0.47,1.2542,0.45,1.265,61
1579986803.596,0.48,1.2517,0.46,1.2642,61
1579986804.976,0.47,1.258,0.48,1.2626,61
1579986806.356,0.48,1.2443,0.46,1.2629,61
1579986807.764,0.46,1.2601,0.46,1.2641,61
1579986809.155,0.47,1.2529,0.45,1.2649,61
1579986810.53,0.48,1.2432,0.45,1.2654,61
1579986811.928,0.48,1.2471,0.46,1.2661,61
1579986813.309,0.48,1.2454,0.46,1.2661,61
1579986814.698,0.47,1.2513,0.46,1.2655,61
1579986815.974,0.48,1.252,0.45,1.2648,61
1579986817.37,0.47,1.2531,0.46,1.2635,62
1579986818.771,0.48,1.2506,0.46,1.2627,62
1579986820.155,0.47,1.2569,0.48,1.261,62
1579986821.537,0.49,1.243,0.47,1.2611,62
1579986822.934,0.46,1.259,0.47,1.2621,62
1579986824.321,0.47,1.2518,0.47,1.2627,62
1579986825.724,0.48,1.2419,0.47,1.2631,62
1579986827.201,0.49,1.246,0.47,1.2638,62
1579986828.653,0.48,1.2443,0.47,1.2638,62
1579986830.076,0.47,1.2503,0.47,1.2633,62
1579986831.411,0.48,1.2507,0.46,1.2627,62
1579986832.813,0.47,1.252,0.47,1.2616,63
1579986834.202,0.48,1.2495,0.47,1.2609,63
1579986835.598,0.47,1.2558,0.48,1.2593,63
1579986836.984,0.49,1.2419,0.49,1.2593,63
1579986838.363,0.46,1.258,0.47,1.2602,63
1579986839.748,0.47,1.2506,0.48,1.2606,63
1579986841.228,0.49,1.2407,0.48,1.2609,63
1579986842.616,0.49,1.2449,0.48,1.2616,63
1579986844.009,0.48,1.2432,0.48,1.2618,63
1579986845.419,0.48,1.2492,0.48,1.2614,63
1579986846.812,0.48,1.2495,0.48,1.2608,63
1579986848.235,0.47,1.2509,0.48,1.2598,64
1579986849.822,0.48,1.2484,0.49,1.2592,64
1579986851.217,0.48,1.2547,0.49,1.2576,64
1579986852.629,0.49,1.2407,0.5,1.2576,64
1579986854.017,0.46,1.257,0.48,1.2584,64
1579986855.414,0.47,1.2495,0.47,1.2587,64
1579986856.825,0.49,1.2394,0.48,1.2589,64
1579986858.222,0.49,1.2438,0.48,1.2596,64
1579986859.639,0.48,1.2421,0.48,1.2599,64
1579986861.05,0.48,1.2481,0.48,1.2596,64
1579986862.347,0.48,1.2483,0.48,1.2592,64
1579986863.743,0.47,1.2499,0.47,1.2584,65
1579986865.119,0.48,1.2473,0.49,1.2579,65
1579986866.499,0.48,1.2537,0.51,1.2564,65
1579986867.897,0.49,1.2396,0.49,1.2562,65
1579986869.284,0.46,1.256,0.48,1.2569,65
1579986870.664,0.48,1.2484,0.47,1.257,65
1579986872.055,0.49,1.2382,0.48,1.2569,65
1579986873.441,0.49,1.2428,0.48,1.2575,65
1579986874.827,0.49,1.2411,0.48,1.2577,65
1579986876.23,0.48,1.2471,0.48,1.2574,65
1579986877.516,0.48,1.2471,0.48,1.2571,65
1579986878.934,0.47,1.2488,0.47,1.2563,66
1579986880.322,0.48,1.2463,0.48,1.256,66
1579986881.709,0.48,1.2526,0.5,1.2546,66
1579986883.092,0.49,1.2385,0.49,1.2545,66
1579986884.489,0.46,1.255,0.48,1.2551,66
1579986885.881,0.48,1.2474,0.48,1.2553,66
1579986887.334,0.49,1.237,0.49,1.2552,66
1579986888.755,0.49,1.2418,0.49,1.2558,66
1579986890.17,0.49,1.2401,0.49,1.2559,66
1579986891.633,0.48,1.2461,0.49,1.2556,66
1579986892.956,0.48,1.246,0.48,1.2553,66
1579986894.381,0.48,1.2478,0.47,1.2545,67
1579986895.786,0.48,1.2453,0.49,1.2541,67
1579986897.173,0.48,1.2515,0.49,1.2528,67
1579986898.558,0.49,1.2374,0.48,1.2526,67
1579986899.948,0.47,1.254,0.47,1.2533,67
1579986901.422,0.48,1.2464,0.48,1.2535,67
1579986902.805,0.49,1.2359,0.49,1.2535,67
1579986904.204,0.49,1.2408,0.49,1.254,67
1579986905.603,0.49,1.2391,0.49,1.2542,67
1579986907.112,0.48,1.2451,0.49,1.2539,67
1579986908.395,0.48,1.2449,0.49,1.2535,67
1579986909.823,0.48,1.2468,0.48,1.2528,68
1579986911.21,0.48,1.2442,0.48,1.2524,68
1579986912.618,0.48,1.2505,0.48,1.2511,68
1579986913.999,0.49,1.2363,0.48,1.2509,68
1579986915.402,0.47,1.2531,0.48,1.2515,68
1579986916.797,0.48,1.2454,0.49,1.2516,68
1579986918.187,0.49,1.2347,0.49,1.2516,68
1579986919.606,0.49,1.2399,0.49,1.2523,68
1579986921.022,0.49,1.2381,0.49,1.2525,68
1579986922.419,0.48,1.2442,0.49,1.2523,68
1579986923.699,0.48,1.2438,0.49,1.2519,68
1579986925.11,0.48,1.2458,0.48,1.251,69
1579986926.531,0.48,1.2432,0.48,1.2505,69
1579986927.941,0.48,1.2495,0.49,1.2491,69
1579986929.346,0.5,1.2353,0.48,1.2488,69
1579986930.752,0.47,1.2522,0.49,1.2493,69
1579986932.16,0.48,1.2445,0.49,1.2494,69
1579986933.562,0.5,1.2336,0.49,1.2495,69
1579986934.956,0.49,1.239,0.49,1.2503,69
1579986936.343,0.49,1.2371,0.49,1.2507,69
1579986937.743,0.48,1.2432,0.49,1.2506,69
1579986939.053,0.48,1.2427,0.49,1.2503,69
1579986940.475,0.48,1.2448,0.49,1.2496,70
1579986941.891,0.49,1.2422,0.48,1.249,70
1579986943.297,0.48,1.2485,0.48,1.2476,70
1579986944.704,0.5,1.2342,0.49,1.2473,70
1579986946.111,0.47,1.2512,0.49,1.2478,70
1579986947.595,0.48,1.2435,0.49,1.2479,70
1579986949.037,0.5,1.2325,0.49,1.2479,70
1579986950.454,0.49,1.2381,0.49,1.2487,70
1579986951.87,0.49,1.2361,0.49,1.249,70
1579986953.287,0.49,1.2422,0.49,1.2489,70
1579986954.598,0.48,1.2416,0.49,1.2485,70
1579986956.009,0.48,1.2438,0.5,1.2477,71
1579986957.414,0.49,1.2413,0.48,1.2472,71
1579986958.795,0.48,1.2475,0.49,1.2458,71
1579986960.196,0.5,1.2331,0.49,1.2456,71
1579986961.625,0.47,1.2503,0.49,1.2461,71
1579986963.006,0.48,1.2425,0.5,1.2462,71
1579986964.403,0.5,1.2314,0.49,1.2463,71
1579986965.792,0.5,1.2372,0.49,1.2471,71
1579986967.283,0.49,1.2351,0.49,1.2475,71
1579986968.68,0.49,1.2412,0.49,1.2473,71
1579986969.973,0.49,1.2405,0.49,1.247,71
1579986971.494,0.48,1.2428,0.5,1.2461,72
1579986972.893,0.49,1.2403,0.49,1.2455,72
1579986974.279,0.48,1.2465,0.5,1.244,72
1579986975.696,0.5,1.232,0.49,1.2438,72
1579986977.106,0.47,1.2493,0.49,1.2443,72
1579986978.522,0.48,1.2416,0.5,1.2444,72
1579986979.95,0.5,1.2303,0.49,1.2445,72
1579986981.368,0.49,1.2363,0.49,1.2454,72
1579986982.751,0.49,1.2341,0.49,1.2458,72
1579986984.158,0.49,1.2403,0.49,1.2457,72
1579986985.459,0.49,1.2394,0.49,1.2454,72
1579986986.867,0.48,1.2418,0.5,1.2446,73
1579986988.272,0.49,1.2393,0.49,1.244,73
1579986989.654,0.49,1.2456,0.51,1.2425,73
1579986991.042,0.5,1.231,0.5,1.2422,73
1579986992.425,0.47,1.2484,0.5,1.2427,73
1579986993.808,0.48,1.2406,0.5,1.2428,73
1579986995.213,0.5,1.2292,0.49,1.2429,73
1579986996.6,0.5,1.2354,0.48,1.2437,73
1579986997.99,0.49,1.2331,0.48,1.2441,73
1579986999.412,0.49,1.2393,0.49,1.244,73
1579987000.686,0.49,1.2383,0.5,1.2437,73
1579987002.085,0.48,1.2409,0.5,1.243,74
1579987003.482,0.49,1.2383,0.5,1.2424,74
1579987004.89,0.48,1.2446,0.51,1.2409,74
1579987006.301,0.5,1.2299,0.51,1.2406,74
1579987007.767,0.48,1.2475,0.49,1.241,74
1579987009.189,0.48,1.2397,0.5,1.2412,74
1579987010.596,0.5,1.2281,0.5,1.2413,74
1579987012.007,0.5,1.2346,0.48,1.2421,74
1579987013.422,0.5,1.2321,0.48,1.2425,74
1579987014.817,0.49,1.2384,0.48,1.2424,74
1579987016.112,0.49,1.2373,0.5,1.2421,74
1579987017.533,0.49,1.2399,0.49,1.2414,75
1579987018.943,0.49,1.2373,0.5,1.2409,75
1579987020.4,0.49,1.2437,0.51,1.2396,75
1579987021.831,0.5,1.2289,0.51,1.2392,75
1579987023.205,0.48,1.2465,0.5,1.2396,75
1579987024.607,0.48,1.2387,0.5,1.2398,75
1579987026.016,0.5,1.227,0.49,1.2398,75
1579987027.492,0.5,1.2337,0.49,1.2406,75
1579987028.874,0.5,1.2312,0.48,1.241,75
1579987030.275,0.49,1.2374,0.49,1.2408,75
1579987031.562,0.49,1.2363,0.5,1.2405,75
1579987032.964,0.49,1.2389,0.5,1.2399,76
1579987034.357,0.49,1.2363,0.5,1.2395,76
1579987035.749,0.49,1.2428,0.51,1.2381,76
1579987037.142,0.5,1.2278,0.51,1.2377,76
1579987038.558,0.48,1.2456,0.5,1.2381,76
1579987039.968,0.49,1.2378,0.5,1.2383,76
1579987041.385,0.5,1.226,0.49,1.2383,76
1579987042.769,0.5,1.2328,0.49,1.2391,76
1579987044.152,0.5,1.2302,0.49,1.2394,76
1579987045.543,0.49,1.2365,0.49,1.2393,76
1579987046.845,0.5,1.2353,0.49,1.2389,76
1579987048.239,0.49,1.238,0.5,1.2383,77
1579987049.644,0.49,1.2353,0.5,1.2379,77
1579987051.037,0.49,1.2418,0.52,1.2365,77
1579987052.435,0.51,1.2268,0.51,1.2362,77
1579987053.822,0.48,1.2447,0.5,1.2365,77
1579987055.217,0.49,1.2369,0.5,1.2367,77
1579987056.603,0.5,1.225,0.49,1.2368,77
1579987058.004,0.5,1.232,0.49,1.2375,77
1579987059.411,0.5,1.2293,0.49,1.2378,77
1579987060.792,0.49,1.2356,0.49,1.2377,77
1579987062.088,0.5,1.2343,0.5,1.2373,77
1579987063.491,0.49,1.2371,0.5,1.2368,78
1579987064.892,0.49,1.2344,0.51,1.2363,78
1579987066.291,0.49,1.2409,0.52,1.235,78
1579987067.737,0.51,1.2259,0.52,1.2346,78
1579987069.163,0.48,1.2438,0.5,1.235,78
1579987070.549,0.49,1.236,0.5,1.2351,78
1579987071.948,0.5,1.2239,0.49,1.2352,78
1579987073.354,0.5,1.2311,0.49,1.236,78
1579987074.73,0.5,1.2283,0.49,1.2362,78
1579987076.107,0.49,1.2347,0.49,1.2361,78
1579987077.388,0.5,1.2333,0.5,1.2358,78
1579987078.802,0.49,1.2361,0.5,1.2353,79
1579987080.266,0.5,1.2335,0.51,1.2351,79
1579987081.746,0.49,1.2401,0.52,1.2338,79
1579987083.196,0.51,1.2249,0.52,1.2335,79
1579987084.621,0.48,1.2429,0.5,1.2338,79
1579987086.052,0.49,1.2352,0.5,1.2339,79
1579987087.561,0.51,1.2229,0.49,1.234,79
1579987088.989,0.5,1.2303,0.49,1.2347,79
1579987090.441,0.5,1.2274,0.49,1.235,79
1579987091.88,0.49,1.2338,0.5,1.2348,79
1579987093.188,0.5,1.2323,0.5,1.2345,79
1579987094.651,0.49,1.2352,0.51,1.2341,80
1579987096.176,0.5,1.2326,0.51,1.2339,80
1579987097.576,0.49,1.2392,0.52,1.2326,80
1579987098.998,0.51,1.224,0.52,1.2323,80
1579987100.4,0.48,1.242,0.51,1.2326,80
1579987101.816,0.49,1.2343,0.5,1.2327,80
1579987103.203,0.51,1.2219,0.5,1.2328,80
1579987104.583,0.5,1.2294,0.5,1.2336,80
1579987105.976,0.5,1.2264,0.51,1.2339,80
1579987107.374,0.49,1.233,0.51,1.2338,80
1579987108.654,0.5,1.2314,0.51,1.2334,80
1579987110.061,0.49,1.2343,0.52,1.233,81
1579987111.452,0.5,1.2317,0.51,1.2328,81
1579987112.858,0.49,1.2384,0.52,1.2315,81
1579987114.263,0.51,1.2231,0.52,1.231,81
1579987115.645,0.48,1.2411,0.52,1.2312,81
1579987117.029,0.5,1.2335,0.52,1.2313,81
1579987118.411,0.51,1.2209,0.51,1.2313,81
1579987119.819,0.5,1.2286,0.51,1.2321,81
1579987121.199,0.51,1.2255,0.51,1.2324,81
1579987122.603,0.5,1.2321,0.51,1.2322,81
1579987123.886,0.5,1.2304,0.52,1.232,81
1579987125.303,0.49,1.2334,0.52,1.2317,82
1579987126.708,0.5,1.2308,0.52,1.2316,82
1579987128.142,0.49,1.2376,0.53,1.2303,82
1579987129.568,0.51,1.2222,0.53,1.2299,82
1579987130.971,0.48,1.2402,0.51,1.23,82
1579987132.358,0.5,1.2326,0.52,1.2301,82
1579987133.748,0.51,1.2199,0.51,1.2301,82
1579987135.13,0.5,1.2277,0.51,1.2308,82
1579987136.515,0.5,1.2246,0.51,1.231,82
1579987137.9,0.5,1.2313,0.52,1.2308,82
1579987139.181,0.5,1.2295,0.52,1.2305,82
1579987140.655,0.5,1.2325,0.51,1.2303,83
1579987142.076,0.5,1.23,0.52,1.2303,83
1579987143.481,0.49,1.2368,0.53,1.229,83
1579987144.923,0.51,1.2213,0.53,1.2285,83
1579987146.427,0.49,1.2393,0.51,1.2287,83
1579987147.854,0.5,1.2318,0.52,1.2287,83
1579987149.267,0.51,1.2189,0.52,1.2288,83
1579987150.672,0.5,1.227,0.51,1.2295,83
1579987152.085,0.51,1.2237,0.52,1.2297,83
1579987153.469,0.5,1.2305,0.52,1.2295,83
1579987154.754,0.5,1.2286,0.52,1.2292,83
1579987156.159,0.5,1.2317,0.51,1.2291,84
1579987157.555,0.5,1.2291,0.52,1.229,84
1579987158.96,0.49,1.236,0.53,1.2278,84
1579987160.358,0.52,1.2205,0.53,1.2272,84
1579987161.755,0.49,1.2385,0.51,1.2273,84
1579987163.149,0.5,1.2309,0.52,1.2274,84
1579987164.535,0.51,1.2179,0.52,1.2274,84
1579987165.943,0.5,1.2262,0.52,1.2281,84
1579987167.359,0.51,1.2228,0.52,1.2283,84
1579987168.785,0.5,1.2297,0.52,1.2282,84
1579987170.078,0.5,1.2277,0.52,1.228,84
1579987171.512,0.5,1.2308,0.51,1.2279,85
1579987172.922,0.5,1.2283,0.52,1.2279,85
1579987174.337,0.49,1.2353,0.53,1.2266,85
1579987175.728,0.52,1.2196,0.52,1.226,85
1579987177.125,0.49,1.2377,0.51,1.2261,85
1579987178.536,0.5,1.2301,0.52,1.2261,85
1579987179.94,0.52,1.2169,0.52,1.2262,85
1579987181.32,0.5,1.2254,0.52,1.2269,85
1579987182.706,0.51,1.2219,0.52,1.2271,85
1579987184.093,0.5,1.2288,0.52,1.227,85
1579987185.388,0.51,1.2268,0.51,1.2269,85
1579987186.795,0.5,1.2299,0.51,1.2268,86
1579987188.222,0.51,1.2275,0.52,1.2268,86
1579987189.637,0.49,1.2345,0.53,1.2253,86
1579987191.039,0.52,1.2188,0.52,1.2246,86
1579987192.425,0.5,1.2369,0.51,1.2247,86
1579987193.81,0.5,1.2292,0.52,1.2247,86
1579987195.201,0.52,1.216,0.53,1.2248,86
1579987196.577,0.5,1.2247,0.53,1.2255,86
1579987197.95,0.51,1.221,0.52,1.2257,86
1579987199.323,0.5,1.228,0.52,1.2256,86
1579987200.665,0.51,1.226,0.51,1.2255,86
1579987202.066,0.5,1.2291,0.51,1.2256,87
1579987203.446,0.51,1.2268,0.51,1.2256,87
1579987204.874,0.5,1.2338,0.52,1.2241,87
1579987206.348,0.52,1.218,0.52,1.2234,87
1579987207.799,0.5,1.2361,0.51,1.2234,87
1579987209.222,0.5,1.2284,0.52,1.2234,87
1579987210.666,0.52,1.2151,0.54,1.2234,87
1579987212.065,0.5,1.224,0.53,1.2241,87
1579987213.463,0.51,1.2201,0.53,1.2243,87
1579987214.859,0.5,1.2273,0.52,1.2242,87
1579987216.15,0.51,1.2251,0.51,1.2242,87
1579987217.546,0.5,1.2283,0.51,1.2243,88
1579987218.947,0.51,1.226,0.51,1.2244,88
1579987220.334,0.5,1.2331,0.51,1.223,88
1579987221.75,0.52,1.2173,0.52,1.2222,88
1579987223.262,0.5,1.2353,0.52,1.2222,88
1579987224.648,0.5,1.2276,0.52,1.2221,88
1579987226.033,0.52,1.2142,0.55,1.2221,88
1579987227.434,0.51,1.2233,0.53,1.2227,88
1579987228.813,0.51,1.2193,0.53,1.223,88
1579987230.194,0.5,1.2265,0.52,1.2229,88
1579987231.473,0.51,1.2243,0.51,1.2229,88
1579987232.872,0.5,1.2275,0.51,1.2231,89
1579987234.269,0.51,1.2253,0.51,1.2231,89
1579987235.668,0.5,1.2325,0.51,1.2217,89
1579987237.067,0.52,1.2166,0.52,1.2208,89
1579987238.472,0.5,1.2346,0.52,1.2208,89
1579987239.883,0.5,1.2269,0.53,1.2206,89
1579987241.292,0.52,1.2133,0.55,1.2206,89
1579987242.69,0.51,1.2226,0.54,1.2213,89
1579987244.089,0.51,1.2185,0.53,1.2215,89
1579987245.497,0.5,1.2258,0.52,1.2215,89
1579987246.819,0.51,1.2236,0.51,1.2215,89
1579987248.254,0.5,1.2267,0.51,1.2217,90
1579987249.687,0.51,1.2246,0.51,1.2218,90
1579987251.151,0.5,1.2319,0.51,1.2204,90
1579987252.573,0.52,1.2159,0.52,1.2195,90
1579987253.973,0.5,1.2338,0.52,1.2194,90
1579987255.374,0.5,1.2262,0.53,1.2192,90
1579987256.783,0.52,1.2125,0.55,1.2192,90
1579987258.179,0.51,1.2219,0.54,1.2199,90
1579987259.587,0.51,1.2177,0.54,1.2201,90
1579987261.088,0.5,1.2251,0.52,1.22,90
1579987262.366,0.51,1.2228,0.51,1.22,90
1579987263.769,0.5,1.2259,0.51,1.2202,91
1579987265.162,0.51,1.2239,0.51,1.2203,91
1579987266.638,0.5,1.2312,0.52,1.2189,91
1579987268.067,0.52,1.2153,0.51,1.2181,91
1579987269.508,0.5,1.2331,0.52,1.2179,91
1579987270.93,0.5,1.2255,0.53,1.2178,91
1579987272.367,0.52,1.2117,0.55,1.2178,91
1579987273.76,0.51,1.2213,0.55,1.2185,91
1579987275.157,0.51,1.217,0.54,1.2188,91
1579987276.557,0.5,1.2244,0.52,1.2186,91
1579987277.839,0.51,1.2221,0.51,1.2186,91
1579987279.261,0.5,1.2252,0.51,1.2188,92
1579987280.677,0.51,1.2232,0.51,1.219,92
1579987282.084,0.5,1.2306,0.52,1.2176,92
1579987283.492,0.52,1.2146,0.51,1.2167,92
1579987284.886,0.5,1.2324,0.52,1.2166,92
1579987286.294,0.5,1.2248,0.53,1.2164,92
1579987287.686,0.52,1.2109,0.55,1.2165,92
1579987289.083,0.51,1.2205,0.55,1.2172,92
1579987290.475,0.51,1.2163,0.55,1.2174,92
1579987291.868,0.5,1.2237,0.52,1.2172,92
1579987293.148,0.51,1.2214,0.52,1.2172,92
1579987294.552,0.51,1.2244,0.51,1.2175,93
1579987295.935,0.51,1.2226,0.52,1.2176,93
1579987297.322,0.5,1.23,0.53,1.2163,93
1579987298.728,0.52,1.2139,0.51,1.2154,93
1579987300.126,0.5,1.2317,0.52,1.2153,93
1579987301.508,0.5,1.2241,0.53,1.2151,93
1579987302.914,0.52,1.2101,0.54,1.2152,93
1579987304.315,0.51,1.2199,0.54,1.2159,93
1579987305.721,0.51,1.2156,0.54,1.2161,93
1579987307.135,0.51,1.2231,0.52,1.2159,93
1579987308.415,0.51,1.2207,0.52,1.2159,93
1579987309.849,0.51,1.2237,0.51,1.2162,94
1579987311.258,0.51,1.2219,0.53,1.2163,94
1579987312.647,0.5,1.2294,0.53,1.215,94
1579987314.034,0.52,1.2133,0.52,1.2141,94
1579987315.416,0.5,1.231,0.52,1.214,94
1579987316.798,0.5,1.2234,0.53,1.2139,94
1579987318.181,0.52,1.2094,0.54,1.214,94
1579987319.561,0.51,1.2192,0.54,1.2147,94
1579987321.032,0.52,1.2148,0.53,1.2148,94
1579987322.418,0.51,1.2224,0.53,1.2145,94
1579987323.695,0.51,1.22,0.52,1.2145,94
1579987325.107,0.51,1.223,0.52,1.2148,95
1579987326.589,0.51,1.2213,0.53,1.2149,95
1579987327.988,0.5,1.2288,0.53,1.2136,95
1579987329.413,0.52,1.2127,0.52,1.2128,95
1579987330.845,0.5,1.2303,0.52,1.2127,95
1579987332.281,0.5,1.2228,0.53,1.2126,95
1579987333.702,0.52,1.2087,0.54,1.2128,95
1579987335.155,0.51,1.2186,0.54,1.2135,95
1579987336.589,0.51,1.2142,0.53,1.2135,95
1579987337.985,0.51,1.2218,0.53,1.2132,95
1579987339.31,0.51,1.2194,0.52,1.2132,95
1579987340.728,0.51,1.2223,0.52,1.2134,96
1579987342.114,0.51,1.2207,0.53,1.2135,96
1579987343.496,0.5,1.2282,0.53,1.2122,96
1579987344.881,0.52,1.212,0.52,1.2114,96
1579987346.385,0.5,1.2297,0.53,1.2114,96
1579987347.774,0.5,1.2222,0.53,1.2114,96
1579987349.149,0.52,1.2079,0.54,1.2116,96
1579987350.529,0.51,1.2179,0.54,1.2122,96
1579987351.929,0.51,1.2135,0.53,1.2122,96
1579987353.325,0.51,1.2212,0.53,1.2119,96
1579987354.612,0.51,1.2187,0.53,1.2117,96
1579987356.012,0.51,1.2217,0.52,1.2119,97
1579987357.392,0.51,1.2201,0.53,1.2119,97
1579987358.778,0.5,1.2277,0.53,1.2107,97
1579987360.179,0.52,1.2114,0.52,1.2099,97
1579987361.574,0.5,1.229,0.53,1.2099,97
1579987362.973,0.5,1.2216,0.52,1.21,97
1579987364.387,0.53,1.2072,0.54,1.2102,97
1579987365.792,0.51,1.2173,0.54,1.2108,97
1579987367.247,0.52,1.2128,0.53,1.2109,97
1579987368.664,0.51,1.2205,0.52,1.2105,97
1579987369.955,0.51,1.2181,0.53,1.2105,97
1579987371.378,0.51,1.221,0.52,1.2107,98
1579987372.76,0.51,1.2196,0.53,1.2107,98
1579987374.136,0.5,1.2272,0.53,1.2094,98
1579987375.508,0.52,1.2108,0.52,1.2087,98
1579987376.881,0.5,1.2284,0.53,1.2087,98
1579987378.259,0.51,1.221,0.53,1.2088,98
1579987379.633,0.53,1.2066,0.55,1.209,98
1579987381.106,0.52,1.2167,0.53,1.2095,98
1579987382.49,0.52,1.2121,0.53,1.2095,98
1579987383.867,0.51,1.2199,0.53,1.2091,98
1579987385.157,0.51,1.2174,0.52,1.209,98
1579987386.649,0.51,1.2204,0.52,1.2092,99
1579987388.039,0.51,1.2191,0.53,1.2093,99
1579987389.439,0.5,1.2266,0.53,1.208,99
1579987390.835,0.52,1.2102,0.52,1.2072,99
1579987392.217,0.5,1.2278,0.52,1.2073,99
1579987393.623,0.51,1.2204,0.54,1.2074,99
1579987395.056,0.53,1.2059,0.55,1.2077,99
1579987396.484,0.52,1.2161,0.54,1.2082,99
1579987397.914,0.52,1.2115,0.53,1.2082,99
1579987399.351,0.51,1.2193,0.53,1.2078,99
1579987400.637,0.51,1.2168,0.52,1.2077,99
