1580000744.949,0.25,1.3868,0.23,1.3871,0
1580000745.148,0.27,1.3856,0.23,1.3872,0
1580000745.341,0.24,1.3866,0.23,1.3867,0
1580000745.526,0.24,1.3864,0.23,1.3862,0
1580000745.711,0.26,1.3858,0.23,1.3859,0
1580000745.896,0.25,1.3859,0.23,1.3854,0
1580000746.082,0.28,1.3842,0.23,1.3851,0
1580000746.269,0.24,1.3849,0.28,1.3834,0
1580000746.458,0.26,1.3837,0.32,1.3811,0
1580000746.643,0.32,1.3825,0.31,1.3775,0
1580000746.832,0.31,1.3792,0.31,1.3712,0
1580000747.018,0.33,1.3742,0.33,1.3623,0
1580000747.204,0.34,1.3699,0.35,1.3516,0
1580000747.403,0.34,1.3638,0.35,1.3416,0
1580000747.559,0.33,1.3525,0.36,1.3341,0
1580000747.749,0.38,1.338,0.36,1.3287,1
1580000747.935,0.37,1.3466,0.33,1.3334,1
1580000748.12,0.32,1.3496,0.36,1.3269,1
1580000748.307,0.36,1.3388,0.38,1.3343,1
1580000748.498,0.39,1.3421,0.35,1.3205,1
1580000748.691,0.36,1.3282,0.34,1.3253,1
1580000748.877,0.36,1.3384,0.33,1.3245,1
1580000749.065,0.34,1.3375,0.36,1.3169,1
1580000749.254,0.39,1.3184,0.37,1.3115,1
1580000749.45,0.36,1.3335,0.4,1.3144,1
1580000749.638,0.36,1.3232,0.39,1.3059,1
1580000749.828,0.4,1.3151,0.41,1.3118,1
1580000750.015,0.41,1.321,0.38,1.3133,1
1580000750.201,0.4,1.3169,0.45,1.2924,1
1580000750.36,0.45,1.2981,0.43,1.2872,1
1580000750.546,0.4,1.3124,0.45,1.285,2
1580000750.737,0.4,1.3225,0.42,1.2917,2
1580000750.923,0.42,1.3088,0.4,1.3071,2
1580000751.107,0.39,1.3095,0.42,1.287,2
1580000751.295,0.44,1.2872,0.44,1.2695,2
1580000751.488,0.45,1.281,0.48,1.2605,2
1580000751.676,0.41,1.2981,0.46,1.2644,2
1580000751.864,0.41,1.2951,0.49,1.266,2
1580000752.049,0.43,1.2818,0.44,1.2774,2
1580000752.235,0.43,1.2879,0.43,1.2737,2
1580000752.42,0.45,1.2652,0.47,1.2641,2
1580000752.605,0.45,1.275,0.52,1.2538,2
1580000752.795,0.45,1.2686,0.5,1.2473,2
1580000752.981,0.47,1.2658,0.48,1.2507,2
1580000753.138,0.49,1.2419,0.52,1.2346,2
1580000753.317,0.45,1.2646,0.52,1.2369,3
1580000753.51,0.45,1.2703,0.49,1.2411,3
1580000753.695,0.45,1.267,0.47,1.2525,3
1580000753.88,0.47,1.2551,0.5,1.2459,3
1580000754.08,0.49,1.2364,0.51,1.2314,3
1580000754.265,0.52,1.2152,0.48,1.2347,3
1580000754.452,0.47,1.2486,0.51,1.2261,3
1580000754.638,0.47,1.2476,0.47,1.257,3
1580000754.826,0.47,1.254,0.52,1.233,3
1580000755.013,0.51,1.2237,0.47,1.2424,3
1580000755.199,0.51,1.2293,0.51,1.2208,3
1580000755.385,0.52,1.2227,0.46,1.2535,3
1580000755.577,0.48,1.2494,0.51,1.2145,3
1580000755.755,0.5,1.2293,0.5,1.2281,3
1580000755.912,0.52,1.211,0.49,1.2163,3
1580000756.102,0.5,1.2265,0.5,1.208,4
1580000756.289,0.51,1.2183,0.52,1.2203,4
1580000756.476,0.48,1.2436,0.54,1.2096,4
1580000756.668,0.5,1.2234,0.57,1.1932,4
1580000756.858,0.53,1.2022,0.56,1.1915,4
1580000757.049,0.55,1.193,0.57,1.188,4
1580000757.241,0.51,1.2208,0.54,1.197,4
1580000757.43,0.51,1.2194,0.52,1.2092,4
1580000757.621,0.51,1.2125,0.51,1.2101,4
1580000757.807,0.52,1.2052,0.54,1.1893,4
1580000758.0,0.55,1.1813,0.58,1.1791,4
1580000758.19,0.54,1.1992,0.55,1.1779,4
1580000758.391,0.53,1.2003,0.54,1.1902,4
1580000758.578,0.54,1.1974,0.55,1.1851,4
1580000758.734,0.58,1.1615,0.56,1.1717,4
1580000758.926,0.54,1.1928,0.56,1.1713,5
1580000759.116,0.52,1.2014,0.58,1.1649,5
1580000759.304,0.51,1.2114,0.6,1.172,5
1580000759.49,0.52,1.2007,0.56,1.1817,5
1580000759.683,0.55,1.1842,0.55,1.1765,5
1580000759.871,0.57,1.1655,0.56,1.1716,5
1580000760.072,0.52,1.2049,0.53,1.1769,5
1580000760.276,0.51,1.2155,0.54,1.1911,5
1580000760.47,0.54,1.1953,0.56,1.1951,5
1580000760.658,0.53,1.1896,0.6,1.1698,5
1580000760.845,0.58,1.1553,0.54,1.1718,5
1580000761.034,0.55,1.1837,0.55,1.1691,5
1580000761.225,0.54,1.1854,0.61,1.1721,5
1580000761.414,0.56,1.1747,0.6,1.1745,5
1580000761.572,0.59,1.146,0.59,1.1665,5
1580000761.771,0.56,1.1713,0.54,1.1686,6
1580000761.959,0.55,1.1842,0.54,1.1682,6
1580000762.147,0.52,1.1973,0.57,1.1626,6
1580000762.334,0.54,1.1877,0.59,1.1729,6
1580000762.525,0.57,1.1657,0.55,1.177,6
1580000762.709,0.58,1.1557,0.61,1.1569,6
1580000762.896,0.55,1.1852,0.56,1.1678,6
1580000763.082,0.52,1.2105,0.56,1.1621,6
1580000763.273,0.54,1.1857,0.58,1.1742,6
1580000763.46,0.56,1.1673,0.56,1.18,6
1580000763.647,0.58,1.1552,0.6,1.1545,6
1580000763.835,0.58,1.1603,0.6,1.1504,6
1580000764.023,0.55,1.18,0.56,1.1542,6
1580000764.221,0.56,1.1643,0.57,1.1655,6
1580000764.381,0.6,1.1343,0.59,1.1769,6
1580000764.569,0.56,1.1758,0.57,1.1653,7
1580000764.754,0.56,1.1689,0.58,1.1543,7
1580000764.941,0.54,1.1813,0.61,1.1572,7
1580000765.127,0.53,1.2007,0.56,1.1593,7
1580000765.313,0.58,1.1553,0.55,1.1722,7
1580000765.501,0.58,1.1514,0.58,1.1735,7
1580000765.69,0.54,1.1912,0.54,1.1626,7
1580000765.88,0.56,1.1786,0.57,1.1599,7
1580000766.071,0.56,1.1765,0.59,1.1533,7
1580000766.272,0.58,1.1571,0.61,1.15,7
1580000766.476,0.6,1.1323,0.57,1.1632,7
1580000766.676,0.57,1.1627,0.56,1.1658,7
1580000766.869,0.56,1.1684,0.57,1.1564,7
1580000767.058,0.6,1.1465,0.6,1.1498,7
1580000767.215,0.61,1.1299,0.6,1.1484,7
1580000767.407,0.58,1.1513,0.57,1.1562,8
1580000767.593,0.57,1.1545,0.56,1.1643,8
1580000767.785,0.54,1.1826,0.57,1.1533,8
1580000767.973,0.56,1.1672,0.6,1.1478,8
1580000768.16,0.6,1.144,0.59,1.1528,8
1580000768.347,0.61,1.1269,0.56,1.156,8
1580000768.539,0.57,1.1571,0.56,1.1608,8
1580000768.719,0.56,1.1717,0.59,1.1504,8
1580000768.917,0.58,1.1503,0.61,1.1373,8
1580000769.107,0.61,1.1343,0.61,1.1321,8
1580000769.293,0.61,1.1234,0.6,1.1399,8
1580000769.48,0.58,1.1493,0.62,1.1355,8
1580000769.668,0.58,1.1496,0.56,1.1668,8
1580000769.86,0.58,1.1551,0.55,1.1611,8
1580000770.017,0.62,1.1183,0.53,1.1721,8
1580000770.208,0.57,1.1574,0.6,1.1465,9
1580000770.395,0.58,1.15,0.62,1.1357,9
1580000770.582,0.56,1.1633,0.58,1.1666,9
1580000770.772,0.52,1.1942,0.57,1.1433,9
1580000770.97,0.6,1.1386,0.53,1.171,9
1580000771.151,0.6,1.1329,0.52,1.1931,9
1580000771.342,0.55,1.1912,0.55,1.176,9
1580000771.531,0.55,1.1874,0.6,1.1377,9
1580000771.724,0.58,1.1496,0.61,1.1441,9
1580000771.912,0.59,1.1455,0.58,1.1617,9
1580000772.1,0.58,1.1475,0.64,1.1372,9
1580000772.291,0.59,1.1449,0.6,1.132,9
1580000772.478,0.58,1.1518,0.55,1.1597,9
1580000772.666,0.59,1.145,0.53,1.1748,9
1580000772.824,0.6,1.1261,0.55,1.174,9
1580000773.027,0.58,1.1489,0.56,1.1605,10
1580000773.215,0.58,1.1543,0.58,1.1504,10
1580000773.406,0.56,1.1684,0.58,1.1532,10
1580000773.593,0.56,1.1788,0.66,1.1217,10
1580000773.782,0.61,1.135,0.58,1.1529,10
1580000773.972,0.6,1.131,0.57,1.1542,10
1580000774.164,0.57,1.17,0.6,1.1444,10
1580000774.358,0.57,1.1686,0.59,1.1447,10
1580000774.546,0.58,1.1569,0.62,1.1374,10
1580000774.734,0.6,1.1335,0.6,1.1447,10
1580000774.925,0.62,1.1144,0.56,1.1641,10
1580000775.119,0.59,1.146,0.62,1.1417,10
1580000775.309,0.58,1.1493,0.66,1.1182,10
1580000775.496,0.61,1.1281,0.62,1.1253,10
1580000775.654,0.62,1.1177,0.62,1.1334,10
1580000775.848,0.59,1.1409,0.57,1.1437,11
1580000776.038,0.59,1.1396,0.6,1.1382,11
1580000776.23,0.55,1.1693,0.61,1.1287,11
1580000776.418,0.59,1.1454,0.58,1.1428,11
1580000776.608,0.61,1.1303,0.65,1.1251,11
1580000776.796,0.63,1.1061,0.62,1.1274,11
1580000776.987,0.61,1.1337,0.6,1.1378,11
1580000777.182,0.58,1.1551,0.62,1.1357,11
1580000777.37,0.6,1.1328,0.64,1.1193,11
1580000777.559,0.63,1.1132,0.64,1.1233,11
1580000777.747,0.63,1.1088,0.64,1.1258,11
1580000777.936,0.61,1.1274,0.64,1.1201,11
1580000778.127,0.61,1.1302,0.59,1.1355,11
1580000778.317,0.61,1.1251,0.58,1.1425,11
1580000778.476,0.64,1.1012,0.59,1.1425,11
1580000778.677,0.61,1.1252,0.6,1.1295,12
1580000778.866,0.61,1.1251,0.61,1.1198,12
1580000779.058,0.59,1.1466,0.64,1.1188,12
1580000779.247,0.59,1.1488,0.64,1.116,12
1580000779.436,0.62,1.1164,0.61,1.133,12
1580000779.625,0.63,1.1064,0.59,1.1449,12
1580000779.817,0.6,1.1396,0.63,1.1337,12
1580000780.009,0.59,1.1545,0.6,1.129,12
1580000780.204,0.61,1.1242,0.61,1.1342,12
1580000780.396,0.62,1.1209,0.62,1.1282,12
1580000780.584,0.63,1.1024,0.63,1.1286,12
1580000780.782,0.61,1.122,0.61,1.1278,12
1580000780.971,0.6,1.1347,0.61,1.1302,12
1580000781.161,0.63,1.1161,0.58,1.1358,12
1580000781.321,0.65,1.0904,0.58,1.1413,12
1580000781.515,0.61,1.1139,0.57,1.1416,13
1580000781.706,0.61,1.1222,0.58,1.1378,13
1580000781.898,0.59,1.1448,0.59,1.1316,13
1580000782.086,0.6,1.1357,0.62,1.1282,13
1580000782.286,0.63,1.1053,0.56,1.1552,13
1580000782.474,0.63,1.1068,0.63,1.1316,13
1580000782.665,0.61,1.1241,0.6,1.1361,13
1580000782.855,0.59,1.1577,0.61,1.1386,13
1580000783.046,0.61,1.1236,0.57,1.1423,13
1580000783.235,0.63,1.1091,0.59,1.1477,13
1580000783.424,0.65,1.0959,0.63,1.1196,13
1580000783.616,0.62,1.1113,0.63,1.1114,13
1580000783.805,0.62,1.1236,0.63,1.1203,13
1580000783.994,0.63,1.1095,0.61,1.1276,13
1580000784.152,0.66,1.084,0.6,1.1416,13
1580000784.352,0.62,1.111,0.57,1.1471,14
1580000784.556,0.61,1.1196,0.59,1.1494,14
1580000784.747,0.59,1.1415,0.6,1.141,14
1580000784.937,0.61,1.1305,0.59,1.1435,14
1580000785.12,0.64,1.1054,0.53,1.1801,14
1580000785.31,0.62,1.1113,0.54,1.1667,14
1580000785.501,0.6,1.1365,0.63,1.1229,14
1580000785.69,0.59,1.1456,0.61,1.1425,14
1580000785.88,0.61,1.128,0.6,1.133,14
1580000786.07,0.64,1.106,0.58,1.1653,14
1580000786.262,0.63,1.1024,0.58,1.164,14
1580000786.455,0.61,1.1269,0.59,1.1274,14
1580000786.645,0.62,1.1161,0.57,1.1483,14
1580000786.837,0.61,1.1246,0.6,1.133,14
1580000787.0,0.65,1.0924,0.6,1.1442,14
1580000787.193,0.62,1.1203,0.52,1.1825,15
1580000787.388,0.58,1.1419,0.56,1.163,15
1580000787.577,0.56,1.162,0.63,1.1253,15
1580000787.768,0.59,1.1373,0.58,1.1533,15
1580000787.955,0.61,1.127,0.58,1.1551,15
1580000788.144,0.62,1.1132,0.58,1.1534,15
1580000788.338,0.61,1.129,0.56,1.1632,15
1580000788.527,0.58,1.1531,0.56,1.1681,15
1580000788.719,0.6,1.1357,0.57,1.1686,15
1580000788.915,0.62,1.1144,0.62,1.1363,15
1580000789.106,0.63,1.1043,0.64,1.1196,15
1580000789.295,0.63,1.1115,0.63,1.1262,15
1580000789.493,0.6,1.1331,0.62,1.1304,15
1580000789.683,0.63,1.1116,0.59,1.1276,15
1580000789.844,0.67,1.0791,0.57,1.1355,15
1580000790.04,0.63,1.1024,0.57,1.1632,16
1580000790.229,0.61,1.1227,0.56,1.1646,16
1580000790.419,0.59,1.1469,0.6,1.1442,16
1580000790.609,0.61,1.1224,0.64,1.1172,16
1580000790.799,0.66,1.0853,0.63,1.1103,16
1580000790.992,0.65,1.09,0.62,1.1129,16
1580000791.183,0.61,1.1257,0.62,1.1059,16
1580000791.376,0.6,1.1459,0.66,1.1098,16
1580000791.566,0.64,1.1058,0.61,1.1258,16
1580000791.759,0.64,1.0945,0.6,1.1414,16
1580000791.95,0.65,1.0905,0.59,1.1428,16
1580000792.142,0.63,1.1016,0.6,1.1376,16
1580000792.331,0.62,1.1174,0.62,1.1182,16
1580000792.527,0.65,1.091,0.6,1.1199,16
1580000792.687,0.66,1.0755,0.61,1.1205,16
1580000792.878,0.63,1.1083,0.59,1.1225,17
1580000793.071,0.64,1.0951,0.6,1.1291,17
1580000793.263,0.6,1.128,0.54,1.1606,17
1580000793.455,0.61,1.1302,0.56,1.1406,17
1580000793.647,0.67,1.0798,0.62,1.131,17
1580000793.835,0.65,1.0808,0.6,1.1318,17
1580000794.026,0.63,1.113,0.64,1.1132,17
1580000794.218,0.61,1.1346,0.61,1.1142,17
1580000794.41,0.64,1.1049,0.63,1.1058,17
1580000794.609,0.66,1.0837,0.6,1.1193,17
1580000794.807,0.65,1.0807,0.59,1.1433,17
1580000795.001,0.62,1.1173,0.63,1.1231,17
1580000795.208,0.63,1.107,0.58,1.1472,17
1580000795.412,0.62,1.1143,0.57,1.153,17
1580000795.581,0.66,1.0805,0.57,1.1565,17
1580000795.778,0.61,1.1259,0.6,1.1455,18
1580000795.975,0.62,1.1111,0.59,1.1238,18
1580000796.165,0.61,1.122,0.54,1.169,18
1580000796.359,0.59,1.1448,0.56,1.1559,18
1580000796.549,0.62,1.1154,0.58,1.1344,18
1580000796.743,0.65,1.0854,0.57,1.1584,18
1580000796.933,0.6,1.1279,0.58,1.1507,18
1580000797.121,0.59,1.1466,0.55,1.1517,18
1580000797.314,0.6,1.1347,0.61,1.1354,18
1580000797.504,0.61,1.1196,0.6,1.1266,18
1580000797.701,0.64,1.0946,0.57,1.1456,18
1580000797.891,0.65,1.0982,0.57,1.1648,18
1580000798.085,0.59,1.1412,0.57,1.1716,18
1580000798.275,0.59,1.1435,0.6,1.1458,18
1580000798.437,0.62,1.1066,0.61,1.1124,18
1580000798.636,0.64,1.0946,0.6,1.1194,19
1580000798.827,0.64,1.1038,0.57,1.1362,19
1580000799.017,0.57,1.1535,0.57,1.1419,19
1580000799.209,0.6,1.1317,0.6,1.1327,19
1580000799.401,0.63,1.1032,0.62,1.125,19
1580000799.591,0.65,1.087,0.59,1.1289,19
1580000799.783,0.63,1.1057,0.6,1.1314,19
1580000799.974,0.59,1.1433,0.57,1.1309,19
1580000800.165,0.62,1.1098,0.61,1.1174,19
1580000800.358,0.64,1.0962,0.62,1.1017,19
1580000800.547,0.65,1.0888,0.64,1.1034,19
1580000800.744,0.64,1.0938,0.59,1.1241,19
1580000800.934,0.64,1.0977,0.58,1.1459,19
1580000801.125,0.63,1.0961,0.56,1.152,19
1580000801.286,0.66,1.0747,0.56,1.1534,19
1580000801.478,0.64,1.0978,0.58,1.146,20
1580000801.68,0.65,1.0936,0.59,1.145,20
1580000801.873,0.62,1.1203,0.58,1.1516,20
1580000802.065,0.63,1.1174,0.63,1.1214,20
1580000802.26,0.68,1.0655,0.61,1.1323,20
1580000802.452,0.66,1.0821,0.61,1.1295,20
1580000802.646,0.62,1.1109,0.6,1.1264,20
1580000802.841,0.61,1.1241,0.6,1.1409,20
1580000803.032,0.65,1.0929,0.6,1.138,20
1580000803.223,0.66,1.0839,0.59,1.1302,20
1580000803.416,0.67,1.0745,0.6,1.1339,20
1580000803.606,0.64,1.0932,0.61,1.1307,20
1580000803.801,0.64,1.0982,0.57,1.136,20
1580000803.992,0.65,1.0892,0.58,1.1355,20
1580000804.15,0.67,1.0679,0.57,1.1271,20
1580000804.341,0.65,1.0885,0.57,1.1447,21
1580000804.534,0.64,1.0969,0.58,1.1454,21
1580000804.731,0.61,1.1257,0.6,1.1409,21
1580000804.931,0.64,1.0977,0.59,1.1372,21
1580000805.125,0.68,1.0676,0.6,1.1258,21
1580000805.318,0.68,1.0623,0.59,1.1439,21
1580000805.511,0.63,1.104,0.58,1.1377,21
1580000805.704,0.62,1.1168,0.63,1.1257,21
1580000805.902,0.67,1.0802,0.59,1.128,21
1580000806.093,0.67,1.0704,0.61,1.1266,21
1580000806.283,0.65,1.08,0.61,1.1312,21
1580000806.475,0.65,1.0835,0.58,1.1465,21
1580000806.666,0.65,1.0898,0.56,1.1539,21
1580000806.862,0.66,1.0846,0.57,1.1436,21
1580000807.022,0.69,1.0537,0.59,1.1265,21
1580000807.214,0.67,1.0773,0.6,1.13,22
1580000807.408,0.65,1.0868,0.6,1.1305,22
1580000807.601,0.62,1.113,0.61,1.131,22
1580000807.793,0.67,1.0832,0.58,1.1344,22
1580000807.986,0.69,1.051,0.59,1.1353,22
1580000808.178,0.69,1.0583,0.58,1.137,22
1580000808.379,0.66,1.0843,0.61,1.1212,22
1580000808.571,0.64,1.109,0.63,1.111,22
1580000808.772,0.67,1.0711,0.61,1.1085,22
1580000808.975,0.68,1.0579,0.61,1.1105,22
1580000809.171,0.67,1.0634,0.6,1.1246,22
1580000809.366,0.67,1.0756,0.57,1.1403,22
1580000809.557,0.66,1.0791,0.58,1.1424,22
1580000809.749,0.66,1.0775,0.58,1.1306,22
1580000809.911,0.7,1.0386,0.59,1.1257,22
1580000810.108,0.68,1.0734,0.6,1.1403,23
1580000810.301,0.65,1.0843,0.59,1.125,23
1580000810.502,0.64,1.0967,0.59,1.1327,23
1580000810.692,0.65,1.0885,0.62,1.1186,23
1580000810.885,0.7,1.042,0.6,1.1226,23
1580000811.079,0.69,1.0533,0.6,1.1203,23
1580000811.274,0.66,1.0731,0.63,1.1168,23
1580000811.455,0.64,1.1032,0.61,1.1168,23
1580000811.654,0.68,1.0667,0.63,1.1061,23
1580000811.848,0.69,1.0513,0.6,1.1036,23
1580000812.045,0.68,1.0647,0.63,1.105,23
1580000812.237,0.66,1.0784,0.61,1.1139,23
1580000812.43,0.67,1.0725,0.57,1.1357,23
1580000812.622,0.67,1.074,0.57,1.1402,23
1580000812.785,0.7,1.0466,0.61,1.1238,23
1580000812.982,0.68,1.0598,0.61,1.1229,24
1580000813.179,0.67,1.0706,0.59,1.1234,24
1580000813.369,0.64,1.0944,0.6,1.1156,24
1580000813.563,0.68,1.0706,0.61,1.1126,24
1580000813.755,0.71,1.0362,0.62,1.1266,24
1580000813.952,0.68,1.0607,0.6,1.1266,24
1580000814.149,0.66,1.0825,0.63,1.1133,24
1580000814.34,0.64,1.098,0.6,1.1138,24
1580000814.532,0.67,1.0697,0.61,1.1042,24
1580000814.723,0.7,1.0496,0.63,1.0992,24
1580000814.917,0.69,1.0551,0.61,1.1086,24
1580000815.113,0.67,1.0677,0.61,1.1171,24
1580000815.307,0.67,1.073,0.62,1.1188,24
1580000815.501,0.68,1.0662,0.63,1.1178,24
1580000815.664,0.71,1.0295,0.6,1.1185,24
1580000815.858,0.69,1.0592,0.61,1.1153,25
1580000816.058,0.68,1.0627,0.61,1.1042,25
1580000816.255,0.66,1.0807,0.6,1.111,25
1580000816.445,0.68,1.0711,0.6,1.114,25
1580000816.64,0.71,1.0358,0.58,1.1277,25
1580000816.832,0.69,1.0483,0.59,1.1349,25
1580000817.026,0.67,1.0751,0.59,1.1331,25
1580000817.227,0.63,1.0993,0.61,1.119,25
1580000817.42,0.68,1.0626,0.62,1.1002,25
1580000817.614,0.7,1.045,0.62,1.1021,25
1580000817.804,0.67,1.0686,0.66,1.0914,25
1580000817.999,0.67,1.0708,0.63,1.0962,25
1580000818.21,0.68,1.0655,0.61,1.1214,25
1580000818.414,0.67,1.0733,0.61,1.1308,25
1580000818.575,0.69,1.0484,0.62,1.1202,25
1580000818.772,0.67,1.0632,0.62,1.1177,26
1580000818.966,0.69,1.0654,0.63,1.1026,26
1580000819.159,0.64,1.0909,0.6,1.111,26
1580000819.353,0.66,1.0843,0.59,1.122,26
1580000819.549,0.71,1.0418,0.61,1.1312,26
1580000819.743,0.69,1.0546,0.59,1.1508,26
1580000819.94,0.66,1.0876,0.55,1.1602,26
1580000820.153,0.62,1.115,0.58,1.1502,26
1580000820.347,0.65,1.0895,0.62,1.1281,26
1580000820.542,0.66,1.0792,0.61,1.108,26
1580000820.739,0.68,1.0572,0.65,1.0945,26
1580000820.936,0.68,1.0661,0.65,1.0935,26
1580000821.13,0.64,1.0936,0.64,1.0941,26
1580000821.336,0.67,1.0801,0.64,1.0885,26
1580000821.499,0.7,1.0441,0.67,1.0822,26
1580000821.695,0.68,1.0575,0.64,1.0953,27
1580000821.892,0.67,1.0725,0.65,1.1042,27
1580000822.089,0.63,1.1069,0.6,1.118,27
1580000822.284,0.65,1.0929,0.65,1.0938,27
1580000822.483,0.69,1.0528,0.65,1.0944,27
1580000822.683,0.68,1.0564,0.61,1.1208,27
1580000822.883,0.65,1.0904,0.59,1.1208,27
1580000823.08,0.62,1.1093,0.59,1.1212,27
1580000823.275,0.66,1.0792,0.62,1.1139,27
1580000823.47,0.69,1.0491,0.62,1.1194,27
1580000823.666,0.68,1.0583,0.63,1.117,27
1580000823.862,0.65,1.0822,0.63,1.1119,27
1580000824.057,0.66,1.08,0.6,1.1142,27
1580000824.267,0.68,1.0613,0.62,1.1113,27
1580000824.431,0.72,1.0267,0.61,1.1155,27
1580000824.63,0.69,1.0568,0.6,1.1167,28
1580000824.828,0.67,1.0737,0.6,1.1073,28
1580000825.028,0.66,1.079,0.64,1.0973,28
1580000825.236,0.69,1.0579,0.64,1.1029,28
1580000825.442,0.68,1.0527,0.66,1.0929,28
1580000825.64,0.67,1.0618,0.63,1.0965,28
1580000825.838,0.67,1.0692,0.6,1.1219,28
1580000826.032,0.65,1.0926,0.59,1.1397,28
1580000826.238,0.65,1.0875,0.64,1.1083,28
1580000826.456,0.68,1.0616,0.63,1.0996,28
1580000826.661,0.7,1.045,0.63,1.1026,28
1580000826.856,0.66,1.0756,0.6,1.1231,28
1580000827.051,0.65,1.0873,0.62,1.1009,28
1580000827.241,0.69,1.0572,0.63,1.106,28
1580000827.403,0.72,1.025,0.62,1.1066,28
1580000827.602,0.7,1.0446,0.6,1.1287,29
1580000827.796,0.65,1.0872,0.63,1.1194,29
1580000827.992,0.65,1.0951,0.63,1.119,29
1580000828.189,0.66,1.0769,0.64,1.0986,29
1580000828.384,0.72,1.0255,0.63,1.1085,29
1580000828.58,0.68,1.0597,0.59,1.1201,29
1580000828.775,0.63,1.1023,0.65,1.0946,29
1580000828.969,0.64,1.098,0.63,1.0994,29
1580000829.165,0.68,1.0565,0.63,1.1086,29
1580000829.36,0.69,1.055,0.63,1.117,29
1580000829.559,0.69,1.0487,0.6,1.1194,29
1580000829.754,0.68,1.0649,0.66,1.1008,29
1580000829.95,0.68,1.0648,0.63,1.1026,29
1580000830.142,0.69,1.0498,0.64,1.0985,29
1580000830.304,0.72,1.0256,0.61,1.1031,29
1580000830.502,0.69,1.0521,0.61,1.1181,30
1580000830.694,0.67,1.0694,0.61,1.1231,30
1580000830.888,0.66,1.086,0.63,1.1234,30
1580000831.084,0.66,1.0825,0.61,1.114,30
1580000831.279,0.71,1.0281,0.63,1.1015,30
1580000831.473,0.7,1.0397,0.61,1.101,30
1580000831.676,0.66,1.0799,0.63,1.0977,30
1580000831.872,0.65,1.0861,0.63,1.1057,30
1580000832.067,0.7,1.0484,0.64,1.1083,30
1580000832.264,0.7,1.0369,0.64,1.116,30
1580000832.457,0.7,1.0338,0.61,1.1253,30
1580000832.651,0.69,1.0557,0.62,1.1189,30
1580000832.847,0.69,1.0561,0.61,1.1079,30
1580000833.04,0.69,1.0522,0.63,1.1002,30
1580000833.205,0.73,1.0123,0.65,1.1015,30
1580000833.402,0.69,1.0544,0.6,1.1182,31
1580000833.601,0.67,1.0665,0.61,1.1169,31
1580000833.795,0.66,1.0782,0.62,1.1227,31
1580000833.992,0.67,1.0673,0.65,1.1061,31
1580000834.192,0.72,1.0271,0.62,1.109,31
1580000834.389,0.71,1.0337,0.61,1.114,31
1580000834.583,0.65,1.0796,0.61,1.0991,31
1580000834.777,0.66,1.0756,0.63,1.1018,31
1580000834.973,0.69,1.0472,0.66,1.095,31
1580000835.168,0.7,1.0326,0.63,1.1067,31
1580000835.379,0.7,1.0369,0.62,1.1162,31
1580000835.574,0.68,1.0553,0.61,1.1215,31
1580000835.769,0.68,1.0533,0.61,1.1227,31
1580000835.965,0.69,1.0448,0.59,1.1192,31
1580000836.129,0.73,1.014,0.65,1.0979,31
1580000836.324,0.7,1.0411,0.63,1.1015,32
1580000836.519,0.69,1.0459,0.61,1.107,32
1580000836.723,0.68,1.063,0.63,1.1162,32
1580000836.918,0.68,1.0591,0.62,1.1045,32
1580000837.112,0.72,1.0169,0.65,1.0899,32
1580000837.311,0.72,1.026,0.63,1.0926,32
1580000837.509,0.68,1.061,0.65,1.0901,32
1580000837.709,0.66,1.0747,0.64,1.0914,32
1580000837.904,0.7,1.0424,0.65,1.092,32
1580000838.101,0.73,1.0201,0.63,1.1053,32
1580000838.298,0.71,1.0292,0.63,1.1118,32
1580000838.492,0.69,1.053,0.63,1.1144,32
1580000838.696,0.69,1.0592,0.62,1.116,32
1580000838.895,0.71,1.0337,0.6,1.1126,32
1580000839.058,0.72,1.0236,0.64,1.1118,32
1580000839.256,0.7,1.043,0.63,1.0981,33
1580000839.453,0.68,1.0618,0.64,1.1023,33
1580000839.645,0.66,1.0818,0.63,1.1113,33
1580000839.842,0.7,1.0415,0.59,1.1344,33
1580000840.035,0.69,1.049,0.65,1.0999,33
1580000840.231,0.69,1.0446,0.65,1.0935,33
1580000840.428,0.68,1.0588,0.63,1.1048,33
1580000840.61,0.65,1.0894,0.65,1.0921,33
1580000840.816,0.69,1.0395,0.65,1.0885,33
1580000841.011,0.68,1.0633,0.66,1.081,33
1580000841.206,0.69,1.0549,0.64,1.1072,33
1580000841.404,0.67,1.0642,0.57,1.1564,33
1580000841.6,0.63,1.1047,0.6,1.1349,33
1580000841.792,0.66,1.0733,0.62,1.1134,33
1580000841.957,0.73,1.012,0.62,1.1145,33
1580000842.153,0.64,1.0872,0.61,1.1116,34
1580000842.35,0.68,1.0533,0.61,1.1173,34
1580000842.544,0.65,1.0798,0.63,1.1155,34
1580000842.744,0.67,1.0685,0.64,1.0996,34
1580000842.941,0.7,1.0418,0.62,1.1067,34
1580000843.135,0.71,1.0283,0.62,1.1053,34
1580000843.33,0.66,1.0787,0.61,1.1083,34
1580000843.525,0.61,1.1115,0.61,1.108,34
1580000843.72,0.69,1.0468,0.62,1.1066,34
1580000843.921,0.7,1.0395,0.65,1.1002,34
1580000844.117,0.7,1.0415,0.63,1.1017,34
1580000844.309,0.69,1.0464,0.63,1.1031,34
1580000844.505,0.68,1.0539,0.62,1.1072,34
1580000844.7,0.67,1.0642,0.63,1.106,34
1580000844.864,0.73,1.0123,0.62,1.1134,34
1580000845.059,0.7,1.0354,0.6,1.1272,35
1580000845.256,0.69,1.0509,0.62,1.1224,35
1580000845.451,0.68,1.0661,0.65,1.1035,35
1580000845.644,0.71,1.0388,0.64,1.1021,35
1580000845.841,0.72,1.021,0.63,1.1069,35
1580000846.033,0.71,1.0309,0.61,1.1121,35
1580000846.229,0.69,1.0523,0.64,1.1103,35
1580000846.424,0.66,1.0719,0.63,1.1074,35
1580000846.62,0.69,1.0489,0.64,1.0916,35
1580000846.815,0.72,1.0262,0.65,1.0912,35
1580000847.015,0.7,1.0422,0.67,1.0879,35
1580000847.21,0.68,1.0577,0.67,1.0763,35
1580000847.406,0.69,1.0446,0.63,1.0971,35
1580000847.6,0.7,1.0385,0.62,1.1185,35
1580000847.762,0.72,1.0178,0.64,1.1091,35
1580000847.959,0.71,1.0263,0.64,1.1075,36
1580000848.154,0.71,1.0354,0.61,1.1187,36
1580000848.354,0.69,1.0556,0.61,1.1237,36
1580000848.548,0.7,1.0414,0.62,1.116,36
1580000848.744,0.73,1.0183,0.64,1.1097,36
1580000848.946,0.72,1.0209,0.61,1.1236,36
1580000849.141,0.68,1.0578,0.59,1.1274,36
1580000849.334,0.66,1.0798,0.61,1.1205,36
1580000849.529,0.7,1.0413,0.64,1.1021,36
1580000849.72,0.72,1.0183,0.63,1.0989,36
1580000849.915,0.72,1.0254,0.63,1.1051,36
1580000850.111,0.7,1.0525,0.63,1.0985,36
1580000850.305,0.69,1.0501,0.65,1.0895,36
1580000850.5,0.71,1.0287,0.66,1.0976,36
1580000850.66,0.74,1.0076,0.63,1.1016,36
1580000850.857,0.71,1.0313,0.64,1.0911,37
1580000851.057,0.69,1.0441,0.68,1.0754,37
1580000851.253,0.68,1.0564,0.67,1.0853,37
1580000851.447,0.71,1.0402,0.65,1.0929,37
1580000851.64,0.72,1.0177,0.63,1.0996,37
1580000851.836,0.7,1.0327,0.65,1.0964,37
1580000852.028,0.69,1.0499,0.64,1.1052,37
1580000852.224,0.68,1.061,0.62,1.1138,37
1580000852.42,0.71,1.0348,0.63,1.1031,37
1580000852.613,0.72,1.0199,0.65,1.0913,37
1580000852.807,0.71,1.0293,0.64,1.0973,37
1580000853.002,0.69,1.0502,0.64,1.0907,37
1580000853.198,0.7,1.046,0.65,1.0917,37
1580000853.394,0.72,1.0262,0.64,1.0886,37
1580000853.555,0.74,1.0014,0.64,1.0893,37
1580000853.751,0.72,1.0217,0.65,1.0858,38
1580000853.946,0.7,1.0408,0.66,1.0691,38
1580000854.144,0.68,1.0564,0.69,1.0571,38
1580000854.338,0.71,1.0309,0.68,1.0692,38
1580000854.532,0.71,1.0289,0.65,1.0764,38
1580000854.727,0.71,1.0318,0.66,1.0828,38
1580000854.921,0.69,1.0494,0.64,1.0932,38
1580000855.127,0.68,1.0676,0.65,1.1007,38
1580000855.334,0.69,1.0496,0.62,1.106,38
1580000855.539,0.69,1.0499,0.65,1.0883,38
1580000855.747,0.69,1.0524,0.67,1.0783,38
1580000855.94,0.7,1.0409,0.64,1.107,38
1580000856.14,0.66,1.0754,0.6,1.1149,38
1580000856.335,0.67,1.0667,0.68,1.0809,38
1580000856.497,0.73,1.0085,0.63,1.1013,38
1580000856.692,0.7,1.0377,0.6,1.1326,39
1580000856.887,0.68,1.0576,0.58,1.1467,39
1580000857.081,0.64,1.0954,0.59,1.1372,39
1580000857.279,0.66,1.0763,0.61,1.121,39
1580000857.473,0.7,1.0378,0.63,1.098,39
1580000857.667,0.7,1.0349,0.66,1.0831,39
1580000857.86,0.69,1.0462,0.63,1.0862,39
1580000858.055,0.67,1.0729,0.62,1.0934,39
1580000858.255,0.7,1.0431,0.65,1.0866,39
1580000858.448,0.7,1.0383,0.66,1.0798,39
1580000858.651,0.73,1.0173,0.64,1.0799,39
1580000858.846,0.71,1.0333,0.64,1.0842,39
1580000859.038,0.7,1.0335,0.64,1.0907,39
1580000859.232,0.71,1.0293,0.63,1.1008,39
1580000859.394,0.75,0.9946,0.64,1.1044,39
1580000859.591,0.73,1.0222,0.64,1.1019,40
1580000859.783,0.7,1.0398,0.63,1.104,40
1580000859.978,0.7,1.0464,0.63,1.1036,40
1580000860.17,0.71,1.0297,0.62,1.0993,40
1580000860.37,0.74,1.007,0.65,1.0921,40
1580000860.565,0.73,1.0171,0.66,1.0815,40
1580000860.756,0.71,1.0393,0.68,1.0755,40
1580000860.95,0.69,1.0546,0.66,1.0755,40
1580000861.144,0.72,1.0206,0.67,1.0738,40
1580000861.346,0.71,1.0215,0.68,1.0712,40
1580000861.541,0.73,1.0101,0.65,1.076,40
1580000861.742,0.71,1.0312,0.66,1.076,40
1580000861.934,0.7,1.0394,0.68,1.0742,40
1580000862.128,0.72,1.0196,0.67,1.0781,40
1580000862.288,0.75,0.9948,0.65,1.0872,40
1580000862.483,0.73,1.0117,0.65,1.0914,41
1580000862.677,0.72,1.0245,0.65,1.0954,41
1580000862.869,0.68,1.0618,0.66,1.099,41
1580000863.063,0.71,1.0325,0.63,1.0982,41
1580000863.259,0.73,1.0055,0.66,1.0835,41
1580000863.453,0.72,1.021,0.64,1.0867,41
1580000863.648,0.69,1.0443,0.66,1.0778,41
1580000863.842,0.68,1.0657,0.66,1.0797,41
1580000864.035,0.71,1.0245,0.66,1.0811,41
1580000864.23,0.73,1.0154,0.63,1.1014,41
1580000864.43,0.69,1.0549,0.64,1.0866,41
1580000864.623,0.71,1.0241,0.64,1.1087,41
1580000864.816,0.69,1.0521,0.63,1.1069,41
1580000865.008,0.7,1.0419,0.63,1.1012,41
1580000865.171,0.74,0.9958,0.64,1.0952,41
1580000865.368,0.68,1.06,0.66,1.0937,42
1580000865.559,0.71,1.028,0.63,1.1025,42
1580000865.754,0.69,1.0503,0.62,1.1141,42
1580000865.946,0.69,1.0503,0.61,1.1079,42
1580000866.14,0.74,1.0082,0.64,1.0979,42
1580000866.332,0.73,1.0065,0.65,1.0924,42
1580000866.533,0.7,1.0383,0.65,1.0886,42
1580000866.729,0.68,1.0674,0.64,1.0927,42
1580000866.921,0.73,1.0146,0.63,1.0884,42
1580000867.114,0.74,1.0086,0.66,1.0867,42
1580000867.309,0.73,1.0093,0.64,1.0904,42
1580000867.511,0.72,1.0251,0.64,1.0914,42
1580000867.702,0.7,1.0351,0.66,1.0805,42
1580000867.896,0.71,1.03,0.64,1.0813,42
1580000868.06,0.76,0.985,0.65,1.0909,42
1580000868.253,0.7,1.0376,0.66,1.0928,43
1580000868.449,0.69,1.0414,0.64,1.0876,43
1580000868.645,0.71,1.0371,0.66,1.0845,43
1580000868.841,0.73,1.0182,0.64,1.0927,43
1580000869.035,0.74,1.0007,0.65,1.0902,43
1580000869.23,0.73,1.008,0.66,1.0851,43
1580000869.424,0.71,1.0318,0.67,1.0815,43
1580000869.615,0.7,1.0455,0.65,1.0868,43
1580000869.808,0.74,1.0035,0.65,1.0872,43
1580000870.0,0.74,1.003,0.65,1.0863,43
1580000870.197,0.73,0.9994,0.66,1.0806,43
1580000870.392,0.72,1.016,0.66,1.0764,43
1580000870.589,0.72,1.0205,0.66,1.0772,43
1580000870.788,0.73,1.0153,0.66,1.0778,43
1580000870.949,0.76,0.9872,0.65,1.0895,43
1580000871.145,0.74,1.0044,0.63,1.1007,44
1580000871.339,0.72,1.0165,0.62,1.1075,44
1580000871.53,0.71,1.0357,0.63,1.1004,44
1580000871.724,0.73,1.0086,0.67,1.0791,44
1580000871.916,0.75,0.9929,0.67,1.077,44
1580000872.108,0.74,1.0086,0.64,1.0868,44
1580000872.301,0.72,1.0264,0.64,1.0977,44
1580000872.495,0.69,1.0477,0.64,1.0966,44
1580000872.702,0.74,1.0027,0.66,1.0872,44
1580000872.892,0.75,0.9975,0.63,1.0805,44
1580000873.088,0.73,1.0111,0.65,1.0801,44
1580000873.284,0.73,1.0094,0.66,1.0823,44
1580000873.478,0.71,1.0249,0.64,1.0881,44
1580000873.677,0.74,1.0118,0.65,1.0825,44
1580000873.839,0.77,0.9776,0.66,1.0806,44
1580000874.034,0.73,1.0098,0.63,1.0974,45
1580000874.227,0.73,1.0103,0.64,1.0964,45
1580000874.424,0.7,1.0384,0.64,1.0938,45
1580000874.615,0.74,1.0064,0.66,1.0782,45
1580000874.808,0.76,0.9896,0.66,1.0731,45
1580000874.999,0.74,1.0087,0.66,1.0807,45
1580000875.193,0.72,1.0216,0.64,1.1098,45
1580000875.384,0.69,1.057,0.63,1.12,45
1580000875.577,0.71,1.0333,0.66,1.0778,45
1580000875.769,0.75,0.9929,0.66,1.0703,45
1580000875.963,0.7,1.0316,0.63,1.0917,45
1580000876.153,0.71,1.0352,0.64,1.0885,45
1580000876.347,0.72,1.0262,0.66,1.0905,45
1580000876.54,0.72,1.0212,0.62,1.1058,45
1580000876.703,0.75,0.9916,0.64,1.1014,45
1580000876.897,0.74,1.0074,0.65,1.096,46
1580000877.092,0.72,1.0229,0.63,1.0983,46
1580000877.287,0.71,1.0376,0.63,1.1056,46
1580000877.48,0.74,1.0083,0.63,1.108,46
1580000877.674,0.73,1.0135,0.62,1.1064,46
1580000877.866,0.71,1.0244,0.62,1.1013,46
1580000878.057,0.71,1.0313,0.65,1.096,46
1580000878.26,0.69,1.0523,0.62,1.109,46
1580000878.465,0.73,1.0083,0.62,1.1217,46
1580000878.66,0.7,1.0344,0.65,1.1005,46
1580000878.856,0.74,1.0059,0.65,1.0921,46
1580000879.048,0.73,1.0105,0.63,1.0907,46
1580000879.244,0.71,1.0271,0.65,1.0839,46
1580000879.435,0.71,1.0262,0.65,1.0823,46
1580000879.597,0.75,0.9862,0.63,1.0962,46
1580000879.791,0.74,1.0022,0.65,1.101,47
1580000879.984,0.72,1.0164,0.62,1.11,47
1580000880.188,0.69,1.0518,0.62,1.109,47
1580000880.38,0.71,1.0308,0.61,1.1122,47
1580000880.572,0.74,0.9948,0.64,1.0991,47
1580000880.767,0.73,1.0045,0.65,1.0859,47
1580000880.961,0.72,1.0257,0.64,1.0879,47
1580000881.152,0.7,1.0448,0.64,1.0905,47
1580000881.345,0.73,1.0108,0.65,1.082,47
1580000881.536,0.75,0.9965,0.65,1.0904,47
1580000881.73,0.76,0.9889,0.64,1.095,47
1580000881.924,0.73,1.009,0.65,1.0932,47
1580000882.119,0.73,1.0136,0.67,1.0825,47
1580000882.31,0.75,0.9923,0.66,1.0793,47
1580000882.474,0.76,0.9811,0.66,1.0725,47
1580000882.671,0.74,1.0005,0.67,1.0685,48
1580000882.87,0.74,1.0047,0.66,1.0811,48
1580000883.061,0.72,1.0282,0.65,1.0916,48
1580000883.256,0.74,1.0039,0.63,1.0965,48
1580000883.449,0.75,0.9904,0.64,1.0893,48
1580000883.645,0.75,0.9955,0.65,1.0707,48
1580000883.842,0.73,1.0124,0.68,1.0711,48
1580000884.038,0.71,1.0341,0.66,1.0792,48
1580000884.24,0.75,1.0009,0.67,1.0777,48
1580000884.437,0.76,0.9857,0.64,1.0884,48
1580000884.633,0.76,0.9888,0.62,1.1029,48
1580000884.826,0.74,1.0069,0.64,1.1038,48
1580000885.02,0.72,1.0174,0.64,1.0866,48
1580000885.219,0.76,0.9893,0.65,1.0805,48
1580000885.38,0.77,0.9741,0.65,1.0782,48
1580000885.573,0.74,0.9995,0.65,1.0764,49
1580000885.774,0.75,0.9973,0.67,1.0773,49
1580000885.97,0.72,1.027,0.67,1.0804,49
1580000886.178,0.75,0.9932,0.67,1.0829,49
1580000886.386,0.76,0.9834,0.67,1.0793,49
1580000886.608,0.75,0.9948,0.65,1.0766,49
1580000886.808,0.74,1.0064,0.66,1.0745,49
1580000887.011,0.72,1.0276,0.65,1.0759,49
1580000887.205,0.76,0.9849,0.66,1.0765,49
1580000887.398,0.76,0.9833,0.64,1.0807,49
1580000887.591,0.75,0.9912,0.63,1.1015,49
1580000887.791,0.75,0.9994,0.62,1.1119,49
1580000887.983,0.73,1.0124,0.63,1.1082,49
1580000888.179,0.76,0.9893,0.63,1.0862,49
1580000888.34,0.78,0.9635,0.67,1.0642,49
1580000888.537,0.76,0.9883,0.7,1.0595,50
1580000888.73,0.75,0.9955,0.67,1.0716,50
1580000888.923,0.74,1.0156,0.64,1.0889,50
1580000889.115,0.76,0.9898,0.65,1.0947,50
1580000889.309,0.77,0.9764,0.64,1.0912,50
1580000889.501,0.75,1.0005,0.68,1.0743,50
1580000889.695,0.73,1.013,0.64,1.0842,50
1580000889.886,0.72,1.0236,0.63,1.1109,50
1580000890.085,0.73,1.0105,0.64,1.0859,50
1580000890.28,0.77,0.9789,0.67,1.0716,50
1580000890.472,0.74,1.0069,0.66,1.0824,50
1580000890.664,0.74,0.9993,0.62,1.1115,50
1580000890.857,0.73,1.0149,0.62,1.1097,50
1580000891.051,0.75,0.9937,0.63,1.0974,50
1580000891.214,0.78,0.9679,0.67,1.0613,50
1580000891.414,0.75,0.9932,0.69,1.0552,51
1580000891.608,0.75,0.9976,0.66,1.0716,51
1580000891.804,0.72,1.0228,0.64,1.0894,51
1580000891.996,0.75,0.9954,0.63,1.0984,51
1580000892.192,0.77,0.9788,0.65,1.1002,51
1580000892.388,0.75,0.9989,0.64,1.1,51
1580000892.58,0.71,1.0321,0.65,1.0888,51
1580000892.774,0.7,1.0396,0.62,1.1092,51
1580000892.965,0.75,0.9944,0.59,1.137,51
1580000893.167,0.7,1.0368,0.64,1.0931,51
1580000893.362,0.74,0.9986,0.66,1.0781,51
1580000893.557,0.73,1.009,0.62,1.0884,51
1580000893.752,0.69,1.044,0.66,1.0816,51
1580000893.944,0.75,0.993,0.63,1.1055,51
1580000894.106,0.77,0.9709,0.62,1.1121,51
1580000894.305,0.71,1.0223,0.64,1.0888,52
1580000894.502,0.72,1.0187,0.68,1.0676,52
1580000894.694,0.72,1.0222,0.65,1.0768,52
1580000894.893,0.71,1.0301,0.68,1.0633,52
1580000895.087,0.77,0.9737,0.64,1.0815,52
1580000895.281,0.74,1.002,0.65,1.0812,52
1580000895.474,0.72,1.0209,0.66,1.0713,52
1580000895.665,0.72,1.0228,0.67,1.0763,52
1580000895.86,0.74,1.0035,0.66,1.0783,52
1580000896.052,0.77,0.9814,0.66,1.0854,52
1580000896.254,0.76,0.9797,0.64,1.0864,52
1580000896.449,0.73,1.0132,0.64,1.095,52
1580000896.64,0.73,1.0084,0.65,1.091,52
1580000896.836,0.76,0.9898,0.66,1.0893,52
1580000896.998,0.78,0.9633,0.63,1.0959,52
1580000897.196,0.76,0.9823,0.65,1.0885,53
1580000897.389,0.74,0.9963,0.65,1.0753,53
1580000897.584,0.74,1.007,0.67,1.0646,53
1580000897.777,0.75,0.995,0.66,1.0746,53
1580000897.973,0.78,0.9683,0.66,1.0813,53
1580000898.167,0.76,0.9869,0.66,1.0842,53
1580000898.374,0.73,1.0135,0.65,1.0861,53
1580000898.568,0.72,1.0226,0.66,1.0767,53
1580000898.768,0.76,0.9877,0.67,1.0705,53
1580000898.963,0.77,0.9785,0.67,1.0802,53
1580000899.159,0.76,0.9828,0.64,1.081,53
1580000899.36,0.74,1.0003,0.65,1.0831,53
1580000899.554,0.74,1.0037,0.63,1.0936,53
1580000899.749,0.77,0.977,0.63,1.0972,53
1580000899.912,0.79,0.9595,0.64,1.0964,53
1580000900.107,0.76,0.9853,0.64,1.0897,54
1580000900.302,0.75,0.9871,0.67,1.0726,54
1580000900.505,0.74,1.0089,0.67,1.0704,54
1580000900.702,0.75,0.9904,0.66,1.0764,54
1580000900.895,0.78,0.9656,0.66,1.0795,54
1580000901.091,0.76,0.9864,0.67,1.0693,54
1580000901.285,0.74,1.0019,0.67,1.0682,54
1580000901.479,0.72,1.0223,0.67,1.0701,54
1580000901.674,0.77,0.98,0.67,1.0751,54
1580000901.868,0.77,0.9747,0.65,1.079,54
1580000902.063,0.78,0.9665,0.66,1.0838,54
1580000902.256,0.75,0.9948,0.65,1.0833,54
1580000902.456,0.75,1.0008,0.63,1.0906,54
1580000902.652,0.75,0.9915,0.63,1.1062,54
1580000902.814,0.79,0.9618,0.63,1.1108,54
1580000903.009,0.75,0.9935,0.63,1.105,55
1580000903.202,0.76,0.9871,0.65,1.0872,55
1580000903.399,0.74,1.0052,0.66,1.0788,55
1580000903.592,0.75,0.9949,0.64,1.0864,55
1580000903.787,0.77,0.9767,0.66,1.0859,55
1580000903.986,0.75,0.9871,0.67,1.0755,55
1580000904.179,0.74,1.0032,0.66,1.0754,55
1580000904.376,0.71,1.0277,0.67,1.0714,55
1580000904.57,0.74,1.0017,0.67,1.0647,55
1580000904.763,0.78,0.968,0.64,1.0834,55
1580000904.96,0.76,0.9822,0.65,1.0848,55
1580000905.153,0.74,1.0031,0.67,1.0695,55
1580000905.348,0.74,0.999,0.65,1.0882,55
1580000905.546,0.73,1.0162,0.64,1.1014,55
1580000905.709,0.77,0.9716,0.63,1.1098,55
1580000905.912,0.74,0.9986,0.63,1.1151,56
1580000906.106,0.72,1.0179,0.63,1.1078,56
1580000906.3,0.73,1.0151,0.61,1.1059,56
1580000906.498,0.75,1.0016,0.64,1.0872,56
1580000906.692,0.76,0.9823,0.66,1.0771,56
1580000906.899,0.76,0.984,0.65,1.0858,56
1580000907.094,0.73,1.0109,0.65,1.0875,56
1580000907.291,0.71,1.028,0.66,1.0794,56
1580000907.486,0.75,0.9951,0.68,1.067,56
1580000907.679,0.74,0.9985,0.67,1.0656,56
1580000907.877,0.76,0.9838,0.65,1.0798,56
1580000908.069,0.75,0.9937,0.65,1.0872,56
1580000908.266,0.72,1.0167,0.68,1.0695,56
1580000908.467,0.75,0.9942,0.66,1.0853,56
1580000908.626,0.77,0.9686,0.64,1.0966,56
1580000908.82,0.74,0.996,0.64,1.1021,57
1580000909.015,0.74,0.9989,0.63,1.1088,57
1580000909.213,0.7,1.0402,0.62,1.1082,57
1580000909.405,0.75,0.9924,0.66,1.0846,57
1580000909.604,0.76,0.9809,0.65,1.0788,57
1580000909.798,0.74,0.9977,0.66,1.0783,57
1580000909.992,0.73,1.0101,0.63,1.102,57
1580000910.188,0.74,1.0102,0.64,1.1014,57
1580000910.38,0.73,1.0057,0.63,1.0962,57
1580000910.574,0.75,0.9964,0.65,1.0772,57
1580000910.766,0.77,0.9795,0.68,1.0656,57
1580000910.96,0.73,1.0035,0.68,1.0692,57
1580000911.153,0.73,1.0118,0.65,1.0772,57
1580000911.347,0.75,0.9976,0.65,1.0749,57
1580000911.509,0.77,0.9747,0.66,1.086,57
1580000911.708,0.77,0.9735,0.63,1.1047,58
1580000911.9,0.76,0.9868,0.63,1.1091,58
1580000912.094,0.71,1.0269,0.63,1.1067,58
1580000912.286,0.75,0.9896,0.62,1.1053,58
1580000912.481,0.78,0.9662,0.64,1.082,58
1580000912.681,0.75,0.9939,0.66,1.0765,58
1580000912.873,0.72,1.0194,0.65,1.0806,58
1580000913.067,0.72,1.0223,0.65,1.0884,58
1580000913.26,0.76,0.9835,0.65,1.0891,58
1580000913.453,0.77,0.9774,0.66,1.0855,58
1580000913.647,0.78,0.9696,0.65,1.0855,58
1580000913.839,0.76,0.9841,0.65,1.0817,58
1580000914.038,0.75,0.9994,0.66,1.0852,58
1580000914.233,0.77,0.9791,0.65,1.0849,58
1580000914.397,0.78,0.9662,0.66,1.08,58
1580000914.592,0.75,0.9877,0.64,1.0939,59
1580000914.791,0.75,0.9893,0.62,1.1153,59
1580000914.986,0.73,1.0187,0.62,1.1208,59
1580000915.194,0.74,1.0065,0.62,1.114,59
1580000915.4,0.77,0.9713,0.64,1.1066,59
1580000915.609,0.77,0.9757,0.67,1.0791,59
1580000915.823,0.74,1.0043,0.67,1.0692,59
1580000916.028,0.73,1.0151,0.68,1.066,59
1580000916.225,0.77,0.9754,0.66,1.0767,59
1580000916.418,0.79,0.9616,0.66,1.0849,59
1580000916.612,0.78,0.9662,0.64,1.0905,59
1580000916.817,0.76,0.983,0.65,1.0847,59
1580000917.019,0.75,0.9897,0.67,1.0777,59
1580000917.217,0.78,0.9701,0.66,1.0839,59
1580000917.383,0.79,0.9534,0.65,1.0907,59
1580000917.583,0.77,0.9729,0.67,1.0843,60
1580000917.775,0.75,0.9913,0.63,1.1012,60
1580000917.969,0.73,1.0107,0.65,1.0915,60
1580000918.172,0.75,0.9944,0.64,1.1014,60
1580000918.367,0.77,0.9718,0.65,1.1007,60
1580000918.564,0.76,0.9804,0.65,1.1001,60
1580000918.762,0.74,0.9986,0.65,1.0881,60
1580000918.959,0.73,1.0095,0.67,1.068,60
1580000919.153,0.77,0.9728,0.67,1.0706,60
1580000919.353,0.79,0.961,0.68,1.0659,60
1580000919.549,0.78,0.9657,0.65,1.0777,60
1580000919.743,0.77,0.9723,0.63,1.0973,60
1580000919.937,0.76,0.9863,0.65,1.0896,60
1580000920.135,0.78,0.9678,0.66,1.0822,60
1580000920.296,0.8,0.9465,0.66,1.0835,60
1580000920.49,0.76,0.9804,0.65,1.0852,61
1580000920.684,0.76,0.9799,0.67,1.0749,61
1580000920.885,0.73,1.0134,0.67,1.0733,61
1580000921.078,0.77,0.976,0.67,1.0789,61
1580000921.274,0.78,0.9622,0.66,1.0911,61
1580000921.471,0.75,0.9931,0.64,1.099,61
1580000921.673,0.74,1.0045,0.64,1.0941,61
1580000921.868,0.73,1.0118,0.63,1.0986,61
1580000922.064,0.76,0.9883,0.66,1.0843,61
1580000922.26,0.77,0.9779,0.65,1.0822,61
1580000922.455,0.74,0.9947,0.65,1.0813,61
1580000922.65,0.73,1.0072,0.67,1.0834,61
1580000922.846,0.75,0.9919,0.63,1.1094,61
1580000923.042,0.76,0.9828,0.62,1.1181,61
1580000923.205,0.76,0.9783,0.64,1.1013,61
1580000923.406,0.76,0.9825,0.64,1.0982,62
1580000923.608,0.77,0.978,0.65,1.084,62
1580000923.804,0.73,1.007,0.65,1.0796,62
1580000924.007,0.76,0.9815,0.65,1.089,62
1580000924.203,0.78,0.9626,0.65,1.0977,62
1580000924.399,0.77,0.9723,0.63,1.1001,62
1580000924.594,0.76,0.988,0.64,1.1035,62
1580000924.792,0.73,1.018,0.62,1.111,62
1580000924.993,0.75,0.9849,0.63,1.0878,62
1580000925.188,0.77,0.969,0.68,1.07,62
1580000925.387,0.76,0.9791,0.67,1.0675,62
1580000925.585,0.77,0.9856,0.67,1.0644,62
1580000925.779,0.75,0.9957,0.67,1.062,62
1580000925.973,0.75,0.9907,0.65,1.0815,62
1580000926.138,0.8,0.9416,0.63,1.1079,62
1580000926.337,0.75,0.9913,0.64,1.1054,63
1580000926.53,0.71,1.026,0.63,1.1066,63
1580000926.724,0.71,1.0311,0.65,1.1019,63
1580000926.921,0.76,0.9889,0.62,1.1072,63
1580000927.114,0.76,0.9789,0.64,1.0995,63
1580000927.309,0.74,0.9977,0.64,1.1002,63
1580000927.505,0.75,0.9912,0.62,1.114,63
1580000927.697,0.73,1.0138,0.63,1.1102,63
1580000927.891,0.76,0.9841,0.64,1.1035,63
1580000928.089,0.75,0.9872,0.63,1.0891,63
1580000928.29,0.77,0.9748,0.68,1.0656,63
1580000928.484,0.78,0.971,0.69,1.0562,63
1580000928.688,0.74,0.996,0.67,1.0633,63
1580000928.882,0.73,1.012,0.69,1.0468,63
1580000929.048,0.77,0.9709,0.69,1.048,63
1580000929.251,0.77,0.9734,0.65,1.0853,64
1580000929.448,0.77,0.9762,0.65,1.096,64
1580000929.641,0.71,1.0313,0.63,1.1042,64
1580000929.836,0.74,0.997,0.64,1.1063,64
1580000930.029,0.77,0.9742,0.64,1.0931,64
1580000930.225,0.77,0.9773,0.66,1.0801,64
1580000930.423,0.72,1.0175,0.64,1.0803,64
1580000930.616,0.73,1.0171,0.65,1.075,64
1580000930.814,0.75,0.9882,0.67,1.0742,64
1580000931.006,0.77,0.9724,0.66,1.0817,64
1580000931.205,0.78,0.9619,0.65,1.0904,64
1580000931.401,0.75,0.9906,0.65,1.0848,64
1580000931.594,0.74,1.0069,0.67,1.0738,64
1580000931.788,0.78,0.9719,0.68,1.0806,64
1580000931.951,0.78,0.963,0.66,1.0907,64
1580000932.145,0.75,0.9933,0.65,1.0766,65
1580000932.336,0.76,0.9842,0.65,1.0805,65
1580000932.536,0.73,1.0074,0.64,1.0995,65
1580000932.734,0.76,0.9802,0.62,1.1115,65
1580000932.927,0.78,0.9628,0.62,1.1181,65
1580000933.125,0.75,0.9937,0.63,1.1092,65
1580000933.316,0.75,0.9994,0.64,1.0961,65
1580000933.509,0.74,1.0047,0.66,1.0745,65
1580000933.7,0.78,0.9719,0.68,1.0681,65
1580000933.894,0.77,0.9746,0.68,1.0635,65
1580000934.087,0.78,0.9596,0.67,1.0664,65
1580000934.287,0.76,0.9767,0.66,1.0696,65
1580000934.481,0.76,0.9879,0.66,1.0729,65
1580000934.674,0.77,0.9704,0.63,1.0911,65
1580000934.836,0.79,0.9583,0.66,1.0812,65
1580000935.03,0.77,0.9717,0.65,1.0764,66
1580000935.225,0.78,0.9662,0.65,1.0814,66
1580000935.419,0.75,0.9966,0.64,1.0944,66
1580000935.614,0.78,0.9702,0.64,1.1015,66
1580000935.806,0.79,0.9522,0.63,1.107,66
1580000935.999,0.78,0.969,0.61,1.1193,66
1580000936.193,0.75,0.9939,0.63,1.1117,66
1580000936.387,0.72,1.0198,0.65,1.0931,66
1580000936.579,0.78,0.9667,0.68,1.0685,66
1580000936.774,0.76,0.9811,0.7,1.0456,66
1580000936.968,0.77,0.9721,0.69,1.0526,66
1580000937.172,0.77,0.9749,0.68,1.05,66
1580000937.386,0.76,0.9887,0.68,1.0549,66
1580000937.581,0.77,0.9777,0.67,1.0715,66
1580000937.741,0.8,0.9472,0.66,1.0774,66
1580000937.937,0.77,0.977,0.66,1.0837,67
1580000938.132,0.74,0.9955,0.65,1.0792,67
1580000938.345,0.73,1.0163,0.67,1.0779,67
1580000938.545,0.77,0.9762,0.64,1.0906,67
1580000938.738,0.78,0.963,0.64,1.0997,67
1580000938.931,0.77,0.9732,0.63,1.1171,67
1580000939.124,0.76,0.982,0.6,1.1362,67
1580000939.319,0.73,1.0083,0.62,1.1198,67
1580000939.512,0.76,0.979,0.65,1.0942,67
1580000939.708,0.77,0.966,0.69,1.0532,67
1580000939.902,0.77,0.9731,0.71,1.0395,67
1580000940.105,0.74,1.0053,0.68,1.0455,67
1580000940.31,0.73,1.0075,0.7,1.0451,67
1580000940.503,0.74,0.998,0.65,1.0693,67
1580000940.667,0.79,0.9518,0.64,1.0894,67
1580000940.863,0.77,0.9803,0.61,1.1275,68
1580000941.054,0.71,1.0271,0.63,1.1157,68
1580000941.248,0.68,1.0669,0.68,1.0697,68
1580000941.449,0.72,1.0136,0.63,1.0912,68
1580000941.641,0.75,0.9963,0.65,1.0896,68
1580000941.835,0.72,1.0137,0.67,1.07,68
1580000942.028,0.71,1.0298,0.63,1.1032,68
1580000942.223,0.7,1.0323,0.61,1.1197,68
1580000942.419,0.74,1.0047,0.63,1.1013,68
1580000942.611,0.76,0.9804,0.66,1.089,68
1580000942.806,0.77,0.9768,0.65,1.0934,68
1580000942.996,0.73,1.0108,0.65,1.0874,68
1580000943.192,0.72,1.0155,0.65,1.0894,68
1580000943.387,0.76,0.9862,0.66,1.09,68
1580000943.55,0.75,0.9843,0.64,1.1017,68
1580000943.743,0.72,1.0173,0.64,1.0997,69
1580000943.939,0.73,1.0117,0.65,1.0988,69
1580000944.132,0.71,1.027,0.65,1.095,69
1580000944.327,0.75,0.9912,0.64,1.0976,69
1580000944.528,0.77,0.9704,0.63,1.1071,69
1580000944.72,0.73,1.0106,0.63,1.1076,69
1580000944.915,0.68,1.0597,0.68,1.0687,69
1580000945.107,0.72,1.0188,0.65,1.0869,69
1580000945.3,0.77,0.98,0.63,1.1121,69
1580000945.494,0.72,1.0136,0.62,1.1118,69
1580000945.691,0.74,1.005,0.68,1.0687,69
1580000945.887,0.72,1.0116,0.67,1.0692,69
1580000946.086,0.76,0.9873,0.63,1.1021,69
1580000946.296,0.72,1.0262,0.64,1.1021,69
1580000946.476,0.73,1.0116,0.66,1.0901,69
1580000946.693,0.73,1.0151,0.63,1.1033,70
1580000946.884,0.76,0.9859,0.63,1.1022,70
1580000947.078,0.69,1.0475,0.64,1.1079,70
1580000947.278,0.71,1.0261,0.64,1.096,70
1580000947.471,0.73,1.0045,0.65,1.0949,70
1580000947.669,0.77,0.9773,0.66,1.0845,70
1580000947.866,0.74,1.0002,0.64,1.1052,70
1580000948.063,0.69,1.0462,0.64,1.0938,70
1580000948.259,0.73,1.0153,0.65,1.075,70
1580000948.454,0.77,0.9746,0.67,1.0648,70
1580000948.669,0.78,0.9652,0.65,1.0954,70
1580000948.866,0.72,1.0242,0.66,1.0896,70
1580000949.059,0.71,1.0249,0.66,1.0763,70
1580000949.256,0.76,0.979,0.65,1.0815,70
1580000949.422,0.8,0.947,0.64,1.0941,70
1580000949.623,0.73,1.0078,0.64,1.0982,71
1580000949.819,0.73,1.0124,0.65,1.0969,71
1580000950.011,0.73,1.0112,0.64,1.1008,71
1580000950.208,0.78,0.9666,0.64,1.101,71
1580000950.407,0.78,0.9631,0.63,1.1046,71
1580000950.604,0.75,0.9908,0.63,1.1016,71
1580000950.8,0.72,1.0186,0.64,1.1011,71
1580000950.996,0.74,1.0018,0.65,1.094,71
1580000951.195,0.76,0.9865,0.63,1.103,71
1580000951.393,0.76,0.9821,0.64,1.0959,71
1580000951.591,0.76,0.9836,0.64,1.0951,71
1580000951.785,0.78,0.9622,0.64,1.0881,71
1580000951.978,0.75,0.9871,0.67,1.0742,71
1580000952.17,0.76,0.987,0.67,1.0664,71
1580000952.334,0.77,0.9707,0.65,1.0831,71
1580000952.529,0.77,0.9734,0.65,1.0913,72
1580000952.721,0.77,0.9797,0.65,1.0912,72
1580000952.914,0.73,1.0155,0.65,1.0948,72
1580000953.105,0.76,0.9801,0.63,1.1055,72
1580000953.301,0.78,0.9599,0.63,1.1006,72
1580000953.492,0.77,0.9691,0.64,1.0922,72
1580000953.687,0.74,0.9964,0.66,1.0708,72
1580000953.879,0.74,1.0007,0.66,1.0807,72
1580000954.073,0.77,0.9736,0.65,1.0925,72
1580000954.265,0.77,0.9722,0.65,1.0834,72
1580000954.459,0.79,0.9569,0.65,1.0883,72
1580000954.652,0.78,0.9657,0.64,1.0852,72
1580000954.85,0.75,0.9876,0.66,1.0803,72
1580000955.044,0.77,0.9715,0.66,1.0737,72
1580000955.207,0.8,0.9493,0.66,1.0692,72
1580000955.407,0.78,0.9671,0.68,1.0679,73
1580000955.601,0.78,0.97,0.64,1.0872,73
1580000955.797,0.74,1.0012,0.63,1.0978,73
1580000955.991,0.78,0.9672,0.63,1.1019,73
1580000956.183,0.79,0.9524,0.61,1.1138,73
1580000956.377,0.77,0.9713,0.63,1.1062,73
1580000956.569,0.74,0.9995,0.62,1.0988,73
1580000956.765,0.74,0.9977,0.65,1.0774,73
1580000956.956,0.79,0.9552,0.66,1.0867,73
1580000957.151,0.79,0.9556,0.66,1.0909,73
1580000957.341,0.78,0.9642,0.67,1.0713,73
1580000957.542,0.78,0.9643,0.66,1.0833,73
1580000957.739,0.77,0.9728,0.64,1.0838,73
1580000957.932,0.77,0.9673,0.64,1.0892,73
1580000958.095,0.8,0.9475,0.63,1.0956,73
1580000958.291,0.78,0.9641,0.63,1.102,74
1580000958.487,0.78,0.9638,0.64,1.1048,74
1580000958.69,0.76,0.9913,0.63,1.1055,74
1580000958.882,0.76,0.9805,0.66,1.0906,74
1580000959.076,0.78,0.9567,0.62,1.0991,74
1580000959.269,0.79,0.9558,0.65,1.0942,74
1580000959.462,0.76,0.9824,0.64,1.1019,74
1580000959.655,0.73,1.0122,0.62,1.1094,74
1580000959.852,0.75,0.9882,0.64,1.101,74
1580000960.045,0.78,0.9624,0.65,1.0884,74
1580000960.24,0.79,0.9518,0.62,1.1064,74
1580000960.435,0.73,1.0133,0.65,1.081,74
1580000960.627,0.73,1.0119,0.66,1.0785,74
1580000960.823,0.75,0.9869,0.66,1.0833,74
1580000960.99,0.8,0.9423,0.63,1.1065,74
1580000961.187,0.76,0.9887,0.62,1.1128,75
1580000961.385,0.76,0.9875,0.65,1.0944,75
1580000961.578,0.72,1.0233,0.65,1.1009,75
1580000961.774,0.74,1.0005,0.65,1.1043,75
1580000961.968,0.74,0.9977,0.64,1.097,75
1580000962.16,0.77,0.9727,0.65,1.0846,75
1580000962.351,0.75,0.989,0.65,1.0897,75
1580000962.544,0.73,1.0202,0.65,1.0914,75
1580000962.734,0.75,1.0024,0.62,1.0943,75
1580000962.93,0.78,0.9671,0.66,1.0778,75
1580000963.123,0.79,0.9567,0.65,1.0929,75
1580000963.318,0.75,0.9912,0.66,1.0881,75
1580000963.511,0.75,0.9943,0.66,1.0781,75
1580000963.702,0.78,0.9633,0.66,1.0779,75
1580000963.868,0.81,0.9334,0.66,1.0909,75
1580000964.074,0.77,0.9758,0.66,1.0857,76
1580000964.269,0.77,0.9711,0.65,1.0888,76
1580000964.463,0.74,1.0011,0.63,1.0955,76
1580000964.655,0.78,0.9658,0.65,1.0892,76
1580000964.849,0.78,0.9635,0.65,1.0932,76
1580000965.042,0.78,0.9698,0.65,1.1,76
1580000965.239,0.77,0.9817,0.65,1.0987,76
1580000965.431,0.76,0.9852,0.65,1.0879,76
1580000965.625,0.78,0.967,0.65,1.0853,76
1580000965.818,0.79,0.9575,0.63,1.0922,76
1580000966.014,0.79,0.9535,0.65,1.0866,76
1580000966.207,0.78,0.9667,0.63,1.1052,76
1580000966.4,0.75,0.9924,0.66,1.0833,76
1580000966.597,0.78,0.9654,0.67,1.0723,76
1580000966.757,0.81,0.9347,0.65,1.0834,76
1580000966.952,0.78,0.9619,0.64,1.0892,77
1580000967.155,0.77,0.9788,0.68,1.0728,77
1580000967.351,0.74,1.0074,0.65,1.0835,77
1580000967.553,0.78,0.9679,0.66,1.082,77
1580000967.751,0.8,0.9441,0.66,1.0823,77
1580000967.946,0.76,0.9851,0.65,1.0848,77
1580000968.144,0.72,1.0155,0.64,1.0914,77
1580000968.338,0.74,0.9983,0.68,1.0724,77
1580000968.534,0.78,0.9656,0.67,1.0734,77
1580000968.728,0.76,0.9794,0.66,1.0785,77
1580000968.923,0.74,0.9981,0.66,1.0866,77
1580000969.119,0.78,0.9649,0.63,1.1025,77
1580000969.314,0.77,0.9699,0.62,1.1176,77
1580000969.506,0.75,0.9891,0.63,1.1163,77
1580000969.666,0.76,0.9808,0.63,1.1096,77
1580000969.863,0.76,0.9801,0.64,1.0988,78
1580000970.056,0.78,0.9628,0.65,1.096,78
1580000970.256,0.74,0.9999,0.64,1.0993,78
1580000970.45,0.75,0.9967,0.65,1.0945,78
1580000970.644,0.77,0.9725,0.65,1.0925,78
1580000970.838,0.78,0.9602,0.65,1.0923,78
1580000971.032,0.77,0.9784,0.66,1.0924,78
1580000971.227,0.73,1.009,0.65,1.0884,78
1580000971.422,0.77,0.9717,0.67,1.0845,78
1580000971.616,0.78,0.9558,0.65,1.0829,78
1580000971.81,0.8,0.9482,0.65,1.0811,78
1580000972.001,0.79,0.96,0.65,1.0795,78
1580000972.194,0.78,0.9677,0.67,1.0705,78
1580000972.389,0.8,0.9497,0.67,1.0696,78
1580000972.551,0.81,0.9339,0.66,1.0705,78
1580000972.743,0.79,0.9576,0.66,1.0756,79
1580000972.938,0.78,0.9627,0.65,1.0837,79
1580000973.13,0.76,0.9923,0.65,1.0877,79
1580000973.329,0.79,0.9554,0.65,1.09,79
1580000973.52,0.8,0.9435,0.66,1.0879,79
1580000973.717,0.78,0.9644,0.63,1.0989,79
1580000973.911,0.77,0.9765,0.64,1.0955,79
1580000974.104,0.76,0.9833,0.65,1.091,79
1580000974.303,0.79,0.9565,0.63,1.1083,79
1580000974.498,0.8,0.9453,0.64,1.1072,79
1580000974.689,0.8,0.9434,0.63,1.1014,79
1580000974.881,0.78,0.9626,0.65,1.0787,79
1580000975.087,0.78,0.9662,0.65,1.0778,79
1580000975.293,0.78,0.9622,0.67,1.0751,79
1580000975.463,0.81,0.9372,0.65,1.0819,79
1580000975.678,0.8,0.9507,0.65,1.0878,80
1580000975.868,0.79,0.9533,0.65,1.0921,80
1580000976.063,0.75,0.9945,0.65,1.0933,80
1580000976.257,0.79,0.9553,0.67,1.0816,80
1580000976.451,0.8,0.9416,0.66,1.0774,80
1580000976.647,0.8,0.9438,0.66,1.0832,80
1580000976.84,0.78,0.9696,0.65,1.0917,80
1580000977.037,0.76,0.9896,0.64,1.0931,80
1580000977.229,0.79,0.9535,0.64,1.0862,80
1580000977.429,0.81,0.9346,0.65,1.0821,80
1580000977.625,0.8,0.9478,0.64,1.0863,80
1580000977.82,0.78,0.9679,0.67,1.0678,80
1580000978.023,0.78,0.9618,0.66,1.074,80
1580000978.218,0.79,0.9521,0.65,1.0884,80
1580000978.381,0.81,0.9384,0.65,1.0936,80
1580000978.576,0.77,0.9741,0.64,1.0926,81
1580000978.768,0.79,0.9539,0.68,1.0766,81
1580000978.963,0.76,0.9861,0.65,1.0894,81
1580000979.157,0.78,0.9618,0.65,1.0939,81
1580000979.35,0.78,0.9694,0.68,1.0717,81
1580000979.544,0.8,0.9511,0.68,1.0725,81
1580000979.739,0.78,0.9617,0.64,1.0906,81
1580000979.933,0.75,0.9943,0.65,1.0883,81
1580000980.129,0.78,0.9669,0.66,1.0802,81
1580000980.321,0.8,0.9504,0.67,1.0703,81
1580000980.522,0.81,0.935,0.68,1.073,81
1580000980.715,0.79,0.9573,0.64,1.0921,81
1580000980.909,0.76,0.9827,0.65,1.0766,81
1580000981.107,0.8,0.949,0.68,1.0638,81
1580000981.269,0.82,0.9229,0.64,1.0839,81
1580000981.462,0.79,0.9524,0.63,1.0989,82
1580000981.664,0.78,0.9611,0.63,1.1033,82
1580000981.86,0.75,0.9936,0.63,1.0971,82
1580000982.053,0.8,0.948,0.65,1.0906,82
1580000982.249,0.81,0.9364,0.63,1.1025,82
1580000982.447,0.79,0.959,0.65,1.096,82
1580000982.638,0.76,0.9846,0.63,1.0906,82
1580000982.833,0.76,0.9835,0.64,1.0939,82
1580000983.026,0.8,0.9452,0.65,1.0873,82
1580000983.224,0.78,0.9593,0.66,1.0834,82
1580000983.419,0.78,0.9584,0.65,1.0844,82
1580000983.615,0.79,0.9522,0.64,1.0899,82
1580000983.808,0.79,0.9543,0.64,1.0951,82
1580000984.002,0.77,0.9704,0.66,1.0852,82
1580000984.164,0.8,0.9407,0.65,1.0794,82
1580000984.358,0.79,0.9514,0.66,1.0877,83
1580000984.554,0.8,0.951,0.64,1.1026,83
1580000984.745,0.75,0.9965,0.63,1.108,83
1580000984.939,0.77,0.9728,0.64,1.1013,83
1580000985.136,0.8,0.941,0.64,1.0896,83
1580000985.331,0.8,0.9455,0.66,1.0797,83
1580000985.526,0.78,0.966,0.66,1.0865,83
1580000985.719,0.75,0.9932,0.65,1.085,83
1580000985.914,0.79,0.9529,0.66,1.0755,83
1580000986.109,0.81,0.9309,0.67,1.0725,83
1580000986.302,0.82,0.9303,0.67,1.0617,83
1580000986.497,0.79,0.9531,0.67,1.0637,83
1580000986.691,0.77,0.967,0.65,1.0762,83
1580000986.889,0.79,0.9503,0.66,1.073,83
1580000987.053,0.81,0.9306,0.67,1.0632,83
1580000987.249,0.81,0.9412,0.67,1.0739,84
1580000987.447,0.79,0.9534,0.65,1.0861,84
1580000987.64,0.76,0.9851,0.65,1.0905,84
1580000987.834,0.79,0.9502,0.64,1.0901,84
1580000988.032,0.81,0.9351,0.65,1.0848,84
1580000988.225,0.79,0.9515,0.65,1.0826,84
1580000988.425,0.78,0.9671,0.66,1.0762,84
1580000988.623,0.77,0.9761,0.66,1.0719,84
1580000988.817,0.8,0.9418,0.66,1.0757,84
1580000989.013,0.81,0.9315,0.67,1.0768,84
1580000989.212,0.82,0.9278,0.67,1.073,84
1580000989.405,0.8,0.9417,0.65,1.0765,84
1580000989.599,0.8,0.9446,0.65,1.0847,84
1580000989.793,0.81,0.9339,0.65,1.0826,84
1580000989.957,0.82,0.9237,0.67,1.073,84
1580000990.155,0.8,0.942,0.67,1.0768,85
1580000990.35,0.8,0.947,0.64,1.0938,85
1580000990.547,0.76,0.9849,0.64,1.0932,85
1580000990.756,0.79,0.9522,0.66,1.0858,85
1580000990.951,0.8,0.94,0.66,1.0741,85
1580000991.144,0.8,0.9412,0.67,1.0709,85
1580000991.342,0.78,0.9675,0.67,1.0662,85
1580000991.537,0.78,0.9709,0.67,1.0687,85
1580000991.733,0.8,0.9438,0.67,1.073,85
1580000991.927,0.82,0.9287,0.66,1.0763,85
1580000992.118,0.82,0.9279,0.67,1.0787,85
1580000992.312,0.81,0.9411,0.62,1.0972,85
1580000992.504,0.8,0.9436,0.64,1.0962,85
1580000992.709,0.81,0.9397,0.65,1.0879,85
1580000992.872,0.83,0.9162,0.66,1.081,85
1580000993.066,0.81,0.9369,0.65,1.0848,86
1580000993.262,0.8,0.9449,0.64,1.0935,86
1580000993.457,0.77,0.9731,0.63,1.1021,86
1580000993.649,0.81,0.9403,0.64,1.0989,86
1580000993.851,0.81,0.9334,0.65,1.0943,86
1580000994.045,0.81,0.9433,0.66,1.0828,86
1580000994.238,0.79,0.9588,0.68,1.0728,86
1580000994.431,0.78,0.965,0.66,1.0727,86
1580000994.623,0.8,0.9448,0.66,1.0787,86
1580000994.821,0.8,0.9407,0.66,1.0766,86
1580000995.014,0.82,0.9242,0.67,1.073,86
1580000995.209,0.81,0.9355,0.66,1.0824,86
1580000995.404,0.8,0.9423,0.64,1.0957,86
1580000995.597,0.81,0.9369,0.64,1.097,86
1580000995.761,0.83,0.9149,0.66,1.0907,86
1580000995.958,0.81,0.9376,0.65,1.0898,87
1580000996.152,0.8,0.9432,0.65,1.0934,87
1580000996.346,0.76,0.9817,0.65,1.0946,87
1580000996.54,0.8,0.9445,0.64,1.0968,87
1580000996.733,0.82,0.9274,0.67,1.0838,87
1580000996.934,0.8,0.9452,0.66,1.0837,87
1580000997.132,0.77,0.9701,0.66,1.0781,87
1580000997.324,0.78,0.9703,0.68,1.0703,87
1580000997.518,0.81,0.939,0.66,1.0754,87
1580000997.712,0.8,0.9412,0.67,1.0741,87
1580000997.906,0.81,0.9386,0.67,1.0707,87
1580000998.101,0.81,0.9357,0.67,1.078,87
1580000998.329,0.81,0.9395,0.64,1.0964,87
1580000998.53,0.81,0.9363,0.64,1.0999,87
1580000998.693,0.82,0.923,0.64,1.098,87
1580000998.888,0.8,0.9409,0.65,1.0919,88
1580000999.082,0.81,0.9377,0.65,1.0939,88
1580000999.278,0.77,0.9727,0.65,1.0925,88
1580000999.47,0.79,0.9556,0.64,1.1027,88
1580000999.665,0.81,0.9371,0.64,1.1053,88
1580000999.859,0.79,0.9494,0.65,1.0879,88
1580001000.067,0.79,0.9562,0.69,1.0699,88
1580001000.273,0.77,0.9822,0.68,1.0645,88
1580001000.465,0.8,0.9466,0.66,1.0666,88
1580001000.659,0.81,0.9312,0.67,1.0731,88
1580001000.856,0.81,0.929,0.66,1.0813,88
1580001001.056,0.78,0.9587,0.67,1.07,88
1580001001.251,0.78,0.9664,0.68,1.0723,88
1580001001.447,0.8,0.9432,0.64,1.0877,88
1580001001.608,0.82,0.9272,0.64,1.0936,88
1580001001.802,0.78,0.9623,0.65,1.0955,89
1580001001.998,0.77,0.97,0.63,1.1063,89
1580001002.195,0.75,0.9878,0.65,1.0981,89
1580001002.389,0.8,0.9455,0.63,1.1071,89
1580001002.584,0.8,0.9469,0.64,1.1036,89
1580001002.776,0.77,0.9771,0.64,1.105,89
1580001003.067,0.77,0.9699,0.64,1.0994,89
1580001003.262,0.77,0.9731,0.65,1.084,89
1580001003.457,0.78,0.9656,0.67,1.0737,89
1580001003.649,0.78,0.961,0.67,1.0674,89
1580001003.843,0.79,0.9484,0.68,1.0602,89
1580001004.036,0.79,0.9471,0.67,1.073,89
1580001004.234,0.78,0.9616,0.66,1.078,89
1580001004.431,0.78,0.965,0.67,1.0718,89
1580001004.594,0.8,0.9411,0.66,1.0794,89
1580001004.789,0.8,0.9433,0.66,1.0888,90
1580001004.98,0.79,0.9542,0.66,1.0909,90
1580001005.178,0.74,1.0017,0.65,1.093,90
1580001005.374,0.77,0.9688,0.64,1.0919,90
1580001005.568,0.81,0.9371,0.65,1.0933,90
1580001005.763,0.79,0.9509,0.63,1.109,90
1580001005.956,0.76,0.9825,0.63,1.1129,90
1580001006.172,0.74,1.0041,0.64,1.0988,90
1580001006.379,0.79,0.9546,0.65,1.0802,90
1580001006.585,0.81,0.9369,0.66,1.0895,90
1580001006.784,0.8,0.9418,0.64,1.0936,90
1580001006.978,0.77,0.9735,0.66,1.0785,90
1580001007.179,0.8,0.9489,0.65,1.0895,90
1580001007.372,0.8,0.9438,0.64,1.0995,90
1580001007.535,0.8,0.9431,0.64,1.1027,90
1580001007.732,0.77,0.9678,0.66,1.0893,91
1580001007.928,0.79,0.9539,0.63,1.1058,91
1580001008.121,0.76,0.9817,0.63,1.1053,91
1580001008.317,0.79,0.9599,0.63,1.1085,91
1580001008.523,0.77,0.9673,0.62,1.1178,91
1580001008.723,0.79,0.9556,0.63,1.1198,91
1580001008.915,0.78,0.9675,0.59,1.1315,91
1580001009.109,0.74,1.004,0.63,1.1159,91
1580001009.305,0.76,0.9829,0.64,1.0989,91
1580001009.5,0.81,0.9386,0.65,1.098,91
1580001009.695,0.81,0.937,0.64,1.107,91
1580001009.889,0.76,0.9768,0.64,1.1008,91
1580001010.084,0.78,0.9634,0.61,1.1238,91
1580001010.286,0.77,0.9712,0.65,1.1047,91
1580001010.449,0.79,0.9459,0.64,1.1093,91
1580001010.648,0.78,0.9647,0.64,1.104,92
1580001010.846,0.79,0.954,0.64,1.103,92
1580001011.038,0.75,0.997,0.64,1.1042,92
1580001011.235,0.76,0.9817,0.64,1.1026,92
1580001011.431,0.8,0.9456,0.6,1.1372,92
1580001011.624,0.79,0.956,0.6,1.1464,92
1580001011.822,0.77,0.9738,0.62,1.1223,92
1580001012.014,0.76,0.9866,0.64,1.1022,92
1580001012.213,0.79,0.9561,0.67,1.0784,92
1580001012.41,0.81,0.9317,0.66,1.0821,92
1580001012.603,0.82,0.9218,0.64,1.1036,92
1580001012.798,0.79,0.9595,0.67,1.0858,92
1580001012.991,0.77,0.9689,0.68,1.0671,92
1580001013.185,0.81,0.9356,0.63,1.1059,92
1580001013.355,0.82,0.9202,0.63,1.1196,92
1580001013.555,0.76,0.9794,0.61,1.116,93
1580001013.754,0.76,0.9816,0.66,1.0842,93
1580001013.951,0.77,0.9763,0.66,1.0905,93
1580001014.143,0.79,0.9503,0.64,1.1003,93
1580001014.338,0.79,0.9528,0.64,1.1032,93
1580001014.539,0.76,0.9784,0.63,1.1144,93
1580001014.73,0.76,0.9851,0.62,1.1211,93
1580001014.926,0.74,1.0007,0.61,1.1212,93
1580001015.124,0.77,0.9758,0.64,1.0962,93
1580001015.316,0.79,0.9506,0.64,1.1,93
1580001015.509,0.78,0.961,0.66,1.0866,93
1580001015.704,0.77,0.9725,0.66,1.0851,93
1580001015.898,0.78,0.9634,0.67,1.0833,93
1580001016.093,0.77,0.9687,0.67,1.0772,93
1580001016.255,0.81,0.9365,0.65,1.0872,93
1580001016.46,0.79,0.9558,0.64,1.0937,94
1580001016.655,0.77,0.976,0.63,1.106,94
1580001016.852,0.72,1.0158,0.63,1.1048,94
1580001017.045,0.78,0.9645,0.64,1.1004,94
1580001017.239,0.81,0.9316,0.65,1.0898,94
1580001017.436,0.79,0.9499,0.63,1.106,94
1580001017.627,0.74,0.998,0.64,1.1036,94
1580001017.821,0.75,0.9887,0.63,1.1019,94
1580001018.014,0.8,0.945,0.65,1.1032,94
1580001018.213,0.8,0.9458,0.62,1.1041,94
1580001018.415,0.79,0.958,0.62,1.1115,94
1580001018.625,0.77,0.9662,0.65,1.0902,94
1580001018.82,0.79,0.9511,0.66,1.078,94
1580001019.015,0.79,0.9546,0.65,1.0909,94
1580001019.177,0.79,0.954,0.67,1.0763,94
1580001019.372,0.77,0.9744,0.68,1.0691,95
1580001019.567,0.79,0.9522,0.64,1.0925,95
1580001019.762,0.75,0.9856,0.65,1.0948,95
1580001019.955,0.78,0.967,0.66,1.0934,95
1580001020.152,0.78,0.9597,0.65,1.0804,95
1580001020.347,0.79,0.9552,0.68,1.0649,95
1580001020.552,0.78,0.9593,0.68,1.0665,95
1580001020.753,0.77,0.9734,0.68,1.0665,95
1580001020.947,0.8,0.9481,0.66,1.0719,95
1580001021.143,0.81,0.9311,0.66,1.0783,95
1580001021.336,0.82,0.9245,0.66,1.0815,95
1580001021.53,0.8,0.949,0.65,1.0818,95
1580001021.723,0.8,0.9499,0.66,1.0784,95
1580001021.919,0.82,0.9298,0.65,1.0873,95
1580001022.082,0.83,0.9149,0.64,1.0927,95
1580001022.278,0.79,0.9485,0.65,1.0847,96
1580001022.471,0.8,0.9441,0.68,1.0639,96
1580001022.664,0.77,0.9712,0.67,1.071,96
1580001022.857,0.82,0.9305,0.65,1.0856,96
1580001023.053,0.82,0.9273,0.64,1.093,96
1580001023.248,0.79,0.9487,0.64,1.0958,96
1580001023.441,0.78,0.968,0.64,1.0865,96
1580001023.641,0.78,0.9658,0.66,1.0658,96
1580001023.837,0.8,0.9456,0.68,1.0586,96
1580001024.035,0.82,0.9259,0.69,1.0638,96
1580001024.228,0.82,0.9203,0.65,1.0832,96
1580001024.424,0.81,0.9335,0.65,1.086,96
1580001024.614,0.79,0.9503,0.68,1.0707,96
1580001024.807,0.8,0.9413,0.68,1.0617,96
1580001024.968,0.83,0.9142,0.68,1.065,96
1580001025.163,0.81,0.9379,0.68,1.0614,97
1580001025.358,0.8,0.9421,0.68,1.0613,97
1580001025.549,0.76,0.9818,0.67,1.0696,97
1580001025.744,0.81,0.9373,0.67,1.0761,97
1580001025.936,0.81,0.9267,0.67,1.0701,97
1580001026.129,0.8,0.9444,0.67,1.0646,97
1580001026.321,0.77,0.9663,0.67,1.0666,97
1580001026.517,0.78,0.9642,0.66,1.0786,97
1580001026.72,0.8,0.9432,0.64,1.0879,97
1580001026.918,0.82,0.9255,0.65,1.0867,97
1580001027.109,0.81,0.9325,0.66,1.076,97
1580001027.304,0.81,0.932,0.67,1.0745,97
1580001027.496,0.81,0.9315,0.65,1.0822,97
1580001027.693,0.79,0.9474,0.67,1.0751,97
1580001027.855,0.82,0.9238,0.67,1.0709,97
1580001028.052,0.81,0.9375,0.66,1.0804,98
1580001028.243,0.81,0.9402,0.64,1.1027,98
1580001028.442,0.77,0.9731,0.63,1.1064,98
1580001028.642,0.79,0.9494,0.64,1.0923,98
1580001028.84,0.82,0.9268,0.65,1.0826,98
1580001029.032,0.8,0.9411,0.67,1.0744,98
1580001029.231,0.79,0.9559,0.66,1.0749,98
1580001029.422,0.79,0.9616,0.67,1.0704,98
1580001029.616,0.8,0.94,0.67,1.0695,98
1580001029.816,0.83,0.9174,0.67,1.0733,98
1580001030.008,0.83,0.9201,0.67,1.0751,98
1580001030.202,0.81,0.9353,0.67,1.0753,98
1580001030.398,0.81,0.9332,0.64,1.0854,98
1580001030.59,0.82,0.9261,0.65,1.091,98
1580001030.752,0.84,0.9077,0.66,1.0805,98
1580001030.947,0.8,0.9486,0.68,1.0719,99
1580001031.14,0.8,0.9411,0.65,1.095,99
1580001031.335,0.78,0.9658,0.61,1.118,99
1580001031.527,0.81,0.935,0.61,1.1291,99
1580001031.724,0.8,0.9393,0.61,1.1261,99
1580001031.916,0.79,0.9535,0.67,1.0816,99
1580001032.11,0.79,0.9584,0.67,1.0809,99
1580001032.3,0.78,0.9647,0.67,1.0762,99
1580001032.495,0.81,0.9393,0.67,1.077,99
1580001032.686,0.81,0.9344,0.64,1.0865,99
1580001032.887,0.83,0.9193,0.66,1.082,99
1580001033.081,0.82,0.9273,0.66,1.0774,99
1580001033.273,0.81,0.9287,0.66,1.0797,99
1580001033.467,0.82,0.9264,0.66,1.0822,99
1580001033.628,0.84,0.9059,0.65,1.0885,99
