1581480507.884,0.25,1.386,0.19,1.3882,0
1581480508.166,0.24,1.3857,0.23,1.3834,0
1581480508.438,0.25,1.3847,0.4,1.3809,0
1581480508.712,0.31,1.3818,0.4,1.3724,0
1581480508.991,0.35,1.3771,0.47,1.3632,0
1581480509.264,0.36,1.3768,0.36,1.3569,0
1581480509.546,0.33,1.3687,0.41,1.3354,0
1581480509.82,0.33,1.3582,0.41,1.3222,0
1581480510.094,0.32,1.3586,0.35,1.3488,0
1581480510.367,0.32,1.3613,0.4,1.3007,0
1581480510.64,0.32,1.3626,0.41,1.3028,0
1581480510.914,0.33,1.3521,0.41,1.3091,0
1581480511.188,0.36,1.3331,0.38,1.314,0
1581480511.461,0.34,1.3418,0.38,1.3098,0
1581480511.733,0.34,1.3337,0.41,1.2979,0
1581480512.012,0.34,1.3298,0.41,1.2853,0
1581480512.285,0.36,1.321,0.41,1.2753,0
1581480512.557,0.33,1.3174,0.37,1.2771,0
1581480512.839,0.38,1.3049,0.38,1.2554,0
1581480513.111,0.4,1.2892,0.43,1.2444,0
1581480513.383,0.37,1.314,0.44,1.2522,0
1581480513.657,0.39,1.2905,0.45,1.2434,0
1581480513.752,0.38,1.2895,0.44,1.2332,0
1581480514.034,0.4,1.2838,0.36,1.2573,1
1581480514.311,0.36,1.2938,0.42,1.219,1
1581480514.585,0.39,1.298,0.47,1.2013,1
1581480514.862,0.42,1.2525,0.45,1.1895,1
1581480515.137,0.43,1.2738,0.48,1.173,1
1581480515.412,0.42,1.2558,0.51,1.1599,1
1581480515.685,0.41,1.2446,0.5,1.1753,1
1581480515.958,0.42,1.2302,0.47,1.1737,1
1581480516.232,0.42,1.2709,0.49,1.1607,1
1581480516.506,0.46,1.2286,0.44,1.1829,1
1581480516.781,0.44,1.2309,0.46,1.1605,1
1581480517.056,0.44,1.2289,0.48,1.1445,1
1581480517.337,0.47,1.2082,0.49,1.1202,1
1581480517.611,0.48,1.2186,0.51,1.1367,1
1581480517.898,0.43,1.2293,0.52,1.1368,1
1581480518.173,0.43,1.211,0.49,1.0998,1
1581480518.45,0.43,1.1943,0.47,1.1051,1
1581480518.725,0.43,1.2301,0.53,1.1059,1
1581480519.0,0.49,1.1835,0.5,1.1362,1
1581480519.278,0.47,1.1807,0.53,1.1247,1
1581480519.56,0.47,1.203,0.49,1.1076,1
1581480519.836,0.48,1.1576,0.5,1.1039,1
1581480519.93,0.5,1.1456,0.51,1.1045,1
1581480520.211,0.5,1.1723,0.51,1.1042,2
1581480520.486,0.48,1.1751,0.53,1.1134,2
1581480520.781,0.5,1.1795,0.52,1.1147,2
1581480521.073,0.49,1.1625,0.52,1.0924,2
1581480521.367,0.45,1.1897,0.54,1.0755,2
1581480521.656,0.46,1.1697,0.55,1.0758,2
1581480521.931,0.45,1.1743,0.52,1.0957,2
1581480522.217,0.48,1.169,0.56,1.0633,2
1581480522.493,0.5,1.1632,0.53,1.0784,2
1581480522.784,0.5,1.1506,0.56,1.0709,2
1581480523.066,0.5,1.1529,0.55,1.0824,2
1581480523.341,0.49,1.1503,0.49,1.0819,2
1581480523.618,0.5,1.1371,0.58,1.0496,2
1581480523.895,0.52,1.1362,0.56,1.04,2
1581480524.175,0.48,1.1421,0.55,1.0379,2
1581480524.449,0.5,1.1056,0.56,1.044,2
1581480524.727,0.49,1.1189,0.56,1.033,2
1581480525.001,0.48,1.166,0.59,1.0059,2
1581480525.279,0.52,1.0962,0.59,1.0031,2
1581480525.553,0.54,1.0774,0.58,1.0067,2
1581480525.826,0.52,1.1061,0.56,1.0261,2
1581480526.098,0.54,1.0623,0.58,1.015,2
1581480526.196,0.57,1.0158,0.53,1.0301,2
1581480526.471,0.54,1.0856,0.56,1.0141,3
1581480526.747,0.51,1.0928,0.57,1.0216,3
1581480527.021,0.52,1.0869,0.55,1.0147,3
1581480527.293,0.51,1.085,0.6,0.9699,3
1581480527.567,0.52,1.0844,0.6,0.9818,3
1581480527.841,0.51,1.0898,0.58,0.9834,3
1581480528.114,0.53,1.0624,0.55,1.031,3
1581480528.4,0.5,1.1195,0.57,0.9868,3
1581480528.673,0.52,1.0793,0.59,0.9846,3
1581480528.947,0.55,1.052,0.59,1.0005,3
1581480529.224,0.52,1.1076,0.57,0.9967,3
1581480529.495,0.53,1.0673,0.59,1.0147,3
1581480529.768,0.54,1.066,0.57,0.9846,3
1581480530.042,0.55,1.0597,0.59,0.9654,3
1581480530.315,0.56,1.0587,0.58,0.9749,3
1581480530.588,0.57,1.0379,0.56,0.9804,3
1581480530.862,0.54,1.0475,0.63,0.961,3
1581480531.138,0.53,1.074,0.6,0.9611,3
1581480531.419,0.55,1.0261,0.6,0.956,3
1581480531.694,0.56,1.0029,0.59,0.9668,3
1581480531.97,0.55,1.0406,0.61,0.9621,3
1581480532.247,0.6,0.976,0.59,0.9657,3
1581480532.346,0.6,0.947,0.58,0.9681,3
1581480532.622,0.58,0.993,0.56,0.9849,4
1581480532.894,0.55,1.0229,0.57,0.958,4
1581480533.168,0.57,1.0001,0.63,0.9694,4
1581480533.452,0.56,1.0111,0.62,0.9399,4
1581480533.739,0.57,0.9995,0.61,0.9488,4
1581480534.014,0.56,1.0131,0.58,0.9586,4
1581480534.288,0.58,0.9882,0.58,0.9785,4
1581480534.567,0.56,1.0458,0.58,0.9359,4
1581480534.841,0.57,1.0122,0.58,0.9465,4
1581480535.115,0.59,0.99,0.58,0.9324,4
1581480535.394,0.57,1.016,0.55,0.9841,4
1581480535.668,0.54,1.0355,0.61,0.9486,4
1581480535.943,0.58,0.9891,0.59,0.9375,4
1581480536.215,0.57,1.0191,0.6,0.9137,4
1581480536.492,0.59,0.9946,0.57,0.957,4
1581480536.773,0.57,0.9911,0.57,0.9475,4
1581480537.05,0.56,1.0088,0.59,0.9196,4
1581480537.324,0.55,1.0312,0.59,0.9281,4
1581480537.607,0.6,0.9683,0.59,0.9178,4
1581480537.881,0.59,0.9629,0.6,0.9391,4
1581480538.156,0.58,0.9831,0.63,0.9349,4
1581480538.437,0.61,0.9421,0.61,0.9185,4
1581480538.534,0.64,0.8881,0.54,0.9704,4
1581480538.82,0.57,0.9869,0.59,0.9448,5
1581480539.114,0.59,0.9501,0.57,0.977,5
1581480539.408,0.58,0.9811,0.61,0.9478,5
1581480539.701,0.61,0.9625,0.59,0.9232,5
1581480539.973,0.6,0.9677,0.6,0.9234,5
1581480540.247,0.56,0.9778,0.63,0.9215,5
1581480540.522,0.6,0.9462,0.58,0.9637,5
1581480540.81,0.57,1.024,0.56,0.9148,5
1581480541.084,0.59,0.9717,0.59,0.9236,5
1581480541.358,0.6,0.9535,0.59,0.9209,5
1581480541.631,0.57,1.0224,0.59,0.9397,5
1581480541.904,0.59,0.9815,0.56,0.9794,5
1581480542.18,0.59,0.9817,0.55,0.9542,5
1581480542.452,0.58,0.9665,0.6,0.9242,5
1581480542.732,0.59,0.9862,0.61,0.9095,5
1581480543.007,0.6,0.9584,0.64,0.9096,5
1581480543.282,0.58,0.9815,0.55,0.9216,5
1581480543.559,0.58,1.0069,0.55,0.9363,5
1581480543.839,0.61,0.9344,0.58,0.9188,5
1581480544.111,0.59,0.9537,0.6,0.8964,5
1581480544.385,0.59,0.9649,0.61,0.9294,5
1581480544.66,0.61,0.9228,0.57,0.9409,5
1581480544.759,0.65,0.8831,0.55,0.9324,5
1581480545.036,0.6,0.9399,0.58,0.9336,6
1581480545.309,0.6,0.9432,0.59,0.9227,6
1581480545.583,0.6,0.9508,0.63,0.9247,6
1581480545.856,0.62,0.9397,0.62,0.9221,6
1581480546.129,0.6,0.9444,0.65,0.9013,6
1581480546.404,0.59,0.9372,0.61,0.8949,6
1581480546.677,0.59,0.9507,0.61,0.9006,6
1581480546.953,0.61,0.9499,0.58,0.927,6
1581480547.231,0.61,0.9496,0.61,0.8959,6
1581480547.508,0.63,0.9123,0.62,0.9006,6
1581480547.787,0.59,0.9958,0.66,0.9012,6
1581480548.07,0.61,0.939,0.58,0.9156,6
1581480548.347,0.62,0.911,0.6,0.9307,6
1581480548.624,0.6,0.923,0.6,0.9208,6
1581480548.907,0.59,0.947,0.61,0.8963,6
1581480549.186,0.62,0.9076,0.62,0.8916,6
1581480549.464,0.61,0.9288,0.61,0.8952,6
1581480549.743,0.59,0.9681,0.59,0.8869,6
1581480550.036,0.64,0.8849,0.62,0.882,6
1581480550.328,0.61,0.9085,0.63,0.8727,6
1581480550.618,0.62,0.9197,0.63,0.898,6
1581480550.919,0.65,0.8827,0.59,0.8978,6
1581480551.018,0.67,0.8264,0.56,0.9285,6
1581480551.312,0.61,0.9226,0.62,0.8898,7
1581480551.599,0.61,0.8894,0.62,0.8995,7
1581480551.876,0.63,0.901,0.63,0.9522,7
1581480552.152,0.62,0.9397,0.61,0.8941,7
1581480552.436,0.62,0.902,0.62,0.9,7
1581480552.712,0.59,0.9284,0.65,0.8866,7
1581480552.994,0.61,0.9079,0.61,0.9352,7
1581480553.27,0.61,0.9598,0.57,0.919,7
1581480553.546,0.63,0.9154,0.61,0.8922,7
1581480553.825,0.61,0.8921,0.63,0.8918,7
1581480554.1,0.58,0.9884,0.6,0.9067,7
1581480554.381,0.63,0.9012,0.58,0.9564,7
1581480554.658,0.62,0.9205,0.59,0.9238,7
1581480554.934,0.64,0.8961,0.62,0.8995,7
1581480555.208,0.62,0.9166,0.64,0.9031,7
1581480555.485,0.64,0.9051,0.63,0.8965,7
1581480555.76,0.63,0.9002,0.57,0.9157,7
1581480556.041,0.61,0.9497,0.6,0.9009,7
1581480556.315,0.65,0.8588,0.64,0.8816,7
1581480556.596,0.62,0.8827,0.67,0.8801,7
1581480556.874,0.63,0.8962,0.61,0.9088,7
1581480557.151,0.65,0.8681,0.6,0.9067,7
1581480557.245,0.69,0.8167,0.56,0.9175,7
1581480557.522,0.63,0.8791,0.62,0.8973,8
1581480557.807,0.63,0.867,0.65,0.8911,8
1581480558.087,0.64,0.8692,0.61,0.9331,8
1581480558.36,0.65,0.8948,0.61,0.9191,8
1581480558.633,0.62,0.9063,0.64,0.8834,8
1581480558.907,0.61,0.882,0.65,0.8882,8
1581480559.183,0.64,0.9022,0.59,0.9154,8
1581480559.456,0.62,0.9233,0.59,0.9245,8
1581480559.732,0.63,0.8987,0.58,0.8933,8
1581480560.005,0.64,0.8679,0.67,0.8709,8
1581480560.278,0.6,0.9453,0.64,0.8802,8
1581480560.55,0.66,0.8713,0.6,0.8971,8
1581480560.83,0.64,0.86,0.61,0.9278,8
1581480561.103,0.64,0.8794,0.63,0.8973,8
1581480561.376,0.64,0.8688,0.64,0.8864,8
1581480561.649,0.65,0.8668,0.63,0.8813,8
1581480561.926,0.64,0.873,0.63,0.8883,8
1581480562.207,0.62,0.9154,0.62,0.9042,8
1581480562.481,0.67,0.8343,0.62,0.8899,8
1581480562.756,0.65,0.8532,0.65,0.8938,8
1581480563.03,0.64,0.8747,0.66,0.8846,8
1581480563.304,0.67,0.829,0.64,0.8757,8
1581480563.398,0.69,0.7807,0.6,0.9244,8
1581480563.686,0.64,0.8468,0.61,0.9025,9
1581480563.963,0.66,0.8161,0.62,0.8937,9
1581480564.243,0.64,0.8458,0.65,0.8842,9
1581480564.519,0.68,0.8404,0.66,0.8875,9
1581480564.793,0.65,0.8699,0.65,0.8717,9
1581480565.075,0.65,0.8412,0.65,0.8811,9
1581480565.351,0.66,0.8547,0.64,0.8914,9
1581480565.629,0.64,0.8789,0.61,0.8972,9
1581480565.902,0.64,0.8701,0.63,0.8871,9
1581480566.185,0.66,0.8224,0.65,0.8774,9
1581480566.463,0.64,0.8945,0.64,0.8847,9
1581480566.749,0.67,0.8286,0.63,0.8823,9
1581480567.025,0.65,0.8323,0.62,0.885,9
1581480567.305,0.66,0.8379,0.63,0.8781,9
1581480567.58,0.64,0.8497,0.63,0.8818,9
1581480567.853,0.66,0.843,0.65,0.8717,9
1581480568.127,0.64,0.8322,0.64,0.9007,9
1581480568.4,0.64,0.8927,0.66,0.899,9
1581480568.674,0.68,0.8096,0.65,0.8833,9
1581480568.948,0.66,0.8217,0.64,0.8847,9
1581480569.222,0.66,0.843,0.64,0.9084,9
1581480569.496,0.69,0.8025,0.66,0.8819,9
1581480569.59,0.7,0.752,0.63,0.8862,9
1581480569.875,0.67,0.8126,0.64,0.8858,10
1581480570.155,0.66,0.7852,0.63,0.9037,10
1581480570.43,0.65,0.8148,0.65,0.8891,10
1581480570.71,0.69,0.8089,0.65,0.8754,10
1581480570.985,0.65,0.8473,0.65,0.8902,10
1581480571.258,0.67,0.825,0.63,0.8946,10
1581480571.531,0.66,0.8163,0.66,0.8927,10
1581480571.806,0.65,0.8513,0.65,0.883,10
1581480572.079,0.65,0.8356,0.61,0.9089,10
1581480572.352,0.67,0.8085,0.63,0.8789,10
1581480572.624,0.64,0.8726,0.63,0.8918,10
1581480572.91,0.68,0.7919,0.64,0.8942,10
1581480573.181,0.66,0.8036,0.64,0.8671,10
1581480573.461,0.68,0.8074,0.64,0.8701,10
1581480573.734,0.66,0.8353,0.64,0.8949,10
1581480574.006,0.65,0.8078,0.65,0.9069,10
1581480574.283,0.67,0.8098,0.65,0.8846,10
1581480574.56,0.66,0.8542,0.65,0.886,10
1581480574.833,0.69,0.7892,0.65,0.8814,10
1581480575.107,0.67,0.793,0.66,0.8883,10
1581480575.385,0.67,0.8081,0.64,0.9064,10
1581480575.662,0.7,0.7697,0.64,0.873,10
1581480575.756,0.71,0.7234,0.63,0.9086,10
1581480576.033,0.68,0.7845,0.64,0.9165,11
1581480576.306,0.69,0.7672,0.64,0.8865,11
1581480576.58,0.67,0.7907,0.65,0.8874,11
1581480576.854,0.7,0.7797,0.65,0.8862,11
1581480577.128,0.67,0.8055,0.65,0.895,11
1581480577.402,0.68,0.8051,0.65,0.8944,11
1581480577.678,0.67,0.7986,0.65,0.9342,11
1581480577.951,0.67,0.8381,0.66,0.9024,11
1581480578.224,0.68,0.7998,0.63,0.9091,11
1581480578.501,0.7,0.7748,0.61,0.885,11
1581480578.78,0.66,0.8531,0.64,0.9406,11
1581480579.053,0.69,0.7904,0.64,0.8934,11
1581480579.327,0.67,0.7783,0.66,0.874,11
1581480579.612,0.67,0.8091,0.63,0.8941,11
1581480579.89,0.66,0.812,0.67,0.9298,11
1581480580.164,0.67,0.789,0.66,0.9122,11
1581480580.441,0.67,0.7867,0.66,0.8922,11
1581480580.734,0.67,0.834,0.65,0.9147,11
1581480581.026,0.69,0.7839,0.67,0.8838,11
1581480581.321,0.68,0.7773,0.65,0.8764,11
1581480581.614,0.67,0.7906,0.59,0.931,11
1581480581.888,0.71,0.77,0.66,0.8648,11
1581480581.983,0.74,0.6914,0.63,0.9082,11
1581480582.257,0.66,0.7911,0.65,0.9103,12
1581480582.531,0.7,0.7371,0.63,0.91,12
1581480582.813,0.66,0.7829,0.66,0.8761,12
1581480583.094,0.71,0.7493,0.66,0.8943,12
1581480583.367,0.67,0.7896,0.63,0.9171,12
1581480583.641,0.69,0.7984,0.63,0.8945,12
1581480583.919,0.67,0.7726,0.65,0.9004,12
1581480584.193,0.67,0.8033,0.68,0.8947,12
1581480584.467,0.7,0.7694,0.64,0.9166,12
1581480584.747,0.7,0.7558,0.61,0.887,12
1581480585.021,0.66,0.8506,0.64,0.922,12
1581480585.295,0.7,0.7515,0.66,0.9047,12
1581480585.57,0.69,0.763,0.62,0.874,12
1581480585.844,0.67,0.7832,0.64,0.8736,12
1581480586.118,0.68,0.7894,0.65,0.9296,12
1581480586.394,0.67,0.7741,0.67,0.9116,12
1581480586.669,0.69,0.7579,0.65,0.8977,12
1581480586.942,0.67,0.8274,0.66,0.8973,12
1581480587.214,0.72,0.7478,0.67,0.8913,12
1581480587.488,0.69,0.7515,0.65,0.8721,12
1581480587.771,0.68,0.7755,0.66,0.8762,12
1581480588.045,0.72,0.7164,0.67,0.8652,12
1581480588.14,0.74,0.6759,0.64,0.8782,12
1581480588.415,0.7,0.7487,0.66,0.8863,13
1581480588.687,0.71,0.7157,0.63,0.8996,13
1581480588.961,0.67,0.7607,0.67,0.8829,13
1581480589.238,0.71,0.7265,0.66,0.8926,13
1581480589.511,0.68,0.771,0.63,0.9204,13
1581480589.785,0.69,0.7813,0.66,0.9011,13
1581480590.059,0.68,0.7453,0.66,0.9043,13
1581480590.332,0.68,0.7857,0.63,0.8835,13
1581480590.604,0.7,0.7507,0.64,0.9169,13
1581480590.884,0.72,0.7321,0.64,0.8827,13
1581480591.156,0.66,0.8199,0.67,0.9015,13
1581480591.429,0.71,0.7215,0.66,0.8838,13
1581480591.708,0.69,0.7416,0.64,0.864,13
1581480591.983,0.68,0.757,0.67,0.8725,13
1581480592.257,0.69,0.7699,0.64,0.9157,13
1581480592.533,0.69,0.7514,0.68,0.8908,13
1581480592.806,0.71,0.734,0.65,0.8952,13
1581480593.08,0.68,0.8082,0.68,0.9037,13
1581480593.354,0.73,0.7261,0.63,0.9091,13
1581480593.64,0.7,0.7389,0.61,0.8855,13
1581480593.924,0.69,0.7594,0.67,0.8835,13
1581480594.203,0.73,0.6978,0.67,0.8669,13
1581480594.298,0.76,0.6508,0.64,0.8747,13
1581480594.578,0.7,0.7305,0.64,0.8969,14
1581480594.855,0.72,0.6995,0.66,0.8973,14
1581480595.129,0.7,0.7375,0.65,0.8874,14
1581480595.406,0.73,0.7056,0.64,0.8829,14
1581480595.685,0.69,0.7494,0.64,0.9106,14
1581480595.964,0.7,0.7582,0.65,0.9148,14
1581480596.241,0.68,0.7304,0.66,0.9012,14
1581480596.519,0.7,0.7608,0.63,0.8805,14
1581480596.811,0.69,0.7386,0.64,0.9041,14
1581480597.085,0.74,0.7068,0.64,0.8821,14
1581480597.361,0.69,0.7892,0.66,0.8974,14
1581480597.646,0.73,0.6939,0.67,0.8807,14
1581480597.92,0.69,0.7234,0.62,0.8696,14
1581480598.195,0.7,0.7326,0.65,0.8747,14
1581480598.47,0.68,0.7562,0.64,0.9018,14
1581480598.746,0.69,0.7317,0.67,0.8844,14
1581480599.044,0.72,0.7187,0.67,0.8888,14
1581480599.336,0.69,0.7827,0.67,0.8889,14
1581480599.627,0.72,0.7106,0.67,0.8838,14
1581480599.905,0.71,0.714,0.68,0.877,14
1581480600.181,0.71,0.7388,0.64,0.8955,14
1581480600.457,0.72,0.6821,0.68,0.8595,14
1581480600.554,0.77,0.6184,0.65,0.8614,14
1581480600.836,0.72,0.7048,0.65,0.9002,15
1581480601.116,0.74,0.6796,0.67,0.8998,15
1581480601.389,0.7,0.7227,0.68,0.8606,15
1581480601.665,0.73,0.6775,0.66,0.8809,15
1581480601.939,0.7,0.7279,0.67,0.9036,15
1581480602.215,0.71,0.7382,0.67,0.8988,15
1581480602.49,0.7,0.711,0.66,0.9106,15
1581480602.763,0.7,0.7437,0.64,0.8759,15
1581480603.037,0.72,0.7023,0.65,0.8978,15
1581480603.311,0.74,0.6885,0.65,0.8719,15
1581480603.584,0.69,0.7685,0.65,0.8935,15
1581480603.859,0.74,0.6774,0.65,0.8795,15
1581480604.134,0.7,0.7081,0.65,0.8628,15
1581480604.407,0.7,0.7183,0.67,0.8795,15
1581480604.682,0.69,0.7385,0.64,0.8902,15
1581480604.954,0.69,0.7125,0.66,0.8725,15
1581480605.237,0.73,0.6969,0.66,0.8797,15
1581480605.512,0.7,0.757,0.66,0.8922,15
1581480605.785,0.73,0.6922,0.66,0.8789,15
1581480606.06,0.71,0.7021,0.67,0.8775,15
1581480606.336,0.72,0.7166,0.64,0.9045,15
1581480606.618,0.73,0.6699,0.68,0.85,15
1581480606.713,0.78,0.5916,0.65,0.8638,15
1581480606.987,0.73,0.6834,0.64,0.9111,16
1581480607.266,0.74,0.6696,0.68,0.8842,16
1581480607.539,0.71,0.7,0.69,0.8477,16
1581480607.817,0.74,0.6563,0.66,0.872,16
1581480608.093,0.7,0.7036,0.68,0.8926,16
1581480608.366,0.71,0.718,0.67,0.8869,16
1581480608.639,0.7,0.6962,0.65,0.9212,16
1581480608.913,0.71,0.7299,0.66,0.8781,16
1581480609.186,0.72,0.6806,0.65,0.8765,16
1581480609.462,0.76,0.6596,0.65,0.8716,16
1581480609.74,0.7,0.745,0.65,0.9023,16
1581480610.029,0.74,0.6684,0.66,0.8589,16
1581480610.324,0.72,0.6873,0.68,0.8525,16
1581480610.616,0.71,0.6969,0.67,0.8769,16
1581480610.906,0.69,0.7205,0.67,0.8928,16
1581480611.182,0.7,0.6998,0.68,0.8646,16
1581480611.459,0.73,0.6794,0.67,0.8751,16
1581480611.736,0.71,0.7392,0.66,0.8812,16
1581480612.012,0.74,0.6775,0.66,0.8677,16
1581480612.285,0.72,0.6919,0.66,0.8642,16
1581480612.559,0.73,0.7014,0.65,0.8995,16
1581480612.833,0.75,0.6553,0.68,0.8515,16
1581480612.928,0.77,0.568,0.63,0.8606,16
1581480613.203,0.72,0.6797,0.64,0.9152,17
1581480613.477,0.75,0.6572,0.66,0.9038,17
1581480613.756,0.72,0.687,0.69,0.8412,17
1581480614.03,0.75,0.642,0.68,0.8598,17
1581480614.305,0.71,0.6926,0.66,0.9071,17
1581480614.582,0.71,0.7066,0.68,0.8812,17
1581480614.856,0.71,0.6743,0.68,0.8852,17
1581480615.126,0.71,0.7095,0.68,0.8728,17
1581480615.4,0.73,0.6611,0.67,0.8827,17
1581480615.676,0.76,0.6418,0.66,0.8578,17
1581480615.951,0.7,0.7308,0.68,0.877,17
1581480616.226,0.75,0.6387,0.68,0.8651,17
1581480616.513,0.72,0.6712,0.71,0.8487,17
1581480616.789,0.72,0.6778,0.67,0.8589,17
1581480617.064,0.71,0.7052,0.67,0.9056,17
1581480617.348,0.71,0.6911,0.69,0.8725,17
1581480617.622,0.75,0.6593,0.68,0.8655,17
1581480617.897,0.72,0.7367,0.67,0.8552,17
1581480618.169,0.75,0.6523,0.68,0.8748,17
1581480618.442,0.73,0.6725,0.66,0.8577,17
1581480618.715,0.73,0.6891,0.67,0.8718,17
1581480618.994,0.76,0.6281,0.67,0.8631,17
1581480619.088,0.79,0.5484,0.63,0.8615,17
1581480619.363,0.75,0.6504,0.64,0.9144,18
1581480619.642,0.75,0.6461,0.67,0.8854,18
1581480619.915,0.72,0.6639,0.68,0.8593,18
1581480620.19,0.76,0.6293,0.67,0.8766,18
1581480620.465,0.71,0.6894,0.68,0.8751,18
1581480620.737,0.73,0.6656,0.66,0.8805,18
1581480621.01,0.72,0.6535,0.67,0.9027,18
1581480621.285,0.71,0.7008,0.68,0.8493,18
1581480621.556,0.74,0.6382,0.68,0.892,18
1581480621.829,0.76,0.6401,0.67,0.851,18
1581480622.102,0.73,0.6939,0.66,0.8667,18
1581480622.375,0.76,0.6159,0.66,0.8575,18
1581480622.654,0.74,0.663,0.69,0.8463,18
1581480622.927,0.73,0.6484,0.66,0.8759,18
1581480623.202,0.71,0.6913,0.67,0.8823,18
1581480623.482,0.72,0.6659,0.7,0.8799,18
1581480623.757,0.75,0.6487,0.69,0.8752,18
1581480624.032,0.71,0.7157,0.7,0.8293,18
1581480624.311,0.77,0.6202,0.67,0.873,18
1581480624.585,0.73,0.6621,0.69,0.8638,18
1581480624.86,0.75,0.6633,0.67,0.8508,18
1581480625.133,0.76,0.6144,0.68,0.8311,18
1581480625.23,0.8,0.5298,0.69,0.849,18
1581480625.507,0.76,0.6234,0.65,0.9183,19
1581480625.78,0.74,0.6468,0.69,0.8481,19
1581480626.055,0.73,0.6417,0.69,0.8616,19
1581480626.334,0.76,0.6257,0.65,0.8597,19
1581480626.621,0.72,0.657,0.7,0.8325,19
1581480626.893,0.76,0.6362,0.68,0.8772,19
1581480627.167,0.73,0.6475,0.66,0.8871,19
1581480627.444,0.73,0.6771,0.69,0.843,19
1581480627.719,0.75,0.6274,0.68,0.8669,19
1581480627.993,0.77,0.6165,0.69,0.8405,19
1581480628.267,0.74,0.6622,0.66,0.8823,19
1581480628.547,0.76,0.6166,0.71,0.8384,19
1581480628.829,0.73,0.6352,0.69,0.8513,19
1581480629.105,0.74,0.6513,0.67,0.8638,19
1581480629.381,0.72,0.6703,0.69,0.8723,19
1581480629.656,0.74,0.651,0.67,0.8831,19
1581480629.929,0.75,0.6529,0.69,0.83,19
1581480630.204,0.73,0.6723,0.69,0.8347,19
1581480630.479,0.76,0.6186,0.68,0.8294,19
1581480630.764,0.75,0.6339,0.65,0.8985,19
1581480631.037,0.74,0.6703,0.67,0.8448,19
1581480631.312,0.76,0.6005,0.71,0.8092,19
1581480631.407,0.8,0.4836,0.7,0.8247,19
1581480631.691,0.76,0.6141,0.69,0.885,20
1581480631.966,0.74,0.623,0.68,0.8614,20
1581480632.239,0.75,0.6411,0.71,0.8236,20
1581480632.514,0.77,0.594,0.68,0.8185,20
1581480632.792,0.73,0.6306,0.69,0.8104,20
1581480633.065,0.76,0.6172,0.68,0.8543,20
1581480633.338,0.74,0.6113,0.69,0.8761,20
1581480633.612,0.74,0.655,0.69,0.8309,20
1581480633.886,0.76,0.6073,0.7,0.832,20
1581480634.159,0.78,0.5887,0.7,0.8203,20
1581480634.433,0.74,0.65,0.66,0.8512,20
1581480634.706,0.77,0.5884,0.7,0.8387,20
1581480634.982,0.74,0.6229,0.68,0.8417,20
1581480635.256,0.75,0.6243,0.67,0.8559,20
1581480635.534,0.72,0.6576,0.69,0.868,20
1581480635.808,0.75,0.6318,0.67,0.8898,20
1581480636.081,0.76,0.6308,0.69,0.8261,20
1581480636.356,0.74,0.6467,0.69,0.8167,20
1581480636.627,0.78,0.5946,0.68,0.8264,20
1581480636.902,0.76,0.6111,0.67,0.8691,20
1581480637.176,0.75,0.6345,0.69,0.8295,20
1581480637.449,0.78,0.5753,0.71,0.7972,20
1581480637.543,0.84,0.4508,0.69,0.8111,20
1581480637.845,0.76,0.5907,0.69,0.8737,21
1581480638.118,0.75,0.6024,0.68,0.8476,21
1581480638.39,0.76,0.6111,0.71,0.8251,21
1581480638.663,0.78,0.5735,0.66,0.8226,21
1581480638.936,0.74,0.6116,0.72,0.7924,21
1581480639.208,0.76,0.6084,0.68,0.8444,21
1581480639.482,0.76,0.5874,0.68,0.8797,21
1581480639.763,0.74,0.6443,0.72,0.8209,21
1581480640.04,0.77,0.5945,0.7,0.8368,21
1581480640.312,0.78,0.58,0.72,0.8032,21
1581480640.587,0.76,0.6342,0.67,0.8359,21
1581480640.878,0.78,0.5678,0.72,0.8347,21
1581480641.169,0.74,0.6167,0.69,0.8185,21
1581480641.459,0.76,0.5983,0.7,0.8479,21
1581480641.735,0.73,0.6517,0.68,0.8378,21
1581480642.007,0.75,0.6171,0.7,0.858,21
1581480642.284,0.77,0.6074,0.7,0.8237,21
1581480642.558,0.74,0.6283,0.7,0.8103,21
1581480642.839,0.78,0.5918,0.69,0.8077,21
1581480643.112,0.76,0.5972,0.68,0.852,21
1581480643.387,0.76,0.6157,0.69,0.823,21
1581480643.659,0.79,0.5561,0.72,0.7874,21
1581480643.753,0.84,0.431,0.73,0.8053,21
1581480644.027,0.77,0.5825,0.7,0.8514,22
1581480644.301,0.76,0.5903,0.69,0.8441,22
1581480644.575,0.76,0.5956,0.69,0.8303,22
1581480644.848,0.79,0.5559,0.68,0.8225,22
1581480645.12,0.74,0.601,0.71,0.7994,22
1581480645.393,0.76,0.607,0.69,0.8427,22
1581480645.666,0.76,0.5731,0.7,0.8783,22
1581480645.939,0.74,0.6298,0.69,0.829,22
1581480646.223,0.77,0.5907,0.7,0.8153,22
1581480646.499,0.79,0.5565,0.69,0.8043,22
1581480646.773,0.75,0.6252,0.7,0.813,22
1581480647.05,0.79,0.546,0.69,0.8333,22
1581480647.326,0.74,0.6131,0.7,0.8166,22
1581480647.603,0.78,0.5758,0.69,0.8273,22
1581480647.878,0.73,0.6421,0.68,0.8119,22
1581480648.159,0.77,0.5965,0.67,0.8659,22
1581480648.436,0.77,0.5925,0.69,0.8269,22
1581480648.711,0.74,0.6226,0.72,0.8001,22
1581480648.985,0.79,0.5719,0.68,0.7934,22
1581480649.264,0.77,0.5912,0.66,0.8225,22
1581480649.537,0.77,0.5918,0.69,0.8301,22
1581480649.813,0.78,0.5571,0.69,0.7817,22
1581480649.907,0.85,0.4017,0.71,0.7942,22
1581480650.181,0.78,0.5722,0.68,0.8498,23
1581480650.455,0.76,0.5958,0.71,0.8263,23
1581480650.732,0.76,0.5884,0.69,0.8315,23
1581480651.006,0.78,0.5519,0.68,0.8252,23
1581480651.28,0.76,0.5857,0.69,0.7945,23
1581480651.554,0.76,0.6084,0.7,0.8188,23
1581480651.831,0.77,0.5575,0.68,0.8771,23
1581480652.104,0.74,0.627,0.67,0.8429,23
1581480652.385,0.78,0.5743,0.7,0.8027,23
1581480652.66,0.78,0.5391,0.66,0.8269,23
1581480652.933,0.74,0.6468,0.7,0.8092,23
1581480653.209,0.8,0.5356,0.68,0.8442,23
1581480653.484,0.74,0.6287,0.7,0.8001,23
1581480653.757,0.78,0.5715,0.7,0.8383,23
1581480654.035,0.73,0.6346,0.69,0.7959,23
1581480654.308,0.76,0.6116,0.69,0.8152,23
1581480654.583,0.79,0.5604,0.67,0.8438,23
1581480654.857,0.74,0.6291,0.68,0.7836,23
1581480655.129,0.79,0.535,0.67,0.7976,23
1581480655.409,0.75,0.6035,0.65,0.8236,23
1581480655.682,0.76,0.5897,0.67,0.8004,23
1581480655.955,0.79,0.5476,0.65,0.813,23
1581480656.05,0.82,0.4155,0.67,0.7942,23
1581480656.327,0.77,0.5656,0.66,0.8569,24
1581480656.611,0.76,0.5995,0.74,0.7929,24
1581480656.886,0.76,0.5836,0.68,0.8105,24
1581480657.158,0.77,0.5729,0.66,0.8231,24
1581480657.431,0.76,0.5764,0.7,0.7979,24
1581480657.706,0.79,0.5694,0.7,0.7884,24
1581480657.98,0.76,0.5978,0.71,0.8252,24
1581480658.257,0.77,0.5981,0.69,0.8673,24
1581480658.536,0.78,0.5619,0.69,0.8262,24
1581480658.82,0.79,0.5434,0.69,0.8095,24
1581480659.112,0.74,0.6305,0.66,0.8563,24
1581480659.404,0.78,0.5648,0.68,0.8151,24
1581480659.696,0.76,0.5727,0.63,0.8692,24
1581480659.969,0.78,0.5954,0.69,0.8222,24
1581480660.245,0.78,0.5863,0.66,0.8654,24
1581480660.522,0.78,0.6008,0.69,0.8339,24
1581480660.811,0.77,0.5682,0.69,0.8131,24
1581480661.084,0.77,0.5879,0.71,0.8282,24
1581480661.364,0.79,0.5435,0.69,0.8062,24
1581480661.64,0.77,0.5634,0.69,0.7996,24
1581480661.914,0.78,0.5764,0.65,0.8082,24
1581480662.187,0.75,0.5713,0.7,0.7643,24
1581480662.283,0.87,0.3742,0.68,0.8132,24
1581480662.564,0.76,0.5904,0.7,0.8204,25
1581480662.849,0.77,0.5621,0.67,0.8544,25
1581480663.123,0.75,0.6257,0.75,0.7688,25
1581480663.396,0.78,0.5418,0.72,0.7614,25
1581480663.671,0.78,0.5448,0.68,0.7913,25
1581480663.943,0.78,0.5529,0.68,0.8023,25
1581480664.222,0.78,0.5481,0.7,0.8136,25
1581480664.499,0.78,0.5866,0.71,0.8234,25
1581480664.773,0.8,0.5426,0.71,0.8254,25
1581480665.046,0.81,0.5228,0.69,0.8269,25
1581480665.318,0.75,0.5885,0.7,0.803,25
1581480665.595,0.8,0.5109,0.71,0.8028,25
1581480665.871,0.78,0.5407,0.7,0.831,25
1581480666.146,0.79,0.548,0.7,0.8233,25
1581480666.42,0.78,0.5847,0.71,0.8177,25
1581480666.701,0.78,0.5591,0.66,0.8453,25
1581480666.976,0.8,0.5338,0.7,0.8413,25
1581480667.251,0.77,0.5806,0.72,0.822,25
1581480667.525,0.8,0.5254,0.71,0.8238,25
1581480667.802,0.78,0.542,0.68,0.8387,25
1581480668.076,0.78,0.5491,0.67,0.7925,25
1581480668.351,0.79,0.5193,0.69,0.7629,25
1581480668.449,0.88,0.3501,0.69,0.7727,25
1581480668.744,0.78,0.545,0.71,0.7866,26
1581480669.017,0.8,0.5185,0.72,0.815,26
1581480669.293,0.78,0.5579,0.72,0.8,26
1581480669.568,0.8,0.5363,0.72,0.7867,26
1581480669.845,0.78,0.536,0.7,0.8099,26
1581480670.138,0.79,0.5477,0.66,0.8253,26
1581480670.431,0.78,0.5396,0.68,0.829,26
1581480670.722,0.78,0.5894,0.7,0.8213,26
1581480670.997,0.79,0.524,0.7,0.8322,26
1581480671.274,0.8,0.5187,0.68,0.8396,26
1581480671.562,0.77,0.5663,0.68,0.8189,26
1581480671.845,0.81,0.4955,0.69,0.8197,26
1581480672.121,0.78,0.5357,0.67,0.8388,26
1581480672.404,0.79,0.5374,0.67,0.8294,26
1581480672.68,0.79,0.5687,0.67,0.8193,26
1581480672.958,0.78,0.5604,0.65,0.8327,26
1581480673.231,0.8,0.5232,0.68,0.8259,26
1581480673.505,0.78,0.5654,0.71,0.8213,26
1581480673.78,0.8,0.5163,0.71,0.8337,26
1581480674.056,0.79,0.5325,0.67,0.8571,26
1581480674.334,0.78,0.5439,0.7,0.7852,26
1581480674.608,0.81,0.4961,0.72,0.7548,26
1581480674.704,0.89,0.3251,0.69,0.7645,26
1581480674.984,0.79,0.5307,0.74,0.7705,27
1581480675.259,0.8,0.5058,0.73,0.7857,27
1581480675.535,0.8,0.5269,0.73,0.8008,27
1581480675.81,0.81,0.5103,0.71,0.8051,27
1581480676.085,0.78,0.5265,0.7,0.8132,27
1581480676.361,0.79,0.5312,0.68,0.8185,27
1581480676.635,0.8,0.5011,0.69,0.7919,27
1581480676.911,0.78,0.5616,0.69,0.8205,27
1581480677.188,0.79,0.5229,0.7,0.8347,27
1581480677.465,0.8,0.5152,0.69,0.8185,27
1581480677.74,0.79,0.5373,0.67,0.8347,27
1581480678.02,0.82,0.4872,0.69,0.8509,27
1581480678.3,0.77,0.5463,0.67,0.853,27
1581480678.578,0.79,0.5271,0.67,0.839,27
1581480678.884,0.79,0.5525,0.68,0.825,27
1581480679.16,0.78,0.5659,0.67,0.843,27
1581480679.437,0.81,0.5171,0.66,0.8159,27
1581480679.712,0.79,0.5483,0.66,0.819,27
1581480679.988,0.8,0.527,0.73,0.8238,27
1581480680.263,0.79,0.518,0.66,0.8882,27
1581480680.539,0.78,0.5462,0.73,0.7726,27
1581480680.815,0.81,0.4813,0.73,0.7506,27
1581480680.91,0.9,0.3063,0.7,0.766,27
1581480681.187,0.8,0.5227,0.69,0.7795,28
1581480681.466,0.8,0.5009,0.73,0.7618,28
1581480681.742,0.81,0.506,0.72,0.8006,28
1581480682.018,0.82,0.4746,0.71,0.8296,28
1581480682.294,0.78,0.517,0.68,0.8438,28
1581480682.569,0.79,0.5421,0.68,0.8401,28
1581480682.845,0.81,0.4819,0.68,0.8133,28
1581480683.125,0.79,0.5494,0.67,0.8084,28
1581480683.399,0.78,0.529,0.68,0.8284,28
1581480683.684,0.8,0.5033,0.71,0.8202,28
1581480683.96,0.78,0.5286,0.69,0.8228,28
1581480684.237,0.83,0.4554,0.7,0.8299,28
1581480684.516,0.79,0.5074,0.69,0.8506,28
1581480684.791,0.8,0.5163,0.66,0.8386,28
1581480685.064,0.79,0.5338,0.68,0.7988,28
1581480685.344,0.79,0.5227,0.67,0.8058,28
1581480685.626,0.82,0.4822,0.67,0.8139,28
1581480685.9,0.78,0.5463,0.71,0.7936,28
1581480686.182,0.81,0.4939,0.73,0.8174,28
1581480686.46,0.8,0.5027,0.65,0.9146,28
1581480686.745,0.78,0.5365,0.7,0.8077,28
1581480687.023,0.81,0.475,0.75,0.7828,28
1581480687.117,0.91,0.2878,0.71,0.7895,28
1581480687.392,0.8,0.5085,0.69,0.8045,29
1581480687.666,0.8,0.4914,0.72,0.7677,29
1581480687.942,0.81,0.508,0.7,0.7873,29
1581480688.222,0.83,0.4599,0.7,0.8278,29
1581480688.496,0.8,0.4875,0.68,0.8557,29
1581480688.77,0.8,0.5293,0.7,0.8515,29
1581480689.05,0.8,0.4762,0.68,0.8444,29
1581480689.325,0.8,0.5356,0.69,0.796,29
1581480689.599,0.8,0.4814,0.68,0.8267,29
1581480689.873,0.82,0.4868,0.7,0.8272,29
1581480690.153,0.78,0.5221,0.7,0.8272,29
1581480690.427,0.83,0.4498,0.68,0.8525,29
1581480690.7,0.79,0.5093,0.67,0.8832,29
1581480690.978,0.8,0.4991,0.66,0.8812,29
1581480691.253,0.8,0.5354,0.68,0.8186,29
1581480691.529,0.8,0.5171,0.66,0.804,29
1581480691.805,0.82,0.4659,0.68,0.828,29
1581480692.08,0.79,0.5423,0.71,0.8009,29
1581480692.358,0.81,0.4918,0.72,0.8205,29
1581480692.633,0.79,0.5013,0.67,0.8997,29
1581480692.919,0.8,0.5161,0.68,0.8333,29
1581480693.192,0.83,0.457,0.73,0.8284,29
1581480693.286,0.9,0.2852,0.74,0.8252,29
1581480693.563,0.79,0.5116,0.67,0.8892,30
1581480693.839,0.8,0.4995,0.7,0.7797,30
1581480694.116,0.81,0.4869,0.68,0.7822,30
1581480694.397,0.81,0.464,0.65,0.8272,30
1581480694.67,0.8,0.4815,0.68,0.8387,30
1581480694.943,0.81,0.489,0.69,0.8728,30
1581480695.224,0.81,0.4779,0.66,0.9045,30
1581480695.499,0.8,0.5418,0.72,0.8302,30
1581480695.772,0.82,0.455,0.67,0.8328,30
1581480696.046,0.83,0.4525,0.68,0.8267,30
1581480696.32,0.79,0.5074,0.68,0.8768,30
1581480696.594,0.82,0.472,0.68,0.8292,30
1581480696.869,0.8,0.4948,0.67,0.8718,30
1581480697.146,0.8,0.4919,0.67,0.9258,30
1581480697.425,0.78,0.5389,0.66,0.8664,30
1581480697.702,0.81,0.5102,0.69,0.8371,30
1581480697.976,0.81,0.4896,0.67,0.8296,30
1581480698.25,0.8,0.5225,0.68,0.8171,30
1581480698.529,0.81,0.4931,0.66,0.8505,30
1581480698.803,0.79,0.5088,0.67,0.8154,30
1581480699.076,0.82,0.4819,0.65,0.8698,30
1581480699.357,0.79,0.4801,0.73,0.8091,30
1581480699.452,0.92,0.2543,0.7,0.8633,30
1581480699.729,0.77,0.5407,0.66,0.9087,31
1581480700.003,0.78,0.5181,0.68,0.8505,31
1581480700.278,0.81,0.5068,0.69,0.8161,31
1581480700.56,0.8,0.5133,0.69,0.7974,31
1581480700.854,0.81,0.4708,0.65,0.8716,31
1581480701.146,0.79,0.5232,0.66,0.9436,31
1581480701.438,0.77,0.5454,0.65,0.8943,31
1581480701.715,0.79,0.5251,0.65,0.9499,31
1581480701.989,0.78,0.5378,0.68,0.8493,31
1581480702.263,0.83,0.4471,0.68,0.8415,31
1581480702.539,0.8,0.5295,0.62,0.9228,31
1581480702.818,0.81,0.5165,0.71,0.7971,31
1581480703.09,0.81,0.4883,0.68,0.8313,31
1581480703.364,0.81,0.524,0.66,0.8692,31
1581480703.642,0.79,0.5031,0.67,0.9291,31
1581480703.916,0.79,0.5324,0.66,0.8601,31
1581480704.19,0.81,0.4742,0.68,0.8458,31
1581480704.464,0.79,0.541,0.65,0.8333,31
1581480704.74,0.79,0.524,0.67,0.8229,31
1581480705.013,0.8,0.5075,0.69,0.8501,31
1581480705.286,0.81,0.5165,0.64,0.8172,31
1581480705.562,0.82,0.4729,0.68,0.8162,31
1581480705.658,0.91,0.3113,0.73,0.8263,31
1581480705.933,0.8,0.5107,0.69,0.8406,32
1581480706.206,0.8,0.5212,0.69,0.8655,32
1581480706.484,0.79,0.5272,0.71,0.902,32
1581480706.758,0.81,0.4962,0.69,0.8436,32
1581480707.032,0.77,0.569,0.71,0.9085,32
1581480707.308,0.76,0.5704,0.7,0.8498,32
1581480707.583,0.82,0.4593,0.61,1.0324,32
1581480707.856,0.73,0.6689,0.63,0.844,32
1581480708.13,0.81,0.4795,0.68,0.8701,32
1581480708.404,0.8,0.5105,0.74,0.7859,32
1581480708.679,0.79,0.5257,0.67,0.8642,32
1581480708.956,0.8,0.4991,0.68,0.82,32
1581480709.23,0.78,0.5052,0.69,0.7698,32
1581480709.505,0.79,0.5004,0.69,0.7632,32
1581480709.782,0.78,0.5509,0.68,0.8192,32
1581480710.058,0.81,0.5009,0.67,0.8993,32
1581480710.333,0.81,0.4881,0.69,0.8465,32
1581480710.607,0.82,0.4938,0.7,0.8308,32
1581480710.882,0.81,0.5022,0.68,0.8122,32
1581480711.156,0.83,0.4735,0.66,0.8517,32
1581480711.43,0.82,0.4864,0.66,0.8507,32
1581480711.705,0.82,0.4621,0.65,0.8096,32
1581480711.8,0.91,0.2784,0.69,0.8101,32
1581480712.075,0.79,0.5071,0.71,0.805,33
1581480712.35,0.82,0.4324,0.66,0.8684,33
1581480712.627,0.8,0.5052,0.74,0.7817,33
1581480712.901,0.83,0.4423,0.72,0.793,33
1581480713.179,0.81,0.4993,0.71,0.7754,33
1581480713.458,0.82,0.4636,0.71,0.7581,33
1581480713.736,0.79,0.4798,0.68,0.7674,33
1581480714.008,0.8,0.503,0.69,0.7785,33
1581480714.287,0.82,0.4658,0.68,0.8514,33
1581480714.56,0.83,0.4662,0.71,0.7878,33
1581480714.851,0.8,0.4995,0.72,0.7966,33
1581480715.127,0.82,0.4432,0.69,0.8237,33
1581480715.403,0.81,0.4724,0.66,0.8452,33
1581480715.68,0.81,0.4499,0.68,0.837,33
1581480715.955,0.82,0.4753,0.66,0.8229,33
1581480716.229,0.81,0.4873,0.62,0.91,33
1581480716.504,0.81,0.4553,0.66,0.8683,33
1581480716.79,0.81,0.4788,0.67,0.8075,33
1581480717.063,0.83,0.4549,0.69,0.8176,33
1581480717.34,0.81,0.4624,0.66,0.8679,33
1581480717.618,0.83,0.45,0.65,0.8605,33
1581480717.893,0.83,0.4381,0.71,0.7986,33
1581480717.988,0.93,0.2424,0.7,0.8557,33
1581480718.264,0.79,0.5013,0.68,0.8291,34
1581480718.539,0.83,0.4238,0.63,0.9053,34
1581480718.825,0.8,0.4881,0.71,0.7844,34
1581480719.115,0.83,0.4092,0.69,0.8102,34
1581480719.408,0.81,0.477,0.67,0.8215,34
1581480719.7,0.81,0.4552,0.7,0.7959,34
1581480719.997,0.81,0.4431,0.66,0.8253,34
1581480720.269,0.79,0.5018,0.7,0.766,34
1581480720.545,0.82,0.4207,0.66,0.8652,34
1581480720.833,0.84,0.4421,0.7,0.7948,34
1581480721.107,0.81,0.4658,0.71,0.8193,34
1581480721.381,0.84,0.4342,0.72,0.8063,34
1581480721.658,0.82,0.4424,0.66,0.8798,34
1581480721.933,0.82,0.4539,0.7,0.8314,34
1581480722.208,0.83,0.4401,0.69,0.8598,34
1581480722.481,0.81,0.4781,0.63,0.8782,34
1581480722.757,0.83,0.4227,0.6,0.8568,34
1581480723.035,0.81,0.477,0.73,0.8095,34
1581480723.308,0.83,0.4393,0.72,0.8178,34
1581480723.582,0.82,0.4555,0.65,0.9121,34
1581480723.858,0.82,0.4491,0.64,0.8951,34
1581480724.134,0.83,0.4407,0.68,0.7905,34
1581480724.229,0.93,0.2365,0.7,0.8735,34
1581480724.505,0.78,0.5196,0.69,0.8418,35
1581480724.778,0.84,0.4137,0.64,0.9541,35
1581480725.053,0.8,0.5075,0.72,0.7525,35
1581480725.328,0.84,0.3934,0.7,0.8425,35
1581480725.601,0.8,0.5133,0.69,0.7653,35
1581480725.878,0.85,0.4123,0.66,0.827,35
1581480726.16,0.8,0.4714,0.67,0.7705,35
1581480726.433,0.81,0.46,0.67,0.7997,35
1581480726.706,0.82,0.458,0.67,0.7862,35
1581480726.988,0.86,0.383,0.64,0.9033,35
1581480727.262,0.78,0.5238,0.69,0.7904,35
1581480727.536,0.87,0.3711,0.7,0.8661,35
1581480727.815,0.8,0.5066,0.7,0.7967,35
1581480728.089,0.83,0.4033,0.67,0.9076,35
1581480728.363,0.81,0.491,0.69,0.8183,35
1581480728.637,0.84,0.4369,0.69,0.9013,35
1581480728.91,0.83,0.4454,0.66,0.8742,35
1581480729.19,0.83,0.4509,0.61,0.8769,35
1581480729.464,0.81,0.474,0.67,0.8169,35
1581480729.741,0.83,0.4207,0.69,0.8052,35
1581480730.042,0.82,0.4539,0.67,0.8411,35
1581480730.337,0.85,0.3993,0.64,0.8306,35
1581480730.441,0.92,0.2462,0.7,0.7895,35
1581480730.735,0.84,0.4319,0.72,0.7902,36
1581480731.011,0.84,0.4285,0.69,0.854,36
1581480731.293,0.83,0.4412,0.66,0.8737,36
1581480731.581,0.83,0.4238,0.7,0.7549,36
1581480731.855,0.84,0.4095,0.72,0.7522,36
1581480732.129,0.83,0.4417,0.67,0.7799,36
1581480732.409,0.83,0.4111,0.66,0.8882,36
1581480732.681,0.8,0.5414,0.7,0.7358,36
1581480732.953,0.84,0.3939,0.7,0.7649,36
1581480733.227,0.82,0.4465,0.66,0.7971,36
1581480733.502,0.82,0.4503,0.69,0.8781,36
1581480733.776,0.84,0.4412,0.69,0.8415,36
1581480734.049,0.81,0.4649,0.7,0.847,36
1581480734.337,0.83,0.4528,0.7,0.8384,36
1581480734.61,0.8,0.4604,0.65,0.8769,36
1581480734.884,0.81,0.4657,0.69,0.8385,36
1581480735.157,0.84,0.4182,0.71,0.8383,36
1581480735.435,0.82,0.4611,0.66,0.8008,36
1581480735.709,0.84,0.4305,0.64,0.8333,36
1581480735.984,0.83,0.4332,0.69,0.8067,36
1581480736.259,0.85,0.4074,0.67,0.8327,36
1581480736.535,0.85,0.3853,0.65,0.8109,36
1581480736.63,0.95,0.1994,0.7,0.7988,36
1581480736.912,0.84,0.4064,0.7,0.7976,37
1581480737.186,0.85,0.4061,0.66,0.8174,37
1581480737.459,0.85,0.3996,0.63,0.8761,37
1581480737.733,0.84,0.3966,0.71,0.7845,37
1581480738.008,0.85,0.3883,0.71,0.8151,37
1581480738.28,0.82,0.4462,0.7,0.7707,37
1581480738.554,0.84,0.3865,0.68,0.8734,37
1581480738.829,0.82,0.4823,0.71,0.8125,37
1581480739.104,0.85,0.4145,0.67,0.7796,37
1581480739.378,0.86,0.3833,0.69,0.8252,37
1581480739.656,0.79,0.5228,0.7,0.8242,37
1581480739.931,0.86,0.3858,0.68,0.8863,37
1581480740.205,0.81,0.4773,0.73,0.8406,37
1581480740.488,0.83,0.4292,0.69,0.836,37
1581480740.762,0.83,0.4314,0.7,0.8709,37
1581480741.036,0.81,0.4679,0.7,0.83,37
1581480741.312,0.86,0.3813,0.72,0.8421,37
1581480741.589,0.81,0.4778,0.7,0.79,37
1581480741.863,0.85,0.3961,0.67,0.8188,37
1581480742.137,0.84,0.4133,0.63,0.7862,37
1581480742.412,0.84,0.4198,0.66,0.8096,37
1581480742.686,0.87,0.3636,0.66,0.8433,37
1581480742.78,0.95,0.1958,0.69,0.8491,37
1581480743.057,0.83,0.4196,0.7,0.7928,38
1581480743.331,0.86,0.3702,0.67,0.8299,38
1581480743.609,0.83,0.4184,0.66,0.8415,38
1581480743.887,0.86,0.36,0.7,0.811,38
1581480744.16,0.84,0.3933,0.71,0.7916,38
1581480744.437,0.85,0.3891,0.71,0.7854,38
1581480744.714,0.83,0.4013,0.64,0.8551,38
1581480744.988,0.82,0.4585,0.69,0.7887,38
1581480745.261,0.86,0.366,0.69,0.831,38
1581480745.545,0.85,0.4087,0.68,0.8468,38
1581480745.821,0.83,0.4351,0.65,0.8094,38
1581480746.095,0.84,0.3924,0.72,0.8076,38
1581480746.376,0.84,0.4116,0.75,0.8246,38
1581480746.67,0.85,0.3913,0.72,0.8585,38
1581480746.943,0.83,0.4062,0.69,0.8827,38
1581480747.218,0.82,0.4342,0.67,0.8934,38
1581480747.492,0.84,0.3891,0.72,0.8193,38
1581480747.765,0.85,0.4055,0.71,0.8216,38
1581480748.039,0.85,0.4033,0.68,0.8371,38
1581480748.313,0.85,0.3907,0.69,0.8086,38
1581480748.587,0.86,0.3976,0.62,0.8497,38
1581480748.861,0.85,0.377,0.66,0.8055,38
1581480748.955,0.95,0.1816,0.68,0.8372,38
1581480749.23,0.84,0.4125,0.71,0.7995,39
1581480749.505,0.86,0.3583,0.67,0.8221,39
1581480749.779,0.85,0.3841,0.68,0.8497,39
1581480750.055,0.86,0.3638,0.67,0.7904,39
1581480750.333,0.88,0.348,0.68,0.8027,39
1581480750.61,0.86,0.3647,0.69,0.8175,39
1581480750.884,0.85,0.3627,0.64,0.8642,39
1581480751.157,0.85,0.4217,0.69,0.8464,39
1581480751.431,0.85,0.3668,0.66,0.8005,39
1581480751.705,0.87,0.355,0.66,0.9022,39
1581480751.978,0.82,0.4394,0.7,0.8214,39
1581480752.251,0.88,0.335,0.69,0.8581,39
1581480752.526,0.82,0.4244,0.74,0.8039,39
1581480752.812,0.86,0.355,0.72,0.8666,39
1581480753.087,0.85,0.3878,0.72,0.9035,39
1581480753.36,0.85,0.4132,0.69,0.9002,39
1581480753.638,0.86,0.3736,0.69,0.8896,39
1581480753.912,0.85,0.4141,0.71,0.8075,39
1581480754.187,0.86,0.3863,0.68,0.8495,39
1581480754.462,0.84,0.3972,0.69,0.8096,39
1581480754.737,0.86,0.3767,0.65,0.9228,39
1581480755.012,0.85,0.3807,0.66,0.8257,39
1581480755.11,0.95,0.1703,0.71,0.8454,39
1581480755.392,0.84,0.392,0.69,0.8289,40
1581480755.674,0.87,0.3432,0.67,0.8691,40
1581480755.949,0.86,0.3819,0.66,0.8682,40
1581480756.223,0.88,0.3439,0.7,0.7942,40
1581480756.499,0.88,0.3516,0.7,0.814,40
1581480756.774,0.87,0.3589,0.67,0.8486,40
1581480757.05,0.86,0.3556,0.7,0.8785,40
1581480757.33,0.85,0.4057,0.71,0.8786,40
1581480757.605,0.86,0.3595,0.64,0.8067,40
1581480757.899,0.88,0.3365,0.67,0.9066,40
1581480758.177,0.82,0.4503,0.69,0.8166,40
1581480758.451,0.89,0.3158,0.7,0.8603,40
1581480758.729,0.83,0.4217,0.72,0.7779,40
1581480759.005,0.86,0.3448,0.73,0.8345,40
1581480759.28,0.84,0.3919,0.69,0.9118,40
1581480759.556,0.84,0.4169,0.67,0.8792,40
1581480759.831,0.87,0.3653,0.65,0.9623,40
1581480760.106,0.83,0.4467,0.69,0.797,40
1581480760.383,0.86,0.3777,0.7,0.8887,40
1581480760.664,0.83,0.4172,0.7,0.8087,40
1581480760.959,0.86,0.374,0.66,0.9226,40
1581480761.25,0.85,0.3805,0.67,0.8913,40
1581480761.352,0.92,0.1968,0.7,0.8117,40
1581480761.642,0.87,0.354,0.7,0.8637,41
1581480761.918,0.84,0.3887,0.69,0.8305,41
1581480762.191,0.86,0.3733,0.63,0.935,41
1581480762.466,0.87,0.3706,0.69,0.8921,41
1581480762.749,0.84,0.4251,0.7,0.7824,41
1581480763.03,0.86,0.3506,0.67,0.9627,41
1581480763.304,0.8,0.4614,0.65,0.8353,41
1581480763.578,0.86,0.3815,0.67,1.0633,41
1581480763.854,0.82,0.4637,0.67,0.8468,41
1581480764.129,0.88,0.3634,0.65,0.9476,41
1581480764.405,0.81,0.4653,0.67,0.8777,41
1581480764.684,0.84,0.3971,0.73,0.7978,41
1581480764.958,0.86,0.3738,0.66,0.9845,41
1581480765.233,0.79,0.4722,0.7,0.7875,41
1581480765.508,0.84,0.3893,0.7,0.8415,41
1581480765.782,0.82,0.4543,0.67,0.9667,41
1581480766.055,0.8,0.491,0.72,0.8109,41
1581480766.332,0.85,0.3909,0.61,1.053,41
1581480766.605,0.78,0.5481,0.68,0.8739,41
1581480766.879,0.86,0.3855,0.68,1.0296,41
1581480767.165,0.82,0.4629,0.66,0.9587,41
1581480767.439,0.83,0.4447,0.72,0.8341,41
1581480767.533,0.96,0.1794,0.69,0.9034,41
1581480767.816,0.83,0.4342,0.68,0.9332,42
1581480768.089,0.85,0.3922,0.69,0.8339,42
1581480768.363,0.86,0.3701,0.67,0.8203,42
1581480768.638,0.86,0.3557,0.68,0.7967,42
1581480768.912,0.88,0.3601,0.72,0.7813,42
1581480769.193,0.88,0.3414,0.69,0.8154,42
1581480769.468,0.85,0.3612,0.62,0.8411,42
1581480769.741,0.85,0.4007,0.68,0.7745,42
1581480770.016,0.87,0.3431,0.67,0.7798,42
1581480770.29,0.86,0.3651,0.65,0.7887,42
1581480770.565,0.85,0.3905,0.69,0.8926,42
1581480770.842,0.87,0.3514,0.73,0.7884,42
1581480771.117,0.85,0.3835,0.72,0.7859,42
1581480771.393,0.87,0.3636,0.69,0.8473,42
1581480771.669,0.84,0.3952,0.66,0.8449,42
1581480771.944,0.84,0.3895,0.74,0.7619,42
1581480772.22,0.87,0.3601,0.73,0.7484,42
1581480772.495,0.85,0.3873,0.71,0.7794,42
1581480772.771,0.85,0.3862,0.7,0.7659,42
1581480773.044,0.87,0.3642,0.72,0.7765,42
1581480773.327,0.87,0.3501,0.7,0.8369,42
1581480773.603,0.88,0.3361,0.71,0.7902,42
1581480773.697,0.95,0.1593,0.68,0.7825,42
1581480773.978,0.85,0.3774,0.67,0.814,43
1581480774.255,0.88,0.336,0.69,0.842,43
1581480774.543,0.86,0.3656,0.68,0.7793,43
1581480774.818,0.87,0.3244,0.7,0.7434,43
1581480775.091,0.88,0.3346,0.7,0.7421,43
1581480775.372,0.88,0.333,0.66,0.785,43
1581480775.652,0.86,0.3285,0.66,0.8203,43
1581480775.925,0.86,0.3708,0.67,0.8015,43
1581480776.198,0.87,0.3329,0.65,0.8124,43
1581480776.473,0.87,0.3417,0.66,0.8477,43
1581480776.759,0.85,0.3821,0.66,0.928,43
1581480777.035,0.86,0.3337,0.71,0.8819,43
1581480777.308,0.85,0.3851,0.7,0.8686,43
1581480777.582,0.87,0.3294,0.68,0.9299,43
1581480777.859,0.83,0.4016,0.7,0.8227,43
1581480778.132,0.86,0.3578,0.68,0.8914,43
1581480778.412,0.85,0.3781,0.68,0.793,43
1581480778.689,0.86,0.3531,0.7,0.8626,43
1581480778.981,0.83,0.4165,0.68,0.7881,43
1581480779.274,0.88,0.338,0.7,0.8982,43
1581480779.563,0.86,0.3631,0.7,0.8778,43
1581480779.852,0.89,0.326,0.71,0.8249,43
1581480779.947,0.97,0.1417,0.69,0.8585,43
1581480780.223,0.85,0.3825,0.67,0.8697,44
1581480780.501,0.88,0.3225,0.67,0.8636,44
1581480780.791,0.86,0.3511,0.69,0.7992,44
1581480781.067,0.88,0.3083,0.69,0.7671,44
1581480781.343,0.89,0.3181,0.68,0.7762,44
1581480781.618,0.9,0.3259,0.64,0.7986,44
1581480781.894,0.87,0.322,0.68,0.8369,44
1581480782.168,0.87,0.3619,0.66,0.8022,44
1581480782.443,0.88,0.3155,0.66,0.8166,44
1581480782.717,0.87,0.3328,0.65,0.8465,44
1581480782.991,0.85,0.3662,0.67,0.9554,44
1581480783.265,0.88,0.3189,0.7,0.9042,44
1581480783.546,0.85,0.3772,0.69,0.8816,44
1581480783.82,0.89,0.3065,0.64,1.0134,44
1581480784.1,0.84,0.3992,0.7,0.8411,44
1581480784.39,0.87,0.3421,0.69,0.9014,44
1581480784.664,0.86,0.3635,0.7,0.8045,44
1581480784.937,0.87,0.3416,0.69,0.8269,44
1581480785.211,0.84,0.3924,0.7,0.7842,44
1581480785.488,0.87,0.3517,0.7,0.8721,44
1581480785.763,0.86,0.3467,0.72,0.8847,44
1581480786.04,0.89,0.3173,0.75,0.816,44
1581480786.134,0.97,0.1379,0.71,0.856,44
1581480786.409,0.85,0.3856,0.66,0.9239,45
1581480786.687,0.87,0.3376,0.69,0.9028,45
1581480786.962,0.86,0.3555,0.69,0.791,45
1581480787.244,0.87,0.3168,0.71,0.7749,45
1581480787.518,0.88,0.31,0.67,0.8054,45
1581480787.793,0.9,0.3123,0.68,0.8144,45
1581480788.067,0.86,0.3141,0.72,0.8214,45
1581480788.347,0.87,0.3443,0.69,0.8196,45
1581480788.623,0.87,0.3237,0.69,0.7987,45
1581480788.897,0.89,0.3112,0.68,0.7989,45
1581480789.171,0.85,0.3614,0.68,0.9294,45
1581480789.445,0.88,0.2928,0.66,0.9522,45
1581480789.722,0.86,0.3668,0.7,0.8956,45
1581480790.012,0.88,0.3225,0.65,0.9852,45
1581480790.302,0.84,0.3851,0.65,0.9578,45
1581480790.592,0.85,0.3566,0.7,0.8743,45
1581480790.881,0.87,0.335,0.69,0.8346,45
1581480791.155,0.85,0.351,0.68,0.821,45
1581480791.442,0.85,0.3759,0.71,0.8051,45
1581480791.721,0.86,0.3686,0.7,0.8173,45
1581480791.997,0.87,0.3269,0.7,0.9425,45
1581480792.274,0.89,0.3287,0.75,0.8483,45
1581480792.369,0.97,0.1322,0.72,0.8766,45
1581480792.65,0.85,0.3881,0.68,0.8978,46
1581480792.927,0.87,0.3292,0.65,0.9934,46
1581480793.202,0.83,0.3978,0.7,0.7955,46
1581480793.477,0.88,0.3154,0.71,0.7635,46
1581480793.751,0.87,0.3431,0.66,0.7683,46
1581480794.025,0.9,0.2962,0.66,0.8387,46
1581480794.303,0.87,0.3156,0.7,0.8323,46
1581480794.588,0.87,0.3322,0.68,0.8459,46
1581480794.877,0.87,0.336,0.65,0.8125,46
1581480795.165,0.88,0.3295,0.68,0.7667,46
1581480795.449,0.86,0.3487,0.68,0.7867,46
1581480795.733,0.89,0.2905,0.68,0.9217,46
1581480796.007,0.88,0.3562,0.7,0.9394,46
1581480796.287,0.88,0.3131,0.72,0.9314,46
1581480796.562,0.86,0.3655,0.66,1.0142,46
1581480796.851,0.84,0.3937,0.67,0.9383,46
1581480797.139,0.88,0.3095,0.73,0.8688,46
1581480797.425,0.85,0.3605,0.68,0.8401,46
1581480797.705,0.88,0.3481,0.71,0.8201,46
1581480797.989,0.87,0.3458,0.7,0.7994,46
1581480798.269,0.86,0.3535,0.68,0.8695,46
1581480798.553,0.88,0.3292,0.71,0.8405,46
1581480798.65,0.96,0.1451,0.73,0.8799,46
1581480798.944,0.85,0.367,0.7,0.885,47
1581480799.227,0.89,0.3098,0.64,1.0098,47
1581480799.511,0.83,0.4024,0.69,0.8823,47
1581480799.794,0.87,0.329,0.7,0.8168,47
1581480800.074,0.85,0.3817,0.71,0.7574,47
1581480800.351,0.89,0.3204,0.66,0.8101,47
1581480800.641,0.87,0.3153,0.65,0.849,47
1581480800.917,0.89,0.3235,0.67,0.8951,47
1581480801.192,0.87,0.3414,0.67,0.8936,47
1581480801.471,0.85,0.398,0.67,0.89,47
1581480801.757,0.84,0.419,0.71,0.7539,47
1581480802.043,0.88,0.3145,0.71,0.7992,47
1581480802.323,0.87,0.3532,0.71,0.9452,47
1581480802.6,0.88,0.3339,0.72,0.9499,47
1581480802.879,0.85,0.3599,0.68,0.9516,47
1581480803.163,0.84,0.3971,0.65,1.014,47
1581480803.44,0.86,0.3439,0.67,0.9904,47
1581480803.719,0.86,0.3664,0.7,0.9468,47
1581480803.995,0.86,0.3666,0.7,0.8847,47
1581480804.272,0.88,0.3207,0.63,0.9552,47
1581480804.549,0.83,0.3855,0.66,0.9159,47
1581480804.822,0.86,0.3629,0.67,0.8969,47
1581480804.917,0.94,0.183,0.67,0.9679,47
1581480805.199,0.83,0.4246,0.66,0.9236,48
1581480805.473,0.87,0.3336,0.68,0.9097,48
1581480805.747,0.86,0.3695,0.71,0.8996,48
1581480806.019,0.86,0.3443,0.72,0.8715,48
1581480806.296,0.86,0.3637,0.72,0.8708,48
1581480806.573,0.86,0.3716,0.68,0.824,48
1581480806.849,0.86,0.3469,0.67,0.8472,48
1581480807.128,0.86,0.3369,0.67,0.8669,48
1581480807.41,0.87,0.3177,0.66,0.9483,48
1581480807.687,0.87,0.3676,0.66,0.9256,48
1581480807.965,0.85,0.3613,0.67,0.9523,48
1581480808.241,0.88,0.3474,0.66,0.8381,48
1581480808.519,0.85,0.4104,0.68,0.7746,48
1581480808.8,0.88,0.3041,0.72,0.959,48
1581480809.076,0.85,0.3902,0.67,0.8894,48
1581480809.352,0.87,0.3493,0.71,0.8142,48
1581480809.628,0.88,0.3197,0.73,0.8469,48
1581480809.905,0.85,0.3885,0.69,0.9443,48
1581480810.193,0.86,0.3833,0.69,0.9313,48
1581480810.476,0.85,0.3797,0.67,0.8547,48
1581480810.772,0.87,0.3429,0.68,0.9711,48
1581480811.05,0.86,0.3582,0.7,0.9307,48
1581480811.147,0.92,0.2152,0.68,0.9126,48
1581480811.424,0.84,0.381,0.66,0.9928,49
1581480811.703,0.85,0.3825,0.65,1.0246,49
1581480811.981,0.84,0.3777,0.69,1.0069,49
1581480812.262,0.88,0.3294,0.7,0.8932,49
1581480812.54,0.87,0.3394,0.72,0.8719,49
1581480812.821,0.86,0.3688,0.73,0.8237,49
1581480813.1,0.87,0.3432,0.7,0.9347,49
1581480813.377,0.84,0.4112,0.66,0.7793,49
1581480813.652,0.88,0.3051,0.71,0.8899,49
1581480813.928,0.84,0.4124,0.69,0.7908,49
1581480814.202,0.87,0.348,0.68,0.9285,49
1581480814.477,0.86,0.3414,0.69,0.8523,49
1581480814.751,0.85,0.3662,0.7,0.8842,49
1581480815.026,0.86,0.3543,0.69,0.7926,49
1581480815.316,0.86,0.351,0.69,0.831,49
1581480815.593,0.86,0.3503,0.72,0.8358,49
1581480815.877,0.88,0.3161,0.75,0.7744,49
1581480816.152,0.87,0.3464,0.74,0.79,49
1581480816.426,0.86,0.3616,0.68,0.8113,49
1581480816.7,0.88,0.3224,0.66,0.9114,49
1581480816.977,0.87,0.3223,0.67,0.9097,49
1581480817.25,0.89,0.2965,0.68,0.8835,49
1581480817.345,0.96,0.1468,0.71,0.9521,49
1581480817.621,0.83,0.4072,0.68,0.9184,50
1581480817.906,0.88,0.3211,0.64,1.0314,50
1581480818.18,0.85,0.355,0.63,1.0395,50
1581480818.459,0.88,0.3218,0.71,0.8797,50
1581480818.731,0.89,0.2956,0.69,0.9327,50
1581480819.008,0.87,0.3558,0.7,0.8478,50
1581480819.282,0.87,0.3259,0.69,0.9224,50
1581480819.559,0.84,0.3794,0.71,0.8556,50
1581480819.839,0.88,0.3244,0.73,0.7851,50
1581480820.121,0.88,0.311,0.71,0.8075,50
1581480820.398,0.84,0.3804,0.68,0.97,50
1581480820.686,0.86,0.3408,0.67,0.9582,50
1581480820.98,0.84,0.4115,0.69,0.941,50
1581480821.272,0.87,0.3274,0.7,0.9418,50
1581480821.556,0.83,0.3803,0.71,0.8118,50
1581480821.833,0.87,0.3089,0.69,0.9436,50
1581480822.123,0.85,0.3608,0.72,0.825,50
1581480822.408,0.86,0.3487,0.78,0.8369,50
1581480822.687,0.85,0.4047,0.74,0.7965,50
1581480822.966,0.87,0.3513,0.65,0.9523,50
1581480823.247,0.86,0.3321,0.62,1.1251,50
1581480823.535,0.86,0.3745,0.69,0.9056,50
1581480823.631,0.97,0.1371,0.72,0.9932,50
1581480823.911,0.82,0.4512,0.71,0.9354,51
1581480824.187,0.86,0.3569,0.67,0.9952,51
1581480824.467,0.86,0.3553,0.62,1.1767,51
1581480824.746,0.84,0.3952,0.65,0.9837,51
1581480825.026,0.88,0.3286,0.69,0.9202,51
1581480825.308,0.88,0.3412,0.74,0.9495,51
1581480825.598,0.83,0.4307,0.69,0.909,51
1581480825.879,0.85,0.3709,0.7,0.9981,51
1581480826.159,0.84,0.4031,0.66,0.892,51
1581480826.445,0.86,0.3596,0.72,0.8038,51
1581480826.726,0.83,0.4353,0.68,0.884,51
1581480827.001,0.87,0.3219,0.66,1.0679,51
1581480827.281,0.83,0.4368,0.67,0.9577,51
1581480827.562,0.88,0.3227,0.7,1.0414,51
1581480827.843,0.82,0.4432,0.66,0.9324,51
1581480828.119,0.83,0.4136,0.72,0.8058,51
1581480828.396,0.88,0.2993,0.67,0.9428,51
1581480828.683,0.83,0.44,0.74,0.8039,51
1581480828.965,0.86,0.3611,0.68,0.8415,51
1581480829.243,0.83,0.4452,0.69,0.7524,51
1581480829.525,0.86,0.3739,0.64,1.0279,51
1581480829.803,0.84,0.4213,0.64,1.1145,51
1581480829.899,0.89,0.284,0.66,0.9565,51
1581480830.18,0.86,0.3503,0.63,1.0446,52
1581480830.461,0.84,0.4476,0.65,0.9893,52
1581480830.747,0.82,0.466,0.63,0.9737,52
1581480831.023,0.88,0.3115,0.59,1.2135,52
1581480831.298,0.79,0.5239,0.68,1.0048,52
1581480831.575,0.83,0.3937,0.68,0.8459,52
1581480831.854,0.84,0.3709,0.72,0.9332,52
1581480832.131,0.81,0.4948,0.73,0.7757,52
1581480832.41,0.86,0.3466,0.69,0.8592,52
1581480832.689,0.86,0.3709,0.65,0.8566,52
1581480832.964,0.81,0.48,0.72,0.7261,52
1581480833.242,0.85,0.3596,0.76,0.7261,52
1581480833.518,0.85,0.3825,0.72,0.7923,52
1581480833.804,0.85,0.3704,0.7,0.8504,52
1581480834.083,0.84,0.4049,0.7,0.8889,52
1581480834.358,0.84,0.3877,0.67,0.8868,52
1581480834.641,0.86,0.3751,0.71,0.8483,52
1581480834.922,0.81,0.4443,0.72,0.8041,52
1581480835.205,0.88,0.3284,0.67,0.9248,52
1581480835.484,0.84,0.4247,0.69,0.9181,52
1581480835.765,0.82,0.4499,0.67,0.842,52
1581480836.043,0.89,0.3115,0.66,0.901,52
1581480836.139,0.9,0.2475,0.65,0.8831,52
1581480836.417,0.81,0.4435,0.71,0.7966,53
1581480836.706,0.87,0.3617,0.71,0.8494,53
1581480836.988,0.82,0.4347,0.69,0.9471,53
1581480837.267,0.84,0.4046,0.68,0.9956,53
1581480837.546,0.85,0.3843,0.7,0.9397,53
1581480837.823,0.86,0.359,0.67,0.9488,53
1581480838.108,0.82,0.4443,0.67,0.9427,53
1581480838.385,0.85,0.4056,0.69,0.9598,53
1581480838.664,0.85,0.3817,0.68,0.9181,53
1581480838.965,0.85,0.4001,0.7,0.8345,53
1581480839.258,0.84,0.3943,0.71,0.7482,53
1581480839.549,0.88,0.3173,0.75,0.6842,53
1581480839.839,0.87,0.3668,0.73,0.7212,53
1581480840.117,0.85,0.3489,0.71,0.8243,53
1581480840.399,0.85,0.3642,0.69,0.8773,53
1581480840.679,0.86,0.3672,0.69,0.9107,53
1581480840.962,0.87,0.3447,0.72,0.9019,53
1581480841.245,0.86,0.3534,0.7,0.8556,53
1581480841.522,0.87,0.3513,0.68,0.8583,53
1581480841.8,0.86,0.34,0.63,0.8983,53
1581480842.081,0.85,0.3533,0.65,0.9167,53
1581480842.361,0.89,0.3059,0.68,0.9282,53
1581480842.465,0.97,0.1554,0.67,0.9282,53
1581480842.747,0.86,0.3523,0.7,0.8719,54
1581480843.037,0.89,0.2984,0.71,0.9464,54
1581480843.318,0.86,0.3858,0.65,1.0463,54
1581480843.597,0.85,0.3524,0.64,1.0006,54
1581480843.879,0.88,0.3383,0.68,0.9313,54
1581480844.156,0.88,0.3261,0.69,0.9414,54
1581480844.443,0.85,0.3839,0.74,0.8429,54
1581480844.72,0.88,0.3068,0.67,1.0286,54
1581480845.002,0.85,0.3848,0.68,1.0511,54
1581480845.28,0.87,0.3928,0.7,0.8374,54
1581480845.56,0.88,0.34,0.69,0.8364,54
1581480845.85,0.87,0.3389,0.7,0.8108,54
1581480846.149,0.85,0.3804,0.71,0.7656,54
1581480846.439,0.89,0.293,0.68,0.9771,54
1581480846.728,0.85,0.3893,0.68,1.0685,54
1581480847.003,0.83,0.4345,0.71,0.8496,54
1581480847.282,0.9,0.2994,0.73,0.8718,54
1581480847.573,0.87,0.3528,0.69,0.9026,54
1581480847.86,0.86,0.3867,0.69,0.8573,54
1581480848.141,0.86,0.3287,0.67,0.9265,54
1581480848.415,0.87,0.3659,0.67,1.0169,54
1581480848.696,0.86,0.3532,0.66,0.948,54
1581480848.79,0.96,0.1468,0.67,0.9076,54
1581480849.067,0.86,0.3511,0.68,0.9033,55
1581480849.345,0.87,0.3291,0.66,0.8974,55
1581480849.622,0.86,0.3559,0.64,1.0533,55
1581480849.899,0.88,0.313,0.63,1.2496,55
1581480850.199,0.83,0.4322,0.63,0.9882,55
1581480850.49,0.9,0.3032,0.67,0.9379,55
1581480850.781,0.87,0.3295,0.66,0.9444,55
1581480851.059,0.84,0.3929,0.67,0.8822,55
1581480851.339,0.87,0.3289,0.67,1.0433,55
1581480851.619,0.86,0.3834,0.64,1.0706,55
1581480851.895,0.83,0.4654,0.67,0.8403,55
1581480852.178,0.9,0.2837,0.7,0.7937,55
1581480852.458,0.87,0.3417,0.71,0.8754,55
1581480852.738,0.82,0.4186,0.71,0.81,55
1581480853.019,0.88,0.331,0.68,0.9551,55
1581480853.308,0.88,0.3248,0.64,1.1142,55
1581480853.587,0.85,0.3861,0.64,0.989,55
1581480853.868,0.85,0.3873,0.68,0.8908,55
1581480854.149,0.88,0.3317,0.69,0.9564,55
1581480854.427,0.82,0.4055,0.67,0.9123,55
1581480854.71,0.87,0.3623,0.71,0.9399,55
1581480854.99,0.89,0.3135,0.66,0.9541,55
1581480855.086,0.96,0.1627,0.63,0.9801,55
1581480855.374,0.86,0.3975,0.62,0.9334,56
1581480855.652,0.88,0.333,0.64,0.8999,56
1581480855.929,0.84,0.3858,0.64,0.9564,56
1581480856.21,0.87,0.336,0.61,1.0767,56
1581480856.49,0.87,0.3251,0.62,1.051,56
1581480856.766,0.88,0.3102,0.69,0.982,56
1581480857.047,0.88,0.3003,0.67,0.9857,56
1581480857.328,0.87,0.3476,0.7,0.9214,56
1581480857.614,0.88,0.3211,0.71,0.9375,56
1581480857.898,0.88,0.3104,0.7,0.9307,56
1581480858.179,0.86,0.3587,0.66,0.8431,56
1581480858.463,0.89,0.2733,0.67,0.7781,56
1581480858.739,0.89,0.3027,0.68,0.7765,56
1581480859.015,0.9,0.2579,0.68,0.8647,56
1581480859.294,0.88,0.3292,0.67,0.901,56
1581480859.571,0.88,0.3253,0.68,0.935,56
1581480859.848,0.89,0.2934,0.68,0.9728,56
1581480860.129,0.86,0.334,0.66,0.8979,56
1581480860.406,0.89,0.3009,0.69,0.8714,56
1581480860.695,0.88,0.2917,0.65,0.9042,56
1581480860.969,0.86,0.3469,0.67,0.9682,56
1581480861.244,0.88,0.3159,0.67,0.9858,56
1581480861.34,0.96,0.1602,0.63,0.9374,56
1581480861.617,0.89,0.3125,0.62,0.8885,57
1581480861.893,0.91,0.2704,0.65,0.8795,57
1581480862.168,0.87,0.3344,0.64,0.9404,57
1581480862.451,0.89,0.2911,0.59,1.1231,57
1581480862.73,0.86,0.345,0.63,1.0429,57
1581480863.014,0.89,0.3049,0.68,0.889,57
1581480863.296,0.88,0.2842,0.71,0.8906,57
1581480863.58,0.87,0.3136,0.7,0.875,57
1581480863.86,0.89,0.2917,0.67,0.9508,57
1581480864.137,0.89,0.2953,0.68,0.9613,57
1581480864.415,0.85,0.3503,0.67,0.8896,57
1581480864.696,0.89,0.2847,0.68,0.8337,57
1581480864.974,0.88,0.3271,0.71,0.7898,57
1581480865.252,0.89,0.262,0.66,0.9262,57
1581480865.537,0.89,0.3071,0.61,1.0726,57
1581480865.818,0.87,0.3454,0.67,1.0047,57
1581480866.097,0.88,0.3067,0.68,0.9231,57
1581480866.375,0.88,0.3099,0.68,0.8582,57
1581480866.672,0.9,0.2794,0.66,0.8649,57
1581480866.948,0.89,0.295,0.63,0.901,57
1581480867.224,0.89,0.3092,0.63,0.9393,57
1581480867.502,0.9,0.2905,0.63,0.9416,57
1581480867.599,0.96,0.132,0.66,0.9246,57
1581480867.88,0.89,0.2972,0.65,0.8855,58
1581480868.156,0.91,0.2619,0.66,0.8771,58
1581480868.431,0.88,0.3124,0.67,0.9925,58
1581480868.712,0.89,0.2761,0.63,1.1477,58
1581480868.986,0.87,0.3366,0.67,0.9873,58
1581480869.26,0.9,0.2695,0.71,0.8412,58
1581480869.535,0.89,0.2746,0.7,0.8169,58
1581480869.81,0.89,0.28,0.71,0.8364,58
1581480870.084,0.89,0.2623,0.66,0.9612,58
1581480870.359,0.89,0.2897,0.69,0.9308,58
1581480870.637,0.86,0.3318,0.71,0.8771,58
1581480870.924,0.91,0.2366,0.7,0.9026,58
1581480871.201,0.88,0.3195,0.7,0.8399,58
1581480871.478,0.9,0.2444,0.69,0.8617,58
1581480871.763,0.91,0.2491,0.69,1.0017,58
1581480872.041,0.89,0.3074,0.69,1.0031,58
1581480872.317,0.89,0.2909,0.72,0.9395,58
1581480872.598,0.89,0.2995,0.71,0.8945,58
1581480872.889,0.9,0.2903,0.71,0.8619,58
1581480873.165,0.9,0.2676,0.65,0.8775,58
1581480873.444,0.91,0.2671,0.61,0.9546,58
1581480873.72,0.89,0.273,0.6,0.9742,58
1581480873.815,0.96,0.1373,0.62,0.9542,58
1581480874.096,0.88,0.3003,0.66,0.9741,59
1581480874.372,0.91,0.2504,0.66,1.0123,59
1581480874.651,0.89,0.2901,0.66,1.1126,59
1581480874.927,0.9,0.2453,0.6,1.2397,59
1581480875.202,0.87,0.3197,0.67,1.0756,59
1581480875.477,0.9,0.2647,0.71,0.9378,59
1581480875.751,0.89,0.2649,0.69,0.8886,59
1581480876.026,0.9,0.2727,0.7,0.8772,59
1581480876.303,0.91,0.2411,0.7,0.9079,59
1581480876.577,0.92,0.2412,0.7,0.8917,59
1581480876.856,0.88,0.3255,0.71,0.8094,59
1581480877.134,0.91,0.2319,0.71,0.8139,59
1581480877.41,0.9,0.2708,0.68,0.8381,59
1581480877.686,0.92,0.2267,0.69,0.8787,59
1581480877.962,0.91,0.2402,0.69,0.9517,59
1581480878.237,0.91,0.261,0.69,0.9891,59
1581480878.515,0.9,0.2773,0.69,0.9796,59
1581480878.79,0.87,0.3064,0.66,0.961,59
1581480879.067,0.88,0.2958,0.72,0.9263,59
1581480879.344,0.9,0.2735,0.71,0.891,59
1581480879.62,0.92,0.2601,0.65,0.9346,59
1581480879.895,0.91,0.2389,0.62,0.9911,59
1581480879.99,0.95,0.1459,0.6,0.985,59
1581480880.265,0.87,0.3274,0.64,1.0036,60
1581480880.545,0.9,0.2694,0.66,1.0384,60
1581480880.836,0.88,0.304,0.67,1.1429,60
1581480881.127,0.91,0.2269,0.61,1.3059,60
1581480881.417,0.89,0.2979,0.68,1.207,60
1581480881.704,0.88,0.3071,0.7,1.066,60
1581480881.983,0.86,0.3164,0.68,0.9928,60
1581480882.261,0.89,0.2985,0.68,0.9456,60
1581480882.54,0.9,0.264,0.67,0.9386,60
1581480882.822,0.92,0.2454,0.67,0.9842,60
1581480883.096,0.88,0.3422,0.68,0.8721,60
1581480883.372,0.9,0.2581,0.7,0.8028,60
1581480883.653,0.89,0.281,0.71,0.8346,60
1581480883.927,0.9,0.2475,0.71,0.9078,60
1581480884.202,0.92,0.2294,0.69,1.0402,60
1581480884.48,0.91,0.2399,0.68,1.0926,60
1581480884.76,0.89,0.2742,0.67,1.0624,60
1581480885.038,0.87,0.3256,0.68,1.0383,60
1581480885.313,0.89,0.2996,0.67,1.0222,60
1581480885.591,0.9,0.2784,0.7,0.9914,60
1581480885.866,0.91,0.2636,0.69,0.9718,60
1581480886.144,0.93,0.2178,0.62,0.9909,60
1581480886.241,0.96,0.1238,0.62,0.9904,60
1581480886.519,0.87,0.3266,0.62,0.9835,61
1581480886.799,0.9,0.2688,0.68,1.0537,61
1581480887.074,0.89,0.2927,0.68,1.1453,61
1581480887.35,0.91,0.2287,0.66,1.2459,61
1581480887.627,0.91,0.2451,0.69,1.2291,61
1581480887.903,0.88,0.2827,0.7,1.1773,61
1581480888.184,0.85,0.3442,0.69,1.1357,61
1581480888.461,0.86,0.3402,0.68,1.0552,61
1581480888.736,0.89,0.2813,0.64,0.9517,61
1581480889.014,0.92,0.2399,0.7,0.9286,61
1581480889.291,0.9,0.2901,0.67,0.9107,61
1581480889.567,0.89,0.2914,0.71,0.8345,61
1581480889.841,0.89,0.303,0.72,0.8373,61
1581480890.115,0.88,0.2785,0.78,0.847,61
1581480890.39,0.89,0.2568,0.7,0.9698,61
1581480890.664,0.92,0.2384,0.69,1.039,61
1581480890.938,0.89,0.2834,0.69,1.0472,61
1581480891.219,0.86,0.3388,0.67,1.025,61
1581480891.493,0.88,0.3279,0.69,1.0714,61
1581480891.77,0.88,0.3128,0.68,1.0752,61
1581480892.078,0.88,0.3073,0.72,0.984,61
1581480892.353,0.91,0.2421,0.65,0.9086,61
1581480892.447,0.97,0.1077,0.61,0.9626,61
1581480892.727,0.87,0.3237,0.61,0.9692,62
1581480893.002,0.9,0.2683,0.7,1.0129,62
1581480893.287,0.89,0.3013,0.68,1.0498,62
1581480893.562,0.89,0.2587,0.7,1.0481,62
1581480893.838,0.9,0.2431,0.7,1.054,62
1581480894.115,0.92,0.2181,0.71,1.0888,62
1581480894.39,0.87,0.3022,0.69,1.1112,62
1581480894.664,0.86,0.3523,0.69,1.1035,62
1581480894.937,0.88,0.305,0.66,1.0662,62
1581480895.218,0.9,0.2736,0.67,0.9369,62
1581480895.494,0.89,0.2686,0.68,0.8897,62
1581480895.768,0.93,0.2146,0.66,0.8575,62
1581480896.044,0.88,0.3283,0.7,0.8544,62
1581480896.327,0.9,0.2608,0.73,0.8878,62
1581480896.612,0.88,0.2992,0.74,0.8715,62
1581480896.888,0.86,0.3213,0.73,0.8988,62
1581480897.159,0.91,0.2535,0.69,1.0273,62
1581480897.436,0.86,0.3297,0.69,1.0166,62
1581480897.711,0.85,0.371,0.68,1.0516,62
1581480897.984,0.86,0.3442,0.66,1.1327,62
1581480898.262,0.87,0.3483,0.69,1.2274,62
1581480898.538,0.88,0.3341,0.72,1.0351,62
1581480898.634,0.97,0.1226,0.66,0.9441,62
1581480898.928,0.89,0.3024,0.63,0.9712,63
1581480899.218,0.9,0.284,0.65,0.9691,63
1581480899.511,0.87,0.3178,0.65,1.0678,63
1581480899.914,0.89,0.2739,0.65,1.1385,63
1581480900.187,0.87,0.3201,0.65,1.0151,63
1581480900.468,0.9,0.2655,0.77,0.9578,63
1581480900.751,0.88,0.2798,0.72,1.0164,63
1581480901.025,0.87,0.3357,0.68,1.0614,63
1581480901.298,0.88,0.3045,0.66,1.053,63
1581480901.577,0.91,0.2625,0.68,1.0106,63
1581480901.854,0.87,0.313,0.68,0.9208,63
1581480902.132,0.91,0.2381,0.66,0.8657,63
1581480902.406,0.89,0.2897,0.68,0.8791,63
1581480902.69,0.89,0.2681,0.68,0.9097,63
1581480902.966,0.89,0.2904,0.72,0.8898,63
1581480903.24,0.9,0.2822,0.71,0.9053,63
1581480903.515,0.89,0.2848,0.69,0.9378,63
1581480903.793,0.9,0.2723,0.71,0.9409,63
1581480904.067,0.86,0.3432,0.72,0.9373,63
1581480904.341,0.87,0.3284,0.71,0.9399,63
1581480904.623,0.89,0.3024,0.67,1.1105,63
1581480904.9,0.89,0.2838,0.71,1.1441,63
1581480904.995,0.94,0.1501,0.69,1.0491,63
1581480905.276,0.88,0.3104,0.7,0.9919,64
1581480905.554,0.9,0.2939,0.66,1.0075,64
1581480905.846,0.84,0.41,0.61,1.1423,64
1581480906.14,0.89,0.3017,0.6,1.3524,64
1581480906.431,0.87,0.3469,0.64,1.1461,64
1581480906.716,0.89,0.2882,0.71,1.0784,64
1581480906.989,0.85,0.3591,0.69,1.0581,64
1581480907.269,0.86,0.3497,0.7,1.0757,64
1581480907.546,0.86,0.3212,0.67,1.2293,64
1581480907.83,0.85,0.3713,0.7,0.9776,64
1581480908.107,0.86,0.3293,0.65,0.9825,64
1581480908.382,0.88,0.2882,0.68,1.0678,64
1581480908.659,0.84,0.4225,0.71,0.9513,64
1581480908.934,0.89,0.3009,0.67,1.0028,64
1581480909.207,0.87,0.3584,0.65,1.1723,64
1581480909.482,0.84,0.3901,0.69,0.9886,64
1581480909.769,0.91,0.2672,0.72,0.9387,64
1581480910.06,0.89,0.3047,0.69,0.9974,64
1581480910.351,0.87,0.3632,0.68,1.0213,64
1581480910.644,0.87,0.3396,0.69,1.0696,64
1581480910.934,0.86,0.3671,0.66,1.1399,64
1581480911.205,0.88,0.2876,0.66,1.1256,64
1581480911.301,0.96,0.1584,0.68,1.0262,64
1581480911.588,0.89,0.2956,0.68,0.9561,65
1581480911.865,0.91,0.2655,0.68,1.0052,65
1581480912.14,0.83,0.432,0.64,1.035,65
1581480912.426,0.87,0.336,0.63,1.171,65
1581480912.702,0.88,0.3068,0.63,1.2459,65
1581480912.978,0.87,0.3469,0.61,1.076,65
1581480913.258,0.9,0.2495,0.69,1.0664,65
1581480913.534,0.88,0.2942,0.64,1.1611,65
1581480913.819,0.84,0.4065,0.69,1.0993,65
1581480914.094,0.88,0.3257,0.66,1.2634,65
1581480914.374,0.83,0.442,0.66,1.1372,65
1581480914.65,0.86,0.3379,0.7,0.904,65
1581480914.923,0.89,0.2815,0.69,0.9222,65
1581480915.196,0.87,0.3243,0.69,0.8951,65
1581480915.478,0.83,0.3979,0.68,0.9303,65
1581480915.754,0.87,0.3515,0.67,1.1215,65
1581480916.028,0.86,0.3823,0.68,1.1405,65
1581480916.303,0.85,0.3985,0.67,0.9833,65
1581480916.582,0.89,0.2977,0.66,0.9444,65
1581480916.86,0.88,0.325,0.66,1.0137,65
1581480917.135,0.86,0.3986,0.65,1.0917,65
1581480917.41,0.87,0.3337,0.65,1.219,65
1581480917.505,0.95,0.1714,0.64,1.3056,65
1581480917.787,0.85,0.4095,0.68,1.0952,66
1581480918.067,0.88,0.2987,0.65,0.9469,66
1581480918.347,0.87,0.3158,0.7,0.9157,66
1581480918.624,0.84,0.3703,0.7,0.9349,66
1581480918.901,0.86,0.324,0.68,1.0395,66
1581480919.176,0.88,0.3184,0.69,1.0938,66
1581480919.451,0.86,0.3322,0.66,1.0573,66
1581480919.727,0.87,0.3248,0.65,0.9789,66
1581480920.01,0.9,0.274,0.67,0.9805,66
1581480920.286,0.88,0.316,0.71,0.9769,66
1581480920.567,0.87,0.3317,0.71,1.0054,66
1581480920.847,0.89,0.2723,0.72,1.0656,66
1581480921.121,0.86,0.3417,0.68,0.9928,66
1581480921.397,0.9,0.2591,0.69,0.8914,66
1581480921.672,0.9,0.2537,0.69,0.8207,66
1581480921.948,0.89,0.2811,0.69,0.8447,66
1581480922.223,0.89,0.2755,0.67,0.8897,66
1581480922.499,0.87,0.3034,0.68,0.9346,66
1581480922.779,0.9,0.2893,0.68,0.9576,66
1581480923.063,0.89,0.2787,0.67,0.9422,66
1581480923.338,0.9,0.2965,0.69,0.9378,66
1581480923.618,0.91,0.2488,0.69,0.9466,66
1581480923.714,0.96,0.1532,0.69,0.9374,66
1581480923.993,0.9,0.2671,0.68,0.9906,67
1581480924.269,0.92,0.2332,0.66,1.0489,67
1581480924.549,0.89,0.281,0.65,1.0023,67
1581480924.83,0.91,0.2431,0.68,0.976,67
1581480925.115,0.92,0.2319,0.67,1.0443,67
1581480925.392,0.9,0.2587,0.68,1.0446,67
1581480925.667,0.91,0.2469,0.67,1.0493,67
1581480925.95,0.91,0.2337,0.67,1.1125,67
1581480926.223,0.91,0.2521,0.69,1.1272,67
1581480926.498,0.91,0.2707,0.68,1.0706,67
1581480926.779,0.9,0.2649,0.67,1.0913,67
1581480927.055,0.9,0.2618,0.71,0.9617,67
1581480927.329,0.91,0.2582,0.73,0.838,67
1581480927.603,0.92,0.2078,0.73,0.8697,67
1581480927.878,0.89,0.2622,0.71,0.8519,67
1581480928.155,0.92,0.2361,0.7,0.9156,67
1581480928.43,0.9,0.2595,0.67,0.9032,67
1581480928.705,0.89,0.2818,0.72,0.814,67
1581480928.98,0.92,0.2492,0.68,0.9107,67
1581480929.259,0.9,0.2609,0.68,1.0029,67
1581480929.535,0.9,0.291,0.69,1.0886,67
1581480929.809,0.91,0.2312,0.68,1.1754,67
1581480929.904,0.97,0.1209,0.66,1.1404,67
1581480930.188,0.9,0.2653,0.7,0.9906,68
1581480930.464,0.94,0.1973,0.66,1.023,68
1581480930.746,0.88,0.3036,0.67,0.9769,68
1581480931.021,0.9,0.2631,0.66,1.0447,68
1581480931.301,0.91,0.246,0.67,1.1615,68
1581480931.576,0.89,0.2714,0.66,1.0984,68
1581480931.851,0.91,0.2371,0.71,1.0171,68
1581480932.127,0.92,0.2078,0.7,1.1302,68
1581480932.402,0.9,0.2677,0.7,1.1703,68
1581480932.681,0.89,0.2881,0.7,1.1246,68
1581480932.959,0.89,0.2881,0.64,1.2083,68
1581480933.234,0.9,0.2655,0.69,1.1091,68
1581480933.508,0.89,0.2709,0.68,0.9369,68
1581480933.783,0.93,0.189,0.71,0.9775,68
1581480934.058,0.89,0.2567,0.72,0.9614,68
1581480934.342,0.9,0.2599,0.7,1.0086,68
1581480934.622,0.91,0.2421,0.66,1.0917,68
1581480934.896,0.88,0.324,0.68,0.9439,68
1581480935.172,0.9,0.2698,0.7,0.9092,68
1581480935.451,0.9,0.2503,0.66,0.9843,68
1581480935.727,0.89,0.3215,0.64,0.9933,68
1581480936.003,0.93,0.2207,0.65,1.1742,68
1581480936.096,0.99,0.0996,0.66,1.355,68
1581480936.376,0.84,0.3707,0.7,1.0913,69
1581480936.652,0.94,0.2047,0.67,1.0418,69
1581480936.925,0.9,0.2673,0.67,1.057,69
1581480937.199,0.88,0.2876,0.66,1.0569,69
1581480937.476,0.9,0.2631,0.66,1.1992,69
1581480937.75,0.91,0.2553,0.64,1.2658,69
1581480938.025,0.86,0.3353,0.68,1.0991,69
1581480938.3,0.9,0.2405,0.74,1.0732,69
1581480938.575,0.91,0.2393,0.68,1.2048,69
1581480938.852,0.88,0.3281,0.73,1.1228,69
1581480939.126,0.87,0.3458,0.68,1.0819,69
1581480939.4,0.92,0.2266,0.63,1.2778,69
1581480939.677,0.85,0.3572,0.69,1.1025,69
1581480939.951,0.91,0.2361,0.71,0.9349,69
1581480940.226,0.93,0.1938,0.72,0.9859,69
1581480940.511,0.87,0.3294,0.73,0.9106,69
1581480940.802,0.91,0.2645,0.73,0.9439,69
1581480941.093,0.91,0.2637,0.68,1.076,69
1581480941.384,0.87,0.3186,0.69,1.0131,69
1581480941.671,0.9,0.2485,0.7,0.9219,69
1581480941.944,0.92,0.2628,0.66,0.9492,69
1581480942.223,0.9,0.2545,0.71,0.937,69
1581480942.317,0.97,0.1074,0.67,0.9397,69
1581480942.601,0.91,0.2307,0.69,1.0224,70
1581480942.878,0.92,0.2398,0.68,1.066,70
1581480943.153,0.91,0.2459,0.69,1.0615,70
1581480943.428,0.93,0.1981,0.65,1.0513,70
1581480943.702,0.92,0.2246,0.66,1.011,70
1581480943.978,0.91,0.2315,0.66,1.0135,70
1581480944.255,0.92,0.2262,0.63,1.1006,70
1581480944.531,0.91,0.2258,0.67,1.13,70
1581480944.808,0.91,0.226,0.69,1.1582,70
1581480945.083,0.94,0.1916,0.71,1.1948,70
1581480945.358,0.89,0.2821,0.73,1.108,70
1581480945.646,0.92,0.23,0.69,1.057,70
1581480945.919,0.91,0.2301,0.69,1.11,70
1581480946.195,0.9,0.2275,0.7,1.0744,70
1581480946.472,0.91,0.2135,0.73,1.0608,70
1581480946.748,0.94,0.1925,0.74,1.0738,70
1581480947.022,0.91,0.25,0.72,0.9756,70
1581480947.299,0.9,0.2649,0.69,0.9402,70
1581480947.573,0.91,0.2447,0.69,1.0349,70
1581480947.851,0.91,0.2339,0.71,1.1072,70
1581480948.129,0.91,0.2318,0.69,1.1279,70
1581480948.407,0.92,0.2012,0.69,1.1074,70
1581480948.503,0.99,0.0746,0.69,1.1091,70
1581480948.779,0.91,0.2404,0.72,1.0333,71
1581480949.054,0.92,0.2259,0.68,1.0017,71
1581480949.328,0.91,0.2261,0.67,1.0671,71
1581480949.603,0.92,0.1891,0.67,1.1493,71
1581480949.881,0.93,0.1943,0.66,1.1077,71
1581480950.155,0.93,0.2208,0.68,0.9839,71
1581480950.431,0.93,0.1873,0.69,0.9633,71
1581480950.707,0.92,0.2171,0.68,0.9744,71
1581480950.983,0.92,0.2085,0.68,1.0433,71
1581480951.258,0.94,0.1725,0.68,1.1592,71
1581480951.533,0.92,0.2397,0.71,1.1456,71
1581480951.819,0.93,0.1976,0.72,1.0528,71
1581480952.094,0.93,0.2008,0.72,1.0137,71
1581480952.372,0.92,0.1917,0.74,0.9859,71
1581480952.651,0.93,0.206,0.7,1.0234,71
1581480952.925,0.94,0.1824,0.71,1.1268,71
1581480953.198,0.92,0.2248,0.75,1.1007,71
1581480953.479,0.91,0.2358,0.7,0.9389,71
1581480953.756,0.92,0.217,0.69,0.9155,71
1581480954.03,0.9,0.2301,0.7,0.9929,71
1581480954.304,0.92,0.2189,0.72,1.1157,71
1581480954.581,0.93,0.1898,0.72,1.1793,71
1581480954.68,0.99,0.0683,0.72,1.2171,71
1581480954.958,0.9,0.2598,0.72,1.056,72
1581480955.245,0.93,0.2025,0.73,0.999,72
1581480955.525,0.89,0.2625,0.71,0.9918,72
1581480955.802,0.91,0.2033,0.69,1.1386,72
1581480956.077,0.95,0.172,0.69,1.2853,72
1581480956.351,0.92,0.2336,0.65,1.2268,72
1581480956.64,0.93,0.1943,0.67,1.0984,72
1581480956.924,0.93,0.1815,0.67,1.091,72
1581480957.199,0.9,0.2498,0.72,1.0489,72
1581480957.471,0.92,0.1996,0.68,1.1413,72
1581480957.744,0.92,0.2147,0.7,1.2834,72
1581480958.019,0.92,0.2209,0.7,1.2265,72
1581480958.292,0.91,0.2381,0.71,1.0274,72
1581480958.566,0.94,0.1688,0.7,0.9593,72
1581480958.856,0.91,0.2372,0.72,0.9359,72
1581480959.149,0.92,0.2156,0.71,1.1156,72
1581480959.44,0.92,0.2029,0.71,1.2707,72
1581480959.73,0.9,0.2497,0.68,1.1402,72
1581480960.015,0.91,0.2168,0.71,1.0193,72
1581480960.29,0.93,0.18,0.69,1.019,72
1581480960.566,0.91,0.2411,0.71,0.9709,72
1581480960.852,0.92,0.2038,0.72,1.0556,72
1581480960.948,0.99,0.0617,0.72,1.2422,72
1581480961.224,0.9,0.2496,0.7,1.1724,73
1581480961.498,0.92,0.2216,0.75,1.0053,73
1581480961.773,0.93,0.203,0.72,0.9498,73
1581480962.057,0.91,0.2322,0.72,0.9922,73
1581480962.335,0.94,0.173,0.7,1.1709,73
1581480962.61,0.95,0.1606,0.68,1.3122,73
1581480962.901,0.93,0.1918,0.66,1.2441,73
1581480963.176,0.91,0.1998,0.67,1.1083,73
1581480963.451,0.94,0.1624,0.67,1.0835,73
1581480963.728,0.91,0.2137,0.67,1.0629,73
1581480964.008,0.9,0.249,0.69,1.1154,73
1581480964.285,0.96,0.1684,0.69,1.2411,73
1581480964.559,0.92,0.2223,0.71,1.1739,73
1581480964.833,0.93,0.2001,0.72,1.0074,73
1581480965.118,0.93,0.176,0.73,0.9513,73
1581480965.409,0.92,0.2073,0.7,1.0204,73
1581480965.695,0.92,0.2168,0.69,1.1874,73
1581480965.991,0.92,0.2125,0.66,1.2154,73
1581480966.281,0.92,0.2237,0.67,1.2024,73
1581480966.569,0.92,0.2156,0.67,1.1303,73
1581480966.843,0.92,0.2309,0.69,0.9897,73
1581480967.116,0.93,0.1904,0.73,0.9627,73
1581480967.21,0.99,0.0818,0.71,1.0621,73
1581480967.489,0.92,0.2203,0.72,1.108,74
1581480967.764,0.94,0.1779,0.74,1.1539,74
1581480968.04,0.92,0.202,0.71,1.1666,74
1581480968.314,0.93,0.1888,0.73,1.1171,74
1581480968.591,0.94,0.17,0.73,1.0946,74
1581480968.867,0.93,0.1928,0.71,1.1469,74
1581480969.141,0.93,0.1816,0.71,1.1838,74
1581480969.415,0.94,0.1662,0.68,1.1718,74
1581480969.689,0.95,0.1594,0.69,1.1363,74
1581480969.971,0.94,0.1737,0.66,1.0832,74
1581480970.27,0.91,0.2056,0.69,1.0644,74
1581480970.562,0.94,0.175,0.7,1.0718,74
1581480970.849,0.94,0.1776,0.73,1.0537,74
1581480971.126,0.95,0.1487,0.73,1.0195,74
1581480971.403,0.94,0.1596,0.73,1.0011,74
1581480971.678,0.93,0.1754,0.75,0.9933,74
1581480971.954,0.94,0.1858,0.7,1.1002,74
1581480972.232,0.92,0.1919,0.68,1.1756,74
1581480972.509,0.93,0.2191,0.68,1.1209,74
1581480972.797,0.94,0.1638,0.69,1.1525,74
1581480973.072,0.94,0.1998,0.68,1.201,74
1581480973.357,0.93,0.191,0.74,1.1428,74
1581480973.452,0.98,0.0651,0.73,1.123,74
1581480973.732,0.92,0.2134,0.7,1.0656,75
1581480974.006,0.95,0.1729,0.7,1.0759,75
1581480974.282,0.92,0.2195,0.73,1.0895,75
1581480974.556,0.93,0.1737,0.72,1.1551,75
1581480974.833,0.94,0.1656,0.7,1.2861,75
1581480975.107,0.93,0.2102,0.7,1.2717,75
1581480975.39,0.92,0.2144,0.73,1.2152,75
1581480975.681,0.94,0.1663,0.73,1.2706,75
1581480975.965,0.92,0.2125,0.7,1.2347,75
1581480976.245,0.94,0.1855,0.66,1.1613,75
1581480976.527,0.94,0.1818,0.67,1.2228,75
1581480976.801,0.93,0.1905,0.7,1.231,75
1581480977.077,0.9,0.2242,0.67,1.1093,75
1581480977.355,0.94,0.1614,0.7,1.0615,75
1581480977.633,0.94,0.1619,0.73,1.0253,75
1581480977.911,0.96,0.1565,0.72,1.0224,75
1581480978.188,0.94,0.1686,0.69,1.0729,75
1581480978.472,0.94,0.1717,0.68,1.1337,75
1581480978.748,0.92,0.2153,0.7,1.1203,75
1581480979.024,0.94,0.1644,0.71,1.1007,75
1581480979.299,0.94,0.1814,0.71,1.1124,75
1581480979.576,0.95,0.1361,0.72,1.1447,75
1581480979.672,0.99,0.0471,0.73,1.1917,75
1581480979.948,0.92,0.1992,0.74,1.1234,76
1581480980.226,0.94,0.1658,0.73,1.1163,76
1581480980.506,0.92,0.194,0.71,1.1367,76
1581480980.783,0.93,0.1736,0.71,1.1493,76
1581480981.057,0.94,0.1672,0.7,1.2328,76
1581480981.333,0.95,0.1447,0.68,1.3702,76
1581480981.609,0.91,0.2218,0.69,1.3141,76
1581480981.884,0.94,0.1658,0.73,1.3649,76
1581480982.16,0.94,0.1611,0.68,1.4401,76
1581480982.437,0.92,0.2148,0.72,1.3176,76
1581480982.712,0.92,0.2111,0.67,1.2332,76
1581480982.987,0.94,0.1546,0.66,1.3785,76
1581480983.261,0.89,0.2768,0.71,1.1812,76
1581480983.537,0.93,0.1704,0.68,1.15,76
1581480983.811,0.94,0.1543,0.7,1.2536,76
1581480984.086,0.93,0.193,0.68,1.1192,76
1581480984.361,0.94,0.1775,0.68,1.0689,76
1581480984.643,0.95,0.1687,0.72,1.1631,76
1581480984.919,0.92,0.2273,0.71,1.1806,76
1581480985.202,0.94,0.1581,0.7,1.1977,76
1581480985.48,0.93,0.193,0.7,1.1357,76
1581480985.755,0.95,0.1345,0.72,1.0786,76
1581480985.85,0.99,0.0503,0.74,1.0818,76
1581480986.126,0.93,0.1865,0.76,1.0973,77
1581480986.403,0.93,0.178,0.73,1.1292,77
1581480986.694,0.92,0.1939,0.73,1.1956,77
1581480986.967,0.93,0.1677,0.71,1.2064,77
1581480987.24,0.93,0.186,0.7,1.1881,77
1581480987.515,0.95,0.1475,0.67,1.2508,77
1581480987.789,0.93,0.1776,0.66,1.3238,77
1581480988.066,0.92,0.2161,0.69,1.3115,77
1581480988.346,0.94,0.1601,0.72,1.4049,77
1581480988.619,0.94,0.1713,0.69,1.4258,77
1581480988.894,0.89,0.2569,0.69,1.2132,77
1581480989.17,0.94,0.1602,0.73,1.2922,77
1581480989.446,0.9,0.2364,0.72,1.2672,77
1581480989.722,0.89,0.2396,0.72,1.1015,77
1581480989.996,0.93,0.1573,0.68,1.2435,77
1581480990.274,0.93,0.1944,0.7,1.4164,77
1581480990.551,0.91,0.248,0.66,1.228,77
1581480990.838,0.92,0.2029,0.7,1.1981,77
1581480991.111,0.92,0.2288,0.73,1.3138,77
1581480991.391,0.91,0.2197,0.71,1.291,77
1581480991.667,0.93,0.2124,0.68,1.2416,77
1581480991.944,0.95,0.1574,0.67,1.1703,77
1581480992.038,0.99,0.0573,0.72,1.1611,77
1581480992.317,0.91,0.2231,0.72,1.1183,78
1581480992.596,0.92,0.2022,0.72,1.1411,78
1581480992.895,0.91,0.2311,0.73,1.2085,78
1581480993.172,0.93,0.1892,0.73,1.2176,78
1581480993.451,0.93,0.1836,0.7,1.1847,78
1581480993.725,0.95,0.1652,0.68,1.1457,78
1581480994.004,0.93,0.1659,0.67,1.2003,78
1581480994.28,0.92,0.2155,0.7,1.2283,78
1581480994.555,0.93,0.1985,0.67,1.2862,78
1581480994.829,0.94,0.1737,0.68,1.3453,78
1581480995.105,0.92,0.2066,0.67,1.252,78
1581480995.383,0.93,0.1905,0.72,1.1129,78
1581480995.659,0.93,0.1782,0.73,1.1679,78
1581480995.947,0.91,0.2111,0.73,1.1713,78
1581480996.222,0.9,0.2651,0.72,1.134,78
1581480996.498,0.93,0.1878,0.73,1.3633,78
1581480996.777,0.91,0.263,0.7,1.5111,78
1581480997.052,0.88,0.3052,0.67,1.2348,78
1581480997.331,0.92,0.2237,0.69,1.3309,78
1581480997.606,0.88,0.2697,0.69,1.3625,78
1581480997.895,0.9,0.2516,0.71,1.3784,78
1581480998.169,0.92,0.1978,0.67,1.3958,78
1581480998.264,0.97,0.0792,0.65,1.4184,78
1581480998.547,0.88,0.3044,0.7,1.1002,79
1581480998.83,0.94,0.1988,0.75,0.9813,79
1581480999.11,0.88,0.3034,0.75,1.0052,79
1581480999.386,0.89,0.2465,0.74,1.1155,79
1581480999.663,0.91,0.213,0.73,1.2249,79
1581480999.939,0.91,0.2397,0.74,1.2251,79
1581481000.215,0.93,0.1802,0.69,1.223,79
1581481000.49,0.93,0.1931,0.7,1.2526,79
1581481000.78,0.9,0.2293,0.69,1.2012,79
1581481001.081,0.93,0.1896,0.67,1.2391,79
1581481001.369,0.92,0.2044,0.68,1.2945,79
1581481001.657,0.93,0.1954,0.67,1.2691,79
1581481001.933,0.9,0.2347,0.68,1.1497,79
1581481002.213,0.93,0.182,0.74,1.0688,79
1581481002.494,0.91,0.2184,0.7,1.0031,79
1581481002.778,0.92,0.2234,0.72,1.0012,79
1581481003.057,0.94,0.1635,0.72,1.1601,79
1581481003.332,0.92,0.2256,0.71,1.2063,79
1581481003.609,0.92,0.2217,0.66,1.1992,79
1581481003.889,0.93,0.1929,0.69,1.2899,79
1581481004.173,0.91,0.2452,0.7,1.3472,79
1581481004.451,0.91,0.2281,0.73,1.2131,79
1581481004.545,0.98,0.0599,0.7,1.2822,79
1581481004.821,0.93,0.1822,0.69,1.2848,80
1581481005.097,0.93,0.2022,0.71,1.1464,80
1581481005.372,0.91,0.2386,0.73,1.0627,80
1581481005.654,0.92,0.198,0.72,1.0904,80
1581481005.93,0.94,0.1812,0.73,1.1307,80
1581481006.215,0.93,0.1813,0.71,1.1206,80
1581481006.49,0.94,0.1564,0.7,1.1448,80
1581481006.766,0.93,0.1832,0.72,1.1891,80
1581481007.044,0.93,0.1768,0.71,1.2604,80
1581481007.328,0.91,0.2323,0.68,1.2502,80
1581481007.605,0.89,0.2682,0.69,1.1491,80
1581481007.881,0.94,0.1469,0.69,1.2044,80
1581481008.156,0.94,0.1718,0.68,1.2201,80
1581481008.436,0.94,0.1736,0.72,1.15,80
1581481008.711,0.9,0.2191,0.73,1.0636,80
1581481008.986,0.92,0.2105,0.68,1.0659,80
1581481009.267,0.92,0.2109,0.69,1.1246,80
1581481009.545,0.92,0.2017,0.72,1.1863,80
1581481009.823,0.94,0.1762,0.71,1.2788,80
1581481010.098,0.93,0.1941,0.69,1.3548,80
1581481010.375,0.9,0.2776,0.68,1.313,80
1581481010.649,0.91,0.2322,0.69,1.1613,80
1581481010.743,0.99,0.074,0.71,1.1271,80
1581481011.019,0.94,0.1588,0.71,1.1671,81
1581481011.296,0.95,0.1527,0.7,1.18,81
1581481011.57,0.92,0.2111,0.71,1.1459,81
1581481011.846,0.9,0.227,0.71,1.112,81
1581481012.119,0.93,0.2045,0.72,1.1261,81
1581481012.397,0.93,0.1958,0.73,1.094,81
1581481012.674,0.93,0.1694,0.73,1.1051,81
1581481012.947,0.95,0.139,0.71,1.2444,81
1581481013.221,0.95,0.1477,0.69,1.3476,81
1581481013.498,0.92,0.223,0.72,1.3338,81
1581481013.774,0.91,0.2334,0.71,1.245,81
1581481014.047,0.94,0.1754,0.72,1.1347,81
1581481014.324,0.93,0.1585,0.73,1.0878,81
1581481014.598,0.94,0.1348,0.69,1.0411,81
1581481014.874,0.94,0.1634,0.7,1.0184,81
1581481015.15,0.93,0.187,0.66,1.123,81
1581481015.432,0.93,0.1978,0.65,1.2249,81
1581481015.707,0.89,0.2701,0.71,1.1414,81
1581481015.981,0.93,0.1954,0.72,1.1829,81
1581481016.259,0.94,0.1554,0.71,1.3572,81
1581481016.537,0.94,0.1909,0.68,1.5133,81
1581481016.811,0.92,0.2305,0.7,1.3691,81
1581481016.906,0.97,0.0778,0.73,1.2798,81
1581481017.181,0.9,0.2427,0.72,1.1555,82
1581481017.46,0.93,0.1932,0.72,1.1087,82
1581481017.735,0.93,0.1928,0.71,1.1334,82
1581481018.01,0.94,0.1683,0.73,1.2051,82
1581481018.285,0.93,0.1867,0.72,1.2545,82
1581481018.561,0.9,0.2436,0.73,1.1482,82
1581481018.851,0.91,0.2231,0.71,1.1144,82
1581481019.144,0.93,0.1899,0.72,1.1843,82
1581481019.436,0.94,0.1799,0.7,1.3464,82
1581481019.726,0.95,0.1556,0.7,1.4285,82
1581481020.003,0.91,0.2211,0.69,1.3824,82
1581481020.289,0.93,0.1914,0.69,1.3196,82
1581481020.576,0.91,0.2196,0.73,1.1666,82
1581481020.86,0.93,0.1585,0.7,1.0501,82
1581481021.14,0.95,0.1378,0.74,1.0085,82
1581481021.421,0.95,0.1447,0.73,1.0554,82
1581481021.699,0.94,0.1659,0.72,1.1092,82
1581481021.975,0.9,0.2517,0.72,1.1096,82
1581481022.265,0.91,0.2354,0.72,1.0909,82
1581481022.544,0.93,0.188,0.74,1.1684,82
1581481022.825,0.94,0.1725,0.7,1.3211,82
1581481023.101,0.95,0.1431,0.7,1.4002,82
1581481023.197,0.99,0.0599,0.7,1.4384,82
1581481023.479,0.92,0.2274,0.68,1.3698,83
1581481023.757,0.91,0.2234,0.71,1.3208,83
1581481024.039,0.91,0.2393,0.71,1.2077,83
1581481024.321,0.93,0.1815,0.71,1.176,83
1581481024.599,0.94,0.154,0.71,1.2641,83
1581481024.875,0.94,0.1653,0.72,1.2908,83
1581481025.15,0.92,0.2162,0.71,1.1342,83
1581481025.431,0.94,0.1899,0.73,1.1184,83
1581481025.73,0.91,0.2403,0.72,1.1394,83
1581481026.021,0.94,0.1684,0.72,1.2185,83
1581481026.31,0.92,0.1907,0.71,1.2373,83
1581481026.599,0.95,0.1414,0.74,1.2352,83
1581481026.884,0.94,0.1651,0.7,1.2658,83
1581481027.158,0.92,0.211,0.74,1.241,83
1581481027.434,0.93,0.1822,0.74,1.2603,83
1581481027.711,0.94,0.1728,0.71,1.2756,83
1581481027.991,0.94,0.1768,0.69,1.1884,83
1581481028.265,0.94,0.1692,0.73,1.0554,83
1581481028.548,0.93,0.1947,0.73,0.9697,83
1581481028.825,0.93,0.1749,0.73,1.0777,83
1581481029.099,0.94,0.1677,0.7,1.287,83
1581481029.374,0.92,0.2041,0.73,1.1538,83
1581481029.469,0.99,0.0515,0.72,1.0418,83
1581481029.752,0.95,0.146,0.7,1.0726,84
1581481030.041,0.95,0.1485,0.68,1.1454,84
1581481030.333,0.93,0.1872,0.68,1.1818,84
1581481030.623,0.94,0.1519,0.7,1.2378,84
1581481030.912,0.94,0.1459,0.7,1.3039,84
1581481031.187,0.96,0.1175,0.7,1.3567,84
1581481031.466,0.94,0.175,0.72,1.2435,84
1581481031.746,0.94,0.1623,0.68,1.1019,84
1581481032.025,0.94,0.1389,0.75,1.1864,84
1581481032.302,0.95,0.1453,0.71,1.3579,84
1581481032.577,0.91,0.211,0.68,1.3173,84
1581481032.858,0.94,0.1535,0.74,1.2925,84
1581481033.134,0.94,0.1489,0.72,1.3232,84
1581481033.409,0.94,0.1792,0.76,1.2069,84
1581481033.686,0.93,0.1776,0.75,1.1022,84
1581481033.968,0.95,0.1427,0.72,1.3149,84
1581481034.245,0.95,0.1621,0.67,1.5418,84
1581481034.52,0.89,0.2491,0.7,1.2438,84
1581481034.795,0.94,0.173,0.69,1.1032,84
1581481035.071,0.94,0.1588,0.74,1.176,84
1581481035.348,0.94,0.1762,0.68,1.4267,84
1581481035.629,0.93,0.1794,0.71,1.4562,84
1581481035.724,0.98,0.0563,0.73,1.3601,84
1581481036.012,0.94,0.173,0.72,1.1562,85
1581481036.286,0.95,0.1386,0.7,1.1457,85
1581481036.562,0.92,0.1975,0.7,1.1431,85
1581481036.839,0.93,0.1814,0.69,1.1922,85
1581481037.124,0.94,0.1538,0.73,1.3617,85
1581481037.4,0.95,0.1439,0.72,1.4993,85
1581481037.676,0.92,0.2001,0.73,1.3996,85
1581481037.95,0.93,0.1681,0.72,1.3229,85
1581481038.225,0.95,0.1321,0.71,1.3439,85
1581481038.5,0.94,0.1514,0.69,1.485,85
1581481038.777,0.91,0.2147,0.66,1.4709,85
1581481039.061,0.94,0.1643,0.71,1.4263,85
1581481039.336,0.94,0.1536,0.71,1.4151,85
1581481039.614,0.94,0.1823,0.71,1.3296,85
1581481039.892,0.91,0.2217,0.74,1.1162,85
1581481040.168,0.93,0.1783,0.67,1.248,85
1581481040.446,0.95,0.1504,0.63,1.6222,85
1581481040.724,0.87,0.3019,0.69,1.3327,85
1581481041.0,0.91,0.2168,0.74,1.1442,85
1581481041.28,0.93,0.1667,0.72,1.2521,85
1581481041.553,0.92,0.2183,0.72,1.4801,85
1581481041.828,0.92,0.2179,0.7,1.4721,85
1581481041.924,0.97,0.0683,0.71,1.5186,85
1581481042.206,0.92,0.2006,0.73,1.3414,86
1581481042.48,0.93,0.1821,0.68,1.1655,86
1581481042.756,0.92,0.2153,0.74,1.0804,86
1581481043.03,0.92,0.2119,0.73,1.0823,86
1581481043.304,0.94,0.1633,0.73,1.3356,86
1581481043.58,0.93,0.1654,0.7,1.5291,86
1581481043.856,0.89,0.2675,0.71,1.321,86
1581481044.132,0.92,0.1929,0.71,1.2677,86
1581481044.408,0.94,0.1665,0.72,1.3025,86
1581481044.683,0.92,0.1976,0.69,1.3581,86
1581481044.962,0.92,0.2137,0.67,1.4915,86
1581481045.251,0.93,0.2066,0.67,1.5755,86
1581481045.538,0.9,0.227,0.72,1.3429,86
1581481045.815,0.94,0.1535,0.7,1.2676,86
1581481046.089,0.92,0.2304,0.71,1.136,86
1581481046.365,0.89,0.2934,0.72,1.067,86
1581481046.65,0.95,0.1615,0.65,1.6145,86
1581481046.925,0.89,0.2904,0.67,1.5098,86
1581481047.199,0.88,0.3025,0.74,1.1573,86
1581481047.477,0.91,0.2148,0.69,1.1828,86
1581481047.752,0.91,0.2414,0.71,1.4614,86
1581481048.026,0.91,0.226,0.69,1.6986,86
1581481048.121,0.93,0.191,0.7,1.5042,86
1581481048.397,0.9,0.2454,0.69,1.4655,87
1581481048.674,0.92,0.2144,0.66,1.4553,87
1581481048.948,0.86,0.3349,0.66,1.2589,87
1581481049.226,0.87,0.3277,0.71,1.0666,87
1581481049.503,0.9,0.2363,0.72,1.2654,87
1581481049.778,0.95,0.1433,0.66,1.6588,87
1581481050.054,0.85,0.3516,0.71,1.4896,87
1581481050.335,0.86,0.346,0.71,1.1571,87
1581481050.612,0.9,0.2473,0.72,1.1273,87
1581481050.89,0.92,0.2163,0.69,1.1907,87
1581481051.171,0.85,0.351,0.68,1.2365,87
1581481051.447,0.9,0.2651,0.68,1.4482,87
1581481051.722,0.89,0.2848,0.7,1.4463,87
1581481051.995,0.89,0.256,0.73,1.3428,87
1581481052.271,0.9,0.2722,0.69,1.264,87
1581481052.547,0.87,0.3543,0.73,1.0753,87
1581481052.827,0.86,0.3793,0.74,1.0107,87
1581481053.102,0.94,0.1785,0.67,1.4539,87
1581481053.38,0.85,0.3237,0.65,1.6248,87
1581481053.657,0.81,0.5083,0.73,1.1555,87
1581481053.935,0.88,0.3234,0.72,1.0767,87
1581481054.211,0.93,0.1965,0.7,1.352,87
1581481054.309,0.92,0.1865,0.67,1.5952,87
1581481054.591,0.81,0.5633,0.7,1.3743,88
1581481054.866,0.86,0.3598,0.73,1.2978,88
1581481055.144,0.87,0.3082,0.69,1.3302,88
1581481055.42,0.87,0.3273,0.68,1.2715,88
1581481055.695,0.81,0.4651,0.68,1.1305,88
1581481055.971,0.84,0.4218,0.7,1.0745,88
1581481056.248,0.89,0.2911,0.7,1.1658,88
1581481056.528,0.92,0.2084,0.7,1.3229,88
1581481056.806,0.89,0.2776,0.71,1.382,88
1581481057.082,0.85,0.3762,0.72,1.3336,88
1581481057.363,0.84,0.3811,0.72,1.238,88
1581481057.657,0.89,0.2565,0.65,1.233,88
1581481057.938,0.9,0.2554,0.65,1.345,88
1581481058.218,0.88,0.292,0.64,1.3721,88
1581481058.496,0.89,0.288,0.66,1.2821,88
1581481058.772,0.88,0.2747,0.69,1.185,88
1581481059.045,0.9,0.2604,0.71,1.1632,88
1581481059.319,0.89,0.2695,0.7,1.1246,88
1581481059.604,0.89,0.2687,0.71,1.1175,88
1581481059.878,0.91,0.2247,0.71,1.1381,88
1581481060.154,0.92,0.2307,0.69,1.1505,88
1581481060.43,0.93,0.1762,0.66,1.1171,88
1581481060.527,0.98,0.0739,0.67,1.1027,88
1581481060.818,0.94,0.1888,0.68,1.0872,89
1581481061.11,0.93,0.1977,0.65,1.0912,89
1581481061.402,0.92,0.2261,0.64,1.1222,89
1581481061.687,0.91,0.2111,0.65,1.1702,89
1581481061.962,0.93,0.1976,0.66,1.1883,89
1581481062.236,0.94,0.1727,0.68,1.2028,89
1581481062.511,0.94,0.1678,0.7,1.2075,89
1581481062.802,0.92,0.1954,0.68,1.1905,89
1581481063.077,0.91,0.2159,0.74,1.1863,89
1581481063.351,0.94,0.1739,0.72,1.196,89
1581481063.625,0.93,0.1877,0.74,1.1807,89
1581481063.9,0.92,0.2059,0.74,1.1492,89
1581481064.175,0.95,0.1555,0.7,1.2076,89
1581481064.449,0.94,0.1577,0.69,1.2584,89
1581481064.734,0.92,0.2304,0.7,1.1722,89
1581481065.012,0.93,0.1846,0.71,1.1113,89
1581481065.302,0.93,0.1896,0.72,1.087,89
1581481065.579,0.93,0.1785,0.73,1.0222,89
1581481065.859,0.94,0.1707,0.73,0.9983,89
1581481066.135,0.94,0.1489,0.72,1.0593,89
1581481066.409,0.94,0.1657,0.71,1.0974,89
1581481066.688,0.94,0.1419,0.7,1.0779,89
1581481066.782,0.99,0.0485,0.72,1.0769,89
1581481067.059,0.94,0.1544,0.71,1.0944,90
1581481067.335,0.94,0.1561,0.72,1.134,90
1581481067.613,0.93,0.1891,0.7,1.1794,90
1581481067.9,0.94,0.1592,0.71,1.2377,90
1581481068.173,0.94,0.1558,0.67,1.2678,90
1581481068.448,0.94,0.1651,0.7,1.1841,90
1581481068.721,0.94,0.1609,0.72,1.0982,90
1581481068.995,0.95,0.1471,0.7,1.098,90
1581481069.269,0.94,0.146,0.71,1.1612,90
1581481069.544,0.95,0.1517,0.72,1.2151,90
1581481069.824,0.93,0.18,0.72,1.1752,90
1581481070.098,0.94,0.1325,0.73,1.1286,90
1581481070.38,0.96,0.1279,0.72,1.1744,90
1581481070.657,0.94,0.1379,0.69,1.2039,90
1581481070.935,0.93,0.1702,0.73,1.1837,90
1581481071.212,0.94,0.1524,0.75,1.1629,90
1581481071.49,0.94,0.1562,0.75,1.1757,90
1581481071.766,0.94,0.1559,0.76,1.1537,90
1581481072.043,0.95,0.1472,0.72,1.1271,90
1581481072.334,0.96,0.1226,0.71,1.112,90
1581481072.609,0.93,0.1603,0.73,1.0887,90
1581481072.892,0.95,0.1271,0.72,1.089,90
1581481072.987,0.99,0.044,0.75,1.1247,90
1581481073.263,0.95,0.1382,0.74,1.1436,91
1581481073.54,0.95,0.1334,0.74,1.1791,91
1581481073.817,0.93,0.1696,0.71,1.2154,91
1581481074.094,0.94,0.1535,0.72,1.2387,91
1581481074.372,0.94,0.1565,0.7,1.2451,91
1581481074.665,0.95,0.1556,0.68,1.2461,91
1581481074.945,0.94,0.1609,0.71,1.1995,91
1581481075.226,0.95,0.141,0.72,1.1661,91
1581481075.502,0.95,0.1367,0.7,1.2006,91
1581481075.777,0.95,0.1406,0.73,1.2359,91
1581481076.054,0.94,0.1657,0.72,1.207,91
1581481076.329,0.96,0.123,0.76,1.1989,91
1581481076.617,0.96,0.1136,0.7,1.2787,91
1581481076.897,0.95,0.1331,0.7,1.281,91
1581481077.173,0.93,0.1672,0.74,1.1997,91
1581481077.448,0.94,0.1424,0.75,1.1756,91
1581481077.724,0.95,0.1517,0.74,1.1891,91
1581481077.999,0.95,0.1428,0.73,1.1906,91
1581481078.277,0.95,0.1384,0.71,1.2344,91
1581481078.552,0.95,0.1285,0.7,1.247,91
1581481078.839,0.95,0.1544,0.71,1.1953,91
1581481079.131,0.95,0.1245,0.73,1.1573,91
1581481079.233,0.99,0.0421,0.72,1.1843,91
1581481079.523,0.94,0.1467,0.73,1.196,92
1581481079.813,0.96,0.1226,0.74,1.2323,92
1581481080.101,0.95,0.1523,0.72,1.2752,92
1581481080.381,0.95,0.1449,0.71,1.2941,92
1581481080.659,0.94,0.1652,0.71,1.2354,92
1581481080.938,0.94,0.1579,0.71,1.1994,92
1581481081.213,0.96,0.1383,0.71,1.2071,92
1581481081.492,0.96,0.1269,0.72,1.2487,92
1581481081.767,0.96,0.129,0.7,1.3059,92
1581481082.047,0.95,0.1322,0.72,1.3315,92
1581481082.329,0.94,0.1593,0.72,1.2825,92
1581481082.606,0.95,0.1203,0.73,1.2409,92
1581481082.893,0.97,0.106,0.72,1.2916,92
1581481083.176,0.95,0.1163,0.72,1.3159,92
1581481083.453,0.94,0.1548,0.75,1.2498,92
1581481083.73,0.94,0.1494,0.71,1.2584,92
1581481084.018,0.95,0.1518,0.72,1.2967,92
1581481084.295,0.94,0.1523,0.73,1.287,92
1581481084.569,0.95,0.143,0.72,1.2891,92
1581481084.844,0.95,0.1211,0.71,1.3103,92
1581481085.119,0.94,0.1468,0.72,1.3102,92
1581481085.394,0.96,0.1303,0.72,1.3045,92
1581481085.49,0.99,0.0591,0.73,1.3146,92
1581481085.783,0.95,0.1409,0.72,1.2752,93
1581481086.079,0.96,0.1158,0.74,1.2718,93
1581481086.371,0.95,0.142,0.72,1.3336,93
1581481086.66,0.95,0.1268,0.69,1.414,93
1581481086.934,0.93,0.1592,0.68,1.3615,93
1581481087.208,0.94,0.1711,0.69,1.234,93
1581481087.483,0.94,0.1481,0.71,1.1674,93
1581481087.757,0.96,0.1178,0.7,1.2002,93
1581481088.031,0.96,0.1147,0.72,1.292,93
1581481088.314,0.96,0.1242,0.71,1.3591,93
1581481088.589,0.94,0.1468,0.72,1.3339,93
1581481088.864,0.94,0.1421,0.74,1.2833,93
1581481089.139,0.96,0.1318,0.73,1.2908,93
1581481089.415,0.96,0.1017,0.71,1.3456,93
1581481089.691,0.95,0.1261,0.75,1.351,93
1581481089.979,0.94,0.159,0.7,1.3577,93
1581481090.273,0.95,0.1616,0.71,1.3921,93
1581481090.565,0.93,0.1758,0.73,1.351,93
1581481090.857,0.94,0.1638,0.74,1.3064,93
1581481091.139,0.97,0.1097,0.71,1.337,93
1581481091.421,0.95,0.1311,0.71,1.3679,93
1581481091.695,0.96,0.1377,0.72,1.3961,93
1581481091.79,0.98,0.0717,0.72,1.4347,93
1581481092.074,0.94,0.1784,0.74,1.3637,94
1581481092.35,0.96,0.1282,0.74,1.3269,94
1581481092.626,0.95,0.1431,0.72,1.3478,94
1581481092.902,0.96,0.1113,0.71,1.4323,94
1581481093.176,0.94,0.1462,0.67,1.4361,94
1581481093.459,0.93,0.1696,0.69,1.2788,94
1581481093.737,0.94,0.1642,0.74,1.1504,94
1581481094.012,0.94,0.1452,0.74,1.1599,94
1581481094.291,0.96,0.119,0.74,1.2576,94
1581481094.565,0.97,0.1113,0.72,1.3401,94
1581481094.839,0.95,0.1393,0.74,1.329,94
1581481095.113,0.95,0.134,0.73,1.265,94
1581481095.389,0.95,0.1553,0.7,1.2421,94
1581481095.664,0.96,0.1163,0.73,1.2612,94
1581481095.939,0.95,0.1209,0.75,1.2636,94
1581481096.216,0.96,0.1256,0.71,1.3133,94
1581481096.495,0.96,0.1381,0.72,1.3988,94
1581481096.771,0.93,0.1762,0.73,1.4278,94
1581481097.046,0.93,0.1874,0.72,1.3845,94
1581481097.326,0.95,0.1362,0.73,1.3023,94
1581481097.601,0.96,0.1238,0.72,1.2944,94
1581481097.878,0.95,0.1231,0.71,1.384,94
1581481097.974,0.98,0.0606,0.71,1.5075,94
1581481098.251,0.93,0.1913,0.71,1.4699,95
1581481098.526,0.95,0.1417,0.72,1.4202,95
1581481098.798,0.95,0.1419,0.74,1.4118,95
1581481099.073,0.96,0.1047,0.7,1.4498,95
1581481099.348,0.95,0.1349,0.68,1.4275,95
1581481099.63,0.94,0.16,0.69,1.3165,95
1581481099.907,0.93,0.1713,0.71,1.2396,95
1581481100.182,0.93,0.169,0.74,1.1934,95
1581481100.46,0.94,0.16,0.75,1.2062,95
1581481100.734,0.97,0.116,0.71,1.3275,95
1581481101.009,0.95,0.1279,0.75,1.4163,95
1581481101.285,0.96,0.1206,0.73,1.4298,95
1581481101.561,0.94,0.1752,0.69,1.3784,95
1581481101.841,0.95,0.1234,0.7,1.3252,95
1581481102.115,0.95,0.137,0.76,1.2976,95
1581481102.391,0.95,0.1285,0.74,1.3491,95
1581481102.677,0.95,0.1229,0.72,1.5109,95
1581481102.952,0.94,0.1514,0.72,1.5229,95
1581481103.229,0.93,0.1885,0.73,1.3841,95
1581481103.507,0.94,0.1592,0.75,1.2356,95
1581481103.783,0.94,0.1582,0.71,1.2603,95
1581481104.059,0.96,0.1243,0.73,1.3888,95
1581481104.154,0.99,0.0417,0.7,1.5538,95
1581481104.429,0.94,0.1675,0.72,1.5256,96
1581481104.708,0.93,0.1595,0.74,1.4408,96
1581481104.982,0.94,0.1514,0.7,1.4603,96
1581481105.256,0.95,0.1259,0.65,1.5967,96
1581481105.54,0.95,0.1337,0.66,1.5788,96
1581481105.818,0.96,0.133,0.66,1.418,96
1581481106.092,0.94,0.1528,0.73,1.2445,96
1581481106.367,0.95,0.1409,0.74,1.1969,96
1581481106.652,0.93,0.1837,0.75,1.1962,96
1581481106.926,0.95,0.1629,0.73,1.2238,96
1581481107.2,0.95,0.133,0.74,1.3138,96
1581481107.477,0.96,0.0963,0.75,1.4666,96
1581481107.754,0.93,0.1718,0.72,1.4667,96
1581481108.028,0.95,0.1318,0.7,1.4256,96
1581481108.303,0.95,0.1214,0.73,1.354,96
1581481108.582,0.94,0.1557,0.75,1.2943,96
1581481108.875,0.94,0.1679,0.76,1.3615,96
1581481109.149,0.97,0.0992,0.75,1.4979,96
1581481109.422,0.93,0.1801,0.73,1.4634,96
1581481109.699,0.93,0.1966,0.75,1.2349,96
1581481109.976,0.94,0.1795,0.74,1.1757,96
1581481110.251,0.95,0.1391,0.76,1.3399,96
1581481110.346,0.98,0.0678,0.72,1.5148,96
1581481110.626,0.93,0.1729,0.76,1.4594,97
1581481110.91,0.96,0.1049,0.75,1.5068,97
1581481111.186,0.93,0.1633,0.73,1.6457,97
1581481111.463,0.93,0.1632,0.68,1.6528,97
1581481111.749,0.94,0.1592,0.69,1.5077,97
1581481112.025,0.96,0.1141,0.71,1.3491,97
1581481112.302,0.96,0.1236,0.72,1.2008,97
1581481112.577,0.96,0.1157,0.72,1.1098,97
1581481112.864,0.95,0.1419,0.72,1.0831,97
1581481113.138,0.96,0.1322,0.75,1.1106,97
1581481113.416,0.94,0.1548,0.77,1.1895,97
1581481113.694,0.96,0.1028,0.75,1.2908,97
1581481113.976,0.95,0.123,0.73,1.305,97
1581481114.254,0.97,0.0978,0.71,1.2976,97
1581481114.529,0.97,0.0906,0.68,1.2964,97
1581481114.807,0.96,0.1185,0.68,1.2934,97
1581481115.082,0.94,0.1693,0.77,1.3081,97
1581481115.366,0.96,0.1011,0.76,1.403,97
1581481115.646,0.96,0.1267,0.74,1.4699,97
1581481115.925,0.96,0.1221,0.74,1.4624,97
1581481116.199,0.94,0.1691,0.75,1.3546,97
1581481116.473,0.97,0.0949,0.72,1.3502,97
1581481116.567,1.0,0.0341,0.71,1.4716,97
1581481116.843,0.93,0.1892,0.72,1.4244,98
1581481117.117,0.95,0.1313,0.75,1.4774,98
1581481117.392,0.96,0.1087,0.74,1.6189,98
1581481117.669,0.94,0.1298,0.73,1.7282,98
1581481117.951,0.93,0.1633,0.7,1.6507,98
1581481118.226,0.94,0.1426,0.69,1.5007,98
1581481118.506,0.95,0.122,0.71,1.4268,98
1581481118.78,0.94,0.1507,0.75,1.3516,98
1581481119.068,0.95,0.1485,0.75,1.2914,98
1581481119.344,0.97,0.1036,0.74,1.2955,98
1581481119.62,0.95,0.1332,0.73,1.3333,98
1581481119.895,0.95,0.1223,0.73,1.3441,98
1581481120.171,0.94,0.1553,0.72,1.3491,98
1581481120.448,0.95,0.1441,0.71,1.2957,98
1581481120.742,0.96,0.1148,0.75,1.2347,98
1581481121.031,0.96,0.1084,0.71,1.2747,98
1581481121.322,0.94,0.1671,0.7,1.2999,98
1581481121.611,0.95,0.1228,0.76,1.3824,98
1581481121.883,0.96,0.1285,0.77,1.4112,98
1581481122.164,0.96,0.1199,0.75,1.4068,98
1581481122.441,0.94,0.1668,0.77,1.3067,98
1581481122.716,0.96,0.1065,0.76,1.2895,98
1581481122.81,0.99,0.0306,0.72,1.3936,98
1581481123.086,0.95,0.1417,0.73,1.3819,99
1581481123.362,0.94,0.1651,0.73,1.3465,99
1581481123.636,0.95,0.1423,0.73,1.5007,99
1581481123.911,0.96,0.0972,0.71,1.7615,99
1581481124.186,0.93,0.1779,0.71,1.846,99
1581481124.466,0.9,0.2281,0.69,1.6249,99
1581481124.741,0.97,0.1001,0.7,1.4685,99
1581481125.017,0.95,0.1162,0.7,1.4518,99
1581481125.296,0.92,0.2197,0.72,1.3827,99
1581481125.573,0.93,0.1571,0.75,1.3609,99
1581481125.848,0.96,0.1037,0.72,1.4576,99
1581481126.122,0.96,0.1172,0.71,1.5503,99
1581481126.397,0.92,0.2128,0.72,1.4851,99
1581481126.671,0.95,0.1509,0.71,1.3815,99
1581481126.944,0.96,0.1167,0.69,1.2847,99
1581481127.217,0.94,0.1481,0.7,1.2341,99
1581481127.492,0.94,0.1649,0.68,1.2722,99
1581481127.768,0.93,0.1846,0.74,1.4178,99
1581481128.046,0.96,0.1178,0.7,1.6153,99
1581481128.328,0.93,0.1608,0.72,1.5945,99
1581481128.601,0.91,0.2223,0.74,1.3878,99
1581481128.878,0.96,0.1203,0.73,1.3289,99
1581481128.975,0.99,0.0391,0.72,1.4088,99
