1579051070.47,0.25,1.3904,0.23,1.381,0
1579051071.207,0.24,1.3838,0.34,1.3781,0
1579051071.933,0.35,1.3768,0.31,1.3742,0
1579051072.663,0.34,1.3666,0.31,1.3662,0
1579051073.392,0.3,1.3516,0.36,1.3541,0
1579051074.129,0.32,1.3403,0.35,1.3414,0
1579051074.858,0.35,1.3176,0.35,1.3362,0
1579051075.591,0.38,1.2945,0.35,1.3391,0
1579051076.325,0.36,1.2879,0.34,1.3325,0
1579051077.058,0.38,1.2735,0.36,1.3345,0
1579051077.787,0.38,1.2771,0.34,1.3261,0
1579051078.516,0.39,1.2669,0.32,1.3198,0
1579051078.881,0.37,1.2814,0.37,1.318,0
1579051079.624,0.41,1.252,0.35,1.3203,1
1579051080.407,0.4,1.2597,0.38,1.294,1
1579051081.141,0.44,1.2428,0.39,1.2847,1
1579051081.884,0.43,1.2469,0.39,1.2902,1
1579051082.639,0.41,1.2342,0.37,1.2713,1
1579051083.385,0.44,1.2417,0.35,1.2668,1
1579051084.11,0.44,1.2293,0.34,1.2748,1
1579051084.842,0.45,1.2155,0.4,1.2498,1
1579051085.579,0.45,1.2277,0.39,1.2453,1
1579051086.311,0.46,1.207,0.38,1.2484,1
1579051087.04,0.43,1.2226,0.36,1.2395,1
1579051087.77,0.44,1.2216,0.43,1.2214,1
1579051088.129,0.45,1.2237,0.41,1.2312,1
1579051088.869,0.45,1.2009,0.41,1.226,2
1579051089.625,0.45,1.2039,0.39,1.2205,2
1579051090.372,0.48,1.1975,0.41,1.2155,2
1579051091.107,0.47,1.2006,0.42,1.2021,2
1579051091.839,0.47,1.1783,0.42,1.2016,2
1579051092.575,0.46,1.2027,0.4,1.2095,2
1579051093.302,0.47,1.1926,0.39,1.1988,2
1579051094.041,0.49,1.1724,0.42,1.2025,2
1579051094.784,0.45,1.2033,0.4,1.1874,2
1579051095.519,0.48,1.1694,0.39,1.1863,2
1579051096.251,0.47,1.1845,0.46,1.1847,2
1579051097.0,0.46,1.1915,0.44,1.1688,2
1579051097.364,0.48,1.1874,0.45,1.1801,2
1579051098.105,0.48,1.1677,0.45,1.1735,3
1579051098.854,0.48,1.1704,0.42,1.1616,3
1579051099.6,0.49,1.1649,0.47,1.1524,3
1579051100.338,0.49,1.1695,0.44,1.1362,3
1579051101.073,0.48,1.1515,0.51,1.1388,3
1579051101.811,0.48,1.1771,0.44,1.1563,3
1579051102.541,0.48,1.1709,0.45,1.1499,3
1579051103.269,0.5,1.1401,0.48,1.1419,3
1579051104.007,0.49,1.1712,0.47,1.1395,3
1579051104.742,0.5,1.1411,0.47,1.1452,3
1579051105.47,0.48,1.1681,0.46,1.15,3
1579051106.216,0.47,1.1832,0.5,1.1268,3
1579051106.581,0.49,1.1544,0.47,1.144,3
1579051107.332,0.49,1.1533,0.48,1.1479,4
1579051108.073,0.48,1.1635,0.48,1.1311,4
1579051108.809,0.5,1.1464,0.49,1.1367,4
1579051109.554,0.49,1.1689,0.46,1.1229,4
1579051110.316,0.5,1.1389,0.46,1.128,4
1579051111.055,0.49,1.1708,0.5,1.1213,4
1579051111.806,0.49,1.1599,0.48,1.1238,4
1579051112.582,0.52,1.123,0.51,1.1319,4
1579051113.329,0.49,1.1632,0.49,1.1304,4
1579051114.08,0.5,1.1318,0.49,1.1368,4
1579051114.82,0.49,1.16,0.47,1.1222,4
1579051115.557,0.49,1.1581,0.48,1.1246,4
1579051115.927,0.49,1.1543,0.5,1.1117,4
1579051116.684,0.5,1.1271,0.51,1.1202,5
1579051117.42,0.49,1.1467,0.5,1.1169,5
1579051118.166,0.5,1.1335,0.48,1.1264,5
1579051118.904,0.49,1.1478,0.49,1.1089,5
1579051119.642,0.5,1.1217,0.5,1.1127,5
1579051120.396,0.49,1.1606,0.49,1.1129,5
1579051121.167,0.5,1.1423,0.48,1.1245,5
1579051121.905,0.52,1.12,0.48,1.1055,5
1579051122.649,0.5,1.144,0.49,1.1155,5
1579051123.384,0.51,1.125,0.49,1.1131,5
1579051124.116,0.5,1.1348,0.45,1.1229,5
1579051124.861,0.49,1.1542,0.48,1.1086,5
1579051125.219,0.5,1.1331,0.51,1.1065,5
1579051125.975,0.51,1.1214,0.52,1.1031,6
1579051126.902,0.51,1.1247,0.49,1.112,6
1579051127.632,0.51,1.1251,0.49,1.108,6
1579051128.373,0.51,1.1306,0.54,1.0947,6
1579051129.108,0.52,1.1119,0.53,1.0982,6
1579051129.839,0.5,1.1432,0.48,1.1115,6
1579051130.582,0.5,1.1327,0.48,1.1158,6
1579051131.336,0.53,1.1039,0.48,1.0987,6
1579051132.074,0.5,1.134,0.51,1.1032,6
1579051132.812,0.52,1.1097,0.53,1.1029,6
1579051133.553,0.51,1.1208,0.5,1.108,6
1579051134.287,0.5,1.1405,0.51,1.0923,6
1579051134.645,0.51,1.1196,0.52,1.0956,6
1579051135.405,0.52,1.108,0.51,1.0957,7
1579051136.135,0.52,1.1097,0.51,1.1059,7
1579051136.873,0.52,1.1102,0.5,1.0953,7
1579051137.616,0.52,1.1144,0.52,1.0861,7
1579051138.348,0.52,1.1001,0.5,1.0904,7
1579051139.089,0.51,1.1265,0.5,1.108,7
1579051139.829,0.51,1.1219,0.5,1.0992,7
1579051140.576,0.54,1.0846,0.5,1.0916,7
1579051141.315,0.51,1.1247,0.51,1.0959,7
1579051142.044,0.53,1.094,0.52,1.1002,7
1579051142.789,0.51,1.1087,0.51,1.0914,7
1579051143.527,0.51,1.1237,0.5,1.0801,7
1579051143.885,0.52,1.1092,0.5,1.0861,7
1579051144.635,0.53,1.0913,0.51,1.0915,8
1579051145.388,0.53,1.097,0.52,1.0945,8
1579051146.126,0.52,1.0922,0.49,1.0864,8
1579051146.868,0.53,1.1007,0.52,1.0799,8
1579051147.606,0.53,1.0844,0.5,1.0885,8
1579051148.331,0.52,1.1138,0.54,1.0987,8
1579051149.063,0.52,1.1071,0.52,1.0901,8
1579051149.799,0.54,1.0712,0.48,1.0836,8
1579051150.551,0.51,1.111,0.52,1.095,8
1579051151.284,0.53,1.0831,0.54,1.0961,8
1579051152.019,0.52,1.0986,0.51,1.083,8
1579051152.751,0.52,1.1124,0.5,1.0727,8
1579051153.11,0.52,1.1004,0.51,1.0871,8
1579051153.86,0.53,1.0824,0.51,1.0994,9
1579051154.594,0.53,1.0868,0.51,1.0905,9
1579051155.326,0.53,1.0795,0.52,1.0721,9
1579051156.064,0.53,1.0912,0.53,1.0773,9
1579051156.825,0.53,1.0729,0.51,1.0949,9
1579051157.554,0.53,1.1033,0.52,1.0938,9
1579051158.293,0.53,1.0957,0.5,1.0847,9
1579051159.044,0.55,1.0632,0.51,1.0748,9
1579051159.775,0.52,1.1002,0.52,1.0964,9
1579051160.508,0.54,1.075,0.52,1.0939,9
1579051161.258,0.52,1.0892,0.52,1.0774,9
1579051161.991,0.53,1.1022,0.5,1.0674,9
1579051162.347,0.52,1.0903,0.51,1.0926,9
1579051163.105,0.54,1.0748,0.51,1.106,10
1579051163.836,0.53,1.0795,0.53,1.0774,10
1579051164.568,0.53,1.0672,0.54,1.0634,10
1579051165.302,0.53,1.0815,0.53,1.0754,10
1579051166.05,0.54,1.0637,0.52,1.094,10
1579051166.781,0.54,1.0969,0.54,1.102,10
1579051167.511,0.53,1.0876,0.51,1.0759,10
1579051168.247,0.55,1.053,0.53,1.0663,10
1579051168.979,0.53,1.0917,0.53,1.0986,10
1579051169.718,0.54,1.0719,0.51,1.0977,10
1579051170.464,0.52,1.0911,0.54,1.091,10
1579051171.216,0.53,1.099,0.51,1.0653,10
1579051171.595,0.53,1.081,0.53,1.0821,10
1579051172.353,0.54,1.0734,0.53,1.1142,11
1579051173.08,0.53,1.0788,0.53,1.0828,11
1579051173.824,0.54,1.0594,0.55,1.0619,11
1579051174.568,0.53,1.0774,0.52,1.0791,11
1579051175.31,0.54,1.067,0.56,1.0778,11
1579051176.041,0.55,1.0841,0.53,1.0953,11
1579051176.78,0.53,1.0871,0.53,1.1039,11
1579051177.519,0.56,1.053,0.54,1.0676,11
1579051178.255,0.53,1.0838,0.55,1.066,11
1579051178.986,0.54,1.0638,0.54,1.086,11
1579051179.716,0.53,1.0711,0.52,1.0918,11
1579051180.452,0.53,1.0908,0.54,1.0611,11
1579051180.809,0.54,1.068,0.54,1.0636,11
1579051181.562,0.54,1.0587,0.53,1.0736,12
1579051182.294,0.55,1.0632,0.54,1.0771,12
1579051183.024,0.55,1.0515,0.53,1.0728,12
1579051183.768,0.55,1.0629,0.52,1.066,12
1579051184.505,0.55,1.0484,0.54,1.0569,12
1579051185.236,0.54,1.0785,0.56,1.0672,12
1579051185.964,0.54,1.0678,0.53,1.0847,12
1579051186.723,0.57,1.0379,0.53,1.0688,12
1579051187.454,0.54,1.0743,0.56,1.0671,12
1579051188.184,0.55,1.0518,0.54,1.0627,12
1579051188.915,0.54,1.0624,0.54,1.0653,12
1579051189.65,0.54,1.0793,0.54,1.0565,12
1579051190.007,0.55,1.0559,0.52,1.0675,12
1579051190.758,0.55,1.0534,0.54,1.0719,13
1579051191.508,0.55,1.0551,0.54,1.061,13
1579051192.275,0.55,1.0416,0.52,1.0548,13
1579051193.024,0.54,1.0546,0.52,1.063,13
1579051193.761,0.55,1.0418,0.54,1.0617,13
1579051194.491,0.55,1.0718,0.53,1.0731,13
1579051195.221,0.54,1.0614,0.56,1.0628,13
1579051195.977,0.57,1.0279,0.55,1.0556,13
1579051196.713,0.54,1.0655,0.54,1.0754,13
1579051197.442,0.55,1.0511,0.51,1.0669,13
1579051198.176,0.54,1.0678,0.54,1.076,13
1579051198.912,0.54,1.0855,0.55,1.0471,13
1579051199.268,0.56,1.0491,0.52,1.0746,13
1579051200.028,0.55,1.0548,0.54,1.0937,14
1579051200.756,0.55,1.0608,0.53,1.0488,14
1579051201.498,0.55,1.0376,0.54,1.0435,14
1579051202.236,0.54,1.0529,0.52,1.0745,14
1579051202.972,0.55,1.0445,0.54,1.0719,14
1579051203.705,0.55,1.0662,0.55,1.0665,14
1579051204.439,0.55,1.0576,0.54,1.0718,14
1579051205.185,0.57,1.0322,0.55,1.0496,14
1579051205.914,0.55,1.0604,0.52,1.0692,14
1579051206.649,0.55,1.0453,0.52,1.0749,14
1579051207.381,0.54,1.0531,0.56,1.0496,14
1579051208.121,0.55,1.0665,0.54,1.0371,14
1579051208.482,0.55,1.0452,0.54,1.0639,14
1579051209.236,0.56,1.0425,0.53,1.074,15
1579051209.979,0.55,1.0438,0.54,1.0505,15
1579051210.728,0.56,1.03,0.55,1.0364,15
1579051211.467,0.55,1.0438,0.55,1.0416,15
1579051212.208,0.56,1.0304,0.55,1.0608,15
1579051212.946,0.55,1.0589,0.54,1.0663,15
1579051213.68,0.55,1.0502,0.55,1.0452,15
1579051214.425,0.58,1.0169,0.55,1.0379,15
1579051215.164,0.55,1.0555,0.52,1.0629,15
1579051215.9,0.55,1.0386,0.51,1.0655,15
1579051216.636,0.54,1.051,0.55,1.0532,15
1579051217.376,0.55,1.0648,0.54,1.0351,15
1579051217.735,0.56,1.036,0.49,1.06,15
1579051218.492,0.56,1.0426,0.52,1.0805,16
1579051219.228,0.55,1.0439,0.53,1.0424,16
1579051219.97,0.56,1.0245,0.53,1.0296,16
1579051220.704,0.55,1.0399,0.52,1.0494,16
1579051221.458,0.55,1.0301,0.53,1.0598,16
1579051222.217,0.56,1.0553,0.54,1.0602,16
1579051222.95,0.55,1.0447,0.54,1.0474,16
1579051223.683,0.58,1.0145,0.54,1.0322,16
1579051224.42,0.55,1.0519,0.53,1.0584,16
1579051225.148,0.56,1.0342,0.51,1.0636,16
1579051225.899,0.55,1.0423,0.54,1.0375,16
1579051226.642,0.55,1.0551,0.54,1.0289,16
1579051226.999,0.56,1.0298,0.5,1.0521,16
1579051227.771,0.56,1.0342,0.51,1.0628,17
1579051228.505,0.56,1.0315,0.54,1.0405,17
1579051229.238,0.56,1.0188,0.54,1.0249,17
1579051229.97,0.56,1.0342,0.54,1.0352,17
1579051230.709,0.56,1.0209,0.52,1.0575,17
1579051231.636,0.56,1.0482,0.53,1.0558,17
1579051232.384,0.55,1.0391,0.54,1.0348,17
1579051233.118,0.58,1.0069,0.55,1.0267,17
1579051233.868,0.55,1.0446,0.52,1.0574,17
1579051234.61,0.56,1.0312,0.51,1.0584,17
1579051235.355,0.55,1.04,0.56,1.0415,17
1579051236.093,0.55,1.056,0.53,1.0231,17
1579051236.46,0.56,1.0237,0.5,1.0521,17
1579051237.214,0.56,1.0308,0.51,1.0619,18
1579051237.957,0.56,1.0288,0.51,1.0291,18
1579051238.705,0.56,1.0176,0.55,1.0249,18
1579051239.453,0.56,1.0308,0.55,1.0325,18
1579051240.185,0.56,1.0145,0.52,1.0577,18
1579051240.92,0.56,1.0464,0.54,1.0561,18
1579051241.654,0.56,1.0378,0.53,1.0223,18
1579051242.4,0.59,1.004,0.54,1.0234,18
1579051243.146,0.56,1.0397,0.52,1.0576,18
1579051243.888,0.56,1.029,0.51,1.0595,18
1579051244.619,0.55,1.0415,0.57,1.0462,18
1579051245.353,0.55,1.0581,0.54,1.0207,18
1579051245.718,0.56,1.0175,0.51,1.0494,18
1579051246.467,0.56,1.0331,0.51,1.0718,19
1579051247.197,0.56,1.0349,0.54,1.0279,19
1579051247.934,0.56,1.0115,0.54,1.0167,19
1579051248.665,0.56,1.0285,0.52,1.0437,19
1579051249.392,0.56,1.0225,0.52,1.0537,19
1579051250.131,0.56,1.0415,0.51,1.0503,19
1579051250.863,0.56,1.0348,0.54,1.0415,19
1579051251.595,0.59,1.0062,0.55,1.0193,19
1579051252.346,0.56,1.0383,0.5,1.0457,19
1579051253.089,0.57,1.0249,0.53,1.0627,19
1579051253.818,0.55,1.0313,0.56,1.0332,19
1579051254.549,0.56,1.0432,0.53,1.0152,19
1579051254.916,0.56,1.0151,0.56,1.0342,19
1579051255.668,0.56,1.0215,0.51,1.0486,20
1579051256.402,0.56,1.0172,0.54,1.034,20
1579051257.14,0.57,1.007,0.55,1.0175,20
1579051257.868,0.57,1.0197,0.54,1.0172,20
1579051258.603,0.57,1.0099,0.53,1.0366,20
1579051259.341,0.56,1.0344,0.53,1.05,20
1579051260.076,0.56,1.0282,0.54,1.025,20
1579051260.81,0.6,0.9919,0.55,1.0123,20
1579051261.56,0.56,1.0346,0.55,1.0338,20
1579051262.304,0.57,1.018,0.53,1.0509,20
1579051263.047,0.56,1.0274,0.55,1.0347,20
1579051263.791,0.56,1.0412,0.54,1.0125,20
1579051264.157,0.57,1.0055,0.55,1.0288,20
1579051264.911,0.57,1.022,0.54,1.0445,21
1579051265.655,0.57,1.017,0.53,1.0245,21
1579051266.394,0.57,1.003,0.55,1.0123,21
1579051267.13,0.57,1.0167,0.55,1.0226,21
1579051267.865,0.57,1.0081,0.53,1.0381,21
1579051268.603,0.56,1.0324,0.54,1.042,21
1579051269.334,0.57,1.0232,0.56,1.0212,21
1579051270.072,0.59,0.9893,0.57,1.0094,21
1579051270.802,0.56,1.0301,0.56,1.0361,21
1579051271.543,0.57,1.0156,0.54,1.0438,21
1579051272.278,0.56,1.0217,0.56,1.0212,21
1579051273.017,0.56,1.0356,0.55,1.0079,21
1579051273.394,0.57,1.0001,0.55,1.0289,21
1579051274.155,0.57,1.0186,0.56,1.0354,22
1579051274.916,0.57,1.0101,0.54,1.0141,22
1579051275.669,0.58,0.9981,0.54,1.0065,22
1579051276.431,0.57,1.0128,0.54,1.0222,22
1579051277.158,0.57,1.0032,0.54,1.0383,22
1579051277.886,0.56,1.0291,0.56,1.0309,22
1579051278.63,0.57,1.0184,0.56,1.0121,22
1579051279.359,0.6,0.9859,0.57,1.0104,22
1579051280.09,0.57,1.0249,0.55,1.0433,22
1579051280.835,0.57,1.0141,0.55,1.0353,22
1579051281.574,0.56,1.0185,0.55,1.0148,22
1579051282.324,0.56,1.0359,0.54,1.0046,22
1579051282.685,0.57,0.9937,0.55,1.0345,22
1579051283.457,0.57,1.0166,0.56,1.0298,23
1579051284.198,0.57,1.0072,0.54,1.0037,23
1579051284.939,0.58,0.9967,0.54,1.0038,23
1579051285.668,0.58,1.009,0.55,1.0249,23
1579051286.397,0.57,0.9984,0.52,1.0379,23
1579051287.136,0.56,1.0263,0.57,1.023,23
1579051287.875,0.57,1.0156,0.56,1.0047,23
1579051288.61,0.6,0.9824,0.58,1.0134,23
1579051289.346,0.57,1.0195,0.53,1.0449,23
1579051290.098,0.57,1.0124,0.56,1.0265,23
1579051290.835,0.56,1.0166,0.55,1.0129,23
1579051291.585,0.56,1.0371,0.55,1.0071,23
1579051291.946,0.57,0.9879,0.53,1.0395,23
1579051292.707,0.57,1.0167,0.57,1.0246,24
1579051293.466,0.57,1.006,0.54,0.9983,24
1579051294.212,0.57,0.9958,0.55,1.0032,24
1579051294.955,0.57,1.0054,0.55,1.0299,24
1579051295.692,0.57,0.9974,0.53,1.0325,24
1579051296.432,0.57,1.0243,0.56,1.0161,24
1579051297.173,0.57,1.0129,0.57,1.0036,24
1579051297.91,0.6,0.9786,0.58,1.0145,24
1579051298.65,0.57,1.0169,0.54,1.0417,24
1579051299.38,0.57,1.0097,0.57,1.0181,24
1579051300.112,0.57,1.0118,0.56,1.0039,24
1579051300.858,0.56,1.0294,0.56,1.0064,24
1579051301.222,0.58,0.9825,0.52,1.0373,24
1579051301.988,0.57,1.0159,0.56,1.0171,25
1579051302.728,0.57,1.002,0.54,0.9929,25
1579051303.471,0.58,0.9904,0.54,1.0007,25
1579051304.224,0.58,1.0035,0.54,1.0337,25
1579051304.971,0.57,0.9989,0.54,1.0253,25
1579051305.7,0.57,1.0194,0.57,1.0062,25
1579051306.454,0.57,1.0083,0.57,1.0076,25
1579051307.194,0.6,0.9771,0.57,1.0155,25
1579051307.924,0.57,1.0145,0.54,1.0348,25
1579051308.653,0.58,1.0048,0.58,1.0096,25
1579051309.396,0.57,1.005,0.56,0.9947,25
1579051310.122,0.57,1.0245,0.57,1.0055,25
1579051310.481,0.58,0.9772,0.53,1.0322,25
1579051311.239,0.57,1.0106,0.58,1.003,26
1579051311.967,0.58,0.9932,0.55,0.9886,26
1579051312.698,0.58,0.987,0.55,1.0007,26
1579051313.437,0.58,1.0003,0.54,1.0258,26
1579051314.172,0.58,0.9927,0.57,1.0141,26
1579051314.901,0.57,1.013,0.59,0.9987,26
1579051315.642,0.57,1.0048,0.58,1.0036,26
1579051316.374,0.6,0.9717,0.56,1.013,26
1579051317.102,0.57,1.0099,0.56,1.0237,26
1579051317.836,0.58,1.0004,0.6,1.0016,26
1579051318.573,0.57,1.0021,0.58,0.9949,26
1579051319.303,0.57,1.0215,0.59,1.0034,26
1579051319.665,0.58,0.9722,0.53,1.0222,26
1579051320.429,0.57,1.0052,0.57,0.9922,27
1579051321.167,0.58,0.9905,0.57,0.9873,27
1579051321.902,0.58,0.983,0.58,1.0062,27
1579051322.645,0.58,0.9956,0.56,1.0131,27
1579051323.377,0.58,0.9865,0.57,1.0032,27
1579051324.131,0.57,1.0086,0.58,1.0004,27
1579051324.863,0.57,1.0018,0.58,1.0009,27
1579051325.599,0.61,0.9666,0.58,1.0081,27
1579051326.333,0.58,1.0062,0.6,1.0111,27
1579051327.062,0.58,0.9963,0.6,0.9997,27
1579051327.798,0.58,0.9987,0.58,0.9982,27
1579051328.535,0.57,1.0208,0.57,0.9968,27
1579051328.893,0.58,0.9708,0.54,1.0159,27
1579051329.654,0.57,1.0034,0.58,0.987,28
1579051330.394,0.58,0.9873,0.56,0.9877,28
1579051331.127,0.58,0.9794,0.57,1.0027,28
1579051331.864,0.58,0.9928,0.55,1.0046,28
1579051332.605,0.58,0.9834,0.57,1.0003,28
1579051333.336,0.57,1.0049,0.57,0.9974,28
1579051334.074,0.58,0.9988,0.57,1.0011,28
1579051334.841,0.6,0.9637,0.6,0.9996,28
1579051335.574,0.58,1.0027,0.58,1.0096,28
1579051336.48,0.59,0.9935,0.6,0.9976,28
1579051337.215,0.58,0.9954,0.6,0.9895,28
1579051337.971,0.57,1.0169,0.58,0.9909,28
1579051338.33,0.59,0.9649,0.54,1.0135,28
1579051339.103,0.57,1.0004,0.59,0.9828,29
1579051339.836,0.58,0.9839,0.57,0.9855,29
1579051340.569,0.59,0.9768,0.57,1.0031,29
1579051341.323,0.58,0.9901,0.55,1.0033,29
1579051342.063,0.58,0.9812,0.57,0.9963,29
1579051342.792,0.58,1.0021,0.58,0.9996,29
1579051343.522,0.58,0.9958,0.59,0.9963,29
1579051344.266,0.61,0.9599,0.59,0.9975,29
1579051344.998,0.58,1.0006,0.58,1.0077,29
1579051345.745,0.58,0.9914,0.6,0.9957,29
1579051346.486,0.58,0.9916,0.59,0.9817,29
1579051347.233,0.57,1.0135,0.58,0.9878,29
1579051347.59,0.59,0.961,0.55,1.0189,29
1579051348.348,0.58,1.0029,0.58,0.9841,30
1579051349.086,0.58,0.9897,0.57,1.0036,30
1579051349.819,0.58,0.992,0.58,1.0185,30
1579051350.554,0.58,1.0048,0.53,1.0185,30
1579051351.288,0.58,0.9904,0.58,0.9912,30
1579051352.017,0.58,1.0009,0.58,0.9963,30
1579051352.755,0.58,0.9964,0.56,1.0196,30
1579051353.489,0.6,0.9706,0.57,0.9903,30
1579051354.233,0.58,1.0021,0.58,1.0022,30
1579051354.979,0.58,0.9892,0.57,1.0044,30
1579051355.712,0.58,0.992,0.6,0.9762,30
1579051356.451,0.58,1.0087,0.59,0.977,30
1579051356.814,0.59,0.9562,0.55,1.0076,30
1579051357.57,0.58,0.9949,0.59,0.9814,31
1579051358.307,0.59,0.9783,0.58,0.9761,31
1579051359.04,0.59,0.9714,0.58,0.9946,31
1579051359.779,0.58,0.9849,0.58,0.9987,31
1579051360.528,0.58,0.9753,0.56,0.9964,31
1579051361.271,0.58,0.9957,0.59,0.9861,31
1579051362.008,0.58,0.989,0.6,0.988,31
1579051362.737,0.61,0.9548,0.57,0.9938,31
1579051363.488,0.58,0.9962,0.57,0.997,31
1579051364.226,0.58,0.9866,0.6,0.9868,31
1579051365.003,0.58,0.9859,0.59,0.9829,31
1579051365.743,0.58,1.0082,0.58,0.9863,31
1579051366.102,0.6,0.9517,0.56,1.0023,31
1579051366.9,0.58,0.991,0.59,0.9694,32
1579051367.661,0.59,0.9762,0.58,0.9811,32
1579051368.399,0.59,0.9676,0.56,1.0046,32
1579051369.135,0.58,0.9839,0.58,0.9825,32
1579051369.875,0.59,0.9758,0.56,0.9963,32
1579051370.627,0.57,0.994,0.58,1.0003,32
1579051371.366,0.59,0.989,0.59,0.9831,32
1579051372.108,0.61,0.9518,0.59,0.9875,32
1579051372.854,0.59,0.9953,0.56,1.0114,32
1579051373.589,0.58,0.9884,0.6,0.9843,32
1579051374.322,0.58,0.9833,0.57,0.9651,32
1579051375.074,0.58,1.0072,0.58,0.9911,32
1579051375.439,0.6,0.9471,0.57,1.0181,32
1579051376.194,0.58,0.994,0.58,0.9642,33
1579051376.933,0.59,0.9779,0.55,0.9803,33
1579051377.68,0.59,0.9671,0.55,1.0153,33
1579051378.425,0.59,0.9827,0.58,0.9807,33
1579051379.163,0.59,0.9735,0.57,0.9857,33
1579051379.902,0.58,0.9919,0.57,1.0038,33
1579051380.634,0.58,0.9885,0.6,0.9885,33
1579051381.371,0.61,0.9488,0.6,0.978,33
1579051382.102,0.59,0.9949,0.56,1.0077,33
1579051382.839,0.59,0.9845,0.59,0.9966,33
1579051383.585,0.59,0.9821,0.58,0.959,33
1579051384.327,0.58,1.0053,0.57,0.973,33
1579051384.691,0.6,0.9422,0.57,1.0287,33
1579051385.459,0.58,0.996,0.59,0.9673,34
1579051386.194,0.59,0.9731,0.59,0.9699,34
1579051386.936,0.59,0.9675,0.56,1.0096,34
1579051387.682,0.59,0.9795,0.55,0.9949,34
1579051388.416,0.59,0.9677,0.58,0.9805,34
1579051389.152,0.58,0.9896,0.59,0.9851,34
1579051389.887,0.59,0.9823,0.59,0.9976,34
1579051390.615,0.61,0.9482,0.59,0.9754,34
1579051391.347,0.59,0.9883,0.57,0.9874,34
1579051392.103,0.59,0.9779,0.59,0.9953,34
1579051392.841,0.59,0.9791,0.6,0.967,34
1579051393.568,0.58,0.9981,0.58,0.9647,34
1579051393.934,0.61,0.9378,0.56,1.0086,34
1579051394.69,0.58,0.9862,0.59,0.9745,35
1579051395.433,0.6,0.9675,0.6,0.9694,35
1579051396.175,0.59,0.9614,0.58,0.9944,35
1579051396.939,0.59,0.9737,0.56,0.9937,35
1579051397.677,0.59,0.9643,0.58,0.9847,35
1579051398.421,0.58,0.9836,0.59,0.982,35
1579051399.164,0.59,0.978,0.59,0.9855,35
1579051399.894,0.61,0.943,0.59,0.9793,35
1579051400.631,0.59,0.9843,0.57,0.9874,35
1579051401.388,0.59,0.9754,0.58,0.9798,35
1579051402.132,0.59,0.9749,0.61,0.9645,35
1579051402.866,0.58,0.996,0.57,0.9735,35
1579051403.222,0.61,0.9328,0.56,1.0051,35
1579051403.971,0.58,0.9847,0.58,0.9669,36
1579051404.704,0.59,0.9706,0.56,0.9874,36
1579051405.442,0.59,0.9657,0.54,1.0056,36
1579051406.17,0.59,0.9822,0.53,1.0015,36
1579051406.907,0.58,0.9769,0.6,0.9858,36
1579051407.644,0.58,0.9897,0.58,1.0044,36
1579051408.378,0.59,0.9809,0.59,0.9792,36
1579051409.11,0.61,0.9406,0.6,0.9755,36
1579051409.847,0.59,0.9842,0.58,1.0006,36
1579051410.584,0.59,0.9752,0.6,0.9718,36
1579051411.318,0.58,0.9776,0.58,0.9654,36
1579051412.05,0.58,1.0015,0.57,0.9759,36
1579051412.409,0.6,0.9283,0.55,1.006,36
1579051413.161,0.58,0.9833,0.58,0.972,37
1579051413.891,0.59,0.9742,0.6,0.9763,37
1579051414.627,0.59,0.9628,0.55,1.0062,37
1579051415.365,0.59,0.9722,0.59,0.9792,37
1579051416.11,0.59,0.9603,0.61,0.9781,37
1579051416.844,0.59,0.9807,0.56,1.0013,37
1579051417.583,0.59,0.977,0.59,0.9739,37
1579051418.338,0.61,0.938,0.6,0.9688,37
1579051419.066,0.59,0.982,0.57,0.9998,37
1579051419.807,0.59,0.9716,0.59,0.9768,37
1579051420.54,0.59,0.9735,0.59,0.9629,37
1579051421.271,0.58,0.9978,0.57,0.9724,37
1579051421.632,0.61,0.923,0.56,1.0116,37
1579051422.376,0.58,0.9819,0.58,0.9713,38
1579051423.143,0.59,0.9694,0.6,0.9706,38
1579051423.901,0.6,0.9575,0.56,1.0086,38
1579051424.666,0.59,0.9693,0.59,0.982,38
1579051425.402,0.6,0.957,0.6,0.9753,38
1579051426.156,0.59,0.9771,0.58,0.9982,38
1579051426.95,0.59,0.9729,0.58,0.9781,38
1579051427.697,0.62,0.9341,0.61,0.9673,38
1579051428.464,0.59,0.9796,0.58,0.9954,38
1579051429.225,0.59,0.9683,0.57,0.9791,38
1579051429.987,0.59,0.9695,0.58,0.9624,38
1579051430.728,0.58,0.9939,0.58,0.9708,38
1579051431.095,0.61,0.918,0.56,1.016,38
1579051431.853,0.58,0.9793,0.6,0.9677,39
1579051432.591,0.6,0.9626,0.61,0.9677,39
1579051433.34,0.6,0.9534,0.55,1.0101,39
1579051434.083,0.59,0.967,0.58,0.9821,39
1579051434.821,0.6,0.9548,0.6,0.9742,39
1579051435.557,0.59,0.9733,0.58,0.9962,39
1579051436.302,0.6,0.9706,0.57,0.9803,39
1579051437.038,0.62,0.9314,0.58,0.9673,39
1579051437.772,0.59,0.9778,0.58,0.9927,39
1579051438.51,0.59,0.9655,0.58,0.9779,39
1579051439.251,0.59,0.9661,0.59,0.9572,39
1579051439.986,0.58,0.991,0.57,0.9676,39
1579051440.348,0.62,0.9136,0.58,1.0186,39
1579051441.1,0.59,0.9778,0.6,0.9599,40
1579051442.026,0.6,0.9583,0.6,0.9662,40
1579051442.777,0.6,0.9503,0.54,1.0107,40
1579051443.511,0.59,0.9652,0.6,0.9772,40
1579051444.256,0.6,0.953,0.6,0.9744,40
1579051444.992,0.59,0.9703,0.58,0.9935,40
1579051445.728,0.59,0.9696,0.58,0.984,40
1579051446.479,0.62,0.9297,0.58,0.9663,40
1579051447.217,0.59,0.9767,0.58,0.9942,40
1579051447.963,0.59,0.9638,0.57,0.9811,40
1579051448.711,0.59,0.9629,0.61,0.9491,40
1579051449.459,0.59,0.9878,0.57,0.9657,40
1579051449.824,0.62,0.9087,0.57,1.0252,40
1579051450.586,0.59,0.9778,0.6,0.959,41
1579051451.331,0.61,0.9551,0.59,0.9662,41
1579051452.068,0.59,0.9495,0.55,1.0112,41
1579051452.815,0.59,0.9641,0.57,0.9839,41
1579051453.556,0.6,0.9508,0.61,0.9702,41
1579051454.297,0.59,0.9683,0.59,0.9919,41
1579051455.066,0.6,0.9668,0.57,0.9896,41
1579051455.808,0.62,0.9278,0.6,0.9638,41
1579051456.556,0.6,0.9748,0.59,0.9913,41
1579051457.291,0.6,0.9607,0.57,0.982,41
1579051458.028,0.59,0.9625,0.6,0.9533,41
1579051458.775,0.59,0.9864,0.58,0.9566,41
1579051459.133,0.62,0.9063,0.56,1.0272,41
1579051459.88,0.59,0.9761,0.58,0.9608,42
1579051460.626,0.61,0.9519,0.6,0.9642,42
1579051461.403,0.6,0.9502,0.56,1.0028,42
1579051462.147,0.6,0.9621,0.56,0.997,42
1579051462.88,0.6,0.9495,0.6,0.9651,42
1579051463.618,0.59,0.9682,0.59,0.986,42
1579051464.352,0.6,0.9623,0.58,0.9919,42
1579051465.083,0.62,0.9259,0.59,0.9659,42
1579051465.834,0.6,0.9693,0.59,0.9815,42
1579051466.57,0.6,0.9575,0.57,0.9851,42
1579051467.299,0.59,0.961,0.6,0.9633,42
1579051468.029,0.59,0.9829,0.61,0.9516,42
1579051468.392,0.62,0.9048,0.55,1.0215,42
1579051469.158,0.59,0.9713,0.58,0.9681,43
1579051469.895,0.61,0.9492,0.6,0.9661,43
1579051470.626,0.6,0.9475,0.58,0.9915,43
1579051471.374,0.6,0.9586,0.56,1.0001,43
1579051472.104,0.6,0.9477,0.61,0.9681,43
1579051472.843,0.59,0.965,0.6,0.9833,43
1579051473.579,0.6,0.9597,0.57,0.9893,43
1579051474.315,0.62,0.9227,0.6,0.9674,43
1579051475.065,0.6,0.9653,0.59,0.9827,43
1579051475.801,0.6,0.9553,0.59,0.9783,43
1579051476.531,0.59,0.9587,0.58,0.9699,43
1579051477.281,0.59,0.982,0.62,0.9551,43
1579051477.64,0.62,0.9011,0.56,1.0179,43
1579051478.4,0.59,0.9672,0.6,0.9686,44
1579051479.14,0.61,0.9476,0.61,0.9678,44
1579051479.871,0.6,0.942,0.58,0.9923,44
1579051480.601,0.6,0.9543,0.6,0.9876,44
1579051481.334,0.6,0.9414,0.6,0.9773,44
1579051482.072,0.6,0.96,0.61,0.9782,44
1579051482.801,0.6,0.9585,0.58,1.0044,44
1579051483.534,0.62,0.9254,0.62,0.9646,44
1579051484.269,0.6,0.9683,0.59,0.998,44
1579051485.027,0.6,0.9578,0.61,0.9745,44
1579051485.764,0.59,0.9601,0.59,0.9691,44
1579051486.507,0.59,0.9807,0.6,0.9599,44
1579051486.872,0.62,0.8932,0.59,1.0063,44
1579051487.64,0.59,0.9631,0.57,0.9766,45
1579051488.379,0.61,0.949,0.6,0.9659,45
1579051489.113,0.6,0.944,0.56,1.009,45
1579051489.853,0.6,0.9566,0.62,0.9742,45
1579051490.589,0.6,0.9422,0.6,0.9841,45
1579051491.345,0.6,0.9576,0.58,0.9846,45
1579051492.099,0.6,0.9546,0.58,0.975,45
1579051492.852,0.62,0.9172,0.6,0.9787,45
1579051493.616,0.6,0.9627,0.59,0.987,45
1579051494.356,0.6,0.9553,0.59,0.9826,45
1579051495.086,0.6,0.9523,0.6,0.9447,45
1579051495.838,0.6,0.9721,0.57,0.9693,45
1579051496.209,0.63,0.8873,0.56,1.0115,45
1579051496.956,0.59,0.9611,0.62,0.9565,46
1579051497.694,0.61,0.9449,0.55,0.9768,46
1579051498.432,0.61,0.9369,0.58,1.0039,46
1579051499.169,0.6,0.9538,0.6,0.9821,46
1579051499.904,0.6,0.94,0.6,0.9755,46
1579051500.642,0.6,0.9543,0.6,0.9963,46
1579051501.381,0.6,0.9543,0.6,0.9874,46
1579051502.112,0.62,0.9161,0.6,0.9646,46
1579051502.871,0.6,0.9609,0.59,1.0041,46
1579051503.613,0.6,0.9509,0.61,0.9663,46
1579051504.344,0.6,0.9496,0.6,0.958,46
1579051505.079,0.6,0.9743,0.57,0.9758,46
1579051505.441,0.63,0.8837,0.57,1.0117,46
1579051506.192,0.6,0.9584,0.61,0.9642,47
1579051506.927,0.61,0.9439,0.55,0.9779,47
1579051507.678,0.6,0.9345,0.55,1.017,47
1579051508.417,0.6,0.9506,0.57,0.9659,47
1579051509.148,0.6,0.9417,0.61,0.9921,47
1579051509.895,0.6,0.9545,0.58,0.9932,47
1579051510.638,0.6,0.9579,0.6,0.9885,47
1579051511.366,0.62,0.9158,0.6,0.9662,47
1579051512.1,0.61,0.9592,0.6,1.0039,47
1579051512.837,0.6,0.9493,0.6,0.9734,47
1579051513.575,0.6,0.9459,0.62,0.9378,47
1579051514.311,0.59,0.9712,0.59,0.9834,47
1579051514.689,0.64,0.8806,0.56,1.0154,47
1579051515.445,0.59,0.9613,0.6,0.9661,48
1579051516.174,0.61,0.9443,0.57,0.9744,48
1579051516.943,0.6,0.9345,0.53,1.0212,48
1579051517.674,0.6,0.9497,0.6,0.9722,48
1579051518.406,0.6,0.9367,0.61,0.9727,48
1579051519.153,0.6,0.9495,0.58,1.002,48
1579051519.9,0.6,0.9528,0.58,0.9789,48
1579051520.636,0.63,0.9093,0.59,0.9692,48
1579051521.394,0.6,0.9597,0.59,1.0016,48
1579051522.148,0.6,0.9481,0.59,0.9846,48
1579051522.89,0.6,0.9448,0.62,0.9381,48
1579051523.627,0.59,0.9707,0.58,0.9714,48
1579051523.994,0.64,0.8756,0.54,1.0377,48
1579051524.747,0.59,0.9632,0.61,0.9625,49
1579051525.483,0.62,0.9378,0.59,0.9736,49
1579051526.22,0.6,0.936,0.55,1.0231,49
1579051526.96,0.6,0.9513,0.57,0.9994,49
1579051527.692,0.61,0.9343,0.57,0.9604,49
1579051528.431,0.6,0.9538,0.6,0.9957,49
1579051529.181,0.6,0.9483,0.56,0.9977,49
1579051529.917,0.62,0.9099,0.6,0.9625,49
1579051530.654,0.6,0.9564,0.6,0.9795,49
1579051531.393,0.6,0.9412,0.58,0.9949,49
1579051532.134,0.6,0.9487,0.6,0.9609,49
1579051532.873,0.6,0.9649,0.6,0.9453,49
1579051533.238,0.64,0.8793,0.56,1.0352,49
1579051533.994,0.59,0.9582,0.6,0.9806,50
1579051534.746,0.62,0.9317,0.59,0.9742,50
1579051535.487,0.6,0.9409,0.55,0.9967,50
1579051536.224,0.6,0.9443,0.54,1.0334,50
1579051536.959,0.61,0.9369,0.57,0.9652,50
1579051537.699,0.6,0.9508,0.58,0.9767,50
1579051538.461,0.61,0.9457,0.57,1.0073,50
1579051539.195,0.62,0.91,0.59,0.9711,50
1579051539.924,0.61,0.9478,0.61,0.9702,50
1579051540.662,0.6,0.9427,0.59,0.9859,50
1579051541.397,0.6,0.9459,0.6,0.9922,50
1579051542.127,0.6,0.9626,0.63,0.9462,50
1579051542.484,0.64,0.8778,0.58,1.0005,50
1579051543.227,0.6,0.9446,0.57,0.9998,51
1579051543.958,0.62,0.9302,0.61,0.9671,51
1579051544.889,0.61,0.9275,0.57,0.9824,51
1579051545.625,0.61,0.9367,0.6,1.0128,51
1579051546.364,0.61,0.9283,0.6,0.9971,51
1579051547.099,0.61,0.9413,0.59,0.963,51
1579051547.826,0.6,0.9467,0.58,1.0104,51
1579051548.579,0.63,0.9085,0.59,0.981,51
1579051549.312,0.61,0.9501,0.6,0.9904,51
1579051550.06,0.6,0.9425,0.61,0.9696,51
1579051550.809,0.6,0.9444,0.58,0.996,51
1579051551.551,0.6,0.9616,0.62,0.9607,51
1579051551.924,0.64,0.866,0.6,0.9925,51
1579051552.683,0.6,0.9408,0.58,0.9899,52
1579051553.417,0.62,0.926,0.58,0.9727,52
1579051554.156,0.61,0.9252,0.58,0.9983,52
1579051554.894,0.6,0.9356,0.6,0.9931,52
1579051555.633,0.61,0.9257,0.6,1.005,52
1579051556.361,0.61,0.9401,0.59,0.9732,52
1579051557.1,0.61,0.9429,0.6,0.9984,52
1579051557.839,0.63,0.9023,0.6,0.9823,52
1579051558.578,0.61,0.9426,0.59,0.9813,52
1579051559.312,0.61,0.9336,0.6,0.9774,52
1579051560.043,0.61,0.934,0.59,0.9557,52
1579051560.796,0.6,0.9523,0.59,0.9865,52
1579051561.156,0.65,0.8609,0.58,0.9993,52
1579051561.917,0.6,0.945,0.57,0.9886,53
1579051562.656,0.62,0.9287,0.55,0.9842,53
1579051563.395,0.61,0.9255,0.58,1.0114,53
1579051564.129,0.6,0.9338,0.6,0.983,53
1579051564.865,0.61,0.9257,0.61,1.001,53
1579051565.599,0.61,0.9356,0.58,0.9882,53
1579051566.331,0.6,0.9404,0.59,0.9876,53
1579051567.067,0.63,0.8991,0.58,0.9847,53
1579051567.8,0.61,0.9425,0.57,0.9915,53
1579051568.532,0.61,0.9336,0.61,0.9645,53
1579051569.262,0.6,0.9324,0.59,0.9536,53
1579051569.995,0.6,0.9504,0.59,0.9951,53
1579051570.357,0.65,0.8554,0.6,1.0019,53
1579051571.131,0.6,0.9387,0.57,0.9748,54
1579051571.868,0.63,0.9238,0.52,1.0022,54
1579051572.602,0.61,0.9203,0.59,1.0048,54
1579051573.331,0.61,0.9307,0.6,0.9932,54
1579051574.072,0.61,0.9283,0.6,0.9981,54
1579051574.82,0.61,0.9368,0.58,1.0144,54
1579051575.55,0.6,0.9426,0.61,0.968,54
1579051576.29,0.62,0.9043,0.56,1.0223,54
1579051577.04,0.6,0.954,0.58,0.9954,54
1579051577.773,0.6,0.95,0.6,0.9921,54
1579051578.505,0.6,0.9483,0.61,0.9439,54
1579051579.277,0.6,0.9553,0.59,1.0059,54
1579051579.635,0.64,0.8552,0.57,1.0209,54
1579051580.387,0.6,0.9416,0.62,0.966,55
1579051581.157,0.61,0.9363,0.53,1.0231,55
1579051581.885,0.6,0.934,0.57,1.012,55
1579051582.617,0.61,0.9346,0.59,0.9828,55
1579051583.358,0.61,0.9234,0.6,1.0087,55
1579051584.093,0.61,0.9398,0.53,0.995,55
1579051584.825,0.6,0.9477,0.58,1.0045,55
1579051585.558,0.63,0.8994,0.57,0.9832,55
1579051586.306,0.61,0.9432,0.59,1.0052,55
1579051587.041,0.61,0.938,0.6,0.9964,55
1579051587.778,0.61,0.9335,0.62,0.946,55
1579051588.52,0.6,0.9575,0.64,0.9686,55
1579051588.882,0.64,0.8511,0.54,1.0513,55
1579051589.645,0.59,0.9508,0.59,0.9644,56
1579051590.407,0.62,0.9265,0.56,0.9787,56
1579051591.142,0.61,0.9245,0.53,1.0336,56
1579051591.887,0.6,0.937,0.59,0.9894,56
1579051592.631,0.61,0.921,0.6,0.9967,56
1579051593.375,0.6,0.9445,0.6,0.9947,56
1579051594.11,0.61,0.9314,0.57,1.0013,56
1579051594.855,0.63,0.8987,0.59,0.991,56
1579051595.593,0.61,0.9486,0.59,0.977,56
1579051596.326,0.61,0.9302,0.6,1.0027,56
1579051597.071,0.6,0.9367,0.6,0.9791,56
1579051597.806,0.6,0.9558,0.65,0.9476,56
1579051598.172,0.65,0.8566,0.56,1.0292,56
1579051598.914,0.6,0.9424,0.58,1.0128,57
1579051599.675,0.62,0.92,0.62,0.9658,57
1579051600.409,0.61,0.9261,0.52,0.9949,57
1579051601.147,0.6,0.9274,0.59,1.0505,57
1579051601.887,0.61,0.9247,0.58,0.9776,57
1579051602.624,0.61,0.9315,0.6,0.9766,57
1579051603.362,0.62,0.9305,0.59,1.0207,57
1579051604.092,0.63,0.896,0.58,0.9804,57
1579051604.86,0.62,0.9319,0.6,0.9718,57
1579051605.598,0.61,0.9288,0.58,0.9843,57
1579051606.33,0.61,0.9259,0.61,0.9804,57
1579051607.07,0.61,0.9404,0.6,0.9702,57
1579051607.433,0.66,0.8479,0.63,0.9892,57
1579051608.176,0.61,0.9269,0.58,1.0094,58
1579051608.926,0.62,0.9136,0.54,0.996,58
1579051609.685,0.62,0.9124,0.54,0.9896,58
1579051610.418,0.61,0.9262,0.59,1.0282,58
1579051611.16,0.61,0.9131,0.61,1.0028,58
1579051611.919,0.61,0.9226,0.59,0.978,58
1579051612.667,0.62,0.9275,0.6,1.0122,58
1579051613.406,0.63,0.8898,0.57,0.9838,58
1579051614.171,0.62,0.9281,0.57,0.9812,58
1579051614.927,0.62,0.9226,0.6,0.9794,58
1579051615.665,0.61,0.921,0.6,0.9682,58
1579051616.418,0.61,0.9377,0.6,0.9811,58
1579051616.785,0.65,0.8368,0.58,1.0079,58
1579051617.54,0.61,0.9257,0.6,0.9964,59
1579051618.281,0.63,0.9088,0.53,1.0047,59
1579051619.02,0.62,0.9094,0.54,1.0105,59
1579051619.757,0.61,0.9223,0.57,1.0206,59
1579051620.519,0.62,0.9114,0.6,0.9971,59
1579051621.255,0.61,0.92,0.59,1.0011,59
1579051622.005,0.62,0.9235,0.58,1.003,59
1579051622.74,0.64,0.8845,0.6,0.979,59
1579051623.474,0.62,0.9286,0.58,0.9985,59
1579051624.209,0.61,0.9227,0.61,0.9642,59
1579051624.955,0.61,0.9214,0.6,0.9764,59
1579051625.691,0.6,0.9422,0.61,0.9892,59
1579051626.056,0.65,0.832,0.57,1.0178,59
1579051626.805,0.61,0.9235,0.54,0.9877,60
1579051627.535,0.63,0.9086,0.52,1.0106,60
1579051628.278,0.62,0.9061,0.59,1.0201,60
1579051629.012,0.61,0.9191,0.58,0.9951,60
1579051629.743,0.62,0.911,0.62,1.0156,60
1579051630.478,0.61,0.919,0.58,0.9976,60
1579051631.222,0.61,0.9263,0.57,1.0138,60
1579051631.956,0.63,0.8901,0.57,0.9884,60
1579051632.687,0.62,0.9295,0.61,1.0081,60
1579051633.432,0.61,0.924,0.61,0.9545,60
1579051634.168,0.6,0.9235,0.61,0.9906,60
1579051634.92,0.6,0.94,0.61,1.0005,60
1579051635.278,0.66,0.8296,0.6,1.0044,60
1579051636.02,0.61,0.9193,0.53,0.9954,61
1579051636.776,0.63,0.9056,0.53,1.0122,61
1579051637.52,0.62,0.9032,0.58,1.0161,61
1579051638.252,0.62,0.9171,0.58,0.996,61
1579051639.004,0.62,0.9075,0.59,1.0231,61
1579051639.74,0.61,0.9179,0.57,0.9967,61
1579051640.514,0.62,0.9231,0.57,1.0148,61
1579051641.259,0.63,0.8864,0.56,0.9962,61
1579051641.988,0.62,0.9243,0.58,0.9938,61
1579051642.735,0.61,0.9196,0.62,0.9569,61
1579051643.47,0.61,0.917,0.61,0.981,61
1579051644.22,0.61,0.9328,0.6,1.0015,61
1579051644.584,0.66,0.8245,0.6,1.0011,61
1579051645.506,0.61,0.917,0.54,0.9991,62
1579051646.238,0.63,0.9028,0.54,1.0145,62
1579051646.977,0.62,0.8998,0.58,1.0118,62
1579051647.717,0.61,0.9152,0.56,1.0024,62
1579051648.449,0.62,0.9033,0.56,1.024,62
1579051649.191,0.61,0.916,0.6,1.0007,62
1579051649.931,0.62,0.9181,0.57,1.0153,62
1579051650.69,0.64,0.8824,0.58,1.0043,62
1579051651.424,0.62,0.9189,0.58,0.9858,62
1579051652.156,0.61,0.9181,0.59,0.9661,62
1579051652.894,0.61,0.9129,0.59,0.9887,62
1579051653.627,0.61,0.9305,0.61,0.9981,62
1579051653.989,0.66,0.8199,0.53,1.0153,62
1579051654.758,0.61,0.9145,0.55,0.9915,63
1579051655.5,0.63,0.9003,0.56,1.0298,63
1579051656.23,0.62,0.8995,0.58,1.0044,63
1579051656.967,0.61,0.9242,0.55,1.0587,63
1579051657.7,0.61,0.9291,0.53,1.0154,63
1579051658.432,0.6,0.9511,0.55,1.1052,63
1579051659.161,0.6,0.9645,0.58,0.9827,63
1579051659.901,0.62,0.9101,0.58,1.0123,63
1579051660.638,0.62,0.92,0.62,1.0201,63
1579051661.369,0.61,0.9292,0.62,0.9529,63
1579051662.103,0.59,0.9478,0.6,0.9976,63
1579051662.851,0.61,0.9372,0.57,1.0532,63
1579051663.21,0.66,0.8391,0.52,1.0113,63
1579051663.965,0.6,0.9482,0.54,1.0013,64
1579051664.695,0.63,0.9069,0.52,1.0764,64
1579051665.434,0.61,0.9237,0.58,1.0122,64
1579051666.176,0.62,0.9292,0.59,0.9866,64
1579051666.943,0.62,0.9106,0.57,1.0526,64
1579051667.674,0.6,0.9316,0.55,1.0076,64
1579051668.405,0.62,0.9221,0.59,0.9825,64
1579051669.144,0.63,0.8824,0.57,1.0213,64
1579051669.875,0.62,0.9327,0.58,1.0368,64
1579051670.606,0.61,0.9201,0.6,0.9811,64
1579051671.353,0.6,0.9304,0.6,0.9704,64
1579051672.096,0.6,0.942,0.59,1.0291,64
1579051672.457,0.66,0.8403,0.57,1.0261,64
1579051673.216,0.61,0.9341,0.58,0.9815,65
1579051673.952,0.63,0.9063,0.52,1.0377,65
1579051674.685,0.61,0.9232,0.53,1.0403,65
1579051675.431,0.61,0.9167,0.58,1.0036,65
1579051676.181,0.61,0.9239,0.55,1.0087,65
1579051676.915,0.61,0.9227,0.56,1.0393,65
1579051677.654,0.62,0.9246,0.56,0.9963,65
1579051678.392,0.63,0.8876,0.62,0.9785,65
1579051679.126,0.62,0.9205,0.58,1.0311,65
1579051679.875,0.61,0.9282,0.61,0.9824,65
1579051680.608,0.61,0.9118,0.62,0.9492,65
1579051681.364,0.6,0.9412,0.6,0.9939,65
1579051681.733,0.67,0.8321,0.59,1.0297,65
1579051682.494,0.61,0.9169,0.55,0.9991,66
1579051683.275,0.62,0.9181,0.54,1.0015,66
1579051684.014,0.61,0.9032,0.53,1.0735,66
1579051684.752,0.6,0.9314,0.55,1.0115,66
1579051685.491,0.62,0.8997,0.6,0.9936,66
1579051686.226,0.61,0.9174,0.57,1.0273,66
1579051686.961,0.62,0.9175,0.59,1.0165,66
1579051687.7,0.65,0.8723,0.61,0.9846,66
1579051688.434,0.62,0.9198,0.57,1.0061,66
1579051689.172,0.61,0.9115,0.6,1.0116,66
1579051689.906,0.61,0.912,0.61,0.9554,66
1579051690.657,0.61,0.9268,0.61,0.971,66
1579051691.019,0.66,0.8177,0.59,1.0321,66
1579051691.772,0.62,0.9149,0.61,0.9859,67
1579051692.512,0.64,0.8937,0.53,1.0002,67
1579051693.264,0.62,0.8981,0.52,1.0633,67
1579051694.0,0.61,0.9139,0.55,1.0222,67
1579051694.753,0.62,0.8917,0.59,1.0022,67
1579051695.49,0.62,0.9061,0.58,1.0239,67
1579051696.234,0.63,0.9078,0.59,1.0126,67
1579051696.991,0.64,0.8685,0.59,0.9845,67
1579051697.742,0.62,0.9108,0.59,1.0191,67
1579051698.479,0.61,0.9111,0.59,0.9901,67
1579051699.225,0.62,0.9038,0.62,0.9569,67
1579051699.967,0.61,0.9266,0.61,0.9944,67
1579051700.331,0.67,0.8092,0.6,1.0177,67
1579051701.084,0.62,0.9072,0.6,0.9831,68
1579051701.829,0.64,0.894,0.53,1.0263,68
1579051702.56,0.63,0.8923,0.53,1.0662,68
1579051703.303,0.61,0.9103,0.58,1.0079,68
1579051704.072,0.62,0.8978,0.56,1.0209,68
1579051704.803,0.62,0.9013,0.56,1.0438,68
1579051705.537,0.62,0.9101,0.58,0.9908,68
1579051706.27,0.64,0.868,0.58,0.9946,68
1579051707.009,0.62,0.9089,0.57,1.044,68
1579051707.742,0.62,0.9163,0.6,0.9622,68
1579051708.477,0.61,0.9048,0.62,0.9608,68
1579051709.22,0.62,0.9249,0.58,1.0304,68
1579051709.579,0.66,0.8118,0.61,0.998,68
1579051710.344,0.62,0.9043,0.57,0.9867,69
1579051711.08,0.64,0.8927,0.54,1.0549,69
1579051711.856,0.62,0.8954,0.56,1.0435,69
1579051712.601,0.62,0.9044,0.59,1.0042,69
1579051713.344,0.62,0.8988,0.58,1.0378,69
1579051714.08,0.62,0.9013,0.56,1.0336,69
1579051714.821,0.63,0.9065,0.58,0.9953,69
1579051715.55,0.64,0.8669,0.57,1.0106,69
1579051716.286,0.62,0.9073,0.58,1.0384,69
1579051717.022,0.62,0.9128,0.6,0.9625,69
1579051717.754,0.62,0.9025,0.63,0.9665,69
1579051718.486,0.61,0.9228,0.58,1.024,69
1579051718.849,0.67,0.8057,0.59,1.0001,69
1579051719.595,0.62,0.9008,0.55,0.9907,70
1579051720.332,0.63,0.8901,0.54,1.0512,70
1579051721.068,0.62,0.8905,0.54,1.0459,70
1579051721.801,0.62,0.9036,0.58,1.0078,70
1579051722.537,0.62,0.8961,0.56,1.0364,70
1579051723.282,0.62,0.8987,0.56,1.0357,70
1579051724.011,0.63,0.9054,0.59,1.0038,70
1579051724.746,0.64,0.8664,0.57,1.0146,70
1579051725.491,0.62,0.9041,0.56,1.039,70
1579051726.234,0.61,0.9111,0.6,0.9683,70
1579051726.991,0.62,0.8991,0.62,0.9682,70
1579051727.72,0.62,0.9205,0.57,1.0232,70
1579051728.079,0.67,0.8013,0.57,1.005,70
1579051728.831,0.62,0.8961,0.56,0.9934,71
1579051729.576,0.64,0.8872,0.53,1.0479,71
1579051730.308,0.63,0.8862,0.54,1.0522,71
1579051731.037,0.62,0.9021,0.58,1.0078,71
1579051731.774,0.62,0.8925,0.54,1.034,71
1579051732.509,0.63,0.8963,0.56,1.0408,71
1579051733.24,0.63,0.9024,0.58,1.0061,71
1579051733.999,0.64,0.8645,0.56,1.012,71
1579051734.741,0.63,0.9018,0.57,1.0433,71
1579051735.481,0.61,0.9109,0.61,0.9702,71
1579051736.215,0.62,0.8965,0.62,0.9698,71
1579051736.957,0.62,0.9212,0.59,1.0254,71
1579051737.319,0.67,0.7978,0.57,1.0091,71
1579051738.089,0.63,0.8937,0.57,0.9964,72
1579051738.843,0.64,0.8858,0.53,1.0497,72
1579051739.586,0.63,0.8828,0.53,1.0566,72
1579051740.361,0.62,0.9004,0.58,1.0091,72
1579051741.1,0.62,0.8902,0.54,1.0335,72
1579051741.865,0.63,0.8934,0.57,1.0462,72
1579051742.645,0.63,0.9003,0.59,1.0088,72
1579051743.416,0.64,0.8629,0.58,1.0095,72
1579051744.164,0.63,0.899,0.56,1.0467,72
1579051744.919,0.61,0.9093,0.61,0.9706,72
1579051745.662,0.62,0.8939,0.62,0.9679,72
1579051746.399,0.62,0.9201,0.59,1.0253,72
1579051746.76,0.67,0.7938,0.57,1.0142,72
1579051747.505,0.63,0.8922,0.57,0.9973,73
1579051748.244,0.64,0.8847,0.53,1.0487,73
1579051748.979,0.63,0.88,0.54,1.0641,73
1579051749.715,0.62,0.9005,0.58,1.0122,73
1579051750.446,0.62,0.8881,0.54,1.0322,73
1579051751.181,0.63,0.891,0.57,1.0543,73
1579051752.103,0.63,0.8999,0.57,1.0136,73
1579051752.846,0.64,0.8605,0.57,1.0047,73
1579051753.58,0.63,0.8979,0.55,1.0551,73
1579051754.332,0.61,0.9093,0.63,0.9756,73
1579051755.105,0.63,0.8914,0.62,0.9661,73
1579051755.845,0.62,0.9217,0.59,1.0248,73
1579051756.205,0.67,0.7902,0.58,1.027,73
1579051756.995,0.63,0.8919,0.56,0.9987,74
1579051757.731,0.64,0.8842,0.53,1.0435,74
1579051758.466,0.63,0.8775,0.55,1.0784,74
1579051759.218,0.62,0.9036,0.58,1.0137,74
1579051759.953,0.62,0.8845,0.56,1.0232,74
1579051760.688,0.63,0.8897,0.57,1.0614,74
1579051761.451,0.63,0.9007,0.56,1.0198,74
1579051762.21,0.65,0.8556,0.6,0.9951,74
1579051762.944,0.62,0.9015,0.57,1.0583,74
1579051763.681,0.61,0.9079,0.64,0.9937,74
1579051764.431,0.63,0.8901,0.62,0.9609,74
1579051765.167,0.61,0.9267,0.61,1.012,74
1579051765.537,0.67,0.7845,0.57,1.0593,74
1579051766.293,0.62,0.9009,0.56,0.9972,75
1579051767.029,0.64,0.8821,0.54,1.0281,75
1579051767.768,0.62,0.8815,0.55,1.1014,75
1579051768.503,0.62,0.9126,0.56,1.0243,75
1579051769.245,0.63,0.8764,0.59,1.0152,75
1579051769.99,0.62,0.8998,0.58,1.0502,75
1579051770.726,0.63,0.8958,0.57,1.0548,75
1579051771.467,0.64,0.8571,0.6,0.9947,75
1579051772.205,0.62,0.9092,0.6,1.0154,75
1579051772.951,0.62,0.8971,0.58,1.0558,75
1579051773.709,0.62,0.9084,0.63,0.9563,75
1579051774.462,0.62,0.9193,0.62,0.9745,75
1579051774.834,0.68,0.7945,0.53,1.0843,75
1579051775.593,0.61,0.9129,0.59,1.0129,76
1579051776.335,0.64,0.8714,0.56,1.032,76
1579051777.073,0.61,0.9157,0.56,1.0467,76
1579051777.813,0.62,0.8918,0.54,1.0919,76
1579051778.558,0.63,0.8954,0.56,1.043,76
1579051779.305,0.62,0.8985,0.63,0.9957,76
1579051780.036,0.62,0.9078,0.57,1.0501,76
1579051780.776,0.64,0.8597,0.58,1.0849,76
1579051781.517,0.63,0.9041,0.6,0.9775,76
1579051782.251,0.61,0.9116,0.6,0.9851,76
1579051782.98,0.63,0.8883,0.57,1.038,76
1579051783.743,0.62,0.9144,0.58,0.9737,76
1579051784.103,0.68,0.7874,0.6,0.9839,76
1579051784.89,0.63,0.8856,0.59,1.0099,77
1579051785.638,0.65,0.8686,0.57,1.0232,77
1579051786.381,0.63,0.8724,0.56,1.0367,77
1579051787.123,0.62,0.8899,0.57,1.0284,77
1579051787.866,0.63,0.8728,0.54,1.0529,77
1579051788.6,0.63,0.8825,0.55,1.0353,77
1579051789.334,0.63,0.8886,0.58,1.0126,77
1579051790.072,0.64,0.8555,0.57,1.0336,77
1579051790.815,0.64,0.8877,0.57,1.0373,77
1579051791.551,0.62,0.8932,0.59,1.0052,77
1579051792.303,0.63,0.8868,0.61,1.0039,77
1579051793.066,0.62,0.9092,0.59,0.9929,77
1579051793.426,0.68,0.7744,0.59,1.0342,77
1579051794.19,0.62,0.8897,0.58,1.0143,78
1579051794.943,0.65,0.8659,0.58,1.0055,78
1579051795.676,0.63,0.8751,0.56,1.0593,78
1579051796.412,0.63,0.8871,0.55,1.0679,78
1579051797.147,0.64,0.869,0.57,1.0264,78
1579051797.886,0.63,0.8823,0.56,1.0352,78
1579051798.619,0.64,0.8827,0.56,1.0539,78
1579051799.357,0.65,0.8538,0.56,1.0219,78
1579051800.103,0.64,0.8824,0.59,1.0084,78
1579051800.838,0.63,0.8895,0.59,1.0272,78
1579051801.59,0.63,0.8891,0.6,1.0025,78
1579051802.324,0.63,0.9019,0.63,0.9783,78
1579051802.694,0.69,0.7758,0.58,1.0348,78
1579051803.494,0.63,0.885,0.57,1.0251,79
1579051804.252,0.65,0.8617,0.56,1.0095,79
1579051805.019,0.63,0.8763,0.57,1.0456,79
1579051805.759,0.63,0.8798,0.56,1.0799,79
1579051806.51,0.64,0.8709,0.55,1.0304,79
1579051807.256,0.64,0.876,0.57,1.024,79
1579051808.002,0.64,0.8814,0.54,1.0633,79
1579051808.738,0.65,0.8491,0.56,1.0285,79
1579051809.47,0.64,0.8785,0.57,1.0067,79
1579051810.215,0.63,0.8864,0.6,1.0192,79
1579051810.948,0.63,0.8844,0.59,1.0113,79
1579051811.682,0.63,0.8982,0.62,0.9799,79
1579051812.05,0.69,0.7703,0.6,1.0319,79
1579051812.806,0.63,0.8791,0.58,1.0283,80
1579051813.543,0.65,0.8594,0.56,1.0153,80
1579051814.305,0.63,0.8751,0.57,1.0623,80
1579051815.056,0.63,0.8806,0.56,1.0604,80
1579051815.793,0.63,0.8646,0.56,1.0424,80
1579051816.539,0.63,0.8784,0.58,1.0277,80
1579051817.275,0.64,0.8799,0.55,1.081,80
1579051818.005,0.65,0.8504,0.56,1.0114,80
1579051818.748,0.63,0.881,0.6,1.0296,80
1579051819.49,0.63,0.8891,0.61,1.0178,80
1579051820.224,0.63,0.8896,0.59,1.0222,80
1579051820.961,0.62,0.9056,0.61,0.984,80
1579051821.327,0.7,0.765,0.57,1.0432,80
1579051822.078,0.63,0.8806,0.58,1.0363,81
1579051822.818,0.65,0.8577,0.59,1.0081,81
1579051823.557,0.63,0.8714,0.58,1.0585,81
1579051824.291,0.63,0.8763,0.57,1.0613,81
1579051825.027,0.64,0.864,0.56,1.0355,81
1579051825.784,0.63,0.8724,0.58,1.0262,81
1579051826.523,0.64,0.8753,0.55,1.0665,81
1579051827.259,0.65,0.8439,0.56,1.0291,81
1579051827.992,0.64,0.8747,0.59,1.0051,81
1579051828.73,0.63,0.8829,0.6,1.0366,81
1579051829.468,0.63,0.8797,0.6,0.9858,81
1579051830.223,0.63,0.8959,0.63,1.0168,81
1579051830.582,0.7,0.7656,0.62,1.0385,81
1579051831.327,0.63,0.8846,0.58,1.0517,82
1579051832.06,0.65,0.8592,0.59,1.0146,82
1579051832.806,0.63,0.8668,0.59,1.0541,82
1579051833.553,0.63,0.8738,0.59,1.0682,82
1579051834.291,0.64,0.8605,0.57,1.0214,82
1579051835.026,0.63,0.8702,0.58,1.0548,82
1579051835.79,0.64,0.8738,0.55,1.052,82
1579051836.528,0.65,0.8458,0.58,1.0518,82
1579051837.257,0.64,0.8844,0.58,1.0033,82
1579051838.018,0.62,0.8882,0.58,1.0486,82
1579051838.763,0.63,0.8832,0.61,0.9798,82
1579051839.518,0.63,0.8975,0.61,1.0134,82
1579051839.882,0.7,0.7569,0.57,1.0551,82
1579051840.637,0.63,0.8755,0.59,1.0205,83
1579051841.369,0.65,0.856,0.56,1.0622,83
1579051842.107,0.63,0.88,0.57,1.0394,83
1579051842.85,0.62,0.8877,0.57,1.0934,83
1579051843.583,0.64,0.8694,0.58,1.0171,83
1579051844.327,0.64,0.8714,0.58,1.0479,83
1579051845.102,0.64,0.8685,0.55,1.0809,83
1579051845.849,0.65,0.8403,0.57,1.0111,83
1579051846.584,0.64,0.881,0.6,1.0447,83
1579051847.325,0.63,0.8876,0.61,1.016,83
1579051848.067,0.62,0.8892,0.6,1.0218,83
1579051848.8,0.62,0.8983,0.62,0.9982,83
1579051849.157,0.7,0.7499,0.6,1.0447,83
1579051849.911,0.63,0.8785,0.57,1.0554,84
1579051850.652,0.65,0.8546,0.58,1.0152,84
1579051851.399,0.63,0.864,0.58,1.0523,84
1579051852.153,0.63,0.8704,0.56,1.076,84
1579051852.894,0.64,0.8571,0.57,1.0214,84
1579051853.639,0.64,0.8658,0.58,1.0455,84
1579051854.387,0.64,0.8664,0.55,1.0729,84
1579051855.147,0.65,0.8383,0.58,1.0162,84
1579051856.093,0.64,0.8722,0.61,1.0379,84
1579051856.838,0.63,0.8766,0.61,1.0242,84
1579051857.579,0.63,0.8775,0.62,1.0153,84
1579051858.325,0.63,0.8972,0.61,1.0131,84
1579051858.688,0.7,0.7461,0.58,1.0596,84
1579051859.456,0.63,0.8731,0.57,1.0311,85
1579051860.213,0.65,0.8515,0.58,1.0377,85
1579051860.951,0.64,0.8579,0.58,1.0627,85
1579051861.699,0.63,0.8706,0.59,1.052,85
1579051862.449,0.64,0.8527,0.55,1.04,85
1579051863.193,0.64,0.8607,0.59,1.0517,85
1579051863.929,0.65,0.8663,0.56,1.0813,85
1579051864.665,0.65,0.8384,0.58,1.0181,85
1579051865.443,0.64,0.8713,0.61,1.0588,85
1579051866.205,0.63,0.8819,0.6,1.0108,85
1579051866.946,0.63,0.8779,0.59,1.0305,85
1579051867.71,0.63,0.8985,0.61,1.0159,85
1579051868.08,0.7,0.7397,0.59,1.0501,85
1579051868.836,0.63,0.8699,0.59,1.0471,86
1579051869.596,0.65,0.8495,0.58,1.0294,86
1579051870.348,0.64,0.853,0.59,1.0649,86
1579051871.099,0.64,0.867,0.59,1.0547,86
1579051871.847,0.64,0.8487,0.57,1.0356,86
1579051872.597,0.64,0.8563,0.58,1.056,86
1579051873.328,0.65,0.8616,0.55,1.0674,86
1579051874.066,0.65,0.8312,0.57,1.0251,86
1579051874.826,0.64,0.866,0.61,1.0452,86
1579051875.583,0.63,0.872,0.6,1.0178,86
1579051876.329,0.64,0.8672,0.63,1.0096,86
1579051877.071,0.63,0.8882,0.62,1.0285,86
1579051877.441,0.71,0.7344,0.58,1.0529,86
1579051878.191,0.64,0.8676,0.58,1.0426,87
1579051878.951,0.66,0.8468,0.57,1.0426,87
1579051879.688,0.64,0.851,0.58,1.0722,87
1579051880.428,0.64,0.8672,0.6,1.0525,87
1579051881.169,0.64,0.8473,0.57,1.0468,87
1579051881.909,0.64,0.8546,0.56,1.0733,87
1579051882.644,0.65,0.8588,0.55,1.0558,87
1579051883.38,0.66,0.8313,0.55,1.0355,87
1579051884.118,0.65,0.861,0.6,1.0496,87
1579051884.859,0.64,0.8705,0.58,1.0143,87
1579051885.594,0.64,0.8655,0.62,1.0185,87
1579051886.332,0.63,0.8821,0.61,1.0382,87
1579051886.699,0.7,0.7324,0.58,1.0563,87
1579051887.454,0.64,0.8614,0.58,1.0347,88
1579051888.194,0.66,0.8422,0.57,1.0679,88
1579051888.935,0.64,0.8544,0.56,1.0541,88
1579051889.682,0.63,0.8673,0.58,1.0786,88
1579051890.43,0.64,0.8545,0.57,1.0433,88
1579051891.17,0.63,0.8645,0.54,1.121,88
1579051891.913,0.64,0.873,0.56,1.0369,88
1579051892.657,0.64,0.8599,0.59,1.105,88
1579051893.396,0.64,0.8901,0.59,1.0302,88
1579051894.138,0.62,0.8874,0.55,1.0491,88
1579051894.88,0.64,0.87,0.61,1.0091,88
1579051895.617,0.63,0.8832,0.6,1.0352,88
1579051895.983,0.7,0.7349,0.55,1.0817,88
1579051896.763,0.64,0.8625,0.59,1.0235,89
1579051897.502,0.65,0.8524,0.58,1.0723,89
1579051898.256,0.64,0.8577,0.59,1.0635,89
1579051898.991,0.63,0.8638,0.59,1.0409,89
1579051899.74,0.64,0.8471,0.58,1.0775,89
1579051900.479,0.64,0.8664,0.56,1.0415,89
1579051901.225,0.64,0.8772,0.55,1.1104,89
1579051901.967,0.65,0.8369,0.58,1.0248,89
1579051902.71,0.64,0.8684,0.61,1.0451,89
1579051903.454,0.63,0.8662,0.62,1.0426,89
1579051904.191,0.64,0.8618,0.58,0.9841,89
1579051904.942,0.63,0.8897,0.6,1.0465,89
1579051905.311,0.71,0.7295,0.58,1.0598,89
1579051906.066,0.64,0.8651,0.58,1.024,90
1579051906.827,0.66,0.8385,0.58,1.0743,90
1579051907.574,0.64,0.8523,0.57,1.0638,90
1579051908.314,0.64,0.8673,0.58,1.0598,90
1579051909.051,0.65,0.8402,0.57,1.0568,90
1579051909.789,0.65,0.8483,0.55,1.0537,90
1579051910.535,0.64,0.8602,0.57,1.0971,90
1579051911.275,0.65,0.8319,0.58,1.0186,90
1579051912.011,0.64,0.8651,0.59,1.0705,90
1579051912.75,0.64,0.8638,0.59,1.0146,90
1579051913.487,0.64,0.8554,0.61,0.9985,90
1579051914.229,0.64,0.8766,0.6,1.0623,90
1579051914.594,0.72,0.7245,0.6,1.042,90
1579051915.346,0.64,0.8617,0.61,1.0464,91
1579051916.087,0.66,0.8358,0.59,1.0745,91
1579051916.827,0.65,0.8437,0.57,1.0547,91
1579051917.569,0.64,0.8637,0.57,1.0734,91
1579051918.303,0.65,0.8414,0.6,1.0592,91
1579051919.044,0.65,0.8452,0.56,1.0662,91
1579051919.79,0.66,0.8487,0.55,1.0844,91
1579051920.538,0.66,0.8283,0.57,1.0337,91
1579051921.276,0.65,0.857,0.62,1.0731,91
1579051922.011,0.64,0.8657,0.57,1.01,91
1579051922.754,0.64,0.8612,0.61,1.0325,91
1579051923.503,0.64,0.8731,0.62,1.051,91
1579051923.862,0.72,0.7173,0.58,1.0445,91
1579051924.619,0.64,0.8555,0.58,1.0544,92
1579051925.373,0.66,0.8329,0.57,1.0611,92
1579051926.111,0.65,0.8428,0.57,1.0609,92
1579051926.853,0.64,0.8554,0.6,1.0583,92
1579051927.604,0.65,0.8355,0.6,1.0629,92
1579051928.354,0.65,0.8425,0.57,1.0627,92
1579051929.09,0.66,0.8479,0.57,1.0859,92
1579051929.836,0.66,0.8263,0.57,1.0345,92
1579051930.589,0.65,0.8526,0.63,1.0718,92
1579051931.34,0.64,0.8636,0.59,1.0166,92
1579051932.096,0.64,0.857,0.62,1.0349,92
1579051932.849,0.64,0.8709,0.65,1.0604,92
1579051933.222,0.72,0.7139,0.58,1.0517,92
1579051933.996,0.64,0.8523,0.58,1.0577,93
1579051934.748,0.66,0.8317,0.59,1.0706,93
1579051935.485,0.65,0.8405,0.57,1.0656,93
1579051936.231,0.64,0.8519,0.59,1.0623,93
1579051937.001,0.65,0.8341,0.61,1.0712,93
1579051937.761,0.65,0.8385,0.59,1.0658,93
1579051938.505,0.66,0.8451,0.55,1.0881,93
1579051939.257,0.66,0.8251,0.56,1.0381,93
1579051940.004,0.65,0.8505,0.63,1.0715,93
1579051940.748,0.64,0.8639,0.56,1.014,93
1579051941.496,0.64,0.86,0.59,1.0513,93
1579051942.256,0.64,0.8739,0.63,1.0503,93
1579051942.615,0.72,0.7091,0.57,1.064,93
1579051943.371,0.64,0.8473,0.59,1.0547,94
1579051944.116,0.66,0.8296,0.59,1.0766,94
1579051944.857,0.65,0.8389,0.57,1.0749,94
1579051945.593,0.64,0.8499,0.6,1.0585,94
1579051946.336,0.65,0.8324,0.61,1.0813,94
1579051947.072,0.65,0.8363,0.58,1.0628,94
1579051947.832,0.66,0.8452,0.55,1.1017,94
1579051948.569,0.65,0.8284,0.56,1.039,94
1579051949.313,0.65,0.8538,0.61,1.0869,94
1579051950.047,0.64,0.8693,0.56,1.0108,94
1579051950.788,0.63,0.8655,0.59,1.0633,94
1579051951.544,0.64,0.8768,0.63,1.0478,94
1579051951.906,0.72,0.7041,0.6,1.059,94
1579051952.662,0.64,0.8489,0.59,1.0753,95
1579051953.409,0.66,0.8317,0.6,1.0618,95
1579051954.142,0.65,0.8345,0.58,1.0866,95
1579051954.878,0.65,0.8482,0.61,1.0564,95
1579051955.635,0.65,0.8295,0.59,1.0705,95
1579051956.373,0.65,0.831,0.59,1.0729,95
1579051957.108,0.66,0.8402,0.56,1.0725,95
1579051958.038,0.66,0.8157,0.57,1.0495,95
1579051958.774,0.66,0.8435,0.63,1.0582,95
1579051959.52,0.64,0.8538,0.6,1.0198,95
1579051960.256,0.65,0.8432,0.6,1.0135,95
1579051960.994,0.64,0.8637,0.58,1.0928,95
1579051961.361,0.73,0.7088,0.59,1.0376,95
1579051962.113,0.64,0.8604,0.56,1.1041,96
1579051962.849,0.66,0.835,0.59,1.0581,96
1579051963.6,0.65,0.8333,0.58,1.0727,96
1579051964.334,0.64,0.8449,0.58,1.0803,96
1579051965.104,0.65,0.8283,0.59,1.0594,96
1579051965.858,0.65,0.8312,0.57,1.1016,96
1579051966.614,0.66,0.8372,0.52,1.056,96
1579051967.348,0.66,0.8139,0.57,1.0653,96
1579051968.1,0.66,0.8431,0.6,1.0492,96
1579051968.845,0.64,0.8524,0.6,1.0311,96
1579051969.582,0.65,0.843,0.61,1.0072,96
1579051970.317,0.64,0.8618,0.58,1.093,96
1579051970.682,0.73,0.7021,0.59,1.0338,96
1579051971.436,0.65,0.8444,0.57,1.0636,97
1579051972.19,0.67,0.8196,0.6,1.0875,97
1579051972.936,0.65,0.8349,0.57,1.046,97
1579051973.676,0.64,0.8547,0.57,1.123,97
1579051974.413,0.65,0.8424,0.58,1.0592,97
1579051975.151,0.65,0.8405,0.57,1.1102,97
1579051975.911,0.66,0.8371,0.54,1.0643,97
1579051976.652,0.66,0.8101,0.58,1.0487,97
1579051977.392,0.66,0.8382,0.63,1.0726,97
1579051978.146,0.65,0.8517,0.57,1.015,97
1579051978.89,0.64,0.8571,0.58,1.074,97
1579051979.625,0.64,0.8741,0.63,1.0474,97
1579051980.009,0.72,0.6933,0.58,1.0755,97
1579051980.761,0.65,0.8359,0.59,1.0463,98
1579051981.507,0.67,0.8223,0.59,1.096,98
1579051982.254,0.65,0.8307,0.6,1.06,98
1579051982.997,0.64,0.8391,0.6,1.0578,98
1579051983.765,0.66,0.8215,0.58,1.1018,98
1579051984.507,0.65,0.829,0.59,1.0456,98
1579051985.265,0.65,0.8446,0.53,1.1518,98
1579051985.999,0.65,0.8345,0.55,1.0451,98
1579051986.742,0.65,0.8582,0.61,1.1019,98
1579051987.478,0.64,0.8693,0.59,1.0408,98
1579051988.224,0.64,0.8519,0.6,1.0203,98
1579051988.969,0.64,0.8639,0.59,1.1211,98
1579051989.332,0.72,0.712,0.61,1.0453,98
1579051990.087,0.63,0.8686,0.58,1.085,99
1579051990.826,0.66,0.8316,0.58,1.1144,99
1579051991.583,0.65,0.8348,0.59,1.0483,99
1579051992.326,0.63,0.8699,0.56,1.1135,99
1579051993.064,0.65,0.8415,0.59,1.0825,99
1579051993.81,0.66,0.8217,0.58,1.0645,99
1579051994.572,0.64,0.8601,0.5,1.1587,99
1579051995.328,0.66,0.8311,0.53,1.0557,99
1579051996.065,0.65,0.8503,0.6,1.0565,99
1579051996.843,0.64,0.8529,0.62,1.0923,99
1579051997.588,0.64,0.8576,0.57,0.995,99
1579051998.33,0.63,0.8915,0.59,1.0647,99
1579051998.701,0.73,0.6886,0.57,1.1143,99
