1579060515.066,0.25,1.3982,0.3,1.3937,0
1579060515.815,0.24,1.388,0.2,1.3824,0
1579060516.56,0.25,1.3812,0.36,1.376,0
1579060517.313,0.36,1.3754,0.33,1.3748,0
1579060518.056,0.29,1.3675,0.34,1.3658,0
1579060518.829,0.3,1.3629,0.35,1.3519,0
1579060519.577,0.35,1.3484,0.39,1.3507,0
1579060520.332,0.37,1.3317,0.38,1.3476,0
1579060521.08,0.36,1.3273,0.36,1.3421,0
1579060521.825,0.37,1.3069,0.36,1.3403,0
1579060522.574,0.37,1.3033,0.35,1.3408,0
1579060523.326,0.38,1.2916,0.36,1.3486,0
1579060523.69,0.36,1.3108,0.36,1.3501,0
1579060524.443,0.39,1.274,0.35,1.3444,1
1579060525.193,0.39,1.2872,0.35,1.3358,1
1579060526.028,0.39,1.2839,0.37,1.3318,1
1579060526.783,0.4,1.283,0.38,1.3261,1
1579060527.541,0.42,1.2657,0.39,1.3091,1
1579060528.284,0.4,1.2793,0.35,1.296,1
1579060529.037,0.39,1.27,0.37,1.2907,1
1579060529.787,0.41,1.2536,0.39,1.2965,1
1579060530.54,0.39,1.2752,0.38,1.2798,1
1579060531.291,0.4,1.2544,0.37,1.277,1
1579060532.037,0.39,1.2639,0.39,1.2779,1
1579060532.795,0.41,1.257,0.38,1.2776,1
1579060533.16,0.38,1.2685,0.35,1.2737,1
1579060533.913,0.42,1.2409,0.37,1.2661,2
1579060534.669,0.41,1.2493,0.39,1.2578,2
1579060535.418,0.41,1.2443,0.38,1.2556,2
1579060536.16,0.42,1.2446,0.42,1.2401,2
1579060536.913,0.42,1.2263,0.41,1.2364,2
1579060537.664,0.4,1.2456,0.42,1.2321,2
1579060538.411,0.39,1.2342,0.39,1.2347,2
1579060539.162,0.42,1.2157,0.36,1.2459,2
1579060539.929,0.43,1.2353,0.39,1.2369,2
1579060540.694,0.43,1.2166,0.36,1.2447,2
1579060541.45,0.43,1.2291,0.4,1.2307,2
1579060542.203,0.44,1.2212,0.4,1.2263,2
1579060542.582,0.42,1.2266,0.43,1.2511,2
1579060543.357,0.45,1.2152,0.4,1.2191,3
1579060544.122,0.42,1.224,0.38,1.2123,3
1579060544.902,0.42,1.2128,0.42,1.228,3
1579060545.658,0.44,1.2161,0.43,1.2128,3
1579060546.406,0.46,1.19,0.43,1.2044,3
1579060547.161,0.43,1.2143,0.42,1.2051,3
1579060547.921,0.43,1.2029,0.44,1.204,3
1579060548.672,0.47,1.1769,0.44,1.2156,3
1579060549.423,0.47,1.2064,0.44,1.2007,3
1579060550.231,0.46,1.1771,0.42,1.1919,3
1579060550.985,0.45,1.1943,0.43,1.188,3
1579060551.729,0.45,1.1925,0.44,1.1908,3
1579060552.099,0.46,1.1872,0.4,1.206,3
1579060552.847,0.47,1.1755,0.45,1.1786,4
1579060553.593,0.47,1.1767,0.42,1.1716,4
1579060554.357,0.46,1.1744,0.45,1.1705,4
1579060555.111,0.48,1.1727,0.43,1.1771,4
1579060555.873,0.48,1.1615,0.45,1.1574,4
1579060556.622,0.47,1.1818,0.42,1.1602,4
1579060557.376,0.46,1.1726,0.42,1.1668,4
1579060558.123,0.5,1.1426,0.43,1.169,4
1579060558.87,0.48,1.1757,0.44,1.1567,4
1579060559.613,0.49,1.1499,0.47,1.1534,4
1579060560.39,0.48,1.1648,0.44,1.1528,4
1579060561.137,0.48,1.1694,0.48,1.1506,4
1579060561.512,0.48,1.1577,0.46,1.1581,4
1579060562.265,0.49,1.145,0.42,1.1483,5
1579060563.009,0.49,1.1513,0.43,1.1436,5
1579060563.754,0.5,1.1439,0.43,1.1436,5
1579060564.507,0.5,1.1517,0.45,1.1403,5
1579060565.262,0.5,1.1328,0.48,1.1397,5
1579060566.009,0.49,1.1634,0.47,1.1422,5
1579060566.753,0.49,1.1529,0.43,1.1404,5
1579060567.504,0.51,1.1211,0.46,1.137,5
1579060568.264,0.49,1.1578,0.44,1.1454,5
1579060569.018,0.51,1.1308,0.44,1.1482,5
1579060569.77,0.5,1.15,0.51,1.1381,5
1579060570.593,0.49,1.1584,0.52,1.128,5
1579060570.96,0.5,1.1408,0.47,1.1468,5
1579060571.719,0.5,1.1398,0.45,1.1347,6
1579060572.469,0.5,1.1364,0.47,1.1368,6
1579060573.218,0.5,1.136,0.47,1.1277,6
1579060573.967,0.51,1.1382,0.48,1.1258,6
1579060574.727,0.51,1.1224,0.47,1.1305,6
1579060575.473,0.5,1.1525,0.45,1.1329,6
1579060576.235,0.49,1.1422,0.45,1.1299,6
1579060577.004,0.52,1.1094,0.47,1.1237,6
1579060577.759,0.5,1.1443,0.48,1.1273,6
1579060578.508,0.51,1.1199,0.46,1.1276,6
1579060579.261,0.5,1.1345,0.46,1.122,6
1579060580.014,0.51,1.1453,0.48,1.1134,6
1579060580.389,0.5,1.127,0.47,1.1131,6
1579060581.138,0.51,1.114,0.5,1.1113,7
1579060581.887,0.51,1.1203,0.5,1.113,7
1579060582.631,0.51,1.1161,0.49,1.1112,7
1579060583.382,0.51,1.1226,0.48,1.1116,7
1579060584.133,0.52,1.1053,0.45,1.1141,7
1579060584.889,0.51,1.1349,0.47,1.1169,7
1579060585.636,0.5,1.1264,0.48,1.1097,7
1579060586.39,0.53,1.0916,0.47,1.1048,7
1579060587.142,0.51,1.1295,0.47,1.1134,7
1579060587.893,0.52,1.1033,0.47,1.1144,7
1579060588.642,0.51,1.1208,0.5,1.1067,7
1579060589.386,0.51,1.1319,0.53,1.0973,7
1579060589.758,0.51,1.1126,0.47,1.1076,7
1579060590.513,0.51,1.1066,0.5,1.1027,8
1579060591.265,0.52,1.104,0.5,1.1003,8
1579060592.073,0.51,1.1026,0.52,1.0959,8
1579060592.82,0.52,1.1108,0.51,1.0961,8
1579060593.563,0.53,1.0888,0.48,1.1082,8
1579060594.318,0.52,1.1249,0.46,1.1033,8
1579060595.077,0.51,1.1153,0.51,1.0909,8
1579060595.822,0.54,1.0787,0.52,1.0876,8
1579060596.568,0.5,1.119,0.5,1.0974,8
1579060597.319,0.53,1.0923,0.52,1.0972,8
1579060598.068,0.51,1.1085,0.51,1.0951,8
1579060598.809,0.52,1.1259,0.54,1.0783,8
1579060599.176,0.51,1.1009,0.53,1.1002,8
1579060599.927,0.52,1.1023,0.49,1.1014,9
1579060600.676,0.52,1.0979,0.52,1.084,9
1579060601.433,0.52,1.0899,0.53,1.078,9
1579060602.196,0.52,1.1051,0.56,1.0865,9
1579060602.954,0.53,1.0769,0.52,1.1058,9
1579060603.716,0.52,1.1179,0.53,1.084,9
1579060604.473,0.52,1.108,0.54,1.0683,9
1579060605.232,0.55,1.07,0.54,1.0756,9
1579060606.002,0.51,1.1135,0.58,1.0816,9
1579060606.788,0.53,1.0815,0.56,1.0863,9
1579060607.566,0.51,1.1067,0.53,1.0789,9
1579060608.332,0.52,1.1152,0.54,1.0749,9
1579060608.702,0.51,1.1005,0.53,1.0797,9
1579060609.467,0.52,1.0905,0.53,1.0821,10
1579060610.219,0.53,1.0875,0.54,1.0888,10
1579060610.971,0.52,1.0876,0.54,1.0667,10
1579060611.78,0.52,1.0892,0.54,1.0653,10
1579060612.53,0.53,1.0788,0.53,1.0812,10
1579060613.288,0.53,1.1038,0.54,1.0944,10
1579060614.039,0.52,1.1048,0.57,1.0623,10
1579060614.795,0.55,1.06,0.55,1.0534,10
1579060615.541,0.52,1.1074,0.59,1.0643,10
1579060616.288,0.54,1.0731,0.57,1.0796,10
1579060617.031,0.52,1.0926,0.57,1.0706,10
1579060617.79,0.52,1.1052,0.58,1.0564,10
1579060618.16,0.53,1.0843,0.56,1.0607,10
1579060618.921,0.53,1.0763,0.56,1.0667,11
1579060619.673,0.53,1.0759,0.56,1.071,11
1579060620.436,0.53,1.0726,0.57,1.0608,11
1579060621.183,0.53,1.0784,0.58,1.0554,11
1579060621.944,0.54,1.0635,0.58,1.0638,11
1579060622.701,0.53,1.0958,0.56,1.0712,11
1579060623.452,0.52,1.0915,0.59,1.0637,11
1579060624.2,0.55,1.0533,0.58,1.0558,11
1579060624.962,0.52,1.0936,0.59,1.0614,11
1579060625.713,0.54,1.0659,0.57,1.0696,11
1579060626.468,0.53,1.0854,0.54,1.0722,11
1579060627.222,0.53,1.0998,0.56,1.0609,11
1579060627.593,0.52,1.0744,0.53,1.0661,11
1579060628.356,0.54,1.0736,0.56,1.0637,12
1579060629.11,0.54,1.07,0.56,1.0672,12
1579060629.863,0.53,1.0673,0.57,1.0532,12
1579060630.612,0.53,1.073,0.56,1.0532,12
1579060631.415,0.55,1.0577,0.57,1.0711,12
1579060632.167,0.54,1.0935,0.58,1.0617,12
1579060632.912,0.53,1.0856,0.59,1.051,12
1579060633.665,0.56,1.047,0.57,1.0571,12
1579060634.437,0.53,1.0883,0.57,1.0667,12
1579060635.206,0.55,1.0617,0.58,1.0666,12
1579060635.952,0.53,1.0831,0.56,1.0642,12
1579060636.716,0.53,1.0957,0.56,1.0574,12
1579060637.087,0.52,1.0691,0.53,1.0719,12
1579060637.848,0.53,1.0742,0.55,1.0653,13
1579060638.598,0.54,1.0654,0.57,1.0621,13
1579060639.367,0.54,1.0632,0.57,1.044,13
1579060640.122,0.53,1.0682,0.55,1.0525,13
1579060640.875,0.55,1.0531,0.54,1.0798,13
1579060641.616,0.53,1.0906,0.56,1.0592,13
1579060642.39,0.53,1.0799,0.55,1.0437,13
1579060643.143,0.56,1.0445,0.56,1.0549,13
1579060643.896,0.53,1.0819,0.55,1.078,13
1579060644.643,0.55,1.0613,0.56,1.066,13
1579060645.398,0.53,1.0777,0.56,1.0507,13
1579060646.141,0.53,1.0873,0.56,1.0561,13
1579060646.509,0.53,1.0652,0.52,1.0693,13
1579060647.263,0.54,1.0645,0.52,1.0639,14
1579060648.018,0.54,1.0645,0.55,1.0582,14
1579060648.76,0.54,1.0584,0.55,1.0438,14
1579060649.511,0.54,1.0633,0.54,1.0507,14
1579060650.278,0.55,1.0536,0.53,1.0747,14
1579060651.022,0.54,1.083,0.55,1.0681,14
1579060651.847,0.54,1.0775,0.55,1.0417,14
1579060652.609,0.56,1.0391,0.58,1.0459,14
1579060653.362,0.53,1.0793,0.52,1.0786,14
1579060654.103,0.55,1.0577,0.52,1.0748,14
1579060654.863,0.54,1.0709,0.55,1.0497,14
1579060655.614,0.53,1.0825,0.54,1.0455,14
1579060655.987,0.53,1.0585,0.52,1.0619,14
1579060656.743,0.54,1.057,0.52,1.068,15
1579060657.49,0.55,1.0604,0.53,1.0563,15
1579060658.259,0.54,1.0486,0.55,1.044,15
1579060659.006,0.54,1.0597,0.55,1.0424,15
1579060659.761,0.55,1.0452,0.52,1.0649,15
1579060660.507,0.54,1.0759,0.51,1.0707,15
1579060661.255,0.54,1.0721,0.55,1.0458,15
1579060662.006,0.56,1.0312,0.57,1.0408,15
1579060662.762,0.54,1.0774,0.56,1.0636,15
1579060663.506,0.55,1.0491,0.51,1.0788,15
1579060664.25,0.54,1.0667,0.54,1.0612,15
1579060665.035,0.54,1.0778,0.54,1.0445,15
1579060665.4,0.54,1.0507,0.53,1.0515,15
1579060666.17,0.54,1.0515,0.5,1.0632,16
1579060666.958,0.55,1.0522,0.51,1.0646,16
1579060667.71,0.54,1.0449,0.53,1.0461,16
1579060668.49,0.54,1.0524,0.53,1.0419,16
1579060669.254,0.55,1.0411,0.52,1.0596,16
1579060670.013,0.54,1.0704,0.53,1.0656,16
1579060670.769,0.54,1.0664,0.56,1.0477,16
1579060671.588,0.57,1.0259,0.56,1.0407,16
1579060672.36,0.54,1.0713,0.55,1.0568,16
1579060673.111,0.55,1.0453,0.51,1.0719,16
1579060673.86,0.54,1.062,0.53,1.0644,16
1579060674.608,0.54,1.0754,0.54,1.0446,16
1579060674.982,0.54,1.0434,0.52,1.0525,16
1579060675.742,0.55,1.0495,0.54,1.0621,17
1579060676.492,0.55,1.048,0.52,1.06,17
1579060677.242,0.55,1.0393,0.52,1.0458,17
1579060677.99,0.55,1.0504,0.53,1.0455,17
1579060678.756,0.56,1.0357,0.52,1.0586,17
1579060679.51,0.54,1.0664,0.52,1.0571,17
1579060680.282,0.54,1.0643,0.55,1.0489,17
1579060681.026,0.57,1.0233,0.57,1.0432,17
1579060681.799,0.54,1.0662,0.52,1.0596,17
1579060682.556,0.55,1.0446,0.52,1.0711,17
1579060683.316,0.54,1.0561,0.53,1.0639,17
1579060684.061,0.54,1.0731,0.53,1.043,17
1579060684.429,0.54,1.04,0.5,1.054,17
1579060685.185,0.55,1.0444,0.53,1.0647,18
1579060685.932,0.55,1.0449,0.51,1.0532,18
1579060686.693,0.56,1.0346,0.52,1.0419,18
1579060687.444,0.55,1.0461,0.51,1.0489,18
1579060688.195,0.56,1.0322,0.51,1.0588,18
1579060688.954,0.55,1.0622,0.52,1.0538,18
1579060689.706,0.55,1.0601,0.53,1.0481,18
1579060690.457,0.57,1.0213,0.56,1.0433,18
1579060691.215,0.55,1.0621,0.52,1.0667,18
1579060691.961,0.55,1.0442,0.53,1.0732,18
1579060692.715,0.55,1.0526,0.53,1.0568,18
1579060693.465,0.54,1.0688,0.53,1.0408,18
1579060693.831,0.54,1.0374,0.51,1.0564,18
1579060694.6,0.55,1.0405,0.54,1.0634,19
1579060695.41,0.55,1.0413,0.52,1.0474,19
1579060696.158,0.56,1.0312,0.53,1.0374,19
1579060696.94,0.55,1.0425,0.52,1.0487,19
1579060697.7,0.56,1.0281,0.5,1.0603,19
1579060698.447,0.55,1.06,0.53,1.0492,19
1579060699.235,0.55,1.0558,0.52,1.0413,19
1579060699.994,0.57,1.0173,0.56,1.0415,19
1579060700.763,0.55,1.0583,0.52,1.0686,19
1579060701.518,0.55,1.0418,0.53,1.0698,19
1579060702.288,0.55,1.049,0.54,1.0527,19
1579060703.056,0.54,1.0659,0.53,1.0385,19
1579060703.427,0.55,1.0328,0.51,1.0553,19
1579060704.197,0.56,1.0379,0.52,1.0625,20
1579060704.959,0.55,1.038,0.52,1.0445,20
1579060705.721,0.56,1.0279,0.52,1.0352,20
1579060706.478,0.55,1.0406,0.52,1.0477,20
1579060707.237,0.56,1.0253,0.51,1.0602,20
1579060707.991,0.55,1.0572,0.53,1.046,20
1579060708.754,0.55,1.0546,0.53,1.0375,20
1579060709.521,0.58,1.0148,0.56,1.0378,20
1579060710.307,0.55,1.055,0.51,1.0662,20
1579060711.063,0.55,1.041,0.52,1.067,20
1579060711.841,0.55,1.0462,0.54,1.0501,20
1579060712.594,0.54,1.0636,0.53,1.0328,20
1579060712.975,0.55,1.0295,0.52,1.0494,20
1579060713.728,0.56,1.0346,0.52,1.0608,21
1579060714.478,0.55,1.0352,0.53,1.043,21
1579060715.246,0.56,1.0244,0.52,1.0325,21
1579060715.992,0.55,1.0393,0.52,1.0436,21
1579060716.746,0.57,1.0227,0.54,1.0569,21
1579060717.546,0.55,1.054,0.53,1.0458,21
1579060718.301,0.55,1.0532,0.54,1.0315,21
1579060719.05,0.58,1.0094,0.55,1.0336,21
1579060719.794,0.55,1.0538,0.52,1.0582,21
1579060720.551,0.56,1.0367,0.52,1.0654,21
1579060721.313,0.55,1.0439,0.52,1.0541,21
1579060722.061,0.55,1.0631,0.53,1.0299,21
1579060722.429,0.55,1.023,0.53,1.043,21
1579060723.185,0.56,1.0375,0.53,1.0596,22
1579060723.929,0.56,1.0343,0.51,1.0475,22
1579060724.678,0.57,1.024,0.53,1.0357,22
1579060725.436,0.56,1.043,0.52,1.037,22
1579060726.188,0.56,1.02,0.52,1.0576,22
1579060726.957,0.55,1.055,0.53,1.0484,22
1579060727.713,0.55,1.0506,0.53,1.0277,22
1579060728.48,0.59,1.0039,0.51,1.0332,22
1579060729.25,0.55,1.0556,0.54,1.0428,22
1579060729.999,0.56,1.0283,0.51,1.063,22
1579060730.759,0.55,1.0522,0.52,1.0573,22
1579060731.52,0.55,1.0608,0.52,1.0409,22
1579060731.896,0.55,1.0263,0.52,1.0395,22
1579060732.666,0.55,1.0405,0.53,1.0393,23
1579060733.471,0.56,1.0259,0.52,1.0593,23
1579060734.237,0.56,1.0329,0.52,1.0355,23
1579060734.983,0.56,1.0281,0.53,1.0331,23
1579060735.751,0.56,1.0298,0.52,1.0389,23
1579060736.494,0.55,1.0464,0.53,1.0571,23
1579060737.25,0.55,1.0489,0.52,1.034,23
1579060738.008,0.58,1.0,0.52,1.0245,23
1579060738.799,0.55,1.0491,0.53,1.0311,23
1579060739.552,0.56,1.0264,0.52,1.0461,23
1579060740.331,0.55,1.0358,0.51,1.0475,23
1579060741.09,0.56,1.054,0.53,1.031,23
1579060741.537,0.56,1.0113,0.53,1.0269,23
1579060742.298,0.56,1.0254,0.53,1.0273,24
1579060743.058,0.56,1.0222,0.53,1.0374,24
1579060743.822,0.57,1.017,0.53,1.0373,24
1579060744.577,0.56,1.0253,0.52,1.0268,24
1579060745.349,0.57,1.0135,0.53,1.0268,24
1579060746.108,0.56,1.0419,0.53,1.0341,24
1579060746.865,0.56,1.0367,0.53,1.0309,24
1579060747.624,0.58,0.9975,0.53,1.0253,24
1579060748.374,0.55,1.0399,0.53,1.0341,24
1579060749.134,0.56,1.0242,0.5,1.0418,24
1579060749.881,0.56,1.0332,0.53,1.0429,24
1579060750.632,0.55,1.051,0.53,1.0319,24
1579060751.0,0.56,1.0091,0.5,1.0309,24
1579060751.758,0.56,1.028,0.52,1.0241,25
1579060752.501,0.56,1.0188,0.51,1.0322,25
1579060753.257,0.56,1.0188,0.51,1.0269,25
1579060754.007,0.56,1.0238,0.51,1.0246,25
1579060754.76,0.57,1.0129,0.53,1.0341,25
1579060755.506,0.56,1.0424,0.55,1.0338,25
1579060756.264,0.56,1.0343,0.52,1.0264,25
1579060757.029,0.59,0.9965,0.53,1.0256,25
1579060757.778,0.55,1.0373,0.52,1.0387,25
1579060758.526,0.56,1.0236,0.5,1.0414,25
1579060759.291,0.56,1.0319,0.54,1.032,25
1579060760.036,0.56,1.0466,0.53,1.0271,25
1579060760.408,0.55,1.0095,0.52,1.0294,25
1579060761.165,0.56,1.0237,0.51,1.0243,26
1579060761.909,0.56,1.0163,0.53,1.0277,26
1579060762.655,0.57,1.017,0.52,1.0245,26
1579060763.429,0.56,1.0198,0.52,1.0283,26
1579060764.225,0.57,1.0124,0.54,1.0348,26
1579060764.972,0.56,1.0387,0.54,1.0318,26
1579060765.728,0.56,1.0326,0.52,1.0206,26
1579060766.493,0.59,0.9929,0.53,1.0224,26
1579060767.244,0.56,1.034,0.53,1.0388,26
1579060767.99,0.57,1.0227,0.51,1.0382,26
1579060768.749,0.56,1.0267,0.54,1.0258,26
1579060769.502,0.56,1.0433,0.53,1.0236,26
1579060769.874,0.56,1.0059,0.51,1.0299,26
1579060770.65,0.57,1.0203,0.5,1.022,27
1579060771.397,0.56,1.014,0.53,1.0191,27
1579060772.142,0.57,1.0138,0.51,1.0177,27
1579060772.891,0.56,1.0172,0.52,1.0269,27
1579060773.641,0.57,1.0092,0.54,1.031,27
1579060774.395,0.56,1.0353,0.55,1.0243,27
1579060775.152,0.56,1.0292,0.53,1.0165,27
1579060775.901,0.59,0.9904,0.53,1.0227,27
1579060776.655,0.56,1.0311,0.52,1.0404,27
1579060777.404,0.57,1.0212,0.51,1.0341,27
1579060778.153,0.57,1.0238,0.53,1.0215,27
1579060778.906,0.56,1.0407,0.54,1.0236,27
1579060779.273,0.56,1.0019,0.51,1.0325,27
1579060780.027,0.57,1.0193,0.5,1.0181,28
1579060780.793,0.57,1.0107,0.53,1.0145,28
1579060781.538,0.57,1.0116,0.52,1.016,28
1579060782.289,0.57,1.0144,0.52,1.0258,28
1579060783.049,0.57,1.0058,0.56,1.0281,28
1579060783.801,0.56,1.0327,0.56,1.0191,28
1579060784.603,0.57,1.0255,0.53,1.0145,28
1579060785.354,0.6,0.9875,0.52,1.0235,28
1579060786.116,0.56,1.0287,0.52,1.0393,28
1579060786.9,0.57,1.0188,0.52,1.0297,28
1579060787.655,0.56,1.0217,0.55,1.0183,28
1579060788.401,0.56,1.0385,0.54,1.0215,28
1579060788.775,0.56,0.9971,0.52,1.0318,28
1579060789.525,0.56,1.0196,0.52,1.0106,29
1579060790.283,0.57,1.0073,0.51,1.0115,29
1579060791.066,0.57,1.0091,0.5,1.0188,29
1579060791.821,0.57,1.0131,0.52,1.0248,29
1579060792.594,0.58,1.0017,0.55,1.0271,29
1579060793.372,0.56,1.0309,0.55,1.0177,29
1579060794.137,0.57,1.022,0.53,1.0154,29
1579060794.886,0.59,0.984,0.52,1.0242,29
1579060795.646,0.56,1.0272,0.51,1.0377,29
1579060796.415,0.57,1.0163,0.52,1.0284,29
1579060797.195,0.57,1.0197,0.54,1.0215,29
1579060797.947,0.57,1.0376,0.54,1.0212,29
1579060798.314,0.57,0.9923,0.52,1.0304,29
1579060799.068,0.56,1.0196,0.52,1.0074,30
1579060799.82,0.57,1.0062,0.51,1.0089,30
1579060800.574,0.57,1.0054,0.51,1.0208,30
1579060801.347,0.57,1.0148,0.53,1.0207,30
1579060802.091,0.58,0.999,0.53,1.0233,30
1579060802.839,0.56,1.0293,0.53,1.0154,30
1579060803.594,0.57,1.021,0.53,1.0126,30
1579060804.403,0.59,0.9803,0.53,1.0199,30
1579060805.161,0.56,1.0258,0.51,1.0338,30
1579060805.912,0.57,1.0153,0.53,1.0243,30
1579060806.669,0.57,1.0163,0.54,1.0212,30
1579060807.422,0.57,1.0369,0.55,1.0192,30
1579060807.793,0.57,0.9882,0.52,1.0286,30
1579060808.554,0.57,1.016,0.53,1.0079,31
1579060809.305,0.57,1.0046,0.53,1.0068,31
1579060810.055,0.57,1.0017,0.52,1.0185,31
1579060810.814,0.57,1.0126,0.54,1.0173,31
1579060811.584,0.58,0.9972,0.53,1.0189,31
1579060812.334,0.57,1.0261,0.54,1.0117,31
1579060813.083,0.57,1.019,0.52,1.0093,31
1579060813.837,0.6,0.9779,0.53,1.0178,31
1579060814.602,0.56,1.0235,0.51,1.034,31
1579060815.35,0.57,1.0137,0.51,1.0242,31
1579060816.094,0.57,1.0138,0.54,1.0195,31
1579060816.871,0.57,1.034,0.57,1.0179,31
1579060817.235,0.57,0.985,0.52,1.0261,31
1579060817.992,0.57,1.0145,0.54,1.0029,32
1579060818.758,0.57,1.0025,0.53,1.0017,32
1579060819.506,0.57,1.0,0.52,1.0161,32
1579060820.252,0.57,1.0112,0.54,1.016,32
1579060821.007,0.58,0.995,0.54,1.019,32
1579060821.778,0.57,1.0239,0.54,1.0125,32
1579060822.525,0.57,1.0164,0.52,1.009,32
1579060823.268,0.6,0.9753,0.53,1.017,32
1579060824.028,0.57,1.0217,0.51,1.0296,32
1579060824.78,0.57,1.0116,0.52,1.0195,32
1579060825.523,0.57,1.0122,0.55,1.0169,32
1579060826.27,0.57,1.0326,0.56,1.0132,32
1579060826.639,0.57,0.9814,0.52,1.0256,32
1579060827.39,0.57,1.0148,0.53,1.0033,33
1579060828.195,0.57,1.0004,0.53,1.0031,33
1579060828.948,0.58,0.9987,0.52,1.0175,33
1579060829.699,0.57,1.0111,0.54,1.0133,33
1579060830.487,0.58,0.9928,0.55,1.0161,33
1579060831.245,0.57,1.0228,0.54,1.0086,33
1579060832.004,0.57,1.0141,0.53,1.0056,33
1579060832.754,0.6,0.9728,0.52,1.0143,33
1579060833.501,0.56,1.0209,0.51,1.0244,33
1579060834.252,0.57,1.0091,0.53,1.0184,33
1579060834.996,0.57,1.0125,0.55,1.0163,33
1579060835.748,0.57,1.0319,0.55,1.012,33
1579060836.117,0.58,0.9796,0.52,1.0274,33
1579060836.871,0.56,1.0179,0.52,0.9981,34
1579060837.629,0.57,0.997,0.53,1.003,34
1579060838.385,0.57,1.0019,0.52,1.0125,34
1579060839.125,0.57,1.0066,0.53,1.0109,34
1579060839.874,0.58,0.9921,0.55,1.015,34
1579060840.624,0.56,1.0233,0.55,1.0079,34
1579060841.377,0.57,1.0089,0.54,1.0071,34
1579060842.136,0.6,0.9756,0.52,1.0104,34
1579060842.886,0.57,1.0169,0.52,1.0202,34
1579060843.636,0.57,1.0089,0.53,1.021,34
1579060844.391,0.57,1.0145,0.55,1.0104,34
1579060845.15,0.57,1.0236,0.55,1.015,34
1579060845.519,0.57,0.9836,0.52,1.018,34
1579060846.271,0.57,1.0084,0.52,0.9985,35
1579060847.035,0.57,0.9988,0.52,1.0025,35
1579060847.782,0.57,1.0023,0.53,1.0093,35
1579060848.535,0.57,1.0012,0.55,1.0185,35
1579060849.28,0.58,0.9994,0.55,1.0067,35
1579060850.084,0.57,1.0146,0.55,1.0124,35
1579060850.835,0.57,1.0144,0.53,1.0064,35
1579060851.594,0.6,0.969,0.53,1.0152,35
1579060852.376,0.57,1.0175,0.52,1.0188,35
1579060853.118,0.57,1.0072,0.52,1.0131,35
1579060853.876,0.57,1.005,0.55,1.0091,35
1579060854.633,0.58,1.0228,0.56,1.0094,35
1579060854.998,0.59,0.9728,0.55,1.0128,35
1579060855.772,0.57,1.0039,0.51,0.9948,36
1579060856.52,0.57,0.9926,0.52,0.9936,36
1579060857.263,0.58,0.9899,0.53,1.0056,36
1579060858.027,0.58,0.9982,0.55,1.0093,36
1579060858.791,0.58,0.9863,0.57,1.0086,36
1579060859.554,0.57,1.0134,0.55,1.0026,36
1579060860.337,0.58,1.005,0.54,1.0038,36
1579060861.095,0.59,0.9685,0.53,1.0107,36
1579060861.874,0.57,1.0115,0.51,1.0191,36
1579060862.649,0.58,1.0043,0.52,1.0067,36
1579060863.41,0.58,1.0021,0.55,1.0069,36
1579060864.169,0.58,1.0187,0.56,1.0112,36
1579060864.541,0.59,0.9695,0.54,1.0124,36
1579060865.31,0.58,1.0014,0.51,0.9909,37
1579060866.07,0.58,0.9912,0.51,0.9941,37
1579060866.819,0.58,0.9884,0.53,1.0094,37
1579060867.579,0.57,0.9971,0.56,1.0029,37
1579060868.336,0.58,0.9846,0.55,1.0037,37
1579060869.099,0.57,1.0102,0.54,1.0073,37
1579060869.85,0.58,1.0019,0.54,1.0018,37
1579060870.608,0.6,0.965,0.52,1.0029,37
1579060871.368,0.57,1.0098,0.51,1.0183,37
1579060872.122,0.58,1.0026,0.53,1.0107,37
1579060872.892,0.58,1.0001,0.54,1.0039,37
1579060873.634,0.58,1.018,0.56,1.0057,37
1579060874.072,0.59,0.9669,0.54,1.0167,37
1579060874.845,0.57,1.0029,0.53,0.9883,38
1579060875.595,0.58,0.9897,0.52,0.9911,38
1579060876.355,0.58,0.9887,0.56,1.0109,38
1579060877.112,0.57,0.9969,0.57,1.0041,38
1579060877.86,0.58,0.9827,0.55,1.0035,38
1579060878.611,0.57,1.0099,0.54,1.0077,38
1579060879.371,0.58,0.9999,0.55,1.0031,38
1579060880.13,0.6,0.9633,0.53,1.0034,38
1579060880.89,0.57,1.0083,0.52,1.0159,38
1579060881.636,0.58,1.0009,0.53,1.0091,38
1579060882.412,0.58,0.9995,0.54,1.002,38
1579060883.178,0.58,1.0178,0.56,1.0001,38
1579060883.547,0.59,0.9645,0.55,1.0156,38
1579060884.299,0.57,1.0046,0.53,0.9866,39
1579060885.048,0.58,0.9878,0.52,0.9892,39
1579060885.82,0.58,0.9879,0.56,1.0104,39
1579060886.59,0.57,0.9971,0.57,1.0001,39
1579060887.34,0.58,0.9805,0.55,1.0005,39
1579060888.103,0.57,1.0089,0.55,1.0046,39
1579060888.855,0.58,0.9986,0.55,1.0013,39
1579060889.613,0.6,0.9612,0.53,1.0025,39
1579060890.385,0.57,1.0069,0.52,1.0139,39
1579060891.137,0.58,0.9993,0.53,1.0085,39
1579060891.904,0.58,0.9974,0.54,1.0017,39
1579060892.671,0.58,1.0163,0.56,0.9976,39
1579060893.064,0.6,0.9608,0.55,1.0102,39
1579060893.826,0.57,1.0012,0.53,0.9851,40
1579060894.579,0.58,0.9861,0.53,0.9871,40
1579060895.334,0.58,0.9848,0.56,1.0094,40
1579060896.084,0.57,0.9953,0.57,0.9987,40
1579060896.892,0.59,0.9789,0.56,0.999,40
1579060897.64,0.57,1.0058,0.55,1.0017,40
1579060898.389,0.58,0.996,0.54,0.9981,40
1579060899.145,0.6,0.9595,0.53,0.9991,40
1579060899.898,0.57,1.0044,0.52,1.012,40
1579060900.648,0.58,0.9975,0.53,1.0051,40
1579060901.403,0.58,0.995,0.54,0.999,40
1579060902.152,0.58,1.0133,0.56,0.9944,40
1579060902.519,0.6,0.958,0.55,1.0086,40
1579060903.289,0.57,1.0001,0.54,0.982,41
1579060904.042,0.59,0.9839,0.52,0.9844,41
1579060904.804,0.58,0.9841,0.56,1.0057,41
1579060905.553,0.57,0.9934,0.57,0.9959,41
1579060906.304,0.59,0.9768,0.56,0.9983,41
1579060907.067,0.57,1.0043,0.55,1.0014,41
1579060907.819,0.58,0.9941,0.53,0.9977,41
1579060908.565,0.6,0.9577,0.53,0.9988,41
1579060909.319,0.58,1.0026,0.51,1.0112,41
1579060910.073,0.59,0.9959,0.54,1.0045,41
1579060910.825,0.58,0.9942,0.54,1.0001,41
1579060911.59,0.58,1.0129,0.56,0.9934,41
1579060911.986,0.6,0.956,0.55,1.0096,41
1579060912.749,0.57,1.0015,0.52,0.9829,42
1579060913.516,0.59,0.9833,0.52,0.9853,42
1579060914.3,0.58,0.9831,0.56,1.006,42
1579060915.057,0.58,0.9934,0.56,0.9962,42
1579060915.828,0.59,0.9751,0.55,0.9987,42
1579060916.591,0.57,1.0031,0.55,0.9986,42
1579060917.426,0.58,0.9927,0.53,0.9982,42
1579060918.185,0.6,0.9563,0.53,0.9989,42
1579060918.952,0.58,1.0018,0.51,1.0076,42
1579060919.709,0.59,0.994,0.55,1.004,42
1579060920.481,0.58,0.993,0.54,1.0016,42
1579060921.246,0.58,1.0121,0.55,0.9906,42
1579060921.617,0.6,0.954,0.55,1.0076,42
1579060922.396,0.58,1.0002,0.52,0.9819,43
1579060923.16,0.59,0.9809,0.53,0.9845,43
1579060923.922,0.58,0.9832,0.56,1.0023,43
1579060924.686,0.58,0.9908,0.56,0.9963,43
1579060925.441,0.59,0.9739,0.54,1.0002,43
1579060926.188,0.57,1.0021,0.55,0.9963,43
1579060926.939,0.58,0.9901,0.53,0.9992,43
1579060927.695,0.6,0.9553,0.51,1.0041,43
1579060928.445,0.58,1.0006,0.51,1.005,43
1579060929.194,0.59,0.9917,0.54,1.0029,43
1579060929.945,0.58,0.9961,0.55,1.0066,43
1579060930.71,0.58,1.0123,0.54,0.9885,43
1579060931.078,0.6,0.9542,0.56,1.0046,43
1579060931.845,0.57,1.0033,0.54,0.9842,44
1579060932.605,0.59,0.9778,0.53,0.9888,44
1579060933.362,0.58,0.9858,0.56,0.9954,44
1579060934.13,0.58,0.9881,0.56,0.9978,44
1579060934.905,0.59,0.9748,0.57,1.0043,44
1579060935.658,0.57,1.0025,0.55,0.9937,44
1579060936.415,0.58,0.9886,0.53,0.998,44
1579060937.221,0.61,0.9581,0.52,1.0088,44
1579060937.98,0.58,0.9978,0.52,1.0054,44
1579060938.75,0.58,0.9924,0.53,0.9992,44
1579060939.508,0.58,0.9968,0.54,1.0078,44
1579060940.27,0.58,1.0062,0.54,1.0001,44
1579060940.643,0.6,0.9575,0.55,0.9905,44
1579060941.406,0.58,0.9917,0.54,0.9823,45
1579060942.17,0.59,0.9803,0.55,0.9949,45
1579060942.928,0.58,0.9859,0.55,0.9912,45
1579060943.697,0.58,0.9838,0.57,0.9979,45
1579060944.46,0.58,0.9851,0.55,1.0064,45
1579060945.223,0.58,0.9964,0.56,1.0061,45
1579060946.004,0.59,0.9942,0.53,0.9899,45
1579060946.765,0.6,0.9538,0.51,1.0045,45
1579060947.519,0.59,0.9981,0.52,1.0182,45
1579060948.283,0.58,0.9949,0.52,0.9932,45
1579060949.053,0.58,0.9874,0.56,0.9917,45
1579060949.813,0.58,1.0061,0.54,1.0053,45
1579060950.186,0.6,0.9475,0.55,0.9959,45
1579060950.944,0.58,0.9895,0.54,0.9743,46
1579060951.718,0.59,0.98,0.52,0.984,46
1579060952.48,0.59,0.9729,0.55,1.004,46
1579060953.249,0.58,0.9865,0.57,0.9852,46
1579060954.001,0.59,0.9709,0.57,0.9955,46
1579060954.755,0.58,0.9958,0.55,1.0038,46
1579060955.512,0.59,0.9854,0.54,0.9992,46
1579060956.27,0.6,0.954,0.54,0.9935,46
1579060957.021,0.58,0.9946,0.51,1.0141,46
1579060957.771,0.59,0.9916,0.51,0.9979,46
1579060958.525,0.58,0.9851,0.54,0.9862,46
1579060959.278,0.58,1.0031,0.55,0.9941,46
1579060959.647,0.6,0.9444,0.55,1.0011,46
1579060960.409,0.58,0.9882,0.55,0.9719,47
1579060961.215,0.59,0.975,0.54,0.9793,47
1579060961.963,0.59,0.9719,0.56,1.0091,47
1579060962.714,0.58,0.9845,0.58,0.9869,47
1579060963.501,0.59,0.9692,0.58,0.9912,47
1579060964.252,0.59,0.9902,0.55,1.0053,47
1579060965.031,0.58,0.9838,0.52,0.9934,47
1579060965.784,0.6,0.9477,0.54,0.9894,47
1579060966.538,0.58,0.9932,0.52,1.0125,47
1579060967.288,0.59,0.9888,0.53,0.998,47
1579060968.039,0.58,0.9827,0.55,0.9833,47
1579060968.798,0.59,1.0014,0.54,0.9922,47
1579060969.167,0.6,0.9424,0.57,1.0061,47
1579060969.922,0.58,0.9902,0.56,0.9688,48
1579060970.68,0.59,0.9756,0.54,0.9766,48
1579060971.433,0.59,0.973,0.56,1.0126,48
1579060972.193,0.57,0.9851,0.58,0.9888,48
1579060972.952,0.59,0.9689,0.56,0.9893,48
1579060973.708,0.58,0.9899,0.55,1.0108,48
1579060974.456,0.58,0.9826,0.54,0.9986,48
1579060975.205,0.61,0.9462,0.54,0.9885,48
1579060975.979,0.58,0.9929,0.53,1.0085,48
1579060976.743,0.59,0.9861,0.54,1.0026,48
1579060977.491,0.59,0.9817,0.56,0.9794,48
1579060978.246,0.59,0.9997,0.55,0.9848,48
1579060978.625,0.6,0.9413,0.56,1.0123,48
1579060979.386,0.58,0.9923,0.56,0.9679,49
1579060980.152,0.59,0.9728,0.55,0.9718,49
1579060980.915,0.59,0.9747,0.56,1.0104,49
1579060981.683,0.58,0.983,0.58,0.996,49
1579060982.444,0.59,0.9665,0.56,0.9848,49
1579060983.267,0.58,0.9898,0.54,1.0001,49
1579060984.034,0.59,0.9795,0.54,1.0068,49
1579060984.801,0.6,0.9465,0.54,0.9891,49
1579060985.566,0.58,0.9897,0.53,0.997,49
1579060986.336,0.59,0.9832,0.54,1.0061,49
1579060987.095,0.59,0.981,0.56,0.9865,49
1579060987.85,0.59,0.9966,0.55,0.9788,49
1579060988.22,0.6,0.9413,0.57,1.0028,49
1579060988.981,0.58,0.9873,0.53,0.9727,50
1579060989.735,0.6,0.9678,0.55,0.9715,50
1579060990.477,0.58,0.9752,0.57,0.9952,50
1579060991.243,0.58,0.9768,0.58,1.0028,50
1579060991.992,0.59,0.9667,0.56,0.9883,50
1579060992.749,0.58,0.9872,0.56,0.9923,50
1579060993.496,0.59,0.9785,0.54,1.0029,50
1579060994.252,0.61,0.9454,0.53,0.9962,50
1579060995.038,0.59,0.9863,0.53,0.9966,50
1579060995.793,0.59,0.9823,0.54,0.9991,50
1579060996.545,0.59,0.9798,0.56,0.9944,50
1579060997.317,0.59,0.9954,0.54,0.984,50
1579060997.686,0.6,0.9382,0.56,0.9915,50
1579060998.445,0.58,0.9828,0.53,0.9734,51
1579060999.21,0.6,0.9654,0.54,0.9765,51
1579060999.964,0.59,0.972,0.57,0.991,51
1579061000.719,0.58,0.9746,0.6,0.996,51
1579061001.487,0.6,0.9645,0.57,0.9939,51
1579061002.253,0.58,0.9853,0.55,0.9943,51
1579061003.007,0.59,0.9767,0.54,0.9967,51
1579061003.76,0.61,0.9434,0.54,0.9981,51
1579061004.527,0.59,0.9844,0.53,1.0038,51
1579061005.289,0.59,0.9806,0.54,0.9974,51
1579061006.06,0.59,0.9804,0.54,0.9949,51
1579061006.82,0.59,0.9941,0.54,0.9887,51
1579061007.237,0.61,0.9342,0.55,0.9917,51
1579061007.996,0.58,0.9824,0.54,0.971,52
1579061008.756,0.6,0.9639,0.54,0.9802,52
1579061009.505,0.59,0.9707,0.56,0.9946,52
1579061010.275,0.58,0.9743,0.59,0.9891,52
1579061011.021,0.6,0.9635,0.55,0.9941,52
1579061011.801,0.58,0.9831,0.55,0.9976,52
1579061012.55,0.59,0.9751,0.53,0.9929,52
1579061013.307,0.61,0.9429,0.53,0.9955,52
1579061014.064,0.59,0.9834,0.53,1.0077,52
1579061014.819,0.59,0.9799,0.55,0.9959,52
1579061015.589,0.59,0.9804,0.55,0.9912,52
1579061016.341,0.59,0.9928,0.55,0.9913,52
1579061016.707,0.61,0.9324,0.56,0.993,52
1579061017.463,0.59,0.9823,0.54,0.9682,53
1579061018.224,0.6,0.9638,0.55,0.9821,53
1579061018.984,0.59,0.9706,0.56,0.9989,53
1579061019.735,0.58,0.974,0.59,0.9871,53
1579061020.489,0.59,0.9648,0.56,0.9934,53
1579061021.242,0.58,0.9816,0.53,1.0043,53
1579061021.994,0.59,0.9754,0.53,0.9912,53
1579061022.745,0.61,0.9424,0.54,0.991,53
1579061023.5,0.59,0.9822,0.52,1.0131,53
1579061024.256,0.59,0.981,0.55,0.9939,53
1579061025.034,0.59,0.9779,0.55,0.9825,53
1579061025.807,0.59,0.9909,0.54,0.9938,53
1579061026.181,0.61,0.9315,0.56,0.9943,53
1579061026.97,0.59,0.9794,0.55,0.9682,54
1579061027.725,0.59,0.9679,0.55,0.9796,54
1579061028.479,0.59,0.9691,0.57,1.0049,54
1579061029.243,0.58,0.9755,0.59,0.9869,54
1579061030.054,0.59,0.966,0.56,0.9852,54
1579061030.808,0.59,0.9788,0.54,1.0106,54
1579061031.568,0.59,0.978,0.54,0.9954,54
1579061032.34,0.61,0.9375,0.53,0.9887,54
1579061033.096,0.59,0.9853,0.53,1.016,54
1579061033.85,0.59,0.98,0.55,1.0016,54
1579061034.6,0.59,0.9717,0.56,0.9777,54
1579061035.358,0.59,0.9937,0.55,0.9868,54
1579061035.73,0.61,0.9271,0.56,1.0093,54
1579061036.497,0.58,0.9838,0.55,0.9687,55
1579061037.247,0.6,0.967,0.54,0.9676,55
1579061037.997,0.59,0.965,0.58,1.0121,55
1579061038.747,0.58,0.9778,0.58,0.9919,55
1579061039.505,0.59,0.9577,0.58,0.9779,55
1579061040.266,0.59,0.982,0.56,0.9952,55
1579061041.011,0.59,0.9718,0.52,1.0148,55
1579061041.779,0.61,0.9406,0.54,0.9932,55
1579061042.539,0.59,0.9813,0.54,0.9977,55
1579061043.293,0.59,0.9758,0.53,1.0131,55
1579061044.049,0.59,0.9725,0.54,0.9945,55
1579061044.807,0.59,0.9877,0.55,0.9754,55
1579061045.183,0.62,0.9257,0.55,0.9928,55
1579061045.951,0.59,0.9746,0.51,0.9735,56
1579061046.709,0.6,0.9557,0.55,0.9692,56
1579061047.467,0.59,0.962,0.55,0.9896,56
1579061048.221,0.59,0.968,0.56,1.0011,56
1579061048.997,0.59,0.9576,0.59,0.9884,56
1579061049.773,0.59,0.9747,0.56,0.9875,56
1579061050.596,0.59,0.9708,0.54,1.0038,56
1579061051.367,0.61,0.9349,0.53,1.0057,56
1579061052.127,0.59,0.9767,0.54,0.999,56
1579061052.891,0.59,0.974,0.53,0.9962,56
1579061053.652,0.59,0.9695,0.52,0.9983,56
1579061054.418,0.59,0.987,0.55,0.981,56
1579061054.803,0.62,0.9194,0.54,0.9801,56
1579061055.567,0.59,0.9706,0.53,0.97,57
1579061056.351,0.6,0.9546,0.55,0.9765,57
1579061057.121,0.59,0.9578,0.56,0.9933,57
1579061057.887,0.59,0.9674,0.58,0.9882,57
1579061058.654,0.59,0.9544,0.58,0.9921,57
1579061059.419,0.59,0.9726,0.56,0.9951,57
1579061060.176,0.59,0.968,0.55,0.9976,57
1579061060.933,0.61,0.9323,0.54,1.0033,57
1579061061.684,0.6,0.9752,0.52,1.0104,57
1579061062.445,0.59,0.9716,0.53,0.9971,57
1579061063.202,0.59,0.9686,0.54,0.9903,57
1579061063.962,0.59,0.9842,0.53,0.9863,57
1579061064.332,0.62,0.9162,0.54,0.9848,57
1579061065.097,0.59,0.971,0.57,0.9655,58
1579061065.862,0.6,0.9556,0.53,0.98,58
1579061066.621,0.59,0.9562,0.58,1.0026,58
1579061067.368,0.59,0.9677,0.58,0.9841,58
1579061068.123,0.59,0.9547,0.57,0.9934,58
1579061068.871,0.59,0.9711,0.55,1.0026,58
1579061069.618,0.59,0.9669,0.53,0.9934,58
1579061070.453,0.61,0.9314,0.54,1.0019,58
1579061071.212,0.59,0.9739,0.53,1.0131,58
1579061071.962,0.59,0.9708,0.53,0.9923,58
1579061072.72,0.59,0.9668,0.54,0.988,58
1579061073.497,0.59,0.9829,0.52,0.9886,58
1579061073.861,0.62,0.9146,0.55,0.9834,58
1579061074.622,0.59,0.9692,0.55,0.9656,59
1579061075.388,0.6,0.9548,0.52,0.9835,59
1579061076.136,0.59,0.9555,0.57,1.0028,59
1579061076.889,0.59,0.9659,0.58,0.9818,59
1579061077.639,0.59,0.9553,0.55,0.9977,59
1579061078.391,0.59,0.9699,0.55,1.0073,59
1579061079.144,0.59,0.966,0.52,0.9936,59
1579061079.894,0.62,0.9307,0.54,0.9999,59
1579061080.647,0.59,0.9727,0.53,1.0219,59
1579061081.414,0.59,0.9716,0.52,0.9901,59
1579061082.158,0.59,0.9659,0.55,0.9852,59
1579061082.905,0.59,0.9823,0.54,0.9934,59
1579061083.279,0.62,0.9129,0.55,0.9811,59
1579061084.029,0.59,0.9679,0.56,0.965,60
1579061084.784,0.6,0.9557,0.52,0.9875,60
1579061085.537,0.59,0.9541,0.57,1.0056,60
1579061086.289,0.59,0.9651,0.58,0.982,60
1579061087.046,0.59,0.955,0.57,0.9987,60
1579061087.804,0.59,0.9689,0.54,1.0104,60
1579061088.557,0.59,0.9655,0.54,0.9951,60
1579061089.319,0.62,0.9294,0.54,1.0022,60
1579061090.062,0.59,0.9721,0.53,1.0233,60
1579061090.816,0.59,0.9708,0.54,0.9911,60
1579061091.576,0.59,0.9637,0.55,0.9817,60
1579061092.339,0.59,0.9818,0.54,0.9958,60
1579061092.719,0.62,0.9116,0.55,0.9889,60
1579061093.482,0.59,0.9677,0.55,0.9671,61
1579061094.3,0.6,0.9568,0.52,0.9882,61
1579061095.057,0.59,0.9529,0.57,1.0144,61
1579061095.828,0.58,0.9668,0.57,0.9784,61
1579061096.58,0.59,0.9557,0.56,0.9936,61
1579061097.328,0.59,0.9686,0.54,1.0156,61
1579061098.088,0.59,0.9663,0.53,0.9961,61
1579061098.846,0.62,0.9282,0.54,0.9995,61
1579061099.591,0.6,0.9736,0.53,1.0266,61
1579061100.359,0.6,0.9705,0.55,0.9947,61
1579061101.116,0.59,0.9619,0.55,0.9776,61
1579061101.881,0.59,0.9829,0.57,0.991,61
1579061102.256,0.62,0.9098,0.55,0.9985,61
1579061103.014,0.59,0.9698,0.56,0.9663,62
1579061103.767,0.6,0.9565,0.52,0.9781,62
1579061104.526,0.59,0.9526,0.58,1.0253,62
1579061105.297,0.58,0.9704,0.58,0.9796,62
1579061106.058,0.59,0.9521,0.56,0.9847,62
1579061106.82,0.59,0.9695,0.55,1.0149,62
1579061107.585,0.59,0.9648,0.54,1.0046,62
1579061108.348,0.62,0.927,0.53,0.9955,62
1579061109.108,0.6,0.9744,0.53,1.017,62
1579061109.867,0.59,0.9661,0.54,1.0071,62
1579061110.625,0.6,0.9613,0.55,0.9818,62
1579061111.387,0.6,0.9799,0.55,0.9807,62
1579061111.761,0.63,0.9074,0.55,1.0049,62
1579061112.529,0.59,0.971,0.56,0.9678,63
1579061113.29,0.61,0.9487,0.57,0.9729,63
1579061114.048,0.59,0.9541,0.56,1.011,63
1579061114.819,0.58,0.9629,0.57,0.9995,63
1579061115.573,0.59,0.948,0.57,0.9863,63
1579061116.386,0.6,0.9696,0.56,0.9968,63
1579061117.14,0.6,0.9609,0.53,1.0169,63
1579061117.885,0.61,0.9268,0.54,0.9989,63
1579061118.639,0.59,0.9683,0.53,0.9973,63
1579061119.398,0.59,0.9646,0.54,1.0064,63
1579061120.154,0.6,0.9592,0.55,0.9964,63
1579061120.899,0.6,0.9766,0.56,0.9777,63
1579061121.276,0.63,0.9065,0.55,0.9957,63
1579061122.027,0.6,0.9651,0.55,0.9741,64
1579061122.776,0.61,0.9442,0.56,0.9782,64
1579061123.529,0.6,0.9499,0.54,0.9999,64
1579061124.29,0.59,0.9579,0.56,1.0003,64
1579061125.038,0.59,0.9468,0.58,0.9967,64
1579061125.808,0.59,0.966,0.56,0.9948,64
1579061126.568,0.6,0.9613,0.54,1.0116,64
1579061127.328,0.62,0.9219,0.53,1.0084,64
1579061128.081,0.6,0.9666,0.52,0.9975,64
1579061128.84,0.6,0.9627,0.55,0.998,64
1579061129.597,0.6,0.9574,0.56,0.9971,64
1579061130.362,0.59,0.9754,0.55,0.9825,64
1579061130.725,0.63,0.9019,0.55,0.9954,64
1579061131.475,0.6,0.9634,0.56,0.9771,65
1579061132.223,0.61,0.9442,0.54,0.9893,65
1579061132.976,0.59,0.9469,0.53,1.0049,65
1579061133.735,0.59,0.957,0.55,0.9924,65
1579061134.483,0.59,0.9472,0.58,1.0052,65
1579061135.24,0.59,0.9677,0.57,0.9997,65
1579061135.999,0.6,0.9618,0.55,1.0085,65
1579061136.745,0.62,0.9197,0.53,1.0137,65
1579061137.506,0.6,0.9654,0.51,1.0047,65
1579061138.265,0.6,0.9613,0.56,0.999,65
1579061139.023,0.6,0.9578,0.56,0.9908,65
1579061139.782,0.6,0.9742,0.56,0.9851,65
1579061140.201,0.63,0.8994,0.56,0.9945,65
1579061140.96,0.6,0.9627,0.54,0.9746,66
1579061141.714,0.61,0.9446,0.53,0.9945,66
1579061142.46,0.6,0.9452,0.55,1.0129,66
1579061143.221,0.59,0.9572,0.56,0.9908,66
1579061143.972,0.59,0.9483,0.57,1.009,66
1579061144.727,0.59,0.9669,0.55,1.0033,66
1579061145.475,0.6,0.9594,0.52,1.0034,66
1579061146.232,0.62,0.9191,0.54,1.016,66
1579061147.01,0.6,0.9662,0.51,1.0118,66
1579061147.772,0.6,0.9615,0.54,0.9988,66
1579061148.523,0.6,0.9563,0.54,0.9903,66
1579061149.279,0.6,0.9719,0.57,0.9874,66
1579061149.644,0.63,0.8982,0.56,1.0007,66
1579061150.404,0.6,0.9637,0.56,0.9732,67
1579061151.155,0.61,0.9427,0.53,0.9913,67
1579061151.902,0.59,0.9443,0.58,1.0214,67
1579061152.644,0.58,0.9606,0.54,0.9901,67
1579061153.404,0.59,0.9518,0.56,1.007,67
1579061154.152,0.59,0.9627,0.54,1.0097,67
1579061154.91,0.6,0.9562,0.52,1.0018,67
1579061155.659,0.62,0.9233,0.53,1.0161,67
1579061156.415,0.6,0.9665,0.52,1.0201,67
1579061157.166,0.6,0.9595,0.51,0.991,67
1579061157.928,0.6,0.9557,0.57,0.992,67
1579061158.684,0.6,0.9742,0.56,0.9922,67
1579061159.057,0.63,0.8983,0.51,0.9889,67
1579061159.813,0.6,0.9587,0.58,0.9745,68
1579061160.567,0.61,0.9432,0.53,0.9958,68
1579061161.314,0.59,0.949,0.58,1.0239,68
1579061162.063,0.59,0.9584,0.57,0.9854,68
1579061162.866,0.6,0.945,0.57,0.9988,68
1579061163.625,0.6,0.9587,0.57,1.0219,68
1579061164.378,0.59,0.9594,0.51,0.9931,68
1579061165.133,0.62,0.9204,0.52,0.9985,68
1579061165.883,0.6,0.9614,0.53,1.0389,68
1579061166.638,0.6,0.9662,0.52,0.9857,68
1579061167.388,0.6,0.9561,0.56,0.9785,68
1579061168.156,0.6,0.9702,0.56,1.0015,68
1579061168.536,0.62,0.8973,0.54,0.9812,68
1579061169.292,0.6,0.9598,0.56,0.9706,69
1579061170.042,0.61,0.9427,0.52,0.9949,69
1579061170.814,0.59,0.9428,0.53,1.0093,69
1579061171.574,0.59,0.9555,0.59,0.9858,69
1579061172.327,0.6,0.9422,0.55,0.9965,69
1579061173.076,0.6,0.957,0.54,1.0147,69
1579061173.835,0.6,0.9556,0.53,0.9992,69
1579061174.602,0.62,0.9156,0.52,0.9991,69
1579061175.385,0.6,0.9609,0.52,1.0247,69
1579061176.138,0.6,0.9587,0.53,0.9907,69
1579061176.928,0.6,0.9504,0.56,0.9805,69
1579061177.685,0.6,0.9683,0.57,0.9942,69
1579061178.068,0.63,0.8919,0.53,0.9899,69
1579061178.848,0.6,0.9565,0.57,0.9707,70
1579061179.6,0.61,0.9396,0.53,0.9923,70
1579061180.353,0.6,0.9409,0.53,1.0195,70
1579061181.104,0.59,0.9546,0.57,0.9868,70
1579061181.858,0.6,0.9395,0.55,0.9962,70
1579061182.61,0.6,0.9564,0.53,1.015,70
1579061183.412,0.6,0.9543,0.53,1.0017,70
1579061184.179,0.62,0.9142,0.54,1.001,70
1579061184.937,0.6,0.9607,0.53,1.0225,70
1579061185.699,0.6,0.9571,0.54,0.9942,70
1579061186.449,0.6,0.9488,0.56,0.9809,70
1579061187.214,0.6,0.967,0.56,0.9917,70
1579061187.586,0.63,0.8883,0.55,0.9955,70
1579061188.351,0.6,0.9561,0.55,0.9703,71
1579061189.114,0.61,0.9384,0.53,0.9922,71
1579061189.88,0.6,0.9393,0.56,1.0216,71
1579061190.63,0.59,0.9538,0.57,0.9846,71
1579061191.393,0.6,0.9403,0.55,0.9975,71
1579061192.149,0.6,0.9561,0.53,1.0164,71
1579061192.901,0.6,0.9538,0.53,1.0,71
1579061193.66,0.62,0.9136,0.54,1.0017,71
1579061194.423,0.6,0.9596,0.53,1.0226,71
1579061195.187,0.6,0.9563,0.54,0.9932,71
1579061195.934,0.6,0.9478,0.56,0.9777,71
1579061196.681,0.6,0.9665,0.57,0.9914,71
1579061197.053,0.63,0.8867,0.55,0.9967,71
1579061197.805,0.6,0.9554,0.54,0.9682,72
1579061198.561,0.61,0.9389,0.52,0.9936,72
1579061199.309,0.6,0.9381,0.56,1.0279,72
1579061200.055,0.59,0.9535,0.55,0.9878,72
1579061200.799,0.6,0.9392,0.56,1.0004,72
1579061201.556,0.6,0.9559,0.54,1.0187,72
1579061202.302,0.6,0.9537,0.54,1.002,72
1579061203.103,0.62,0.9121,0.54,0.9982,72
1579061203.856,0.6,0.9596,0.54,1.0195,72
1579061204.61,0.6,0.9547,0.54,0.9969,72
1579061205.362,0.6,0.9464,0.55,0.9765,72
1579061206.112,0.6,0.9662,0.57,0.9885,72
1579061206.5,0.64,0.8838,0.56,1.002,72
1579061207.25,0.6,0.956,0.55,0.967,73
1579061208.005,0.61,0.9383,0.55,0.9897,73
1579061208.766,0.6,0.9373,0.56,1.0286,73
1579061209.518,0.59,0.9538,0.55,0.9891,73
1579061210.271,0.6,0.9378,0.55,0.9994,73
1579061211.015,0.6,0.9574,0.54,1.0208,73
1579061211.769,0.6,0.9546,0.54,1.0105,73
1579061212.515,0.62,0.9106,0.54,0.998,73
1579061213.264,0.6,0.9602,0.54,1.0158,73
1579061214.019,0.6,0.9536,0.55,1.0056,73
1579061214.78,0.6,0.9467,0.55,0.9733,73
1579061215.528,0.6,0.9664,0.56,0.9858,73
1579061215.898,0.63,0.8824,0.56,1.0147,73
1579061216.669,0.59,0.959,0.54,0.9681,74
1579061217.423,0.61,0.9386,0.57,0.988,74
1579061218.187,0.6,0.9388,0.55,1.0342,74
1579061218.955,0.59,0.955,0.57,0.9941,74
1579061219.713,0.6,0.935,0.57,0.9954,74
1579061220.478,0.6,0.9607,0.55,1.0141,74
1579061221.237,0.6,0.9542,0.55,1.0177,74
1579061221.99,0.62,0.9111,0.55,0.9946,74
1579061222.738,0.6,0.9605,0.52,1.0014,74
1579061223.484,0.6,0.9509,0.55,1.0222,74
1579061224.24,0.61,0.9481,0.55,0.9796,74
1579061224.987,0.61,0.963,0.56,0.9753,74
1579061225.355,0.64,0.8831,0.56,1.0264,74
1579061226.113,0.59,0.9625,0.54,0.9729,75
1579061226.916,0.61,0.9336,0.58,0.9822,75
1579061227.662,0.59,0.9419,0.52,1.0253,75
1579061228.416,0.59,0.9496,0.57,1.0101,75
1579061229.182,0.6,0.9386,0.57,0.9953,75
1579061229.927,0.6,0.9563,0.56,0.9954,75
1579061230.68,0.6,0.9478,0.55,1.0207,75
1579061231.431,0.62,0.9146,0.55,1.0118,75
1579061232.179,0.6,0.9549,0.53,0.9908,75
1579061232.934,0.6,0.9514,0.53,1.0037,75
1579061233.693,0.61,0.9432,0.55,1.0091,75
1579061234.466,0.6,0.9636,0.58,0.9718,75
1579061234.838,0.64,0.8844,0.57,0.9935,75
1579061235.615,0.6,0.9498,0.56,0.9842,76
1579061236.383,0.62,0.9259,0.56,0.983,76
1579061237.141,0.6,0.9357,0.57,1.011,76
1579061237.898,0.6,0.9476,0.57,1.0106,76
1579061238.694,0.6,0.9355,0.56,1.0045,76
1579061239.493,0.6,0.9471,0.57,0.9983,76
1579061240.25,0.6,0.9501,0.53,1.0141,76
1579061241.013,0.62,0.9155,0.54,1.0311,76
1579061241.765,0.6,0.9548,0.52,0.9987,76
1579061242.52,0.61,0.9494,0.53,0.9931,76
1579061243.268,0.6,0.946,0.55,1.0229,76
1579061244.021,0.6,0.967,0.57,0.9788,76
1579061244.396,0.65,0.8787,0.55,0.9789,76
1579061245.151,0.6,0.9456,0.55,0.9927,77
1579061245.914,0.61,0.9255,0.57,0.995,77
1579061246.673,0.6,0.9365,0.56,1.0101,77
1579061247.418,0.6,0.9447,0.57,1.0042,77
1579061248.164,0.6,0.9294,0.55,1.0009,77
1579061248.976,0.6,0.947,0.54,1.0091,77
1579061249.75,0.6,0.9485,0.55,1.0063,77
1579061250.5,0.62,0.9098,0.53,1.016,77
1579061251.249,0.61,0.9495,0.56,1.0197,77
1579061252.005,0.61,0.9506,0.52,0.992,77
1579061252.766,0.6,0.9486,0.55,1.0015,77
1579061253.517,0.6,0.9586,0.57,0.9846,77
1579061253.883,0.64,0.8747,0.56,0.9784,77
1579061254.641,0.6,0.9495,0.56,0.9897,78
1579061255.405,0.61,0.926,0.57,0.9983,78
1579061256.154,0.6,0.9312,0.57,1.0076,78
1579061256.906,0.6,0.9435,0.55,1.0115,78
1579061257.656,0.61,0.9307,0.56,0.9989,78
1579061258.409,0.6,0.9462,0.55,1.0023,78
1579061259.172,0.61,0.943,0.53,1.0069,78
1579061259.95,0.63,0.9046,0.51,1.0078,78
1579061260.709,0.6,0.9508,0.55,1.0243,78
1579061261.458,0.61,0.9489,0.53,0.9959,78
1579061262.213,0.61,0.9407,0.56,0.996,78
1579061262.973,0.6,0.9558,0.55,0.9978,78
1579061263.343,0.63,0.8741,0.56,0.9819,78
1579061264.114,0.6,0.948,0.57,0.9828,79
1579061264.888,0.62,0.922,0.54,1.0034,79
1579061265.676,0.6,0.9304,0.54,1.0069,79
1579061266.435,0.59,0.9439,0.55,1.0112,79
1579061267.198,0.61,0.9285,0.54,1.0046,79
1579061267.957,0.61,0.9431,0.54,1.0053,79
1579061268.718,0.61,0.9428,0.55,1.0173,79
1579061269.479,0.63,0.905,0.5,1.0066,79
1579061270.257,0.61,0.9491,0.55,1.0117,79
1579061271.01,0.61,0.943,0.54,0.9989,79
1579061271.774,0.61,0.9368,0.56,0.9952,79
1579061272.552,0.6,0.9577,0.54,0.9982,79
1579061272.979,0.64,0.8695,0.54,0.9896,79
1579061273.738,0.61,0.9434,0.56,0.9813,80
1579061274.501,0.62,0.9215,0.52,1.0104,80
1579061275.259,0.61,0.9306,0.55,1.007,80
1579061276.024,0.59,0.9404,0.55,1.0015,80
1579061276.78,0.61,0.9263,0.54,1.0123,80
1579061277.531,0.6,0.944,0.54,1.0074,80
1579061278.278,0.61,0.9431,0.53,1.0178,80
1579061279.027,0.63,0.9028,0.53,1.0153,80
1579061279.778,0.61,0.9464,0.53,1.007,80
1579061280.539,0.61,0.9414,0.56,1.004,80
1579061281.282,0.61,0.9377,0.55,1.0012,80
1579061282.03,0.6,0.9584,0.55,0.9962,80
1579061282.407,0.64,0.8657,0.53,0.9966,80
1579061283.159,0.6,0.9425,0.54,0.9832,81
1579061283.912,0.61,0.9238,0.5,1.0149,81
1579061284.668,0.6,0.9306,0.55,1.0046,81
1579061285.421,0.6,0.938,0.55,0.9988,81
1579061286.171,0.61,0.9268,0.55,1.0195,81
1579061286.928,0.6,0.9464,0.54,1.0028,81
1579061287.68,0.61,0.9426,0.52,1.0147,81
1579061288.431,0.63,0.901,0.53,1.0255,81
1579061289.179,0.61,0.9477,0.54,0.9994,81
1579061289.943,0.61,0.9428,0.57,1.0034,81
1579061290.718,0.61,0.9369,0.55,1.0029,81
1579061291.468,0.6,0.9563,0.55,0.9867,81
1579061291.837,0.64,0.863,0.55,1.0122,81
1579061292.591,0.6,0.948,0.53,0.9831,82
1579061293.345,0.61,0.9269,0.52,1.0074,82
1579061294.104,0.6,0.9275,0.51,1.0135,82
1579061294.885,0.6,0.9385,0.55,1.0009,82
1579061295.702,0.6,0.9338,0.57,1.0229,82
1579061296.456,0.6,0.9463,0.54,1.0079,82
1579061297.202,0.61,0.9383,0.53,1.0147,82
1579061297.973,0.62,0.9076,0.52,1.0372,82
1579061298.743,0.61,0.9509,0.52,1.0055,82
1579061299.491,0.61,0.9389,0.54,0.993,82
1579061300.253,0.61,0.9335,0.58,1.0093,82
1579061301.03,0.6,0.9556,0.57,0.9859,82
1579061301.405,0.65,0.8653,0.53,1.0032,82
1579061302.187,0.6,0.9424,0.55,0.9875,83
1579061302.937,0.62,0.9183,0.56,1.0031,83
1579061303.694,0.6,0.929,0.53,1.0249,83
1579061304.448,0.6,0.9407,0.54,0.9958,83
1579061305.229,0.61,0.9262,0.55,1.011,83
1579061305.997,0.61,0.9396,0.53,1.0172,83
1579061306.75,0.6,0.9415,0.52,1.0124,83
1579061307.508,0.62,0.9086,0.5,1.0261,83
1579061308.263,0.61,0.9445,0.55,1.0257,83
1579061309.018,0.61,0.9433,0.53,0.9926,83
1579061309.77,0.61,0.9406,0.58,1.0046,83
1579061310.535,0.6,0.9537,0.54,0.9915,83
1579061310.911,0.64,0.8614,0.56,0.9879,83
1579061311.682,0.6,0.9438,0.54,0.997,84
1579061312.448,0.62,0.9185,0.53,1.0116,84
1579061313.201,0.61,0.9244,0.54,1.0049,84
1579061313.952,0.6,0.9368,0.54,1.0056,84
1579061314.7,0.61,0.924,0.55,1.0092,84
1579061315.467,0.61,0.9382,0.54,1.004,84
1579061316.275,0.61,0.9358,0.52,1.0147,84
1579061317.027,0.63,0.8988,0.51,1.0197,84
1579061317.781,0.61,0.9441,0.53,1.0129,84
1579061318.54,0.61,0.9375,0.54,0.9941,84
1579061319.301,0.61,0.9307,0.55,1.002,84
1579061320.05,0.6,0.9532,0.56,0.9908,84
1579061320.432,0.64,0.859,0.53,0.9953,84
1579061321.209,0.61,0.9385,0.54,0.9897,85
1579061321.96,0.62,0.916,0.51,1.0156,85
1579061322.719,0.61,0.9241,0.53,1.0123,85
1579061323.474,0.6,0.9339,0.57,1.0039,85
1579061324.223,0.61,0.9213,0.54,1.0164,85
1579061324.991,0.61,0.9377,0.54,1.0077,85
1579061325.747,0.61,0.9351,0.53,1.0152,85
1579061326.5,0.63,0.8978,0.52,1.0237,85
1579061327.272,0.61,0.9426,0.53,1.0073,85
1579061328.025,0.61,0.935,0.54,0.9981,85
1579061328.79,0.61,0.9299,0.56,1.005,85
1579061329.54,0.6,0.9511,0.56,0.9877,85
1579061329.909,0.64,0.8546,0.53,1.0054,85
1579061330.671,0.61,0.9386,0.55,0.9873,86
1579061331.447,0.62,0.9158,0.53,1.0144,86
1579061332.213,0.61,0.923,0.53,1.0148,86
1579061332.985,0.6,0.9328,0.53,1.0016,86
1579061333.738,0.61,0.9229,0.54,1.0216,86
1579061334.502,0.61,0.9376,0.54,1.0117,86
1579061335.256,0.61,0.934,0.53,1.015,86
1579061336.088,0.63,0.8968,0.52,1.0298,86
1579061336.845,0.61,0.9431,0.53,1.0041,86
1579061337.598,0.61,0.9344,0.54,0.9958,86
1579061338.35,0.61,0.9285,0.56,1.0103,86
1579061339.112,0.61,0.9498,0.56,0.9871,86
1579061339.485,0.65,0.8521,0.55,1.0185,86
1579061340.264,0.61,0.9416,0.54,0.9904,87
1579061341.036,0.62,0.9173,0.53,1.0153,87
1579061341.825,0.61,0.9218,0.55,1.0175,87
1579061342.584,0.6,0.9332,0.54,1.0026,87
1579061343.34,0.61,0.9267,0.54,1.0282,87
1579061344.098,0.61,0.9389,0.53,1.0117,87
1579061344.845,0.61,0.9318,0.52,1.0188,87
1579061345.603,0.63,0.8988,0.52,1.0362,87
1579061346.371,0.61,0.9439,0.53,1.0018,87
1579061347.127,0.61,0.9335,0.54,0.9918,87
1579061347.885,0.61,0.926,0.56,1.0089,87
1579061348.642,0.6,0.9485,0.57,0.9878,87
1579061349.024,0.65,0.853,0.52,1.0198,87
1579061349.791,0.61,0.9405,0.55,0.9899,88
1579061350.56,0.62,0.9132,0.53,1.012,88
1579061351.33,0.61,0.9218,0.52,1.0277,88
1579061352.102,0.6,0.9373,0.53,1.0,88
1579061352.856,0.61,0.9284,0.55,1.0223,88
1579061353.623,0.61,0.9345,0.52,1.0218,88
1579061354.388,0.61,0.9354,0.53,1.029,88
1579061355.17,0.62,0.9114,0.52,1.0415,88
1579061355.929,0.61,0.9421,0.54,1.0206,88
1579061356.693,0.61,0.9357,0.52,0.995,88
1579061357.456,0.61,0.9358,0.58,1.0135,88
1579061358.206,0.61,0.9507,0.56,0.9872,88
1579061358.59,0.65,0.8506,0.54,1.0018,88
1579061359.365,0.61,0.9397,0.52,1.0044,89
1579061360.203,0.62,0.9137,0.52,1.0162,89
1579061360.966,0.61,0.9196,0.54,1.012,89
1579061361.753,0.6,0.9311,0.54,1.0071,89
1579061362.538,0.61,0.9192,0.54,1.0134,89
1579061363.316,0.61,0.9327,0.54,1.0107,89
1579061364.088,0.61,0.9296,0.52,1.0245,89
1579061364.868,0.63,0.8936,0.51,1.0298,89
1579061365.634,0.61,0.9392,0.54,1.0173,89
1579061366.399,0.61,0.9347,0.54,0.993,89
1579061367.151,0.61,0.9237,0.56,1.0015,89
1579061367.916,0.6,0.9473,0.56,0.9926,89
1579061368.288,0.65,0.8506,0.54,1.0049,89
1579061369.068,0.61,0.9356,0.55,0.9944,90
1579061369.835,0.62,0.9104,0.51,1.0242,90
1579061370.59,0.61,0.9187,0.53,1.0175,90
1579061371.341,0.6,0.9293,0.56,1.0043,90
1579061372.095,0.61,0.916,0.54,1.0214,90
1579061372.854,0.61,0.9321,0.55,1.0052,90
1579061373.603,0.61,0.9293,0.53,1.0184,90
1579061374.353,0.63,0.8914,0.51,1.0294,90
1579061375.116,0.61,0.9365,0.54,1.0059,90
1579061375.874,0.62,0.9302,0.54,1.0003,90
1579061376.622,0.61,0.922,0.55,1.0048,90
1579061377.377,0.61,0.9457,0.55,0.9924,90
1579061377.755,0.64,0.8449,0.54,1.0171,90
1579061378.511,0.61,0.9353,0.55,0.9909,91
1579061379.269,0.63,0.9108,0.53,1.0247,91
1579061380.029,0.61,0.9178,0.53,1.021,91
1579061380.783,0.6,0.9275,0.55,1.0037,91
1579061381.534,0.61,0.9175,0.55,1.0356,91
1579061382.373,0.61,0.9318,0.54,1.0165,91
1579061383.132,0.61,0.928,0.52,1.0224,91
1579061383.886,0.63,0.8922,0.52,1.0394,91
1579061384.633,0.61,0.9374,0.52,1.0015,91
1579061385.395,0.61,0.929,0.54,1.0003,91
1579061386.152,0.62,0.9202,0.54,1.0135,91
1579061386.935,0.61,0.9437,0.55,0.9878,91
1579061387.31,0.65,0.8434,0.5,1.0303,91
1579061388.065,0.61,0.9372,0.54,0.9903,92
1579061388.813,0.62,0.9108,0.51,1.0213,92
1579061389.577,0.61,0.9175,0.53,1.0244,92
1579061390.345,0.6,0.9279,0.53,0.9978,92
1579061391.101,0.61,0.9219,0.54,1.0402,92
1579061391.861,0.61,0.9322,0.54,1.0211,92
1579061392.651,0.61,0.9274,0.52,1.0217,92
1579061393.421,0.63,0.8952,0.51,1.0489,92
1579061394.176,0.61,0.9377,0.53,1.0035,92
1579061394.934,0.62,0.9285,0.55,0.9924,92
1579061395.703,0.61,0.9208,0.57,1.0202,92
1579061396.472,0.61,0.9452,0.56,0.9831,92
1579061396.85,0.66,0.8438,0.49,1.0289,92
1579061397.616,0.61,0.9345,0.54,0.9991,93
1579061398.367,0.62,0.9061,0.53,1.0153,93
1579061399.127,0.61,0.9161,0.52,1.0372,93
1579061399.888,0.6,0.9302,0.53,1.0002,93
1579061400.65,0.61,0.922,0.55,1.0273,93
1579061401.401,0.61,0.9293,0.51,1.0304,93
1579061402.148,0.61,0.9264,0.52,1.0198,93
1579061402.924,0.63,0.8997,0.51,1.0491,93
1579061403.677,0.61,0.9368,0.53,1.0185,93
1579061404.433,0.61,0.9279,0.52,0.9813,93
1579061405.195,0.61,0.9252,0.58,1.0222,93
1579061405.96,0.61,0.9466,0.58,0.9855,93
1579061406.389,0.65,0.8405,0.54,0.9995,93
1579061407.146,0.62,0.9288,0.52,1.0156,94
1579061407.907,0.62,0.9033,0.5,1.0177,94
1579061408.66,0.61,0.9155,0.54,1.0196,94
1579061409.422,0.6,0.9251,0.55,1.015,94
1579061410.171,0.61,0.9126,0.54,1.0104,94
1579061410.932,0.61,0.926,0.51,1.0266,94
1579061411.684,0.61,0.9273,0.51,1.033,94
1579061412.436,0.63,0.8948,0.51,1.0269,94
1579061413.207,0.61,0.9328,0.54,1.0312,94
1579061413.966,0.61,0.9295,0.54,0.9876,94
1579061414.725,0.61,0.9235,0.54,1.0035,94
1579061415.481,0.61,0.9405,0.54,0.9994,94
1579061415.857,0.65,0.8374,0.54,0.9969,94
1579061416.624,0.61,0.9289,0.52,1.0135,95
1579061417.381,0.63,0.9041,0.5,1.0328,95
1579061418.14,0.61,0.9167,0.53,1.0086,95
1579061418.916,0.6,0.9244,0.54,1.0175,95
1579061419.665,0.61,0.9112,0.54,1.0204,95
1579061420.426,0.61,0.9259,0.54,1.0177,95
1579061421.192,0.61,0.93,0.5,1.0498,95
1579061421.958,0.63,0.8958,0.52,1.0192,95
1579061422.714,0.62,0.9321,0.55,1.0239,95
1579061423.496,0.61,0.93,0.53,0.9999,95
1579061424.287,0.61,0.9221,0.55,0.9935,95
1579061425.05,0.61,0.9381,0.56,1.0059,95
1579061425.424,0.65,0.836,0.53,1.0109,95
1579061426.185,0.61,0.933,0.54,1.007,96
1579061426.948,0.62,0.9068,0.48,1.0422,96
1579061427.721,0.61,0.9161,0.54,1.0082,96
1579061428.486,0.61,0.9217,0.53,1.0131,96
1579061429.322,0.61,0.9127,0.53,1.0386,96
1579061430.089,0.61,0.9285,0.55,1.0158,96
1579061430.846,0.61,0.9247,0.49,1.0395,96
1579061431.629,0.63,0.8864,0.51,1.037,96
1579061432.393,0.61,0.9345,0.55,1.0154,96
1579061433.154,0.61,0.9326,0.54,1.0036,96
1579061433.924,0.62,0.9171,0.54,0.9982,96
1579061434.692,0.61,0.9382,0.57,0.9997,96
1579061435.065,0.65,0.8388,0.52,1.0262,96
1579061435.827,0.61,0.937,0.55,0.9963,97
1579061436.591,0.62,0.9045,0.51,1.0372,97
1579061437.348,0.61,0.917,0.51,1.0289,97
1579061438.103,0.6,0.9267,0.53,1.0046,97
1579061438.863,0.62,0.9113,0.52,1.0333,97
1579061439.629,0.61,0.9279,0.54,1.0231,97
1579061440.38,0.61,0.9229,0.52,1.0258,97
1579061441.134,0.63,0.8854,0.5,1.0384,97
1579061441.893,0.61,0.9292,0.52,1.0064,97
1579061442.655,0.62,0.9238,0.54,0.9976,97
1579061443.412,0.62,0.9159,0.52,1.0161,97
1579061444.171,0.6,0.9432,0.54,0.9937,97
1579061444.554,0.66,0.8309,0.52,1.0202,97
1579061445.316,0.61,0.9292,0.53,0.9976,98
1579061446.068,0.62,0.9049,0.5,1.0318,98
1579061446.853,0.61,0.9115,0.52,1.0241,98
1579061447.61,0.61,0.9212,0.51,1.0159,98
1579061448.364,0.61,0.914,0.54,1.0392,98
1579061449.121,0.61,0.9278,0.53,1.0175,98
1579061449.941,0.62,0.9213,0.52,1.0343,98
1579061450.699,0.63,0.8901,0.5,1.0437,98
1579061451.459,0.61,0.9279,0.53,1.0078,98
1579061452.231,0.62,0.925,0.53,1.0067,98
1579061452.988,0.62,0.9147,0.53,1.0128,98
1579061453.766,0.61,0.9363,0.53,0.9902,98
1579061454.137,0.66,0.8299,0.51,1.0298,98
1579061454.894,0.61,0.9301,0.54,0.9946,99
1579061455.647,0.63,0.9037,0.5,1.0229,99
1579061456.397,0.61,0.9093,0.51,1.0333,99
1579061457.148,0.61,0.9204,0.52,1.0022,99
1579061457.903,0.61,0.9109,0.52,1.0466,99
1579061458.659,0.61,0.9264,0.53,1.025,99
1579061459.419,0.62,0.918,0.52,1.0267,99
1579061460.193,0.63,0.8844,0.5,1.054,99
1579061460.942,0.61,0.9286,0.55,1.0102,99
1579061461.709,0.62,0.9245,0.53,0.9912,99
1579061462.466,0.62,0.9102,0.54,1.0214,99
1579061463.222,0.61,0.9379,0.53,0.9913,99
1579061463.59,0.65,0.8318,0.52,1.0248,99
