1580004269.875,0.23,1.3867,0.23,1.3857,0
1580004270.058,0.25,1.3863,0.34,1.3851,0
1580004270.229,0.22,1.3865,0.34,1.3856,0
1580004270.401,0.24,1.386,0.23,1.386,0
1580004270.573,0.26,1.386,0.23,1.386,0
1580004270.748,0.25,1.3862,0.24,1.386,0
1580004270.918,0.25,1.3858,0.31,1.386,0
1580004271.1,0.31,1.3859,0.18,1.3857,0
1580004271.272,0.23,1.3862,0.19,1.3848,0
1580004271.442,0.27,1.3852,0.19,1.3844,0
1580004271.615,0.25,1.3852,0.49,1.3832,0
1580004271.79,0.39,1.3835,0.35,1.3803,0
1580004271.964,0.36,1.3834,0.35,1.3786,0
1580004272.137,0.36,1.3802,0.36,1.3749,0
1580004272.292,0.37,1.3775,0.35,1.3668,0
1580004272.47,0.38,1.3728,0.36,1.3573,1
1580004272.64,0.34,1.3743,0.35,1.3504,1
1580004272.815,0.34,1.3685,0.28,1.3567,1
1580004272.99,0.3,1.3625,0.48,1.343,1
1580004273.163,0.39,1.3584,0.49,1.3144,1
1580004273.335,0.4,1.3471,0.47,1.2989,1
1580004273.507,0.42,1.326,0.47,1.2899,1
1580004273.681,0.42,1.3243,0.47,1.2789,1
1580004273.853,0.44,1.3157,0.48,1.2645,1
1580004274.028,0.44,1.3022,0.47,1.2596,1
1580004274.203,0.42,1.3035,0.51,1.2468,1
1580004274.38,0.47,1.2778,0.49,1.2353,1
1580004274.555,0.48,1.2695,0.49,1.2297,1
1580004274.732,0.49,1.2527,0.52,1.2247,1
1580004274.886,0.48,1.2533,0.51,1.2268,1
1580004275.06,0.5,1.2399,0.51,1.2122,2
1580004275.234,0.48,1.2439,0.53,1.2112,2
1580004275.409,0.44,1.2707,0.54,1.2035,2
1580004275.583,0.49,1.2371,0.5,1.215,2
1580004275.757,0.47,1.2553,0.49,1.2144,2
1580004275.931,0.48,1.2457,0.52,1.1946,2
1580004276.104,0.54,1.2057,0.57,1.1882,2
1580004276.278,0.49,1.2324,0.58,1.1862,2
1580004276.453,0.49,1.2382,0.56,1.1817,2
1580004276.627,0.5,1.226,0.56,1.183,2
1580004276.802,0.5,1.2357,0.55,1.1864,2
1580004276.98,0.52,1.2149,0.51,1.1871,2
1580004277.154,0.53,1.2143,0.54,1.1914,2
1580004277.327,0.52,1.2045,0.53,1.1914,2
1580004277.482,0.55,1.198,0.53,1.1837,2
1580004277.66,0.54,1.1896,0.57,1.1696,3
1580004277.838,0.55,1.1901,0.56,1.1703,3
1580004278.019,0.52,1.2121,0.55,1.1757,3
1580004278.192,0.51,1.2158,0.52,1.1756,3
1580004278.366,0.51,1.2177,0.54,1.1719,3
1580004278.542,0.54,1.2008,0.58,1.1641,3
1580004278.716,0.55,1.1864,0.57,1.1611,3
1580004278.889,0.53,1.2079,0.56,1.1648,3
1580004279.071,0.53,1.2057,0.52,1.1717,3
1580004279.244,0.54,1.1967,0.55,1.1727,3
1580004279.42,0.53,1.2097,0.54,1.1696,3
1580004279.594,0.54,1.1848,0.55,1.1646,3
1580004279.766,0.54,1.193,0.59,1.1569,3
1580004279.94,0.55,1.1789,0.59,1.153,3
1580004280.102,0.56,1.1702,0.58,1.1529,3
1580004280.278,0.56,1.1706,0.59,1.154,4
1580004280.452,0.56,1.1701,0.57,1.1555,4
1580004280.625,0.54,1.1933,0.57,1.1574,4
1580004280.799,0.53,1.1957,0.57,1.1561,4
1580004280.972,0.53,1.1979,0.59,1.1521,4
1580004281.149,0.54,1.1923,0.58,1.1464,4
1580004281.326,0.56,1.1711,0.59,1.1453,4
1580004281.499,0.54,1.1843,0.58,1.1497,4
1580004281.682,0.54,1.1944,0.58,1.153,4
1580004281.857,0.55,1.1866,0.57,1.1502,4
1580004282.034,0.54,1.1922,0.57,1.1498,4
1580004282.207,0.56,1.1696,0.59,1.149,4
1580004282.384,0.55,1.1857,0.6,1.1472,4
1580004282.56,0.55,1.1746,0.6,1.1479,4
1580004282.717,0.57,1.1596,0.58,1.1455,4
1580004282.893,0.57,1.1642,0.59,1.1399,5
1580004283.072,0.57,1.1623,0.6,1.1393,5
1580004283.247,0.54,1.184,0.59,1.1454,5
1580004283.423,0.54,1.1846,0.6,1.1444,5
1580004283.596,0.55,1.1896,0.59,1.1417,5
1580004283.774,0.54,1.1855,0.61,1.137,5
1580004283.947,0.57,1.165,0.61,1.1383,5
1580004284.121,0.55,1.1758,0.62,1.1356,5
1580004284.294,0.55,1.1864,0.6,1.1364,5
1580004284.468,0.55,1.1784,0.58,1.1419,5
1580004284.64,0.54,1.1833,0.58,1.1445,5
1580004284.812,0.56,1.1656,0.58,1.1444,5
1580004284.986,0.54,1.1827,0.6,1.1426,5
1580004285.159,0.56,1.1688,0.58,1.1428,5
1580004285.315,0.58,1.1512,0.59,1.1392,5
1580004285.491,0.58,1.1522,0.6,1.1327,6
1580004285.667,0.57,1.1565,0.6,1.1302,6
1580004285.842,0.56,1.174,0.6,1.1319,6
1580004286.017,0.56,1.1729,0.61,1.1315,6
1580004286.188,0.55,1.1812,0.63,1.1251,6
1580004286.362,0.55,1.1793,0.62,1.1244,6
1580004286.535,0.58,1.1619,0.63,1.1265,6
1580004286.714,0.57,1.1681,0.62,1.1277,6
1580004286.895,0.55,1.1774,0.61,1.1287,6
1580004287.069,0.56,1.1718,0.59,1.1305,6
1580004287.245,0.55,1.1722,0.59,1.1339,6
1580004287.423,0.57,1.1556,0.59,1.1364,6
1580004287.596,0.55,1.1774,0.58,1.1358,6
1580004287.775,0.57,1.1648,0.6,1.1339,6
1580004287.929,0.59,1.1421,0.58,1.1339,6
1580004288.115,0.59,1.1459,0.59,1.129,7
1580004288.3,0.58,1.1517,0.62,1.1239,7
1580004288.476,0.57,1.1661,0.62,1.1211,7
1580004288.663,0.57,1.162,0.62,1.119,7
1580004288.841,0.56,1.1734,0.6,1.1223,7
1580004289.017,0.56,1.1705,0.64,1.118,7
1580004289.193,0.59,1.154,0.63,1.1224,7
1580004289.37,0.56,1.1682,0.6,1.1195,7
1580004289.542,0.56,1.1699,0.59,1.1208,7
1580004289.72,0.56,1.1667,0.62,1.1225,7
1580004289.9,0.56,1.1654,0.62,1.1258,7
1580004290.075,0.58,1.1503,0.59,1.1293,7
1580004290.252,0.56,1.1697,0.58,1.128,7
1580004290.431,0.57,1.1601,0.62,1.1236,7
1580004290.59,0.61,1.1307,0.59,1.1285,7
1580004290.776,0.59,1.1379,0.61,1.1218,8
1580004290.956,0.59,1.1453,0.61,1.1191,8
1580004291.131,0.57,1.1618,0.62,1.1163,8
1580004291.306,0.58,1.1527,0.63,1.1168,8
1580004291.485,0.56,1.1625,0.62,1.1159,8
1580004291.665,0.58,1.1559,0.63,1.1099,8
1580004291.839,0.59,1.1451,0.63,1.114,8
1580004292.017,0.58,1.1584,0.59,1.125,8
1580004292.191,0.55,1.1716,0.65,1.1109,8
1580004292.366,0.58,1.1612,0.62,1.1202,8
1580004292.548,0.56,1.1671,0.6,1.1151,8
1580004292.721,0.58,1.1487,0.6,1.119,8
1580004292.895,0.57,1.1643,0.63,1.1212,8
1580004293.071,0.57,1.1594,0.64,1.1124,8
1580004293.227,0.61,1.1239,0.61,1.1321,8
1580004293.411,0.58,1.1445,0.6,1.1256,9
1580004293.585,0.58,1.1444,0.62,1.1106,9
1580004293.759,0.58,1.1544,0.63,1.1134,9
1580004293.933,0.58,1.1522,0.63,1.1133,9
1580004294.11,0.57,1.155,0.6,1.1281,9
1580004294.283,0.58,1.1568,0.62,1.1183,9
1580004294.464,0.59,1.1416,0.63,1.1168,9
1580004294.64,0.56,1.1597,0.64,1.108,9
1580004294.814,0.56,1.1556,0.61,1.1099,9
1580004294.988,0.57,1.1574,0.62,1.112,9
1580004295.166,0.59,1.1477,0.62,1.1115,9
1580004295.341,0.6,1.1401,0.65,1.1143,9
1580004295.521,0.59,1.1572,0.61,1.1111,9
1580004295.697,0.58,1.1474,0.61,1.1106,9
1580004295.852,0.63,1.1139,0.62,1.107,9
1580004296.027,0.62,1.1201,0.62,1.1064,10
1580004296.203,0.61,1.1297,0.64,1.1055,10
1580004296.377,0.58,1.1438,0.64,1.1046,10
1580004296.554,0.6,1.135,0.65,1.1013,10
1580004296.727,0.59,1.1491,0.62,1.1056,10
1580004296.902,0.59,1.1427,0.62,1.1078,10
1580004297.075,0.58,1.1407,0.62,1.1021,10
1580004297.251,0.6,1.1426,0.61,1.1068,10
1580004297.432,0.58,1.1513,0.64,1.1026,10
1580004297.607,0.58,1.1542,0.65,1.0963,10
1580004297.78,0.6,1.1391,0.65,1.0981,10
1580004297.956,0.61,1.1308,0.64,1.0941,10
1580004298.133,0.6,1.1444,0.66,1.0918,10
1580004298.309,0.59,1.1378,0.64,1.0946,10
1580004298.467,0.64,1.1075,0.6,1.1045,10
1580004298.643,0.61,1.1185,0.65,1.0906,11
1580004298.821,0.61,1.1206,0.64,1.091,11
1580004298.994,0.59,1.1373,0.66,1.0961,11
1580004299.171,0.61,1.1295,0.65,1.0909,11
1580004299.347,0.6,1.1374,0.67,1.0869,11
1580004299.522,0.61,1.1315,0.64,1.092,11
1580004299.698,0.6,1.1279,0.64,1.0982,11
1580004299.872,0.6,1.1404,0.65,1.091,11
1580004300.06,0.59,1.141,0.65,1.0877,11
1580004300.249,0.59,1.1397,0.64,1.09,11
1580004300.428,0.6,1.1323,0.67,1.0854,11
1580004300.606,0.61,1.1193,0.63,1.0947,11
1580004300.778,0.58,1.1445,0.67,1.0841,11
1580004300.952,0.59,1.1379,0.65,1.0779,11
1580004301.107,0.64,1.1026,0.65,1.0777,11
1580004301.28,0.64,1.1056,0.67,1.0802,12
1580004301.454,0.62,1.1184,0.67,1.0839,12
1580004301.634,0.59,1.1398,0.67,1.0749,12
1580004301.808,0.63,1.114,0.63,1.0977,12
1580004301.982,0.58,1.1548,0.63,1.11,12
1580004302.156,0.57,1.151,0.62,1.1117,12
1580004302.33,0.57,1.1538,0.65,1.0768,12
1580004302.515,0.61,1.1271,0.55,1.1343,12
1580004302.698,0.57,1.1596,0.63,1.1003,12
1580004302.874,0.58,1.1469,0.62,1.1153,12
1580004303.048,0.58,1.1499,0.66,1.0927,12
1580004303.223,0.61,1.1187,0.57,1.1268,12
1580004303.397,0.57,1.1622,0.64,1.0912,12
1580004303.572,0.58,1.1378,0.63,1.119,12
1580004303.73,0.62,1.1141,0.6,1.1121,12
1580004303.904,0.62,1.1152,0.65,1.0918,13
1580004304.078,0.62,1.1137,0.63,1.0964,13
1580004304.264,0.6,1.1348,0.65,1.0948,13
1580004304.438,0.61,1.1188,0.64,1.0957,13
1580004304.61,0.6,1.1345,0.64,1.0879,13
1580004304.784,0.61,1.1271,0.67,1.0786,13
1580004304.958,0.61,1.1183,0.64,1.0777,13
1580004305.131,0.61,1.1232,0.66,1.0922,13
1580004305.305,0.61,1.1277,0.65,1.0823,13
1580004305.478,0.61,1.1303,0.67,1.0709,13
1580004305.654,0.62,1.1176,0.65,1.0776,13
1580004305.828,0.62,1.112,0.66,1.0795,13
1580004306.003,0.61,1.1288,0.65,1.0857,13
1580004306.191,0.61,1.1305,0.62,1.0896,13
1580004306.358,0.66,1.0907,0.64,1.1013,13
1580004306.553,0.62,1.1168,0.63,1.0998,14
1580004306.738,0.63,1.1092,0.61,1.1009,14
1580004306.911,0.61,1.124,0.65,1.0779,14
1580004307.085,0.63,1.1045,0.66,1.0848,14
1580004307.258,0.61,1.1283,0.66,1.0807,14
1580004307.433,0.61,1.1231,0.68,1.0737,14
1580004307.605,0.63,1.1123,0.63,1.0889,14
1580004307.781,0.62,1.1177,0.63,1.0976,14
1580004307.955,0.62,1.1266,0.66,1.0848,14
1580004308.128,0.62,1.1266,0.68,1.0775,14
1580004308.304,0.63,1.1095,0.67,1.0753,14
1580004308.478,0.62,1.1099,0.67,1.0733,14
1580004308.66,0.61,1.1233,0.64,1.0844,14
1580004308.84,0.61,1.1203,0.63,1.0962,14
1580004308.995,0.64,1.0952,0.63,1.0987,14
1580004309.17,0.62,1.1098,0.63,1.0967,15
1580004309.344,0.62,1.1095,0.63,1.0897,15
1580004309.517,0.62,1.1145,0.63,1.0859,15
1580004309.69,0.65,1.0977,0.68,1.0767,15
1580004309.87,0.62,1.1196,0.68,1.082,15
1580004310.046,0.61,1.1196,0.67,1.0781,15
1580004310.22,0.62,1.1165,0.63,1.0857,15
1580004310.395,0.62,1.1145,0.62,1.1018,15
1580004310.57,0.6,1.122,0.65,1.0997,15
1580004310.744,0.62,1.1223,0.63,1.0901,15
1580004310.924,0.62,1.1117,0.64,1.0853,15
1580004311.097,0.64,1.1014,0.62,1.099,15
1580004311.274,0.62,1.1244,0.68,1.0787,15
1580004311.449,0.6,1.1291,0.69,1.0776,15
1580004311.606,0.64,1.0937,0.67,1.0768,15
1580004311.781,0.64,1.0932,0.63,1.1048,16
1580004311.956,0.64,1.1088,0.63,1.1103,16
1580004312.129,0.59,1.1422,0.63,1.0942,16
1580004312.303,0.61,1.125,0.67,1.0775,16
1580004312.476,0.62,1.1188,0.65,1.0943,16
1580004312.65,0.6,1.1323,0.61,1.1103,16
1580004312.824,0.58,1.1501,0.62,1.1126,16
1580004312.999,0.57,1.1543,0.68,1.0797,16
1580004313.172,0.6,1.1345,0.64,1.09,16
1580004313.346,0.63,1.1127,0.62,1.0964,16
1580004313.521,0.62,1.1109,0.63,1.1073,16
1580004313.696,0.61,1.1261,0.63,1.1056,16
1580004313.872,0.58,1.1418,0.63,1.1029,16
1580004314.046,0.61,1.1156,0.62,1.1003,16
1580004314.201,0.65,1.0923,0.67,1.0789,16
1580004314.379,0.63,1.1085,0.64,1.0886,17
1580004314.553,0.63,1.1111,0.68,1.0729,17
1580004314.727,0.63,1.1016,0.62,1.0912,17
1580004314.903,0.65,1.0928,0.63,1.0944,17
1580004315.077,0.6,1.1228,0.64,1.0868,17
1580004315.252,0.62,1.1058,0.66,1.089,17
1580004315.427,0.61,1.1207,0.7,1.0696,17
1580004315.603,0.63,1.1078,0.65,1.0878,17
1580004315.777,0.62,1.1159,0.62,1.0979,17
1580004315.952,0.63,1.1113,0.69,1.0627,17
1580004316.125,0.63,1.1037,0.68,1.0715,17
1580004316.302,0.63,1.1099,0.65,1.0781,17
1580004316.476,0.61,1.1186,0.59,1.1101,17
1580004316.649,0.62,1.1158,0.62,1.089,17
1580004316.805,0.66,1.0853,0.65,1.0768,17
1580004316.983,0.63,1.1034,0.65,1.0986,18
1580004317.157,0.63,1.1145,0.65,1.0799,18
1580004317.335,0.62,1.1107,0.59,1.1021,18
1580004317.513,0.66,1.0898,0.58,1.1018,18
1580004317.688,0.62,1.1201,0.69,1.0664,18
1580004317.863,0.64,1.1,0.64,1.0966,18
1580004318.041,0.62,1.1254,0.65,1.0864,18
1580004318.216,0.6,1.1322,0.68,1.0692,18
1580004318.4,0.61,1.1218,0.65,1.0994,18
1580004318.587,0.63,1.1132,0.62,1.0997,18
1580004318.77,0.62,1.1153,0.61,1.098,18
1580004318.944,0.64,1.1015,0.59,1.118,18
1580004319.125,0.58,1.1491,0.64,1.0945,18
1580004319.299,0.62,1.1104,0.62,1.1123,18
1580004319.455,0.64,1.0968,0.66,1.0822,18
1580004319.634,0.65,1.0875,0.7,1.069,19
1580004319.807,0.64,1.0918,0.65,1.087,19
1580004319.983,0.63,1.1068,0.66,1.077,19
1580004320.158,0.64,1.0966,0.66,1.0854,19
1580004320.334,0.63,1.1006,0.61,1.1152,19
1580004320.514,0.62,1.1185,0.67,1.0748,19
1580004320.691,0.64,1.0958,0.68,1.0727,19
1580004320.864,0.6,1.1181,0.68,1.0698,19
1580004321.041,0.62,1.113,0.67,1.0772,19
1580004321.217,0.66,1.0899,0.6,1.1146,19
1580004321.391,0.63,1.1077,0.62,1.0938,19
1580004321.569,0.64,1.094,0.65,1.0854,19
1580004321.743,0.61,1.1242,0.68,1.0753,19
1580004321.916,0.62,1.1134,0.67,1.0716,19
1580004322.074,0.68,1.0653,0.65,1.0915,19
1580004322.252,0.67,1.0802,0.63,1.0986,20
1580004322.428,0.64,1.0972,0.67,1.0724,20
1580004322.605,0.65,1.0895,0.67,1.0815,20
1580004322.78,0.64,1.1007,0.7,1.0663,20
1580004322.955,0.64,1.1011,0.68,1.0704,20
1580004323.137,0.66,1.0899,0.63,1.0914,20
1580004323.311,0.64,1.1004,0.64,1.087,20
1580004323.486,0.63,1.1024,0.69,1.0686,20
1580004323.664,0.64,1.0951,0.68,1.0681,20
1580004323.838,0.64,1.0977,0.65,1.0746,20
1580004324.013,0.65,1.0876,0.64,1.0983,20
1580004324.19,0.64,1.1023,0.66,1.0924,20
1580004324.364,0.61,1.1169,0.67,1.0736,20
1580004324.544,0.64,1.0919,0.7,1.0637,20
1580004324.703,0.67,1.0718,0.7,1.0591,20
1580004324.879,0.65,1.0843,0.66,1.0896,21
1580004325.053,0.64,1.0921,0.62,1.0955,21
1580004325.235,0.63,1.1048,0.64,1.0743,21
1580004325.412,0.67,1.074,0.61,1.0829,21
1580004325.584,0.63,1.1038,0.66,1.072,21
1580004325.761,0.64,1.0901,0.68,1.0719,21
1580004325.937,0.65,1.0861,0.63,1.0963,21
1580004326.111,0.64,1.0961,0.65,1.0875,21
1580004326.292,0.64,1.0961,0.68,1.069,21
1580004326.47,0.67,1.0823,0.66,1.0747,21
1580004326.646,0.65,1.0837,0.66,1.0824,21
1580004326.823,0.64,1.0921,0.67,1.0896,21
1580004326.997,0.62,1.1147,0.63,1.0871,21
1580004327.173,0.66,1.0828,0.68,1.0716,21
1580004327.33,0.69,1.0542,0.7,1.0602,21
1580004327.509,0.66,1.0802,0.67,1.0668,22
1580004327.685,0.66,1.0795,0.67,1.0737,22
1580004327.861,0.65,1.0857,0.68,1.0752,22
1580004328.039,0.67,1.0679,0.62,1.0839,22
1580004328.217,0.64,1.0943,0.65,1.0792,22
1580004328.394,0.67,1.0754,0.67,1.0765,22
1580004328.568,0.66,1.0809,0.67,1.0753,22
1580004328.748,0.66,1.0837,0.67,1.0789,22
1580004328.925,0.65,1.0928,0.65,1.0781,22
1580004329.102,0.67,1.0765,0.66,1.0834,22
1580004329.277,0.68,1.0723,0.63,1.0938,22
1580004329.452,0.64,1.0901,0.65,1.0902,22
1580004329.628,0.62,1.1074,0.63,1.0951,22
1580004329.803,0.66,1.0827,0.65,1.0887,22
1580004329.962,0.69,1.0521,0.69,1.065,22
1580004330.138,0.66,1.0789,0.69,1.0624,23
1580004330.313,0.67,1.0755,0.7,1.0655,23
1580004330.487,0.66,1.0815,0.68,1.0726,23
1580004330.664,0.68,1.061,0.66,1.0817,23
1580004330.847,0.66,1.0857,0.66,1.0795,23
1580004331.027,0.67,1.0729,0.68,1.0716,23
1580004331.204,0.66,1.0794,0.68,1.0671,23
1580004331.386,0.66,1.0808,0.66,1.0787,23
1580004331.562,0.64,1.0909,0.66,1.0817,23
1580004331.738,0.66,1.0763,0.68,1.0675,23
1580004331.915,0.66,1.075,0.65,1.0836,23
1580004332.095,0.65,1.0788,0.65,1.0905,23
1580004332.271,0.64,1.0984,0.63,1.0975,23
1580004332.455,0.66,1.0815,0.65,1.0908,23
1580004332.614,0.69,1.0515,0.67,1.0627,23
1580004332.791,0.66,1.074,0.69,1.0572,24
1580004332.97,0.67,1.0734,0.68,1.0628,24
1580004333.148,0.66,1.0789,0.67,1.0709,24
1580004333.324,0.69,1.0588,0.66,1.0809,24
1580004333.501,0.67,1.0762,0.66,1.0819,24
1580004333.679,0.68,1.0667,0.66,1.0786,24
1580004333.855,0.65,1.0791,0.66,1.0768,24
1580004334.03,0.67,1.0729,0.66,1.0825,24
1580004334.213,0.66,1.0828,0.66,1.0766,24
1580004334.405,0.68,1.0665,0.67,1.0678,24
1580004334.581,0.67,1.0719,0.69,1.0702,24
1580004334.757,0.67,1.0695,0.64,1.0865,24
1580004334.934,0.66,1.0864,0.64,1.095,24
1580004335.109,0.66,1.0731,0.64,1.0915,24
1580004335.271,0.69,1.0536,0.66,1.076,24
1580004335.448,0.67,1.066,0.68,1.0618,25
1580004335.625,0.69,1.0551,0.67,1.0636,25
1580004335.806,0.67,1.0748,0.69,1.0622,25
1580004335.983,0.68,1.0571,0.67,1.0722,25
1580004336.158,0.67,1.0716,0.67,1.0772,25
1580004336.339,0.69,1.0632,0.65,1.0792,25
1580004336.523,0.67,1.0728,0.66,1.0799,25
1580004336.7,0.67,1.0716,0.65,1.0886,25
1580004336.878,0.65,1.0845,0.63,1.0941,25
1580004337.056,0.68,1.0705,0.68,1.0656,25
1580004337.232,0.66,1.0784,0.69,1.065,25
1580004337.412,0.65,1.0862,0.68,1.075,25
1580004337.593,0.66,1.0814,0.6,1.1046,25
1580004337.775,0.66,1.0774,0.62,1.1052,25
1580004337.932,0.68,1.0627,0.65,1.0875,25
1580004338.121,0.66,1.0698,0.64,1.0815,26
1580004338.3,0.69,1.0564,0.68,1.0609,26
1580004338.483,0.68,1.0668,0.66,1.0718,26
1580004338.671,0.67,1.0619,0.65,1.0842,26
1580004338.861,0.66,1.0818,0.68,1.0661,26
1580004339.038,0.65,1.0833,0.67,1.0606,26
1580004339.214,0.67,1.0733,0.64,1.0795,26
1580004339.393,0.67,1.0713,0.66,1.0897,26
1580004339.571,0.66,1.0806,0.65,1.0849,26
1580004339.747,0.65,1.0803,0.67,1.08,26
1580004339.924,0.68,1.066,0.68,1.0692,26
1580004340.103,0.68,1.0641,0.67,1.0726,26
1580004340.281,0.67,1.0755,0.65,1.0832,26
1580004340.458,0.67,1.0695,0.63,1.0872,26
1580004340.623,0.7,1.0435,0.64,1.0787,26
1580004340.805,0.69,1.056,0.65,1.0862,27
1580004340.986,0.7,1.0489,0.64,1.0858,27
1580004341.162,0.66,1.0799,0.66,1.0706,27
1580004341.338,0.69,1.0502,0.67,1.0743,27
1580004341.515,0.68,1.0692,0.68,1.0738,27
1580004341.705,0.67,1.0669,0.69,1.0588,27
1580004341.884,0.67,1.0713,0.67,1.0597,27
1580004342.061,0.66,1.0733,0.66,1.0739,27
1580004342.238,0.67,1.0743,0.63,1.0928,27
1580004342.414,0.67,1.0727,0.63,1.0862,27
1580004342.595,0.68,1.0609,0.66,1.0808,27
1580004342.772,0.66,1.08,0.68,1.0678,27
1580004342.949,0.66,1.081,0.65,1.0879,27
1580004343.125,0.66,1.0746,0.62,1.1143,27
1580004343.283,0.67,1.0679,0.68,1.0682,27
1580004343.464,0.68,1.0573,0.68,1.0652,28
1580004343.644,0.69,1.0504,0.66,1.0847,28
1580004343.825,0.65,1.0851,0.66,1.0706,28
1580004344.003,0.68,1.0581,0.64,1.0913,28
1580004344.182,0.64,1.0879,0.65,1.0789,28
1580004344.359,0.67,1.0681,0.69,1.0557,28
1580004344.539,0.67,1.0755,0.67,1.0652,28
1580004344.723,0.63,1.0971,0.68,1.0488,28
1580004344.903,0.65,1.0881,0.65,1.0746,28
1580004345.08,0.67,1.0688,0.63,1.0991,28
1580004345.258,0.65,1.0889,0.66,1.0787,28
1580004345.435,0.67,1.0704,0.64,1.0731,28
1580004345.612,0.64,1.0927,0.7,1.0584,28
1580004345.798,0.65,1.0825,0.68,1.0505,28
1580004345.957,0.71,1.0345,0.64,1.0851,28
1580004346.136,0.67,1.0634,0.64,1.0855,29
1580004346.314,0.66,1.079,0.69,1.0546,29
1580004346.492,0.68,1.0647,0.69,1.0619,29
1580004346.669,0.65,1.0804,0.67,1.0691,29
1580004346.849,0.65,1.0875,0.67,1.072,29
1580004347.027,0.68,1.0642,0.66,1.0861,29
1580004347.205,0.65,1.0772,0.61,1.096,29
1580004347.382,0.66,1.085,0.67,1.0792,29
1580004347.559,0.64,1.091,0.69,1.0529,29
1580004347.738,0.66,1.0785,0.68,1.054,29
1580004347.916,0.67,1.0676,0.67,1.0697,29
1580004348.093,0.66,1.0729,0.66,1.0821,29
1580004348.271,0.66,1.0859,0.66,1.0794,29
1580004348.447,0.68,1.0621,0.69,1.078,29
1580004348.609,0.7,1.0368,0.64,1.0766,29
1580004348.792,0.68,1.0555,0.68,1.0628,30
1580004348.975,0.7,1.0419,0.68,1.059,30
1580004349.157,0.67,1.0591,0.68,1.0617,30
1580004349.336,0.68,1.0555,0.67,1.0695,30
1580004349.52,0.68,1.0614,0.68,1.072,30
1580004349.694,0.69,1.0568,0.67,1.0691,30
1580004349.88,0.67,1.0635,0.66,1.0723,30
1580004350.059,0.68,1.0609,0.66,1.0761,30
1580004350.239,0.67,1.066,0.65,1.0774,30
1580004350.421,0.68,1.0597,0.66,1.0732,30
1580004350.602,0.69,1.0514,0.67,1.0728,30
1580004350.79,0.69,1.0531,0.69,1.0719,30
1580004350.968,0.68,1.0664,0.67,1.0685,30
1580004351.151,0.69,1.0564,0.66,1.075,30
1580004351.311,0.71,1.0274,0.66,1.0758,30
1580004351.49,0.7,1.0457,0.67,1.071,31
1580004351.669,0.71,1.0342,0.67,1.0694,31
1580004351.851,0.68,1.0633,0.68,1.0577,31
1580004352.029,0.69,1.051,0.68,1.0695,31
1580004352.215,0.68,1.0578,0.64,1.0994,31
1580004352.394,0.68,1.0677,0.66,1.0753,31
1580004352.572,0.68,1.0677,0.68,1.0585,31
1580004352.753,0.67,1.0642,0.66,1.07,31
1580004352.937,0.66,1.08,0.68,1.0665,31
1580004353.124,0.69,1.0551,0.66,1.0824,31
1580004353.304,0.68,1.0611,0.65,1.0923,31
1580004353.485,0.67,1.0678,0.67,1.0638,31
1580004353.663,0.68,1.0673,0.69,1.0546,31
1580004353.84,0.68,1.0642,0.7,1.0626,31
1580004354.002,0.71,1.032,0.67,1.075,31
1580004354.181,0.69,1.0479,0.66,1.0739,32
1580004354.36,0.7,1.0417,0.7,1.0571,32
1580004354.541,0.68,1.0657,0.7,1.0543,32
1580004354.725,0.69,1.0579,0.7,1.0553,32
1580004354.908,0.69,1.0521,0.67,1.074,32
1580004355.089,0.67,1.0692,0.68,1.0652,32
1580004355.27,0.68,1.0599,0.68,1.057,32
1580004355.449,0.69,1.0533,0.69,1.059,32
1580004355.627,0.67,1.0638,0.66,1.0655,32
1580004355.805,0.68,1.058,0.66,1.0623,32
1580004355.984,0.69,1.046,0.66,1.0723,32
1580004356.163,0.68,1.0594,0.67,1.0689,32
1580004356.343,0.68,1.0646,0.69,1.0526,32
1580004356.521,0.69,1.0541,0.69,1.0525,32
1580004356.681,0.7,1.0406,0.69,1.0536,32
1580004356.86,0.69,1.0506,0.67,1.0789,33
1580004357.044,0.7,1.0437,0.64,1.0894,33
1580004357.223,0.67,1.072,0.66,1.074,33
1580004357.402,0.69,1.0536,0.68,1.0592,33
1580004357.582,0.67,1.0643,0.68,1.0662,33
1580004357.76,0.69,1.0559,0.65,1.0889,33
1580004357.938,0.67,1.069,0.64,1.0854,33
1580004358.12,0.68,1.0682,0.68,1.0635,33
1580004358.298,0.67,1.0683,0.67,1.0677,33
1580004358.475,0.67,1.0746,0.66,1.0638,33
1580004358.655,0.7,1.0485,0.67,1.0888,33
1580004358.834,0.68,1.0604,0.62,1.1199,33
1580004359.014,0.64,1.0939,0.67,1.0737,33
1580004359.208,0.68,1.0638,0.69,1.047,33
1580004359.368,0.71,1.0352,0.69,1.0548,33
1580004359.548,0.67,1.0687,0.7,1.0544,34
1580004359.728,0.68,1.0567,0.66,1.0759,34
1580004359.908,0.67,1.0702,0.65,1.0768,34
1580004360.102,0.68,1.051,0.64,1.0778,34
1580004360.289,0.68,1.0618,0.68,1.0626,34
1580004360.468,0.68,1.0572,0.69,1.0553,34
1580004360.649,0.69,1.0505,0.69,1.0623,34
1580004360.827,0.68,1.0599,0.68,1.0622,34
1580004361.009,0.67,1.0713,0.69,1.0568,34
1580004361.192,0.68,1.0626,0.69,1.0545,34
1580004361.371,0.7,1.0468,0.66,1.0707,34
1580004361.551,0.69,1.0572,0.61,1.1123,34
1580004361.731,0.66,1.0841,0.62,1.1174,34
1580004361.909,0.67,1.0692,0.69,1.0676,34
1580004362.074,0.7,1.0344,0.71,1.0413,34
1580004362.253,0.69,1.0456,0.68,1.0699,35
1580004362.435,0.67,1.0669,0.66,1.0815,35
1580004362.615,0.66,1.0817,0.68,1.0695,35
1580004362.793,0.69,1.0513,0.64,1.0916,35
1580004362.973,0.68,1.0645,0.62,1.1008,35
1580004363.154,0.68,1.0596,0.67,1.0796,35
1580004363.334,0.66,1.0724,0.69,1.0539,35
1580004363.511,0.66,1.0763,0.69,1.0555,35
1580004363.691,0.68,1.059,0.63,1.0928,35
1580004363.869,0.66,1.0735,0.64,1.0916,35
1580004364.049,0.66,1.0721,0.66,1.0693,35
1580004364.243,0.69,1.0477,0.67,1.078,35
1580004364.422,0.67,1.0693,0.64,1.1073,35
1580004364.599,0.68,1.0666,0.62,1.1112,35
1580004364.758,0.67,1.0602,0.68,1.0645,35
1580004364.938,0.69,1.0539,0.68,1.0514,36
1580004365.116,0.71,1.0342,0.66,1.0816,36
1580004365.301,0.68,1.07,0.66,1.0846,36
1580004365.481,0.67,1.0793,0.68,1.0743,36
1580004365.658,0.68,1.0613,0.67,1.0698,36
1580004365.838,0.69,1.0508,0.68,1.0652,36
1580004366.017,0.69,1.0451,0.67,1.079,36
1580004366.212,0.65,1.0863,0.65,1.091,36
1580004366.403,0.66,1.0785,0.64,1.0936,36
1580004366.594,0.67,1.0665,0.64,1.0805,36
1580004366.778,0.69,1.0482,0.65,1.0766,36
1580004366.96,0.69,1.0464,0.68,1.0781,36
1580004367.137,0.67,1.0722,0.67,1.0705,36
1580004367.321,0.68,1.0566,0.68,1.0651,36
1580004367.48,0.72,1.0231,0.67,1.0685,36
1580004367.659,0.69,1.0478,0.67,1.0764,37
1580004367.835,0.71,1.0399,0.68,1.062,37
1580004368.016,0.69,1.0491,0.7,1.0487,37
1580004368.197,0.69,1.0465,0.68,1.052,37
1580004368.382,0.69,1.0463,0.65,1.0749,37
1580004368.563,0.69,1.0537,0.65,1.0874,37
1580004368.742,0.67,1.0632,0.66,1.0817,37
1580004368.919,0.69,1.048,0.67,1.0693,37
1580004369.101,0.68,1.0502,0.69,1.0564,37
1580004369.281,0.69,1.052,0.67,1.0588,37
1580004369.46,0.69,1.0468,0.67,1.0706,37
1580004369.637,0.69,1.0434,0.65,1.0827,37
1580004369.816,0.68,1.057,0.65,1.0707,37
1580004369.994,0.69,1.0443,0.68,1.0579,37
1580004370.154,0.72,1.0182,0.69,1.0558,37
1580004370.333,0.71,1.0369,0.68,1.063,38
1580004370.51,0.71,1.0282,0.69,1.0546,38
1580004370.689,0.71,1.0377,0.7,1.0447,38
1580004370.867,0.71,1.0303,0.71,1.0508,38
1580004371.044,0.7,1.0418,0.67,1.0631,38
1580004371.224,0.71,1.0346,0.67,1.0676,38
1580004371.409,0.7,1.0429,0.67,1.0643,38
1580004371.587,0.7,1.0398,0.68,1.0622,38
1580004371.764,0.69,1.0514,0.69,1.0519,38
1580004371.944,0.71,1.0361,0.69,1.0511,38
1580004372.12,0.7,1.0383,0.68,1.056,38
1580004372.299,0.7,1.0392,0.66,1.0713,38
1580004372.485,0.71,1.0476,0.66,1.08,38
1580004372.661,0.71,1.0353,0.67,1.081,38
1580004372.82,0.73,1.0177,0.69,1.0577,38
1580004372.999,0.71,1.0297,0.71,1.0495,39
1580004373.178,0.73,1.0209,0.69,1.0574,39
1580004373.356,0.71,1.042,0.69,1.0537,39
1580004373.538,0.7,1.0368,0.69,1.0534,39
1580004373.715,0.7,1.0372,0.67,1.0678,39
1580004373.891,0.71,1.0303,0.66,1.069,39
1580004374.071,0.7,1.0396,0.67,1.0639,39
1580004374.249,0.7,1.0438,0.66,1.0633,39
1580004374.429,0.69,1.0441,0.68,1.0522,39
1580004374.607,0.71,1.0382,0.68,1.0518,39
1580004374.783,0.69,1.0443,0.69,1.0505,39
1580004374.962,0.71,1.0355,0.67,1.0756,39
1580004375.146,0.7,1.0441,0.67,1.0752,39
1580004375.326,0.7,1.0358,0.67,1.0672,39
1580004375.485,0.73,1.016,0.69,1.0563,39
1580004375.664,0.72,1.0265,0.68,1.0537,40
1580004375.849,0.73,1.0209,0.68,1.0587,40
1580004376.031,0.7,1.0444,0.69,1.0524,40
1580004376.209,0.71,1.0337,0.67,1.0619,40
1580004376.387,0.7,1.0381,0.64,1.0786,40
1580004376.572,0.71,1.0329,0.66,1.0664,40
1580004376.751,0.7,1.0411,0.69,1.0565,40
1580004376.928,0.69,1.0501,0.7,1.0568,40
1580004377.108,0.71,1.0361,0.67,1.0716,40
1580004377.287,0.7,1.0411,0.67,1.061,40
1580004377.466,0.7,1.0353,0.71,1.0445,40
1580004377.644,0.71,1.0387,0.68,1.0574,40
1580004377.821,0.71,1.0429,0.63,1.1019,40
1580004378.002,0.7,1.0437,0.63,1.091,40
1580004378.161,0.72,1.0238,0.69,1.0531,40
1580004378.347,0.7,1.0367,0.67,1.0607,41
1580004378.53,0.72,1.0277,0.67,1.0682,41
1580004378.72,0.7,1.0435,0.66,1.065,41
1580004378.897,0.71,1.0339,0.69,1.0522,41
1580004379.076,0.71,1.0321,0.69,1.0533,41
1580004379.254,0.72,1.0239,0.64,1.0768,41
1580004379.433,0.72,1.0343,0.64,1.0813,41
1580004379.616,0.71,1.0372,0.66,1.0695,41
1580004379.795,0.71,1.034,0.67,1.0703,41
1580004379.971,0.71,1.0309,0.68,1.0743,41
1580004380.15,0.71,1.0351,0.68,1.0674,41
1580004380.331,0.71,1.0304,0.67,1.073,41
1580004380.516,0.71,1.0369,0.63,1.092,41
1580004380.701,0.71,1.0338,0.61,1.109,41
1580004380.86,0.72,1.0248,0.68,1.0583,41
1580004381.044,0.72,1.0271,0.67,1.0597,42
1580004381.225,0.72,1.0212,0.66,1.0764,42
1580004381.405,0.67,1.0676,0.65,1.0795,42
1580004381.583,0.7,1.0484,0.64,1.0691,42
1580004381.761,0.7,1.0459,0.65,1.0746,42
1580004381.939,0.71,1.0356,0.65,1.0853,42
1580004382.115,0.69,1.0532,0.67,1.0802,42
1580004382.292,0.68,1.0592,0.66,1.0753,42
1580004382.47,0.71,1.0375,0.66,1.0789,42
1580004382.646,0.7,1.0383,0.65,1.0804,42
1580004382.825,0.7,1.0451,0.69,1.0655,42
1580004383.003,0.71,1.0348,0.65,1.0755,42
1580004383.18,0.71,1.0393,0.63,1.0983,42
1580004383.356,0.71,1.0358,0.61,1.1071,42
1580004383.514,0.72,1.0237,0.66,1.0661,42
1580004383.693,0.71,1.0381,0.68,1.0514,43
1580004383.871,0.73,1.0178,0.67,1.0699,43
1580004384.047,0.7,1.0494,0.65,1.0777,43
1580004384.223,0.68,1.0635,0.64,1.09,43
1580004384.402,0.68,1.0602,0.69,1.0567,43
1580004384.577,0.7,1.0365,0.67,1.0562,43
1580004384.76,0.7,1.0469,0.63,1.1015,43
1580004384.939,0.63,1.0964,0.61,1.1239,43
1580004385.116,0.66,1.0763,0.61,1.1352,43
1580004385.293,0.66,1.0816,0.64,1.0899,43
1580004385.469,0.69,1.0478,0.68,1.058,43
1580004385.644,0.7,1.0388,0.66,1.0742,43
1580004385.823,0.65,1.0849,0.63,1.0868,43
1580004386.005,0.68,1.0594,0.62,1.097,43
1580004386.166,0.71,1.0305,0.67,1.0789,43
1580004386.343,0.71,1.0362,0.68,1.0616,44
1580004386.52,0.71,1.0343,0.65,1.0692,44
1580004386.698,0.69,1.0556,0.68,1.0603,44
1580004386.875,0.68,1.0518,0.62,1.0977,44
1580004387.055,0.7,1.0466,0.6,1.1069,44
1580004387.231,0.69,1.0524,0.66,1.0721,44
1580004387.407,0.69,1.0457,0.68,1.0647,44
1580004387.584,0.69,1.0478,0.67,1.0688,44
1580004387.76,0.7,1.0464,0.67,1.0716,44
1580004387.936,0.7,1.0458,0.66,1.0868,44
1580004388.115,0.71,1.0375,0.67,1.069,44
1580004388.292,0.7,1.0424,0.7,1.0425,44
1580004388.468,0.69,1.0524,0.69,1.0478,44
1580004388.643,0.69,1.0494,0.65,1.065,44
1580004388.8,0.74,1.002,0.65,1.091,44
1580004388.978,0.71,1.0343,0.66,1.0743,45
1580004389.157,0.71,1.0263,0.68,1.0599,45
1580004389.332,0.69,1.0474,0.69,1.0507,45
1580004389.508,0.69,1.05,0.67,1.0725,45
1580004389.691,0.69,1.044,0.62,1.1073,45
1580004389.871,0.7,1.0403,0.65,1.1052,45
1580004390.047,0.7,1.0441,0.63,1.0897,45
1580004390.226,0.71,1.0324,0.68,1.074,45
1580004390.402,0.7,1.0398,0.68,1.0772,45
1580004390.58,0.7,1.045,0.68,1.0735,45
1580004390.756,0.71,1.0275,0.66,1.0802,45
1580004390.94,0.72,1.0232,0.64,1.0862,45
1580004391.119,0.7,1.0411,0.68,1.0642,45
1580004391.296,0.72,1.027,0.69,1.0542,45
1580004391.453,0.74,1.0032,0.69,1.0548,45
1580004391.63,0.73,1.0183,0.7,1.0565,46
1580004391.806,0.72,1.0251,0.69,1.0518,46
1580004391.983,0.71,1.0306,0.69,1.0508,46
1580004392.16,0.71,1.03,0.7,1.0514,46
1580004392.339,0.7,1.0392,0.67,1.0702,46
1580004392.515,0.71,1.0363,0.64,1.0854,46
1580004392.692,0.71,1.033,0.65,1.0857,46
1580004392.871,0.71,1.0267,0.64,1.0823,46
1580004393.045,0.7,1.0427,0.67,1.0796,46
1580004393.221,0.68,1.0559,0.67,1.0683,46
1580004393.4,0.73,1.021,0.64,1.0858,46
1580004393.578,0.72,1.0246,0.65,1.0929,46
1580004393.755,0.68,1.0552,0.66,1.0874,46
1580004393.93,0.69,1.0434,0.67,1.0637,46
1580004394.087,0.74,1.0064,0.67,1.0671,46
1580004394.269,0.7,1.0434,0.66,1.0654,47
1580004394.475,0.73,1.0162,0.68,1.0667,47
1580004394.652,0.7,1.044,0.68,1.0629,47
1580004394.829,0.69,1.0425,0.68,1.0575,47
1580004395.01,0.71,1.0242,0.68,1.0604,47
1580004395.186,0.7,1.0347,0.66,1.0731,47
1580004395.361,0.7,1.0441,0.64,1.0918,47
1580004395.539,0.69,1.0505,0.63,1.0969,47
1580004395.715,0.7,1.0441,0.65,1.0836,47
1580004395.891,0.71,1.0348,0.65,1.0948,47
1580004396.074,0.7,1.0387,0.66,1.0844,47
1580004396.251,0.69,1.0529,0.65,1.1041,47
1580004396.427,0.69,1.0498,0.65,1.0959,47
1580004396.602,0.7,1.0337,0.66,1.0762,47
1580004396.763,0.72,1.017,0.7,1.0588,47
1580004396.941,0.68,1.0652,0.69,1.0534,48
1580004397.117,0.69,1.0432,0.71,1.0552,48
1580004397.292,0.7,1.0377,0.68,1.0657,48
1580004397.467,0.71,1.0281,0.66,1.0707,48
1580004397.643,0.69,1.0482,0.67,1.0667,48
1580004397.822,0.69,1.046,0.68,1.0658,48
1580004398.003,0.69,1.0488,0.67,1.0628,48
1580004398.181,0.72,1.0228,0.67,1.0626,48
1580004398.36,0.7,1.0446,0.67,1.0668,48
1580004398.537,0.7,1.0369,0.67,1.0648,48
1580004398.712,0.71,1.0263,0.65,1.0647,48
1580004398.887,0.71,1.0252,0.66,1.0826,48
1580004399.063,0.69,1.0476,0.65,1.0934,48
1580004399.238,0.7,1.0349,0.66,1.0755,48
1580004399.396,0.74,1.0012,0.71,1.0525,48
1580004399.574,0.73,1.0172,0.66,1.0603,49
1580004399.751,0.74,1.0086,0.67,1.0656,49
1580004399.927,0.72,1.0232,0.68,1.062,49
1580004400.103,0.72,1.0254,0.69,1.0564,49
1580004400.278,0.72,1.0246,0.67,1.0653,49
1580004400.453,0.71,1.0279,0.66,1.0667,49
1580004400.63,0.7,1.0385,0.7,1.0587,49
1580004400.809,0.72,1.0203,0.7,1.0634,49
1580004400.985,0.71,1.027,0.67,1.0706,49
1580004401.164,0.71,1.0319,0.68,1.0619,49
1580004401.34,0.73,1.0174,0.71,1.0509,49
1580004401.517,0.72,1.0217,0.68,1.0733,49
1580004401.705,0.71,1.031,0.66,1.0932,49
1580004401.881,0.7,1.0339,0.69,1.0693,49
1580004402.04,0.75,0.9904,0.7,1.0573,49
1580004402.223,0.74,1.0109,0.68,1.0707,50
1580004402.399,0.74,1.0049,0.67,1.0657,50
1580004402.574,0.74,1.012,0.67,1.0529,50
1580004402.749,0.72,1.0203,0.7,1.0512,50
1580004402.925,0.72,1.0232,0.67,1.0674,50
1580004403.101,0.72,1.0267,0.68,1.0665,50
1580004403.279,0.71,1.0334,0.69,1.064,50
1580004403.456,0.73,1.017,0.66,1.0738,50
1580004403.632,0.72,1.0252,0.67,1.0828,50
1580004403.809,0.71,1.03,0.66,1.0788,50
1580004403.985,0.73,1.0117,0.68,1.0555,50
1580004404.162,0.73,1.0149,0.66,1.0735,50
1580004404.338,0.71,1.0297,0.65,1.0936,50
1580004404.518,0.71,1.0256,0.65,1.081,50
1580004404.674,0.75,0.9969,0.69,1.0525,50
1580004404.852,0.74,1.0054,0.66,1.0777,51
1580004405.035,0.74,1.0055,0.65,1.0823,51
1580004405.212,0.72,1.0223,0.66,1.0688,51
1580004405.389,0.73,1.0192,0.68,1.0595,51
1580004405.565,0.72,1.0243,0.68,1.0697,51
1580004405.741,0.71,1.0321,0.65,1.0861,51
1580004405.919,0.7,1.0419,0.66,1.0801,51
1580004406.098,0.71,1.0268,0.69,1.0645,51
1580004406.278,0.72,1.0214,0.63,1.0864,51
1580004406.455,0.71,1.0333,0.65,1.0902,51
1580004406.631,0.72,1.0223,0.66,1.0792,51
1580004406.808,0.72,1.0242,0.65,1.0777,51
1580004406.984,0.72,1.0245,0.63,1.0867,51
1580004407.159,0.72,1.0247,0.64,1.0871,51
1580004407.323,0.72,1.0165,0.68,1.07,51
1580004407.502,0.71,1.0256,0.67,1.0597,52
1580004407.678,0.74,1.0077,0.69,1.0577,52
1580004407.852,0.73,1.02,0.67,1.0892,52
1580004408.027,0.7,1.039,0.66,1.0867,52
1580004408.205,0.7,1.0405,0.68,1.0667,52
1580004408.402,0.73,1.0137,0.69,1.0624,52
1580004408.582,0.72,1.0266,0.65,1.0807,52
1580004408.771,0.71,1.0311,0.66,1.0867,52
1580004408.951,0.68,1.057,0.64,1.0833,52
1580004409.13,0.71,1.0269,0.65,1.0623,52
1580004409.307,0.73,1.0139,0.68,1.0639,52
1580004409.483,0.71,1.0314,0.64,1.084,52
1580004409.66,0.68,1.0553,0.62,1.0921,52
1580004409.837,0.72,1.0222,0.67,1.0801,52
1580004410.002,0.75,0.9888,0.66,1.0686,52
1580004410.181,0.72,1.0182,0.67,1.0666,53
1580004410.359,0.72,1.0183,0.67,1.0673,53
1580004410.535,0.71,1.0254,0.67,1.0643,53
1580004410.719,0.72,1.0173,0.67,1.0691,53
1580004410.897,0.72,1.0197,0.66,1.0835,53
1580004411.073,0.74,1.0139,0.66,1.066,53
1580004411.25,0.7,1.0355,0.67,1.0619,53
1580004411.433,0.72,1.0266,0.65,1.0769,53
1580004411.609,0.72,1.0217,0.64,1.104,53
1580004411.793,0.71,1.0242,0.65,1.0814,53
1580004411.97,0.73,1.012,0.71,1.0525,53
1580004412.147,0.73,1.0167,0.68,1.0722,53
1580004412.323,0.72,1.0224,0.61,1.104,53
1580004412.506,0.73,1.0156,0.62,1.1123,53
1580004412.667,0.75,0.9971,0.66,1.0732,53
1580004412.849,0.74,1.0062,0.7,1.0484,54
1580004413.025,0.74,1.0053,0.7,1.0497,54
1580004413.202,0.73,1.0164,0.68,1.0651,54
1580004413.379,0.74,1.0102,0.67,1.0716,54
1580004413.556,0.71,1.0228,0.67,1.0712,54
1580004413.734,0.73,1.0122,0.71,1.0496,54
1580004413.912,0.71,1.0247,0.7,1.0569,54
1580004414.087,0.74,1.0072,0.68,1.0727,54
1580004414.262,0.72,1.0215,0.64,1.0859,54
1580004414.441,0.71,1.0285,0.65,1.0843,54
1580004414.617,0.75,1.0018,0.67,1.0663,54
1580004414.793,0.74,1.0067,0.65,1.0724,54
1580004414.97,0.72,1.0241,0.64,1.0944,54
1580004415.148,0.74,1.0043,0.61,1.1106,54
1580004415.306,0.77,0.9838,0.67,1.0719,54
1580004415.483,0.75,1.0007,0.7,1.0586,55
1580004415.661,0.75,0.9985,0.69,1.0603,55
1580004415.84,0.72,1.0226,0.67,1.0623,55
1580004416.015,0.73,1.0112,0.61,1.1069,55
1580004416.193,0.71,1.0267,0.66,1.0796,55
1580004416.37,0.73,1.01,0.68,1.0558,55
1580004416.55,0.7,1.041,0.69,1.0505,55
1580004416.728,0.72,1.0231,0.62,1.0966,55
1580004416.906,0.72,1.0217,0.6,1.1175,55
1580004417.082,0.71,1.0271,0.62,1.1023,55
1580004417.26,0.74,1.0011,0.69,1.062,55
1580004417.44,0.71,1.0286,0.7,1.0601,55
1580004417.626,0.72,1.0237,0.61,1.1158,55
1580004417.806,0.73,1.0172,0.6,1.1335,55
1580004417.964,0.73,1.0093,0.67,1.0631,55
1580004418.141,0.73,1.0122,0.66,1.0652,56
1580004418.317,0.74,1.0056,0.64,1.0909,56
1580004418.496,0.69,1.0496,0.67,1.0689,56
1580004418.674,0.71,1.0306,0.63,1.1036,56
1580004418.85,0.7,1.0292,0.61,1.1069,56
1580004419.026,0.73,1.0193,0.65,1.0776,56
1580004419.203,0.71,1.0323,0.69,1.0572,56
1580004419.379,0.69,1.0456,0.69,1.0558,56
1580004419.558,0.68,1.0621,0.71,1.0497,56
1580004419.734,0.72,1.0226,0.66,1.087,56
1580004419.913,0.73,1.0179,0.61,1.1063,56
1580004420.103,0.7,1.0406,0.62,1.0873,56
1580004420.289,0.68,1.0557,0.66,1.0782,56
1580004420.465,0.7,1.0334,0.67,1.058,56
1580004420.622,0.75,0.9916,0.63,1.0848,56
1580004420.806,0.73,1.0097,0.62,1.1044,57
1580004420.982,0.72,1.0214,0.64,1.0935,57
1580004421.158,0.71,1.0337,0.66,1.0699,57
1580004421.335,0.73,1.0122,0.68,1.0581,57
1580004421.511,0.71,1.0256,0.68,1.0649,57
1580004421.696,0.72,1.02,0.63,1.1017,57
1580004421.876,0.72,1.0239,0.61,1.1256,57
1580004422.051,0.71,1.0256,0.63,1.1153,57
1580004422.227,0.72,1.0257,0.68,1.0747,57
1580004422.404,0.73,1.0114,0.7,1.0614,57
1580004422.58,0.74,1.0081,0.62,1.0913,57
1580004422.762,0.73,1.01,0.62,1.114,57
1580004422.943,0.71,1.0271,0.64,1.0946,57
1580004423.118,0.74,1.0051,0.67,1.0798,57
1580004423.275,0.77,0.9729,0.69,1.0626,57
1580004423.453,0.75,0.9958,0.69,1.0596,58
1580004423.629,0.75,0.9968,0.7,1.0508,58
1580004423.805,0.74,1.0057,0.71,1.0471,58
1580004423.987,0.73,1.0126,0.68,1.049,58
1580004424.169,0.73,1.0163,0.67,1.0686,58
1580004424.349,0.75,0.9969,0.63,1.0956,58
1580004424.525,0.72,1.0192,0.64,1.088,58
1580004424.702,0.73,1.0142,0.68,1.0531,58
1580004424.878,0.73,1.0199,0.69,1.0528,58
1580004425.059,0.73,1.0152,0.68,1.064,58
1580004425.236,0.76,0.9895,0.63,1.0936,58
1580004425.413,0.74,1.0091,0.64,1.0964,58
1580004425.59,0.74,1.0105,0.66,1.0744,58
1580004425.769,0.74,1.0017,0.67,1.0721,58
1580004425.926,0.77,0.9732,0.65,1.0833,58
1580004426.12,0.74,0.9999,0.67,1.0675,59
1580004426.312,0.75,0.9967,0.69,1.0581,59
1580004426.501,0.74,1.0072,0.67,1.0542,59
1580004426.692,0.71,1.0258,0.69,1.0399,59
1580004426.87,0.74,1.007,0.65,1.072,59
1580004427.048,0.74,1.0018,0.64,1.0992,59
1580004427.227,0.73,1.0173,0.64,1.0892,59
1580004427.406,0.74,1.0083,0.69,1.0576,59
1580004427.583,0.74,1.0118,0.7,1.05,59
1580004427.76,0.74,1.0045,0.7,1.0512,59
1580004427.937,0.75,0.9916,0.68,1.0742,59
1580004428.116,0.75,0.9974,0.63,1.0959,59
1580004428.292,0.74,1.0108,0.64,1.0951,59
1580004428.471,0.75,0.9959,0.64,1.0846,59
1580004428.638,0.78,0.9641,0.65,1.078,59
1580004428.819,0.76,0.9917,0.69,1.0583,60
1580004428.995,0.76,0.9886,0.68,1.0538,60
1580004429.172,0.74,1.0048,0.69,1.0516,60
1580004429.35,0.73,1.0111,0.72,1.0392,60
1580004429.527,0.74,1.0007,0.65,1.0738,60
1580004429.703,0.75,0.9961,0.6,1.1093,60
1580004429.881,0.72,1.0196,0.63,1.1078,60
1580004430.059,0.72,1.0196,0.68,1.065,60
1580004430.239,0.73,1.0157,0.7,1.0451,60
1580004430.415,0.74,1.0025,0.67,1.0633,60
1580004430.591,0.73,1.0068,0.65,1.0762,60
1580004430.768,0.73,1.0079,0.63,1.1034,60
1580004430.952,0.74,1.0106,0.63,1.1027,60
1580004431.129,0.74,1.0027,0.67,1.078,60
1580004431.289,0.75,0.9897,0.69,1.0498,60
1580004431.466,0.74,1.0056,0.71,1.0424,61
1580004431.645,0.76,0.9865,0.68,1.0686,61
1580004431.823,0.71,1.0253,0.69,1.0592,61
1580004432.003,0.72,1.0213,0.71,1.0431,61
1580004432.179,0.74,1.0084,0.68,1.0599,61
1580004432.354,0.74,0.9999,0.65,1.0904,61
1580004432.534,0.72,1.0205,0.65,1.1039,61
1580004432.718,0.7,1.0345,0.66,1.0763,61
1580004432.898,0.71,1.0276,0.7,1.04,61
1580004433.072,0.75,0.9971,0.68,1.0613,61
1580004433.248,0.73,1.0137,0.65,1.071,61
1580004433.426,0.7,1.0376,0.64,1.1014,61
1580004433.605,0.71,1.0366,0.62,1.1124,61
1580004433.781,0.75,1.0013,0.64,1.0898,61
1580004433.939,0.76,0.9906,0.66,1.0745,61
1580004434.118,0.68,1.0574,0.68,1.0645,62
1580004434.298,0.71,1.0305,0.67,1.0618,62
1580004434.478,0.72,1.0229,0.65,1.0779,62
1580004434.657,0.73,1.017,0.65,1.0916,62
1580004434.835,0.7,1.0398,0.64,1.0902,62
1580004435.017,0.72,1.0252,0.63,1.1034,62
1580004435.194,0.7,1.0365,0.63,1.1187,62
1580004435.37,0.7,1.0343,0.63,1.1214,62
1580004435.55,0.7,1.0465,0.64,1.0916,62
1580004435.732,0.71,1.0345,0.67,1.0707,62
1580004435.911,0.71,1.0285,0.66,1.0617,62
1580004436.098,0.71,1.0257,0.66,1.0671,62
1580004436.275,0.69,1.0464,0.65,1.0867,62
1580004436.452,0.73,1.0063,0.62,1.1102,62
1580004436.611,0.72,1.0169,0.62,1.1129,62
1580004436.789,0.71,1.0356,0.67,1.0813,63
1580004436.968,0.73,1.0063,0.72,1.0387,63
1580004437.147,0.72,1.0197,0.7,1.0412,63
1580004437.324,0.69,1.0413,0.7,1.0468,63
1580004437.503,0.72,1.0231,0.67,1.0798,63
1580004437.68,0.71,1.0323,0.61,1.1184,63
1580004437.859,0.69,1.0458,0.63,1.1023,63
1580004438.037,0.73,1.0172,0.62,1.0984,63
1580004438.215,0.71,1.0297,0.64,1.0952,63
1580004438.403,0.71,1.0269,0.66,1.0738,63
1580004438.582,0.73,1.005,0.68,1.0711,63
1580004438.769,0.74,1.0031,0.65,1.0981,63
1580004438.948,0.71,1.034,0.64,1.1081,63
1580004439.132,0.73,1.008,0.67,1.0759,63
1580004439.29,0.77,0.9715,0.68,1.0606,63
1580004439.47,0.75,1.0001,0.67,1.0678,64
1580004439.648,0.75,0.9911,0.67,1.0683,64
1580004439.826,0.75,0.9989,0.68,1.0661,64
1580004440.005,0.74,1.0019,0.7,1.059,64
1580004440.189,0.75,0.9938,0.67,1.0674,64
1580004440.371,0.73,1.0098,0.66,1.0808,64
1580004440.554,0.72,1.0226,0.65,1.0941,64
1580004440.74,0.73,1.0096,0.64,1.1015,64
1580004440.918,0.72,1.0199,0.61,1.1178,64
1580004441.1,0.73,1.0112,0.63,1.1125,64
1580004441.279,0.74,1.0038,0.65,1.0905,64
1580004441.461,0.71,1.0267,0.66,1.0841,64
1580004441.638,0.72,1.0246,0.64,1.097,64
1580004441.815,0.73,1.0123,0.63,1.1071,64
1580004441.973,0.76,0.9889,0.65,1.0733,64
1580004442.153,0.74,1.0011,0.68,1.0586,65
1580004442.331,0.75,0.9951,0.67,1.0667,65
1580004442.51,0.73,1.0154,0.68,1.0758,65
1580004442.687,0.71,1.0293,0.64,1.0909,65
1580004442.863,0.71,1.0272,0.62,1.1056,65
1580004443.041,0.74,1.0081,0.67,1.0748,65
1580004443.224,0.72,1.0179,0.66,1.0742,65
1580004443.404,0.73,1.016,0.65,1.0842,65
1580004443.581,0.7,1.0406,0.66,1.0923,65
1580004443.758,0.74,1.0058,0.65,1.0965,65
1580004443.935,0.74,1.0,0.61,1.1078,65
1580004444.114,0.72,1.0242,0.59,1.1057,65
1580004444.301,0.71,1.0379,0.66,1.081,65
1580004444.479,0.74,1.0051,0.64,1.0929,65
1580004444.636,0.79,0.9623,0.63,1.1041,65
1580004444.814,0.72,1.0203,0.65,1.0936,66
1580004444.992,0.73,1.0108,0.67,1.0667,66
1580004445.169,0.73,1.0143,0.69,1.0461,66
1580004445.348,0.72,1.0271,0.67,1.0512,66
1580004445.524,0.72,1.0218,0.64,1.078,66
1580004445.7,0.75,1.0013,0.62,1.1178,66
1580004445.878,0.73,1.0171,0.6,1.1249,66
1580004446.058,0.72,1.0189,0.65,1.0946,66
1580004446.238,0.73,1.0121,0.68,1.0593,66
1580004446.416,0.74,1.0034,0.68,1.0569,66
1580004446.595,0.74,1.0051,0.65,1.0762,66
1580004446.771,0.75,0.9928,0.6,1.1262,66
1580004446.952,0.73,1.012,0.61,1.1354,66
1580004447.131,0.74,1.0019,0.61,1.117,66
1580004447.288,0.79,0.9554,0.69,1.0613,66
1580004447.469,0.76,0.9904,0.7,1.0507,67
1580004447.647,0.76,0.9877,0.69,1.0548,67
1580004447.824,0.75,0.9969,0.7,1.0548,67
1580004448.001,0.75,0.9926,0.67,1.0631,67
1580004448.179,0.75,0.9947,0.64,1.0818,67
1580004448.362,0.75,0.9925,0.64,1.0931,67
1580004448.54,0.74,0.999,0.63,1.1007,67
1580004448.718,0.75,0.9972,0.63,1.1056,67
1580004448.895,0.73,1.009,0.65,1.0875,67
1580004449.074,0.75,0.9915,0.67,1.0626,67
1580004449.257,0.76,0.9838,0.69,1.0588,67
1580004449.441,0.74,1.0042,0.63,1.1032,67
1580004449.618,0.74,1.0041,0.61,1.1262,67
1580004449.795,0.76,0.9904,0.6,1.1277,67
1580004449.952,0.79,0.9582,0.66,1.0753,67
1580004450.131,0.76,0.9903,0.7,1.0436,68
1580004450.31,0.76,0.9794,0.69,1.0473,68
1580004450.487,0.76,0.9902,0.7,1.0465,68
1580004450.666,0.76,0.9911,0.69,1.0557,68
1580004450.842,0.75,0.9926,0.66,1.0679,68
1580004451.022,0.76,0.9896,0.65,1.0892,68
1580004451.199,0.74,0.996,0.63,1.1029,68
1580004451.377,0.75,0.9971,0.64,1.1019,68
1580004451.554,0.74,1.01,0.65,1.0877,68
1580004451.738,0.75,0.9923,0.68,1.0636,68
1580004451.915,0.77,0.9805,0.68,1.0633,68
1580004452.093,0.76,0.9893,0.65,1.0837,68
1580004452.269,0.73,1.0093,0.61,1.1196,68
1580004452.446,0.76,0.9809,0.61,1.1329,68
1580004452.605,0.78,0.9622,0.61,1.1139,68
1580004452.785,0.75,0.9938,0.68,1.0591,69
1580004452.963,0.76,0.9815,0.7,1.0559,69
1580004453.14,0.73,1.0084,0.69,1.0524,69
1580004453.317,0.76,0.9872,0.65,1.0821,69
1580004453.499,0.74,0.9979,0.64,1.1002,69
1580004453.677,0.74,1.0087,0.63,1.0933,69
1580004453.855,0.74,1.0028,0.66,1.0857,69
1580004454.032,0.75,0.9959,0.62,1.1104,69
1580004454.208,0.72,1.0227,0.61,1.1188,69
1580004454.388,0.74,1.0092,0.63,1.0956,69
1580004454.569,0.76,0.9861,0.66,1.0839,69
1580004454.747,0.76,0.9855,0.64,1.0933,69
1580004454.923,0.71,1.0317,0.62,1.1155,69
1580004455.1,0.76,0.9827,0.6,1.1344,69
1580004455.257,0.79,0.9576,0.58,1.152,69
1580004455.436,0.73,1.0118,0.63,1.0996,70
1580004455.612,0.76,0.987,0.69,1.0588,70
1580004455.792,0.72,1.0203,0.7,1.0434,70
1580004455.968,0.73,1.0117,0.68,1.0545,70
1580004456.146,0.75,0.9891,0.64,1.0892,70
1580004456.323,0.72,1.0183,0.65,1.0882,70
1580004456.501,0.72,1.0186,0.66,1.074,70
1580004456.677,0.75,0.9989,0.68,1.0689,70
1580004456.855,0.73,1.0082,0.66,1.0789,70
1580004457.031,0.74,1.0046,0.63,1.0864,70
1580004457.207,0.73,1.0105,0.66,1.082,70
1580004457.384,0.74,0.9985,0.64,1.101,70
1580004457.562,0.75,0.9989,0.64,1.1051,70
1580004457.739,0.77,0.9727,0.64,1.0955,70
1580004457.898,0.78,0.9658,0.62,1.0989,70
1580004458.083,0.74,1.0012,0.66,1.1013,71
1580004458.261,0.76,0.9811,0.65,1.0828,71
1580004458.438,0.76,0.9874,0.66,1.0751,71
1580004458.628,0.73,1.0152,0.66,1.0691,71
1580004458.804,0.7,1.0405,0.67,1.07,71
1580004458.981,0.73,1.0098,0.62,1.1003,71
1580004459.158,0.75,0.9941,0.59,1.1388,71
1580004459.335,0.72,1.0221,0.6,1.1343,71
1580004459.512,0.67,1.0649,0.65,1.0876,71
1580004459.696,0.73,1.0156,0.65,1.0845,71
1580004459.875,0.75,0.9905,0.67,1.0703,71
1580004460.052,0.73,1.0166,0.65,1.0755,71
1580004460.23,0.71,1.0303,0.63,1.1041,71
1580004460.406,0.74,1.0043,0.57,1.1471,71
1580004460.563,0.74,1.0005,0.64,1.1115,71
1580004460.743,0.73,1.0052,0.67,1.0668,72
1580004460.922,0.75,0.993,0.68,1.0722,72
1580004461.098,0.71,1.0364,0.68,1.0737,72
1580004461.276,0.72,1.0264,0.66,1.081,72
1580004461.453,0.74,0.9988,0.63,1.0893,72
1580004461.634,0.73,1.007,0.64,1.1043,72
1580004461.81,0.72,1.0185,0.64,1.1092,72
1580004461.989,0.72,1.0277,0.64,1.094,72
1580004462.165,0.72,1.025,0.67,1.0798,72
1580004462.342,0.74,0.9959,0.68,1.0663,72
1580004462.518,0.77,0.9822,0.65,1.0842,72
1580004462.694,0.75,1.0024,0.64,1.0984,72
1580004462.872,0.72,1.0237,0.62,1.1076,72
1580004463.051,0.76,0.9825,0.61,1.1128,72
1580004463.21,0.8,0.9479,0.62,1.1136,72
1580004463.386,0.74,0.9985,0.63,1.0952,73
1580004463.563,0.75,0.9922,0.66,1.0649,73
1580004463.744,0.75,0.9889,0.66,1.0649,73
1580004463.922,0.75,0.996,0.68,1.0708,73
1580004464.102,0.74,1.0073,0.63,1.0903,73
1580004464.279,0.75,0.9941,0.62,1.1227,73
1580004464.455,0.73,1.0052,0.59,1.1383,73
1580004464.634,0.73,1.0141,0.62,1.1088,73
1580004464.819,0.71,1.0307,0.68,1.0597,73
1580004464.997,0.75,0.9899,0.69,1.0417,73
1580004465.177,0.74,1.0021,0.68,1.0598,73
1580004465.354,0.75,0.9932,0.64,1.0899,73
1580004465.53,0.72,1.0163,0.64,1.1046,73
1580004465.71,0.76,0.9866,0.6,1.1193,73
1580004465.869,0.78,0.9577,0.63,1.0972,73
1580004466.048,0.75,0.992,0.68,1.063,74
1580004466.228,0.76,0.9867,0.69,1.0569,74
1580004466.405,0.75,0.9925,0.67,1.0639,74
1580004466.581,0.75,0.9949,0.66,1.0765,74
1580004466.763,0.73,1.0057,0.64,1.0947,74
1580004466.94,0.76,0.9915,0.64,1.1086,74
1580004467.115,0.75,0.9931,0.61,1.1171,74
1580004467.295,0.74,0.9995,0.63,1.1097,74
1580004467.473,0.72,1.0258,0.65,1.0819,74
1580004467.652,0.74,1.0028,0.68,1.0582,74
1580004467.829,0.76,0.9899,0.69,1.0592,74
1580004468.008,0.75,0.9944,0.65,1.0801,74
1580004468.185,0.73,1.0133,0.59,1.1279,74
1580004468.373,0.73,1.0041,0.57,1.1431,74
1580004468.531,0.77,0.9719,0.62,1.1158,74
1580004468.718,0.74,1.0045,0.65,1.0868,75
1580004468.901,0.75,0.9879,0.66,1.0757,75
1580004469.079,0.71,1.0249,0.67,1.0733,75
1580004469.257,0.71,1.0382,0.67,1.0627,75
1580004469.435,0.75,0.9967,0.65,1.097,75
1580004469.611,0.74,0.9967,0.58,1.1479,75
1580004469.787,0.72,1.0177,0.57,1.1613,75
1580004469.967,0.71,1.0307,0.6,1.1383,75
1580004470.147,0.72,1.0194,0.62,1.1062,75
1580004470.322,0.74,0.9974,0.66,1.0702,75
1580004470.506,0.76,0.9884,0.68,1.0693,75
1580004470.683,0.72,1.015,0.69,1.0587,75
1580004470.861,0.72,1.0165,0.68,1.0669,75
1580004471.039,0.76,0.9831,0.63,1.1072,75
1580004471.195,0.8,0.949,0.59,1.1383,75
1580004471.378,0.72,1.0246,0.61,1.1155,76
1580004471.558,0.73,1.018,0.68,1.0785,76
1580004471.735,0.75,0.9943,0.68,1.06,76
1580004471.912,0.73,1.0066,0.65,1.091,76
1580004472.089,0.7,1.0379,0.67,1.0702,76
1580004472.266,0.69,1.0498,0.66,1.0739,76
1580004472.445,0.72,1.0244,0.63,1.1189,76
1580004472.622,0.7,1.0354,0.59,1.1447,76
1580004472.801,0.68,1.0539,0.6,1.147,76
1580004472.98,0.72,1.018,0.63,1.1086,76
1580004473.158,0.74,1.0028,0.63,1.1078,76
1580004473.336,0.68,1.0564,0.62,1.1136,76
1580004473.515,0.67,1.0694,0.62,1.1007,76
1580004473.692,0.72,1.0215,0.66,1.0801,76
1580004473.85,0.78,0.9614,0.59,1.1177,76
1580004474.038,0.75,0.9966,0.59,1.137,77
1580004474.216,0.71,1.0312,0.6,1.1296,77
1580004474.394,0.7,1.0386,0.66,1.0751,77
1580004474.571,0.73,1.0092,0.69,1.0507,77
1580004474.746,0.74,0.9988,0.66,1.061,77
1580004474.924,0.69,1.0458,0.66,1.0683,77
1580004475.104,0.68,1.0566,0.68,1.0722,77
1580004475.28,0.7,1.0387,0.66,1.0807,77
1580004475.458,0.73,1.0122,0.65,1.1012,77
1580004475.637,0.72,1.0222,0.59,1.1364,77
1580004475.816,0.71,1.0333,0.61,1.1252,77
1580004475.997,0.71,1.0259,0.64,1.0858,77
1580004476.175,0.74,1.0059,0.67,1.055,77
1580004476.354,0.74,1.0018,0.68,1.0618,77
1580004476.512,0.77,0.983,0.68,1.0588,77
1580004476.692,0.73,1.0133,0.67,1.0708,78
1580004476.872,0.76,0.9846,0.6,1.1202,78
1580004477.051,0.72,1.014,0.59,1.1289,78
1580004477.23,0.72,1.0148,0.64,1.0988,78
1580004477.411,0.74,0.998,0.67,1.0717,78
1580004477.589,0.75,0.9956,0.67,1.0756,78
1580004477.767,0.72,1.0249,0.67,1.0742,78
1580004477.945,0.72,1.0173,0.66,1.0801,78
1580004478.129,0.72,1.0194,0.62,1.1128,78
1580004478.306,0.75,0.9945,0.6,1.1387,78
1580004478.484,0.74,1.0042,0.59,1.1453,78
1580004478.661,0.74,1.0028,0.63,1.1113,78
1580004478.837,0.75,0.9957,0.66,1.0842,78
1580004479.017,0.76,0.9785,0.69,1.0709,78
1580004479.181,0.79,0.9551,0.69,1.0663,78
1580004479.361,0.75,0.9883,0.68,1.0763,79
1580004479.538,0.78,0.9697,0.65,1.0931,79
1580004479.719,0.76,0.986,0.65,1.0863,79
1580004479.898,0.75,0.9916,0.65,1.0745,79
1580004480.097,0.76,0.9858,0.67,1.0731,79
1580004480.285,0.76,0.9826,0.67,1.0723,79
1580004480.463,0.74,1.0007,0.65,1.0946,79
1580004480.642,0.76,0.9892,0.63,1.1185,79
1580004480.818,0.74,0.998,0.62,1.1295,79
1580004481.0,0.76,0.9837,0.63,1.1254,79
1580004481.18,0.76,0.9858,0.64,1.0944,79
1580004481.358,0.76,0.9811,0.67,1.0663,79
1580004481.535,0.74,0.9964,0.68,1.0659,79
1580004481.712,0.77,0.9789,0.65,1.0849,79
1580004481.871,0.79,0.9498,0.62,1.1238,79
1580004482.054,0.76,0.9812,0.6,1.1368,80
1580004482.235,0.74,1.0017,0.63,1.1002,80
1580004482.414,0.76,0.9884,0.67,1.072,80
1580004482.596,0.75,0.9874,0.69,1.0648,80
1580004482.774,0.74,1.0005,0.69,1.0623,80
1580004482.949,0.72,1.0206,0.66,1.0696,80
1580004483.128,0.75,1.0008,0.61,1.1196,80
1580004483.308,0.76,0.9891,0.58,1.1604,80
1580004483.488,0.72,1.0261,0.59,1.1544,80
1580004483.663,0.71,1.0364,0.6,1.1259,80
1580004483.838,0.75,0.9938,0.66,1.068,80
1580004484.014,0.75,0.9953,0.67,1.0762,80
1580004484.197,0.71,1.0249,0.66,1.0681,80
1580004484.377,0.73,1.0071,0.66,1.0745,80
1580004484.535,0.79,0.9554,0.6,1.1355,80
1580004484.712,0.74,1.005,0.55,1.1816,81
1580004484.888,0.71,1.024,0.58,1.1545,81
1580004485.066,0.7,1.0334,0.66,1.0793,81
1580004485.248,0.74,1.003,0.69,1.0542,81
1580004485.425,0.75,0.9889,0.66,1.0715,81
1580004485.601,0.71,1.0302,0.68,1.0678,81
1580004485.781,0.69,1.048,0.69,1.0485,81
1580004485.958,0.7,1.0383,0.68,1.0626,81
1580004486.148,0.72,1.019,0.65,1.1023,81
1580004486.349,0.74,0.9977,0.56,1.1745,81
1580004486.542,0.7,1.0325,0.58,1.1697,81
1580004486.729,0.7,1.0405,0.64,1.1062,81
1580004486.905,0.74,1.0047,0.64,1.0829,81
1580004487.081,0.77,0.979,0.67,1.0826,81
1580004487.239,0.75,0.9911,0.66,1.0833,81
1580004487.42,0.72,1.0251,0.65,1.082,82
1580004487.598,0.76,0.9858,0.65,1.0902,82
1580004487.776,0.76,0.9839,0.61,1.1193,82
1580004487.951,0.74,1.0025,0.63,1.1185,82
1580004488.128,0.72,1.0168,0.64,1.0921,82
1580004488.308,0.76,0.9864,0.65,1.0787,82
1580004488.483,0.75,0.9979,0.67,1.0701,82
1580004488.668,0.73,1.0034,0.66,1.0689,82
1580004488.846,0.71,1.0246,0.67,1.0771,82
1580004489.022,0.75,0.9946,0.65,1.0919,82
1580004489.199,0.76,0.9816,0.62,1.1187,82
1580004489.375,0.75,0.9893,0.57,1.1426,82
1580004489.555,0.75,0.9942,0.58,1.1494,82
1580004489.732,0.77,0.9753,0.59,1.1356,82
1580004489.889,0.79,0.9523,0.62,1.0945,82
1580004490.067,0.77,0.9748,0.68,1.0674,83
1580004490.244,0.78,0.9664,0.69,1.0602,83
1580004490.42,0.76,0.979,0.67,1.0664,83
1580004490.599,0.76,0.9821,0.67,1.07,83
1580004490.777,0.76,0.9807,0.65,1.0799,83
1580004490.955,0.77,0.9729,0.63,1.1014,83
1580004491.132,0.75,0.9897,0.6,1.1241,83
1580004491.31,0.76,0.9826,0.59,1.1354,83
1580004491.493,0.74,0.9974,0.59,1.1381,83
1580004491.682,0.77,0.9767,0.6,1.1337,83
1580004491.859,0.77,0.9767,0.63,1.1105,83
1580004492.037,0.77,0.9718,0.64,1.0964,83
1580004492.215,0.76,0.9837,0.64,1.0932,83
1580004492.391,0.78,0.9651,0.64,1.0975,83
1580004492.549,0.79,0.9481,0.63,1.1089,83
1580004492.726,0.77,0.9754,0.61,1.1195,84
1580004492.904,0.76,0.983,0.65,1.0957,84
1580004493.082,0.76,0.9887,0.67,1.0682,84
1580004493.259,0.77,0.9733,0.66,1.0709,84
1580004493.439,0.77,0.977,0.69,1.071,84
1580004493.618,0.76,0.9903,0.68,1.0673,84
1580004493.795,0.74,0.9997,0.63,1.0889,84
1580004493.97,0.76,0.9854,0.58,1.1464,84
1580004494.148,0.75,0.9949,0.58,1.162,84
1580004494.325,0.75,0.9942,0.6,1.1422,84
1580004494.502,0.75,0.9874,0.66,1.0694,84
1580004494.678,0.78,0.9705,0.68,1.0595,84
1580004494.854,0.74,1.002,0.69,1.0546,84
1580004495.031,0.75,0.9913,0.68,1.0553,84
1580004495.189,0.79,0.9534,0.61,1.1068,84
1580004495.367,0.77,0.9773,0.6,1.1397,85
1580004495.543,0.73,1.0084,0.59,1.1387,85
1580004495.725,0.72,1.0156,0.64,1.0955,85
1580004495.903,0.76,0.9859,0.68,1.0624,85
1580004496.079,0.77,0.9788,0.68,1.0643,85
1580004496.255,0.72,1.022,0.66,1.0746,85
1580004496.432,0.7,1.0371,0.67,1.0705,85
1580004496.616,0.72,1.0228,0.64,1.0974,85
1580004496.795,0.75,0.9926,0.61,1.1276,85
1580004496.971,0.75,0.9999,0.58,1.1573,85
1580004497.146,0.72,1.0215,0.58,1.1493,85
1580004497.324,0.73,1.0126,0.64,1.0979,85
1580004497.505,0.75,0.9932,0.68,1.0665,85
1580004497.685,0.75,0.9882,0.69,1.0629,85
1580004497.842,0.76,0.9834,0.69,1.06,85
1580004498.021,0.71,1.0263,0.69,1.0647,86
1580004498.197,0.76,0.9863,0.65,1.0845,86
1580004498.387,0.75,0.9904,0.62,1.1104,86
1580004498.569,0.75,0.9894,0.6,1.1288,86
1580004498.755,0.75,0.9948,0.61,1.1155,86
1580004498.933,0.74,1.001,0.66,1.0836,86
1580004499.109,0.75,0.9988,0.66,1.0702,86
1580004499.284,0.75,0.9937,0.67,1.0709,86
1580004499.461,0.74,1.0041,0.62,1.104,86
1580004499.636,0.75,0.9898,0.6,1.136,86
1580004499.814,0.76,0.9839,0.6,1.1437,86
1580004499.994,0.76,0.9902,0.59,1.1405,86
1580004500.17,0.75,0.9971,0.59,1.1396,86
1580004500.347,0.77,0.9709,0.62,1.121,86
1580004500.508,0.8,0.9501,0.62,1.0984,86
1580004500.685,0.76,0.9792,0.64,1.0883,87
1580004500.864,0.79,0.9605,0.67,1.0744,87
1580004501.042,0.78,0.9688,0.68,1.0716,87
1580004501.217,0.76,0.9818,0.67,1.0695,87
1580004501.396,0.75,0.986,0.66,1.0749,87
1580004501.575,0.77,0.9719,0.64,1.0887,87
1580004501.776,0.76,0.985,0.64,1.0967,87
1580004501.952,0.77,0.9745,0.63,1.1012,87
1580004502.132,0.74,1.0047,0.64,1.1062,87
1580004502.307,0.78,0.9712,0.63,1.1095,87
1580004502.485,0.77,0.9726,0.62,1.1185,87
1580004502.661,0.76,0.9763,0.63,1.1162,87
1580004502.836,0.77,0.9818,0.66,1.0979,87
1580004503.013,0.79,0.9595,0.68,1.0833,87
1580004503.175,0.81,0.9371,0.66,1.0826,87
1580004503.355,0.78,0.9683,0.65,1.0988,88
1580004503.532,0.77,0.9731,0.63,1.1128,88
1580004503.711,0.77,0.9805,0.66,1.0855,88
1580004503.886,0.77,0.9736,0.67,1.066,88
1580004504.064,0.77,0.9733,0.68,1.0635,88
1580004504.245,0.77,0.9779,0.67,1.0694,88
1580004504.428,0.76,0.9883,0.65,1.0796,88
1580004504.605,0.77,0.9743,0.63,1.1011,88
1580004504.781,0.75,0.9898,0.59,1.1353,88
1580004504.958,0.76,0.9819,0.57,1.1521,88
1580004505.137,0.76,0.9903,0.6,1.1304,88
1580004505.321,0.77,0.968,0.66,1.0805,88
1580004505.498,0.77,0.9767,0.66,1.0795,88
1580004505.675,0.77,0.9748,0.67,1.0709,88
1580004505.839,0.78,0.9611,0.64,1.0818,88
1580004506.019,0.76,0.9807,0.63,1.1087,89
1580004506.195,0.78,0.968,0.6,1.125,89
1580004506.376,0.75,0.9921,0.61,1.1186,89
1580004506.552,0.76,0.9897,0.65,1.0879,89
1580004506.73,0.77,0.9688,0.68,1.0598,89
1580004506.917,0.77,0.9695,0.68,1.0577,89
1580004507.185,0.76,0.9839,0.66,1.0671,89
1580004507.364,0.76,0.9885,0.67,1.0797,89
1580004507.541,0.75,0.99,0.6,1.1313,89
1580004507.718,0.78,0.9704,0.57,1.1606,89
1580004507.899,0.76,0.9871,0.58,1.1594,89
1580004508.076,0.74,0.9967,0.6,1.1313,89
1580004508.254,0.76,0.985,0.67,1.0791,89
1580004508.433,0.79,0.9562,0.65,1.0745,89
1580004508.592,0.79,0.9553,0.67,1.0663,89
1580004508.769,0.76,0.9885,0.68,1.0709,90
1580004508.954,0.78,0.9678,0.65,1.0924,90
1580004509.13,0.78,0.9691,0.62,1.1088,90
1580004509.309,0.77,0.9693,0.61,1.1156,90
1580004509.488,0.78,0.97,0.61,1.1116,90
1580004509.664,0.77,0.9747,0.65,1.094,90
1580004509.84,0.76,0.9804,0.65,1.0798,90
1580004510.019,0.78,0.9721,0.65,1.0831,90
1580004510.197,0.74,0.9954,0.64,1.097,90
1580004510.372,0.75,0.9889,0.63,1.1159,90
1580004510.549,0.77,0.9746,0.61,1.1284,90
1580004510.726,0.78,0.9699,0.6,1.1362,90
1580004510.906,0.77,0.976,0.62,1.1178,90
1580004511.083,0.79,0.9569,0.66,1.0918,90
1580004511.242,0.81,0.9368,0.66,1.0787,90
1580004511.421,0.78,0.9643,0.67,1.0776,91
1580004511.6,0.79,0.9558,0.68,1.0779,91
1580004511.783,0.78,0.9668,0.67,1.078,91
1580004511.963,0.78,0.9669,0.66,1.0742,91
1580004512.141,0.79,0.9621,0.67,1.0692,91
1580004512.32,0.78,0.9649,0.66,1.0733,91
1580004512.495,0.77,0.9769,0.67,1.0748,91
1580004512.675,0.77,0.9752,0.67,1.0738,91
1580004512.854,0.75,0.9878,0.65,1.0843,91
1580004513.037,0.77,0.9709,0.62,1.108,91
1580004513.216,0.78,0.9706,0.63,1.1144,91
1580004513.393,0.78,0.9716,0.65,1.1022,91
1580004513.569,0.78,0.9676,0.66,1.0913,91
1580004513.748,0.79,0.9499,0.65,1.0826,91
1580004513.904,0.81,0.9348,0.66,1.0705,91
1580004514.089,0.78,0.9686,0.68,1.0682,92
1580004514.268,0.79,0.9581,0.68,1.069,92
1580004514.445,0.79,0.9583,0.66,1.0807,92
1580004514.649,0.78,0.9658,0.66,1.0883,92
1580004514.828,0.77,0.9773,0.67,1.0666,92
1580004515.006,0.78,0.9696,0.68,1.0563,92
1580004515.185,0.77,0.9702,0.67,1.0638,92
1580004515.366,0.78,0.9674,0.66,1.0762,92
1580004515.544,0.75,0.9906,0.65,1.0981,92
1580004515.721,0.77,0.971,0.6,1.128,92
1580004515.898,0.77,0.972,0.6,1.1321,92
1580004516.076,0.78,0.9644,0.61,1.1231,92
1580004516.255,0.77,0.9725,0.65,1.092,92
1580004516.432,0.79,0.9542,0.68,1.0701,92
1580004516.59,0.8,0.9441,0.7,1.0479,92
1580004516.772,0.78,0.9661,0.69,1.0615,93
1580004516.949,0.78,0.961,0.66,1.0877,93
1580004517.13,0.77,0.9737,0.62,1.1115,93
1580004517.309,0.77,0.9734,0.64,1.0952,93
1580004517.486,0.79,0.9617,0.66,1.0791,93
1580004517.662,0.77,0.9706,0.66,1.0686,93
1580004517.841,0.78,0.971,0.67,1.0636,93
1580004518.023,0.77,0.9775,0.68,1.0617,93
1580004518.207,0.76,0.9851,0.64,1.0922,93
1580004518.385,0.78,0.9668,0.6,1.145,93
1580004518.566,0.77,0.9776,0.58,1.1525,93
1580004518.744,0.76,0.9804,0.61,1.1242,93
1580004518.922,0.78,0.9662,0.66,1.0878,93
1580004519.102,0.79,0.954,0.68,1.0707,93
1580004519.26,0.8,0.9512,0.65,1.0736,93
1580004519.439,0.77,0.9779,0.65,1.0764,94
1580004519.616,0.79,0.9611,0.64,1.0955,94
1580004519.793,0.79,0.9603,0.61,1.1235,94
1580004519.97,0.77,0.9737,0.62,1.1274,94
1580004520.149,0.78,0.9683,0.64,1.1004,94
1580004520.327,0.78,0.9666,0.65,1.0792,94
1580004520.504,0.77,0.9666,0.67,1.0629,94
1580004520.681,0.77,0.982,0.68,1.0608,94
1580004520.858,0.73,1.0061,0.66,1.0765,94
1580004521.037,0.76,0.9779,0.62,1.118,94
1580004521.213,0.77,0.9698,0.59,1.1463,94
1580004521.393,0.77,0.9776,0.6,1.1472,94
1580004521.572,0.74,1.0007,0.59,1.1345,94
1580004521.75,0.79,0.9563,0.64,1.0981,94
1580004521.908,0.81,0.9341,0.67,1.0724,94
1580004522.096,0.78,0.9697,0.68,1.0606,95
1580004522.279,0.76,0.9802,0.68,1.0613,95
1580004522.457,0.76,0.9821,0.67,1.0705,95
1580004522.636,0.77,0.9706,0.67,1.0801,95
1580004522.817,0.79,0.9556,0.64,1.1011,95
1580004522.994,0.77,0.976,0.64,1.111,95
1580004523.169,0.75,0.9946,0.63,1.1047,95
1580004523.35,0.76,0.9825,0.66,1.0859,95
1580004523.531,0.77,0.9801,0.66,1.0767,95
1580004523.71,0.78,0.9704,0.67,1.0737,95
1580004523.887,0.76,0.9873,0.66,1.0847,95
1580004524.066,0.78,0.9665,0.61,1.1159,95
1580004524.245,0.78,0.9678,0.59,1.1421,95
1580004524.423,0.79,0.9581,0.61,1.1363,95
1580004524.583,0.79,0.9549,0.62,1.1108,95
1580004524.764,0.78,0.9671,0.65,1.085,96
1580004524.94,0.79,0.9534,0.65,1.0811,96
1580004525.12,0.77,0.9765,0.64,1.0805,96
1580004525.297,0.76,0.9878,0.66,1.0798,96
1580004525.476,0.77,0.9715,0.66,1.0836,96
1580004525.652,0.78,0.9686,0.65,1.0923,96
1580004525.835,0.78,0.9719,0.62,1.1084,96
1580004526.011,0.77,0.9777,0.63,1.1085,96
1580004526.188,0.77,0.9776,0.65,1.0933,96
1580004526.367,0.78,0.9721,0.67,1.0739,96
1580004526.543,0.78,0.9695,0.68,1.0731,96
1580004526.719,0.78,0.9662,0.66,1.082,96
1580004526.896,0.77,0.9727,0.64,1.0945,96
1580004527.075,0.8,0.9446,0.64,1.1077,96
1580004527.232,0.8,0.941,0.61,1.1231,96
1580004527.421,0.75,0.9937,0.64,1.1002,97
1580004527.6,0.77,0.9704,0.67,1.075,97
1580004527.775,0.78,0.9628,0.68,1.0605,97
1580004527.951,0.77,0.9703,0.69,1.0625,97
1580004528.127,0.77,0.9789,0.66,1.0785,97
1580004528.304,0.77,0.9738,0.66,1.0805,97
1580004528.484,0.77,0.9723,0.63,1.1027,97
1580004528.673,0.76,0.9848,0.63,1.1162,97
1580004528.849,0.75,0.9891,0.61,1.1296,97
1580004529.027,0.77,0.9733,0.61,1.1315,97
1580004529.204,0.77,0.9723,0.62,1.1108,97
1580004529.384,0.76,0.9833,0.62,1.1181,97
1580004529.564,0.76,0.9844,0.62,1.113,97
1580004529.742,0.81,0.9396,0.61,1.1143,97
1580004529.902,0.8,0.9423,0.61,1.1078,97
1580004530.08,0.75,0.9959,0.62,1.1094,98
1580004530.257,0.78,0.9688,0.65,1.0812,98
1580004530.438,0.78,0.9668,0.68,1.0634,98
1580004530.619,0.78,0.9641,0.67,1.0632,98
1580004530.8,0.77,0.9736,0.67,1.0732,98
1580004530.977,0.76,0.9868,0.64,1.0968,98
1580004531.153,0.77,0.974,0.63,1.0984,98
1580004531.33,0.77,0.9724,0.65,1.09,98
1580004531.511,0.74,0.9992,0.66,1.0839,98
1580004531.691,0.74,0.9965,0.67,1.0808,98
1580004531.868,0.77,0.9767,0.64,1.0908,98
1580004532.044,0.78,0.9643,0.63,1.1089,98
1580004532.231,0.77,0.9759,0.59,1.1428,98
1580004532.408,0.78,0.9631,0.58,1.1409,98
1580004532.571,0.78,0.9572,0.65,1.0899,98
1580004532.749,0.78,0.9633,0.67,1.0662,99
1580004532.927,0.79,0.9579,0.67,1.0649,99
1580004533.104,0.78,0.9763,0.69,1.0613,99
1580004533.279,0.76,0.986,0.67,1.0638,99
1580004533.456,0.78,0.9678,0.69,1.0592,99
1580004533.633,0.78,0.9621,0.66,1.0833,99
1580004533.812,0.76,0.9807,0.61,1.1169,99
1580004533.987,0.76,0.9791,0.62,1.1204,99
1580004534.163,0.75,0.9905,0.63,1.1051,99
1580004534.34,0.78,0.9669,0.63,1.104,99
1580004534.519,0.78,0.9673,0.63,1.1046,99
1580004534.695,0.76,0.9849,0.62,1.1082,99
1580004534.874,0.77,0.9744,0.62,1.1076,99
1580004535.051,0.79,0.945,0.6,1.1373,99
1580004535.208,0.8,0.9418,0.61,1.1352,99
1580004535.388,0.76,0.9868,0.64,1.0975,100
1580004535.565,0.77,0.9746,0.67,1.0678,100
1580004535.742,0.76,0.9805,0.7,1.0534,100
1580004535.924,0.77,0.9768,0.7,1.0498,100
1580004536.101,0.78,0.9704,0.68,1.0555,100
1580004536.277,0.76,0.9852,0.67,1.067,100
1580004536.453,0.77,0.9778,0.65,1.0973,100
1580004536.634,0.77,0.9745,0.61,1.1318,100
1580004536.811,0.76,0.9886,0.6,1.1351,100
1580004536.992,0.77,0.9729,0.61,1.1272,100
1580004537.168,0.77,0.969,0.64,1.0976,100
1580004537.344,0.77,0.9682,0.62,1.1047,100
1580004537.523,0.76,0.9765,0.61,1.1228,100
1580004537.708,0.8,0.9425,0.62,1.1356,100
1580004537.865,0.81,0.9373,0.56,1.1644,100
1580004538.046,0.76,0.9861,0.59,1.1291,101
1580004538.224,0.77,0.9712,0.65,1.0925,101
1580004538.402,0.79,0.9574,0.66,1.0714,101
1580004538.58,0.79,0.9601,0.67,1.0703,101
1580004538.762,0.77,0.9744,0.66,1.0729,101
1580004538.942,0.75,0.9914,0.67,1.0692,101
1580004539.124,0.77,0.9677,0.64,1.0969,101
1580004539.304,0.77,0.9729,0.61,1.1301,101
1580004539.481,0.75,0.9937,0.6,1.1398,101
1580004539.663,0.76,0.9813,0.6,1.1356,101
1580004539.84,0.78,0.968,0.62,1.1044,101
1580004540.029,0.79,0.9556,0.63,1.1058,101
1580004540.223,0.75,0.9953,0.63,1.0952,101
1580004540.402,0.77,0.9676,0.66,1.0863,101
1580004540.561,0.81,0.9364,0.63,1.1176,101
1580004540.745,0.77,0.9686,0.61,1.1286,102
1580004540.924,0.76,0.9833,0.61,1.1174,102
1580004541.103,0.76,0.9859,0.67,1.0711,102
1580004541.28,0.78,0.9635,0.66,1.0789,102
1580004541.455,0.78,0.9687,0.64,1.0896,102
1580004541.633,0.75,0.9949,0.67,1.075,102
1580004541.819,0.75,0.9916,0.66,1.0817,102
1580004541.997,0.78,0.9628,0.6,1.1357,102
1580004542.176,0.76,0.9856,0.58,1.1636,102
1580004542.362,0.73,1.003,0.59,1.1558,102
1580004542.543,0.75,0.9999,0.61,1.1189,102
1580004542.728,0.78,0.964,0.64,1.0971,102
1580004542.908,0.79,0.9599,0.62,1.1092,102
1580004543.09,0.78,0.9639,0.61,1.1154,102
1580004543.25,0.79,0.9551,0.62,1.1069,102
1580004543.428,0.79,0.9596,0.6,1.1371,103
1580004543.606,0.78,0.9618,0.61,1.131,103
1580004543.787,0.75,0.9924,0.61,1.124,103
1580004543.965,0.75,0.9948,0.64,1.0954,103
1580004544.147,0.76,0.9786,0.64,1.0967,103
1580004544.326,0.77,0.9702,0.65,1.0849,103
1580004544.506,0.74,0.9969,0.66,1.0859,103
1580004544.687,0.75,0.9966,0.61,1.1267,103
1580004544.871,0.76,0.9835,0.6,1.1394,103
1580004545.048,0.77,0.9749,0.59,1.158,103
1580004545.224,0.74,1.0008,0.58,1.1499,103
1580004545.404,0.74,0.9968,0.65,1.0984,103
1580004545.58,0.77,0.977,0.66,1.076,103
1580004545.756,0.78,0.964,0.66,1.0892,103
1580004545.917,0.79,0.9578,0.64,1.0961,103
1580004546.107,0.74,0.9976,0.66,1.0803,104
1580004546.3,0.77,0.9723,0.66,1.0848,104
1580004546.49,0.79,0.9594,0.63,1.104,104
1580004546.681,0.78,0.9691,0.64,1.0949,104
1580004546.859,0.76,0.9804,0.67,1.0829,104
1580004547.035,0.76,0.9806,0.68,1.0687,104
1580004547.211,0.77,0.9729,0.67,1.0705,104
1580004547.389,0.77,0.9763,0.65,1.0876,104
1580004547.568,0.76,0.9813,0.65,1.097,104
1580004547.745,0.76,0.9762,0.62,1.1217,104
1580004547.925,0.77,0.9709,0.6,1.1387,104
1580004548.101,0.79,0.9574,0.61,1.1337,104
1580004548.28,0.78,0.9636,0.63,1.1073,104
1580004548.458,0.8,0.9445,0.64,1.0944,104
1580004548.626,0.81,0.9383,0.65,1.0928,104
1580004548.806,0.78,0.9618,0.65,1.0992,105
1580004548.992,0.79,0.9525,0.63,1.1016,105
1580004549.171,0.78,0.9671,0.64,1.0959,105
1580004549.348,0.79,0.961,0.64,1.096,105
1580004549.524,0.79,0.9526,0.62,1.1074,105
1580004549.701,0.78,0.9612,0.63,1.1062,105
1580004549.879,0.78,0.9638,0.63,1.1076,105
1580004550.058,0.79,0.9562,0.62,1.1123,105
1580004550.235,0.77,0.9767,0.63,1.1141,105
1580004550.412,0.78,0.9612,0.63,1.1193,105
1580004550.59,0.78,0.9621,0.59,1.1343,105
1580004550.77,0.79,0.9569,0.59,1.1342,105
1580004550.947,0.79,0.9572,0.62,1.1124,105
1580004551.124,0.81,0.9352,0.65,1.0818,105
1580004551.282,0.82,0.9251,0.67,1.0704,105
1580004551.46,0.78,0.9606,0.67,1.0662,106
1580004551.644,0.8,0.949,0.68,1.0606,106
1580004551.82,0.79,0.9545,0.68,1.0606,106
1580004551.998,0.79,0.9579,0.67,1.0665,106
1580004552.175,0.79,0.9586,0.69,1.0582,106
1580004552.351,0.77,0.9726,0.7,1.0562,106
1580004552.538,0.78,0.9648,0.66,1.0781,106
1580004552.716,0.79,0.9582,0.65,1.0927,106
1580004552.894,0.77,0.9753,0.64,1.0991,106
1580004553.079,0.78,0.9619,0.62,1.116,106
1580004553.256,0.78,0.9625,0.6,1.1335,106
1580004553.435,0.79,0.9594,0.6,1.136,106
1580004553.611,0.77,0.9707,0.63,1.1141,106
1580004553.789,0.81,0.9365,0.66,1.082,106
1580004553.947,0.82,0.9251,0.66,1.0717,106
1580004554.132,0.79,0.9595,0.67,1.0773,107
1580004554.308,0.78,0.9586,0.66,1.0862,107
1580004554.485,0.78,0.9573,0.66,1.086,107
1580004554.663,0.79,0.9539,0.66,1.0856,107
1580004554.841,0.79,0.9598,0.66,1.0837,107
1580004555.025,0.78,0.9634,0.67,1.0755,107
1580004555.203,0.78,0.9611,0.68,1.0668,107
1580004555.379,0.78,0.9629,0.68,1.0637,107
1580004555.557,0.78,0.9687,0.65,1.0924,107
1580004555.736,0.79,0.9565,0.63,1.1162,107
1580004555.913,0.78,0.9663,0.63,1.1182,107
1580004556.09,0.78,0.9618,0.61,1.1305,107
1580004556.267,0.79,0.9548,0.61,1.1275,107
1580004556.444,0.81,0.9365,0.63,1.1017,107
1580004556.603,0.8,0.9453,0.68,1.0658,107
1580004556.784,0.77,0.9718,0.69,1.0505,108
1580004556.961,0.79,0.9506,0.66,1.0805,108
1580004557.139,0.79,0.9549,0.63,1.1011,108
1580004557.315,0.78,0.9638,0.64,1.0943,108
1580004557.496,0.77,0.9658,0.64,1.0837,108
1580004557.675,0.78,0.9637,0.66,1.0794,108
1580004557.851,0.78,0.9628,0.65,1.0816,108
1580004558.028,0.77,0.9727,0.67,1.0797,108
1580004558.209,0.78,0.9664,0.64,1.0949,108
1580004558.396,0.79,0.9541,0.61,1.1275,108
1580004558.576,0.78,0.9616,0.61,1.1298,108
1580004558.761,0.78,0.9612,0.61,1.1334,108
1580004558.938,0.78,0.9617,0.6,1.1322,108
1580004559.118,0.81,0.9373,0.62,1.1213,108
1580004559.277,0.8,0.9474,0.63,1.1101,108
1580004559.456,0.77,0.9716,0.64,1.0946,109
1580004559.633,0.79,0.9556,0.68,1.0738,109
1580004559.809,0.78,0.965,0.67,1.0777,109
1580004559.987,0.78,0.9626,0.64,1.0941,109
1580004560.166,0.78,0.9644,0.62,1.1081,109
1580004560.344,0.77,0.9746,0.64,1.0951,109
1580004560.525,0.78,0.9642,0.65,1.0794,109
1580004560.703,0.78,0.962,0.66,1.0774,109
1580004560.879,0.78,0.9691,0.65,1.0872,109
1580004561.055,0.78,0.97,0.66,1.0863,109
1580004561.235,0.77,0.9679,0.65,1.095,109
1580004561.412,0.79,0.9525,0.6,1.1368,109
1580004561.587,0.78,0.9607,0.6,1.1411,109
1580004561.766,0.8,0.9465,0.59,1.138,109
1580004561.924,0.81,0.9384,0.6,1.1153,109
1580004562.102,0.78,0.9684,0.62,1.0962,110
1580004562.278,0.79,0.9562,0.68,1.0697,110
1580004562.456,0.77,0.9719,0.69,1.0573,110
1580004562.635,0.77,0.974,0.71,1.0462,110
1580004562.812,0.78,0.9659,0.67,1.0727,110
1580004562.988,0.78,0.9677,0.62,1.1107,110
1580004563.166,0.79,0.9583,0.63,1.1173,110
1580004563.352,0.77,0.9724,0.63,1.1067,110
1580004563.529,0.77,0.9706,0.64,1.0999,110
1580004563.706,0.78,0.9651,0.65,1.0982,110
1580004563.881,0.79,0.9598,0.64,1.0987,110
1580004564.057,0.79,0.9587,0.62,1.1062,110
1580004564.235,0.78,0.9693,0.63,1.1073,110
1580004564.416,0.81,0.9365,0.61,1.1251,110
1580004564.574,0.81,0.9383,0.63,1.1171,110
1580004564.753,0.78,0.9638,0.64,1.0996,111
1580004564.929,0.79,0.9516,0.68,1.0755,111
1580004565.108,0.78,0.9563,0.66,1.0844,111
1580004565.287,0.79,0.9575,0.65,1.0859,111
1580004565.466,0.78,0.9657,0.65,1.0848,111
1580004565.641,0.78,0.9681,0.66,1.0734,111
1580004565.818,0.79,0.9542,0.66,1.0853,111
1580004565.994,0.79,0.9591,0.62,1.1204,111
1580004566.172,0.77,0.9737,0.62,1.1177,111
1580004566.348,0.77,0.967,0.65,1.1006,111
1580004566.528,0.79,0.9558,0.62,1.1169,111
1580004566.709,0.79,0.9531,0.59,1.1221,111
1580004566.888,0.79,0.9608,0.61,1.1272,111
1580004567.063,0.81,0.9368,0.61,1.1336,111
1580004567.22,0.82,0.9239,0.62,1.1201,111
1580004567.403,0.78,0.9631,0.65,1.0956,112
1580004567.585,0.79,0.9554,0.69,1.0629,112
1580004567.764,0.79,0.9529,0.68,1.0659,112
1580004567.946,0.79,0.9503,0.65,1.079,112
1580004568.123,0.78,0.9586,0.65,1.0836,112
1580004568.299,0.78,0.9633,0.64,1.0974,112
1580004568.481,0.79,0.9585,0.64,1.1101,112
1580004568.66,0.78,0.9692,0.65,1.1073,112
1580004568.838,0.78,0.9631,0.62,1.1273,112
1580004569.015,0.78,0.9698,0.61,1.1271,112
1580004569.192,0.78,0.9672,0.63,1.1005,112
1580004569.369,0.79,0.9525,0.66,1.0832,112
1580004569.547,0.79,0.9533,0.64,1.0904,112
1580004569.729,0.79,0.9526,0.62,1.1053,112
1580004569.885,0.8,0.9377,0.61,1.1132,112
1580004570.064,0.77,0.9707,0.65,1.0982,113
1580004570.242,0.78,0.9644,0.62,1.1047,113
1580004570.423,0.77,0.9695,0.67,1.0789,113
1580004570.6,0.78,0.9635,0.67,1.0618,113
1580004570.782,0.79,0.9578,0.66,1.0685,113
1580004570.962,0.75,0.9927,0.67,1.0729,113
1580004571.139,0.76,0.9864,0.65,1.0784,113
1580004571.315,0.74,0.999,0.65,1.0843,113
1580004571.491,0.76,0.9824,0.62,1.1211,113
1580004571.67,0.78,0.9606,0.58,1.1537,113
1580004571.849,0.77,0.9787,0.6,1.1387,113
1580004572.027,0.77,0.9723,0.62,1.1223,113
1580004572.205,0.78,0.9596,0.64,1.0987,113
1580004572.38,0.8,0.9409,0.64,1.093,113
1580004572.541,0.81,0.9326,0.66,1.0859,113
1580004572.719,0.78,0.9606,0.64,1.0907,114
1580004572.911,0.79,0.9529,0.64,1.0945,114
1580004573.09,0.79,0.9589,0.65,1.0915,114
1580004573.269,0.78,0.9579,0.66,1.0793,114
1580004573.446,0.79,0.9531,0.67,1.0742,114
1580004573.631,0.78,0.9686,0.67,1.0716,114
1580004573.808,0.77,0.9777,0.67,1.0714,114
1580004573.983,0.79,0.9587,0.66,1.0773,114
1580004574.161,0.78,0.9611,0.65,1.0979,114
1580004574.338,0.78,0.963,0.62,1.1144,114
1580004574.515,0.78,0.9701,0.62,1.117,114
1580004574.694,0.79,0.9528,0.65,1.1005,114
1580004574.873,0.8,0.9476,0.66,1.0879,114
1580004575.05,0.81,0.9345,0.63,1.105,114
1580004575.212,0.82,0.9251,0.62,1.1158,114
1580004575.392,0.78,0.9577,0.61,1.1197,115
1580004575.57,0.79,0.9529,0.63,1.104,115
1580004575.746,0.8,0.9521,0.66,1.0812,115
1580004575.924,0.79,0.9521,0.66,1.0743,115
1580004576.102,0.78,0.9604,0.67,1.0743,115
1580004576.278,0.78,0.9605,0.68,1.0717,115
1580004576.455,0.78,0.9617,0.68,1.0638,115
1580004576.633,0.79,0.9527,0.68,1.0675,115
1580004576.811,0.78,0.9625,0.63,1.1011,115
1580004576.989,0.79,0.9553,0.62,1.1269,115
1580004577.164,0.79,0.9532,0.61,1.139,115
1580004577.342,0.8,0.949,0.59,1.1451,115
1580004577.518,0.8,0.9466,0.59,1.1381,115
1580004577.704,0.82,0.926,0.61,1.1197,115
1580004577.862,0.82,0.9226,0.66,1.0891,115
1580004578.043,0.79,0.9542,0.67,1.0846,116
1580004578.219,0.8,0.9466,0.64,1.0907,116
1580004578.396,0.8,0.945,0.63,1.1008,116
1580004578.575,0.8,0.9445,0.64,1.0966,116
1580004578.761,0.8,0.9464,0.66,1.0848,116
1580004578.939,0.79,0.9528,0.64,1.0927,116
1580004579.116,0.8,0.9475,0.64,1.1027,116
1580004579.292,0.79,0.9533,0.64,1.1034,116
1580004579.468,0.78,0.9654,0.63,1.1064,116
1580004579.648,0.8,0.9482,0.64,1.1081,116
1580004579.824,0.79,0.9508,0.61,1.1238,116
1580004580.001,0.8,0.9452,0.61,1.1279,116
1580004580.178,0.79,0.9572,0.61,1.1225,116
1580004580.355,0.82,0.9285,0.63,1.1076,116
1580004580.512,0.83,0.9145,0.64,1.0945,116
1580004580.692,0.8,0.9485,0.67,1.076,117
1580004580.868,0.8,0.9472,0.68,1.0699,117
1580004581.045,0.8,0.9435,0.63,1.0923,117
1580004581.223,0.8,0.9413,0.64,1.101,117
1580004581.403,0.8,0.9465,0.62,1.1047,117
1580004581.58,0.79,0.9546,0.64,1.093,117
1580004581.758,0.8,0.9461,0.63,1.1051,117
1580004581.935,0.8,0.9471,0.62,1.1148,117
1580004582.111,0.79,0.9556,0.62,1.1236,117
1580004582.288,0.8,0.9465,0.61,1.1337,117
1580004582.465,0.79,0.9516,0.6,1.1411,117
1580004582.64,0.81,0.936,0.62,1.1268,117
1580004582.819,0.8,0.9423,0.63,1.1145,117
1580004582.996,0.81,0.9291,0.62,1.1233,117
1580004583.153,0.83,0.9162,0.64,1.1066,117
1580004583.333,0.8,0.9442,0.64,1.0904,118
1580004583.512,0.81,0.9374,0.66,1.0868,118
1580004583.69,0.8,0.9469,0.65,1.0759,118
1580004583.873,0.8,0.9429,0.68,1.0577,118
1580004584.049,0.81,0.939,0.67,1.0689,118
1580004584.228,0.79,0.9544,0.66,1.0769,118
1580004584.408,0.79,0.9549,0.68,1.0678,118
1580004584.585,0.8,0.9484,0.66,1.0833,118
1580004584.764,0.79,0.9504,0.63,1.1185,118
1580004584.941,0.8,0.9497,0.6,1.1328,118
1580004585.122,0.8,0.9521,0.59,1.1463,118
1580004585.299,0.81,0.9356,0.58,1.1544,118
1580004585.474,0.81,0.9317,0.61,1.1319,118
1580004585.65,0.81,0.9318,0.59,1.1348,118
1580004585.816,0.82,0.9254,0.64,1.1045,118
1580004585.999,0.79,0.9532,0.62,1.1006,119
1580004586.175,0.81,0.9317,0.62,1.1126,119
1580004586.352,0.8,0.9443,0.63,1.1114,119
1580004586.53,0.78,0.9581,0.63,1.1076,119
1580004586.707,0.79,0.9518,0.65,1.0878,119
1580004586.886,0.79,0.9526,0.67,1.072,119
1580004587.065,0.79,0.9489,0.66,1.0788,119
1580004587.243,0.79,0.9599,0.68,1.072,119
1580004587.421,0.79,0.9621,0.66,1.0831,119
1580004587.597,0.8,0.9455,0.64,1.113,119
1580004587.773,0.8,0.9463,0.58,1.157,119
1580004587.955,0.79,0.9558,0.57,1.1607,119
1580004588.131,0.78,0.9622,0.61,1.1174,119
1580004588.308,0.82,0.9212,0.63,1.1043,119
1580004588.465,0.82,0.9217,0.62,1.1159,119
1580004588.65,0.76,0.9804,0.63,1.1019,120
1580004588.829,0.78,0.9585,0.67,1.065,120
1580004589.016,0.79,0.9493,0.65,1.0922,120
1580004589.194,0.79,0.9488,0.63,1.1016,120
1580004589.372,0.78,0.968,0.63,1.1005,120
1580004589.549,0.76,0.9766,0.65,1.0875,120
1580004589.726,0.79,0.9551,0.66,1.0766,120
1580004589.902,0.8,0.9435,0.66,1.0816,120
1580004590.08,0.79,0.9525,0.64,1.0945,120
1580004590.259,0.78,0.9666,0.63,1.1119,120
1580004590.442,0.78,0.9581,0.63,1.1181,120
1580004590.621,0.81,0.9392,0.63,1.1207,120
1580004590.805,0.8,0.9467,0.62,1.12,120
1580004590.982,0.82,0.9308,0.63,1.113,120
1580004591.139,0.82,0.925,0.63,1.1036,120
1580004591.318,0.79,0.9544,0.64,1.1,121
1580004591.495,0.8,0.9405,0.65,1.0896,121
1580004591.672,0.8,0.9496,0.66,1.0841,121
1580004591.848,0.79,0.9577,0.66,1.0824,121
1580004592.026,0.8,0.9493,0.67,1.0831,121
1580004592.202,0.79,0.9572,0.64,1.104,121
1580004592.378,0.8,0.949,0.63,1.1127,121
1580004592.555,0.79,0.955,0.61,1.1209,121
1580004592.733,0.78,0.958,0.62,1.1217,121
1580004592.91,0.79,0.9509,0.6,1.1234,121
1580004593.094,0.79,0.9536,0.6,1.1343,121
1580004593.268,0.8,0.9462,0.61,1.1314,121
1580004593.448,0.79,0.9479,0.61,1.1235,121
1580004593.625,0.82,0.9243,0.64,1.1182,121
1580004593.783,0.82,0.9215,0.63,1.1012,121
1580004593.96,0.8,0.9521,0.65,1.0837,122
1580004594.144,0.81,0.9384,0.66,1.0779,122
1580004594.319,0.8,0.9429,0.68,1.0687,122
1580004594.496,0.8,0.946,0.67,1.0697,122
1580004594.672,0.8,0.9441,0.66,1.0774,122
1580004594.849,0.79,0.9521,0.67,1.0771,122
1580004595.028,0.8,0.9454,0.66,1.0879,122
1580004595.207,0.8,0.9489,0.62,1.107,122
1580004595.388,0.79,0.9496,0.63,1.1101,122
1580004595.567,0.8,0.9469,0.64,1.1099,122
1580004595.745,0.8,0.9488,0.62,1.116,122
1580004595.922,0.8,0.9389,0.6,1.1301,122
1580004596.103,0.81,0.9369,0.6,1.1331,122
1580004596.281,0.82,0.9238,0.64,1.1141,122
1580004596.44,0.83,0.9131,0.65,1.0923,122
1580004596.617,0.81,0.9424,0.68,1.0598,123
1580004596.794,0.81,0.939,0.69,1.0485,123
1580004596.971,0.81,0.9353,0.69,1.0526,123
1580004597.152,0.81,0.9369,0.69,1.0548,123
1580004597.329,0.81,0.9379,0.68,1.0597,123
1580004597.505,0.8,0.95,0.68,1.0656,123
1580004597.681,0.8,0.9435,0.67,1.0739,123
1580004597.86,0.8,0.9445,0.67,1.0811,123
1580004598.038,0.8,0.9461,0.64,1.0887,123
1580004598.221,0.8,0.9421,0.64,1.093,123
1580004598.4,0.8,0.9433,0.65,1.0983,123
1580004598.576,0.81,0.9355,0.62,1.1087,123
1580004598.754,0.82,0.9267,0.6,1.126,123
1580004598.931,0.83,0.9155,0.6,1.1338,123
1580004599.09,0.84,0.912,0.6,1.1303,123
1580004599.281,0.8,0.9491,0.64,1.1029,124
1580004599.462,0.81,0.933,0.67,1.0762,124
1580004599.64,0.81,0.9347,0.68,1.0648,124
1580004599.817,0.81,0.9371,0.68,1.0594,124
1580004599.998,0.81,0.9402,0.67,1.0634,124
1580004600.191,0.8,0.9476,0.66,1.077,124
1580004600.369,0.8,0.9419,0.66,1.0884,124
1580004600.546,0.81,0.9408,0.64,1.1043,124
1580004600.722,0.79,0.9542,0.63,1.1112,124
1580004600.901,0.8,0.9418,0.62,1.1084,124
1580004601.081,0.8,0.9441,0.64,1.103,124
1580004601.259,0.81,0.9329,0.63,1.1038,124
1580004601.436,0.81,0.9352,0.62,1.1171,124
1580004601.613,0.82,0.917,0.59,1.1378,124
1580004601.771,0.83,0.9157,0.59,1.1474,124
1580004601.952,0.79,0.9583,0.61,1.1198,125
1580004602.132,0.81,0.936,0.66,1.0788,125
1580004602.314,0.81,0.9402,0.65,1.0801,125
1580004602.495,0.8,0.9431,0.65,1.0879,125
1580004602.672,0.8,0.9487,0.64,1.0853,125
1580004602.851,0.79,0.9524,0.67,1.0777,125
1580004603.029,0.8,0.9434,0.66,1.0847,125
1580004603.21,0.8,0.9411,0.64,1.1043,125
1580004603.415,0.8,0.9464,0.61,1.117,125
1580004603.595,0.8,0.9421,0.62,1.1198,125
1580004603.775,0.8,0.9438,0.62,1.1174,125
1580004603.954,0.81,0.9312,0.64,1.1029,125
1580004604.135,0.81,0.9316,0.64,1.0964,125
1580004604.319,0.82,0.9202,0.64,1.1002,125
1580004604.478,0.83,0.9139,0.64,1.0994,125
1580004604.657,0.79,0.9529,0.65,1.096,126
1580004604.834,0.8,0.9516,0.64,1.0919,126
1580004605.015,0.81,0.9342,0.68,1.0583,126
1580004605.192,0.81,0.935,0.68,1.0609,126
1580004605.377,0.8,0.9513,0.7,1.0597,126
1580004605.555,0.78,0.9589,0.67,1.063,126
1580004605.732,0.8,0.9482,0.66,1.0936,126
1580004605.91,0.8,0.9448,0.63,1.1117,126
1580004606.101,0.8,0.95,0.63,1.1146,126
1580004606.296,0.8,0.9491,0.63,1.1114,126
1580004606.498,0.8,0.9442,0.64,1.1013,126
1580004606.693,0.81,0.9326,0.64,1.0881,126
1580004606.875,0.81,0.9294,0.66,1.0769,126
1580004607.055,0.83,0.9143,0.67,1.0727,126
1580004607.212,0.83,0.9101,0.68,1.0711,126
1580004607.396,0.8,0.9447,0.68,1.0646,127
1580004607.573,0.8,0.9388,0.67,1.0672,127
1580004607.754,0.81,0.9386,0.68,1.062,127
1580004607.93,0.81,0.937,0.69,1.0416,127
1580004608.107,0.8,0.9451,0.69,1.0459,127
1580004608.284,0.79,0.9554,0.68,1.054,127
1580004608.461,0.8,0.9489,0.67,1.0767,127
1580004608.65,0.8,0.9489,0.6,1.1395,127
1580004608.828,0.79,0.9565,0.59,1.1442,127
1580004609.004,0.79,0.9515,0.6,1.1332,127
1580004609.182,0.8,0.9449,0.61,1.1283,127
1580004609.358,0.81,0.9411,0.61,1.1134,127
1580004609.543,0.81,0.9348,0.65,1.0892,127
1580004609.719,0.83,0.9191,0.65,1.0975,127
1580004609.877,0.83,0.9138,0.64,1.0974,127
1580004610.055,0.8,0.9483,0.66,1.0833,128
1580004610.233,0.8,0.9428,0.68,1.0625,128
1580004610.411,0.8,0.9414,0.67,1.0675,128
1580004610.594,0.81,0.9386,0.68,1.0645,128
1580004610.77,0.79,0.9565,0.68,1.0565,128
1580004610.947,0.78,0.9622,0.68,1.0574,128
1580004611.125,0.79,0.9526,0.64,1.0919,128
1580004611.301,0.79,0.9519,0.63,1.1108,128
1580004611.477,0.78,0.9701,0.62,1.1198,128
1580004611.66,0.79,0.953,0.64,1.106,128
1580004611.838,0.8,0.9441,0.63,1.1153,128
1580004612.017,0.79,0.9539,0.63,1.1188,128
1580004612.194,0.79,0.958,0.64,1.1043,128
1580004612.369,0.83,0.9179,0.64,1.1049,128
1580004612.529,0.83,0.9163,0.64,1.0987,128
1580004612.709,0.8,0.948,0.65,1.0916,129
1580004612.886,0.8,0.9465,0.67,1.0743,129
1580004613.062,0.81,0.9378,0.68,1.0648,129
1580004613.238,0.81,0.938,0.64,1.0875,129
1580004613.421,0.79,0.9513,0.65,1.0858,129
1580004613.6,0.76,0.9781,0.67,1.0587,129
1580004613.777,0.8,0.9479,0.68,1.0593,129
1580004613.953,0.8,0.9442,0.63,1.108,129
1580004614.13,0.77,0.9708,0.62,1.12,129
1580004614.307,0.77,0.9705,0.61,1.1283,129
1580004614.485,0.79,0.9522,0.64,1.0956,129
1580004614.668,0.81,0.9295,0.61,1.1313,129
1580004614.843,0.8,0.9462,0.59,1.1383,129
1580004615.022,0.8,0.945,0.65,1.1011,129
1580004615.18,0.83,0.9149,0.66,1.088,129
1580004615.359,0.81,0.9387,0.64,1.0971,130
1580004615.534,0.81,0.9365,0.64,1.0949,130
1580004615.725,0.79,0.9537,0.65,1.0839,130
1580004615.901,0.8,0.9422,0.64,1.0887,130
1580004616.077,0.8,0.9462,0.66,1.0915,130
1580004616.254,0.79,0.957,0.63,1.1012,130
1580004616.431,0.77,0.9728,0.65,1.0874,130
1580004616.608,0.78,0.9632,0.65,1.0913,130
1580004616.783,0.8,0.948,0.63,1.1193,130
1580004616.96,0.79,0.9536,0.6,1.1403,130
1580004617.138,0.74,1.0034,0.59,1.1425,130
1580004617.315,0.76,0.9873,0.61,1.1267,130
1580004617.494,0.8,0.9409,0.64,1.104,130
1580004617.671,0.81,0.9318,0.6,1.1349,130
1580004617.83,0.81,0.9353,0.62,1.1286,130
1580004618.007,0.77,0.9745,0.63,1.1096,131
1580004618.185,0.79,0.9522,0.64,1.096,131
1580004618.372,0.8,0.9451,0.65,1.0877,131
1580004618.551,0.8,0.9441,0.65,1.0828,131
1580004618.738,0.79,0.9577,0.66,1.0758,131
1580004618.914,0.77,0.9714,0.67,1.0714,131
1580004619.09,0.78,0.9607,0.69,1.0683,131
1580004619.268,0.79,0.9575,0.65,1.0918,131
1580004619.445,0.79,0.9558,0.61,1.1326,131
1580004619.62,0.79,0.9539,0.6,1.1449,131
1580004619.803,0.79,0.9573,0.58,1.1484,131
1580004619.979,0.8,0.9443,0.61,1.1328,131
1580004620.156,0.81,0.9327,0.63,1.1145,131
1580004620.333,0.83,0.9173,0.64,1.0948,131
1580004620.495,0.83,0.9155,0.66,1.0845,131
1580004620.673,0.8,0.9472,0.66,1.0826,132
1580004620.857,0.81,0.9309,0.65,1.0904,132
1580004621.034,0.81,0.9339,0.65,1.0914,132
1580004621.212,0.8,0.9412,0.66,1.0744,132
1580004621.392,0.8,0.9442,0.67,1.0659,132
1580004621.569,0.8,0.9466,0.67,1.0675,132
1580004621.747,0.79,0.9493,0.65,1.08,132
1580004621.924,0.79,0.9497,0.66,1.0885,132
1580004622.102,0.79,0.9536,0.62,1.1228,132
1580004622.278,0.8,0.9415,0.59,1.1566,132
1580004622.454,0.79,0.951,0.57,1.1712,132
1580004622.631,0.8,0.9479,0.56,1.169,132
1580004622.808,0.81,0.9377,0.61,1.1247,132
1580004622.984,0.82,0.9184,0.65,1.087,132
1580004623.141,0.82,0.9197,0.67,1.0776,132
1580004623.318,0.8,0.947,0.66,1.0826,133
1580004623.495,0.81,0.9289,0.65,1.0937,133
1580004623.681,0.81,0.9349,0.64,1.0939,133
1580004623.857,0.8,0.9428,0.67,1.075,133
1580004624.032,0.8,0.9419,0.68,1.0671,133
1580004624.209,0.8,0.9491,0.66,1.0679,133
1580004624.386,0.8,0.9466,0.68,1.0706,133
1580004624.563,0.8,0.9469,0.64,1.0904,133
1580004624.738,0.79,0.9492,0.63,1.1027,133
1580004624.919,0.8,0.9458,0.61,1.137,133
1580004625.097,0.8,0.9395,0.55,1.1857,133
1580004625.274,0.8,0.9483,0.55,1.1792,133
1580004625.45,0.8,0.9451,0.59,1.13,133
1580004625.626,0.82,0.9191,0.62,1.1181,133
1580004625.783,0.83,0.9162,0.63,1.103,133
1580004625.969,0.79,0.9551,0.65,1.0898,134
1580004626.145,0.81,0.9331,0.62,1.0968,134
1580004626.321,0.81,0.9354,0.65,1.0885,134
1580004626.5,0.81,0.9396,0.65,1.0882,134
1580004626.679,0.79,0.9561,0.66,1.0746,134
1580004626.857,0.79,0.9527,0.7,1.0522,134
1580004627.035,0.8,0.9438,0.69,1.0498,134
1580004627.211,0.8,0.9463,0.69,1.0562,134
1580004627.389,0.78,0.9636,0.65,1.0824,134
1580004627.565,0.79,0.9523,0.64,1.1042,134
1580004627.741,0.81,0.9369,0.56,1.1644,134
1580004627.92,0.81,0.9359,0.56,1.1785,134
1580004628.097,0.8,0.9427,0.59,1.1459,134
1580004628.276,0.82,0.9242,0.62,1.1104,134
1580004628.434,0.83,0.9094,0.65,1.0926,134
1580004628.611,0.8,0.9436,0.67,1.0827,135
1580004628.788,0.79,0.9541,0.63,1.1007,135
1580004628.968,0.8,0.9473,0.63,1.1048,135
1580004629.144,0.81,0.9372,0.62,1.115,135
1580004629.32,0.78,0.9576,0.64,1.0948,135
1580004629.496,0.79,0.9539,0.68,1.0714,135
1580004629.675,0.79,0.9511,0.68,1.0589,135
1580004629.852,0.79,0.957,0.69,1.0505,135
1580004630.028,0.78,0.9594,0.68,1.0678,135
1580004630.206,0.79,0.9579,0.62,1.1107,135
1580004630.387,0.8,0.9451,0.59,1.1389,135
1580004630.567,0.81,0.9348,0.58,1.1632,135
1580004630.745,0.8,0.946,0.56,1.1734,135
1580004630.923,0.79,0.9516,0.6,1.1421,135
1580004631.087,0.82,0.9217,0.63,1.1122,135
1580004631.265,0.8,0.9463,0.66,1.0852,136
1580004631.441,0.79,0.9558,0.68,1.0702,136
1580004631.619,0.76,0.9776,0.64,1.0962,136
1580004631.802,0.81,0.9385,0.63,1.1143,136
1580004631.98,0.8,0.9455,0.59,1.1315,136
1580004632.16,0.78,0.9693,0.62,1.1267,136
1580004632.336,0.77,0.9729,0.64,1.1061,136
1580004632.512,0.78,0.9599,0.66,1.0825,136
1580004632.689,0.79,0.9566,0.67,1.0749,136
1580004632.874,0.77,0.971,0.66,1.0816,136
1580004633.057,0.76,0.9812,0.62,1.1069,136
1580004633.234,0.79,0.9569,0.59,1.1433,136
1580004633.411,0.81,0.9356,0.58,1.1532,136
1580004633.587,0.8,0.9422,0.58,1.1531,136
1580004633.746,0.76,0.9845,0.59,1.1488,136
1580004633.931,0.75,0.9974,0.59,1.1399,137
1580004634.111,0.8,0.9488,0.64,1.0959,137
1580004634.291,0.8,0.9435,0.65,1.089,137
1580004634.468,0.76,0.9754,0.64,1.0982,137
1580004634.646,0.74,0.9938,0.66,1.0686,137
1580004634.825,0.77,0.9728,0.68,1.0695,137
1580004635.003,0.8,0.947,0.62,1.1157,137
1580004635.189,0.79,0.954,0.63,1.1193,137
1580004635.365,0.78,0.9697,0.62,1.1318,137
1580004635.542,0.78,0.967,0.61,1.1323,137
1580004635.719,0.79,0.9476,0.62,1.1188,137
1580004635.897,0.81,0.9354,0.63,1.1155,137
1580004636.077,0.81,0.937,0.62,1.1187,137
1580004636.262,0.82,0.925,0.6,1.1277,137
1580004636.421,0.83,0.9138,0.6,1.1261,137
1580004636.601,0.79,0.9511,0.63,1.1132,138
1580004636.782,0.81,0.9341,0.63,1.1069,138
1580004636.959,0.8,0.9406,0.65,1.0876,138
1580004637.14,0.81,0.9328,0.67,1.0683,138
1580004637.32,0.79,0.9475,0.69,1.06,138
1580004637.496,0.79,0.951,0.69,1.0561,138
1580004637.674,0.8,0.9469,0.67,1.0744,138
1580004637.856,0.8,0.9399,0.66,1.086,138
1580004638.035,0.79,0.9475,0.63,1.1,138
1580004638.215,0.8,0.943,0.64,1.1048,138
1580004638.393,0.8,0.945,0.63,1.1088,138
1580004638.571,0.81,0.9348,0.63,1.1079,138
1580004638.75,0.81,0.9308,0.58,1.1362,138
1580004638.927,0.82,0.9268,0.61,1.124,138
1580004639.085,0.83,0.9173,0.62,1.1108,138
1580004639.261,0.8,0.9432,0.66,1.0783,139
1580004639.439,0.82,0.9264,0.68,1.0697,139
1580004639.619,0.82,0.9302,0.67,1.073,139
1580004639.795,0.81,0.9371,0.68,1.061,139
1580004639.97,0.81,0.9379,0.7,1.0554,139
1580004640.148,0.8,0.945,0.69,1.0637,139
1580004640.331,0.81,0.9374,0.67,1.0747,139
1580004640.51,0.8,0.9488,0.66,1.0783,139
1580004640.687,0.8,0.9514,0.65,1.0838,139
1580004640.863,0.81,0.9383,0.62,1.1246,139
1580004641.038,0.81,0.9362,0.59,1.1443,139
1580004641.224,0.8,0.9408,0.58,1.1548,139
1580004641.408,0.8,0.9389,0.57,1.1547,139
1580004641.588,0.83,0.9129,0.58,1.1398,139
1580004641.749,0.83,0.9187,0.63,1.1193,139
1580004641.927,0.79,0.9537,0.64,1.0939,140
1580004642.105,0.81,0.9414,0.68,1.0711,140
1580004642.285,0.81,0.9396,0.65,1.0784,140
1580004642.461,0.8,0.9408,0.66,1.0792,140
1580004642.639,0.8,0.943,0.66,1.0843,140
1580004642.819,0.78,0.9621,0.67,1.0764,140
1580004642.999,0.79,0.9488,0.67,1.066,140
1580004643.176,0.81,0.9406,0.69,1.0553,140
1580004643.354,0.79,0.9557,0.67,1.0758,140
1580004643.536,0.79,0.9536,0.64,1.0901,140
1580004643.714,0.8,0.9412,0.65,1.0851,140
1580004643.892,0.81,0.9358,0.62,1.1204,140
1580004644.081,0.82,0.9253,0.61,1.1361,140
1580004644.26,0.81,0.9366,0.61,1.1245,140
1580004644.424,0.83,0.9168,0.61,1.1145,140
1580004644.605,0.81,0.9346,0.65,1.092,141
1580004644.785,0.81,0.932,0.66,1.0849,141
1580004644.963,0.8,0.9432,0.66,1.0756,141
1580004645.145,0.79,0.9488,0.68,1.0635,141
1580004645.322,0.81,0.9359,0.67,1.0746,141
1580004645.503,0.8,0.9465,0.64,1.0976,141
1580004645.679,0.81,0.9382,0.64,1.0961,141
1580004645.859,0.8,0.9462,0.64,1.0921,141
1580004646.038,0.79,0.9498,0.64,1.0965,141
1580004646.216,0.8,0.9434,0.63,1.1063,141
1580004646.397,0.81,0.9389,0.62,1.1143,141
1580004646.573,0.82,0.9293,0.62,1.1227,141
1580004646.753,0.8,0.9415,0.6,1.1341,141
1580004646.931,0.83,0.9189,0.61,1.132,141
1580004647.089,0.84,0.9071,0.6,1.1331,141
1580004647.268,0.8,0.9427,0.63,1.1003,142
1580004647.446,0.81,0.9324,0.67,1.0715,142
1580004647.624,0.81,0.9379,0.67,1.0709,142
1580004647.802,0.81,0.9307,0.66,1.0769,142
1580004647.979,0.8,0.9478,0.65,1.0923,142
1580004648.156,0.77,0.9712,0.66,1.0779,142
1580004648.336,0.8,0.9469,0.63,1.0996,142
1580004648.517,0.8,0.9391,0.62,1.1189,142
1580004648.703,0.79,0.9506,0.62,1.1333,142
1580004648.881,0.8,0.9469,0.62,1.1262,142
1580004649.062,0.8,0.9438,0.62,1.1196,142
1580004649.242,0.81,0.9312,0.63,1.1159,142
1580004649.42,0.82,0.9238,0.61,1.1297,142
1580004649.604,0.83,0.9129,0.6,1.1329,142
1580004649.762,0.82,0.9182,0.59,1.1403,142
1580004649.941,0.79,0.9572,0.6,1.1319,143
1580004650.119,0.81,0.9326,0.63,1.1073,143
1580004650.297,0.81,0.9319,0.65,1.0933,143
1580004650.487,0.8,0.9402,0.65,1.0837,143
1580004650.666,0.8,0.9428,0.67,1.0746,143
1580004650.845,0.8,0.9437,0.69,1.0603,143
1580004651.025,0.8,0.9422,0.68,1.06,143
1580004651.204,0.8,0.9408,0.67,1.0689,143
1580004651.388,0.8,0.944,0.64,1.0887,143
1580004651.566,0.8,0.9439,0.63,1.1114,143
1580004651.743,0.81,0.9361,0.6,1.1348,143
1580004651.918,0.81,0.9341,0.59,1.1442,143
1580004652.098,0.81,0.934,0.61,1.1299,143
1580004652.275,0.83,0.9146,0.61,1.1212,143
1580004652.434,0.84,0.9037,0.62,1.1041,143
1580004652.615,0.8,0.9427,0.64,1.0895,144
1580004652.792,0.81,0.9317,0.65,1.0804,144
1580004652.969,0.82,0.9276,0.67,1.0745,144
1580004653.146,0.81,0.9331,0.66,1.076,144
1580004653.322,0.8,0.9414,0.67,1.0765,144
1580004653.497,0.8,0.9481,0.67,1.0731,144
1580004653.681,0.81,0.9386,0.65,1.0874,144
1580004653.858,0.81,0.9369,0.65,1.1029,144
1580004654.035,0.8,0.9428,0.63,1.1189,144
1580004654.227,0.81,0.9362,0.61,1.1253,144
1580004654.404,0.81,0.936,0.61,1.1314,144
1580004654.581,0.82,0.925,0.6,1.1378,144
1580004654.757,0.83,0.9207,0.59,1.1407,144
1580004654.934,0.83,0.919,0.59,1.1448,144
1580004655.091,0.84,0.9097,0.6,1.1451,144
1580004655.271,0.81,0.9413,0.63,1.119,145
1580004655.447,0.8,0.9399,0.62,1.1184,145
1580004655.63,0.8,0.9405,0.67,1.0803,145
1580004655.806,0.81,0.9296,0.66,1.0805,145
1580004655.983,0.8,0.9413,0.66,1.09,145
1580004656.159,0.79,0.9574,0.64,1.0991,145
1580004656.336,0.79,0.9505,0.65,1.0981,145
1580004656.513,0.81,0.9384,0.63,1.1163,145
1580004656.69,0.81,0.9399,0.6,1.1362,145
1580004656.865,0.8,0.9429,0.6,1.1417,145
1580004657.042,0.81,0.9395,0.61,1.1269,145
1580004657.219,0.82,0.9207,0.63,1.1027,145
1580004657.399,0.83,0.9172,0.65,1.0905,145
1580004657.574,0.83,0.9112,0.65,1.0969,145
1580004657.731,0.84,0.9046,0.65,1.0957,145
1580004657.91,0.8,0.9377,0.64,1.099,146
1580004658.086,0.82,0.9293,0.64,1.099,146
1580004658.261,0.81,0.9367,0.65,1.0887,146
1580004658.442,0.81,0.9279,0.67,1.0734,146
1580004658.62,0.81,0.9311,0.69,1.0584,146
1580004658.804,0.8,0.9465,0.67,1.072,146
1580004658.98,0.79,0.9574,0.68,1.0725,146
1580004659.158,0.79,0.9518,0.65,1.0981,146
1580004659.333,0.79,0.952,0.63,1.1152,146
1580004659.513,0.81,0.9371,0.61,1.1262,146
1580004659.69,0.8,0.9393,0.59,1.1477,146
1580004659.873,0.81,0.9357,0.61,1.1414,146
1580004660.062,0.82,0.9249,0.63,1.1118,146
1580004660.251,0.84,0.9077,0.66,1.0941,146
1580004660.41,0.84,0.9085,0.66,1.0903,146
1580004660.593,0.81,0.9422,0.65,1.0919,147
1580004660.773,0.81,0.9309,0.65,1.0927,147
1580004660.951,0.81,0.9386,0.65,1.0818,147
1580004661.129,0.81,0.9379,0.7,1.0449,147
1580004661.304,0.8,0.9404,0.7,1.0446,147
1580004661.481,0.8,0.9478,0.7,1.0487,147
1580004661.659,0.8,0.9454,0.67,1.0692,147
1580004661.837,0.79,0.9536,0.67,1.0779,147
1580004662.013,0.78,0.9658,0.63,1.1029,147
1580004662.19,0.8,0.9421,0.61,1.1335,147
1580004662.369,0.81,0.9385,0.59,1.1567,147
1580004662.546,0.79,0.9461,0.57,1.1601,147
1580004662.725,0.79,0.9572,0.59,1.1504,147
1580004662.913,0.81,0.9353,0.6,1.1383,147
1580004663.072,0.82,0.9187,0.62,1.1175,147
1580004663.253,0.8,0.9448,0.65,1.0878,148
1580004663.431,0.81,0.9335,0.66,1.0755,148
1580004663.609,0.81,0.9365,0.69,1.0541,148
1580004663.79,0.81,0.9328,0.68,1.0576,148
1580004663.979,0.8,0.9416,0.69,1.0565,148
1580004664.156,0.79,0.9506,0.69,1.0514,148
1580004664.352,0.8,0.9404,0.7,1.0438,148
1580004664.529,0.81,0.9387,0.68,1.0538,148
1580004664.711,0.8,0.9446,0.66,1.0831,148
1580004664.892,0.8,0.9447,0.64,1.0964,148
1580004665.075,0.81,0.9392,0.62,1.1257,148
1580004665.253,0.81,0.9321,0.58,1.1524,148
1580004665.43,0.81,0.9312,0.57,1.1644,148
1580004665.608,0.82,0.9219,0.58,1.1606,148
1580004665.77,0.83,0.9116,0.59,1.1429,148
1580004665.95,0.8,0.9417,0.61,1.1276,149
1580004666.145,0.81,0.9348,0.64,1.1068,149
1580004666.34,0.8,0.9437,0.66,1.0852,149
1580004666.53,0.8,0.9423,0.65,1.0845,149
1580004666.721,0.8,0.9384,0.67,1.0736,149
1580004666.902,0.8,0.9443,0.68,1.0748,149
1580004667.079,0.8,0.9433,0.67,1.0729,149
1580004667.256,0.81,0.9405,0.68,1.0661,149
1580004667.432,0.8,0.9422,0.68,1.0667,149
1580004667.609,0.79,0.9516,0.67,1.0724,149
1580004667.784,0.78,0.9611,0.65,1.0863,149
1580004667.963,0.81,0.9365,0.61,1.1177,149
1580004668.142,0.81,0.9349,0.6,1.1399,149
1580004668.321,0.82,0.9228,0.6,1.1402,149
1580004668.478,0.82,0.9267,0.62,1.116,149
