1579061549.638,0.24,1.3904,0.22,1.391,0
1579061550.467,0.3,1.3844,0.23,1.3797,0
1579061551.28,0.25,1.3836,0.23,1.3772,0
1579061552.086,0.25,1.3766,0.23,1.3744,0
1579061552.898,0.25,1.3699,0.23,1.3675,0
1579061553.703,0.3,1.3613,0.3,1.3563,0
1579061554.571,0.36,1.3448,0.27,1.345,0
1579061555.387,0.35,1.3206,0.28,1.3351,0
1579061556.191,0.37,1.3054,0.33,1.3292,0
1579061556.998,0.38,1.2906,0.39,1.3385,0
1579061557.799,0.37,1.3024,0.36,1.3291,0
1579061558.598,0.37,1.2917,0.37,1.3329,0
1579061558.988,0.35,1.3012,0.32,1.3378,0
1579061559.794,0.4,1.2683,0.35,1.3369,1
1579061560.593,0.39,1.2852,0.39,1.328,1
1579061561.398,0.37,1.2765,0.38,1.3206,1
1579061562.2,0.37,1.2785,0.35,1.3103,1
1579061563.002,0.4,1.2493,0.36,1.3129,1
1579061563.802,0.38,1.2755,0.33,1.3002,1
1579061564.599,0.41,1.2551,0.36,1.309,1
1579061565.412,0.39,1.2551,0.33,1.2893,1
1579061566.212,0.41,1.2475,0.31,1.3092,1
1579061567.036,0.42,1.2524,0.28,1.2837,1
1579061567.835,0.42,1.2436,0.41,1.2927,1
1579061568.638,0.41,1.2552,0.42,1.2861,1
1579061569.025,0.42,1.2559,0.29,1.2738,1
1579061569.826,0.43,1.2224,0.35,1.2893,2
1579061570.633,0.42,1.2529,0.29,1.267,2
1579061571.442,0.45,1.2238,0.33,1.2746,2
1579061572.253,0.43,1.2392,0.35,1.2715,2
1579061573.045,0.43,1.2214,0.31,1.2583,2
1579061573.847,0.42,1.2302,0.32,1.2617,2
1579061574.662,0.42,1.2334,0.36,1.2534,2
1579061575.478,0.45,1.2026,0.36,1.2582,2
1579061576.276,0.42,1.2269,0.41,1.2572,2
1579061577.07,0.45,1.2097,0.35,1.2479,2
1579061577.878,0.43,1.2154,0.35,1.249,2
1579061578.736,0.42,1.2241,0.32,1.232,2
1579061579.127,0.45,1.2098,0.38,1.2284,2
1579061579.929,0.45,1.1976,0.39,1.2218,3
1579061580.738,0.45,1.2012,0.39,1.2153,3
1579061581.541,0.47,1.1921,0.39,1.2133,3
1579061582.342,0.47,1.1985,0.4,1.2069,3
1579061583.14,0.47,1.1763,0.41,1.206,3
1579061583.948,0.45,1.2037,0.41,1.2012,3
1579061584.749,0.47,1.1889,0.49,1.1975,3
1579061585.558,0.47,1.1679,0.44,1.1939,3
1579061586.357,0.47,1.1878,0.36,1.2011,3
1579061587.156,0.46,1.1725,0.46,1.1863,3
1579061587.977,0.47,1.1825,0.5,1.1763,3
1579061588.788,0.45,1.185,0.43,1.1743,3
1579061589.185,0.46,1.1735,0.41,1.1786,3
1579061589.999,0.47,1.163,0.43,1.1757,4
1579061590.81,0.48,1.1682,0.43,1.1671,4
1579061591.612,0.49,1.1607,0.46,1.1601,4
1579061592.417,0.47,1.1667,0.45,1.1532,4
1579061593.217,0.48,1.1486,0.42,1.1609,4
1579061594.028,0.47,1.1813,0.43,1.1597,4
1579061594.848,0.49,1.1617,0.52,1.1574,4
1579061595.657,0.49,1.1396,0.5,1.1477,4
1579061596.462,0.48,1.1622,0.44,1.1616,4
1579061597.271,0.47,1.1494,0.47,1.1448,4
1579061598.076,0.48,1.1594,0.55,1.129,4
1579061598.893,0.47,1.1594,0.52,1.1338,4
1579061599.28,0.47,1.1523,0.46,1.1378,4
1579061600.086,0.5,1.1359,0.4,1.1545,5
1579061600.891,0.49,1.1449,0.44,1.1488,5
1579061601.692,0.49,1.1413,0.52,1.1245,5
1579061602.546,0.49,1.1403,0.5,1.1202,5
1579061603.356,0.49,1.1334,0.46,1.1259,5
1579061604.166,0.48,1.1581,0.44,1.1377,5
1579061604.97,0.48,1.1485,0.43,1.1333,5
1579061605.789,0.52,1.1132,0.51,1.1275,5
1579061606.588,0.49,1.144,0.49,1.1267,5
1579061607.391,0.5,1.1261,0.47,1.1204,5
1579061608.189,0.5,1.1361,0.45,1.118,5
1579061608.988,0.49,1.1422,0.45,1.1123,5
1579061609.376,0.49,1.1261,0.52,1.1029,5
1579061610.187,0.5,1.1152,0.51,1.106,6
1579061610.989,0.51,1.1217,0.47,1.1198,6
1579061611.82,0.51,1.1164,0.45,1.1165,6
1579061612.636,0.51,1.1206,0.46,1.1096,6
1579061613.453,0.51,1.1114,0.48,1.1115,6
1579061614.251,0.49,1.1436,0.51,1.1023,6
1579061615.052,0.5,1.1264,0.51,1.0988,6
1579061615.861,0.53,1.0928,0.51,1.1031,6
1579061616.68,0.51,1.1217,0.43,1.1138,6
1579061617.487,0.51,1.1082,0.46,1.1067,6
1579061618.291,0.51,1.1238,0.54,1.092,6
1579061619.091,0.5,1.123,0.52,1.0903,6
1579061619.483,0.51,1.1097,0.51,1.0916,6
1579061620.281,0.51,1.0995,0.45,1.1033,7
1579061621.078,0.52,1.102,0.46,1.1148,7
1579061621.885,0.51,1.1011,0.52,1.095,7
1579061622.696,0.51,1.1052,0.51,1.0906,7
1579061623.552,0.52,1.0976,0.45,1.1075,7
1579061624.348,0.5,1.1264,0.45,1.1071,7
1579061625.162,0.5,1.1149,0.52,1.094,7
1579061625.964,0.54,1.0755,0.51,1.0921,7
1579061626.794,0.51,1.1142,0.49,1.0989,7
1579061627.594,0.53,1.0942,0.44,1.1012,7
1579061628.399,0.51,1.1111,0.48,1.0843,7
1579061629.197,0.51,1.1086,0.53,1.082,7
1579061629.594,0.52,1.0978,0.53,1.0842,7
1579061630.398,0.52,1.086,0.45,1.1039,8
1579061631.196,0.53,1.0909,0.46,1.1193,8
1579061632.005,0.52,1.0895,0.51,1.0912,8
1579061632.807,0.52,1.0918,0.53,1.0828,8
1579061633.607,0.52,1.0887,0.47,1.0896,8
1579061634.404,0.51,1.1077,0.48,1.1082,8
1579061635.211,0.51,1.106,0.52,1.0907,8
1579061636.035,0.55,1.0598,0.53,1.0862,8
1579061636.844,0.53,1.1039,0.52,1.0878,8
1579061637.642,0.53,1.0833,0.46,1.0904,8
1579061638.439,0.52,1.0921,0.49,1.0858,8
1579061639.261,0.52,1.1021,0.52,1.0753,8
1579061639.651,0.53,1.08,0.54,1.0779,8
1579061640.469,0.53,1.0762,0.51,1.087,9
1579061641.272,0.54,1.0774,0.46,1.109,9
1579061642.069,0.52,1.0737,0.49,1.098,9
1579061642.883,0.53,1.0804,0.53,1.0791,9
1579061643.685,0.53,1.0706,0.54,1.0778,9
1579061644.492,0.52,1.0953,0.49,1.0905,9
1579061645.359,0.52,1.0883,0.5,1.0847,9
1579061646.154,0.56,1.0478,0.55,1.0772,9
1579061646.951,0.53,1.0857,0.55,1.0799,9
1579061647.751,0.54,1.0714,0.49,1.0786,9
1579061648.571,0.53,1.0771,0.48,1.0793,9
1579061649.377,0.53,1.0887,0.52,1.0731,9
1579061649.767,0.54,1.0664,0.53,1.0758,9
1579061650.58,0.53,1.0631,0.51,1.0831,10
1579061651.387,0.54,1.0649,0.5,1.1021,10
1579061652.187,0.53,1.06,0.51,1.0851,10
1579061652.981,0.54,1.0664,0.53,1.0727,10
1579061653.786,0.54,1.0592,0.51,1.0808,10
1579061654.596,0.53,1.0829,0.51,1.0812,10
1579061655.4,0.53,1.0771,0.52,1.073,10
1579061656.196,0.57,1.036,0.54,1.0743,10
1579061657.021,0.54,1.0799,0.52,1.0712,10
1579061657.829,0.54,1.0602,0.47,1.0774,10
1579061658.639,0.53,1.071,0.49,1.0828,10
1579061659.439,0.53,1.0838,0.58,1.0633,10
1579061659.834,0.55,1.0605,0.5,1.0731,10
1579061660.657,0.54,1.0537,0.49,1.0901,11
1579061661.464,0.55,1.056,0.52,1.0824,11
1579061662.283,0.54,1.0465,0.53,1.0687,11
1579061663.09,0.54,1.0585,0.53,1.0697,11
1579061663.898,0.54,1.0485,0.51,1.0776,11
1579061664.704,0.53,1.0725,0.53,1.0764,11
1579061665.514,0.53,1.0684,0.53,1.0746,11
1579061666.367,0.56,1.0294,0.53,1.0684,11
1579061667.169,0.54,1.0708,0.49,1.0748,11
1579061667.985,0.54,1.0566,0.51,1.0782,11
1579061668.798,0.54,1.0619,0.55,1.0645,11
1579061669.604,0.53,1.072,0.57,1.0609,11
1579061670.014,0.56,1.0537,0.54,1.0844,11
1579061670.853,0.54,1.0496,0.51,1.0883,12
1579061671.678,0.55,1.0534,0.54,1.0749,12
1579061672.486,0.55,1.0378,0.55,1.0665,12
1579061673.301,0.54,1.0532,0.56,1.0623,12
1579061674.109,0.55,1.042,0.52,1.0808,12
1579061674.92,0.53,1.0668,0.53,1.0698,12
1579061675.734,0.54,1.06,0.54,1.0644,12
1579061676.542,0.57,1.0229,0.55,1.0646,12
1579061677.346,0.55,1.0646,0.48,1.0661,12
1579061678.172,0.54,1.051,0.49,1.0707,12
1579061678.977,0.54,1.0563,0.54,1.0655,12
1579061679.786,0.54,1.069,0.57,1.0556,12
1579061680.185,0.56,1.0481,0.55,1.0763,12
1579061680.997,0.55,1.0425,0.5,1.0858,13
1579061681.8,0.54,1.0472,0.54,1.0695,13
1579061682.596,0.55,1.0327,0.55,1.0601,13
1579061683.411,0.55,1.046,0.55,1.0554,13
1579061684.211,0.55,1.0372,0.51,1.0646,13
1579061685.027,0.54,1.0566,0.55,1.0667,13
1579061685.825,0.54,1.0554,0.57,1.057,13
1579061686.626,0.57,1.0148,0.56,1.0565,13
1579061687.43,0.55,1.0612,0.53,1.0545,13
1579061688.231,0.55,1.0414,0.5,1.068,13
1579061689.024,0.54,1.0527,0.52,1.0663,13
1579061689.829,0.54,1.0649,0.57,1.05,13
1579061690.233,0.56,1.0408,0.53,1.0673,13
1579061691.031,0.55,1.0376,0.51,1.0788,14
1579061691.887,0.55,1.0418,0.54,1.0713,14
1579061692.707,0.55,1.03,0.57,1.0556,14
1579061693.523,0.55,1.0386,0.59,1.0489,14
1579061694.333,0.56,1.0342,0.55,1.0555,14
1579061695.131,0.55,1.0498,0.55,1.0611,14
1579061695.948,0.55,1.05,0.56,1.0524,14
1579061696.765,0.58,1.0092,0.56,1.0526,14
1579061697.568,0.55,1.0551,0.55,1.0447,14
1579061698.371,0.55,1.0372,0.48,1.0597,14
1579061699.176,0.55,1.0441,0.49,1.0676,14
1579061699.978,0.54,1.0632,0.56,1.0438,14
1579061700.391,0.56,1.0314,0.52,1.0629,14
1579061701.195,0.55,1.0362,0.52,1.0651,15
1579061702.002,0.55,1.0358,0.51,1.0696,15
1579061702.814,0.55,1.0269,0.56,1.0546,15
1579061703.615,0.55,1.0328,0.59,1.0403,15
1579061704.42,0.56,1.0285,0.56,1.045,15
1579061705.23,0.55,1.0462,0.56,1.0477,15
1579061706.047,0.55,1.0416,0.55,1.0484,15
1579061706.86,0.58,1.0056,0.56,1.0493,15
1579061707.663,0.55,1.0478,0.54,1.0433,15
1579061708.469,0.56,1.0339,0.53,1.0533,15
1579061709.266,0.55,1.0363,0.51,1.0583,15
1579061710.071,0.55,1.0566,0.57,1.0394,15
1579061710.474,0.57,1.0244,0.52,1.06,15
1579061711.288,0.55,1.032,0.52,1.0607,16
1579061712.096,0.55,1.0347,0.51,1.0639,16
1579061712.912,0.56,1.0213,0.55,1.0479,16
1579061713.715,0.56,1.0279,0.57,1.0362,16
1579061714.524,0.56,1.0226,0.56,1.0487,16
1579061715.384,0.55,1.0428,0.55,1.0421,16
1579061716.192,0.56,1.0366,0.53,1.0421,16
1579061717.023,0.58,0.9997,0.54,1.049,16
1579061717.823,0.55,1.0457,0.54,1.0408,16
1579061718.62,0.56,1.0321,0.53,1.0498,16
1579061719.429,0.56,1.0309,0.55,1.0535,16
1579061720.235,0.55,1.0518,0.57,1.0357,16
1579061720.632,0.57,1.0207,0.53,1.056,16
1579061721.45,0.56,1.0273,0.52,1.0589,17
1579061722.269,0.56,1.0296,0.51,1.0599,17
1579061723.066,0.56,1.0171,0.55,1.0495,17
1579061723.864,0.56,1.0256,0.55,1.0316,17
1579061724.666,0.56,1.0179,0.54,1.0382,17
1579061725.48,0.56,1.037,0.55,1.0365,17
1579061726.291,0.56,1.0309,0.53,1.0323,17
1579061727.088,0.58,0.9964,0.54,1.0464,17
1579061727.892,0.55,1.0427,0.54,1.0411,17
1579061728.689,0.56,1.0266,0.52,1.0477,17
1579061729.509,0.56,1.0291,0.53,1.0588,17
1579061730.327,0.55,1.0526,0.58,1.0309,17
1579061730.717,0.57,1.0153,0.56,1.0407,17
1579061731.526,0.56,1.0187,0.51,1.0551,18
1579061732.322,0.56,1.0246,0.52,1.0511,18
1579061733.121,0.56,1.0141,0.54,1.0419,18
1579061733.917,0.56,1.0209,0.55,1.031,18
1579061734.727,0.57,1.0096,0.55,1.0318,18
1579061735.532,0.56,1.0318,0.55,1.035,18
1579061736.33,0.56,1.0274,0.54,1.0277,18
1579061737.126,0.59,0.9904,0.53,1.0329,18
1579061737.935,0.56,1.036,0.55,1.0394,18
1579061738.764,0.56,1.022,0.5,1.0452,18
1579061739.572,0.56,1.0255,0.52,1.044,18
1579061740.37,0.56,1.0428,0.59,1.0265,18
1579061740.818,0.57,1.0091,0.55,1.0393,18
1579061741.639,0.56,1.0149,0.51,1.0511,19
1579061742.44,0.56,1.0206,0.53,1.0451,19
1579061743.254,0.57,1.0084,0.54,1.0353,19
1579061744.053,0.57,1.0176,0.54,1.0247,19
1579061744.893,0.57,1.0046,0.55,1.0325,19
1579061745.689,0.56,1.0275,0.55,1.0269,19
1579061746.491,0.56,1.0222,0.55,1.0214,19
1579061747.288,0.59,0.9875,0.55,1.0299,19
1579061748.099,0.56,1.0331,0.54,1.0374,19
1579061748.91,0.56,1.0196,0.49,1.0435,19
1579061749.72,0.56,1.0215,0.56,1.0305,19
1579061750.531,0.56,1.0364,0.58,1.0206,19
1579061750.928,0.58,1.0056,0.54,1.0433,19
1579061751.739,0.56,1.016,0.51,1.0487,20
1579061752.541,0.56,1.0222,0.54,1.0434,20
1579061753.348,0.57,1.0059,0.54,1.0256,20
1579061754.164,0.57,1.0145,0.56,1.021,20
1579061754.974,0.57,1.0017,0.54,1.0429,20
1579061755.788,0.56,1.0295,0.55,1.0208,20
1579061756.593,0.56,1.0215,0.56,1.0208,20
1579061757.405,0.59,0.9857,0.55,1.0255,20
1579061758.221,0.56,1.03,0.53,1.0349,20
1579061759.032,0.56,1.0194,0.49,1.0439,20
1579061759.831,0.55,1.0207,0.56,1.0232,20
1579061760.634,0.56,1.0316,0.59,1.0171,20
1579061761.032,0.58,1.0026,0.53,1.0376,20
1579061761.867,0.57,1.0118,0.52,1.0442,21
1579061762.675,0.57,1.0163,0.55,1.0333,21
1579061763.483,0.57,1.0005,0.56,1.0269,21
1579061764.289,0.57,1.0134,0.56,1.0167,21
1579061765.145,0.57,0.9994,0.54,1.0337,21
1579061765.948,0.56,1.0218,0.56,1.0245,21
1579061766.747,0.57,1.0154,0.55,1.0139,21
1579061767.555,0.59,0.9818,0.56,1.0259,21
1579061768.356,0.56,1.0296,0.54,1.0261,21
1579061769.161,0.56,1.011,0.51,1.0354,21
1579061769.963,0.56,1.0184,0.54,1.0363,21
1579061770.766,0.56,1.0373,0.59,1.0136,21
1579061771.161,0.58,0.9967,0.56,1.0258,21
1579061771.979,0.57,1.0053,0.49,1.0475,22
1579061772.781,0.56,1.0141,0.55,1.0296,22
1579061773.586,0.57,0.9991,0.57,1.0196,22
1579061774.4,0.57,1.008,0.58,1.0182,22
1579061775.22,0.58,0.9943,0.55,1.0209,22
1579061776.024,0.56,1.0169,0.53,1.0251,22
1579061776.85,0.57,1.0128,0.55,1.0146,22
1579061777.66,0.6,0.9772,0.56,1.0126,22
1579061778.457,0.57,1.0231,0.53,1.02,22
1579061779.268,0.56,1.0059,0.53,1.0316,22
1579061780.069,0.56,1.0149,0.55,1.0232,22
1579061780.885,0.56,1.0264,0.59,1.0113,22
1579061781.275,0.59,0.9889,0.56,1.024,22
1579061782.094,0.57,1.003,0.48,1.0394,23
1579061782.905,0.57,1.0088,0.54,1.0239,23
1579061783.715,0.57,0.994,0.55,1.0132,23
1579061784.517,0.57,1.0054,0.58,1.0117,23
1579061785.319,0.58,0.9904,0.57,1.0197,23
1579061786.137,0.57,1.0113,0.52,1.0215,23
1579061787.005,0.57,1.0084,0.54,1.0123,23
1579061787.822,0.6,0.9737,0.55,1.0102,23
1579061788.623,0.57,1.0186,0.55,1.0175,23
1579061789.428,0.57,1.0029,0.52,1.0304,23
1579061790.249,0.56,1.0109,0.56,1.0219,23
1579061791.055,0.56,1.023,0.58,1.0122,23
1579061791.461,0.59,0.9853,0.53,1.0308,23
1579061792.277,0.57,1.0026,0.5,1.0341,24
1579061793.088,0.57,1.0058,0.54,1.0233,24
1579061793.891,0.57,0.9906,0.56,1.0101,24
1579061794.693,0.57,1.0032,0.57,1.0087,24
1579061795.495,0.58,0.9862,0.53,1.0259,24
1579061796.299,0.57,1.0097,0.52,1.0152,24
1579061797.102,0.58,1.0067,0.55,1.0112,24
1579061797.898,0.6,0.9717,0.57,1.003,24
1579061798.701,0.58,1.0135,0.54,1.0141,24
1579061799.5,0.57,1.0019,0.54,1.0293,24
1579061800.308,0.56,1.0081,0.55,1.0105,24
1579061801.118,0.57,1.0161,0.58,1.0106,24
1579061801.513,0.59,0.9788,0.52,1.0292,24
1579061802.339,0.57,0.9999,0.54,1.03,25
1579061803.144,0.57,1.005,0.57,1.0261,25
1579061803.952,0.57,0.9939,0.58,1.0024,25
1579061804.77,0.57,1.0027,0.58,1.0047,25
1579061805.58,0.58,0.9824,0.53,1.0239,25
1579061806.406,0.57,1.0073,0.52,1.0127,25
1579061807.216,0.58,1.0071,0.55,1.0124,25
1579061808.066,0.6,0.9712,0.57,0.9967,25
1579061808.875,0.58,1.0111,0.54,1.0108,25
1579061809.673,0.57,1.0005,0.54,1.0323,25
1579061810.485,0.57,1.0075,0.56,1.0074,25
1579061811.282,0.57,1.0127,0.58,1.0071,25
1579061811.674,0.6,0.9745,0.52,1.0237,25
1579061812.503,0.57,0.9967,0.53,1.0247,26
1579061813.302,0.58,1.0008,0.57,1.021,26
1579061814.106,0.57,0.99,0.59,1.0001,26
1579061814.905,0.57,0.9979,0.57,0.998,26
1579061815.718,0.58,0.9807,0.54,1.0278,26
1579061816.531,0.57,1.0084,0.52,1.0087,26
1579061817.333,0.58,1.0027,0.55,0.9978,26
1579061818.131,0.6,0.9639,0.58,0.9987,26
1579061818.934,0.57,1.0111,0.54,1.0091,26
1579061819.747,0.57,1.0002,0.54,1.0271,26
1579061820.559,0.57,1.002,0.54,1.012,26
1579061821.354,0.57,1.0101,0.56,1.0046,26
1579061821.749,0.59,0.974,0.53,1.0226,26
1579061822.556,0.57,0.9958,0.55,1.0187,27
1579061823.361,0.58,0.9936,0.57,1.009,27
1579061824.163,0.58,0.9837,0.58,1.0084,27
1579061824.969,0.57,0.9981,0.57,0.9958,27
1579061825.778,0.58,0.9794,0.52,1.0157,27
1579061826.578,0.57,0.9995,0.52,1.0143,27
1579061827.404,0.58,0.9972,0.54,0.9908,27
1579061828.212,0.6,0.9621,0.58,0.9969,27
1579061829.032,0.58,1.0092,0.56,1.0004,27
1579061829.849,0.57,0.9906,0.53,1.0219,27
1579061830.664,0.57,1.0031,0.55,1.0349,27
1579061831.474,0.57,1.0207,0.56,1.0021,27
1579061831.877,0.59,0.9684,0.58,1.0102,27
1579061832.691,0.58,0.9921,0.55,1.0379,28
1579061833.569,0.57,0.9995,0.56,1.0083,28
1579061834.378,0.58,0.9828,0.57,0.9946,28
1579061835.203,0.58,0.9942,0.57,1.0107,28
1579061836.028,0.58,0.9803,0.52,1.009,28
1579061836.863,0.57,0.9969,0.52,1.0099,28
1579061837.672,0.58,0.9986,0.56,1.0022,28
1579061838.484,0.6,0.9595,0.58,0.9857,28
1579061839.304,0.58,1.0049,0.55,0.9958,28
1579061840.122,0.58,0.9911,0.54,1.0245,28
1579061840.926,0.57,0.9967,0.55,1.0145,28
1579061841.732,0.57,1.0052,0.56,0.9969,28
1579061842.122,0.6,0.9629,0.55,1.0053,28
1579061842.926,0.58,0.9877,0.55,1.0117,29
1579061843.756,0.59,0.9851,0.55,1.0101,29
1579061844.56,0.58,0.9823,0.6,0.9992,29
1579061845.388,0.58,0.9884,0.56,0.9908,29
1579061846.186,0.58,0.9739,0.54,1.001,29
1579061846.986,0.58,0.9917,0.53,1.0119,29
1579061847.786,0.58,0.9923,0.55,0.9869,29
1579061848.599,0.61,0.953,0.59,0.9829,29
1579061849.41,0.58,1.0016,0.56,0.9907,29
1579061850.226,0.58,0.9843,0.53,1.0185,29
1579061851.024,0.58,0.9945,0.57,1.0268,29
1579061851.849,0.57,1.0085,0.56,0.9945,29
1579061852.246,0.6,0.9577,0.55,0.998,29
1579061853.047,0.58,0.9849,0.55,1.0148,30
1579061853.862,0.58,0.9843,0.53,1.008,30
1579061854.67,0.58,0.98,0.58,0.9957,30
1579061855.473,0.58,0.9849,0.55,0.9932,30
1579061856.271,0.59,0.9702,0.55,0.9981,30
1579061857.124,0.58,0.9896,0.54,1.0081,30
1579061857.924,0.58,0.9891,0.55,0.9866,30
1579061858.733,0.61,0.9499,0.58,0.9799,30
1579061859.535,0.58,0.9979,0.55,0.99,30
1579061860.335,0.58,0.9816,0.52,1.0189,30
1579061861.135,0.58,0.9909,0.57,1.015,30
1579061861.942,0.58,1.0007,0.56,0.9897,30
1579061862.331,0.6,0.953,0.57,0.996,30
1579061863.136,0.59,0.9805,0.56,1.0078,31
1579061863.973,0.59,0.9793,0.55,1.0022,31
1579061864.78,0.58,0.9758,0.59,0.9917,31
1579061865.586,0.58,0.9826,0.56,0.988,31
1579061866.388,0.59,0.9658,0.54,1.0005,31
1579061867.205,0.58,0.9871,0.54,1.0029,31
1579061868.023,0.58,0.9845,0.56,0.9816,31
1579061868.84,0.61,0.9474,0.57,0.9805,31
1579061869.643,0.58,0.9943,0.55,0.9925,31
1579061870.453,0.58,0.9791,0.52,1.0189,31
1579061871.256,0.58,0.9876,0.56,1.0105,31
1579061872.064,0.58,0.9959,0.56,0.9848,31
1579061872.456,0.61,0.9507,0.56,0.9947,31
1579061873.272,0.59,0.9785,0.57,1.0,32
1579061874.079,0.59,0.9762,0.56,1.0012,32
1579061874.887,0.58,0.9728,0.58,0.984,32
1579061875.686,0.58,0.9793,0.56,0.9837,32
1579061876.492,0.59,0.9625,0.55,0.9991,32
1579061877.299,0.57,0.9856,0.53,0.9957,32
1579061878.109,0.58,0.9827,0.59,0.9856,32
1579061878.907,0.6,0.9472,0.58,0.9747,32
1579061879.709,0.58,0.9905,0.56,0.9924,32
1579061880.515,0.58,0.9754,0.51,1.0161,32
1579061881.329,0.58,0.9853,0.56,1.0037,32
1579061882.127,0.58,0.9918,0.57,0.9815,32
1579061882.574,0.61,0.9455,0.56,0.9909,32
1579061883.389,0.59,0.9748,0.58,0.9991,33
1579061884.189,0.59,0.9727,0.56,0.9955,33
1579061884.989,0.58,0.9699,0.58,0.9813,33
1579061885.792,0.58,0.9769,0.56,0.9881,33
1579061886.598,0.59,0.9593,0.53,0.9997,33
1579061887.404,0.58,0.9836,0.53,0.9924,33
1579061888.21,0.59,0.9781,0.6,0.9787,33
1579061889.014,0.61,0.944,0.58,0.9741,33
1579061889.819,0.58,0.9866,0.55,0.9977,33
1579061890.63,0.59,0.9735,0.53,1.0134,33
1579061891.439,0.58,0.9846,0.57,1.0079,33
1579061892.237,0.58,0.9952,0.56,0.9806,33
1579061892.626,0.61,0.9475,0.53,1.0028,33
1579061893.44,0.59,0.9773,0.55,0.9972,34
1579061894.243,0.59,0.9737,0.56,0.9964,34
1579061895.08,0.58,0.9696,0.57,0.9745,34
1579061895.891,0.58,0.9766,0.56,0.9859,34
1579061896.715,0.6,0.956,0.55,1.002,34
1579061897.522,0.58,0.9826,0.54,0.9895,34
1579061898.322,0.59,0.9781,0.59,0.9892,34
1579061899.153,0.6,0.9465,0.57,0.9721,34
1579061899.958,0.58,0.9848,0.51,0.9941,34
1579061900.78,0.59,0.9709,0.53,1.012,34
1579061901.597,0.58,0.9791,0.58,0.9893,34
1579061902.417,0.59,0.9846,0.57,0.9795,34
1579061902.805,0.62,0.9373,0.54,0.9875,34
1579061903.615,0.59,0.9693,0.56,0.9999,35
1579061904.422,0.59,0.9672,0.58,0.985,35
1579061905.224,0.59,0.9636,0.58,0.977,35
1579061906.062,0.58,0.9724,0.55,0.9822,35
1579061906.932,0.6,0.9523,0.54,0.9988,35
1579061907.741,0.58,0.9797,0.55,0.984,35
1579061908.542,0.59,0.9715,0.6,0.9787,35
1579061909.362,0.61,0.9389,0.57,0.9731,35
1579061910.193,0.58,0.9789,0.53,1.0007,35
1579061911.008,0.59,0.9696,0.5,1.0076,35
1579061911.835,0.58,0.9771,0.59,0.9973,35
1579061912.646,0.58,0.987,0.57,0.9763,35
1579061913.048,0.61,0.9358,0.54,0.997,35
1579061913.858,0.59,0.9677,0.57,0.9908,36
1579061914.665,0.59,0.9646,0.59,0.9836,36
1579061915.474,0.59,0.962,0.57,0.9694,36
1579061916.29,0.58,0.9706,0.56,0.9888,36
1579061917.099,0.6,0.9501,0.55,0.9915,36
1579061917.905,0.58,0.9769,0.56,0.9777,36
1579061918.71,0.59,0.9679,0.61,0.9775,36
1579061919.517,0.61,0.9367,0.55,0.9754,36
1579061920.325,0.59,0.9755,0.51,1.0054,36
1579061921.133,0.59,0.9689,0.53,1.0004,36
1579061921.935,0.58,0.977,0.58,1.0043,36
1579061922.736,0.58,0.9927,0.56,0.9749,36
1579061923.137,0.62,0.9338,0.53,0.998,36
1579061923.941,0.59,0.9656,0.56,0.9904,37
1579061924.743,0.6,0.9601,0.57,0.9726,37
1579061925.549,0.59,0.9596,0.58,0.9753,37
1579061926.365,0.58,0.9685,0.56,0.9801,37
1579061927.167,0.6,0.9483,0.55,1.0026,37
1579061927.981,0.58,0.9782,0.56,0.9696,37
1579061928.841,0.59,0.9673,0.62,0.9733,37
1579061929.659,0.61,0.9348,0.56,0.9766,37
1579061930.476,0.59,0.97,0.51,1.0046,37
1579061931.279,0.59,0.9666,0.53,1.0003,37
1579061932.078,0.59,0.9688,0.58,0.9712,37
1579061932.889,0.59,0.9783,0.57,0.9803,37
1579061933.288,0.62,0.9234,0.53,0.9949,37
1579061934.094,0.59,0.9643,0.57,0.9877,38
1579061934.899,0.6,0.9575,0.6,0.9693,38
1579061935.722,0.59,0.9558,0.57,0.9666,38
1579061936.536,0.59,0.9648,0.58,0.9981,38
1579061937.341,0.6,0.9473,0.56,0.9811,38
1579061938.151,0.59,0.9736,0.59,0.9739,38
1579061938.958,0.59,0.962,0.6,0.9656,38
1579061939.764,0.62,0.9293,0.56,0.98,38
1579061940.569,0.6,0.9672,0.5,0.9985,38
1579061941.368,0.6,0.9622,0.53,0.9901,38
1579061942.175,0.59,0.965,0.57,0.9817,38
1579061942.987,0.59,0.9765,0.55,0.9732,38
1579061943.38,0.63,0.9212,0.53,1.0021,38
1579061944.187,0.59,0.9633,0.55,0.9791,39
1579061944.997,0.6,0.9588,0.58,0.9883,39
1579061945.833,0.59,0.9637,0.56,0.966,39
1579061946.641,0.59,0.9735,0.54,1.0149,39
1579061947.444,0.6,0.9582,0.55,0.9731,39
1579061948.246,0.59,0.9708,0.55,0.9685,39
1579061949.052,0.59,0.9629,0.56,0.9969,39
1579061949.918,0.61,0.9385,0.56,0.9782,39
1579061950.732,0.59,0.9706,0.51,0.9969,39
1579061951.533,0.6,0.9594,0.53,0.9969,39
1579061952.333,0.59,0.964,0.57,0.9697,39
1579061953.144,0.6,0.9725,0.57,0.9796,39
1579061953.541,0.63,0.9184,0.53,0.9932,39
1579061954.348,0.59,0.9577,0.54,0.9847,40
1579061955.172,0.61,0.9515,0.6,0.9765,40
1579061956.002,0.59,0.9524,0.57,0.96,40
1579061956.824,0.59,0.9606,0.55,0.9819,40
1579061957.627,0.6,0.9392,0.56,0.9876,40
1579061958.437,0.59,0.9693,0.57,0.9628,40
1579061959.261,0.59,0.9652,0.6,0.9877,40
1579061960.066,0.61,0.9353,0.52,0.9762,40
1579061960.875,0.6,0.9617,0.51,1.002,40
1579061961.685,0.6,0.9627,0.55,1.0024,40
1579061962.504,0.59,0.9664,0.59,0.9639,40
1579061963.317,0.59,0.9712,0.57,0.9719,40
1579061963.706,0.63,0.9123,0.52,1.0034,40
1579061964.541,0.59,0.9578,0.55,0.9784,41
1579061965.365,0.6,0.9534,0.58,0.9796,41
1579061966.195,0.59,0.9516,0.56,0.9679,41
1579061967.002,0.59,0.9553,0.55,0.9744,41
1579061967.804,0.6,0.938,0.57,0.9999,41
1579061968.618,0.59,0.9727,0.57,0.9615,41
1579061969.428,0.6,0.9615,0.6,0.9727,41
1579061970.246,0.61,0.9211,0.56,0.9875,41
1579061971.052,0.6,0.9619,0.49,0.9984,41
1579061971.87,0.6,0.963,0.54,0.9934,41
1579061972.684,0.59,0.9596,0.54,0.9738,41
1579061973.498,0.6,0.9666,0.55,0.9722,41
1579061973.887,0.63,0.9125,0.52,1.0045,41
1579061974.699,0.59,0.9571,0.53,0.9754,42
1579061975.564,0.61,0.9459,0.6,0.9658,42
1579061976.391,0.59,0.946,0.6,0.9728,42
1579061977.195,0.6,0.9539,0.55,0.9733,42
1579061978.004,0.6,0.9367,0.58,0.9874,42
1579061978.816,0.59,0.9634,0.6,0.9651,42
1579061979.628,0.59,0.9526,0.6,0.9646,42
1579061980.436,0.62,0.9188,0.54,0.9948,42
1579061981.274,0.6,0.9623,0.5,0.9965,42
1579061982.077,0.6,0.9574,0.54,0.9796,42
1579061982.899,0.59,0.9539,0.56,0.9816,42
1579061983.707,0.6,0.9683,0.54,0.9724,42
1579061984.1,0.63,0.9065,0.53,0.9944,42
1579061984.933,0.6,0.9504,0.58,0.9772,43
1579061985.751,0.61,0.9429,0.55,0.9626,43
1579061986.578,0.59,0.9449,0.57,0.9685,43
1579061987.388,0.6,0.949,0.56,0.9797,43
1579061988.203,0.61,0.9333,0.58,0.9769,43
1579061989.018,0.59,0.9575,0.6,0.9663,43
1579061989.853,0.6,0.9513,0.59,0.9723,43
1579061990.665,0.62,0.9148,0.54,0.9908,43
1579061991.493,0.6,0.955,0.53,0.9949,43
1579061992.323,0.6,0.9519,0.56,0.973,43
1579061993.165,0.59,0.9518,0.56,0.9741,43
1579061993.981,0.6,0.9624,0.53,0.9787,43
1579061994.371,0.63,0.9005,0.52,0.9943,43
1579061995.196,0.6,0.9485,0.58,0.97,44
1579061996.037,0.61,0.9404,0.57,0.9628,44
1579061996.862,0.6,0.9421,0.56,0.9672,44
1579061997.672,0.6,0.9465,0.55,0.9807,44
1579061998.482,0.61,0.9329,0.58,0.97,44
1579061999.356,0.59,0.9541,0.59,0.9651,44
1579062000.173,0.59,0.9512,0.58,0.9812,44
1579062000.975,0.62,0.9139,0.53,0.991,44
1579062001.794,0.61,0.9527,0.53,0.9889,44
1579062002.601,0.6,0.9487,0.58,0.9687,44
1579062003.41,0.59,0.9512,0.56,0.9724,44
1579062004.215,0.6,0.9563,0.54,0.9872,44
1579062004.605,0.63,0.8975,0.53,0.9891,44
1579062005.421,0.6,0.9454,0.6,0.9649,45
1579062006.226,0.61,0.9383,0.57,0.9649,45
1579062007.029,0.6,0.9374,0.54,0.968,45
1579062007.833,0.6,0.9463,0.54,0.9872,45
1579062008.643,0.61,0.9316,0.56,0.965,45
1579062009.454,0.6,0.9519,0.57,0.9671,45
1579062010.26,0.59,0.948,0.55,0.9826,45
1579062011.07,0.62,0.912,0.55,0.9927,45
1579062011.877,0.61,0.9513,0.56,0.9824,45
1579062012.69,0.6,0.9458,0.58,0.9678,45
1579062013.499,0.6,0.9498,0.55,0.9866,45
1579062014.308,0.6,0.9549,0.53,0.9915,45
1579062014.716,0.63,0.8957,0.54,0.992,45
1579062015.524,0.6,0.9442,0.59,0.9576,46
1579062016.328,0.61,0.9363,0.58,0.9604,46
1579062017.147,0.6,0.9349,0.56,0.965,46
1579062017.952,0.6,0.9452,0.54,0.9904,46
1579062018.772,0.61,0.9296,0.58,0.9651,46
1579062019.575,0.6,0.9498,0.57,0.9661,46
1579062020.38,0.6,0.9476,0.55,0.9843,46
1579062021.195,0.62,0.9094,0.55,0.9913,46
1579062022.008,0.61,0.9507,0.6,0.9813,46
1579062022.823,0.6,0.9432,0.59,0.9667,46
1579062023.63,0.6,0.9511,0.55,1.0089,46
1579062024.434,0.6,0.9624,0.53,0.998,46
1579062024.879,0.63,0.9018,0.54,1.0173,46
1579062025.687,0.6,0.9509,0.56,0.9542,47
1579062026.498,0.61,0.9361,0.56,0.959,47
1579062027.316,0.59,0.9385,0.56,0.9634,47
1579062028.129,0.6,0.9411,0.55,0.9861,47
1579062028.94,0.61,0.9305,0.57,0.9821,47
1579062029.741,0.6,0.9495,0.59,0.9634,47
1579062030.55,0.59,0.9574,0.6,0.9868,47
1579062031.348,0.62,0.9157,0.55,0.9914,47
1579062032.158,0.6,0.9505,0.52,1.0018,47
1579062032.961,0.6,0.9453,0.56,0.9785,47
1579062033.768,0.6,0.9421,0.58,0.9709,47
1579062034.573,0.6,0.9539,0.54,0.9932,47
1579062034.977,0.63,0.8853,0.53,1.0069,47
1579062035.788,0.6,0.9468,0.52,0.9772,48
1579062036.594,0.61,0.931,0.58,0.9599,48
1579062037.423,0.6,0.9348,0.58,0.9498,48
1579062038.241,0.6,0.9418,0.55,0.9887,48
1579062039.047,0.61,0.9281,0.52,0.9851,48
1579062039.856,0.6,0.9517,0.58,0.9644,48
1579062040.663,0.6,0.9396,0.59,0.9705,48
1579062041.477,0.62,0.913,0.57,0.9641,48
1579062042.292,0.61,0.9431,0.54,1.0044,48
1579062043.093,0.6,0.9453,0.55,0.979,48
1579062043.898,0.6,0.9476,0.56,1.0082,48
1579062044.703,0.59,0.9636,0.54,0.9764,48
1579062045.104,0.64,0.886,0.54,0.9977,48
1579062045.912,0.6,0.9385,0.53,0.9945,49
1579062046.732,0.61,0.9336,0.56,0.9549,49
1579062047.561,0.61,0.9274,0.59,0.9635,49
1579062048.373,0.6,0.9413,0.59,0.9719,49
1579062049.225,0.62,0.9174,0.54,1.0033,49
1579062050.029,0.6,0.9498,0.59,0.9713,49
1579062050.833,0.61,0.9373,0.56,0.9737,49
1579062051.652,0.62,0.9059,0.59,0.9651,49
1579062052.477,0.61,0.9394,0.55,0.9829,49
1579062053.299,0.61,0.9373,0.56,0.9852,49
1579062054.113,0.6,0.9383,0.55,0.9846,49
1579062054.928,0.6,0.9443,0.58,0.9784,49
1579062055.323,0.64,0.8785,0.53,0.9883,49
1579062056.14,0.6,0.9334,0.53,0.9794,50
1579062056.975,0.62,0.9264,0.6,0.9532,50
1579062057.813,0.61,0.9207,0.6,0.9497,50
1579062058.638,0.61,0.934,0.6,0.9694,50
1579062059.442,0.61,0.914,0.57,0.9936,50
1579062060.264,0.6,0.9435,0.59,0.9666,50
1579062061.072,0.61,0.9351,0.57,0.975,50
1579062061.899,0.63,0.9019,0.58,0.9645,50
1579062062.706,0.61,0.9384,0.55,0.9862,50
1579062063.509,0.6,0.9372,0.55,0.9809,50
1579062064.316,0.6,0.9522,0.52,1.0751,50
1579062065.131,0.58,0.9911,0.54,0.9816,50
1579062065.522,0.63,0.9026,0.55,1.0078,50
1579062066.333,0.6,0.9387,0.59,0.9795,51
1579062067.148,0.62,0.9251,0.57,0.946,51
1579062067.973,0.61,0.9317,0.59,0.9654,51
1579062068.777,0.61,0.9378,0.56,0.9842,51
1579062069.582,0.62,0.916,0.55,0.9873,51
1579062070.392,0.6,0.9438,0.57,0.9747,51
1579062071.272,0.61,0.9332,0.59,0.9644,51
1579062072.084,0.63,0.898,0.57,0.9712,51
1579062072.896,0.61,0.9354,0.55,0.9879,51
1579062073.707,0.6,0.9343,0.53,0.9802,51
1579062074.521,0.6,0.9364,0.56,1.0003,51
1579062075.344,0.6,0.9445,0.56,0.9802,51
1579062075.742,0.65,0.87,0.52,0.9891,51
1579062076.553,0.6,0.9416,0.55,1.0108,52
1579062077.367,0.61,0.9358,0.59,0.9477,52
1579062078.2,0.61,0.9184,0.59,0.95,52
1579062079.027,0.6,0.9426,0.58,1.0163,52
1579062079.837,0.61,0.9335,0.58,0.9747,52
1579062080.648,0.61,0.939,0.55,0.9774,52
1579062081.469,0.6,0.9489,0.57,1.0176,52
1579062082.292,0.62,0.9234,0.59,0.9627,52
1579062083.097,0.62,0.9335,0.54,1.0107,52
1579062083.904,0.6,0.958,0.58,1.0183,52
1579062084.714,0.6,0.9482,0.57,0.9815,52
1579062085.53,0.61,0.9458,0.51,0.9871,52
1579062085.926,0.64,0.8839,0.56,1.0097,52
1579062086.751,0.6,0.9295,0.55,0.9875,53
1579062087.571,0.61,0.9252,0.59,0.9588,53
1579062088.4,0.61,0.9159,0.57,0.9687,53
1579062089.216,0.6,0.9355,0.58,0.9792,53
1579062090.025,0.62,0.9118,0.57,0.9961,53
1579062090.843,0.61,0.9394,0.56,0.9865,53
1579062091.689,0.61,0.9359,0.59,0.9738,53
1579062092.558,0.63,0.8913,0.59,0.9778,53
1579062093.374,0.61,0.9418,0.57,0.9823,53
1579062094.173,0.61,0.9315,0.53,0.9869,53
1579062094.982,0.6,0.9373,0.55,1.0099,53
1579062095.802,0.6,0.9501,0.58,0.9877,53
1579062096.192,0.65,0.8664,0.48,1.0166,53
1579062097.001,0.6,0.9555,0.57,1.0065,54
1579062097.819,0.62,0.9231,0.56,0.9701,54
1579062098.642,0.61,0.9307,0.58,0.9492,54
1579062099.449,0.6,0.9371,0.56,0.9939,54
1579062100.252,0.61,0.9158,0.57,1.0028,54
1579062101.062,0.61,0.9433,0.6,0.9673,54
1579062101.875,0.6,0.9364,0.53,0.9915,54
1579062102.678,0.62,0.9038,0.58,0.9997,54
1579062103.488,0.61,0.9373,0.6,0.9695,54
1579062104.291,0.6,0.939,0.55,0.9879,54
1579062105.116,0.6,0.9369,0.56,1.0267,54
1579062105.926,0.6,0.9462,0.57,0.9898,54
1579062106.322,0.65,0.8719,0.53,0.9832,54
1579062107.13,0.6,0.9346,0.54,1.0154,55
1579062107.939,0.61,0.9284,0.55,0.9758,55
1579062108.76,0.6,0.9181,0.57,0.9418,55
1579062109.561,0.6,0.9465,0.59,0.9683,55
1579062110.364,0.62,0.9075,0.52,1.0341,55
1579062111.173,0.59,0.9546,0.59,0.9606,55
1579062111.985,0.61,0.9311,0.62,0.9598,55
1579062112.787,0.63,0.9027,0.54,1.0059,55
1579062113.592,0.61,0.9393,0.53,1.004,55
1579062114.393,0.61,0.9349,0.56,0.9757,55
1579062115.205,0.6,0.94,0.56,0.9998,55
1579062116.038,0.6,0.9456,0.55,1.0229,55
1579062116.436,0.63,0.8726,0.51,1.0044,55
1579062117.258,0.6,0.9441,0.55,0.9804,56
1579062118.132,0.62,0.9144,0.56,1.0127,56
1579062118.954,0.6,0.9336,0.58,0.9519,56
1579062119.764,0.61,0.9262,0.55,0.9621,56
1579062120.565,0.61,0.9301,0.55,1.0094,56
1579062121.391,0.61,0.9401,0.57,0.9983,56
1579062122.202,0.61,0.9338,0.6,0.9587,56
1579062123.008,0.63,0.9039,0.58,0.9686,56
1579062123.809,0.61,0.9301,0.51,1.0219,56
1579062124.626,0.6,0.9463,0.58,0.9699,56
1579062125.445,0.61,0.9252,0.57,0.9578,56
1579062126.251,0.61,0.9421,0.57,1.0022,56
1579062126.643,0.64,0.8654,0.54,1.0227,56
1579062127.465,0.6,0.926,0.55,0.9828,57
1579062128.271,0.61,0.9245,0.58,0.9653,57
1579062129.071,0.62,0.9089,0.57,0.9906,57
1579062129.878,0.6,0.9344,0.57,0.9581,57
1579062130.689,0.62,0.9055,0.58,0.9597,57
1579062131.499,0.61,0.9322,0.57,0.9885,57
1579062132.299,0.62,0.9221,0.56,0.9855,57
1579062133.108,0.63,0.8854,0.59,0.9686,57
1579062133.916,0.62,0.9281,0.6,0.9902,57
1579062134.739,0.61,0.923,0.59,0.9877,57
1579062135.544,0.61,0.9233,0.58,0.9715,57
1579062136.396,0.61,0.9323,0.57,0.9823,57
1579062136.789,0.66,0.8517,0.57,1.0035,57
1579062137.601,0.61,0.9192,0.55,0.9881,58
1579062138.407,0.62,0.9096,0.59,0.9762,58
1579062139.222,0.62,0.9101,0.59,0.9616,58
1579062140.029,0.62,0.9214,0.56,0.9643,58
1579062140.846,0.62,0.9078,0.58,0.9852,58
1579062141.725,0.61,0.9262,0.56,0.9789,58
1579062142.533,0.62,0.9193,0.59,0.9725,58
1579062143.342,0.63,0.8861,0.55,0.9927,58
1579062144.147,0.62,0.9234,0.57,0.9936,58
1579062144.962,0.61,0.9227,0.59,0.9727,58
1579062145.776,0.6,0.9305,0.59,0.9899,58
1579062146.579,0.61,0.9293,0.56,1.0166,58
1579062146.971,0.65,0.8522,0.54,0.9959,58
1579062147.779,0.61,0.9264,0.58,0.9768,59
1579062148.586,0.63,0.9041,0.54,0.9986,59
1579062149.4,0.6,0.9191,0.58,0.9535,59
1579062150.228,0.61,0.9209,0.57,0.9623,59
1579062151.043,0.61,0.9133,0.58,1.0058,59
1579062151.867,0.61,0.9308,0.56,0.9859,59
1579062152.68,0.62,0.9217,0.6,0.9735,59
1579062153.497,0.63,0.8941,0.56,0.9977,59
1579062154.315,0.62,0.9228,0.56,1.0053,59
1579062155.141,0.61,0.9297,0.57,0.968,59
1579062155.953,0.61,0.9322,0.58,0.9732,59
1579062156.76,0.62,0.9266,0.55,1.0423,59
1579062157.156,0.64,0.8607,0.56,1.0007,59
1579062157.969,0.61,0.9161,0.58,0.9678,60
1579062158.774,0.62,0.9173,0.55,0.9913,60
1579062159.587,0.61,0.9133,0.58,0.9944,60
1579062160.41,0.61,0.9265,0.55,0.9623,60
1579062161.221,0.61,0.9198,0.56,0.9636,60
1579062162.024,0.62,0.9205,0.57,1.0205,60
1579062162.836,0.61,0.931,0.58,0.9871,60
1579062163.639,0.63,0.8785,0.58,0.9802,60
1579062164.452,0.62,0.9295,0.57,1.0043,60
1579062165.254,0.61,0.9225,0.59,0.9868,60
1579062166.064,0.62,0.916,0.58,0.9666,60
1579062166.893,0.61,0.9281,0.59,0.9929,60
1579062167.349,0.66,0.8416,0.55,1.0307,60
1579062168.158,0.61,0.9178,0.56,0.9816,61
1579062168.961,0.63,0.9036,0.57,0.9595,61
1579062169.775,0.62,0.9032,0.57,0.9859,61
1579062170.585,0.61,0.9194,0.57,0.9759,61
1579062171.395,0.62,0.9013,0.56,0.9576,61
1579062172.216,0.62,0.9208,0.56,0.9779,61
1579062173.022,0.62,0.9155,0.6,0.9972,61
1579062173.837,0.64,0.8751,0.59,0.9911,61
1579062174.648,0.62,0.9176,0.57,0.985,61
1579062175.456,0.62,0.914,0.6,0.9765,61
1579062176.265,0.62,0.9127,0.58,0.9862,61
1579062177.075,0.62,0.9206,0.58,1.0054,61
1579062177.476,0.66,0.8361,0.58,0.9972,61
1579062178.291,0.61,0.9092,0.61,0.9746,62
1579062179.116,0.63,0.8988,0.57,0.9817,62
1579062179.94,0.62,0.8989,0.59,0.9773,62
1579062180.761,0.61,0.9153,0.54,0.9657,62
1579062181.588,0.62,0.9002,0.53,0.9852,62
1579062182.395,0.62,0.9185,0.56,0.9892,62
1579062183.198,0.63,0.9113,0.57,0.9865,62
1579062184.013,0.63,0.8792,0.56,0.9922,62
1579062184.839,0.62,0.9139,0.54,0.9879,62
1579062185.646,0.61,0.9194,0.58,0.9727,62
1579062186.452,0.61,0.9191,0.58,1.0009,62
1579062187.255,0.62,0.9193,0.57,1.0248,62
1579062187.649,0.66,0.8388,0.6,0.9834,62
1579062188.451,0.61,0.9115,0.6,0.968,63
1579062189.264,0.64,0.8958,0.54,1.0007,63
1579062190.078,0.61,0.9027,0.58,0.9659,63
1579062190.89,0.62,0.9112,0.57,0.9584,63
1579062191.748,0.62,0.9007,0.55,1.0044,63
1579062192.553,0.61,0.9182,0.56,0.9981,63
1579062193.363,0.63,0.9091,0.59,0.9782,63
1579062194.175,0.63,0.8828,0.57,0.9912,63
1579062194.996,0.62,0.9125,0.54,0.9989,63
1579062195.799,0.61,0.9192,0.54,0.9771,63
1579062196.604,0.61,0.9237,0.58,1.0023,63
1579062197.421,0.62,0.9214,0.57,1.0307,63
1579062197.809,0.65,0.8379,0.58,0.9938,63
1579062198.62,0.6,0.9138,0.59,0.97,64
1579062199.442,0.63,0.8964,0.54,1.0034,64
1579062200.253,0.61,0.9018,0.57,0.9758,64
1579062201.054,0.62,0.9107,0.55,0.9595,64
1579062201.863,0.62,0.9025,0.57,0.991,64
1579062202.666,0.62,0.9133,0.53,1.0094,64
1579062203.478,0.62,0.9129,0.59,0.9777,64
1579062204.284,0.63,0.8758,0.58,0.9792,64
1579062205.092,0.62,0.9136,0.53,1.0115,64
1579062205.917,0.61,0.9197,0.59,0.979,64
1579062206.725,0.62,0.9133,0.56,0.9834,64
1579062207.538,0.61,0.927,0.55,1.0274,64
1579062207.934,0.66,0.8319,0.55,1.0109,64
1579062208.746,0.61,0.9107,0.61,0.962,65
1579062209.557,0.63,0.8965,0.57,0.9823,65
1579062210.386,0.63,0.8939,0.57,1.0021,65
1579062211.193,0.61,0.9156,0.55,0.9587,65
1579062212.005,0.62,0.8954,0.58,0.969,65
1579062212.819,0.62,0.916,0.56,1.0147,65
1579062213.692,0.63,0.908,0.56,1.0022,65
1579062214.498,0.64,0.8749,0.6,0.9728,65
1579062215.315,0.62,0.9136,0.56,0.9883,65
1579062216.118,0.62,0.9099,0.59,1.0,65
1579062216.936,0.61,0.9198,0.59,0.993,65
1579062217.747,0.62,0.9157,0.61,1.0065,65
1579062218.141,0.67,0.8317,0.57,1.021,65
1579062218.962,0.61,0.9131,0.6,0.9806,66
1579062219.776,0.64,0.8893,0.59,0.9838,66
1579062220.581,0.62,0.9049,0.62,0.9765,66
1579062221.389,0.62,0.9058,0.53,0.9799,66
1579062222.189,0.62,0.9052,0.58,0.9918,66
1579062223.012,0.62,0.9117,0.58,0.9975,66
1579062223.825,0.62,0.9143,0.57,0.9862,66
1579062224.626,0.64,0.8724,0.58,0.9949,66
1579062225.43,0.62,0.9076,0.59,0.9889,66
1579062226.24,0.62,0.9113,0.6,0.9643,66
1579062227.07,0.62,0.9087,0.6,0.9895,66
1579062227.88,0.62,0.9099,0.56,1.0375,66
1579062228.273,0.66,0.827,0.6,0.9835,66
1579062229.09,0.62,0.8997,0.61,0.9675,67
1579062229.896,0.63,0.8992,0.58,1.0013,67
1579062230.701,0.62,0.8957,0.61,0.9794,67
1579062231.524,0.62,0.9098,0.58,0.9561,67
1579062232.356,0.62,0.8997,0.55,0.9975,67
1579062233.177,0.62,0.9088,0.6,1.0208,67
1579062233.992,0.62,0.9116,0.59,0.9678,67
1579062234.862,0.64,0.8714,0.57,0.9725,67
1579062235.678,0.63,0.9062,0.53,1.0204,67
1579062236.488,0.61,0.9175,0.6,0.9715,67
1579062237.314,0.62,0.9043,0.61,0.9717,67
1579062238.127,0.62,0.9125,0.56,1.0416,67
1579062238.524,0.66,0.8256,0.59,1.0068,67
1579062239.345,0.62,0.8967,0.6,0.9646,68
1579062240.164,0.62,0.904,0.56,0.9813,68
1579062240.978,0.62,0.89,0.56,1.0179,68
1579062241.798,0.61,0.916,0.57,0.9577,68
1579062242.623,0.63,0.8965,0.56,0.9649,68
1579062243.451,0.62,0.9084,0.55,1.0369,68
1579062244.272,0.62,0.9151,0.57,0.9928,68
1579062245.088,0.64,0.8631,0.59,0.9681,68
1579062245.911,0.62,0.9147,0.56,1.0001,68
1579062246.738,0.62,0.905,0.58,1.0043,68
1579062247.574,0.62,0.9009,0.62,0.976,68
1579062248.384,0.62,0.9127,0.58,0.9942,68
1579062248.776,0.68,0.8109,0.56,1.0426,68
1579062249.595,0.62,0.904,0.61,0.9767,69
1579062250.394,0.63,0.8862,0.6,0.9582,69
1579062251.206,0.62,0.8867,0.59,1.0117,69
1579062252.008,0.62,0.9087,0.58,0.9771,69
1579062252.821,0.63,0.8806,0.58,0.9598,69
1579062253.633,0.62,0.9091,0.6,0.9927,69
1579062254.444,0.63,0.8957,0.57,1.0198,69
1579062255.249,0.64,0.8644,0.58,0.9732,69
1579062256.058,0.63,0.9009,0.58,0.9738,69
1579062256.897,0.62,0.899,0.58,1.0029,69
1579062257.709,0.62,0.9005,0.59,0.9917,69
1579062258.513,0.63,0.9024,0.59,0.988,69
1579062258.913,0.68,0.8075,0.6,1.0109,69
1579062259.717,0.62,0.8917,0.62,0.987,70
1579062260.579,0.64,0.8805,0.57,0.9741,70
1579062261.392,0.62,0.8815,0.6,0.9941,70
1579062262.208,0.62,0.8985,0.58,0.9852,70
1579062263.025,0.63,0.8787,0.56,0.9835,70
1579062263.833,0.63,0.9011,0.59,0.9965,70
1579062264.635,0.63,0.8923,0.55,1.0031,70
1579062265.446,0.64,0.8586,0.56,0.9819,70
1579062266.251,0.63,0.8956,0.58,0.9838,70
1579062267.074,0.62,0.898,0.59,0.9968,70
1579062267.877,0.62,0.9016,0.6,1.0012,70
1579062268.683,0.63,0.899,0.58,1.0025,70
1579062269.074,0.67,0.8046,0.61,0.9971,70
1579062269.88,0.62,0.8893,0.62,0.982,71
1579062270.688,0.64,0.8784,0.52,0.9911,71
1579062271.495,0.62,0.8853,0.59,0.9899,71
1579062272.315,0.62,0.8945,0.58,0.9873,71
1579062273.125,0.63,0.8798,0.54,1.0038,71
1579062273.933,0.62,0.9002,0.57,0.9915,71
1579062274.737,0.63,0.8879,0.57,0.9964,71
1579062275.544,0.64,0.8622,0.57,0.9967,71
1579062276.351,0.63,0.8953,0.56,0.9931,71
1579062277.157,0.62,0.9008,0.6,0.9982,71
1579062277.964,0.62,0.9047,0.58,1.0206,71
1579062278.777,0.63,0.9006,0.55,1.0076,71
1579062279.179,0.67,0.8021,0.6,0.985,71
1579062279.991,0.62,0.8882,0.62,0.9845,72
1579062280.799,0.64,0.8769,0.54,0.995,72
1579062281.611,0.63,0.8805,0.6,0.9715,72
1579062282.437,0.62,0.8897,0.59,0.9865,72
1579062283.251,0.63,0.8762,0.55,1.0136,72
1579062284.111,0.63,0.8951,0.57,0.9805,72
1579062284.93,0.63,0.8891,0.57,0.9902,72
1579062285.738,0.65,0.8556,0.57,1.01,72
1579062286.557,0.63,0.8975,0.57,0.9848,72
1579062287.364,0.62,0.8976,0.61,0.9919,72
1579062288.169,0.62,0.8961,0.56,1.0338,72
1579062288.973,0.63,0.9003,0.58,0.9991,72
1579062289.372,0.68,0.7926,0.61,0.9865,72
1579062290.175,0.62,0.8829,0.61,0.9882,73
1579062290.982,0.64,0.8728,0.6,0.9802,73
1579062291.821,0.63,0.8727,0.61,0.9693,73
1579062292.667,0.63,0.8872,0.59,0.9859,73
1579062293.484,0.63,0.8704,0.57,1.0019,73
1579062294.298,0.63,0.8892,0.6,0.9832,73
1579062295.107,0.64,0.8837,0.57,0.9955,73
1579062295.945,0.65,0.849,0.57,0.996,73
1579062296.769,0.63,0.8918,0.59,0.9848,73
1579062297.588,0.63,0.89,0.57,1.0096,73
1579062298.395,0.62,0.8981,0.55,1.0471,73
1579062299.208,0.62,0.9117,0.59,0.9855,73
1579062299.611,0.68,0.7901,0.6,1.0071,73
1579062300.453,0.62,0.8829,0.56,0.997,74
1579062301.268,0.63,0.8772,0.63,0.9585,74
1579062302.086,0.63,0.8708,0.6,1.0049,74
1579062302.894,0.62,0.8934,0.6,0.9978,74
1579062303.702,0.63,0.8679,0.55,0.9888,74
1579062304.515,0.63,0.8903,0.56,1.0143,74
1579062305.344,0.63,0.8851,0.58,1.0073,74
1579062306.166,0.65,0.8482,0.59,0.9751,74
1579062306.986,0.63,0.8952,0.56,0.9943,74
1579062307.802,0.63,0.8834,0.57,1.0159,74
1579062308.61,0.62,0.8983,0.6,1.0254,74
1579062309.428,0.62,0.8987,0.61,0.9921,74
1579062309.883,0.69,0.7826,0.58,1.0097,74
1579062310.708,0.62,0.8901,0.59,0.9912,75
1579062311.536,0.64,0.872,0.59,0.9738,75
1579062312.353,0.62,0.8799,0.59,1.0063,75
1579062313.175,0.62,0.8972,0.56,1.0278,75
1579062313.98,0.63,0.8748,0.55,1.0167,75
1579062314.806,0.62,0.8983,0.58,1.0002,75
1579062315.623,0.64,0.8794,0.57,1.0244,75
1579062316.471,0.64,0.8591,0.56,0.985,75
1579062317.288,0.63,0.8902,0.55,0.9873,75
1579062318.098,0.61,0.9012,0.6,1.0164,75
1579062318.929,0.63,0.8912,0.59,1.0248,75
1579062319.743,0.63,0.8973,0.58,1.0084,75
1579062320.147,0.68,0.7859,0.6,0.9903,75
1579062320.966,0.62,0.8758,0.59,0.9706,76
1579062321.777,0.64,0.8695,0.61,0.9889,76
1579062322.589,0.63,0.8722,0.6,0.975,76
1579062323.402,0.63,0.8812,0.6,0.994,76
1579062324.207,0.64,0.8677,0.54,1.0479,76
1579062325.01,0.63,0.8909,0.6,0.9891,76
1579062325.825,0.64,0.8829,0.57,1.0006,76
1579062326.645,0.65,0.8408,0.56,1.0139,76
1579062327.481,0.63,0.8926,0.62,0.974,76
1579062328.282,0.63,0.8888,0.59,1.0022,76
1579062329.092,0.63,0.8847,0.58,1.032,76
1579062329.896,0.63,0.8911,0.6,0.9956,76
1579062330.291,0.69,0.7776,0.6,1.0155,76
1579062331.1,0.63,0.873,0.61,0.979,77
1579062331.923,0.64,0.8645,0.62,0.9732,77
1579062332.741,0.64,0.8677,0.6,0.9946,77
1579062333.543,0.62,0.883,0.62,0.9755,77
1579062334.4,0.64,0.8657,0.55,1.0392,77
1579062335.209,0.63,0.8906,0.58,1.0077,77
1579062336.021,0.64,0.8758,0.56,0.9959,77
1579062336.85,0.65,0.8428,0.55,1.0079,77
1579062337.651,0.63,0.8923,0.6,0.9819,77
1579062338.455,0.63,0.8872,0.58,1.0036,77
1579062339.263,0.63,0.8872,0.55,1.0491,77
1579062340.072,0.63,0.8911,0.57,0.9886,77
1579062340.473,0.69,0.7798,0.61,0.9989,77
1579062341.287,0.63,0.8708,0.59,0.9846,78
1579062342.109,0.64,0.8608,0.57,0.9681,78
1579062342.932,0.63,0.8754,0.59,0.9995,78
1579062343.736,0.63,0.8806,0.57,1.0005,78
1579062344.544,0.64,0.8655,0.56,1.0273,78
1579062345.345,0.62,0.8897,0.59,1.0021,78
1579062346.158,0.64,0.8729,0.57,1.002,78
1579062346.991,0.65,0.8448,0.56,1.0074,78
1579062347.797,0.63,0.8869,0.55,0.9932,78
1579062348.604,0.62,0.8918,0.56,1.0066,78
1579062349.406,0.63,0.8841,0.56,1.0573,78
1579062350.219,0.64,0.891,0.58,1.0035,78
1579062350.614,0.69,0.7758,0.61,0.9924,78
1579062351.431,0.63,0.865,0.6,0.9863,79
1579062352.257,0.64,0.8592,0.58,0.9723,79
1579062353.059,0.64,0.8669,0.58,0.9891,79
1579062353.865,0.63,0.8747,0.59,1.0016,79
1579062354.67,0.64,0.8599,0.55,1.0333,79
1579062355.479,0.63,0.8835,0.58,1.0025,79
1579062356.343,0.64,0.8736,0.57,1.0023,79
1579062357.144,0.65,0.8328,0.57,0.9976,79
1579062357.943,0.63,0.8818,0.59,0.9852,79
1579062358.748,0.63,0.8825,0.56,1.0041,79
1579062359.557,0.64,0.8786,0.58,1.0452,79
1579062360.387,0.64,0.8854,0.61,1.006,79
1579062360.772,0.69,0.7683,0.62,1.0133,79
1579062361.598,0.63,0.8648,0.61,0.972,80
1579062362.408,0.65,0.8539,0.59,0.9765,80
1579062363.205,0.64,0.865,0.6,0.9988,80
1579062364.006,0.63,0.8775,0.6,0.9957,80
1579062364.814,0.64,0.8607,0.54,1.055,80
1579062365.632,0.62,0.8948,0.6,1.0028,80
1579062366.432,0.63,0.8754,0.57,1.013,80
1579062367.234,0.65,0.8311,0.55,1.001,80
1579062368.037,0.63,0.8785,0.59,0.9863,80
1579062368.859,0.63,0.8819,0.56,1.0173,80
1579062369.687,0.63,0.8803,0.57,1.0475,80
1579062370.508,0.64,0.8832,0.57,1.0012,80
1579062370.907,0.69,0.7707,0.61,1.0294,80
1579062371.742,0.63,0.8657,0.6,0.9791,81
1579062372.564,0.65,0.8516,0.62,0.9758,81
1579062373.379,0.63,0.8642,0.62,1.0082,81
1579062374.211,0.63,0.8787,0.57,0.9873,81
1579062375.039,0.63,0.8634,0.53,1.0553,81
1579062375.864,0.62,0.8955,0.61,0.9949,81
1579062376.679,0.64,0.8718,0.59,1.0076,81
1579062377.541,0.65,0.8339,0.56,1.0273,81
1579062378.352,0.63,0.8794,0.58,0.9934,81
1579062379.174,0.62,0.8916,0.59,1.0197,81
1579062379.988,0.63,0.8798,0.57,1.0555,81
1579062380.8,0.64,0.8852,0.58,0.998,81
1579062381.202,0.69,0.7688,0.6,1.0128,81
1579062382.016,0.63,0.8608,0.61,1.0003,82
1579062382.823,0.64,0.8549,0.58,0.9825,82
1579062383.636,0.64,0.8606,0.55,0.9938,82
1579062384.446,0.63,0.876,0.58,0.9987,82
1579062385.258,0.64,0.8529,0.6,0.9986,82
1579062386.088,0.64,0.8722,0.55,1.0162,82
1579062386.905,0.64,0.8736,0.59,0.9916,82
1579062387.72,0.66,0.8294,0.57,0.9918,82
1579062388.526,0.64,0.8691,0.57,1.0068,82
1579062389.349,0.63,0.8773,0.56,1.0031,82
1579062390.173,0.64,0.8788,0.57,1.029,82
1579062390.981,0.65,0.8766,0.58,1.0094,82
1579062391.388,0.69,0.7541,0.63,0.9923,82
1579062392.209,0.63,0.8621,0.62,1.0006,83
1579062393.024,0.65,0.8504,0.59,0.987,83
1579062393.834,0.65,0.8498,0.59,0.9827,83
1579062394.65,0.64,0.8711,0.6,1.0159,83
1579062395.467,0.64,0.8533,0.62,0.9804,83
1579062396.285,0.64,0.8751,0.57,1.0324,83
1579062397.103,0.64,0.8712,0.61,0.9842,83
1579062397.914,0.66,0.8254,0.58,1.0043,83
1579062398.738,0.64,0.8712,0.6,1.0036,83
1579062399.56,0.63,0.8802,0.56,1.0318,83
1579062400.375,0.63,0.8809,0.57,1.013,83
1579062401.188,0.64,0.8754,0.55,1.0265,83
1579062401.581,0.69,0.7529,0.64,0.9975,83
1579062402.397,0.63,0.8589,0.62,0.9916,84
1579062403.261,0.65,0.8471,0.57,1.0104,84
1579062404.062,0.64,0.8523,0.57,0.9877,84
1579062404.878,0.63,0.8779,0.57,1.0547,84
1579062405.696,0.63,0.8669,0.61,0.9714,84
1579062406.505,0.63,0.8959,0.57,1.051,84
1579062407.309,0.64,0.8786,0.6,0.9893,84
1579062408.114,0.65,0.827,0.62,0.9883,84
1579062408.921,0.65,0.8648,0.53,1.0195,84
1579062409.736,0.63,0.8733,0.55,1.02,84
1579062410.544,0.63,0.8929,0.53,1.0973,84
1579062411.353,0.62,0.9137,0.61,0.9979,84
1579062411.744,0.69,0.7582,0.61,1.0131,84
1579062412.549,0.63,0.8613,0.61,1.0273,85
1579062413.36,0.64,0.8628,0.62,0.9817,85
1579062414.172,0.64,0.8468,0.6,1.0158,85
1579062414.986,0.63,0.87,0.57,1.0132,85
1579062415.812,0.63,0.8674,0.6,0.9984,85
1579062416.622,0.63,0.8753,0.62,0.9792,85
1579062417.426,0.64,0.8632,0.59,1.0122,85
1579062418.234,0.66,0.8312,0.6,1.0005,85
1579062419.051,0.65,0.8665,0.57,0.9891,85
1579062419.865,0.63,0.8709,0.6,0.9994,85
1579062420.675,0.64,0.8696,0.56,1.0145,85
1579062421.479,0.64,0.8729,0.58,1.0179,85
1579062421.866,0.7,0.7473,0.59,1.0112,85
1579062422.683,0.63,0.8556,0.64,0.9868,86
1579062423.486,0.65,0.8477,0.58,1.0228,86
1579062424.283,0.64,0.8429,0.6,0.9736,86
1579062425.099,0.64,0.8607,0.57,1.0148,86
1579062425.909,0.65,0.8445,0.56,1.021,86
1579062426.777,0.64,0.8725,0.6,0.9747,86
1579062427.583,0.64,0.8681,0.58,1.0356,86
1579062428.387,0.66,0.8227,0.6,0.9665,86
1579062429.199,0.64,0.8699,0.53,1.0318,86
1579062430.001,0.63,0.8671,0.56,1.0126,86
1579062430.81,0.64,0.8637,0.61,0.994,86
1579062431.628,0.63,0.8754,0.56,1.0364,86
1579062432.035,0.69,0.7501,0.6,1.0065,86
1579062432.847,0.64,0.8544,0.62,0.9907,87
1579062433.646,0.65,0.8456,0.59,1.0429,87
1579062434.476,0.64,0.846,0.58,0.9894,87
1579062435.291,0.64,0.8663,0.59,1.0239,87
1579062436.094,0.64,0.8469,0.56,1.0205,87
1579062436.929,0.64,0.8652,0.62,0.9953,87
1579062437.752,0.64,0.8588,0.61,1.0193,87
1579062438.577,0.66,0.8158,0.65,0.9669,87
1579062439.405,0.65,0.8631,0.62,0.9951,87
1579062440.216,0.64,0.8576,0.58,1.0241,87
1579062441.031,0.64,0.8656,0.62,1.0087,87
1579062441.847,0.64,0.8646,0.59,1.0045,87
1579062442.253,0.71,0.735,0.58,1.0149,87
1579062443.071,0.64,0.8573,0.63,0.9873,88
1579062443.88,0.65,0.8422,0.6,1.0168,88
1579062444.7,0.65,0.8352,0.57,1.0202,88
1579062445.51,0.64,0.8648,0.59,1.0158,88
1579062446.313,0.64,0.8437,0.57,1.018,88
1579062447.121,0.64,0.8618,0.6,1.0017,88
1579062447.935,0.65,0.8564,0.59,1.0167,88
1579062448.76,0.66,0.8153,0.62,0.9695,88
1579062449.571,0.64,0.862,0.62,0.9973,88
1579062450.399,0.64,0.8547,0.59,1.0164,88
1579062451.208,0.64,0.8639,0.54,1.0248,88
1579062452.016,0.64,0.8615,0.6,0.9932,88
1579062452.467,0.71,0.7318,0.57,1.014,88
1579062453.281,0.64,0.8563,0.62,0.9782,89
1579062454.089,0.65,0.836,0.61,1.006,89
1579062454.899,0.65,0.8343,0.57,1.0371,89
1579062455.709,0.63,0.8686,0.58,1.0195,89
1579062456.511,0.65,0.8332,0.57,1.02,89
1579062457.315,0.64,0.8618,0.61,1.0229,89
1579062458.12,0.64,0.8625,0.57,1.0346,89
1579062458.937,0.66,0.8211,0.58,0.9668,89
1579062459.743,0.64,0.8709,0.56,1.0227,89
1579062460.552,0.64,0.8584,0.58,1.0093,89
1579062461.354,0.63,0.8744,0.54,1.053,89
1579062462.166,0.64,0.8699,0.59,0.9942,89
1579062462.572,0.71,0.7357,0.55,1.0229,89
1579062463.387,0.63,0.8603,0.62,0.9872,90
1579062464.197,0.65,0.832,0.58,0.9948,90
1579062465.023,0.64,0.8485,0.55,1.0754,90
1579062465.831,0.63,0.8802,0.57,1.0079,90
1579062466.638,0.65,0.8417,0.56,1.0825,90
1579062467.445,0.61,0.8972,0.55,1.0227,90
1579062468.259,0.64,0.8665,0.56,1.0713,90
1579062469.081,0.64,0.86,0.58,1.0078,90
1579062469.89,0.65,0.8596,0.54,1.0175,90
1579062470.703,0.6,0.9195,0.57,1.0586,90
1579062471.523,0.63,0.8933,0.58,1.0202,90
1579062472.357,0.62,0.8871,0.57,1.0421,90
1579062472.751,0.7,0.7533,0.55,1.0485,90
1579062473.564,0.62,0.8758,0.62,0.9702,91
1579062474.386,0.65,0.8419,0.59,0.9966,91
1579062475.196,0.64,0.8422,0.56,1.0436,91
1579062476.016,0.63,0.8718,0.62,0.972,91
1579062476.891,0.65,0.856,0.54,1.0234,91
1579062477.71,0.64,0.8625,0.55,1.0757,91
1579062478.526,0.64,0.859,0.58,0.9997,91
1579062479.346,0.65,0.8447,0.55,1.0326,91
1579062480.166,0.65,0.8668,0.58,1.0384,91
1579062480.981,0.62,0.8728,0.58,1.0,91
1579062481.808,0.63,0.8775,0.59,1.0507,91
1579062482.631,0.63,0.8854,0.56,1.0349,91
1579062483.023,0.71,0.732,0.55,1.0156,91
1579062483.833,0.62,0.8899,0.57,1.0147,92
1579062484.644,0.64,0.8511,0.58,1.035,92
1579062485.451,0.65,0.8468,0.58,0.9972,92
1579062486.258,0.63,0.8889,0.61,0.9916,92
1579062487.062,0.65,0.8381,0.57,1.0363,92
1579062487.867,0.64,0.8755,0.56,0.9993,92
1579062488.673,0.64,0.8619,0.6,1.0147,92
1579062489.479,0.66,0.8132,0.59,1.0405,92
1579062490.282,0.64,0.88,0.59,0.9952,92
1579062491.086,0.63,0.8647,0.57,1.0371,92
1579062491.899,0.63,0.8839,0.54,1.082,92
1579062492.708,0.64,0.8823,0.59,1.0367,92
1579062493.103,0.7,0.7484,0.59,1.02,92
1579062493.921,0.63,0.8672,0.6,1.0032,93
1579062494.745,0.65,0.8424,0.59,1.0155,93
1579062495.566,0.64,0.8625,0.59,0.9938,93
1579062496.37,0.64,0.8568,0.57,1.0137,93
1579062497.172,0.63,0.8785,0.54,1.035,93
1579062497.99,0.64,0.8708,0.59,1.0178,93
1579062498.879,0.64,0.8745,0.59,0.9999,93
1579062499.697,0.65,0.8215,0.55,1.0476,93
1579062500.509,0.64,0.8731,0.56,1.014,93
1579062501.331,0.63,0.8713,0.61,0.9952,93
1579062502.16,0.64,0.861,0.53,1.051,93
1579062502.977,0.64,0.8641,0.54,1.0547,93
1579062503.37,0.71,0.7305,0.61,0.9834,93
1579062504.186,0.63,0.8566,0.58,1.0051,94
1579062504.998,0.65,0.8345,0.58,1.0237,94
1579062505.819,0.64,0.8339,0.62,0.9669,94
1579062506.627,0.63,0.8601,0.62,0.9711,94
1579062507.439,0.66,0.8291,0.56,1.0253,94
1579062508.255,0.65,0.8687,0.6,0.9752,94
1579062509.063,0.65,0.8486,0.6,0.9968,94
1579062509.864,0.66,0.8119,0.54,1.0621,94
1579062510.676,0.64,0.8628,0.54,1.0122,94
1579062511.485,0.63,0.8634,0.6,1.0068,94
1579062512.298,0.65,0.8511,0.55,1.0697,94
1579062513.099,0.65,0.8631,0.57,1.0337,94
1579062513.493,0.71,0.7195,0.62,0.9914,94
1579062514.305,0.64,0.8405,0.58,0.991,95
1579062515.114,0.65,0.8264,0.63,1.0015,95
1579062515.921,0.65,0.8263,0.58,0.9824,95
1579062516.729,0.64,0.8501,0.61,0.982,95
1579062517.536,0.66,0.8278,0.57,1.0171,95
1579062518.346,0.64,0.8663,0.58,0.9679,95
1579062519.15,0.65,0.8434,0.59,0.9932,95
1579062520.009,0.66,0.8083,0.55,1.0439,95
1579062520.815,0.65,0.8548,0.54,1.0044,95
1579062521.623,0.63,0.8653,0.57,1.0418,95
1579062522.433,0.64,0.8578,0.53,1.1002,95
1579062523.242,0.64,0.8675,0.6,1.009,95
1579062523.631,0.72,0.7212,0.55,1.0106,95
1579062524.448,0.64,0.8401,0.6,1.0217,96
1579062525.252,0.66,0.8262,0.61,0.9807,96
1579062526.064,0.65,0.8305,0.63,0.9783,96
1579062526.888,0.65,0.8382,0.58,0.9935,96
1579062527.701,0.65,0.8387,0.58,1.009,96
1579062528.509,0.65,0.8529,0.57,0.9907,96
1579062529.311,0.65,0.8443,0.57,0.996,96
1579062530.108,0.66,0.807,0.56,1.0175,96
1579062530.92,0.65,0.8466,0.59,0.9994,96
1579062531.747,0.64,0.8536,0.56,1.0485,96
1579062532.564,0.65,0.859,0.52,1.0993,96
1579062533.36,0.65,0.8557,0.59,1.0256,96
1579062533.753,0.73,0.7179,0.57,1.0122,96
1579062534.556,0.64,0.8292,0.59,1.0261,97
1579062535.356,0.66,0.8289,0.61,0.9906,97
1579062536.158,0.65,0.8252,0.64,0.9776,97
1579062536.988,0.65,0.8364,0.58,0.9956,97
1579062537.799,0.65,0.8376,0.57,1.0156,97
1579062538.598,0.65,0.8475,0.62,0.9884,97
1579062539.403,0.65,0.847,0.59,1.0003,97
1579062540.225,0.66,0.8021,0.57,1.0223,97
1579062541.043,0.65,0.8448,0.61,0.9912,97
1579062541.863,0.64,0.8535,0.56,1.0343,97
1579062542.677,0.65,0.8451,0.52,1.0866,97
1579062543.481,0.64,0.8531,0.61,1.0159,97
1579062543.879,0.73,0.7068,0.57,1.0027,97
1579062544.691,0.65,0.8279,0.59,1.0245,98
1579062545.564,0.66,0.8274,0.62,0.993,98
1579062546.378,0.66,0.8145,0.63,0.9703,98
1579062547.198,0.65,0.8375,0.6,0.9911,98
1579062547.999,0.66,0.8234,0.58,1.0073,98
1579062548.805,0.66,0.8394,0.61,0.9832,98
1579062549.625,0.65,0.8469,0.59,0.9998,98
1579062550.432,0.67,0.79,0.6,0.999,98
1579062551.242,0.65,0.8381,0.6,0.9977,98
1579062552.051,0.65,0.8393,0.56,1.0368,98
1579062552.868,0.65,0.8398,0.54,1.0661,98
1579062553.678,0.65,0.8435,0.59,1.0306,98
1579062554.08,0.73,0.6975,0.59,0.9996,98
1579062554.909,0.65,0.8261,0.59,1.0251,99
1579062555.717,0.66,0.822,0.62,1.0076,99
1579062556.528,0.66,0.8112,0.63,0.9699,99
1579062557.362,0.65,0.8346,0.6,1.0078,99
1579062558.182,0.66,0.8185,0.58,1.0017,99
1579062559.016,0.66,0.8345,0.58,0.993,99
1579062559.826,0.65,0.8415,0.58,0.9998,99
1579062560.658,0.67,0.7868,0.58,0.9888,99
1579062561.493,0.66,0.8337,0.6,1.0095,99
1579062562.315,0.65,0.8339,0.55,1.0477,99
1579062563.133,0.65,0.8424,0.58,1.0685,99
1579062563.941,0.65,0.8385,0.6,1.0212,99
1579062564.346,0.74,0.6919,0.61,1.0073,99
