1579441046.896,0.25,1.3864,0.26,1.3852,0
1579441048.275,0.25,1.3864,0.26,1.3852,0
1579441049.633,0.25,1.3864,0.26,1.3852,0
1579441050.994,0.25,1.3861,0.26,1.3852,0
1579441052.391,0.25,1.3863,0.26,1.3852,0
1579441053.752,0.25,1.3863,0.26,1.3852,0
1579441055.106,0.25,1.3866,0.26,1.3852,0
1579441056.515,0.26,1.3864,0.26,1.3852,0
1579441057.883,0.26,1.3865,0.26,1.3852,0
1579441059.301,0.25,1.3863,0.26,1.3852,0
1579441060.667,0.24,1.3863,0.26,1.3852,0
1579441061.862,0.24,1.3864,0.26,1.3852,0
1579441063.239,0.25,1.3864,0.26,1.3852,1
1579441064.613,0.25,1.3864,0.26,1.3852,1
1579441065.987,0.25,1.3864,0.26,1.3852,1
1579441067.394,0.25,1.3861,0.26,1.3852,1
1579441068.752,0.25,1.3863,0.26,1.3852,1
1579441070.115,0.25,1.3863,0.26,1.3852,1
1579441071.493,0.25,1.3866,0.26,1.3852,1
1579441072.855,0.26,1.3864,0.26,1.3852,1
1579441074.21,0.26,1.3865,0.26,1.3852,1
1579441075.579,0.25,1.3863,0.26,1.3852,1
1579441076.944,0.24,1.3863,0.26,1.3852,1
1579441078.158,0.24,1.3864,0.26,1.3852,1
1579441079.52,0.25,1.3864,0.26,1.3852,2
1579441080.871,0.25,1.3864,0.26,1.3852,2
1579441082.282,0.25,1.3864,0.26,1.3852,2
1579441083.634,0.25,1.3861,0.26,1.3852,2
1579441085.016,0.25,1.3863,0.26,1.3852,2
1579441086.386,0.25,1.3863,0.26,1.3852,2
1579441087.769,0.25,1.3866,0.26,1.3852,2
1579441089.136,0.26,1.3864,0.26,1.3852,2
1579441090.539,0.26,1.3865,0.26,1.3852,2
1579441091.893,0.25,1.3863,0.26,1.3852,2
1579441093.317,0.24,1.3863,0.26,1.3852,2
1579441094.529,0.24,1.3864,0.26,1.3852,2
1579441095.884,0.25,1.3864,0.26,1.3852,3
1579441097.302,0.25,1.3864,0.26,1.3852,3
1579441098.676,0.25,1.3864,0.26,1.3852,3
1579441100.089,0.25,1.3861,0.26,1.3852,3
1579441101.438,0.25,1.3863,0.26,1.3852,3
1579441102.798,0.25,1.3863,0.26,1.3852,3
1579441104.166,0.25,1.3866,0.26,1.3852,3
1579441105.537,0.26,1.3864,0.26,1.3852,3
1579441106.917,0.26,1.3865,0.26,1.3852,3
1579441108.29,0.25,1.3863,0.26,1.3852,3
1579441109.642,0.24,1.3863,0.26,1.3852,3
1579441110.839,0.24,1.3864,0.26,1.3852,3
1579441112.236,0.25,1.3864,0.26,1.3852,4
1579441113.601,0.25,1.3864,0.26,1.3852,4
1579441114.96,0.25,1.3864,0.26,1.3852,4
1579441116.326,0.25,1.3861,0.26,1.3852,4
1579441117.696,0.25,1.3863,0.26,1.3852,4
1579441119.077,0.25,1.3863,0.26,1.3852,4
1579441120.43,0.25,1.3866,0.26,1.3852,4
1579441121.786,0.26,1.3864,0.26,1.3852,4
1579441123.199,0.26,1.3865,0.26,1.3852,4
1579441124.549,0.25,1.3863,0.26,1.3852,4
1579441125.895,0.24,1.3863,0.26,1.3852,4
1579441127.158,0.24,1.3864,0.26,1.3852,4
1579441128.558,0.25,1.3864,0.26,1.3852,5
1579441129.902,0.25,1.3864,0.26,1.3852,5
1579441131.3,0.25,1.3864,0.26,1.3852,5
1579441132.685,0.25,1.3861,0.26,1.3852,5
1579441134.037,0.25,1.3863,0.26,1.3852,5
1579441135.396,0.25,1.3863,0.26,1.3852,5
1579441136.766,0.25,1.3866,0.26,1.3852,5
1579441138.162,0.26,1.3864,0.26,1.3852,5
1579441139.58,0.26,1.3865,0.26,1.3852,5
1579441140.943,0.25,1.3863,0.26,1.3852,5
1579441142.322,0.24,1.3863,0.26,1.3852,5
1579441143.525,0.24,1.3864,0.26,1.3852,5
1579441144.877,0.25,1.3864,0.26,1.3852,6
1579441146.249,0.25,1.3864,0.26,1.3852,6
1579441147.653,0.25,1.3864,0.26,1.3852,6
1579441149.012,0.25,1.3861,0.26,1.3852,6
1579441150.38,0.25,1.3863,0.26,1.3852,6
1579441151.777,0.25,1.3863,0.26,1.3852,6
1579441153.173,0.25,1.3866,0.26,1.3852,6
1579441154.533,0.26,1.3864,0.26,1.3852,6
1579441155.919,0.26,1.3865,0.26,1.3852,6
1579441157.334,0.25,1.3863,0.26,1.3852,6
1579441158.687,0.24,1.3863,0.26,1.3852,6
1579441159.908,0.24,1.3864,0.26,1.3852,6
1579441161.282,0.25,1.3864,0.26,1.3852,7
1579441162.631,0.25,1.3864,0.26,1.3852,7
1579441163.989,0.25,1.3864,0.26,1.3852,7
1579441165.399,0.25,1.3861,0.26,1.3852,7
1579441166.754,0.25,1.3863,0.26,1.3852,7
1579441168.136,0.25,1.3863,0.26,1.3852,7
1579441169.569,0.25,1.3866,0.26,1.3852,7
1579441170.939,0.26,1.3864,0.26,1.3852,7
1579441172.335,0.26,1.3865,0.26,1.3852,7
1579441173.691,0.25,1.3863,0.26,1.3852,7
1579441175.084,0.24,1.3863,0.26,1.3852,7
1579441176.287,0.24,1.3864,0.26,1.3852,7
1579441177.697,0.25,1.3864,0.26,1.3852,8
1579441179.053,0.25,1.3864,0.26,1.3852,8
1579441180.423,0.25,1.3864,0.26,1.3852,8
1579441181.807,0.25,1.3861,0.26,1.3852,8
1579441183.182,0.25,1.3863,0.26,1.3852,8
1579441184.579,0.25,1.3863,0.26,1.3852,8
1579441185.928,0.25,1.3866,0.26,1.3852,8
1579441187.349,0.26,1.3864,0.26,1.3852,8
1579441188.721,0.26,1.3865,0.26,1.3852,8
1579441190.068,0.25,1.3863,0.26,1.3852,8
1579441191.42,0.24,1.3863,0.26,1.3852,8
1579441192.633,0.24,1.3864,0.26,1.3852,8
1579441194.001,0.25,1.3864,0.26,1.3852,9
1579441195.385,0.25,1.3864,0.26,1.3852,9
1579441196.742,0.25,1.3864,0.26,1.3852,9
1579441198.117,0.25,1.3861,0.26,1.3852,9
1579441199.471,0.25,1.3863,0.26,1.3852,9
1579441200.827,0.25,1.3863,0.26,1.3852,9
1579441202.22,0.25,1.3866,0.26,1.3852,9
1579441203.591,0.26,1.3864,0.26,1.3852,9
1579441204.945,0.26,1.3865,0.26,1.3852,9
1579441206.293,0.25,1.3863,0.26,1.3852,9
1579441207.658,0.24,1.3863,0.26,1.3852,9
1579441208.854,0.24,1.3864,0.26,1.3852,9
1579441210.216,0.25,1.3864,0.26,1.3852,10
1579441211.572,0.25,1.3864,0.26,1.3852,10
1579441212.949,0.25,1.3864,0.26,1.3852,10
1579441214.348,0.25,1.3861,0.26,1.3852,10
1579441215.699,0.25,1.3863,0.26,1.3852,10
1579441217.069,0.25,1.3863,0.26,1.3852,10
1579441218.475,0.25,1.3866,0.26,1.3852,10
1579441219.846,0.26,1.3864,0.26,1.3852,10
1579441221.209,0.26,1.3865,0.26,1.3852,10
1579441222.576,0.25,1.3863,0.26,1.3852,10
1579441223.927,0.24,1.3863,0.26,1.3852,10
1579441225.12,0.24,1.3864,0.26,1.3852,10
1579441226.482,0.25,1.3864,0.26,1.3852,11
1579441227.873,0.25,1.3864,0.26,1.3852,11
1579441229.266,0.25,1.3864,0.26,1.3852,11
1579441230.627,0.25,1.3861,0.26,1.3852,11
1579441232.075,0.25,1.3863,0.26,1.3852,11
1579441233.424,0.25,1.3863,0.26,1.3852,11
1579441234.779,0.25,1.3866,0.26,1.3852,11
1579441236.128,0.26,1.3864,0.26,1.3852,11
1579441237.485,0.26,1.3865,0.26,1.3852,11
1579441238.864,0.25,1.3863,0.26,1.3852,11
1579441240.212,0.24,1.3863,0.26,1.3852,11
1579441241.439,0.24,1.3864,0.26,1.3852,11
1579441242.812,0.25,1.3864,0.26,1.3852,12
1579441244.176,0.25,1.3864,0.26,1.3852,12
1579441245.546,0.25,1.3864,0.26,1.3852,12
1579441246.922,0.25,1.3861,0.26,1.3852,12
1579441248.293,0.25,1.3863,0.26,1.3852,12
1579441249.639,0.25,1.3863,0.26,1.3852,12
1579441251.02,0.25,1.3866,0.26,1.3852,12
1579441252.396,0.26,1.3864,0.26,1.3852,12
1579441253.75,0.26,1.3865,0.26,1.3852,12
1579441255.119,0.25,1.3863,0.26,1.3852,12
1579441256.499,0.24,1.3863,0.26,1.3852,12
1579441257.694,0.24,1.3864,0.26,1.3852,12
1579441259.134,0.25,1.3864,0.26,1.3852,13
1579441260.508,0.25,1.3864,0.26,1.3852,13
1579441261.922,0.25,1.3864,0.26,1.3852,13
1579441263.282,0.25,1.3861,0.26,1.3852,13
1579441264.643,0.25,1.3863,0.26,1.3852,13
1579441266.021,0.25,1.3863,0.26,1.3852,13
1579441267.383,0.25,1.3866,0.26,1.3852,13
1579441268.746,0.26,1.3864,0.26,1.3852,13
1579441270.123,0.26,1.3865,0.26,1.3852,13
1579441271.479,0.25,1.3863,0.26,1.3852,13
1579441272.83,0.24,1.3863,0.26,1.3852,13
1579441274.077,0.24,1.3864,0.26,1.3852,13
1579441275.461,0.25,1.3864,0.26,1.3852,14
1579441276.81,0.25,1.3864,0.26,1.3852,14
1579441278.18,0.25,1.3864,0.26,1.3852,14
1579441279.567,0.25,1.3861,0.26,1.3852,14
1579441280.921,0.25,1.3863,0.26,1.3852,14
1579441282.274,0.25,1.3863,0.26,1.3852,14
1579441283.648,0.25,1.3866,0.26,1.3852,14
1579441285.054,0.26,1.3864,0.26,1.3852,14
1579441286.42,0.26,1.3865,0.26,1.3852,14
1579441287.776,0.25,1.3863,0.26,1.3852,14
1579441289.186,0.24,1.3863,0.26,1.3852,14
1579441290.41,0.24,1.3864,0.26,1.3852,14
1579441291.827,0.25,1.3864,0.26,1.3852,15
1579441293.239,0.25,1.3864,0.26,1.3852,15
1579441294.616,0.25,1.3864,0.26,1.3852,15
1579441295.973,0.25,1.3861,0.26,1.3852,15
1579441297.385,0.25,1.3863,0.26,1.3852,15
1579441298.768,0.25,1.3863,0.26,1.3852,15
1579441300.133,0.25,1.3866,0.26,1.3852,15
1579441301.485,0.26,1.3864,0.26,1.3852,15
1579441302.847,0.26,1.3865,0.26,1.3852,15
1579441304.21,0.25,1.3863,0.26,1.3852,15
1579441305.563,0.24,1.3863,0.26,1.3852,15
1579441306.763,0.24,1.3864,0.26,1.3852,15
1579441308.168,0.25,1.3864,0.26,1.3852,16
1579441309.534,0.25,1.3864,0.26,1.3852,16
1579441310.891,0.25,1.3864,0.26,1.3852,16
1579441312.271,0.25,1.3861,0.26,1.3852,16
1579441313.623,0.25,1.3863,0.26,1.3852,16
1579441314.978,0.25,1.3863,0.26,1.3852,16
1579441316.336,0.25,1.3866,0.26,1.3852,16
1579441317.699,0.26,1.3864,0.26,1.3852,16
1579441319.067,0.26,1.3865,0.26,1.3852,16
1579441320.422,0.25,1.3863,0.26,1.3852,16
1579441321.852,0.24,1.3863,0.26,1.3852,16
1579441323.048,0.24,1.3864,0.26,1.3852,16
1579441324.401,0.25,1.3864,0.26,1.3852,17
1579441325.756,0.25,1.3864,0.26,1.3852,17
1579441327.163,0.25,1.3864,0.26,1.3852,17
1579441328.515,0.25,1.3861,0.26,1.3852,17
1579441329.874,0.25,1.3863,0.26,1.3852,17
1579441331.247,0.25,1.3863,0.26,1.3852,17
1579441332.671,0.25,1.3866,0.26,1.3852,17
1579441334.043,0.26,1.3864,0.26,1.3852,17
1579441335.428,0.26,1.3865,0.26,1.3852,17
1579441336.819,0.25,1.3863,0.26,1.3852,17
1579441338.194,0.24,1.3863,0.26,1.3852,17
1579441339.388,0.24,1.3864,0.26,1.3852,17
1579441340.747,0.25,1.3864,0.26,1.3852,18
1579441342.131,0.25,1.3864,0.26,1.3852,18
1579441343.495,0.25,1.3864,0.26,1.3852,18
1579441344.844,0.25,1.3861,0.26,1.3852,18
1579441346.216,0.25,1.3863,0.26,1.3852,18
1579441347.578,0.25,1.3863,0.26,1.3852,18
1579441348.924,0.25,1.3866,0.26,1.3852,18
1579441350.296,0.26,1.3864,0.26,1.3852,18
1579441351.717,0.26,1.3865,0.26,1.3852,18
1579441353.092,0.25,1.3863,0.26,1.3852,18
1579441354.456,0.24,1.3863,0.26,1.3852,18
1579441355.672,0.24,1.3864,0.26,1.3852,18
1579441357.032,0.25,1.3864,0.26,1.3852,19
1579441358.395,0.25,1.3864,0.26,1.3852,19
1579441359.775,0.25,1.3864,0.26,1.3852,19
1579441361.152,0.25,1.3861,0.26,1.3852,19
1579441362.519,0.25,1.3863,0.26,1.3852,19
1579441363.866,0.25,1.3863,0.26,1.3852,19
1579441365.245,0.25,1.3866,0.26,1.3852,19
1579441366.598,0.26,1.3864,0.26,1.3852,19
1579441367.96,0.26,1.3865,0.26,1.3852,19
1579441369.367,0.25,1.3863,0.26,1.3852,19
1579441370.782,0.24,1.3863,0.26,1.3852,19
1579441371.977,0.24,1.3864,0.26,1.3852,19
1579441373.339,0.25,1.3864,0.26,1.3852,20
1579441374.717,0.25,1.3864,0.26,1.3852,20
1579441376.061,0.25,1.3864,0.26,1.3852,20
1579441377.417,0.25,1.3861,0.26,1.3852,20
1579441378.776,0.25,1.3863,0.26,1.3852,20
1579441380.151,0.25,1.3863,0.26,1.3852,20
1579441381.512,0.25,1.3866,0.26,1.3852,20
1579441382.864,0.26,1.3864,0.26,1.3852,20
1579441384.25,0.26,1.3865,0.26,1.3852,20
1579441385.593,0.25,1.3863,0.26,1.3852,20
1579441386.952,0.24,1.3863,0.26,1.3852,20
1579441388.202,0.24,1.3864,0.26,1.3852,20
1579441389.615,0.25,1.3864,0.26,1.3852,21
1579441390.96,0.25,1.3864,0.26,1.3852,21
1579441392.329,0.25,1.3864,0.26,1.3852,21
1579441393.717,0.25,1.3861,0.26,1.3852,21
1579441395.089,0.25,1.3863,0.26,1.3852,21
1579441396.458,0.25,1.3863,0.26,1.3852,21
1579441397.834,0.25,1.3866,0.26,1.3852,21
1579441399.267,0.26,1.3864,0.26,1.3852,21
1579441400.615,0.26,1.3865,0.26,1.3852,21
1579441401.963,0.25,1.3863,0.26,1.3852,21
1579441403.348,0.24,1.3863,0.26,1.3852,21
1579441404.538,0.24,1.3864,0.26,1.3852,21
1579441405.889,0.25,1.3864,0.26,1.3852,22
1579441407.308,0.25,1.3864,0.26,1.3852,22
1579441408.77,0.25,1.3864,0.26,1.3852,22
1579441410.115,0.25,1.3861,0.26,1.3852,22
1579441411.501,0.25,1.3863,0.26,1.3852,22
1579441412.899,0.25,1.3863,0.26,1.3852,22
1579441414.255,0.25,1.3866,0.26,1.3852,22
1579441415.611,0.26,1.3864,0.26,1.3852,22
1579441417.016,0.26,1.3865,0.26,1.3852,22
1579441418.381,0.25,1.3863,0.26,1.3852,22
1579441419.775,0.24,1.3863,0.26,1.3852,22
1579441420.986,0.24,1.3864,0.26,1.3852,22
1579441422.379,0.25,1.3864,0.26,1.3852,23
1579441423.737,0.25,1.3864,0.26,1.3852,23
1579441425.103,0.25,1.3864,0.26,1.3852,23
1579441426.516,0.25,1.3861,0.26,1.3852,23
1579441427.893,0.25,1.3863,0.26,1.3852,23
1579441429.268,0.25,1.3863,0.26,1.3852,23
1579441430.648,0.25,1.3866,0.26,1.3852,23
1579441432.051,0.26,1.3864,0.26,1.3852,23
1579441433.435,0.26,1.3865,0.26,1.3852,23
1579441434.812,0.25,1.3863,0.26,1.3852,23
1579441436.198,0.24,1.3863,0.26,1.3852,23
1579441437.396,0.24,1.3864,0.26,1.3852,23
1579441438.758,0.25,1.3864,0.26,1.3852,24
1579441440.16,0.25,1.3864,0.26,1.3852,24
1579441441.547,0.25,1.3864,0.26,1.3852,24
1579441442.9,0.25,1.3861,0.26,1.3852,24
1579441444.261,0.25,1.3863,0.26,1.3852,24
1579441445.706,0.25,1.3863,0.26,1.3852,24
1579441447.074,0.25,1.3866,0.26,1.3852,24
1579441448.446,0.26,1.3864,0.26,1.3852,24
1579441449.847,0.26,1.3865,0.26,1.3852,24
1579441451.23,0.25,1.3863,0.26,1.3852,24
1579441452.591,0.24,1.3863,0.26,1.3852,24
1579441453.866,0.24,1.3864,0.26,1.3852,24
1579441455.259,0.25,1.3864,0.26,1.3852,25
1579441456.623,0.25,1.3864,0.26,1.3852,25
1579441457.986,0.25,1.3864,0.26,1.3852,25
1579441459.425,0.25,1.3861,0.26,1.3852,25
1579441460.792,0.25,1.3863,0.26,1.3852,25
1579441462.164,0.25,1.3863,0.26,1.3852,25
1579441463.595,0.25,1.3866,0.26,1.3852,25
1579441464.96,0.26,1.3864,0.26,1.3852,25
1579441466.321,0.26,1.3865,0.26,1.3852,25
1579441467.712,0.25,1.3863,0.26,1.3852,25
1579441469.127,0.24,1.3863,0.26,1.3852,25
1579441470.324,0.24,1.3864,0.26,1.3852,25
1579441471.718,0.25,1.3864,0.26,1.3852,26
1579441473.104,0.25,1.3864,0.26,1.3852,26
1579441474.459,0.25,1.3864,0.26,1.3852,26
1579441475.811,0.25,1.3861,0.26,1.3852,26
1579441477.194,0.25,1.3863,0.26,1.3852,26
1579441478.55,0.25,1.3863,0.26,1.3852,26
1579441479.923,0.25,1.3866,0.26,1.3852,26
1579441481.346,0.26,1.3864,0.26,1.3852,26
1579441482.721,0.26,1.3865,0.26,1.3852,26
1579441484.074,0.25,1.3863,0.26,1.3852,26
1579441485.437,0.24,1.3863,0.26,1.3852,26
1579441486.732,0.24,1.3864,0.26,1.3852,26
1579441488.109,0.25,1.3864,0.26,1.3852,27
1579441489.476,0.25,1.3864,0.26,1.3852,27
1579441490.853,0.25,1.3864,0.26,1.3852,27
1579441492.247,0.25,1.3861,0.26,1.3852,27
1579441493.61,0.25,1.3863,0.26,1.3852,27
1579441494.962,0.25,1.3863,0.26,1.3852,27
1579441496.34,0.25,1.3866,0.26,1.3852,27
1579441497.709,0.26,1.3864,0.26,1.3852,27
1579441499.093,0.26,1.3865,0.26,1.3852,27
1579441500.507,0.25,1.3863,0.26,1.3852,27
1579441501.911,0.24,1.3863,0.26,1.3852,27
1579441503.119,0.24,1.3864,0.26,1.3852,27
1579441504.476,0.25,1.3864,0.26,1.3852,28
1579441505.866,0.25,1.3864,0.26,1.3852,28
1579441507.242,0.25,1.3864,0.26,1.3852,28
1579441508.597,0.25,1.3861,0.26,1.3852,28
1579441509.979,0.25,1.3863,0.26,1.3852,28
1579441511.364,0.25,1.3863,0.26,1.3852,28
1579441512.722,0.25,1.3866,0.26,1.3852,28
1579441514.12,0.26,1.3864,0.26,1.3852,28
1579441515.489,0.26,1.3865,0.26,1.3852,28
1579441516.833,0.25,1.3863,0.26,1.3852,28
1579441518.207,0.24,1.3863,0.26,1.3852,28
1579441519.426,0.24,1.3864,0.26,1.3852,28
1579441520.807,0.25,1.3864,0.26,1.3852,29
1579441522.187,0.25,1.3864,0.26,1.3852,29
1579441523.554,0.25,1.3864,0.26,1.3852,29
1579441524.986,0.25,1.3861,0.26,1.3852,29
1579441526.363,0.25,1.3863,0.26,1.3852,29
1579441527.711,0.25,1.3863,0.26,1.3852,29
1579441529.113,0.25,1.3866,0.26,1.3852,29
1579441530.489,0.26,1.3864,0.26,1.3852,29
1579441531.893,0.26,1.3865,0.26,1.3852,29
1579441533.285,0.25,1.3863,0.26,1.3852,29
1579441534.655,0.24,1.3863,0.26,1.3852,29
1579441535.85,0.24,1.3864,0.26,1.3852,29
1579441537.207,0.25,1.3864,0.26,1.3852,30
1579441538.63,0.25,1.3864,0.26,1.3852,30
1579441540.007,0.25,1.3864,0.26,1.3852,30
1579441541.357,0.25,1.3861,0.26,1.3852,30
1579441542.759,0.25,1.3863,0.26,1.3852,30
1579441544.126,0.25,1.3863,0.26,1.3852,30
1579441545.479,0.25,1.3866,0.26,1.3852,30
1579441546.858,0.26,1.3864,0.26,1.3852,30
1579441548.268,0.26,1.3865,0.26,1.3852,30
1579441549.611,0.25,1.3863,0.26,1.3852,30
1579441550.963,0.24,1.3863,0.26,1.3852,30
1579441552.194,0.24,1.3864,0.26,1.3852,30
1579441553.571,0.25,1.3864,0.26,1.3852,31
1579441554.924,0.25,1.3864,0.26,1.3852,31
1579441556.292,0.25,1.3864,0.26,1.3852,31
1579441557.696,0.25,1.3861,0.26,1.3852,31
1579441559.077,0.25,1.3863,0.26,1.3852,31
1579441560.45,0.25,1.3863,0.26,1.3852,31
1579441561.859,0.25,1.3866,0.26,1.3852,31
1579441563.266,0.26,1.3864,0.26,1.3852,31
1579441564.637,0.26,1.3865,0.26,1.3852,31
1579441566.078,0.25,1.3863,0.26,1.3852,31
1579441567.472,0.24,1.3863,0.26,1.3852,31
1579441568.685,0.24,1.3864,0.26,1.3852,31
1579441570.038,0.25,1.3864,0.26,1.3852,32
1579441571.42,0.25,1.3864,0.26,1.3852,32
1579441572.782,0.25,1.3864,0.26,1.3852,32
1579441574.169,0.25,1.3861,0.26,1.3852,32
1579441575.581,0.25,1.3863,0.26,1.3852,32
1579441576.963,0.25,1.3863,0.26,1.3852,32
1579441578.336,0.25,1.3866,0.26,1.3852,32
1579441579.734,0.26,1.3864,0.26,1.3852,32
1579441581.108,0.26,1.3865,0.26,1.3852,32
1579441582.482,0.25,1.3863,0.26,1.3852,32
1579441583.847,0.24,1.3863,0.26,1.3852,32
1579441585.08,0.24,1.3864,0.26,1.3852,32
1579441586.456,0.25,1.3864,0.26,1.3852,33
1579441587.809,0.25,1.3864,0.26,1.3852,33
1579441589.211,0.25,1.3864,0.26,1.3852,33
1579441590.575,0.25,1.3861,0.26,1.3852,33
1579441592.013,0.25,1.3863,0.26,1.3852,33
1579441593.374,0.25,1.3863,0.26,1.3852,33
1579441594.783,0.25,1.3866,0.26,1.3852,33
1579441596.137,0.26,1.3864,0.26,1.3852,33
1579441597.491,0.26,1.3865,0.26,1.3852,33
1579441598.884,0.25,1.3863,0.26,1.3852,33
1579441600.278,0.24,1.3863,0.26,1.3852,33
1579441601.478,0.24,1.3864,0.26,1.3852,33
1579441602.847,0.25,1.3864,0.26,1.3852,34
1579441604.293,0.25,1.3864,0.26,1.3852,34
1579441605.646,0.25,1.3864,0.26,1.3852,34
1579441607.0,0.25,1.3861,0.26,1.3852,34
1579441608.383,0.25,1.3863,0.26,1.3852,34
1579441609.757,0.25,1.3863,0.26,1.3852,34
1579441611.114,0.25,1.3866,0.26,1.3852,34
1579441612.517,0.26,1.3864,0.26,1.3852,34
1579441613.885,0.26,1.3865,0.26,1.3852,34
1579441615.259,0.25,1.3863,0.26,1.3852,34
1579441616.635,0.24,1.3863,0.26,1.3852,34
1579441617.843,0.24,1.3864,0.26,1.3852,34
1579441619.244,0.25,1.3864,0.26,1.3852,35
1579441620.596,0.25,1.3864,0.26,1.3852,35
1579441622.056,0.25,1.3864,0.26,1.3852,35
1579441623.447,0.25,1.3861,0.26,1.3852,35
1579441624.804,0.25,1.3863,0.26,1.3852,35
1579441626.17,0.25,1.3863,0.26,1.3852,35
1579441627.525,0.25,1.3866,0.26,1.3852,35
1579441628.903,0.26,1.3864,0.26,1.3852,35
1579441630.252,0.26,1.3865,0.26,1.3852,35
1579441631.655,0.25,1.3863,0.26,1.3852,35
1579441633.019,0.24,1.3863,0.26,1.3852,35
1579441634.223,0.24,1.3864,0.26,1.3852,35
1579441635.589,0.25,1.3864,0.26,1.3852,36
1579441636.966,0.25,1.3864,0.26,1.3852,36
1579441638.356,0.25,1.3864,0.26,1.3852,36
1579441639.719,0.25,1.3861,0.26,1.3852,36
1579441641.155,0.25,1.3863,0.26,1.3852,36
1579441642.511,0.25,1.3863,0.26,1.3852,36
1579441643.868,0.25,1.3866,0.26,1.3852,36
1579441645.244,0.26,1.3864,0.26,1.3852,36
1579441646.646,0.26,1.3865,0.26,1.3852,36
1579441648.012,0.25,1.3863,0.26,1.3852,36
1579441649.453,0.24,1.3863,0.26,1.3852,36
1579441650.655,0.24,1.3864,0.26,1.3852,36
1579441652.082,0.25,1.3864,0.26,1.3852,37
1579441653.439,0.25,1.3864,0.26,1.3852,37
1579441654.823,0.25,1.3864,0.26,1.3852,37
1579441656.207,0.25,1.3861,0.26,1.3852,37
1579441657.568,0.25,1.3863,0.26,1.3852,37
1579441658.964,0.25,1.3863,0.26,1.3852,37
1579441660.378,0.25,1.3866,0.26,1.3852,37
1579441661.73,0.26,1.3864,0.26,1.3852,37
1579441663.107,0.26,1.3865,0.26,1.3852,37
1579441664.488,0.25,1.3863,0.26,1.3852,37
1579441665.872,0.24,1.3863,0.26,1.3852,37
1579441667.123,0.24,1.3864,0.26,1.3852,37
1579441668.561,0.25,1.3864,0.26,1.3852,38
1579441669.937,0.25,1.3864,0.26,1.3852,38
1579441671.296,0.25,1.3864,0.26,1.3852,38
1579441672.672,0.25,1.3861,0.26,1.3852,38
1579441674.023,0.25,1.3863,0.26,1.3852,38
1579441675.382,0.25,1.3863,0.26,1.3852,38
1579441676.755,0.25,1.3866,0.26,1.3852,38
1579441678.15,0.26,1.3864,0.26,1.3852,38
1579441679.535,0.26,1.3865,0.26,1.3852,38
1579441680.889,0.25,1.3863,0.26,1.3852,38
1579441682.366,0.24,1.3863,0.26,1.3852,38
1579441683.58,0.24,1.3864,0.26,1.3852,38
1579441684.951,0.25,1.3864,0.26,1.3852,39
1579441686.363,0.25,1.3864,0.26,1.3852,39
1579441687.786,0.25,1.3864,0.26,1.3852,39
1579441689.192,0.25,1.3861,0.26,1.3852,39
1579441690.566,0.25,1.3863,0.26,1.3852,39
1579441691.93,0.25,1.3863,0.26,1.3852,39
1579441693.362,0.25,1.3866,0.26,1.3852,39
1579441694.712,0.26,1.3864,0.26,1.3852,39
1579441696.095,0.26,1.3865,0.26,1.3852,39
1579441697.502,0.25,1.3863,0.26,1.3852,39
1579441698.85,0.24,1.3863,0.26,1.3852,39
1579441700.061,0.24,1.3864,0.26,1.3852,39
1579441701.451,0.25,1.3864,0.26,1.3852,40
1579441702.805,0.25,1.3864,0.26,1.3852,40
1579441704.156,0.25,1.3864,0.26,1.3852,40
1579441705.558,0.25,1.3861,0.26,1.3852,40
1579441706.942,0.25,1.3863,0.26,1.3852,40
1579441708.333,0.25,1.3863,0.26,1.3852,40
1579441709.72,0.25,1.3866,0.26,1.3852,40
1579441711.077,0.26,1.3864,0.26,1.3852,40
1579441712.443,0.26,1.3865,0.26,1.3852,40
1579441713.795,0.25,1.3863,0.26,1.3852,40
1579441715.168,0.24,1.3863,0.26,1.3852,40
1579441716.39,0.24,1.3864,0.26,1.3852,40
1579441717.77,0.25,1.3864,0.26,1.3852,41
1579441719.14,0.25,1.3864,0.26,1.3852,41
1579441720.567,0.25,1.3864,0.26,1.3852,41
1579441721.924,0.25,1.3861,0.26,1.3852,41
1579441723.321,0.25,1.3863,0.26,1.3852,41
1579441724.725,0.25,1.3863,0.26,1.3852,41
1579441726.093,0.25,1.3866,0.26,1.3852,41
1579441727.503,0.26,1.3864,0.26,1.3852,41
1579441728.899,0.26,1.3865,0.26,1.3852,41
1579441730.269,0.25,1.3863,0.26,1.3852,41
1579441731.644,0.24,1.3863,0.26,1.3852,41
1579441732.893,0.24,1.3864,0.26,1.3852,41
1579441734.266,0.25,1.3864,0.26,1.3852,42
1579441735.652,0.25,1.3864,0.26,1.3852,42
1579441737.039,0.25,1.3864,0.26,1.3852,42
1579441738.42,0.25,1.3861,0.26,1.3852,42
1579441739.799,0.25,1.3863,0.26,1.3852,42
1579441741.167,0.25,1.3863,0.26,1.3852,42
1579441742.551,0.25,1.3866,0.26,1.3852,42
1579441743.916,0.26,1.3864,0.26,1.3852,42
1579441745.295,0.26,1.3865,0.26,1.3852,42
1579441746.667,0.25,1.3863,0.26,1.3852,42
1579441748.075,0.24,1.3863,0.26,1.3852,42
1579441749.343,0.24,1.3864,0.26,1.3852,42
1579441750.731,0.25,1.3864,0.26,1.3852,43
1579441752.117,0.25,1.3864,0.26,1.3852,43
1579441753.506,0.25,1.3864,0.26,1.3852,43
1579441754.854,0.25,1.3861,0.26,1.3852,43
1579441756.239,0.25,1.3863,0.26,1.3852,43
1579441757.593,0.25,1.3863,0.26,1.3852,43
1579441758.975,0.25,1.3866,0.26,1.3852,43
1579441760.352,0.26,1.3864,0.26,1.3852,43
1579441761.765,0.26,1.3865,0.26,1.3852,43
1579441763.172,0.25,1.3863,0.26,1.3852,43
1579441764.56,0.24,1.3863,0.26,1.3852,43
1579441765.779,0.24,1.3864,0.26,1.3852,43
1579441767.203,0.25,1.3864,0.26,1.3852,44
1579441768.56,0.25,1.3864,0.26,1.3852,44
1579441769.982,0.25,1.3864,0.26,1.3852,44
1579441771.345,0.25,1.3861,0.26,1.3852,44
1579441772.707,0.25,1.3863,0.26,1.3852,44
1579441774.085,0.25,1.3863,0.26,1.3852,44
1579441775.462,0.25,1.3866,0.26,1.3852,44
1579441776.827,0.26,1.3864,0.26,1.3852,44
1579441778.28,0.26,1.3865,0.26,1.3852,44
1579441779.691,0.25,1.3863,0.26,1.3852,44
1579441781.054,0.24,1.3863,0.26,1.3852,44
1579441782.255,0.24,1.3864,0.26,1.3852,44
1579441783.634,0.25,1.3864,0.26,1.3852,45
1579441785.001,0.25,1.3864,0.26,1.3852,45
1579441786.38,0.25,1.3864,0.26,1.3852,45
1579441787.728,0.25,1.3861,0.26,1.3852,45
1579441789.113,0.25,1.3863,0.26,1.3852,45
1579441790.494,0.25,1.3863,0.26,1.3852,45
1579441791.893,0.25,1.3866,0.26,1.3852,45
1579441793.278,0.26,1.3864,0.26,1.3852,45
1579441794.657,0.26,1.3865,0.26,1.3852,45
1579441796.035,0.25,1.3863,0.26,1.3852,45
1579441797.43,0.24,1.3863,0.26,1.3852,45
1579441798.633,0.24,1.3864,0.26,1.3852,45
1579441800.06,0.25,1.3864,0.26,1.3852,46
1579441801.444,0.25,1.3864,0.26,1.3852,46
1579441802.833,0.25,1.3864,0.26,1.3852,46
1579441804.197,0.25,1.3861,0.26,1.3852,46
1579441805.59,0.25,1.3863,0.26,1.3852,46
1579441806.965,0.25,1.3863,0.26,1.3852,46
1579441808.377,0.25,1.3866,0.26,1.3852,46
1579441809.793,0.26,1.3864,0.26,1.3852,46
1579441811.156,0.26,1.3865,0.26,1.3852,46
1579441812.524,0.25,1.3863,0.26,1.3852,46
1579441813.901,0.24,1.3863,0.26,1.3852,46
1579441815.126,0.24,1.3864,0.26,1.3852,46
1579441816.526,0.25,1.3864,0.26,1.3852,47
1579441817.891,0.25,1.3864,0.26,1.3852,47
1579441819.284,0.25,1.3864,0.26,1.3852,47
1579441820.678,0.25,1.3861,0.26,1.3852,47
1579441822.061,0.25,1.3863,0.26,1.3852,47
1579441823.429,0.25,1.3863,0.26,1.3852,47
1579441824.794,0.25,1.3866,0.26,1.3852,47
1579441826.207,0.26,1.3864,0.26,1.3852,47
1579441827.58,0.26,1.3865,0.26,1.3852,47
1579441828.955,0.25,1.3863,0.26,1.3852,47
1579441830.36,0.24,1.3863,0.26,1.3852,47
1579441831.605,0.24,1.3864,0.26,1.3852,47
1579441832.98,0.25,1.3864,0.26,1.3852,48
1579441834.392,0.25,1.3864,0.26,1.3852,48
1579441835.748,0.25,1.3864,0.26,1.3852,48
1579441837.169,0.25,1.3861,0.26,1.3852,48
1579441838.565,0.25,1.3863,0.26,1.3852,48
1579441839.962,0.25,1.3863,0.26,1.3852,48
1579441841.335,0.25,1.3866,0.26,1.3852,48
1579441842.734,0.26,1.3864,0.26,1.3852,48
1579441844.144,0.26,1.3865,0.26,1.3852,48
1579441845.54,0.25,1.3863,0.26,1.3852,48
1579441846.925,0.24,1.3863,0.26,1.3852,48
1579441848.137,0.24,1.3864,0.26,1.3852,48
1579441849.5,0.25,1.3864,0.26,1.3852,49
1579441850.871,0.25,1.3864,0.26,1.3852,49
1579441852.261,0.25,1.3864,0.26,1.3852,49
1579441853.638,0.25,1.3861,0.26,1.3852,49
1579441854.997,0.25,1.3863,0.26,1.3852,49
1579441856.372,0.25,1.3863,0.26,1.3852,49
1579441857.779,0.25,1.3866,0.26,1.3852,49
1579441859.16,0.26,1.3864,0.26,1.3852,49
1579441860.537,0.26,1.3865,0.26,1.3852,49
1579441861.994,0.25,1.3863,0.26,1.3852,49
1579441863.354,0.24,1.3863,0.26,1.3852,49
1579441864.565,0.24,1.3864,0.26,1.3852,49
1579441865.976,0.25,1.3864,0.26,1.3852,50
1579441867.364,0.25,1.3864,0.26,1.3852,50
1579441868.722,0.25,1.3864,0.26,1.3852,50
1579441870.106,0.25,1.3861,0.26,1.3852,50
1579441871.489,0.25,1.3863,0.26,1.3852,50
1579441872.84,0.25,1.3863,0.26,1.3852,50
1579441874.243,0.25,1.3866,0.26,1.3852,50
1579441875.666,0.26,1.3864,0.26,1.3852,50
1579441877.018,0.26,1.3865,0.26,1.3852,50
1579441878.391,0.25,1.3863,0.26,1.3852,50
1579441879.786,0.24,1.3863,0.26,1.3852,50
1579441881.004,0.24,1.3864,0.26,1.3852,50
1579441882.37,0.25,1.3864,0.26,1.3852,51
1579441883.729,0.25,1.3864,0.26,1.3852,51
1579441885.105,0.25,1.3864,0.26,1.3852,51
1579441886.493,0.25,1.3861,0.26,1.3852,51
1579441887.863,0.25,1.3863,0.26,1.3852,51
1579441889.267,0.25,1.3863,0.26,1.3852,51
1579441890.662,0.25,1.3866,0.26,1.3852,51
1579441892.065,0.26,1.3864,0.26,1.3852,51
1579441893.447,0.26,1.3865,0.26,1.3852,51
1579441894.818,0.25,1.3863,0.26,1.3852,51
1579441896.175,0.24,1.3863,0.26,1.3852,51
1579441897.394,0.24,1.3864,0.26,1.3852,51
1579441898.786,0.25,1.3864,0.26,1.3852,52
1579441900.176,0.25,1.3864,0.26,1.3852,52
1579441901.536,0.25,1.3864,0.26,1.3852,52
1579441902.933,0.25,1.3861,0.26,1.3852,52
1579441904.342,0.25,1.3863,0.26,1.3852,52
1579441905.702,0.25,1.3863,0.26,1.3852,52
1579441907.08,0.25,1.3866,0.26,1.3852,52
1579441908.494,0.26,1.3864,0.26,1.3852,52
1579441909.849,0.26,1.3865,0.26,1.3852,52
1579441911.239,0.25,1.3863,0.26,1.3852,52
1579441912.618,0.24,1.3863,0.26,1.3852,52
1579441913.84,0.24,1.3864,0.26,1.3852,52
1579441915.235,0.25,1.3864,0.26,1.3852,53
1579441916.698,0.25,1.3864,0.26,1.3852,53
1579441918.092,0.25,1.3864,0.26,1.3852,53
1579441919.486,0.25,1.3861,0.26,1.3852,53
1579441920.88,0.25,1.3863,0.26,1.3852,53
1579441922.302,0.25,1.3863,0.26,1.3852,53
1579441923.664,0.25,1.3866,0.26,1.3852,53
1579441925.028,0.26,1.3864,0.26,1.3852,53
1579441926.443,0.26,1.3865,0.26,1.3852,53
1579441927.796,0.25,1.3863,0.26,1.3852,53
1579441929.167,0.24,1.3863,0.26,1.3852,53
1579441930.407,0.24,1.3864,0.26,1.3852,53
1579441931.807,0.25,1.3864,0.26,1.3852,54
1579441933.188,0.25,1.3864,0.26,1.3852,54
1579441934.554,0.25,1.3864,0.26,1.3852,54
1579441935.943,0.25,1.3861,0.26,1.3852,54
1579441937.385,0.25,1.3863,0.26,1.3852,54
1579441938.759,0.25,1.3863,0.26,1.3852,54
1579441940.152,0.25,1.3866,0.26,1.3852,54
1579441941.526,0.26,1.3864,0.26,1.3852,54
1579441942.914,0.26,1.3865,0.26,1.3852,54
1579441944.305,0.25,1.3863,0.26,1.3852,54
1579441945.698,0.24,1.3863,0.26,1.3852,54
1579441946.928,0.24,1.3864,0.26,1.3852,54
1579441948.329,0.25,1.3864,0.26,1.3852,55
1579441949.709,0.25,1.3864,0.26,1.3852,55
1579441951.073,0.25,1.3864,0.26,1.3852,55
1579441952.427,0.25,1.3861,0.26,1.3852,55
1579441953.807,0.25,1.3863,0.26,1.3852,55
1579441955.251,0.25,1.3863,0.26,1.3852,55
1579441956.609,0.25,1.3866,0.26,1.3852,55
1579441958.104,0.26,1.3864,0.26,1.3852,55
1579441959.523,0.26,1.3865,0.26,1.3852,55
1579441960.874,0.25,1.3863,0.26,1.3852,55
1579441962.253,0.24,1.3863,0.26,1.3852,55
1579441963.488,0.24,1.3864,0.26,1.3852,55
1579441964.841,0.25,1.3864,0.26,1.3852,56
1579441966.22,0.25,1.3864,0.26,1.3852,56
1579441967.597,0.25,1.3864,0.26,1.3852,56
1579441968.953,0.25,1.3861,0.26,1.3852,56
1579441970.318,0.25,1.3863,0.26,1.3852,56
1579441971.727,0.25,1.3863,0.26,1.3852,56
1579441973.153,0.25,1.3866,0.26,1.3852,56
1579441974.508,0.26,1.3864,0.26,1.3852,56
1579441975.914,0.26,1.3865,0.26,1.3852,56
1579441977.347,0.25,1.3863,0.26,1.3852,56
1579441978.723,0.24,1.3863,0.26,1.3852,56
1579441979.944,0.24,1.3864,0.26,1.3852,56
1579441981.338,0.25,1.3864,0.26,1.3852,57
1579441982.69,0.25,1.3864,0.26,1.3852,57
1579441984.051,0.25,1.3864,0.26,1.3852,57
1579441985.448,0.25,1.3861,0.26,1.3852,57
1579441986.819,0.25,1.3863,0.26,1.3852,57
1579441988.258,0.25,1.3863,0.26,1.3852,57
1579441989.685,0.25,1.3866,0.26,1.3852,57
1579441991.076,0.26,1.3864,0.26,1.3852,57
1579441992.429,0.26,1.3865,0.26,1.3852,57
1579441993.813,0.25,1.3863,0.26,1.3852,57
1579441995.283,0.24,1.3863,0.26,1.3852,57
1579441996.484,0.24,1.3864,0.26,1.3852,57
1579441997.844,0.25,1.3864,0.26,1.3852,58
1579441999.259,0.25,1.3864,0.26,1.3852,58
1579442000.629,0.25,1.3864,0.26,1.3852,58
1579442001.982,0.25,1.3861,0.26,1.3852,58
1579442003.384,0.25,1.3863,0.26,1.3852,58
1579442004.76,0.25,1.3863,0.26,1.3852,58
1579442006.118,0.25,1.3866,0.26,1.3852,58
1579442007.487,0.26,1.3864,0.26,1.3852,58
1579442008.871,0.26,1.3865,0.26,1.3852,58
1579442010.223,0.25,1.3863,0.26,1.3852,58
1579442011.594,0.24,1.3863,0.26,1.3852,58
1579442012.836,0.24,1.3864,0.26,1.3852,58
1579442014.218,0.25,1.3864,0.26,1.3852,59
1579442015.6,0.25,1.3864,0.26,1.3852,59
1579442016.977,0.25,1.3864,0.26,1.3852,59
1579442018.365,0.25,1.3861,0.26,1.3852,59
1579442019.769,0.25,1.3863,0.26,1.3852,59
1579442021.122,0.25,1.3863,0.26,1.3852,59
1579442022.505,0.25,1.3866,0.26,1.3852,59
1579442023.895,0.26,1.3864,0.26,1.3852,59
1579442025.249,0.26,1.3865,0.26,1.3852,59
1579442026.625,0.25,1.3863,0.26,1.3852,59
1579442028.03,0.24,1.3863,0.26,1.3852,59
1579442029.254,0.24,1.3864,0.26,1.3852,59
1579442030.609,0.25,1.3864,0.26,1.3852,60
1579442031.984,0.25,1.3864,0.26,1.3852,60
1579442033.398,0.25,1.3864,0.26,1.3852,60
1579442034.755,0.25,1.3861,0.26,1.3852,60
1579442036.185,0.25,1.3863,0.26,1.3852,60
1579442037.569,0.25,1.3863,0.26,1.3852,60
1579442038.933,0.25,1.3866,0.26,1.3852,60
1579442040.32,0.26,1.3864,0.26,1.3852,60
1579442041.768,0.26,1.3865,0.26,1.3852,60
1579442043.142,0.25,1.3863,0.26,1.3852,60
1579442044.5,0.24,1.3863,0.26,1.3852,60
1579442045.747,0.24,1.3864,0.26,1.3852,60
1579442047.169,0.25,1.3864,0.26,1.3852,61
1579442048.53,0.25,1.3864,0.26,1.3852,61
1579442049.908,0.25,1.3864,0.26,1.3852,61
1579442051.334,0.25,1.3861,0.26,1.3852,61
1579442052.702,0.25,1.3863,0.26,1.3852,61
1579442054.108,0.25,1.3863,0.26,1.3852,61
1579442055.536,0.25,1.3866,0.26,1.3852,61
1579442056.893,0.26,1.3864,0.26,1.3852,61
1579442058.276,0.26,1.3865,0.26,1.3852,61
1579442059.69,0.25,1.3863,0.26,1.3852,61
1579442061.044,0.24,1.3863,0.26,1.3852,61
1579442062.246,0.24,1.3864,0.26,1.3852,61
1579442063.619,0.25,1.3864,0.26,1.3852,62
1579442065.037,0.25,1.3864,0.26,1.3852,62
1579442066.393,0.25,1.3864,0.26,1.3852,62
1579442067.75,0.25,1.3861,0.26,1.3852,62
1579442069.188,0.25,1.3863,0.26,1.3852,62
1579442070.565,0.25,1.3863,0.26,1.3852,62
1579442071.998,0.25,1.3866,0.26,1.3852,62
1579442073.412,0.26,1.3864,0.26,1.3852,62
1579442074.769,0.26,1.3865,0.26,1.3852,62
1579442076.131,0.25,1.3863,0.26,1.3852,62
1579442077.637,0.24,1.3863,0.26,1.3852,62
1579442078.838,0.24,1.3864,0.26,1.3852,62
1579442080.215,0.25,1.3864,0.26,1.3852,63
1579442081.585,0.25,1.3864,0.26,1.3852,63
1579442082.978,0.25,1.3864,0.26,1.3852,63
1579442084.359,0.25,1.3861,0.26,1.3852,63
1579442085.716,0.25,1.3863,0.26,1.3852,63
1579442087.143,0.25,1.3863,0.26,1.3852,63
1579442088.531,0.25,1.3866,0.26,1.3852,63
1579442089.878,0.26,1.3864,0.26,1.3852,63
1579442091.256,0.26,1.3865,0.26,1.3852,63
1579442092.645,0.25,1.3863,0.26,1.3852,63
1579442094.0,0.24,1.3863,0.26,1.3852,63
1579442095.214,0.24,1.3864,0.26,1.3852,63
1579442096.592,0.25,1.3864,0.26,1.3852,64
1579442097.953,0.25,1.3864,0.26,1.3852,64
1579442099.36,0.25,1.3864,0.26,1.3852,64
1579442100.746,0.25,1.3861,0.26,1.3852,64
1579442102.178,0.25,1.3863,0.26,1.3852,64
1579442103.532,0.25,1.3863,0.26,1.3852,64
1579442104.919,0.25,1.3866,0.26,1.3852,64
1579442106.286,0.26,1.3864,0.26,1.3852,64
1579442107.666,0.26,1.3865,0.26,1.3852,64
1579442109.023,0.25,1.3863,0.26,1.3852,64
1579442110.41,0.24,1.3863,0.26,1.3852,64
1579442111.609,0.24,1.3864,0.26,1.3852,64
1579442112.969,0.25,1.3864,0.26,1.3852,65
1579442114.325,0.25,1.3864,0.26,1.3852,65
1579442115.706,0.25,1.3864,0.26,1.3852,65
1579442117.154,0.25,1.3861,0.26,1.3852,65
1579442118.518,0.25,1.3863,0.26,1.3852,65
1579442119.939,0.25,1.3863,0.26,1.3852,65
1579442121.325,0.25,1.3866,0.26,1.3852,65
1579442122.675,0.26,1.3864,0.26,1.3852,65
1579442124.047,0.26,1.3865,0.26,1.3852,65
1579442125.429,0.25,1.3863,0.26,1.3852,65
1579442126.787,0.24,1.3863,0.26,1.3852,65
1579442128.004,0.24,1.3864,0.26,1.3852,65
1579442129.443,0.25,1.3864,0.26,1.3852,66
1579442130.792,0.25,1.3864,0.26,1.3852,66
1579442132.183,0.25,1.3864,0.26,1.3852,66
1579442133.596,0.25,1.3861,0.26,1.3852,66
1579442134.963,0.25,1.3863,0.26,1.3852,66
1579442136.312,0.25,1.3863,0.26,1.3852,66
1579442137.689,0.25,1.3866,0.26,1.3852,66
1579442139.07,0.26,1.3864,0.26,1.3852,66
1579442140.437,0.26,1.3865,0.26,1.3852,66
1579442141.792,0.25,1.3863,0.26,1.3852,66
1579442143.244,0.24,1.3863,0.26,1.3852,66
1579442144.435,0.24,1.3864,0.26,1.3852,66
1579442145.791,0.25,1.3864,0.26,1.3852,67
1579442147.18,0.25,1.3864,0.26,1.3852,67
1579442148.575,0.25,1.3864,0.26,1.3852,67
1579442149.928,0.25,1.3861,0.26,1.3852,67
1579442151.305,0.25,1.3863,0.26,1.3852,67
1579442152.674,0.25,1.3863,0.26,1.3852,67
1579442154.046,0.25,1.3866,0.26,1.3852,67
1579442155.466,0.26,1.3864,0.26,1.3852,67
1579442156.881,0.26,1.3865,0.26,1.3852,67
1579442158.245,0.25,1.3863,0.26,1.3852,67
1579442159.624,0.24,1.3863,0.26,1.3852,67
1579442160.843,0.24,1.3864,0.26,1.3852,67
1579442162.282,0.25,1.3864,0.26,1.3852,68
1579442163.629,0.25,1.3864,0.26,1.3852,68
1579442164.977,0.25,1.3864,0.26,1.3852,68
1579442166.369,0.25,1.3861,0.26,1.3852,68
1579442167.745,0.25,1.3863,0.26,1.3852,68
1579442169.091,0.25,1.3863,0.26,1.3852,68
1579442170.459,0.25,1.3866,0.26,1.3852,68
1579442171.829,0.26,1.3864,0.26,1.3852,68
1579442173.218,0.26,1.3865,0.26,1.3852,68
1579442174.58,0.25,1.3863,0.26,1.3852,68
1579442175.976,0.24,1.3863,0.26,1.3852,68
1579442177.225,0.24,1.3864,0.26,1.3852,68
1579442178.593,0.25,1.3864,0.26,1.3852,69
1579442179.967,0.25,1.3864,0.26,1.3852,69
1579442181.385,0.25,1.3864,0.26,1.3852,69
1579442182.737,0.25,1.3861,0.26,1.3852,69
1579442184.108,0.25,1.3863,0.26,1.3852,69
1579442185.532,0.25,1.3863,0.26,1.3852,69
1579442186.899,0.25,1.3866,0.26,1.3852,69
1579442188.251,0.26,1.3864,0.26,1.3852,69
1579442189.682,0.26,1.3865,0.26,1.3852,69
1579442191.046,0.25,1.3863,0.26,1.3852,69
1579442192.397,0.24,1.3863,0.26,1.3852,69
1579442193.63,0.24,1.3864,0.26,1.3852,69
1579442195.013,0.25,1.3864,0.26,1.3852,70
1579442196.423,0.25,1.3864,0.26,1.3852,70
1579442197.772,0.25,1.3864,0.26,1.3852,70
1579442199.15,0.25,1.3861,0.26,1.3852,70
1579442200.516,0.25,1.3863,0.26,1.3852,70
1579442201.893,0.25,1.3863,0.26,1.3852,70
1579442203.294,0.25,1.3866,0.26,1.3852,70
1579442204.672,0.26,1.3864,0.26,1.3852,70
1579442206.048,0.26,1.3865,0.26,1.3852,70
1579442207.52,0.25,1.3863,0.26,1.3852,70
1579442208.894,0.24,1.3863,0.26,1.3852,70
1579442210.111,0.24,1.3864,0.26,1.3852,70
1579442211.499,0.25,1.3864,0.26,1.3852,71
1579442212.873,0.25,1.3864,0.26,1.3852,71
1579442214.256,0.25,1.3864,0.26,1.3852,71
1579442215.605,0.25,1.3861,0.26,1.3852,71
1579442216.99,0.25,1.3863,0.26,1.3852,71
1579442218.368,0.25,1.3863,0.26,1.3852,71
1579442219.73,0.25,1.3866,0.26,1.3852,71
1579442221.092,0.26,1.3864,0.26,1.3852,71
1579442222.517,0.26,1.3865,0.26,1.3852,71
1579442223.863,0.25,1.3863,0.26,1.3852,71
1579442225.226,0.24,1.3863,0.26,1.3852,71
1579442226.463,0.24,1.3864,0.26,1.3852,71
1579442227.874,0.25,1.3864,0.26,1.3852,72
1579442229.234,0.25,1.3864,0.26,1.3852,72
1579442230.652,0.25,1.3864,0.26,1.3852,72
1579442232.073,0.25,1.3861,0.26,1.3852,72
1579442233.436,0.25,1.3863,0.26,1.3852,72
1579442234.786,0.25,1.3863,0.26,1.3852,72
1579442236.215,0.25,1.3866,0.26,1.3852,72
1579442237.617,0.26,1.3864,0.26,1.3852,72
1579442238.974,0.26,1.3865,0.26,1.3852,72
1579442240.368,0.25,1.3863,0.26,1.3852,72
1579442241.722,0.24,1.3863,0.26,1.3852,72
1579442242.954,0.24,1.3864,0.26,1.3852,72
1579442244.324,0.25,1.3864,0.26,1.3852,73
1579442245.739,0.25,1.3864,0.26,1.3852,73
1579442247.14,0.25,1.3864,0.26,1.3852,73
1579442248.49,0.25,1.3861,0.26,1.3852,73
1579442249.881,0.25,1.3863,0.26,1.3852,73
1579442251.256,0.25,1.3863,0.26,1.3852,73
1579442252.608,0.25,1.3866,0.26,1.3852,73
1579442253.98,0.26,1.3864,0.26,1.3852,73
1579442255.388,0.26,1.3865,0.26,1.3852,73
1579442256.735,0.25,1.3863,0.26,1.3852,73
1579442258.196,0.24,1.3863,0.26,1.3852,73
1579442259.451,0.24,1.3864,0.26,1.3852,73
1579442260.806,0.25,1.3864,0.26,1.3852,74
1579442262.163,0.25,1.3864,0.26,1.3852,74
1579442263.531,0.25,1.3864,0.26,1.3852,74
1579442264.903,0.25,1.3861,0.26,1.3852,74
1579442266.276,0.25,1.3863,0.26,1.3852,74
1579442267.654,0.25,1.3863,0.26,1.3852,74
1579442269.031,0.25,1.3866,0.26,1.3852,74
1579442270.395,0.26,1.3864,0.26,1.3852,74
1579442271.775,0.26,1.3865,0.26,1.3852,74
1579442273.151,0.25,1.3863,0.26,1.3852,74
1579442274.584,0.24,1.3863,0.26,1.3852,74
1579442275.783,0.24,1.3864,0.26,1.3852,74
1579442277.15,0.25,1.3864,0.26,1.3852,75
1579442278.547,0.25,1.3864,0.26,1.3852,75
1579442279.925,0.25,1.3864,0.26,1.3852,75
1579442281.276,0.25,1.3861,0.26,1.3852,75
1579442282.671,0.25,1.3863,0.26,1.3852,75
1579442284.041,0.25,1.3863,0.26,1.3852,75
1579442285.401,0.25,1.3866,0.26,1.3852,75
1579442286.775,0.26,1.3864,0.26,1.3852,75
1579442288.223,0.26,1.3865,0.26,1.3852,75
1579442289.617,0.25,1.3863,0.26,1.3852,75
1579442291.001,0.24,1.3863,0.26,1.3852,75
1579442292.246,0.24,1.3864,0.26,1.3852,75
1579442293.609,0.25,1.3864,0.26,1.3852,76
1579442294.97,0.25,1.3864,0.26,1.3852,76
1579442296.368,0.25,1.3864,0.26,1.3852,76
1579442297.759,0.25,1.3861,0.26,1.3852,76
1579442299.12,0.25,1.3863,0.26,1.3852,76
1579442300.506,0.25,1.3863,0.26,1.3852,76
1579442301.901,0.25,1.3866,0.26,1.3852,76
1579442303.265,0.26,1.3864,0.26,1.3852,76
1579442304.631,0.26,1.3865,0.26,1.3852,76
1579442306.027,0.25,1.3863,0.26,1.3852,76
1579442307.427,0.24,1.3863,0.26,1.3852,76
1579442308.62,0.24,1.3864,0.26,1.3852,76
1579442309.997,0.25,1.3864,0.26,1.3852,77
1579442311.388,0.25,1.3864,0.26,1.3852,77
1579442312.741,0.25,1.3864,0.26,1.3852,77
1579442314.094,0.25,1.3861,0.26,1.3852,77
1579442315.581,0.25,1.3863,0.26,1.3852,77
1579442316.938,0.25,1.3863,0.26,1.3852,77
1579442318.356,0.25,1.3866,0.26,1.3852,77
1579442319.811,0.26,1.3864,0.26,1.3852,77
1579442321.165,0.26,1.3865,0.26,1.3852,77
1579442322.533,0.25,1.3863,0.26,1.3852,77
1579442323.946,0.24,1.3863,0.26,1.3852,77
1579442325.148,0.24,1.3864,0.26,1.3852,77
1579442326.512,0.25,1.3864,0.26,1.3852,78
1579442327.88,0.25,1.3864,0.26,1.3852,78
1579442329.326,0.25,1.3864,0.26,1.3852,78
1579442330.676,0.25,1.3861,0.26,1.3852,78
1579442332.039,0.25,1.3863,0.26,1.3852,78
1579442333.44,0.25,1.3863,0.26,1.3852,78
1579442334.793,0.25,1.3866,0.26,1.3852,78
1579442336.164,0.26,1.3864,0.26,1.3852,78
1579442337.545,0.26,1.3865,0.26,1.3852,78
1579442338.896,0.25,1.3863,0.26,1.3852,78
1579442340.258,0.24,1.3863,0.26,1.3852,78
1579442341.488,0.24,1.3864,0.26,1.3852,78
1579442342.861,0.25,1.3864,0.26,1.3852,79
1579442344.243,0.25,1.3864,0.26,1.3852,79
1579442345.593,0.25,1.3864,0.26,1.3852,79
1579442346.971,0.25,1.3861,0.26,1.3852,79
1579442348.389,0.25,1.3863,0.26,1.3852,79
1579442349.759,0.25,1.3863,0.26,1.3852,79
1579442351.123,0.25,1.3866,0.26,1.3852,79
1579442352.528,0.26,1.3864,0.26,1.3852,79
1579442353.902,0.26,1.3865,0.26,1.3852,79
1579442355.266,0.25,1.3863,0.26,1.3852,79
1579442356.705,0.24,1.3863,0.26,1.3852,79
1579442357.912,0.24,1.3864,0.26,1.3852,79
1579442359.292,0.25,1.3864,0.26,1.3852,80
1579442360.649,0.25,1.3864,0.26,1.3852,80
1579442362.055,0.25,1.3864,0.26,1.3852,80
1579442363.432,0.25,1.3861,0.26,1.3852,80
1579442364.791,0.25,1.3863,0.26,1.3852,80
1579442366.202,0.25,1.3863,0.26,1.3852,80
1579442367.557,0.25,1.3866,0.26,1.3852,80
1579442368.915,0.26,1.3864,0.26,1.3852,80
1579442370.29,0.26,1.3865,0.26,1.3852,80
1579442371.731,0.25,1.3863,0.26,1.3852,80
1579442373.114,0.24,1.3863,0.26,1.3852,80
1579442374.352,0.24,1.3864,0.26,1.3852,80
1579442375.796,0.25,1.3864,0.26,1.3852,81
1579442377.157,0.25,1.3864,0.26,1.3852,81
1579442378.535,0.25,1.3864,0.26,1.3852,81
1579442379.965,0.25,1.3861,0.26,1.3852,81
1579442381.326,0.25,1.3863,0.26,1.3852,81
1579442382.679,0.25,1.3863,0.26,1.3852,81
1579442384.096,0.25,1.3866,0.26,1.3852,81
1579442385.48,0.26,1.3864,0.26,1.3852,81
1579442386.827,0.26,1.3865,0.26,1.3852,81
1579442388.227,0.25,1.3863,0.26,1.3852,81
1579442389.638,0.24,1.3863,0.26,1.3852,81
1579442390.834,0.24,1.3864,0.26,1.3852,81
1579442392.215,0.25,1.3864,0.26,1.3852,82
1579442393.633,0.25,1.3864,0.26,1.3852,82
1579442395.024,0.25,1.3864,0.26,1.3852,82
1579442396.443,0.25,1.3861,0.26,1.3852,82
1579442397.828,0.25,1.3863,0.26,1.3852,82
1579442399.275,0.25,1.3863,0.26,1.3852,82
1579442400.638,0.25,1.3866,0.26,1.3852,82
1579442402.035,0.26,1.3864,0.26,1.3852,82
1579442403.413,0.26,1.3865,0.26,1.3852,82
1579442404.769,0.25,1.3863,0.26,1.3852,82
1579442406.131,0.24,1.3863,0.26,1.3852,82
1579442407.378,0.24,1.3864,0.26,1.3852,82
1579442408.781,0.25,1.3864,0.26,1.3852,83
1579442410.132,0.25,1.3864,0.26,1.3852,83
1579442411.523,0.25,1.3864,0.26,1.3852,83
1579442412.914,0.25,1.3861,0.26,1.3852,83
1579442414.306,0.25,1.3863,0.26,1.3852,83
1579442415.681,0.25,1.3863,0.26,1.3852,83
1579442417.08,0.25,1.3866,0.26,1.3852,83
1579442418.433,0.26,1.3864,0.26,1.3852,83
1579442419.825,0.26,1.3865,0.26,1.3852,83
1579442421.233,0.25,1.3863,0.26,1.3852,83
1579442422.585,0.24,1.3863,0.26,1.3852,83
1579442423.782,0.24,1.3864,0.26,1.3852,83
1579442425.165,0.25,1.3864,0.26,1.3852,84
1579442426.537,0.25,1.3864,0.26,1.3852,84
1579442427.895,0.25,1.3864,0.26,1.3852,84
1579442429.322,0.25,1.3861,0.26,1.3852,84
1579442430.71,0.25,1.3863,0.26,1.3852,84
1579442432.097,0.25,1.3863,0.26,1.3852,84
1579442433.458,0.25,1.3866,0.26,1.3852,84
1579442434.88,0.26,1.3864,0.26,1.3852,84
1579442436.257,0.26,1.3865,0.26,1.3852,84
1579442437.608,0.25,1.3863,0.26,1.3852,84
1579442438.983,0.24,1.3863,0.26,1.3852,84
1579442440.22,0.24,1.3864,0.26,1.3852,84
1579442441.582,0.25,1.3864,0.26,1.3852,85
1579442442.93,0.25,1.3864,0.26,1.3852,85
1579442444.31,0.25,1.3864,0.26,1.3852,85
1579442445.688,0.25,1.3861,0.26,1.3852,85
1579442447.041,0.25,1.3863,0.26,1.3852,85
1579442448.413,0.25,1.3863,0.26,1.3852,85
1579442449.816,0.25,1.3866,0.26,1.3852,85
1579442451.168,0.26,1.3864,0.26,1.3852,85
1579442452.525,0.26,1.3865,0.26,1.3852,85
1579442453.921,0.25,1.3863,0.26,1.3852,85
1579442455.282,0.24,1.3863,0.26,1.3852,85
1579442456.48,0.24,1.3864,0.26,1.3852,85
1579442457.846,0.25,1.3864,0.26,1.3852,86
1579442459.292,0.25,1.3864,0.26,1.3852,86
1579442460.682,0.25,1.3864,0.26,1.3852,86
1579442462.077,0.25,1.3861,0.26,1.3852,86
1579442463.494,0.25,1.3863,0.26,1.3852,86
1579442464.851,0.25,1.3863,0.26,1.3852,86
1579442466.212,0.25,1.3866,0.26,1.3852,86
1579442467.606,0.26,1.3864,0.26,1.3852,86
1579442469.002,0.26,1.3865,0.26,1.3852,86
1579442470.349,0.25,1.3863,0.26,1.3852,86
1579442471.713,0.24,1.3863,0.26,1.3852,86
1579442472.968,0.24,1.3864,0.26,1.3852,86
1579442474.371,0.25,1.3864,0.26,1.3852,87
1579442475.772,0.25,1.3864,0.26,1.3852,87
1579442477.194,0.25,1.3864,0.26,1.3852,87
1579442478.541,0.25,1.3861,0.26,1.3852,87
1579442479.929,0.25,1.3863,0.26,1.3852,87
1579442481.34,0.25,1.3863,0.26,1.3852,87
1579442482.7,0.25,1.3866,0.26,1.3852,87
1579442484.046,0.26,1.3864,0.26,1.3852,87
1579442485.439,0.26,1.3865,0.26,1.3852,87
1579442486.837,0.25,1.3863,0.26,1.3852,87
1579442488.231,0.24,1.3863,0.26,1.3852,87
1579442489.447,0.24,1.3864,0.26,1.3852,87
1579442490.844,0.25,1.3864,0.26,1.3852,88
1579442492.245,0.25,1.3864,0.26,1.3852,88
1579442493.608,0.25,1.3864,0.26,1.3852,88
1579442494.968,0.25,1.3861,0.26,1.3852,88
1579442496.371,0.25,1.3863,0.26,1.3852,88
1579442497.73,0.25,1.3863,0.26,1.3852,88
1579442499.092,0.25,1.3866,0.26,1.3852,88
1579442500.463,0.26,1.3864,0.26,1.3852,88
1579442501.837,0.26,1.3865,0.26,1.3852,88
1579442503.21,0.25,1.3863,0.26,1.3852,88
1579442504.609,0.24,1.3863,0.26,1.3852,88
1579442505.816,0.24,1.3864,0.26,1.3852,88
1579442507.21,0.25,1.3864,0.26,1.3852,89
1579442508.592,0.25,1.3864,0.26,1.3852,89
1579442510.01,0.25,1.3864,0.26,1.3852,89
1579442511.384,0.25,1.3861,0.26,1.3852,89
1579442512.744,0.25,1.3863,0.26,1.3852,89
1579442514.145,0.25,1.3863,0.26,1.3852,89
1579442515.54,0.25,1.3866,0.26,1.3852,89
1579442516.946,0.26,1.3864,0.26,1.3852,89
1579442518.317,0.26,1.3865,0.26,1.3852,89
1579442519.709,0.25,1.3863,0.26,1.3852,89
1579442521.063,0.24,1.3863,0.26,1.3852,89
1579442522.335,0.24,1.3864,0.26,1.3852,89
1579442523.763,0.25,1.3864,0.26,1.3852,90
1579442525.121,0.25,1.3864,0.26,1.3852,90
1579442526.49,0.25,1.3864,0.26,1.3852,90
1579442527.904,0.25,1.3861,0.26,1.3852,90
1579442529.275,0.25,1.3863,0.26,1.3852,90
1579442530.655,0.25,1.3863,0.26,1.3852,90
1579442532.038,0.25,1.3866,0.26,1.3852,90
1579442533.414,0.26,1.3864,0.26,1.3852,90
1579442534.776,0.26,1.3865,0.26,1.3852,90
1579442536.157,0.25,1.3863,0.26,1.3852,90
1579442537.581,0.24,1.3863,0.26,1.3852,90
1579442538.786,0.24,1.3864,0.26,1.3852,90
1579442540.155,0.25,1.3864,0.26,1.3852,91
1579442541.565,0.25,1.3864,0.26,1.3852,91
1579442542.99,0.25,1.3864,0.26,1.3852,91
1579442544.348,0.25,1.3861,0.26,1.3852,91
1579442545.771,0.25,1.3863,0.26,1.3852,91
1579442547.218,0.25,1.3863,0.26,1.3852,91
1579442548.568,0.25,1.3866,0.26,1.3852,91
1579442549.965,0.26,1.3864,0.26,1.3852,91
1579442551.351,0.26,1.3865,0.26,1.3852,91
1579442552.703,0.25,1.3863,0.26,1.3852,91
1579442554.132,0.24,1.3863,0.26,1.3852,91
1579442555.405,0.24,1.3864,0.26,1.3852,91
1579442556.792,0.25,1.3864,0.26,1.3852,92
1579442558.213,0.25,1.3864,0.26,1.3852,92
1579442559.639,0.25,1.3864,0.26,1.3852,92
1579442561.029,0.25,1.3861,0.26,1.3852,92
1579442562.402,0.25,1.3863,0.26,1.3852,92
1579442563.775,0.25,1.3863,0.26,1.3852,92
1579442565.177,0.25,1.3866,0.26,1.3852,92
1579442566.535,0.26,1.3864,0.26,1.3852,92
1579442567.935,0.26,1.3865,0.26,1.3852,92
1579442569.317,0.25,1.3863,0.26,1.3852,92
1579442570.676,0.24,1.3863,0.26,1.3852,92
1579442571.874,0.24,1.3864,0.26,1.3852,92
1579442573.273,0.25,1.3864,0.26,1.3852,93
1579442574.645,0.25,1.3864,0.26,1.3852,93
1579442576.002,0.25,1.3864,0.26,1.3852,93
1579442577.396,0.25,1.3861,0.26,1.3852,93
1579442578.809,0.25,1.3863,0.26,1.3852,93
1579442580.168,0.25,1.3863,0.26,1.3852,93
1579442581.557,0.25,1.3866,0.26,1.3852,93
1579442582.967,0.26,1.3864,0.26,1.3852,93
1579442584.328,0.26,1.3865,0.26,1.3852,93
1579442585.683,0.25,1.3863,0.26,1.3852,93
1579442587.062,0.24,1.3863,0.26,1.3852,93
1579442588.291,0.24,1.3864,0.26,1.3852,93
1579442589.715,0.25,1.3864,0.26,1.3852,94
1579442591.074,0.25,1.3864,0.26,1.3852,94
1579442592.461,0.25,1.3864,0.26,1.3852,94
1579442593.816,0.25,1.3861,0.26,1.3852,94
1579442595.233,0.25,1.3863,0.26,1.3852,94
1579442596.638,0.25,1.3863,0.26,1.3852,94
1579442598.034,0.25,1.3866,0.26,1.3852,94
1579442599.41,0.26,1.3864,0.26,1.3852,94
1579442600.805,0.26,1.3865,0.26,1.3852,94
1579442602.176,0.25,1.3863,0.26,1.3852,94
1579442603.538,0.24,1.3863,0.26,1.3852,94
1579442604.747,0.24,1.3864,0.26,1.3852,94
1579442606.169,0.25,1.3864,0.26,1.3852,95
1579442607.53,0.25,1.3864,0.26,1.3852,95
1579442608.885,0.25,1.3864,0.26,1.3852,95
1579442610.286,0.25,1.3861,0.26,1.3852,95
1579442611.71,0.25,1.3863,0.26,1.3852,95
1579442613.109,0.25,1.3863,0.26,1.3852,95
1579442614.511,0.25,1.3866,0.26,1.3852,95
1579442615.887,0.26,1.3864,0.26,1.3852,95
1579442617.261,0.26,1.3865,0.26,1.3852,95
1579442618.654,0.25,1.3863,0.26,1.3852,95
1579442620.065,0.24,1.3863,0.26,1.3852,95
1579442621.266,0.24,1.3864,0.26,1.3852,95
1579442622.63,0.25,1.3864,0.26,1.3852,96
1579442624.017,0.25,1.3864,0.26,1.3852,96
1579442625.378,0.25,1.3864,0.26,1.3852,96
1579442626.746,0.25,1.3861,0.26,1.3852,96
1579442628.126,0.25,1.3863,0.26,1.3852,96
1579442629.51,0.25,1.3863,0.26,1.3852,96
1579442630.868,0.25,1.3866,0.26,1.3852,96
1579442632.229,0.26,1.3864,0.26,1.3852,96
1579442633.61,0.26,1.3865,0.26,1.3852,96
1579442634.982,0.25,1.3863,0.26,1.3852,96
1579442636.395,0.24,1.3863,0.26,1.3852,96
1579442637.608,0.24,1.3864,0.26,1.3852,96
1579442639.001,0.25,1.3864,0.26,1.3852,97
1579442640.359,0.25,1.3864,0.26,1.3852,97
1579442641.776,0.25,1.3864,0.26,1.3852,97
1579442643.176,0.25,1.3861,0.26,1.3852,97
1579442644.543,0.25,1.3863,0.26,1.3852,97
1579442645.9,0.25,1.3863,0.26,1.3852,97
1579442647.3,0.25,1.3866,0.26,1.3852,97
1579442648.66,0.26,1.3864,0.26,1.3852,97
1579442650.016,0.26,1.3865,0.26,1.3852,97
1579442651.417,0.25,1.3863,0.26,1.3852,97
1579442652.799,0.24,1.3863,0.26,1.3852,97
1579442654.022,0.24,1.3864,0.26,1.3852,97
1579442655.41,0.25,1.3864,0.26,1.3852,98
1579442656.792,0.25,1.3864,0.26,1.3852,98
1579442658.177,0.25,1.3864,0.26,1.3852,98
1579442659.539,0.25,1.3861,0.26,1.3852,98
1579442660.931,0.25,1.3863,0.26,1.3852,98
1579442662.296,0.25,1.3863,0.26,1.3852,98
1579442663.66,0.25,1.3866,0.26,1.3852,98
1579442665.025,0.26,1.3864,0.26,1.3852,98
1579442666.426,0.26,1.3865,0.26,1.3852,98
1579442667.824,0.25,1.3863,0.26,1.3852,98
1579442669.232,0.24,1.3863,0.26,1.3852,98
1579442670.497,0.24,1.3864,0.26,1.3852,98
1579442671.939,0.25,1.3864,0.26,1.3852,99
1579442673.302,0.25,1.3864,0.26,1.3852,99
1579442674.694,0.25,1.3864,0.26,1.3852,99
1579442676.11,0.25,1.3861,0.26,1.3852,99
1579442677.476,0.25,1.3863,0.26,1.3852,99
1579442678.879,0.25,1.3863,0.26,1.3852,99
1579442680.239,0.25,1.3866,0.26,1.3852,99
1579442681.598,0.26,1.3864,0.26,1.3852,99
1579442682.959,0.26,1.3865,0.26,1.3852,99
1579442684.344,0.25,1.3863,0.26,1.3852,99
1579442685.728,0.24,1.3863,0.26,1.3852,99
1579442686.937,0.24,1.3864,0.26,1.3852,99
