1580009680.491,0.24,1.3868,0.25,1.3864,0
1580009680.683,0.24,1.387,0.25,1.3862,0
1580009680.854,0.26,1.3862,0.25,1.3863,0
1580009681.03,0.25,1.3865,0.25,1.3863,0
1580009681.202,0.23,1.3869,0.25,1.3862,0
1580009681.375,0.26,1.386,0.25,1.386,0
1580009681.549,0.28,1.3851,0.25,1.3857,0
1580009681.72,0.25,1.3857,0.25,1.3849,0
1580009681.904,0.26,1.385,0.25,1.3843,0
1580009682.077,0.23,1.3851,0.3,1.3831,0
1580009682.249,0.28,1.3837,0.36,1.382,0
1580009682.426,0.35,1.382,0.38,1.3793,0
1580009682.603,0.33,1.3802,0.37,1.3756,0
1580009682.783,0.31,1.3767,0.31,1.3729,0
1580009682.942,0.35,1.3652,0.24,1.3752,0
1580009683.127,0.27,1.3683,0.39,1.3607,1
1580009683.306,0.35,1.3577,0.42,1.3603,1
1580009683.485,0.35,1.3618,0.32,1.3512,1
1580009683.663,0.34,1.3536,0.28,1.3474,1
1580009683.845,0.34,1.3464,0.3,1.3443,1
1580009684.033,0.34,1.3356,0.31,1.3384,1
1580009684.207,0.33,1.3368,0.34,1.3319,1
1580009684.38,0.39,1.3331,0.39,1.3272,1
1580009684.555,0.37,1.3332,0.35,1.3258,1
1580009684.729,0.34,1.3232,0.39,1.3158,1
1580009684.905,0.38,1.3114,0.4,1.3148,1
1580009685.079,0.44,1.3103,0.37,1.3092,1
1580009685.252,0.44,1.3101,0.36,1.3051,1
1580009685.423,0.45,1.3034,0.42,1.3092,1
1580009685.577,0.47,1.2738,0.41,1.3012,1
1580009685.752,0.44,1.2814,0.38,1.2996,2
1580009685.924,0.42,1.2838,0.42,1.2944,2
1580009686.096,0.46,1.2705,0.42,1.2884,2
1580009686.268,0.47,1.266,0.43,1.2856,2
1580009686.439,0.52,1.2384,0.53,1.2593,2
1580009686.61,0.49,1.2454,0.48,1.2476,2
1580009686.781,0.5,1.2349,0.49,1.2487,2
1580009686.952,0.48,1.2564,0.51,1.2348,2
1580009687.124,0.5,1.2387,0.49,1.2351,2
1580009687.3,0.5,1.2305,0.47,1.2619,2
1580009687.474,0.52,1.2163,0.47,1.2349,2
1580009687.646,0.5,1.2209,0.49,1.2339,2
1580009687.818,0.48,1.2399,0.47,1.2447,2
1580009687.989,0.52,1.2143,0.47,1.2565,2
1580009688.142,0.51,1.2129,0.5,1.2387,2
1580009688.321,0.52,1.2158,0.5,1.2313,3
1580009688.493,0.53,1.2082,0.51,1.2295,3
1580009688.664,0.53,1.2031,0.5,1.2368,3
1580009688.838,0.5,1.2196,0.49,1.2324,3
1580009689.011,0.54,1.1939,0.51,1.2232,3
1580009689.183,0.53,1.1982,0.53,1.2069,3
1580009689.359,0.54,1.1964,0.53,1.2072,3
1580009689.531,0.5,1.2308,0.49,1.2149,3
1580009689.704,0.51,1.2178,0.5,1.2143,3
1580009689.88,0.53,1.1991,0.52,1.2196,3
1580009690.051,0.55,1.1853,0.51,1.2247,3
1580009690.223,0.54,1.1893,0.5,1.225,3
1580009690.4,0.53,1.2051,0.5,1.2288,3
1580009690.572,0.52,1.2006,0.52,1.2256,3
1580009690.724,0.54,1.1792,0.51,1.2238,3
1580009690.899,0.54,1.1874,0.52,1.2233,4
1580009691.074,0.56,1.1831,0.5,1.2155,4
1580009691.247,0.54,1.1822,0.51,1.2114,4
1580009691.424,0.56,1.1837,0.54,1.2061,4
1580009691.597,0.56,1.1743,0.52,1.2109,4
1580009691.772,0.56,1.1709,0.52,1.2203,4
1580009691.951,0.56,1.1788,0.51,1.2209,4
1580009692.126,0.52,1.2064,0.53,1.2097,4
1580009692.3,0.52,1.2028,0.53,1.1995,4
1580009692.476,0.54,1.1833,0.53,1.1982,4
1580009692.651,0.56,1.17,0.52,1.2027,4
1580009692.826,0.56,1.176,0.52,1.2132,4
1580009693.012,0.54,1.1839,0.53,1.2146,4
1580009693.188,0.56,1.1701,0.52,1.2081,4
1580009693.346,0.57,1.1607,0.53,1.2074,4
1580009693.523,0.55,1.1765,0.52,1.2135,5
1580009693.699,0.56,1.1806,0.53,1.2081,5
1580009693.872,0.56,1.1686,0.53,1.2124,5
1580009694.057,0.55,1.1775,0.52,1.2054,5
1580009694.248,0.58,1.1626,0.53,1.2063,5
1580009694.425,0.56,1.1654,0.53,1.214,5
1580009694.598,0.57,1.1672,0.51,1.224,5
1580009694.773,0.53,1.1964,0.53,1.2078,5
1580009694.949,0.53,1.1911,0.52,1.1936,5
1580009695.124,0.55,1.1745,0.52,1.1919,5
1580009695.302,0.57,1.1609,0.55,1.1952,5
1580009695.476,0.56,1.1714,0.54,1.2013,5
1580009695.65,0.56,1.1778,0.53,1.2078,5
1580009695.826,0.55,1.176,0.53,1.2101,5
1580009695.986,0.57,1.1548,0.53,1.2103,5
1580009696.162,0.56,1.1661,0.54,1.2013,6
1580009696.339,0.57,1.1742,0.55,1.1944,6
1580009696.513,0.57,1.1742,0.53,1.2005,6
1580009696.686,0.56,1.1711,0.53,1.202,6
1580009696.863,0.59,1.1507,0.54,1.2002,6
1580009697.036,0.56,1.1634,0.53,1.2028,6
1580009697.211,0.56,1.1647,0.53,1.212,6
1580009697.391,0.54,1.1836,0.53,1.2062,6
1580009697.567,0.54,1.1866,0.52,1.1914,6
1580009697.742,0.56,1.1676,0.56,1.1853,6
1580009697.918,0.57,1.1576,0.52,1.1886,6
1580009698.098,0.57,1.1637,0.52,1.1972,6
1580009698.273,0.56,1.168,0.53,1.2051,6
1580009698.448,0.57,1.1633,0.53,1.2137,6
1580009698.602,0.58,1.1508,0.52,1.2143,6
1580009698.779,0.56,1.1664,0.54,1.1994,7
1580009698.955,0.56,1.1631,0.58,1.1863,7
1580009699.135,0.56,1.1667,0.56,1.1855,7
1580009699.31,0.57,1.1664,0.54,1.1959,7
1580009699.492,0.59,1.1448,0.53,1.2053,7
1580009699.667,0.59,1.1458,0.54,1.1975,7
1580009699.841,0.59,1.1546,0.55,1.1894,7
1580009700.02,0.54,1.1724,0.54,1.1862,7
1580009700.195,0.55,1.1812,0.53,1.1839,7
1580009700.374,0.58,1.1573,0.52,1.1846,7
1580009700.551,0.59,1.1419,0.52,1.184,7
1580009700.723,0.58,1.1556,0.55,1.1841,7
1580009700.898,0.57,1.1606,0.56,1.1847,7
1580009701.086,0.58,1.1555,0.53,1.2018,7
1580009701.243,0.59,1.1363,0.51,1.2169,7
1580009701.419,0.57,1.1587,0.53,1.1953,8
1580009701.593,0.57,1.1593,0.55,1.1889,8
1580009701.765,0.57,1.1615,0.55,1.1813,8
1580009701.942,0.57,1.1623,0.57,1.1835,8
1580009702.117,0.6,1.1384,0.55,1.1911,8
1580009702.292,0.6,1.1365,0.55,1.1921,8
1580009702.466,0.58,1.1529,0.55,1.183,8
1580009702.639,0.56,1.1628,0.56,1.1787,8
1580009702.815,0.56,1.1745,0.55,1.1823,8
1580009702.991,0.58,1.1551,0.55,1.1853,8
1580009703.171,0.59,1.1378,0.57,1.1838,8
1580009703.346,0.58,1.149,0.58,1.1772,8
1580009703.529,0.58,1.1521,0.59,1.1755,8
1580009703.704,0.57,1.1582,0.56,1.181,8
1580009703.863,0.61,1.1291,0.53,1.2174,8
1580009704.04,0.58,1.157,0.54,1.1945,9
1580009704.224,0.59,1.147,0.56,1.1861,9
1580009704.411,0.58,1.1562,0.56,1.1842,9
1580009704.586,0.57,1.1621,0.57,1.1778,9
1580009704.762,0.6,1.1361,0.54,1.1981,9
1580009704.937,0.59,1.1372,0.56,1.1925,9
1580009705.113,0.6,1.1435,0.54,1.1802,9
1580009705.292,0.57,1.1568,0.58,1.1791,9
1580009705.468,0.56,1.1724,0.58,1.1749,9
1580009705.644,0.59,1.145,0.55,1.1758,9
1580009705.819,0.6,1.1321,0.55,1.1777,9
1580009705.997,0.58,1.148,0.56,1.1706,9
1580009706.174,0.6,1.1447,0.57,1.1717,9
1580009706.351,0.57,1.1574,0.56,1.1762,9
1580009706.505,0.61,1.1249,0.54,1.2139,9
1580009706.683,0.6,1.1435,0.51,1.209,10
1580009706.861,0.59,1.151,0.58,1.1801,10
1580009707.036,0.59,1.1494,0.55,1.19,10
1580009707.211,0.58,1.1622,0.58,1.1678,10
1580009707.388,0.61,1.1335,0.54,1.1879,10
1580009707.56,0.6,1.1342,0.53,1.2051,10
1580009707.734,0.58,1.1574,0.56,1.1709,10
1580009707.907,0.58,1.1556,0.56,1.1842,10
1580009708.083,0.57,1.1725,0.55,1.1947,10
1580009708.257,0.57,1.1648,0.56,1.1732,10
1580009708.432,0.61,1.1263,0.55,1.1866,10
1580009708.611,0.58,1.1505,0.57,1.187,10
1580009708.795,0.58,1.1501,0.57,1.1728,10
1580009708.969,0.58,1.1478,0.55,1.1722,10
1580009709.125,0.61,1.1255,0.54,1.1803,10
1580009709.305,0.61,1.1341,0.52,1.1983,11
1580009709.48,0.6,1.1419,0.52,1.1994,11
1580009709.653,0.59,1.1446,0.53,1.1819,11
1580009709.826,0.59,1.1489,0.57,1.1766,11
1580009710.0,0.6,1.1415,0.6,1.1751,11
1580009710.174,0.58,1.1521,0.56,1.1658,11
1580009710.358,0.6,1.1369,0.53,1.2042,11
1580009710.534,0.57,1.164,0.54,1.2045,11
1580009710.707,0.55,1.1733,0.56,1.1772,11
1580009710.88,0.59,1.1393,0.58,1.1757,11
1580009711.055,0.61,1.1317,0.59,1.1693,11
1580009711.229,0.58,1.1497,0.59,1.1595,11
1580009711.406,0.6,1.1377,0.57,1.1713,11
1580009711.58,0.58,1.1459,0.52,1.1948,11
1580009711.735,0.61,1.1208,0.52,1.205,11
1580009711.921,0.61,1.1334,0.55,1.189,12
1580009712.097,0.6,1.1387,0.57,1.1688,12
1580009712.27,0.59,1.1422,0.58,1.1653,12
1580009712.445,0.59,1.1474,0.59,1.1652,12
1580009712.622,0.61,1.132,0.59,1.1601,12
1580009712.796,0.61,1.1278,0.57,1.1718,12
1580009712.971,0.6,1.1371,0.54,1.2001,12
1580009713.146,0.57,1.1611,0.53,1.2089,12
1580009713.322,0.56,1.1699,0.54,1.1936,12
1580009713.495,0.6,1.1374,0.57,1.1686,12
1580009713.673,0.62,1.1223,0.58,1.1696,12
1580009713.846,0.6,1.1461,0.58,1.1665,12
1580009714.02,0.58,1.149,0.6,1.1543,12
1580009714.194,0.57,1.1545,0.57,1.181,12
1580009714.351,0.62,1.1163,0.52,1.2106,12
1580009714.538,0.59,1.1494,0.54,1.2045,13
1580009714.721,0.58,1.1512,0.56,1.1745,13
1580009714.902,0.59,1.1395,0.59,1.1634,13
1580009715.077,0.6,1.1418,0.56,1.1767,13
1580009715.255,0.58,1.1468,0.56,1.1743,13
1580009715.435,0.56,1.1708,0.59,1.1538,13
1580009715.61,0.59,1.1404,0.57,1.1673,13
1580009715.786,0.58,1.1537,0.57,1.1778,13
1580009715.963,0.56,1.1734,0.53,1.1943,13
1580009716.138,0.57,1.1566,0.57,1.1838,13
1580009716.311,0.6,1.1398,0.55,1.1724,13
1580009716.492,0.61,1.1324,0.59,1.1613,13
1580009716.666,0.6,1.1391,0.58,1.1615,13
1580009716.844,0.56,1.1627,0.6,1.1548,13
1580009717.0,0.6,1.1333,0.62,1.1522,13
1580009717.179,0.61,1.1275,0.56,1.1698,14
1580009717.357,0.6,1.13,0.55,1.1808,14
1580009717.539,0.58,1.1495,0.54,1.1957,14
1580009717.713,0.57,1.163,0.54,1.1954,14
1580009717.891,0.6,1.1429,0.54,1.1911,14
1580009718.067,0.59,1.1347,0.56,1.181,14
1580009718.247,0.59,1.143,0.57,1.1707,14
1580009718.426,0.59,1.1518,0.59,1.163,14
1580009718.603,0.57,1.1663,0.59,1.164,14
1580009718.782,0.6,1.1339,0.56,1.159,14
1580009718.962,0.63,1.1154,0.56,1.1602,14
1580009719.138,0.59,1.14,0.56,1.179,14
1580009719.314,0.6,1.1401,0.58,1.1744,14
1580009719.49,0.59,1.1372,0.57,1.1687,14
1580009719.65,0.63,1.1114,0.57,1.17,14
1580009719.829,0.61,1.1256,0.58,1.1719,15
1580009720.013,0.61,1.1275,0.57,1.1671,15
1580009720.188,0.6,1.1272,0.58,1.1641,15
1580009720.367,0.59,1.1411,0.57,1.1567,15
1580009720.552,0.61,1.1276,0.59,1.153,15
1580009720.727,0.63,1.1026,0.59,1.1529,15
1580009720.904,0.62,1.123,0.57,1.1623,15
1580009721.084,0.59,1.1403,0.58,1.1613,15
1580009721.26,0.58,1.1512,0.58,1.1634,15
1580009721.44,0.61,1.1281,0.57,1.1599,15
1580009721.621,0.63,1.1099,0.58,1.1577,15
1580009721.8,0.61,1.1261,0.58,1.1578,15
1580009721.975,0.62,1.1212,0.55,1.1525,15
1580009722.156,0.6,1.1332,0.57,1.1555,15
1580009722.321,0.64,1.1011,0.55,1.1676,15
1580009722.502,0.63,1.1085,0.55,1.1778,16
1580009722.68,0.61,1.1222,0.57,1.1636,16
1580009722.858,0.61,1.1222,0.57,1.1579,16
1580009723.04,0.61,1.1283,0.59,1.1538,16
1580009723.221,0.63,1.1167,0.6,1.1502,16
1580009723.402,0.62,1.113,0.59,1.1497,16
1580009723.58,0.62,1.1203,0.57,1.1636,16
1580009723.758,0.59,1.1412,0.56,1.1714,16
1580009723.935,0.58,1.1524,0.57,1.1692,16
1580009724.111,0.61,1.1267,0.57,1.1604,16
1580009724.29,0.62,1.1095,0.59,1.1502,16
1580009724.466,0.62,1.1196,0.59,1.1481,16
1580009724.648,0.62,1.1152,0.6,1.1478,16
1580009724.826,0.58,1.1404,0.58,1.1509,16
1580009724.986,0.64,1.1011,0.58,1.164,16
1580009725.165,0.63,1.1073,0.59,1.1656,17
1580009725.349,0.62,1.1175,0.59,1.163,17
1580009725.533,0.61,1.1265,0.57,1.1618,17
1580009725.713,0.6,1.1325,0.59,1.1537,17
1580009725.895,0.63,1.1159,0.59,1.1543,17
1580009726.085,0.62,1.1172,0.59,1.1526,17
1580009726.276,0.61,1.127,0.58,1.1566,17
1580009726.466,0.6,1.1314,0.55,1.1802,17
1580009726.653,0.59,1.1479,0.55,1.1759,17
1580009726.833,0.62,1.1235,0.58,1.1584,17
1580009727.011,0.64,1.1072,0.59,1.1475,17
1580009727.19,0.62,1.1149,0.58,1.1459,17
1580009727.372,0.63,1.1125,0.59,1.1478,17
1580009727.549,0.59,1.1429,0.58,1.1505,17
1580009727.713,0.63,1.1079,0.57,1.1593,17
1580009727.903,0.63,1.106,0.58,1.1648,18
1580009728.082,0.62,1.1123,0.55,1.1771,18
1580009728.263,0.58,1.1443,0.58,1.1571,18
1580009728.445,0.58,1.1421,0.58,1.1552,18
1580009728.636,0.63,1.1159,0.6,1.146,18
1580009728.819,0.62,1.1095,0.6,1.1552,18
1580009729.003,0.6,1.1292,0.59,1.1543,18
1580009729.188,0.58,1.1419,0.58,1.1576,18
1580009729.38,0.59,1.1452,0.57,1.1752,18
1580009729.566,0.63,1.1122,0.56,1.1747,18
1580009729.749,0.63,1.1141,0.58,1.1621,18
1580009729.926,0.6,1.1288,0.57,1.1522,18
1580009730.104,0.62,1.1143,0.57,1.158,18
1580009730.296,0.6,1.1325,0.6,1.148,18
1580009730.453,0.64,1.1004,0.6,1.1508,18
1580009730.634,0.62,1.1151,0.6,1.1521,19
1580009730.81,0.62,1.1097,0.59,1.1532,19
1580009730.989,0.61,1.1224,0.59,1.1472,19
1580009731.165,0.62,1.1198,0.55,1.1682,19
1580009731.342,0.61,1.1232,0.57,1.1639,19
1580009731.52,0.64,1.0989,0.58,1.1591,19
1580009731.709,0.6,1.1311,0.6,1.1502,19
1580009731.887,0.6,1.132,0.59,1.1498,19
1580009732.073,0.59,1.1419,0.57,1.1483,19
1580009732.251,0.62,1.1181,0.58,1.1425,19
1580009732.427,0.64,1.1016,0.58,1.1417,19
1580009732.602,0.62,1.1123,0.59,1.1434,19
1580009732.78,0.62,1.112,0.58,1.1475,19
1580009732.957,0.61,1.1169,0.53,1.1837,19
1580009733.116,0.64,1.0899,0.55,1.1997,19
1580009733.293,0.61,1.1202,0.55,1.1766,20
1580009733.469,0.63,1.1104,0.57,1.158,20
1580009733.644,0.61,1.1233,0.58,1.1461,20
1580009733.824,0.61,1.1266,0.6,1.1379,20
1580009733.998,0.62,1.1171,0.62,1.1394,20
1580009734.175,0.62,1.1156,0.6,1.146,20
1580009734.352,0.6,1.1292,0.58,1.1453,20
1580009734.526,0.6,1.1311,0.59,1.1472,20
1580009734.709,0.6,1.1297,0.61,1.1446,20
1580009734.899,0.62,1.1206,0.56,1.1446,20
1580009735.075,0.64,1.0978,0.6,1.141,20
1580009735.252,0.62,1.1123,0.61,1.1338,20
1580009735.428,0.63,1.1044,0.62,1.13,20
1580009735.604,0.61,1.1229,0.59,1.1373,20
1580009735.764,0.65,1.0931,0.59,1.1438,20
1580009735.949,0.64,1.0953,0.58,1.157,21
1580009736.131,0.63,1.1048,0.58,1.1462,21
1580009736.31,0.63,1.1052,0.59,1.1375,21
1580009736.488,0.61,1.1189,0.59,1.1326,21
1580009736.668,0.63,1.1082,0.6,1.1375,21
1580009736.846,0.65,1.0845,0.61,1.1346,21
1580009737.02,0.63,1.1108,0.61,1.1337,21
1580009737.197,0.62,1.1181,0.6,1.1325,21
1580009737.374,0.6,1.1329,0.6,1.1262,21
1580009737.548,0.63,1.101,0.59,1.1326,21
1580009737.725,0.66,1.0859,0.61,1.1353,21
1580009737.908,0.64,1.0965,0.63,1.1239,21
1580009738.085,0.65,1.0973,0.65,1.1179,21
1580009738.262,0.62,1.1102,0.61,1.1329,21
1580009738.418,0.66,1.0738,0.59,1.1514,21
1580009738.598,0.64,1.0994,0.59,1.1501,22
1580009738.783,0.62,1.1099,0.61,1.1265,22
1580009738.965,0.64,1.0989,0.63,1.1248,22
1580009739.154,0.63,1.1114,0.62,1.1195,22
1580009739.346,0.63,1.1034,0.61,1.1311,22
1580009739.528,0.66,1.0762,0.61,1.1464,22
1580009739.704,0.62,1.1118,0.58,1.142,22
1580009739.88,0.62,1.1133,0.62,1.1312,22
1580009740.056,0.6,1.1334,0.61,1.1283,22
1580009740.234,0.63,1.1062,0.59,1.1435,22
1580009740.411,0.65,1.085,0.59,1.1495,22
1580009740.59,0.63,1.1067,0.61,1.1292,22
1580009740.766,0.64,1.0946,0.64,1.1181,22
1580009740.945,0.61,1.1174,0.62,1.121,22
1580009741.105,0.66,1.0785,0.6,1.15,22
1580009741.285,0.64,1.0912,0.58,1.162,23
1580009741.463,0.62,1.1143,0.59,1.1315,23
1580009741.64,0.65,1.0902,0.6,1.1249,23
1580009741.819,0.64,1.1012,0.57,1.1363,23
1580009742.003,0.63,1.1103,0.62,1.1272,23
1580009742.181,0.66,1.077,0.61,1.1426,23
1580009742.358,0.64,1.0975,0.58,1.1546,23
1580009742.536,0.61,1.1265,0.58,1.1461,23
1580009742.715,0.6,1.1245,0.61,1.1292,23
1580009742.891,0.63,1.1098,0.61,1.1196,23
1580009743.07,0.66,1.0824,0.62,1.1332,23
1580009743.247,0.64,1.096,0.59,1.1413,23
1580009743.424,0.62,1.1073,0.61,1.132,23
1580009743.603,0.61,1.1172,0.61,1.1179,23
1580009743.763,0.68,1.0655,0.59,1.138,23
1580009743.944,0.64,1.097,0.59,1.1462,24
1580009744.123,0.63,1.1071,0.61,1.1378,24
1580009744.3,0.64,1.0973,0.61,1.1227,24
1580009744.478,0.64,1.0974,0.61,1.1305,24
1580009744.656,0.64,1.0984,0.6,1.1441,24
1580009744.836,0.65,1.0998,0.61,1.1315,24
1580009745.032,0.62,1.1126,0.63,1.1266,24
1580009745.213,0.64,1.105,0.6,1.1441,24
1580009745.394,0.62,1.1175,0.59,1.1457,24
1580009745.573,0.62,1.1067,0.59,1.1413,24
1580009745.751,0.64,1.0963,0.6,1.1223,24
1580009745.928,0.65,1.088,0.63,1.1173,24
1580009746.113,0.66,1.0848,0.62,1.1275,24
1580009746.292,0.61,1.1208,0.62,1.131,24
1580009746.454,0.65,1.0806,0.62,1.1248,24
1580009746.634,0.66,1.0832,0.61,1.123,25
1580009746.812,0.65,1.0874,0.6,1.1316,25
1580009746.993,0.64,1.0923,0.59,1.1404,25
1580009747.174,0.65,1.0973,0.6,1.1355,25
1580009747.353,0.65,1.0862,0.61,1.1286,25
1580009747.535,0.68,1.057,0.62,1.1207,25
1580009747.712,0.65,1.0873,0.63,1.1196,25
1580009747.891,0.64,1.1023,0.63,1.1184,25
1580009748.07,0.64,1.1021,0.61,1.1263,25
1580009748.249,0.65,1.0867,0.6,1.1365,25
1580009748.43,0.67,1.0748,0.61,1.1309,25
1580009748.609,0.67,1.073,0.61,1.1237,25
1580009748.786,0.66,1.0752,0.61,1.1203,25
1580009748.966,0.66,1.0825,0.62,1.1241,25
1580009749.131,0.69,1.0521,0.6,1.1298,25
1580009749.313,0.67,1.072,0.62,1.1269,26
1580009749.496,0.66,1.0797,0.6,1.1213,26
1580009749.675,0.65,1.0794,0.61,1.1215,26
1580009749.855,0.65,1.0811,0.6,1.1244,26
1580009750.038,0.66,1.0748,0.62,1.1259,26
1580009750.221,0.68,1.0561,0.63,1.1217,26
1580009750.404,0.66,1.076,0.61,1.1166,26
1580009750.587,0.65,1.0927,0.61,1.1177,26
1580009750.768,0.66,1.087,0.62,1.1284,26
1580009750.95,0.66,1.0791,0.61,1.1363,26
1580009751.134,0.67,1.0693,0.61,1.1238,26
1580009751.316,0.68,1.0598,0.62,1.116,26
1580009751.497,0.67,1.0701,0.62,1.1145,26
1580009751.678,0.66,1.0784,0.62,1.13,26
1580009751.838,0.69,1.0476,0.6,1.1383,26
1580009752.022,0.67,1.0691,0.6,1.1291,27
1580009752.215,0.66,1.0791,0.6,1.1222,27
1580009752.4,0.67,1.0689,0.63,1.1201,27
1580009752.579,0.67,1.0762,0.63,1.12,27
1580009752.757,0.68,1.0676,0.59,1.1217,27
1580009752.937,0.69,1.0492,0.62,1.1249,27
1580009753.118,0.67,1.0667,0.59,1.1276,27
1580009753.3,0.65,1.0892,0.62,1.1198,27
1580009753.484,0.67,1.0788,0.62,1.1168,27
1580009753.663,0.66,1.0743,0.62,1.1189,27
1580009753.845,0.68,1.0589,0.61,1.1223,27
1580009754.027,0.69,1.056,0.63,1.1167,27
1580009754.207,0.69,1.0597,0.61,1.1205,27
1580009754.385,0.66,1.0747,0.6,1.1294,27
1580009754.547,0.7,1.0425,0.6,1.144,27
1580009754.727,0.67,1.0697,0.61,1.1276,28
1580009754.907,0.67,1.0729,0.6,1.1277,28
1580009755.085,0.67,1.0703,0.6,1.1301,28
1580009755.271,0.68,1.0729,0.63,1.1244,28
1580009755.454,0.68,1.0609,0.61,1.1291,28
1580009755.633,0.69,1.0457,0.61,1.1262,28
1580009755.811,0.68,1.0556,0.6,1.1207,28
1580009755.994,0.66,1.086,0.61,1.1246,28
1580009756.176,0.68,1.0685,0.6,1.135,28
1580009756.356,0.67,1.0701,0.6,1.1305,28
1580009756.533,0.69,1.0516,0.61,1.1178,28
1580009756.714,0.69,1.0513,0.61,1.1173,28
1580009756.892,0.69,1.0567,0.61,1.1176,28
1580009757.069,0.68,1.0651,0.61,1.1283,28
1580009757.231,0.71,1.0335,0.6,1.1443,28
1580009757.417,0.68,1.0614,0.61,1.1372,29
1580009757.597,0.68,1.069,0.61,1.1259,29
1580009757.778,0.69,1.0632,0.59,1.134,29
1580009757.958,0.68,1.0711,0.61,1.1277,29
1580009758.142,0.68,1.0587,0.62,1.1298,29
1580009758.33,0.69,1.0421,0.62,1.1302,29
1580009758.511,0.68,1.0524,0.62,1.1224,29
1580009758.692,0.66,1.0844,0.63,1.1184,29
1580009758.871,0.68,1.0671,0.58,1.1377,29
1580009759.056,0.67,1.0676,0.58,1.1415,29
1580009759.238,0.68,1.0577,0.61,1.1184,29
1580009759.421,0.7,1.0466,0.63,1.1217,29
1580009759.609,0.68,1.059,0.61,1.1186,29
1580009759.786,0.68,1.0644,0.59,1.133,29
1580009759.945,0.72,1.0285,0.6,1.1418,29
1580009760.131,0.69,1.0544,0.61,1.1361,30
1580009760.313,0.68,1.0656,0.61,1.1266,30
1580009760.493,0.69,1.0556,0.58,1.1323,30
1580009760.671,0.68,1.0681,0.59,1.1344,30
1580009760.851,0.69,1.0549,0.6,1.1363,30
1580009761.046,0.7,1.0393,0.6,1.1349,30
1580009761.235,0.68,1.0546,0.61,1.1285,30
1580009761.425,0.66,1.0818,0.62,1.1271,30
1580009761.607,0.67,1.0753,0.6,1.1389,30
1580009761.789,0.68,1.063,0.59,1.1505,30
1580009761.972,0.68,1.0572,0.6,1.1324,30
1580009762.155,0.69,1.0496,0.62,1.1277,30
1580009762.343,0.68,1.0605,0.63,1.1231,30
1580009762.523,0.68,1.0654,0.59,1.1435,30
1580009762.697,0.71,1.032,0.58,1.1527,30
1580009762.885,0.68,1.0628,0.6,1.1237,31
1580009763.074,0.69,1.0616,0.62,1.125,31
1580009763.255,0.69,1.0577,0.6,1.1331,31
1580009763.44,0.69,1.0615,0.6,1.1362,31
1580009763.62,0.69,1.0543,0.59,1.1426,31
1580009763.801,0.71,1.0299,0.57,1.1445,31
1580009763.98,0.69,1.0483,0.58,1.1445,31
1580009764.162,0.66,1.0803,0.57,1.1488,31
1580009764.353,0.67,1.0704,0.61,1.1381,31
1580009764.54,0.69,1.0546,0.58,1.1496,31
1580009764.731,0.7,1.047,0.57,1.1558,31
1580009764.929,0.68,1.0649,0.58,1.1302,31
1580009765.116,0.69,1.0502,0.59,1.1357,31
1580009765.303,0.66,1.0787,0.59,1.1473,31
1580009765.485,0.7,1.0374,0.58,1.1693,31
1580009765.671,0.64,1.0923,0.56,1.16,32
1580009765.854,0.63,1.0983,0.6,1.1263,32
1580009766.037,0.69,1.0574,0.59,1.1506,32
1580009766.223,0.63,1.1103,0.62,1.1324,32
1580009766.41,0.67,1.0704,0.59,1.1384,32
1580009766.595,0.7,1.0379,0.57,1.1535,32
1580009766.779,0.67,1.0646,0.57,1.1548,32
1580009766.97,0.63,1.0958,0.59,1.1345,32
1580009767.158,0.64,1.0953,0.6,1.1342,32
1580009767.341,0.67,1.0752,0.59,1.1377,32
1580009767.528,0.68,1.0562,0.57,1.1426,32
1580009767.713,0.69,1.0499,0.57,1.1515,32
1580009767.897,0.66,1.0762,0.59,1.1485,32
1580009768.083,0.67,1.0722,0.59,1.1406,32
1580009768.251,0.68,1.0511,0.6,1.1383,32
1580009768.442,0.65,1.0899,0.59,1.1419,33
1580009768.629,0.68,1.0643,0.58,1.1523,33
1580009768.822,0.66,1.0783,0.59,1.1477,33
1580009769.007,0.65,1.0867,0.58,1.1381,33
1580009769.193,0.7,1.0496,0.59,1.1451,33
1580009769.381,0.68,1.0546,0.6,1.1425,33
1580009769.571,0.66,1.071,0.6,1.1391,33
1580009769.758,0.66,1.0811,0.59,1.1527,33
1580009769.941,0.66,1.0808,0.59,1.1477,33
1580009770.127,0.69,1.053,0.61,1.1325,33
1580009770.317,0.7,1.0392,0.61,1.1377,33
1580009770.504,0.69,1.0548,0.59,1.1375,33
1580009770.687,0.69,1.0533,0.59,1.1378,33
1580009770.871,0.67,1.0594,0.59,1.1509,33
1580009771.037,0.72,1.0254,0.59,1.1529,33
1580009771.225,0.68,1.0602,0.59,1.1502,34
1580009771.414,0.67,1.0719,0.58,1.1289,34
1580009771.6,0.69,1.0465,0.6,1.1311,34
1580009771.783,0.69,1.0637,0.59,1.1377,34
1580009771.965,0.7,1.0513,0.6,1.1342,34
1580009772.144,0.72,1.0272,0.59,1.1405,34
1580009772.325,0.7,1.0378,0.59,1.1473,34
1580009772.505,0.66,1.081,0.58,1.151,34
1580009772.686,0.67,1.0718,0.61,1.1405,34
1580009772.87,0.69,1.0532,0.61,1.139,34
1580009773.052,0.71,1.0363,0.56,1.1554,34
1580009773.236,0.69,1.0511,0.56,1.1531,34
1580009773.418,0.69,1.0597,0.62,1.1267,34
1580009773.602,0.68,1.0564,0.58,1.1405,34
1580009773.763,0.71,1.0326,0.56,1.164,34
1580009773.948,0.65,1.0835,0.58,1.1637,35
1580009774.128,0.64,1.0993,0.59,1.1469,35
1580009774.31,0.68,1.0625,0.6,1.1316,35
1580009774.491,0.69,1.0558,0.56,1.1507,35
1580009774.678,0.67,1.0735,0.57,1.1548,35
1580009774.857,0.66,1.0772,0.6,1.1343,35
1580009775.042,0.7,1.0412,0.56,1.1554,35
1580009775.223,0.65,1.0824,0.55,1.1784,35
1580009775.405,0.63,1.108,0.56,1.1767,35
1580009775.589,0.64,1.0987,0.58,1.1606,35
1580009775.783,0.66,1.0718,0.58,1.1455,35
1580009775.963,0.69,1.0498,0.58,1.1494,35
1580009776.144,0.7,1.05,0.57,1.1503,35
1580009776.327,0.62,1.1109,0.59,1.1458,35
1580009776.49,0.65,1.0844,0.59,1.1381,35
1580009776.675,0.65,1.0777,0.6,1.1293,36
1580009776.86,0.68,1.0606,0.6,1.1405,36
1580009777.044,0.68,1.0608,0.58,1.1599,36
1580009777.228,0.65,1.0844,0.57,1.1618,36
1580009777.416,0.66,1.0752,0.58,1.1626,36
1580009777.603,0.69,1.0496,0.59,1.1466,36
1580009777.789,0.69,1.0464,0.6,1.136,36
1580009777.974,0.65,1.0793,0.59,1.1401,36
1580009778.161,0.66,1.0782,0.6,1.133,36
1580009778.349,0.68,1.061,0.61,1.1214,36
1580009778.531,0.69,1.0499,0.6,1.1234,36
1580009778.715,0.69,1.0514,0.6,1.1271,36
1580009778.904,0.69,1.0444,0.59,1.134,36
1580009779.098,0.69,1.0537,0.61,1.1436,36
1580009779.266,0.68,1.0601,0.59,1.1471,36
1580009779.456,0.66,1.0793,0.59,1.1538,37
1580009779.643,0.69,1.0573,0.6,1.1581,37
1580009779.826,0.66,1.0775,0.59,1.1482,37
1580009780.007,0.67,1.0675,0.6,1.1343,37
1580009780.191,0.69,1.0509,0.58,1.1378,37
1580009780.376,0.71,1.0337,0.58,1.1404,37
1580009780.558,0.69,1.0517,0.6,1.1351,37
1580009780.743,0.65,1.082,0.6,1.1412,37
1580009780.925,0.68,1.0605,0.61,1.1443,37
1580009781.105,0.69,1.0492,0.59,1.1483,37
1580009781.285,0.7,1.0414,0.6,1.1381,37
1580009781.464,0.7,1.0432,0.61,1.1229,37
1580009781.644,0.71,1.0354,0.64,1.1139,37
1580009781.83,0.67,1.0659,0.63,1.1161,37
1580009781.989,0.7,1.0381,0.62,1.1198,37
1580009782.169,0.68,1.0563,0.63,1.1212,38
1580009782.36,0.67,1.0613,0.62,1.1195,38
1580009782.547,0.7,1.0422,0.6,1.1393,38
1580009782.735,0.68,1.0591,0.58,1.1563,38
1580009782.916,0.68,1.0551,0.59,1.1426,38
1580009783.1,0.72,1.0225,0.62,1.1239,38
1580009783.286,0.72,1.0287,0.63,1.1263,38
1580009783.474,0.66,1.0855,0.62,1.126,38
1580009783.656,0.67,1.0641,0.61,1.1377,38
1580009783.841,0.7,1.0398,0.56,1.1521,38
1580009784.028,0.7,1.0397,0.58,1.1507,38
1580009784.215,0.71,1.035,0.63,1.1168,38
1580009784.401,0.71,1.0334,0.61,1.1197,38
1580009784.586,0.68,1.0554,0.61,1.123,38
1580009784.749,0.71,1.0255,0.63,1.1232,38
1580009784.94,0.7,1.043,0.58,1.1381,39
1580009785.126,0.69,1.053,0.59,1.1418,39
1580009785.311,0.7,1.0419,0.6,1.1319,39
1580009785.499,0.69,1.0494,0.6,1.1273,39
1580009785.685,0.7,1.0371,0.61,1.1278,39
1580009785.878,0.73,1.0146,0.61,1.1315,39
1580009786.07,0.72,1.0274,0.61,1.1294,39
1580009786.263,0.67,1.0686,0.6,1.1319,39
1580009786.459,0.69,1.0499,0.61,1.1381,39
1580009786.649,0.7,1.039,0.59,1.1495,39
1580009786.834,0.71,1.0306,0.57,1.1514,39
1580009787.017,0.72,1.0249,0.58,1.1362,39
1580009787.203,0.72,1.0284,0.62,1.1182,39
1580009787.391,0.7,1.0445,0.61,1.124,39
1580009787.554,0.72,1.0229,0.61,1.127,39
1580009787.746,0.7,1.0395,0.59,1.1331,40
1580009787.929,0.7,1.0429,0.6,1.1453,40
1580009788.115,0.7,1.041,0.61,1.1426,40
1580009788.295,0.69,1.0471,0.61,1.1302,40
1580009788.477,0.71,1.0311,0.61,1.1243,40
1580009788.664,0.73,1.0086,0.61,1.1265,40
1580009788.85,0.72,1.0308,0.61,1.126,40
1580009789.035,0.68,1.0645,0.61,1.131,40
1580009789.217,0.7,1.0417,0.6,1.1379,40
1580009789.402,0.71,1.0338,0.59,1.1471,40
1580009789.591,0.71,1.0261,0.59,1.14,40
1580009789.775,0.72,1.0231,0.61,1.1264,40
1580009789.954,0.71,1.0251,0.6,1.1176,40
1580009790.139,0.71,1.0395,0.61,1.1181,40
1580009790.303,0.72,1.0256,0.62,1.1208,40
1580009790.49,0.7,1.0421,0.61,1.1228,41
1580009790.671,0.69,1.0466,0.6,1.139,41
1580009790.855,0.71,1.0288,0.59,1.1474,41
1580009791.044,0.69,1.0464,0.59,1.1465,41
1580009791.226,0.69,1.0406,0.6,1.1355,41
1580009791.405,0.74,1.0032,0.6,1.1333,41
1580009791.586,0.72,1.0225,0.62,1.1232,41
1580009791.772,0.67,1.073,0.56,1.1441,41
1580009791.957,0.69,1.0576,0.58,1.1504,41
1580009792.14,0.69,1.0474,0.6,1.1412,41
1580009792.321,0.71,1.0277,0.59,1.1343,41
1580009792.501,0.71,1.032,0.63,1.1218,41
1580009792.683,0.69,1.0492,0.63,1.115,41
1580009792.862,0.71,1.0376,0.61,1.1078,41
1580009793.027,0.73,1.0096,0.62,1.1085,41
1580009793.208,0.69,1.0408,0.62,1.1091,42
1580009793.392,0.68,1.0569,0.63,1.1053,42
1580009793.575,0.7,1.0422,0.62,1.1133,42
1580009793.757,0.7,1.0429,0.61,1.1348,42
1580009793.938,0.72,1.0234,0.58,1.1437,42
1580009794.125,0.72,1.0233,0.6,1.1315,42
1580009794.305,0.73,1.013,0.6,1.1309,42
1580009794.485,0.68,1.0611,0.6,1.1275,42
1580009794.666,0.67,1.0806,0.62,1.126,42
1580009794.845,0.67,1.064,0.6,1.1382,42
1580009795.03,0.71,1.0275,0.58,1.1444,42
1580009795.212,0.72,1.0218,0.61,1.1367,42
1580009795.396,0.71,1.0345,0.61,1.1309,42
1580009795.578,0.7,1.0428,0.62,1.1242,42
1580009795.743,0.72,1.0209,0.63,1.1223,42
1580009795.934,0.71,1.0353,0.61,1.1286,43
1580009796.13,0.7,1.0422,0.58,1.1404,43
1580009796.313,0.7,1.0386,0.58,1.1286,43
1580009796.496,0.69,1.0508,0.6,1.1213,43
1580009796.681,0.72,1.0254,0.63,1.1213,43
1580009796.862,0.74,1.0045,0.61,1.1275,43
1580009797.052,0.73,1.0123,0.62,1.1284,43
1580009797.236,0.68,1.0559,0.61,1.1306,43
1580009797.42,0.7,1.0435,0.6,1.1302,43
1580009797.604,0.71,1.0307,0.57,1.149,43
1580009797.786,0.73,1.0114,0.56,1.1549,43
1580009797.97,0.73,1.0145,0.57,1.1476,43
1580009798.156,0.72,1.0281,0.62,1.1245,43
1580009798.341,0.72,1.0283,0.63,1.119,43
1580009798.504,0.71,1.0237,0.59,1.139,43
1580009798.695,0.68,1.0528,0.6,1.139,44
1580009798.876,0.7,1.04,0.58,1.1506,44
1580009799.061,0.71,1.0327,0.58,1.1333,44
1580009799.254,0.7,1.0382,0.63,1.1093,44
1580009799.438,0.72,1.0254,0.63,1.1046,44
1580009799.618,0.74,1.0027,0.63,1.1234,44
1580009799.797,0.74,1.0054,0.58,1.1463,44
1580009799.979,0.68,1.058,0.58,1.1453,44
1580009800.158,0.69,1.0421,0.6,1.1372,44
1580009800.342,0.71,1.0312,0.61,1.1283,44
1580009800.524,0.73,1.0097,0.61,1.1307,44
1580009800.706,0.74,1.0066,0.61,1.14,44
1580009800.888,0.72,1.0251,0.56,1.1366,44
1580009801.071,0.7,1.0377,0.61,1.1287,44
1580009801.238,0.73,1.0119,0.6,1.1332,44
1580009801.425,0.69,1.0542,0.59,1.1385,45
1580009801.611,0.71,1.0394,0.58,1.1569,45
1580009801.797,0.7,1.0346,0.57,1.1592,45
1580009801.978,0.69,1.0598,0.6,1.1269,45
1580009802.162,0.73,1.016,0.65,1.1003,45
1580009802.343,0.75,0.9964,0.64,1.1087,45
1580009802.531,0.7,1.0415,0.62,1.1163,45
1580009802.71,0.69,1.0507,0.62,1.1321,45
1580009802.892,0.7,1.0386,0.6,1.142,45
1580009803.073,0.71,1.0293,0.6,1.1395,45
1580009803.258,0.73,1.0176,0.6,1.1248,45
1580009803.439,0.74,1.0051,0.62,1.1125,45
1580009803.625,0.73,1.0129,0.64,1.111,45
1580009803.804,0.72,1.0311,0.59,1.1202,45
1580009803.973,0.74,1.0041,0.58,1.1354,45
1580009804.157,0.71,1.0258,0.59,1.1416,46
1580009804.342,0.7,1.0491,0.6,1.141,46
1580009804.522,0.71,1.0319,0.59,1.1433,46
1580009804.705,0.71,1.0334,0.58,1.1391,46
1580009804.887,0.71,1.0292,0.6,1.1345,46
1580009805.069,0.75,0.9917,0.62,1.119,46
1580009805.253,0.73,1.0245,0.63,1.1101,46
1580009805.438,0.69,1.059,0.6,1.1369,46
1580009805.62,0.7,1.0334,0.58,1.1528,46
1580009805.799,0.71,1.0339,0.58,1.153,46
1580009805.982,0.72,1.0255,0.6,1.1375,46
1580009806.168,0.73,1.013,0.62,1.1229,46
1580009806.356,0.72,1.0198,0.63,1.1092,46
1580009806.538,0.72,1.0271,0.61,1.112,46
1580009806.699,0.73,1.0088,0.62,1.1195,46
1580009806.882,0.72,1.025,0.62,1.1224,47
1580009807.061,0.71,1.0301,0.62,1.1289,47
1580009807.241,0.73,1.016,0.61,1.14,47
1580009807.42,0.71,1.034,0.58,1.1506,47
1580009807.6,0.73,1.0184,0.6,1.1367,47
1580009807.78,0.73,1.009,0.6,1.1332,47
1580009807.96,0.74,1.0032,0.62,1.1282,47
1580009808.139,0.69,1.061,0.61,1.1228,47
1580009808.329,0.7,1.0493,0.59,1.1409,47
1580009808.521,0.72,1.0277,0.56,1.1632,47
1580009808.713,0.7,1.0407,0.58,1.1496,47
1580009808.902,0.73,1.0168,0.62,1.1354,47
1580009809.085,0.73,1.0147,0.59,1.1368,47
1580009809.268,0.69,1.0461,0.61,1.1242,47
1580009809.434,0.71,1.0266,0.62,1.1108,47
1580009809.618,0.72,1.0194,0.61,1.1223,48
1580009809.798,0.7,1.0399,0.59,1.1447,48
1580009809.981,0.71,1.0353,0.58,1.1497,48
1580009810.166,0.69,1.0504,0.59,1.1435,48
1580009810.351,0.72,1.0251,0.59,1.1459,48
1580009810.534,0.73,1.012,0.59,1.1415,48
1580009810.718,0.7,1.0346,0.58,1.1346,48
1580009810.902,0.69,1.0547,0.62,1.1165,48
1580009811.085,0.7,1.043,0.65,1.1137,48
1580009811.266,0.71,1.0339,0.62,1.1292,48
1580009811.453,0.7,1.0324,0.58,1.1432,48
1580009811.635,0.71,1.0326,0.58,1.1359,48
1580009811.815,0.73,1.0111,0.62,1.1272,48
1580009811.996,0.72,1.0175,0.6,1.1351,48
1580009812.158,0.72,1.0236,0.6,1.1348,48
1580009812.347,0.69,1.0478,0.6,1.1358,49
1580009812.534,0.7,1.0341,0.57,1.145,49
1580009812.715,0.72,1.0188,0.55,1.1608,49
1580009812.902,0.69,1.0475,0.55,1.1557,49
1580009813.086,0.7,1.0389,0.6,1.1284,49
1580009813.268,0.75,0.997,0.6,1.1249,49
1580009813.459,0.73,1.0049,0.59,1.1283,49
1580009813.64,0.7,1.0421,0.59,1.1381,49
1580009813.829,0.68,1.0603,0.62,1.134,49
1580009814.013,0.7,1.0382,0.61,1.1315,49
1580009814.198,0.74,1.0063,0.6,1.1253,49
1580009814.381,0.75,0.9981,0.57,1.1392,49
1580009814.567,0.72,1.0244,0.63,1.1163,49
1580009814.746,0.69,1.0471,0.62,1.1055,49
1580009814.91,0.74,1.0027,0.62,1.1109,49
1580009815.097,0.72,1.017,0.62,1.1185,50
1580009815.283,0.7,1.0426,0.62,1.1281,50
1580009815.465,0.7,1.0354,0.61,1.1373,50
1580009815.646,0.71,1.0375,0.6,1.1364,50
1580009815.829,0.73,1.016,0.62,1.1268,50
1580009816.01,0.76,0.9881,0.6,1.1174,50
1580009816.193,0.74,1.0045,0.62,1.1195,50
1580009816.392,0.69,1.0534,0.61,1.1141,50
1580009816.578,0.71,1.033,0.63,1.125,50
1580009816.758,0.73,1.0145,0.6,1.1374,50
1580009816.936,0.73,1.01,0.59,1.1404,50
1580009817.115,0.72,1.0223,0.61,1.1296,50
1580009817.296,0.73,1.008,0.64,1.1081,50
1580009817.476,0.72,1.0227,0.62,1.1149,50
1580009817.636,0.73,1.013,0.61,1.1153,50
1580009817.822,0.71,1.0298,0.65,1.1017,51
1580009818.006,0.72,1.0271,0.64,1.1114,51
1580009818.188,0.73,1.0129,0.6,1.1374,51
1580009818.368,0.72,1.0254,0.59,1.1454,51
1580009818.549,0.73,1.016,0.61,1.1392,51
1580009818.73,0.74,1.0007,0.61,1.1327,51
1580009818.909,0.75,0.9948,0.6,1.1281,51
1580009819.088,0.7,1.0374,0.63,1.1128,51
1580009819.267,0.7,1.0402,0.62,1.1179,51
1580009819.444,0.72,1.0218,0.6,1.1261,51
1580009819.63,0.75,0.9898,0.58,1.1391,51
1580009819.809,0.74,1.0036,0.6,1.1402,51
1580009819.988,0.74,1.0062,0.61,1.1272,51
1580009820.168,0.73,1.0095,0.61,1.1182,51
1580009820.331,0.75,0.994,0.64,1.1205,51
1580009820.517,0.7,1.0377,0.62,1.1123,52
1580009820.698,0.7,1.0356,0.61,1.1288,52
1580009820.885,0.74,1.0047,0.59,1.1406,52
1580009821.08,0.71,1.0311,0.59,1.1491,52
1580009821.265,0.7,1.0364,0.6,1.1355,52
1580009821.449,0.76,0.9926,0.61,1.1272,52
1580009821.631,0.74,0.9945,0.61,1.1197,52
1580009821.812,0.72,1.0286,0.62,1.1188,52
1580009821.992,0.7,1.0369,0.63,1.1135,52
1580009822.171,0.73,1.0126,0.62,1.1154,52
1580009822.356,0.76,0.9872,0.62,1.1156,52
1580009822.537,0.76,0.9895,0.59,1.133,52
1580009822.727,0.73,1.0133,0.6,1.1208,52
1580009822.907,0.72,1.0212,0.62,1.1142,52
1580009823.071,0.76,0.9853,0.66,1.1099,52
1580009823.251,0.72,1.0253,0.66,1.1021,53
1580009823.432,0.69,1.0463,0.62,1.1198,53
1580009823.618,0.72,1.0163,0.59,1.1346,53
1580009823.8,0.71,1.0296,0.59,1.1443,53
1580009823.98,0.73,1.0177,0.61,1.1316,53
1580009824.163,0.75,0.9953,0.59,1.1327,53
1580009824.344,0.73,1.0065,0.61,1.1181,53
1580009824.525,0.71,1.0329,0.63,1.1112,53
1580009824.708,0.73,1.0224,0.6,1.1289,53
1580009824.887,0.71,1.0355,0.59,1.1343,53
1580009825.069,0.73,1.0087,0.6,1.1379,53
1580009825.252,0.75,0.9972,0.6,1.1385,53
1580009825.433,0.75,0.9953,0.57,1.1592,53
1580009825.61,0.69,1.0442,0.57,1.1524,53
1580009825.777,0.73,1.0143,0.61,1.1247,53
1580009825.958,0.72,1.0188,0.62,1.1097,54
1580009826.143,0.71,1.0286,0.61,1.1106,54
1580009826.328,0.7,1.037,0.65,1.1104,54
1580009826.52,0.69,1.0557,0.59,1.1285,54
1580009826.701,0.7,1.0388,0.62,1.1332,54
1580009826.883,0.73,1.0066,0.59,1.1479,54
1580009827.064,0.73,1.0045,0.59,1.1478,54
1580009827.242,0.68,1.0614,0.6,1.1433,54
1580009827.421,0.68,1.0581,0.65,1.1123,54
1580009827.603,0.72,1.0277,0.62,1.1239,54
1580009827.787,0.74,1.0045,0.59,1.1361,54
1580009827.969,0.71,1.0246,0.58,1.1411,54
1580009828.151,0.71,1.0282,0.61,1.1378,54
1580009828.333,0.72,1.0159,0.59,1.1459,54
1580009828.493,0.73,1.0126,0.59,1.1483,54
1580009828.679,0.68,1.059,0.56,1.155,55
1580009828.865,0.69,1.051,0.59,1.1483,55
1580009829.043,0.72,1.0201,0.6,1.1289,55
1580009829.228,0.72,1.0288,0.62,1.1175,55
1580009829.407,0.69,1.0397,0.62,1.1088,55
1580009829.587,0.73,1.0062,0.62,1.1094,55
1580009829.767,0.75,0.9974,0.61,1.1335,55
1580009829.946,0.71,1.0339,0.6,1.1419,55
1580009830.126,0.69,1.0469,0.62,1.1329,55
1580009830.303,0.72,1.0225,0.59,1.1419,55
1580009830.48,0.75,0.9892,0.61,1.1316,55
1580009830.66,0.74,1.0022,0.59,1.1301,55
1580009830.843,0.72,1.0287,0.59,1.1322,55
1580009831.024,0.71,1.0312,0.59,1.128,55
1580009831.187,0.76,0.9856,0.57,1.143,55
1580009831.37,0.72,1.0203,0.59,1.1469,56
1580009831.551,0.7,1.0452,0.59,1.1413,56
1580009831.731,0.71,1.0294,0.58,1.1488,56
1580009831.925,0.72,1.0229,0.61,1.1256,56
1580009832.103,0.72,1.0226,0.63,1.1241,56
1580009832.283,0.71,1.0262,0.59,1.1312,56
1580009832.464,0.73,1.0029,0.61,1.1213,56
1580009832.645,0.7,1.0402,0.62,1.1338,56
1580009832.826,0.69,1.0554,0.64,1.1306,56
1580009833.004,0.69,1.0521,0.62,1.1291,56
1580009833.183,0.73,1.0054,0.59,1.1366,56
1580009833.363,0.73,1.0092,0.61,1.1211,56
1580009833.543,0.7,1.0387,0.62,1.1218,56
1580009833.721,0.66,1.0748,0.59,1.1389,56
1580009833.88,0.73,1.0149,0.61,1.1207,56
1580009834.063,0.72,1.0248,0.6,1.1286,57
1580009834.244,0.67,1.0638,0.6,1.133,57
1580009834.423,0.64,1.0974,0.64,1.1092,57
1580009834.602,0.67,1.0712,0.63,1.1148,57
1580009834.78,0.73,1.0165,0.58,1.1291,57
1580009834.963,0.73,1.0077,0.63,1.1218,57
1580009835.141,0.66,1.0676,0.62,1.1263,57
1580009835.322,0.62,1.1173,0.61,1.1275,57
1580009835.503,0.63,1.107,0.61,1.1345,57
1580009835.684,0.69,1.0502,0.63,1.1217,57
1580009835.865,0.72,1.0191,0.64,1.1051,57
1580009836.043,0.71,1.0274,0.64,1.0965,57
1580009836.224,0.69,1.0405,0.64,1.1038,57
1580009836.405,0.69,1.0479,0.64,1.1167,57
1580009836.569,0.73,1.0162,0.61,1.1271,57
1580009836.749,0.72,1.023,0.59,1.1303,58
1580009836.929,0.71,1.0327,0.6,1.129,58
1580009837.108,0.72,1.0215,0.61,1.1231,58
1580009837.288,0.71,1.0291,0.62,1.1174,58
1580009837.469,0.73,1.0068,0.63,1.1184,58
1580009837.648,0.76,0.988,0.61,1.1185,58
1580009837.83,0.74,1.0001,0.62,1.1166,58
1580009838.014,0.7,1.0426,0.64,1.1154,58
1580009838.197,0.71,1.0321,0.62,1.1119,58
1580009838.38,0.74,1.0131,0.64,1.1062,58
1580009838.561,0.75,0.9903,0.61,1.116,58
1580009838.74,0.74,1.0018,0.62,1.1189,58
1580009838.921,0.73,1.0131,0.62,1.1123,58
1580009839.1,0.72,1.0141,0.6,1.1282,58
1580009839.262,0.75,0.989,0.58,1.1442,58
1580009839.444,0.72,1.0215,0.59,1.1448,59
1580009839.623,0.72,1.0232,0.62,1.1312,59
1580009839.803,0.73,1.0182,0.61,1.121,59
1580009839.98,0.71,1.0329,0.6,1.1078,59
1580009840.159,0.72,1.0139,0.61,1.1123,59
1580009840.343,0.76,0.9858,0.61,1.1255,59
1580009840.523,0.73,1.012,0.61,1.1267,59
1580009840.705,0.69,1.0467,0.6,1.1317,59
1580009840.89,0.71,1.0254,0.61,1.1246,59
1580009841.076,0.74,1.0043,0.6,1.1254,59
1580009841.255,0.74,1.0019,0.6,1.1172,59
1580009841.436,0.74,1.0037,0.6,1.1185,59
1580009841.617,0.75,0.9922,0.6,1.1164,59
1580009841.8,0.73,1.0127,0.63,1.1095,59
1580009841.963,0.73,1.0102,0.6,1.1239,59
1580009842.145,0.7,1.04,0.59,1.1332,60
1580009842.331,0.72,1.0271,0.6,1.1198,60
1580009842.51,0.75,0.9991,0.61,1.1144,60
1580009842.69,0.71,1.031,0.63,1.1093,60
1580009842.874,0.72,1.0174,0.62,1.1115,60
1580009843.057,0.77,0.9784,0.62,1.1206,60
1580009843.238,0.75,0.995,0.61,1.1356,60
1580009843.426,0.7,1.0463,0.59,1.1382,60
1580009843.605,0.71,1.0352,0.59,1.1364,60
1580009843.784,0.74,1.0032,0.63,1.1177,60
1580009843.965,0.75,0.9872,0.63,1.1102,60
1580009844.151,0.73,1.0073,0.64,1.1042,60
1580009844.332,0.74,1.0024,0.64,1.1012,60
1580009844.515,0.76,0.9947,0.63,1.1089,60
1580009844.678,0.76,0.988,0.62,1.1125,60
1580009844.86,0.72,1.0236,0.61,1.1155,61
1580009845.043,0.73,1.0158,0.6,1.1141,61
1580009845.224,0.75,0.997,0.63,1.1136,61
1580009845.408,0.72,1.0239,0.63,1.1089,61
1580009845.595,0.72,1.017,0.63,1.0985,61
1580009845.775,0.79,0.9611,0.61,1.1055,61
1580009845.959,0.76,0.9892,0.62,1.1149,61
1580009846.153,0.71,1.0321,0.59,1.1358,61
1580009846.347,0.72,1.0211,0.58,1.1394,61
1580009846.538,0.74,1.0026,0.61,1.1303,61
1580009846.724,0.76,0.9825,0.63,1.1145,61
1580009846.903,0.75,0.9916,0.63,1.111,61
1580009847.087,0.75,0.9943,0.63,1.1082,61
1580009847.269,0.75,0.9945,0.61,1.1076,61
1580009847.431,0.75,0.9856,0.61,1.1194,61
1580009847.613,0.73,1.0076,0.62,1.1219,62
1580009847.795,0.73,1.0166,0.63,1.1201,62
1580009847.976,0.74,1.0005,0.6,1.1302,62
1580009848.159,0.71,1.029,0.64,1.1104,62
1580009848.34,0.75,0.9975,0.62,1.1047,62
1580009848.518,0.79,0.9557,0.66,1.0904,62
1580009848.698,0.76,0.9918,0.66,1.0897,62
1580009848.877,0.71,1.0293,0.64,1.1112,62
1580009849.056,0.73,1.0136,0.58,1.1447,62
1580009849.24,0.74,0.9986,0.59,1.151,62
1580009849.42,0.75,0.9915,0.6,1.1424,62
1580009849.607,0.75,0.9928,0.58,1.1341,62
1580009849.79,0.76,0.9847,0.61,1.1186,62
1580009849.973,0.75,0.9948,0.64,1.1028,62
1580009850.134,0.75,0.9958,0.64,1.0999,62
1580009850.315,0.73,1.0042,0.62,1.1113,63
1580009850.496,0.75,1.0022,0.61,1.118,63
1580009850.674,0.75,0.9911,0.6,1.1303,63
1580009850.854,0.71,1.0259,0.61,1.1327,63
1580009851.037,0.72,1.0185,0.61,1.1257,63
1580009851.22,0.77,0.9724,0.61,1.1147,63
1580009851.403,0.77,0.971,0.64,1.0896,63
1580009851.584,0.74,1.0113,0.62,1.0952,63
1580009851.766,0.7,1.0398,0.65,1.0877,63
1580009851.951,0.73,1.0083,0.62,1.1121,63
1580009852.133,0.77,0.9697,0.6,1.1373,63
1580009852.319,0.77,0.9787,0.59,1.1439,63
1580009852.499,0.72,1.0131,0.6,1.1372,63
1580009852.68,0.72,1.0211,0.61,1.1309,63
1580009852.84,0.75,0.9861,0.61,1.1239,63
1580009853.024,0.75,0.9929,0.64,1.0935,64
1580009853.204,0.73,1.0163,0.65,1.0898,64
1580009853.387,0.72,1.0179,0.65,1.093,64
1580009853.569,0.72,1.0233,0.64,1.105,64
1580009853.751,0.75,0.995,0.61,1.1279,64
1580009853.932,0.78,0.9676,0.6,1.1338,64
1580009854.113,0.75,0.99,0.6,1.1333,64
1580009854.295,0.71,1.0276,0.62,1.1129,64
1580009854.478,0.74,1.0069,0.64,1.1005,64
1580009854.66,0.75,0.9942,0.61,1.1127,64
1580009854.84,0.75,0.9934,0.62,1.0989,64
1580009855.02,0.72,1.0217,0.65,1.0842,64
1580009855.202,0.75,0.995,0.61,1.1199,64
1580009855.389,0.76,0.9877,0.59,1.131,64
1580009855.552,0.77,0.9809,0.61,1.1318,64
1580009855.735,0.72,1.0223,0.6,1.1376,65
1580009855.917,0.72,1.0169,0.6,1.1306,65
1580009856.099,0.76,0.9866,0.63,1.114,65
1580009856.284,0.73,1.0101,0.63,1.1099,65
1580009856.467,0.76,0.9929,0.62,1.1116,65
1580009856.649,0.77,0.9659,0.64,1.1119,65
1580009856.83,0.77,0.9727,0.64,1.1087,65
1580009857.016,0.73,1.0095,0.64,1.1107,65
1580009857.197,0.74,1.0074,0.64,1.1111,65
1580009857.381,0.75,0.9977,0.64,1.1091,65
1580009857.563,0.77,0.9739,0.64,1.1016,65
1580009857.742,0.76,0.9748,0.64,1.103,65
1580009857.924,0.77,0.9763,0.62,1.0986,65
1580009858.105,0.76,0.9897,0.62,1.1098,65
1580009858.268,0.77,0.9673,0.6,1.1264,65
1580009858.458,0.76,0.9841,0.61,1.1338,66
1580009858.639,0.75,0.9987,0.6,1.1381,66
1580009858.826,0.77,0.9836,0.59,1.136,66
1580009859.008,0.74,1.0065,0.6,1.1252,66
1580009859.2,0.76,0.9862,0.63,1.1118,66
1580009859.387,0.8,0.9508,0.63,1.107,66
1580009859.568,0.78,0.9643,0.63,1.1062,66
1580009859.747,0.74,1.0027,0.62,1.1049,66
1580009859.929,0.74,1.0054,0.61,1.1052,66
1580009860.112,0.75,0.9931,0.62,1.1083,66
1580009860.293,0.77,0.9642,0.61,1.1146,66
1580009860.478,0.77,0.968,0.6,1.1277,66
1580009860.659,0.78,0.9716,0.6,1.1331,66
1580009860.843,0.74,1.0028,0.61,1.1266,66
1580009861.003,0.78,0.964,0.62,1.1134,66
1580009861.186,0.76,0.9775,0.63,1.107,67
1580009861.368,0.73,1.0125,0.63,1.1048,67
1580009861.549,0.75,0.9958,0.61,1.1149,67
1580009861.728,0.74,1.0069,0.6,1.1353,67
1580009861.919,0.76,0.9868,0.61,1.1326,67
1580009862.099,0.78,0.9645,0.61,1.1279,67
1580009862.28,0.76,0.9849,0.62,1.1148,67
1580009862.462,0.74,1.0,0.61,1.1004,67
1580009862.647,0.75,0.9993,0.63,1.1072,67
1580009862.827,0.74,0.9997,0.62,1.1077,67
1580009863.007,0.77,0.9817,0.62,1.1016,67
1580009863.186,0.76,0.9856,0.63,1.1119,67
1580009863.366,0.78,0.9655,0.6,1.1237,67
1580009863.552,0.75,0.9985,0.61,1.122,67
1580009863.714,0.76,0.9906,0.61,1.1257,67
1580009863.896,0.76,0.9886,0.62,1.1224,68
1580009864.074,0.76,0.9902,0.63,1.1153,68
1580009864.253,0.74,0.9995,0.62,1.1196,68
1580009864.43,0.73,1.0222,0.62,1.1205,68
1580009864.611,0.76,0.9917,0.61,1.1299,68
1580009864.793,0.79,0.9553,0.59,1.1335,68
1580009864.977,0.77,0.9735,0.6,1.1295,68
1580009865.156,0.72,1.0172,0.62,1.1142,68
1580009865.334,0.73,1.0064,0.63,1.1037,68
1580009865.512,0.75,0.9888,0.64,1.0956,68
1580009865.692,0.78,0.9612,0.64,1.0876,68
1580009865.871,0.76,0.9857,0.65,1.0909,68
1580009866.053,0.77,0.9833,0.61,1.1145,68
1580009866.235,0.77,0.9757,0.62,1.1246,68
1580009866.396,0.78,0.9697,0.62,1.1274,68
1580009866.58,0.73,1.0141,0.61,1.1246,69
1580009866.764,0.72,1.0239,0.63,1.1097,69
1580009866.942,0.78,0.9733,0.65,1.0966,69
1580009867.137,0.75,0.9993,0.61,1.1134,69
1580009867.318,0.74,1.0028,0.59,1.1277,69
1580009867.498,0.75,0.9873,0.61,1.1153,69
1580009867.677,0.78,0.9724,0.61,1.1195,69
1580009867.856,0.74,1.0033,0.62,1.1146,69
1580009868.036,0.73,1.0146,0.63,1.1098,69
1580009868.22,0.74,0.9986,0.64,1.108,69
1580009868.413,0.77,0.9758,0.63,1.0996,69
1580009868.606,0.77,0.9737,0.66,1.084,69
1580009868.798,0.77,0.9717,0.65,1.0945,69
1580009868.984,0.73,1.0079,0.64,1.1102,69
1580009869.144,0.74,0.9998,0.6,1.1343,69
1580009869.33,0.76,0.9841,0.61,1.1306,70
1580009869.51,0.75,0.9949,0.61,1.1267,70
1580009869.696,0.74,1.0025,0.62,1.1239,70
1580009869.875,0.71,1.0304,0.61,1.1323,70
1580009870.057,0.76,0.99,0.63,1.1092,70
1580009870.237,0.79,0.9553,0.64,1.1091,70
1580009870.417,0.76,0.9831,0.59,1.1227,70
1580009870.597,0.73,1.011,0.59,1.1271,70
1580009870.776,0.73,1.0071,0.64,1.1015,70
1580009870.957,0.76,0.9872,0.64,1.0988,70
1580009871.139,0.79,0.9589,0.64,1.1104,70
1580009871.321,0.77,0.9693,0.65,1.1006,70
1580009871.502,0.77,0.9772,0.61,1.1158,70
1580009871.685,0.76,0.9856,0.61,1.1314,70
1580009871.848,0.78,0.9699,0.6,1.1357,70
1580009872.031,0.75,0.9923,0.6,1.1301,71
1580009872.212,0.75,1.0004,0.63,1.1068,71
1580009872.399,0.75,0.9908,0.61,1.1124,71
1580009872.579,0.74,1.0073,0.63,1.1081,71
1580009872.762,0.75,0.9973,0.63,1.1014,71
1580009872.942,0.8,0.9467,0.63,1.1108,71
1580009873.124,0.78,0.9677,0.61,1.1173,71
1580009873.307,0.74,1.0082,0.61,1.1274,71
1580009873.489,0.72,1.0168,0.6,1.1305,71
1580009873.671,0.76,0.9924,0.6,1.1215,71
1580009873.851,0.77,0.9726,0.63,1.1105,71
1580009874.033,0.76,0.9881,0.63,1.1054,71
1580009874.214,0.77,0.9744,0.64,1.1061,71
1580009874.397,0.75,0.9877,0.61,1.1195,71
1580009874.557,0.76,0.9819,0.6,1.1444,71
1580009874.737,0.74,1.0024,0.59,1.1484,72
1580009874.916,0.74,1.0049,0.59,1.1406,72
1580009875.097,0.74,1.0013,0.6,1.1328,72
1580009875.275,0.75,1.0046,0.64,1.1059,72
1580009875.457,0.77,0.9808,0.65,1.0848,72
1580009875.642,0.79,0.9574,0.62,1.1024,72
1580009875.826,0.77,0.9759,0.59,1.1315,72
1580009876.005,0.75,0.9978,0.6,1.148,72
1580009876.186,0.74,1.0013,0.59,1.1505,72
1580009876.37,0.75,0.9941,0.59,1.1453,72
1580009876.549,0.77,0.9704,0.61,1.1272,72
1580009876.733,0.78,0.9642,0.6,1.1232,72
1580009876.914,0.79,0.9628,0.61,1.1081,72
1580009877.094,0.75,0.9942,0.63,1.103,72
1580009877.27,0.76,0.98,0.61,1.121,72
1580009877.455,0.76,0.988,0.58,1.1429,73
1580009877.635,0.76,0.9879,0.6,1.1406,73
1580009877.829,0.77,0.9725,0.61,1.1441,73
1580009878.009,0.74,1.0072,0.6,1.1447,73
1580009878.19,0.74,0.9936,0.59,1.1417,73
1580009878.375,0.79,0.9534,0.63,1.1069,73
1580009878.556,0.79,0.9629,0.65,1.1022,73
1580009878.738,0.74,1.0072,0.61,1.1115,73
1580009878.92,0.73,1.0091,0.6,1.1317,73
1580009879.101,0.76,0.9815,0.6,1.1358,73
1580009879.285,0.78,0.9647,0.61,1.1277,73
1580009879.472,0.75,0.99,0.59,1.1267,73
1580009879.651,0.76,0.9848,0.61,1.1271,73
1580009879.832,0.77,0.9723,0.59,1.1226,73
1580009879.993,0.76,0.981,0.63,1.1114,73
1580009880.176,0.74,1.0043,0.6,1.1134,74
1580009880.357,0.73,1.0097,0.61,1.1221,74
1580009880.54,0.78,0.9706,0.62,1.1184,74
1580009880.721,0.73,1.0052,0.61,1.1277,74
1580009880.907,0.7,1.0341,0.63,1.1134,74
1580009881.099,0.76,0.9844,0.6,1.1429,74
1580009881.278,0.77,0.9709,0.62,1.1127,74
1580009881.456,0.73,1.0121,0.62,1.0917,74
1580009881.637,0.69,1.0427,0.66,1.0758,74
1580009881.82,0.71,1.0283,0.67,1.0839,74
1580009881.999,0.75,0.9878,0.64,1.1059,74
1580009882.18,0.76,0.9747,0.63,1.116,74
1580009882.362,0.75,0.9909,0.62,1.1128,74
1580009882.541,0.76,0.9893,0.61,1.1335,74
1580009882.704,0.77,0.9775,0.58,1.1524,74
1580009882.89,0.75,0.9918,0.59,1.1447,75
1580009883.074,0.73,1.0143,0.6,1.1317,75
1580009883.255,0.73,1.0077,0.62,1.1125,75
1580009883.44,0.74,1.0017,0.64,1.0943,75
1580009883.62,0.77,0.9781,0.65,1.094,75
1580009883.803,0.79,0.9575,0.63,1.096,75
1580009883.987,0.77,0.9758,0.63,1.104,75
1580009884.172,0.74,0.9984,0.62,1.1135,75
1580009884.356,0.75,0.9954,0.61,1.1185,75
1580009884.534,0.74,1.0021,0.62,1.1192,75
1580009884.714,0.76,0.9797,0.61,1.1201,75
1580009884.896,0.78,0.9657,0.61,1.1143,75
1580009885.078,0.78,0.9667,0.63,1.1146,75
1580009885.263,0.77,0.9776,0.62,1.1243,75
1580009885.425,0.76,0.9796,0.61,1.1256,75
1580009885.607,0.78,0.9694,0.6,1.1287,76
1580009885.789,0.75,0.9886,0.59,1.1369,76
1580009885.971,0.76,0.9804,0.61,1.1246,76
1580009886.152,0.75,0.9923,0.63,1.1152,76
1580009886.337,0.76,0.9799,0.63,1.1144,76
1580009886.517,0.8,0.9451,0.62,1.1185,76
1580009886.702,0.77,0.969,0.63,1.1069,76
1580009886.884,0.76,0.9935,0.63,1.0995,76
1580009887.071,0.76,0.9899,0.63,1.0931,76
1580009887.252,0.77,0.981,0.63,1.0917,76
1580009887.45,0.78,0.9633,0.63,1.0926,76
1580009887.632,0.78,0.9584,0.65,1.1006,76
1580009887.813,0.79,0.9583,0.64,1.1064,76
1580009887.996,0.78,0.9667,0.62,1.1166,76
1580009888.16,0.78,0.964,0.61,1.1196,76
1580009888.345,0.78,0.9665,0.61,1.1192,77
1580009888.524,0.76,0.98,0.61,1.1218,77
1580009888.705,0.77,0.969,0.62,1.1267,77
1580009888.887,0.76,0.9825,0.61,1.1286,77
1580009889.077,0.77,0.9686,0.62,1.1201,77
1580009889.261,0.81,0.9352,0.62,1.1201,77
1580009889.447,0.8,0.9487,0.6,1.1272,77
1580009889.626,0.75,0.9934,0.62,1.1057,77
1580009889.804,0.75,0.9989,0.63,1.0984,77
1580009889.986,0.77,0.9706,0.62,1.1146,77
1580009890.164,0.79,0.9508,0.6,1.1243,77
1580009890.343,0.78,0.9628,0.62,1.1186,77
1580009890.526,0.79,0.9565,0.62,1.1111,77
1580009890.706,0.79,0.9595,0.62,1.111,77
1580009890.865,0.79,0.9499,0.64,1.1079,77
1580009891.048,0.78,0.961,0.63,1.1119,78
1580009891.227,0.77,0.979,0.6,1.1262,78
1580009891.408,0.78,0.9589,0.6,1.1286,78
1580009891.591,0.77,0.9779,0.61,1.1286,78
1580009891.77,0.78,0.9689,0.63,1.1177,78
1580009891.957,0.81,0.9372,0.63,1.1112,78
1580009892.145,0.81,0.9383,0.61,1.1239,78
1580009892.326,0.77,0.9771,0.6,1.134,78
1580009892.509,0.75,1.0025,0.6,1.1251,78
1580009892.69,0.77,0.9759,0.61,1.127,78
1580009892.872,0.79,0.9475,0.6,1.1348,78
1580009893.056,0.8,0.9492,0.59,1.1323,78
1580009893.239,0.78,0.965,0.62,1.1234,78
1580009893.421,0.77,0.9813,0.61,1.1167,78
1580009893.586,0.79,0.9548,0.61,1.1151,78
1580009893.769,0.79,0.9623,0.63,1.1093,79
1580009893.948,0.76,0.9856,0.62,1.113,79
1580009894.128,0.78,0.9645,0.6,1.1222,79
1580009894.311,0.77,0.9721,0.6,1.1313,79
1580009894.492,0.77,0.9714,0.6,1.1293,79
1580009894.671,0.8,0.9438,0.62,1.1266,79
1580009894.85,0.79,0.9548,0.61,1.1203,79
1580009895.029,0.76,0.9884,0.64,1.1009,79
1580009895.216,0.76,0.9884,0.62,1.1064,79
1580009895.398,0.78,0.9663,0.61,1.1201,79
1580009895.578,0.78,0.9667,0.62,1.1226,79
1580009895.756,0.77,0.9706,0.6,1.1282,79
1580009895.934,0.79,0.9565,0.61,1.1333,79
1580009896.118,0.78,0.9623,0.62,1.1276,79
1580009896.28,0.75,0.99,0.59,1.136,79
1580009896.464,0.75,0.9906,0.6,1.1341,80
1580009896.643,0.77,0.9786,0.59,1.1348,80
1580009896.825,0.79,0.9582,0.57,1.1424,80
1580009897.006,0.75,0.9949,0.57,1.1337,80
1580009897.188,0.76,0.9798,0.61,1.1235,80
1580009897.371,0.81,0.9352,0.61,1.1219,80
1580009897.551,0.8,0.9415,0.63,1.1089,80
1580009897.734,0.75,0.9898,0.61,1.1088,80
1580009897.917,0.75,0.9977,0.61,1.1121,80
1580009898.097,0.79,0.9607,0.62,1.1111,80
1580009898.292,0.8,0.9465,0.62,1.1156,80
1580009898.47,0.78,0.9599,0.61,1.1195,80
1580009898.651,0.77,0.9739,0.63,1.1134,80
1580009898.833,0.78,0.9658,0.61,1.118,80
1580009898.994,0.78,0.9631,0.61,1.124,80
1580009899.176,0.76,0.9823,0.61,1.1176,81
1580009899.358,0.75,0.9896,0.61,1.1223,81
1580009899.539,0.79,0.9599,0.62,1.118,81
1580009899.719,0.77,0.9791,0.62,1.1193,81
1580009899.9,0.78,0.9688,0.61,1.1194,81
1580009900.079,0.8,0.9433,0.62,1.124,81
1580009900.258,0.8,0.9497,0.59,1.1255,81
1580009900.436,0.77,0.9828,0.62,1.1132,81
1580009900.615,0.76,0.9939,0.63,1.1043,81
1580009900.795,0.79,0.9602,0.64,1.0992,81
1580009900.978,0.79,0.95,0.61,1.1041,81
1580009901.157,0.8,0.9434,0.62,1.1048,81
1580009901.342,0.79,0.9531,0.63,1.1048,81
1580009901.523,0.78,0.9628,0.63,1.1063,81
1580009901.686,0.79,0.953,0.64,1.1051,81
1580009901.869,0.78,0.9647,0.63,1.1086,82
1580009902.051,0.77,0.9749,0.63,1.1084,82
1580009902.235,0.79,0.9524,0.63,1.1157,82
1580009902.417,0.77,0.9755,0.6,1.1233,82
1580009902.598,0.78,0.9632,0.62,1.1216,82
1580009902.781,0.81,0.9355,0.62,1.1225,82
1580009902.962,0.79,0.9543,0.62,1.1233,82
1580009903.141,0.76,0.9811,0.61,1.1257,82
1580009903.321,0.76,0.9881,0.62,1.1142,82
1580009903.499,0.78,0.9664,0.63,1.1045,82
1580009903.679,0.8,0.946,0.63,1.1056,82
1580009903.858,0.8,0.9437,0.62,1.0993,82
1580009904.041,0.78,0.9611,0.63,1.109,82
1580009904.221,0.79,0.9564,0.62,1.1217,82
1580009904.386,0.79,0.9505,0.61,1.1284,82
1580009904.566,0.78,0.9698,0.63,1.1229,83
1580009904.747,0.76,0.9817,0.6,1.1261,83
1580009904.928,0.79,0.9554,0.59,1.1269,83
1580009905.107,0.78,0.9721,0.6,1.1234,83
1580009905.287,0.77,0.97,0.62,1.1138,83
1580009905.467,0.81,0.9328,0.63,1.1008,83
1580009905.645,0.79,0.9484,0.63,1.1112,83
1580009905.826,0.77,0.9765,0.62,1.1236,83
1580009906.012,0.76,0.9897,0.62,1.1251,83
1580009906.206,0.78,0.964,0.59,1.1159,83
1580009906.397,0.81,0.9422,0.63,1.107,83
1580009906.589,0.8,0.9492,0.63,1.1124,83
1580009906.769,0.77,0.9706,0.64,1.1023,83
1580009906.947,0.76,0.9813,0.61,1.1257,83
1580009907.107,0.79,0.9523,0.59,1.1354,83
1580009907.289,0.78,0.9666,0.61,1.1299,84
1580009907.472,0.76,0.9911,0.62,1.1168,84
1580009907.653,0.78,0.9706,0.64,1.103,84
1580009907.845,0.77,0.9731,0.63,1.0976,84
1580009908.028,0.79,0.9567,0.64,1.0945,84
1580009908.209,0.81,0.9338,0.62,1.1017,84
1580009908.395,0.78,0.9565,0.6,1.1169,84
1580009908.576,0.75,0.986,0.62,1.1183,84
1580009908.757,0.76,0.9801,0.61,1.1286,84
1580009908.939,0.78,0.9608,0.6,1.1337,84
1580009909.122,0.79,0.958,0.6,1.1303,84
1580009909.303,0.79,0.9541,0.61,1.1177,84
1580009909.492,0.79,0.9505,0.61,1.117,84
1580009909.671,0.78,0.9629,0.59,1.1264,84
1580009909.832,0.78,0.9674,0.64,1.1123,84
1580009910.013,0.76,0.983,0.62,1.1193,85
1580009910.196,0.76,0.981,0.6,1.122,85
1580009910.378,0.8,0.9459,0.62,1.1265,85
1580009910.565,0.77,0.9795,0.59,1.1376,85
1580009910.744,0.77,0.972,0.59,1.1343,85
1580009910.924,0.78,0.9614,0.62,1.119,85
1580009911.104,0.8,0.9462,0.62,1.1196,85
1580009911.283,0.77,0.9747,0.6,1.1326,85
1580009911.463,0.75,0.9975,0.6,1.1311,85
1580009911.645,0.77,0.9674,0.6,1.1289,85
1580009911.823,0.81,0.9406,0.6,1.1252,85
1580009912.002,0.8,0.9439,0.61,1.1279,85
1580009912.184,0.78,0.959,0.62,1.1246,85
1580009912.366,0.76,0.98,0.62,1.1225,85
1580009912.527,0.79,0.9559,0.61,1.1222,85
1580009912.711,0.79,0.9532,0.62,1.1176,86
1580009912.891,0.77,0.9752,0.61,1.1263,86
1580009913.074,0.77,0.9751,0.62,1.1173,86
1580009913.255,0.75,0.9955,0.62,1.1176,86
1580009913.434,0.77,0.972,0.61,1.1269,86
1580009913.62,0.81,0.9356,0.6,1.1332,86
1580009913.802,0.78,0.9677,0.62,1.1228,86
1580009913.98,0.76,0.9903,0.63,1.1166,86
1580009914.158,0.76,0.982,0.6,1.1202,86
1580009914.336,0.8,0.9506,0.62,1.1199,86
1580009914.516,0.79,0.9546,0.61,1.1233,86
1580009914.698,0.78,0.9627,0.61,1.1197,86
1580009914.882,0.79,0.9543,0.6,1.1222,86
1580009915.062,0.78,0.9603,0.61,1.1264,86
1580009915.222,0.78,0.9625,0.61,1.1294,86
1580009915.405,0.78,0.9615,0.63,1.1209,87
1580009915.587,0.77,0.9719,0.63,1.1068,87
1580009915.769,0.8,0.947,0.6,1.1241,87
1580009915.95,0.77,0.981,0.63,1.1126,87
1580009916.131,0.79,0.9611,0.62,1.1192,87
1580009916.31,0.82,0.9243,0.64,1.1009,87
1580009916.496,0.81,0.9441,0.64,1.1048,87
1580009916.682,0.77,0.9758,0.63,1.1144,87
1580009916.864,0.76,0.991,0.62,1.1194,87
1580009917.044,0.79,0.9568,0.62,1.1216,87
1580009917.224,0.8,0.9483,0.62,1.1198,87
1580009917.402,0.78,0.967,0.62,1.1192,87
1580009917.586,0.79,0.9536,0.63,1.1137,87
1580009917.765,0.78,0.9698,0.63,1.1126,87
1580009917.93,0.77,0.9654,0.63,1.1114,87
1580009918.11,0.78,0.9616,0.62,1.1121,88
1580009918.289,0.78,0.9726,0.62,1.1049,88
1580009918.467,0.8,0.953,0.62,1.1116,88
1580009918.647,0.75,0.993,0.63,1.1047,88
1580009918.834,0.77,0.9685,0.63,1.1078,88
1580009919.015,0.82,0.9247,0.62,1.1056,88
1580009919.205,0.8,0.943,0.64,1.0907,88
1580009919.394,0.76,0.984,0.66,1.0935,88
1580009919.574,0.77,0.9818,0.62,1.1122,88
1580009919.759,0.79,0.9532,0.61,1.1195,88
1580009919.937,0.8,0.9433,0.62,1.1269,88
1580009920.117,0.76,0.9759,0.61,1.1105,88
1580009920.296,0.78,0.9625,0.62,1.1169,88
1580009920.474,0.79,0.9522,0.62,1.1283,88
1580009920.636,0.79,0.959,0.61,1.12,88
1580009920.815,0.76,0.9865,0.63,1.1034,89
1580009920.995,0.75,0.9988,0.63,1.1085,89
1580009921.18,0.77,0.972,0.61,1.1191,89
1580009921.362,0.76,0.9839,0.58,1.1487,89
1580009921.543,0.73,1.0038,0.61,1.1291,89
1580009921.723,0.76,0.9772,0.6,1.1374,89
1580009921.991,0.76,0.98,0.59,1.1455,89
1580009922.173,0.73,1.0037,0.59,1.1222,89
1580009922.353,0.73,1.0048,0.6,1.1054,89
1580009922.534,0.73,1.0099,0.66,1.0949,89
1580009922.721,0.73,1.0093,0.62,1.1117,89
1580009922.901,0.74,0.9974,0.61,1.1178,89
1580009923.082,0.78,0.9632,0.61,1.1249,89
1580009923.264,0.78,0.9635,0.58,1.1544,89
1580009923.429,0.76,0.9841,0.56,1.1707,89
1580009923.632,0.72,1.0208,0.59,1.1559,90
1580009923.822,0.73,1.0154,0.6,1.1398,90
1580009924.002,0.76,0.9819,0.62,1.1212,90
1580009924.18,0.76,0.9848,0.61,1.1223,90
1580009924.359,0.78,0.9725,0.63,1.1157,90
1580009924.539,0.78,0.9569,0.63,1.0975,90
1580009924.719,0.78,0.9612,0.65,1.0862,90
1580009924.902,0.76,0.9826,0.61,1.1116,90
1580009925.081,0.74,0.9989,0.61,1.1279,90
1580009925.262,0.76,0.9757,0.6,1.1304,90
1580009925.44,0.78,0.9575,0.6,1.1238,90
1580009925.62,0.79,0.9506,0.63,1.1055,90
1580009925.798,0.78,0.9657,0.65,1.0904,90
1580009925.979,0.78,0.9686,0.63,1.0968,90
1580009926.141,0.79,0.9517,0.63,1.0984,90
1580009926.322,0.79,0.9576,0.62,1.1095,91
1580009926.501,0.74,1.0016,0.61,1.1147,91
1580009926.678,0.76,0.975,0.64,1.1024,91
1580009926.86,0.77,0.9767,0.62,1.1174,91
1580009927.039,0.78,0.9664,0.56,1.1528,91
1580009927.219,0.78,0.9623,0.6,1.142,91
1580009927.399,0.77,0.9738,0.61,1.1224,91
1580009927.579,0.76,0.9868,0.63,1.1153,91
1580009927.76,0.76,0.9844,0.64,1.1078,91
1580009927.946,0.77,0.9814,0.64,1.1033,91
1580009928.129,0.77,0.9705,0.64,1.0992,91
1580009928.313,0.79,0.9572,0.62,1.1155,91
1580009928.506,0.76,0.9793,0.64,1.1063,91
1580009928.699,0.77,0.9738,0.62,1.1181,91
1580009928.867,0.78,0.9634,0.6,1.1402,91
1580009929.048,0.77,0.9697,0.6,1.1415,92
1580009929.226,0.75,0.9948,0.6,1.14,92
1580009929.405,0.76,0.9859,0.6,1.1407,92
1580009929.588,0.75,0.9927,0.6,1.1378,92
1580009929.768,0.77,0.9668,0.61,1.1204,92
1580009929.952,0.82,0.9221,0.64,1.1005,92
1580009930.133,0.8,0.941,0.65,1.1009,92
1580009930.313,0.74,0.9994,0.64,1.1061,92
1580009930.492,0.74,1.007,0.65,1.0923,92
1580009930.672,0.78,0.9586,0.63,1.0991,92
1580009930.854,0.81,0.9376,0.62,1.113,92
1580009931.034,0.79,0.9493,0.61,1.1275,92
1580009931.212,0.78,0.9597,0.61,1.1283,92
1580009931.393,0.78,0.9611,0.61,1.1239,92
1580009931.554,0.8,0.9447,0.6,1.1266,92
1580009931.735,0.78,0.9599,0.6,1.1227,93
1580009931.916,0.76,0.9791,0.61,1.1209,93
1580009932.099,0.8,0.9437,0.63,1.115,93
1580009932.281,0.77,0.9683,0.62,1.1155,93
1580009932.462,0.79,0.9558,0.63,1.1163,93
1580009932.643,0.82,0.9245,0.62,1.1143,93
1580009932.822,0.81,0.9329,0.61,1.1146,93
1580009933.009,0.78,0.9683,0.61,1.1189,93
1580009933.189,0.76,0.9839,0.61,1.1189,93
1580009933.373,0.8,0.9486,0.61,1.1052,93
1580009933.552,0.81,0.9345,0.63,1.1014,93
1580009933.733,0.81,0.9335,0.63,1.1047,93
1580009933.918,0.79,0.9551,0.63,1.1131,93
1580009934.106,0.79,0.9551,0.61,1.1205,93
1580009934.271,0.8,0.946,0.62,1.1263,93
1580009934.457,0.8,0.9502,0.62,1.1271,94
1580009934.636,0.77,0.9708,0.62,1.1243,94
1580009934.816,0.79,0.9519,0.64,1.111,94
1580009934.997,0.79,0.9583,0.62,1.1093,94
1580009935.179,0.8,0.9432,0.63,1.1088,94
1580009935.361,0.82,0.9175,0.62,1.108,94
1580009935.544,0.82,0.9291,0.62,1.1097,94
1580009935.726,0.78,0.9609,0.62,1.1105,94
1580009935.909,0.78,0.9709,0.62,1.1085,94
1580009936.096,0.8,0.9452,0.62,1.1079,94
1580009936.276,0.81,0.932,0.62,1.1084,94
1580009936.457,0.81,0.9336,0.62,1.1075,94
1580009936.637,0.79,0.9498,0.63,1.1055,94
1580009936.819,0.8,0.9484,0.63,1.1125,94
1580009936.984,0.8,0.9384,0.61,1.123,94
1580009937.167,0.79,0.9563,0.61,1.1236,95
1580009937.347,0.78,0.9685,0.62,1.1143,95
1580009937.528,0.8,0.9392,0.62,1.1167,95
1580009937.71,0.79,0.9548,0.61,1.1273,95
1580009937.895,0.8,0.9483,0.6,1.1298,95
1580009938.075,0.81,0.9345,0.6,1.1337,95
1580009938.263,0.82,0.9283,0.61,1.1262,95
1580009938.444,0.79,0.9553,0.63,1.1164,95
1580009938.624,0.78,0.9668,0.62,1.1133,95
1580009938.806,0.8,0.9462,0.62,1.1099,95
1580009938.99,0.81,0.932,0.62,1.1116,95
1580009939.173,0.81,0.9302,0.62,1.1102,95
1580009939.353,0.79,0.9492,0.61,1.1089,95
1580009939.542,0.8,0.9454,0.62,1.1186,95
1580009939.703,0.81,0.9362,0.63,1.1209,95
1580009939.883,0.81,0.9381,0.61,1.1261,96
1580009940.064,0.78,0.9627,0.61,1.1281,96
1580009940.246,0.8,0.9451,0.61,1.1224,96
1580009940.431,0.79,0.9598,0.64,1.1056,96
1580009940.613,0.8,0.9423,0.61,1.1232,96
1580009940.795,0.82,0.9269,0.6,1.1278,96
1580009940.985,0.81,0.9347,0.6,1.1216,96
1580009941.182,0.78,0.9665,0.63,1.1178,96
1580009941.363,0.77,0.9738,0.6,1.1217,96
1580009941.542,0.8,0.9456,0.6,1.1228,96
1580009941.724,0.81,0.9362,0.63,1.1111,96
1580009941.906,0.81,0.9358,0.61,1.121,96
1580009942.086,0.78,0.9579,0.61,1.1195,96
1580009942.268,0.79,0.9547,0.61,1.1288,96
1580009942.428,0.81,0.9337,0.63,1.1168,96
1580009942.607,0.8,0.9477,0.61,1.1271,97
1580009942.788,0.77,0.9714,0.61,1.1323,97
1580009942.968,0.8,0.9443,0.62,1.1256,97
1580009943.147,0.78,0.9619,0.61,1.1255,97
1580009943.329,0.8,0.9471,0.6,1.1094,97
1580009943.508,0.82,0.9258,0.62,1.102,97
1580009943.688,0.81,0.9304,0.6,1.116,97
1580009943.868,0.79,0.9593,0.58,1.145,97
1580009944.048,0.77,0.9784,0.59,1.1409,97
1580009944.233,0.79,0.9562,0.62,1.1242,97
1580009944.411,0.8,0.9432,0.61,1.1202,97
1580009944.591,0.8,0.9395,0.61,1.1176,97
1580009944.768,0.81,0.9389,0.61,1.1168,97
1580009944.948,0.8,0.9416,0.61,1.1173,97
1580009945.108,0.79,0.9485,0.61,1.1146,97
1580009945.296,0.8,0.9465,0.61,1.1204,98
1580009945.476,0.78,0.9612,0.61,1.1185,98
1580009945.656,0.81,0.9372,0.62,1.1239,98
1580009945.836,0.78,0.9608,0.61,1.1255,98
1580009946.016,0.79,0.952,0.63,1.1207,98
1580009946.196,0.82,0.9234,0.6,1.1162,98
1580009946.38,0.82,0.928,0.63,1.1028,98
1580009946.568,0.79,0.9577,0.62,1.1096,98
1580009946.748,0.76,0.9817,0.63,1.0991,98
1580009946.927,0.79,0.9574,0.63,1.1172,98
1580009947.112,0.81,0.9382,0.61,1.1249,98
1580009947.298,0.81,0.9337,0.62,1.1228,98
1580009947.48,0.8,0.9408,0.61,1.1282,98
1580009947.662,0.8,0.9459,0.6,1.138,98
1580009947.821,0.79,0.9546,0.62,1.122,98
1580009948.005,0.79,0.9558,0.62,1.1172,99
1580009948.193,0.78,0.9659,0.61,1.1227,99
1580009948.389,0.81,0.9412,0.6,1.1347,99
1580009948.576,0.77,0.9719,0.61,1.1326,99
1580009948.76,0.78,0.9682,0.62,1.1206,99
1580009948.94,0.81,0.9352,0.64,1.1104,99
1580009949.122,0.81,0.939,0.63,1.1186,99
1580009949.303,0.76,0.9833,0.57,1.1228,99
1580009949.485,0.74,0.9983,0.62,1.1041,99
1580009949.67,0.79,0.9526,0.65,1.0965,99
1580009949.85,0.78,0.9603,0.66,1.087,99
1580009950.027,0.78,0.9594,0.61,1.1176,99
1580009950.206,0.79,0.9495,0.62,1.1231,99
1580009950.396,0.8,0.9464,0.6,1.1338,99
1580009950.557,0.79,0.9519,0.61,1.1263,99
1580009950.744,0.77,0.9707,0.65,1.1041,100
1580009950.925,0.78,0.9635,0.63,1.1112,100
1580009951.106,0.8,0.9441,0.63,1.109,100
1580009951.29,0.77,0.9716,0.64,1.1102,100
1580009951.472,0.76,0.9739,0.62,1.116,100
1580009951.655,0.8,0.9401,0.62,1.1142,100
1580009951.835,0.81,0.9354,0.62,1.116,100
1580009952.014,0.78,0.9662,0.59,1.1276,100
1580009952.192,0.75,0.9917,0.63,1.1104,100
1580009952.377,0.78,0.9605,0.63,1.1064,100
1580009952.558,0.81,0.9383,0.64,1.1051,100
1580009952.737,0.8,0.9442,0.62,1.1073,100
1580009952.915,0.76,0.9806,0.62,1.106,100
1580009953.093,0.77,0.973,0.6,1.1169,100
1580009953.254,0.81,0.9388,0.6,1.1219,100
1580009953.442,0.78,0.9657,0.62,1.1155,101
1580009953.62,0.76,0.9881,0.62,1.113,101
1580009953.8,0.79,0.9561,0.63,1.1014,101
1580009953.98,0.78,0.9608,0.63,1.1041,101
1580009954.158,0.79,0.9506,0.62,1.118,101
1580009954.337,0.8,0.9483,0.62,1.1085,101
1580009954.517,0.79,0.9579,0.64,1.0961,101
1580009954.695,0.78,0.9654,0.62,1.1051,101
1580009954.879,0.77,0.9696,0.64,1.0983,101
1580009955.057,0.78,0.9593,0.64,1.1008,101
1580009955.237,0.8,0.9396,0.65,1.0891,101
1580009955.417,0.81,0.9328,0.63,1.0922,101
1580009955.594,0.79,0.9526,0.64,1.1006,101
1580009955.773,0.79,0.9555,0.63,1.1101,101
1580009955.933,0.8,0.941,0.61,1.1172,101
1580009956.112,0.78,0.966,0.61,1.1256,102
1580009956.292,0.77,0.9723,0.63,1.1017,102
1580009956.474,0.8,0.9461,0.65,1.0989,102
1580009956.654,0.77,0.9712,0.63,1.1069,102
1580009956.834,0.78,0.9626,0.63,1.1078,102
1580009957.016,0.81,0.9335,0.62,1.0986,102
1580009957.194,0.8,0.9405,0.64,1.098,102
1580009957.376,0.78,0.9683,0.63,1.1081,102
1580009957.559,0.77,0.973,0.63,1.1122,102
1580009957.736,0.81,0.9377,0.64,1.1034,102
1580009957.914,0.82,0.9222,0.62,1.1094,102
1580009958.096,0.81,0.9394,0.62,1.1027,102
1580009958.285,0.78,0.9609,0.63,1.0958,102
1580009958.466,0.8,0.9478,0.63,1.1156,102
1580009958.627,0.81,0.9367,0.61,1.1263,102
1580009958.806,0.77,0.9669,0.61,1.1263,103
1580009958.985,0.77,0.9736,0.62,1.1152,103
1580009959.168,0.8,0.9484,0.64,1.0958,103
1580009959.356,0.79,0.954,0.64,1.1025,103
1580009959.541,0.79,0.9546,0.61,1.1237,103
1580009959.719,0.81,0.9361,0.59,1.1289,103
1580009959.898,0.82,0.9295,0.63,1.1069,103
1580009960.077,0.78,0.9628,0.65,1.0862,103
1580009960.257,0.77,0.975,0.65,1.0855,103
1580009960.436,0.8,0.9492,0.63,1.1006,103
1580009960.616,0.81,0.9353,0.62,1.1061,103
1580009960.795,0.82,0.9239,0.63,1.1026,103
1580009960.973,0.8,0.9483,0.63,1.1123,103
1580009961.152,0.79,0.954,0.62,1.1045,103
1580009961.311,0.81,0.9356,0.62,1.118,103
1580009961.496,0.8,0.9425,0.61,1.1275,104
1580009961.675,0.78,0.9704,0.62,1.1229,104
1580009961.852,0.8,0.9418,0.62,1.1169,104
1580009962.03,0.78,0.9626,0.64,1.0998,104
1580009962.209,0.8,0.9443,0.64,1.0872,104
1580009962.393,0.82,0.9201,0.66,1.0807,104
1580009962.57,0.82,0.9254,0.62,1.0901,104
1580009962.749,0.78,0.961,0.64,1.0968,104
1580009962.933,0.77,0.9729,0.65,1.0923,104
1580009963.114,0.8,0.9461,0.65,1.086,104
1580009963.293,0.82,0.9249,0.64,1.0853,104
1580009963.477,0.82,0.9226,0.64,1.0909,104
1580009963.662,0.79,0.9497,0.62,1.1142,104
1580009963.84,0.8,0.9489,0.61,1.1195,104
1580009964.001,0.78,0.9548,0.62,1.1067,104
1580009964.181,0.8,0.9476,0.61,1.1113,105
1580009964.36,0.78,0.9599,0.63,1.1106,105
1580009964.539,0.81,0.9305,0.62,1.1169,105
1580009964.716,0.79,0.9554,0.62,1.1208,105
1580009964.897,0.8,0.9459,0.61,1.1158,105
1580009965.08,0.82,0.9253,0.64,1.0963,105
1580009965.26,0.82,0.9243,0.63,1.099,105
1580009965.445,0.8,0.9466,0.63,1.0929,105
1580009965.625,0.77,0.9716,0.64,1.0901,105
1580009965.804,0.8,0.944,0.66,1.0831,105
1580009965.986,0.82,0.9285,0.64,1.0944,105
1580009966.178,0.82,0.9253,0.65,1.0985,105
1580009966.37,0.81,0.9346,0.63,1.1151,105
1580009966.561,0.8,0.9453,0.63,1.1146,105
1580009966.723,0.8,0.9378,0.63,1.1129,105
1580009966.903,0.81,0.9337,0.62,1.1158,106
1580009967.083,0.78,0.9698,0.62,1.1071,106
1580009967.263,0.8,0.9452,0.62,1.1081,106
1580009967.443,0.79,0.9558,0.61,1.1228,106
1580009967.626,0.81,0.9392,0.6,1.1324,106
1580009967.808,0.82,0.9262,0.6,1.1275,106
1580009967.987,0.81,0.9373,0.63,1.1157,106
1580009968.167,0.78,0.9658,0.64,1.0987,106
1580009968.345,0.78,0.9633,0.65,1.0903,106
1580009968.524,0.82,0.9306,0.66,1.0884,106
1580009968.721,0.82,0.9245,0.67,1.0864,106
1580009968.902,0.83,0.9198,0.66,1.0837,106
1580009969.082,0.8,0.9455,0.67,1.0876,106
1580009969.262,0.8,0.9386,0.63,1.1102,106
1580009969.422,0.82,0.9281,0.63,1.1167,106
1580009969.609,0.81,0.9351,0.63,1.1168,107
1580009969.793,0.79,0.9596,0.62,1.1081,107
1580009969.971,0.82,0.9288,0.66,1.084,107
1580009970.149,0.8,0.9464,0.65,1.0872,107
1580009970.329,0.8,0.9392,0.65,1.096,107
1580009970.508,0.83,0.9168,0.62,1.1011,107
1580009970.692,0.83,0.9156,0.62,1.1018,107
1580009970.873,0.8,0.9476,0.63,1.0989,107
1580009971.053,0.79,0.9539,0.64,1.0986,107
1580009971.234,0.81,0.9272,0.65,1.0913,107
1580009971.416,0.82,0.9212,0.65,1.0851,107
1580009971.597,0.82,0.9196,0.64,1.0854,107
1580009971.778,0.81,0.9346,0.65,1.0874,107
1580009971.958,0.81,0.9344,0.62,1.106,107
1580009972.119,0.82,0.927,0.63,1.1214,107
1580009972.299,0.82,0.9286,0.63,1.1174,108
1580009972.478,0.79,0.9531,0.63,1.1096,108
1580009972.657,0.82,0.9256,0.63,1.1011,108
1580009972.842,0.8,0.9465,0.65,1.0911,108
1580009973.02,0.81,0.9337,0.63,1.1051,108
1580009973.201,0.83,0.9101,0.6,1.1233,108
1580009973.383,0.83,0.9207,0.61,1.1239,108
1580009973.563,0.8,0.9506,0.62,1.1155,108
1580009973.744,0.78,0.9662,0.62,1.1112,108
1580009973.924,0.81,0.9251,0.62,1.1119,108
1580009974.102,0.83,0.9124,0.62,1.1097,108
1580009974.281,0.83,0.9133,0.63,1.1113,108
1580009974.459,0.81,0.934,0.63,1.1098,108
1580009974.639,0.8,0.9385,0.62,1.1184,108
1580009974.8,0.82,0.9284,0.59,1.128,108
1580009974.985,0.82,0.9264,0.62,1.121,109
1580009975.165,0.8,0.95,0.61,1.1251,109
1580009975.344,0.82,0.9242,0.62,1.125,109
1580009975.524,0.8,0.9443,0.61,1.1218,109
1580009975.703,0.81,0.9333,0.63,1.1056,109
1580009975.887,0.83,0.9096,0.63,1.1082,109
1580009976.068,0.83,0.9128,0.61,1.1213,109
1580009976.247,0.8,0.9488,0.6,1.1286,109
1580009976.429,0.78,0.972,0.6,1.1197,109
1580009976.608,0.82,0.9294,0.61,1.1211,109
1580009976.787,0.83,0.9138,0.62,1.1173,109
1580009976.967,0.83,0.913,0.6,1.1251,109
1580009977.147,0.82,0.9257,0.62,1.1198,109
1580009977.325,0.81,0.938,0.6,1.1228,109
1580009977.485,0.81,0.9319,0.62,1.118,109
1580009977.665,0.82,0.9262,0.61,1.1261,110
1580009977.849,0.8,0.9453,0.62,1.1219,110
1580009978.03,0.82,0.9235,0.61,1.1303,110
1580009978.209,0.79,0.9533,0.62,1.1272,110
1580009978.388,0.8,0.9432,0.6,1.1334,110
1580009978.57,0.83,0.9132,0.62,1.1185,110
1580009978.756,0.83,0.9114,0.63,1.1148,110
1580009978.936,0.8,0.9459,0.62,1.1203,110
1580009979.124,0.77,0.9727,0.63,1.1172,110
1580009979.315,0.81,0.9308,0.64,1.1094,110
1580009979.495,0.83,0.9123,0.64,1.1028,110
1580009979.674,0.83,0.9133,0.64,1.1108,110
1580009979.855,0.81,0.9302,0.63,1.1173,110
1580009980.033,0.8,0.9377,0.63,1.1205,110
1580009980.193,0.81,0.9326,0.63,1.114,110
1580009980.374,0.81,0.935,0.63,1.1108,111
1580009980.553,0.79,0.9581,0.63,1.1069,111
1580009980.734,0.83,0.9182,0.62,1.1185,111
1580009980.918,0.8,0.942,0.61,1.1273,111
1580009981.099,0.8,0.9478,0.61,1.1298,111
1580009981.278,0.82,0.9264,0.62,1.1204,111
1580009981.458,0.82,0.9197,0.62,1.1143,111
1580009981.636,0.8,0.9463,0.63,1.1076,111
1580009981.814,0.78,0.9702,0.63,1.0995,111
1580009981.994,0.81,0.9366,0.65,1.0879,111
1580009982.175,0.82,0.9243,0.64,1.0902,111
1580009982.356,0.83,0.9118,0.61,1.1126,111
1580009982.537,0.81,0.9291,0.61,1.1203,111
1580009982.722,0.81,0.9359,0.61,1.1236,111
1580009982.881,0.82,0.9231,0.61,1.13,111
1580009983.069,0.81,0.9341,0.6,1.1323,112
1580009983.249,0.78,0.9682,0.61,1.1271,112
1580009983.431,0.8,0.9422,0.62,1.1191,112
1580009983.612,0.79,0.9499,0.63,1.1161,112
1580009983.791,0.81,0.9384,0.62,1.1243,112
1580009983.971,0.82,0.9228,0.61,1.1267,112
1580009984.15,0.83,0.9206,0.63,1.1043,112
1580009984.328,0.79,0.9533,0.64,1.1,112
1580009984.508,0.79,0.9618,0.62,1.1028,112
1580009984.687,0.8,0.9503,0.66,1.078,112
1580009984.867,0.79,0.9496,0.66,1.0786,112
1580009985.047,0.81,0.9337,0.66,1.0814,112
1580009985.224,0.81,0.935,0.61,1.1227,112
1580009985.404,0.8,0.9425,0.6,1.1404,112
1580009985.563,0.8,0.9396,0.61,1.132,112
1580009985.744,0.81,0.9323,0.6,1.1166,113
1580009985.923,0.78,0.9595,0.61,1.122,113
1580009986.108,0.8,0.945,0.62,1.1226,113
1580009986.288,0.78,0.9675,0.64,1.1138,113
1580009986.468,0.8,0.9453,0.63,1.1083,113
1580009986.648,0.82,0.9224,0.63,1.1065,113
1580009986.828,0.81,0.934,0.65,1.0993,113
1580009987.007,0.79,0.9553,0.66,1.0814,113
1580009987.185,0.78,0.966,0.64,1.0825,113
1580009987.364,0.81,0.9306,0.62,1.0941,113
1580009987.544,0.8,0.9409,0.66,1.075,113
1580009987.724,0.77,0.9636,0.65,1.0769,113
1580009987.906,0.77,0.9634,0.65,1.0878,113
1580009988.086,0.79,0.9495,0.6,1.1361,113
1580009988.248,0.77,0.9719,0.6,1.1414,113
1580009988.444,0.75,0.9896,0.64,1.1082,114
1580009988.637,0.79,0.9573,0.66,1.0955,114
1580009988.828,0.81,0.9331,0.64,1.0942,114
1580009989.018,0.79,0.9606,0.63,1.1112,114
1580009989.204,0.79,0.9554,0.63,1.1055,114
1580009989.386,0.83,0.9183,0.63,1.1075,114
1580009989.567,0.82,0.9229,0.63,1.116,114
1580009989.748,0.79,0.9533,0.62,1.1228,114
1580009989.926,0.77,0.9724,0.63,1.1198,114
1580009990.106,0.81,0.9302,0.61,1.1205,114
1580009990.286,0.82,0.9193,0.63,1.1139,114
1580009990.463,0.82,0.9261,0.63,1.1039,114
1580009990.641,0.8,0.9416,0.64,1.0947,114
1580009990.824,0.79,0.9552,0.64,1.0957,114
1580009990.983,0.82,0.928,0.62,1.1184,114
1580009991.165,0.8,0.9372,0.6,1.1303,115
1580009991.344,0.76,0.9812,0.62,1.1217,115
1580009991.522,0.79,0.9522,0.63,1.1124,115
1580009991.7,0.79,0.9541,0.63,1.1036,115
1580009991.881,0.81,0.9354,0.63,1.1192,115
1580009992.061,0.83,0.9189,0.6,1.1408,115
1580009992.247,0.81,0.9323,0.59,1.1488,115
1580009992.427,0.78,0.9636,0.59,1.1433,115
1580009992.607,0.77,0.973,0.62,1.119,115
1580009992.787,0.82,0.9251,0.61,1.1257,115
1580009992.966,0.83,0.9144,0.6,1.1274,115
1580009993.149,0.82,0.9223,0.61,1.1268,115
1580009993.329,0.82,0.9271,0.62,1.1222,115
1580009993.508,0.82,0.9276,0.63,1.1157,115
1580009993.667,0.82,0.9181,0.62,1.1197,115
1580009993.846,0.82,0.9276,0.62,1.1152,116
1580009994.026,0.8,0.9512,0.65,1.0991,116
1580009994.207,0.82,0.9283,0.64,1.1053,116
1580009994.387,0.8,0.9489,0.63,1.111,116
1580009994.566,0.81,0.9349,0.63,1.0936,116
1580009994.745,0.83,0.9116,0.63,1.1058,116
1580009994.923,0.83,0.9136,0.61,1.1232,116
1580009995.102,0.78,0.96,0.62,1.1189,116
1580009995.285,0.79,0.9626,0.62,1.108,116
1580009995.464,0.83,0.9148,0.63,1.1069,116
1580009995.645,0.83,0.9118,0.61,1.1088,116
1580009995.826,0.83,0.9159,0.6,1.1192,116
1580009996.003,0.81,0.9282,0.61,1.1142,116
1580009996.181,0.82,0.9247,0.63,1.1179,116
1580009996.345,0.83,0.919,0.61,1.1264,116
1580009996.524,0.82,0.9261,0.63,1.1126,117
1580009996.704,0.8,0.9456,0.63,1.1125,117
1580009996.882,0.83,0.9175,0.63,1.107,117
1580009997.062,0.81,0.937,0.63,1.1029,117
1580009997.244,0.82,0.9256,0.65,1.101,117
1580009997.428,0.83,0.9108,0.63,1.1087,117
1580009997.607,0.84,0.9078,0.62,1.1135,117
1580009997.79,0.8,0.9399,0.62,1.1114,117
1580009997.968,0.79,0.9543,0.62,1.1096,117
1580009998.145,0.81,0.9332,0.63,1.0941,117
1580009998.322,0.83,0.9189,0.66,1.0811,117
1580009998.501,0.83,0.9109,0.64,1.0939,117
1580009998.681,0.82,0.925,0.63,1.0992,117
1580009998.863,0.82,0.9292,0.61,1.116,117
1580009999.024,0.81,0.9316,0.6,1.1328,117
1580009999.215,0.82,0.9271,0.61,1.1321,118
1580009999.405,0.8,0.9486,0.62,1.1248,118
1580009999.594,0.83,0.9128,0.63,1.1077,118
1580009999.773,0.81,0.9368,0.64,1.1007,118
1580009999.95,0.82,0.9297,0.64,1.1025,118
1580010000.128,0.83,0.9166,0.65,1.0981,118
1580010000.309,0.83,0.9129,0.65,1.0953,118
1580010000.492,0.81,0.9406,0.65,1.0922,118
1580010000.669,0.79,0.9512,0.63,1.0888,118
1580010000.852,0.82,0.9227,0.65,1.0914,118
1580010001.044,0.83,0.9142,0.66,1.0885,118
1580010001.234,0.83,0.9191,0.65,1.0917,118
1580010001.419,0.8,0.9396,0.65,1.0995,118
1580010001.601,0.81,0.9325,0.64,1.1028,118
1580010001.76,0.82,0.9199,0.64,1.1058,118
1580010001.941,0.81,0.9338,0.59,1.1285,119
1580010002.12,0.76,0.9751,0.63,1.1092,119
1580010002.297,0.82,0.9278,0.64,1.1058,119
1580010002.481,0.8,0.9437,0.65,1.0921,119
1580010002.658,0.82,0.9281,0.65,1.0976,119
1580010002.837,0.82,0.9305,0.63,1.1042,119
1580010003.016,0.81,0.9329,0.64,1.1101,119
1580010003.196,0.8,0.9467,0.6,1.1162,119
1580010003.379,0.78,0.9602,0.63,1.1136,119
1580010003.557,0.81,0.9356,0.63,1.1034,119
1580010003.734,0.82,0.9213,0.64,1.1007,119
1580010003.912,0.83,0.9176,0.65,1.0914,119
1580010004.093,0.81,0.9404,0.62,1.1046,119
1580010004.273,0.8,0.9416,0.63,1.1144,119
1580010004.435,0.81,0.93,0.62,1.1194,119
1580010004.615,0.82,0.9263,0.6,1.1382,120
1580010004.793,0.77,0.9718,0.62,1.1219,120
1580010004.971,0.79,0.9551,0.65,1.1,120
1580010005.151,0.78,0.9609,0.63,1.1119,120
1580010005.33,0.81,0.9343,0.61,1.1119,120
1580010005.514,0.82,0.926,0.63,1.1027,120
1580010005.693,0.81,0.936,0.64,1.1072,120
1580010005.874,0.79,0.9537,0.6,1.1329,120
1580010006.055,0.76,0.9841,0.61,1.1191,120
1580010006.235,0.8,0.9436,0.62,1.1177,120
1580010006.416,0.83,0.9138,0.62,1.12,120
1580010006.594,0.83,0.9194,0.65,1.0948,120
1580010006.772,0.79,0.9515,0.66,1.0861,120
1580010006.952,0.77,0.9687,0.65,1.093,120
1580010007.11,0.8,0.9402,0.63,1.1184,120
1580010007.294,0.82,0.9255,0.62,1.1277,121
1580010007.475,0.78,0.9639,0.62,1.13,121
1580010007.653,0.8,0.947,0.62,1.1185,121
1580010007.831,0.78,0.9597,0.64,1.1009,121
1580010008.007,0.8,0.9372,0.64,1.091,121
1580010008.187,0.83,0.9154,0.64,1.1007,121
1580010008.368,0.81,0.9342,0.64,1.1129,121
1580010008.548,0.78,0.9649,0.61,1.121,121
1580010008.728,0.79,0.9604,0.63,1.1074,121
1580010008.905,0.82,0.9276,0.64,1.1135,121
1580010009.084,0.81,0.9318,0.63,1.1141,121
1580010009.265,0.81,0.9322,0.62,1.1186,121
1580010009.446,0.81,0.9362,0.62,1.1192,121
1580010009.631,0.8,0.9445,0.62,1.1089,121
1580010009.793,0.8,0.9449,0.65,1.0886,121
1580010009.972,0.8,0.9494,0.65,1.0883,122
1580010010.149,0.79,0.9567,0.62,1.1189,122
1580010010.329,0.82,0.9223,0.63,1.1173,122
1580010010.512,0.76,0.9818,0.64,1.1129,122
1580010010.696,0.76,0.9819,0.65,1.0944,122
1580010010.881,0.8,0.9398,0.65,1.0831,122
1580010011.06,0.81,0.9289,0.66,1.0792,122
1580010011.241,0.77,0.9735,0.65,1.0855,122
1580010011.423,0.74,0.9961,0.65,1.0857,122
1580010011.607,0.77,0.9658,0.64,1.0821,122
1580010011.796,0.81,0.9344,0.66,1.0854,122
1580010011.977,0.83,0.9192,0.62,1.1164,122
1580010012.157,0.8,0.9414,0.6,1.1304,122
1580010012.339,0.77,0.9718,0.64,1.112,122
1580010012.499,0.78,0.9556,0.65,1.1034,122
1580010012.686,0.78,0.9606,0.65,1.1035,123
1580010012.864,0.78,0.9602,0.62,1.1099,123
1580010013.048,0.81,0.929,0.64,1.0968,123
1580010013.229,0.8,0.9478,0.64,1.1056,123
1580010013.411,0.8,0.9426,0.63,1.1058,123
1580010013.6,0.83,0.9171,0.65,1.0973,123
1580010013.779,0.83,0.9193,0.65,1.0919,123
1580010013.958,0.79,0.9524,0.64,1.0931,123
1580010014.14,0.78,0.9651,0.65,1.0874,123
1580010014.324,0.81,0.9401,0.66,1.0816,123
1580010014.507,0.8,0.937,0.65,1.084,123
1580010014.694,0.79,0.9477,0.66,1.0875,123
1580010014.875,0.79,0.9476,0.66,1.078,123
1580010015.054,0.82,0.9315,0.66,1.0838,123
1580010015.217,0.82,0.9212,0.64,1.1082,123
1580010015.4,0.77,0.9699,0.63,1.1122,124
1580010015.583,0.73,1.0084,0.65,1.089,124
1580010015.768,0.8,0.9421,0.65,1.0904,124
1580010015.946,0.81,0.938,0.64,1.0979,124
1580010016.127,0.81,0.9384,0.63,1.1027,124
1580010016.308,0.81,0.9371,0.62,1.1109,124
1580010016.488,0.81,0.9312,0.63,1.1059,124
1580010016.672,0.78,0.9617,0.66,1.0879,124
1580010016.854,0.78,0.9636,0.64,1.0856,124
1580010017.035,0.82,0.923,0.64,1.0905,124
1580010017.219,0.83,0.9138,0.64,1.0886,124
1580010017.4,0.82,0.9244,0.64,1.0999,124
1580010017.582,0.8,0.9401,0.64,1.0905,124
1580010017.766,0.82,0.9263,0.66,1.0821,124
1580010017.928,0.83,0.912,0.64,1.0989,124
1580010018.11,0.82,0.9232,0.6,1.1256,125
1580010018.301,0.79,0.9582,0.61,1.1299,125
1580010018.48,0.81,0.9372,0.62,1.1232,125
1580010018.659,0.79,0.9561,0.65,1.1001,125
1580010018.841,0.82,0.9287,0.63,1.102,125
1580010019.021,0.83,0.9091,0.62,1.1099,125
1580010019.202,0.83,0.9178,0.65,1.105,125
1580010019.392,0.79,0.9581,0.64,1.1012,125
1580010019.587,0.77,0.9713,0.65,1.0872,125
1580010019.766,0.82,0.9223,0.65,1.0847,125
1580010019.947,0.84,0.9094,0.64,1.0867,125
1580010020.126,0.83,0.9128,0.66,1.0794,125
1580010020.307,0.82,0.9266,0.65,1.0892,125
1580010020.485,0.81,0.9359,0.64,1.1022,125
1580010020.644,0.82,0.9205,0.62,1.1104,125
1580010020.826,0.83,0.9192,0.63,1.1113,126
1580010021.007,0.8,0.9477,0.63,1.1096,126
1580010021.187,0.82,0.9234,0.65,1.0859,126
1580010021.368,0.8,0.9453,0.67,1.077,126
1580010021.547,0.81,0.9322,0.65,1.0978,126
1580010021.726,0.84,0.9077,0.64,1.0985,126
1580010021.905,0.84,0.9048,0.64,1.1053,126
1580010022.084,0.8,0.9437,0.64,1.1036,126
1580010022.266,0.79,0.9624,0.64,1.102,126
1580010022.444,0.81,0.9318,0.64,1.0967,126
1580010022.624,0.81,0.93,0.63,1.1002,126
1580010022.801,0.82,0.9255,0.63,1.1084,126
1580010022.978,0.81,0.932,0.64,1.1052,126
1580010023.156,0.8,0.9426,0.59,1.1366,126
1580010023.317,0.81,0.9381,0.59,1.1334,126
1580010023.497,0.81,0.9385,0.6,1.1343,127
1580010023.675,0.77,0.9679,0.62,1.1218,127
1580010023.853,0.82,0.9247,0.62,1.1249,127
1580010024.033,0.8,0.9471,0.62,1.1247,127
1580010024.211,0.81,0.9295,0.64,1.108,127
1580010024.391,0.83,0.918,0.62,1.1079,127
1580010024.571,0.83,0.914,0.6,1.1199,127
1580010024.751,0.79,0.9489,0.61,1.1198,127
1580010024.936,0.77,0.9718,0.63,1.1187,127
1580010025.117,0.81,0.937,0.62,1.1191,127
1580010025.304,0.81,0.93,0.64,1.1046,127
1580010025.491,0.82,0.9209,0.61,1.1051,127
1580010025.673,0.82,0.9292,0.62,1.1181,127
1580010025.855,0.81,0.9359,0.61,1.1243,127
1580010026.024,0.81,0.934,0.59,1.1333,127
1580010026.217,0.81,0.9371,0.61,1.1258,128
1580010026.408,0.74,0.9994,0.62,1.1119,128
1580010026.601,0.8,0.9438,0.61,1.1242,128
1580010026.791,0.8,0.9466,0.63,1.1182,128
1580010026.989,0.81,0.9312,0.61,1.1261,128
1580010027.167,0.82,0.9229,0.61,1.1237,128
1580010027.349,0.83,0.917,0.61,1.1261,128
1580010027.53,0.79,0.9543,0.65,1.1015,128
1580010027.712,0.76,0.9826,0.65,1.0918,128
1580010027.902,0.81,0.9394,0.63,1.094,128
1580010028.08,0.81,0.9288,0.65,1.0844,128
1580010028.262,0.83,0.9144,0.63,1.1031,128
1580010028.442,0.81,0.9347,0.63,1.1089,128
1580010028.623,0.81,0.9284,0.63,1.1126,128
1580010028.783,0.83,0.9176,0.62,1.1206,128
1580010028.966,0.82,0.9222,0.61,1.1247,129
1580010029.147,0.78,0.9656,0.61,1.1235,129
1580010029.325,0.78,0.9613,0.61,1.1335,129
1580010029.517,0.76,0.9798,0.6,1.1384,129
1580010029.71,0.78,0.9602,0.61,1.1252,129
1580010029.892,0.81,0.9271,0.58,1.1449,129
1580010030.077,0.8,0.9422,0.6,1.1341,129
1580010030.263,0.79,0.9586,0.6,1.1403,129
1580010030.446,0.76,0.9817,0.57,1.1486,129
1580010030.631,0.76,0.9791,0.64,1.1018,129
1580010030.812,0.77,0.9733,0.65,1.0899,129
1580010030.993,0.8,0.9426,0.64,1.1021,129
1580010031.174,0.8,0.9396,0.62,1.107,129
1580010031.355,0.79,0.9451,0.65,1.1027,129
1580010031.516,0.79,0.9463,0.63,1.1118,129
1580010031.704,0.8,0.9406,0.63,1.1136,130
1580010031.885,0.78,0.961,0.62,1.1197,130
1580010032.082,0.79,0.9504,0.63,1.1134,130
1580010032.262,0.77,0.9703,0.61,1.1305,130
1580010032.442,0.79,0.9582,0.59,1.1411,130
1580010032.621,0.83,0.919,0.63,1.1202,130
1580010032.801,0.81,0.9286,0.64,1.0964,130
1580010032.981,0.77,0.9697,0.63,1.1008,130
1580010033.162,0.75,0.989,0.64,1.0969,130
1580010033.343,0.81,0.936,0.64,1.105,130
1580010033.523,0.8,0.9428,0.63,1.1071,130
1580010033.705,0.79,0.9476,0.64,1.0964,130
1580010033.885,0.78,0.9589,0.62,1.1093,130
1580010034.065,0.8,0.9445,0.6,1.1359,130
1580010034.226,0.81,0.933,0.57,1.1678,130
1580010034.407,0.78,0.9568,0.58,1.165,131
1580010034.587,0.75,0.9862,0.59,1.1444,131
1580010034.768,0.79,0.9531,0.64,1.1114,131
1580010034.947,0.78,0.9601,0.63,1.1096,131
1580010035.13,0.8,0.943,0.62,1.1062,131
1580010035.31,0.82,0.9201,0.65,1.0832,131
1580010035.494,0.82,0.9234,0.66,1.0832,131
1580010035.675,0.79,0.9553,0.64,1.1006,131
1580010035.855,0.77,0.9806,0.63,1.1056,131
1580010036.033,0.8,0.949,0.63,1.0964,131
1580010036.216,0.79,0.9461,0.67,1.076,131
1580010036.395,0.79,0.9465,0.65,1.0803,131
1580010036.576,0.78,0.9596,0.64,1.0975,131
1580010036.756,0.78,0.9614,0.63,1.1075,131
1580010036.914,0.81,0.9272,0.63,1.1067,131
1580010037.097,0.81,0.9368,0.61,1.1293,132
1580010037.277,0.73,1.0113,0.59,1.1496,132
1580010037.457,0.74,0.9967,0.6,1.1343,132
1580010037.637,0.73,1.009,0.64,1.1006,132
1580010037.815,0.77,0.9657,0.65,1.0855,132
1580010037.993,0.83,0.9143,0.67,1.0713,132
1580010038.172,0.83,0.9162,0.68,1.062,132
1580010038.355,0.78,0.9652,0.64,1.0886,132
1580010038.532,0.73,1.0084,0.64,1.1005,132
1580010038.715,0.75,0.9883,0.63,1.0966,132
1580010038.895,0.74,0.9932,0.65,1.0853,132
1580010039.076,0.76,0.9834,0.64,1.0867,132
1580010039.274,0.79,0.9573,0.62,1.1145,132
1580010039.452,0.78,0.9574,0.62,1.1263,132
1580010039.61,0.82,0.9287,0.61,1.133,132
1580010039.792,0.8,0.9408,0.61,1.1352,133
1580010039.97,0.73,1.0047,0.61,1.1368,133
1580010040.151,0.74,0.9927,0.58,1.1551,133
1580010040.33,0.73,1.01,0.61,1.1317,133
1580010040.511,0.75,0.9894,0.62,1.1234,133
1580010040.689,0.79,0.9491,0.6,1.1342,133
1580010040.868,0.82,0.9279,0.61,1.1241,133
1580010041.051,0.76,0.9777,0.62,1.1226,133
1580010041.23,0.74,0.9976,0.62,1.122,133
1580010041.408,0.77,0.9763,0.63,1.1068,133
1580010041.587,0.77,0.975,0.63,1.1072,133
1580010041.768,0.75,0.9871,0.64,1.1039,133
1580010041.953,0.76,0.9843,0.66,1.0877,133
1580010042.135,0.77,0.9684,0.63,1.1131,133
1580010042.3,0.79,0.9548,0.61,1.1211,133
1580010042.48,0.8,0.9402,0.62,1.1172,134
1580010042.661,0.77,0.9703,0.62,1.1198,134
1580010042.841,0.79,0.9576,0.61,1.1308,134
1580010043.021,0.75,0.9932,0.61,1.1317,134
1580010043.206,0.72,1.0177,0.62,1.1146,134
1580010043.386,0.76,0.9838,0.65,1.0976,134
1580010043.57,0.78,0.9589,0.62,1.1122,134
1580010043.752,0.76,0.9797,0.63,1.1088,134
1580010043.931,0.78,0.9697,0.65,1.0877,134
1580010044.11,0.8,0.9515,0.63,1.1135,134
1580010044.291,0.74,0.9952,0.6,1.1435,134
1580010044.47,0.74,0.9969,0.59,1.1454,134
1580010044.649,0.73,1.0068,0.63,1.1223,134
1580010044.831,0.73,1.0117,0.6,1.1279,134
1580010044.992,0.72,1.0156,0.6,1.1286,134
1580010045.171,0.76,0.9838,0.61,1.1338,135
1580010045.357,0.77,0.9741,0.62,1.1198,135
1580010045.537,0.79,0.9523,0.63,1.1138,135
1580010045.718,0.76,0.986,0.59,1.1447,135
1580010045.9,0.71,1.0369,0.58,1.149,135
1580010046.081,0.7,1.0375,0.58,1.1488,135
1580010046.26,0.73,1.0124,0.58,1.155,135
1580010046.439,0.71,1.0314,0.59,1.1479,135
1580010046.618,0.72,1.0231,0.64,1.1038,135
1580010046.798,0.78,0.961,0.67,1.0731,135
1580010046.977,0.8,0.9372,0.67,1.0738,135
1580010047.157,0.79,0.9563,0.65,1.0914,135
1580010047.337,0.74,1.0007,0.63,1.1076,135
1580010047.517,0.71,1.0252,0.61,1.1207,135
1580010047.676,0.73,1.0083,0.63,1.1091,135
1580010047.858,0.73,1.0154,0.61,1.1246,136
1580010048.037,0.72,1.0229,0.61,1.1287,136
1580010048.219,0.73,1.0139,0.62,1.1197,136
1580010048.416,0.77,0.9743,0.61,1.1252,136
1580010048.609,0.77,0.9732,0.62,1.1288,136
1580010048.801,0.77,0.9714,0.63,1.1196,136
1580010048.985,0.77,0.9678,0.62,1.1051,136
1580010049.163,0.75,0.9879,0.65,1.0893,136
1580010049.346,0.76,0.984,0.65,1.096,136
1580010049.526,0.8,0.9431,0.64,1.0977,136
1580010049.706,0.82,0.9276,0.65,1.0968,136
1580010049.884,0.81,0.937,0.64,1.0931,136
1580010050.076,0.79,0.9463,0.65,1.0908,136
1580010050.257,0.76,0.9793,0.65,1.0866,136
1580010050.418,0.78,0.965,0.66,1.0842,136
1580010050.6,0.78,0.9617,0.64,1.0918,137
1580010050.781,0.77,0.9681,0.62,1.1061,137
1580010050.963,0.8,0.9448,0.62,1.1174,137
1580010051.141,0.78,0.9665,0.62,1.1256,137
1580010051.32,0.78,0.9612,0.61,1.1303,137
1580010051.503,0.78,0.9603,0.61,1.1325,137
1580010051.683,0.79,0.954,0.61,1.1274,137
1580010051.862,0.74,1.0031,0.63,1.1162,137
1580010052.039,0.74,1.0,0.64,1.0989,137
1580010052.221,0.81,0.931,0.63,1.1019,137
1580010052.407,0.81,0.9293,0.66,1.0844,137
1580010052.586,0.81,0.9285,0.67,1.0793,137
1580010052.767,0.79,0.9531,0.66,1.0783,137
1580010052.946,0.77,0.9753,0.64,1.0926,137
1580010053.106,0.78,0.9611,0.66,1.0856,137
1580010053.286,0.78,0.9636,0.67,1.083,138
1580010053.475,0.77,0.9731,0.65,1.0993,138
1580010053.656,0.79,0.9481,0.62,1.1163,138
1580010053.833,0.79,0.9494,0.61,1.12,138
1580010054.011,0.8,0.9444,0.62,1.1203,138
1580010054.192,0.8,0.9407,0.63,1.1118,138
1580010054.371,0.8,0.9455,0.64,1.0982,138
1580010054.554,0.75,0.9929,0.65,1.0901,138
1580010054.732,0.76,0.9834,0.64,1.091,138
1580010054.913,0.81,0.929,0.66,1.079,138
1580010055.093,0.82,0.9173,0.65,1.0796,138
1580010055.273,0.83,0.9146,0.65,1.0791,138
1580010055.458,0.81,0.9317,0.66,1.085,138
1580010055.636,0.76,0.9747,0.66,1.0888,138
1580010055.795,0.77,0.9681,0.63,1.0983,138
1580010055.976,0.76,0.9755,0.63,1.1064,139
1580010056.154,0.76,0.9796,0.66,1.098,139
1580010056.333,0.8,0.9409,0.61,1.1251,139
1580010056.513,0.8,0.9426,0.61,1.1273,139
1580010056.693,0.81,0.9367,0.62,1.1237,139
1580010056.871,0.8,0.944,0.63,1.1134,139
1580010057.048,0.79,0.9507,0.64,1.1067,139
1580010057.226,0.75,0.9921,0.64,1.1033,139
1580010057.409,0.76,0.9831,0.64,1.0993,139
1580010057.588,0.81,0.9352,0.64,1.0863,139
1580010057.769,0.82,0.9188,0.69,1.0601,139
1580010057.948,0.83,0.9099,0.67,1.0639,139
1580010058.126,0.81,0.9361,0.68,1.0672,139
1580010058.308,0.77,0.9735,0.65,1.086,139
1580010058.468,0.77,0.9741,0.65,1.0879,139
1580010058.655,0.77,0.9755,0.62,1.11,140
1580010058.833,0.76,0.9833,0.61,1.1278,140
1580010059.018,0.77,0.9698,0.62,1.1214,140
1580010059.198,0.79,0.9506,0.62,1.1133,140
1580010059.378,0.81,0.9351,0.64,1.1071,140
1580010059.567,0.82,0.9223,0.63,1.1056,140
1580010059.745,0.81,0.9328,0.64,1.0953,140
1580010059.923,0.76,0.986,0.64,1.0922,140
1580010060.103,0.75,0.9944,0.64,1.0923,140
1580010060.294,0.8,0.9407,0.64,1.0949,140
1580010060.472,0.82,0.9248,0.63,1.0835,140
1580010060.652,0.83,0.9174,0.66,1.079,140
1580010060.831,0.81,0.93,0.68,1.0669,140
1580010061.021,0.79,0.954,0.66,1.0789,140
1580010061.191,0.8,0.944,0.65,1.0871,140
1580010061.375,0.78,0.9644,0.65,1.0864,141
1580010061.556,0.76,0.9818,0.66,1.0804,141
1580010061.742,0.78,0.9671,0.67,1.072,141
1580010061.92,0.79,0.958,0.65,1.0934,141
1580010062.102,0.81,0.9341,0.62,1.1103,141
1580010062.281,0.82,0.9185,0.62,1.1183,141
1580010062.46,0.83,0.9179,0.63,1.1199,141
1580010062.643,0.78,0.9706,0.64,1.1065,141
1580010062.82,0.76,0.9813,0.63,1.1056,141
1580010062.998,0.78,0.9608,0.66,1.085,141
1580010063.178,0.81,0.9361,0.65,1.0904,141
1580010063.358,0.81,0.9277,0.64,1.0998,141
1580010063.537,0.81,0.9367,0.65,1.0977,141
1580010063.719,0.8,0.9437,0.63,1.1123,141
1580010063.878,0.8,0.9392,0.63,1.1159,141
1580010064.058,0.79,0.9491,0.63,1.1028,142
1580010064.237,0.78,0.9673,0.65,1.0928,142
1580010064.415,0.79,0.9561,0.65,1.0936,142
1580010064.595,0.79,0.9582,0.66,1.0937,142
1580010064.781,0.81,0.9347,0.64,1.0958,142
1580010064.958,0.83,0.9097,0.63,1.1124,142
1580010065.138,0.83,0.9117,0.62,1.1212,142
1580010065.315,0.79,0.9578,0.62,1.1234,142
1580010065.494,0.78,0.9675,0.61,1.124,142
1580010065.673,0.82,0.9213,0.61,1.1164,142
1580010065.852,0.83,0.9156,0.61,1.1091,142
1580010066.031,0.83,0.9096,0.64,1.0857,142
1580010066.213,0.82,0.9235,0.66,1.0789,142
1580010066.391,0.81,0.9363,0.62,1.0926,142
1580010066.551,0.82,0.9215,0.63,1.095,142
1580010066.733,0.81,0.9332,0.64,1.1047,143
1580010066.911,0.79,0.9568,0.63,1.1156,143
1580010067.091,0.81,0.9332,0.62,1.1165,143
1580010067.27,0.81,0.9392,0.62,1.116,143
1580010067.45,0.82,0.9209,0.62,1.112,143
1580010067.629,0.84,0.9064,0.61,1.1186,143
1580010067.81,0.83,0.9088,0.61,1.1193,143
1580010067.99,0.8,0.9415,0.62,1.1151,143
1580010068.174,0.78,0.9613,0.62,1.1106,143
1580010068.357,0.83,0.9114,0.62,1.1055,143
1580010068.538,0.83,0.9092,0.62,1.1049,143
1580010068.719,0.84,0.9057,0.63,1.1,143
1580010068.901,0.83,0.9176,0.63,1.0975,143
1580010069.079,0.82,0.9255,0.63,1.0985,143
1580010069.238,0.83,0.9161,0.63,1.0954,143
1580010069.418,0.81,0.9301,0.63,1.0968,144
1580010069.6,0.79,0.9498,0.64,1.1008,144
1580010069.78,0.82,0.9158,0.63,1.1073,144
1580010069.959,0.81,0.9347,0.64,1.1069,144
1580010070.137,0.81,0.9306,0.64,1.105,144
1580010070.316,0.83,0.9097,0.62,1.1074,144
1580010070.495,0.83,0.9067,0.65,1.0925,144
1580010070.675,0.81,0.9348,0.66,1.0761,144
1580010070.855,0.79,0.9541,0.67,1.0754,144
1580010071.034,0.83,0.9107,0.66,1.0737,144
1580010071.212,0.84,0.9021,0.66,1.0728,144
1580010071.391,0.84,0.902,0.67,1.0744,144
1580010071.57,0.83,0.9115,0.66,1.0783,144
1580010071.748,0.82,0.9241,0.65,1.0819,144
1580010071.921,0.83,0.9155,0.65,1.0836,144
1580010072.1,0.82,0.9211,0.65,1.0825,145
1580010072.278,0.8,0.9407,0.63,1.094,145
1580010072.461,0.82,0.9185,0.63,1.102,145
1580010072.643,0.81,0.9295,0.64,1.1006,145
1580010072.823,0.82,0.9247,0.65,1.0969,145
1580010073.003,0.82,0.9177,0.63,1.102,145
1580010073.186,0.84,0.9041,0.64,1.0932,145
1580010073.367,0.81,0.9335,0.67,1.0769,145
1580010073.548,0.79,0.9525,0.65,1.0776,145
1580010073.729,0.84,0.9028,0.67,1.0697,145
1580010073.907,0.84,0.9005,0.67,1.065,145
1580010074.088,0.84,0.8998,0.67,1.0708,145
1580010074.269,0.83,0.9148,0.67,1.0759,145
1580010074.448,0.82,0.9251,0.65,1.0869,145
1580010074.607,0.84,0.9105,0.66,1.0896,145
1580010074.788,0.82,0.9263,0.64,1.0958,146
1580010074.974,0.79,0.9472,0.65,1.1013,146
1580010075.151,0.82,0.9184,0.64,1.1093,146
1580010075.336,0.81,0.93,0.63,1.1109,146
1580010075.517,0.82,0.9237,0.64,1.1067,146
1580010075.7,0.83,0.9131,0.64,1.1018,146
1580010075.884,0.84,0.9106,0.65,1.1006,146
1580010076.063,0.8,0.9445,0.63,1.1099,146
1580010076.242,0.79,0.9527,0.62,1.102,146
1580010076.426,0.84,0.905,0.61,1.1078,146
1580010076.608,0.84,0.9084,0.64,1.0944,146
1580010076.787,0.84,0.8997,0.66,1.0805,146
1580010076.968,0.82,0.9183,0.66,1.0853,146
1580010077.148,0.82,0.9271,0.63,1.0967,146
1580010077.309,0.82,0.9209,0.63,1.1001,146
1580010077.488,0.82,0.9267,0.64,1.0879,147
1580010077.667,0.8,0.9443,0.65,1.0877,147
1580010077.849,0.81,0.9287,0.62,1.1074,147
1580010078.034,0.81,0.9347,0.63,1.1187,147
1580010078.218,0.82,0.9224,0.63,1.1175,147
1580010078.4,0.83,0.9126,0.63,1.1093,147
1580010078.578,0.82,0.9236,0.65,1.1009,147
1580010078.755,0.77,0.9703,0.64,1.1041,147
1580010078.932,0.78,0.9669,0.63,1.0871,147
1580010079.116,0.84,0.9007,0.63,1.0974,147
1580010079.293,0.84,0.9009,0.61,1.1181,147
1580010079.472,0.8,0.9403,0.61,1.1115,147
1580010079.683,0.81,0.9411,0.65,1.0878,147
1580010079.862,0.81,0.9312,0.66,1.0763,147
1580010080.021,0.82,0.9244,0.64,1.0875,147
1580010080.202,0.81,0.9311,0.65,1.0976,148
1580010080.386,0.8,0.9454,0.64,1.1071,148
1580010080.577,0.82,0.9205,0.62,1.1251,148
1580010080.756,0.81,0.9388,0.62,1.1239,148
1580010080.934,0.81,0.9311,0.6,1.1277,148
1580010081.118,0.82,0.9184,0.61,1.1235,148
1580010081.297,0.84,0.9086,0.64,1.1098,148
1580010081.477,0.8,0.9425,0.63,1.1137,148
1580010081.66,0.77,0.9664,0.64,1.1108,148
1580010081.844,0.83,0.9159,0.65,1.0952,148
1580010082.025,0.84,0.906,0.64,1.0926,148
1580010082.207,0.84,0.9015,0.61,1.1093,148
1580010082.393,0.83,0.9129,0.61,1.1197,148
1580010082.572,0.8,0.941,0.61,1.1226,148
1580010082.73,0.81,0.9271,0.63,1.0973,148
1580010082.91,0.82,0.9233,0.63,1.1021,149
1580010083.089,0.8,0.9394,0.63,1.1152,149
1580010083.268,0.83,0.9169,0.62,1.1168,149
1580010083.457,0.81,0.933,0.63,1.1224,149
1580010083.637,0.81,0.9327,0.61,1.1272,149
1580010083.816,0.83,0.9162,0.63,1.1228,149
1580010083.994,0.83,0.9093,0.6,1.1261,149
1580010084.179,0.81,0.9342,0.62,1.1125,149
1580010084.357,0.79,0.954,0.64,1.0959,149
1580010084.537,0.84,0.9047,0.65,1.0942,149
1580010084.718,0.84,0.9043,0.63,1.1047,149
1580010084.9,0.84,0.8994,0.62,1.1043,149
1580010085.081,0.84,0.9076,0.62,1.111,149
1580010085.26,0.81,0.9277,0.62,1.1228,149
1580010085.425,0.83,0.9173,0.62,1.1181,149
