1579990448.998,0.25,1.3863,0.25,1.3862,0
1579990449.025,0.24,1.3864,0.25,1.3861,0
1579990449.345,0.25,1.3862,0.25,1.3859,1
1579990449.367,0.24,1.3859,0.25,1.3856,1
1579990449.708,0.25,1.3861,0.25,1.3854,2
1579990449.73,0.24,1.3849,0.35,1.3848,2
1579990450.054,0.27,1.386,0.29,1.3842,3
1579990450.075,0.31,1.3829,0.29,1.3833,3
1579990450.399,0.24,1.3858,0.29,1.3826,4
1579990450.421,0.31,1.3799,0.29,1.3814,4
1579990450.745,0.24,1.386,0.29,1.3802,5
1579990450.767,0.31,1.3763,0.29,1.3788,5
1579990451.089,0.24,1.3853,0.29,1.3772,6
1579990451.111,0.31,1.3725,0.29,1.3752,6
1579990451.432,0.24,1.3825,0.29,1.373,7
1579990451.453,0.31,1.368,0.29,1.3704,7
1579990451.788,0.24,1.3782,0.29,1.367,8
1579990451.81,0.31,1.3606,0.31,1.3629,8
1579990452.132,0.25,1.3715,0.34,1.3576,9
1579990452.154,0.33,1.3486,0.34,1.3511,9
1579990452.479,0.3,1.3619,0.37,1.3428,10
1579990452.501,0.4,1.3279,0.38,1.3334,10
1579990452.825,0.32,1.3466,0.4,1.3203,11
1579990452.847,0.5,1.2928,0.46,1.3044,11
1579990453.172,0.4,1.3193,0.54,1.2768,12
1579990453.194,0.69,1.2338,0.53,1.2502,12
1579990453.517,0.5,1.2681,0.49,1.2351,13
1579990453.54,0.57,1.1834,0.46,1.2527,13
1579990453.866,0.47,1.2632,0.5,1.2366,14
1579990453.888,0.71,1.1165,0.55,1.2055,14
1579990454.21,0.48,1.2519,0.48,1.2343,15
1579990454.232,0.52,1.2143,0.56,1.1897,15
1579990454.555,0.51,1.2256,0.46,1.2385,16
1579990454.577,0.6,1.1126,0.46,1.2384,16
1579990454.901,0.48,1.2545,0.57,1.1939,17
1579990454.923,0.69,1.0528,0.55,1.1936,17
1579990455.253,0.5,1.2272,0.5,1.2142,18
1579990455.275,0.67,1.0809,0.5,1.2233,18
1579990455.6,0.49,1.2254,0.48,1.2261,19
1579990455.622,0.71,1.0511,0.53,1.2031,19
1579990455.95,0.51,1.228,0.59,1.1795,20
1579990455.974,0.74,1.0269,0.57,1.1856,20
1579990456.297,0.5,1.2284,0.55,1.1829,21
1579990456.319,0.71,1.0201,0.54,1.189,21
1579990456.641,0.51,1.2144,0.54,1.1947,22
1579990456.663,0.74,1.0102,0.55,1.1906,22
1579990456.987,0.52,1.2135,0.54,1.1913,23
1579990457.01,0.79,0.9852,0.54,1.2003,23
1579990457.336,0.5,1.2268,0.54,1.1981,24
1579990457.358,0.79,0.9725,0.54,1.1904,24
1579990457.684,0.52,1.2121,0.53,1.1879,25
1579990457.706,0.79,0.9679,0.56,1.1757,25
1579990458.03,0.52,1.2159,0.57,1.1647,26
1579990458.052,0.76,0.9663,0.56,1.177,26
1579990458.377,0.51,1.2168,0.51,1.2112,27
1579990458.399,0.79,0.9666,0.49,1.2288,27
1579990458.734,0.51,1.2178,0.49,1.2288,28
1579990458.756,0.79,0.9788,0.55,1.1928,28
1579990459.082,0.53,1.2061,0.58,1.1672,29
1579990459.104,0.81,0.939,0.57,1.1615,29
1579990459.432,0.52,1.2118,0.58,1.1614,30
1579990459.454,0.76,0.9724,0.59,1.152,30
1579990459.784,0.53,1.2051,0.57,1.1697,31
1579990459.806,0.81,0.947,0.56,1.1888,31
1579990460.13,0.53,1.2032,0.53,1.2079,32
1579990460.153,0.81,0.9548,0.53,1.2082,32
1579990460.492,0.52,1.2044,0.54,1.1991,33
1579990460.514,0.81,0.9493,0.58,1.1675,33
1579990460.856,0.54,1.1973,0.58,1.1582,34
1579990460.878,0.81,0.9341,0.59,1.1456,34
1579990461.206,0.54,1.2005,0.61,1.1367,35
1579990461.228,0.83,0.9304,0.57,1.1659,35
1579990461.552,0.51,1.2156,0.57,1.1685,36
1579990461.574,0.83,0.9335,0.6,1.1436,36
1579990461.902,0.54,1.1976,0.59,1.1512,37
1579990461.924,0.81,0.9282,0.59,1.1603,37
1579990462.25,0.53,1.2102,0.56,1.1658,38
1579990462.273,0.81,0.9308,0.58,1.1624,38
1579990462.598,0.53,1.2049,0.58,1.1596,39
1579990462.62,0.83,0.9068,0.58,1.1764,39
1579990462.945,0.52,1.2031,0.55,1.1835,40
1579990462.968,0.83,0.9291,0.58,1.1592,40
1579990463.295,0.54,1.1938,0.57,1.1555,41
1579990463.318,0.83,0.9076,0.57,1.1579,41
1579990463.643,0.53,1.2094,0.58,1.1586,42
1579990463.665,0.83,0.9169,0.58,1.1565,42
1579990463.99,0.53,1.2066,0.57,1.1562,43
1579990464.012,0.83,0.9028,0.57,1.1632,43
1579990464.338,0.54,1.1897,0.56,1.1829,44
1579990464.36,0.88,0.8822,0.51,1.2022,44
1579990464.683,0.52,1.2103,0.53,1.1877,45
1579990464.705,0.88,0.8823,0.57,1.1653,45
1579990465.028,0.55,1.1861,0.58,1.1561,46
1579990465.049,0.83,0.8892,0.58,1.1581,46
1579990465.378,0.55,1.1905,0.57,1.1605,47
1579990465.4,0.88,0.8734,0.57,1.1742,47
1579990465.724,0.55,1.1869,0.55,1.1894,48
1579990465.748,0.88,0.8667,0.55,1.1958,48
1579990466.076,0.54,1.1881,0.53,1.1964,49
1579990466.098,0.88,0.8696,0.55,1.188,49
1579990466.424,0.55,1.1816,0.55,1.1794,50
1579990466.446,0.88,0.8599,0.56,1.1741,50
1579990466.776,0.55,1.1862,0.56,1.1733,51
1579990466.803,0.88,0.8592,0.57,1.1723,51
1579990467.129,0.56,1.1777,0.55,1.1791,52
1579990467.151,0.88,0.8606,0.55,1.1843,52
1579990467.479,0.57,1.1712,0.56,1.1843,53
1579990467.5,0.88,0.8618,0.57,1.1811,53
1579990467.829,0.57,1.1687,0.55,1.1747,54
1579990467.852,0.88,0.8586,0.56,1.1706,54
1579990468.177,0.57,1.1701,0.56,1.1705,55
1579990468.199,0.88,0.8589,0.56,1.1707,55
1579990468.524,0.59,1.1611,0.57,1.1721,56
1579990468.547,0.88,0.8585,0.58,1.1731,56
1579990468.879,0.58,1.1614,0.56,1.172,57
1579990468.901,0.88,0.8598,0.55,1.166,57
1579990469.224,0.58,1.1567,0.57,1.1677,58
1579990469.246,0.88,0.858,0.57,1.1716,58
1579990469.556,0.59,1.1557,0.56,1.1725,59
1579990469.58,0.88,0.8572,0.55,1.1783,59
1579990469.91,0.59,1.1514,0.56,1.1743,60
1579990469.933,0.88,0.8582,0.57,1.1761,60
1579990470.263,0.59,1.1524,0.57,1.172,61
1579990470.285,0.88,0.8571,0.54,1.1729,61
1579990470.611,0.58,1.1545,0.56,1.1717,62
1579990470.634,0.88,0.8571,0.57,1.1736,62
1579990470.963,0.6,1.1449,0.56,1.1729,63
1579990470.985,0.88,0.8576,0.56,1.1738,63
1579990471.307,0.61,1.1411,0.56,1.1734,64
1579990471.328,0.88,0.8575,0.57,1.1712,64
1579990471.652,0.6,1.1403,0.57,1.1719,65
1579990471.673,0.88,0.8583,0.56,1.1715,65
1579990471.998,0.61,1.1368,0.56,1.1736,66
1579990472.019,0.88,0.8584,0.56,1.1724,66
1579990472.341,0.61,1.1352,0.57,1.1719,67
1579990472.363,0.88,0.8574,0.57,1.1719,67
1579990472.688,0.61,1.1336,0.56,1.1731,68
1579990472.71,0.88,0.8573,0.55,1.1736,68
1579990473.036,0.61,1.1313,0.56,1.1717,69
1579990473.059,0.88,0.8568,0.56,1.1723,69
1579990473.386,0.62,1.1313,0.55,1.1758,70
1579990473.408,0.88,0.8579,0.55,1.1761,70
1579990473.736,0.6,1.1362,0.57,1.1727,71
1579990473.758,0.88,0.8579,0.56,1.1747,71
1579990474.086,0.6,1.1425,0.55,1.1787,72
1579990474.107,0.88,0.8599,0.53,1.1923,72
1579990474.436,0.58,1.1533,0.55,1.1735,73
1579990474.458,0.88,0.8595,0.56,1.1737,73
1579990474.789,0.62,1.1305,0.56,1.1702,74
1579990474.811,0.88,0.8583,0.59,1.1638,74
1579990475.14,0.61,1.1332,0.56,1.1762,75
1579990475.162,0.88,0.8611,0.55,1.1748,75
1579990475.487,0.6,1.1394,0.57,1.1671,76
1579990475.51,0.88,0.8587,0.56,1.171,76
1579990475.836,0.62,1.1248,0.57,1.1648,77
1579990475.858,0.88,0.8582,0.58,1.1601,77
1579990476.19,0.62,1.1247,0.56,1.1684,78
1579990476.212,0.88,0.8588,0.57,1.164,78
1579990476.539,0.62,1.1212,0.57,1.1654,79
1579990476.561,0.88,0.8596,0.57,1.1673,79
1579990476.895,0.63,1.1194,0.56,1.1661,80
1579990476.917,0.88,0.8574,0.57,1.1639,80
1579990477.253,0.63,1.1175,0.57,1.1637,81
1579990477.276,0.88,0.8576,0.57,1.1667,81
1579990477.601,0.63,1.1133,0.56,1.1664,82
1579990477.623,0.88,0.8579,0.55,1.1684,82
1579990477.95,0.63,1.1138,0.56,1.1663,83
1579990477.973,0.88,0.8572,0.56,1.1646,83
1579990478.314,0.63,1.1133,0.56,1.1664,84
1579990478.336,0.88,0.8565,0.55,1.1716,84
1579990478.662,0.64,1.1108,0.56,1.1683,85
1579990478.683,0.88,0.8568,0.57,1.1653,85
1579990479.009,0.64,1.1067,0.56,1.1673,86
1579990479.031,0.88,0.8564,0.56,1.1678,86
1579990479.369,0.64,1.1062,0.56,1.1673,87
1579990479.391,0.88,0.8562,0.56,1.1657,87
1579990479.717,0.65,1.1017,0.57,1.1643,88
1579990479.738,0.88,0.8569,0.57,1.1637,88
1579990480.064,0.65,1.101,0.56,1.165,89
1579990480.087,0.88,0.8565,0.57,1.163,89
1579990480.417,0.65,1.1012,0.57,1.1631,90
1579990480.44,0.88,0.8566,0.56,1.1622,90
1579990480.769,0.65,1.0976,0.56,1.1644,91
1579990480.791,0.88,0.8574,0.57,1.1628,91
1579990481.102,0.65,1.0966,0.57,1.1628,92
1579990481.126,0.88,0.857,0.56,1.1635,92
1579990481.458,0.65,1.0966,0.56,1.1636,93
1579990481.48,0.88,0.8575,0.58,1.1608,93
1579990481.823,0.65,1.0954,0.57,1.1623,94
1579990481.845,0.88,0.8581,0.56,1.1649,94
1579990482.173,0.64,1.1012,0.6,1.1536,95
1579990482.199,0.88,0.858,0.56,1.1781,95
1579990482.532,0.59,1.1447,0.55,1.1768,96
1579990482.554,0.88,0.8596,0.55,1.1773,96
1579990482.882,0.58,1.1555,0.58,1.1619,97
1579990482.905,0.81,0.9274,0.59,1.1573,97
1579990483.234,0.63,1.1146,0.51,1.2,98
1579990483.256,0.86,0.9049,0.55,1.1773,98
1579990483.595,0.64,1.107,0.56,1.178,99
1579990483.617,0.88,0.8596,0.56,1.1783,99
