1580053372.318,0.23,1.3863,0.18,1.3868,0
1580053372.502,0.24,1.3866,0.18,1.3866,0
1580053372.673,0.26,1.3862,0.18,1.3867,0
1580053372.847,0.24,1.3863,0.22,1.3863,0
1580053373.02,0.3,1.3862,0.28,1.3862,0
1580053373.191,0.31,1.3861,0.29,1.3856,0
1580053373.368,0.25,1.3861,0.32,1.3854,0
1580053373.444,0.29,1.3858,0.36,1.3857,0
1580053373.614,0.37,1.3854,0.23,1.3859,1
1580053373.793,0.26,1.3853,0.38,1.3846,1
1580053373.966,0.39,1.3845,0.41,1.3832,1
1580053374.136,0.36,1.3835,0.38,1.3817,1
1580053374.308,0.34,1.3827,0.46,1.3809,1
1580053374.48,0.4,1.3812,0.32,1.3763,1
1580053374.657,0.3,1.3794,0.4,1.3736,1
1580053374.733,0.37,1.3766,0.42,1.3766,1
1580053374.904,0.42,1.373,0.47,1.37,2
1580053375.076,0.43,1.368,0.41,1.3588,2
1580053375.247,0.41,1.3645,0.44,1.3515,2
1580053375.425,0.48,1.3537,0.49,1.3452,2
1580053375.596,0.45,1.3462,0.5,1.3342,2
1580053375.768,0.41,1.3397,0.39,1.3215,2
1580053375.938,0.36,1.3325,0.49,1.304,2
1580053376.015,0.46,1.3072,0.35,1.3502,2
1580053376.189,0.38,1.3243,0.51,1.2829,3
1580053376.372,0.49,1.2839,0.47,1.2945,3
1580053376.552,0.44,1.3134,0.52,1.2773,3
1580053376.725,0.5,1.2822,0.5,1.2587,3
1580053376.898,0.47,1.2738,0.49,1.2681,3
1580053377.073,0.43,1.2929,0.52,1.2452,3
1580053377.247,0.48,1.2538,0.5,1.2417,3
1580053377.321,0.52,1.2381,0.48,1.2514,3
1580053377.494,0.5,1.248,0.5,1.2299,4
1580053377.667,0.53,1.2256,0.53,1.2152,4
1580053377.839,0.52,1.222,0.52,1.2081,4
1580053378.014,0.54,1.2061,0.54,1.1962,4
1580053378.186,0.5,1.2242,0.57,1.1924,4
1580053378.363,0.52,1.2215,0.55,1.1958,4
1580053378.535,0.52,1.2153,0.55,1.1918,4
1580053378.612,0.54,1.1874,0.54,1.1993,4
1580053378.785,0.52,1.2034,0.51,1.2012,5
1580053378.958,0.52,1.2063,0.54,1.1766,5
1580053379.13,0.53,1.1953,0.59,1.1644,5
1580053379.302,0.56,1.1737,0.6,1.1548,5
1580053379.48,0.53,1.2023,0.6,1.1526,5
1580053379.656,0.53,1.2,0.62,1.1461,5
1580053379.828,0.54,1.1911,0.59,1.1464,5
1580053379.905,0.57,1.1708,0.54,1.1612,5
1580053380.08,0.53,1.1955,0.55,1.1827,6
1580053380.253,0.54,1.1839,0.53,1.1741,6
1580053380.428,0.53,1.1923,0.56,1.1505,6
1580053380.603,0.57,1.1619,0.59,1.1348,6
1580053380.78,0.54,1.1862,0.62,1.1322,6
1580053380.953,0.55,1.1866,0.61,1.131,6
1580053381.125,0.56,1.1812,0.61,1.131,6
1580053381.201,0.56,1.1719,0.59,1.1292,6
1580053381.375,0.53,1.1925,0.56,1.1345,7
1580053381.554,0.56,1.1666,0.56,1.1395,7
1580053381.73,0.55,1.1787,0.56,1.1429,7
1580053381.904,0.58,1.1592,0.56,1.1407,7
1580053382.076,0.56,1.1765,0.58,1.1416,7
1580053382.252,0.55,1.1794,0.61,1.1435,7
1580053382.427,0.56,1.1761,0.61,1.1477,7
1580053382.51,0.56,1.1652,0.62,1.1406,7
1580053382.686,0.53,1.1886,0.6,1.1434,8
1580053382.858,0.57,1.1614,0.61,1.1446,8
1580053383.029,0.55,1.1729,0.61,1.1386,8
1580053383.201,0.57,1.1546,0.58,1.1373,8
1580053383.376,0.56,1.1733,0.59,1.1461,8
1580053383.555,0.55,1.1737,0.59,1.1462,8
1580053383.729,0.56,1.1734,0.63,1.1371,8
1580053383.804,0.58,1.1543,0.61,1.1394,8
1580053383.988,0.54,1.1765,0.6,1.1484,9
1580053384.16,0.57,1.1602,0.59,1.1422,9
1580053384.336,0.56,1.1667,0.62,1.1388,9
1580053384.507,0.57,1.1532,0.61,1.1426,9
1580053384.682,0.58,1.1646,0.62,1.1458,9
1580053384.855,0.57,1.1663,0.6,1.1358,9
1580053385.027,0.57,1.1667,0.63,1.1323,9
1580053385.104,0.58,1.1478,0.62,1.129,9
1580053385.277,0.54,1.1716,0.6,1.1322,10
1580053385.449,0.59,1.1494,0.6,1.1331,10
1580053385.629,0.56,1.162,0.59,1.1334,10
1580053385.801,0.58,1.1512,0.62,1.1316,10
1580053385.974,0.58,1.1626,0.63,1.1389,10
1580053386.146,0.58,1.1605,0.62,1.1351,10
1580053386.32,0.57,1.1636,0.63,1.13,10
1580053386.397,0.58,1.1433,0.62,1.1282,10
1580053386.572,0.56,1.1675,0.6,1.1302,11
1580053386.746,0.6,1.1451,0.62,1.1237,11
1580053386.92,0.56,1.1574,0.63,1.1243,11
1580053387.093,0.58,1.1473,0.62,1.1228,11
1580053387.266,0.58,1.1613,0.64,1.1226,11
1580053387.443,0.58,1.1546,0.64,1.13,11
1580053387.616,0.58,1.1577,0.61,1.1419,11
1580053387.692,0.58,1.1428,0.61,1.1329,11
1580053387.867,0.56,1.1646,0.57,1.1424,12
1580053388.039,0.57,1.1583,0.62,1.1256,12
1580053388.211,0.56,1.1576,0.61,1.1327,12
1580053388.386,0.57,1.1588,0.64,1.1246,12
1580053388.566,0.58,1.163,0.62,1.1146,12
1580053388.739,0.58,1.1523,0.63,1.1227,12
1580053388.915,0.56,1.1665,0.63,1.1159,12
1580053388.992,0.61,1.1261,0.64,1.1232,12
1580053389.166,0.56,1.1618,0.65,1.1197,13
1580053389.342,0.61,1.1381,0.62,1.1257,13
1580053389.517,0.58,1.1509,0.61,1.1308,13
1580053389.698,0.58,1.1485,0.62,1.1216,13
1580053389.873,0.58,1.1578,0.62,1.1461,13
1580053390.051,0.58,1.1517,0.61,1.1313,13
1580053390.225,0.58,1.1523,0.63,1.1112,13
1580053390.301,0.6,1.1289,0.63,1.1117,13
1580053390.477,0.58,1.1551,0.63,1.1148,14
1580053390.653,0.6,1.1438,0.62,1.1097,14
1580053390.825,0.58,1.1424,0.64,1.113,14
1580053391.001,0.58,1.1412,0.63,1.1174,14
1580053391.174,0.58,1.1564,0.64,1.1115,14
1580053391.349,0.61,1.1376,0.62,1.1144,14
1580053391.522,0.58,1.1504,0.64,1.121,14
1580053391.599,0.64,1.116,0.63,1.1108,14
1580053391.778,0.58,1.1472,0.6,1.1163,15
1580053391.953,0.61,1.1281,0.61,1.1207,15
1580053392.129,0.59,1.1398,0.61,1.1166,15
1580053392.307,0.6,1.1326,0.6,1.1153,15
1580053392.483,0.59,1.1484,0.61,1.1167,15
1580053392.661,0.6,1.1352,0.62,1.1152,15
1580053392.834,0.58,1.145,0.63,1.1176,15
1580053392.912,0.63,1.1111,0.6,1.1107,15
1580053393.093,0.59,1.14,0.59,1.1077,16
1580053393.268,0.62,1.1241,0.65,1.1121,16
1580053393.442,0.6,1.1332,0.63,1.1188,16
1580053393.616,0.6,1.1331,0.64,1.112,16
1580053393.808,0.58,1.1482,0.64,1.1034,16
1580053393.994,0.6,1.1284,0.61,1.1306,16
1580053394.172,0.59,1.1463,0.65,1.1033,16
1580053394.248,0.64,1.1005,0.64,1.1117,16
1580053394.424,0.59,1.1372,0.61,1.1119,17
1580053394.596,0.62,1.1188,0.62,1.1112,17
1580053394.774,0.61,1.1266,0.6,1.1175,17
1580053394.948,0.6,1.1319,0.63,1.1091,17
1580053395.122,0.59,1.1437,0.64,1.1128,17
1580053395.295,0.6,1.1304,0.62,1.1188,17
1580053395.468,0.6,1.137,0.6,1.1164,17
1580053395.544,0.65,1.0972,0.61,1.1101,17
1580053395.722,0.61,1.1282,0.63,1.1193,18
1580053395.897,0.62,1.1134,0.62,1.1233,18
1580053396.071,0.61,1.1269,0.63,1.1164,18
1580053396.245,0.61,1.1247,0.62,1.1076,18
1580053396.421,0.6,1.1368,0.62,1.118,18
1580053396.595,0.62,1.1188,0.61,1.1262,18
1580053396.77,0.61,1.1319,0.62,1.1083,18
1580053396.847,0.65,1.0937,0.62,1.1137,18
1580053397.025,0.61,1.1228,0.6,1.1122,19
1580053397.205,0.64,1.1077,0.58,1.1182,19
1580053397.381,0.62,1.1175,0.58,1.1184,19
1580053397.556,0.61,1.1217,0.63,1.1135,19
1580053397.73,0.59,1.1398,0.61,1.1194,19
1580053397.907,0.62,1.1239,0.6,1.1332,19
1580053398.084,0.61,1.1316,0.64,1.1106,19
1580053398.161,0.64,1.0926,0.61,1.118,19
1580053398.336,0.62,1.1168,0.64,1.1345,20
1580053398.51,0.62,1.117,0.59,1.1323,20
1580053398.685,0.61,1.1228,0.6,1.1233,20
1580053398.862,0.61,1.126,0.62,1.1142,20
1580053399.035,0.61,1.1327,0.6,1.1366,20
1580053399.214,0.62,1.1194,0.59,1.1298,20
1580053399.39,0.62,1.1267,0.61,1.1154,20
1580053399.466,0.66,1.0829,0.61,1.1136,20
1580053399.653,0.61,1.1245,0.63,1.1261,21
1580053399.827,0.64,1.1046,0.63,1.131,21
1580053400.003,0.61,1.1273,0.62,1.1118,21
1580053400.18,0.62,1.1174,0.65,1.1048,21
1580053400.357,0.59,1.1468,0.63,1.1004,21
1580053400.534,0.62,1.1163,0.57,1.1537,21
1580053400.718,0.58,1.1444,0.61,1.1235,21
1580053400.796,0.63,1.0992,0.63,1.1067,21
1580053400.977,0.58,1.1395,0.61,1.1202,22
1580053401.152,0.58,1.1475,0.61,1.1179,22
1580053401.327,0.61,1.1219,0.59,1.1415,22
1580053401.501,0.6,1.1356,0.6,1.1395,22
1580053401.677,0.58,1.1424,0.6,1.1252,22
1580053401.855,0.64,1.1063,0.59,1.1127,22
1580053402.028,0.61,1.1308,0.6,1.1261,22
1580053402.105,0.66,1.0915,0.59,1.1347,22
1580053402.281,0.61,1.1217,0.61,1.1269,23
1580053402.458,0.63,1.1027,0.6,1.1261,23
1580053402.636,0.62,1.1194,0.61,1.1252,23
1580053402.812,0.61,1.1233,0.59,1.1264,23
1580053402.993,0.6,1.1341,0.61,1.1292,23
1580053403.17,0.64,1.1052,0.6,1.1411,23
1580053403.348,0.6,1.1259,0.59,1.1395,23
1580053403.427,0.65,1.0904,0.58,1.1196,23
1580053403.601,0.61,1.1179,0.61,1.1159,24
1580053403.785,0.63,1.1027,0.59,1.1328,24
1580053403.96,0.62,1.1148,0.57,1.1369,24
1580053404.134,0.62,1.1147,0.59,1.1293,24
1580053404.308,0.61,1.1279,0.6,1.1206,24
1580053404.485,0.63,1.1066,0.6,1.1339,24
1580053404.661,0.62,1.1164,0.55,1.1458,24
1580053404.736,0.67,1.0786,0.59,1.1216,24
1580053404.914,0.63,1.1118,0.61,1.1135,25
1580053405.088,0.64,1.1021,0.6,1.1233,25
1580053405.261,0.63,1.108,0.57,1.1358,25
1580053405.436,0.63,1.1063,0.54,1.1377,25
1580053405.619,0.62,1.1206,0.58,1.1334,25
1580053405.808,0.64,1.1029,0.59,1.137,25
1580053405.998,0.61,1.116,0.61,1.1429,25
1580053406.08,0.67,1.0709,0.58,1.1468,25
1580053406.261,0.61,1.1202,0.61,1.1147,26
1580053406.434,0.64,1.1033,0.57,1.1219,26
1580053406.611,0.61,1.1158,0.59,1.1455,26
1580053406.788,0.62,1.114,0.58,1.153,26
1580053406.975,0.6,1.1382,0.54,1.1448,26
1580053407.15,0.63,1.1094,0.58,1.1432,26
1580053407.324,0.61,1.1213,0.57,1.1597,26
1580053407.403,0.64,1.093,0.55,1.1569,26
1580053407.584,0.61,1.122,0.63,1.1191,27
1580053407.762,0.64,1.1013,0.6,1.1248,27
1580053407.936,0.62,1.1148,0.58,1.1459,27
1580053408.117,0.62,1.1181,0.57,1.1507,27
1580053408.293,0.58,1.1537,0.57,1.1483,27
1580053408.47,0.59,1.1428,0.6,1.1292,27
1580053408.656,0.61,1.1266,0.58,1.1365,27
1580053408.743,0.67,1.0719,0.58,1.1586,27
1580053408.935,0.6,1.1302,0.57,1.1656,28
1580053409.12,0.6,1.139,0.57,1.1489,28
1580053409.299,0.6,1.1254,0.57,1.144,28
1580053409.473,0.61,1.1143,0.57,1.1512,28
1580053409.651,0.61,1.1232,0.59,1.1442,28
1580053409.827,0.61,1.1236,0.58,1.1333,28
1580053410.007,0.6,1.13,0.58,1.1273,28
1580053410.091,0.66,1.0849,0.58,1.1361,28
1580053410.267,0.63,1.1026,0.58,1.1402,29
1580053410.444,0.64,1.0908,0.57,1.1501,29
1580053410.621,0.62,1.1101,0.56,1.1498,29
1580053410.795,0.61,1.1223,0.63,1.1235,29
1580053410.971,0.62,1.1182,0.59,1.1284,29
1580053411.154,0.65,1.0969,0.59,1.1477,29
1580053411.331,0.62,1.1125,0.57,1.1485,29
1580053411.411,0.65,1.0816,0.63,1.1064,29
1580053411.586,0.63,1.1052,0.64,1.1035,30
1580053411.762,0.62,1.1122,0.57,1.1377,30
1580053411.942,0.64,1.0935,0.6,1.1452,30
1580053412.125,0.62,1.1176,0.61,1.1195,30
1580053412.308,0.62,1.1081,0.63,1.1103,30
1580053412.495,0.65,1.0969,0.6,1.1269,30
1580053412.671,0.64,1.0977,0.61,1.1436,30
1580053412.749,0.66,1.0802,0.6,1.1172,30
1580053412.929,0.65,1.0856,0.62,1.1057,31
1580053413.109,0.61,1.1222,0.62,1.1115,31
1580053413.289,0.64,1.0926,0.61,1.1404,31
1580053413.466,0.63,1.1084,0.59,1.1397,31
1580053413.642,0.62,1.1172,0.58,1.1243,31
1580053413.822,0.65,1.0901,0.63,1.1033,31
1580053414.01,0.62,1.11,0.61,1.1125,31
1580053414.089,0.69,1.0554,0.6,1.1451,31
1580053414.267,0.61,1.1137,0.61,1.1247,32
1580053414.444,0.66,1.0841,0.64,1.1016,32
1580053414.618,0.63,1.0984,0.63,1.107,32
1580053414.806,0.64,1.0982,0.56,1.1289,32
1580053414.998,0.64,1.1036,0.58,1.1382,32
1580053415.187,0.62,1.1132,0.59,1.1321,32
1580053415.374,0.63,1.0999,0.61,1.1099,32
1580053415.451,0.69,1.0515,0.62,1.1106,32
1580053415.626,0.66,1.0817,0.58,1.1326,33
1580053415.801,0.66,1.0876,0.59,1.1421,33
1580053415.978,0.65,1.0939,0.61,1.1271,33
1580053416.155,0.65,1.0916,0.58,1.118,33
1580053416.333,0.64,1.098,0.61,1.1209,33
1580053416.507,0.66,1.0845,0.59,1.1321,33
1580053416.681,0.64,1.0929,0.59,1.1317,33
1580053416.758,0.7,1.0497,0.61,1.1242,33
1580053416.933,0.67,1.0693,0.63,1.1135,34
1580053417.109,0.65,1.0954,0.62,1.1238,34
1580053417.29,0.65,1.0864,0.57,1.1423,34
1580053417.465,0.63,1.1014,0.59,1.1278,34
1580053417.639,0.65,1.0922,0.59,1.1219,34
1580053417.814,0.66,1.0792,0.61,1.1176,34
1580053417.987,0.64,1.0955,0.59,1.1181,34
1580053418.064,0.71,1.044,0.61,1.1222,34
1580053418.24,0.66,1.0717,0.62,1.1118,35
1580053418.416,0.67,1.073,0.63,1.1116,35
1580053418.59,0.65,1.087,0.6,1.1209,35
1580053418.765,0.65,1.0899,0.62,1.1173,35
1580053418.941,0.67,1.0835,0.6,1.1174,35
1580053419.117,0.68,1.0697,0.6,1.1132,35
1580053419.295,0.65,1.0883,0.6,1.1119,35
1580053419.377,0.71,1.0397,0.59,1.1213,35
1580053419.556,0.67,1.0684,0.6,1.1168,36
1580053419.733,0.67,1.068,0.63,1.1108,36
1580053419.908,0.66,1.0733,0.61,1.1153,36
1580053420.082,0.65,1.0922,0.62,1.1153,36
1580053420.259,0.66,1.0842,0.61,1.1191,36
1580053420.434,0.67,1.0675,0.59,1.1202,36
1580053420.611,0.66,1.079,0.6,1.1132,36
1580053420.689,0.72,1.0296,0.6,1.1145,36
1580053420.863,0.68,1.0628,0.6,1.116,37
1580053421.038,0.68,1.0684,0.6,1.1206,37
1580053421.215,0.68,1.0659,0.6,1.1219,37
1580053421.394,0.66,1.0859,0.62,1.1182,37
1580053421.568,0.64,1.0919,0.61,1.1253,37
1580053421.744,0.68,1.0615,0.61,1.1221,37
1580053421.919,0.66,1.0774,0.61,1.1123,37
1580053421.997,0.73,1.0251,0.62,1.1136,37
1580053422.174,0.66,1.0683,0.58,1.116,38
1580053422.353,0.66,1.0798,0.59,1.1308,38
1580053422.528,0.66,1.0749,0.6,1.1273,38
1580053422.708,0.65,1.0796,0.61,1.113,38
1580053422.882,0.66,1.0789,0.62,1.1134,38
1580053423.057,0.68,1.0647,0.63,1.125,38
1580053423.234,0.66,1.0729,0.6,1.1287,38
1580053423.314,0.72,1.0337,0.64,1.1026,38
1580053423.488,0.69,1.0534,0.63,1.0982,39
1580053423.669,0.64,1.0922,0.62,1.1129,39
1580053423.843,0.67,1.0724,0.59,1.1311,39
1580053424.018,0.66,1.0727,0.59,1.1363,39
1580053424.193,0.65,1.0896,0.63,1.1173,39
1580053424.369,0.69,1.0527,0.62,1.1143,39
1580053424.543,0.66,1.0746,0.63,1.1206,39
1580053424.621,0.72,1.0292,0.59,1.1412,39
1580053424.799,0.65,1.0824,0.61,1.1227,40
1580053424.974,0.68,1.0588,0.64,1.1021,40
1580053425.148,0.66,1.0726,0.61,1.1101,40
1580053425.324,0.66,1.0787,0.58,1.1283,40
1580053425.501,0.66,1.0841,0.6,1.1375,40
1580053425.673,0.65,1.09,0.62,1.1218,40
1580053425.852,0.67,1.0665,0.63,1.1116,40
1580053425.93,0.73,1.0203,0.63,1.1119,40
1580053426.105,0.68,1.0595,0.62,1.1276,41
1580053426.281,0.68,1.0631,0.59,1.1331,41
1580053426.463,0.67,1.0645,0.59,1.1324,41
1580053426.638,0.68,1.0606,0.59,1.133,41
1580053426.813,0.65,1.0931,0.59,1.1342,41
1580053426.99,0.69,1.0618,0.57,1.136,41
1580053427.166,0.67,1.0684,0.59,1.128,41
1580053427.244,0.73,1.0187,0.63,1.1123,41
1580053427.421,0.68,1.0535,0.65,1.1057,42
1580053427.599,0.66,1.0831,0.59,1.1297,42
1580053427.776,0.68,1.0576,0.6,1.1369,42
1580053427.953,0.67,1.074,0.59,1.1331,42
1580053428.129,0.66,1.079,0.59,1.1329,42
1580053428.306,0.68,1.0612,0.6,1.1285,42
1580053428.483,0.67,1.0676,0.61,1.1189,42
1580053428.562,0.75,0.9983,0.61,1.1235,42
1580053428.738,0.69,1.045,0.6,1.1281,43
1580053428.916,0.68,1.0639,0.63,1.1089,43
1580053429.095,0.68,1.0627,0.62,1.1113,43
1580053429.269,0.68,1.0641,0.6,1.1272,43
1580053429.445,0.68,1.0657,0.58,1.1383,43
1580053429.628,0.69,1.0614,0.6,1.1281,43
1580053429.804,0.68,1.06,0.62,1.11,43
1580053429.882,0.74,1.004,0.63,1.1111,43
1580053430.058,0.7,1.0386,0.61,1.1253,44
1580053430.235,0.7,1.0485,0.6,1.1342,44
1580053430.412,0.68,1.0574,0.62,1.1177,44
1580053430.592,0.68,1.0665,0.64,1.1064,44
1580053430.771,0.68,1.0701,0.62,1.1228,44
1580053430.949,0.7,1.0418,0.57,1.1396,44
1580053431.127,0.68,1.0624,0.58,1.1308,44
1580053431.204,0.74,1.0082,0.61,1.1106,44
1580053431.382,0.69,1.0498,0.66,1.0915,45
1580053431.563,0.65,1.0839,0.64,1.1135,45
1580053431.74,0.71,1.0409,0.54,1.1624,45
1580053431.915,0.64,1.0954,0.6,1.134,45
1580053432.092,0.68,1.0648,0.64,1.1112,45
1580053432.266,0.7,1.039,0.61,1.112,45
1580053432.442,0.68,1.0592,0.6,1.1191,45
1580053432.521,0.76,0.9947,0.61,1.1216,45
1580053432.698,0.69,1.0506,0.64,1.11,46
1580053432.873,0.7,1.0445,0.64,1.1035,46
1580053433.048,0.7,1.0436,0.62,1.1106,46
1580053433.227,0.67,1.0722,0.62,1.1161,46
1580053433.404,0.68,1.0638,0.62,1.1188,46
1580053433.58,0.7,1.0439,0.6,1.1166,46
1580053433.758,0.7,1.0465,0.61,1.1132,46
1580053433.837,0.76,0.9956,0.61,1.1211,46
1580053434.015,0.7,1.0403,0.59,1.1237,47
1580053434.191,0.7,1.0461,0.62,1.1198,47
1580053434.367,0.69,1.0478,0.6,1.1167,47
1580053434.544,0.69,1.0583,0.61,1.1222,47
1580053434.72,0.67,1.0758,0.63,1.1123,47
1580053434.895,0.7,1.0384,0.58,1.1372,47
1580053435.071,0.68,1.0591,0.58,1.1423,47
1580053435.149,0.75,1.0064,0.6,1.123,47
1580053435.327,0.7,1.0421,0.62,1.1142,48
1580053435.502,0.64,1.0923,0.63,1.1112,48
1580053435.683,0.67,1.0689,0.64,1.1116,48
1580053435.858,0.7,1.0482,0.58,1.1448,48
1580053436.034,0.66,1.0753,0.58,1.1617,48
1580053436.21,0.67,1.0692,0.64,1.111,48
1580053436.393,0.67,1.0589,0.65,1.0976,48
1580053436.471,0.73,1.0202,0.62,1.1093,48
1580053436.651,0.69,1.041,0.62,1.1122,49
1580053436.827,0.68,1.0601,0.57,1.1388,49
1580053437.006,0.67,1.0608,0.6,1.1342,49
1580053437.181,0.68,1.0583,0.61,1.1226,49
1580053437.357,0.68,1.0612,0.63,1.1153,49
1580053437.533,0.7,1.046,0.61,1.1209,49
1580053437.715,0.68,1.058,0.64,1.1165,49
1580053437.793,0.75,0.9928,0.6,1.1304,49
1580053437.97,0.71,1.0318,0.63,1.1209,50
1580053438.146,0.68,1.0551,0.59,1.1231,50
1580053438.323,0.68,1.0565,0.59,1.1229,50
1580053438.499,0.7,1.0457,0.62,1.1185,50
1580053438.675,0.68,1.06,0.64,1.1171,50
1580053438.85,0.71,1.0316,0.64,1.1257,50
1580053439.025,0.69,1.0507,0.64,1.1166,50
1580053439.102,0.77,0.9843,0.63,1.112,50
1580053439.279,0.71,1.0297,0.6,1.1164,51
1580053439.458,0.7,1.0435,0.6,1.1233,51
1580053439.641,0.7,1.0429,0.59,1.1305,51
1580053439.816,0.7,1.0379,0.6,1.1312,51
1580053439.995,0.68,1.058,0.6,1.1254,51
1580053440.172,0.71,1.0296,0.64,1.1156,51
1580053440.35,0.71,1.0345,0.63,1.1193,51
1580053440.429,0.77,0.9804,0.65,1.1108,51
1580053440.607,0.72,1.0255,0.64,1.1072,52
1580053440.791,0.7,1.0404,0.61,1.1157,52
1580053440.969,0.71,1.0332,0.61,1.1278,52
1580053441.146,0.71,1.0342,0.61,1.1268,52
1580053441.323,0.68,1.0606,0.6,1.1241,52
1580053441.5,0.72,1.02,0.62,1.1214,52
1580053441.68,0.71,1.0322,0.62,1.1232,52
1580053441.76,0.78,0.968,0.63,1.1213,52
1580053441.936,0.72,1.0253,0.62,1.1204,53
1580053442.114,0.69,1.0466,0.6,1.1253,53
1580053442.295,0.72,1.0293,0.57,1.1436,53
1580053442.471,0.72,1.0323,0.6,1.145,53
1580053442.649,0.68,1.0637,0.59,1.1363,53
1580053442.831,0.72,1.0236,0.61,1.1274,53
1580053443.007,0.71,1.0265,0.62,1.1201,53
1580053443.086,0.79,0.9659,0.61,1.1277,53
1580053443.267,0.7,1.038,0.61,1.1261,54
1580053443.445,0.7,1.0409,0.6,1.1259,54
1580053443.621,0.71,1.0274,0.59,1.1309,54
1580053443.809,0.71,1.031,0.58,1.1436,54
1580053443.996,0.67,1.0689,0.61,1.1451,54
1580053444.173,0.7,1.0367,0.59,1.1342,54
1580053444.35,0.72,1.0308,0.61,1.1287,54
1580053444.43,0.79,0.9607,0.62,1.1256,54
1580053444.608,0.71,1.0322,0.59,1.1467,55
1580053444.785,0.68,1.0577,0.61,1.137,55
1580053444.962,0.69,1.0409,0.6,1.1304,55
1580053445.141,0.72,1.028,0.6,1.1342,55
1580053445.317,0.67,1.0722,0.57,1.154,55
1580053445.493,0.68,1.0593,0.56,1.1568,55
1580053445.67,0.66,1.0782,0.59,1.1432,55
1580053445.749,0.76,0.9842,0.63,1.116,55
1580053445.929,0.71,1.0288,0.6,1.1319,56
1580053446.105,0.65,1.0846,0.56,1.1652,56
1580053446.281,0.68,1.0627,0.54,1.1769,56
1580053446.457,0.64,1.0902,0.59,1.1435,56
1580053446.637,0.69,1.0505,0.6,1.1323,56
1580053446.813,0.72,1.0214,0.61,1.133,56
1580053446.991,0.69,1.0502,0.59,1.1424,56
1580053447.069,0.75,0.9974,0.58,1.1421,56
1580053447.248,0.69,1.0503,0.61,1.1302,57
1580053447.428,0.69,1.0506,0.6,1.121,57
1580053447.605,0.7,1.0342,0.63,1.1131,57
1580053447.786,0.69,1.0498,0.58,1.1327,57
1580053447.963,0.66,1.0724,0.61,1.1321,57
1580053448.14,0.69,1.0463,0.62,1.1324,57
1580053448.319,0.69,1.0523,0.61,1.127,57
1580053448.397,0.75,0.986,0.62,1.1208,57
1580053448.574,0.71,1.0249,0.61,1.1188,58
1580053448.752,0.67,1.067,0.62,1.1237,58
1580053448.934,0.68,1.0625,0.6,1.1276,58
1580053449.114,0.71,1.0351,0.57,1.1413,58
1580053449.298,0.68,1.0622,0.59,1.1376,58
1580053449.476,0.72,1.0211,0.61,1.127,58
1580053449.654,0.72,1.0301,0.64,1.1214,58
1580053449.733,0.8,0.9616,0.61,1.1153,58
1580053449.912,0.72,1.0198,0.63,1.1124,59
1580053450.09,0.71,1.0374,0.62,1.1209,59
1580053450.267,0.71,1.0277,0.61,1.1293,59
1580053450.445,0.72,1.0274,0.6,1.1251,59
1580053450.624,0.7,1.043,0.62,1.1189,59
1580053450.799,0.72,1.0233,0.6,1.1314,59
1580053450.981,0.71,1.0289,0.61,1.1371,59
1580053451.062,0.78,0.9678,0.61,1.1262,59
1580053451.242,0.73,1.0092,0.64,1.1055,60
1580053451.42,0.69,1.0522,0.61,1.1149,60
1580053451.597,0.71,1.035,0.6,1.1476,60
1580053451.775,0.69,1.0504,0.61,1.1431,60
1580053451.952,0.7,1.0398,0.59,1.1398,60
1580053452.131,0.74,1.0089,0.6,1.1361,60
1580053452.309,0.71,1.0243,0.6,1.1344,60
1580053452.388,0.79,0.9609,0.59,1.1278,60
1580053452.566,0.73,1.0169,0.63,1.1185,61
1580053452.742,0.72,1.0245,0.64,1.1021,61
1580053452.921,0.71,1.0321,0.64,1.1088,61
1580053453.099,0.7,1.0386,0.65,1.1141,61
1580053453.279,0.7,1.0371,0.64,1.1143,61
1580053453.457,0.73,1.0114,0.61,1.1188,61
1580053453.633,0.72,1.0242,0.6,1.1226,61
1580053453.715,0.79,0.9604,0.6,1.1163,61
1580053453.909,0.73,1.0126,0.63,1.1028,62
1580053454.088,0.71,1.0353,0.64,1.1031,62
1580053454.265,0.74,1.0122,0.63,1.1203,62
1580053454.444,0.71,1.0299,0.63,1.113,62
1580053454.621,0.7,1.0388,0.64,1.1136,62
1580053454.798,0.74,1.0064,0.62,1.1084,62
1580053454.976,0.74,1.0075,0.65,1.1045,62
1580053455.054,0.81,0.9466,0.6,1.1219,62
1580053455.233,0.74,1.0078,0.61,1.1191,63
1580053455.414,0.7,1.0357,0.62,1.1153,63
1580053455.592,0.73,1.0075,0.63,1.1168,63
1580053455.768,0.72,1.0218,0.63,1.1232,63
1580053455.943,0.71,1.0335,0.63,1.1213,63
1580053456.126,0.74,1.0064,0.62,1.1164,63
1580053456.302,0.72,1.0219,0.61,1.1163,63
1580053456.381,0.81,0.9387,0.6,1.1204,63
1580053456.562,0.74,1.0064,0.6,1.1265,64
1580053456.739,0.7,1.0325,0.61,1.114,64
1580053456.916,0.72,1.0181,0.63,1.1105,64
1580053457.1,0.72,1.0192,0.61,1.124,64
1580053457.278,0.71,1.0283,0.61,1.1292,64
1580053457.456,0.73,1.0172,0.61,1.1289,64
1580053457.636,0.73,1.0129,0.63,1.113,64
1580053457.716,0.82,0.9334,0.64,1.1162,64
1580053457.895,0.75,0.9982,0.61,1.1201,65
1580053458.072,0.71,1.0307,0.6,1.1287,65
1580053458.253,0.74,1.0065,0.63,1.1235,65
1580053458.431,0.73,1.0102,0.6,1.1207,65
1580053458.611,0.71,1.0325,0.6,1.1297,65
1580053458.79,0.75,0.9983,0.6,1.1452,65
1580053458.966,0.71,1.0293,0.62,1.1248,65
1580053459.046,0.82,0.9368,0.63,1.1044,65
1580053459.23,0.71,1.0294,0.61,1.1097,66
1580053459.413,0.68,1.0537,0.64,1.1134,66
1580053459.594,0.73,1.0079,0.61,1.1236,66
1580053459.774,0.7,1.0436,0.61,1.1249,66
1580053459.952,0.7,1.0422,0.62,1.1021,66
1580053460.131,0.73,1.0138,0.64,1.1021,66
1580053460.311,0.71,1.0306,0.65,1.1113,66
1580053460.391,0.8,0.9446,0.64,1.1148,66
1580053460.569,0.73,1.009,0.65,1.1042,67
1580053460.755,0.72,1.0162,0.63,1.1012,67
1580053460.934,0.73,1.0093,0.62,1.1212,67
1580053461.111,0.74,1.0091,0.62,1.1249,67
1580053461.301,0.71,1.0325,0.6,1.1251,67
1580053461.479,0.74,1.0055,0.62,1.1175,67
1580053461.656,0.74,1.0064,0.63,1.1094,67
1580053461.736,0.81,0.9381,0.63,1.1113,67
1580053461.917,0.74,1.008,0.62,1.1151,68
1580053462.099,0.73,1.0155,0.62,1.1197,68
1580053462.276,0.75,0.9943,0.62,1.1267,68
1580053462.455,0.73,1.0067,0.61,1.1262,68
1580053462.631,0.71,1.0387,0.6,1.1251,68
1580053462.81,0.75,0.9982,0.6,1.1459,68
1580053462.992,0.74,1.0077,0.58,1.1539,68
1580053463.071,0.81,0.9408,0.63,1.1144,68
1580053463.254,0.73,1.0076,0.64,1.1084,69
1580053463.434,0.7,1.0385,0.6,1.1306,69
1580053463.613,0.76,0.9867,0.6,1.1386,69
1580053463.793,0.74,1.0104,0.59,1.1408,69
1580053463.972,0.7,1.0385,0.59,1.1344,69
1580053464.151,0.74,1.0032,0.6,1.1233,69
1580053464.328,0.74,1.0102,0.63,1.1217,69
1580053464.409,0.83,0.9235,0.59,1.1386,69
1580053464.592,0.73,1.0148,0.61,1.1257,70
1580053464.772,0.7,1.0343,0.62,1.1037,70
1580053464.951,0.72,1.0241,0.61,1.1162,70
1580053465.131,0.73,1.0141,0.6,1.1366,70
1580053465.313,0.72,1.0269,0.58,1.1361,70
1580053465.491,0.7,1.0309,0.59,1.1325,70
1580053465.683,0.71,1.0445,0.6,1.1304,70
1580053465.769,0.79,0.9549,0.63,1.1134,70
1580053465.963,0.74,0.9973,0.61,1.1154,71
1580053466.153,0.72,1.0245,0.6,1.1392,71
1580053466.345,0.72,1.0232,0.58,1.1455,71
1580053466.522,0.7,1.0373,0.6,1.1307,71
1580053466.708,0.72,1.0232,0.59,1.1373,71
1580053466.885,0.74,1.0036,0.59,1.1311,71
1580053467.065,0.74,1.0078,0.59,1.1271,71
1580053467.144,0.79,0.9661,0.59,1.1309,71
1580053467.329,0.75,0.9959,0.62,1.1128,72
1580053467.508,0.72,1.0222,0.62,1.1117,72
1580053467.689,0.72,1.0181,0.58,1.1441,72
1580053467.866,0.71,1.0269,0.58,1.1559,72
1580053468.047,0.69,1.0512,0.6,1.1457,72
1580053468.225,0.74,1.0076,0.58,1.1395,72
1580053468.404,0.73,1.0123,0.6,1.1308,72
1580053468.482,0.8,0.9441,0.6,1.124,72
1580053468.666,0.75,0.9993,0.62,1.1196,73
1580053468.858,0.7,1.0337,0.62,1.1213,73
1580053469.038,0.74,1.0012,0.62,1.128,73
1580053469.217,0.73,1.0072,0.62,1.1232,73
1580053469.403,0.73,1.0209,0.6,1.1271,73
1580053469.581,0.74,0.9973,0.59,1.1374,73
1580053469.76,0.73,1.008,0.59,1.1421,73
1580053469.84,0.8,0.9442,0.61,1.1172,73
1580053470.02,0.75,0.9957,0.63,1.1077,74
1580053470.204,0.69,1.0483,0.61,1.122,74
1580053470.389,0.71,1.0229,0.61,1.1304,74
1580053470.569,0.75,0.9987,0.6,1.14,74
1580053470.748,0.71,1.033,0.59,1.144,74
1580053470.93,0.75,0.9947,0.61,1.1348,74
1580053471.114,0.73,1.0147,0.64,1.1176,74
1580053471.194,0.81,0.9403,0.62,1.1231,74
1580053471.381,0.76,0.9901,0.63,1.1196,75
1580053471.563,0.72,1.0181,0.61,1.1234,75
1580053471.742,0.76,0.9916,0.62,1.1217,75
1580053471.928,0.74,1.0012,0.61,1.127,75
1580053472.112,0.72,1.0251,0.59,1.1416,75
1580053472.295,0.76,0.9863,0.58,1.1508,75
1580053472.476,0.75,0.9923,0.6,1.1441,75
1580053472.563,0.81,0.9377,0.6,1.128,75
1580053472.743,0.75,0.994,0.62,1.1174,76
1580053472.923,0.73,1.0133,0.61,1.1352,76
1580053473.105,0.75,0.9928,0.6,1.1386,76
1580053473.284,0.76,0.9902,0.6,1.1392,76
1580053473.469,0.71,1.0319,0.61,1.1371,76
1580053473.651,0.76,0.9857,0.59,1.1423,76
1580053473.834,0.74,1.0028,0.6,1.136,76
1580053473.917,0.83,0.919,0.58,1.1437,76
1580053474.11,0.76,0.9889,0.6,1.1278,77
1580053474.291,0.72,1.0249,0.61,1.1239,77
1580053474.477,0.75,0.9942,0.61,1.1254,77
1580053474.659,0.74,1.0017,0.6,1.133,77
1580053474.855,0.72,1.0205,0.6,1.1415,77
1580053475.049,0.75,0.9939,0.58,1.1487,77
1580053475.245,0.75,1.0061,0.59,1.1426,77
1580053475.33,0.82,0.9291,0.62,1.1208,77
1580053475.518,0.76,0.9825,0.62,1.113,78
1580053475.7,0.72,1.0272,0.6,1.1462,78
1580053475.88,0.75,0.9973,0.55,1.1725,78
1580053476.063,0.73,1.0125,0.58,1.1593,78
1580053476.243,0.73,1.0165,0.6,1.1403,78
1580053476.425,0.75,0.9954,0.55,1.1613,78
1580053476.609,0.73,1.0059,0.58,1.159,78
1580053476.688,0.8,0.937,0.59,1.157,78
1580053476.867,0.75,0.9953,0.58,1.1432,79
1580053477.048,0.73,1.01,0.61,1.1334,79
1580053477.232,0.71,1.0246,0.62,1.1313,79
1580053477.413,0.73,1.013,0.59,1.149,79
1580053477.596,0.72,1.0203,0.59,1.1451,79
1580053477.777,0.75,0.9933,0.58,1.1444,79
1580053477.957,0.74,1.0053,0.62,1.1193,79
1580053478.037,0.8,0.9428,0.6,1.1309,79
1580053478.215,0.77,0.9844,0.6,1.1358,80
1580053478.393,0.75,1.0006,0.6,1.1406,80
1580053478.576,0.73,1.0059,0.59,1.1338,80
1580053478.754,0.74,1.0009,0.6,1.1333,80
1580053478.932,0.72,1.0254,0.6,1.1316,80
1580053479.115,0.73,1.0054,0.58,1.1447,80
1580053479.298,0.76,0.9872,0.59,1.1537,80
1580053479.381,0.81,0.9421,0.59,1.1403,80
1580053479.566,0.75,0.9948,0.61,1.1236,81
1580053479.746,0.71,1.0319,0.61,1.1199,81
1580053479.926,0.76,0.9906,0.6,1.1445,81
1580053480.108,0.75,0.9946,0.57,1.1584,81
1580053480.289,0.72,1.0252,0.59,1.1433,81
1580053480.467,0.77,0.9754,0.62,1.1211,81
1580053480.647,0.75,0.9945,0.62,1.1219,81
1580053480.728,0.84,0.9082,0.59,1.1297,81
1580053480.907,0.76,0.9881,0.59,1.1284,82
1580053481.084,0.73,1.0078,0.62,1.1193,82
1580053481.264,0.77,0.9781,0.64,1.1019,82
1580053481.444,0.74,0.999,0.64,1.1003,82
1580053481.648,0.71,1.0252,0.6,1.1322,82
1580053481.828,0.77,0.9749,0.58,1.1604,82
1580053482.007,0.75,0.9966,0.59,1.1511,82
1580053482.085,0.82,0.9317,0.62,1.1136,82
1580053482.265,0.77,0.9738,0.63,1.1058,83
1580053482.443,0.71,1.0274,0.63,1.1089,83
1580053482.627,0.72,1.0145,0.59,1.1212,83
1580053482.806,0.76,0.983,0.58,1.1341,83
1580053482.987,0.72,1.0183,0.56,1.1611,83
1580053483.169,0.74,1.0013,0.57,1.1414,83
1580053483.35,0.76,0.9857,0.63,1.1186,83
1580053483.43,0.83,0.9144,0.62,1.1137,83
1580053483.612,0.76,0.9844,0.62,1.1181,84
1580053483.794,0.75,0.9939,0.6,1.1285,84
1580053483.976,0.77,0.9718,0.59,1.1329,84
1580053484.158,0.77,0.9779,0.6,1.1348,84
1580053484.337,0.73,1.0126,0.59,1.1384,84
1580053484.521,0.78,0.9719,0.58,1.1468,84
1580053484.706,0.77,0.9765,0.6,1.1488,84
1580053484.785,0.85,0.9061,0.59,1.144,84
1580053484.969,0.76,0.9886,0.59,1.1326,85
1580053485.147,0.75,0.9941,0.64,1.1083,85
1580053485.324,0.78,0.9719,0.63,1.1073,85
1580053485.502,0.76,0.9896,0.61,1.1225,85
1580053485.685,0.74,1.0106,0.58,1.1417,85
1580053485.862,0.77,0.9772,0.59,1.1526,85
1580053486.043,0.75,0.9961,0.6,1.1441,85
1580053486.121,0.84,0.9069,0.6,1.1319,85
1580053486.302,0.77,0.9713,0.63,1.1126,86
1580053486.481,0.74,1.0075,0.62,1.1191,86
1580053486.66,0.78,0.9719,0.6,1.1385,86
1580053486.837,0.78,0.974,0.58,1.1529,86
1580053487.016,0.74,1.0005,0.57,1.154,86
1580053487.197,0.78,0.972,0.58,1.153,86
1580053487.375,0.77,0.9808,0.58,1.1586,86
1580053487.454,0.85,0.903,0.57,1.1582,86
1580053487.632,0.75,0.9954,0.61,1.124,87
1580053487.812,0.76,0.988,0.63,1.1029,87
1580053487.991,0.74,0.9983,0.64,1.1022,87
1580053488.172,0.77,0.9789,0.59,1.1388,87
1580053488.352,0.74,1.004,0.58,1.1523,87
1580053488.53,0.77,0.9803,0.59,1.1441,87
1580053488.708,0.76,0.9878,0.6,1.132,87
1580053488.787,0.84,0.911,0.62,1.1204,87
1580053488.966,0.78,0.9666,0.62,1.118,88
1580053489.145,0.74,0.9991,0.61,1.1215,88
1580053489.326,0.76,0.9886,0.63,1.1208,88
1580053489.506,0.78,0.9739,0.62,1.1259,88
1580053489.691,0.73,1.0107,0.61,1.1401,88
1580053489.87,0.78,0.9717,0.58,1.1529,88
1580053490.047,0.76,0.9857,0.58,1.1506,88
1580053490.128,0.85,0.9067,0.61,1.1403,88
1580053490.306,0.78,0.9666,0.63,1.1187,89
1580053490.484,0.76,0.9852,0.63,1.1124,89
1580053490.662,0.76,0.9797,0.64,1.113,89
1580053490.845,0.76,0.9836,0.63,1.1252,89
1580053491.022,0.74,0.9987,0.58,1.152,89
1580053491.2,0.79,0.9571,0.56,1.1591,89
1580053491.376,0.77,0.9793,0.58,1.153,89
1580053491.454,0.85,0.9035,0.61,1.132,89
1580053491.632,0.78,0.9677,0.62,1.1113,90
1580053491.82,0.75,0.991,0.63,1.1055,90
1580053492.0,0.77,0.9734,0.62,1.117,90
1580053492.18,0.77,0.9784,0.6,1.135,90
1580053492.36,0.75,0.9983,0.59,1.1429,90
1580053492.537,0.79,0.9612,0.59,1.1469,90
1580053492.714,0.79,0.9633,0.57,1.1498,90
1580053492.795,0.85,0.9056,0.61,1.1404,90
1580053492.976,0.78,0.9701,0.61,1.1112,91
1580053493.154,0.75,0.9912,0.63,1.1032,91
1580053493.332,0.78,0.9684,0.64,1.1109,91
1580053493.509,0.77,0.983,0.57,1.1387,91
1580053493.687,0.74,1.0031,0.6,1.1435,91
1580053493.875,0.77,0.9808,0.6,1.1381,91
1580053494.054,0.76,0.9845,0.59,1.1356,91
1580053494.132,0.85,0.899,0.59,1.1353,91
1580053494.312,0.75,0.9883,0.59,1.1393,92
1580053494.492,0.72,1.0184,0.63,1.1091,92
1580053494.673,0.75,0.9899,0.63,1.1017,92
1580053494.85,0.76,0.9841,0.61,1.127,92
1580053495.028,0.73,1.0092,0.55,1.1847,92
1580053495.208,0.73,1.0078,0.54,1.1926,92
1580053495.386,0.72,1.0249,0.58,1.1562,92
1580053495.466,0.8,0.941,0.6,1.1276,92
1580053495.642,0.77,0.9728,0.62,1.1156,93
1580053495.822,0.72,1.0202,0.64,1.1013,93
1580053495.999,0.7,1.0389,0.64,1.0961,93
1580053496.177,0.69,1.0455,0.65,1.0847,93
1580053496.364,0.69,1.0527,0.62,1.099,93
1580053496.544,0.73,1.005,0.59,1.1323,93
1580053496.721,0.75,0.9963,0.59,1.1441,93
1580053496.802,0.75,0.9812,0.6,1.1368,93
1580053496.989,0.71,1.0262,0.61,1.1243,94
1580053497.166,0.72,1.018,0.62,1.1153,94
1580053497.346,0.71,1.0269,0.66,1.1004,94
1580053497.524,0.71,1.027,0.66,1.0905,94
1580053497.702,0.69,1.0478,0.62,1.1147,94
1580053497.881,0.75,0.9968,0.59,1.1362,94
1580053498.059,0.74,1.007,0.6,1.1362,94
1580053498.139,0.77,0.9685,0.59,1.1428,94
1580053498.316,0.73,1.0127,0.61,1.1247,95
1580053498.495,0.74,1.0043,0.6,1.1326,95
1580053498.675,0.73,1.0097,0.62,1.126,95
1580053498.852,0.71,1.0287,0.6,1.1338,95
1580053499.033,0.68,1.062,0.62,1.1264,95
1580053499.213,0.72,1.0247,0.6,1.1429,95
1580053499.395,0.73,1.0049,0.56,1.1758,95
1580053499.473,0.83,0.9157,0.59,1.1584,95
1580053499.656,0.71,1.0261,0.58,1.1514,96
1580053499.834,0.69,1.0502,0.58,1.1597,96
1580053500.018,0.74,1.0127,0.57,1.1622,96
1580053500.195,0.74,1.0024,0.6,1.1363,96
1580053500.374,0.72,1.019,0.63,1.1119,96
1580053500.555,0.74,1.003,0.63,1.1148,96
1580053500.736,0.73,1.0138,0.62,1.1216,96
1580053500.815,0.81,0.9391,0.57,1.167,96
1580053500.992,0.75,0.9928,0.59,1.1627,97
1580053501.169,0.73,1.0142,0.59,1.1466,97
1580053501.345,0.72,1.0159,0.57,1.1491,97
1580053501.525,0.74,1.0077,0.58,1.1546,97
1580053501.705,0.71,1.0338,0.57,1.1636,97
1580053501.889,0.73,1.0015,0.57,1.162,97
1580053502.073,0.73,1.0094,0.59,1.1471,97
1580053502.152,0.84,0.9137,0.61,1.1344,97
1580053502.333,0.76,0.9819,0.62,1.1179,98
1580053502.511,0.72,1.0258,0.59,1.1322,98
1580053502.69,0.73,1.0089,0.62,1.1394,98
1580053502.869,0.73,1.0071,0.6,1.1373,98
1580053503.047,0.75,0.9979,0.6,1.134,98
1580053503.225,0.76,0.9809,0.58,1.1461,98
1580053503.406,0.76,0.9861,0.58,1.159,98
1580053503.487,0.81,0.931,0.58,1.1579,98
1580053503.671,0.76,0.9867,0.58,1.1523,99
1580053503.853,0.75,1.0007,0.61,1.1205,99
1580053504.043,0.74,1.0052,0.59,1.1272,99
1580053504.22,0.72,1.0127,0.61,1.1244,99
1580053504.4,0.75,0.9982,0.61,1.1477,99
1580053504.581,0.75,0.9895,0.55,1.1684,99
1580053504.76,0.74,0.9988,0.56,1.1574,99
1580053504.839,0.85,0.9008,0.58,1.1424,99
