1579583903.732,0.24,1.3891,0.24,1.3862,0
1579583904.731,0.25,1.387,0.24,1.3857,0
1579583905.858,0.25,1.3859,0.24,1.3845,0
1579583906.943,0.25,1.3844,0.31,1.3818,0
1579583908.172,0.29,1.382,0.33,1.3791,0
1579583909.354,0.35,1.3794,0.45,1.3725,0
1579583910.551,0.33,1.3738,0.4,1.3656,0
1579583911.601,0.33,1.3665,0.38,1.3614,0
1579583912.738,0.41,1.3604,0.37,1.3475,0
1579583913.721,0.36,1.3484,0.35,1.3335,0
1579583914.939,0.37,1.3331,0.41,1.3253,0
1579583915.8,0.38,1.3254,0.32,1.301,0
1579583916.958,0.37,1.2959,0.34,1.2815,1
1579583917.946,0.39,1.2784,0.4,1.2801,1
1579583918.911,0.38,1.2709,0.4,1.2418,1
1579583919.991,0.4,1.2376,0.45,1.2611,1
1579583920.962,0.4,1.2404,0.42,1.2507,1
1579583921.997,0.4,1.2337,0.43,1.248,1
1579583923.209,0.4,1.229,0.37,1.2887,1
1579583924.397,0.41,1.2465,0.43,1.2501,1
1579583925.587,0.43,1.2198,0.36,1.2585,1
1579583926.806,0.39,1.2539,0.4,1.2323,1
1579583927.853,0.41,1.208,0.43,1.2385,1
1579583928.775,0.43,1.2283,0.41,1.2316,1
1579583929.847,0.42,1.2198,0.43,1.2209,2
1579583931.054,0.4,1.2162,0.43,1.2246,2
1579583932.16,0.4,1.221,0.44,1.223,2
1579583933.369,0.41,1.225,0.46,1.2209,2
1579583934.434,0.45,1.2088,0.4,1.2256,2
1579583935.527,0.43,1.207,0.44,1.2189,2
1579583936.632,0.43,1.2065,0.46,1.2106,2
1579583937.824,0.44,1.1977,0.42,1.2103,2
1579583938.825,0.42,1.1988,0.42,1.2092,2
1579583939.801,0.43,1.206,0.46,1.2122,2
1579583940.989,0.44,1.1933,0.47,1.2059,2
1579583942.073,0.46,1.2069,0.44,1.2007,2
1579583943.247,0.44,1.1991,0.43,1.1982,3
1579583944.398,0.43,1.1981,0.46,1.1932,3
1579583945.485,0.44,1.1885,0.49,1.1921,3
1579583946.463,0.45,1.195,0.45,1.1913,3
1579583947.463,0.44,1.1827,0.43,1.1893,3
1579583948.546,0.44,1.1787,0.47,1.1845,3
1579583949.669,0.44,1.1839,0.51,1.183,3
1579583950.678,0.46,1.1758,0.43,1.1828,3
1579583951.78,0.46,1.1765,0.43,1.1822,3
1579583952.76,0.46,1.1829,0.49,1.1766,3
1579583953.749,0.48,1.1693,0.48,1.1688,3
1579583954.747,0.45,1.1835,0.49,1.1726,3
1579583955.786,0.47,1.1778,0.47,1.1678,4
1579583956.778,0.47,1.1723,0.46,1.1777,4
1579583957.801,0.46,1.1756,0.45,1.1851,4
1579583959.021,0.43,1.184,0.5,1.1624,4
1579583960.098,0.45,1.1637,0.47,1.1613,4
1579583961.082,0.46,1.1629,0.46,1.1731,4
1579583962.284,0.47,1.1653,0.38,1.1857,4
1579583963.456,0.45,1.1629,0.46,1.1803,4
1579583964.53,0.48,1.1643,0.48,1.168,4
1579583965.636,0.48,1.1634,0.47,1.171,4
1579583966.747,0.48,1.1612,0.52,1.1663,4
1579583967.817,0.47,1.1735,0.46,1.1692,4
1579583968.809,0.48,1.1573,0.45,1.1744,5
1579583969.785,0.48,1.1616,0.48,1.1632,5
1579583970.798,0.46,1.1606,0.46,1.1586,5
1579583971.812,0.48,1.1606,0.46,1.1681,5
1579583972.916,0.48,1.1484,0.47,1.1561,5
1579583973.903,0.49,1.1397,0.48,1.1573,5
1579583974.87,0.48,1.1512,0.46,1.1719,5
1579583975.842,0.48,1.1424,0.44,1.1618,5
1579583976.817,0.5,1.1393,0.46,1.1586,5
1579583977.805,0.48,1.1498,0.43,1.156,5
1579583978.805,0.51,1.1336,0.45,1.1544,5
1579583979.845,0.49,1.1424,0.46,1.147,5
1579583981.081,0.49,1.137,0.42,1.1457,6
1579583982.258,0.5,1.133,0.45,1.1507,6
1579583983.246,0.49,1.1348,0.47,1.1402,6
1579583984.27,0.49,1.1412,0.47,1.1365,6
1579583985.4,0.51,1.1208,0.45,1.1461,6
1579583986.41,0.5,1.1157,0.45,1.1354,6
1579583987.547,0.5,1.1256,0.45,1.1394,6
1579583988.6,0.5,1.1149,0.45,1.1383,6
1579583989.615,0.51,1.1154,0.46,1.1283,6
1579583990.677,0.5,1.1191,0.48,1.1327,6
1579583991.728,0.52,1.1145,0.48,1.1211,6
1579583992.728,0.5,1.1228,0.46,1.1404,6
1579583993.874,0.49,1.126,0.48,1.12,7
1579583994.863,0.48,1.1334,0.45,1.1478,7
1579583995.956,0.48,1.1327,0.44,1.1354,7
1579583997.146,0.49,1.1376,0.5,1.1226,7
1579583998.306,0.48,1.1278,0.49,1.1085,7
1579583999.277,0.51,1.1004,0.45,1.151,7
1579584000.434,0.49,1.1247,0.45,1.1313,7
1579584001.405,0.5,1.1033,0.46,1.1123,7
1579584002.53,0.5,1.1113,0.49,1.108,7
1579584003.608,0.51,1.1061,0.46,1.1162,7
1579584004.719,0.52,1.0959,0.46,1.1168,7
1579584005.708,0.52,1.1015,0.52,1.0947,7
1579584006.738,0.53,1.0959,0.47,1.0937,8
1579584007.855,0.52,1.1013,0.53,1.0929,8
1579584009.081,0.51,1.0968,0.44,1.1078,8
1579584010.305,0.51,1.1134,0.52,1.0883,8
1579584011.468,0.54,1.0789,0.51,1.0853,8
1579584012.471,0.53,1.0823,0.51,1.0832,8
1579584013.547,0.52,1.0916,0.46,1.102,8
1579584014.597,0.52,1.0838,0.48,1.099,8
1579584015.757,0.53,1.0824,0.52,1.0838,8
1579584016.866,0.53,1.0806,0.54,1.0838,8
1579584018.038,0.53,1.0768,0.5,1.081,8
1579584019.118,0.53,1.075,0.48,1.0854,8
1579584020.365,0.53,1.0864,0.52,1.0709,9
1579584021.348,0.54,1.0752,0.51,1.0711,9
1579584022.517,0.51,1.0856,0.52,1.0737,9
1579584023.587,0.53,1.0881,0.51,1.0767,9
1579584024.628,0.54,1.0638,0.52,1.0744,9
1579584025.696,0.54,1.0569,0.5,1.0778,9
1579584026.859,0.53,1.0748,0.5,1.0903,9
1579584027.987,0.53,1.0659,0.49,1.0872,9
1579584029.142,0.54,1.0648,0.5,1.074,9
1579584030.26,0.53,1.0631,0.51,1.0702,9
1579584031.373,0.55,1.0593,0.52,1.077,9
1579584032.277,0.54,1.0673,0.52,1.0785,9
1579584033.298,0.53,1.0795,0.52,1.0644,10
1579584034.294,0.54,1.0642,0.5,1.082,10
1579584035.261,0.52,1.0806,0.5,1.0834,10
1579584036.247,0.52,1.0935,0.49,1.0669,10
1579584037.426,0.54,1.0542,0.51,1.0865,10
1579584038.573,0.54,1.0582,0.53,1.081,10
1579584039.648,0.54,1.0647,0.52,1.0865,10
1579584040.738,0.54,1.0607,0.53,1.0787,10
1579584041.79,0.54,1.0581,0.52,1.0724,10
1579584042.777,0.53,1.0572,0.51,1.0683,10
1579584043.757,0.54,1.0588,0.55,1.0576,10
1579584044.815,0.55,1.0492,0.51,1.0588,10
1579584045.883,0.54,1.0595,0.5,1.0552,11
1579584047.065,0.55,1.0522,0.55,1.0607,11
1579584048.265,0.54,1.0616,0.54,1.0592,11
1579584049.342,0.54,1.0638,0.51,1.0619,11
1579584050.385,0.54,1.0441,0.51,1.0639,11
1579584051.521,0.55,1.032,0.49,1.0764,11
1579584052.666,0.54,1.0524,0.53,1.0693,11
1579584053.706,0.55,1.0403,0.51,1.0656,11
1579584054.791,0.55,1.044,0.52,1.0645,11
1579584055.858,0.55,1.0398,0.53,1.0577,11
1579584056.929,0.55,1.0384,0.55,1.0492,11
1579584057.841,0.56,1.0356,0.51,1.047,11
1579584059.036,0.55,1.0453,0.54,1.0475,12
1579584060.036,0.56,1.0385,0.55,1.0536,12
1579584061.248,0.55,1.0495,0.55,1.0493,12
1579584062.377,0.54,1.0515,0.51,1.0553,12
1579584063.521,0.56,1.0297,0.53,1.0635,12
1579584064.71,0.56,1.0197,0.54,1.0622,12
1579584065.728,0.55,1.0367,0.53,1.059,12
1579584066.896,0.56,1.0282,0.53,1.0613,12
1579584067.882,0.55,1.0305,0.56,1.049,12
1579584068.846,0.55,1.0257,0.55,1.0453,12
1579584070.039,0.56,1.0242,0.54,1.052,12
1579584070.996,0.56,1.0316,0.53,1.0539,12
1579584072.221,0.55,1.0502,0.55,1.0532,13
1579584073.403,0.56,1.0303,0.56,1.0534,13
1579584074.379,0.55,1.0424,0.53,1.0543,13
1579584075.474,0.54,1.0559,0.52,1.0574,13
1579584076.503,0.56,1.0184,0.53,1.0649,13
1579584077.602,0.57,1.013,0.53,1.059,13
1579584078.654,0.56,1.0361,0.56,1.0548,13
1579584079.625,0.56,1.0198,0.54,1.0619,13
1579584080.614,0.56,1.0261,0.52,1.0427,13
1579584081.635,0.55,1.023,0.53,1.0421,13
1579584082.835,0.56,1.0213,0.55,1.0527,13
1579584083.707,0.56,1.0279,0.55,1.0448,13
1579584084.706,0.56,1.0352,0.54,1.0453,14
1579584085.734,0.57,1.0251,0.53,1.0665,14
1579584086.794,0.55,1.0432,0.55,1.0463,14
1579584087.794,0.55,1.0384,0.53,1.0514,14
1579584088.766,0.56,1.019,0.53,1.059,14
1579584089.755,0.57,1.0032,0.54,1.0545,14
1579584090.741,0.57,1.0227,0.55,1.0482,14
1579584091.786,0.56,1.0216,0.55,1.0405,14
1579584092.816,0.56,1.0157,0.54,1.0615,14
1579584093.9,0.55,1.0307,0.54,1.0347,14
1579584094.96,0.56,1.0177,0.54,1.036,14
1579584095.815,0.57,1.0158,0.53,1.0373,14
1579584096.862,0.57,1.0225,0.54,1.0447,15
1579584098.082,0.57,1.0183,0.55,1.0453,15
1579584099.053,0.56,1.0301,0.51,1.0409,15
1579584100.245,0.55,1.0292,0.54,1.0548,15
1579584101.339,0.56,1.011,0.54,1.0541,15
1579584102.455,0.57,0.9957,0.55,1.0443,15
1579584103.534,0.57,1.0119,0.52,1.0437,15
1579584104.714,0.57,1.0103,0.55,1.0538,15
1579584105.86,0.56,1.0135,0.52,1.0367,15
1579584107.023,0.57,1.0035,0.52,1.0368,15
1579584108.188,0.57,1.0092,0.54,1.0456,15
1579584109.047,0.57,1.0117,0.54,1.0313,15
1579584110.023,0.57,1.0109,0.52,1.0353,16
1579584110.998,0.57,1.0101,0.55,1.0591,16
1579584112.206,0.56,1.0298,0.55,1.0385,16
1579584113.242,0.56,1.0206,0.52,1.0448,16
1579584114.395,0.57,1.0046,0.55,1.057,16
1579584115.4,0.57,0.994,0.56,1.0445,16
1579584116.523,0.57,1.0063,0.53,1.0397,16
1579584117.714,0.57,1.0095,0.54,1.0406,16
1579584118.692,0.57,1.0065,0.54,1.0517,16
1579584119.725,0.57,1.009,0.53,1.0333,16
1579584120.738,0.57,1.0063,0.55,1.0329,16
1579584121.643,0.57,0.9993,0.55,1.0387,16
1579584122.754,0.57,1.0076,0.53,1.0351,17
1579584123.946,0.58,1.0019,0.56,1.0401,17
1579584124.907,0.57,1.0152,0.55,1.0421,17
1579584125.867,0.57,1.0149,0.52,1.0483,17
1579584126.838,0.58,0.993,0.53,1.0448,17
1579584127.805,0.58,0.9812,0.53,1.0437,17
1579584128.927,0.57,0.9996,0.53,1.039,17
1579584130.097,0.57,0.9968,0.55,1.0333,17
1579584131.324,0.57,0.9977,0.55,1.0308,17
1579584132.319,0.57,0.9912,0.54,1.0283,17
1579584133.353,0.58,0.9931,0.53,1.0294,17
1579584134.368,0.58,0.9913,0.54,1.0288,17
1579584135.585,0.58,1.002,0.54,1.0378,18
1579584136.675,0.57,0.9975,0.55,1.0425,18
1579584137.698,0.57,1.0093,0.54,1.0377,18
1579584138.722,0.57,1.0123,0.53,1.0466,18
1579584139.753,0.58,0.988,0.57,1.0517,18
1579584140.739,0.58,0.9776,0.53,1.0393,18
1579584141.735,0.58,0.994,0.54,1.0343,18
1579584142.785,0.57,0.9923,0.56,1.0392,18
1579584143.791,0.57,0.994,0.55,1.0303,18
1579584145.015,0.57,0.9887,0.54,1.026,18
1579584146.035,0.58,0.9933,0.56,1.0383,18
1579584147.119,0.58,0.9916,0.56,1.0309,18
1579584148.305,0.57,0.9998,0.53,1.0323,19
1579584149.264,0.58,0.9942,0.56,1.0515,19
1579584150.256,0.56,1.011,0.54,1.0361,19
1579584151.442,0.57,1.0093,0.55,1.0447,19
1579584152.565,0.58,0.9915,0.57,1.0519,19
1579584153.771,0.58,0.9742,0.56,1.0486,19
1579584154.788,0.58,0.9972,0.54,1.036,19
1579584155.775,0.57,1.0017,0.56,1.0275,19
1579584156.789,0.58,0.985,0.55,1.0352,19
1579584157.805,0.57,0.9912,0.57,1.0214,19
1579584158.79,0.58,0.9921,0.56,1.0191,19
1579584159.74,0.58,0.9817,0.56,1.0364,19
1579584160.772,0.57,1.0042,0.56,1.031,20
1579584161.936,0.58,0.9936,0.54,1.0286,20
1579584163.124,0.57,0.9979,0.55,1.0393,20
1579584164.108,0.57,1.01,0.54,1.0464,20
1579584165.305,0.59,0.9809,0.53,1.0387,20
1579584166.294,0.59,0.967,0.57,1.0494,20
1579584167.442,0.58,0.9908,0.56,1.0418,20
1579584168.662,0.58,0.9846,0.55,1.0256,20
1579584169.796,0.58,0.9836,0.56,1.0234,20
1579584170.766,0.58,0.9774,0.56,1.0219,20
1579584171.735,0.58,0.9813,0.55,1.0184,20
1579584172.804,0.59,0.9773,0.55,1.0239,20
1579584173.792,0.58,0.9928,0.55,1.0392,21
1579584174.918,0.58,0.9871,0.55,1.0316,21
1579584175.985,0.58,0.9926,0.54,1.0341,21
1579584177.193,0.58,0.9999,0.53,1.0482,21
1579584178.352,0.59,0.9722,0.55,1.0417,21
1579584179.453,0.59,0.9607,0.56,1.0371,21
1579584180.48,0.58,0.9807,0.56,1.0369,21
1579584181.48,0.58,0.9799,0.58,1.0267,21
1579584182.608,0.58,0.9784,0.57,1.0182,21
1579584183.672,0.59,0.9724,0.59,1.0163,21
1579584184.647,0.58,0.9776,0.57,1.0199,21
1579584185.575,0.59,0.9743,0.56,1.0206,21
1579584186.546,0.58,0.9905,0.55,1.0305,22
1579584187.571,0.58,0.9838,0.58,1.029,22
1579584188.789,0.58,0.9901,0.56,1.0253,22
1579584189.86,0.58,0.9954,0.55,1.0411,22
1579584190.847,0.59,0.9719,0.56,1.0353,22
1579584191.819,0.59,0.959,0.56,1.0302,22
1579584192.875,0.59,0.9753,0.55,1.0294,22
1579584193.856,0.58,0.9781,0.57,1.0241,22
1579584194.967,0.58,0.9781,0.57,1.0185,22
1579584195.934,0.59,0.9683,0.58,1.0161,22
1579584196.943,0.58,0.976,0.57,1.0229,22
1579584197.799,0.59,0.9711,0.57,1.0218,22
1579584199.061,0.59,0.9845,0.57,1.0298,23
1579584200.029,0.58,0.9798,0.57,1.0343,23
1579584201.09,0.58,0.988,0.56,1.0273,23
1579584202.087,0.58,0.9924,0.55,1.0411,23
1579584203.331,0.59,0.9698,0.57,1.0367,23
1579584204.469,0.59,0.9541,0.57,1.0337,23
1579584205.637,0.58,0.9738,0.56,1.0303,23
1579584206.746,0.58,0.9773,0.58,1.0249,23
1579584207.861,0.59,0.9732,0.57,1.0124,23
1579584208.924,0.59,0.9631,0.59,1.0134,23
1579584210.007,0.59,0.9732,0.57,1.0169,23
1579584211.071,0.59,0.9663,0.58,1.0218,23
1579584212.151,0.59,0.986,0.56,1.0281,24
1579584213.172,0.58,0.9794,0.58,1.0255,24
1579584214.227,0.58,0.9823,0.56,1.0246,24
1579584215.246,0.58,0.993,0.57,1.0378,24
1579584216.214,0.59,0.9673,0.58,1.0304,24
1579584217.308,0.6,0.9503,0.55,1.0345,24
1579584218.481,0.58,0.9758,0.57,1.0261,24
1579584219.642,0.58,0.973,0.57,1.0278,24
1579584220.659,0.58,0.9717,0.55,1.0122,24
1579584221.695,0.59,0.9637,0.58,1.0117,24
1579584222.779,0.59,0.9666,0.55,1.0243,24
1579584223.809,0.59,0.972,0.57,1.0351,24
1579584224.975,0.58,0.9989,0.57,1.0164,25
1579584225.96,0.59,0.9682,0.55,1.0594,25
1579584227.072,0.57,1.0097,0.56,1.03,25
1579584228.262,0.58,1.0077,0.53,1.0218,25
1579584229.43,0.6,0.9657,0.54,1.0611,25
1579584230.629,0.59,0.9804,0.58,1.0147,25
1579584231.739,0.59,0.9675,0.57,1.0315,25
1579584232.843,0.58,0.9878,0.57,1.0154,25
1579584233.83,0.59,0.9735,0.54,1.0418,25
1579584234.806,0.58,0.9857,0.56,1.0108,25
1579584235.888,0.59,0.9646,0.58,1.0179,25
1579584236.949,0.59,0.9725,0.58,1.0069,25
1579584238.166,0.59,0.974,0.58,1.0131,26
1579584239.128,0.59,0.9688,0.56,1.0339,26
1579584240.113,0.58,0.9914,0.58,1.0081,26
1579584241.325,0.58,0.9828,0.56,1.0142,26
1579584242.528,0.6,0.9644,0.57,1.0248,26
1579584243.742,0.59,0.9541,0.57,1.0277,26
1579584244.727,0.59,0.9762,0.56,1.0084,26
1579584245.861,0.59,0.9701,0.56,1.025,26
1579584246.9,0.58,0.9847,0.57,1.0077,26
1579584247.912,0.59,0.9556,0.53,1.0241,26
1579584248.88,0.59,0.9748,0.58,1.0085,26
1579584249.887,0.6,0.9554,0.57,1.0222,26
1579584250.867,0.58,0.9831,0.55,1.0098,27
1579584251.857,0.59,0.9701,0.56,1.0396,27
1579584252.825,0.58,0.9945,0.56,1.0089,27
1579584253.81,0.58,0.98,0.55,1.0189,27
1579584254.924,0.6,0.9698,0.57,1.0101,27
1579584256.021,0.6,0.9499,0.56,1.0232,27
1579584257.001,0.59,0.9716,0.56,1.0082,27
1579584257.99,0.59,0.9694,0.56,1.0053,27
1579584259.207,0.59,0.967,0.56,1.0083,27
1579584260.42,0.59,0.9603,0.59,1.0076,27
1579584261.443,0.6,0.9592,0.58,1.0149,27
1579584262.463,0.59,0.9654,0.57,1.0108,27
1579584263.655,0.59,0.9645,0.58,1.0178,28
1579584264.828,0.59,0.9679,0.58,1.0092,28
1579584265.819,0.59,0.9711,0.55,1.0217,28
1579584266.977,0.58,0.9879,0.55,1.0035,28
1579584268.093,0.61,0.9437,0.57,1.0114,28
1579584269.134,0.6,0.9483,0.58,1.0057,28
1579584270.16,0.6,0.9558,0.58,1.0125,28
1579584271.252,0.59,0.9661,0.58,1.0023,28
1579584272.299,0.59,0.9566,0.57,1.0023,28
1579584273.45,0.6,0.9516,0.58,1.0013,28
1579584274.531,0.6,0.955,0.58,1.0126,28
1579584275.539,0.6,0.9554,0.57,1.0054,28
1579584276.572,0.59,0.9548,0.59,1.0145,29
1579584277.57,0.6,0.9585,0.58,1.0076,29
1579584278.64,0.59,0.9651,0.55,1.0058,29
1579584279.746,0.58,0.9762,0.6,0.9971,29
1579584280.93,0.61,0.942,0.59,1.003,29
1579584282.041,0.6,0.9414,0.59,0.9941,29
1579584283.103,0.6,0.9519,0.59,0.9965,29
1579584284.085,0.59,0.959,0.59,1.0025,29
1579584285.307,0.59,0.957,0.61,0.9927,29
1579584286.403,0.6,0.9466,0.61,0.9967,29
1579584287.429,0.6,0.9543,0.55,1.012,29
1579584288.389,0.6,0.9509,0.58,1.0081,29
1579584289.484,0.6,0.9572,0.58,1.008,30
1579584290.54,0.6,0.953,0.57,1.0108,30
1579584291.54,0.59,0.9675,0.59,0.9943,30
1579584292.732,0.59,0.9709,0.59,0.9943,30
1579584293.787,0.61,0.9421,0.6,1.002,30
1579584294.983,0.6,0.9397,0.59,0.9939,30
1579584296.193,0.6,0.9521,0.58,0.9932,30
1579584297.33,0.59,0.9571,0.59,1.006,30
1579584298.495,0.59,0.9607,0.6,0.9915,30
1579584299.476,0.6,0.9443,0.58,0.9995,30
1579584300.503,0.59,0.9575,0.55,1.0067,30
1579584301.454,0.6,0.9449,0.57,1.0117,30
1579584302.587,0.59,0.9576,0.58,1.0111,31
1579584303.655,0.59,0.959,0.56,1.0235,31
1579584304.825,0.59,0.9753,0.6,0.9953,31
1579584305.816,0.59,0.9653,0.57,1.0138,31
1579584306.802,0.6,0.9594,0.58,1.0003,31
1579584307.792,0.6,0.9336,0.56,1.0143,31
1579584308.992,0.6,0.9593,0.58,1.0002,31
1579584310.065,0.59,0.9613,0.58,0.9975,31
1579584311.031,0.6,0.9559,0.59,1.0001,31
1579584311.977,0.59,0.9456,0.59,1.001,31
1579584312.951,0.6,0.9542,0.6,0.9912,31
1579584313.805,0.6,0.9385,0.57,1.0118,31
1579584315.041,0.59,0.9625,0.58,0.9999,32
1579584316.136,0.6,0.9463,0.57,1.0091,32
1579584317.296,0.59,0.9673,0.58,0.9972,32
1579584318.505,0.59,0.963,0.6,1.004,32
1579584319.704,0.61,0.9395,0.57,0.9933,32
1579584320.822,0.61,0.9269,0.58,1.0086,32
1579584321.844,0.6,0.9504,0.57,1.0011,32
1579584323.03,0.59,0.9476,0.56,0.9975,32
1579584324.182,0.6,0.9538,0.59,0.989,32
1579584325.25,0.6,0.9361,0.58,0.999,32
1579584326.371,0.61,0.9484,0.58,0.9843,32
1579584327.381,0.61,0.9328,0.58,0.9979,32
1579584328.399,0.6,0.9514,0.59,0.9948,33
1579584329.387,0.6,0.9437,0.57,1.0001,33
1579584330.542,0.6,0.9624,0.6,0.9838,33
1579584331.589,0.59,0.9575,0.6,0.9971,33
1579584332.744,0.61,0.9371,0.59,0.9869,33
1579584333.827,0.61,0.9236,0.59,0.997,33
1579584335.023,0.6,0.9455,0.57,0.9968,33
1579584336.078,0.6,0.9452,0.56,0.9991,33
1579584337.257,0.6,0.9498,0.62,0.9888,33
1579584338.244,0.6,0.9348,0.59,0.9975,33
1579584339.418,0.61,0.9472,0.6,0.9868,33
1579584340.411,0.61,0.9284,0.57,0.9991,33
1579584341.552,0.6,0.9503,0.59,0.9903,34
1579584342.597,0.6,0.9412,0.55,0.996,34
1579584343.666,0.6,0.9593,0.6,0.9763,34
1579584344.888,0.59,0.9556,0.61,0.9906,34
1579584345.846,0.61,0.9347,0.6,0.9827,34
1579584346.806,0.61,0.9217,0.59,0.991,34
1579584347.865,0.61,0.9427,0.57,0.9931,34
1579584348.998,0.6,0.9439,0.57,0.9993,34
1579584349.972,0.6,0.9491,0.61,0.9866,34
1579584350.974,0.6,0.933,0.59,0.9964,34
1579584351.964,0.6,0.9454,0.61,0.9891,34
1579584352.942,0.61,0.9262,0.57,1.001,34
1579584354.121,0.6,0.9481,0.59,0.9939,35
1579584355.356,0.6,0.9397,0.56,0.9982,35
1579584356.459,0.59,0.957,0.59,0.9771,35
1579584357.655,0.59,0.9525,0.61,0.9921,35
1579584358.67,0.61,0.9324,0.61,0.9806,35
1579584359.805,0.61,0.9191,0.61,0.988,35
1579584360.817,0.6,0.9402,0.58,0.9909,35
1579584361.823,0.6,0.9403,0.57,0.9975,35
1579584362.864,0.6,0.948,0.6,0.9829,35
1579584363.846,0.61,0.9302,0.58,0.9967,35
1579584364.969,0.61,0.9443,0.63,0.9849,35
1579584365.819,0.61,0.9237,0.59,0.9993,35
1579584366.786,0.6,0.9466,0.58,0.9952,36
1579584367.925,0.6,0.94,0.57,0.9951,36
1579584368.894,0.6,0.9563,0.63,0.974,36
1579584369.974,0.6,0.9499,0.59,0.9918,36
1579584371.078,0.61,0.9316,0.59,0.974,36
1579584372.26,0.61,0.9174,0.61,0.9829,36
1579584373.235,0.6,0.9374,0.59,0.9896,36
1579584374.384,0.6,0.9368,0.59,0.9945,36
1579584375.475,0.6,0.9451,0.62,0.9811,36
1579584376.478,0.61,0.9236,0.62,0.996,36
1579584377.554,0.61,0.9391,0.62,0.9832,36
1579584378.476,0.62,0.9216,0.59,0.995,36
1579584379.591,0.6,0.9407,0.59,0.9923,37
1579584380.787,0.6,0.9343,0.57,0.9932,37
1579584381.799,0.6,0.9537,0.63,0.9744,37
1579584382.937,0.6,0.9479,0.58,0.9876,37
1579584383.886,0.61,0.9243,0.59,0.9748,37
1579584385.004,0.61,0.9154,0.6,0.9817,37
1579584385.975,0.6,0.9356,0.61,0.9832,37
1579584387.157,0.6,0.9311,0.6,0.9946,37
1579584388.366,0.6,0.9431,0.6,0.9815,37
1579584389.503,0.61,0.9225,0.61,0.9967,37
1579584390.595,0.61,0.9362,0.63,0.9825,37
1579584391.599,0.62,0.9189,0.6,0.9971,37
1579584392.675,0.61,0.9403,0.6,0.9935,38
1579584393.738,0.6,0.9324,0.57,0.9919,38
1579584394.767,0.6,0.9523,0.62,0.9746,38
1579584395.774,0.6,0.9465,0.57,0.988,38
1579584396.995,0.62,0.9211,0.6,0.9762,38
1579584398.014,0.61,0.9141,0.59,0.9834,38
1579584399.223,0.61,0.9332,0.61,0.9805,38
1579584400.387,0.6,0.9278,0.6,0.993,38
1579584401.402,0.61,0.9395,0.6,0.9818,38
1579584402.41,0.61,0.9204,0.61,0.9922,38
1579584403.446,0.61,0.9316,0.62,0.9813,38
1579584404.388,0.62,0.9178,0.62,0.9946,38
1579584405.523,0.61,0.9367,0.6,0.9968,39
1579584406.625,0.6,0.9338,0.58,0.986,39
1579584407.787,0.6,0.9475,0.59,0.9784,39
1579584408.897,0.6,0.9512,0.58,0.984,39
1579584410.028,0.62,0.9176,0.58,0.982,39
1579584411.088,0.61,0.9166,0.6,0.9791,39
1579584412.275,0.61,0.9269,0.6,0.9834,39
1579584413.475,0.6,0.9329,0.58,0.9868,39
1579584414.483,0.61,0.9326,0.62,0.9859,39
1579584415.598,0.61,0.9255,0.61,0.9839,39
1579584416.802,0.61,0.9244,0.61,0.9903,39
1579584417.822,0.62,0.9288,0.62,0.9864,39
1579584418.857,0.61,0.928,0.58,1.0154,40
1579584419.829,0.6,0.9482,0.62,0.9829,40
1579584420.864,0.6,0.9425,0.58,1.0028,40
1579584421.853,0.59,0.9717,0.6,0.9691,40
1579584423.083,0.62,0.9071,0.58,0.9925,40
1579584424.041,0.61,0.9273,0.63,0.9761,40
1579584425.264,0.61,0.9233,0.58,0.9814,40
1579584426.287,0.6,0.9406,0.6,0.9747,40
1579584427.282,0.6,0.9294,0.61,0.9712,40
1579584428.49,0.61,0.9188,0.58,0.9756,40
1579584429.642,0.61,0.9302,0.64,0.9795,40
1579584430.657,0.62,0.9176,0.63,0.976,40
1579584431.684,0.61,0.9243,0.61,0.9857,41
1579584432.64,0.61,0.9191,0.59,1.0053,41
1579584433.668,0.6,0.9479,0.61,0.9857,41
1579584434.856,0.59,0.9535,0.6,0.9942,41
1579584435.837,0.61,0.9226,0.62,0.9754,41
1579584436.811,0.62,0.9052,0.59,0.9911,41
1579584437.783,0.6,0.9397,0.57,1.0045,41
1579584438.831,0.59,0.944,0.59,0.9749,41
1579584439.819,0.61,0.9285,0.61,0.9745,41
1579584440.814,0.61,0.9233,0.63,0.9861,41
1579584441.812,0.61,0.9321,0.61,0.9743,41
1579584442.817,0.62,0.9053,0.61,0.9805,41
1579584443.94,0.61,0.9249,0.56,0.9961,42
1579584445.162,0.61,0.9272,0.6,0.9877,42
1579584446.348,0.61,0.9292,0.57,0.989,42
1579584447.355,0.6,0.9476,0.61,0.9858,42
1579584448.429,0.62,0.9058,0.62,0.9866,42
1579584449.521,0.62,0.9071,0.59,0.981,42
1579584450.702,0.61,0.9204,0.6,0.9828,42
1579584451.702,0.61,0.9195,0.6,0.992,42
1579584452.779,0.61,0.9318,0.6,0.98,42
1579584453.754,0.62,0.9177,0.59,0.9732,42
1579584454.728,0.62,0.914,0.63,0.984,42
1579584455.592,0.62,0.9135,0.62,0.9766,42
1579584456.805,0.62,0.9157,0.61,0.9804,43
1579584457.819,0.61,0.9193,0.55,0.9996,43
1579584459.034,0.6,0.9407,0.64,0.9748,43
1579584460.121,0.61,0.9321,0.59,0.9892,43
1579584461.18,0.61,0.9176,0.63,0.9924,43
1579584462.218,0.61,0.9108,0.6,0.9835,43
1579584463.199,0.62,0.9125,0.58,0.9903,43
1579584464.387,0.6,0.9341,0.57,0.9908,43
1579584465.377,0.61,0.9297,0.61,0.9764,43
1579584466.534,0.61,0.9065,0.6,0.9841,43
1579584467.55,0.61,0.9242,0.6,0.9751,43
1579584468.48,0.62,0.9051,0.6,0.9845,43
1579584469.55,0.61,0.9213,0.58,0.9866,44
1579584470.522,0.61,0.922,0.58,0.9877,44
1579584471.494,0.6,0.9301,0.61,0.9844,44
1579584472.646,0.6,0.9382,0.6,0.986,44
1579584473.695,0.62,0.9057,0.59,0.9842,44
1579584474.687,0.62,0.9016,0.61,0.9908,44
1579584475.775,0.61,0.9161,0.6,0.9828,44
1579584476.873,0.61,0.9134,0.59,0.9892,44
1579584477.941,0.61,0.9245,0.59,0.9784,44
1579584478.913,0.61,0.9064,0.62,0.9746,44
1579584479.876,0.62,0.9061,0.6,0.9749,44
1579584480.788,0.62,0.9055,0.6,0.9756,44
1579584481.844,0.61,0.9122,0.59,0.9786,45
1579584483.003,0.62,0.9107,0.58,0.9849,45
1579584484.225,0.61,0.9255,0.58,0.9794,45
1579584485.409,0.61,0.9365,0.62,0.9778,45
1579584486.393,0.63,0.8973,0.6,0.9838,45
1579584487.52,0.62,0.9011,0.58,0.9765,45
1579584488.504,0.62,0.909,0.61,0.9786,45
1579584489.676,0.61,0.9117,0.58,0.9907,45
1579584490.717,0.62,0.9237,0.62,0.9793,45
1579584491.885,0.62,0.907,0.63,0.9704,45
1579584492.862,0.63,0.9029,0.64,0.9809,45
1579584493.747,0.62,0.9084,0.62,0.9741,45
1579584494.914,0.62,0.9089,0.61,0.9816,46
1579584495.873,0.62,0.9101,0.57,0.9878,46
1579584497.002,0.61,0.9254,0.61,0.9813,46
1579584497.973,0.6,0.9396,0.59,0.9716,46
1579584499.201,0.63,0.8939,0.6,0.9874,46
1579584500.174,0.61,0.9085,0.65,0.9693,46
1579584501.211,0.62,0.9024,0.6,0.9784,46
1579584502.405,0.61,0.9162,0.58,0.9921,46
1579584503.531,0.61,0.924,0.62,0.9805,46
1579584504.567,0.62,0.9058,0.61,0.9703,46
1579584505.573,0.63,0.9027,0.62,0.9892,46
1579584506.591,0.62,0.9147,0.64,0.9666,46
1579584507.789,0.62,0.9001,0.61,0.9858,47
1579584508.762,0.62,0.917,0.61,0.9853,47
1579584509.72,0.61,0.9272,0.63,0.9764,47
1579584510.939,0.61,0.937,0.6,0.9707,47
1579584511.968,0.62,0.8989,0.59,0.9904,47
1579584513.112,0.61,0.9105,0.65,0.9686,47
1579584514.087,0.62,0.8967,0.59,0.9814,47
1579584515.085,0.61,0.9226,0.58,0.9887,47
1579584516.065,0.61,0.9175,0.63,0.9789,47
1579584517.082,0.62,0.8992,0.58,0.9851,47
1579584518.046,0.61,0.9148,0.62,0.9834,47
1579584518.897,0.62,0.906,0.62,0.968,47
1579584520.086,0.62,0.8987,0.6,0.9896,48
1579584521.144,0.62,0.9194,0.61,0.9774,48
1579584522.118,0.61,0.9189,0.61,0.9727,48
1579584523.183,0.61,0.9282,0.6,0.9726,48
1579584524.374,0.62,0.8985,0.6,0.9747,48
1579584525.534,0.62,0.8941,0.63,0.9828,48
1579584526.533,0.62,0.9054,0.61,0.9749,48
1579584527.633,0.62,0.9095,0.59,0.9813,48
1579584528.672,0.61,0.9142,0.6,0.9758,48
1579584529.671,0.62,0.8971,0.59,0.9733,48
1579584530.7,0.63,0.8981,0.62,0.9715,48
1579584531.63,0.63,0.8913,0.64,0.9673,48
1579584532.73,0.62,0.8949,0.61,0.9714,49
1579584533.771,0.62,0.8955,0.61,0.9755,49
1579584534.756,0.61,0.9121,0.62,0.9673,49
1579584535.864,0.61,0.9191,0.59,0.9659,49
1579584537.024,0.63,0.8828,0.6,0.9721,49
1579584538.235,0.63,0.887,0.61,0.9767,49
1579584539.381,0.62,0.8955,0.61,0.9742,49
1579584540.424,0.62,0.8995,0.6,0.9811,49
1579584541.551,0.62,0.9088,0.59,0.9714,49
1579584542.656,0.62,0.8915,0.6,0.9684,49
1579584543.788,0.63,0.8935,0.61,0.9692,49
1579584544.647,0.63,0.8869,0.64,0.965,49
1579584545.672,0.62,0.8903,0.62,0.9732,50
1579584546.712,0.62,0.8937,0.62,0.9761,50
1579584547.864,0.61,0.9096,0.64,0.9679,50
1579584548.837,0.61,0.9156,0.59,0.964,50
1579584549.972,0.63,0.8811,0.62,0.9679,50
1579584550.956,0.62,0.8832,0.63,0.968,50
1579584552.169,0.63,0.8871,0.6,0.9737,50
1579584553.162,0.62,0.8972,0.61,0.9784,50
1579584554.204,0.62,0.9049,0.6,0.9694,50
1579584555.401,0.62,0.8896,0.62,0.9655,50
1579584556.424,0.63,0.8901,0.62,0.9646,50
1579584557.404,0.63,0.8795,0.62,0.9735,50
1579584558.401,0.62,0.8926,0.63,0.9772,51
1579584559.388,0.62,0.8937,0.61,0.9713,51
1579584560.378,0.62,0.9032,0.64,0.9603,51
1579584561.481,0.61,0.9103,0.61,0.9616,51
1579584562.584,0.63,0.8838,0.61,0.9582,51
1579584563.571,0.63,0.8766,0.64,0.9652,51
1579584564.617,0.63,0.8815,0.63,0.9772,51
1579584565.697,0.62,0.896,0.61,0.9754,51
1579584566.785,0.62,0.8976,0.64,0.97,51
1579584568.025,0.62,0.8851,0.62,0.9685,51
1579584569.004,0.64,0.8867,0.63,0.9645,51
1579584569.925,0.64,0.8695,0.62,0.9719,51
1579584570.921,0.63,0.8852,0.62,0.9745,52
1579584571.958,0.62,0.8868,0.63,0.9692,52
1579584572.981,0.63,0.8983,0.61,0.9609,52
1579584573.969,0.62,0.9057,0.63,0.9618,52
1579584575.074,0.64,0.8776,0.64,0.9627,52
1579584576.225,0.63,0.8738,0.63,0.9711,52
1579584577.412,0.63,0.878,0.63,0.9786,52
1579584578.541,0.62,0.8913,0.62,0.9775,52
1579584579.743,0.63,0.8946,0.61,0.971,52
1579584580.892,0.63,0.8839,0.62,0.9671,52
1579584581.9,0.64,0.8844,0.63,0.9633,52
1579584582.78,0.64,0.8665,0.61,0.975,52
1579584583.831,0.63,0.884,0.63,0.9778,53
1579584584.98,0.62,0.8869,0.62,0.9675,53
1579584585.967,0.62,0.8986,0.63,0.9554,53
1579584586.942,0.62,0.9052,0.61,0.9559,53
1579584588.043,0.64,0.8751,0.66,0.9588,53
1579584589.009,0.63,0.8704,0.64,0.9696,53
1579584590.193,0.64,0.8743,0.62,0.9757,53
1579584591.168,0.63,0.8902,0.62,0.9835,53
1579584592.203,0.62,0.8997,0.57,0.9771,53
1579584593.286,0.62,0.8912,0.66,0.9672,53
1579584594.281,0.63,0.8852,0.61,0.9636,53
1579584595.332,0.64,0.8623,0.62,0.9868,53
1579584596.445,0.62,0.8895,0.62,1.0013,54
1579584597.543,0.62,0.9039,0.59,0.9786,54
1579584598.542,0.62,0.9053,0.62,0.9584,54
1579584599.6,0.62,0.9036,0.63,0.9601,54
1579584600.691,0.64,0.8716,0.63,0.9725,54
1579584601.744,0.63,0.8758,0.63,0.9829,54
1579584602.797,0.64,0.8782,0.64,0.9784,54
1579584604.009,0.63,0.8853,0.64,0.9754,54
1579584605.042,0.63,0.8872,0.63,0.9704,54
1579584606.035,0.63,0.8762,0.63,0.9678,54
1579584607.025,0.64,0.8787,0.64,0.9679,54
1579584608.095,0.64,0.8668,0.62,0.9711,54
1579584609.173,0.63,0.8782,0.64,0.9689,55
1579584610.397,0.64,0.8726,0.64,0.9756,55
1579584611.416,0.63,0.8965,0.6,0.9731,55
1579584612.389,0.62,0.9084,0.66,0.9627,55
1579584613.36,0.64,0.8746,0.65,0.9625,55
1579584614.341,0.63,0.8685,0.65,0.9741,55
1579584615.374,0.64,0.8718,0.61,0.9961,55
1579584616.36,0.63,0.8942,0.6,0.9903,55
1579584617.352,0.63,0.8905,0.62,0.9808,55
1579584618.479,0.63,0.8718,0.66,0.9795,55
1579584619.667,0.64,0.8792,0.63,0.974,55
1579584620.602,0.64,0.8602,0.62,0.9729,55
1579584621.668,0.63,0.8722,0.63,0.9737,56
1579584622.798,0.64,0.8727,0.6,0.9709,56
1579584623.797,0.63,0.8886,0.62,0.9637,56
1579584624.974,0.62,0.8951,0.64,0.9638,56
1579584625.982,0.64,0.8648,0.65,0.9658,56
1579584627.157,0.64,0.8633,0.64,0.9703,56
1579584628.352,0.64,0.8654,0.64,0.9762,56
1579584629.488,0.63,0.8792,0.62,0.9798,56
1579584630.652,0.63,0.8818,0.62,0.9788,56
1579584631.833,0.63,0.8747,0.65,0.9693,56
1579584632.981,0.64,0.8711,0.62,0.9675,56
1579584634.042,0.64,0.8543,0.63,0.9761,56
1579584635.066,0.63,0.8731,0.63,0.9853,57
1579584636.072,0.63,0.8758,0.58,0.9804,57
1579584637.167,0.62,0.891,0.64,0.9657,57
1579584638.277,0.63,0.8965,0.61,0.9639,57
1579584639.394,0.64,0.8635,0.67,0.9592,57
1579584640.477,0.64,0.8611,0.65,0.9659,57
1579584641.664,0.64,0.8606,0.62,0.973,57
1579584642.687,0.63,0.8773,0.62,0.9868,57
1579584643.866,0.62,0.889,0.61,0.9777,57
1579584645.065,0.63,0.8804,0.66,0.9667,57
1579584646.27,0.64,0.8751,0.62,0.9596,57
1579584647.312,0.64,0.8515,0.61,0.9857,57
1579584648.54,0.63,0.8809,0.62,1.0076,58
1579584649.727,0.62,0.8932,0.62,0.9789,58
1579584650.841,0.62,0.8888,0.62,0.961,58
1579584651.904,0.63,0.887,0.65,0.9631,58
1579584653.119,0.65,0.8622,0.63,0.9736,58
1579584654.082,0.64,0.8642,0.64,0.971,58
1579584655.296,0.64,0.8596,0.65,0.9759,58
1579584656.478,0.64,0.8726,0.62,0.9813,58
1579584657.623,0.63,0.8776,0.63,0.976,58
1579584658.728,0.64,0.863,0.63,0.9668,58
1579584659.7,0.65,0.8616,0.63,0.9608,58
1579584660.653,0.65,0.8507,0.61,0.9636,58
1579584661.661,0.64,0.867,0.62,0.9638,59
1579584662.756,0.64,0.859,0.6,0.9757,59
1579584663.737,0.63,0.8815,0.57,0.9822,59
1579584664.944,0.62,0.8972,0.65,0.9768,59
1579584665.905,0.64,0.8702,0.64,0.9728,59
1579584666.892,0.64,0.8628,0.63,0.9701,59
1579584668.125,0.64,0.8612,0.64,0.9869,59
1579584669.321,0.63,0.8797,0.6,0.9899,59
1579584670.465,0.64,0.8799,0.59,0.9831,59
1579584671.527,0.64,0.8648,0.64,0.9713,59
1579584672.59,0.65,0.8582,0.62,0.9686,59
1579584673.563,0.64,0.8497,0.6,0.9718,59
1579584674.757,0.64,0.8683,0.64,0.9661,60
1579584675.739,0.64,0.8575,0.61,0.9767,60
1579584676.729,0.63,0.8783,0.57,0.979,60
1579584677.767,0.63,0.8917,0.66,0.9688,60
1579584678.803,0.65,0.8574,0.64,0.965,60
1579584679.818,0.65,0.8562,0.63,0.9607,60
1579584680.841,0.64,0.86,0.65,0.9645,60
1579584681.872,0.63,0.8719,0.63,0.9792,60
1579584683.081,0.64,0.871,0.58,0.9848,60
1579584684.067,0.64,0.8652,0.62,0.9751,60
1579584685.05,0.65,0.8564,0.61,0.9669,60
1579584685.924,0.65,0.8438,0.61,0.9736,60
1579584687.144,0.64,0.8707,0.64,0.9639,61
1579584688.148,0.64,0.8601,0.62,0.9639,61
1579584689.128,0.63,0.8704,0.58,0.9757,61
1579584690.337,0.63,0.8873,0.62,0.9724,61
1579584691.348,0.65,0.8527,0.61,0.9671,61
1579584692.508,0.65,0.8521,0.63,0.9645,61
1579584693.615,0.64,0.8619,0.66,0.9568,61
1579584694.692,0.63,0.8716,0.62,0.9649,61
1579584695.719,0.64,0.8626,0.61,0.9752,61
1579584696.689,0.64,0.8622,0.62,0.9761,61
1579584697.731,0.65,0.858,0.64,0.9646,61
1579584698.754,0.65,0.8394,0.6,0.987,61
1579584700.006,0.63,0.8777,0.63,0.9755,62
1579584700.975,0.63,0.8733,0.64,0.9599,62
1579584701.926,0.64,0.8659,0.57,0.9775,62
1579584702.91,0.63,0.8844,0.6,0.9989,62
1579584703.873,0.64,0.865,0.6,0.9846,62
1579584705.025,0.63,0.8653,0.62,0.976,62
1579584706.124,0.63,0.8718,0.61,0.9622,62
1579584707.305,0.63,0.8797,0.63,0.9606,62
1579584708.45,0.64,0.8675,0.6,0.9638,62
1579584709.568,0.64,0.8598,0.61,0.9745,62
1579584710.547,0.65,0.8615,0.65,0.9884,62
1579584711.404,0.64,0.8639,0.59,0.986,62
1579584712.501,0.63,0.8812,0.63,0.9492,63
1579584713.56,0.64,0.8558,0.64,0.997,63
1579584714.607,0.62,0.9105,0.58,0.9837,63
1579584715.719,0.62,0.9037,0.58,0.9694,63
1579584716.843,0.65,0.8585,0.61,1.0175,63
1579584718.046,0.62,0.8983,0.63,0.9735,63
1579584719.015,0.64,0.8551,0.59,0.989,63
1579584719.998,0.63,0.895,0.65,0.9619,63
1579584721.098,0.63,0.868,0.6,1.0019,63
1579584722.081,0.63,0.891,0.59,0.9615,63
1579584723.324,0.65,0.8577,0.61,0.9764,63
1579584724.271,0.64,0.8604,0.62,0.9612,63
1579584725.508,0.64,0.8606,0.64,0.9655,64
1579584726.482,0.64,0.864,0.64,0.9603,64
1579584727.594,0.63,0.8785,0.59,0.9728,64
1579584728.56,0.63,0.8896,0.65,0.9525,64
1579584729.672,0.65,0.8428,0.64,0.966,64
1579584730.714,0.64,0.8527,0.59,0.9688,64
1579584731.744,0.64,0.858,0.63,0.9711,64
1579584732.738,0.64,0.8686,0.63,0.9643,64
1579584733.778,0.64,0.857,0.62,0.9726,64
1579584734.897,0.64,0.8578,0.61,0.9626,64
1579584735.847,0.65,0.8541,0.61,0.9731,64
1579584736.695,0.65,0.8296,0.61,0.984,64
1579584737.727,0.64,0.8524,0.62,0.9679,65
1579584738.848,0.65,0.847,0.58,0.9579,65
1579584739.829,0.64,0.861,0.6,0.9635,65
1579584740.983,0.63,0.8724,0.65,0.9617,65
1579584742.196,0.65,0.8405,0.61,0.9668,65
1579584743.383,0.65,0.8419,0.61,0.9723,65
1579584744.496,0.65,0.8427,0.64,0.9762,65
1579584745.53,0.64,0.8572,0.61,0.9796,65
1579584746.674,0.65,0.8532,0.6,0.9767,65
1579584747.893,0.65,0.8448,0.63,0.9645,65
1579584748.878,0.65,0.8449,0.62,0.9615,65
1579584749.745,0.66,0.823,0.61,0.9656,65
1579584750.791,0.64,0.8439,0.61,0.9606,66
1579584751.777,0.65,0.8414,0.59,0.9616,66
1579584752.819,0.64,0.8577,0.6,0.9597,66
1579584753.822,0.64,0.8625,0.63,0.952,66
1579584755.036,0.65,0.8323,0.62,0.9571,66
1579584756.026,0.64,0.8414,0.63,0.9511,66
1579584757.082,0.65,0.8361,0.62,0.959,66
1579584758.107,0.64,0.8545,0.64,0.9756,66
1579584759.083,0.65,0.8532,0.6,0.9773,66
1579584760.214,0.64,0.8457,0.62,0.9663,66
1579584761.399,0.65,0.8431,0.64,0.9656,66
1579584762.268,0.65,0.8235,0.63,0.9617,66
1579584763.487,0.65,0.8408,0.63,0.9566,67
1579584764.664,0.65,0.8387,0.59,0.9624,67
1579584765.848,0.65,0.8544,0.59,0.9568,67
1579584766.839,0.64,0.8575,0.62,0.9533,67
1579584767.927,0.66,0.8274,0.61,0.9603,67
1579584769.044,0.65,0.838,0.6,0.9593,67
1579584770.05,0.65,0.836,0.65,0.9628,67
1579584771.02,0.64,0.851,0.62,0.9762,67
1579584772.004,0.65,0.8507,0.61,0.9725,67
1579584773.174,0.65,0.8403,0.61,0.9657,67
1579584774.16,0.66,0.8393,0.63,0.9706,67
1579584775.017,0.65,0.8278,0.63,0.9586,67
1579584776.179,0.65,0.8402,0.63,0.9528,68
1579584777.402,0.65,0.8364,0.61,0.972,68
1579584778.551,0.65,0.8571,0.59,0.975,68
1579584779.662,0.64,0.8637,0.6,0.9672,68
1579584780.82,0.66,0.8349,0.57,0.9888,68
1579584781.864,0.63,0.863,0.63,0.9695,68
1579584782.965,0.64,0.8537,0.58,0.9765,68
1579584783.943,0.63,0.8661,0.64,0.996,68
1579584785.004,0.64,0.8686,0.61,0.9711,68
1579584786.098,0.64,0.8412,0.63,0.964,68
1579584787.163,0.66,0.839,0.64,0.9752,68
1579584788.073,0.65,0.8383,0.61,0.979,68
1579584789.104,0.64,0.8551,0.63,0.9567,69
1579584790.265,0.64,0.8455,0.62,0.9639,69
1579584791.326,0.65,0.8566,0.58,0.9794,69
1579584792.46,0.63,0.8722,0.6,0.9847,69
1579584793.474,0.65,0.8464,0.6,0.9683,69
1579584794.504,0.64,0.8358,0.62,0.9573,69
1579584795.501,0.65,0.8317,0.63,0.9652,69
1579584796.493,0.63,0.8612,0.62,0.9645,69
1579584797.499,0.65,0.8427,0.59,0.9836,69
1579584798.658,0.64,0.8402,0.63,0.9743,69
1579584799.782,0.66,0.8368,0.6,0.9657,69
1579584800.828,0.66,0.8115,0.6,0.9651,69
1579584801.905,0.65,0.8358,0.6,0.9556,70
1579584803.128,0.65,0.8324,0.6,0.9588,70
1579584804.265,0.65,0.8466,0.6,0.976,70
1579584805.414,0.64,0.8573,0.61,0.9652,70
1579584806.546,0.66,0.8201,0.61,0.9593,70
1579584807.666,0.66,0.8208,0.61,0.9581,70
1579584808.684,0.66,0.8252,0.62,0.9557,70
1579584809.69,0.64,0.8444,0.61,0.9633,70
1579584810.677,0.66,0.8371,0.6,0.9798,70
1579584811.733,0.65,0.8334,0.6,0.9729,70
1579584812.767,0.67,0.8268,0.6,0.9717,70
1579584813.615,0.67,0.8043,0.6,0.9688,70
1579584814.598,0.65,0.8294,0.62,0.9598,71
1579584815.743,0.65,0.8296,0.58,0.9587,71
1579584816.731,0.65,0.8429,0.61,0.9643,71
1579584817.829,0.64,0.8463,0.58,0.9633,71
1579584818.939,0.66,0.8121,0.6,0.9628,71
1579584820.112,0.65,0.8182,0.6,0.9639,71
1579584821.128,0.66,0.8223,0.62,0.9662,71
1579584822.185,0.64,0.8462,0.61,0.9654,71
1579584823.377,0.66,0.8355,0.6,0.9722,71
1579584824.558,0.65,0.8246,0.61,0.9688,71
1579584825.787,0.67,0.8195,0.6,0.9683,71
1579584826.642,0.67,0.8015,0.61,0.9701,71
1579584827.735,0.65,0.832,0.65,0.974,72
1579584828.838,0.65,0.8422,0.59,0.967,72
1579584829.811,0.64,0.8477,0.63,0.9644,72
1579584830.769,0.64,0.8511,0.6,0.9697,72
1579584831.776,0.66,0.8192,0.6,0.982,72
1579584832.893,0.65,0.8346,0.57,0.9793,72
1579584833.841,0.65,0.8333,0.62,0.9706,72
1579584834.822,0.64,0.8466,0.63,0.9599,72
1579584835.986,0.66,0.8321,0.61,0.978,72
1579584837.198,0.65,0.8367,0.62,1.0011,72
1579584838.353,0.65,0.8447,0.6,0.9684,72
1579584839.359,0.67,0.8024,0.6,0.9612,72
1579584840.483,0.66,0.8275,0.65,0.9783,73
1579584841.554,0.65,0.84,0.61,0.9605,73
1579584842.647,0.65,0.8351,0.59,0.9697,73
1579584843.683,0.65,0.8455,0.63,0.9906,73
1579584844.688,0.65,0.8295,0.59,0.9889,73
1579584845.72,0.65,0.8353,0.59,0.9692,73
1579584846.719,0.67,0.8218,0.61,0.958,73
1579584847.742,0.65,0.8307,0.61,0.969,73
1579584848.77,0.66,0.8295,0.61,0.973,73
1579584849.914,0.66,0.8194,0.61,0.9726,73
1579584850.899,0.67,0.8173,0.62,0.9763,73
1579584851.775,0.67,0.8015,0.59,0.9852,73
1579584853.015,0.65,0.8321,0.61,0.976,74
1579584854.11,0.66,0.8222,0.63,0.9637,74
1579584855.189,0.65,0.8337,0.59,0.9846,74
1579584856.218,0.64,0.854,0.63,0.9846,74
1579584857.186,0.66,0.8241,0.6,0.9755,74
1579584858.208,0.65,0.821,0.57,0.9678,74
1579584859.395,0.66,0.8147,0.62,0.9748,74
1579584860.592,0.65,0.8309,0.6,0.9758,74
1579584861.555,0.66,0.8249,0.62,0.98,74
1579584862.788,0.66,0.8193,0.61,0.9842,74
1579584863.791,0.67,0.816,0.61,0.9715,74
1579584864.652,0.67,0.7928,0.61,0.9676,74
1579584865.709,0.65,0.8227,0.64,0.9723,75
1579584866.928,0.66,0.8238,0.6,0.9562,75
1579584868.134,0.65,0.8302,0.6,0.9683,75
1579584869.12,0.65,0.8424,0.62,0.9708,75
1579584870.137,0.66,0.8139,0.58,0.9849,75
1579584871.181,0.65,0.8261,0.58,0.9747,75
1579584872.4,0.66,0.8178,0.6,0.9646,75
1579584873.527,0.65,0.8273,0.63,0.9783,75
1579584874.511,0.66,0.825,0.61,0.9813,75
1579584875.497,0.66,0.818,0.61,0.982,75
1579584876.464,0.67,0.812,0.62,0.9801,75
1579584877.332,0.67,0.8,0.6,0.9935,75
1579584878.484,0.65,0.8445,0.63,0.9886,76
1579584879.492,0.65,0.8344,0.64,0.9487,76
1579584880.591,0.66,0.8259,0.6,0.9868,76
1579584881.62,0.64,0.8601,0.63,1.0062,76
1579584882.793,0.65,0.841,0.61,0.9701,76
1579584883.808,0.66,0.8155,0.59,0.9755,76
1579584884.995,0.65,0.8241,0.62,0.9984,76
1579584886.12,0.63,0.8493,0.59,0.9783,76
1579584887.198,0.66,0.8232,0.58,1.005,76
1579584888.365,0.65,0.842,0.64,1.0057,76
1579584889.331,0.66,0.8364,0.63,1.0056,76
1579584890.309,0.66,0.8207,0.58,1.0399,76
1579584891.336,0.63,0.8913,0.63,0.9631,77
1579584892.534,0.65,0.8345,0.6,1.0947,77
1579584893.546,0.61,0.9465,0.57,1.0262,77
1579584894.523,0.62,0.9221,0.57,1.0455,77
1579584895.619,0.63,0.9064,0.62,0.9851,77
1579584896.783,0.64,0.8538,0.59,1.069,77
1579584897.932,0.62,0.9171,0.58,0.9448,77
1579584898.925,0.65,0.8431,0.58,1.0076,77
1579584899.927,0.63,0.9134,0.59,0.9623,77
1579584901.116,0.64,0.8557,0.61,0.9813,77
1579584902.154,0.65,0.8485,0.62,1.0231,77
1579584903.191,0.64,0.8797,0.62,0.9601,77
1579584904.202,0.65,0.8413,0.6,0.9964,78
1579584905.256,0.63,0.8806,0.62,0.9687,78
1579584906.308,0.64,0.8764,0.64,0.9429,78
1579584907.286,0.65,0.8511,0.61,0.9777,78
1579584908.269,0.65,0.8529,0.62,0.9492,78
1579584909.279,0.66,0.8295,0.58,0.968,78
1579584910.328,0.65,0.8368,0.57,1.0021,78
1579584911.376,0.64,0.8661,0.59,0.9661,78
1579584912.384,0.65,0.8384,0.63,0.9689,78
1579584913.368,0.65,0.8365,0.62,0.9688,78
1579584914.588,0.66,0.839,0.6,0.9465,78
1579584915.528,0.67,0.8034,0.59,0.9822,78
1579584916.625,0.65,0.8387,0.56,0.984,79
1579584917.657,0.64,0.8438,0.63,0.9697,79
1579584918.718,0.65,0.843,0.61,1.0009,79
1579584919.882,0.64,0.8649,0.59,0.973,79
1579584921.097,0.67,0.804,0.58,0.9893,79
1579584922.119,0.66,0.8237,0.58,0.9897,79
1579584923.323,0.65,0.826,0.58,0.9705,79
1579584924.29,0.66,0.8287,0.65,0.966,79
1579584925.261,0.65,0.835,0.59,0.9535,79
1579584926.319,0.66,0.8104,0.58,0.9659,79
1579584927.333,0.66,0.8201,0.61,0.9757,79
1579584928.33,0.66,0.8074,0.6,0.9631,79
1579584929.448,0.66,0.8135,0.58,0.9691,80
1579584930.511,0.65,0.8204,0.61,0.9799,80
1579584931.483,0.65,0.8449,0.6,0.9842,80
1579584932.609,0.64,0.8369,0.59,0.9726,80
1579584933.667,0.67,0.8021,0.63,0.9681,80
1579584934.628,0.65,0.8232,0.59,0.9813,80
1579584935.597,0.66,0.82,0.59,0.9671,80
1579584936.568,0.65,0.8242,0.62,0.9635,80
1579584937.639,0.65,0.8408,0.62,0.9627,80
1579584938.845,0.66,0.8127,0.65,0.9685,80
1579584939.832,0.67,0.813,0.62,0.9713,80
1579584940.891,0.67,0.8004,0.59,0.9773,80
1579584941.865,0.66,0.8148,0.58,0.9733,81
1579584942.839,0.66,0.8125,0.63,1.0051,81
1579584943.857,0.65,0.8453,0.64,0.9658,81
1579584944.947,0.65,0.8226,0.58,0.9864,81
1579584945.977,0.66,0.8234,0.65,0.9556,81
1579584947.071,0.66,0.8156,0.63,0.9717,81
1579584948.266,0.67,0.8148,0.58,0.9655,81
1579584949.434,0.65,0.8317,0.61,0.9677,81
1579584950.415,0.65,0.8441,0.61,0.9587,81
1579584951.388,0.67,0.8011,0.58,0.9826,81
1579584952.509,0.66,0.8261,0.62,0.9511,81
1579584953.578,0.68,0.7861,0.6,0.9663,81
1579584954.64,0.66,0.8185,0.58,0.9818,82
1579584955.749,0.65,0.8248,0.64,0.9842,82
1579584956.888,0.66,0.8314,0.62,0.9602,82
1579584958.098,0.65,0.8336,0.58,0.9782,82
1579584959.073,0.66,0.8184,0.59,0.9462,82
1579584960.042,0.67,0.7984,0.64,0.9659,82
1579584961.15,0.66,0.8199,0.59,0.9517,82
1579584962.123,0.66,0.8109,0.59,0.9685,82
1579584963.181,0.66,0.8177,0.64,0.9669,82
1579584964.132,0.67,0.8059,0.63,0.9665,82
1579584965.34,0.67,0.8033,0.61,0.9567,82
1579584966.331,0.68,0.7783,0.61,0.9593,82
1579584967.481,0.66,0.8093,0.57,0.961,83
1579584968.544,0.66,0.7945,0.63,0.9863,83
1579584969.543,0.66,0.8203,0.6,0.9745,83
1579584970.679,0.66,0.8164,0.59,0.9654,83
1579584971.705,0.67,0.792,0.58,0.9621,83
1579584972.699,0.67,0.7944,0.61,0.959,83
1579584973.728,0.67,0.8004,0.59,0.947,83
1579584974.921,0.66,0.8056,0.59,0.9629,83
1579584975.895,0.67,0.806,0.61,0.9714,83
1579584977.103,0.67,0.7938,0.62,0.9596,83
1579584978.096,0.67,0.7932,0.63,0.952,83
1579584978.942,0.69,0.7678,0.61,0.9595,83
1579584979.91,0.67,0.7979,0.59,0.9588,84
1579584981.04,0.67,0.7883,0.63,0.9815,84
1579584982.031,0.66,0.8127,0.6,0.9785,84
1579584983.257,0.66,0.8108,0.6,0.969,84
1579584984.389,0.68,0.7843,0.6,0.9633,84
1579584985.579,0.67,0.7869,0.59,0.9614,84
1579584986.74,0.67,0.7887,0.59,0.9607,84
1579584987.908,0.66,0.8017,0.61,0.9682,84
1579584988.973,0.67,0.8015,0.61,0.9835,84
1579584990.044,0.67,0.794,0.61,0.961,84
1579584991.05,0.68,0.7882,0.62,0.9632,84
1579584992.128,0.69,0.7645,0.61,0.9691,84
1579584993.308,0.67,0.7957,0.62,0.9613,85
1579584994.401,0.67,0.787,0.63,0.9716,85
1579584995.5,0.67,0.8037,0.6,0.9857,85
1579584996.586,0.66,0.8124,0.61,0.972,85
1579584997.632,0.68,0.789,0.6,0.9848,85
1579584998.849,0.66,0.7924,0.58,0.9655,85
1579585000.004,0.68,0.7841,0.62,0.9595,85
1579585001.119,0.67,0.7992,0.59,0.9806,85
1579585002.299,0.67,0.7987,0.62,0.9727,85
1579585003.466,0.68,0.784,0.59,0.9647,85
1579585004.478,0.68,0.7846,0.63,0.9674,85
1579585005.473,0.69,0.7607,0.62,0.963,85
1579585006.477,0.68,0.7876,0.61,0.9594,86
1579585007.593,0.67,0.7823,0.64,0.9754,86
1579585008.694,0.67,0.8049,0.6,0.97,86
1579585009.666,0.66,0.8048,0.61,0.9597,86
1579585010.8,0.68,0.7822,0.6,0.9754,86
1579585011.79,0.67,0.785,0.58,0.9647,86
1579585012.932,0.68,0.7794,0.62,0.9625,86
1579585013.904,0.67,0.7979,0.6,0.9811,86
1579585014.87,0.67,0.7917,0.63,0.9785,86
1579585015.96,0.67,0.7806,0.62,0.9585,86
1579585017.185,0.68,0.7848,0.62,0.9695,86
1579585018.114,0.69,0.7581,0.64,0.962,86
1579585019.174,0.68,0.7836,0.62,0.9562,87
1579585020.372,0.67,0.7805,0.63,0.9707,87
1579585021.495,0.67,0.7969,0.59,0.9749,87
1579585022.693,0.66,0.7983,0.62,0.9639,87
1579585023.832,0.68,0.7797,0.6,0.9726,87
1579585025.026,0.67,0.7805,0.59,0.9636,87
1579585026.174,0.68,0.7768,0.61,0.9602,87
1579585027.4,0.67,0.7923,0.63,0.9764,87
1579585028.515,0.67,0.7904,0.59,0.9919,87
1579585029.68,0.67,0.7865,0.62,0.9636,87
1579585030.686,0.68,0.7892,0.62,0.966,87
1579585031.754,0.68,0.7562,0.65,0.963,87
1579585032.74,0.68,0.7807,0.62,0.9654,88
1579585033.77,0.67,0.777,0.62,0.9668,88
1579585034.947,0.67,0.7921,0.62,0.9747,88
1579585036.04,0.67,0.7951,0.61,0.9681,88
1579585037.254,0.68,0.7731,0.63,0.9697,88
1579585038.258,0.68,0.7748,0.59,0.9662,88
1579585039.268,0.68,0.7765,0.62,0.9626,88
1579585040.433,0.67,0.7891,0.61,0.9697,88
1579585041.501,0.68,0.7825,0.62,0.9848,88
1579585042.708,0.67,0.7803,0.62,0.9605,88
1579585043.767,0.68,0.7818,0.62,0.9582,88
1579585044.626,0.69,0.7497,0.64,0.9535,88
1579585045.724,0.68,0.7777,0.62,0.9587,89
1579585046.863,0.67,0.7742,0.62,0.9608,89
1579585048.045,0.68,0.7873,0.62,0.9742,89
1579585049.083,0.67,0.7927,0.61,0.9628,89
1579585050.181,0.68,0.7689,0.63,0.9691,89
1579585051.28,0.68,0.7736,0.6,0.9526,89
1579585052.321,0.68,0.7717,0.62,0.9548,89
1579585053.361,0.67,0.7844,0.63,0.9709,89
1579585054.385,0.68,0.7806,0.59,0.9819,89
1579585055.397,0.67,0.7776,0.62,0.9656,89
1579585056.382,0.68,0.7821,0.61,0.9815,89
1579585057.41,0.68,0.7564,0.64,0.9598,89
1579585058.579,0.67,0.7815,0.63,0.9539,90
1579585059.79,0.67,0.7773,0.62,0.9678,90
1579585060.93,0.67,0.7931,0.61,0.9842,90
1579585061.982,0.66,0.7989,0.63,0.9769,90
1579585063.169,0.67,0.7867,0.58,1.0088,90
1579585064.302,0.66,0.8112,0.63,0.9975,90
1579585065.485,0.66,0.8066,0.62,0.97,90
1579585066.541,0.65,0.8238,0.64,0.9896,90
1579585067.625,0.67,0.7942,0.61,0.979,90
1579585068.711,0.68,0.7824,0.56,0.971,90
1579585069.738,0.67,0.8031,0.65,0.9959,90
1579585070.807,0.67,0.7953,0.6,0.9877,90
1579585071.863,0.66,0.8025,0.59,0.995,91
1579585072.995,0.66,0.8014,0.63,1.0234,91
1579585073.998,0.65,0.8398,0.65,0.9409,91
1579585075.083,0.67,0.791,0.57,0.974,91
1579585076.261,0.67,0.8046,0.58,1.0204,91
1579585077.42,0.64,0.8394,0.62,0.9823,91
1579585078.524,0.67,0.7955,0.57,1.0215,91
1579585079.57,0.65,0.8321,0.57,1.0416,91
1579585080.656,0.65,0.8542,0.6,1.0563,91
1579585081.62,0.66,0.8121,0.53,1.0245,91
1579585082.833,0.66,0.8366,0.61,0.9549,91
1579585083.678,0.67,0.7822,0.64,0.9928,91
1579585084.675,0.65,0.8175,0.57,0.9776,92
1579585085.7,0.66,0.8118,0.6,0.9587,92
1579585086.732,0.66,0.8158,0.65,0.961,92
1579585087.704,0.65,0.8226,0.62,0.9808,92
1579585088.875,0.68,0.7818,0.59,0.9766,92
1579585090.021,0.67,0.7884,0.62,0.9613,92
1579585091.104,0.67,0.7967,0.59,0.9585,92
1579585092.152,0.67,0.792,0.62,0.983,92
1579585093.34,0.67,0.7934,0.6,0.9808,92
1579585094.567,0.68,0.7838,0.61,0.982,92
1579585095.733,0.68,0.7798,0.63,0.9878,92
1579585096.698,0.69,0.7548,0.58,0.9601,92
1579585097.851,0.68,0.7796,0.63,0.9564,93
1579585098.961,0.67,0.7779,0.63,0.9645,93
1579585100.085,0.67,0.7949,0.63,0.9655,93
1579585101.21,0.67,0.7928,0.59,0.9754,93
1579585102.373,0.68,0.7751,0.58,0.9614,93
1579585103.437,0.68,0.7672,0.59,0.9792,93
1579585104.642,0.68,0.7816,0.59,0.9494,93
1579585105.705,0.67,0.787,0.61,0.9533,93
1579585106.843,0.67,0.7892,0.62,1.0216,93
1579585108.062,0.67,0.7941,0.63,0.9651,93
1579585109.164,0.69,0.7736,0.66,0.9581,93
1579585110.241,0.69,0.7527,0.62,0.9682,93
1579585111.312,0.68,0.7798,0.64,0.9622,94
1579585112.352,0.67,0.7737,0.62,0.9637,94
1579585113.564,0.67,0.8,0.63,0.9873,94
1579585114.766,0.67,0.7925,0.63,0.9719,94
1579585115.914,0.69,0.7544,0.6,0.9707,94
1579585116.988,0.67,0.775,0.6,0.9537,94
1579585118.136,0.68,0.7704,0.64,0.9396,94
1579585119.298,0.68,0.7742,0.65,0.9352,94
1579585120.398,0.67,0.7832,0.62,0.9677,94
1579585121.479,0.68,0.7659,0.62,0.9861,94
1579585122.654,0.69,0.7679,0.64,0.9598,94
1579585123.597,0.7,0.7368,0.59,0.9694,94
1579585124.829,0.68,0.7796,0.66,0.965,95
1579585125.84,0.67,0.7728,0.66,0.9491,95
1579585126.81,0.68,0.7779,0.6,0.9695,95
1579585127.985,0.68,0.785,0.64,0.9677,95
1579585129.068,0.69,0.7516,0.62,0.974,95
1579585130.278,0.68,0.7658,0.57,0.9586,95
1579585131.305,0.68,0.7646,0.62,0.936,95
1579585132.497,0.68,0.767,0.62,0.9523,95
1579585133.691,0.68,0.773,0.61,0.948,95
1579585134.796,0.69,0.7558,0.6,0.9686,95
1579585135.913,0.69,0.7598,0.64,0.9865,95
1579585136.975,0.7,0.7389,0.58,0.9693,95
1579585138.17,0.68,0.7792,0.64,0.9646,96
1579585139.247,0.68,0.7654,0.64,0.9931,96
1579585140.274,0.67,0.7873,0.6,0.9856,96
1579585141.346,0.67,0.7823,0.62,0.9658,96
1579585142.49,0.69,0.7537,0.62,1.0087,96
1579585143.589,0.67,0.7934,0.56,0.9672,96
1579585144.619,0.68,0.7685,0.63,0.929,96
1579585145.704,0.68,0.7793,0.6,0.9747,96
1579585146.823,0.67,0.7891,0.62,0.9429,96
1579585147.96,0.69,0.7539,0.65,0.9464,96
1579585149.004,0.69,0.7663,0.62,0.9832,96
1579585150.068,0.69,0.7457,0.63,0.9577,96
1579585151.174,0.68,0.7612,0.61,0.9603,97
1579585152.337,0.68,0.7676,0.62,0.9818,97
1579585153.465,0.68,0.7827,0.61,0.9862,97
1579585154.632,0.67,0.7792,0.58,0.9726,97
1579585155.618,0.69,0.756,0.61,0.9679,97
1579585156.635,0.68,0.7542,0.62,0.9738,97
1579585157.662,0.68,0.7667,0.58,0.9492,97
1579585158.687,0.67,0.7764,0.61,0.9313,97
1579585159.795,0.68,0.769,0.59,1.0037,97
1579585160.788,0.68,0.777,0.64,0.9521,97
1579585161.955,0.69,0.7598,0.64,0.9541,97
1579585162.968,0.7,0.7279,0.63,0.9747,97
1579585164.208,0.68,0.7642,0.61,0.9586,98
1579585165.405,0.68,0.7596,0.62,0.9691,98
1579585166.492,0.68,0.7836,0.61,0.9917,98
1579585167.696,0.67,0.7769,0.63,0.9668,98
1579585168.96,0.69,0.7409,0.59,0.9734,98
1579585170.174,0.68,0.7614,0.61,0.9533,98
1579585171.222,0.69,0.7571,0.64,0.9292,98
1579585172.365,0.67,0.7677,0.59,0.9182,98
1579585173.513,0.68,0.7706,0.61,0.9477,98
1579585174.604,0.69,0.7532,0.61,0.9695,98
1579585175.684,0.69,0.754,0.62,0.947,98
1579585176.546,0.7,0.724,0.6,0.9665,98
1579585177.593,0.69,0.7547,0.63,0.9982,99
1579585178.798,0.67,0.7716,0.6,0.9664,99
1579585179.93,0.68,0.7716,0.63,0.974,99
1579585181.109,0.67,0.7649,0.61,0.9826,99
1579585182.288,0.7,0.732,0.58,0.9687,99
1579585183.48,0.69,0.7493,0.61,0.9555,99
1579585184.668,0.69,0.7513,0.61,0.9442,99
1579585185.805,0.68,0.7667,0.61,0.9315,99
1579585187.007,0.68,0.7733,0.6,0.9399,99
1579585188.157,0.69,0.7544,0.62,0.9594,99
1579585189.363,0.69,0.7505,0.62,0.9378,99
1579585190.375,0.7,0.7125,0.59,0.9499,99
