1580052433.96,0.25,1.3867,0.31,1.384,0
1580052434.151,0.24,1.3864,0.31,1.384,0
1580052434.319,0.25,1.3868,0.31,1.3841,0
1580052434.488,0.25,1.3864,0.31,1.3843,0
1580052434.657,0.23,1.3862,0.25,1.3846,0
1580052434.826,0.26,1.3855,0.25,1.3846,0
1580052434.996,0.26,1.3856,0.25,1.3847,0
1580052435.167,0.26,1.386,0.25,1.3852,0
1580052435.336,0.26,1.3853,0.25,1.3867,0
1580052435.505,0.22,1.3872,0.25,1.3872,0
1580052435.672,0.24,1.3855,0.21,1.3871,0
1580052435.843,0.27,1.3849,0.24,1.3862,0
1580052436.014,0.36,1.3828,0.22,1.3861,0
1580052436.188,0.25,1.3835,0.2,1.385,0
1580052436.361,0.25,1.3821,0.23,1.3832,0
1580052436.554,0.26,1.3813,0.28,1.3807,1
1580052436.746,0.34,1.3764,0.4,1.3782,1
1580052436.914,0.43,1.3725,0.4,1.3752,1
1580052437.108,0.44,1.3678,0.4,1.37,1
1580052437.291,0.47,1.3596,0.4,1.3651,1
1580052437.481,0.45,1.345,0.42,1.3557,1
1580052437.67,0.49,1.332,0.42,1.3444,1
1580052437.839,0.49,1.3079,0.44,1.3318,1
1580052438.011,0.5,1.2848,0.42,1.3306,1
1580052438.179,0.47,1.281,0.3,1.3937,1
1580052438.369,0.35,1.3509,0.4,1.3439,1
1580052438.56,0.44,1.2879,0.29,1.3633,1
1580052438.743,0.43,1.2869,0.33,1.3565,1
1580052438.915,0.37,1.329,0.43,1.3185,1
1580052439.09,0.42,1.2868,0.42,1.2887,1
1580052439.287,0.47,1.2576,0.37,1.3321,2
1580052439.481,0.43,1.2877,0.38,1.3151,2
1580052439.67,0.44,1.2709,0.42,1.2834,2
1580052439.839,0.49,1.2501,0.45,1.2806,2
1580052440.031,0.48,1.2531,0.47,1.2894,2
1580052440.2,0.5,1.2347,0.48,1.2859,2
1580052440.371,0.5,1.2353,0.47,1.2823,2
1580052440.563,0.52,1.2213,0.42,1.292,2
1580052440.75,0.52,1.2159,0.4,1.2991,2
1580052440.919,0.5,1.2313,0.42,1.2922,2
1580052441.091,0.5,1.2211,0.45,1.2757,2
1580052441.259,0.51,1.2241,0.48,1.2718,2
1580052441.435,0.54,1.2016,0.49,1.2723,2
1580052441.605,0.49,1.2411,0.48,1.2653,2
1580052441.766,0.5,1.2387,0.47,1.2656,2
1580052441.971,0.5,1.2266,0.48,1.2688,3
1580052442.139,0.52,1.2063,0.48,1.2653,3
1580052442.309,0.52,1.2105,0.48,1.2552,3
1580052442.477,0.52,1.2139,0.51,1.244,3
1580052442.648,0.53,1.1998,0.52,1.2373,3
1580052442.817,0.54,1.193,0.52,1.2349,3
1580052442.985,0.54,1.1978,0.52,1.2338,3
1580052443.159,0.54,1.1944,0.51,1.238,3
1580052443.328,0.56,1.1858,0.49,1.2488,3
1580052443.496,0.52,1.2041,0.48,1.2522,3
1580052443.665,0.55,1.1803,0.49,1.2461,3
1580052443.837,0.53,1.1987,0.49,1.2446,3
1580052444.006,0.56,1.1789,0.49,1.2468,3
1580052444.175,0.52,1.2073,0.49,1.2437,3
1580052444.327,0.51,1.219,0.49,1.2395,3
1580052444.502,0.53,1.2035,0.49,1.24,4
1580052444.675,0.54,1.1856,0.5,1.2464,4
1580052444.844,0.53,1.2048,0.51,1.2457,4
1580052445.012,0.54,1.1973,0.51,1.2406,4
1580052445.182,0.53,1.1934,0.52,1.233,4
1580052445.351,0.56,1.1746,0.5,1.2327,4
1580052445.528,0.55,1.1844,0.51,1.2349,4
1580052445.715,0.54,1.1893,0.51,1.2371,4
1580052445.883,0.55,1.1808,0.5,1.2409,4
1580052446.052,0.54,1.1885,0.5,1.2506,4
1580052446.222,0.56,1.1669,0.5,1.251,4
1580052446.389,0.53,1.1971,0.5,1.2428,4
1580052446.557,0.56,1.1656,0.5,1.2401,4
1580052446.726,0.53,1.1985,0.49,1.2379,4
1580052446.876,0.52,1.2104,0.5,1.2346,4
1580052447.05,0.54,1.1933,0.52,1.2321,5
1580052447.219,0.55,1.1755,0.5,1.2363,5
1580052447.387,0.54,1.1939,0.49,1.2392,5
1580052447.556,0.54,1.1898,0.5,1.2369,5
1580052447.725,0.55,1.1848,0.51,1.232,5
1580052447.894,0.56,1.1724,0.5,1.2323,5
1580052448.065,0.56,1.1778,0.51,1.2355,5
1580052448.259,0.54,1.1784,0.51,1.237,5
1580052448.457,0.55,1.1754,0.51,1.2402,5
1580052448.65,0.55,1.18,0.49,1.2474,5
1580052448.843,0.58,1.1585,0.5,1.2455,5
1580052449.012,0.53,1.1879,0.52,1.237,5
1580052449.184,0.57,1.158,0.5,1.2357,5
1580052449.357,0.54,1.1893,0.49,1.2375,5
1580052449.508,0.52,1.2055,0.48,1.2362,5
1580052449.683,0.54,1.1895,0.51,1.2338,6
1580052449.853,0.57,1.1662,0.5,1.2351,6
1580052450.042,0.54,1.186,0.48,1.2367,6
1580052450.212,0.55,1.1812,0.48,1.2365,6
1580052450.384,0.56,1.1743,0.48,1.2386,6
1580052450.553,0.56,1.1677,0.51,1.2394,6
1580052450.722,0.56,1.1738,0.48,1.247,6
1580052450.891,0.55,1.1692,0.48,1.2486,6
1580052451.061,0.57,1.1666,0.49,1.2454,6
1580052451.23,0.56,1.173,0.49,1.2436,6
1580052451.401,0.58,1.1523,0.49,1.2392,6
1580052451.571,0.55,1.1789,0.5,1.2364,6
1580052451.744,0.58,1.1544,0.49,1.238,6
1580052451.938,0.55,1.1746,0.47,1.2367,6
1580052452.106,0.51,1.2064,0.47,1.2306,6
1580052452.28,0.54,1.1943,0.48,1.2257,7
1580052452.451,0.58,1.1617,0.5,1.2266,7
1580052452.622,0.55,1.1768,0.5,1.2305,7
1580052452.791,0.56,1.178,0.49,1.2406,7
1580052452.961,0.57,1.1644,0.46,1.2513,7
1580052453.134,0.56,1.1704,0.47,1.2492,7
1580052453.307,0.56,1.1722,0.49,1.2441,7
1580052453.476,0.57,1.1612,0.5,1.2361,7
1580052453.652,0.57,1.169,0.49,1.2391,7
1580052453.822,0.57,1.1645,0.5,1.2413,7
1580052453.993,0.58,1.1528,0.49,1.2377,7
1580052454.165,0.54,1.1826,0.48,1.2268,7
1580052454.343,0.58,1.1512,0.49,1.2193,7
1580052454.512,0.55,1.1757,0.49,1.2164,7
1580052454.665,0.53,1.2019,0.49,1.2151,7
1580052454.842,0.55,1.186,0.5,1.217,8
1580052455.017,0.57,1.1612,0.49,1.2226,8
1580052455.19,0.55,1.1737,0.51,1.2296,8
1580052455.385,0.56,1.1705,0.5,1.2357,8
1580052455.58,0.58,1.1603,0.48,1.2436,8
1580052455.75,0.57,1.1639,0.46,1.248,8
1580052455.919,0.56,1.1683,0.46,1.2526,8
1580052456.09,0.56,1.1621,0.46,1.249,8
1580052456.261,0.58,1.1564,0.49,1.2378,8
1580052456.432,0.57,1.1634,0.51,1.2304,8
1580052456.601,0.58,1.1512,0.5,1.2279,8
1580052456.772,0.56,1.172,0.49,1.2251,8
1580052456.941,0.58,1.145,0.5,1.2213,8
1580052457.111,0.56,1.1647,0.46,1.2163,8
1580052457.261,0.52,1.1984,0.49,1.2101,8
1580052457.457,0.56,1.1794,0.51,1.2105,9
1580052457.65,0.58,1.1572,0.5,1.2163,9
1580052457.82,0.56,1.1681,0.51,1.2212,9
1580052457.989,0.57,1.1647,0.54,1.2273,9
1580052458.177,0.57,1.1552,0.5,1.2343,9
1580052458.346,0.58,1.1572,0.49,1.2377,9
1580052458.52,0.57,1.1639,0.47,1.2437,9
1580052458.693,0.57,1.1544,0.48,1.2415,9
1580052458.874,0.59,1.1526,0.5,1.2348,9
1580052459.045,0.58,1.1592,0.5,1.2293,9
1580052459.215,0.59,1.1442,0.5,1.2297,9
1580052459.387,0.56,1.1694,0.51,1.2222,9
1580052459.559,0.59,1.139,0.51,1.217,9
1580052459.729,0.57,1.1631,0.5,1.2133,9
1580052459.882,0.53,1.1981,0.48,1.2104,9
1580052460.055,0.56,1.1752,0.51,1.2099,10
1580052460.227,0.58,1.153,0.51,1.2116,10
1580052460.396,0.56,1.1653,0.51,1.2135,10
1580052460.574,0.58,1.1605,0.51,1.2197,10
1580052460.754,0.58,1.1514,0.5,1.2293,10
1580052460.947,0.59,1.1532,0.49,1.2328,10
1580052461.139,0.58,1.1585,0.48,1.2376,10
1580052461.308,0.57,1.1515,0.49,1.2319,10
1580052461.479,0.59,1.151,0.49,1.2314,10
1580052461.649,0.57,1.1523,0.5,1.2294,10
1580052461.823,0.59,1.1396,0.52,1.2268,10
1580052462.024,0.56,1.1629,0.5,1.2137,10
1580052462.223,0.59,1.143,0.51,1.2207,10
1580052462.418,0.58,1.1582,0.51,1.2265,10
1580052462.58,0.51,1.2039,0.48,1.2246,10
1580052462.75,0.55,1.1805,0.49,1.215,11
1580052462.92,0.58,1.1516,0.53,1.2075,11
1580052463.09,0.58,1.163,0.51,1.2138,11
1580052463.261,0.57,1.1606,0.51,1.2308,11
1580052463.431,0.57,1.1554,0.5,1.2365,11
1580052463.604,0.57,1.16,0.49,1.2317,11
1580052463.774,0.57,1.1591,0.49,1.2346,11
1580052463.943,0.58,1.1548,0.51,1.2312,11
1580052464.113,0.57,1.159,0.49,1.2327,11
1580052464.305,0.58,1.1484,0.5,1.2365,11
1580052464.497,0.59,1.1388,0.51,1.2288,11
1580052464.693,0.57,1.1638,0.51,1.2133,11
1580052464.876,0.59,1.1427,0.53,1.2091,11
1580052465.07,0.58,1.1557,0.52,1.22,11
1580052465.235,0.52,1.1997,0.53,1.227,11
1580052465.407,0.55,1.1823,0.52,1.2249,12
1580052465.577,0.57,1.1573,0.52,1.2082,12
1580052465.747,0.56,1.1619,0.52,1.2044,12
1580052465.918,0.58,1.159,0.51,1.2087,12
1580052466.087,0.59,1.1479,0.49,1.2257,12
1580052466.257,0.58,1.1518,0.49,1.2287,12
1580052466.428,0.57,1.1526,0.48,1.2286,12
1580052466.596,0.58,1.1449,0.5,1.2296,12
1580052466.766,0.59,1.1563,0.51,1.2261,12
1580052466.936,0.59,1.1517,0.48,1.2302,12
1580052467.124,0.59,1.1361,0.47,1.2522,12
1580052467.295,0.54,1.1866,0.5,1.2218,12
1580052467.464,0.59,1.136,0.52,1.2156,12
1580052467.634,0.57,1.1617,0.54,1.2052,12
1580052467.786,0.53,1.1908,0.51,1.2129,12
1580052467.963,0.56,1.1702,0.53,1.2212,13
1580052468.135,0.57,1.1508,0.52,1.2181,13
1580052468.305,0.56,1.1603,0.54,1.2003,13
1580052468.475,0.59,1.1474,0.53,1.1924,13
1580052468.645,0.58,1.1519,0.54,1.1965,13
1580052468.828,0.59,1.1449,0.51,1.2076,13
1580052469.008,0.58,1.1468,0.51,1.2238,13
1580052469.182,0.58,1.1485,0.5,1.2267,13
1580052469.364,0.58,1.1469,0.5,1.2255,13
1580052469.533,0.59,1.1421,0.49,1.2177,13
1580052469.705,0.59,1.1397,0.49,1.2152,13
1580052469.874,0.57,1.1564,0.52,1.216,13
1580052470.048,0.61,1.1292,0.53,1.2247,13
1580052470.219,0.57,1.1618,0.54,1.2079,13
1580052470.372,0.54,1.1838,0.52,1.1978,13
1580052470.545,0.57,1.16,0.49,1.2105,14
1580052470.716,0.58,1.1454,0.5,1.2114,14
1580052470.885,0.58,1.1482,0.51,1.2032,14
1580052471.055,0.6,1.1368,0.54,1.1999,14
1580052471.226,0.6,1.1263,0.54,1.2031,14
1580052471.4,0.6,1.1336,0.53,1.1982,14
1580052471.593,0.6,1.1398,0.53,1.2098,14
1580052471.776,0.59,1.1296,0.53,1.204,14
1580052471.947,0.61,1.1286,0.53,1.2064,14
1580052472.12,0.6,1.1254,0.51,1.2072,14
1580052472.309,0.61,1.1239,0.51,1.2146,14
1580052472.481,0.59,1.1401,0.52,1.2036,14
1580052472.655,0.61,1.1258,0.49,1.2079,14
1580052472.849,0.61,1.1244,0.49,1.2176,14
1580052473.002,0.56,1.1678,0.54,1.206,14
1580052473.177,0.58,1.1475,0.54,1.1921,15
1580052473.348,0.61,1.1278,0.53,1.1917,15
1580052473.519,0.61,1.1264,0.5,1.2119,15
1580052473.689,0.59,1.1355,0.51,1.2036,15
1580052473.863,0.61,1.1188,0.56,1.1843,15
1580052474.033,0.61,1.1318,0.54,1.1924,15
1580052474.206,0.61,1.133,0.5,1.2205,15
1580052474.399,0.58,1.1326,0.53,1.1982,15
1580052474.591,0.61,1.1198,0.55,1.1881,15
1580052474.761,0.61,1.1171,0.52,1.1925,15
1580052474.932,0.62,1.1187,0.5,1.2192,15
1580052475.106,0.58,1.144,0.5,1.1978,15
1580052475.277,0.61,1.1135,0.55,1.1796,15
1580052475.452,0.63,1.1183,0.5,1.2083,15
1580052475.626,0.56,1.1634,0.49,1.2212,15
1580052475.798,0.57,1.1538,0.51,1.1984,16
1580052475.968,0.62,1.123,0.54,1.1807,16
1580052476.139,0.59,1.1369,0.53,1.1961,16
1580052476.32,0.62,1.1243,0.51,1.2107,16
1580052476.514,0.61,1.1227,0.53,1.1877,16
1580052476.706,0.61,1.1178,0.56,1.1822,16
1580052476.882,0.58,1.1505,0.53,1.1896,16
1580052477.052,0.62,1.1156,0.55,1.2055,16
1580052477.224,0.61,1.1242,0.53,1.1988,16
1580052477.393,0.62,1.1109,0.55,1.1768,16
1580052477.563,0.63,1.1127,0.55,1.1827,16
1580052477.757,0.61,1.1272,0.52,1.195,16
1580052477.929,0.62,1.1125,0.51,1.2024,16
1580052478.1,0.62,1.1171,0.57,1.1778,16
1580052478.252,0.57,1.1565,0.61,1.1731,16
1580052478.428,0.58,1.1449,0.6,1.1751,17
1580052478.622,0.62,1.1186,0.54,1.18,17
1580052478.792,0.61,1.1147,0.53,1.191,17
1580052478.962,0.62,1.1162,0.54,1.1873,17
1580052479.154,0.63,1.103,0.54,1.1904,17
1580052479.329,0.61,1.1141,0.54,1.1789,17
1580052479.523,0.61,1.1247,0.58,1.1764,17
1580052479.713,0.62,1.1069,0.55,1.187,17
1580052479.883,0.61,1.1222,0.58,1.1784,17
1580052480.066,0.63,1.1054,0.51,1.1917,17
1580052480.262,0.63,1.1016,0.54,1.1926,17
1580052480.433,0.61,1.1248,0.54,1.1838,17
1580052480.609,0.62,1.1148,0.53,1.1934,17
1580052480.778,0.62,1.1117,0.5,1.2049,17
1580052480.935,0.57,1.1583,0.55,1.1812,17
1580052481.108,0.59,1.14,0.59,1.1694,18
1580052481.281,0.61,1.1191,0.58,1.1584,18
1580052481.453,0.62,1.1181,0.52,1.1963,18
1580052481.626,0.63,1.1114,0.53,1.1985,18
1580052481.801,0.63,1.103,0.54,1.1781,18
1580052482.003,0.63,1.1106,0.56,1.1691,18
1580052482.195,0.61,1.1334,0.56,1.1813,18
1580052482.365,0.62,1.1066,0.57,1.1841,18
1580052482.543,0.62,1.1168,0.56,1.1736,18
1580052482.724,0.64,1.108,0.57,1.164,18
1580052482.903,0.64,1.1009,0.52,1.1786,18
1580052483.074,0.63,1.1097,0.54,1.1815,18
1580052483.248,0.64,1.0968,0.55,1.1813,18
1580052483.42,0.62,1.1119,0.55,1.186,18
1580052483.573,0.58,1.1487,0.57,1.1743,18
1580052483.757,0.6,1.1257,0.63,1.1595,19
1580052483.929,0.62,1.1095,0.59,1.1655,19
1580052484.1,0.62,1.1189,0.57,1.1657,19
1580052484.271,0.65,1.1025,0.52,1.2056,19
1580052484.441,0.64,1.0984,0.55,1.1798,19
1580052484.613,0.63,1.1022,0.54,1.1839,19
1580052484.785,0.58,1.1479,0.54,1.1751,19
1580052484.956,0.64,1.1029,0.54,1.1774,19
1580052485.136,0.65,1.0932,0.53,1.1869,19
1580052485.308,0.63,1.0997,0.6,1.1574,19
1580052485.48,0.64,1.0988,0.6,1.1498,19
1580052485.653,0.63,1.1099,0.55,1.1555,19
1580052485.825,0.66,1.0865,0.54,1.1767,19
1580052485.997,0.65,1.097,0.54,1.1909,19
1580052486.151,0.59,1.1482,0.53,1.1904,19
1580052486.328,0.6,1.1279,0.56,1.1612,20
1580052486.501,0.64,1.0981,0.59,1.1646,20
1580052486.672,0.61,1.1211,0.56,1.1629,20
1580052486.844,0.65,1.0934,0.49,1.2073,20
1580052487.017,0.64,1.1006,0.55,1.1738,20
1580052487.188,0.64,1.0997,0.58,1.1678,20
1580052487.359,0.61,1.128,0.55,1.1774,20
1580052487.531,0.65,1.099,0.54,1.1746,20
1580052487.702,0.64,1.0927,0.52,1.1981,20
1580052487.875,0.63,1.1006,0.56,1.169,20
1580052488.052,0.64,1.0919,0.62,1.1491,20
1580052488.227,0.63,1.1065,0.58,1.1512,20
1580052488.399,0.65,1.0903,0.59,1.1608,20
1580052488.57,0.65,1.0921,0.55,1.1885,20
1580052488.723,0.58,1.1502,0.55,1.1917,20
1580052488.899,0.6,1.1334,0.56,1.1665,21
1580052489.08,0.65,1.0971,0.55,1.1726,21
1580052489.262,0.6,1.1308,0.58,1.1495,21
1580052489.458,0.64,1.094,0.52,1.2087,21
1580052489.65,0.64,1.1019,0.49,1.2242,21
1580052489.822,0.61,1.1277,0.53,1.1756,21
1580052489.995,0.62,1.117,0.52,1.1845,21
1580052490.184,0.63,1.1039,0.53,1.1926,21
1580052490.355,0.6,1.1316,0.55,1.1706,21
1580052490.533,0.64,1.0944,0.51,1.2034,21
1580052490.705,0.65,1.0891,0.51,1.2183,21
1580052490.877,0.61,1.1294,0.58,1.1529,21
1580052491.05,0.65,1.0904,0.59,1.1484,21
1580052491.223,0.62,1.1149,0.6,1.1458,21
1580052491.375,0.56,1.1624,0.55,1.1431,21
1580052491.553,0.62,1.1154,0.58,1.1658,22
1580052491.727,0.64,1.0987,0.59,1.1685,22
1580052491.899,0.61,1.118,0.56,1.1632,22
1580052492.073,0.65,1.0947,0.55,1.1515,22
1580052492.246,0.67,1.0767,0.61,1.1385,22
1580052492.417,0.63,1.099,0.62,1.1397,22
1580052492.592,0.63,1.1136,0.63,1.1454,22
1580052492.764,0.64,1.0925,0.58,1.1513,22
1580052492.936,0.65,1.0853,0.55,1.1647,22
1580052493.117,0.67,1.0833,0.56,1.1646,22
1580052493.291,0.66,1.0794,0.57,1.1656,22
1580052493.461,0.62,1.1056,0.55,1.1723,22
1580052493.631,0.65,1.0836,0.6,1.1464,22
1580052493.802,0.65,1.0848,0.6,1.1228,22
1580052493.956,0.57,1.1465,0.61,1.1209,22
1580052494.13,0.61,1.1201,0.59,1.1265,23
1580052494.304,0.65,1.089,0.59,1.148,23
1580052494.496,0.65,1.0933,0.61,1.1497,23
1580052494.686,0.64,1.0922,0.59,1.1488,23
1580052494.86,0.67,1.071,0.62,1.1318,23
1580052495.052,0.66,1.0827,0.65,1.1226,23
1580052495.23,0.64,1.1038,0.65,1.1264,23
1580052495.414,0.66,1.0819,0.64,1.1326,23
1580052495.584,0.65,1.0843,0.59,1.1472,23
1580052495.755,0.66,1.0765,0.58,1.1573,23
1580052495.935,0.67,1.0692,0.59,1.1601,23
1580052496.107,0.63,1.1036,0.58,1.1593,23
1580052496.295,0.66,1.0763,0.61,1.1312,23
1580052496.49,0.66,1.0791,0.62,1.118,23
1580052496.663,0.59,1.1406,0.61,1.1239,23
1580052496.86,0.61,1.1196,0.62,1.1175,24
1580052497.034,0.64,1.0891,0.58,1.1493,24
1580052497.228,0.65,1.0892,0.59,1.1512,24
1580052497.399,0.65,1.0887,0.6,1.1485,24
1580052497.569,0.66,1.0763,0.58,1.146,24
1580052497.74,0.66,1.0801,0.61,1.1209,24
1580052497.91,0.65,1.0961,0.62,1.1285,24
1580052498.081,0.66,1.0793,0.61,1.1376,24
1580052498.253,0.66,1.0865,0.61,1.1404,24
1580052498.428,0.67,1.0756,0.57,1.1599,24
1580052498.602,0.68,1.0641,0.59,1.1625,24
1580052498.776,0.62,1.1066,0.56,1.1571,24
1580052498.97,0.67,1.0747,0.59,1.1293,24
1580052499.159,0.67,1.075,0.6,1.115,24
1580052499.338,0.6,1.1361,0.58,1.1384,24
1580052499.539,0.61,1.1266,0.62,1.1231,25
1580052499.736,0.64,1.097,0.63,1.121,25
1580052499.911,0.65,1.0863,0.58,1.1527,25
1580052500.083,0.66,1.0778,0.58,1.1515,25
1580052500.254,0.67,1.0739,0.59,1.1509,25
1580052500.426,0.65,1.0908,0.6,1.1399,25
1580052500.599,0.63,1.1025,0.62,1.1175,25
1580052500.79,0.68,1.0715,0.58,1.1514,25
1580052500.983,0.64,1.0953,0.58,1.1582,25
1580052501.153,0.64,1.0998,0.6,1.139,25
1580052501.323,0.66,1.0766,0.58,1.1608,25
1580052501.521,0.64,1.0938,0.57,1.1689,25
1580052501.712,0.67,1.0735,0.57,1.155,25
1580052501.882,0.64,1.1023,0.57,1.1482,25
1580052502.034,0.59,1.1374,0.61,1.1331,25
1580052502.209,0.64,1.1079,0.6,1.1212,26
1580052502.409,0.65,1.0839,0.62,1.1342,26
1580052502.602,0.65,1.085,0.59,1.1432,26
1580052502.799,0.65,1.0871,0.59,1.1382,26
1580052502.991,0.67,1.0665,0.6,1.1364,26
1580052503.161,0.66,1.0808,0.58,1.1495,26
1580052503.333,0.65,1.0971,0.56,1.154,26
1580052503.502,0.66,1.0811,0.57,1.1505,26
1580052503.672,0.66,1.0759,0.59,1.1515,26
1580052503.842,0.68,1.0695,0.61,1.1387,26
1580052504.013,0.68,1.0619,0.64,1.1324,26
1580052504.184,0.65,1.0887,0.66,1.1241,26
1580052504.353,0.67,1.0667,0.64,1.1194,26
1580052504.524,0.68,1.0629,0.6,1.1148,26
1580052504.676,0.61,1.1224,0.61,1.1173,26
1580052504.855,0.63,1.1062,0.59,1.1315,27
1580052505.046,0.65,1.0835,0.59,1.1528,27
1580052505.217,0.65,1.0919,0.54,1.1756,27
1580052505.387,0.65,1.0845,0.57,1.1641,27
1580052505.581,0.67,1.0609,0.6,1.1411,27
1580052505.755,0.65,1.0821,0.64,1.121,27
1580052505.926,0.65,1.0917,0.62,1.1325,27
1580052506.096,0.67,1.0764,0.62,1.1265,27
1580052506.266,0.68,1.0649,0.6,1.1379,27
1580052506.439,0.67,1.0702,0.61,1.1369,27
1580052506.609,0.68,1.0609,0.56,1.179,27
1580052506.779,0.64,1.096,0.56,1.1731,27
1580052506.954,0.66,1.0803,0.61,1.1164,27
1580052507.136,0.67,1.0673,0.63,1.1075,27
1580052507.287,0.61,1.126,0.65,1.0981,27
1580052507.462,0.63,1.1088,0.63,1.1084,28
1580052507.634,0.67,1.0784,0.59,1.1449,28
1580052507.805,0.66,1.0843,0.58,1.1604,28
1580052507.977,0.65,1.0837,0.55,1.1723,28
1580052508.174,0.68,1.0632,0.57,1.1675,28
1580052508.373,0.67,1.0735,0.6,1.1468,28
1580052508.569,0.65,1.0845,0.61,1.1367,28
1580052508.767,0.68,1.0674,0.62,1.1297,28
1580052508.962,0.66,1.0724,0.62,1.125,28
1580052509.134,0.67,1.0683,0.6,1.1329,28
1580052509.327,0.67,1.0659,0.55,1.1766,28
1580052509.525,0.64,1.0947,0.57,1.1649,28
1580052509.714,0.68,1.0654,0.61,1.1298,28
1580052509.887,0.68,1.0618,0.62,1.1105,28
1580052510.039,0.61,1.123,0.62,1.121,28
1580052510.221,0.61,1.1204,0.63,1.1037,29
1580052510.394,0.65,1.0884,0.61,1.1195,29
1580052510.571,0.66,1.08,0.58,1.156,29
1580052510.741,0.66,1.0739,0.58,1.164,29
1580052510.913,0.66,1.0734,0.56,1.1606,29
1580052511.088,0.67,1.0735,0.61,1.1275,29
1580052511.271,0.66,1.0823,0.64,1.1147,29
1580052511.441,0.68,1.0619,0.62,1.1325,29
1580052511.613,0.65,1.086,0.64,1.1183,29
1580052511.787,0.66,1.0746,0.61,1.1306,29
1580052511.964,0.68,1.0597,0.57,1.1743,29
1580052512.138,0.64,1.0895,0.54,1.1884,29
1580052512.32,0.66,1.0842,0.59,1.1624,29
1580052512.515,0.66,1.0798,0.6,1.1223,29
1580052512.684,0.62,1.1169,0.64,1.1145,29
1580052512.858,0.64,1.1078,0.64,1.1192,30
1580052513.035,0.65,1.0937,0.58,1.1239,30
1580052513.212,0.65,1.0907,0.64,1.1177,30
1580052513.385,0.68,1.0684,0.59,1.1389,30
1580052513.556,0.69,1.0531,0.57,1.1619,30
1580052513.735,0.67,1.0778,0.56,1.1595,30
1580052513.906,0.64,1.0918,0.6,1.1375,30
1580052514.077,0.68,1.0673,0.63,1.1102,30
1580052514.249,0.69,1.0575,0.64,1.1144,30
1580052514.428,0.66,1.0718,0.64,1.1148,30
1580052514.626,0.67,1.0711,0.64,1.1156,30
1580052514.797,0.67,1.072,0.56,1.1646,30
1580052514.969,0.68,1.062,0.56,1.1695,30
1580052515.141,0.67,1.0776,0.57,1.1591,30
1580052515.317,0.62,1.1235,0.55,1.157,30
1580052515.516,0.65,1.0932,0.62,1.1226,31
1580052515.711,0.66,1.0816,0.62,1.1094,31
1580052515.882,0.67,1.0662,0.62,1.121,31
1580052516.052,0.67,1.0719,0.64,1.1181,31
1580052516.224,0.66,1.0807,0.63,1.1098,31
1580052516.395,0.67,1.072,0.59,1.1359,31
1580052516.571,0.65,1.0925,0.59,1.1509,31
1580052516.744,0.65,1.0768,0.59,1.1547,31
1580052516.915,0.66,1.076,0.58,1.1511,31
1580052517.089,0.66,1.0715,0.62,1.1162,31
1580052517.27,0.69,1.0485,0.65,1.103,31
1580052517.441,0.66,1.0809,0.64,1.1024,31
1580052517.616,0.68,1.0605,0.62,1.1199,31
1580052517.787,0.67,1.0673,0.62,1.1291,31
1580052517.939,0.61,1.123,0.6,1.1364,31
1580052518.118,0.65,1.0831,0.56,1.1661,32
1580052518.306,0.65,1.0872,0.57,1.149,32
1580052518.476,0.65,1.0864,0.58,1.1411,32
1580052518.652,0.68,1.0643,0.57,1.1649,32
1580052518.847,0.66,1.0751,0.63,1.1322,32
1580052519.018,0.66,1.0776,0.6,1.1241,32
1580052519.19,0.66,1.0776,0.57,1.1548,32
1580052519.361,0.66,1.0743,0.57,1.1516,32
1580052519.532,0.67,1.0742,0.62,1.1367,32
1580052519.713,0.67,1.0635,0.62,1.1306,32
1580052519.884,0.7,1.0462,0.61,1.1303,32
1580052520.06,0.66,1.0762,0.61,1.1197,32
1580052520.247,0.69,1.0515,0.63,1.1089,32
1580052520.418,0.68,1.0605,0.64,1.1018,32
1580052520.571,0.63,1.105,0.64,1.0975,32
1580052520.751,0.64,1.0866,0.65,1.1022,33
1580052520.924,0.68,1.0643,0.65,1.1071,33
1580052521.097,0.67,1.0687,0.62,1.1164,33
1580052521.268,0.68,1.062,0.61,1.1325,33
1580052521.438,0.68,1.057,0.61,1.1376,33
1580052521.613,0.67,1.0673,0.62,1.1331,33
1580052521.816,0.68,1.0704,0.57,1.1407,33
1580052522.014,0.68,1.0553,0.6,1.1337,33
1580052522.211,0.68,1.0642,0.61,1.1173,33
1580052522.41,0.69,1.0534,0.62,1.1208,33
1580052522.596,0.69,1.0408,0.6,1.1317,33
1580052522.77,0.67,1.0669,0.6,1.1302,33
1580052522.941,0.69,1.0466,0.6,1.125,33
1580052523.113,0.68,1.0577,0.61,1.1131,33
1580052523.268,0.64,1.103,0.64,1.0962,33
1580052523.443,0.65,1.082,0.63,1.1022,34
1580052523.614,0.68,1.067,0.61,1.1079,34
1580052523.788,0.66,1.0696,0.64,1.1082,34
1580052523.963,0.69,1.0552,0.59,1.1446,34
1580052524.133,0.68,1.0615,0.58,1.156,34
1580052524.304,0.67,1.0745,0.61,1.1338,34
1580052524.475,0.67,1.0749,0.57,1.1498,34
1580052524.647,0.69,1.0544,0.57,1.1561,34
1580052524.83,0.67,1.0773,0.64,1.1125,34
1580052525.022,0.68,1.0569,0.61,1.1199,34
1580052525.194,0.69,1.0458,0.6,1.1471,34
1580052525.388,0.66,1.0748,0.58,1.1373,34
1580052525.581,0.69,1.0508,0.6,1.1289,34
1580052525.759,0.67,1.0716,0.59,1.1227,34
1580052525.912,0.64,1.0995,0.62,1.1031,34
1580052526.089,0.66,1.0745,0.63,1.1004,35
1580052526.26,0.68,1.0622,0.62,1.1039,35
1580052526.431,0.68,1.0588,0.65,1.1028,35
1580052526.602,0.69,1.0557,0.61,1.1192,35
1580052526.776,0.69,1.0493,0.59,1.1408,35
1580052526.947,0.67,1.0671,0.61,1.1353,35
1580052527.135,0.67,1.0769,0.57,1.1416,35
1580052527.307,0.68,1.0571,0.57,1.1566,35
1580052527.477,0.67,1.0653,0.61,1.1319,35
1580052527.649,0.68,1.0573,0.64,1.1141,35
1580052527.824,0.68,1.0539,0.63,1.1195,35
1580052528.019,0.66,1.0821,0.59,1.1214,35
1580052528.213,0.69,1.0486,0.6,1.1256,35
1580052528.384,0.69,1.0561,0.61,1.1307,35
1580052528.537,0.62,1.1137,0.61,1.1241,35
1580052528.712,0.66,1.0796,0.62,1.1139,36
1580052528.903,0.69,1.0545,0.63,1.1009,36
1580052529.09,0.69,1.0504,0.64,1.1043,36
1580052529.286,0.69,1.0548,0.63,1.1089,36
1580052529.456,0.68,1.0598,0.64,1.1128,36
1580052529.627,0.67,1.0678,0.61,1.1256,36
1580052529.799,0.68,1.0639,0.58,1.1399,36
1580052529.97,0.69,1.0546,0.59,1.1458,36
1580052530.141,0.68,1.0631,0.61,1.1355,36
1580052530.338,0.69,1.047,0.61,1.1247,36
1580052530.532,0.71,1.0314,0.62,1.1188,36
1580052530.721,0.68,1.062,0.62,1.1163,36
1580052530.893,0.69,1.0531,0.64,1.1091,36
1580052531.064,0.68,1.0516,0.61,1.113,36
1580052531.217,0.64,1.0952,0.62,1.1227,36
1580052531.394,0.66,1.072,0.62,1.1272,37
1580052531.567,0.69,1.0561,0.62,1.13,37
1580052531.742,0.68,1.0656,0.6,1.1338,37
1580052531.917,0.69,1.0491,0.6,1.121,37
1580052532.089,0.69,1.0437,0.63,1.1096,37
1580052532.27,0.69,1.0556,0.62,1.1111,37
1580052532.465,0.68,1.0598,0.6,1.1279,37
1580052532.662,0.71,1.041,0.58,1.1366,37
1580052532.857,0.69,1.0533,0.59,1.1271,37
1580052533.05,0.69,1.0428,0.62,1.1146,37
1580052533.225,0.72,1.029,0.62,1.1266,37
1580052533.4,0.68,1.0582,0.61,1.1326,37
1580052533.595,0.69,1.044,0.63,1.1102,37
1580052533.767,0.7,1.0404,0.64,1.0997,37
1580052533.922,0.65,1.0908,0.65,1.0933,37
1580052534.095,0.68,1.0648,0.65,1.0994,38
1580052534.283,0.7,1.0471,0.62,1.1141,38
1580052534.478,0.69,1.0527,0.6,1.1268,38
1580052534.668,0.7,1.0465,0.63,1.1303,38
1580052534.839,0.7,1.0408,0.61,1.1292,38
1580052535.013,0.69,1.0522,0.62,1.1188,38
1580052535.185,0.69,1.0535,0.59,1.1394,38
1580052535.356,0.7,1.0412,0.56,1.1581,38
1580052535.529,0.69,1.055,0.6,1.1394,38
1580052535.701,0.7,1.0398,0.62,1.1306,38
1580052535.872,0.72,1.0248,0.61,1.1381,38
1580052536.047,0.68,1.0565,0.59,1.1348,38
1580052536.218,0.7,1.0363,0.62,1.1131,38
1580052536.39,0.7,1.0377,0.64,1.107,38
1580052536.542,0.66,1.0837,0.62,1.1118,38
1580052536.716,0.68,1.0622,0.63,1.1131,39
1580052536.888,0.69,1.047,0.62,1.1155,39
1580052537.064,0.7,1.0423,0.62,1.1206,39
1580052537.237,0.7,1.042,0.61,1.1212,39
1580052537.408,0.71,1.0364,0.62,1.1219,39
1580052537.579,0.71,1.0373,0.63,1.1204,39
1580052537.754,0.7,1.0502,0.59,1.1302,39
1580052537.925,0.71,1.0335,0.57,1.1441,39
1580052538.102,0.69,1.0503,0.59,1.1343,39
1580052538.297,0.71,1.0403,0.62,1.1282,39
1580052538.489,0.73,1.0188,0.6,1.1477,39
1580052538.682,0.68,1.0587,0.59,1.1348,39
1580052538.876,0.71,1.0299,0.62,1.1108,39
1580052539.066,0.71,1.0339,0.64,1.1021,39
1580052539.22,0.66,1.0836,0.64,1.1004,39
1580052539.397,0.67,1.0651,0.63,1.1114,40
1580052539.568,0.7,1.0427,0.61,1.1222,40
1580052539.738,0.7,1.0456,0.62,1.1287,40
1580052539.91,0.71,1.0407,0.6,1.1263,40
1580052540.108,0.71,1.0345,0.61,1.1151,40
1580052540.305,0.71,1.0397,0.62,1.1125,40
1580052540.499,0.7,1.0484,0.58,1.1368,40
1580052540.678,0.71,1.0328,0.57,1.1478,40
1580052540.861,0.7,1.0437,0.6,1.1388,40
1580052541.033,0.7,1.0413,0.62,1.1172,40
1580052541.205,0.71,1.0274,0.58,1.1404,40
1580052541.376,0.7,1.0461,0.57,1.1627,40
1580052541.547,0.69,1.0462,0.59,1.1426,40
1580052541.718,0.7,1.0376,0.62,1.1183,40
1580052541.887,0.66,1.0842,0.6,1.1197,40
1580052542.068,0.67,1.072,0.65,1.1014,41
1580052542.239,0.69,1.0456,0.62,1.1104,41
1580052542.41,0.72,1.0345,0.62,1.1228,41
1580052542.588,0.71,1.0403,0.62,1.1319,41
1580052542.76,0.7,1.0402,0.59,1.1379,41
1580052542.931,0.71,1.0374,0.61,1.1209,41
1580052543.105,0.69,1.0576,0.64,1.1038,41
1580052543.277,0.71,1.0362,0.58,1.1476,41
1580052543.451,0.69,1.0566,0.57,1.1531,41
1580052543.622,0.69,1.0499,0.57,1.1526,41
1580052543.798,0.72,1.0241,0.54,1.1845,41
1580052543.969,0.66,1.0714,0.58,1.1628,41
1580052544.141,0.69,1.056,0.62,1.1154,41
1580052544.314,0.71,1.0307,0.64,1.0969,41
1580052544.466,0.65,1.0844,0.59,1.1312,41
1580052544.641,0.66,1.0786,0.64,1.1109,42
1580052544.813,0.7,1.0401,0.62,1.1336,42
1580052544.986,0.69,1.046,0.58,1.1364,42
1580052545.157,0.7,1.0427,0.62,1.115,42
1580052545.329,0.71,1.0279,0.64,1.1089,42
1580052545.5,0.71,1.0321,0.64,1.1093,42
1580052545.671,0.7,1.0502,0.63,1.1122,42
1580052545.841,0.71,1.0307,0.63,1.1147,42
1580052546.013,0.69,1.0424,0.6,1.1224,42
1580052546.184,0.71,1.0341,0.58,1.1313,42
1580052546.355,0.7,1.0419,0.62,1.1246,42
1580052546.525,0.7,1.0458,0.56,1.1663,42
1580052546.696,0.7,1.041,0.56,1.1771,42
1580052546.866,0.66,1.0742,0.61,1.1245,42
1580052547.019,0.63,1.1051,0.65,1.0992,42
1580052547.201,0.67,1.0686,0.59,1.1534,43
1580052547.372,0.61,1.1158,0.57,1.1368,43
1580052547.544,0.66,1.0727,0.61,1.1397,43
1580052547.715,0.69,1.0488,0.51,1.2009,43
1580052547.886,0.67,1.0727,0.5,1.2201,43
1580052548.062,0.61,1.1179,0.53,1.1883,43
1580052548.24,0.62,1.1113,0.6,1.137,43
1580052548.41,0.69,1.0481,0.57,1.1466,43
1580052548.581,0.69,1.0552,0.56,1.1918,43
1580052548.754,0.64,1.0956,0.57,1.163,43
1580052548.925,0.66,1.0762,0.62,1.1199,43
1580052549.098,0.68,1.0576,0.57,1.1637,43
1580052549.281,0.71,1.0383,0.52,1.2021,43
1580052549.477,0.63,1.0979,0.55,1.1908,43
1580052549.65,0.59,1.1509,0.56,1.1605,43
1580052549.85,0.61,1.1226,0.59,1.1344,44
1580052550.048,0.67,1.0724,0.62,1.1187,44
1580052550.245,0.68,1.0639,0.58,1.1537,44
1580052550.438,0.65,1.0852,0.56,1.1774,44
1580052550.633,0.65,1.0817,0.57,1.1735,44
1580052550.803,0.67,1.0799,0.57,1.172,44
1580052550.974,0.64,1.0866,0.53,1.1877,44
1580052551.155,0.67,1.0642,0.53,1.1854,44
1580052551.35,0.64,1.0882,0.58,1.154,44
1580052551.522,0.66,1.076,0.61,1.133,44
1580052551.698,0.69,1.038,0.61,1.1192,44
1580052551.87,0.68,1.0603,0.63,1.109,44
1580052552.041,0.68,1.0515,0.62,1.1145,44
1580052552.214,0.69,1.0455,0.64,1.1176,44
1580052552.373,0.65,1.091,0.63,1.1188,44
1580052552.547,0.67,1.0625,0.63,1.1224,45
1580052552.725,0.69,1.0549,0.62,1.1235,45
1580052552.906,0.69,1.0399,0.61,1.119,45
1580052553.078,0.69,1.0514,0.62,1.1063,45
1580052553.253,0.71,1.0365,0.61,1.1076,45
1580052553.434,0.7,1.0383,0.61,1.1158,45
1580052553.639,0.68,1.0644,0.61,1.1192,45
1580052553.811,0.7,1.0413,0.61,1.1208,45
1580052553.983,0.71,1.0387,0.61,1.1253,45
1580052554.153,0.71,1.0355,0.61,1.1219,45
1580052554.325,0.69,1.0509,0.63,1.1118,45
1580052554.5,0.68,1.0567,0.64,1.1095,45
1580052554.69,0.71,1.0308,0.61,1.1248,45
1580052554.862,0.7,1.0452,0.62,1.1232,45
1580052555.016,0.62,1.1143,0.63,1.1164,45
1580052555.189,0.63,1.103,0.61,1.1157,46
1580052555.383,0.69,1.0575,0.63,1.1109,46
1580052555.579,0.71,1.0393,0.59,1.1253,46
1580052555.755,0.68,1.0606,0.62,1.1214,46
1580052555.937,0.7,1.0429,0.59,1.1251,46
1580052556.131,0.69,1.0509,0.63,1.1268,46
1580052556.324,0.68,1.0583,0.62,1.1337,46
1580052556.496,0.7,1.0394,0.61,1.13,46
1580052556.666,0.7,1.0449,0.63,1.1072,46
1580052556.84,0.7,1.0427,0.65,1.0997,46
1580052557.018,0.7,1.0412,0.64,1.0976,46
1580052557.212,0.67,1.0692,0.63,1.1051,46
1580052557.385,0.71,1.03,0.6,1.1356,46
1580052557.559,0.71,1.03,0.59,1.1498,46
1580052557.713,0.62,1.109,0.56,1.1522,46
1580052557.886,0.67,1.0734,0.59,1.144,47
1580052558.059,0.68,1.0547,0.63,1.1094,47
1580052558.235,0.72,1.0292,0.64,1.098,47
1580052558.412,0.69,1.0494,0.64,1.1019,47
1580052558.584,0.67,1.0586,0.64,1.1068,47
1580052558.755,0.7,1.0377,0.6,1.128,47
1580052558.928,0.69,1.0492,0.56,1.1652,47
1580052559.113,0.68,1.0529,0.55,1.1669,47
1580052559.31,0.68,1.0535,0.6,1.1367,47
1580052559.511,0.71,1.0383,0.62,1.1202,47
1580052559.708,0.71,1.0291,0.62,1.1148,47
1580052559.897,0.67,1.0662,0.64,1.1015,47
1580052560.099,0.7,1.0388,0.6,1.1216,47
1580052560.277,0.72,1.0259,0.59,1.146,47
1580052560.432,0.64,1.1015,0.59,1.1514,47
1580052560.613,0.65,1.0911,0.57,1.1499,48
1580052560.811,0.68,1.0674,0.59,1.1303,48
1580052560.983,0.71,1.0311,0.63,1.1161,48
1580052561.155,0.69,1.0495,0.57,1.1373,48
1580052561.326,0.68,1.0676,0.62,1.1183,48
1580052561.523,0.68,1.0644,0.65,1.1024,48
1580052561.72,0.69,1.0495,0.61,1.1195,48
1580052561.906,0.7,1.0412,0.58,1.1475,48
1580052562.101,0.67,1.06,0.57,1.1591,48
1580052562.296,0.69,1.0544,0.59,1.1346,48
1580052562.496,0.74,1.0102,0.64,1.1079,48
1580052562.691,0.69,1.0465,0.65,1.0983,48
1580052562.887,0.69,1.0404,0.65,1.0946,48
1580052563.079,0.69,1.049,0.64,1.0896,48
1580052563.233,0.66,1.0786,0.61,1.1086,48
1580052563.412,0.68,1.0586,0.6,1.1366,49
1580052563.589,0.68,1.0594,0.6,1.1353,49
1580052563.768,0.68,1.0551,0.61,1.1203,49
1580052563.94,0.7,1.0397,0.65,1.1002,49
1580052564.118,0.7,1.03,0.64,1.1021,49
1580052564.29,0.7,1.0391,0.64,1.1023,49
1580052564.463,0.69,1.0506,0.65,1.1049,49
1580052564.641,0.72,1.0245,0.63,1.1164,49
1580052564.813,0.72,1.0246,0.59,1.1274,49
1580052564.986,0.72,1.0255,0.59,1.1293,49
1580052565.161,0.73,1.0063,0.6,1.1231,49
1580052565.333,0.7,1.0356,0.64,1.1076,49
1580052565.506,0.73,1.0149,0.63,1.0981,49
1580052565.68,0.72,1.0171,0.64,1.0941,49
1580052565.834,0.66,1.0751,0.65,1.089,49
1580052566.009,0.68,1.0532,0.65,1.0988,50
1580052566.184,0.7,1.0446,0.62,1.1076,50
1580052566.356,0.72,1.0289,0.63,1.117,50
1580052566.528,0.71,1.0316,0.59,1.1293,50
1580052566.703,0.71,1.0251,0.59,1.1295,50
1580052566.875,0.71,1.0314,0.63,1.1227,50
1580052567.052,0.7,1.0384,0.63,1.113,50
1580052567.225,0.72,1.0217,0.6,1.1202,50
1580052567.396,0.71,1.0393,0.63,1.1126,50
1580052567.567,0.71,1.0304,0.64,1.1128,50
1580052567.748,0.74,1.0066,0.59,1.1358,50
1580052567.922,0.7,1.0343,0.6,1.1435,50
1580052568.109,0.72,1.0179,0.58,1.1379,50
1580052568.305,0.72,1.0224,0.62,1.1184,50
1580052568.483,0.67,1.0745,0.63,1.1,50
1580052568.7,0.67,1.0606,0.66,1.0925,51
1580052568.875,0.7,1.0432,0.63,1.1127,51
1580052569.046,0.7,1.0412,0.61,1.1141,51
1580052569.219,0.71,1.0359,0.62,1.1195,51
1580052569.402,0.72,1.0216,0.61,1.1253,51
1580052569.573,0.71,1.0334,0.61,1.1233,51
1580052569.749,0.68,1.0632,0.64,1.1079,51
1580052569.922,0.72,1.0224,0.61,1.117,51
1580052570.094,0.72,1.0275,0.58,1.1546,51
1580052570.268,0.69,1.0497,0.57,1.1524,51
1580052570.464,0.71,1.027,0.59,1.1343,51
1580052570.653,0.71,1.0381,0.59,1.1365,51
1580052570.825,0.72,1.0226,0.6,1.1383,51
1580052570.998,0.71,1.0403,0.59,1.1299,51
1580052571.151,0.64,1.0975,0.62,1.1188,51
1580052571.331,0.66,1.0788,0.64,1.1049,52
1580052571.507,0.69,1.0449,0.62,1.0992,52
1580052571.704,0.72,1.0258,0.61,1.127,52
1580052571.902,0.69,1.0535,0.61,1.1287,52
1580052572.098,0.71,1.0395,0.63,1.1194,52
1580052572.293,0.7,1.0377,0.62,1.1227,52
1580052572.486,0.69,1.0413,0.6,1.1396,52
1580052572.68,0.71,1.0284,0.6,1.1397,52
1580052572.852,0.7,1.0396,0.61,1.1256,52
1580052573.024,0.7,1.0379,0.64,1.1126,52
1580052573.277,0.72,1.0168,0.63,1.1152,52
1580052573.449,0.69,1.0466,0.62,1.1185,52
1580052573.621,0.7,1.0307,0.62,1.1284,52
1580052573.802,0.72,1.0222,0.59,1.1419,52
1580052573.961,0.64,1.0948,0.59,1.1438,52
1580052574.137,0.68,1.0618,0.57,1.154,53
1580052574.309,0.69,1.0516,0.57,1.1428,53
1580052574.481,0.7,1.0344,0.63,1.1119,53
1580052574.652,0.69,1.0429,0.63,1.1167,53
1580052574.828,0.69,1.0534,0.61,1.1274,53
1580052574.999,0.69,1.0493,0.64,1.1152,53
1580052575.172,0.69,1.0496,0.62,1.1203,53
1580052575.369,0.72,1.0218,0.59,1.147,53
1580052575.566,0.7,1.0423,0.58,1.1649,53
1580052575.759,0.69,1.0502,0.57,1.1521,53
1580052575.953,0.75,1.0003,0.62,1.1086,53
1580052576.148,0.7,1.0384,0.64,1.0993,53
1580052576.32,0.71,1.0319,0.64,1.1053,53
1580052576.492,0.71,1.0342,0.6,1.119,53
1580052576.645,0.67,1.0666,0.6,1.1294,53
1580052576.827,0.69,1.045,0.59,1.1456,54
1580052577.003,0.7,1.0428,0.57,1.1483,54
1580052577.199,0.7,1.04,0.58,1.1304,54
1580052577.393,0.71,1.0339,0.62,1.11,54
1580052577.587,0.71,1.0219,0.6,1.1118,54
1580052577.762,0.72,1.0237,0.61,1.1201,54
1580052577.937,0.71,1.0385,0.61,1.1209,54
1580052578.114,0.72,1.0216,0.62,1.1217,54
1580052578.304,0.71,1.035,0.59,1.1359,54
1580052578.474,0.71,1.0258,0.57,1.1545,54
1580052578.646,0.73,1.0074,0.57,1.1384,54
1580052578.838,0.7,1.0383,0.65,1.0998,54
1580052579.01,0.73,1.01,0.65,1.0991,54
1580052579.183,0.71,1.0286,0.65,1.097,54
1580052579.34,0.67,1.0705,0.64,1.101,54
1580052579.541,0.7,1.0444,0.61,1.1263,55
1580052579.732,0.7,1.0378,0.6,1.1347,55
1580052579.905,0.72,1.0197,0.6,1.1202,55
1580052580.076,0.72,1.026,0.62,1.1106,55
1580052580.249,0.72,1.0221,0.63,1.111,55
1580052580.421,0.73,1.0144,0.64,1.1108,55
1580052580.594,0.71,1.0329,0.64,1.1056,55
1580052580.765,0.74,1.0079,0.62,1.1125,55
1580052580.941,0.71,1.0265,0.62,1.1202,55
1580052581.137,0.71,1.0264,0.6,1.121,55
1580052581.312,0.73,1.0109,0.63,1.1196,55
1580052581.484,0.71,1.0298,0.62,1.1262,55
1580052581.657,0.74,1.0053,0.63,1.1204,55
1580052581.833,0.72,1.0157,0.62,1.1165,55
1580052582.016,0.67,1.0747,0.63,1.1016,55
1580052582.228,0.69,1.0467,0.62,1.109,56
1580052582.43,0.7,1.035,0.59,1.1382,56
1580052582.601,0.7,1.0403,0.61,1.1299,56
1580052582.772,0.7,1.0359,0.61,1.1313,56
1580052582.943,0.73,1.0101,0.6,1.1426,56
1580052583.114,0.72,1.0233,0.57,1.1465,56
1580052583.286,0.67,1.0644,0.59,1.1374,56
1580052583.459,0.73,1.0166,0.63,1.1121,56
1580052583.629,0.72,1.0175,0.58,1.1429,56
1580052583.801,0.71,1.0317,0.56,1.1636,56
1580052583.975,0.71,1.0308,0.59,1.1443,56
1580052584.146,0.69,1.0475,0.59,1.1424,56
1580052584.318,0.73,1.013,0.61,1.1258,56
1580052584.49,0.72,1.0193,0.62,1.1182,56
1580052584.644,0.65,1.0952,0.61,1.1204,56
1580052584.824,0.63,1.1024,0.63,1.1119,57
1580052585.025,0.69,1.0578,0.61,1.1258,57
1580052585.197,0.71,1.0315,0.58,1.1512,57
1580052585.368,0.69,1.0572,0.59,1.1555,57
1580052585.54,0.7,1.0392,0.6,1.1435,57
1580052585.711,0.69,1.0496,0.58,1.1534,57
1580052585.882,0.69,1.0535,0.6,1.1464,57
1580052586.057,0.71,1.0302,0.62,1.1295,57
1580052586.231,0.7,1.037,0.62,1.1221,57
1580052586.403,0.72,1.0328,0.6,1.1276,57
1580052586.575,0.72,1.0177,0.61,1.1238,57
1580052586.746,0.68,1.0577,0.65,1.0949,57
1580052586.919,0.7,1.0334,0.64,1.0984,57
1580052587.114,0.72,1.0212,0.62,1.1109,57
1580052587.268,0.67,1.0712,0.64,1.1149,57
1580052587.444,0.67,1.0625,0.61,1.123,58
1580052587.615,0.69,1.0487,0.59,1.138,58
1580052587.787,0.72,1.0219,0.61,1.1271,58
1580052587.957,0.7,1.0351,0.61,1.1278,58
1580052588.134,0.69,1.0469,0.61,1.1198,58
1580052588.33,0.68,1.0551,0.65,1.1007,58
1580052588.502,0.69,1.0554,0.65,1.0951,58
1580052588.673,0.72,1.02,0.61,1.1289,58
1580052588.855,0.7,1.0413,0.61,1.1192,58
1580052589.029,0.69,1.0496,0.64,1.1127,58
1580052589.204,0.73,1.0148,0.57,1.1537,58
1580052589.383,0.69,1.0494,0.56,1.1613,58
1580052589.555,0.71,1.0336,0.6,1.1289,58
1580052589.726,0.71,1.0313,0.65,1.0972,58
1580052589.879,0.68,1.0602,0.63,1.1055,58
1580052590.056,0.66,1.0755,0.63,1.1043,59
1580052590.229,0.68,1.062,0.65,1.0962,59
1580052590.402,0.7,1.0379,0.59,1.1284,59
1580052590.577,0.71,1.03,0.57,1.1595,59
1580052590.75,0.71,1.0244,0.56,1.1682,59
1580052590.923,0.68,1.0557,0.56,1.1645,59
1580052591.096,0.67,1.0654,0.58,1.1403,59
1580052591.267,0.72,1.0227,0.62,1.115,59
1580052591.446,0.71,1.0296,0.63,1.11,59
1580052591.633,0.71,1.0325,0.64,1.0947,59
1580052591.83,0.73,1.0081,0.65,1.096,59
1580052592.023,0.71,1.0308,0.65,1.103,59
1580052592.201,0.72,1.02,0.61,1.1209,59
1580052592.395,0.7,1.0436,0.64,1.1071,59
1580052592.57,0.67,1.0667,0.65,1.0935,59
1580052592.747,0.69,1.0439,0.64,1.0898,60
1580052592.92,0.7,1.0411,0.65,1.0967,60
1580052593.094,0.7,1.0387,0.65,1.0902,60
1580052593.265,0.7,1.036,0.65,1.0903,60
1580052593.436,0.72,1.0219,0.61,1.1279,60
1580052593.608,0.73,1.015,0.57,1.147,60
1580052593.78,0.69,1.051,0.58,1.1495,60
1580052593.951,0.71,1.0301,0.59,1.1377,60
1580052594.129,0.72,1.0194,0.6,1.1189,60
1580052594.325,0.73,1.0149,0.61,1.118,60
1580052594.519,0.72,1.022,0.61,1.1105,60
1580052594.714,0.7,1.0436,0.6,1.1182,60
1580052594.9,0.74,1.0023,0.59,1.1474,60
1580052595.088,0.73,1.0084,0.6,1.1409,60
1580052595.247,0.68,1.0673,0.61,1.1295,60
1580052595.422,0.68,1.0545,0.63,1.1061,61
1580052595.593,0.69,1.0464,0.66,1.0866,61
1580052595.765,0.72,1.0315,0.63,1.0906,61
1580052595.937,0.71,1.0254,0.64,1.0991,61
1580052596.109,0.73,1.0175,0.62,1.1165,61
1580052596.307,0.72,1.0246,0.62,1.1285,61
1580052596.502,0.69,1.0458,0.61,1.1323,61
1580052596.696,0.72,1.024,0.59,1.1275,61
1580052596.886,0.72,1.0236,0.62,1.113,61
1580052597.058,0.73,1.0119,0.61,1.1114,61
1580052597.231,0.74,0.9978,0.64,1.1018,61
1580052597.403,0.7,1.0343,0.65,1.1003,61
1580052597.575,0.74,1.003,0.61,1.1193,61
1580052597.747,0.74,1.0017,0.6,1.1352,61
1580052597.9,0.68,1.0597,0.59,1.138,61
1580052598.072,0.7,1.0457,0.59,1.1337,62
1580052598.244,0.72,1.0254,0.6,1.1212,62
1580052598.416,0.73,1.0091,0.62,1.1247,62
1580052598.587,0.72,1.0207,0.61,1.1217,62
1580052598.758,0.73,1.0132,0.65,1.1113,62
1580052598.934,0.73,1.0151,0.62,1.1175,62
1580052599.115,0.72,1.0251,0.59,1.1305,62
1580052599.286,0.73,1.0125,0.59,1.1309,62
1580052599.458,0.73,1.0209,0.63,1.1194,62
1580052599.63,0.74,1.0052,0.62,1.1223,62
1580052599.802,0.75,0.9935,0.62,1.1213,62
1580052599.978,0.7,1.0339,0.62,1.1075,62
1580052600.177,0.73,1.0036,0.62,1.111,62
1580052600.38,0.75,0.9946,0.6,1.1176,62
1580052600.555,0.68,1.0606,0.62,1.1231,62
1580052600.742,0.69,1.0596,0.61,1.1236,63
1580052600.916,0.71,1.0374,0.62,1.1201,63
1580052601.092,0.73,1.0105,0.61,1.1205,63
1580052601.275,0.72,1.0214,0.6,1.135,63
1580052601.446,0.73,1.0168,0.63,1.1252,63
1580052601.618,0.72,1.0221,0.61,1.1218,63
1580052601.792,0.71,1.0247,0.59,1.1307,63
1580052601.969,0.75,0.9999,0.6,1.1338,63
1580052602.141,0.73,1.0166,0.61,1.1254,63
1580052602.313,0.73,1.0135,0.61,1.1241,63
1580052602.485,0.76,0.9798,0.63,1.1134,63
1580052602.659,0.71,1.031,0.64,1.101,63
1580052602.831,0.72,1.0212,0.64,1.1032,63
1580052603.002,0.74,1.003,0.64,1.1102,63
1580052603.159,0.69,1.0527,0.62,1.1155,63
1580052603.333,0.69,1.0528,0.62,1.1217,64
1580052603.506,0.69,1.0418,0.58,1.1354,64
1580052603.677,0.74,1.0095,0.61,1.1344,64
1580052603.854,0.71,1.026,0.63,1.1264,64
1580052604.028,0.71,1.0273,0.61,1.1385,64
1580052604.201,0.71,1.0327,0.61,1.1294,64
1580052604.383,0.71,1.0351,0.61,1.1467,64
1580052604.556,0.72,1.0182,0.59,1.1482,64
1580052604.727,0.71,1.0397,0.6,1.1385,64
1580052604.899,0.7,1.0416,0.59,1.1374,64
1580052605.072,0.74,0.9994,0.55,1.1581,64
1580052605.244,0.69,1.042,0.6,1.1275,64
1580052605.443,0.71,1.0295,0.65,1.0883,64
1580052605.638,0.71,1.0322,0.66,1.0961,64
1580052605.792,0.66,1.0712,0.61,1.1127,64
1580052605.966,0.69,1.0532,0.6,1.1267,65
1580052606.138,0.7,1.0424,0.61,1.1259,65
1580052606.33,0.69,1.0399,0.6,1.1351,65
1580052606.504,0.71,1.0298,0.6,1.1436,65
1580052606.676,0.72,1.0247,0.59,1.154,65
1580052606.848,0.69,1.0485,0.55,1.1669,65
1580052607.022,0.67,1.0723,0.58,1.1541,65
1580052607.214,0.7,1.04,0.62,1.1203,65
1580052607.388,0.71,1.0273,0.63,1.1197,65
1580052607.561,0.72,1.0232,0.62,1.1217,65
1580052607.734,0.73,1.0102,0.62,1.1269,65
1580052607.906,0.67,1.059,0.62,1.1357,65
1580052608.082,0.71,1.0233,0.61,1.1271,65
1580052608.257,0.7,1.0304,0.64,1.1031,65
1580052608.434,0.68,1.059,0.64,1.0961,65
1580052608.633,0.7,1.0474,0.65,1.0978,66
1580052608.805,0.68,1.0551,0.63,1.1001,66
1580052608.978,0.7,1.037,0.67,1.0793,66
1580052609.149,0.72,1.0263,0.66,1.084,66
1580052609.321,0.73,1.0087,0.64,1.1096,66
1580052609.516,0.72,1.0163,0.61,1.1271,66
1580052609.689,0.7,1.0428,0.62,1.1279,66
1580052609.861,0.72,1.0167,0.63,1.1177,66
1580052610.035,0.72,1.018,0.64,1.1051,66
1580052610.207,0.74,1.0086,0.64,1.0992,66
1580052610.378,0.75,0.9957,0.66,1.0872,66
1580052610.553,0.7,1.0315,0.65,1.0926,66
1580052610.725,0.74,1.002,0.66,1.0923,66
1580052610.897,0.74,1.0012,0.64,1.1002,66
1580052611.049,0.68,1.0564,0.63,1.1,66
1580052611.226,0.71,1.0349,0.64,1.102,67
1580052611.401,0.73,1.0165,0.63,1.1021,67
1580052611.58,0.73,1.0075,0.63,1.1085,67
1580052611.753,0.73,1.0147,0.6,1.1161,67
1580052611.925,0.74,1.0045,0.61,1.1211,67
1580052612.096,0.74,1.0096,0.61,1.1262,67
1580052612.267,0.72,1.0175,0.6,1.134,67
1580052612.439,0.74,1.0031,0.61,1.1351,67
1580052612.615,0.72,1.0181,0.62,1.1215,67
1580052612.789,0.75,0.9971,0.64,1.1126,67
1580052612.962,0.77,0.9779,0.63,1.1069,67
1580052613.134,0.72,1.0208,0.65,1.0963,67
1580052613.312,0.73,1.001,0.66,1.0918,67
1580052613.506,0.74,0.998,0.64,1.0993,67
1580052613.682,0.71,1.0379,0.63,1.1103,67
1580052613.861,0.71,1.0321,0.62,1.1103,68
1580052614.035,0.71,1.0328,0.63,1.1034,68
1580052614.207,0.73,1.015,0.65,1.0963,68
1580052614.38,0.74,1.0051,0.62,1.1195,68
1580052614.561,0.74,0.998,0.6,1.1306,68
1580052614.734,0.73,1.0152,0.59,1.1285,68
1580052614.926,0.73,1.0206,0.61,1.1232,68
1580052615.101,0.74,0.999,0.62,1.1245,68
1580052615.273,0.73,1.0087,0.62,1.1205,68
1580052615.445,0.74,1.0014,0.61,1.1308,68
1580052615.618,0.77,0.9733,0.58,1.1307,68
1580052615.791,0.74,1.0042,0.62,1.1123,68
1580052615.987,0.76,0.995,0.63,1.1037,68
1580052616.181,0.75,0.99,0.64,1.1001,68
1580052616.359,0.71,1.0386,0.63,1.1013,68
1580052616.562,0.72,1.0235,0.64,1.1025,69
1580052616.759,0.72,1.0176,0.65,1.0978,69
1580052616.934,0.75,0.9969,0.64,1.1027,69
1580052617.128,0.74,1.0061,0.61,1.1147,69
1580052617.3,0.73,1.0062,0.63,1.1194,69
1580052617.472,0.72,1.0194,0.64,1.1123,69
1580052617.644,0.73,1.0121,0.6,1.1283,69
1580052617.817,0.75,0.9995,0.6,1.1406,69
1580052617.989,0.71,1.0262,0.6,1.135,69
1580052618.163,0.73,1.015,0.61,1.1295,69
1580052618.337,0.76,0.9817,0.57,1.1541,69
1580052618.531,0.7,1.0345,0.58,1.1521,69
1580052618.727,0.73,1.003,0.6,1.1206,69
1580052618.902,0.76,0.9911,0.66,1.0974,69
1580052619.059,0.72,1.0323,0.66,1.0946,69
1580052619.252,0.72,1.0273,0.65,1.0986,70
1580052619.423,0.74,1.0127,0.63,1.1085,70
1580052619.597,0.75,0.9922,0.63,1.1183,70
1580052619.772,0.73,1.0117,0.6,1.1269,70
1580052619.946,0.74,1.0006,0.61,1.126,70
1580052620.118,0.73,1.0091,0.62,1.1144,70
1580052620.311,0.74,1.0108,0.6,1.122,70
1580052620.505,0.75,0.9951,0.62,1.1301,70
1580052620.695,0.73,1.0129,0.61,1.1277,70
1580052620.867,0.73,1.0098,0.61,1.1207,70
1580052621.039,0.77,0.9794,0.6,1.133,70
1580052621.214,0.72,1.0205,0.57,1.1497,70
1580052621.388,0.73,1.0132,0.59,1.1382,70
1580052621.561,0.74,1.0064,0.63,1.1031,70
1580052621.715,0.72,1.0333,0.65,1.0963,70
1580052621.891,0.7,1.0375,0.62,1.109,71
1580052622.064,0.69,1.0462,0.65,1.098,71
1580052622.238,0.72,1.0228,0.63,1.1017,71
1580052622.409,0.74,1.0059,0.62,1.1197,71
1580052622.59,0.75,0.9938,0.58,1.1581,71
1580052622.769,0.7,1.0417,0.6,1.1431,71
1580052622.961,0.7,1.0397,0.61,1.1196,71
1580052623.134,0.75,0.9936,0.64,1.1138,71
1580052623.316,0.74,1.009,0.62,1.1307,71
1580052623.513,0.73,1.0153,0.64,1.1184,71
1580052623.708,0.74,1.0009,0.63,1.1096,71
1580052623.88,0.72,1.0182,0.61,1.1285,71
1580052624.052,0.75,0.994,0.58,1.1542,71
1580052624.225,0.71,1.0256,0.6,1.1306,71
1580052624.399,0.68,1.0592,0.65,1.0952,71
1580052624.606,0.72,1.0167,0.64,1.0953,72
1580052624.777,0.73,1.0141,0.63,1.1025,72
1580052624.949,0.71,1.0337,0.64,1.095,72
1580052625.124,0.71,1.0331,0.66,1.0906,72
1580052625.296,0.72,1.0119,0.63,1.1097,72
1580052625.468,0.74,0.999,0.63,1.1217,72
1580052625.64,0.73,1.0176,0.59,1.133,72
1580052625.812,0.74,1.0055,0.6,1.1303,72
1580052625.984,0.72,1.0176,0.64,1.1192,72
1580052626.157,0.74,1.0029,0.62,1.1172,72
1580052626.329,0.76,0.9832,0.61,1.1214,72
1580052626.506,0.71,1.0322,0.62,1.1184,72
1580052626.677,0.73,1.0065,0.63,1.1153,72
1580052626.851,0.76,0.9928,0.62,1.1179,72
1580052627.007,0.7,1.037,0.6,1.128,72
1580052627.183,0.7,1.0364,0.61,1.1173,73
1580052627.377,0.71,1.0304,0.64,1.0998,73
1580052627.575,0.75,0.9982,0.65,1.0912,73
1580052627.753,0.75,0.9993,0.64,1.0998,73
1580052627.929,0.74,1.0045,0.63,1.108,73
1580052628.116,0.73,1.0151,0.62,1.1073,73
1580052628.314,0.72,1.018,0.61,1.1171,73
1580052628.513,0.74,0.9973,0.6,1.1305,73
1580052628.702,0.73,1.016,0.61,1.1308,73
1580052628.872,0.73,1.0093,0.62,1.1304,73
1580052629.044,0.76,0.9839,0.64,1.125,73
1580052629.217,0.73,1.014,0.62,1.1246,73
1580052629.39,0.76,0.9869,0.6,1.1284,73
1580052629.58,0.75,0.9979,0.63,1.1242,73
1580052629.734,0.7,1.0448,0.64,1.1133,73
1580052629.918,0.72,1.0224,0.62,1.1194,74
1580052630.117,0.72,1.0213,0.62,1.1132,74
1580052630.311,0.73,1.0124,0.62,1.1134,74
1580052630.505,0.74,1.004,0.62,1.1228,74
1580052630.68,0.76,0.9885,0.63,1.1222,74
1580052630.853,0.74,0.996,0.62,1.1169,74
1580052631.025,0.74,1.0036,0.61,1.1145,74
1580052631.211,0.75,0.9931,0.62,1.115,74
1580052631.382,0.74,1.0058,0.62,1.1168,74
1580052631.553,0.74,1.004,0.61,1.1249,74
1580052631.727,0.77,0.9704,0.61,1.1396,74
1580052631.924,0.74,1.0031,0.59,1.1373,74
1580052632.119,0.77,0.9789,0.6,1.1304,74
1580052632.308,0.77,0.9805,0.62,1.1213,74
1580052632.46,0.71,1.0277,0.63,1.1147,74
1580052632.634,0.72,1.022,0.64,1.1126,75
1580052632.813,0.74,1.0057,0.63,1.1126,75
1580052633.01,0.74,1.0014,0.63,1.115,75
1580052633.182,0.75,0.9973,0.63,1.1198,75
1580052633.354,0.75,0.995,0.61,1.1313,75
1580052633.526,0.74,1.0026,0.61,1.1325,75
1580052633.697,0.74,1.0061,0.62,1.1234,75
1580052633.883,0.77,0.9776,0.61,1.1225,75
1580052634.083,0.75,0.9953,0.62,1.1247,75
1580052634.278,0.73,1.0124,0.62,1.1205,75
1580052634.451,0.75,0.9909,0.61,1.1245,75
1580052634.622,0.73,1.0079,0.6,1.134,75
1580052634.795,0.77,0.9743,0.61,1.1264,75
1580052634.97,0.75,0.9891,0.62,1.1187,75
1580052635.124,0.71,1.036,0.63,1.108,75
1580052635.318,0.73,1.0098,0.64,1.102,76
1580052635.516,0.74,1.0042,0.64,1.1059,76
1580052635.707,0.74,1.0007,0.64,1.1051,76
1580052635.879,0.74,1.0041,0.64,1.1093,76
1580052636.076,0.76,0.9836,0.6,1.1245,76
1580052636.249,0.76,0.9897,0.6,1.1336,76
1580052636.42,0.74,1.0051,0.6,1.1339,76
1580052636.594,0.76,0.984,0.59,1.1251,76
1580052636.766,0.75,0.9932,0.63,1.1089,76
1580052636.938,0.76,0.9895,0.61,1.1132,76
1580052637.127,0.77,0.9782,0.62,1.1158,76
1580052637.323,0.73,1.0115,0.58,1.1322,76
1580052637.517,0.77,0.9765,0.62,1.1274,76
1580052637.711,0.77,0.9752,0.63,1.1112,76
1580052637.864,0.71,1.034,0.61,1.1175,76
1580052638.039,0.71,1.0311,0.62,1.1148,77
1580052638.225,0.74,1.0064,0.63,1.1029,77
1580052638.398,0.73,1.0103,0.63,1.1066,77
1580052638.57,0.73,1.0127,0.62,1.1144,77
1580052638.742,0.74,1.003,0.6,1.1246,77
1580052638.914,0.75,0.9941,0.6,1.1314,77
1580052639.088,0.74,1.0024,0.63,1.1247,77
1580052639.261,0.74,0.9982,0.61,1.1256,77
1580052639.436,0.72,1.0145,0.64,1.1088,77
1580052639.632,0.75,0.9918,0.65,1.0992,77
1580052639.802,0.78,0.9651,0.61,1.1169,77
1580052639.975,0.73,1.0093,0.61,1.1202,77
1580052640.152,0.75,0.9939,0.62,1.1096,77
1580052640.324,0.77,0.9768,0.64,1.1038,77
1580052640.476,0.72,1.0315,0.63,1.1186,77
1580052640.654,0.72,1.0249,0.61,1.1223,78
1580052640.85,0.73,1.0131,0.63,1.1169,78
1580052641.043,0.75,0.9961,0.62,1.1193,78
1580052641.235,0.74,0.9985,0.61,1.1234,78
1580052641.407,0.74,1.0071,0.59,1.1428,78
1580052641.579,0.74,1.0047,0.61,1.1305,78
1580052641.775,0.74,1.0012,0.61,1.1286,78
1580052641.972,0.76,0.986,0.61,1.1359,78
1580052642.178,0.73,1.0131,0.62,1.1302,78
1580052642.374,0.74,1.0026,0.62,1.1207,78
1580052642.574,0.77,0.969,0.61,1.1318,78
1580052642.755,0.73,1.0044,0.59,1.1325,78
1580052642.928,0.75,0.987,0.61,1.1221,78
1580052643.104,0.74,1.0,0.62,1.1119,78
1580052643.257,0.7,1.0433,0.63,1.1072,78
1580052643.46,0.74,1.0071,0.64,1.1073,79
1580052643.653,0.75,0.9997,0.63,1.1155,79
1580052643.824,0.74,1.0031,0.6,1.1208,79
1580052643.996,0.74,1.0034,0.6,1.1184,79
1580052644.175,0.75,0.9911,0.59,1.1312,79
1580052644.368,0.76,0.9888,0.59,1.1416,79
1580052644.541,0.73,1.0065,0.57,1.141,79
1580052644.714,0.75,0.9969,0.6,1.1326,79
1580052644.891,0.73,1.0108,0.61,1.123,79
1580052645.063,0.73,1.0015,0.62,1.1164,79
1580052645.241,0.77,0.974,0.64,1.1182,79
1580052645.417,0.73,1.0105,0.61,1.1344,79
1580052645.589,0.77,0.9789,0.64,1.1133,79
1580052645.761,0.77,0.9806,0.63,1.1091,79
1580052645.914,0.7,1.0436,0.63,1.1076,79
1580052646.09,0.7,1.0395,0.63,1.1029,80
1580052646.268,0.73,1.0136,0.66,1.0938,80
1580052646.44,0.75,0.9962,0.63,1.1038,80
1580052646.614,0.74,0.9989,0.61,1.12,80
1580052646.788,0.76,0.9901,0.59,1.137,80
1580052646.96,0.73,1.0013,0.6,1.1272,80
1580052647.153,0.73,1.0059,0.61,1.1275,80
1580052647.329,0.75,0.995,0.61,1.1303,80
1580052647.501,0.74,1.0095,0.62,1.1306,80
1580052647.675,0.74,1.0099,0.62,1.1191,80
1580052647.848,0.77,0.9751,0.61,1.1195,80
1580052648.022,0.74,1.0004,0.61,1.1342,80
1580052648.197,0.74,0.9978,0.61,1.1331,80
1580052648.369,0.73,1.0036,0.61,1.1207,80
1580052648.523,0.71,1.0354,0.62,1.116,80
1580052648.714,0.73,1.0143,0.61,1.1219,81
1580052648.89,0.7,1.0364,0.59,1.1241,81
1580052649.062,0.7,1.0454,0.61,1.1194,81
1580052649.25,0.72,1.0249,0.64,1.1001,81
1580052649.423,0.75,0.995,0.62,1.1142,81
1580052649.595,0.75,0.9907,0.62,1.1177,81
1580052649.772,0.72,1.0195,0.61,1.1367,81
1580052649.945,0.74,1.0003,0.57,1.1531,81
1580052650.12,0.73,1.0114,0.57,1.1527,81
1580052650.293,0.72,1.0223,0.59,1.1407,81
1580052650.464,0.72,1.0187,0.6,1.125,81
1580052650.636,0.69,1.052,0.64,1.1077,81
1580052650.814,0.74,0.9992,0.61,1.1344,81
1580052650.986,0.75,0.9931,0.61,1.1327,81
1580052651.14,0.68,1.0645,0.62,1.1226,81
1580052651.316,0.68,1.0546,0.62,1.1227,82
1580052651.516,0.7,1.0362,0.63,1.1049,82
1580052651.708,0.69,1.0432,0.64,1.0958,82
1580052651.886,0.69,1.0451,0.66,1.0908,82
1580052652.058,0.7,1.0358,0.65,1.0989,82
1580052652.231,0.74,1.0038,0.64,1.0983,82
1580052652.408,0.74,1.0055,0.63,1.1187,82
1580052652.581,0.75,0.9972,0.61,1.1403,82
1580052652.767,0.71,1.026,0.59,1.1545,82
1580052652.947,0.72,1.0234,0.6,1.15,82
1580052653.123,0.75,0.9979,0.57,1.1488,82
1580052653.299,0.68,1.053,0.6,1.1375,82
1580052653.47,0.7,1.0335,0.6,1.1247,82
1580052653.643,0.7,1.0362,0.62,1.1201,82
1580052653.797,0.67,1.0693,0.61,1.1312,82
1580052653.985,0.72,1.0226,0.61,1.1334,83
1580052654.181,0.73,1.0145,0.59,1.1525,83
1580052654.376,0.72,1.0219,0.59,1.1502,83
1580052654.569,0.7,1.0344,0.61,1.1394,83
1580052654.764,0.68,1.0536,0.59,1.1367,83
1580052654.946,0.69,1.0402,0.6,1.1315,83
1580052655.121,0.68,1.0613,0.63,1.1142,83
1580052655.293,0.73,1.0132,0.63,1.1134,83
1580052655.475,0.74,0.9965,0.6,1.1345,83
1580052655.666,0.74,0.998,0.59,1.1465,83
1580052655.838,0.76,0.9799,0.58,1.157,83
1580052656.013,0.7,1.039,0.58,1.1614,83
1580052656.206,0.7,1.0355,0.59,1.1607,83
1580052656.402,0.68,1.055,0.59,1.1554,83
1580052656.575,0.64,1.101,0.58,1.1475,83
1580052656.767,0.68,1.0599,0.59,1.1402,84
1580052656.939,0.7,1.0415,0.62,1.1281,84
1580052657.128,0.72,1.0222,0.62,1.1147,84
1580052657.299,0.72,1.0192,0.63,1.1057,84
1580052657.476,0.76,0.9881,0.63,1.104,84
1580052657.648,0.73,1.0034,0.63,1.1017,84
1580052657.82,0.71,1.0277,0.65,1.1058,84
1580052657.991,0.74,1.0062,0.61,1.1092,84
1580052658.164,0.73,1.0173,0.61,1.1161,84
1580052658.335,0.74,1.0026,0.62,1.1147,84
1580052658.512,0.76,0.983,0.6,1.121,84
1580052658.688,0.74,1.001,0.6,1.1265,84
1580052658.86,0.76,0.983,0.62,1.123,84
1580052659.032,0.73,1.0043,0.62,1.1176,84
1580052659.204,0.68,1.0554,0.62,1.1116,84
1580052659.378,0.72,1.0267,0.63,1.1116,85
1580052659.556,0.72,1.0179,0.64,1.1043,85
1580052659.728,0.74,1.0026,0.64,1.096,85
1580052659.9,0.74,1.0017,0.66,1.0825,85
1580052660.09,0.76,0.9849,0.65,1.0853,85
1580052660.289,0.76,0.9886,0.64,1.096,85
1580052660.483,0.71,1.0267,0.64,1.0949,85
1580052660.67,0.73,1.0153,0.64,1.0905,85
1580052660.86,0.73,1.0065,0.63,1.1051,85
1580052661.032,0.76,0.9925,0.64,1.1105,85
1580052661.205,0.79,0.96,0.64,1.115,85
1580052661.379,0.74,1.0024,0.62,1.1197,85
1580052661.552,0.76,0.9814,0.63,1.1169,85
1580052661.725,0.74,1.0013,0.62,1.1243,85
1580052661.898,0.67,1.0678,0.62,1.1181,85
1580052662.075,0.71,1.0318,0.63,1.1076,86
1580052662.248,0.73,1.0104,0.62,1.1149,86
1580052662.429,0.75,0.9936,0.63,1.1217,86
1580052662.632,0.74,1.0036,0.61,1.1203,86
1580052662.803,0.75,0.9885,0.6,1.1149,86
1580052662.975,0.74,1.0025,0.62,1.1111,86
1580052663.147,0.71,1.0271,0.61,1.1119,86
1580052663.319,0.74,1.0102,0.64,1.1123,86
1580052663.515,0.72,1.0211,0.62,1.1126,86
1580052663.706,0.76,0.9905,0.61,1.1178,86
1580052663.878,0.79,0.9556,0.61,1.1239,86
1580052664.052,0.74,1.0001,0.6,1.1391,86
1580052664.227,0.73,1.0073,0.59,1.1401,86
1580052664.422,0.73,1.0098,0.6,1.1366,86
1580052664.596,0.67,1.0651,0.62,1.1294,86
1580052664.771,0.71,1.0313,0.62,1.1244,87
1580052664.945,0.72,1.0123,0.59,1.1287,87
1580052665.12,0.76,0.9888,0.6,1.1259,87
1580052665.291,0.76,0.9908,0.61,1.1229,87
1580052665.463,0.77,0.9757,0.62,1.1248,87
1580052665.664,0.76,0.9877,0.62,1.1207,87
1580052665.86,0.73,1.0147,0.65,1.111,87
1580052666.055,0.75,1.0001,0.63,1.1154,87
1580052666.251,0.74,1.0075,0.61,1.1184,87
1580052666.445,0.74,1.0073,0.62,1.1191,87
1580052666.638,0.75,0.9863,0.63,1.1141,87
1580052666.81,0.75,0.99,0.61,1.1375,87
1580052666.984,0.77,0.9778,0.58,1.1568,87
1580052667.168,0.72,1.0226,0.58,1.1539,87
1580052667.321,0.66,1.0777,0.6,1.1369,87
1580052667.494,0.72,1.0277,0.63,1.1155,88
1580052667.67,0.73,1.0171,0.62,1.1134,88
1580052667.843,0.73,1.0069,0.6,1.1151,88
1580052668.015,0.72,1.0185,0.62,1.1062,88
1580052668.204,0.77,0.9753,0.62,1.1147,88
1580052668.399,0.77,0.9762,0.62,1.1191,88
1580052668.593,0.73,1.0122,0.6,1.12,88
1580052668.771,0.72,1.0186,0.63,1.1159,88
1580052668.943,0.73,1.0087,0.66,1.1013,88
1580052669.116,0.75,0.9934,0.63,1.111,88
1580052669.287,0.76,0.9869,0.64,1.1106,88
1580052669.462,0.71,1.0213,0.63,1.1099,88
1580052669.655,0.77,0.9748,0.6,1.1398,88
1580052669.841,0.75,0.9913,0.6,1.1486,88
1580052669.998,0.66,1.0777,0.58,1.1449,88
1580052670.195,0.67,1.0703,0.59,1.1447,89
1580052670.39,0.67,1.0634,0.6,1.1453,89
1580052670.585,0.72,1.02,0.62,1.1286,89
1580052670.767,0.74,1.0048,0.6,1.131,89
1580052670.94,0.73,1.0118,0.6,1.1321,89
1580052671.111,0.72,1.0233,0.62,1.1201,89
1580052671.285,0.72,1.0139,0.63,1.1119,89
1580052671.477,0.73,1.0067,0.6,1.1311,89
1580052671.65,0.71,1.0253,0.62,1.1218,89
1580052671.821,0.73,1.0113,0.6,1.1301,89
1580052671.995,0.76,0.9755,0.61,1.1276,89
1580052672.167,0.73,1.0011,0.61,1.1213,89
1580052672.339,0.77,0.9786,0.64,1.1111,89
1580052672.51,0.76,0.9918,0.63,1.1212,89
1580052672.664,0.69,1.0521,0.59,1.1386,89
1580052672.84,0.72,1.0215,0.58,1.1384,90
1580052673.038,0.72,1.0175,0.62,1.1302,90
1580052673.212,0.73,1.0056,0.61,1.1303,90
1580052673.384,0.74,1.0048,0.62,1.1244,90
1580052673.555,0.76,0.9795,0.64,1.1104,90
1580052673.728,0.76,0.9868,0.65,1.0989,90
1580052673.902,0.75,0.9983,0.64,1.0988,90
1580052674.098,0.74,0.9968,0.62,1.1141,90
1580052674.296,0.75,0.9979,0.62,1.1191,90
1580052674.491,0.75,1.0017,0.62,1.1196,90
1580052674.685,0.77,0.972,0.6,1.12,90
1580052674.861,0.74,0.9951,0.62,1.1191,90
1580052675.035,0.78,0.9716,0.6,1.1269,90
1580052675.209,0.74,0.9931,0.62,1.1202,90
1580052675.362,0.71,1.0395,0.63,1.1254,90
1580052675.539,0.73,1.0168,0.61,1.1374,91
1580052675.711,0.73,1.0082,0.6,1.1394,91
1580052675.891,0.74,1.0029,0.62,1.1265,91
1580052676.066,0.74,1.004,0.64,1.1062,91
1580052676.242,0.77,0.97,0.64,1.1006,91
1580052676.438,0.76,0.9839,0.65,1.0964,91
1580052676.633,0.75,0.9957,0.65,1.0948,91
1580052676.808,0.76,0.9849,0.65,1.0974,91
1580052676.981,0.76,0.9808,0.62,1.117,91
1580052677.176,0.75,0.9976,0.6,1.1285,91
1580052677.36,0.75,0.995,0.63,1.1123,91
1580052677.534,0.72,1.0169,0.65,1.1029,91
1580052677.707,0.79,0.9606,0.61,1.1234,91
1580052677.883,0.76,0.9845,0.59,1.1396,91
1580052678.037,0.7,1.0464,0.6,1.1266,91
1580052678.212,0.73,1.0062,0.63,1.1083,92
1580052678.389,0.74,0.9991,0.63,1.1129,92
1580052678.585,0.75,0.9907,0.62,1.1212,92
1580052678.763,0.73,1.0089,0.64,1.1102,92
1580052678.943,0.76,0.973,0.65,1.0949,92
1580052679.142,0.77,0.9808,0.65,1.088,92
1580052679.339,0.75,0.9884,0.65,1.0881,92
1580052679.513,0.77,0.9808,0.67,1.0876,92
1580052679.685,0.76,0.9852,0.65,1.0974,92
1580052679.857,0.77,0.9766,0.63,1.1042,92
1580052680.052,0.78,0.9623,0.63,1.1117,92
1580052680.226,0.75,1.0024,0.61,1.1084,92
1580052680.404,0.78,0.9687,0.63,1.1059,92
1580052680.577,0.77,0.968,0.63,1.1106,92
1580052680.738,0.71,1.0308,0.6,1.1237,92
1580052680.931,0.73,1.0096,0.6,1.1292,93
1580052681.111,0.72,1.0179,0.62,1.1179,93
1580052681.284,0.75,0.9914,0.64,1.1084,93
1580052681.471,0.75,0.9928,0.62,1.1151,93
1580052681.668,0.77,0.9708,0.59,1.1244,93
1580052681.839,0.77,0.9791,0.63,1.1185,93
1580052682.012,0.75,0.993,0.64,1.1104,93
1580052682.186,0.75,0.9916,0.62,1.1066,93
1580052682.379,0.76,0.9857,0.65,1.1038,93
1580052682.552,0.77,0.9732,0.63,1.1106,93
1580052682.725,0.78,0.9625,0.62,1.1142,93
1580052682.898,0.74,0.9995,0.61,1.1095,93
1580052683.07,0.78,0.9612,0.64,1.0985,93
1580052683.245,0.78,0.9616,0.65,1.0971,93
1580052683.399,0.72,1.0278,0.66,1.0948,93
1580052683.578,0.74,1.0067,0.67,1.0929,94
1580052683.751,0.73,1.0077,0.63,1.1068,94
1580052683.924,0.76,0.9866,0.63,1.1173,94
1580052684.097,0.75,0.996,0.58,1.1361,94
1580052684.272,0.75,0.9904,0.59,1.1379,94
1580052684.466,0.76,0.9843,0.62,1.1192,94
1580052684.66,0.75,0.9884,0.6,1.1241,94
1580052684.832,0.77,0.9748,0.58,1.1375,94
1580052685.01,0.73,1.0101,0.58,1.1256,94
1580052685.182,0.75,0.9935,0.62,1.1162,94
1580052685.355,0.79,0.9558,0.64,1.1207,94
1580052685.529,0.75,0.9914,0.62,1.1224,94
1580052685.704,0.77,0.9805,0.61,1.1275,94
1580052685.877,0.77,0.9783,0.62,1.119,94
1580052686.037,0.7,1.044,0.65,1.1027,94
1580052686.214,0.75,0.9931,0.66,1.0907,95
1580052686.385,0.75,0.9888,0.62,1.1089,95
1580052686.557,0.72,1.0122,0.64,1.1071,95
1580052686.733,0.74,1.0018,0.64,1.0995,95
1580052686.905,0.76,0.9779,0.64,1.1044,95
1580052687.083,0.78,0.9658,0.63,1.1149,95
1580052687.255,0.75,0.989,0.63,1.1166,95
1580052687.426,0.77,0.9794,0.62,1.116,95
1580052687.604,0.76,0.9812,0.63,1.1129,95
1580052687.785,0.78,0.9676,0.64,1.1134,95
1580052687.982,0.8,0.9499,0.61,1.1181,95
1580052688.18,0.76,0.9856,0.61,1.1306,95
1580052688.377,0.79,0.956,0.59,1.1404,95
1580052688.583,0.78,0.961,0.6,1.1377,95
1580052688.762,0.71,1.0365,0.6,1.1402,95
1580052688.945,0.72,1.0207,0.61,1.132,96
1580052689.123,0.74,0.9992,0.62,1.1147,96
1580052689.295,0.77,0.9749,0.63,1.1059,96
1580052689.467,0.76,0.9859,0.64,1.1067,96
1580052689.64,0.77,0.9737,0.63,1.1073,96
1580052689.814,0.76,0.9777,0.63,1.1055,96
1580052689.986,0.77,0.9745,0.63,1.1159,96
1580052690.164,0.78,0.9683,0.6,1.133,96
1580052690.358,0.76,0.985,0.6,1.1321,96
1580052690.552,0.78,0.9677,0.6,1.1286,96
1580052690.723,0.8,0.9408,0.62,1.1202,96
1580052690.898,0.75,0.9869,0.62,1.1227,96
1580052691.089,0.77,0.9728,0.6,1.136,96
1580052691.264,0.78,0.9653,0.59,1.1472,96
1580052691.418,0.72,1.0268,0.6,1.1367,96
1580052691.593,0.75,0.9943,0.61,1.1291,97
1580052691.765,0.75,0.9943,0.61,1.1249,97
1580052691.951,0.77,0.9796,0.62,1.1136,97
1580052692.123,0.76,0.9824,0.64,1.1027,97
1580052692.296,0.78,0.9652,0.63,1.1059,97
1580052692.468,0.76,0.9787,0.64,1.1022,97
1580052692.64,0.74,0.9997,0.64,1.0974,97
1580052692.812,0.79,0.963,0.64,1.1064,97
1580052692.985,0.78,0.9652,0.62,1.1261,97
1580052693.162,0.78,0.9715,0.6,1.131,97
1580052693.335,0.79,0.9518,0.61,1.1248,97
1580052693.508,0.76,0.9859,0.62,1.1197,97
1580052693.679,0.79,0.9541,0.61,1.1251,97
1580052693.854,0.78,0.9642,0.61,1.13,97
1580052694.008,0.72,1.0242,0.63,1.1186,97
1580052694.214,0.75,0.9857,0.65,1.0986,98
1580052694.393,0.76,0.9802,0.64,1.1026,98
1580052694.565,0.78,0.9678,0.62,1.1108,98
1580052694.738,0.76,0.9837,0.63,1.1026,98
1580052694.911,0.77,0.9681,0.66,1.0922,98
1580052695.084,0.78,0.9628,0.65,1.0929,98
1580052695.279,0.75,0.9901,0.65,1.0925,98
1580052695.478,0.77,0.9781,0.65,1.0916,98
1580052695.671,0.78,0.9657,0.63,1.1027,98
1580052695.843,0.79,0.9557,0.61,1.1262,98
1580052696.015,0.8,0.9466,0.61,1.1286,98
1580052696.187,0.75,0.995,0.63,1.1129,98
1580052696.36,0.79,0.9506,0.63,1.1132,98
1580052696.532,0.79,0.9554,0.62,1.1101,98
1580052696.687,0.73,1.0147,0.63,1.1098,98
1580052696.864,0.75,0.9872,0.63,1.1076,99
1580052697.04,0.76,0.9821,0.62,1.1101,99
1580052697.234,0.77,0.9717,0.62,1.117,99
1580052697.406,0.77,0.9762,0.61,1.1338,99
1580052697.579,0.78,0.9619,0.61,1.1298,99
1580052697.751,0.79,0.9619,0.61,1.1166,99
1580052697.923,0.78,0.9695,0.63,1.1035,99
1580052698.098,0.79,0.9593,0.62,1.1011,99
1580052698.287,0.77,0.9741,0.63,1.1002,99
1580052698.483,0.78,0.9652,0.63,1.106,99
1580052698.674,0.81,0.9354,0.61,1.1291,99
1580052698.87,0.76,0.9806,0.6,1.1337,99
1580052699.063,0.79,0.9592,0.61,1.1203,99
1580052699.236,0.79,0.9528,0.65,1.0992,99
1580052699.395,0.73,1.0085,0.64,1.1026,99
