1579987006.574,0.32,1.3581,0.31,1.3392,0
1579987007.741,0.35,1.3365,0.4,1.3241,0
1579987008.9,0.38,1.3222,0.38,1.3163,0
1579987010.019,0.36,1.3136,0.39,1.3278,0
1579987011.109,0.38,1.3282,0.38,1.3097,0
1579987012.239,0.4,1.3058,0.36,1.3164,0
1579987013.393,0.37,1.3119,0.39,1.3015,0
1579987014.504,0.38,1.3037,0.42,1.2989,0
1579987015.764,0.4,1.2985,0.39,1.3037,1
1579987016.96,0.39,1.3003,0.41,1.2932,1
1579987018.368,0.4,1.2932,0.42,1.2902,1
1579987019.541,0.41,1.2871,0.4,1.2982,1
1579987020.792,0.39,1.2967,0.39,1.289,1
1579987022.039,0.41,1.2881,0.42,1.2845,1
1579987023.212,0.42,1.2837,0.41,1.2866,1
1579987024.316,0.41,1.2885,0.4,1.2811,1
1579987025.588,0.43,1.2804,0.36,1.2827,2
1579987026.88,0.42,1.2771,0.37,1.2854,2
1579987028.08,0.42,1.2811,0.39,1.2804,2
1579987029.219,0.44,1.2741,0.44,1.2805,2
1579987030.383,0.43,1.2782,0.38,1.2848,2
1579987031.566,0.42,1.2803,0.42,1.2823,2
1579987032.759,0.44,1.2731,0.34,1.2918,2
1579987033.932,0.43,1.2795,0.4,1.2804,2
1579987035.072,0.45,1.2701,0.4,1.289,3
1579987036.45,0.43,1.2756,0.42,1.2791,3
1579987037.713,0.44,1.2716,0.39,1.2823,3
1579987039.086,0.45,1.267,0.42,1.2798,3
1579987040.347,0.45,1.2679,0.39,1.2885,3
1579987041.644,0.43,1.2728,0.41,1.276,3
1579987042.857,0.45,1.2649,0.41,1.2737,3
1579987043.928,0.44,1.2679,0.43,1.2723,3
1579987045.059,0.45,1.262,0.38,1.2824,4
1579987046.217,0.46,1.261,0.43,1.2801,4
1579987047.41,0.45,1.2621,0.43,1.2744,4
1579987048.642,0.46,1.2567,0.43,1.2729,4
1579987049.806,0.44,1.2624,0.4,1.2839,4
1579987051.027,0.45,1.2618,0.4,1.2809,4
1579987052.271,0.46,1.2585,0.46,1.2734,4
1579987053.453,0.45,1.2613,0.44,1.2724,4
1579987054.569,0.46,1.2547,0.42,1.2899,5
1579987055.893,0.46,1.256,0.42,1.281,5
1579987057.195,0.46,1.2543,0.46,1.275,5
1579987058.508,0.47,1.2514,0.43,1.2677,5
1579987059.76,0.46,1.252,0.37,1.3017,5
1579987060.871,0.45,1.2612,0.41,1.2795,5
1579987062.035,0.47,1.2508,0.43,1.27,5
1579987063.18,0.46,1.255,0.41,1.2713,5
1579987064.295,0.48,1.2466,0.39,1.2972,6
1579987065.514,0.47,1.2525,0.41,1.2771,6
1579987066.77,0.48,1.2462,0.42,1.267,6
1579987067.911,0.47,1.2442,0.48,1.2662,6
1579987069.014,0.47,1.2477,0.38,1.2973,6
1579987070.134,0.46,1.2538,0.37,1.2833,6
1579987071.402,0.48,1.2439,0.46,1.2651,6
1579987072.617,0.47,1.248,0.45,1.2656,6
1579987073.853,0.47,1.2442,0.39,1.2955,7
1579987075.184,0.47,1.245,0.4,1.2931,7
1579987076.416,0.48,1.2445,0.5,1.2646,7
1579987077.791,0.48,1.2365,0.42,1.2669,7
1579987079.018,0.45,1.2515,0.41,1.2759,7
1579987080.187,0.49,1.2399,0.37,1.2964,7
1579987081.331,0.47,1.244,0.41,1.2791,7
1579987082.476,0.48,1.2413,0.45,1.263,7
1579987083.774,0.47,1.2446,0.45,1.2666,8
1579987084.908,0.48,1.238,0.38,1.2949,8
1579987086.022,0.48,1.2407,0.43,1.2821,8
1579987087.294,0.49,1.2314,0.49,1.2599,8
1579987088.552,0.48,1.2393,0.45,1.2631,8
1579987089.812,0.48,1.2375,0.42,1.2758,8
1579987091.036,0.5,1.2291,0.41,1.2902,8
1579987092.254,0.48,1.2419,0.45,1.2616,8
1579987093.373,0.5,1.2272,0.44,1.2617,9
1579987094.559,0.48,1.2344,0.45,1.2673,9
1579987095.858,0.5,1.2268,0.42,1.2755,9
1579987097.132,0.5,1.2251,0.43,1.2666,9
1579987098.338,0.49,1.2283,0.45,1.2616,9
1579987099.588,0.5,1.2263,0.46,1.2605,9
1579987100.838,0.5,1.2254,0.41,1.268,9
1579987101.897,0.5,1.2275,0.45,1.2585,9
1579987103.131,0.51,1.2202,0.44,1.2599,10
1579987104.235,0.5,1.2222,0.41,1.267,10
1579987105.497,0.51,1.2208,0.41,1.2653,10
1579987106.696,0.52,1.215,0.45,1.2532,10
1579987107.856,0.5,1.2205,0.44,1.2609,10
1579987108.989,0.51,1.2198,0.48,1.2575,10
1579987110.199,0.51,1.2169,0.45,1.2567,10
1579987111.499,0.51,1.2178,0.44,1.2498,10
1579987112.822,0.51,1.2133,0.44,1.2629,11
1579987114.025,0.51,1.2146,0.42,1.2648,11
1579987115.25,0.51,1.215,0.43,1.2501,11
1579987116.62,0.52,1.2057,0.47,1.2452,11
1579987117.749,0.51,1.2159,0.47,1.271,11
1579987118.922,0.5,1.2231,0.48,1.2453,11
1579987120.038,0.52,1.2108,0.47,1.243,11
1579987121.04,0.52,1.2088,0.47,1.2569,11
1579987122.152,0.52,1.2062,0.46,1.2538,12
1579987123.418,0.52,1.2082,0.43,1.2434,12
1579987124.56,0.52,1.2076,0.48,1.2449,12
1579987125.827,0.54,1.1956,0.48,1.242,12
1579987127.045,0.52,1.2057,0.49,1.252,12
1579987128.348,0.52,1.2089,0.48,1.2405,12
1579987129.651,0.52,1.2041,0.48,1.2396,12
1579987130.775,0.53,1.1993,0.49,1.2446,12
1579987131.986,0.53,1.1993,0.46,1.2376,13
1579987133.174,0.52,1.2007,0.45,1.2372,13
1579987134.331,0.53,1.2,0.49,1.2386,13
1579987135.633,0.55,1.1884,0.47,1.2319,13
1579987136.786,0.52,1.2022,0.47,1.2458,13
1579987138.187,0.53,1.2021,0.48,1.2331,13
1579987139.321,0.54,1.1935,0.48,1.2299,13
1579987140.541,0.54,1.1922,0.49,1.2308,13
1579987141.725,0.54,1.192,0.49,1.2311,14
1579987142.946,0.54,1.1933,0.5,1.2299,14
1579987144.105,0.54,1.1922,0.49,1.2289,14
1579987145.474,0.55,1.1811,0.48,1.2263,14
1579987146.611,0.54,1.194,0.5,1.2393,14
1579987147.897,0.54,1.1942,0.49,1.2262,14
1579987149.143,0.54,1.1907,0.49,1.2321,14
1579987150.244,0.54,1.1874,0.5,1.2278,14
1579987151.565,0.55,1.1868,0.49,1.2273,15
1579987152.895,0.54,1.1892,0.49,1.2328,15
1579987154.183,0.54,1.1894,0.49,1.2256,15
1579987155.54,0.56,1.1751,0.49,1.2206,15
1579987156.809,0.53,1.1933,0.48,1.2441,15
1579987157.974,0.53,1.1956,0.51,1.2198,15
1579987159.082,0.55,1.1822,0.49,1.2208,15
1579987160.102,0.55,1.1808,0.5,1.2252,15
1579987161.413,0.55,1.183,0.49,1.2263,16
1579987162.529,0.54,1.1846,0.49,1.2247,16
1579987163.749,0.54,1.1837,0.51,1.2229,16
1579987165.044,0.56,1.1733,0.5,1.22,16
1579987166.234,0.54,1.1861,0.5,1.2246,16
1579987167.562,0.55,1.1842,0.51,1.2198,16
1579987168.879,0.55,1.1776,0.51,1.2199,16
1579987169.933,0.55,1.1816,0.51,1.2212,16
1579987171.242,0.55,1.1835,0.49,1.2209,17
1579987172.369,0.55,1.1802,0.48,1.2261,17
1579987173.701,0.54,1.1838,0.53,1.2172,17
1579987174.893,0.56,1.1705,0.5,1.2179,17
1579987176.285,0.55,1.1794,0.47,1.2261,17
1579987177.408,0.54,1.1849,0.51,1.2172,17
1579987178.718,0.56,1.1745,0.5,1.2147,17
1579987179.753,0.56,1.1729,0.52,1.2106,17
1579987180.942,0.55,1.1775,0.5,1.2172,18
1579987182.21,0.55,1.1777,0.52,1.2137,18
1579987183.496,0.55,1.1788,0.5,1.2137,18
1579987184.773,0.57,1.1631,0.49,1.2171,18
1579987186.042,0.55,1.175,0.53,1.2221,18
1579987187.273,0.55,1.1787,0.47,1.2159,18
1579987188.455,0.56,1.1731,0.5,1.2245,18
1579987189.645,0.56,1.1736,0.53,1.2139,18
1579987190.894,0.56,1.1742,0.49,1.2171,19
1579987192.021,0.55,1.1759,0.48,1.2257,19
1579987193.327,0.55,1.1778,0.52,1.2186,19
1579987194.475,0.57,1.1627,0.49,1.2137,19
1579987195.751,0.54,1.1836,0.5,1.2228,19
1579987196.936,0.55,1.1786,0.51,1.2205,19
1579987198.337,0.56,1.1682,0.5,1.2128,19
1579987199.4,0.57,1.1685,0.49,1.2138,19
1579987200.705,0.56,1.1709,0.5,1.2235,20
1579987201.853,0.56,1.1744,0.52,1.2167,20
1579987203.105,0.56,1.1724,0.48,1.2114,20
1579987204.288,0.57,1.1586,0.51,1.2117,20
1579987205.501,0.56,1.1697,0.51,1.2206,20
1579987206.675,0.56,1.1734,0.51,1.2071,20
1579987207.818,0.57,1.1674,0.53,1.2048,20
1579987208.903,0.57,1.1655,0.53,1.2112,20
1579987210.022,0.56,1.1725,0.49,1.2098,21
1579987211.327,0.56,1.1697,0.51,1.2108,21
1579987212.486,0.55,1.1746,0.53,1.2153,21
1579987213.733,0.56,1.1673,0.5,1.2061,21
1579987215.077,0.56,1.1682,0.51,1.2114,21
1579987216.523,0.55,1.1816,0.52,1.2151,21
1579987217.868,0.56,1.1732,0.52,1.2155,21
1579987219.086,0.55,1.1767,0.54,1.2004,21
1579987220.358,0.55,1.1805,0.54,1.1984,22
1579987221.728,0.56,1.1724,0.51,1.22,22
1579987222.97,0.55,1.1798,0.53,1.2141,22
1579987224.177,0.56,1.1683,0.5,1.2042,22
1579987225.467,0.56,1.1678,0.5,1.2116,22
1579987226.787,0.54,1.1826,0.5,1.2166,22
1579987227.996,0.56,1.165,0.53,1.2066,22
1579987229.075,0.56,1.1744,0.52,1.2053,22
1579987230.327,0.56,1.17,0.51,1.21,23
1579987231.478,0.56,1.1737,0.52,1.2095,23
1579987232.656,0.55,1.1773,0.53,1.2074,23
1579987234.04,0.57,1.1559,0.54,1.2043,23
1579987235.397,0.55,1.1742,0.5,1.2193,23
1579987236.772,0.56,1.1725,0.53,1.2069,23
1579987238.092,0.57,1.1644,0.52,1.2022,23
1579987239.36,0.56,1.1692,0.52,1.2081,23
1579987240.702,0.57,1.1661,0.52,1.2095,24
1579987241.972,0.56,1.1721,0.52,1.2129,24
1579987243.26,0.56,1.1713,0.5,1.2127,24
1579987244.491,0.58,1.1525,0.49,1.2085,24
1579987245.81,0.56,1.1688,0.53,1.2149,24
1579987247.038,0.56,1.167,0.53,1.2141,24
1579987248.197,0.57,1.1614,0.53,1.2109,24
1579987249.358,0.57,1.1608,0.5,1.2141,24
1579987250.737,0.57,1.1633,0.51,1.2146,25
1579987251.988,0.56,1.1666,0.5,1.2166,25
1579987253.333,0.56,1.1664,0.52,1.2114,25
1579987254.729,0.58,1.1503,0.53,1.2054,25
1579987256.018,0.57,1.1635,0.52,1.2148,25
1579987257.398,0.56,1.1661,0.51,1.2065,25
1579987258.747,0.57,1.1582,0.5,1.2065,25
1579987259.834,0.58,1.1556,0.51,1.2055,25
1579987261.032,0.57,1.1628,0.5,1.2084,26
1579987262.199,0.57,1.1627,0.52,1.2071,26
1579987263.415,0.57,1.1643,0.5,1.2046,26
1579987264.724,0.59,1.147,0.5,1.2042,26
1579987265.927,0.57,1.1608,0.51,1.2148,26
1579987267.082,0.57,1.1639,0.49,1.203,26
1579987268.351,0.57,1.1566,0.51,1.2007,26
1579987269.493,0.58,1.1538,0.54,1.2019,26
1579987270.617,0.57,1.1625,0.51,1.2028,27
1579987271.918,0.57,1.1605,0.49,1.2029,27
1579987273.235,0.57,1.164,0.52,1.2029,27
1579987274.589,0.59,1.1456,0.51,1.2012,27
1579987275.995,0.57,1.1609,0.52,1.2124,27
1579987277.294,0.57,1.1631,0.5,1.2038,27
1579987278.56,0.58,1.1552,0.5,1.2007,27
1579987279.786,0.59,1.1515,0.52,1.2038,27
1579987281.075,0.57,1.1615,0.51,1.2022,28
1579987282.191,0.57,1.1589,0.51,1.2025,28
1579987283.488,0.57,1.1624,0.53,1.2004,28
1579987284.682,0.59,1.1433,0.52,1.2009,28
1579987285.958,0.57,1.1589,0.52,1.2114,28
1579987287.1,0.57,1.1616,0.52,1.1992,28
1579987288.455,0.58,1.154,0.51,1.1972,28
1579987289.649,0.59,1.1501,0.53,1.2013,28
1579987290.801,0.57,1.1604,0.53,1.2027,29
1579987292.008,0.57,1.1588,0.5,1.2001,29
1579987293.253,0.57,1.1611,0.52,1.1996,29
1579987294.491,0.59,1.1439,0.53,1.1992,29
1579987295.905,0.57,1.1574,0.51,1.2158,29
1579987297.135,0.57,1.165,0.51,1.1985,29
1579987298.445,0.58,1.1504,0.53,1.2022,29
1579987299.672,0.58,1.159,0.53,1.2039,29
1579987300.902,0.57,1.1603,0.5,1.2141,30
1579987302.236,0.57,1.1657,0.52,1.2027,30
1579987303.579,0.57,1.1584,0.53,1.2048,30
1579987304.733,0.58,1.1554,0.52,1.1971,30
1579987305.901,0.57,1.1563,0.51,1.2236,30
1579987307.119,0.56,1.1687,0.52,1.2115,30
1579987308.231,0.57,1.1587,0.52,1.1949,30
1579987309.405,0.58,1.1503,0.51,1.2055,30
1579987310.614,0.57,1.1657,0.53,1.2024,31
1579987311.792,0.58,1.1565,0.51,1.2102,31
1579987312.965,0.57,1.1632,0.51,1.2153,31
1579987314.127,0.59,1.1497,0.54,1.1986,31
1579987315.484,0.58,1.1516,0.52,1.2089,31
1579987316.665,0.57,1.1597,0.51,1.2013,31
1579987318.058,0.58,1.1502,0.5,1.2101,31
1579987319.354,0.59,1.1492,0.53,1.1996,31
1579987320.646,0.58,1.1555,0.53,1.1983,32
1579987321.827,0.58,1.1544,0.52,1.2068,32
1579987322.975,0.57,1.1594,0.5,1.2039,32
1579987324.162,0.59,1.1402,0.53,1.2005,32
1579987325.445,0.58,1.1543,0.52,1.2152,32
1579987326.675,0.57,1.1599,0.53,1.2021,32
1579987327.796,0.59,1.1462,0.5,1.2029,32
1579987328.954,0.59,1.1473,0.51,1.206,32
1579987330.074,0.58,1.1536,0.51,1.2087,33
1579987331.205,0.58,1.1535,0.51,1.2022,33
1579987332.352,0.58,1.1551,0.52,1.2069,33
1579987333.598,0.59,1.1393,0.5,1.2027,33
1579987334.809,0.58,1.149,0.52,1.2084,33
1579987336.223,0.58,1.1524,0.52,1.2059,33
1579987337.519,0.59,1.146,0.51,1.2038,33
1579987338.567,0.59,1.1445,0.51,1.2015,33
1579987339.834,0.58,1.1535,0.53,1.2074,34
1579987341.036,0.58,1.151,0.53,1.2116,34
1579987342.181,0.58,1.1553,0.48,1.2072,34
1579987343.464,0.6,1.1373,0.48,1.2087,34
1579987344.773,0.58,1.1483,0.53,1.2108,34
1579987346.054,0.58,1.1546,0.54,1.2003,34
1579987347.221,0.59,1.1469,0.48,1.2089,34
1579987348.407,0.6,1.1413,0.48,1.2078,34
1579987349.709,0.58,1.151,0.52,1.2024,35
1579987351.003,0.59,1.1482,0.53,1.2139,35
1579987352.136,0.57,1.1571,0.48,1.205,35
1579987353.408,0.6,1.1346,0.48,1.2069,35
1579987354.647,0.58,1.1502,0.5,1.2114,35
1579987356.081,0.58,1.1515,0.52,1.2002,35
1579987357.192,0.59,1.1442,0.5,1.2039,35
1579987358.359,0.6,1.1382,0.5,1.206,35
1579987359.471,0.58,1.1517,0.49,1.2039,36
1579987360.775,0.59,1.1468,0.53,1.2113,36
1579987361.984,0.58,1.1539,0.52,1.2086,36
1579987363.302,0.6,1.1329,0.49,1.2102,36
1579987364.443,0.58,1.151,0.51,1.2122,36
1579987365.775,0.59,1.1481,0.52,1.2091,36
1579987367.036,0.59,1.1423,0.5,1.2053,36
1579987368.124,0.6,1.1387,0.54,1.211,36
1579987369.466,0.58,1.1545,0.48,1.2084,37
1579987370.672,0.59,1.1455,0.5,1.216,37
1579987371.885,0.58,1.1557,0.52,1.2177,37
1579987373.058,0.6,1.1392,0.48,1.2147,37
1579987374.188,0.58,1.1543,0.52,1.2118,37
1579987375.544,0.58,1.1484,0.52,1.217,37
1579987376.693,0.58,1.1461,0.5,1.2088,37
1579987378.0,0.59,1.1416,0.49,1.2107,37
1579987379.18,0.58,1.1488,0.52,1.2089,38
1579987380.413,0.58,1.1544,0.53,1.2038,38
1579987381.704,0.58,1.1518,0.51,1.22,38
1579987382.867,0.59,1.1422,0.49,1.2084,38
1579987384.081,0.58,1.1449,0.49,1.2078,38
1579987385.275,0.58,1.1546,0.52,1.1989,38
1579987386.477,0.59,1.1425,0.52,1.2178,38
1579987387.639,0.59,1.1469,0.48,1.2092,38
1579987388.962,0.57,1.1573,0.5,1.2041,39
1579987390.07,0.58,1.1483,0.53,1.2068,39
1579987391.335,0.58,1.1544,0.53,1.1953,39
1579987392.456,0.6,1.1351,0.54,1.2071,39
1579987393.775,0.59,1.1431,0.52,1.2135,39
1579987394.909,0.58,1.1485,0.5,1.2099,39
1579987396.321,0.59,1.1454,0.52,1.1998,39
1579987397.558,0.6,1.1365,0.51,1.2111,39
1579987398.682,0.57,1.1565,0.52,1.2047,40
1579987399.935,0.59,1.1434,0.5,1.2069,40
1579987401.217,0.58,1.1519,0.51,1.2081,40
1579987402.476,0.6,1.1329,0.52,1.2056,40
1579987403.751,0.59,1.1432,0.52,1.2082,40
1579987404.875,0.58,1.1509,0.52,1.2069,40
1579987406.053,0.6,1.1371,0.52,1.2061,40
1579987407.085,0.6,1.1367,0.52,1.207,40
1579987408.227,0.59,1.1462,0.52,1.2054,41
1579987409.337,0.59,1.1434,0.53,1.203,41
1579987410.688,0.59,1.1483,0.52,1.2075,41
1579987411.905,0.6,1.13,0.5,1.2096,41
1579987413.165,0.59,1.1413,0.52,1.2149,41
1579987414.491,0.59,1.1449,0.53,1.2079,41
1579987415.892,0.6,1.1348,0.52,1.205,41
1579987417.055,0.61,1.1345,0.53,1.2028,41
1579987418.314,0.59,1.1421,0.52,1.2045,42
1579987419.579,0.59,1.1412,0.52,1.2031,42
1579987420.851,0.59,1.1451,0.52,1.202,42
1579987422.084,0.61,1.1259,0.51,1.2013,42
1579987423.341,0.59,1.1387,0.51,1.2105,42
1579987424.488,0.59,1.1439,0.52,1.2071,42
1579987425.756,0.6,1.1334,0.51,1.2057,42
1579987426.835,0.61,1.1316,0.53,1.2055,42
1579987428.029,0.59,1.1421,0.53,1.2037,43
1579987429.216,0.6,1.1391,0.51,1.2062,43
1579987430.336,0.59,1.1437,0.52,1.2107,43
1579987431.663,0.61,1.1284,0.52,1.201,43
1579987432.794,0.59,1.141,0.52,1.2127,43
1579987433.983,0.59,1.1438,0.52,1.2098,43
1579987435.292,0.6,1.1317,0.49,1.2051,43
1579987436.488,0.6,1.134,0.53,1.2067,43
1579987437.913,0.59,1.1419,0.54,1.203,44
1579987439.066,0.59,1.1392,0.5,1.2042,44
1579987440.362,0.59,1.1454,0.52,1.2088,44
1579987441.576,0.6,1.1297,0.49,1.2044,44
1579987442.779,0.6,1.1375,0.52,1.2028,44
1579987444.013,0.59,1.1401,0.53,1.2097,44
1579987445.124,0.6,1.1334,0.49,1.2045,44
1579987446.15,0.61,1.1304,0.5,1.202,44
1579987447.463,0.59,1.1409,0.51,1.2051,45
1579987448.827,0.59,1.1436,0.52,1.2013,45
1579987450.067,0.59,1.1431,0.49,1.2071,45
1579987451.334,0.61,1.1277,0.51,1.208,45
1579987452.669,0.6,1.1364,0.55,1.2019,45
1579987453.858,0.6,1.1386,0.52,1.1977,45
1579987455.058,0.6,1.1337,0.52,1.2105,45
1579987456.405,0.6,1.1334,0.5,1.201,45
1579987457.721,0.59,1.1391,0.52,1.1955,46
1579987458.875,0.6,1.1371,0.54,1.1961,46
1579987460.145,0.59,1.1475,0.5,1.2024,46
1579987461.478,0.61,1.1228,0.5,1.2047,46
1579987462.625,0.59,1.1364,0.52,1.2059,46
1579987463.862,0.6,1.1396,0.54,1.2005,46
1579987465.039,0.6,1.1319,0.52,1.2026,46
1579987466.081,0.61,1.1314,0.53,1.2095,46
1579987467.215,0.6,1.1385,0.5,1.2037,47
1579987468.536,0.6,1.1372,0.51,1.1984,47
1579987469.697,0.59,1.1442,0.53,1.2027,47
1579987470.946,0.61,1.1248,0.51,1.2055,47
1579987472.104,0.6,1.1351,0.52,1.2014,47
1579987473.378,0.6,1.1347,0.51,1.2089,47
1579987474.627,0.6,1.1323,0.52,1.2051,47
1579987475.972,0.61,1.1282,0.52,1.2038,47
1579987477.12,0.6,1.1382,0.52,1.2057,48
1579987478.367,0.59,1.1395,0.55,1.1946,48
1579987479.513,0.59,1.1441,0.54,1.1972,48
1579987480.845,0.61,1.125,0.52,1.2074,48
1579987482.068,0.6,1.1317,0.51,1.202,48
1579987483.313,0.6,1.1346,0.54,1.193,48
1579987484.462,0.6,1.1329,0.53,1.2062,48
1579987485.539,0.61,1.1296,0.54,1.1966,48
1579987486.721,0.59,1.1392,0.51,1.2032,49
1579987487.916,0.59,1.1367,0.53,1.1989,49
1579987489.077,0.58,1.1475,0.56,1.1909,49
1579987490.271,0.61,1.1213,0.53,1.2045,49
1579987491.518,0.59,1.1391,0.51,1.2037,49
1579987492.856,0.6,1.135,0.52,1.2104,49
1579987494.038,0.59,1.1398,0.56,1.1923,49
1579987495.318,0.61,1.1296,0.52,1.2012,49
1579987496.458,0.59,1.1482,0.51,1.2003,50
1579987497.785,0.6,1.1379,0.53,1.2036,50
1579987498.99,0.58,1.1497,0.52,1.2036,50
1579987500.175,0.6,1.1295,0.52,1.2009,50
1579987501.299,0.6,1.1364,0.53,1.2107,50
1579987502.412,0.59,1.1435,0.52,1.2065,50
1579987503.524,0.61,1.1302,0.52,1.1999,50
1579987504.549,0.59,1.1424,0.54,1.1892,50
1579987505.825,0.59,1.1418,0.53,1.199,51
1579987507.054,0.59,1.1412,0.52,1.2057,51
1579987508.36,0.58,1.1489,0.53,1.2004,51
1579987509.489,0.62,1.121,0.51,1.1967,51
1579987510.659,0.59,1.1469,0.52,1.1975,51
1579987511.905,0.59,1.1414,0.53,1.2059,51
1579987513.079,0.6,1.1312,0.53,1.2038,51
1579987514.255,0.61,1.1315,0.55,1.1875,51
1579987515.618,0.59,1.1392,0.53,1.1979,52
1579987516.925,0.59,1.1414,0.53,1.1986,52
1579987518.05,0.59,1.1392,0.49,1.2039,52
1579987519.232,0.61,1.1239,0.52,1.2027,52
1579987520.367,0.6,1.1327,0.54,1.1934,52
1579987521.716,0.59,1.1449,0.53,1.1938,52
1579987523.007,0.61,1.1279,0.5,1.2016,52
1579987524.124,0.6,1.1344,0.54,1.1973,52
1579987525.511,0.6,1.1334,0.53,1.2022,53
1579987526.698,0.59,1.1423,0.52,1.2108,53
1579987527.846,0.59,1.1442,0.52,1.1914,53
1579987529.18,0.61,1.1207,0.49,1.1978,53
1579987530.461,0.6,1.1364,0.53,1.1962,53
1579987531.67,0.6,1.1336,0.53,1.1947,53
1579987532.95,0.6,1.1341,0.55,1.1934,53
1579987534.021,0.62,1.1216,0.53,1.193,53
1579987535.185,0.6,1.1362,0.55,1.1942,54
1579987536.615,0.6,1.1339,0.51,1.2079,54
1579987537.795,0.59,1.1411,0.53,1.198,54
1579987539.137,0.62,1.1193,0.55,1.1963,54
1579987540.274,0.6,1.1288,0.55,1.1941,54
1579987541.628,0.6,1.1327,0.53,1.1945,54
1579987542.777,0.61,1.1245,0.54,1.1961,54
1579987543.933,0.62,1.1215,0.53,1.1965,54
1579987545.139,0.61,1.1302,0.54,1.1998,55
1579987546.294,0.6,1.1314,0.54,1.1996,55
1579987547.613,0.6,1.1366,0.56,1.1879,55
1579987548.929,0.62,1.117,0.52,1.2028,55
1579987550.118,0.61,1.126,0.53,1.2049,55
1579987551.228,0.6,1.1321,0.53,1.1956,55
1579987552.337,0.62,1.1227,0.54,1.1922,55
1579987553.359,0.61,1.1227,0.54,1.1937,55
1579987554.489,0.61,1.1284,0.53,1.2002,56
1579987555.778,0.61,1.1311,0.53,1.1984,56
1579987556.933,0.6,1.1337,0.55,1.1858,56
1579987558.35,0.62,1.1155,0.53,1.1924,56
1579987559.575,0.61,1.1235,0.54,1.2059,56
1579987560.722,0.61,1.1313,0.51,1.2023,56
1579987561.866,0.61,1.123,0.54,1.1911,56
1579987563.104,0.61,1.1215,0.55,1.1909,56
1579987564.28,0.61,1.1294,0.52,1.2053,57
1579987565.52,0.61,1.1281,0.53,1.2051,57
1579987566.774,0.6,1.1372,0.54,1.1911,57
1579987568.048,0.62,1.1125,0.57,1.1829,57
1579987569.206,0.6,1.1296,0.52,1.2035,57
1579987570.356,0.61,1.1266,0.51,1.2083,57
1579987571.479,0.61,1.1265,0.54,1.1925,57
1579987572.557,0.62,1.1182,0.55,1.1906,57
1579987573.745,0.6,1.1333,0.53,1.1959,58
1579987574.942,0.61,1.128,0.51,1.2001,58
1579987576.367,0.6,1.1352,0.53,1.2036,58
1579987577.653,0.62,1.1143,0.57,1.1793,58
1579987578.823,0.6,1.1299,0.54,1.1922,58
1579987580.173,0.61,1.1279,0.53,1.1996,58
1579987581.553,0.62,1.1222,0.54,1.1955,58
1579987582.681,0.61,1.1238,0.55,1.1868,58
1579987583.859,0.61,1.1276,0.53,1.1913,59
1579987585.006,0.6,1.1332,0.52,1.1912,59
1579987586.118,0.6,1.1324,0.52,1.2015,59
1579987587.24,0.62,1.1149,0.53,1.1966,59
1579987588.436,0.61,1.1237,0.55,1.186,59
1579987589.57,0.61,1.1258,0.53,1.1953,59
1579987590.786,0.6,1.1314,0.53,1.1974,59
1579987591.892,0.62,1.118,0.56,1.1918,59
1579987593.216,0.58,1.1541,0.54,1.2071,60
1579987594.37,0.6,1.1373,0.53,1.1942,60
1579987595.773,0.59,1.1366,0.53,1.1879,60
1579987597.129,0.6,1.1279,0.55,1.1791,60
1579987598.46,0.61,1.1235,0.49,1.2275,60
1579987599.629,0.59,1.1458,0.5,1.2107,60
1579987600.937,0.61,1.1243,0.52,1.1933,60
1579987602.036,0.61,1.1249,0.55,1.1882,60
1579987603.284,0.6,1.1357,0.56,1.1873,61
1579987604.404,0.6,1.1304,0.54,1.2003,61
1579987605.653,0.6,1.1356,0.52,1.1987,61
1579987606.861,0.61,1.1283,0.54,1.1879,61
1579987608.031,0.61,1.1218,0.56,1.1801,61
1579987609.224,0.6,1.1384,0.55,1.1881,61
1579987610.359,0.62,1.1198,0.54,1.1915,61
1579987611.571,0.6,1.1354,0.56,1.1881,61
1579987612.856,0.6,1.1331,0.53,1.1903,62
1579987614.047,0.61,1.1295,0.56,1.1873,62
1579987615.279,0.59,1.1397,0.54,1.189,62
1579987616.429,0.62,1.116,0.49,1.2014,62
1579987617.826,0.6,1.1294,0.52,1.2053,62
1579987619.068,0.6,1.1306,0.52,1.2045,62
1579987620.313,0.62,1.1214,0.55,1.1823,62
1579987621.459,0.62,1.1207,0.53,1.1928,62
1579987622.669,0.61,1.1295,0.53,1.2001,63
1579987623.887,0.61,1.1242,0.55,1.1966,63
1579987625.033,0.6,1.1374,0.55,1.1925,63
1579987626.165,0.63,1.109,0.51,1.1956,63
1579987627.292,0.6,1.1288,0.55,1.1824,63
1579987628.63,0.61,1.1231,0.54,1.1901,63
1579987629.783,0.62,1.1192,0.55,1.1881,63
1579987630.959,0.62,1.1185,0.57,1.1822,63
1579987632.223,0.61,1.1257,0.55,1.1866,64
1579987633.496,0.61,1.124,0.57,1.1803,64
1579987634.636,0.6,1.1327,0.53,1.1888,64
1579987636.046,0.63,1.1072,0.51,1.1962,64
1579987637.336,0.61,1.1218,0.54,1.1983,64
1579987638.591,0.62,1.1216,0.54,1.1945,64
1579987639.831,0.62,1.1163,0.56,1.1766,64
1579987640.97,0.62,1.1158,0.56,1.1776,64
1579987642.123,0.61,1.1247,0.55,1.1936,65
1579987643.233,0.61,1.1237,0.56,1.1863,65
1579987644.351,0.6,1.1331,0.53,1.1819,65
1579987645.71,0.63,1.1092,0.55,1.1786,65
1579987646.951,0.6,1.129,0.56,1.1896,65
1579987648.243,0.62,1.1224,0.53,1.1951,65
1579987649.522,0.62,1.1199,0.55,1.1786,65
1579987650.62,0.62,1.1139,0.57,1.1688,65
1579987651.907,0.61,1.1264,0.55,1.183,66
1579987653.167,0.62,1.1209,0.56,1.1935,66
1579987654.378,0.61,1.1303,0.52,1.1968,66
1579987655.761,0.63,1.1109,0.56,1.1812,66
1579987656.978,0.61,1.127,0.55,1.1906,66
1579987658.215,0.61,1.129,0.57,1.1849,66
1579987659.556,0.63,1.1144,0.53,1.1941,66
1579987660.658,0.61,1.1227,0.57,1.1764,66
1579987661.915,0.61,1.1272,0.56,1.1758,67
1579987663.214,0.61,1.1285,0.56,1.1798,67
1579987664.54,0.61,1.1304,0.52,1.1913,67
1579987665.73,0.62,1.1164,0.55,1.1859,67
1579987666.888,0.61,1.1277,0.55,1.1913,67
1579987668.062,0.6,1.1296,0.54,1.1904,67
1579987669.41,0.61,1.1229,0.56,1.1828,67
1579987670.65,0.62,1.118,0.52,1.1935,67
1579987671.886,0.61,1.1324,0.53,1.1958,68
1579987673.221,0.61,1.1283,0.53,1.2051,68
1579987674.386,0.59,1.1446,0.56,1.186,68
1579987675.766,0.62,1.1157,0.49,1.2038,68
1579987676.956,0.59,1.141,0.47,1.2121,68
1579987678.381,0.6,1.1332,0.51,1.2179,68
1579987679.509,0.6,1.1341,0.55,1.2012,68
1579987680.747,0.6,1.1354,0.57,1.1745,68
1579987681.919,0.6,1.1325,0.55,1.1825,69
1579987683.15,0.58,1.1461,0.52,1.1917,69
1579987684.36,0.6,1.1301,0.54,1.2113,69
1579987685.726,0.59,1.1402,0.52,1.2075,69
1579987686.929,0.6,1.1297,0.57,1.1798,69
1579987688.13,0.6,1.1341,0.56,1.1757,69
1579987689.3,0.6,1.1375,0.55,1.1846,69
1579987690.369,0.62,1.117,0.56,1.1949,69
1579987691.589,0.6,1.1366,0.54,1.1949,70
1579987692.868,0.61,1.1286,0.53,1.1838,70
1579987694.231,0.59,1.1378,0.55,1.1738,70
1579987695.607,0.63,1.1095,0.54,1.1793,70
1579987696.952,0.61,1.1221,0.54,1.1932,70
1579987698.216,0.62,1.1197,0.55,1.196,70
1579987699.521,0.62,1.1185,0.55,1.1892,70
1579987700.717,0.62,1.1125,0.55,1.1755,70
1579987701.874,0.61,1.1223,0.56,1.1659,71
1579987703.064,0.61,1.1256,0.54,1.1799,71
1579987704.346,0.61,1.1265,0.52,1.1963,71
1579987705.691,0.63,1.1082,0.54,1.1944,71
1579987706.912,0.62,1.116,0.54,1.1821,71
1579987708.06,0.62,1.1217,0.54,1.1798,71
1579987709.21,0.62,1.1154,0.54,1.183,71
1579987710.441,0.62,1.1149,0.53,1.1926,71
1579987711.669,0.62,1.1206,0.57,1.1804,72
1579987712.896,0.6,1.1326,0.55,1.1797,72
1579987714.09,0.6,1.1288,0.55,1.1852,72
1579987715.454,0.62,1.1168,0.55,1.1876,72
1579987716.808,0.61,1.1189,0.53,1.1878,72
1579987718.019,0.61,1.1252,0.56,1.1843,72
1579987719.307,0.62,1.1183,0.52,1.1921,72
1579987720.541,0.62,1.1179,0.55,1.1834,72
1579987721.76,0.62,1.1232,0.55,1.1837,73
1579987722.992,0.6,1.1304,0.56,1.1744,73
1579987724.19,0.61,1.1272,0.52,1.2003,73
1579987725.38,0.62,1.1143,0.54,1.195,73
1579987726.67,0.62,1.1169,0.56,1.1831,73
1579987727.896,0.62,1.1175,0.57,1.18,73
1579987729.078,0.62,1.1159,0.55,1.1864,73
1579987730.171,0.62,1.1138,0.55,1.1847,73
1579987731.506,0.61,1.1247,0.53,1.1795,74
1579987732.832,0.62,1.1204,0.57,1.1756,74
1579987734.097,0.61,1.1295,0.55,1.1817,74
1579987735.44,0.64,1.1013,0.54,1.1928,74
1579987736.555,0.62,1.1154,0.55,1.1889,74
1579987737.962,0.63,1.1138,0.55,1.1781,74
1579987739.196,0.62,1.1166,0.54,1.1765,74
1579987740.368,0.63,1.1061,0.55,1.1845,74
1579987741.596,0.61,1.123,0.54,1.1865,75
1579987742.863,0.62,1.1149,0.55,1.1757,75
1579987744.078,0.61,1.1276,0.56,1.1706,75
1579987745.25,0.64,1.1025,0.56,1.1724,75
1579987746.414,0.62,1.1143,0.55,1.1858,75
1579987747.616,0.62,1.1176,0.56,1.1755,75
1579987748.855,0.63,1.1095,0.55,1.1736,75
1579987750.117,0.63,1.1076,0.54,1.1764,75
1579987751.4,0.62,1.1171,0.54,1.1762,76
1579987752.611,0.62,1.1151,0.56,1.1762,76
1579987753.916,0.62,1.1202,0.55,1.1747,76
1579987755.064,0.64,1.1023,0.54,1.1722,76
1579987756.467,0.63,1.1076,0.56,1.1778,76
1579987757.782,0.62,1.1172,0.56,1.1769,76
1579987758.901,0.63,1.1054,0.56,1.1753,76
1579987760.101,0.63,1.1081,0.57,1.1698,76
1579987761.416,0.62,1.1121,0.56,1.172,77
1579987762.685,0.63,1.1147,0.54,1.1768,77
1579987763.838,0.62,1.1177,0.54,1.1807,77
1579987765.025,0.64,1.0996,0.56,1.1741,77
1579987766.164,0.63,1.1064,0.55,1.1799,77
1579987767.324,0.62,1.1148,0.56,1.1787,77
1579987768.548,0.64,1.1057,0.56,1.1776,77
1579987769.691,0.64,1.1014,0.57,1.171,77
1579987770.855,0.62,1.1131,0.56,1.1762,78
1579987772.056,0.63,1.1106,0.57,1.1756,78
1579987773.302,0.61,1.1211,0.55,1.1793,78
1579987774.546,0.64,1.0968,0.56,1.1765,78
1579987775.955,0.62,1.1148,0.55,1.184,78
1579987777.24,0.62,1.1163,0.55,1.1763,78
1579987778.537,0.63,1.1085,0.56,1.1737,78
1579987779.755,0.63,1.107,0.59,1.1659,78
1579987781.012,0.62,1.1185,0.56,1.1725,79
1579987782.204,0.62,1.1207,0.56,1.1935,79
1579987783.538,0.61,1.1251,0.53,1.1931,79
1579987784.793,0.63,1.1117,0.58,1.1652,79
1579987786.085,0.61,1.1184,0.56,1.179,79
1579987787.359,0.62,1.1202,0.51,1.2054,79
1579987788.667,0.62,1.1189,0.53,1.1871,79
1579987789.733,0.63,1.1122,0.58,1.158,79
1579987790.953,0.61,1.1235,0.58,1.1623,80
1579987792.085,0.61,1.1283,0.55,1.1852,80
1579987793.385,0.61,1.1218,0.52,1.2066,80
1579987794.712,0.62,1.1184,0.55,1.1812,80
1579987795.921,0.63,1.1095,0.58,1.1636,80
1579987797.072,0.61,1.1233,0.56,1.1708,80
1579987798.489,0.62,1.1153,0.53,1.1848,80
1579987799.546,0.63,1.1087,0.56,1.1858,80
1579987800.856,0.61,1.1258,0.55,1.1733,81
1579987802.183,0.63,1.1103,0.58,1.1642,81
1579987803.48,0.61,1.127,0.56,1.1736,81
1579987804.78,0.64,1.0984,0.54,1.1884,81
1579987805.958,0.63,1.1098,0.53,1.1946,81
1579987807.217,0.62,1.1183,0.56,1.1727,81
1579987808.547,0.63,1.1082,0.55,1.1757,81
1579987809.742,0.64,1.1046,0.54,1.1808,81
1579987810.947,0.62,1.1146,0.53,1.1879,82
1579987812.145,0.63,1.1113,0.56,1.1801,82
1579987813.428,0.62,1.1192,0.56,1.1741,82
1579987814.642,0.65,1.0978,0.54,1.1708,82
1579987816.049,0.62,1.1102,0.56,1.1747,82
1579987817.425,0.63,1.1125,0.55,1.1811,82
1579987818.699,0.63,1.1054,0.56,1.1769,82
1579987819.865,0.64,1.1015,0.57,1.164,82
1579987821.147,0.63,1.1111,0.59,1.16,83
1579987822.357,0.63,1.112,0.55,1.1762,83
1579987823.699,0.62,1.1141,0.57,1.1776,83
1579987825.015,0.64,1.0963,0.56,1.1707,83
1579987826.146,0.64,1.102,0.57,1.1681,83
1579987827.42,0.63,1.1077,0.56,1.1754,83
1579987828.701,0.64,1.1009,0.56,1.1809,83
1579987829.85,0.64,1.0976,0.55,1.1795,83
1579987831.111,0.63,1.1074,0.57,1.168,84
1579987832.343,0.63,1.1069,0.58,1.1621,84
1579987833.552,0.62,1.1173,0.55,1.1754,84
1579987834.758,0.65,1.0922,0.56,1.178,84
1579987836.179,0.63,1.1065,0.57,1.1765,84
1579987837.509,0.63,1.1108,0.56,1.1727,84
1579987838.699,0.64,1.0997,0.56,1.1764,84
1579987839.843,0.64,1.1051,0.57,1.1684,84
1579987841.08,0.63,1.1113,0.57,1.1725,85
1579987842.215,0.62,1.1173,0.54,1.1807,85
1579987843.539,0.63,1.1122,0.51,1.2029,85
1579987844.701,0.61,1.123,0.57,1.1649,85
1579987846.075,0.62,1.1158,0.56,1.1758,85
1579987847.418,0.61,1.1289,0.58,1.1829,85
1579987848.689,0.62,1.1139,0.53,1.1916,85
1579987849.905,0.62,1.1171,0.55,1.1709,85
1579987851.252,0.62,1.1141,0.59,1.1529,86
1579987852.521,0.6,1.1355,0.57,1.165,86
1579987853.834,0.61,1.1246,0.52,1.193,86
1579987855.193,0.64,1.1016,0.54,1.196,86
1579987856.493,0.61,1.1241,0.52,1.1814,86
1579987857.867,0.63,1.1056,0.57,1.1674,86
1579987859.084,0.62,1.116,0.56,1.1685,86
1579987860.292,0.63,1.1064,0.52,1.1861,86
1579987861.624,0.63,1.1088,0.53,1.1898,87
1579987862.792,0.62,1.1185,0.53,1.1876,87
1579987864.075,0.62,1.1162,0.57,1.1696,87
1579987865.425,0.64,1.0956,0.54,1.1668,87
1579987866.775,0.63,1.109,0.55,1.1761,87
1579987867.993,0.63,1.1042,0.55,1.1829,87
1579987869.184,0.64,1.1032,0.54,1.1796,87
1579987870.262,0.64,1.1012,0.55,1.1695,87
1579987871.474,0.64,1.1061,0.6,1.1536,88
1579987872.777,0.63,1.1089,0.58,1.159,88
1579987874.084,0.62,1.1148,0.56,1.1721,88
1579987875.436,0.65,1.0888,0.54,1.1775,88
1579987876.753,0.63,1.1079,0.55,1.1781,88
1579987877.967,0.64,1.1041,0.56,1.1699,88
1579987879.178,0.64,1.1018,0.56,1.165,88
1579987880.277,0.64,1.0945,0.55,1.1685,88
1579987881.626,0.63,1.1077,0.55,1.1698,89
1579987882.967,0.63,1.1066,0.56,1.1685,89
1579987884.218,0.62,1.1155,0.57,1.1589,89
1579987885.561,0.65,1.0904,0.57,1.1685,89
1579987886.825,0.63,1.1074,0.56,1.1775,89
1579987888.029,0.64,1.104,0.55,1.1767,89
1579987889.189,0.63,1.1035,0.56,1.1741,89
1579987890.414,0.65,1.0923,0.55,1.1758,89
1579987891.66,0.63,1.1087,0.58,1.16,90
1579987892.944,0.63,1.1053,0.57,1.1712,90
1579987894.149,0.62,1.1158,0.53,1.1819,90
1579987895.304,0.65,1.0873,0.53,1.1796,90
1579987896.686,0.63,1.1103,0.55,1.1763,90
1579987897.916,0.64,1.1009,0.57,1.1766,90
1579987899.195,0.63,1.1075,0.55,1.1754,90
1579987900.392,0.65,1.0935,0.54,1.1764,90
1579987901.736,0.62,1.1174,0.58,1.1552,91
1579987903.073,0.64,1.1036,0.53,1.1729,91
1579987904.231,0.62,1.1194,0.53,1.1851,91
1579987905.491,0.65,1.0927,0.53,1.175,91
1579987906.807,0.62,1.1143,0.56,1.179,91
1579987908.013,0.63,1.1086,0.57,1.1734,91
1579987909.264,0.64,1.1017,0.56,1.1759,91
1579987910.465,0.63,1.1043,0.53,1.1836,91
1579987911.65,0.63,1.1109,0.54,1.1815,92
1579987912.873,0.62,1.1157,0.55,1.1701,92
1579987914.057,0.63,1.1106,0.54,1.1702,92
1579987915.463,0.63,1.102,0.56,1.1584,92
1579987916.649,0.63,1.1063,0.53,1.1828,92
1579987918.059,0.62,1.1144,0.52,1.19,92
1579987919.368,0.63,1.1031,0.56,1.1722,92
1579987920.601,0.64,1.0979,0.58,1.1622,92
1579987921.768,0.62,1.1155,0.56,1.1678,93
1579987923.034,0.62,1.1137,0.55,1.1814,93
1579987924.321,0.62,1.115,0.54,1.1862,93
1579987925.566,0.64,1.0995,0.56,1.1626,93
1579987926.845,0.64,1.0991,0.58,1.1506,93
1579987928.065,0.62,1.1117,0.53,1.172,93
1579987929.221,0.64,1.0982,0.55,1.1761,93
1579987930.28,0.62,1.1123,0.57,1.1554,93
1579987931.477,0.64,1.1037,0.59,1.1484,94
1579987932.741,0.61,1.1263,0.59,1.1519,94
1579987934.055,0.62,1.1163,0.55,1.1778,94
1579987935.256,0.63,1.1046,0.58,1.1766,94
1579987936.673,0.63,1.1067,0.55,1.1786,94
1579987937.926,0.62,1.118,0.55,1.1682,94
1579987939.222,0.64,1.1028,0.54,1.1782,94
1579987940.413,0.63,1.1096,0.52,1.1813,94
1579987941.748,0.62,1.1127,0.57,1.1666,95
1579987942.97,0.62,1.1144,0.58,1.1632,95
1579987944.187,0.61,1.1219,0.57,1.1651,95
1579987945.437,0.65,1.0881,0.55,1.182,95
1579987946.787,0.61,1.1167,0.54,1.1777,95
1579987947.973,0.63,1.1058,0.55,1.1799,95
1579987949.157,0.63,1.1116,0.55,1.1741,95
1579987950.288,0.64,1.1007,0.57,1.1629,95
1579987951.413,0.63,1.1105,0.57,1.1663,96
1579987952.592,0.62,1.1135,0.58,1.1552,96
1579987953.88,0.63,1.1098,0.57,1.164,96
1579987955.099,0.64,1.0941,0.56,1.1736,96
1579987956.514,0.64,1.0984,0.55,1.1764,96
1579987957.791,0.64,1.1046,0.57,1.1639,96
1579987959.118,0.64,1.0984,0.56,1.1622,96
1579987960.195,0.65,1.0932,0.55,1.1708,96
1579987961.519,0.64,1.1035,0.55,1.168,97
1579987962.683,0.64,1.1029,0.56,1.1644,97
1579987963.952,0.63,1.1077,0.58,1.1503,97
1579987965.094,0.65,1.0854,0.59,1.1612,97
1579987966.236,0.64,1.0941,0.56,1.1716,97
1579987967.378,0.64,1.1031,0.56,1.1652,97
1579987968.574,0.65,1.0945,0.58,1.1545,97
1579987969.809,0.65,1.0899,0.58,1.1575,97
1579987971.13,0.64,1.0987,0.55,1.1669,98
1579987972.415,0.64,1.0981,0.56,1.1691,98
1579987973.541,0.64,1.1039,0.57,1.1643,98
1579987974.895,0.66,1.0813,0.55,1.1658,98
1579987976.088,0.64,1.095,0.56,1.1728,98
1579987977.371,0.65,1.0957,0.56,1.1735,98
1579987978.752,0.65,1.0924,0.57,1.1679,98
1579987979.849,0.66,1.085,0.58,1.154,98
1579987981.124,0.64,1.0993,0.6,1.1473,99
1579987982.316,0.64,1.0989,0.57,1.1622,99
1579987983.651,0.64,1.1017,0.56,1.1701,99
1579987984.822,0.65,1.0865,0.56,1.16,99
1579987985.989,0.65,1.0914,0.56,1.1595,99
1579987987.172,0.64,1.0974,0.55,1.179,99
1579987988.427,0.65,1.0894,0.54,1.1824,99
1579987989.524,0.65,1.09,0.57,1.1629,99
