1581479803.423,0.24,1.3895,0.25,1.3886,0
1581479803.712,0.28,1.3853,0.25,1.3882,0
1581479803.987,0.25,1.3877,0.25,1.3876,0
1581479804.26,0.27,1.3848,0.25,1.3886,0
1581479804.546,0.24,1.3853,0.32,1.39,0
1581479804.821,0.32,1.3838,0.27,1.3881,0
1581479805.094,0.31,1.3794,0.31,1.3863,0
1581479805.371,0.33,1.3782,0.29,1.3805,0
1581479805.65,0.32,1.3711,0.28,1.3743,0
1581479805.923,0.31,1.3652,0.26,1.3663,0
1581479806.201,0.3,1.3625,0.26,1.3564,0
1581479806.478,0.32,1.3534,0.32,1.3482,0
1581479806.752,0.32,1.3616,0.37,1.3503,0
1581479807.027,0.32,1.3439,0.35,1.3368,0
1581479807.278,0.33,1.3426,0.33,1.3368,0
1581479807.553,0.32,1.3386,0.32,1.3431,1
1581479807.828,0.35,1.3328,0.3,1.3504,1
1581479808.101,0.33,1.3395,0.26,1.3465,1
1581479808.377,0.34,1.3465,0.29,1.3416,1
1581479808.656,0.35,1.3248,0.3,1.3396,1
1581479808.931,0.36,1.3237,0.32,1.3317,1
1581479809.206,0.35,1.3105,0.38,1.3298,1
1581479809.479,0.35,1.3212,0.39,1.2956,1
1581479809.762,0.35,1.2985,0.41,1.3032,1
1581479810.036,0.34,1.3203,0.4,1.2866,1
1581479810.307,0.36,1.314,0.41,1.2689,1
1581479810.579,0.37,1.3065,0.39,1.2745,1
1581479810.854,0.36,1.3169,0.42,1.285,1
1581479811.128,0.38,1.2976,0.3,1.295,1
1581479811.377,0.39,1.2908,0.34,1.3025,1
1581479811.656,0.38,1.2759,0.29,1.2987,2
1581479811.928,0.38,1.2721,0.29,1.287,2
1581479812.201,0.36,1.289,0.41,1.2671,2
1581479812.478,0.41,1.2891,0.49,1.2627,2
1581479812.759,0.4,1.2814,0.44,1.2631,2
1581479813.032,0.43,1.2657,0.42,1.2451,2
1581479813.305,0.4,1.2616,0.46,1.2519,2
1581479813.579,0.4,1.2714,0.4,1.2371,2
1581479813.856,0.41,1.2559,0.44,1.2341,2
1581479814.133,0.42,1.2574,0.45,1.2508,2
1581479814.406,0.4,1.2652,0.42,1.2451,2
1581479814.684,0.41,1.2761,0.49,1.2289,2
1581479814.963,0.44,1.2676,0.41,1.2378,2
1581479815.24,0.42,1.2592,0.47,1.2177,2
1581479815.49,0.45,1.243,0.45,1.2196,2
1581479815.772,0.45,1.2177,0.43,1.2294,3
1581479816.045,0.46,1.2182,0.43,1.2378,3
1581479816.319,0.46,1.2367,0.41,1.2357,3
1581479816.6,0.44,1.2337,0.46,1.1967,3
1581479816.875,0.46,1.2239,0.47,1.1878,3
1581479817.154,0.47,1.1777,0.48,1.2032,3
1581479817.427,0.44,1.1983,0.46,1.222,3
1581479817.7,0.46,1.2186,0.47,1.174,3
1581479817.972,0.48,1.1787,0.52,1.1646,3
1581479818.25,0.46,1.2085,0.5,1.17,3
1581479818.522,0.47,1.2017,0.48,1.1595,3
1581479818.804,0.47,1.2017,0.43,1.2017,3
1581479819.094,0.47,1.2075,0.49,1.158,3
1581479819.384,0.47,1.1777,0.5,1.1194,3
1581479819.642,0.45,1.1954,0.49,1.124,3
1581479819.926,0.48,1.1505,0.47,1.1712,4
1581479820.201,0.49,1.1597,0.46,1.1634,4
1581479820.473,0.47,1.1737,0.5,1.1244,4
1581479820.756,0.5,1.1628,0.53,1.0961,4
1581479821.032,0.48,1.1817,0.51,1.1062,4
1581479821.306,0.52,1.1065,0.46,1.1367,4
1581479821.579,0.48,1.1395,0.49,1.1159,4
1581479821.854,0.5,1.1629,0.56,1.0713,4
1581479822.132,0.5,1.1299,0.55,1.071,4
1581479822.406,0.47,1.1467,0.52,1.0941,4
1581479822.683,0.49,1.1369,0.52,1.0896,4
1581479822.964,0.49,1.1528,0.55,1.0661,4
1581479823.238,0.48,1.1425,0.57,1.0471,4
1581479823.515,0.51,1.1242,0.58,1.0332,4
1581479823.762,0.5,1.1164,0.53,1.0617,4
1581479824.047,0.52,1.1062,0.52,1.0771,5
1581479824.32,0.51,1.1095,0.54,1.0597,5
1581479824.596,0.53,1.1109,0.53,1.0421,5
1581479824.87,0.54,1.0994,0.53,1.0161,5
1581479825.146,0.49,1.14,0.54,1.0239,5
1581479825.418,0.55,1.0539,0.58,1.0204,5
1581479825.694,0.53,1.0682,0.58,1.0247,5
1581479825.967,0.52,1.1245,0.58,1.0255,5
1581479826.241,0.53,1.0663,0.55,1.0425,5
1581479826.516,0.51,1.1011,0.57,1.0013,5
1581479826.791,0.52,1.075,0.58,0.9754,5
1581479827.073,0.53,1.1229,0.49,1.0094,5
1581479827.351,0.49,1.0968,0.54,1.0141,5
1581479827.628,0.52,1.0753,0.59,0.9726,5
1581479827.883,0.53,1.0819,0.55,1.0254,5
1581479828.159,0.53,1.0797,0.53,1.0493,6
1581479828.436,0.53,1.0761,0.63,0.9653,6
1581479828.711,0.54,1.0711,0.62,0.9537,6
1581479828.985,0.57,1.0516,0.58,0.991,6
1581479829.26,0.5,1.1039,0.58,0.9911,6
1581479829.543,0.55,1.0233,0.63,0.9222,6
1581479829.824,0.55,1.0374,0.59,0.9663,6
1581479830.119,0.55,1.0632,0.51,1.0599,6
1581479830.412,0.54,1.0427,0.57,0.964,6
1581479830.699,0.53,1.0657,0.56,0.9289,6
1581479830.989,0.54,1.0464,0.56,0.9667,6
1581479831.262,0.53,1.0794,0.54,0.9966,6
1581479831.549,0.53,1.0632,0.62,0.9131,6
1581479831.824,0.55,1.028,0.66,0.899,6
1581479832.071,0.57,1.0437,0.61,0.979,6
1581479832.35,0.56,1.0348,0.58,0.9819,7
1581479832.624,0.56,1.0315,0.6,0.9169,7
1581479832.902,0.55,1.0468,0.64,0.9241,7
1581479833.197,0.59,1.0095,0.62,0.9728,7
1581479833.489,0.53,1.0509,0.61,0.9358,7
1581479833.778,0.6,0.9753,0.62,0.8692,7
1581479834.068,0.56,1.0155,0.58,0.9156,7
1581479834.349,0.56,1.0168,0.57,0.9896,7
1581479834.625,0.57,0.9971,0.61,0.9,7
1581479834.899,0.56,1.031,0.6,0.8907,7
1581479835.176,0.57,1.003,0.58,0.9427,7
1581479835.451,0.55,1.0394,0.57,0.9498,7
1581479835.724,0.56,1.0141,0.64,0.8802,7
1581479835.999,0.58,0.9811,0.63,0.8669,7
1581479836.245,0.57,1.0096,0.62,0.9314,7
1581479836.521,0.56,0.9983,0.62,0.9115,8
1581479836.793,0.58,0.9923,0.64,0.8584,8
1581479837.068,0.56,1.0143,0.63,0.9012,8
1581479837.353,0.6,0.9689,0.59,0.9744,8
1581479837.628,0.56,1.0297,0.61,0.8804,8
1581479837.902,0.61,0.9297,0.64,0.8391,8
1581479838.18,0.58,0.9868,0.61,0.8872,8
1581479838.455,0.59,0.9813,0.6,0.9342,8
1581479838.728,0.58,0.964,0.61,0.8485,8
1581479839.001,0.58,0.9979,0.62,0.8527,8
1581479839.277,0.59,0.9633,0.58,0.8907,8
1581479839.551,0.58,1.0072,0.61,0.8927,8
1581479839.823,0.58,0.9729,0.64,0.8543,8
1581479840.096,0.58,0.9513,0.66,0.8296,8
1581479840.342,0.59,0.9709,0.62,0.8786,8
1581479840.633,0.59,0.9637,0.61,0.8486,9
1581479840.907,0.59,0.9579,0.63,0.8174,9
1581479841.183,0.59,0.9748,0.62,0.8962,9
1581479841.467,0.62,0.9427,0.61,0.9153,9
1581479841.743,0.57,0.9923,0.62,0.8126,9
1581479842.017,0.63,0.9051,0.66,0.811,9
1581479842.297,0.6,0.951,0.62,0.8605,9
1581479842.574,0.6,0.9467,0.64,0.8211,9
1581479842.848,0.62,0.9268,0.64,0.8292,9
1581479843.121,0.6,0.9561,0.61,0.8263,9
1581479843.396,0.62,0.9293,0.65,0.8025,9
1581479843.684,0.59,0.9781,0.63,0.8874,9
1581479843.959,0.61,0.9449,0.61,0.8398,9
1581479844.234,0.61,0.9213,0.65,0.7789,9
1581479844.487,0.59,0.9669,0.6,0.9159,9
1581479844.766,0.6,0.9531,0.6,0.8187,10
1581479845.041,0.61,0.9249,0.65,0.7856,10
1581479845.32,0.59,0.9797,0.6,0.9075,10
1581479845.611,0.63,0.9274,0.61,0.9128,10
1581479845.885,0.6,0.9724,0.64,0.7732,10
1581479846.16,0.63,0.8933,0.64,0.778,10
1581479846.437,0.6,0.9406,0.59,0.8589,10
1581479846.724,0.62,0.9271,0.62,0.8437,10
1581479846.998,0.62,0.9044,0.66,0.773,10
1581479847.272,0.61,0.9385,0.68,0.7651,10
1581479847.548,0.62,0.9071,0.65,0.8067,10
1581479847.826,0.6,0.9537,0.65,0.8377,10
1581479848.1,0.6,0.9212,0.64,0.8057,10
1581479848.372,0.62,0.8952,0.64,0.7793,10
1581479848.631,0.61,0.9258,0.61,0.8281,10
1581479848.91,0.65,0.9047,0.63,0.8149,11
1581479849.184,0.61,0.9084,0.65,0.7505,11
1581479849.459,0.62,0.9328,0.68,0.8141,11
1581479849.733,0.64,0.8935,0.65,0.862,11
1581479850.009,0.6,0.9429,0.64,0.7636,11
1581479850.283,0.66,0.8528,0.64,0.7628,11
1581479850.558,0.61,0.9155,0.62,0.8227,11
1581479850.843,0.64,0.8971,0.64,0.8027,11
1581479851.117,0.65,0.8736,0.68,0.7481,11
1581479851.391,0.64,0.9119,0.66,0.7502,11
1581479851.664,0.64,0.8817,0.66,0.7689,11
1581479851.94,0.61,0.9285,0.64,0.7938,11
1581479852.213,0.62,0.8972,0.64,0.7669,11
1581479852.487,0.64,0.8699,0.67,0.7504,11
1581479852.743,0.62,0.9014,0.63,0.8374,11
1581479853.022,0.64,0.8858,0.63,0.7634,12
1581479853.296,0.63,0.872,0.67,0.7206,12
1581479853.572,0.63,0.9121,0.63,0.8746,12
1581479853.846,0.63,0.8949,0.67,0.7875,12
1581479854.12,0.61,0.9055,0.67,0.7367,12
1581479854.394,0.67,0.8278,0.65,0.7694,12
1581479854.667,0.63,0.888,0.65,0.8001,12
1581479854.943,0.65,0.8738,0.67,0.7492,12
1581479855.217,0.65,0.8529,0.71,0.764,12
1581479855.49,0.64,0.8888,0.7,0.746,12
1581479855.781,0.64,0.8598,0.71,0.719,12
1581479856.058,0.61,0.92,0.65,0.8146,12
1581479856.335,0.63,0.8867,0.67,0.7693,12
1581479856.607,0.65,0.8535,0.69,0.7293,12
1581479856.857,0.61,0.9146,0.65,0.862,12
1581479857.14,0.64,0.8742,0.63,0.8058,13
1581479857.42,0.64,0.8666,0.71,0.7084,13
1581479857.697,0.63,0.9189,0.7,0.783,13
1581479857.979,0.65,0.8538,0.61,0.9183,13
1581479858.255,0.6,0.9394,0.7,0.7238,13
1581479858.536,0.67,0.8038,0.69,0.7061,13
1581479858.81,0.64,0.8994,0.68,0.7917,13
1581479859.084,0.66,0.8522,0.64,0.8569,13
1581479859.36,0.65,0.862,0.67,0.7385,13
1581479859.632,0.65,0.8747,0.72,0.6998,13
1581479859.911,0.65,0.8582,0.7,0.7351,13
1581479860.185,0.63,0.8919,0.63,0.8467,13
1581479860.461,0.64,0.896,0.68,0.7702,13
1581479860.756,0.64,0.8439,0.7,0.7099,13
1581479861.018,0.63,0.89,0.68,0.7391,13
1581479861.31,0.67,0.8379,0.66,0.8506,14
1581479861.6,0.63,0.8778,0.67,0.7566,14
1581479861.873,0.65,0.8517,0.68,0.7267,14
1581479862.146,0.66,0.8694,0.67,0.7465,14
1581479862.43,0.64,0.8724,0.59,0.8588,14
1581479862.707,0.65,0.8417,0.71,0.6993,14
1581479862.988,0.65,0.8529,0.71,0.7202,14
1581479863.262,0.64,0.8845,0.67,0.764,14
1581479863.537,0.67,0.8196,0.64,0.8622,14
1581479863.813,0.62,0.9129,0.67,0.7475,14
1581479864.087,0.65,0.8426,0.72,0.6919,14
1581479864.368,0.62,0.9237,0.7,0.7053,14
1581479864.645,0.63,0.8803,0.65,0.8454,14
1581479864.919,0.63,0.871,0.63,0.7888,14
1581479865.171,0.63,0.8613,0.74,0.6845,14
1581479865.448,0.67,0.8354,0.72,0.6898,15
1581479865.724,0.66,0.8334,0.66,0.7672,15
1581479866.016,0.64,0.8434,0.66,0.8476,15
1581479866.292,0.65,0.8326,0.67,0.7938,15
1581479866.567,0.65,0.8502,0.67,0.7085,15
1581479866.841,0.69,0.7616,0.71,0.6802,15
1581479867.125,0.66,0.844,0.68,0.7278,15
1581479867.402,0.68,0.8021,0.68,0.7905,15
1581479867.681,0.66,0.8134,0.68,0.725,15
1581479867.959,0.66,0.8483,0.71,0.6809,15
1581479868.234,0.65,0.8148,0.71,0.7027,15
1581479868.51,0.65,0.8702,0.66,0.7918,15
1581479868.789,0.64,0.8455,0.67,0.8049,15
1581479869.065,0.65,0.8278,0.71,0.6745,15
1581479869.312,0.64,0.8469,0.72,0.6695,15
1581479869.592,0.67,0.8105,0.65,0.768,16
1581479869.869,0.67,0.8079,0.71,0.764,16
1581479870.15,0.66,0.8175,0.71,0.7223,16
1581479870.425,0.68,0.8204,0.69,0.6985,16
1581479870.701,0.65,0.8365,0.65,0.7989,16
1581479870.979,0.68,0.7763,0.69,0.7242,16
1581479871.254,0.66,0.8187,0.71,0.718,16
1581479871.529,0.67,0.8242,0.71,0.7039,16
1581479871.807,0.68,0.7851,0.67,0.7903,16
1581479872.084,0.65,0.8655,0.68,0.7286,16
1581479872.359,0.66,0.801,0.7,0.6757,16
1581479872.634,0.65,0.8741,0.69,0.6948,16
1581479872.914,0.64,0.8389,0.62,0.8278,16
1581479873.187,0.65,0.8305,0.65,0.733,16
1581479873.439,0.66,0.8124,0.73,0.6668,16
1581479873.723,0.68,0.7974,0.71,0.6826,17
1581479873.998,0.67,0.7874,0.69,0.7496,17
1581479874.283,0.67,0.8014,0.69,0.7756,17
1581479874.558,0.68,0.7871,0.69,0.7128,17
1581479874.833,0.67,0.8076,0.73,0.697,17
1581479875.112,0.71,0.7196,0.7,0.6955,17
1581479875.392,0.67,0.798,0.69,0.7234,17
1581479875.669,0.7,0.7591,0.71,0.7104,17
1581479875.943,0.68,0.7656,0.71,0.6945,17
1581479876.238,0.67,0.8222,0.75,0.6876,17
1581479876.516,0.68,0.77,0.73,0.6813,17
1581479876.795,0.66,0.8281,0.68,0.7266,17
1581479877.068,0.65,0.8114,0.67,0.7704,17
1581479877.353,0.67,0.7905,0.73,0.6648,17
1581479877.599,0.66,0.8082,0.73,0.6684,17
1581479877.879,0.71,0.7565,0.7,0.7307,18
1581479878.156,0.68,0.7763,0.74,0.6829,18
1581479878.431,0.69,0.7813,0.76,0.701,18
1581479878.706,0.69,0.7833,0.67,0.7402,18
1581479878.997,0.68,0.7975,0.65,0.7609,18
1581479879.288,0.71,0.7318,0.71,0.676,18
1581479879.581,0.68,0.8008,0.73,0.7206,18
1581479879.861,0.69,0.7772,0.7,0.764,18
1581479880.135,0.69,0.7686,0.72,0.7076,18
1581479880.415,0.67,0.8288,0.7,0.6635,18
1581479880.688,0.68,0.7686,0.73,0.6976,18
1581479880.962,0.67,0.8276,0.68,0.7535,18
1581479881.235,0.67,0.8035,0.68,0.7573,18
1581479881.512,0.68,0.7827,0.68,0.6652,18
1581479881.758,0.66,0.7925,0.73,0.6904,18
1581479882.037,0.7,0.7578,0.74,0.7282,19
1581479882.31,0.7,0.7558,0.75,0.6926,19
1581479882.591,0.69,0.7863,0.75,0.6736,19
1581479882.879,0.71,0.7499,0.69,0.738,19
1581479883.154,0.68,0.7884,0.7,0.7481,19
1581479883.43,0.72,0.6961,0.7,0.6735,19
1581479883.709,0.67,0.8041,0.71,0.6766,19
1581479883.983,0.71,0.7292,0.65,0.7908,19
1581479884.255,0.69,0.7679,0.73,0.6651,19
1581479884.536,0.67,0.7977,0.73,0.6589,19
1581479884.81,0.67,0.75,0.73,0.6928,19
1581479885.083,0.68,0.7931,0.67,0.7584,19
1581479885.36,0.67,0.7914,0.72,0.7167,19
1581479885.634,0.7,0.7471,0.73,0.654,19
1581479885.886,0.67,0.7722,0.74,0.6728,19
1581479886.161,0.73,0.7264,0.72,0.7015,20
1581479886.445,0.7,0.7322,0.76,0.6783,20
1581479886.721,0.7,0.7614,0.75,0.6846,20
1581479887.001,0.71,0.7321,0.66,0.7475,20
1581479887.276,0.69,0.7691,0.69,0.7062,20
1581479887.549,0.73,0.6671,0.72,0.6736,20
1581479887.831,0.69,0.7793,0.72,0.6932,20
1581479888.104,0.73,0.7028,0.72,0.7469,20
1581479888.378,0.7,0.7351,0.71,0.65,20
1581479888.657,0.68,0.7913,0.73,0.6623,20
1581479888.938,0.7,0.7213,0.74,0.7023,20
1581479889.21,0.69,0.7785,0.69,0.7046,20
1581479889.485,0.69,0.7707,0.69,0.6915,20
1581479889.768,0.71,0.7301,0.74,0.6645,20
1581479890.031,0.68,0.7483,0.76,0.6765,20
1581479890.324,0.74,0.7077,0.76,0.6656,21
1581479890.619,0.72,0.72,0.73,0.6359,21
1581479890.912,0.71,0.7506,0.75,0.724,21
1581479891.186,0.72,0.73,0.72,0.7547,21
1581479891.463,0.69,0.7484,0.7,0.6681,21
1581479891.741,0.73,0.661,0.69,0.656,21
1581479892.016,0.69,0.7607,0.71,0.7488,21
1581479892.295,0.73,0.7114,0.74,0.6949,21
1581479892.569,0.71,0.7052,0.7,0.6385,21
1581479892.846,0.68,0.8017,0.73,0.6718,21
1581479893.139,0.71,0.7104,0.75,0.7027,21
1581479893.43,0.69,0.7696,0.74,0.6853,21
1581479893.723,0.7,0.7559,0.68,0.7263,21
1581479894.01,0.7,0.7302,0.76,0.6619,21
1581479894.259,0.7,0.7318,0.75,0.6682,21
1581479894.538,0.74,0.6968,0.75,0.6786,22
1581479894.815,0.71,0.7044,0.74,0.6378,22
1581479895.089,0.72,0.7297,0.77,0.6813,22
1581479895.366,0.73,0.7112,0.73,0.7409,22
1581479895.643,0.7,0.7274,0.69,0.6975,22
1581479895.917,0.74,0.6432,0.69,0.6569,22
1581479896.193,0.69,0.7567,0.73,0.684,22
1581479896.469,0.75,0.6756,0.7,0.763,22
1581479896.744,0.7,0.727,0.73,0.6339,22
1581479897.018,0.68,0.7813,0.74,0.6368,22
1581479897.292,0.7,0.7015,0.73,0.7218,22
1581479897.566,0.69,0.76,0.75,0.7098,22
1581479897.848,0.69,0.7435,0.7,0.7003,22
1581479898.123,0.72,0.7107,0.72,0.6659,22
1581479898.369,0.69,0.7222,0.77,0.6844,22
1581479898.647,0.74,0.6819,0.76,0.669,23
1581479898.921,0.72,0.685,0.73,0.6354,23
1581479899.195,0.73,0.7274,0.76,0.6809,23
1581479899.469,0.74,0.6922,0.75,0.7285,23
1581479899.743,0.71,0.7109,0.73,0.6843,23
1581479900.018,0.75,0.6263,0.69,0.6642,23
1581479900.291,0.7,0.7324,0.7,0.7014,23
1581479900.57,0.74,0.6702,0.75,0.7099,23
1581479900.844,0.72,0.6837,0.73,0.6495,23
1581479901.117,0.69,0.757,0.75,0.6579,23
1581479901.391,0.72,0.6917,0.75,0.6701,23
1581479901.673,0.71,0.7413,0.77,0.687,23
1581479901.954,0.71,0.7249,0.68,0.7674,23
1581479902.228,0.71,0.716,0.73,0.6643,23
1581479902.475,0.68,0.7386,0.75,0.6685,23
1581479902.754,0.76,0.6662,0.75,0.7136,24
1581479903.028,0.72,0.6921,0.75,0.6571,24
1581479903.305,0.72,0.7245,0.75,0.6679,24
1581479903.581,0.73,0.6887,0.7,0.7602,24
1581479903.856,0.71,0.7215,0.71,0.6874,24
1581479904.131,0.75,0.6071,0.71,0.6801,24
1581479904.408,0.69,0.7413,0.69,0.7002,24
1581479904.681,0.74,0.6592,0.71,0.7344,24
1581479904.97,0.72,0.6887,0.73,0.6436,24
1581479905.245,0.69,0.7493,0.74,0.6532,24
1581479905.524,0.73,0.6722,0.76,0.7019,24
1581479905.798,0.7,0.7323,0.75,0.6646,24
1581479906.083,0.72,0.7172,0.74,0.6883,24
1581479906.357,0.73,0.676,0.75,0.6936,24
1581479906.615,0.71,0.6995,0.77,0.6938,24
1581479906.899,0.74,0.6637,0.76,0.6601,25
1581479907.175,0.73,0.6651,0.74,0.6436,25
1581479907.455,0.74,0.6951,0.75,0.7022,25
1581479907.728,0.74,0.6917,0.74,0.7237,25
1581479908.007,0.71,0.6905,0.72,0.672,25
1581479908.282,0.76,0.5891,0.7,0.6789,25
1581479908.555,0.7,0.7175,0.69,0.7152,25
1581479908.828,0.75,0.6497,0.72,0.7384,25
1581479909.111,0.72,0.6723,0.75,0.6476,25
1581479909.385,0.7,0.7315,0.74,0.6523,25
1581479909.659,0.73,0.6639,0.72,0.721,25
1581479909.934,0.71,0.7343,0.76,0.6835,25
1581479910.209,0.73,0.7025,0.75,0.681,25
1581479910.484,0.74,0.6612,0.76,0.6836,25
1581479910.741,0.7,0.6926,0.76,0.7264,25
1581479911.016,0.74,0.6628,0.76,0.6814,26
1581479911.292,0.74,0.6536,0.74,0.6375,26
1581479911.567,0.73,0.6966,0.75,0.6991,26
1581479911.842,0.75,0.679,0.73,0.7392,26
1581479912.115,0.71,0.6892,0.74,0.6532,26
1581479912.394,0.77,0.5799,0.72,0.6651,26
1581479912.672,0.71,0.6943,0.71,0.7609,26
1581479912.949,0.74,0.6631,0.73,0.728,26
1581479913.233,0.73,0.6635,0.76,0.6602,26
1581479913.508,0.73,0.705,0.75,0.6625,26
1581479913.785,0.73,0.663,0.74,0.6915,26
1581479914.061,0.72,0.7286,0.74,0.6941,26
1581479914.34,0.73,0.7021,0.73,0.7096,26
1581479914.615,0.72,0.6752,0.78,0.6577,26
1581479914.863,0.72,0.6847,0.71,0.7062,26
1581479915.141,0.74,0.661,0.74,0.7488,27
1581479915.42,0.71,0.6922,0.77,0.6527,27
1581479915.694,0.74,0.6838,0.72,0.6546,27
1581479915.973,0.75,0.657,0.7,0.727,27
1581479916.246,0.71,0.6981,0.72,0.6724,27
1581479916.52,0.76,0.5855,0.72,0.6394,27
1581479916.795,0.72,0.7022,0.71,0.6739,27
1581479917.071,0.77,0.6184,0.69,0.7626,27
1581479917.358,0.73,0.6663,0.75,0.6749,27
1581479917.632,0.72,0.7111,0.75,0.6668,27
1581479917.915,0.73,0.6509,0.74,0.6637,27
1581479918.19,0.74,0.6912,0.72,0.6973,27
1581479918.466,0.72,0.701,0.76,0.681,27
1581479918.744,0.73,0.6631,0.76,0.6641,27
1581479918.989,0.72,0.6828,0.76,0.7036,27
1581479919.266,0.76,0.6463,0.72,0.7133,28
1581479919.539,0.73,0.6763,0.77,0.6595,28
1581479919.82,0.74,0.6843,0.77,0.6803,28
1581479920.094,0.76,0.6559,0.71,0.721,28
1581479920.369,0.72,0.6844,0.72,0.6982,28
1581479920.645,0.78,0.5896,0.74,0.6491,28
1581479920.936,0.71,0.7116,0.72,0.6644,28
1581479921.227,0.75,0.6309,0.71,0.7468,28
1581479921.51,0.73,0.6708,0.73,0.6601,28
1581479921.788,0.73,0.6959,0.75,0.6938,28
1581479922.063,0.73,0.6752,0.76,0.7008,28
1581479922.337,0.71,0.7293,0.71,0.7187,28
1581479922.614,0.71,0.6977,0.69,0.7298,28
1581479922.889,0.72,0.699,0.74,0.6423,28
1581479923.134,0.73,0.6676,0.78,0.7048,28
1581479923.41,0.73,0.6763,0.71,0.7466,29
1581479923.685,0.73,0.6563,0.75,0.671,29
1581479923.961,0.74,0.6671,0.75,0.6291,29
1581479924.234,0.75,0.6354,0.77,0.676,29
1581479924.518,0.73,0.6872,0.72,0.7874,29
1581479924.791,0.74,0.6234,0.74,0.6467,29
1581479925.068,0.73,0.662,0.76,0.6366,29
1581479925.344,0.72,0.6643,0.72,0.6887,29
1581479925.623,0.74,0.6427,0.69,0.7754,29
1581479925.896,0.71,0.7086,0.75,0.6683,29
1581479926.187,0.76,0.614,0.73,0.6486,29
1581479926.462,0.71,0.7332,0.78,0.6735,29
1581479926.737,0.74,0.6795,0.69,0.8407,29
1581479927.011,0.69,0.7347,0.77,0.6924,29
1581479927.262,0.74,0.6411,0.76,0.6613,29
1581479927.541,0.75,0.6496,0.72,0.6613,30
1581479927.823,0.73,0.6444,0.69,0.7436,30
1581479928.103,0.73,0.6726,0.69,0.7875,30
1581479928.379,0.75,0.6468,0.77,0.6704,30
1581479928.657,0.75,0.6308,0.77,0.6387,30
1581479928.932,0.78,0.5541,0.76,0.658,30
1581479929.21,0.74,0.6505,0.77,0.699,30
1581479929.486,0.77,0.5933,0.72,0.6953,30
1581479929.763,0.77,0.5925,0.73,0.6744,30
1581479930.041,0.75,0.651,0.74,0.6622,30
1581479930.315,0.75,0.6169,0.73,0.6512,30
1581479930.593,0.74,0.6829,0.74,0.6944,30
1581479930.871,0.75,0.6562,0.72,0.7975,30
1581479931.145,0.73,0.6691,0.77,0.6633,30
1581479931.394,0.74,0.635,0.75,0.677,30
1581479931.68,0.76,0.624,0.75,0.7065,31
1581479931.954,0.75,0.6129,0.72,0.7418,31
1581479932.23,0.74,0.6551,0.78,0.6815,31
1581479932.508,0.77,0.6056,0.75,0.6474,31
1581479932.783,0.74,0.6374,0.75,0.7043,31
1581479933.059,0.78,0.573,0.74,0.6673,31
1581479933.337,0.75,0.6323,0.73,0.6733,31
1581479933.62,0.76,0.5997,0.73,0.6857,31
1581479933.896,0.77,0.5788,0.73,0.7431,31
1581479934.171,0.75,0.6578,0.73,0.6937,31
1581479934.446,0.76,0.6025,0.75,0.6523,31
1581479934.723,0.72,0.6943,0.73,0.682,31
1581479935.0,0.75,0.6523,0.7,0.8305,31
1581479935.277,0.72,0.6891,0.77,0.6925,31
1581479935.537,0.75,0.6002,0.74,0.6972,31
1581479935.831,0.75,0.634,0.73,0.6746,32
1581479936.108,0.75,0.6048,0.74,0.7422,32
1581479936.382,0.75,0.6581,0.76,0.7438,32
1581479936.668,0.77,0.5988,0.79,0.6635,32
1581479936.943,0.75,0.6203,0.76,0.6385,32
1581479937.218,0.79,0.5311,0.75,0.6571,32
1581479937.496,0.75,0.6252,0.72,0.6741,32
1581479937.772,0.8,0.5532,0.71,0.6864,32
1581479938.048,0.78,0.5665,0.74,0.6841,32
1581479938.323,0.76,0.6272,0.73,0.69,32
1581479938.598,0.77,0.5878,0.74,0.6735,32
1581479938.899,0.74,0.6625,0.76,0.6948,32
1581479939.188,0.76,0.6347,0.72,0.78,32
1581479939.48,0.74,0.6335,0.76,0.68,32
1581479939.74,0.75,0.6002,0.76,0.693,32
1581479940.015,0.78,0.5905,0.76,0.7092,33
1581479940.289,0.77,0.5799,0.72,0.728,33
1581479940.565,0.76,0.6318,0.75,0.6925,33
1581479940.847,0.79,0.5703,0.76,0.6879,33
1581479941.12,0.75,0.6146,0.75,0.6731,33
1581479941.393,0.8,0.5115,0.72,0.6732,33
1581479941.668,0.75,0.6244,0.73,0.6714,33
1581479941.951,0.79,0.5525,0.73,0.6802,33
1581479942.224,0.79,0.5571,0.75,0.703,33
1581479942.497,0.76,0.6198,0.74,0.7117,33
1581479942.772,0.76,0.5776,0.73,0.681,33
1581479943.046,0.75,0.6463,0.75,0.7058,33
1581479943.32,0.76,0.6195,0.72,0.8179,33
1581479943.593,0.74,0.6311,0.76,0.6951,33
1581479943.84,0.77,0.5697,0.75,0.693,33
1581479944.114,0.78,0.5854,0.74,0.7098,34
1581479944.388,0.78,0.5601,0.7,0.7678,34
1581479944.663,0.77,0.6199,0.76,0.716,34
1581479944.937,0.79,0.5646,0.76,0.659,34
1581479945.212,0.76,0.5987,0.77,0.6884,34
1581479945.486,0.8,0.5088,0.73,0.6927,34
1581479945.757,0.76,0.606,0.73,0.6775,34
1581479946.036,0.8,0.5354,0.73,0.6903,34
1581479946.314,0.79,0.5495,0.72,0.7031,34
1581479946.586,0.78,0.6001,0.74,0.7158,34
1581479946.86,0.77,0.5671,0.74,0.6827,34
1581479947.134,0.76,0.633,0.73,0.7303,34
1581479947.409,0.76,0.6166,0.72,0.7942,34
1581479947.686,0.75,0.6109,0.76,0.7129,34
1581479947.944,0.78,0.5581,0.73,0.7121,34
1581479948.221,0.78,0.5743,0.74,0.7138,35
1581479948.499,0.78,0.5528,0.74,0.7476,35
1581479948.773,0.77,0.6007,0.77,0.7208,35
1581479949.049,0.8,0.5638,0.76,0.6555,35
1581479949.327,0.76,0.5951,0.75,0.688,35
1581479949.604,0.8,0.4969,0.75,0.7071,35
1581479949.88,0.77,0.595,0.72,0.6822,35
1581479950.183,0.8,0.5296,0.73,0.6845,35
1581479950.475,0.79,0.5475,0.73,0.7015,35
1581479950.765,0.79,0.5887,0.74,0.7193,35
1581479951.043,0.78,0.5606,0.75,0.6792,35
1581479951.323,0.76,0.6244,0.71,0.7325,35
1581479951.708,0.76,0.6173,0.71,0.7891,35
1581479951.986,0.76,0.5947,0.77,0.7149,35
1581479952.235,0.79,0.5549,0.73,0.7147,35
1581479952.514,0.77,0.5643,0.74,0.7231,36
1581479952.8,0.78,0.5517,0.73,0.7448,36
1581479953.094,0.77,0.5995,0.76,0.7167,36
1581479953.388,0.79,0.5582,0.77,0.6609,36
1581479953.69,0.77,0.5857,0.74,0.6882,36
1581479953.981,0.8,0.4926,0.73,0.7013,36
1581479954.264,0.77,0.5917,0.71,0.6827,36
1581479954.542,0.8,0.5259,0.73,0.6899,36
1581479954.818,0.8,0.54,0.73,0.7046,36
1581479955.097,0.78,0.586,0.74,0.7137,36
1581479955.372,0.79,0.5554,0.75,0.6858,36
1581479955.655,0.77,0.6155,0.72,0.7388,36
1581479955.93,0.76,0.6066,0.73,0.7901,36
1581479956.205,0.76,0.592,0.76,0.7113,36
1581479956.455,0.81,0.5426,0.74,0.7251,36
1581479956.734,0.78,0.5653,0.73,0.7217,37
1581479957.01,0.78,0.5403,0.73,0.7581,37
1581479957.288,0.77,0.5998,0.77,0.7192,37
1581479957.562,0.8,0.5459,0.75,0.6481,37
1581479957.838,0.77,0.5678,0.75,0.689,37
1581479958.113,0.81,0.4843,0.75,0.7041,37
1581479958.399,0.77,0.5811,0.75,0.6734,37
1581479958.674,0.8,0.5196,0.73,0.6774,37
1581479958.949,0.81,0.521,0.7,0.7148,37
1581479959.224,0.79,0.5748,0.76,0.7062,37
1581479959.498,0.78,0.5445,0.74,0.6768,37
1581479959.772,0.76,0.6171,0.72,0.7398,37
1581479960.05,0.77,0.5913,0.69,0.8249,37
1581479960.323,0.76,0.5961,0.72,0.7084,37
1581479960.576,0.79,0.5367,0.73,0.7596,37
1581479960.851,0.77,0.591,0.76,0.7084,38
1581479961.125,0.8,0.5199,0.68,0.7954,38
1581479961.399,0.76,0.6131,0.75,0.7497,38
1581479961.674,0.8,0.5442,0.75,0.6551,38
1581479961.952,0.77,0.5642,0.75,0.6495,38
1581479962.227,0.81,0.4748,0.73,0.7043,38
1581479962.501,0.78,0.5713,0.74,0.7012,38
1581479962.775,0.8,0.5088,0.73,0.6615,38
1581479963.051,0.81,0.5162,0.72,0.7166,38
1581479963.325,0.8,0.5623,0.74,0.7284,38
1581479963.601,0.77,0.5626,0.73,0.6648,38
1581479963.883,0.76,0.6218,0.73,0.7403,38
1581479964.159,0.77,0.6062,0.7,0.842,38
1581479964.434,0.76,0.5879,0.75,0.7236,38
1581479964.681,0.76,0.5745,0.74,0.7802,38
1581479964.966,0.77,0.6023,0.74,0.7349,39
1581479965.242,0.78,0.5415,0.66,0.7968,39
1581479965.527,0.74,0.641,0.7,0.7789,39
1581479965.801,0.8,0.5403,0.73,0.7483,39
1581479966.075,0.76,0.5759,0.77,0.638,39
1581479966.352,0.81,0.4876,0.72,0.6348,39
1581479966.639,0.76,0.6013,0.71,0.7432,39
1581479966.912,0.8,0.515,0.72,0.7359,39
1581479967.187,0.8,0.5269,0.72,0.6839,39
1581479967.464,0.77,0.5978,0.73,0.6771,39
1581479967.739,0.79,0.537,0.72,0.6921,39
1581479968.013,0.77,0.5935,0.74,0.7022,39
1581479968.288,0.78,0.5638,0.74,0.7611,39
1581479968.562,0.79,0.5448,0.77,0.7481,39
1581479968.809,0.78,0.5277,0.76,0.7095,39
1581479969.085,0.8,0.5347,0.74,0.7162,40
1581479969.362,0.77,0.5507,0.75,0.7093,40
1581479969.644,0.79,0.5377,0.7,0.7722,40
1581479969.916,0.79,0.5363,0.72,0.7545,40
1581479970.193,0.78,0.5466,0.73,0.7427,40
1581479970.475,0.81,0.4653,0.75,0.6566,40
1581479970.76,0.79,0.5709,0.75,0.6361,40
1581479971.034,0.8,0.4989,0.69,0.7498,40
1581479971.309,0.8,0.5346,0.71,0.7533,40
1581479971.584,0.77,0.5863,0.72,0.6842,40
1581479971.858,0.78,0.5258,0.72,0.6546,40
1581479972.132,0.77,0.5919,0.72,0.7434,40
1581479972.407,0.77,0.5727,0.73,0.8327,40
1581479972.69,0.78,0.5583,0.74,0.7248,40
1581479972.936,0.76,0.5604,0.74,0.7332,40
1581479973.214,0.8,0.5312,0.75,0.7688,41
1581479973.491,0.8,0.5224,0.77,0.7107,41
1581479973.778,0.8,0.5336,0.73,0.6729,41
1581479974.053,0.81,0.526,0.75,0.6939,41
1581479974.328,0.79,0.5209,0.73,0.8124,41
1581479974.602,0.8,0.4823,0.73,0.695,41
1581479974.879,0.78,0.5469,0.75,0.6329,41
1581479975.155,0.79,0.5063,0.76,0.6772,41
1581479975.429,0.8,0.5256,0.7,0.7874,41
1581479975.704,0.78,0.5736,0.72,0.7204,41
1581479975.979,0.78,0.5319,0.72,0.6537,41
1581479976.253,0.76,0.6385,0.73,0.7092,41
1581479976.528,0.79,0.5557,0.65,0.9525,41
1581479976.815,0.75,0.634,0.74,0.7154,41
1581479977.062,0.79,0.5144,0.72,0.6898,41
1581479977.344,0.78,0.5701,0.73,0.7397,42
1581479977.619,0.8,0.5143,0.73,0.8227,42
1581479977.908,0.77,0.5887,0.74,0.7285,42
1581479978.183,0.8,0.5358,0.72,0.6282,42
1581479978.46,0.76,0.5789,0.75,0.6755,42
1581479978.738,0.83,0.4444,0.73,0.7857,42
1581479979.015,0.76,0.592,0.74,0.6872,42
1581479979.289,0.81,0.4831,0.71,0.6538,42
1581479979.563,0.77,0.5695,0.71,0.6799,42
1581479979.844,0.8,0.5323,0.7,0.8169,42
1581479980.122,0.75,0.6345,0.74,0.6601,42
1581479980.397,0.78,0.5726,0.73,0.6613,42
1581479980.677,0.74,0.6541,0.74,0.7551,42
1581479980.976,0.8,0.5221,0.66,0.9418,42
1581479981.236,0.74,0.6169,0.74,0.7269,42
1581479981.523,0.8,0.5243,0.72,0.6881,43
1581479981.798,0.75,0.6426,0.73,0.6514,43
1581479982.074,0.77,0.5912,0.71,0.8019,43
1581479982.346,0.79,0.5538,0.68,0.8678,43
1581479982.621,0.74,0.5829,0.74,0.6896,43
1581479982.895,0.83,0.4365,0.75,0.6395,43
1581479983.172,0.78,0.5996,0.75,0.6344,43
1581479983.446,0.79,0.5092,0.72,0.701,43
1581479983.719,0.8,0.5205,0.65,0.7898,43
1581479984.0,0.77,0.5888,0.71,0.6873,43
1581479984.274,0.79,0.5272,0.73,0.6314,43
1581479984.548,0.76,0.6244,0.77,0.6225,43
1581479984.821,0.78,0.6029,0.75,0.7411,43
1581479985.097,0.81,0.5106,0.68,0.8855,43
1581479985.343,0.78,0.5448,0.77,0.7688,43
1581479985.63,0.8,0.5161,0.75,0.6799,44
1581479985.903,0.77,0.5524,0.76,0.6696,44
1581479986.177,0.76,0.6153,0.76,0.7678,44
1581479986.453,0.8,0.5281,0.69,0.8935,44
1581479986.726,0.76,0.5765,0.77,0.7392,44
1581479987.001,0.83,0.4447,0.72,0.6321,44
1581479987.277,0.8,0.549,0.75,0.6343,44
1581479987.554,0.79,0.5051,0.76,0.6728,44
1581479987.833,0.82,0.479,0.68,0.811,44
1581479988.116,0.77,0.5677,0.69,0.7444,44
1581479988.391,0.78,0.5519,0.75,0.6021,44
1581479988.669,0.79,0.5746,0.74,0.5915,44
1581479988.944,0.75,0.6499,0.77,0.6571,44
1581479989.22,0.81,0.499,0.67,0.8745,44
1581479989.469,0.78,0.5516,0.7,0.8357,44
1581479989.744,0.79,0.5435,0.77,0.6639,45
1581479990.018,0.81,0.4907,0.74,0.6441,45
1581479990.29,0.76,0.6287,0.74,0.6637,45
1581479990.575,0.81,0.5137,0.71,0.8189,45
1581479990.849,0.79,0.522,0.69,0.9005,45
1581479991.123,0.78,0.5258,0.75,0.6978,45
1581479991.397,0.81,0.5101,0.75,0.646,45
1581479991.674,0.78,0.5293,0.74,0.6162,45
1581479991.951,0.8,0.5347,0.69,0.7316,45
1581479992.235,0.8,0.5108,0.65,0.8937,45
1581479992.511,0.75,0.6283,0.71,0.6963,45
1581479992.786,0.79,0.5455,0.78,0.6149,45
1581479993.062,0.77,0.6039,0.76,0.6167,45
1581479993.339,0.77,0.571,0.78,0.6734,45
1581479993.588,0.81,0.475,0.72,0.8128,45
1581479993.866,0.79,0.5387,0.74,0.7891,46
1581479994.14,0.79,0.5191,0.76,0.6633,46
1581479994.414,0.81,0.5145,0.76,0.648,46
1581479994.689,0.78,0.5477,0.75,0.6576,46
1581479994.969,0.77,0.558,0.75,0.7717,46
1581479995.248,0.83,0.4366,0.72,0.8797,46
1581479995.53,0.76,0.6005,0.76,0.7166,46
1581479995.805,0.82,0.4515,0.76,0.6211,46
1581479996.081,0.8,0.517,0.76,0.6226,46
1581479996.357,0.78,0.5489,0.77,0.6802,46
1581479996.644,0.81,0.4919,0.73,0.7507,46
1581479996.922,0.78,0.5519,0.73,0.7286,46
1581479997.196,0.79,0.5257,0.76,0.6682,46
1581479997.472,0.81,0.4893,0.74,0.6578,46
1581479997.718,0.8,0.4967,0.76,0.6737,46
1581479997.995,0.82,0.4799,0.78,0.7158,47
1581479998.27,0.82,0.4726,0.76,0.7382,47
1581479998.544,0.8,0.5083,0.76,0.7208,47
1581479998.83,0.82,0.4844,0.74,0.673,47
1581479999.142,0.81,0.504,0.73,0.7084,47
1581479999.438,0.84,0.4182,0.77,0.7579,47
1581479999.727,0.81,0.5015,0.73,0.7743,47
1581480000.002,0.82,0.4484,0.76,0.7008,47
1581480000.279,0.83,0.447,0.75,0.672,47
1581480000.555,0.81,0.5015,0.76,0.6676,47
1581480000.838,0.81,0.4824,0.76,0.6618,47
1581480001.114,0.81,0.5086,0.77,0.6709,47
1581480001.387,0.8,0.5053,0.76,0.705,47
1581480001.661,0.81,0.4784,0.75,0.7269,47
1581480001.909,0.82,0.457,0.73,0.7255,47
1581480002.188,0.83,0.4667,0.76,0.6927,48
1581480002.47,0.82,0.4536,0.77,0.684,48
1581480002.747,0.81,0.4839,0.73,0.7194,48
1581480003.021,0.83,0.4591,0.74,0.7275,48
1581480003.302,0.82,0.4685,0.75,0.7612,48
1581480003.578,0.85,0.4009,0.74,0.7381,48
1581480003.852,0.82,0.4721,0.74,0.7255,48
1581480004.13,0.83,0.4302,0.73,0.6972,48
1581480004.404,0.83,0.4367,0.72,0.7195,48
1581480004.677,0.83,0.4694,0.76,0.717,48
1581480004.95,0.81,0.4837,0.77,0.6539,48
1581480005.224,0.82,0.491,0.78,0.6464,48
1581480005.505,0.79,0.5151,0.78,0.6926,48
1581480005.778,0.83,0.458,0.74,0.767,48
1581480006.024,0.83,0.4399,0.74,0.7545,48
1581480006.299,0.82,0.4591,0.78,0.686,49
1581480006.586,0.82,0.4363,0.78,0.6747,49
1581480006.859,0.82,0.4889,0.75,0.7286,49
1581480007.135,0.83,0.4459,0.75,0.7697,49
1581480007.41,0.82,0.454,0.76,0.7563,49
1581480007.686,0.86,0.385,0.75,0.6994,49
1581480007.961,0.83,0.4628,0.74,0.6898,49
1581480008.234,0.83,0.4081,0.73,0.7088,49
1581480008.516,0.84,0.424,0.73,0.7425,49
1581480008.79,0.83,0.459,0.73,0.7173,49
1581480009.066,0.82,0.4642,0.75,0.6468,49
1581480009.353,0.82,0.4883,0.79,0.6363,49
1581480009.638,0.8,0.502,0.78,0.7086,49
1581480009.913,0.83,0.4515,0.74,0.7753,49
1581480010.175,0.84,0.429,0.77,0.7387,49
1581480010.471,0.83,0.4467,0.76,0.6636,50
1581480010.764,0.83,0.4321,0.78,0.6687,50
1581480011.04,0.83,0.4796,0.76,0.7504,50
1581480011.316,0.84,0.4412,0.75,0.7611,50
1581480011.595,0.83,0.4404,0.76,0.7258,50
1581480011.873,0.86,0.3696,0.74,0.6859,50
1581480012.149,0.83,0.4571,0.74,0.693,50
1581480012.429,0.84,0.3947,0.74,0.7132,50
1581480012.711,0.85,0.415,0.73,0.7459,50
1581480012.986,0.84,0.4483,0.73,0.714,50
1581480013.28,0.82,0.4479,0.75,0.6507,50
1581480013.576,0.83,0.4744,0.77,0.6458,50
1581480013.865,0.81,0.4863,0.77,0.7238,50
1581480014.141,0.82,0.447,0.75,0.764,50
1581480014.387,0.84,0.4118,0.76,0.7243,50
1581480014.666,0.84,0.4337,0.76,0.6743,51
1581480014.94,0.84,0.4139,0.77,0.6716,51
1581480015.213,0.83,0.4586,0.75,0.7383,51
1581480015.488,0.84,0.4223,0.76,0.7482,51
1581480015.764,0.84,0.4264,0.75,0.7249,51
1581480016.038,0.86,0.3584,0.77,0.6828,51
1581480016.31,0.83,0.4457,0.75,0.6919,51
1581480016.584,0.85,0.391,0.75,0.7108,51
1581480016.863,0.85,0.4121,0.71,0.7595,51
1581480017.141,0.84,0.4408,0.73,0.7286,51
1581480017.416,0.83,0.4416,0.78,0.6528,51
1581480017.689,0.84,0.4593,0.75,0.6512,51
1581480017.965,0.82,0.4725,0.76,0.7385,51
1581480018.244,0.82,0.4444,0.75,0.7641,51
1581480018.492,0.85,0.4097,0.77,0.7181,51
1581480018.769,0.84,0.4247,0.76,0.6837,52
1581480019.045,0.83,0.4131,0.77,0.6782,52
1581480019.318,0.84,0.4483,0.77,0.7312,52
1581480019.607,0.85,0.4105,0.77,0.7289,52
1581480019.886,0.85,0.4115,0.78,0.7161,52
1581480020.164,0.87,0.3453,0.78,0.6904,52
1581480020.439,0.84,0.4339,0.74,0.7019,52
1581480020.714,0.86,0.3815,0.76,0.722,52
1581480020.99,0.86,0.4033,0.72,0.7726,52
1581480021.268,0.84,0.4356,0.73,0.7242,52
1581480021.543,0.84,0.4304,0.74,0.6555,52
1581480021.816,0.85,0.4492,0.75,0.6612,52
1581480022.097,0.82,0.462,0.77,0.7495,52
1581480022.373,0.82,0.4338,0.75,0.7701,52
1581480022.619,0.85,0.4031,0.75,0.7257,52
1581480022.895,0.85,0.4224,0.76,0.6968,53
1581480023.172,0.85,0.397,0.76,0.7022,53
1581480023.448,0.83,0.4388,0.76,0.7393,53
1581480023.727,0.85,0.3984,0.78,0.729,53
1581480024.015,0.85,0.406,0.78,0.7234,53
1581480024.289,0.88,0.3412,0.78,0.6994,53
1581480024.567,0.84,0.4278,0.76,0.7029,53
1581480024.845,0.86,0.376,0.77,0.7208,53
1581480025.118,0.86,0.3976,0.71,0.7937,53
1581480025.395,0.84,0.4316,0.74,0.743,53
1581480025.67,0.83,0.4261,0.76,0.6586,53
1581480025.943,0.85,0.4405,0.74,0.6617,53
1581480026.217,0.82,0.451,0.77,0.768,53
1581480026.494,0.83,0.429,0.74,0.7859,53
1581480026.751,0.86,0.4009,0.74,0.7251,53
1581480027.026,0.85,0.4202,0.77,0.6857,54
1581480027.301,0.84,0.3928,0.78,0.7055,54
1581480027.578,0.85,0.424,0.73,0.7619,54
1581480027.852,0.86,0.3974,0.76,0.7234,54
1581480028.135,0.85,0.3962,0.77,0.7174,54
1581480028.407,0.88,0.3328,0.75,0.7177,54
1581480028.686,0.84,0.4203,0.75,0.7106,54
1581480028.964,0.86,0.3679,0.77,0.7195,54
1581480029.242,0.86,0.3987,0.71,0.794,54
1581480029.52,0.85,0.42,0.73,0.7606,54
1581480029.808,0.83,0.4305,0.75,0.6615,54
1581480030.085,0.84,0.4398,0.75,0.6654,54
1581480030.367,0.82,0.4454,0.74,0.7924,54
1581480030.644,0.82,0.4415,0.74,0.7829,54
1581480030.896,0.85,0.4055,0.75,0.7076,54
1581480031.181,0.85,0.4148,0.77,0.6956,55
1581480031.458,0.84,0.4031,0.76,0.732,55
1581480031.736,0.84,0.4291,0.73,0.7522,55
1581480032.012,0.86,0.4005,0.73,0.6945,55
1581480032.288,0.85,0.39,0.74,0.7204,55
1581480032.563,0.88,0.3319,0.78,0.7384,55
1581480032.851,0.84,0.4096,0.78,0.7158,55
1581480033.126,0.86,0.3577,0.76,0.7009,55
1581480033.403,0.86,0.396,0.74,0.7741,55
1581480033.68,0.86,0.4117,0.7,0.8185,55
1581480033.96,0.83,0.4418,0.75,0.6745,55
1581480034.239,0.86,0.4274,0.76,0.6801,55
1581480034.515,0.8,0.4587,0.74,0.7914,55
1581480034.792,0.82,0.4201,0.72,0.8071,55
1581480035.041,0.85,0.4015,0.73,0.7004,55
1581480035.333,0.85,0.4069,0.73,0.6875,56
1581480035.611,0.85,0.3853,0.75,0.7438,56
1581480035.89,0.84,0.4382,0.78,0.7785,56
1581480036.169,0.85,0.3999,0.78,0.7019,56
1581480036.445,0.86,0.3753,0.78,0.6745,56
1581480036.724,0.89,0.3233,0.75,0.6873,56
1581480037.0,0.85,0.399,0.74,0.7196,56
1581480037.277,0.87,0.3483,0.75,0.7057,56
1581480037.555,0.86,0.3861,0.75,0.7384,56
1581480037.84,0.85,0.401,0.74,0.758,56
1581480038.117,0.83,0.419,0.77,0.6644,56
1581480038.401,0.86,0.4133,0.75,0.667,56
1581480038.68,0.82,0.4346,0.74,0.7612,56
1581480038.955,0.84,0.3944,0.74,0.7931,56
1581480039.208,0.87,0.3694,0.72,0.7473,56
1581480039.484,0.85,0.3995,0.76,0.6888,57
1581480039.766,0.85,0.3791,0.74,0.7408,57
1581480040.04,0.84,0.4265,0.73,0.7965,57
1581480040.316,0.86,0.3778,0.75,0.7633,57
1581480040.591,0.85,0.3924,0.79,0.6948,57
1581480040.882,0.89,0.3145,0.74,0.6762,57
1581480041.173,0.85,0.4039,0.72,0.7618,57
1581480041.474,0.86,0.3639,0.74,0.743,57
1581480041.749,0.86,0.3815,0.78,0.7599,57
1581480042.023,0.82,0.455,0.73,0.7236,57
1581480042.299,0.82,0.4507,0.75,0.7105,57
1581480042.574,0.83,0.4371,0.77,0.732,57
1581480042.849,0.83,0.4493,0.69,0.7972,57
1581480043.121,0.83,0.4076,0.71,0.8284,57
1581480043.367,0.82,0.4478,0.7,0.7766,57
1581480043.643,0.86,0.4075,0.71,0.7981,58
1581480043.916,0.84,0.3955,0.75,0.7636,58
1581480044.19,0.83,0.425,0.77,0.7882,58
1581480044.466,0.86,0.3759,0.73,0.7659,58
1581480044.741,0.85,0.3769,0.77,0.7229,58
1581480045.013,0.88,0.3149,0.74,0.7239,58
1581480045.293,0.84,0.4144,0.76,0.7035,58
1581480045.58,0.88,0.3247,0.75,0.7463,58
1581480045.854,0.87,0.3756,0.72,0.7849,58
1581480046.128,0.86,0.4075,0.74,0.7267,58
1581480046.406,0.84,0.4048,0.79,0.6536,58
1581480046.682,0.86,0.4082,0.77,0.6956,58
1581480046.958,0.82,0.4259,0.74,0.7981,58
1581480047.232,0.83,0.3994,0.71,0.7882,58
1581480047.48,0.86,0.3536,0.69,0.8299,58
1581480047.756,0.83,0.4362,0.73,0.7175,59
1581480048.032,0.87,0.3455,0.71,0.7847,59
1581480048.307,0.81,0.4642,0.76,0.8301,59
1581480048.581,0.85,0.3805,0.72,0.8486,59
1581480048.857,0.83,0.424,0.69,0.7583,59
1581480049.134,0.85,0.375,0.73,0.7204,59
1581480049.408,0.82,0.4587,0.74,0.8094,59
1581480049.69,0.84,0.4098,0.75,0.7835,59
1581480049.966,0.84,0.4253,0.74,0.8307,59
1581480050.242,0.81,0.4901,0.78,0.6835,59
1581480050.517,0.85,0.3928,0.72,0.6994,59
1581480050.793,0.81,0.4754,0.77,0.6632,59
1581480051.065,0.83,0.424,0.74,0.7797,59
1581480051.34,0.82,0.4366,0.73,0.7892,59
1581480051.585,0.86,0.3652,0.72,0.8607,59
1581480051.861,0.82,0.4485,0.75,0.7364,60
1581480052.141,0.84,0.4018,0.7,0.7689,60
1581480052.415,0.82,0.4662,0.71,0.8128,60
1581480052.689,0.84,0.4035,0.77,0.8721,60
1581480052.967,0.84,0.4115,0.75,0.7797,60
1581480053.241,0.85,0.3741,0.73,0.63,60
1581480053.517,0.84,0.4403,0.74,0.7338,60
1581480053.795,0.82,0.4216,0.77,0.7474,60
1581480054.071,0.86,0.3899,0.74,0.8253,60
1581480054.345,0.82,0.4762,0.74,0.7262,60
1581480054.618,0.83,0.4129,0.75,0.696,60
1581480054.893,0.81,0.4972,0.73,0.6459,60
1581480055.173,0.83,0.4356,0.73,0.8448,60
1581480055.447,0.8,0.5026,0.73,0.7681,60
1581480055.693,0.86,0.37,0.7,0.795,60
1581480055.968,0.82,0.4788,0.7,0.738,61
1581480056.242,0.85,0.3956,0.73,0.6918,61
1581480056.519,0.83,0.4348,0.74,0.7341,61
1581480056.797,0.86,0.3794,0.75,0.8276,61
1581480057.071,0.85,0.3855,0.75,0.8157,61
1581480057.347,0.87,0.3437,0.73,0.6713,61
1581480057.62,0.85,0.4014,0.74,0.6387,61
1581480057.899,0.87,0.3457,0.76,0.6815,61
1581480058.173,0.86,0.3861,0.73,0.7931,61
1581480058.447,0.85,0.3986,0.74,0.8017,61
1581480058.724,0.85,0.4041,0.75,0.6905,61
1581480059.014,0.84,0.4434,0.76,0.634,61
1581480059.306,0.84,0.4325,0.76,0.723,61
1581480059.595,0.84,0.4107,0.76,0.7758,61
1581480059.843,0.85,0.3732,0.73,0.7357,61
1581480060.116,0.85,0.3918,0.72,0.7271,62
1581480060.395,0.85,0.3947,0.72,0.7404,62
1581480060.67,0.84,0.402,0.74,0.8136,62
1581480060.951,0.85,0.4067,0.72,0.8273,62
1581480061.226,0.86,0.3552,0.77,0.8473,62
1581480061.5,0.87,0.3357,0.73,0.7448,62
1581480061.779,0.83,0.4394,0.73,0.678,62
1581480062.053,0.85,0.3615,0.76,0.6744,62
1581480062.328,0.86,0.3758,0.69,0.7654,62
1581480062.604,0.85,0.3961,0.73,0.733,62
1581480062.894,0.85,0.3796,0.75,0.6998,62
1581480063.168,0.82,0.4691,0.76,0.6375,62
1581480063.442,0.85,0.407,0.78,0.6776,62
1581480063.719,0.86,0.3821,0.76,0.7299,62
1581480063.968,0.84,0.395,0.74,0.6911,62
1581480064.249,0.86,0.3756,0.74,0.735,63
1581480064.523,0.86,0.3678,0.75,0.7717,63
1581480064.803,0.84,0.4205,0.73,0.8573,63
1581480065.08,0.87,0.3604,0.73,0.8599,63
1581480065.354,0.86,0.3713,0.76,0.7216,63
1581480065.628,0.88,0.3093,0.73,0.7002,63
1581480065.907,0.85,0.4136,0.72,0.7534,63
1581480066.182,0.86,0.3525,0.74,0.785,63
1581480066.457,0.87,0.3512,0.72,0.7715,63
1581480066.734,0.87,0.3706,0.72,0.7089,63
1581480067.007,0.85,0.4008,0.74,0.6452,63
1581480067.281,0.86,0.4044,0.75,0.6679,63
1581480067.555,0.86,0.3893,0.75,0.7528,63
1581480067.837,0.84,0.3896,0.77,0.7593,63
1581480068.089,0.87,0.3467,0.77,0.6908,63
1581480068.364,0.87,0.3575,0.72,0.6889,64
1581480068.639,0.87,0.352,0.73,0.74,64
1581480068.912,0.86,0.3807,0.75,0.8428,64
1581480069.188,0.88,0.3488,0.72,0.8328,64
1581480069.463,0.87,0.3382,0.75,0.7725,64
1581480069.74,0.9,0.2877,0.74,0.6979,64
1581480070.03,0.88,0.3694,0.72,0.6814,64
1581480070.319,0.88,0.3116,0.75,0.7355,64
1581480070.611,0.87,0.3364,0.73,0.8245,64
1581480070.901,0.87,0.3583,0.73,0.7785,64
1581480071.181,0.86,0.3683,0.74,0.6517,64
1581480071.456,0.86,0.4028,0.74,0.6431,64
1581480071.728,0.85,0.4029,0.77,0.7976,64
1581480072.006,0.85,0.3697,0.76,0.8704,64
1581480072.252,0.86,0.3412,0.75,0.7359,64
1581480072.527,0.88,0.343,0.73,0.684,65
1581480072.81,0.87,0.3459,0.75,0.7111,65
1581480073.1,0.86,0.368,0.73,0.8599,65
1581480073.392,0.88,0.3398,0.73,0.8661,65
1581480073.683,0.87,0.3338,0.77,0.8211,65
1581480073.972,0.9,0.2793,0.72,0.7397,65
1581480074.251,0.87,0.3639,0.72,0.7267,65
1581480074.525,0.88,0.3087,0.76,0.7303,65
1581480074.803,0.88,0.3264,0.72,0.8107,65
1581480075.081,0.88,0.3367,0.71,0.8468,65
1581480075.357,0.87,0.359,0.76,0.6966,65
1581480075.638,0.86,0.3851,0.74,0.643,65
1581480075.92,0.85,0.3933,0.76,0.7137,65
1581480076.195,0.88,0.348,0.74,0.8237,65
1581480076.443,0.87,0.3201,0.75,0.7659,65
1581480076.72,0.87,0.346,0.74,0.7045,66
1581480076.996,0.87,0.3289,0.73,0.7225,66
1581480077.277,0.86,0.3727,0.74,0.8314,66
1581480077.555,0.88,0.3333,0.72,0.9093,66
1581480077.833,0.88,0.3415,0.76,0.8176,66
1581480078.109,0.91,0.2676,0.72,0.7493,66
1581480078.395,0.85,0.3704,0.72,0.7288,66
1581480078.67,0.88,0.2999,0.73,0.7486,66
1581480078.945,0.88,0.3239,0.73,0.8052,66
1581480079.226,0.88,0.3331,0.74,0.7869,66
1581480079.503,0.87,0.341,0.73,0.7111,66
1581480079.777,0.87,0.3798,0.74,0.6722,66
1581480080.052,0.86,0.3685,0.75,0.7212,66
1581480080.327,0.87,0.3469,0.77,0.8035,66
1581480080.582,0.87,0.3348,0.76,0.744,66
1581480080.859,0.88,0.3342,0.75,0.7286,67
1581480081.134,0.88,0.3289,0.74,0.7576,67
1581480081.41,0.85,0.3795,0.74,0.8283,67
1581480081.688,0.89,0.3251,0.68,0.9275,67
1581480081.962,0.88,0.338,0.76,0.8714,67
1581480082.24,0.9,0.2682,0.74,0.7837,67
1581480082.517,0.86,0.3607,0.74,0.7386,67
1581480082.792,0.89,0.2978,0.72,0.734,67
1581480083.066,0.9,0.3059,0.73,0.8334,67
1581480083.341,0.88,0.3402,0.72,0.8125,67
1581480083.622,0.87,0.3494,0.74,0.7033,67
1581480083.894,0.85,0.3903,0.74,0.671,67
1581480084.168,0.86,0.3805,0.73,0.7584,67
1581480084.441,0.85,0.3707,0.74,0.8474,67
1581480084.692,0.86,0.3489,0.76,0.7006,67
1581480084.98,0.88,0.3216,0.72,0.7067,68
1581480085.253,0.87,0.3484,0.75,0.7514,68
1581480085.541,0.86,0.355,0.73,0.9158,68
1581480085.818,0.87,0.3451,0.69,0.8745,68
1581480086.092,0.86,0.3437,0.72,0.8165,68
1581480086.366,0.9,0.2779,0.72,0.8057,68
1581480086.653,0.87,0.3585,0.75,0.7875,68
1581480086.929,0.88,0.2991,0.71,0.7382,68
1581480087.203,0.89,0.3124,0.7,0.8134,68
1581480087.477,0.87,0.3443,0.69,0.8492,68
1581480087.753,0.86,0.3713,0.74,0.751,68
1581480088.034,0.84,0.4088,0.71,0.6793,68
1581480088.308,0.86,0.4085,0.73,0.7101,68
1581480088.582,0.86,0.3746,0.73,0.8073,68
1581480088.828,0.88,0.3266,0.75,0.817,68
1581480089.105,0.83,0.4039,0.72,0.7073,69
1581480089.381,0.84,0.381,0.71,0.7428,69
1581480089.662,0.85,0.4217,0.73,1.0045,69
1581480089.938,0.84,0.4075,0.7,0.961,69
1581480090.214,0.87,0.3486,0.69,0.8303,69
1581480090.488,0.87,0.3282,0.73,0.7997,69
1581480090.773,0.83,0.4358,0.75,0.8386,69
1581480091.051,0.87,0.3245,0.73,0.9184,69
1581480091.327,0.86,0.3688,0.7,0.8374,69
1581480091.603,0.88,0.3345,0.72,0.7465,69
1581480091.878,0.86,0.3839,0.73,0.7226,69
1581480092.154,0.85,0.4102,0.75,0.6984,69
1581480092.43,0.86,0.3841,0.74,0.7447,69
1581480092.708,0.85,0.3653,0.74,0.7128,69
1581480092.954,0.88,0.3464,0.77,0.6752,69
1581480093.231,0.85,0.3618,0.74,0.685,70
1581480093.509,0.87,0.339,0.74,0.6975,70
1581480093.792,0.86,0.3563,0.77,0.8163,70
1581480094.067,0.89,0.3184,0.75,0.9784,70
1581480094.347,0.83,0.4115,0.7,0.9401,70
1581480094.624,0.86,0.3439,0.73,0.8024,70
1581480094.898,0.84,0.395,0.7,0.9464,70
1581480095.176,0.83,0.4365,0.71,0.8903,70
1581480095.454,0.84,0.3976,0.68,1.071,70
1581480095.73,0.82,0.4116,0.69,0.9026,70
1581480096.004,0.85,0.3841,0.73,0.776,70
1581480096.277,0.83,0.4539,0.73,0.7395,70
1581480096.551,0.81,0.5086,0.73,0.8538,70
1581480096.833,0.84,0.4083,0.71,0.897,70
1581480097.079,0.85,0.4025,0.75,0.7463,70
1581480097.36,0.81,0.4411,0.76,0.6496,71
1581480097.635,0.81,0.4335,0.74,0.6405,71
1581480097.922,0.84,0.3929,0.74,0.8304,71
1581480098.197,0.86,0.3501,0.73,0.9522,71
1581480098.477,0.85,0.3733,0.76,0.8901,71
1581480098.755,0.86,0.3256,0.74,0.7964,71
1581480099.03,0.86,0.3858,0.7,0.7936,71
1581480099.305,0.85,0.3906,0.7,0.7665,71
1581480099.58,0.85,0.4076,0.69,0.9741,71
1581480099.856,0.82,0.4214,0.71,1.0128,71
1581480100.128,0.81,0.4695,0.71,0.7775,71
1581480100.403,0.86,0.393,0.72,0.7672,71
1581480100.685,0.81,0.495,0.71,0.7969,71
1581480100.986,0.84,0.3926,0.65,1.0252,71
1581480101.247,0.85,0.3956,0.69,0.898,71
1581480101.532,0.81,0.4481,0.78,0.6448,72
1581480101.808,0.84,0.391,0.77,0.6714,72
1581480102.083,0.79,0.5541,0.74,0.6717,72
1581480102.356,0.84,0.4043,0.64,1.0872,72
1581480102.629,0.82,0.4579,0.69,1.09,72
1581480102.903,0.85,0.3778,0.74,0.8748,72
1581480103.178,0.82,0.4606,0.7,0.8,72
1581480103.452,0.83,0.4567,0.72,0.7157,72
1581480103.73,0.83,0.4232,0.71,0.8603,72
1581480104.009,0.81,0.4592,0.65,0.9685,72
1581480104.291,0.77,0.5641,0.71,0.8143,72
1581480104.565,0.81,0.4555,0.7,0.7062,72
1581480104.846,0.85,0.4176,0.72,0.7667,72
1581480105.121,0.8,0.5179,0.69,0.8925,72
1581480105.369,0.84,0.4232,0.67,1.0482,72
1581480105.654,0.8,0.4808,0.71,0.9129,73
1581480105.93,0.82,0.4349,0.76,0.7042,73
1581480106.207,0.85,0.3889,0.73,0.6883,73
1581480106.484,0.79,0.5354,0.72,0.6737,73
1581480106.771,0.82,0.4529,0.76,0.9408,73
1581480107.051,0.86,0.357,0.68,1.1195,73
1581480107.326,0.8,0.4969,0.73,0.895,73
1581480107.604,0.84,0.3858,0.72,0.7672,73
1581480107.879,0.81,0.4852,0.7,0.7111,73
1581480108.166,0.83,0.454,0.76,0.7166,73
1581480108.442,0.86,0.3919,0.75,0.8124,73
1581480108.718,0.82,0.4576,0.72,0.8197,73
1581480108.999,0.81,0.4566,0.7,0.7333,73
1581480109.276,0.83,0.3921,0.72,0.6827,73
1581480109.523,0.86,0.3711,0.72,0.7189,73
1581480109.801,0.86,0.3857,0.72,0.8306,74
1581480110.077,0.85,0.3955,0.69,0.8998,74
1581480110.353,0.84,0.4031,0.7,0.8811,74
1581480110.627,0.84,0.4094,0.7,0.7301,74
1581480110.903,0.85,0.365,0.72,0.7804,74
1581480111.187,0.86,0.3521,0.75,0.7928,74
1581480111.461,0.83,0.424,0.72,0.7496,74
1581480111.736,0.88,0.3112,0.7,0.7909,74
1581480112.014,0.84,0.409,0.75,0.7308,74
1581480112.296,0.88,0.3264,0.77,0.8376,74
1581480112.57,0.83,0.4356,0.76,0.6846,74
1581480112.845,0.87,0.3612,0.75,0.6682,74
1581480113.119,0.87,0.3626,0.76,0.7073,74
1581480113.397,0.84,0.3868,0.75,0.6914,74
1581480113.656,0.89,0.3134,0.74,0.7921,74
1581480113.934,0.84,0.4066,0.76,0.7384,75
1581480114.208,0.87,0.3394,0.73,0.7315,75
1581480114.486,0.86,0.3405,0.73,0.7736,75
1581480114.762,0.85,0.3839,0.71,0.7196,75
1581480115.036,0.87,0.3486,0.74,0.9105,75
1581480115.319,0.89,0.2903,0.72,1.0571,75
1581480115.604,0.82,0.463,0.71,0.8413,75
1581480115.88,0.88,0.3034,0.72,0.8064,75
1581480116.16,0.83,0.4359,0.7,0.7582,75
1581480116.44,0.84,0.3772,0.73,0.7908,75
1581480116.727,0.87,0.3493,0.73,0.9291,75
1581480117.0,0.83,0.421,0.77,0.7742,75
1581480117.275,0.88,0.3176,0.74,0.7304,75
1581480117.553,0.86,0.3755,0.74,0.7177,75
1581480117.801,0.86,0.3846,0.73,0.7329,75
1581480118.083,0.88,0.3327,0.73,0.8272,76
1581480118.364,0.83,0.392,0.75,0.7948,76
1581480118.643,0.86,0.3513,0.73,0.7737,76
1581480118.936,0.89,0.3156,0.73,0.7849,76
1581480119.231,0.82,0.4576,0.73,0.7095,76
1581480119.525,0.9,0.2612,0.72,0.8629,76
1581480119.81,0.85,0.3878,0.71,0.9147,76
1581480120.086,0.86,0.3825,0.75,0.763,76
1581480120.36,0.9,0.3001,0.73,0.7619,76
1581480120.637,0.84,0.4122,0.73,0.7285,76
1581480120.912,0.82,0.4228,0.77,0.6726,76
1581480121.187,0.88,0.3389,0.72,0.8834,76
1581480121.468,0.83,0.4146,0.74,0.8016,76
1581480121.749,0.87,0.3505,0.74,0.7761,76
1581480121.996,0.87,0.3319,0.72,0.7652,76
1581480122.273,0.86,0.3677,0.74,0.7155,77
1581480122.548,0.88,0.3099,0.73,0.6567,77
1581480122.838,0.86,0.3588,0.75,0.6895,77
1581480123.111,0.87,0.3269,0.74,0.763,77
1581480123.387,0.9,0.2967,0.71,0.8318,77
1581480123.661,0.89,0.2959,0.76,0.7628,77
1581480123.938,0.88,0.3085,0.72,0.7746,77
1581480124.212,0.88,0.31,0.74,0.7836,77
1581480124.489,0.88,0.3335,0.75,0.7838,77
1581480124.763,0.9,0.2935,0.72,0.8723,77
1581480125.04,0.84,0.3911,0.71,0.7797,77
1581480125.313,0.86,0.3524,0.74,0.6789,77
1581480125.594,0.88,0.3276,0.75,0.7512,77
1581480125.872,0.85,0.376,0.74,0.7966,77
1581480126.12,0.9,0.2894,0.68,0.9296,77
1581480126.396,0.86,0.3575,0.7,0.8733,78
1581480126.672,0.88,0.3225,0.77,0.6876,78
1581480126.945,0.88,0.3102,0.73,0.6538,78
1581480127.22,0.88,0.3277,0.75,0.6608,78
1581480127.496,0.89,0.3174,0.75,0.8392,78
1581480127.771,0.92,0.2379,0.76,1.0017,78
1581480128.046,0.85,0.3817,0.75,0.8726,78
1581480128.321,0.9,0.2665,0.72,0.7563,78
1581480128.596,0.88,0.3087,0.71,0.7199,78
1581480128.869,0.86,0.3414,0.76,0.7823,78
1581480129.148,0.89,0.3022,0.74,0.8955,78
1581480129.424,0.86,0.3528,0.78,0.8214,78
1581480129.701,0.89,0.2908,0.76,0.742,78
1581480129.985,0.88,0.3097,0.76,0.737,78
1581480130.246,0.89,0.3021,0.72,0.7804,78
1581480130.539,0.9,0.2889,0.72,0.8739,79
1581480130.825,0.9,0.281,0.72,0.8657,79
1581480131.1,0.88,0.3107,0.71,0.7571,79
1581480131.379,0.92,0.2654,0.72,0.7223,79
1581480131.652,0.88,0.3175,0.71,0.7519,79
1581480131.926,0.93,0.2131,0.74,0.8733,79
1581480132.206,0.9,0.3037,0.73,0.9317,79
1581480132.488,0.92,0.2543,0.73,0.8983,79
1581480132.778,0.91,0.2756,0.75,0.7922,79
1581480133.07,0.89,0.2832,0.75,0.7731,79
1581480133.363,0.88,0.31,0.77,0.7858,79
1581480133.653,0.9,0.3034,0.75,0.8323,79
1581480133.943,0.88,0.2971,0.77,0.8018,79
1581480134.218,0.89,0.2819,0.78,0.8058,79
1581480134.466,0.91,0.269,0.76,0.8394,79
1581480134.741,0.9,0.2857,0.72,0.8671,80
1581480135.017,0.9,0.2691,0.73,0.797,80
1581480135.291,0.9,0.2715,0.73,0.7959,80
1581480135.567,0.9,0.2858,0.73,0.7438,80
1581480135.848,0.9,0.2766,0.73,0.82,80
1581480136.124,0.93,0.2113,0.72,0.9166,80
1581480136.398,0.89,0.3089,0.73,0.8795,80
1581480136.679,0.92,0.2358,0.7,0.8483,80
1581480136.954,0.91,0.2612,0.74,0.8057,80
1581480137.228,0.9,0.2721,0.77,0.8068,80
1581480137.502,0.89,0.2834,0.76,0.8108,80
1581480137.78,0.91,0.2912,0.76,0.8154,80
1581480138.056,0.89,0.2725,0.75,0.8047,80
1581480138.331,0.9,0.2766,0.78,0.8263,80
1581480138.579,0.92,0.2482,0.74,0.8893,80
1581480138.861,0.9,0.2659,0.73,0.9338,81
1581480139.136,0.9,0.2723,0.75,0.8445,81
1581480139.41,0.9,0.2667,0.72,0.8265,81
1581480139.686,0.92,0.2558,0.72,0.7732,81
1581480139.964,0.9,0.2835,0.75,0.8494,81
1581480140.239,0.92,0.2173,0.71,0.9477,81
1581480140.515,0.89,0.3112,0.74,0.8838,81
1581480140.794,0.92,0.2307,0.71,0.8663,81
1581480141.068,0.91,0.2688,0.73,0.9046,81
1581480141.343,0.89,0.2929,0.75,0.914,81
1581480141.614,0.9,0.2775,0.71,0.9101,81
1581480141.892,0.88,0.3159,0.75,0.8082,81
1581480142.165,0.9,0.2677,0.75,0.8155,81
1581480142.44,0.88,0.3041,0.75,0.8249,81
1581480142.688,0.91,0.2692,0.72,0.9072,81
1581480142.966,0.9,0.2764,0.75,0.9505,82
1581480143.24,0.89,0.2884,0.75,0.8152,82
1581480143.516,0.89,0.2833,0.7,0.8415,82
1581480143.791,0.89,0.2934,0.73,0.7748,82
1581480144.071,0.9,0.2804,0.73,0.8993,82
1581480144.345,0.93,0.2114,0.74,0.9982,82
1581480144.619,0.86,0.3583,0.71,0.8236,82
1581480144.901,0.92,0.2335,0.71,0.8164,82
1581480145.179,0.9,0.302,0.71,0.8767,82
1581480145.454,0.89,0.2861,0.72,0.9715,82
1581480145.73,0.89,0.2918,0.74,0.9928,82
1581480146.005,0.87,0.3285,0.74,0.8127,82
1581480146.279,0.9,0.2565,0.72,0.8274,82
1581480146.555,0.87,0.3106,0.74,0.7995,82
1581480146.802,0.92,0.2555,0.72,0.9069,82
1581480147.083,0.9,0.2841,0.72,0.9754,83
1581480147.356,0.9,0.275,0.74,0.9399,83
1581480147.63,0.87,0.3087,0.71,0.8157,83
1581480147.903,0.91,0.2531,0.69,0.8209,83
1581480148.183,0.86,0.3599,0.76,0.8653,83
1581480148.458,0.93,0.2114,0.72,1.0537,83
1581480148.732,0.83,0.4024,0.78,0.8261,83
1581480149.005,0.92,0.2257,0.68,0.793,83
1581480149.285,0.88,0.3226,0.7,0.8706,83
1581480149.559,0.88,0.3144,0.72,0.9359,83
1581480149.832,0.89,0.2929,0.67,1.0163,83
1581480150.106,0.88,0.3239,0.72,0.8692,83
1581480150.381,0.9,0.2707,0.7,0.8341,83
1581480150.656,0.9,0.2855,0.71,0.8259,83
1581480150.903,0.9,0.294,0.71,0.8257,83
1581480151.188,0.89,0.2761,0.72,0.907,84
1581480151.466,0.89,0.272,0.72,0.9278,84
1581480151.743,0.88,0.3132,0.74,0.8298,84
1581480152.018,0.91,0.2577,0.71,0.812,84
1581480152.294,0.87,0.3535,0.75,0.7726,84
1581480152.571,0.93,0.1973,0.74,0.9096,84
1581480152.861,0.89,0.3085,0.72,0.9274,84
1581480153.136,0.89,0.2919,0.75,0.8128,84
1581480153.413,0.9,0.2723,0.72,0.8014,84
1581480153.689,0.89,0.3093,0.73,0.8322,84
1581480153.963,0.87,0.3128,0.69,0.9335,84
1581480154.236,0.91,0.2852,0.71,1.0844,84
1581480154.513,0.86,0.3329,0.74,0.8824,84
1581480154.788,0.9,0.2729,0.73,0.8554,84
1581480155.034,0.9,0.2774,0.73,0.8015,84
1581480155.332,0.89,0.3107,0.74,0.7908,85
1581480155.612,0.9,0.2666,0.73,0.8678,85
1581480155.892,0.88,0.2992,0.71,0.9125,85
1581480156.168,0.91,0.269,0.71,0.8588,85
1581480156.453,0.89,0.294,0.71,0.8319,85
1581480156.728,0.9,0.2577,0.73,0.8656,85
1581480157.004,0.9,0.2655,0.75,1.0005,85
1581480157.278,0.89,0.3002,0.72,0.9382,85
1581480157.554,0.9,0.2856,0.71,0.87,85
1581480157.835,0.89,0.2937,0.76,0.7869,85
1581480158.11,0.88,0.3115,0.78,0.7915,85
1581480158.392,0.9,0.2846,0.75,0.9848,85
1581480158.667,0.89,0.2741,0.71,1.1352,85
1581480158.94,0.87,0.3365,0.76,0.9843,85
1581480159.187,0.93,0.2328,0.7,0.8784,85
1581480159.463,0.9,0.2892,0.74,0.7611,86
1581480159.74,0.89,0.278,0.74,0.7602,86
1581480160.014,0.89,0.2877,0.73,0.9157,86
1581480160.289,0.91,0.2677,0.71,0.9801,86
1581480160.565,0.91,0.245,0.69,0.9474,86
1581480160.855,0.92,0.2342,0.72,0.928,86
1581480161.146,0.89,0.2963,0.71,0.9534,86
1581480161.445,0.89,0.2729,0.74,0.9433,86
1581480161.724,0.91,0.2658,0.72,0.9963,86
1581480161.999,0.87,0.3078,0.71,0.8606,86
1581480162.274,0.89,0.3049,0.72,0.772,86
1581480162.547,0.89,0.2934,0.77,0.811,86
1581480162.826,0.89,0.286,0.72,1.0455,86
1581480163.101,0.89,0.2843,0.69,1.2484,86
1581480163.347,0.89,0.2994,0.75,1.0473,86
1581480163.622,0.89,0.2959,0.72,0.7994,87
1581480163.897,0.92,0.2328,0.75,0.754,87
1581480164.178,0.87,0.3484,0.74,0.783,87
1581480164.455,0.91,0.2594,0.73,0.9752,87
1581480164.73,0.89,0.267,0.74,0.9914,87
1581480165.005,0.92,0.2058,0.74,0.9699,87
1581480165.28,0.9,0.2864,0.73,0.9762,87
1581480165.561,0.88,0.3124,0.78,0.8593,87
1581480165.834,0.9,0.2708,0.74,0.8646,87
1581480166.109,0.9,0.2546,0.67,0.9481,87
1581480166.384,0.86,0.3437,0.72,0.794,87
1581480166.659,0.9,0.292,0.73,0.8248,87
1581480166.936,0.88,0.2995,0.74,0.8771,87
1581480167.214,0.89,0.2743,0.75,1.0409,87
1581480167.462,0.92,0.2301,0.71,1.1966,87
1581480167.74,0.86,0.3387,0.7,0.9928,88
1581480168.014,0.91,0.2452,0.74,0.8523,88
1581480168.294,0.88,0.3231,0.75,0.7881,88
1581480168.569,0.92,0.2546,0.72,0.8736,88
1581480168.845,0.9,0.2591,0.71,1.0457,88
1581480169.119,0.89,0.27,0.76,0.9959,88
1581480169.396,0.9,0.2818,0.73,0.9622,88
1581480169.676,0.9,0.258,0.75,0.9008,88
1581480169.95,0.89,0.2859,0.72,0.8985,88
1581480170.227,0.9,0.2799,0.75,0.9449,88
1581480170.507,0.88,0.3049,0.73,0.8568,88
1581480170.781,0.9,0.267,0.7,0.8129,88
1581480171.056,0.89,0.2882,0.71,0.8412,88
1581480171.331,0.87,0.3128,0.72,0.9288,88
1581480171.58,0.91,0.2557,0.71,1.0795,88
1581480171.861,0.89,0.2798,0.74,1.0345,89
1581480172.134,0.9,0.2545,0.75,0.8685,89
1581480172.408,0.9,0.2802,0.76,0.8229,89
1581480172.685,0.89,0.2741,0.72,0.8223,89
1581480172.958,0.9,0.2884,0.73,0.9533,89
1581480173.236,0.91,0.2263,0.72,1.0284,89
1581480173.512,0.88,0.3237,0.73,0.9292,89
1581480173.793,0.91,0.2464,0.73,0.8214,89
1581480174.067,0.9,0.2762,0.73,0.7711,89
1581480174.342,0.89,0.2825,0.73,0.8962,89
1581480174.619,0.9,0.2665,0.7,1.0294,89
1581480174.893,0.88,0.352,0.73,0.9151,89
1581480175.17,0.91,0.2384,0.73,0.9713,89
1581480175.444,0.86,0.3688,0.72,0.8629,89
1581480175.697,0.9,0.2739,0.7,0.9921,89
1581480175.973,0.9,0.2825,0.7,1.1346,90
1581480176.246,0.87,0.3122,0.71,0.927,90
1581480176.521,0.9,0.2803,0.73,0.861,90
1581480176.803,0.9,0.2679,0.73,0.9164,90
1581480177.077,0.88,0.3402,0.72,0.8773,90
1581480177.352,0.91,0.2207,0.7,1.0296,90
1581480177.626,0.87,0.3129,0.76,1.0884,90
1581480177.905,0.91,0.2579,0.75,1.0022,90
1581480178.18,0.9,0.289,0.72,0.8078,90
1581480178.455,0.88,0.3004,0.74,0.8655,90
1581480178.732,0.88,0.3083,0.7,0.9997,90
1581480179.026,0.88,0.3066,0.76,1.0152,90
1581480179.321,0.91,0.245,0.75,1.0422,90
1581480179.614,0.89,0.2982,0.75,0.9628,90
1581480179.874,0.89,0.3001,0.73,0.8556,90
1581480180.15,0.89,0.274,0.71,1.062,91
1581480180.423,0.89,0.2779,0.7,1.0166,91
1581480180.697,0.9,0.2806,0.7,0.9206,91
1581480180.981,0.89,0.28,0.71,0.9029,91
1581480181.256,0.91,0.261,0.75,0.9045,91
1581480181.53,0.91,0.2146,0.75,0.8999,91
1581480181.803,0.9,0.2711,0.74,1.0091,91
1581480182.083,0.89,0.2598,0.73,1.1061,91
1581480182.358,0.91,0.2636,0.75,1.0215,91
1581480182.634,0.89,0.2807,0.72,0.8784,91
1581480182.92,0.89,0.2783,0.72,0.8552,91
1581480183.197,0.9,0.2955,0.71,0.8939,91
1581480183.475,0.87,0.3296,0.74,1.0101,91
1581480183.749,0.88,0.3053,0.73,1.0262,91
1581480184.012,0.92,0.2247,0.69,1.0465,91
1581480184.293,0.86,0.3556,0.75,0.9199,92
1581480184.568,0.9,0.2676,0.69,0.9531,92
1581480184.842,0.86,0.371,0.74,0.8711,92
1581480185.115,0.91,0.2466,0.69,0.9166,92
1581480185.389,0.88,0.29,0.73,0.9045,92
1581480185.662,0.93,0.2018,0.72,0.9683,92
1581480185.937,0.9,0.2611,0.73,0.9954,92
1581480186.212,0.91,0.2527,0.73,1.0579,92
1581480186.487,0.9,0.2583,0.75,1.0935,92
1581480186.762,0.9,0.2664,0.76,1.0276,92
1581480187.037,0.88,0.2835,0.74,0.8814,92
1581480187.313,0.91,0.2415,0.73,0.8288,92
1581480187.587,0.89,0.2766,0.74,0.8474,92
1581480187.877,0.9,0.2576,0.71,0.9793,92
1581480188.129,0.92,0.233,0.75,1.0703,92
1581480188.409,0.9,0.283,0.74,0.9667,93
1581480188.683,0.89,0.2745,0.73,0.871,93
1581480188.96,0.89,0.3087,0.72,0.8366,93
1581480189.236,0.9,0.2692,0.72,0.7688,93
1581480189.512,0.91,0.251,0.72,0.9575,93
1581480189.801,0.89,0.2581,0.76,0.9425,93
1581480190.095,0.89,0.2959,0.73,0.91,93
1581480190.389,0.9,0.2545,0.76,0.9056,93
1581480190.681,0.88,0.2971,0.75,0.9575,93
1581480190.966,0.9,0.2499,0.72,1.0847,93
1581480191.244,0.89,0.2937,0.73,1.0292,93
1581480191.537,0.9,0.2517,0.73,0.8837,93
1581480191.811,0.9,0.2421,0.7,0.8301,93
1581480192.089,0.89,0.2804,0.69,0.827,93
1581480192.337,0.92,0.2278,0.71,0.9496,93
1581480192.619,0.9,0.2557,0.71,1.0249,94
1581480192.898,0.89,0.2831,0.7,0.9341,94
1581480193.19,0.9,0.2572,0.72,0.9644,94
1581480193.483,0.86,0.3179,0.7,0.8215,94
1581480193.777,0.9,0.2639,0.77,0.9191,94
1581480194.061,0.94,0.1826,0.71,1.1198,94
1581480194.341,0.85,0.3648,0.74,0.9358,94
1581480194.618,0.91,0.2326,0.75,0.9457,94
1581480194.895,0.88,0.299,0.73,0.9093,94
1581480195.173,0.9,0.2696,0.74,0.9909,94
1581480195.451,0.89,0.2733,0.71,1.0775,94
1581480195.732,0.89,0.2778,0.73,1.0294,94
1581480196.006,0.89,0.2683,0.7,0.9075,94
1581480196.281,0.92,0.2206,0.7,0.9014,94
1581480196.529,0.89,0.2666,0.71,0.9244,94
1581480196.806,0.92,0.2406,0.73,1.0349,95
1581480197.081,0.89,0.2736,0.71,0.9574,95
1581480197.365,0.89,0.284,0.72,0.8973,95
1581480197.639,0.9,0.2603,0.73,0.8802,95
1581480197.917,0.89,0.2778,0.7,0.8846,95
1581480198.195,0.9,0.2491,0.72,0.9155,95
1581480198.472,0.92,0.2264,0.71,1.0617,95
1581480198.747,0.88,0.2979,0.77,0.9231,95
1581480199.02,0.92,0.2451,0.73,0.9806,95
1581480199.3,0.87,0.3626,0.73,0.9189,95
1581480199.574,0.87,0.329,0.76,0.9549,95
1581480199.849,0.91,0.2567,0.74,1.0473,95
1581480200.126,0.88,0.3016,0.72,0.9745,95
1581480200.403,0.89,0.3025,0.73,0.8183,95
1581480200.658,0.92,0.2201,0.74,0.8675,95
1581480200.935,0.89,0.3,0.76,0.929,96
1581480201.215,0.91,0.2483,0.76,0.9826,96
1581480201.495,0.88,0.3194,0.76,0.8775,96
1581480201.769,0.91,0.2421,0.72,0.8529,96
1581480202.043,0.92,0.2222,0.72,0.9162,96
1581480202.327,0.91,0.2478,0.73,0.9035,96
1581480202.601,0.91,0.2482,0.72,0.9326,96
1581480202.877,0.92,0.2276,0.77,0.9946,96
1581480203.152,0.91,0.2679,0.75,1.0045,96
1581480203.425,0.89,0.303,0.75,0.9498,96
1581480203.709,0.88,0.299,0.74,0.8646,96
1581480203.984,0.9,0.2578,0.74,0.8376,96
1581480204.264,0.88,0.2976,0.74,0.933,96
1581480204.546,0.88,0.311,0.73,0.9529,96
1581480204.794,0.92,0.2249,0.73,1.0082,96
1581480205.07,0.9,0.2691,0.72,1.0962,97
1581480205.35,0.89,0.2901,0.74,0.9799,97
1581480205.629,0.89,0.2813,0.73,0.9254,97
1581480205.903,0.91,0.2344,0.7,0.9265,97
1581480206.176,0.9,0.2718,0.68,0.9609,97
1581480206.456,0.92,0.2378,0.71,0.9537,97
1581480206.753,0.92,0.2511,0.73,1.1143,97
1581480207.025,0.92,0.2378,0.72,1.1369,97
1581480207.299,0.91,0.2626,0.73,1.0502,97
1581480207.576,0.9,0.2711,0.77,1.0069,97
1581480207.85,0.9,0.2735,0.76,0.9446,97
1581480208.123,0.92,0.234,0.74,0.944,97
1581480208.399,0.88,0.3078,0.74,0.953,97
1581480208.677,0.86,0.3301,0.76,0.9605,97
1581480208.923,0.93,0.2145,0.74,1.0402,97
1581480209.197,0.9,0.2603,0.74,1.1122,98
1581480209.476,0.91,0.2444,0.74,1.0827,98
1581480209.75,0.91,0.2537,0.74,0.9599,98
1581480210.024,0.92,0.2278,0.72,0.8814,98
1581480210.297,0.93,0.2047,0.68,0.9415,98
1581480210.583,0.91,0.2357,0.69,0.9393,98
1581480210.86,0.89,0.3044,0.73,1.008,98
1581480211.134,0.92,0.2359,0.74,1.0232,98
1581480211.408,0.92,0.2354,0.73,1.0735,98
1581480211.69,0.9,0.298,0.74,1.058,98
1581480211.962,0.89,0.2796,0.76,1.006,98
1581480212.237,0.93,0.2381,0.74,0.9884,98
1581480212.512,0.9,0.2549,0.74,0.9828,98
1581480212.788,0.86,0.341,0.73,0.8952,98
1581480213.035,0.91,0.2596,0.74,0.9018,98
1581480213.311,0.9,0.2609,0.75,1.013,99
1581480213.59,0.92,0.2346,0.75,1.0669,99
1581480213.866,0.88,0.2846,0.76,0.9964,99
1581480214.141,0.89,0.2727,0.76,0.8558,99
1581480214.417,0.92,0.2137,0.71,0.8958,99
1581480214.69,0.91,0.2373,0.71,0.9054,99
1581480214.968,0.89,0.3128,0.71,0.9109,99
1581480215.244,0.91,0.2617,0.75,0.9055,99
1581480215.519,0.92,0.2408,0.71,0.9623,99
1581480215.799,0.89,0.3011,0.71,1.0332,99
1581480216.075,0.86,0.3562,0.74,0.9574,99
1581480216.347,0.9,0.2743,0.74,0.935,99
1581480216.622,0.91,0.2419,0.75,1.0306,99
1581480216.896,0.88,0.3108,0.74,0.9637,99
1581480217.145,0.88,0.3311,0.74,0.9037,99
