1580052892.121,0.23,1.3871,0.29,1.385,0
1580052892.3,0.26,1.3861,0.29,1.3848,0
1580052892.475,0.25,1.3869,0.29,1.3845,0
1580052892.643,0.26,1.3857,0.29,1.3841,0
1580052892.81,0.25,1.3864,0.29,1.3843,0
1580052892.978,0.23,1.3864,0.24,1.3847,0
1580052893.144,0.26,1.386,0.24,1.385,0
1580052893.313,0.24,1.3863,0.24,1.3849,0
1580052893.485,0.23,1.3868,0.24,1.3845,0
1580052893.653,0.26,1.3847,0.24,1.3838,0
1580052893.821,0.23,1.3849,0.31,1.3821,0
1580052893.989,0.28,1.3831,0.28,1.3795,0
1580052894.156,0.3,1.3803,0.26,1.3758,0
1580052894.328,0.25,1.3808,0.26,1.3721,0
1580052894.481,0.25,1.378,0.26,1.3681,0
1580052894.652,0.27,1.3715,0.3,1.3633,1
1580052894.821,0.3,1.3698,0.35,1.3585,1
1580052894.99,0.35,1.3644,0.35,1.353,1
1580052895.158,0.35,1.3567,0.35,1.3467,1
1580052895.326,0.36,1.3481,0.36,1.3388,1
1580052895.494,0.36,1.343,0.43,1.3278,1
1580052895.661,0.46,1.3226,0.45,1.3171,1
1580052895.828,0.47,1.2888,0.39,1.3075,1
1580052896.0,0.51,1.2633,0.42,1.2998,1
1580052896.167,0.43,1.2821,0.41,1.317,1
1580052896.346,0.48,1.2567,0.44,1.2874,1
1580052896.514,0.49,1.2471,0.48,1.2652,1
1580052896.682,0.46,1.2584,0.48,1.2681,1
1580052896.848,0.48,1.2463,0.39,1.2958,1
1580052896.998,0.5,1.2326,0.38,1.3101,1
1580052897.167,0.51,1.209,0.44,1.2897,2
1580052897.335,0.5,1.2306,0.45,1.2754,2
1580052897.503,0.53,1.2053,0.47,1.2641,2
1580052897.672,0.51,1.223,0.45,1.2688,2
1580052897.84,0.52,1.212,0.46,1.2563,2
1580052898.008,0.49,1.2314,0.5,1.2394,2
1580052898.175,0.5,1.2276,0.5,1.2437,2
1580052898.343,0.51,1.2168,0.48,1.252,2
1580052898.511,0.56,1.1794,0.44,1.2792,2
1580052898.678,0.5,1.2286,0.44,1.291,2
1580052898.845,0.52,1.2132,0.44,1.277,2
1580052899.016,0.53,1.2028,0.48,1.2449,2
1580052899.209,0.55,1.1934,0.51,1.2361,2
1580052899.377,0.51,1.2174,0.51,1.2326,2
1580052899.527,0.53,1.1974,0.51,1.2305,2
1580052899.695,0.56,1.1749,0.5,1.2293,3
1580052899.862,0.53,1.2022,0.52,1.2346,3
1580052900.04,0.55,1.1877,0.5,1.2454,3
1580052900.231,0.53,1.2034,0.46,1.2631,3
1580052900.423,0.55,1.1897,0.46,1.2598,3
1580052900.615,0.52,1.2065,0.48,1.2515,3
1580052900.806,0.53,1.2101,0.47,1.2471,3
1580052900.996,0.53,1.2001,0.48,1.2427,3
1580052901.164,0.57,1.1599,0.45,1.2517,3
1580052901.355,0.52,1.2114,0.46,1.2549,3
1580052901.548,0.56,1.1743,0.48,1.2397,3
1580052901.733,0.55,1.1873,0.5,1.2208,3
1580052901.921,0.53,1.1937,0.51,1.2206,3
1580052902.111,0.52,1.2052,0.5,1.2248,3
1580052902.269,0.56,1.1819,0.5,1.229,3
1580052902.439,0.58,1.1576,0.5,1.2337,4
1580052902.607,0.54,1.191,0.51,1.2398,4
1580052902.776,0.54,1.1843,0.5,1.2415,4
1580052902.944,0.53,1.2008,0.49,1.238,4
1580052903.11,0.54,1.1874,0.51,1.2327,4
1580052903.278,0.53,1.1981,0.5,1.2298,4
1580052903.445,0.53,1.1968,0.51,1.2286,4
1580052903.613,0.54,1.1901,0.51,1.2282,4
1580052903.78,0.59,1.1509,0.48,1.238,4
1580052903.949,0.52,1.2051,0.49,1.2421,4
1580052904.117,0.56,1.1702,0.51,1.2243,4
1580052904.285,0.55,1.1845,0.5,1.2204,4
1580052904.455,0.54,1.1885,0.5,1.2195,4
1580052904.624,0.53,1.1979,0.49,1.2259,4
1580052904.774,0.55,1.178,0.5,1.2309,4
1580052904.941,0.59,1.1509,0.48,1.236,5
1580052905.11,0.55,1.1867,0.49,1.2346,5
1580052905.277,0.55,1.1822,0.48,1.2282,5
1580052905.446,0.53,1.1941,0.51,1.2283,5
1580052905.617,0.55,1.1833,0.51,1.2367,5
1580052905.783,0.53,1.2021,0.48,1.2374,5
1580052905.951,0.54,1.194,0.5,1.2293,5
1580052906.121,0.55,1.1802,0.52,1.2311,5
1580052906.289,0.58,1.1489,0.48,1.2388,5
1580052906.468,0.52,1.201,0.49,1.2428,5
1580052906.636,0.57,1.1655,0.51,1.2229,5
1580052906.803,0.55,1.1822,0.52,1.2132,5
1580052906.974,0.54,1.1865,0.51,1.2101,5
1580052907.163,0.54,1.198,0.52,1.2121,5
1580052907.312,0.55,1.1749,0.51,1.2227,5
1580052907.48,0.6,1.1443,0.5,1.2396,6
1580052907.651,0.54,1.1817,0.5,1.2418,6
1580052907.819,0.55,1.1792,0.5,1.2315,6
1580052907.987,0.53,1.193,0.5,1.2352,6
1580052908.169,0.54,1.1773,0.48,1.2461,6
1580052908.338,0.54,1.1997,0.51,1.2338,6
1580052908.505,0.54,1.1904,0.52,1.2222,6
1580052908.677,0.56,1.1777,0.52,1.222,6
1580052908.845,0.59,1.1453,0.5,1.2331,6
1580052909.013,0.54,1.195,0.49,1.2454,6
1580052909.182,0.58,1.1657,0.52,1.2172,6
1580052909.352,0.55,1.1784,0.52,1.2135,6
1580052909.52,0.54,1.1902,0.52,1.2086,6
1580052909.688,0.53,1.1943,0.51,1.218,6
1580052909.838,0.55,1.1752,0.51,1.2305,6
1580052910.008,0.59,1.1505,0.5,1.2252,7
1580052910.175,0.54,1.1786,0.49,1.2241,7
1580052910.343,0.55,1.1769,0.51,1.2233,7
1580052910.511,0.52,1.2033,0.52,1.2267,7
1580052910.678,0.55,1.1729,0.46,1.26,7
1580052910.877,0.54,1.2038,0.47,1.2571,7
1580052911.045,0.53,1.1959,0.49,1.2317,7
1580052911.215,0.56,1.1694,0.52,1.2228,7
1580052911.407,0.58,1.1488,0.51,1.227,7
1580052911.597,0.53,1.1979,0.47,1.2435,7
1580052911.77,0.57,1.1649,0.5,1.2417,7
1580052911.961,0.55,1.1885,0.53,1.2202,7
1580052912.128,0.56,1.1695,0.53,1.2129,7
1580052912.298,0.55,1.1886,0.52,1.2102,7
1580052912.448,0.56,1.1657,0.51,1.2161,7
1580052912.616,0.6,1.1313,0.49,1.2335,8
1580052912.784,0.55,1.1744,0.48,1.2352,8
1580052912.956,0.55,1.176,0.51,1.2172,8
1580052913.126,0.54,1.1892,0.51,1.2081,8
1580052913.293,0.55,1.1765,0.53,1.2128,8
1580052913.46,0.54,1.188,0.52,1.2262,8
1580052913.627,0.55,1.1789,0.5,1.2328,8
1580052913.799,0.56,1.1611,0.49,1.2297,8
1580052913.97,0.6,1.1389,0.51,1.2241,8
1580052914.139,0.53,1.1959,0.51,1.2211,8
1580052914.306,0.57,1.1648,0.54,1.2122,8
1580052914.474,0.56,1.1757,0.51,1.2079,8
1580052914.641,0.58,1.1581,0.55,1.2216,8
1580052914.812,0.54,1.186,0.51,1.2301,8
1580052914.965,0.56,1.1701,0.53,1.2152,8
1580052915.133,0.61,1.1276,0.51,1.2187,9
1580052915.301,0.55,1.1754,0.51,1.2298,9
1580052915.469,0.56,1.1673,0.47,1.234,9
1580052915.638,0.54,1.1886,0.51,1.2205,9
1580052915.806,0.56,1.168,0.52,1.2154,9
1580052915.995,0.56,1.1791,0.52,1.2127,9
1580052916.164,0.56,1.1703,0.52,1.2151,9
1580052916.352,0.57,1.1563,0.53,1.2196,9
1580052916.519,0.61,1.1343,0.53,1.2156,9
1580052916.689,0.54,1.1886,0.53,1.2153,9
1580052916.859,0.57,1.1608,0.51,1.2057,9
1580052917.032,0.56,1.1701,0.55,1.1981,9
1580052917.215,0.58,1.1491,0.52,1.225,9
1580052917.4,0.54,1.1819,0.52,1.2323,9
1580052917.55,0.55,1.1697,0.52,1.2045,9
1580052917.718,0.6,1.1235,0.53,1.2077,10
1580052917.888,0.55,1.1801,0.51,1.213,10
1580052918.057,0.58,1.1581,0.51,1.2211,10
1580052918.248,0.54,1.1804,0.52,1.2255,10
1580052918.422,0.57,1.1587,0.52,1.2192,10
1580052918.59,0.56,1.1743,0.54,1.2035,10
1580052918.761,0.56,1.1625,0.53,1.2059,10
1580052918.953,0.59,1.1531,0.5,1.2139,10
1580052919.147,0.62,1.1302,0.54,1.2122,10
1580052919.343,0.54,1.1828,0.52,1.2019,10
1580052919.534,0.58,1.1503,0.53,1.1885,10
1580052919.725,0.56,1.1648,0.55,1.1829,10
1580052919.919,0.57,1.1577,0.54,1.1923,10
1580052920.11,0.55,1.1742,0.54,1.2143,10
1580052920.271,0.56,1.1662,0.52,1.1979,10
1580052920.463,0.62,1.1185,0.54,1.2028,11
1580052920.651,0.54,1.1833,0.54,1.1999,11
1580052920.821,0.57,1.1661,0.49,1.2004,11
1580052920.99,0.55,1.1734,0.51,1.2128,11
1580052921.159,0.58,1.1539,0.53,1.2183,11
1580052921.327,0.56,1.1784,0.55,1.1882,11
1580052921.523,0.57,1.1578,0.53,1.1868,11
1580052921.717,0.58,1.1538,0.53,1.188,11
1580052921.906,0.6,1.1317,0.53,1.2,11
1580052922.101,0.54,1.1776,0.49,1.2149,11
1580052922.279,0.55,1.1703,0.55,1.1887,11
1580052922.45,0.57,1.162,0.56,1.1851,11
1580052922.618,0.56,1.1664,0.57,1.1843,11
1580052922.814,0.54,1.1725,0.48,1.2398,11
1580052922.977,0.55,1.1755,0.5,1.2349,11
1580052923.147,0.58,1.1498,0.56,1.1823,12
1580052923.315,0.58,1.1555,0.55,1.1872,12
1580052923.487,0.58,1.1563,0.54,1.1944,12
1580052923.656,0.52,1.2041,0.55,1.1964,12
1580052923.824,0.57,1.1567,0.46,1.2358,12
1580052923.995,0.56,1.1654,0.48,1.2398,12
1580052924.164,0.55,1.1711,0.52,1.1921,12
1580052924.334,0.59,1.1419,0.54,1.1831,12
1580052924.502,0.6,1.1329,0.54,1.1866,12
1580052924.67,0.54,1.1821,0.54,1.1795,12
1580052924.839,0.59,1.1399,0.57,1.1754,12
1580052925.01,0.56,1.1729,0.57,1.1714,12
1580052925.181,0.6,1.1341,0.55,1.1706,12
1580052925.372,0.57,1.1602,0.56,1.1737,12
1580052925.546,0.58,1.1432,0.53,1.1889,12
1580052925.733,0.62,1.1155,0.52,1.1979,13
1580052925.902,0.57,1.1585,0.53,1.1849,13
1580052926.07,0.58,1.1526,0.58,1.1681,13
1580052926.239,0.58,1.1645,0.56,1.1634,13
1580052926.408,0.58,1.1527,0.58,1.1591,13
1580052926.577,0.58,1.1526,0.58,1.1659,13
1580052926.746,0.58,1.1539,0.57,1.1595,13
1580052926.915,0.6,1.1368,0.57,1.1683,13
1580052927.086,0.6,1.13,0.57,1.1676,13
1580052927.254,0.58,1.154,0.54,1.1861,13
1580052927.423,0.58,1.1537,0.58,1.1654,13
1580052927.595,0.59,1.1478,0.56,1.1662,13
1580052927.764,0.59,1.1409,0.55,1.1638,13
1580052927.933,0.57,1.1598,0.58,1.1569,13
1580052928.095,0.6,1.1323,0.58,1.1771,13
1580052928.287,0.6,1.1274,0.57,1.1635,14
1580052928.484,0.59,1.1389,0.59,1.1712,14
1580052928.681,0.6,1.1402,0.57,1.1711,14
1580052928.875,0.56,1.1699,0.58,1.1643,14
1580052929.044,0.58,1.1415,0.54,1.2003,14
1580052929.218,0.58,1.1555,0.53,1.1988,14
1580052929.387,0.58,1.1522,0.59,1.1553,14
1580052929.556,0.6,1.128,0.59,1.158,14
1580052929.729,0.62,1.1247,0.58,1.1544,14
1580052929.922,0.56,1.1621,0.59,1.1555,14
1580052930.106,0.59,1.1341,0.56,1.167,14
1580052930.277,0.58,1.1556,0.6,1.144,14
1580052930.446,0.61,1.1175,0.61,1.1479,14
1580052930.614,0.6,1.1451,0.56,1.1605,14
1580052930.765,0.6,1.1259,0.58,1.1702,14
1580052930.961,0.64,1.1076,0.62,1.1527,15
1580052931.134,0.6,1.1302,0.6,1.1482,15
1580052931.302,0.6,1.1295,0.61,1.1489,15
1580052931.471,0.58,1.1543,0.58,1.1414,15
1580052931.642,0.59,1.1346,0.57,1.1496,15
1580052931.814,0.61,1.1332,0.6,1.1445,15
1580052931.988,0.61,1.1275,0.56,1.1562,15
1580052932.159,0.6,1.1314,0.58,1.1491,15
1580052932.329,0.6,1.1277,0.64,1.13,15
1580052932.496,0.6,1.1352,0.6,1.1381,15
1580052932.665,0.6,1.1276,0.64,1.1235,15
1580052932.834,0.61,1.1297,0.58,1.1393,15
1580052933.007,0.61,1.1251,0.63,1.1264,15
1580052933.178,0.6,1.1306,0.6,1.1485,15
1580052933.329,0.62,1.1168,0.59,1.1568,15
1580052933.499,0.64,1.0983,0.55,1.1634,16
1580052933.667,0.59,1.1376,0.58,1.1452,16
1580052933.835,0.62,1.1199,0.59,1.1332,16
1580052934.005,0.6,1.1355,0.6,1.1319,16
1580052934.175,0.6,1.13,0.62,1.1274,16
1580052934.348,0.6,1.1279,0.65,1.1278,16
1580052934.541,0.62,1.1163,0.58,1.1514,16
1580052934.728,0.63,1.112,0.55,1.1578,16
1580052934.897,0.63,1.1118,0.58,1.1357,16
1580052935.066,0.61,1.1278,0.62,1.1195,16
1580052935.24,0.62,1.1134,0.65,1.1138,16
1580052935.434,0.62,1.1171,0.6,1.1208,16
1580052935.615,0.62,1.1109,0.65,1.1115,16
1580052935.784,0.61,1.1226,0.6,1.1291,16
1580052935.934,0.63,1.1016,0.57,1.158,16
1580052936.109,0.65,1.0916,0.56,1.1661,17
1580052936.284,0.6,1.1275,0.6,1.1394,17
1580052936.453,0.62,1.1141,0.62,1.1245,17
1580052936.622,0.61,1.1267,0.6,1.1333,17
1580052936.791,0.6,1.1319,0.6,1.1248,17
1580052936.96,0.6,1.1316,0.63,1.113,17
1580052937.133,0.63,1.1139,0.6,1.1376,17
1580052937.325,0.64,1.1024,0.56,1.1569,17
1580052937.517,0.64,1.1049,0.57,1.1481,17
1580052937.707,0.61,1.1265,0.61,1.1318,17
1580052937.876,0.61,1.1145,0.63,1.1179,17
1580052938.048,0.62,1.1099,0.6,1.131,17
1580052938.229,0.61,1.1162,0.63,1.1131,17
1580052938.403,0.61,1.124,0.61,1.1153,17
1580052938.553,0.63,1.1023,0.59,1.131,17
1580052938.726,0.65,1.0857,0.59,1.1584,18
1580052938.895,0.61,1.125,0.58,1.1523,18
1580052939.069,0.62,1.1158,0.59,1.1292,18
1580052939.243,0.61,1.1227,0.62,1.1231,18
1580052939.441,0.62,1.1203,0.62,1.1206,18
1580052939.631,0.61,1.1296,0.64,1.1059,18
1580052939.8,0.63,1.1054,0.62,1.119,18
1580052939.97,0.64,1.0995,0.59,1.1366,18
1580052940.138,0.64,1.0974,0.59,1.1445,18
1580052940.309,0.6,1.1293,0.55,1.1437,18
1580052940.477,0.61,1.1182,0.62,1.1237,18
1580052940.646,0.63,1.1026,0.62,1.1215,18
1580052940.839,0.63,1.107,0.63,1.1125,18
1580052941.032,0.61,1.1277,0.65,1.1032,18
1580052941.204,0.65,1.0915,0.64,1.1147,18
1580052941.377,0.65,1.0806,0.59,1.1392,19
1580052941.569,0.63,1.1118,0.57,1.1524,19
1580052941.743,0.62,1.12,0.58,1.1421,19
1580052941.937,0.62,1.1201,0.64,1.1128,19
1580052942.137,0.64,1.1033,0.63,1.1153,19
1580052942.331,0.62,1.1152,0.63,1.1131,19
1580052942.528,0.63,1.1018,0.62,1.1118,19
1580052942.718,0.63,1.0999,0.64,1.104,19
1580052942.888,0.66,1.087,0.61,1.1206,19
1580052943.057,0.59,1.1333,0.61,1.13,19
1580052943.227,0.62,1.1141,0.61,1.1268,19
1580052943.397,0.62,1.1075,0.65,1.1099,19
1580052943.584,0.67,1.0819,0.61,1.1209,19
1580052943.761,0.62,1.1183,0.63,1.1158,19
1580052943.913,0.65,1.0878,0.59,1.1262,19
1580052944.083,0.64,1.0919,0.59,1.1248,20
1580052944.254,0.63,1.1051,0.62,1.1204,20
1580052944.424,0.64,1.1066,0.58,1.1336,20
1580052944.6,0.63,1.1137,0.57,1.1433,20
1580052944.773,0.62,1.1077,0.57,1.1439,20
1580052944.948,0.63,1.1001,0.56,1.1566,20
1580052945.118,0.63,1.1093,0.6,1.1283,20
1580052945.298,0.65,1.0923,0.6,1.1149,20
1580052945.489,0.64,1.0952,0.65,1.0916,20
1580052945.68,0.63,1.1101,0.65,1.0891,20
1580052945.848,0.65,1.0897,0.67,1.0879,20
1580052946.018,0.64,1.0977,0.65,1.0959,20
1580052946.187,0.65,1.0869,0.59,1.1131,20
1580052946.379,0.63,1.1014,0.61,1.1307,20
1580052946.555,0.65,1.0837,0.62,1.1141,20
1580052946.745,0.66,1.0782,0.64,1.1008,21
1580052946.914,0.65,1.0943,0.65,1.0899,21
1580052947.09,0.64,1.1015,0.66,1.0965,21
1580052947.28,0.64,1.1034,0.61,1.1191,21
1580052947.45,0.63,1.108,0.65,1.1108,21
1580052947.62,0.64,1.0936,0.56,1.1506,21
1580052947.794,0.64,1.101,0.61,1.1318,21
1580052947.964,0.65,1.0889,0.63,1.1077,21
1580052948.133,0.65,1.0822,0.68,1.0867,21
1580052948.302,0.63,1.1059,0.66,1.0861,21
1580052948.472,0.66,1.0858,0.67,1.0878,21
1580052948.641,0.64,1.099,0.66,1.0913,21
1580052948.81,0.65,1.0858,0.65,1.0952,21
1580052948.979,0.65,1.0945,0.59,1.1336,21
1580052949.129,0.65,1.0785,0.59,1.1233,21
1580052949.323,0.67,1.0721,0.62,1.1032,22
1580052949.495,0.64,1.0943,0.66,1.0884,22
1580052949.662,0.65,1.0933,0.68,1.0792,22
1580052949.834,0.63,1.1036,0.64,1.0921,22
1580052950.006,0.63,1.1065,0.63,1.1042,22
1580052950.176,0.63,1.102,0.6,1.1138,22
1580052950.346,0.66,1.0872,0.55,1.1446,22
1580052950.516,0.65,1.0879,0.61,1.1251,22
1580052950.685,0.66,1.0813,0.63,1.1014,22
1580052950.856,0.64,1.0982,0.68,1.0831,22
1580052951.026,0.66,1.0823,0.66,1.0899,22
1580052951.197,0.63,1.1041,0.63,1.0975,22
1580052951.369,0.65,1.0913,0.63,1.1046,22
1580052951.547,0.62,1.1127,0.63,1.096,22
1580052951.704,0.67,1.0678,0.58,1.147,22
1580052951.896,0.65,1.0899,0.62,1.1253,23
1580052952.089,0.63,1.0987,0.61,1.1171,23
1580052952.275,0.64,1.1045,0.67,1.0853,23
1580052952.467,0.65,1.0958,0.67,1.0776,23
1580052952.664,0.63,1.1068,0.62,1.1016,23
1580052952.834,0.61,1.1195,0.62,1.0972,23
1580052953.003,0.64,1.0958,0.64,1.0936,23
1580052953.173,0.65,1.0859,0.63,1.1013,23
1580052953.342,0.67,1.075,0.6,1.1308,23
1580052953.511,0.63,1.1078,0.59,1.1373,23
1580052953.685,0.62,1.1088,0.62,1.1078,23
1580052953.855,0.65,1.0909,0.64,1.0917,23
1580052954.028,0.66,1.0822,0.65,1.0854,23
1580052954.217,0.63,1.1066,0.65,1.0988,23
1580052954.369,0.65,1.0905,0.61,1.1069,23
1580052954.54,0.65,1.0841,0.62,1.1054,24
1580052954.715,0.65,1.0884,0.62,1.103,24
1580052954.885,0.65,1.0903,0.59,1.1207,24
1580052955.055,0.64,1.1018,0.61,1.121,24
1580052955.248,0.64,1.0942,0.6,1.1188,24
1580052955.442,0.64,1.0878,0.64,1.1123,24
1580052955.637,0.66,1.0832,0.65,1.1011,24
1580052955.829,0.67,1.0799,0.64,1.0964,24
1580052955.998,0.67,1.0765,0.67,1.0861,24
1580052956.168,0.63,1.1035,0.69,1.0773,24
1580052956.337,0.66,1.0778,0.67,1.0814,24
1580052956.506,0.66,1.0802,0.67,1.085,24
1580052956.679,0.67,1.069,0.65,1.1163,24
1580052956.872,0.64,1.094,0.61,1.1164,24
1580052957.023,0.68,1.0626,0.65,1.0972,24
1580052957.213,0.67,1.068,0.65,1.0865,25
1580052957.383,0.66,1.0751,0.7,1.0733,25
1580052957.552,0.65,1.0916,0.67,1.0802,25
1580052957.743,0.65,1.0893,0.62,1.0993,25
1580052957.913,0.63,1.1018,0.65,1.0916,25
1580052958.082,0.66,1.0784,0.58,1.1402,25
1580052958.257,0.66,1.0875,0.6,1.1259,25
1580052958.451,0.67,1.0753,0.64,1.0993,25
1580052958.644,0.68,1.0631,0.67,1.0761,25
1580052958.816,0.65,1.0892,0.67,1.0778,25
1580052958.985,0.66,1.0717,0.7,1.0704,25
1580052959.154,0.66,1.0803,0.68,1.0697,25
1580052959.324,0.67,1.0679,0.64,1.0866,25
1580052959.494,0.66,1.0825,0.61,1.1141,25
1580052959.645,0.68,1.0592,0.6,1.1139,25
1580052959.821,0.69,1.0638,0.65,1.09,26
1580052959.999,0.66,1.0752,0.67,1.0683,26
1580052960.199,0.66,1.0797,0.68,1.0712,26
1580052960.385,0.65,1.0873,0.68,1.0728,26
1580052960.558,0.63,1.1023,0.67,1.0728,26
1580052960.732,0.64,1.0945,0.68,1.0793,26
1580052960.925,0.66,1.0784,0.62,1.0967,26
1580052961.106,0.68,1.0684,0.62,1.1142,26
1580052961.276,0.68,1.0713,0.6,1.1271,26
1580052961.45,0.65,1.0874,0.62,1.1126,26
1580052961.642,0.65,1.077,0.66,1.0897,26
1580052961.817,0.67,1.0732,0.66,1.0927,26
1580052962.002,0.65,1.08,0.64,1.089,26
1580052962.174,0.64,1.094,0.63,1.112,26
1580052962.327,0.66,1.0739,0.59,1.1113,26
1580052962.501,0.68,1.063,0.62,1.1073,27
1580052962.696,0.66,1.0765,0.64,1.0955,27
1580052962.872,0.65,1.0854,0.67,1.0818,27
1580052963.048,0.65,1.0934,0.68,1.0687,27
1580052963.229,0.65,1.0874,0.67,1.0756,27
1580052963.398,0.66,1.0789,0.63,1.0931,27
1580052963.571,0.66,1.073,0.61,1.104,27
1580052963.753,0.67,1.0705,0.64,1.1052,27
1580052963.923,0.68,1.0574,0.65,1.0959,27
1580052964.092,0.67,1.0777,0.63,1.0971,27
1580052964.267,0.67,1.0731,0.66,1.0953,27
1580052964.437,0.65,1.0819,0.65,1.0884,27
1580052964.61,0.68,1.0585,0.62,1.099,27
1580052964.779,0.65,1.0863,0.61,1.1164,27
1580052964.932,0.7,1.0489,0.57,1.1412,27
1580052965.107,0.67,1.064,0.61,1.1122,28
1580052965.278,0.67,1.0641,0.66,1.1046,28
1580052965.449,0.65,1.0899,0.65,1.0915,28
1580052965.618,0.65,1.0845,0.66,1.0873,28
1580052965.79,0.64,1.0943,0.63,1.0993,28
1580052965.96,0.65,1.0912,0.64,1.0862,28
1580052966.13,0.67,1.0678,0.65,1.0915,28
1580052966.302,0.66,1.0819,0.64,1.0916,28
1580052966.472,0.69,1.0547,0.61,1.122,28
1580052966.641,0.64,1.097,0.65,1.0877,28
1580052966.814,0.67,1.0693,0.65,1.086,28
1580052966.984,0.67,1.0667,0.67,1.0769,28
1580052967.173,0.68,1.0602,0.65,1.0855,28
1580052967.343,0.65,1.0883,0.62,1.1006,28
1580052967.495,0.69,1.0459,0.61,1.1101,28
1580052967.667,0.68,1.0663,0.62,1.1077,29
1580052967.842,0.68,1.0653,0.62,1.0996,29
1580052968.036,0.66,1.0768,0.64,1.0937,29
1580052968.233,0.65,1.087,0.68,1.0757,29
1580052968.426,0.65,1.0874,0.68,1.082,29
1580052968.619,0.65,1.0781,0.64,1.0983,29
1580052968.79,0.67,1.0663,0.61,1.1156,29
1580052968.963,0.67,1.073,0.6,1.1122,29
1580052969.133,0.68,1.0649,0.62,1.1136,29
1580052969.305,0.65,1.0846,0.64,1.0822,29
1580052969.476,0.68,1.0597,0.66,1.0864,29
1580052969.645,0.68,1.0662,0.68,1.0811,29
1580052969.816,0.67,1.0603,0.62,1.1075,29
1580052970.01,0.66,1.0787,0.61,1.1339,29
1580052970.181,0.68,1.0634,0.61,1.1075,29
1580052970.353,0.68,1.0591,0.65,1.0942,30
1580052970.524,0.67,1.07,0.63,1.0842,30
1580052970.694,0.67,1.073,0.65,1.0879,30
1580052970.865,0.66,1.0866,0.64,1.0974,30
1580052971.056,0.64,1.0899,0.62,1.1042,30
1580052971.226,0.65,1.0853,0.62,1.1033,30
1580052971.396,0.69,1.0601,0.58,1.1452,30
1580052971.565,0.67,1.0711,0.59,1.1307,30
1580052971.738,0.69,1.0609,0.62,1.1074,30
1580052971.907,0.66,1.0804,0.63,1.0916,30
1580052972.082,0.68,1.0551,0.65,1.0873,30
1580052972.253,0.66,1.0775,0.65,1.1011,30
1580052972.423,0.65,1.0798,0.64,1.0896,30
1580052972.594,0.66,1.0753,0.55,1.155,30
1580052972.747,0.69,1.0504,0.54,1.1614,30
1580052972.919,0.67,1.0723,0.62,1.1115,31
1580052973.097,0.67,1.067,0.63,1.106,31
1580052973.291,0.64,1.0966,0.62,1.0988,31
1580052973.484,0.66,1.0808,0.68,1.0671,31
1580052973.675,0.65,1.0867,0.67,1.08,31
1580052973.845,0.64,1.0956,0.66,1.0805,31
1580052974.019,0.66,1.0791,0.62,1.0967,31
1580052974.205,0.66,1.0808,0.65,1.0966,31
1580052974.376,0.68,1.0635,0.61,1.1329,31
1580052974.546,0.65,1.0843,0.56,1.1523,31
1580052974.716,0.65,1.0848,0.62,1.1185,31
1580052974.89,0.68,1.0663,0.64,1.1075,31
1580052975.06,0.69,1.059,0.65,1.103,31
1580052975.234,0.64,1.0991,0.66,1.0805,31
1580052975.386,0.68,1.057,0.63,1.1066,31
1580052975.558,0.66,1.0691,0.6,1.1178,32
1580052975.728,0.67,1.0695,0.64,1.1008,32
1580052975.901,0.66,1.0786,0.64,1.103,32
1580052976.071,0.64,1.0992,0.63,1.1048,32
1580052976.245,0.65,1.0782,0.63,1.1064,32
1580052976.438,0.66,1.0822,0.64,1.1023,32
1580052976.63,0.66,1.086,0.64,1.0796,32
1580052976.799,0.67,1.0707,0.66,1.0936,32
1580052976.969,0.67,1.0698,0.64,1.0988,32
1580052977.165,0.65,1.0854,0.63,1.1088,32
1580052977.334,0.68,1.0617,0.61,1.124,32
1580052977.502,0.66,1.0792,0.63,1.1077,32
1580052977.671,0.68,1.0591,0.64,1.1096,32
1580052977.84,0.63,1.1086,0.64,1.1004,32
1580052977.993,0.66,1.0747,0.65,1.0901,32
1580052978.173,0.68,1.0543,0.6,1.1347,33
1580052978.346,0.64,1.1009,0.64,1.1044,33
1580052978.538,0.66,1.0868,0.66,1.1053,33
1580052978.731,0.65,1.0883,0.63,1.1192,33
1580052978.924,0.63,1.1043,0.64,1.0958,33
1580052979.117,0.67,1.0691,0.6,1.1258,33
1580052979.311,0.66,1.0736,0.58,1.1448,33
1580052979.505,0.63,1.103,0.62,1.1094,33
1580052979.695,0.69,1.0584,0.65,1.0977,33
1580052979.867,0.67,1.0712,0.63,1.1101,33
1580052980.061,0.65,1.0907,0.64,1.1018,33
1580052980.236,0.68,1.0625,0.65,1.0845,33
1580052980.406,0.69,1.0493,0.63,1.1086,33
1580052980.577,0.65,1.0857,0.6,1.1263,33
1580052980.732,0.69,1.0465,0.6,1.1133,33
1580052980.932,0.69,1.0511,0.65,1.0962,34
1580052981.104,0.68,1.0616,0.65,1.0881,34
1580052981.276,0.67,1.0734,0.63,1.0843,34
1580052981.451,0.67,1.0715,0.65,1.0815,34
1580052981.626,0.67,1.0664,0.65,1.0829,34
1580052981.819,0.68,1.0679,0.65,1.0858,34
1580052982.0,0.68,1.0619,0.62,1.0931,34
1580052982.191,0.69,1.0547,0.61,1.1027,34
1580052982.362,0.7,1.0399,0.61,1.1158,34
1580052982.532,0.69,1.0632,0.59,1.1266,34
1580052982.725,0.67,1.0576,0.63,1.1108,34
1580052982.921,0.68,1.0561,0.64,1.0927,34
1580052983.103,0.69,1.0473,0.66,1.0875,34
1580052983.279,0.65,1.0801,0.65,1.0867,34
1580052983.43,0.69,1.0528,0.65,1.0914,34
1580052983.603,0.7,1.0454,0.61,1.1309,35
1580052983.774,0.68,1.0639,0.6,1.123,35
1580052983.943,0.67,1.0693,0.64,1.0917,35
1580052984.113,0.67,1.0719,0.63,1.1005,35
1580052984.287,0.65,1.0906,0.66,1.0856,35
1580052984.457,0.67,1.0675,0.66,1.0844,35
1580052984.626,0.69,1.0533,0.62,1.1161,35
1580052984.821,0.66,1.0758,0.62,1.1063,35
1580052985.011,0.69,1.0464,0.65,1.0875,35
1580052985.182,0.67,1.0695,0.65,1.0811,35
1580052985.352,0.67,1.0584,0.66,1.0873,35
1580052985.525,0.69,1.0474,0.65,1.0914,35
1580052985.714,0.67,1.0654,0.65,1.0852,35
1580052985.882,0.66,1.0815,0.65,1.0829,35
1580052986.034,0.71,1.0325,0.64,1.0835,35
1580052986.208,0.69,1.0459,0.65,1.0968,36
1580052986.378,0.69,1.0517,0.63,1.1048,36
1580052986.549,0.68,1.0626,0.62,1.0952,36
1580052986.718,0.66,1.0714,0.68,1.0801,36
1580052986.904,0.68,1.0625,0.64,1.0825,36
1580052987.074,0.68,1.0585,0.67,1.0811,36
1580052987.246,0.68,1.0528,0.65,1.089,36
1580052987.415,0.69,1.0519,0.6,1.1099,36
1580052987.586,0.7,1.0363,0.6,1.1165,36
1580052987.764,0.69,1.0561,0.6,1.1184,36
1580052987.943,0.67,1.0586,0.61,1.117,36
1580052988.129,0.69,1.0507,0.61,1.104,36
1580052988.33,0.7,1.0453,0.66,1.0826,36
1580052988.528,0.66,1.0724,0.68,1.076,36
1580052988.697,0.7,1.0387,0.66,1.0848,36
1580052988.895,0.71,1.0384,0.63,1.1056,37
1580052989.066,0.71,1.038,0.6,1.115,37
1580052989.241,0.69,1.0553,0.63,1.1022,37
1580052989.417,0.68,1.0637,0.62,1.0958,37
1580052989.588,0.68,1.0644,0.64,1.088,37
1580052989.757,0.68,1.0522,0.66,1.0887,37
1580052989.928,0.69,1.0508,0.65,1.0929,37
1580052990.122,0.69,1.0522,0.62,1.0932,37
1580052990.295,0.71,1.0314,0.66,1.0883,37
1580052990.465,0.69,1.0557,0.65,1.0927,37
1580052990.638,0.69,1.0437,0.58,1.1179,37
1580052990.808,0.69,1.0464,0.62,1.1109,37
1580052990.979,0.7,1.0415,0.62,1.0922,37
1580052991.149,0.67,1.068,0.65,1.085,37
1580052991.302,0.71,1.0339,0.66,1.0831,37
1580052991.476,0.7,1.035,0.64,1.094,38
1580052991.647,0.71,1.038,0.63,1.1011,38
1580052991.823,0.7,1.0467,0.65,1.0892,38
1580052991.994,0.69,1.0597,0.65,1.0899,38
1580052992.181,0.68,1.0607,0.63,1.0917,38
1580052992.354,0.7,1.0447,0.62,1.1037,38
1580052992.524,0.7,1.0418,0.64,1.1018,38
1580052992.695,0.7,1.0483,0.64,1.0944,38
1580052992.865,0.71,1.0282,0.65,1.0856,38
1580052993.037,0.7,1.0483,0.65,1.0862,38
1580052993.216,0.71,1.0325,0.59,1.1124,38
1580052993.389,0.71,1.0374,0.61,1.1222,38
1580052993.563,0.7,1.0445,0.61,1.1001,38
1580052993.734,0.69,1.0615,0.65,1.0849,38
1580052993.886,0.72,1.0232,0.66,1.0796,38
1580052994.058,0.71,1.0339,0.63,1.09,39
1580052994.236,0.72,1.0317,0.61,1.0987,39
1580052994.438,0.69,1.0513,0.62,1.0951,39
1580052994.632,0.7,1.0502,0.63,1.0902,39
1580052994.802,0.68,1.0565,0.65,1.0893,39
1580052994.973,0.69,1.0491,0.62,1.1024,39
1580052995.143,0.71,1.0317,0.63,1.1087,39
1580052995.332,0.69,1.0537,0.63,1.0944,39
1580052995.528,0.72,1.027,0.63,1.0958,39
1580052995.699,0.69,1.0502,0.65,1.0955,39
1580052995.868,0.7,1.0409,0.62,1.1057,39
1580052996.039,0.71,1.0329,0.6,1.1319,39
1580052996.21,0.69,1.0488,0.59,1.1137,39
1580052996.383,0.69,1.0562,0.64,1.0928,39
1580052996.54,0.72,1.0177,0.67,1.0788,39
1580052996.713,0.71,1.0378,0.63,1.0827,40
1580052996.883,0.72,1.0287,0.66,1.091,40
1580052997.054,0.68,1.058,0.62,1.0936,40
1580052997.246,0.7,1.0489,0.66,1.0763,40
1580052997.419,0.7,1.0486,0.65,1.0806,40
1580052997.592,0.68,1.0511,0.64,1.0954,40
1580052997.762,0.71,1.0319,0.63,1.1074,40
1580052997.934,0.7,1.0457,0.64,1.0939,40
1580052998.107,0.71,1.0343,0.63,1.1004,40
1580052998.282,0.7,1.0502,0.61,1.1208,40
1580052998.472,0.68,1.0595,0.65,1.1018,40
1580052998.643,0.69,1.0459,0.6,1.1173,40
1580052998.828,0.71,1.0362,0.61,1.1339,40
1580052999.019,0.66,1.0783,0.62,1.1056,40
1580052999.171,0.71,1.0294,0.63,1.1025,40
1580052999.343,0.69,1.0483,0.6,1.1266,41
1580052999.514,0.68,1.0587,0.64,1.0931,41
1580052999.685,0.67,1.0661,0.63,1.0847,41
1580052999.855,0.69,1.0481,0.58,1.1202,41
1580053000.027,0.69,1.0554,0.61,1.1154,41
1580053000.198,0.7,1.0434,0.64,1.0918,41
1580053000.367,0.71,1.0331,0.65,1.0749,41
1580053000.539,0.68,1.0526,0.63,1.0776,41
1580053000.712,0.72,1.0275,0.63,1.0899,41
1580053000.905,0.68,1.0621,0.64,1.0893,41
1580053001.098,0.72,1.0262,0.63,1.0899,41
1580053001.277,0.69,1.048,0.65,1.0867,41
1580053001.447,0.7,1.0423,0.65,1.0918,41
1580053001.624,0.69,1.0533,0.63,1.1254,41
1580053001.799,0.67,1.0623,0.63,1.0962,41
1580053002.002,0.71,1.0312,0.65,1.09,42
1580053002.199,0.71,1.0317,0.62,1.1077,42
1580053002.394,0.67,1.0742,0.62,1.0964,42
1580053002.588,0.67,1.071,0.67,1.0835,42
1580053002.759,0.69,1.0524,0.58,1.1336,42
1580053002.929,0.69,1.0537,0.57,1.1562,42
1580053003.1,0.68,1.0552,0.61,1.0988,42
1580053003.272,0.7,1.0427,0.63,1.0969,42
1580053003.442,0.7,1.0367,0.64,1.0961,42
1580053003.613,0.69,1.0477,0.63,1.0964,42
1580053003.81,0.72,1.0189,0.6,1.1092,42
1580053003.996,0.72,1.0326,0.6,1.1073,42
1580053004.167,0.71,1.0367,0.64,1.0939,42
1580053004.336,0.69,1.0509,0.66,1.0851,42
1580053004.489,0.71,1.0262,0.65,1.0819,42
1580053004.66,0.71,1.0272,0.65,1.0792,43
1580053004.844,0.72,1.0214,0.69,1.0666,43
1580053005.035,0.7,1.044,0.67,1.0696,43
1580053005.206,0.7,1.0391,0.64,1.081,43
1580053005.376,0.71,1.0347,0.64,1.0901,43
1580053005.547,0.71,1.0298,0.63,1.0934,43
1580053005.722,0.73,1.0176,0.64,1.0824,43
1580053005.895,0.72,1.0308,0.63,1.089,43
1580053006.065,0.72,1.0259,0.65,1.0797,43
1580053006.234,0.7,1.0444,0.66,1.0754,43
1580053006.405,0.72,1.0219,0.67,1.0733,43
1580053006.576,0.7,1.0328,0.64,1.0867,43
1580053006.751,0.72,1.0251,0.62,1.1088,43
1580053006.923,0.7,1.0489,0.64,1.0983,43
1580053007.09,0.72,1.023,0.65,1.0848,43
1580053007.287,0.73,1.0199,0.66,1.0809,44
1580053007.48,0.73,1.0193,0.65,1.0808,44
1580053007.674,0.7,1.0457,0.63,1.0841,44
1580053007.844,0.71,1.0323,0.63,1.0972,44
1580053008.03,0.71,1.0354,0.63,1.0975,44
1580053008.201,0.72,1.0246,0.61,1.1009,44
1580053008.371,0.73,1.0175,0.65,1.0948,44
1580053008.542,0.73,1.0219,0.63,1.0886,44
1580053008.712,0.73,1.0177,0.66,1.0823,44
1580053008.884,0.7,1.0437,0.68,1.0709,44
1580053009.059,0.73,1.0126,0.67,1.0652,44
1580053009.238,0.71,1.0241,0.67,1.0717,44
1580053009.432,0.71,1.0259,0.61,1.0999,44
1580053009.625,0.71,1.0407,0.63,1.1142,44
1580053009.803,0.72,1.0219,0.63,1.0973,44
1580053010.0,0.71,1.03,0.64,1.0807,45
1580053010.174,0.71,1.0221,0.65,1.0756,45
1580053010.349,0.69,1.0537,0.66,1.0759,45
1580053010.519,0.69,1.049,0.64,1.1034,45
1580053010.689,0.7,1.0414,0.61,1.1203,45
1580053010.86,0.71,1.0368,0.64,1.0916,45
1580053011.031,0.73,1.0227,0.65,1.0801,45
1580053011.203,0.7,1.0357,0.65,1.0799,45
1580053011.377,0.72,1.0254,0.65,1.0849,45
1580053011.551,0.7,1.042,0.65,1.0893,45
1580053011.721,0.74,1.0123,0.66,1.089,45
1580053011.893,0.71,1.0286,0.64,1.0875,45
1580053012.064,0.73,1.0174,0.63,1.1054,45
1580053012.247,0.71,1.0386,0.6,1.1197,45
1580053012.399,0.7,1.0339,0.66,1.0765,45
1580053012.57,0.73,1.0164,0.66,1.0806,46
1580053012.742,0.72,1.0179,0.64,1.0853,46
1580053012.914,0.68,1.0587,0.67,1.0663,46
1580053013.084,0.71,1.035,0.65,1.0756,46
1580053013.257,0.7,1.0466,0.62,1.096,46
1580053013.453,0.7,1.0427,0.63,1.1018,46
1580053013.647,0.71,1.0321,0.61,1.0956,46
1580053013.818,0.71,1.0326,0.64,1.0917,46
1580053013.989,0.71,1.0303,0.65,1.0809,46
1580053014.159,0.69,1.0528,0.66,1.0825,46
1580053014.333,0.7,1.0316,0.66,1.0745,46
1580053014.504,0.72,1.0253,0.66,1.0735,46
1580053014.674,0.72,1.023,0.65,1.0952,46
1580053014.85,0.7,1.0442,0.63,1.1146,46
1580053015.002,0.72,1.0239,0.67,1.0836,46
1580053015.173,0.71,1.0292,0.69,1.0688,47
1580053015.344,0.73,1.0117,0.66,1.0786,47
1580053015.513,0.69,1.0514,0.67,1.0688,47
1580053015.683,0.7,1.042,0.67,1.0585,47
1580053015.853,0.71,1.0304,0.64,1.0977,47
1580053016.023,0.7,1.0388,0.62,1.1066,47
1580053016.194,0.71,1.0301,0.65,1.0725,47
1580053016.365,0.71,1.038,0.69,1.0533,47
1580053016.535,0.72,1.0167,0.66,1.0678,47
1580053016.707,0.7,1.0446,0.66,1.0683,47
1580053016.876,0.72,1.0166,0.67,1.0687,47
1580053017.05,0.72,1.0231,0.66,1.0673,47
1580053017.245,0.72,1.0195,0.66,1.0718,47
1580053017.436,0.69,1.0425,0.61,1.1359,47
1580053017.592,0.71,1.0347,0.58,1.1543,47
1580053017.768,0.68,1.0584,0.64,1.0867,48
1580053017.945,0.7,1.0321,0.65,1.0899,48
1580053018.115,0.69,1.0533,0.61,1.1183,48
1580053018.287,0.67,1.066,0.63,1.0939,48
1580053018.457,0.68,1.0637,0.68,1.072,48
1580053018.651,0.7,1.0417,0.67,1.0764,48
1580053018.822,0.71,1.0259,0.66,1.0916,48
1580053018.997,0.72,1.0326,0.66,1.0825,48
1580053019.19,0.69,1.045,0.67,1.0591,48
1580053019.385,0.68,1.0605,0.69,1.0494,48
1580053019.578,0.73,1.0126,0.68,1.0642,48
1580053019.77,0.71,1.0291,0.66,1.0729,48
1580053019.961,0.69,1.0504,0.67,1.0694,48
1580053020.155,0.66,1.0712,0.67,1.067,48
1580053020.328,0.72,1.0158,0.66,1.0729,48
1580053020.524,0.72,1.022,0.62,1.0868,49
1580053020.706,0.72,1.021,0.64,1.0819,49
1580053020.9,0.69,1.0503,0.69,1.0531,49
1580053021.07,0.71,1.0318,0.66,1.0625,49
1580053021.242,0.69,1.0452,0.66,1.0722,49
1580053021.413,0.7,1.041,0.67,1.0708,49
1580053021.584,0.71,1.0315,0.69,1.0626,49
1580053021.757,0.7,1.0412,0.66,1.0708,49
1580053021.951,0.73,1.013,0.64,1.0891,49
1580053022.147,0.7,1.0403,0.66,1.0832,49
1580053022.33,0.69,1.0434,0.65,1.0756,49
1580053022.501,0.72,1.0208,0.67,1.0676,49
1580053022.672,0.73,1.0125,0.65,1.0795,49
1580053022.868,0.69,1.0478,0.64,1.0862,49
1580053023.025,0.73,1.0142,0.66,1.0771,49
1580053023.198,0.72,1.0165,0.65,1.0772,50
1580053023.369,0.74,1.001,0.66,1.0651,50
1580053023.539,0.71,1.033,0.67,1.0684,50
1580053023.71,0.7,1.0431,0.64,1.0874,50
1580053023.883,0.73,1.0206,0.64,1.0933,50
1580053024.056,0.72,1.0246,0.65,1.0932,50
1580053024.228,0.74,1.0091,0.64,1.0751,50
1580053024.399,0.73,1.0154,0.66,1.0637,50
1580053024.569,0.74,1.0091,0.66,1.0651,50
1580053024.74,0.72,1.0294,0.64,1.0878,50
1580053024.914,0.73,1.0111,0.63,1.0903,50
1580053025.089,0.74,1.0064,0.66,1.0713,50
1580053025.263,0.74,1.0073,0.67,1.0657,50
1580053025.434,0.7,1.0389,0.68,1.0725,50
1580053025.587,0.74,0.998,0.64,1.0896,50
1580053025.759,0.73,1.0115,0.65,1.0935,51
1580053025.932,0.73,1.0139,0.65,1.0668,51
1580053026.105,0.72,1.0244,0.64,1.0756,51
1580053026.277,0.69,1.0492,0.69,1.0545,51
1580053026.447,0.7,1.0405,0.62,1.1002,51
1580053026.618,0.72,1.0169,0.6,1.1411,51
1580053026.789,0.68,1.0522,0.6,1.1146,51
1580053026.963,0.72,1.0271,0.69,1.0634,51
1580053027.16,0.73,1.0229,0.67,1.0621,51
1580053027.331,0.68,1.0605,0.67,1.0751,51
1580053027.501,0.73,1.0164,0.66,1.0747,51
1580053027.671,0.71,1.0284,0.62,1.1038,51
1580053027.842,0.7,1.0378,0.62,1.0991,51
1580053028.013,0.68,1.0611,0.66,1.0607,51
1580053028.197,0.73,1.011,0.7,1.055,51
1580053028.369,0.72,1.0199,0.66,1.0707,52
1580053028.54,0.7,1.0372,0.68,1.0599,52
1580053028.711,0.7,1.0358,0.67,1.0555,52
1580053028.882,0.7,1.0398,0.69,1.0576,52
1580053029.055,0.69,1.0572,0.68,1.0524,52
1580053029.248,0.71,1.0332,0.68,1.0555,52
1580053029.419,0.73,1.0096,0.62,1.1063,52
1580053029.588,0.68,1.0598,0.64,1.097,52
1580053029.76,0.7,1.0349,0.66,1.0662,52
1580053029.932,0.71,1.0303,0.65,1.0684,52
1580053030.105,0.72,1.0203,0.65,1.0729,52
1580053030.277,0.7,1.0367,0.67,1.0559,52
1580053030.447,0.72,1.0192,0.65,1.077,52
1580053030.618,0.71,1.0368,0.62,1.1183,52
1580053030.771,0.72,1.0298,0.65,1.0967,52
1580053030.943,0.73,1.0142,0.64,1.0695,53
1580053031.116,0.74,1.0061,0.7,1.0523,53
1580053031.293,0.71,1.029,0.64,1.061,53
1580053031.463,0.72,1.0274,0.66,1.0614,53
1580053031.634,0.72,1.0266,0.66,1.0705,53
1580053031.804,0.72,1.0209,0.66,1.0821,53
1580053031.975,0.74,1.0018,0.61,1.098,53
1580053032.147,0.73,1.0169,0.61,1.0902,53
1580053032.322,0.73,1.0106,0.67,1.0616,53
1580053032.493,0.71,1.0261,0.7,1.0476,53
1580053032.663,0.74,1.0049,0.68,1.0609,53
1580053032.835,0.73,1.0168,0.66,1.0742,53
1580053033.007,0.73,1.0194,0.63,1.0979,53
1580053033.195,0.71,1.0342,0.66,1.0837,53
1580053033.35,0.73,1.0053,0.65,1.0905,53
1580053033.521,0.73,1.0162,0.67,1.0659,54
1580053033.692,0.74,1.0074,0.69,1.0499,54
1580053033.863,0.72,1.0252,0.67,1.0667,54
1580053034.036,0.7,1.0379,0.67,1.0646,54
1580053034.231,0.71,1.0368,0.66,1.0706,54
1580053034.418,0.71,1.0297,0.66,1.0745,54
1580053034.588,0.72,1.0175,0.62,1.0972,54
1580053034.758,0.73,1.018,0.65,1.0925,54
1580053034.935,0.71,1.0313,0.68,1.0563,54
1580053035.118,0.7,1.0445,0.67,1.0677,54
1580053035.295,0.73,1.0099,0.67,1.065,54
1580053035.49,0.72,1.0178,0.66,1.0861,54
1580053035.68,0.7,1.0337,0.64,1.1001,54
1580053035.853,0.68,1.061,0.63,1.1078,54
1580053036.017,0.73,1.0106,0.65,1.0785,54
1580053036.189,0.74,1.0057,0.64,1.0944,55
1580053036.38,0.72,1.0191,0.64,1.104,55
1580053036.574,0.68,1.0593,0.68,1.0631,55
1580053036.757,0.69,1.0544,0.7,1.0449,55
1580053036.928,0.71,1.0295,0.64,1.0749,55
1580053037.114,0.72,1.0284,0.67,1.0733,55
1580053037.287,0.71,1.0255,0.66,1.0699,55
1580053037.458,0.7,1.0448,0.69,1.0529,55
1580053037.63,0.72,1.0272,0.7,1.0464,55
1580053037.801,0.71,1.0308,0.7,1.0507,55
1580053037.972,0.73,1.0192,0.7,1.0547,55
1580053038.144,0.7,1.0386,0.68,1.0587,55
1580053038.317,0.72,1.0181,0.66,1.0738,55
1580053038.487,0.71,1.0274,0.65,1.0872,55
1580053038.644,0.72,1.0215,0.65,1.0856,55
1580053038.817,0.7,1.0412,0.68,1.0604,56
1580053038.993,0.71,1.0274,0.66,1.0726,56
1580053039.188,0.7,1.0431,0.66,1.0578,56
1580053039.394,0.7,1.0357,0.7,1.0486,56
1580053039.587,0.73,1.0166,0.66,1.0913,56
1580053039.763,0.7,1.0333,0.62,1.1233,56
1580053039.957,0.71,1.0349,0.63,1.1031,56
1580053040.131,0.71,1.0306,0.65,1.0585,56
1580053040.305,0.74,1.0052,0.67,1.0539,56
1580053040.476,0.7,1.0449,0.68,1.06,56
1580053040.648,0.74,1.0072,0.7,1.0572,56
1580053040.843,0.73,1.0108,0.65,1.0753,56
1580053041.024,0.74,1.0076,0.63,1.0978,56
1580053041.195,0.72,1.0246,0.63,1.1101,56
1580053041.35,0.75,0.9931,0.63,1.1001,56
1580053041.549,0.73,1.0107,0.67,1.0767,57
1580053041.742,0.75,0.9985,0.66,1.066,57
1580053041.936,0.72,1.0213,0.67,1.0621,57
1580053042.131,0.71,1.0318,0.68,1.048,57
1580053042.325,0.72,1.0233,0.69,1.059,57
1580053042.517,0.73,1.0187,0.63,1.109,57
1580053042.71,0.74,1.002,0.62,1.123,57
1580053042.89,0.71,1.0298,0.64,1.1039,57
1580053043.06,0.73,1.0123,0.7,1.0497,57
1580053043.231,0.72,1.0224,0.7,1.051,57
1580053043.403,0.72,1.0181,0.69,1.0556,57
1580053043.574,0.73,1.0127,0.67,1.0749,57
1580053043.746,0.74,1.0039,0.63,1.0963,57
1580053043.919,0.72,1.026,0.65,1.1076,57
1580053044.073,0.74,1.0044,0.63,1.0961,57
1580053044.246,0.74,1.0021,0.68,1.0492,58
1580053044.415,0.75,0.9906,0.7,1.0377,58
1580053044.587,0.72,1.0207,0.71,1.0405,58
1580053044.757,0.73,1.0204,0.72,1.03,58
1580053044.932,0.73,1.0181,0.69,1.0584,58
1580053045.113,0.73,1.0098,0.66,1.0795,58
1580053045.299,0.75,0.996,0.63,1.0952,58
1580053045.474,0.75,1.0049,0.63,1.1054,58
1580053045.667,0.74,1.0038,0.68,1.056,58
1580053045.843,0.73,1.0131,0.69,1.0404,58
1580053046.017,0.74,1.0083,0.72,1.0368,58
1580053046.21,0.73,1.0147,0.66,1.0567,58
1580053046.381,0.74,1.0065,0.65,1.085,58
1580053046.556,0.72,1.0207,0.65,1.0992,58
1580053046.71,0.75,0.9968,0.65,1.091,58
1580053046.883,0.75,0.9991,0.65,1.0664,59
1580053047.055,0.75,0.9888,0.69,1.0528,59
1580053047.228,0.73,1.0156,0.68,1.0596,59
1580053047.399,0.71,1.0352,0.69,1.0445,59
1580053047.573,0.73,1.0136,0.7,1.0543,59
1580053047.745,0.73,1.0118,0.64,1.0859,59
1580053047.917,0.75,0.9974,0.65,1.0846,59
1580053048.092,0.74,1.011,0.66,1.0764,59
1580053048.29,0.76,0.9915,0.67,1.0576,59
1580053048.492,0.73,1.0185,0.66,1.0704,59
1580053048.689,0.73,1.0085,0.68,1.0653,59
1580053048.886,0.73,1.0122,0.69,1.0558,59
1580053049.078,0.73,1.0096,0.63,1.1045,59
1580053049.252,0.72,1.0197,0.63,1.1192,59
1580053049.407,0.74,1.0019,0.65,1.12,59
1580053049.584,0.73,1.0176,0.64,1.0997,60
1580053049.755,0.75,0.9952,0.68,1.0547,60
1580053049.933,0.72,1.0261,0.65,1.0775,60
1580053050.127,0.67,1.0682,0.66,1.06,60
1580053050.303,0.71,1.0389,0.66,1.0703,60
1580053050.475,0.74,1.0062,0.61,1.1131,60
1580053050.657,0.74,1.0042,0.57,1.1403,60
1580053050.829,0.69,1.05,0.6,1.1103,60
1580053051.001,0.71,1.028,0.66,1.0708,60
1580053051.174,0.72,1.0214,0.7,1.0462,60
1580053051.367,0.74,1.0079,0.66,1.0661,60
1580053051.565,0.69,1.0475,0.66,1.0739,60
1580053051.761,0.66,1.0756,0.66,1.0647,60
1580053051.949,0.7,1.037,0.69,1.0653,60
1580053052.103,0.77,0.9791,0.62,1.129,60
1580053052.281,0.7,1.0394,0.57,1.1519,61
1580053052.453,0.66,1.0795,0.58,1.1439,61
1580053052.629,0.64,1.0942,0.62,1.1185,61
1580053052.801,0.65,1.0812,0.63,1.0926,61
1580053052.974,0.67,1.0662,0.66,1.0724,61
1580053053.151,0.71,1.0284,0.66,1.0754,61
1580053053.324,0.73,1.0134,0.64,1.0967,61
1580053053.497,0.69,1.0451,0.59,1.1427,61
1580053053.674,0.7,1.0442,0.62,1.1133,61
1580053053.847,0.69,1.048,0.67,1.0527,61
1580053054.02,0.72,1.0215,0.69,1.0516,61
1580053054.194,0.72,1.0154,0.66,1.0662,61
1580053054.375,0.72,1.0298,0.64,1.0852,61
1580053054.572,0.68,1.055,0.66,1.0733,61
1580053054.747,0.7,1.0308,0.66,1.0807,61
1580053054.947,0.72,1.0215,0.66,1.0924,62
1580053055.125,0.73,1.0154,0.66,1.0817,62
1580053055.311,0.69,1.0544,0.67,1.0726,62
1580053055.51,0.68,1.0616,0.69,1.0517,62
1580053055.732,0.72,1.0234,0.71,1.0392,62
1580053055.925,0.71,1.0306,0.68,1.0526,62
1580053056.097,0.7,1.035,0.67,1.0581,62
1580053056.268,0.69,1.0492,0.66,1.075,62
1580053056.441,0.72,1.0197,0.65,1.1011,62
1580053056.631,0.71,1.0326,0.63,1.1044,62
1580053056.802,0.72,1.0262,0.67,1.0889,62
1580053056.974,0.7,1.0397,0.65,1.0799,62
1580053057.145,0.72,1.0251,0.64,1.0903,62
1580053057.324,0.72,1.0247,0.67,1.0656,62
1580053057.506,0.73,1.0171,0.68,1.0702,62
1580053057.688,0.7,1.0384,0.68,1.0616,63
1580053057.859,0.73,1.0139,0.67,1.0625,63
1580053058.03,0.72,1.0221,0.72,1.032,63
1580053058.224,0.7,1.0395,0.7,1.0385,63
1580053058.396,0.71,1.0313,0.7,1.046,63
1580053058.566,0.72,1.0171,0.67,1.0679,63
1580053058.744,0.74,1.0022,0.65,1.0781,63
1580053058.938,0.72,1.0213,0.67,1.0677,63
1580053059.118,0.74,1.0062,0.67,1.0679,63
1580053059.291,0.72,1.0203,0.68,1.0615,63
1580053059.462,0.75,0.9948,0.67,1.0652,63
1580053059.633,0.73,1.0041,0.67,1.0674,63
1580053059.812,0.74,1.0062,0.63,1.0957,63
1580053059.983,0.73,1.016,0.66,1.0835,63
1580053060.137,0.75,0.9893,0.67,1.0799,63
1580053060.308,0.75,0.9979,0.6,1.1155,64
1580053060.478,0.74,1.004,0.64,1.0943,64
1580053060.65,0.71,1.0265,0.65,1.0859,64
1580053060.839,0.72,1.0198,0.68,1.0678,64
1580053061.01,0.73,1.0148,0.67,1.0719,64
1580053061.199,0.72,1.0211,0.64,1.0877,64
1580053061.369,0.74,1.0006,0.62,1.1121,64
1580053061.549,0.73,1.0072,0.62,1.1078,64
1580053061.748,0.74,1.0111,0.63,1.0995,64
1580053061.948,0.72,1.0258,0.66,1.0815,64
1580053062.146,0.75,0.9961,0.64,1.0796,64
1580053062.34,0.74,1.0026,0.68,1.0529,64
1580053062.537,0.72,1.0222,0.68,1.0593,64
1580053062.733,0.72,1.0242,0.67,1.0735,64
1580053062.889,0.75,0.9982,0.63,1.1009,64
1580053063.061,0.72,1.0168,0.66,1.0988,65
1580053063.234,0.73,1.0083,0.65,1.0916,65
1580053063.406,0.71,1.0344,0.63,1.102,65
1580053063.577,0.7,1.0421,0.66,1.0722,65
1580053063.749,0.71,1.0347,0.64,1.0822,65
1580053063.923,0.71,1.0309,0.65,1.0711,65
1580053064.094,0.73,1.0102,0.65,1.0834,65
1580053064.274,0.73,1.0171,0.6,1.1275,65
1580053064.469,0.71,1.025,0.62,1.1118,65
1580053064.661,0.71,1.0302,0.64,1.0837,65
1580053064.837,0.74,1.0014,0.66,1.0713,65
1580053065.028,0.73,1.0138,0.66,1.0623,65
1580053065.2,0.72,1.0248,0.71,1.0449,65
1580053065.371,0.68,1.0597,0.65,1.0662,65
1580053065.525,0.7,1.0352,0.69,1.0562,65
1580053065.697,0.71,1.03,0.67,1.0605,66
1580053065.869,0.73,1.007,0.65,1.072,66
1580053066.043,0.71,1.0313,0.68,1.07,66
1580053066.217,0.69,1.0544,0.66,1.08,66
1580053066.388,0.68,1.0582,0.66,1.0728,66
1580053066.56,0.71,1.0304,0.69,1.0493,66
1580053066.732,0.73,1.0031,0.68,1.0633,66
1580053066.904,0.7,1.0428,0.66,1.0865,66
1580053067.074,0.69,1.0549,0.66,1.0774,66
1580053067.264,0.68,1.0586,0.69,1.054,66
1580053067.436,0.74,1.0017,0.67,1.0593,66
1580053067.608,0.73,1.0106,0.66,1.0833,66
1580053067.78,0.69,1.0511,0.65,1.087,66
1580053067.958,0.67,1.0644,0.66,1.0799,66
1580053068.111,0.75,0.9942,0.65,1.0987,66
1580053068.282,0.74,1.0035,0.61,1.1189,67
1580053068.453,0.69,1.0483,0.65,1.0835,67
1580053068.624,0.68,1.0545,0.66,1.0798,67
1580053068.796,0.7,1.0328,0.64,1.0862,67
1580053068.972,0.69,1.0463,0.63,1.1023,67
1580053069.146,0.65,1.0867,0.63,1.104,67
1580053069.344,0.66,1.0794,0.67,1.0714,67
1580053069.537,0.67,1.0676,0.64,1.0972,67
1580053069.727,0.72,1.0228,0.61,1.1405,67
1580053069.901,0.68,1.0556,0.57,1.1501,67
1580053070.075,0.67,1.064,0.65,1.0987,67
1580053070.268,0.68,1.0528,0.69,1.0573,67
1580053070.461,0.73,1.0139,0.66,1.073,67
1580053070.654,0.69,1.0522,0.62,1.1037,67
1580053070.807,0.69,1.0486,0.64,1.0895,67
1580053070.98,0.69,1.0473,0.66,1.0788,68
1580053071.151,0.73,1.007,0.68,1.0613,68
1580053071.324,0.71,1.0314,0.66,1.0799,68
1580053071.522,0.68,1.0596,0.66,1.0803,68
1580053071.717,0.69,1.0486,0.68,1.0501,68
1580053071.913,0.73,1.0131,0.7,1.0374,68
1580053072.086,0.72,1.0189,0.69,1.0426,68
1580053072.257,0.68,1.0597,0.7,1.0499,68
1580053072.432,0.71,1.0233,0.67,1.0685,68
1580053072.626,0.72,1.0274,0.67,1.0667,68
1580053072.821,0.75,0.9988,0.66,1.0775,68
1580053073.009,0.71,1.0304,0.66,1.069,68
1580053073.181,0.73,1.0117,0.71,1.0489,68
1580053073.351,0.72,1.0187,0.7,1.0424,68
1580053073.507,0.73,1.0021,0.69,1.0491,68
1580053073.682,0.72,1.0139,0.66,1.0636,69
1580053073.852,0.76,0.9885,0.66,1.0679,69
1580053074.024,0.72,1.0172,0.65,1.0811,69
1580053074.196,0.71,1.0265,0.66,1.0792,69
1580053074.367,0.72,1.0183,0.69,1.0595,69
1580053074.538,0.74,1.0014,0.67,1.0563,69
1580053074.711,0.74,0.9932,0.65,1.0685,69
1580053074.881,0.71,1.0274,0.63,1.0979,69
1580053075.054,0.75,0.9959,0.61,1.1155,69
1580053075.227,0.72,1.0164,0.61,1.11,69
1580053075.399,0.74,0.9984,0.67,1.0809,69
1580053075.576,0.74,1.0018,0.65,1.0656,69
1580053075.748,0.74,1.0012,0.68,1.0543,69
1580053075.921,0.72,1.0231,0.71,1.0411,69
1580053076.081,0.74,0.998,0.72,1.0361,69
1580053076.255,0.73,1.0054,0.7,1.0607,70
1580053076.428,0.76,0.9879,0.65,1.0822,70
1580053076.605,0.73,1.0126,0.67,1.0698,70
1580053076.782,0.72,1.023,0.68,1.0679,70
1580053076.954,0.72,1.0155,0.68,1.0608,70
1580053077.141,0.73,1.0102,0.7,1.04,70
1580053077.314,0.74,1.0044,0.7,1.0406,70
1580053077.486,0.71,1.0275,0.69,1.059,70
1580053077.661,0.72,1.0153,0.65,1.0879,70
1580053077.855,0.72,1.0205,0.61,1.1107,70
1580053078.035,0.74,0.9991,0.61,1.113,70
1580053078.208,0.73,1.0093,0.66,1.0727,70
1580053078.379,0.73,1.012,0.67,1.0626,70
1580053078.552,0.71,1.0308,0.69,1.0517,70
1580053078.705,0.75,0.9927,0.66,1.0748,70
1580053078.901,0.73,1.0079,0.66,1.072,71
1580053079.075,0.72,1.0161,0.68,1.0682,71
1580053079.247,0.72,1.0162,0.66,1.0797,71
1580053079.419,0.74,1.005,0.67,1.0721,71
1580053079.591,0.73,1.0181,0.68,1.0634,71
1580053079.762,0.72,1.0212,0.67,1.0573,71
1580053079.956,0.74,1.0081,0.7,1.0437,71
1580053080.151,0.73,1.0157,0.65,1.077,71
1580053080.345,0.74,1.0055,0.65,1.0887,71
1580053080.515,0.7,1.0406,0.64,1.0808,71
1580053080.693,0.72,1.0206,0.65,1.0604,71
1580053080.887,0.74,0.9989,0.69,1.0595,71
1580053081.059,0.75,0.9965,0.63,1.0889,71
1580053081.236,0.69,1.0565,0.66,1.071,71
1580053081.39,0.72,1.0181,0.66,1.0747,71
1580053081.563,0.75,0.9921,0.65,1.0866,72
1580053081.735,0.74,0.9959,0.65,1.0883,72
1580053081.927,0.7,1.036,0.67,1.0767,72
1580053082.122,0.71,1.0299,0.67,1.064,72
1580053082.313,0.72,1.0232,0.65,1.074,72
1580053082.485,0.71,1.0251,0.65,1.0831,72
1580053082.657,0.71,1.0343,0.66,1.0782,72
1580053082.828,0.69,1.0504,0.63,1.1086,72
1580053083.002,0.72,1.0189,0.58,1.1434,72
1580053083.175,0.71,1.0317,0.61,1.1247,72
1580053083.347,0.72,1.0171,0.65,1.084,72
1580053083.517,0.72,1.0181,0.69,1.0528,72
1580053083.689,0.73,1.0093,0.66,1.0637,72
1580053083.875,0.71,1.0331,0.66,1.0741,72
1580053084.033,0.74,1.0037,0.65,1.0779,72
1580053084.209,0.73,1.0133,0.65,1.0852,73
1580053084.386,0.75,0.9957,0.65,1.0956,73
1580053084.557,0.73,1.0169,0.62,1.0955,73
1580053084.728,0.73,1.0158,0.68,1.0672,73
1580053084.901,0.72,1.0147,0.67,1.0641,73
1580053085.076,0.75,0.9979,0.7,1.0384,73
1580053085.264,0.74,1.0028,0.7,1.0372,73
1580053085.436,0.72,1.0233,0.66,1.0616,73
1580053085.608,0.75,0.9949,0.66,1.0778,73
1580053085.779,0.73,1.0124,0.61,1.1081,73
1580053085.952,0.74,1.0033,0.62,1.1067,73
1580053086.125,0.72,1.0235,0.64,1.0912,73
1580053086.299,0.74,1.0021,0.71,1.0444,73
1580053086.471,0.73,1.0151,0.7,1.0495,73
1580053086.625,0.74,1.0019,0.67,1.0684,73
1580053086.798,0.72,1.0184,0.66,1.0713,74
1580053086.969,0.75,0.9899,0.64,1.0943,74
1580053087.163,0.73,1.0142,0.64,1.0982,74
1580053087.349,0.69,1.0491,0.68,1.079,74
1580053087.52,0.72,1.0202,0.66,1.0718,74
1580053087.692,0.74,1.0012,0.69,1.0614,74
1580053087.863,0.73,1.0124,0.7,1.0506,74
1580053088.038,0.7,1.0394,0.68,1.06,74
1580053088.234,0.75,0.9961,0.68,1.0675,74
1580053088.405,0.73,1.0098,0.63,1.1009,74
1580053088.576,0.74,0.9975,0.63,1.1135,74
1580053088.747,0.7,1.0332,0.65,1.0886,74
1580053088.918,0.73,1.0155,0.65,1.0658,74
1580053089.089,0.74,1.0054,0.71,1.0428,74
1580053089.247,0.75,0.9889,0.7,1.0427,74
1580053089.446,0.71,1.0271,0.7,1.0506,75
1580053089.64,0.74,0.9979,0.65,1.076,75
1580053089.811,0.75,0.9924,0.66,1.0782,75
1580053089.985,0.72,1.0226,0.67,1.0809,75
1580053090.179,0.7,1.0422,0.67,1.0758,75
1580053090.375,0.72,1.0212,0.68,1.0674,75
1580053090.57,0.77,0.9759,0.66,1.0751,75
1580053090.768,0.72,1.0218,0.67,1.0775,75
1580053090.964,0.72,1.0233,0.66,1.0772,75
1580053091.156,0.69,1.053,0.68,1.0677,75
1580053091.329,0.74,0.9989,0.67,1.0748,75
1580053091.503,0.75,0.9921,0.62,1.1006,75
1580053091.679,0.73,1.0146,0.63,1.1144,75
1580053091.873,0.7,1.0381,0.63,1.1098,75
1580053092.045,0.76,0.9863,0.62,1.1012,75
1580053092.241,0.76,0.9873,0.65,1.0951,76
1580053092.44,0.77,0.9802,0.66,1.087,76
1580053092.62,0.73,1.0103,0.66,1.0777,76
1580053092.793,0.74,1.0032,0.66,1.0726,76
1580053092.965,0.74,1.0043,0.66,1.0724,76
1580053093.137,0.75,0.993,0.67,1.0728,76
1580053093.309,0.77,0.9714,0.67,1.0782,76
1580053093.486,0.74,0.9996,0.65,1.0805,76
1580053093.657,0.76,0.9825,0.66,1.0748,76
1580053093.829,0.74,1.001,0.68,1.0627,76
1580053094.0,0.77,0.9816,0.66,1.0664,76
1580053094.172,0.76,0.9815,0.64,1.0755,76
1580053094.343,0.75,0.9926,0.64,1.0873,76
1580053094.517,0.75,1.0003,0.64,1.0942,76
1580053094.673,0.77,0.9686,0.64,1.099,76
1580053094.85,0.76,0.983,0.63,1.1022,77
1580053095.023,0.77,0.9771,0.62,1.1031,77
1580053095.195,0.76,0.9876,0.64,1.0935,77
1580053095.367,0.75,0.9969,0.64,1.0823,77
1580053095.539,0.74,1.0001,0.65,1.083,77
1580053095.716,0.76,0.9891,0.66,1.0806,77
1580053095.891,0.77,0.9742,0.65,1.0974,77
1580053096.062,0.74,0.9996,0.6,1.1206,77
1580053096.237,0.75,0.991,0.63,1.0982,77
1580053096.435,0.75,0.9955,0.66,1.0736,77
1580053096.628,0.77,0.9751,0.65,1.0728,77
1580053096.804,0.77,0.977,0.66,1.0685,77
1580053096.975,0.75,0.9939,0.67,1.0714,77
1580053097.163,0.74,1.005,0.67,1.0802,77
1580053097.326,0.79,0.9636,0.66,1.0794,77
1580053097.523,0.77,0.984,0.67,1.0805,78
1580053097.716,0.77,0.9819,0.67,1.0698,78
1580053097.911,0.77,0.9865,0.65,1.0703,78
1580053098.083,0.77,0.9848,0.68,1.0656,78
1580053098.254,0.74,1.0003,0.68,1.0643,78
1580053098.441,0.76,0.9914,0.68,1.0671,78
1580053098.635,0.78,0.9698,0.65,1.0942,78
1580053098.813,0.75,0.9902,0.6,1.1328,78
1580053099.009,0.76,0.9865,0.61,1.1245,78
1580053099.206,0.74,1.0027,0.63,1.1057,78
1580053099.387,0.77,0.975,0.64,1.0853,78
1580053099.56,0.77,0.9769,0.66,1.0763,78
1580053099.731,0.75,0.9943,0.65,1.0857,78
1580053099.906,0.74,1.0055,0.66,1.0824,78
1580053100.06,0.79,0.9591,0.67,1.0777,78
1580053100.233,0.76,0.9826,0.64,1.088,79
1580053100.405,0.76,0.9842,0.68,1.0778,79
1580053100.578,0.76,0.9909,0.68,1.0608,79
1580053100.757,0.76,0.9823,0.67,1.0632,79
1580053100.949,0.75,0.9991,0.66,1.0616,79
1580053101.121,0.74,0.9966,0.69,1.0583,79
1580053101.295,0.77,0.9787,0.64,1.0817,79
1580053101.482,0.75,0.9926,0.61,1.1257,79
1580053101.678,0.75,0.9927,0.6,1.1322,79
1580053101.85,0.73,1.0124,0.62,1.1118,79
1580053102.024,0.75,0.9878,0.65,1.0748,79
1580053102.196,0.77,0.9738,0.65,1.0776,79
1580053102.409,0.76,0.9935,0.65,1.0864,79
1580053102.605,0.72,1.0273,0.64,1.0838,79
1580053102.765,0.76,0.981,0.66,1.0794,79
1580053102.941,0.76,0.981,0.64,1.0909,80
1580053103.131,0.78,0.9685,0.63,1.1079,80
1580053103.305,0.72,1.0214,0.65,1.0975,80
1580053103.477,0.74,1.0013,0.65,1.0831,80
1580053103.654,0.75,0.9945,0.67,1.0708,80
1580053103.826,0.75,0.9928,0.68,1.0677,80
1580053103.997,0.74,0.9972,0.67,1.0617,80
1580053104.172,0.72,1.0245,0.68,1.0672,80
1580053104.344,0.76,0.9839,0.64,1.097,80
1580053104.515,0.75,0.994,0.61,1.142,80
1580053104.693,0.73,1.0088,0.63,1.1351,80
1580053104.864,0.72,1.0194,0.65,1.096,80
1580053105.036,0.76,0.9908,0.68,1.065,80
1580053105.208,0.75,0.9989,0.71,1.0369,80
1580053105.362,0.76,0.9872,0.7,1.0377,80
1580053105.537,0.73,1.0076,0.7,1.0479,81
1580053105.715,0.76,0.9828,0.68,1.0611,81
1580053105.886,0.75,0.9976,0.69,1.069,81
1580053106.057,0.73,1.0067,0.64,1.0937,81
1580053106.229,0.72,1.0142,0.64,1.1003,81
1580053106.402,0.75,0.9963,0.68,1.0678,81
1580053106.573,0.75,0.9935,0.69,1.0565,81
1580053106.749,0.73,1.0162,0.67,1.0598,81
1580053106.921,0.76,0.9841,0.68,1.0675,81
1580053107.093,0.74,0.9982,0.64,1.0928,81
1580053107.266,0.76,0.982,0.64,1.1164,81
1580053107.437,0.74,0.9968,0.61,1.1087,81
1580053107.609,0.74,0.9971,0.63,1.0965,81
1580053107.781,0.73,1.0104,0.65,1.083,81
1580053107.934,0.77,0.9692,0.67,1.079,81
1580053108.111,0.74,0.9952,0.64,1.0849,82
1580053108.309,0.76,0.9826,0.64,1.0995,82
1580053108.51,0.75,0.9908,0.61,1.1061,82
1580053108.705,0.74,1.0018,0.61,1.1067,82
1580053108.886,0.72,1.0185,0.64,1.1033,82
1580053109.058,0.75,0.9897,0.64,1.0968,82
1580053109.23,0.76,0.9824,0.65,1.0885,82
1580053109.402,0.73,1.0139,0.66,1.0847,82
1580053109.574,0.75,0.9921,0.67,1.0816,82
1580053109.746,0.72,1.0174,0.67,1.0748,82
1580053109.919,0.77,0.9693,0.64,1.0929,82
1580053110.091,0.76,0.984,0.62,1.1128,82
1580053110.263,0.73,1.0149,0.64,1.0985,82
1580053110.434,0.71,1.0272,0.64,1.09,82
1580053110.587,0.77,0.9757,0.66,1.075,82
1580053110.758,0.76,0.9846,0.67,1.0675,83
1580053110.93,0.76,0.9874,0.65,1.0711,83
1580053111.105,0.73,1.0086,0.67,1.0709,83
1580053111.284,0.75,0.9941,0.65,1.0798,83
1580053111.456,0.75,0.9948,0.64,1.0842,83
1580053111.65,0.74,1.0025,0.65,1.0838,83
1580053111.83,0.75,0.9886,0.65,1.0861,83
1580053112.024,0.73,1.0061,0.66,1.0941,83
1580053112.218,0.76,0.9791,0.61,1.1231,83
1580053112.392,0.74,1.0022,0.62,1.1146,83
1580053112.592,0.75,0.9937,0.64,1.089,83
1580053112.787,0.75,0.9906,0.64,1.0879,83
1580053112.984,0.76,0.9826,0.66,1.0827,83
1580053113.155,0.75,0.9941,0.64,1.0976,83
1580053113.308,0.77,0.9774,0.63,1.0995,83
1580053113.48,0.74,1.0023,0.65,1.082,84
1580053113.653,0.76,0.9808,0.63,1.0878,84
1580053113.824,0.74,0.9965,0.67,1.0742,84
1580053113.996,0.73,1.0116,0.67,1.0674,84
1580053114.168,0.74,1.0027,0.68,1.0601,84
1580053114.34,0.75,0.992,0.67,1.0699,84
1580053114.513,0.78,0.9696,0.65,1.0802,84
1580053114.683,0.74,0.998,0.67,1.0804,84
1580053114.857,0.76,0.9796,0.65,1.0903,84
1580053115.029,0.75,0.9987,0.64,1.0997,84
1580053115.205,0.77,0.98,0.65,1.0904,84
1580053115.401,0.75,0.9933,0.65,1.0893,84
1580053115.6,0.77,0.979,0.67,1.0749,84
1580053115.776,0.75,0.9921,0.66,1.0776,84
1580053115.931,0.77,0.9708,0.64,1.0868,84
1580053116.104,0.77,0.9765,0.65,1.0885,85
1580053116.285,0.77,0.9693,0.66,1.0772,85
1580053116.456,0.76,0.987,0.66,1.0692,85
1580053116.628,0.74,1.0008,0.67,1.0735,85
1580053116.799,0.76,0.9912,0.7,1.0591,85
1580053116.971,0.76,0.9835,0.68,1.056,85
1580053117.142,0.77,0.9769,0.69,1.0545,85
1580053117.314,0.75,0.9923,0.67,1.0708,85
1580053117.485,0.78,0.9649,0.67,1.0703,85
1580053117.656,0.75,0.9903,0.67,1.0863,85
1580053117.832,0.77,0.9711,0.65,1.0934,85
1580053118.023,0.76,0.9806,0.66,1.0894,85
1580053118.214,0.78,0.9744,0.64,1.0824,85
1580053118.386,0.75,0.9892,0.65,1.082,85
1580053118.54,0.78,0.9612,0.65,1.0801,85
1580053118.718,0.77,0.9757,0.67,1.0741,86
1580053118.914,0.78,0.9618,0.64,1.0794,86
1580053119.101,0.77,0.9712,0.64,1.0828,86
1580053119.273,0.76,0.9921,0.65,1.0838,86
1580053119.445,0.75,0.992,0.65,1.0844,86
1580053119.616,0.77,0.9753,0.66,1.079,86
1580053119.787,0.79,0.9578,0.66,1.0738,86
1580053119.962,0.75,0.9935,0.68,1.0668,86
1580053120.135,0.78,0.9689,0.63,1.093,86
1580053120.307,0.76,0.9817,0.63,1.1109,86
1580053120.478,0.77,0.9683,0.62,1.1016,86
1580053120.649,0.76,0.9895,0.64,1.1031,86
1580053120.847,0.77,0.9743,0.65,1.082,86
1580053121.039,0.74,0.9973,0.66,1.0756,86
1580053121.193,0.78,0.9669,0.67,1.0768,86
1580053121.366,0.78,0.9698,0.67,1.0835,87
1580053121.539,0.79,0.9578,0.66,1.0842,87
1580053121.723,0.77,0.9794,0.67,1.0808,87
1580053121.925,0.76,0.9876,0.65,1.0832,87
1580053122.123,0.77,0.9805,0.67,1.0793,87
1580053122.319,0.76,0.9834,0.68,1.0793,87
1580053122.518,0.78,0.963,0.68,1.0768,87
1580053122.724,0.75,0.9917,0.66,1.0763,87
1580053122.896,0.78,0.9643,0.67,1.0742,87
1580053123.072,0.77,0.9809,0.65,1.0842,87
1580053123.244,0.77,0.9744,0.65,1.0852,87
1580053123.417,0.74,0.9983,0.66,1.0858,87
1580053123.588,0.76,0.9844,0.64,1.0853,87
1580053123.759,0.75,0.9889,0.62,1.0982,87
1580053123.913,0.77,0.9788,0.66,1.0868,87
1580053124.091,0.74,1.0017,0.62,1.1062,88
1580053124.266,0.78,0.9603,0.64,1.095,88
1580053124.438,0.77,0.9715,0.66,1.0854,88
1580053124.609,0.73,1.0115,0.63,1.0942,88
1580053124.781,0.75,0.9942,0.63,1.0925,88
1580053124.958,0.76,0.9793,0.67,1.0805,88
1580053125.13,0.78,0.9671,0.66,1.0854,88
1580053125.306,0.74,0.9982,0.66,1.0872,88
1580053125.477,0.77,0.9729,0.64,1.0942,88
1580053125.649,0.76,0.9845,0.63,1.0884,88
1580053125.821,0.78,0.9642,0.63,1.0935,88
1580053125.993,0.75,0.9925,0.66,1.082,88
1580053126.17,0.77,0.9756,0.64,1.0966,88
1580053126.346,0.77,0.9785,0.64,1.0976,88
1580053126.521,0.79,0.958,0.64,1.1012,88
1580053126.716,0.76,0.9855,0.62,1.1135,89
1580053126.888,0.77,0.9698,0.63,1.111,89
1580053127.061,0.77,0.9809,0.66,1.0795,89
1580053127.257,0.76,0.9883,0.67,1.0818,89
1580053127.432,0.75,0.995,0.62,1.1017,89
1580053127.605,0.76,0.9831,0.65,1.077,89
1580053127.777,0.78,0.9666,0.66,1.0778,89
1580053127.949,0.75,0.9916,0.64,1.097,89
1580053128.125,0.76,0.9792,0.65,1.0955,89
1580053128.3,0.74,1.0027,0.65,1.101,89
1580053128.475,0.77,0.975,0.66,1.0882,89
1580053128.647,0.74,0.9999,0.64,1.0799,89
1580053128.823,0.75,0.99,0.65,1.0911,89
1580053128.995,0.76,0.9813,0.65,1.085,89
1580053129.157,0.78,0.9634,0.63,1.0946,89
1580053129.353,0.74,1.0004,0.63,1.0999,90
1580053129.527,0.74,0.9906,0.63,1.0941,90
1580053129.7,0.75,0.9887,0.66,1.0915,90
1580053129.953,0.73,1.016,0.65,1.0977,90
1580053130.126,0.7,1.0373,0.63,1.0997,90
1580053130.302,0.74,1.0038,0.65,1.0979,90
1580053130.474,0.77,0.9702,0.64,1.0942,90
1580053130.667,0.7,1.0384,0.6,1.117,90
1580053130.841,0.71,1.0309,0.64,1.086,90
1580053131.012,0.71,1.0282,0.64,1.0945,90
1580053131.187,0.78,0.9667,0.62,1.1176,90
1580053131.362,0.73,1.0095,0.6,1.132,90
1580053131.541,0.71,1.0354,0.6,1.1149,90
1580053131.714,0.72,1.0195,0.65,1.0965,90
1580053131.868,0.79,0.9578,0.64,1.1019,90
1580053132.042,0.76,0.9844,0.63,1.1062,91
1580053132.22,0.74,1.0052,0.62,1.1106,91
1580053132.392,0.72,1.0234,0.62,1.119,91
1580053132.563,0.75,0.9935,0.59,1.137,91
1580053132.746,0.75,0.9894,0.6,1.1324,91
1580053132.941,0.75,0.9912,0.61,1.1287,91
1580053133.117,0.75,0.9893,0.59,1.1397,91
1580053133.297,0.76,0.9886,0.61,1.1287,91
1580053133.469,0.78,0.9627,0.6,1.1218,91
1580053133.645,0.75,0.9983,0.61,1.1206,91
1580053133.841,0.76,0.985,0.62,1.1173,91
1580053134.03,0.77,0.9763,0.6,1.1274,91
1580053134.202,0.78,0.9685,0.62,1.1177,91
1580053134.377,0.74,0.9981,0.61,1.1179,91
1580053134.541,0.77,0.972,0.62,1.1244,91
1580053134.717,0.77,0.9762,0.63,1.1134,92
1580053134.916,0.78,0.9614,0.62,1.1148,92
1580053135.087,0.74,1.002,0.63,1.113,92
1580053135.263,0.75,0.992,0.63,1.113,92
1580053135.436,0.75,0.9908,0.59,1.1264,92
1580053135.631,0.77,0.9724,0.6,1.1328,92
1580053135.803,0.77,0.9718,0.6,1.1332,92
1580053135.976,0.74,0.9954,0.62,1.1248,92
1580053136.15,0.77,0.9725,0.63,1.1044,92
1580053136.328,0.75,0.988,0.65,1.0952,92
1580053136.499,0.77,0.9746,0.64,1.0949,92
1580053136.675,0.76,0.9817,0.64,1.0972,92
1580053136.868,0.77,0.9748,0.63,1.1105,92
1580053137.063,0.76,0.9781,0.63,1.119,92
1580053137.228,0.79,0.9565,0.62,1.1198,92
1580053137.406,0.76,0.9855,0.61,1.1259,93
1580053137.578,0.77,0.972,0.64,1.1048,93
1580053137.759,0.77,0.9766,0.63,1.1054,93
1580053137.934,0.76,0.9794,0.63,1.104,93
1580053138.129,0.75,0.9919,0.65,1.086,93
1580053138.324,0.77,0.9753,0.65,1.0789,93
1580053138.518,0.79,0.9518,0.63,1.1076,93
1580053138.708,0.76,0.9843,0.61,1.1211,93
1580053138.879,0.77,0.9715,0.61,1.1182,93
1580053139.063,0.76,0.9814,0.65,1.1047,93
1580053139.255,0.78,0.9679,0.64,1.101,93
1580053139.427,0.79,0.9595,0.63,1.1047,93
1580053139.599,0.78,0.9658,0.63,1.1036,93
1580053139.772,0.76,0.9822,0.63,1.1034,93
1580053139.925,0.79,0.9518,0.63,1.1091,93
1580053140.127,0.78,0.9674,0.6,1.1253,94
1580053140.323,0.78,0.9621,0.61,1.1285,94
1580053140.517,0.76,0.9831,0.62,1.1207,94
1580053140.695,0.76,0.9842,0.62,1.1148,94
1580053140.888,0.76,0.9829,0.62,1.1051,94
1580053141.083,0.77,0.9706,0.66,1.087,94
1580053141.27,0.78,0.9596,0.63,1.0847,94
1580053141.445,0.75,0.9927,0.64,1.0989,94
1580053141.617,0.78,0.97,0.59,1.1285,94
1580053141.792,0.75,0.9989,0.6,1.1389,94
1580053141.971,0.76,0.9825,0.63,1.1111,94
1580053142.143,0.77,0.9763,0.62,1.101,94
1580053142.317,0.76,0.9847,0.63,1.0969,94
1580053142.489,0.76,0.983,0.68,1.0733,94
1580053142.643,0.77,0.9693,0.68,1.0672,94
1580053142.818,0.76,0.9863,0.66,1.0773,95
1580053142.989,0.78,0.967,0.64,1.1005,95
1580053143.161,0.77,0.9755,0.65,1.0867,95
1580053143.334,0.76,0.9897,0.65,1.0872,95
1580053143.506,0.73,1.0099,0.64,1.0939,95
1580053143.678,0.77,0.9724,0.64,1.0981,95
1580053143.85,0.79,0.9543,0.66,1.0832,95
1580053144.022,0.75,0.9882,0.65,1.0788,95
1580053144.194,0.77,0.9754,0.64,1.0889,95
1580053144.371,0.75,0.9904,0.65,1.1037,95
1580053144.543,0.79,0.9568,0.61,1.1191,95
1580053144.727,0.76,0.9788,0.58,1.1344,95
1580053144.901,0.76,0.9882,0.63,1.106,95
1580053145.073,0.75,0.99,0.66,1.0836,95
1580053145.227,0.79,0.9544,0.64,1.0879,95
1580053145.416,0.77,0.9766,0.69,1.063,96
1580053145.61,0.78,0.962,0.63,1.085,96
1580053145.781,0.76,0.9818,0.64,1.0898,96
1580053145.952,0.75,0.9898,0.66,1.0877,96
1580053146.124,0.74,1.0024,0.61,1.1237,96
1580053146.296,0.74,0.9932,0.61,1.1191,96
1580053146.471,0.78,0.9627,0.63,1.1048,96
1580053146.643,0.76,0.988,0.61,1.1082,96
1580053146.815,0.77,0.9735,0.67,1.0725,96
1580053146.993,0.76,0.9845,0.64,1.097,96
1580053147.165,0.77,0.9739,0.64,1.0862,96
1580053147.346,0.76,0.9846,0.66,1.0875,96
1580053147.526,0.78,0.9672,0.63,1.1089,96
1580053147.699,0.77,0.9794,0.6,1.1135,96
1580053147.854,0.79,0.9576,0.64,1.1043,96
1580053148.026,0.75,0.9886,0.64,1.0942,97
1580053148.216,0.77,0.9771,0.67,1.0846,97
1580053148.412,0.76,0.9776,0.66,1.0713,97
1580053148.591,0.76,0.9801,0.69,1.0659,97
1580053148.763,0.72,1.0175,0.65,1.0916,97
1580053148.936,0.72,1.016,0.62,1.0971,97
1580053149.108,0.78,0.9671,0.63,1.1057,97
1580053149.282,0.78,0.9722,0.64,1.1013,97
1580053149.454,0.76,0.9885,0.63,1.1021,97
1580053149.642,0.72,1.0124,0.64,1.1052,97
1580053149.814,0.79,0.956,0.67,1.0718,97
1580053149.988,0.77,0.9702,0.66,1.0836,97
1580053150.159,0.75,0.9967,0.64,1.0888,97
1580053150.331,0.74,1.003,0.64,1.0986,97
1580053150.488,0.79,0.9519,0.6,1.1263,97
1580053150.664,0.77,0.9749,0.63,1.108,98
1580053150.838,0.76,0.987,0.63,1.1028,98
1580053151.01,0.72,1.0197,0.65,1.0943,98
1580053151.181,0.75,0.9927,0.65,1.0912,98
1580053151.353,0.75,0.9938,0.65,1.0784,98
1580053151.527,0.76,0.9812,0.65,1.0906,98
1580053151.703,0.76,0.9901,0.64,1.0993,98
1580053151.874,0.74,0.9999,0.63,1.1217,98
1580053152.046,0.77,0.9772,0.6,1.1304,98
1580053152.225,0.75,0.9928,0.61,1.1124,98
1580053152.397,0.77,0.9797,0.63,1.1118,98
1580053152.569,0.76,0.986,0.63,1.1037,98
1580053152.752,0.78,0.9693,0.65,1.0873,98
1580053152.948,0.75,0.9941,0.67,1.0709,98
1580053153.104,0.76,0.9789,0.67,1.0755,98
1580053153.287,0.77,0.9773,0.65,1.0933,99
1580053153.46,0.77,0.9716,0.61,1.1274,99
1580053153.636,0.76,0.9811,0.62,1.123,99
1580053153.811,0.76,0.9848,0.62,1.1094,99
1580053154.002,0.74,0.9969,0.65,1.086,99
1580053154.176,0.75,0.988,0.66,1.0795,99
1580053154.347,0.78,0.9607,0.69,1.0629,99
1580053154.519,0.75,0.9886,0.7,1.0504,99
1580053154.696,0.76,0.979,0.64,1.0862,99
1580053154.871,0.76,0.9822,0.63,1.1097,99
1580053155.055,0.77,0.979,0.64,1.101,99
1580053155.229,0.78,0.9691,0.67,1.0832,99
1580053155.4,0.77,0.9724,0.65,1.0826,99
1580053155.571,0.76,0.9795,0.67,1.0658,99
1580053155.726,0.77,0.9702,0.67,1.0701,99
