1580009056.913,0.25,1.3865,0.19,1.3873,0
1580009057.102,0.24,1.3866,0.19,1.3871,0
1580009057.28,0.23,1.3867,0.19,1.3865,0
1580009057.46,0.25,1.3862,0.24,1.3861,0
1580009057.639,0.29,1.3859,0.4,1.3851,0
1580009057.817,0.3,1.3859,0.31,1.3849,0
1580009058.007,0.33,1.3857,0.35,1.3842,0
1580009058.184,0.32,1.3851,0.38,1.3826,0
1580009058.37,0.35,1.3836,0.39,1.3793,0
1580009058.55,0.32,1.3821,0.35,1.3745,0
1580009058.727,0.29,1.3808,0.38,1.3677,0
1580009058.904,0.29,1.3788,0.39,1.3588,0
1580009059.083,0.31,1.3722,0.38,1.3438,0
1580009059.265,0.3,1.3588,0.38,1.3338,0
1580009059.423,0.33,1.3551,0.39,1.3348,0
1580009059.603,0.34,1.3504,0.33,1.3418,1
1580009059.782,0.31,1.3607,0.37,1.3303,1
1580009059.96,0.33,1.346,0.36,1.3225,1
1580009060.14,0.35,1.3442,0.35,1.3257,1
1580009060.317,0.36,1.3413,0.37,1.3223,1
1580009060.497,0.34,1.3514,0.36,1.3255,1
1580009060.677,0.37,1.335,0.31,1.3355,1
1580009060.854,0.33,1.3463,0.38,1.3205,1
1580009061.03,0.37,1.3305,0.32,1.3379,1
1580009061.209,0.37,1.3197,0.34,1.3268,1
1580009061.392,0.35,1.3441,0.38,1.3115,1
1580009061.573,0.34,1.3399,0.32,1.3319,1
1580009061.756,0.34,1.3415,0.35,1.3279,1
1580009061.935,0.38,1.3244,0.42,1.3121,1
1580009062.094,0.37,1.3307,0.37,1.3117,1
1580009062.276,0.37,1.3269,0.34,1.3327,2
1580009062.477,0.33,1.3387,0.38,1.3182,2
1580009062.663,0.35,1.323,0.39,1.3056,2
1580009062.843,0.39,1.3234,0.39,1.3185,2
1580009063.026,0.4,1.3163,0.38,1.3272,2
1580009063.208,0.35,1.3337,0.4,1.3098,2
1580009063.396,0.39,1.3083,0.42,1.3093,2
1580009063.577,0.38,1.3145,0.37,1.3016,2
1580009063.757,0.4,1.3204,0.39,1.3045,2
1580009063.94,0.44,1.2867,0.4,1.3087,2
1580009064.123,0.39,1.3226,0.41,1.3131,2
1580009064.305,0.41,1.3124,0.41,1.2996,2
1580009064.493,0.42,1.3019,0.39,1.299,2
1580009064.675,0.41,1.2969,0.43,1.297,2
1580009064.837,0.4,1.2962,0.41,1.2874,2
1580009065.018,0.44,1.2844,0.42,1.2828,3
1580009065.196,0.42,1.2969,0.42,1.2812,3
1580009065.379,0.44,1.2836,0.44,1.2936,3
1580009065.56,0.44,1.2752,0.42,1.2799,3
1580009065.738,0.43,1.2723,0.46,1.2732,3
1580009065.917,0.4,1.3014,0.42,1.2898,3
1580009066.106,0.45,1.2655,0.39,1.2908,3
1580009066.295,0.43,1.2816,0.48,1.2595,3
1580009066.482,0.45,1.2692,0.49,1.2461,3
1580009066.671,0.48,1.2505,0.46,1.2558,3
1580009066.851,0.45,1.2631,0.43,1.2748,3
1580009067.03,0.46,1.2638,0.44,1.261,3
1580009067.205,0.47,1.2612,0.47,1.2432,3
1580009067.388,0.46,1.2536,0.48,1.2326,3
1580009067.558,0.45,1.2569,0.51,1.2361,3
1580009067.737,0.49,1.2369,0.5,1.2385,4
1580009067.916,0.47,1.2496,0.55,1.2157,4
1580009068.095,0.52,1.2235,0.52,1.2112,4
1580009068.273,0.51,1.2258,0.56,1.2053,4
1580009068.45,0.53,1.21,0.55,1.1951,4
1580009068.626,0.48,1.2458,0.54,1.2033,4
1580009068.807,0.53,1.209,0.53,1.2125,4
1580009068.989,0.5,1.2261,0.53,1.2025,4
1580009069.169,0.5,1.2228,0.53,1.1986,4
1580009069.347,0.5,1.2158,0.5,1.2251,4
1580009069.534,0.53,1.2073,0.52,1.2144,4
1580009069.713,0.54,1.2018,0.53,1.2029,4
1580009069.892,0.51,1.2192,0.57,1.169,4
1580009070.071,0.49,1.2193,0.57,1.1704,4
1580009070.231,0.52,1.2048,0.54,1.1917,4
1580009070.412,0.51,1.2078,0.58,1.1917,5
1580009070.591,0.52,1.2109,0.53,1.1888,5
1580009070.772,0.52,1.1948,0.56,1.1836,5
1580009070.95,0.54,1.1952,0.58,1.1706,5
1580009071.132,0.56,1.1736,0.58,1.1562,5
1580009071.309,0.51,1.221,0.58,1.1554,5
1580009071.489,0.54,1.1891,0.55,1.1801,5
1580009071.685,0.52,1.2016,0.49,1.2018,5
1580009071.864,0.52,1.2119,0.57,1.1658,5
1580009072.048,0.56,1.177,0.58,1.1652,5
1580009072.228,0.51,1.2138,0.61,1.1543,5
1580009072.41,0.54,1.1948,0.52,1.1953,5
1580009072.607,0.52,1.2068,0.51,1.2079,5
1580009072.787,0.52,1.2138,0.54,1.1876,5
1580009072.95,0.55,1.1836,0.55,1.1674,5
1580009073.133,0.55,1.1822,0.59,1.1619,6
1580009073.313,0.53,1.2143,0.6,1.1537,6
1580009073.492,0.55,1.1831,0.59,1.1685,6
1580009073.677,0.55,1.1892,0.54,1.2008,6
1580009073.856,0.55,1.1844,0.54,1.1881,6
1580009074.044,0.51,1.2181,0.57,1.1621,6
1580009074.234,0.57,1.1679,0.62,1.1611,6
1580009074.424,0.52,1.2072,0.6,1.1575,6
1580009074.615,0.54,1.1924,0.56,1.1598,6
1580009074.801,0.57,1.1662,0.54,1.1796,6
1580009074.986,0.54,1.1877,0.54,1.1904,6
1580009075.168,0.56,1.183,0.53,1.1948,6
1580009075.349,0.55,1.191,0.52,1.1823,6
1580009075.53,0.54,1.1924,0.57,1.1606,6
1580009075.691,0.57,1.1663,0.59,1.1539,6
1580009075.874,0.55,1.1741,0.61,1.1532,7
1580009076.054,0.54,1.1927,0.6,1.1486,7
1580009076.232,0.57,1.1679,0.63,1.1565,7
1580009076.414,0.56,1.1732,0.54,1.1829,7
1580009076.594,0.58,1.1576,0.57,1.1681,7
1580009076.786,0.54,1.1969,0.62,1.1454,7
1580009076.967,0.58,1.1655,0.59,1.1561,7
1580009077.147,0.54,1.1872,0.55,1.1636,7
1580009077.327,0.55,1.1796,0.53,1.1844,7
1580009077.508,0.58,1.1603,0.52,1.1916,7
1580009077.689,0.56,1.1793,0.53,1.179,7
1580009077.87,0.56,1.1732,0.56,1.168,7
1580009078.049,0.56,1.1765,0.56,1.1688,7
1580009078.229,0.56,1.1774,0.58,1.1619,7
1580009078.391,0.58,1.1553,0.61,1.151,7
1580009078.571,0.56,1.1642,0.59,1.1502,8
1580009078.759,0.55,1.1844,0.61,1.1468,8
1580009078.94,0.57,1.1598,0.6,1.1545,8
1580009079.127,0.57,1.1631,0.54,1.1738,8
1580009079.313,0.58,1.1427,0.55,1.1738,8
1580009079.493,0.55,1.1905,0.59,1.1486,8
1580009079.671,0.58,1.1506,0.56,1.1608,8
1580009079.858,0.56,1.1741,0.55,1.1616,8
1580009080.038,0.55,1.1751,0.6,1.1563,8
1580009080.218,0.58,1.15,0.53,1.1766,8
1580009080.397,0.57,1.164,0.53,1.1857,8
1580009080.574,0.58,1.1636,0.51,1.2007,8
1580009080.759,0.55,1.182,0.56,1.1786,8
1580009080.939,0.56,1.1733,0.61,1.1474,8
1580009081.1,0.59,1.1507,0.6,1.1508,8
1580009081.284,0.56,1.1689,0.59,1.1541,9
1580009081.465,0.55,1.181,0.6,1.1525,9
1580009081.644,0.59,1.1509,0.58,1.1711,9
1580009081.836,0.57,1.1699,0.55,1.1767,9
1580009082.016,0.58,1.1398,0.58,1.1585,9
1580009082.204,0.56,1.1792,0.61,1.1455,9
1580009082.387,0.59,1.147,0.61,1.1473,9
1580009082.567,0.56,1.1705,0.59,1.1452,9
1580009082.764,0.57,1.1616,0.57,1.1638,9
1580009082.944,0.59,1.1483,0.51,1.1841,9
1580009083.123,0.56,1.1674,0.52,1.1793,9
1580009083.305,0.57,1.1599,0.57,1.1698,9
1580009083.485,0.57,1.1627,0.58,1.1696,9
1580009083.663,0.57,1.168,0.58,1.1679,9
1580009083.827,0.58,1.1484,0.56,1.1655,9
1580009084.008,0.57,1.1571,0.56,1.1684,10
1580009084.189,0.56,1.1731,0.6,1.1542,10
1580009084.37,0.58,1.1527,0.58,1.1643,10
1580009084.549,0.58,1.151,0.54,1.1854,10
1580009084.729,0.59,1.1344,0.54,1.186,10
1580009084.91,0.54,1.1859,0.58,1.1561,10
1580009085.092,0.61,1.1331,0.59,1.1496,10
1580009085.275,0.57,1.1682,0.64,1.1378,10
1580009085.457,0.57,1.1573,0.61,1.1457,10
1580009085.639,0.58,1.1457,0.57,1.1669,10
1580009085.813,0.59,1.1467,0.55,1.179,10
1580009085.996,0.6,1.1475,0.54,1.188,10
1580009086.177,0.57,1.1663,0.55,1.1738,10
1580009086.355,0.56,1.1635,0.58,1.1528,10
1580009086.517,0.59,1.1484,0.6,1.1374,10
1580009086.705,0.59,1.1568,0.59,1.1548,11
1580009086.89,0.56,1.1676,0.57,1.1635,11
1580009087.068,0.57,1.1512,0.57,1.1608,11
1580009087.249,0.59,1.1486,0.58,1.1717,11
1580009087.43,0.61,1.1261,0.57,1.1656,11
1580009087.61,0.57,1.1693,0.59,1.1464,11
1580009087.791,0.61,1.1256,0.59,1.1478,11
1580009087.972,0.57,1.1624,0.59,1.1491,11
1580009088.154,0.58,1.1493,0.55,1.1646,11
1580009088.337,0.59,1.1387,0.54,1.1796,11
1580009088.518,0.58,1.1513,0.55,1.1804,11
1580009088.699,0.61,1.1391,0.54,1.1798,11
1580009088.88,0.57,1.1539,0.57,1.1732,11
1580009089.066,0.58,1.1546,0.59,1.1638,11
1580009089.23,0.59,1.143,0.6,1.1519,11
1580009089.416,0.57,1.1519,0.57,1.1685,12
1580009089.596,0.57,1.1616,0.56,1.17,12
1580009089.778,0.57,1.1554,0.59,1.1517,12
1580009089.96,0.6,1.14,0.59,1.1646,12
1580009090.14,0.62,1.1202,0.56,1.173,12
1580009090.324,0.56,1.1769,0.55,1.1614,12
1580009090.505,0.61,1.1204,0.56,1.1516,12
1580009090.686,0.58,1.161,0.6,1.1379,12
1580009090.868,0.57,1.1556,0.61,1.1475,12
1580009091.053,0.59,1.144,0.58,1.1653,12
1580009091.234,0.6,1.1378,0.55,1.1815,12
1580009091.418,0.6,1.1334,0.53,1.1949,12
1580009091.6,0.58,1.1603,0.56,1.1777,12
1580009091.786,0.56,1.1581,0.57,1.1698,12
1580009091.949,0.59,1.1452,0.6,1.1474,12
1580009092.134,0.57,1.1505,0.58,1.1497,13
1580009092.322,0.58,1.1512,0.54,1.1776,13
1580009092.498,0.57,1.1577,0.57,1.157,13
1580009092.68,0.6,1.1393,0.57,1.155,13
1580009092.861,0.63,1.1097,0.57,1.175,13
1580009093.044,0.55,1.1837,0.57,1.1666,13
1580009093.226,0.61,1.1269,0.56,1.1677,13
1580009093.415,0.57,1.1622,0.56,1.1753,13
1580009093.599,0.58,1.1561,0.59,1.1636,13
1580009093.779,0.59,1.1405,0.58,1.154,13
1580009093.958,0.6,1.1456,0.54,1.1834,13
1580009094.147,0.57,1.1559,0.55,1.1834,13
1580009094.328,0.59,1.1434,0.53,1.2005,13
1580009094.51,0.56,1.1678,0.54,1.1904,13
1580009094.674,0.59,1.1371,0.54,1.1705,13
1580009094.864,0.58,1.1435,0.57,1.1626,14
1580009095.045,0.57,1.1545,0.58,1.1547,14
1580009095.227,0.58,1.1451,0.56,1.1651,14
1580009095.411,0.6,1.1365,0.55,1.1825,14
1580009095.593,0.61,1.1277,0.52,1.1919,14
1580009095.776,0.56,1.169,0.52,1.1839,14
1580009095.963,0.6,1.1297,0.53,1.179,14
1580009096.147,0.57,1.1642,0.57,1.165,14
1580009096.328,0.6,1.1311,0.59,1.144,14
1580009096.508,0.6,1.1284,0.58,1.1419,14
1580009096.693,0.59,1.1483,0.59,1.1453,14
1580009096.874,0.59,1.1387,0.55,1.1683,14
1580009097.054,0.6,1.1347,0.55,1.188,14
1580009097.244,0.58,1.1548,0.51,1.2186,14
1580009097.406,0.58,1.1604,0.54,1.2096,14
1580009097.589,0.58,1.1532,0.52,1.1913,15
1580009097.779,0.58,1.1536,0.54,1.1713,15
1580009097.965,0.6,1.133,0.58,1.1547,15
1580009098.147,0.57,1.1566,0.58,1.1419,15
1580009098.328,0.61,1.1234,0.61,1.1424,15
1580009098.51,0.58,1.1506,0.57,1.1647,15
1580009098.693,0.62,1.1098,0.54,1.1777,15
1580009098.88,0.56,1.1702,0.53,1.1805,15
1580009099.065,0.6,1.1403,0.54,1.1764,15
1580009099.254,0.61,1.1201,0.57,1.1621,15
1580009099.441,0.6,1.1342,0.6,1.1439,15
1580009099.63,0.6,1.1321,0.56,1.143,15
1580009099.817,0.58,1.1493,0.53,1.1559,15
1580009100.002,0.59,1.1368,0.54,1.1648,15
1580009100.168,0.63,1.1183,0.55,1.1752,15
1580009100.356,0.59,1.1327,0.55,1.1732,16
1580009100.542,0.59,1.138,0.55,1.1627,16
1580009100.725,0.6,1.1248,0.6,1.1483,16
1580009100.909,0.62,1.1133,0.61,1.1413,16
1580009101.1,0.64,1.0976,0.58,1.1368,16
1580009101.305,0.61,1.1397,0.58,1.1403,16
1580009101.492,0.62,1.1186,0.58,1.1504,16
1580009101.676,0.6,1.1353,0.58,1.1586,16
1580009101.86,0.62,1.1173,0.59,1.162,16
1580009102.042,0.63,1.1108,0.55,1.1628,16
1580009102.227,0.61,1.1281,0.55,1.1574,16
1580009102.409,0.62,1.1105,0.6,1.1377,16
1580009102.591,0.61,1.1264,0.55,1.147,16
1580009102.77,0.63,1.118,0.54,1.1565,16
1580009102.931,0.63,1.1104,0.56,1.1519,16
1580009103.118,0.62,1.1119,0.6,1.1455,17
1580009103.304,0.62,1.1158,0.61,1.1382,17
1580009103.486,0.61,1.1181,0.62,1.1338,17
1580009103.67,0.63,1.1074,0.61,1.1345,17
1580009103.85,0.64,1.0866,0.62,1.1356,17
1580009104.028,0.62,1.1252,0.56,1.1396,17
1580009104.208,0.63,1.1087,0.62,1.1338,17
1580009104.398,0.62,1.1206,0.59,1.1375,17
1580009104.576,0.64,1.0999,0.57,1.1444,17
1580009104.759,0.64,1.0995,0.63,1.1308,17
1580009104.939,0.61,1.1215,0.62,1.1257,17
1580009105.118,0.64,1.0999,0.61,1.1243,17
1580009105.303,0.61,1.1182,0.61,1.1445,17
1580009105.48,0.62,1.1187,0.57,1.15,17
1580009105.642,0.64,1.0994,0.56,1.1509,17
1580009105.825,0.61,1.1189,0.59,1.1299,18
1580009106.003,0.63,1.1073,0.61,1.1294,18
1580009106.185,0.62,1.113,0.61,1.1244,18
1580009106.369,0.64,1.105,0.6,1.1304,18
1580009106.55,0.65,1.0961,0.6,1.1305,18
1580009106.734,0.62,1.1251,0.61,1.1248,18
1580009106.917,0.66,1.0837,0.59,1.137,18
1580009107.098,0.6,1.1228,0.6,1.1298,18
1580009107.279,0.63,1.1099,0.65,1.1146,18
1580009107.465,0.65,1.0922,0.6,1.1274,18
1580009107.648,0.63,1.111,0.59,1.1353,18
1580009107.835,0.66,1.0883,0.61,1.1392,18
1580009108.015,0.61,1.1256,0.57,1.142,18
1580009108.2,0.61,1.1168,0.58,1.1467,18
1580009108.363,0.65,1.0904,0.59,1.1425,18
1580009108.548,0.62,1.1121,0.58,1.1407,19
1580009108.733,0.62,1.1198,0.56,1.1373,19
1580009108.916,0.65,1.0988,0.6,1.132,19
1580009109.099,0.64,1.1012,0.61,1.1327,19
1580009109.281,0.66,1.0822,0.61,1.1323,19
1580009109.459,0.61,1.1281,0.61,1.1291,19
1580009109.639,0.66,1.0817,0.6,1.1302,19
1580009109.818,0.62,1.1149,0.6,1.1339,19
1580009109.999,0.66,1.0839,0.6,1.133,19
1580009110.18,0.66,1.0883,0.61,1.1384,19
1580009110.362,0.63,1.1034,0.61,1.133,19
1580009110.55,0.67,1.074,0.59,1.1346,19
1580009110.731,0.64,1.1029,0.56,1.1494,19
1580009110.909,0.61,1.1184,0.59,1.1429,19
1580009111.072,0.67,1.0748,0.52,1.1847,19
1580009111.253,0.64,1.099,0.52,1.1766,20
1580009111.441,0.63,1.1074,0.57,1.1397,20
1580009111.622,0.65,1.092,0.59,1.1339,20
1580009111.805,0.63,1.0982,0.6,1.1282,20
1580009111.985,0.68,1.0653,0.57,1.1411,20
1580009112.166,0.63,1.1146,0.58,1.1391,20
1580009112.345,0.66,1.0785,0.62,1.1365,20
1580009112.527,0.63,1.1143,0.61,1.1345,20
1580009112.71,0.67,1.0766,0.61,1.1271,20
1580009112.89,0.67,1.0729,0.62,1.1254,20
1580009113.072,0.65,1.0929,0.62,1.1246,20
1580009113.259,0.67,1.0688,0.58,1.1309,20
1580009113.441,0.65,1.0996,0.58,1.1369,20
1580009113.628,0.64,1.0959,0.59,1.1277,20
1580009113.791,0.67,1.0693,0.57,1.1517,20
1580009113.972,0.65,1.0898,0.55,1.1683,21
1580009114.151,0.63,1.1002,0.6,1.1316,21
1580009114.333,0.65,1.0875,0.6,1.1309,21
1580009114.516,0.66,1.0838,0.61,1.128,21
1580009114.698,0.68,1.061,0.59,1.133,21
1580009114.878,0.64,1.1025,0.59,1.1398,21
1580009115.057,0.64,1.0934,0.6,1.132,21
1580009115.24,0.64,1.1037,0.58,1.1439,21
1580009115.422,0.66,1.0847,0.6,1.13,21
1580009115.602,0.67,1.074,0.58,1.1363,21
1580009115.786,0.65,1.0982,0.61,1.1219,21
1580009115.968,0.66,1.0739,0.62,1.1296,21
1580009116.149,0.64,1.0979,0.61,1.1259,21
1580009116.33,0.65,1.0926,0.59,1.1406,21
1580009116.491,0.68,1.0612,0.56,1.1474,21
1580009116.678,0.65,1.0899,0.59,1.1436,22
1580009116.862,0.65,1.0914,0.61,1.1334,22
1580009117.045,0.64,1.0958,0.63,1.1285,22
1580009117.227,0.67,1.0736,0.61,1.1242,22
1580009117.41,0.69,1.0484,0.57,1.1419,22
1580009117.592,0.64,1.1032,0.57,1.1443,22
1580009117.773,0.66,1.0817,0.59,1.1279,22
1580009117.956,0.64,1.0962,0.58,1.1411,22
1580009118.164,0.67,1.0759,0.62,1.1296,22
1580009118.347,0.67,1.0717,0.59,1.1383,22
1580009118.531,0.63,1.1018,0.59,1.1334,22
1580009118.721,0.67,1.0652,0.61,1.1205,22
1580009118.902,0.64,1.0976,0.6,1.1246,22
1580009119.085,0.65,1.0856,0.61,1.1291,22
1580009119.246,0.67,1.0729,0.57,1.1483,22
1580009119.429,0.64,1.0895,0.54,1.1511,23
1580009119.612,0.65,1.0897,0.62,1.1213,23
1580009119.793,0.65,1.0875,0.62,1.125,23
1580009119.974,0.66,1.0745,0.62,1.1156,23
1580009120.158,0.69,1.0542,0.59,1.128,23
1580009120.34,0.65,1.093,0.55,1.1544,23
1580009120.521,0.67,1.0779,0.56,1.1409,23
1580009120.705,0.63,1.1008,0.62,1.1191,23
1580009120.885,0.67,1.0755,0.62,1.1203,23
1580009121.068,0.67,1.0681,0.58,1.1532,23
1580009121.253,0.63,1.103,0.58,1.1499,23
1580009121.437,0.66,1.0736,0.62,1.1275,23
1580009121.622,0.64,1.1014,0.58,1.1419,23
1580009121.81,0.63,1.0972,0.61,1.1147,23
1580009121.969,0.68,1.0604,0.57,1.1467,23
1580009122.155,0.64,1.099,0.55,1.1685,24
1580009122.344,0.61,1.1201,0.59,1.1508,24
1580009122.525,0.65,1.0908,0.61,1.1167,24
1580009122.71,0.67,1.0757,0.62,1.1242,24
1580009122.904,0.68,1.0624,0.58,1.1429,24
1580009123.084,0.61,1.1233,0.61,1.1359,24
1580009123.263,0.67,1.0734,0.6,1.1303,24
1580009123.449,0.62,1.1151,0.57,1.1614,24
1580009123.63,0.65,1.0921,0.59,1.1476,24
1580009123.818,0.67,1.0807,0.63,1.1186,24
1580009124.0,0.64,1.0916,0.6,1.1221,24
1580009124.182,0.66,1.0749,0.62,1.1139,24
1580009124.367,0.63,1.1055,0.61,1.1294,24
1580009124.549,0.66,1.0815,0.61,1.1268,24
1580009124.71,0.69,1.051,0.57,1.1501,24
1580009124.897,0.65,1.0886,0.57,1.1483,25
1580009125.077,0.65,1.0904,0.57,1.1448,25
1580009125.265,0.66,1.0785,0.6,1.1275,25
1580009125.45,0.69,1.0617,0.61,1.1299,25
1580009125.632,0.69,1.0477,0.59,1.1341,25
1580009125.815,0.65,1.1006,0.56,1.1429,25
1580009126.005,0.69,1.0547,0.57,1.1502,25
1580009126.198,0.64,1.0942,0.58,1.1422,25
1580009126.389,0.68,1.065,0.61,1.1295,25
1580009126.578,0.69,1.0533,0.62,1.1265,25
1580009126.771,0.66,1.0779,0.62,1.1281,25
1580009126.956,0.68,1.0572,0.59,1.1504,25
1580009127.137,0.64,1.1035,0.59,1.1357,25
1580009127.318,0.67,1.0751,0.61,1.1385,25
1580009127.479,0.68,1.0643,0.63,1.132,25
1580009127.663,0.66,1.0747,0.55,1.1655,26
1580009127.85,0.65,1.09,0.57,1.1589,26
1580009128.033,0.67,1.0732,0.62,1.1289,26
1580009128.216,0.68,1.0624,0.62,1.1261,26
1580009128.396,0.69,1.0445,0.62,1.1265,26
1580009128.576,0.64,1.1015,0.6,1.1343,26
1580009128.751,0.68,1.0638,0.61,1.1248,26
1580009128.94,0.64,1.0921,0.61,1.1275,26
1580009129.123,0.68,1.0591,0.62,1.1207,26
1580009129.305,0.69,1.0566,0.61,1.1138,26
1580009129.495,0.67,1.0688,0.63,1.1062,26
1580009129.679,0.69,1.0475,0.63,1.1189,26
1580009129.867,0.64,1.0907,0.59,1.1286,26
1580009130.051,0.68,1.0633,0.6,1.1311,26
1580009130.215,0.7,1.0462,0.59,1.1491,26
1580009130.398,0.66,1.0753,0.59,1.1523,27
1580009130.581,0.67,1.0722,0.59,1.1379,27
1580009130.765,0.68,1.0629,0.61,1.1213,27
1580009130.948,0.69,1.0547,0.64,1.1236,27
1580009131.131,0.71,1.0356,0.62,1.128,27
1580009131.313,0.66,1.0879,0.59,1.131,27
1580009131.495,0.69,1.0474,0.59,1.1392,27
1580009131.685,0.66,1.0793,0.59,1.1391,27
1580009131.867,0.69,1.0493,0.61,1.1287,27
1580009132.059,0.7,1.0444,0.58,1.127,27
1580009132.246,0.68,1.0633,0.59,1.1263,27
1580009132.429,0.7,1.039,0.59,1.1332,27
1580009132.613,0.66,1.0769,0.6,1.1217,27
1580009132.795,0.7,1.0513,0.62,1.1167,27
1580009132.957,0.7,1.0434,0.6,1.1273,27
1580009133.14,0.67,1.0689,0.59,1.1612,28
1580009133.324,0.67,1.072,0.58,1.1485,28
1580009133.506,0.69,1.0605,0.63,1.1143,28
1580009133.706,0.68,1.0538,0.62,1.1206,28
1580009133.889,0.7,1.0363,0.63,1.1198,28
1580009134.089,0.67,1.0812,0.61,1.131,28
1580009134.28,0.7,1.043,0.59,1.1483,28
1580009134.473,0.66,1.0821,0.61,1.128,28
1580009134.663,0.7,1.0474,0.61,1.1227,28
1580009134.853,0.7,1.0469,0.62,1.115,28
1580009135.042,0.67,1.0639,0.62,1.122,28
1580009135.228,0.7,1.0379,0.6,1.1197,28
1580009135.411,0.67,1.0708,0.62,1.1093,28
1580009135.595,0.71,1.0434,0.62,1.1096,28
1580009135.76,0.7,1.0364,0.63,1.1091,28
1580009135.951,0.68,1.06,0.59,1.1454,29
1580009136.14,0.67,1.0769,0.55,1.1697,29
1580009136.325,0.67,1.0749,0.61,1.1366,29
1580009136.509,0.69,1.061,0.62,1.1202,29
1580009136.691,0.71,1.0345,0.64,1.1178,29
1580009136.874,0.65,1.0902,0.63,1.1212,29
1580009137.056,0.7,1.0395,0.53,1.1673,29
1580009137.241,0.64,1.0944,0.55,1.1547,29
1580009137.429,0.69,1.0511,0.6,1.1299,29
1580009137.614,0.7,1.0469,0.62,1.1256,29
1580009137.798,0.67,1.0745,0.6,1.1255,29
1580009137.981,0.69,1.0521,0.59,1.1376,29
1580009138.171,0.64,1.0947,0.6,1.1227,29
1580009138.352,0.68,1.0543,0.58,1.1418,29
1580009138.516,0.68,1.0652,0.62,1.1051,29
1580009138.708,0.69,1.0524,0.63,1.1329,30
1580009138.89,0.68,1.0634,0.6,1.1421,30
1580009139.079,0.69,1.0559,0.63,1.1151,30
1580009139.271,0.68,1.0565,0.64,1.1038,30
1580009139.458,0.7,1.037,0.65,1.1019,30
1580009139.642,0.66,1.0781,0.64,1.1149,30
1580009139.826,0.68,1.0602,0.61,1.1155,30
1580009140.007,0.66,1.0775,0.61,1.1227,30
1580009140.196,0.7,1.0365,0.6,1.139,30
1580009140.38,0.68,1.0548,0.59,1.1455,30
1580009140.562,0.65,1.0854,0.59,1.138,30
1580009140.746,0.7,1.0487,0.6,1.1347,30
1580009140.927,0.66,1.0797,0.6,1.1415,30
1580009141.113,0.64,1.0913,0.6,1.1375,30
1580009141.275,0.65,1.0822,0.6,1.1329,30
1580009141.462,0.67,1.0726,0.58,1.1375,31
1580009141.645,0.65,1.0819,0.59,1.1511,31
1580009141.831,0.67,1.0677,0.5,1.2219,31
1580009142.012,0.63,1.1011,0.53,1.2015,31
1580009142.194,0.66,1.0754,0.62,1.1256,31
1580009142.375,0.65,1.0875,0.64,1.0937,31
1580009142.557,0.69,1.0534,0.63,1.1145,31
1580009142.742,0.61,1.1148,0.64,1.1038,31
1580009142.924,0.65,1.0815,0.65,1.087,31
1580009143.107,0.69,1.0471,0.59,1.1399,31
1580009143.294,0.65,1.0852,0.56,1.1785,31
1580009143.478,0.65,1.0785,0.56,1.165,31
1580009143.66,0.64,1.1,0.64,1.1053,31
1580009143.857,0.69,1.0498,0.63,1.1127,31
1580009144.022,0.7,1.0406,0.62,1.1216,31
1580009144.206,0.68,1.0652,0.6,1.1368,32
1580009144.392,0.65,1.0824,0.6,1.1426,32
1580009144.581,0.69,1.0572,0.56,1.153,32
1580009144.768,0.67,1.0667,0.59,1.1539,32
1580009144.952,0.68,1.054,0.59,1.1489,32
1580009145.133,0.65,1.0921,0.6,1.1407,32
1580009145.322,0.7,1.0432,0.63,1.1271,32
1580009145.506,0.66,1.073,0.64,1.1189,32
1580009145.688,0.67,1.0625,0.63,1.117,32
1580009145.87,0.7,1.0466,0.62,1.115,32
1580009146.059,0.68,1.0574,0.6,1.1327,32
1580009146.244,0.7,1.0401,0.54,1.1679,32
1580009146.428,0.65,1.0878,0.6,1.1469,32
1580009146.61,0.68,1.0598,0.63,1.1035,32
1580009146.774,0.71,1.0247,0.61,1.1226,32
1580009146.956,0.68,1.0571,0.62,1.1244,33
1580009147.14,0.66,1.0781,0.62,1.1211,33
1580009147.33,0.67,1.0645,0.59,1.1375,33
1580009147.515,0.68,1.0516,0.57,1.1513,33
1580009147.701,0.69,1.049,0.6,1.1473,33
1580009147.884,0.62,1.1123,0.58,1.1378,33
1580009148.068,0.69,1.0504,0.6,1.1369,33
1580009148.255,0.66,1.0791,0.6,1.1256,33
1580009148.437,0.69,1.0414,0.62,1.1176,33
1580009148.62,0.7,1.0427,0.61,1.1235,33
1580009148.806,0.68,1.0638,0.61,1.1256,33
1580009148.989,0.68,1.0537,0.62,1.117,33
1580009149.174,0.67,1.0656,0.56,1.1507,33
1580009149.36,0.69,1.0574,0.57,1.1614,33
1580009149.524,0.69,1.0467,0.59,1.1438,33
1580009149.713,0.66,1.0683,0.59,1.1305,34
1580009149.896,0.67,1.069,0.61,1.1349,34
1580009150.077,0.7,1.0446,0.58,1.1505,34
1580009150.261,0.68,1.0617,0.6,1.1375,34
1580009150.447,0.7,1.032,0.6,1.1345,34
1580009150.628,0.67,1.0702,0.59,1.1404,34
1580009150.812,0.7,1.0388,0.6,1.1312,34
1580009150.995,0.68,1.0646,0.63,1.1231,34
1580009151.177,0.71,1.0306,0.62,1.1243,34
1580009151.362,0.72,1.0259,0.62,1.1242,34
1580009151.547,0.69,1.0475,0.61,1.1216,34
1580009151.731,0.71,1.0305,0.62,1.1183,34
1580009151.917,0.68,1.0594,0.61,1.126,34
1580009152.1,0.72,1.0296,0.61,1.1144,34
1580009152.266,0.73,1.0144,0.63,1.1101,34
1580009152.457,0.69,1.0536,0.64,1.1049,35
1580009152.641,0.68,1.0555,0.62,1.123,35
1580009152.826,0.7,1.0371,0.6,1.1315,35
1580009153.013,0.7,1.0458,0.63,1.1121,35
1580009153.196,0.73,1.0172,0.63,1.1099,35
1580009153.383,0.68,1.0622,0.61,1.124,35
1580009153.567,0.72,1.0314,0.65,1.1066,35
1580009153.75,0.69,1.0547,0.64,1.1138,35
1580009153.935,0.72,1.0277,0.63,1.1173,35
1580009154.122,0.73,1.0185,0.63,1.1162,35
1580009154.305,0.69,1.0451,0.62,1.1209,35
1580009154.494,0.73,1.0203,0.62,1.127,35
1580009154.674,0.69,1.0517,0.6,1.1318,35
1580009154.858,0.72,1.0248,0.58,1.1353,35
1580009155.02,0.73,1.0118,0.62,1.1217,35
1580009155.201,0.71,1.04,0.64,1.1175,36
1580009155.384,0.68,1.0629,0.6,1.144,36
1580009155.572,0.71,1.0346,0.55,1.1697,36
1580009155.755,0.69,1.0524,0.62,1.1252,36
1580009155.937,0.73,1.0131,0.62,1.1229,36
1580009156.122,0.68,1.0597,0.55,1.1474,36
1580009156.305,0.71,1.0361,0.64,1.1141,36
1580009156.488,0.69,1.0495,0.63,1.12,36
1580009156.67,0.71,1.0311,0.6,1.1228,36
1580009156.851,0.72,1.0231,0.63,1.1057,36
1580009157.03,0.69,1.0483,0.6,1.1207,36
1580009157.209,0.71,1.0286,0.65,1.102,36
1580009157.391,0.7,1.0509,0.62,1.1233,36
1580009157.58,0.72,1.0305,0.6,1.1273,36
1580009157.743,0.73,1.0078,0.63,1.1255,36
1580009157.923,0.71,1.0393,0.62,1.13,37
1580009158.101,0.69,1.0518,0.61,1.127,37
1580009158.283,0.72,1.0308,0.6,1.1426,37
1580009158.464,0.71,1.0373,0.56,1.1647,37
1580009158.647,0.68,1.0509,0.62,1.126,37
1580009158.827,0.67,1.0653,0.57,1.141,37
1580009159.011,0.72,1.0266,0.59,1.1482,37
1580009159.192,0.65,1.0842,0.58,1.1343,37
1580009159.378,0.71,1.0277,0.62,1.125,37
1580009159.573,0.73,1.0216,0.63,1.134,37
1580009159.757,0.69,1.0497,0.59,1.1313,37
1580009159.937,0.72,1.0197,0.63,1.1146,37
1580009160.115,0.69,1.0599,0.59,1.1243,37
1580009160.298,0.7,1.0396,0.6,1.1273,37
1580009160.463,0.73,1.0083,0.59,1.1346,37
1580009160.65,0.7,1.0421,0.58,1.1297,38
1580009160.833,0.7,1.0416,0.61,1.1219,38
1580009161.024,0.7,1.0396,0.61,1.1213,38
1580009161.216,0.71,1.0343,0.6,1.1299,38
1580009161.404,0.72,1.0186,0.58,1.1512,38
1580009161.584,0.64,1.092,0.61,1.1211,38
1580009161.76,0.7,1.0347,0.61,1.1182,38
1580009161.938,0.69,1.0539,0.59,1.1429,38
1580009162.118,0.67,1.0747,0.59,1.1373,38
1580009162.299,0.7,1.0407,0.6,1.1338,38
1580009162.477,0.7,1.0409,0.59,1.1509,38
1580009162.661,0.67,1.0652,0.59,1.1466,38
1580009162.841,0.65,1.0916,0.58,1.1414,38
1580009163.022,0.69,1.0502,0.62,1.1117,38
1580009163.183,0.73,1.02,0.63,1.1227,38
1580009163.364,0.69,1.0505,0.58,1.1507,39
1580009163.544,0.66,1.0791,0.59,1.1463,39
1580009163.728,0.68,1.0632,0.6,1.1315,39
1580009163.91,0.71,1.0364,0.59,1.1451,39
1580009164.091,0.71,1.03,0.61,1.1363,39
1580009164.274,0.64,1.097,0.61,1.1327,39
1580009164.455,0.69,1.0467,0.59,1.1404,39
1580009164.635,0.66,1.0776,0.61,1.1305,39
1580009164.818,0.71,1.0316,0.57,1.1399,39
1580009165.002,0.71,1.027,0.57,1.1521,39
1580009165.182,0.68,1.0526,0.58,1.1477,39
1580009165.365,0.69,1.0552,0.6,1.1323,39
1580009165.548,0.66,1.0717,0.59,1.1358,39
1580009165.733,0.71,1.0359,0.61,1.1261,39
1580009165.895,0.72,1.0249,0.62,1.1146,39
1580009166.078,0.68,1.0519,0.61,1.117,40
1580009166.26,0.67,1.0734,0.6,1.1211,40
1580009166.441,0.67,1.0747,0.58,1.1473,40
1580009166.626,0.69,1.0436,0.59,1.1491,40
1580009166.808,0.72,1.0159,0.62,1.1226,40
1580009166.989,0.65,1.0834,0.61,1.1253,40
1580009167.17,0.65,1.085,0.59,1.132,40
1580009167.353,0.66,1.0759,0.58,1.1408,40
1580009167.533,0.68,1.0569,0.64,1.1063,40
1580009167.715,0.69,1.0465,0.6,1.1345,40
1580009167.897,0.66,1.0747,0.6,1.1486,40
1580009168.079,0.69,1.0522,0.58,1.1612,40
1580009168.261,0.66,1.0754,0.62,1.1234,40
1580009168.443,0.69,1.0561,0.64,1.1034,40
1580009168.605,0.69,1.0536,0.6,1.1229,40
1580009168.802,0.68,1.0625,0.6,1.1206,41
1580009168.982,0.68,1.0628,0.59,1.1304,41
1580009169.162,0.71,1.0373,0.59,1.1343,41
1580009169.341,0.69,1.0548,0.61,1.1503,41
1580009169.52,0.69,1.0514,0.58,1.1515,41
1580009169.701,0.64,1.0935,0.61,1.1426,41
1580009169.881,0.71,1.0324,0.58,1.1406,41
1580009170.061,0.67,1.068,0.59,1.1424,41
1580009170.241,0.69,1.0407,0.6,1.1353,41
1580009170.42,0.7,1.0434,0.59,1.1499,41
1580009170.599,0.7,1.0413,0.56,1.1631,41
1580009170.778,0.7,1.0381,0.56,1.1688,41
1580009170.957,0.67,1.0711,0.58,1.1668,41
1580009171.137,0.69,1.0526,0.59,1.1304,41
1580009171.301,0.71,1.0308,0.6,1.1307,41
1580009171.483,0.69,1.0536,0.59,1.1504,42
1580009171.664,0.67,1.0683,0.59,1.1399,42
1580009171.848,0.69,1.0471,0.63,1.1144,42
1580009172.032,0.71,1.0291,0.58,1.1475,42
1580009172.216,0.72,1.0181,0.58,1.1489,42
1580009172.401,0.66,1.0792,0.62,1.1306,42
1580009172.586,0.69,1.0497,0.66,1.1035,42
1580009172.77,0.69,1.0539,0.61,1.1363,42
1580009172.957,0.69,1.0526,0.59,1.1351,42
1580009173.142,0.68,1.0554,0.62,1.1091,42
1580009173.324,0.69,1.05,0.62,1.112,42
1580009173.507,0.73,1.0165,0.59,1.1423,42
1580009173.687,0.67,1.0671,0.57,1.1467,42
1580009173.868,0.7,1.0432,0.59,1.133,42
1580009174.03,0.71,1.0311,0.61,1.1279,42
1580009174.219,0.69,1.0493,0.6,1.1306,43
1580009174.403,0.67,1.0612,0.59,1.1338,43
1580009174.584,0.66,1.0761,0.63,1.1089,43
1580009174.764,0.71,1.03,0.63,1.0974,43
1580009174.948,0.72,1.017,0.59,1.1387,43
1580009175.128,0.66,1.0808,0.53,1.1682,43
1580009175.31,0.67,1.0682,0.63,1.1211,43
1580009175.491,0.66,1.0773,0.63,1.1088,43
1580009175.675,0.73,1.0158,0.6,1.1417,43
1580009175.858,0.69,1.0538,0.59,1.1323,43
1580009176.039,0.65,1.0841,0.6,1.1076,43
1580009176.223,0.7,1.035,0.6,1.1293,43
1580009176.404,0.69,1.0494,0.6,1.1424,43
1580009176.587,0.67,1.0649,0.58,1.1422,43
1580009176.747,0.67,1.0657,0.61,1.1266,43
1580009176.929,0.68,1.0541,0.63,1.1111,44
1580009177.111,0.69,1.046,0.61,1.1212,44
1580009177.291,0.7,1.0477,0.65,1.1105,44
1580009177.472,0.67,1.0705,0.64,1.1069,44
1580009177.654,0.68,1.0486,0.59,1.1362,44
1580009177.835,0.67,1.0703,0.56,1.1572,44
1580009178.02,0.7,1.0317,0.57,1.1573,44
1580009178.207,0.64,1.0956,0.6,1.1499,44
1580009178.391,0.67,1.0707,0.61,1.1221,44
1580009178.574,0.72,1.0203,0.65,1.0986,44
1580009178.757,0.71,1.0377,0.6,1.115,44
1580009178.938,0.7,1.0392,0.63,1.1061,44
1580009179.121,0.66,1.0849,0.6,1.121,44
1580009179.306,0.71,1.0265,0.59,1.1445,44
1580009179.471,0.74,1.0088,0.55,1.1681,44
1580009179.655,0.69,1.0513,0.58,1.1544,45
1580009179.839,0.69,1.0507,0.6,1.1306,45
1580009180.029,0.7,1.0345,0.62,1.1168,45
1580009180.214,0.72,1.0245,0.61,1.1146,45
1580009180.4,0.72,1.0227,0.62,1.1127,45
1580009180.586,0.69,1.0566,0.62,1.1026,45
1580009180.769,0.73,1.0106,0.64,1.1019,45
1580009180.956,0.69,1.0431,0.63,1.1121,45
1580009181.139,0.71,1.0281,0.65,1.1067,45
1580009181.322,0.72,1.0155,0.64,1.1024,45
1580009181.504,0.71,1.0262,0.64,1.096,45
1580009181.684,0.73,1.0061,0.66,1.0953,45
1580009181.865,0.69,1.0494,0.64,1.097,45
1580009182.046,0.73,1.0106,0.63,1.1147,45
1580009182.21,0.74,1.0017,0.62,1.1369,45
1580009182.404,0.72,1.0244,0.57,1.1462,46
1580009182.587,0.72,1.0286,0.59,1.1416,46
1580009182.771,0.72,1.0245,0.6,1.1287,46
1580009182.957,0.73,1.0159,0.63,1.1179,46
1580009183.143,0.74,1.005,0.62,1.1213,46
1580009183.328,0.7,1.0449,0.61,1.1232,46
1580009183.512,0.73,1.0045,0.62,1.1255,46
1580009183.693,0.71,1.0312,0.6,1.1283,46
1580009183.876,0.73,1.0099,0.61,1.1194,46
1580009184.061,0.73,1.0048,0.63,1.1096,46
1580009184.244,0.73,1.0223,0.64,1.1037,46
1580009184.426,0.75,0.9981,0.65,1.1066,46
1580009184.613,0.7,1.0367,0.62,1.1173,46
1580009184.798,0.73,1.0078,0.6,1.1308,46
1580009184.96,0.75,0.9952,0.6,1.1364,46
1580009185.149,0.73,1.0165,0.6,1.1343,47
1580009185.33,0.72,1.0206,0.6,1.1347,47
1580009185.513,0.73,1.0164,0.63,1.1242,47
1580009185.696,0.74,1.0077,0.63,1.1144,47
1580009185.88,0.75,0.9944,0.63,1.1191,47
1580009186.075,0.69,1.0461,0.62,1.1203,47
1580009186.266,0.74,1.001,0.61,1.1298,47
1580009186.458,0.72,1.0251,0.61,1.1308,47
1580009186.648,0.75,0.9954,0.6,1.1255,47
1580009186.841,0.74,1.0051,0.63,1.1135,47
1580009187.025,0.73,1.017,0.64,1.1057,47
1580009187.217,0.76,0.988,0.61,1.1166,47
1580009187.409,0.71,1.0303,0.63,1.1178,47
1580009187.593,0.74,1.008,0.59,1.1322,47
1580009187.756,0.76,0.9935,0.6,1.1361,47
1580009187.937,0.74,1.0052,0.59,1.142,48
1580009188.121,0.73,1.0175,0.6,1.1335,48
1580009188.306,0.74,1.0079,0.59,1.1307,48
1580009188.487,0.75,1.0014,0.62,1.1164,48
1580009188.667,0.76,0.986,0.6,1.1297,48
1580009188.851,0.71,1.0395,0.61,1.1265,48
1580009189.034,0.74,0.9997,0.62,1.1247,48
1580009189.22,0.72,1.0245,0.6,1.1287,48
1580009189.405,0.77,0.9858,0.58,1.135,48
1580009189.594,0.74,1.001,0.6,1.1203,48
1580009189.779,0.73,1.0175,0.63,1.1168,48
1580009189.966,0.77,0.9812,0.6,1.1316,48
1580009190.148,0.72,1.0252,0.59,1.1309,48
1580009190.33,0.74,1.0079,0.61,1.1223,48
1580009190.491,0.76,0.9914,0.59,1.1272,48
1580009190.673,0.74,1.0049,0.6,1.1305,49
1580009190.856,0.73,1.0125,0.6,1.1279,49
1580009191.038,0.73,1.0117,0.6,1.1179,49
1580009191.22,0.76,0.9988,0.64,1.1046,49
1580009191.404,0.76,0.9887,0.63,1.1195,49
1580009191.587,0.7,1.043,0.61,1.1205,49
1580009191.77,0.76,0.9897,0.62,1.119,49
1580009191.952,0.72,1.0247,0.6,1.128,49
1580009192.133,0.76,0.9945,0.57,1.1366,49
1580009192.319,0.75,0.9996,0.58,1.1396,49
1580009192.502,0.73,1.02,0.62,1.1214,49
1580009192.683,0.75,0.9877,0.62,1.1288,49
1580009192.864,0.72,1.0214,0.62,1.1335,49
1580009193.047,0.74,1.0062,0.63,1.1286,49
1580009193.212,0.76,0.9871,0.61,1.1328,49
1580009193.399,0.73,1.0055,0.57,1.1501,50
1580009193.582,0.74,1.0075,0.59,1.1513,50
1580009193.763,0.73,1.0111,0.58,1.139,50
1580009193.945,0.73,1.0114,0.61,1.1187,50
1580009194.139,0.77,0.9813,0.61,1.128,50
1580009194.34,0.7,1.0455,0.6,1.1286,50
1580009194.534,0.73,1.0102,0.63,1.1044,50
1580009194.731,0.7,1.0393,0.62,1.1105,50
1580009194.914,0.76,0.9872,0.62,1.1274,50
1580009195.097,0.71,1.0252,0.62,1.128,50
1580009195.28,0.69,1.0473,0.62,1.1326,50
1580009195.461,0.74,1.0056,0.61,1.1217,50
1580009195.644,0.71,1.0326,0.6,1.1324,50
1580009195.827,0.72,1.0177,0.6,1.139,50
1580009195.989,0.71,1.0252,0.6,1.1434,50
1580009196.171,0.72,1.0299,0.6,1.1316,51
1580009196.355,0.72,1.0118,0.59,1.143,51
1580009196.537,0.72,1.0268,0.55,1.1689,51
1580009196.72,0.7,1.0462,0.57,1.1583,51
1580009196.902,0.74,1.0051,0.6,1.1465,51
1580009197.084,0.69,1.0521,0.6,1.1438,51
1580009197.266,0.73,1.0139,0.59,1.1495,51
1580009197.449,0.67,1.0696,0.59,1.1373,51
1580009197.631,0.7,1.0383,0.63,1.108,51
1580009197.814,0.72,1.0169,0.62,1.1118,51
1580009197.997,0.71,1.0307,0.62,1.1284,51
1580009198.18,0.74,0.997,0.59,1.131,51
1580009198.365,0.69,1.0519,0.62,1.1166,51
1580009198.549,0.72,1.0184,0.62,1.1082,51
1580009198.714,0.75,0.9929,0.63,1.1065,51
1580009198.898,0.73,1.0142,0.63,1.1068,52
1580009199.087,0.71,1.0326,0.63,1.1054,52
1580009199.28,0.71,1.0274,0.65,1.1051,52
1580009199.47,0.72,1.0189,0.58,1.1153,52
1580009199.654,0.74,1.0063,0.6,1.1351,52
1580009199.838,0.69,1.0532,0.58,1.1446,52
1580009200.021,0.71,1.0247,0.62,1.1317,52
1580009200.205,0.69,1.0409,0.62,1.1169,52
1580009200.39,0.73,1.0044,0.62,1.1124,52
1580009200.572,0.74,0.9992,0.62,1.1139,52
1580009200.755,0.71,1.0249,0.61,1.12,52
1580009200.938,0.74,0.9968,0.62,1.1214,52
1580009201.122,0.71,1.0314,0.62,1.1178,52
1580009201.305,0.74,0.9999,0.62,1.1061,52
1580009201.474,0.75,0.9877,0.64,1.095,52
1580009201.663,0.73,1.0164,0.63,1.1032,53
1580009201.849,0.74,1.0096,0.64,1.1104,53
1580009202.035,0.74,0.9957,0.63,1.1113,53
1580009202.221,0.76,0.9934,0.61,1.1128,53
1580009202.408,0.75,1.0009,0.62,1.1169,53
1580009202.592,0.69,1.0453,0.61,1.1168,53
1580009202.778,0.75,0.9918,0.59,1.1356,53
1580009202.963,0.7,1.0373,0.6,1.1367,53
1580009203.147,0.7,1.0285,0.62,1.1097,53
1580009203.33,0.75,0.9888,0.63,1.1011,53
1580009203.518,0.73,1.0159,0.64,1.096,53
1580009203.703,0.74,1.0063,0.61,1.1254,53
1580009203.884,0.7,1.0394,0.61,1.1199,53
1580009204.066,0.73,1.0089,0.63,1.0974,53
1580009204.23,0.76,0.9758,0.66,1.0718,53
1580009204.414,0.73,1.0177,0.68,1.0707,54
1580009204.598,0.73,1.0203,0.62,1.0909,54
1580009204.785,0.75,0.9937,0.63,1.1055,54
1580009204.968,0.74,1.0031,0.63,1.113,54
1580009205.15,0.74,1.0017,0.62,1.1022,54
1580009205.333,0.7,1.0461,0.65,1.0945,54
1580009205.515,0.75,0.992,0.63,1.1193,54
1580009205.698,0.69,1.0478,0.6,1.1407,54
1580009205.879,0.71,1.0307,0.58,1.1358,54
1580009206.062,0.74,1.0019,0.58,1.1441,54
1580009206.245,0.72,1.0134,0.57,1.1532,54
1580009206.427,0.73,1.0077,0.58,1.1469,54
1580009206.616,0.69,1.0556,0.6,1.1345,54
1580009206.798,0.72,1.0177,0.59,1.1371,54
1580009206.963,0.74,1.0012,0.61,1.1282,54
1580009207.145,0.72,1.0261,0.62,1.1251,55
1580009207.332,0.7,1.04,0.6,1.121,55
1580009207.516,0.73,1.0146,0.59,1.1367,55
1580009207.697,0.71,1.0256,0.58,1.1356,55
1580009207.878,0.76,0.9865,0.59,1.1382,55
1580009208.061,0.69,1.0477,0.56,1.1605,55
1580009208.243,0.73,1.0145,0.57,1.1467,55
1580009208.427,0.7,1.0421,0.62,1.1204,55
1580009208.614,0.74,0.9917,0.65,1.0941,55
1580009208.796,0.74,0.9978,0.65,1.1067,55
1580009208.979,0.72,1.0272,0.63,1.1114,55
1580009209.16,0.73,1.0111,0.61,1.1223,55
1580009209.342,0.7,1.0317,0.63,1.1228,55
1580009209.526,0.76,0.9868,0.6,1.129,55
1580009209.688,0.74,0.9996,0.62,1.1291,55
1580009209.869,0.71,1.0328,0.61,1.1271,56
1580009210.053,0.7,1.0395,0.62,1.1231,56
1580009210.234,0.73,1.0077,0.62,1.1248,56
1580009210.417,0.75,0.9945,0.61,1.1255,56
1580009210.599,0.76,0.9791,0.62,1.1299,56
1580009210.782,0.71,1.0363,0.61,1.1235,56
1580009210.963,0.75,0.9946,0.63,1.1127,56
1580009211.145,0.73,1.0126,0.62,1.1252,56
1580009211.328,0.76,0.9861,0.6,1.1313,56
1580009211.512,0.74,0.9994,0.62,1.1297,56
1580009211.7,0.74,1.0063,0.6,1.1257,56
1580009211.882,0.77,0.9783,0.61,1.1218,56
1580009212.066,0.72,1.0245,0.62,1.1189,56
1580009212.25,0.77,0.9826,0.62,1.1236,56
1580009212.413,0.77,0.9788,0.63,1.1226,56
1580009212.603,0.72,1.0138,0.62,1.1195,57
1580009212.786,0.72,1.0191,0.63,1.1191,57
1580009212.967,0.75,0.9936,0.57,1.1383,57
1580009213.15,0.75,0.9985,0.59,1.1385,57
1580009213.335,0.74,1.0054,0.6,1.1202,57
1580009213.517,0.73,1.0185,0.63,1.1161,57
1580009213.699,0.77,0.9827,0.62,1.1217,57
1580009213.881,0.72,1.0236,0.64,1.1109,57
1580009214.064,0.75,0.9912,0.59,1.1172,57
1580009214.246,0.75,0.9908,0.6,1.1263,57
1580009214.428,0.72,1.0158,0.59,1.1133,57
1580009214.611,0.77,0.9818,0.64,1.1032,57
1580009214.799,0.72,1.0156,0.6,1.1343,57
1580009214.991,0.75,0.9938,0.61,1.1313,57
1580009215.152,0.76,0.983,0.63,1.1046,57
1580009215.339,0.75,0.9968,0.65,1.0932,58
1580009215.522,0.74,1.0021,0.64,1.1008,58
1580009215.704,0.74,0.9985,0.63,1.1093,58
1580009215.886,0.76,0.9899,0.61,1.1199,58
1580009216.067,0.78,0.9689,0.61,1.1265,58
1580009216.249,0.73,1.0147,0.6,1.1254,58
1580009216.432,0.76,0.9807,0.59,1.1262,58
1580009216.615,0.74,1.0055,0.61,1.1224,58
1580009216.802,0.76,0.981,0.64,1.11,58
1580009216.982,0.76,0.9809,0.64,1.1115,58
1580009217.162,0.75,0.9971,0.64,1.1144,58
1580009217.344,0.76,0.9864,0.61,1.1138,58
1580009217.525,0.74,1.0013,0.6,1.117,58
1580009217.711,0.77,0.9766,0.58,1.1449,58
1580009217.876,0.76,0.9872,0.59,1.1373,58
1580009218.057,0.74,1.0067,0.65,1.0981,59
1580009218.237,0.75,0.9934,0.65,1.0963,59
1580009218.418,0.75,0.9886,0.61,1.1116,59
1580009218.6,0.74,1.0028,0.62,1.1114,59
1580009218.781,0.78,0.9693,0.61,1.1285,59
1580009218.965,0.74,1.0096,0.58,1.1437,59
1580009219.146,0.77,0.9844,0.58,1.141,59
1580009219.329,0.73,1.0165,0.61,1.1209,59
1580009219.516,0.77,0.9758,0.62,1.1104,59
1580009219.707,0.77,0.975,0.64,1.0964,59
1580009219.893,0.75,0.9968,0.64,1.0976,59
1580009220.077,0.75,0.9917,0.63,1.1032,59
1580009220.259,0.73,1.011,0.62,1.1081,59
1580009220.441,0.77,0.971,0.6,1.1359,59
1580009220.604,0.76,0.9867,0.56,1.1728,59
1580009220.79,0.73,1.0156,0.56,1.172,60
1580009220.982,0.7,1.0355,0.61,1.1327,60
1580009221.175,0.74,1.0061,0.62,1.102,60
1580009221.357,0.75,0.9895,0.67,1.1001,60
1580009221.545,0.74,0.9982,0.59,1.1324,60
1580009221.724,0.7,1.0434,0.59,1.1405,60
1580009221.91,0.74,1.0018,0.62,1.1274,60
1580009222.09,0.73,1.0148,0.61,1.1329,60
1580009222.271,0.76,0.9871,0.61,1.1156,60
1580009222.451,0.75,0.994,0.61,1.1199,60
1580009222.634,0.71,1.0306,0.61,1.1197,60
1580009222.816,0.76,0.99,0.62,1.1162,60
1580009222.996,0.75,0.9968,0.6,1.1284,60
1580009223.179,0.76,0.9846,0.62,1.1231,60
1580009223.341,0.75,0.9945,0.62,1.1251,60
1580009223.527,0.75,0.9912,0.63,1.1103,61
1580009223.707,0.76,0.9862,0.64,1.1049,61
1580009223.889,0.76,0.9832,0.66,1.1002,61
1580009224.069,0.75,0.9942,0.63,1.0956,61
1580009224.254,0.77,0.979,0.61,1.1165,61
1580009224.435,0.74,1.0079,0.58,1.1359,61
1580009224.616,0.77,0.973,0.59,1.1427,61
1580009224.798,0.73,1.017,0.61,1.1367,61
1580009224.986,0.75,0.9909,0.63,1.1221,61
1580009225.182,0.77,0.9743,0.63,1.1148,61
1580009225.365,0.75,0.9967,0.61,1.126,61
1580009225.547,0.76,0.9873,0.6,1.1267,61
1580009225.729,0.71,1.0297,0.58,1.1429,61
1580009225.914,0.79,0.9616,0.62,1.1384,61
1580009226.075,0.76,0.9842,0.61,1.1314,61
1580009226.257,0.7,1.0335,0.63,1.1091,62
1580009226.442,0.73,1.0113,0.64,1.0977,62
1580009226.625,0.76,0.9801,0.63,1.1121,62
1580009226.81,0.76,0.9926,0.61,1.128,62
1580009226.999,0.73,1.0126,0.62,1.1026,62
1580009227.179,0.72,1.0253,0.61,1.109,62
1580009227.361,0.76,0.9798,0.62,1.1229,62
1580009227.545,0.72,1.0146,0.58,1.139,62
1580009227.724,0.74,1.0076,0.62,1.118,62
1580009227.907,0.74,0.9977,0.62,1.1195,62
1580009228.088,0.74,1.0006,0.61,1.1248,62
1580009228.267,0.75,0.9896,0.61,1.1152,62
1580009228.449,0.71,1.0311,0.65,1.0949,62
1580009228.63,0.75,0.9944,0.59,1.1429,62
1580009228.798,0.76,0.9872,0.55,1.176,62
1580009228.979,0.71,1.028,0.55,1.175,63
1580009229.159,0.72,1.0204,0.6,1.1303,63
1580009229.34,0.74,1.0014,0.66,1.0986,63
1580009229.522,0.75,0.9941,0.63,1.1154,63
1580009229.702,0.75,0.9894,0.62,1.1271,63
1580009229.883,0.7,1.0441,0.63,1.1187,63
1580009230.067,0.75,0.994,0.63,1.0994,63
1580009230.25,0.74,1.0051,0.63,1.1141,63
1580009230.43,0.76,0.987,0.61,1.1269,63
1580009230.613,0.73,1.0089,0.61,1.1186,63
1580009230.795,0.72,1.0149,0.65,1.1063,63
1580009230.976,0.74,0.9912,0.64,1.1101,63
1580009231.158,0.73,1.0126,0.63,1.1206,63
1580009231.341,0.73,1.0107,0.65,1.0982,63
1580009231.503,0.74,1.0006,0.64,1.1074,63
1580009231.686,0.74,1.0039,0.6,1.1367,64
1580009231.871,0.72,1.0181,0.58,1.1542,64
1580009232.052,0.73,1.0197,0.57,1.1612,64
1580009232.233,0.72,1.022,0.6,1.1441,64
1580009232.415,0.74,0.9932,0.6,1.1339,64
1580009232.598,0.71,1.0284,0.57,1.154,64
1580009232.782,0.74,0.995,0.57,1.1536,64
1580009232.962,0.71,1.0312,0.58,1.1417,64
1580009233.146,0.75,0.9914,0.63,1.1248,64
1580009233.329,0.76,0.98,0.63,1.1234,64
1580009233.509,0.74,0.9961,0.6,1.1278,64
1580009233.691,0.76,0.9783,0.59,1.1341,64
1580009233.873,0.74,1.0066,0.6,1.1308,64
1580009234.057,0.76,0.9796,0.62,1.1233,64
1580009234.218,0.76,0.9811,0.62,1.1138,64
1580009234.403,0.74,0.9935,0.6,1.1217,65
1580009234.584,0.76,0.9919,0.59,1.131,65
1580009234.764,0.74,0.9973,0.62,1.1266,65
1580009234.946,0.75,0.991,0.59,1.131,65
1580009235.128,0.78,0.9706,0.6,1.1301,65
1580009235.32,0.73,1.0178,0.59,1.1288,65
1580009235.5,0.75,0.9931,0.63,1.1106,65
1580009235.68,0.72,1.0189,0.61,1.1146,65
1580009235.862,0.76,0.9859,0.62,1.1198,65
1580009236.042,0.75,0.9917,0.64,1.1063,65
1580009236.227,0.75,0.9962,0.63,1.1046,65
1580009236.409,0.77,0.9697,0.59,1.1181,65
1580009236.59,0.75,1.0003,0.6,1.1295,65
1580009236.772,0.74,1.0013,0.6,1.1179,65
1580009236.934,0.76,0.9874,0.62,1.1121,65
1580009237.118,0.76,0.9873,0.61,1.1179,66
1580009237.299,0.75,0.9907,0.62,1.1152,66
1580009237.478,0.75,0.9933,0.64,1.0983,66
1580009237.661,0.75,0.9945,0.66,1.0879,66
1580009237.843,0.77,0.9676,0.65,1.1007,66
1580009238.025,0.73,1.0126,0.62,1.1161,66
1580009238.216,0.75,0.9929,0.62,1.1185,66
1580009238.396,0.71,1.0288,0.6,1.1135,66
1580009238.576,0.76,0.9806,0.65,1.0898,66
1580009238.757,0.76,0.9834,0.61,1.1263,66
1580009238.939,0.75,1.0004,0.6,1.1331,66
1580009239.122,0.75,0.9936,0.65,1.0996,66
1580009239.304,0.73,1.0037,0.62,1.1069,66
1580009239.484,0.76,0.9802,0.61,1.1308,66
1580009239.646,0.74,1.0052,0.58,1.1446,66
1580009239.829,0.72,1.0151,0.56,1.1577,67
1580009240.009,0.73,1.0174,0.58,1.1537,67
1580009240.194,0.75,0.992,0.6,1.1385,67
1580009240.376,0.73,1.0078,0.62,1.1178,67
1580009240.558,0.76,0.9809,0.64,1.1036,67
1580009240.74,0.73,1.0152,0.65,1.0916,67
1580009240.921,0.77,0.9779,0.65,1.0889,67
1580009241.102,0.71,1.0324,0.63,1.1001,67
1580009241.285,0.76,0.9896,0.61,1.1055,67
1580009241.465,0.74,0.9969,0.61,1.1126,67
1580009241.648,0.75,0.9933,0.62,1.126,67
1580009241.831,0.76,0.984,0.6,1.1289,67
1580009242.01,0.73,1.0111,0.63,1.1037,67
1580009242.194,0.77,0.9815,0.64,1.1022,67
1580009242.364,0.76,0.9827,0.63,1.1034,67
1580009242.547,0.74,0.996,0.63,1.1007,68
1580009242.728,0.72,1.0147,0.62,1.1017,68
1580009242.912,0.76,0.9793,0.61,1.1129,68
1580009243.095,0.74,0.9954,0.61,1.1289,68
1580009243.277,0.77,0.9687,0.61,1.1226,68
1580009243.462,0.72,1.0227,0.65,1.0959,68
1580009243.642,0.78,0.9688,0.64,1.0883,68
1580009243.823,0.75,0.9982,0.66,1.0941,68
1580009244.006,0.75,0.9863,0.65,1.0936,68
1580009244.186,0.75,0.997,0.64,1.0884,68
1580009244.374,0.74,1.0033,0.63,1.1,68
1580009244.554,0.77,0.9718,0.6,1.1231,68
1580009244.736,0.75,0.9968,0.62,1.1229,68
1580009244.915,0.76,0.9861,0.62,1.1175,68
1580009245.076,0.77,0.9733,0.62,1.1075,68
1580009245.259,0.77,0.9725,0.64,1.1028,69
1580009245.444,0.75,0.9923,0.63,1.1058,69
1580009245.625,0.76,0.9821,0.63,1.1081,69
1580009245.806,0.77,0.9823,0.63,1.1057,69
1580009245.993,0.8,0.9479,0.64,1.1043,69
1580009246.185,0.74,1.003,0.64,1.104,69
1580009246.378,0.78,0.9668,0.65,1.092,69
1580009246.569,0.75,0.9927,0.65,1.0814,69
1580009246.76,0.79,0.9583,0.63,1.0922,69
1580009246.94,0.76,0.9827,0.65,1.0866,69
1580009247.124,0.76,0.9889,0.66,1.0881,69
1580009247.306,0.78,0.9642,0.62,1.0998,69
1580009247.488,0.76,0.9832,0.63,1.1103,69
1580009247.67,0.78,0.967,0.6,1.1251,69
1580009247.837,0.78,0.966,0.62,1.1225,69
1580009248.017,0.77,0.9765,0.62,1.107,70
1580009248.2,0.76,0.9856,0.63,1.1024,70
1580009248.381,0.78,0.9666,0.63,1.1001,70
1580009248.564,0.77,0.976,0.65,1.092,70
1580009248.744,0.79,0.9573,0.66,1.0889,70
1580009248.925,0.74,0.9987,0.67,1.0737,70
1580009249.107,0.79,0.9549,0.67,1.0668,70
1580009249.289,0.76,0.9918,0.68,1.0703,70
1580009249.481,0.77,0.973,0.67,1.0686,70
1580009249.663,0.77,0.9684,0.68,1.0714,70
1580009249.842,0.76,0.9818,0.66,1.0846,70
1580009250.021,0.77,0.969,0.66,1.0882,70
1580009250.203,0.75,0.992,0.65,1.0922,70
1580009250.385,0.78,0.9623,0.62,1.1109,70
1580009250.546,0.79,0.954,0.59,1.1383,70
1580009250.731,0.76,0.9836,0.58,1.1489,71
1580009250.913,0.74,0.9984,0.59,1.1277,71
1580009251.094,0.78,0.9698,0.62,1.112,71
1580009251.276,0.77,0.9669,0.62,1.1046,71
1580009251.458,0.77,0.9709,0.62,1.1106,71
1580009251.64,0.74,1.0009,0.64,1.112,71
1580009251.822,0.78,0.9625,0.65,1.1032,71
1580009252.006,0.75,0.9956,0.63,1.0954,71
1580009252.187,0.78,0.9648,0.65,1.0965,71
1580009252.371,0.77,0.9765,0.65,1.0965,71
1580009252.555,0.75,0.9932,0.64,1.1019,71
1580009252.736,0.78,0.9627,0.61,1.1056,71
1580009252.919,0.75,0.9918,0.62,1.1107,71
1580009253.1,0.77,0.9751,0.62,1.1171,71
1580009253.262,0.78,0.9612,0.6,1.1174,71
1580009253.445,0.77,0.971,0.59,1.1412,72
1580009253.626,0.76,0.9871,0.6,1.1454,72
1580009253.806,0.77,0.9768,0.59,1.134,72
1580009253.991,0.76,0.9799,0.63,1.112,72
1580009254.182,0.78,0.9666,0.62,1.1208,72
1580009254.375,0.74,1.0052,0.63,1.1102,72
1580009254.571,0.77,0.9717,0.63,1.1143,72
1580009254.76,0.73,1.0147,0.65,1.0973,72
1580009254.944,0.76,0.9813,0.63,1.1097,72
1580009255.124,0.78,0.9671,0.63,1.1143,72
1580009255.307,0.76,0.9832,0.61,1.123,72
1580009255.49,0.77,0.9773,0.59,1.1296,72
1580009255.683,0.72,1.0125,0.61,1.1245,72
1580009255.864,0.78,0.9695,0.62,1.1101,72
1580009256.028,0.78,0.9614,0.62,1.1127,72
1580009256.211,0.76,0.9823,0.59,1.1339,73
1580009256.393,0.75,0.9967,0.59,1.1411,73
1580009256.575,0.77,0.9804,0.61,1.1272,73
1580009256.757,0.77,0.9762,0.6,1.136,73
1580009256.936,0.79,0.9605,0.62,1.1392,73
1580009257.117,0.71,1.025,0.6,1.1289,73
1580009257.296,0.75,0.9861,0.62,1.1103,73
1580009257.477,0.76,0.9885,0.65,1.0907,73
1580009257.665,0.77,0.9674,0.64,1.106,73
1580009257.845,0.75,0.9877,0.66,1.0889,73
1580009258.024,0.76,0.9913,0.66,1.0746,73
1580009258.206,0.78,0.9629,0.61,1.1029,73
1580009258.388,0.76,0.9807,0.61,1.1204,73
1580009258.573,0.78,0.9676,0.6,1.1209,73
1580009258.739,0.77,0.9847,0.63,1.1112,73
1580009258.918,0.78,0.9681,0.6,1.1269,74
1580009259.107,0.76,0.9846,0.59,1.1353,74
1580009259.297,0.77,0.9801,0.59,1.1335,74
1580009259.48,0.75,0.9914,0.6,1.1255,74
1580009259.662,0.8,0.9452,0.61,1.1274,74
1580009259.847,0.75,0.995,0.6,1.1351,74
1580009260.029,0.76,0.9804,0.62,1.1203,74
1580009260.213,0.74,0.9993,0.62,1.108,74
1580009260.395,0.78,0.9657,0.62,1.1111,74
1580009260.577,0.76,0.9842,0.63,1.0952,74
1580009260.761,0.73,1.006,0.68,1.0706,74
1580009260.942,0.77,0.9766,0.68,1.0689,74
1580009261.126,0.75,0.9947,0.63,1.0991,74
1580009261.308,0.76,0.9809,0.63,1.1037,74
1580009261.469,0.77,0.9794,0.61,1.117,74
1580009261.652,0.77,0.977,0.61,1.1227,75
1580009261.834,0.74,0.9997,0.58,1.1531,75
1580009262.015,0.75,0.9941,0.62,1.1182,75
1580009262.197,0.75,0.988,0.64,1.1014,75
1580009262.381,0.8,0.9432,0.68,1.0745,75
1580009262.564,0.75,0.9916,0.68,1.0847,75
1580009262.749,0.77,0.9741,0.65,1.0863,75
1580009262.929,0.75,0.9972,0.65,1.0767,75
1580009263.111,0.79,0.957,0.62,1.1023,75
1580009263.292,0.78,0.9611,0.62,1.1202,75
1580009263.474,0.74,0.9967,0.63,1.1193,75
1580009263.656,0.76,0.9775,0.64,1.1103,75
1580009263.836,0.75,0.9868,0.63,1.1083,75
1580009264.017,0.8,0.9516,0.61,1.1202,75
1580009264.178,0.78,0.9616,0.62,1.1278,75
1580009264.36,0.75,0.9889,0.61,1.1188,76
1580009264.541,0.75,0.9907,0.62,1.1173,76
1580009264.722,0.79,0.9585,0.6,1.1323,76
1580009264.904,0.76,0.9823,0.62,1.1326,76
1580009265.085,0.78,0.969,0.63,1.1093,76
1580009265.265,0.73,1.0175,0.65,1.0869,76
1580009265.445,0.79,0.9575,0.64,1.0925,76
1580009265.626,0.75,0.989,0.64,1.1013,76
1580009265.827,0.75,0.9876,0.65,1.0815,76
1580009266.009,0.75,0.9881,0.69,1.0584,76
1580009266.193,0.76,0.9802,0.66,1.0793,76
1580009266.374,0.78,0.9647,0.62,1.1151,76
1580009266.558,0.74,1.0024,0.61,1.1314,76
1580009266.741,0.76,0.9871,0.61,1.1226,76
1580009266.901,0.78,0.971,0.62,1.1089,76
1580009267.083,0.78,0.9692,0.63,1.1091,77
1580009267.266,0.75,0.9883,0.62,1.0995,77
1580009267.448,0.77,0.974,0.63,1.0983,77
1580009267.631,0.77,0.9714,0.63,1.1089,77
1580009267.814,0.8,0.945,0.62,1.1182,77
1580009267.995,0.74,1.0002,0.63,1.1086,77
1580009268.177,0.79,0.9544,0.66,1.0897,77
1580009268.36,0.76,0.9871,0.66,1.0799,77
1580009268.543,0.79,0.954,0.68,1.0732,77
1580009268.725,0.78,0.9703,0.68,1.0651,77
1580009268.91,0.77,0.9729,0.67,1.0609,77
1580009269.091,0.8,0.9494,0.67,1.0731,77
1580009269.273,0.77,0.973,0.66,1.0817,77
1580009269.455,0.79,0.958,0.64,1.0866,77
1580009269.616,0.8,0.9484,0.61,1.1007,77
1580009269.803,0.79,0.9541,0.62,1.1064,78
1580009269.984,0.77,0.9772,0.63,1.1027,78
1580009270.166,0.78,0.9597,0.64,1.0879,78
1580009270.35,0.79,0.9564,0.66,1.084,78
1580009270.531,0.81,0.9367,0.65,1.0913,78
1580009270.711,0.75,0.9972,0.65,1.0825,78
1580009270.894,0.79,0.9587,0.66,1.0782,78
1580009271.077,0.76,0.9827,0.66,1.0748,78
1580009271.26,0.8,0.9476,0.67,1.0748,78
1580009271.444,0.79,0.9533,0.66,1.0797,78
1580009271.624,0.77,0.9718,0.67,1.0811,78
1580009271.807,0.8,0.9433,0.66,1.082,78
1580009271.992,0.79,0.9634,0.65,1.084,78
1580009272.173,0.8,0.9454,0.65,1.0843,78
1580009272.341,0.81,0.9404,0.65,1.0826,78
1580009272.523,0.78,0.9617,0.64,1.0852,79
1580009272.704,0.78,0.9674,0.64,1.0908,79
1580009272.886,0.8,0.9457,0.63,1.0981,79
1580009273.066,0.79,0.9588,0.62,1.1036,79
1580009273.246,0.8,0.9433,0.63,1.1013,79
1580009273.436,0.76,0.9846,0.63,1.1003,79
1580009273.617,0.8,0.9424,0.61,1.1147,79
1580009273.798,0.76,0.9853,0.6,1.1192,79
1580009273.984,0.78,0.9646,0.62,1.1031,79
1580009274.164,0.79,0.9555,0.67,1.0848,79
1580009274.347,0.78,0.9659,0.65,1.0923,79
1580009274.528,0.81,0.9394,0.65,1.0943,79
1580009274.708,0.79,0.9604,0.64,1.094,79
1580009274.889,0.8,0.9435,0.64,1.0936,79
1580009275.051,0.8,0.9419,0.66,1.0811,79
1580009275.233,0.78,0.9597,0.66,1.0809,80
1580009275.417,0.77,0.9699,0.64,1.0956,80
1580009275.599,0.79,0.9552,0.63,1.1017,80
1580009275.779,0.79,0.9584,0.63,1.1079,80
1580009275.979,0.81,0.9397,0.61,1.1335,80
1580009276.163,0.76,0.9861,0.59,1.1426,80
1580009276.345,0.8,0.9529,0.59,1.1411,80
1580009276.527,0.76,0.9813,0.6,1.1427,80
1580009276.709,0.78,0.964,0.61,1.1389,80
1580009276.89,0.76,0.9795,0.63,1.1218,80
1580009277.076,0.76,0.9851,0.64,1.104,80
1580009277.259,0.8,0.9483,0.61,1.1128,80
1580009277.442,0.77,0.9794,0.63,1.1082,80
1580009277.627,0.78,0.9665,0.64,1.1002,80
1580009277.796,0.79,0.9525,0.63,1.1024,80
1580009277.987,0.77,0.9669,0.64,1.0996,81
1580009278.173,0.77,0.975,0.67,1.0805,81
1580009278.358,0.79,0.9573,0.66,1.0703,81
1580009278.543,0.79,0.9616,0.68,1.0824,81
1580009278.729,0.81,0.9351,0.63,1.1001,81
1580009278.914,0.76,0.9884,0.63,1.1102,81
1580009279.103,0.8,0.9508,0.63,1.1154,81
1580009279.287,0.76,0.9871,0.62,1.1158,81
1580009279.475,0.79,0.9554,0.63,1.1111,81
1580009279.663,0.77,0.9712,0.62,1.1081,81
1580009279.848,0.76,0.9794,0.64,1.097,81
1580009280.033,0.8,0.9498,0.65,1.0976,81
1580009280.217,0.78,0.9651,0.62,1.1093,81
1580009280.4,0.8,0.9421,0.63,1.1079,81
1580009280.562,0.81,0.9399,0.63,1.1156,81
1580009280.745,0.79,0.9565,0.61,1.1238,82
1580009280.928,0.78,0.9683,0.59,1.127,82
1580009281.122,0.8,0.951,0.65,1.0993,82
1580009281.312,0.79,0.9563,0.66,1.0915,82
1580009281.493,0.8,0.9418,0.61,1.1093,82
1580009281.682,0.76,0.9797,0.61,1.1208,82
1580009281.863,0.81,0.9401,0.62,1.1222,82
1580009282.045,0.77,0.9721,0.6,1.1286,82
1580009282.226,0.79,0.9511,0.6,1.1242,82
1580009282.409,0.79,0.9547,0.63,1.1056,82
1580009282.591,0.78,0.9689,0.64,1.1007,82
1580009282.773,0.8,0.9477,0.64,1.096,82
1580009282.953,0.78,0.9718,0.65,1.0891,82
1580009283.133,0.8,0.9454,0.63,1.0931,82
1580009283.295,0.8,0.9402,0.62,1.1105,82
1580009283.478,0.81,0.9419,0.63,1.117,83
1580009283.658,0.78,0.9641,0.6,1.12,83
1580009283.84,0.79,0.9542,0.63,1.1124,83
1580009284.021,0.79,0.9582,0.65,1.0867,83
1580009284.208,0.81,0.9411,0.67,1.0814,83
1580009284.388,0.77,0.9802,0.66,1.0881,83
1580009284.572,0.8,0.9438,0.64,1.0943,83
1580009284.753,0.76,0.9833,0.62,1.111,83
1580009284.933,0.8,0.949,0.6,1.1336,83
1580009285.118,0.8,0.9478,0.6,1.1317,83
1580009285.305,0.79,0.957,0.63,1.1251,83
1580009285.486,0.8,0.9466,0.62,1.1207,83
1580009285.669,0.77,0.97,0.63,1.1164,83
1580009285.849,0.8,0.9464,0.59,1.1259,83
1580009286.013,0.8,0.9437,0.62,1.1169,83
1580009286.198,0.8,0.9404,0.64,1.1109,84
1580009286.377,0.78,0.9606,0.6,1.1228,84
1580009286.559,0.8,0.9488,0.62,1.1101,84
1580009286.745,0.79,0.9563,0.67,1.0861,84
1580009286.927,0.81,0.9345,0.67,1.0731,84
1580009287.107,0.77,0.9786,0.69,1.0597,84
1580009287.294,0.8,0.942,0.66,1.0769,84
1580009287.476,0.76,0.9844,0.62,1.0988,84
1580009287.657,0.79,0.9525,0.64,1.1043,84
1580009287.837,0.8,0.9501,0.64,1.1008,84
1580009288.017,0.79,0.9587,0.62,1.1168,84
1580009288.203,0.81,0.9381,0.59,1.1335,84
1580009288.388,0.78,0.9658,0.59,1.1398,84
1580009288.572,0.8,0.9453,0.58,1.1411,84
1580009288.739,0.8,0.9445,0.61,1.1271,84
1580009288.927,0.81,0.9408,0.65,1.102,85
1580009289.108,0.78,0.9634,0.64,1.0996,85
1580009289.291,0.8,0.9463,0.64,1.1057,85
1580009289.477,0.8,0.9483,0.64,1.1112,85
1580009289.659,0.81,0.937,0.61,1.1186,85
1580009289.841,0.76,0.9815,0.63,1.1106,85
1580009290.024,0.81,0.9409,0.64,1.1003,85
1580009290.204,0.76,0.9812,0.61,1.1115,85
1580009290.386,0.79,0.9506,0.65,1.1023,85
1580009290.568,0.78,0.9642,0.63,1.1037,85
1580009290.75,0.76,0.9814,0.63,1.1031,85
1580009290.933,0.79,0.9587,0.61,1.1197,85
1580009291.114,0.77,0.973,0.62,1.1273,85
1580009291.297,0.8,0.944,0.61,1.1281,85
1580009291.459,0.76,0.9786,0.61,1.1158,85
1580009291.642,0.8,0.9459,0.62,1.1128,86
1580009291.825,0.78,0.9607,0.63,1.1144,86
1580009292.008,0.78,0.9632,0.62,1.1102,86
1580009292.188,0.77,0.9673,0.66,1.0962,86
1580009292.375,0.81,0.9395,0.64,1.1047,86
1580009292.557,0.76,0.9845,0.61,1.1173,86
1580009292.736,0.8,0.9503,0.59,1.1263,86
1580009292.919,0.75,0.9914,0.62,1.1089,86
1580009293.101,0.79,0.9562,0.66,1.0829,86
1580009293.283,0.8,0.9449,0.65,1.0944,86
1580009293.464,0.76,0.9787,0.64,1.0993,86
1580009293.646,0.78,0.9678,0.64,1.0948,86
1580009293.827,0.77,0.9747,0.62,1.1137,86
1580009294.01,0.8,0.9445,0.6,1.1429,86
1580009294.173,0.76,0.9828,0.59,1.1428,86
1580009294.355,0.77,0.9693,0.59,1.132,87
1580009294.537,0.77,0.9747,0.63,1.1138,87
1580009294.72,0.79,0.9484,0.62,1.1105,87
1580009294.903,0.79,0.9572,0.67,1.0793,87
1580009295.085,0.81,0.9353,0.69,1.0547,87
1580009295.267,0.76,0.9854,0.7,1.0529,87
1580009295.453,0.8,0.9427,0.67,1.0804,87
1580009295.634,0.76,0.9826,0.66,1.0941,87
1580009295.817,0.79,0.9548,0.67,1.0757,87
1580009295.997,0.78,0.9612,0.66,1.0799,87
1580009296.185,0.79,0.9591,0.66,1.0918,87
1580009296.368,0.8,0.9512,0.62,1.1158,87
1580009296.549,0.76,0.9833,0.62,1.1239,87
1580009296.731,0.79,0.9564,0.6,1.1334,87
1580009296.895,0.81,0.9366,0.59,1.1357,87
1580009297.078,0.79,0.9589,0.56,1.1488,88
1580009297.262,0.73,1.0135,0.6,1.1406,88
1580009297.444,0.76,0.9817,0.58,1.1446,88
1580009297.626,0.78,0.9647,0.61,1.1289,88
1580009297.809,0.8,0.9406,0.6,1.125,88
1580009297.99,0.74,0.9971,0.64,1.1027,88
1580009298.174,0.78,0.9632,0.64,1.0873,88
1580009298.361,0.75,0.9905,0.65,1.0839,88
1580009298.548,0.8,0.9469,0.67,1.0776,88
1580009298.729,0.78,0.9656,0.66,1.0781,88
1580009298.911,0.76,0.9846,0.66,1.0887,88
1580009299.092,0.78,0.962,0.65,1.0951,88
1580009299.274,0.76,0.9739,0.64,1.1008,88
1580009299.457,0.79,0.9533,0.63,1.1126,88
1580009299.618,0.8,0.947,0.62,1.1194,88
1580009299.802,0.79,0.9548,0.62,1.1142,89
1580009299.985,0.78,0.9637,0.61,1.1199,89
1580009300.166,0.81,0.9411,0.61,1.1338,89
1580009300.347,0.77,0.9649,0.61,1.1321,89
1580009300.532,0.8,0.9433,0.6,1.1219,89
1580009300.713,0.76,0.9783,0.63,1.1065,89
1580009300.895,0.8,0.9468,0.64,1.0939,89
1580009301.079,0.76,0.9777,0.68,1.0696,89
1580009301.262,0.8,0.9447,0.66,1.0731,89
1580009301.444,0.79,0.9555,0.68,1.0756,89
1580009301.625,0.78,0.97,0.67,1.0704,89
1580009301.807,0.8,0.9509,0.66,1.0856,89
1580009301.989,0.78,0.9671,0.64,1.1041,89
1580009302.171,0.8,0.9468,0.65,1.1018,89
1580009302.338,0.8,0.951,0.63,1.1108,89
1580009302.521,0.79,0.9553,0.62,1.1139,90
1580009302.7,0.78,0.9658,0.61,1.1092,90
1580009302.88,0.81,0.9354,0.62,1.1127,90
1580009303.146,0.79,0.9541,0.58,1.1355,90
1580009303.338,0.8,0.9402,0.59,1.1345,90
1580009303.52,0.76,0.9828,0.63,1.1221,90
1580009303.702,0.8,0.9411,0.6,1.1212,90
1580009303.883,0.76,0.9852,0.62,1.118,90
1580009304.068,0.79,0.9517,0.62,1.1085,90
1580009304.251,0.8,0.9489,0.63,1.0946,90
1580009304.434,0.79,0.9554,0.62,1.0996,90
1580009304.621,0.79,0.9525,0.64,1.1041,90
1580009304.804,0.77,0.9722,0.62,1.0987,90
1580009304.987,0.8,0.9452,0.63,1.1149,90
1580009305.147,0.8,0.9376,0.62,1.1131,90
1580009305.331,0.79,0.9596,0.62,1.1155,91
1580009305.514,0.75,0.9897,0.64,1.1022,91
1580009305.697,0.77,0.9672,0.57,1.1489,91
1580009305.878,0.79,0.9619,0.61,1.125,91
1580009306.069,0.8,0.9441,0.61,1.1197,91
1580009306.264,0.74,1.0029,0.67,1.0901,91
1580009306.468,0.79,0.9522,0.67,1.0809,91
1580009306.665,0.77,0.9746,0.66,1.0833,91
1580009306.847,0.78,0.9643,0.63,1.1032,91
1580009307.029,0.76,0.9812,0.62,1.1095,91
1580009307.211,0.78,0.9598,0.61,1.1254,91
1580009307.396,0.81,0.9337,0.6,1.1281,91
1580009307.58,0.76,0.9797,0.61,1.1125,91
1580009307.761,0.78,0.9595,0.64,1.0892,91
1580009307.922,0.82,0.9307,0.63,1.1094,91
1580009308.106,0.79,0.9544,0.59,1.1342,92
1580009308.286,0.76,0.9848,0.6,1.1296,92
1580009308.469,0.76,0.9824,0.62,1.1159,92
1580009308.652,0.78,0.9669,0.66,1.0958,92
1580009308.835,0.81,0.9398,0.61,1.1154,92
1580009309.018,0.75,0.9895,0.61,1.1198,92
1580009309.198,0.77,0.9748,0.61,1.1175,92
1580009309.382,0.74,1.0006,0.67,1.0815,92
1580009309.568,0.8,0.9469,0.63,1.1068,92
1580009309.755,0.78,0.9628,0.62,1.1217,92
1580009309.939,0.75,0.9938,0.61,1.1326,92
1580009310.119,0.78,0.9664,0.62,1.1241,92
1580009310.301,0.78,0.9672,0.59,1.1438,92
1580009310.482,0.8,0.9471,0.57,1.1537,92
1580009310.644,0.8,0.939,0.56,1.1501,92
1580009310.829,0.79,0.9536,0.6,1.12,93
1580009311.012,0.78,0.9708,0.61,1.1183,93
1580009311.194,0.8,0.9415,0.62,1.1123,93
1580009311.375,0.79,0.9504,0.64,1.1003,93
1580009311.556,0.8,0.944,0.65,1.0947,93
1580009311.746,0.76,0.9865,0.65,1.0937,93
1580009311.93,0.79,0.9519,0.66,1.0897,93
1580009312.115,0.76,0.9729,0.64,1.0907,93
1580009312.297,0.79,0.9502,0.66,1.0852,93
1580009312.48,0.78,0.9637,0.64,1.091,93
1580009312.662,0.78,0.9585,0.63,1.1034,93
1580009312.845,0.81,0.9379,0.63,1.1096,93
1580009313.028,0.78,0.9658,0.61,1.1232,93
1580009313.209,0.8,0.9473,0.61,1.1296,93
1580009313.372,0.8,0.942,0.61,1.1404,93
1580009313.557,0.8,0.9458,0.57,1.1461,94
1580009313.738,0.79,0.957,0.6,1.1355,94
1580009313.92,0.81,0.9373,0.62,1.1228,94
1580009314.111,0.77,0.9661,0.61,1.12,94
1580009314.304,0.81,0.9292,0.65,1.0925,94
1580009314.496,0.77,0.9669,0.63,1.1052,94
1580009314.689,0.79,0.9516,0.62,1.1204,94
1580009314.882,0.75,0.9879,0.64,1.1041,94
1580009315.062,0.81,0.9368,0.62,1.1105,94
1580009315.245,0.79,0.9521,0.6,1.1256,94
1580009315.426,0.76,0.9785,0.62,1.1196,94
1580009315.607,0.79,0.9456,0.63,1.1257,94
1580009315.787,0.78,0.9647,0.6,1.1337,94
1580009315.969,0.79,0.9537,0.62,1.1188,94
1580009316.13,0.79,0.9532,0.62,1.1168,94
1580009316.318,0.79,0.9479,0.63,1.1084,95
1580009316.502,0.78,0.9614,0.63,1.102,95
1580009316.684,0.8,0.9405,0.62,1.1096,95
1580009316.868,0.78,0.9626,0.63,1.1051,95
1580009317.048,0.8,0.9462,0.62,1.1076,95
1580009317.228,0.77,0.9713,0.62,1.1097,95
1580009317.409,0.79,0.949,0.64,1.1037,95
1580009317.588,0.76,0.9836,0.64,1.0997,95
1580009317.767,0.78,0.9589,0.65,1.0928,95
1580009317.952,0.8,0.9418,0.64,1.0927,95
1580009318.133,0.77,0.9739,0.62,1.1138,95
1580009318.314,0.77,0.9654,0.6,1.1246,95
1580009318.495,0.77,0.9734,0.6,1.1344,95
1580009318.68,0.81,0.9328,0.59,1.1437,95
1580009318.843,0.8,0.943,0.6,1.1372,95
1580009319.026,0.79,0.957,0.64,1.1148,96
1580009319.217,0.77,0.9699,0.62,1.1164,96
1580009319.408,0.8,0.9494,0.62,1.1106,96
1580009319.589,0.79,0.9483,0.65,1.1053,96
1580009319.77,0.81,0.9293,0.64,1.0977,96
1580009319.957,0.77,0.9741,0.65,1.1034,96
1580009320.137,0.81,0.9388,0.63,1.1066,96
1580009320.318,0.78,0.9667,0.64,1.1049,96
1580009320.502,0.8,0.9455,0.64,1.1021,96
1580009320.683,0.79,0.9468,0.64,1.0933,96
1580009320.868,0.79,0.9581,0.64,1.102,96
1580009321.048,0.79,0.9519,0.64,1.1074,96
1580009321.23,0.77,0.9725,0.59,1.1336,96
1580009321.412,0.82,0.9306,0.6,1.1416,96
1580009321.575,0.81,0.9329,0.55,1.1765,96
1580009321.757,0.78,0.9599,0.57,1.1676,97
1580009321.942,0.76,0.9792,0.59,1.1357,97
1580009322.123,0.81,0.9406,0.61,1.1092,97
1580009322.304,0.8,0.9444,0.63,1.1066,97
1580009322.485,0.79,0.956,0.63,1.1046,97
1580009322.669,0.76,0.9858,0.61,1.1107,97
1580009322.849,0.8,0.9437,0.62,1.1176,97
1580009323.034,0.76,0.9813,0.62,1.1197,97
1580009323.216,0.78,0.9658,0.61,1.1167,97
1580009323.397,0.79,0.9521,0.61,1.1203,97
1580009323.58,0.79,0.9527,0.62,1.1183,97
1580009323.761,0.81,0.9297,0.6,1.1282,97
1580009323.944,0.78,0.9687,0.6,1.1332,97
1580009324.125,0.79,0.9616,0.61,1.1202,97
1580009324.287,0.8,0.9368,0.61,1.1312,97
1580009324.469,0.8,0.9439,0.58,1.1532,98
1580009324.65,0.78,0.9653,0.58,1.1512,98
1580009324.834,0.8,0.9434,0.62,1.1257,98
1580009325.016,0.81,0.9379,0.61,1.1224,98
1580009325.198,0.82,0.9241,0.62,1.1076,98
1580009325.382,0.78,0.9658,0.67,1.0827,98
1580009325.564,0.8,0.9405,0.66,1.0929,98
1580009325.746,0.77,0.973,0.63,1.1137,98
1580009325.928,0.79,0.9545,0.66,1.0963,98
1580009326.112,0.8,0.9454,0.66,1.0826,98
1580009326.293,0.79,0.952,0.63,1.1114,98
1580009326.474,0.81,0.931,0.61,1.1216,98
1580009326.658,0.79,0.9577,0.62,1.1132,98
1580009326.841,0.8,0.9455,0.64,1.1108,98
1580009327.005,0.81,0.9308,0.63,1.1212,98
1580009327.186,0.82,0.9294,0.57,1.1544,99
1580009327.367,0.79,0.953,0.56,1.1594,99
1580009327.548,0.8,0.9499,0.56,1.1521,99
1580009327.729,0.79,0.9515,0.61,1.1218,99
1580009327.912,0.83,0.9151,0.63,1.1081,99
1580009328.095,0.78,0.9689,0.63,1.1041,99
1580009328.276,0.8,0.9443,0.68,1.0744,99
1580009328.459,0.78,0.9602,0.65,1.0852,99
1580009328.641,0.82,0.9273,0.66,1.0949,99
1580009328.824,0.77,0.9761,0.67,1.0764,99
1580009329.007,0.77,0.9708,0.66,1.0771,99
1580009329.187,0.81,0.9308,0.64,1.0957,99
1580009329.369,0.8,0.9464,0.64,1.1035,99
1580009329.551,0.77,0.9693,0.63,1.1033,99
1580009329.713,0.78,0.9641,0.64,1.0983,99
1580009329.897,0.81,0.9358,0.63,1.1155,100
1580009330.082,0.79,0.9525,0.61,1.1317,100
1580009330.262,0.79,0.9508,0.61,1.1337,100
1580009330.443,0.77,0.9701,0.63,1.114,100
1580009330.626,0.82,0.9247,0.65,1.0966,100
1580009330.808,0.78,0.96,0.66,1.0944,100
1580009330.99,0.79,0.9486,0.65,1.0864,100
1580009331.175,0.77,0.9799,0.67,1.0744,100
1580009331.356,0.81,0.9313,0.67,1.0851,100
1580009331.538,0.81,0.9372,0.64,1.1025,100
1580009331.722,0.8,0.9504,0.62,1.1039,100
1580009331.902,0.79,0.9499,0.65,1.0916,100
1580009332.085,0.77,0.9712,0.69,1.0656,100
1580009332.269,0.8,0.9404,0.64,1.0907,100
1580009332.429,0.81,0.9289,0.63,1.1056,100
1580009332.612,0.8,0.9428,0.64,1.1074,101
1580009332.794,0.77,0.9774,0.63,1.1111,101
1580009332.974,0.81,0.9412,0.59,1.1384,101
1580009333.157,0.81,0.9357,0.59,1.1436,101
1580009333.341,0.82,0.9165,0.58,1.1466,101
1580009333.522,0.77,0.9734,0.62,1.118,101
1580009333.703,0.8,0.9484,0.62,1.1041,101
1580009333.885,0.78,0.9633,0.64,1.0913,101
1580009334.068,0.81,0.9391,0.67,1.0838,101
1580009334.256,0.8,0.9416,0.64,1.099,101
1580009334.436,0.79,0.951,0.62,1.1093,101
1580009334.615,0.81,0.9359,0.63,1.1168,101
1580009334.799,0.79,0.9517,0.6,1.1271,101
1580009334.98,0.82,0.9294,0.62,1.1179,101
1580009335.142,0.81,0.9281,0.61,1.1172,101
1580009335.325,0.8,0.9416,0.63,1.1125,102
1580009335.506,0.79,0.9548,0.61,1.1186,102
1580009335.689,0.81,0.9371,0.62,1.1168,102
1580009335.87,0.79,0.9498,0.64,1.1054,102
1580009336.052,0.81,0.9302,0.63,1.1007,102
1580009336.236,0.77,0.9682,0.65,1.0961,102
1580009336.419,0.8,0.9406,0.62,1.1106,102
1580009336.6,0.77,0.9752,0.6,1.1197,102
1580009336.781,0.79,0.9529,0.64,1.1003,102
1580009336.966,0.8,0.9428,0.65,1.0915,102
1580009337.147,0.79,0.9528,0.63,1.0969,102
1580009337.335,0.81,0.9314,0.61,1.1227,102
1580009337.515,0.79,0.9561,0.62,1.1168,102
1580009337.698,0.81,0.9371,0.62,1.1162,102
1580009337.864,0.81,0.9335,0.6,1.1307,102
1580009338.048,0.8,0.9465,0.6,1.1353,103
1580009338.232,0.8,0.9486,0.59,1.1409,103
1580009338.415,0.81,0.9307,0.59,1.1385,103
1580009338.596,0.81,0.9351,0.59,1.141,103
1580009338.779,0.83,0.9183,0.59,1.14,103
1580009338.96,0.78,0.9642,0.6,1.1351,103
1580009339.142,0.81,0.9321,0.61,1.1288,103
1580009339.328,0.78,0.963,0.61,1.1324,103
1580009339.518,0.79,0.9534,0.59,1.1354,103
1580009339.699,0.79,0.9516,0.64,1.1089,103
1580009339.887,0.79,0.9528,0.63,1.1096,103
1580009340.067,0.82,0.9262,0.62,1.1127,103
1580009340.248,0.79,0.9499,0.62,1.1254,103
1580009340.428,0.81,0.9299,0.6,1.1365,103
1580009340.591,0.81,0.9343,0.59,1.1491,103
1580009340.771,0.8,0.9484,0.58,1.1511,104
1580009340.96,0.78,0.9654,0.61,1.138,104
1580009341.151,0.8,0.9388,0.63,1.1212,104
1580009341.333,0.8,0.9454,0.6,1.1219,104
1580009341.513,0.83,0.9182,0.64,1.0887,104
1580009341.699,0.79,0.9604,0.64,1.099,104
1580009341.883,0.81,0.9299,0.63,1.109,104
1580009342.066,0.79,0.9585,0.63,1.1131,104
1580009342.249,0.81,0.9311,0.63,1.111,104
1580009342.435,0.8,0.9426,0.6,1.1272,104
1580009342.615,0.78,0.9633,0.61,1.1254,104
1580009342.797,0.8,0.9392,0.61,1.1196,104
1580009342.978,0.8,0.945,0.62,1.1245,104
1580009343.161,0.81,0.9351,0.63,1.1191,104
1580009343.325,0.81,0.9355,0.61,1.1181,104
1580009343.506,0.81,0.9376,0.6,1.1317,105
1580009343.687,0.8,0.9525,0.59,1.1453,105
1580009343.869,0.81,0.9398,0.59,1.1507,105
1580009344.051,0.79,0.9581,0.61,1.128,105
1580009344.233,0.82,0.9257,0.65,1.0903,105
1580009344.416,0.79,0.9588,0.65,1.0997,105
1580009344.598,0.8,0.9435,0.61,1.1294,105
1580009344.781,0.76,0.9819,0.66,1.0865,105
1580009344.963,0.81,0.9363,0.67,1.0793,105
1580009345.146,0.81,0.937,0.65,1.0957,105
1580009345.329,0.79,0.9548,0.62,1.1218,105
1580009345.514,0.79,0.9497,0.58,1.1381,105
1580009345.694,0.79,0.957,0.6,1.1289,105
1580009345.878,0.82,0.9284,0.62,1.1207,105
1580009346.039,0.81,0.9365,0.63,1.1168,105
1580009346.223,0.8,0.9459,0.63,1.1128,106
1580009346.408,0.78,0.9662,0.62,1.1158,106
1580009346.587,0.82,0.9264,0.58,1.1289,106
1580009346.768,0.81,0.9362,0.6,1.1425,106
1580009346.952,0.81,0.9288,0.59,1.1374,106
1580009347.135,0.77,0.9733,0.65,1.0929,106
1580009347.316,0.81,0.9362,0.66,1.0779,106
1580009347.502,0.78,0.9594,0.63,1.0985,106
1580009347.682,0.79,0.95,0.66,1.0868,106
1580009347.863,0.79,0.9545,0.67,1.0701,106
1580009348.046,0.79,0.9542,0.65,1.0856,106
1580009348.233,0.82,0.9279,0.63,1.106,106
1580009348.413,0.8,0.9429,0.6,1.1221,106
1580009348.597,0.82,0.9237,0.6,1.129,106
1580009348.764,0.81,0.9369,0.61,1.1256,106
1580009348.946,0.81,0.9335,0.6,1.1226,107
1580009349.131,0.79,0.9516,0.64,1.1033,107
1580009349.313,0.81,0.9298,0.66,1.0861,107
1580009349.493,0.81,0.932,0.67,1.0879,107
1580009349.678,0.84,0.9096,0.64,1.094,107
1580009349.858,0.78,0.9613,0.63,1.0993,107
1580009350.039,0.81,0.9311,0.64,1.1041,107
1580009350.22,0.79,0.9527,0.63,1.1006,107
1580009350.401,0.82,0.9222,0.65,1.0933,107
1580009350.587,0.82,0.9284,0.66,1.0773,107
1580009350.771,0.8,0.9406,0.67,1.0759,107
1580009350.95,0.81,0.9331,0.68,1.0754,107
1580009351.133,0.79,0.95,0.63,1.1004,107
1580009351.314,0.82,0.9255,0.59,1.1293,107
1580009351.478,0.82,0.9204,0.56,1.1784,107
1580009351.663,0.81,0.9369,0.53,1.2033,108
1580009351.848,0.78,0.9643,0.57,1.1716,108
1580009352.029,0.8,0.9441,0.6,1.1293,108
1580009352.211,0.8,0.9392,0.62,1.1166,108
1580009352.393,0.83,0.9147,0.65,1.0919,108
1580009352.574,0.79,0.9628,0.61,1.1189,108
1580009352.755,0.8,0.9404,0.61,1.1252,108
1580009352.934,0.77,0.969,0.6,1.1383,108
1580009353.113,0.8,0.9452,0.61,1.1149,108
1580009353.296,0.81,0.9305,0.66,1.0856,108
1580009353.475,0.81,0.938,0.63,1.105,108
1580009353.661,0.82,0.923,0.62,1.1166,108
1580009353.841,0.81,0.9412,0.61,1.1205,108
1580009354.021,0.81,0.926,0.62,1.1125,108
1580009354.182,0.83,0.9186,0.62,1.1275,108
1580009354.368,0.81,0.9283,0.59,1.1498,109
1580009354.549,0.79,0.952,0.59,1.1494,109
1580009354.73,0.82,0.9313,0.54,1.1549,109
1580009354.911,0.81,0.937,0.6,1.1382,109
1580009355.093,0.83,0.9178,0.63,1.114,109
1580009355.277,0.78,0.9624,0.63,1.095,109
1580009355.46,0.81,0.9284,0.62,1.1127,109
1580009355.642,0.79,0.9568,0.63,1.1245,109
1580009355.824,0.8,0.9363,0.62,1.1369,109
1580009356.007,0.78,0.9582,0.63,1.1048,109
1580009356.188,0.79,0.9496,0.65,1.0846,109
1580009356.37,0.82,0.9237,0.62,1.1197,109
1580009356.553,0.8,0.9414,0.6,1.1279,109
1580009356.739,0.82,0.9242,0.61,1.1236,109
1580009356.899,0.81,0.9352,0.62,1.1272,109
1580009357.083,0.81,0.9315,0.6,1.146,110
1580009357.274,0.79,0.9524,0.58,1.1524,110
1580009357.456,0.81,0.9328,0.6,1.143,110
1580009357.638,0.81,0.9342,0.6,1.1345,110
1580009357.816,0.83,0.9111,0.62,1.1264,110
1580009357.994,0.79,0.9587,0.6,1.1264,110
1580009358.177,0.8,0.9385,0.64,1.1075,110
1580009358.361,0.8,0.9497,0.63,1.1116,110
1580009358.544,0.82,0.9284,0.61,1.1301,110
1580009358.728,0.81,0.9363,0.61,1.1303,110
1580009358.912,0.79,0.9545,0.62,1.1116,110
1580009359.093,0.81,0.9301,0.63,1.1053,110
1580009359.273,0.79,0.9549,0.59,1.1477,110
1580009359.453,0.82,0.922,0.59,1.1468,110
1580009359.616,0.82,0.9279,0.58,1.151,110
1580009359.805,0.8,0.9481,0.59,1.1503,111
1580009359.985,0.76,0.985,0.58,1.1467,111
1580009360.163,0.79,0.958,0.62,1.1219,111
1580009360.345,0.81,0.9359,0.61,1.117,111
1580009360.525,0.84,0.9069,0.63,1.1062,111
1580009360.71,0.79,0.9566,0.61,1.1208,111
1580009360.892,0.8,0.9446,0.62,1.1218,111
1580009361.073,0.76,0.9793,0.64,1.1047,111
1580009361.256,0.81,0.9376,0.65,1.0914,111
1580009361.437,0.82,0.9257,0.62,1.1074,111
1580009361.619,0.8,0.9451,0.64,1.0982,111
1580009361.807,0.81,0.9342,0.66,1.0906,111
1580009361.986,0.79,0.9506,0.64,1.0979,111
1580009362.169,0.82,0.9223,0.62,1.1153,111
1580009362.338,0.83,0.9169,0.59,1.1312,111
1580009362.521,0.81,0.9324,0.57,1.16,112
1580009362.701,0.8,0.9487,0.55,1.1792,112
1580009362.886,0.81,0.9338,0.57,1.1634,112
1580009363.07,0.8,0.9487,0.59,1.1413,112
1580009363.254,0.82,0.9215,0.62,1.1161,112
1580009363.456,0.79,0.9574,0.62,1.1175,112
1580009363.638,0.82,0.9221,0.63,1.1171,112
1580009363.82,0.79,0.9541,0.59,1.1416,112
1580009364.001,0.8,0.9424,0.59,1.1356,112
1580009364.18,0.8,0.9503,0.61,1.117,112
1580009364.363,0.8,0.9446,0.64,1.0998,112
1580009364.544,0.82,0.9211,0.63,1.1025,112
1580009364.726,0.81,0.932,0.62,1.1178,112
1580009364.916,0.83,0.917,0.61,1.128,112
1580009365.079,0.83,0.9168,0.61,1.1301,112
1580009365.266,0.81,0.9282,0.59,1.143,113
1580009365.448,0.79,0.9576,0.6,1.1409,113
1580009365.63,0.81,0.9334,0.59,1.1435,113
1580009365.812,0.8,0.9435,0.59,1.1321,113
1580009366.004,0.83,0.9167,0.64,1.1031,113
1580009366.198,0.8,0.949,0.63,1.1011,113
1580009366.39,0.83,0.9192,0.62,1.1151,113
1580009366.583,0.79,0.9541,0.6,1.1425,113
1580009366.773,0.79,0.9507,0.58,1.1488,113
1580009366.962,0.8,0.9416,0.6,1.1304,113
1580009367.149,0.81,0.9337,0.61,1.1234,113
1580009367.332,0.83,0.9119,0.62,1.1236,113
1580009367.514,0.81,0.9326,0.59,1.1399,113
1580009367.699,0.84,0.91,0.6,1.1414,113
1580009367.866,0.84,0.9122,0.58,1.1466,113
1580009368.049,0.81,0.9364,0.59,1.1453,114
1580009368.23,0.79,0.9558,0.58,1.1479,114
1580009368.412,0.82,0.93,0.57,1.1544,114
1580009368.593,0.8,0.9499,0.58,1.1584,114
1580009368.774,0.82,0.9229,0.61,1.1324,114
1580009368.96,0.79,0.9583,0.63,1.0966,114
1580009369.146,0.82,0.9196,0.63,1.1122,114
1580009369.328,0.78,0.9618,0.62,1.1268,114
1580009369.519,0.79,0.9546,0.62,1.1164,114
1580009369.703,0.8,0.9463,0.62,1.1145,114
1580009369.892,0.78,0.9591,0.63,1.1061,114
1580009370.073,0.83,0.9176,0.61,1.1151,114
1580009370.256,0.8,0.9403,0.61,1.1289,114
1580009370.438,0.83,0.9167,0.58,1.1397,114
1580009370.601,0.82,0.9199,0.59,1.1414,114
1580009370.786,0.81,0.9367,0.58,1.1434,115
1580009370.971,0.79,0.9573,0.58,1.1475,115
1580009371.155,0.81,0.9291,0.61,1.1363,115
1580009371.341,0.8,0.9404,0.59,1.1357,115
1580009371.524,0.83,0.9185,0.6,1.1285,115
1580009371.715,0.79,0.9545,0.64,1.1081,115
1580009371.897,0.82,0.9262,0.64,1.1061,115
1580009372.089,0.8,0.9479,0.62,1.1167,115
1580009372.274,0.81,0.9306,0.59,1.136,115
1580009372.455,0.8,0.9419,0.6,1.1351,115
1580009372.639,0.76,0.9831,0.62,1.1234,115
1580009372.822,0.79,0.951,0.62,1.1084,115
1580009373.003,0.8,0.9438,0.59,1.1338,115
1580009373.186,0.83,0.9164,0.56,1.1596,115
1580009373.351,0.81,0.9285,0.56,1.1773,115
1580009373.532,0.8,0.9381,0.57,1.1721,116
1580009373.715,0.78,0.9604,0.56,1.1706,116
1580009373.898,0.82,0.9263,0.58,1.1561,116
1580009374.098,0.8,0.9403,0.57,1.1576,116
1580009374.292,0.83,0.9189,0.61,1.1314,116
1580009374.483,0.78,0.9643,0.64,1.1038,116
1580009374.676,0.81,0.9294,0.65,1.0829,116
1580009374.858,0.78,0.9591,0.64,1.103,116
1580009375.04,0.8,0.9442,0.64,1.1049,116
1580009375.224,0.81,0.9408,0.59,1.1436,116
1580009375.404,0.79,0.9544,0.63,1.1196,116
1580009375.587,0.79,0.952,0.64,1.096,116
1580009375.771,0.79,0.9491,0.6,1.121,116
1580009375.951,0.83,0.9148,0.6,1.1312,116
1580009376.119,0.82,0.9213,0.57,1.1665,116
1580009376.304,0.8,0.9467,0.56,1.1812,117
1580009376.49,0.78,0.9674,0.58,1.1682,117
1580009376.672,0.81,0.9328,0.58,1.1479,117
1580009376.853,0.8,0.9442,0.58,1.1453,117
1580009377.037,0.82,0.9268,0.62,1.124,117
1580009377.219,0.79,0.9603,0.64,1.1083,117
1580009377.401,0.82,0.9279,0.64,1.105,117
1580009377.595,0.78,0.9636,0.61,1.1147,117
1580009377.775,0.79,0.9463,0.6,1.1259,117
1580009377.956,0.79,0.9538,0.56,1.1693,117
1580009378.142,0.78,0.9633,0.59,1.1589,117
1580009378.323,0.79,0.9519,0.64,1.1035,117
1580009378.503,0.79,0.9525,0.62,1.1195,117
1580009378.688,0.8,0.9395,0.62,1.1224,117
1580009378.85,0.81,0.9352,0.6,1.1462,117
1580009379.041,0.81,0.9397,0.56,1.1759,118
1580009379.234,0.74,1.0024,0.55,1.181,118
1580009379.415,0.77,0.9665,0.55,1.1803,118
1580009379.599,0.79,0.9506,0.63,1.1169,118
1580009379.783,0.83,0.9138,0.65,1.0898,118
1580009379.962,0.79,0.9535,0.66,1.0869,118
1580009380.144,0.81,0.9334,0.64,1.1068,118
1580009380.326,0.76,0.9854,0.62,1.127,118
1580009380.506,0.79,0.9495,0.6,1.1329,118
1580009380.688,0.78,0.9665,0.61,1.126,118
1580009380.869,0.78,0.9606,0.62,1.1156,118
1580009381.049,0.81,0.9291,0.6,1.1228,118
1580009381.235,0.81,0.9385,0.62,1.1197,118
1580009381.417,0.82,0.9251,0.62,1.1193,118
1580009381.579,0.81,0.9284,0.62,1.1285,118
1580009381.764,0.8,0.9459,0.58,1.1566,119
1580009381.949,0.77,0.9718,0.56,1.1828,119
1580009382.132,0.8,0.9456,0.51,1.2103,119
1580009382.316,0.78,0.9597,0.55,1.1839,119
1580009382.496,0.8,0.9423,0.61,1.1406,119
1580009382.679,0.76,0.9789,0.61,1.1143,119
1580009382.863,0.82,0.9274,0.64,1.0958,119
1580009383.044,0.79,0.957,0.61,1.1256,119
1580009383.224,0.81,0.9372,0.6,1.1401,119
1580009383.404,0.79,0.9576,0.6,1.1394,119
1580009383.586,0.76,0.9761,0.59,1.1375,119
1580009383.766,0.79,0.9529,0.62,1.1209,119
1580009383.946,0.78,0.9698,0.59,1.1368,119
1580009384.125,0.79,0.9572,0.57,1.1698,119
1580009384.291,0.81,0.9354,0.56,1.1761,119
1580009384.472,0.81,0.9405,0.55,1.1889,120
1580009384.653,0.76,0.986,0.56,1.1808,120
1580009384.833,0.76,0.9816,0.57,1.1678,120
1580009385.014,0.79,0.9573,0.56,1.1722,120
1580009385.197,0.8,0.9406,0.61,1.1298,120
1580009385.377,0.74,1.0039,0.63,1.1078,120
1580009385.559,0.79,0.9529,0.65,1.0835,120
1580009385.739,0.78,0.9633,0.59,1.1332,120
1580009385.919,0.8,0.9411,0.64,1.1144,120
1580009386.103,0.78,0.9645,0.63,1.1126,120
1580009386.284,0.76,0.9812,0.62,1.1068,120
1580009386.462,0.78,0.9648,0.64,1.1077,120
1580009386.644,0.77,0.9688,0.64,1.0924,120
1580009386.825,0.77,0.9718,0.64,1.0896,120
1580009386.988,0.79,0.9508,0.6,1.1273,120
1580009387.171,0.79,0.9527,0.59,1.1441,121
1580009387.358,0.77,0.9753,0.58,1.1519,121
1580009387.538,0.76,0.9767,0.58,1.1602,121
1580009387.734,0.74,1.0009,0.59,1.1617,121
1580009387.912,0.77,0.9742,0.57,1.1697,121
1580009388.091,0.73,1.0114,0.62,1.13,121
1580009388.275,0.78,0.9618,0.63,1.1149,121
1580009388.455,0.76,0.9815,0.64,1.106,121
1580009388.635,0.77,0.9766,0.62,1.1181,121
1580009388.818,0.75,0.9947,0.61,1.1229,121
1580009388.999,0.72,1.0136,0.6,1.1273,121
1580009389.18,0.72,1.0175,0.65,1.103,121
1580009389.365,0.7,1.0382,0.63,1.1013,121
1580009389.546,0.71,1.032,0.65,1.0954,121
1580009389.71,0.76,0.9792,0.62,1.1073,121
1580009389.892,0.77,0.968,0.61,1.1246,122
1580009390.072,0.78,0.9655,0.59,1.1487,122
1580009390.254,0.79,0.9559,0.58,1.1594,122
1580009390.44,0.76,0.9819,0.57,1.1712,122
1580009390.622,0.76,0.978,0.56,1.1787,122
1580009390.804,0.7,1.0385,0.56,1.173,122
1580009390.985,0.75,0.9903,0.58,1.1563,122
1580009391.167,0.73,1.0143,0.6,1.1351,122
1580009391.352,0.78,0.9613,0.63,1.1107,122
1580009391.533,0.79,0.9585,0.65,1.0997,122
1580009391.712,0.77,0.9734,0.65,1.0955,122
1580009391.891,0.74,1.0002,0.63,1.1198,122
1580009392.072,0.7,1.0388,0.62,1.1168,122
1580009392.256,0.72,1.0235,0.65,1.0929,122
1580009392.418,0.76,0.9824,0.64,1.0978,122
1580009392.602,0.75,0.9864,0.62,1.1179,123
1580009392.786,0.78,0.9643,0.6,1.1515,123
1580009392.966,0.81,0.9299,0.54,1.189,123
1580009393.145,0.77,0.9708,0.55,1.1967,123
1580009393.326,0.76,0.9845,0.53,1.209,123
1580009393.509,0.68,1.0652,0.52,1.2155,123
1580009393.69,0.72,1.0233,0.53,1.2032,123
1580009393.869,0.7,1.0444,0.57,1.1738,123
1580009394.051,0.75,0.9896,0.6,1.1387,123
1580009394.23,0.78,0.9621,0.63,1.1117,123
1580009394.411,0.79,0.9556,0.62,1.1229,123
1580009394.593,0.8,0.9451,0.6,1.1361,123
1580009394.774,0.76,0.9854,0.59,1.1352,123
1580009394.956,0.75,0.9942,0.63,1.1185,123
1580009395.12,0.77,0.971,0.65,1.0961,123
1580009395.306,0.76,0.9826,0.65,1.0955,124
1580009395.487,0.77,0.9674,0.61,1.1186,124
1580009395.672,0.79,0.9486,0.59,1.1383,124
1580009395.851,0.8,0.9457,0.59,1.1468,124
1580009396.031,0.79,0.9503,0.55,1.1748,124
1580009396.212,0.71,1.0277,0.53,1.1871,124
1580009396.395,0.76,0.9879,0.55,1.1802,124
1580009396.577,0.7,1.0377,0.6,1.1481,124
1580009396.759,0.73,1.0104,0.61,1.1259,124
1580009396.94,0.77,0.9727,0.64,1.1048,124
1580009397.119,0.77,0.9728,0.63,1.1058,124
1580009397.302,0.79,0.9469,0.65,1.1026,124
1580009397.486,0.74,1.0015,0.6,1.1184,124
1580009397.673,0.74,0.9964,0.62,1.1074,124
1580009397.856,0.76,0.981,0.63,1.1082,124
1580009398.043,0.74,0.9958,0.63,1.112,125
1580009398.227,0.74,0.9956,0.6,1.1357,125
1580009398.411,0.78,0.9598,0.57,1.1577,125
1580009398.602,0.79,0.9534,0.59,1.1453,125
1580009398.789,0.81,0.9292,0.59,1.1407,125
1580009398.974,0.75,0.9927,0.6,1.1401,125
1580009399.159,0.77,0.9682,0.59,1.133,125
1580009399.344,0.73,1.0066,0.61,1.1341,125
1580009399.534,0.76,0.9809,0.6,1.1323,125
1580009399.72,0.78,0.9652,0.6,1.1351,125
1580009399.906,0.78,0.9622,0.62,1.1187,125
1580009400.092,0.81,0.9335,0.63,1.1134,125
1580009400.279,0.77,0.9683,0.61,1.1308,125
1580009400.466,0.77,0.9707,0.59,1.139,125
1580009400.637,0.79,0.9523,0.61,1.1329,125
1580009400.827,0.77,0.972,0.64,1.1041,126
1580009401.019,0.76,0.9827,0.61,1.1158,126
1580009401.213,0.8,0.9461,0.6,1.1445,126
1580009401.402,0.8,0.9405,0.58,1.1583,126
1580009401.588,0.82,0.922,0.57,1.1759,126
1580009401.778,0.75,0.9912,0.56,1.1844,126
1580009401.966,0.77,0.975,0.55,1.1886,126
1580009402.153,0.73,1.0106,0.58,1.1614,126
1580009402.338,0.76,0.9806,0.61,1.135,126
1580009402.523,0.78,0.9596,0.6,1.1292,126
1580009402.71,0.77,0.9679,0.59,1.1352,126
1580009402.896,0.81,0.9314,0.61,1.1204,126
1580009403.086,0.79,0.9475,0.63,1.1064,126
1580009403.274,0.79,0.9494,0.64,1.1028,126
1580009403.44,0.79,0.9504,0.64,1.1025,126
1580009403.627,0.78,0.9608,0.63,1.1108,127
1580009403.814,0.79,0.9567,0.62,1.1144,127
1580009404.002,0.79,0.9474,0.62,1.1241,127
1580009404.187,0.8,0.9401,0.6,1.1391,127
1580009404.372,0.83,0.9109,0.58,1.1509,127
1580009404.557,0.77,0.9716,0.59,1.1549,127
1580009404.75,0.78,0.9652,0.59,1.155,127
1580009404.936,0.74,1.0061,0.59,1.1472,127
1580009405.121,0.76,0.9783,0.59,1.1392,127
1580009405.308,0.79,0.9481,0.61,1.1241,127
1580009405.496,0.77,0.9682,0.62,1.1113,127
1580009405.684,0.79,0.9493,0.64,1.0854,127
1580009405.87,0.78,0.9593,0.63,1.0977,127
1580009406.055,0.82,0.9314,0.6,1.1288,127
1580009406.223,0.81,0.9385,0.59,1.1499,127
1580009406.412,0.76,0.9799,0.58,1.1521,128
1580009406.599,0.75,0.9934,0.63,1.1171,128
1580009406.793,0.77,0.966,0.62,1.1217,128
1580009406.979,0.81,0.9394,0.62,1.1264,128
1580009407.166,0.83,0.9127,0.6,1.1446,128
1580009407.352,0.76,0.9783,0.56,1.1747,128
1580009407.537,0.79,0.9521,0.54,1.1853,128
1580009407.723,0.75,0.9934,0.57,1.1799,128
1580009407.916,0.77,0.9771,0.58,1.1581,128
1580009408.103,0.8,0.9495,0.62,1.1274,128
1580009408.293,0.79,0.9502,0.62,1.1153,128
1580009408.48,0.82,0.9214,0.64,1.0955,128
1580009408.666,0.81,0.9373,0.68,1.0765,128
1580009408.856,0.81,0.9369,0.64,1.0897,128
1580009409.022,0.82,0.9258,0.64,1.0999,128
1580009409.214,0.8,0.9445,0.64,1.1086,129
1580009409.401,0.78,0.964,0.62,1.1121,129
1580009409.589,0.8,0.9451,0.65,1.1011,129
1580009409.775,0.79,0.9507,0.63,1.1045,129
1580009409.962,0.84,0.9071,0.63,1.1213,129
1580009410.148,0.78,0.9613,0.6,1.1354,129
1580009410.334,0.81,0.9404,0.59,1.1347,129
1580009410.523,0.75,0.9878,0.6,1.1326,129
1580009410.709,0.78,0.9643,0.62,1.1266,129
1580009410.896,0.8,0.9441,0.63,1.1167,129
1580009411.084,0.79,0.9541,0.63,1.0995,129
1580009411.273,0.82,0.923,0.64,1.0936,129
1580009411.464,0.81,0.9325,0.63,1.0955,129
1580009411.648,0.82,0.924,0.66,1.0853,129
1580009411.816,0.8,0.9398,0.66,1.0789,129
1580009412.013,0.79,0.9482,0.66,1.0828,130
1580009412.2,0.79,0.9575,0.65,1.0936,130
1580009412.386,0.8,0.9407,0.63,1.0998,130
1580009412.577,0.81,0.9396,0.65,1.0956,130
1580009412.763,0.84,0.906,0.62,1.1145,130
1580009412.949,0.79,0.9526,0.61,1.1228,130
1580009413.137,0.82,0.926,0.61,1.1274,130
1580009413.322,0.77,0.9686,0.6,1.131,130
1580009413.507,0.79,0.9572,0.6,1.135,130
1580009413.697,0.8,0.943,0.59,1.1374,130
1580009413.886,0.79,0.9517,0.6,1.1329,130
1580009414.071,0.82,0.9272,0.62,1.1175,130
1580009414.258,0.81,0.9341,0.63,1.0969,130
1580009414.445,0.84,0.9091,0.65,1.0967,130
1580009414.61,0.82,0.9222,0.64,1.1026,130
1580009414.797,0.81,0.9324,0.64,1.1002,131
1580009414.98,0.8,0.9474,0.64,1.0913,131
1580009415.163,0.8,0.9444,0.66,1.0779,131
1580009415.346,0.78,0.9544,0.64,1.0943,131
1580009415.526,0.83,0.9105,0.62,1.1117,131
1580009415.708,0.79,0.9567,0.6,1.1397,131
1580009415.891,0.81,0.931,0.59,1.1482,131
1580009416.072,0.78,0.9662,0.6,1.1377,131
1580009416.256,0.79,0.9511,0.62,1.1239,131
1580009416.437,0.78,0.9582,0.63,1.114,131
1580009416.618,0.78,0.9684,0.62,1.1109,131
1580009416.802,0.81,0.93,0.62,1.1126,131
1580009416.989,0.81,0.9354,0.63,1.0997,131
1580009417.17,0.82,0.9271,0.64,1.0917,131
1580009417.33,0.82,0.9289,0.65,1.0844,131
1580009417.509,0.81,0.9342,0.66,1.0678,132
1580009417.692,0.79,0.9548,0.69,1.0579,132
1580009417.873,0.81,0.9354,0.64,1.0913,132
1580009418.054,0.8,0.9397,0.63,1.1001,132
1580009418.245,0.82,0.9172,0.62,1.105,132
1580009418.427,0.77,0.9686,0.61,1.123,132
1580009418.623,0.8,0.9405,0.57,1.1561,132
1580009418.805,0.79,0.9579,0.57,1.1596,132
1580009418.988,0.8,0.9396,0.57,1.1571,132
1580009419.168,0.8,0.9433,0.58,1.1489,132
1580009419.351,0.79,0.9548,0.6,1.1354,132
1580009419.532,0.82,0.9218,0.6,1.1284,132
1580009419.715,0.82,0.93,0.63,1.1058,132
1580009419.897,0.82,0.9198,0.65,1.0955,132
1580009420.063,0.82,0.9242,0.64,1.0929,132
1580009420.244,0.81,0.9365,0.65,1.0888,133
1580009420.424,0.79,0.9507,0.65,1.0854,133
1580009420.607,0.82,0.9206,0.65,1.0835,133
1580009420.789,0.81,0.9304,0.63,1.0949,133
1580009420.971,0.84,0.9085,0.61,1.1044,133
1580009421.153,0.79,0.9542,0.62,1.1114,133
1580009421.335,0.82,0.9259,0.63,1.1115,133
1580009421.517,0.78,0.9602,0.63,1.1125,133
1580009421.698,0.79,0.9493,0.62,1.1215,133
1580009421.88,0.81,0.937,0.62,1.1042,133
1580009422.068,0.8,0.942,0.64,1.0991,133
1580009422.25,0.82,0.9215,0.64,1.0965,133
1580009422.432,0.8,0.9426,0.63,1.1041,133
1580009422.613,0.83,0.9156,0.64,1.0989,133
1580009422.775,0.82,0.9202,0.65,1.098,133
1580009422.957,0.81,0.9317,0.63,1.106,134
1580009423.143,0.78,0.9597,0.66,1.0912,134
1580009423.325,0.82,0.924,0.66,1.0865,134
1580009423.509,0.82,0.9269,0.65,1.0818,134
1580009423.69,0.83,0.9106,0.67,1.0741,134
1580009423.87,0.78,0.9645,0.67,1.07,134
1580009424.053,0.82,0.927,0.65,1.0876,134
1580009424.234,0.79,0.953,0.64,1.0971,134
1580009424.415,0.81,0.9311,0.63,1.0958,134
1580009424.597,0.81,0.9328,0.67,1.0718,134
1580009424.781,0.8,0.9424,0.65,1.0732,134
1580009424.964,0.82,0.9189,0.67,1.0711,134
1580009425.15,0.8,0.948,0.67,1.0711,134
1580009425.331,0.83,0.917,0.65,1.0858,134
1580009425.491,0.83,0.9182,0.64,1.0929,134
1580009425.676,0.82,0.9227,0.62,1.1197,135
1580009425.857,0.8,0.9397,0.61,1.1331,135
1580009426.051,0.81,0.9338,0.61,1.1344,135
1580009426.244,0.81,0.9333,0.62,1.1283,135
1580009426.437,0.83,0.91,0.62,1.1286,135
1580009426.627,0.79,0.9506,0.6,1.1363,135
1580009426.81,0.82,0.923,0.62,1.1261,135
1580009426.988,0.79,0.9579,0.62,1.1219,135
1580009427.174,0.82,0.9247,0.62,1.1177,135
1580009427.363,0.82,0.9231,0.62,1.1171,135
1580009427.541,0.8,0.942,0.65,1.1049,135
1580009427.722,0.82,0.9204,0.65,1.0917,135
1580009427.903,0.81,0.93,0.66,1.0733,135
1580009428.083,0.83,0.9122,0.67,1.0825,135
1580009428.244,0.82,0.922,0.66,1.0866,135
1580009428.432,0.81,0.9399,0.65,1.0916,136
1580009428.611,0.8,0.9414,0.62,1.1134,136
1580009428.794,0.83,0.9165,0.62,1.121,136
1580009428.977,0.81,0.9322,0.6,1.1383,136
1580009429.156,0.81,0.9284,0.6,1.139,136
1580009429.337,0.78,0.9667,0.58,1.1381,136
1580009429.524,0.82,0.9279,0.63,1.1192,136
1580009429.703,0.78,0.9641,0.62,1.1227,136
1580009429.888,0.81,0.9314,0.61,1.1209,136
1580009430.071,0.82,0.9198,0.63,1.1048,136
1580009430.255,0.82,0.9252,0.65,1.097,136
1580009430.434,0.83,0.9084,0.64,1.0981,136
1580009430.615,0.81,0.9315,0.65,1.0885,136
1580009430.795,0.82,0.9197,0.67,1.0722,136
1580009430.955,0.83,0.9167,0.67,1.0737,136
1580009431.139,0.81,0.9335,0.65,1.0874,137
1580009431.32,0.8,0.9448,0.63,1.0974,137
1580009431.502,0.82,0.925,0.64,1.0914,137
1580009431.689,0.82,0.9192,0.64,1.1013,137
1580009431.87,0.84,0.9043,0.62,1.1176,137
1580009432.059,0.79,0.9587,0.62,1.1179,137
1580009432.241,0.81,0.9323,0.64,1.1129,137
1580009432.42,0.79,0.95,0.6,1.1306,137
1580009432.6,0.82,0.9195,0.61,1.1259,137
1580009432.781,0.82,0.9238,0.63,1.1168,137
1580009432.962,0.8,0.9401,0.62,1.1028,137
1580009433.144,0.82,0.9172,0.65,1.0882,137
1580009433.33,0.81,0.932,0.66,1.0765,137
1580009433.509,0.83,0.9102,0.65,1.0842,137
1580009433.673,0.83,0.918,0.65,1.0871,137
1580009433.854,0.82,0.9216,0.64,1.093,138
1580009434.043,0.82,0.924,0.64,1.1011,138
1580009434.24,0.83,0.9125,0.62,1.1179,138
1580009434.432,0.82,0.9216,0.62,1.1287,138
1580009434.622,0.83,0.9083,0.61,1.1292,138
1580009434.804,0.79,0.9538,0.61,1.1267,138
1580009434.986,0.83,0.9168,0.62,1.1269,138
1580009435.167,0.8,0.9436,0.62,1.1229,138
1580009435.356,0.82,0.9185,0.61,1.1271,138
1580009435.537,0.83,0.9138,0.63,1.1217,138
1580009435.718,0.82,0.9224,0.62,1.1197,138
1580009435.903,0.84,0.9092,0.63,1.1108,138
1580009436.084,0.81,0.9286,0.64,1.1032,138
1580009436.267,0.83,0.9142,0.64,1.0996,138
1580009436.429,0.83,0.9107,0.65,1.0957,138
1580009436.61,0.83,0.9131,0.63,1.1086,139
1580009436.79,0.81,0.9293,0.63,1.1059,139
1580009436.972,0.83,0.9122,0.63,1.1076,139
1580009437.153,0.83,0.915,0.62,1.12,139
1580009437.335,0.85,0.895,0.62,1.1206,139
1580009437.516,0.79,0.9472,0.64,1.1121,139
1580009437.697,0.83,0.916,0.63,1.1094,139
1580009437.879,0.8,0.9447,0.63,1.1127,139
1580009438.06,0.83,0.9157,0.63,1.1113,139
1580009438.239,0.83,0.9149,0.61,1.1089,139
1580009438.429,0.82,0.9226,0.62,1.1026,139
1580009438.611,0.85,0.8984,0.62,1.0979,139
1580009438.801,0.83,0.9168,0.65,1.0937,139
1580009438.982,0.84,0.9057,0.65,1.0941,139
1580009439.151,0.84,0.9056,0.64,1.0972,139
1580009439.344,0.83,0.9157,0.62,1.106,140
1580009439.525,0.81,0.9321,0.63,1.1059,140
1580009439.706,0.82,0.9197,0.62,1.1163,140
1580009439.888,0.82,0.9193,0.63,1.1094,140
1580009440.069,0.84,0.8987,0.61,1.1279,140
1580009440.252,0.79,0.9502,0.58,1.1505,140
1580009440.436,0.83,0.9118,0.61,1.1355,140
1580009440.618,0.8,0.9444,0.61,1.1382,140
1580009440.798,0.83,0.9151,0.58,1.1461,140
1580009440.98,0.84,0.9097,0.61,1.118,140
1580009441.163,0.82,0.9233,0.64,1.0973,140
1580009441.346,0.84,0.9025,0.65,1.0884,140
1580009441.526,0.82,0.9205,0.64,1.0907,140
1580009441.71,0.84,0.9043,0.64,1.096,140
1580009441.876,0.84,0.9043,0.63,1.1012,140
1580009442.063,0.82,0.9164,0.62,1.1108,141
1580009442.244,0.81,0.929,0.62,1.1168,141
1580009442.431,0.83,0.9102,0.62,1.1224,141
1580009442.612,0.83,0.9141,0.59,1.137,141
1580009442.794,0.84,0.8984,0.59,1.1366,141
1580009442.974,0.8,0.9462,0.61,1.1292,141
1580009443.152,0.83,0.9135,0.6,1.1278,141
1580009443.334,0.81,0.9378,0.61,1.1252,141
1580009443.519,0.82,0.9236,0.62,1.1172,141
1580009443.698,0.82,0.9226,0.62,1.1144,141
1580009443.88,0.82,0.923,0.65,1.1002,141
1580009444.06,0.84,0.9011,0.64,1.0902,141
1580009444.242,0.82,0.9257,0.64,1.0869,141
1580009444.424,0.83,0.9085,0.64,1.0935,141
1580009444.587,0.82,0.9181,0.63,1.1055,141
1580009444.777,0.83,0.9121,0.64,1.1065,142
1580009444.958,0.82,0.9258,0.63,1.1057,142
1580009445.136,0.84,0.9062,0.62,1.1074,142
1580009445.32,0.83,0.9153,0.64,1.1048,142
1580009445.5,0.85,0.8947,0.63,1.1102,142
1580009445.683,0.81,0.9387,0.63,1.1212,142
1580009445.865,0.84,0.9067,0.6,1.1383,142
1580009446.046,0.81,0.9356,0.6,1.1452,142
1580009446.229,0.83,0.9145,0.59,1.1469,142
1580009446.411,0.84,0.909,0.6,1.1346,142
1580009446.596,0.81,0.9317,0.6,1.126,142
1580009446.776,0.84,0.9052,0.62,1.1075,142
1580009446.959,0.82,0.9192,0.65,1.0956,142
1580009447.14,0.85,0.8987,0.63,1.1038,142
1580009447.3,0.84,0.9031,0.62,1.1109,142
1580009447.483,0.83,0.9132,0.63,1.1102,143
1580009447.667,0.82,0.9284,0.64,1.1041,143
1580009447.849,0.83,0.9134,0.63,1.1081,143
1580009448.032,0.83,0.9105,0.64,1.1118,143
1580009448.214,0.85,0.8924,0.61,1.1216,143
1580009448.397,0.8,0.9406,0.6,1.1341,143
1580009448.585,0.83,0.916,0.6,1.1446,143
1580009448.765,0.81,0.9352,0.58,1.149,143
1580009448.944,0.83,0.9095,0.59,1.1416,143
1580009449.126,0.84,0.9092,0.6,1.1311,143
1580009449.307,0.82,0.9242,0.61,1.1233,143
1580009449.492,0.84,0.9053,0.64,1.1004,143
1580009449.68,0.83,0.9194,0.65,1.0891,143
1580009449.86,0.85,0.8971,0.64,1.0959,143
1580009450.02,0.85,0.8983,0.61,1.1207,143
1580009450.201,0.84,0.9082,0.61,1.1247,144
1580009450.384,0.82,0.9251,0.61,1.1253,144
1580009450.569,0.83,0.9131,0.61,1.1108,144
1580009450.749,0.83,0.9171,0.62,1.1119,144
1580009450.929,0.85,0.8922,0.63,1.1138,144
1580009451.11,0.81,0.9354,0.62,1.1313,144
1580009451.293,0.84,0.9056,0.59,1.1602,144
1580009451.474,0.81,0.9363,0.58,1.1612,144
1580009451.661,0.82,0.9235,0.58,1.1531,144
1580009451.843,0.83,0.9151,0.6,1.1433,144
1580009452.026,0.82,0.922,0.61,1.1277,144
1580009452.21,0.83,0.9123,0.62,1.1141,144
1580009452.397,0.82,0.9212,0.64,1.1001,144
1580009452.578,0.85,0.8979,0.65,1.0872,144
1580009452.741,0.84,0.9009,0.62,1.1166,144
1580009452.921,0.84,0.906,0.62,1.1218,145
1580009453.101,0.82,0.9245,0.62,1.1199,145
1580009453.283,0.83,0.9145,0.62,1.1107,145
1580009453.468,0.82,0.9213,0.65,1.1022,145
1580009453.649,0.84,0.9012,0.64,1.0944,145
1580009453.83,0.8,0.9392,0.66,1.0981,145
1580009454.011,0.83,0.9075,0.61,1.1301,145
1580009454.193,0.81,0.9346,0.57,1.157,145
1580009454.375,0.82,0.9249,0.56,1.1621,145
1580009454.557,0.83,0.9165,0.58,1.1569,145
1580009454.744,0.82,0.9295,0.61,1.1346,145
1580009454.925,0.84,0.9102,0.62,1.125,145
1580009455.105,0.82,0.9263,0.62,1.1177,145
1580009455.286,0.83,0.9104,0.64,1.0996,145
1580009455.448,0.84,0.9023,0.61,1.1124,145
1580009455.632,0.83,0.9135,0.63,1.1107,146
1580009455.819,0.81,0.9382,0.63,1.1067,146
1580009456.001,0.81,0.9303,0.64,1.1004,146
1580009456.18,0.82,0.9179,0.65,1.0956,146
1580009456.361,0.85,0.8915,0.63,1.1086,146
1580009456.541,0.8,0.9451,0.62,1.1047,146
1580009456.723,0.82,0.9222,0.65,1.0944,146
1580009456.906,0.81,0.938,0.64,1.1043,146
1580009457.087,0.83,0.9153,0.63,1.1053,146
1580009457.27,0.83,0.9161,0.63,1.1117,146
1580009457.452,0.81,0.9399,0.62,1.1127,146
1580009457.634,0.83,0.9086,0.63,1.0994,146
1580009457.832,0.82,0.9207,0.64,1.1025,146
1580009458.014,0.82,0.9245,0.64,1.0938,146
1580009458.177,0.83,0.9139,0.67,1.075,146
1580009458.362,0.83,0.9117,0.65,1.0925,147
1580009458.544,0.82,0.9285,0.65,1.0972,147
1580009458.729,0.81,0.9337,0.65,1.0975,147
1580009458.915,0.81,0.9368,0.65,1.0885,147
1580009459.095,0.84,0.8975,0.66,1.0771,147
1580009459.275,0.8,0.948,0.64,1.0907,147
1580009459.458,0.81,0.9282,0.62,1.1061,147
1580009459.641,0.81,0.9382,0.61,1.1135,147
1580009459.821,0.83,0.9098,0.6,1.1245,147
1580009460.006,0.82,0.918,0.62,1.1188,147
1580009460.186,0.8,0.946,0.66,1.0853,147
1580009460.367,0.83,0.9171,0.68,1.0738,147
1580009460.549,0.82,0.9259,0.65,1.0871,147
1580009460.732,0.84,0.9085,0.63,1.0938,147
1580009460.9,0.81,0.931,0.66,1.0832,147
1580009461.091,0.81,0.9356,0.63,1.1052,148
1580009461.273,0.81,0.9293,0.62,1.1198,148
1580009461.454,0.83,0.9127,0.61,1.1275,148
1580009461.634,0.81,0.9295,0.63,1.1209,148
1580009461.816,0.82,0.9241,0.62,1.1203,148
1580009461.992,0.8,0.9427,0.64,1.1052,148
1580009462.172,0.84,0.907,0.62,1.1077,148
1580009462.354,0.79,0.9503,0.61,1.1239,148
1580009462.536,0.79,0.9468,0.63,1.122,148
1580009462.718,0.82,0.9199,0.6,1.135,148
1580009462.898,0.81,0.9313,0.63,1.1201,148
1580009463.082,0.83,0.9156,0.64,1.1019,148
1580009463.266,0.81,0.9313,0.66,1.083,148
1580009463.447,0.84,0.904,0.66,1.0861,148
1580009463.605,0.84,0.9057,0.64,1.0988,148
1580009463.79,0.82,0.9267,0.64,1.1051,149
1580009463.976,0.8,0.9469,0.63,1.1005,149
1580009464.158,0.83,0.9184,0.63,1.1046,149
1580009464.341,0.83,0.9171,0.64,1.1021,149
1580009464.521,0.83,0.913,0.64,1.1014,149
1580009464.705,0.78,0.9634,0.65,1.093,149
1580009464.888,0.82,0.927,0.64,1.1031,149
1580009465.07,0.81,0.9342,0.6,1.1323,149
1580009465.252,0.83,0.9165,0.59,1.1348,149
1580009465.433,0.81,0.93,0.59,1.1422,149
1580009465.615,0.8,0.9488,0.61,1.1261,149
1580009465.798,0.83,0.9143,0.64,1.1025,149
1580009465.985,0.81,0.9317,0.66,1.0866,149
1580009466.166,0.83,0.916,0.67,1.0791,149
1580009466.33,0.84,0.9077,0.67,1.0731,149
