1579049469.287,0.24,1.3873,0.23,1.3793,0
1579049470.027,0.24,1.3884,0.35,1.3775,0
1579049470.772,0.33,1.3763,0.41,1.3777,0
1579049471.495,0.4,1.3684,0.34,1.3721,0
1579049472.225,0.35,1.355,0.33,1.3574,0
1579049472.956,0.34,1.3418,0.34,1.3398,0
1579049473.695,0.37,1.3187,0.33,1.3273,0
1579049474.439,0.38,1.2908,0.35,1.3199,0
1579049475.171,0.38,1.2822,0.36,1.318,0
1579049475.903,0.38,1.2657,0.36,1.3298,0
1579049476.639,0.39,1.2744,0.37,1.3277,0
1579049477.36,0.4,1.2622,0.36,1.3289,0
1579049477.714,0.39,1.2785,0.41,1.3319,0
1579049478.451,0.43,1.2505,0.36,1.3146,1
1579049479.188,0.42,1.2506,0.39,1.296,1
1579049479.92,0.41,1.2415,0.4,1.2752,1
1579049480.65,0.41,1.2514,0.38,1.2722,1
1579049481.392,0.41,1.223,0.35,1.2719,1
1579049482.128,0.43,1.2353,0.34,1.2744,1
1579049482.859,0.43,1.2311,0.34,1.2748,1
1579049483.581,0.44,1.2117,0.36,1.2562,1
1579049484.306,0.44,1.2236,0.38,1.2375,1
1579049485.043,0.47,1.2073,0.37,1.2278,1
1579049485.782,0.45,1.2202,0.36,1.2334,1
1579049486.507,0.45,1.2195,0.38,1.2205,1
1579049486.863,0.46,1.2131,0.39,1.227,1
1579049487.589,0.46,1.1972,0.38,1.2247,2
1579049488.312,0.46,1.2008,0.41,1.2084,2
1579049489.05,0.48,1.1917,0.43,1.1933,2
1579049489.798,0.45,1.1982,0.37,1.1917,2
1579049490.528,0.46,1.1752,0.4,1.1921,2
1579049491.253,0.46,1.199,0.4,1.1968,2
1579049491.983,0.47,1.1895,0.39,1.1999,2
1579049492.71,0.48,1.1647,0.43,1.1754,2
1579049493.44,0.47,1.1873,0.43,1.1624,2
1579049494.172,0.49,1.1608,0.51,1.1535,2
1579049494.896,0.47,1.1826,0.41,1.1569,2
1579049495.626,0.47,1.1836,0.48,1.1517,2
1579049495.984,0.5,1.1691,0.4,1.1631,2
1579049496.712,0.48,1.1617,0.48,1.1509,3
1579049497.435,0.49,1.1633,0.5,1.1403,3
1579049498.169,0.48,1.1576,0.5,1.1287,3
1579049498.894,0.48,1.1595,0.48,1.1314,3
1579049499.628,0.49,1.1456,0.44,1.1485,3
1579049500.356,0.48,1.1771,0.44,1.1525,3
1579049501.085,0.48,1.1666,0.45,1.1393,3
1579049501.816,0.51,1.1308,0.47,1.1222,3
1579049502.539,0.48,1.1663,0.5,1.1221,3
1579049503.269,0.49,1.1407,0.5,1.1219,3
1579049503.998,0.48,1.1602,0.48,1.1258,3
1579049504.722,0.48,1.1639,0.47,1.1262,3
1579049505.082,0.5,1.1434,0.48,1.1261,3
1579049505.812,0.49,1.1368,0.47,1.1178,4
1579049506.555,0.49,1.1417,0.54,1.1151,4
1579049507.3,0.49,1.139,0.5,1.111,4
1579049508.027,0.49,1.1433,0.52,1.1072,4
1579049508.752,0.5,1.1256,0.47,1.1161,4
1579049509.483,0.49,1.1563,0.46,1.1272,4
1579049510.227,0.49,1.1465,0.47,1.1219,4
1579049510.958,0.52,1.1113,0.47,1.1068,4
1579049511.685,0.49,1.1462,0.48,1.1002,4
1579049512.434,0.51,1.123,0.53,1.1015,4
1579049513.157,0.5,1.1434,0.48,1.1036,4
1579049513.881,0.49,1.1475,0.5,1.102,4
1579049514.243,0.5,1.1263,0.5,1.117,4
1579049514.969,0.5,1.1254,0.45,1.1114,5
1579049515.703,0.5,1.1325,0.53,1.0958,5
1579049516.44,0.5,1.1201,0.54,1.0942,5
1579049517.168,0.5,1.129,0.47,1.1029,5
1579049517.904,0.52,1.1137,0.5,1.1083,5
1579049518.645,0.5,1.1369,0.47,1.1165,5
1579049519.373,0.5,1.1359,0.46,1.1122,5
1579049520.111,0.53,1.1007,0.46,1.0878,5
1579049520.85,0.5,1.1324,0.54,1.0942,5
1579049521.598,0.51,1.1135,0.51,1.0967,5
1579049522.326,0.49,1.1263,0.5,1.0988,5
1579049523.056,0.5,1.1343,0.49,1.0858,5
1579049523.419,0.51,1.1147,0.51,1.0957,5
1579049524.153,0.51,1.1074,0.49,1.0998,6
1579049524.888,0.51,1.109,0.52,1.0903,6
1579049525.615,0.51,1.1046,0.53,1.0778,6
1579049526.347,0.51,1.1129,0.5,1.0785,6
1579049527.071,0.53,1.0939,0.51,1.0939,6
1579049527.804,0.51,1.1216,0.48,1.1041,6
1579049528.529,0.51,1.1203,0.49,1.091,6
1579049529.256,0.54,1.0788,0.46,1.0737,6
1579049529.988,0.51,1.1195,0.52,1.0723,6
1579049530.711,0.53,1.0931,0.51,1.0853,6
1579049531.441,0.51,1.1101,0.5,1.0917,6
1579049532.178,0.51,1.1194,0.47,1.0728,6
1579049532.539,0.52,1.0991,0.48,1.0811,6
1579049533.266,0.52,1.0947,0.51,1.0877,7
1579049534.008,0.53,1.0927,0.52,1.0789,7
1579049534.743,0.52,1.0895,0.55,1.0676,7
1579049535.482,0.52,1.0971,0.5,1.0764,7
1579049536.223,0.53,1.0811,0.53,1.0868,7
1579049537.005,0.52,1.1066,0.51,1.0926,7
1579049537.731,0.52,1.1091,0.52,1.0839,7
1579049538.457,0.55,1.0667,0.48,1.0633,7
1579049539.219,0.51,1.1047,0.53,1.0661,7
1579049539.95,0.53,1.0821,0.5,1.0834,7
1579049540.694,0.52,1.0949,0.49,1.0846,7
1579049542.804,0.52,1.1054,0.49,1.0588,7
1579049543.163,0.52,1.0872,0.49,1.0632,7
1579049543.89,0.53,1.0782,0.54,1.0707,8
1579049544.614,0.54,1.0763,0.54,1.0708,8
1579049545.348,0.53,1.0753,0.56,1.0635,8
1579049546.104,0.53,1.0786,0.51,1.068,8
1579049546.833,0.54,1.0677,0.52,1.0709,8
1579049547.561,0.53,1.0932,0.49,1.0799,8
1579049548.29,0.53,1.0922,0.53,1.0731,8
1579049549.017,0.56,1.0528,0.5,1.0555,8
1579049549.746,0.53,1.0911,0.51,1.0609,8
1579049550.503,0.54,1.0681,0.53,1.0733,8
1579049551.234,0.53,1.0819,0.52,1.0715,8
1579049551.958,0.53,1.0919,0.5,1.0522,8
1579049552.317,0.54,1.0733,0.51,1.0629,8
1579049553.043,0.54,1.0674,0.53,1.0676,9
1579049553.773,0.54,1.0646,0.57,1.0629,9
1579049554.502,0.53,1.0628,0.56,1.0584,9
1579049555.234,0.54,1.0661,0.54,1.0669,9
1579049555.964,0.55,1.057,0.53,1.073,9
1579049556.703,0.54,1.0822,0.5,1.0778,9
1579049557.437,0.53,1.0815,0.52,1.056,9
1579049558.165,0.56,1.0397,0.49,1.0523,9
1579049558.894,0.53,1.0797,0.52,1.0632,9
1579049559.636,0.54,1.0593,0.52,1.0737,9
1579049560.366,0.53,1.075,0.53,1.0812,9
1579049561.115,0.53,1.0944,0.53,1.0521,9
1579049561.474,0.53,1.079,0.52,1.0773,9
1579049562.21,0.54,1.0648,0.54,1.0695,10
1579049562.939,0.55,1.0564,0.56,1.0601,10
1579049563.677,0.54,1.0553,0.58,1.0605,10
1579049564.414,0.55,1.0612,0.54,1.0552,10
1579049565.154,0.55,1.0493,0.54,1.0658,10
1579049565.887,0.55,1.0736,0.53,1.0847,10
1579049566.632,0.53,1.0752,0.54,1.0562,10
1579049567.361,0.57,1.0316,0.56,1.0425,10
1579049568.089,0.54,1.0715,0.54,1.0533,10
1579049568.824,0.54,1.0543,0.51,1.0678,10
1579049569.572,0.54,1.0658,0.53,1.0727,10
1579049570.296,0.54,1.0756,0.54,1.0477,10
1579049570.655,0.54,1.0499,0.53,1.0517,10
1579049571.391,0.55,1.0567,0.57,1.06,11
1579049572.128,0.55,1.0504,0.56,1.0573,11
1579049572.863,0.55,1.0432,0.56,1.055,11
1579049573.588,0.55,1.052,0.57,1.0691,11
1579049574.315,0.55,1.0445,0.56,1.057,11
1579049575.042,0.55,1.065,0.55,1.0587,11
1579049575.789,0.54,1.0645,0.54,1.0744,11
1579049576.512,0.57,1.0312,0.54,1.044,11
1579049577.237,0.55,1.0594,0.54,1.045,11
1579049577.973,0.55,1.0445,0.52,1.0582,11
1579049578.697,0.55,1.0517,0.55,1.0528,11
1579049579.421,0.55,1.0637,0.55,1.0431,11
1579049579.781,0.55,1.0406,0.54,1.0588,11
1579049580.507,0.55,1.0465,0.55,1.0471,12
1579049581.249,0.56,1.0387,0.57,1.0475,12
1579049581.983,0.55,1.0344,0.56,1.0519,12
1579049582.711,0.55,1.0393,0.55,1.058,12
1579049583.444,0.56,1.0315,0.56,1.0635,12
1579049584.173,0.56,1.0567,0.53,1.0526,12
1579049584.897,0.55,1.0537,0.54,1.0441,12
1579049585.626,0.58,1.0139,0.55,1.0439,12
1579049586.352,0.56,1.0514,0.55,1.0523,12
1579049587.094,0.56,1.0376,0.54,1.0508,12
1579049587.822,0.55,1.0443,0.56,1.0478,12
1579049588.547,0.55,1.0619,0.56,1.0383,12
1579049588.909,0.55,1.0378,0.55,1.0747,12
1579049589.641,0.55,1.0477,0.56,1.0445,13
1579049590.367,0.56,1.0351,0.56,1.0415,13
1579049591.102,0.54,1.0323,0.56,1.0392,13
1579049591.834,0.56,1.0332,0.54,1.0641,13
1579049592.559,0.56,1.0272,0.55,1.0744,13
1579049593.296,0.56,1.0547,0.55,1.0401,13
1579049594.036,0.55,1.0517,0.54,1.0369,13
1579049594.782,0.58,1.011,0.55,1.0431,13
1579049595.525,0.56,1.0448,0.53,1.0646,13
1579049596.258,0.56,1.0362,0.56,1.0529,13
1579049597.013,0.55,1.0381,0.54,1.0308,13
1579049597.752,0.55,1.0542,0.55,1.0282,13
1579049598.116,0.55,1.0286,0.55,1.0642,13
1579049598.868,0.55,1.0387,0.56,1.0525,14
1579049599.597,0.56,1.0283,0.56,1.0296,14
1579049600.341,0.56,1.0213,0.54,1.0271,14
1579049601.073,0.56,1.0297,0.55,1.0471,14
1579049601.815,0.56,1.0194,0.55,1.0757,14
1579049602.552,0.56,1.0501,0.55,1.0484,14
1579049603.287,0.56,1.042,0.55,1.0283,14
1579049604.02,0.58,1.0047,0.57,1.0215,14
1579049604.754,0.56,1.0414,0.54,1.0499,14
1579049605.488,0.56,1.0308,0.52,1.0581,14
1579049606.216,0.55,1.0387,0.56,1.047,14
1579049606.95,0.55,1.0554,0.56,1.0208,14
1579049607.31,0.55,1.0296,0.59,1.0409,14
1579049608.036,0.56,1.0289,0.57,1.047,15
1579049608.767,0.57,1.0224,0.57,1.0326,15
1579049609.498,0.56,1.0154,0.56,1.0326,15
1579049610.245,0.57,1.0249,0.57,1.0301,15
1579049610.978,0.56,1.0171,0.53,1.0498,15
1579049611.737,0.56,1.0402,0.54,1.0578,15
1579049612.467,0.56,1.0404,0.57,1.031,15
1579049613.204,0.59,0.9964,0.55,1.0299,15
1579049613.93,0.56,1.0415,0.56,1.027,15
1579049614.664,0.56,1.0237,0.54,1.0466,15
1579049615.39,0.56,1.0295,0.54,1.0504,15
1579049616.141,0.55,1.048,0.55,1.0252,15
1579049616.506,0.56,1.0179,0.58,1.0346,15
1579049617.24,0.56,1.0264,0.56,1.0305,16
1579049617.986,0.57,1.015,0.53,1.0335,16
1579049618.722,0.55,1.0144,0.56,1.0379,16
1579049619.454,0.57,1.0171,0.57,1.0352,16
1579049620.185,0.56,1.0139,0.54,1.038,16
1579049620.919,0.56,1.0339,0.54,1.0459,16
1579049621.646,0.56,1.0355,0.54,1.0296,16
1579049622.374,0.59,0.9917,0.55,1.0318,16
1579049623.099,0.56,1.0334,0.58,1.0289,16
1579049623.83,0.56,1.0202,0.56,1.0372,16
1579049624.559,0.56,1.0211,0.55,1.0438,16
1579049625.283,0.55,1.0445,0.56,1.0254,16
1579049625.644,0.57,1.0101,0.58,1.0465,16
1579049626.372,0.56,1.0285,0.59,1.029,17
1579049627.105,0.57,1.0112,0.55,1.0297,17
1579049627.832,0.55,1.0078,0.53,1.0354,17
1579049628.559,0.57,1.0132,0.54,1.0348,17
1579049629.285,0.57,1.0076,0.56,1.0444,17
1579049630.019,0.57,1.0313,0.56,1.0369,17
1579049630.745,0.57,1.0267,0.54,1.023,17
1579049631.477,0.6,0.9868,0.56,1.0218,17
1579049632.25,0.57,1.0242,0.57,1.027,17
1579049632.978,0.57,1.0159,0.57,1.0346,17
1579049633.707,0.57,1.0164,0.54,1.0379,17
1579049634.431,0.56,1.0394,0.56,1.0179,17
1579049634.788,0.57,1.0046,0.58,1.0372,17
1579049635.519,0.56,1.0209,0.59,1.0261,18
1579049636.253,0.57,1.0067,0.54,1.0223,18
1579049636.978,0.56,1.0003,0.54,1.0324,18
1579049637.705,0.58,1.0094,0.55,1.0311,18
1579049638.433,0.57,1.0018,0.56,1.0426,18
1579049639.169,0.57,1.0269,0.55,1.0342,18
1579049639.896,0.57,1.0216,0.55,1.0177,18
1579049640.626,0.59,0.9813,0.55,1.0185,18
1579049641.359,0.57,1.0203,0.58,1.0265,18
1579049642.087,0.57,1.0133,0.56,1.0331,18
1579049642.815,0.57,1.0116,0.55,1.0257,18
1579049643.544,0.57,1.0308,0.56,1.0139,18
1579049643.898,0.57,0.9975,0.57,1.0378,18
1579049644.63,0.56,1.0175,0.56,1.0238,19
1579049645.372,0.58,1.0022,0.56,1.0188,19
1579049646.096,0.57,0.9961,0.54,1.0228,19
1579049646.822,0.58,1.0029,0.55,1.0326,19
1579049647.735,0.57,0.9972,0.55,1.0464,19
1579049648.465,0.57,1.0231,0.56,1.0278,19
1579049649.195,0.57,1.0184,0.55,1.0145,19
1579049649.923,0.6,0.9768,0.56,1.0134,19
1579049650.656,0.57,1.0149,0.55,1.0295,19
1579049651.384,0.57,1.0093,0.56,1.0315,19
1579049652.11,0.57,1.0076,0.56,1.0174,19
1579049652.837,0.57,1.0263,0.57,1.0119,19
1579049653.191,0.57,0.9913,0.54,1.0408,19
1579049653.923,0.56,1.0148,0.56,1.0238,20
1579049654.659,0.58,0.9988,0.56,1.0176,20
1579049655.392,0.57,0.9952,0.55,1.016,20
1579049656.119,0.58,1.0001,0.57,1.0383,20
1579049656.873,0.57,0.994,0.55,1.0438,20
1579049657.609,0.57,1.0202,0.55,1.0218,20
1579049658.349,0.57,1.0147,0.57,1.0089,20
1579049659.092,0.6,0.9748,0.56,1.0116,20
1579049659.826,0.57,1.0116,0.56,1.0339,20
1579049660.56,0.58,1.0079,0.55,1.0293,20
1579049661.301,0.57,1.0086,0.53,1.0288,20
1579049662.025,0.56,1.0362,0.58,1.0155,20
1579049662.382,0.57,0.9967,0.54,1.0495,20
1579049663.126,0.56,1.0183,0.55,1.0238,21
1579049663.868,0.58,0.9946,0.57,1.0096,21
1579049664.594,0.57,0.9934,0.56,1.0205,21
1579049665.325,0.58,1.0029,0.56,1.0283,21
1579049666.067,0.57,0.992,0.53,1.0472,21
1579049666.806,0.57,1.0179,0.55,1.034,21
1579049667.532,0.57,1.0135,0.58,1.0027,21
1579049668.261,0.6,0.9742,0.57,1.0056,21
1579049669.001,0.57,1.012,0.55,1.0258,21
1579049669.73,0.58,1.002,0.53,1.04,21
1579049670.461,0.57,1.0088,0.53,1.0264,21
1579049671.192,0.56,1.026,0.55,1.0003,21
1579049671.549,0.58,0.9819,0.56,1.0194,21
1579049672.283,0.57,1.0106,0.56,1.0419,22
1579049673.032,0.57,1.0062,0.55,1.0152,22
1579049673.758,0.57,0.9873,0.57,1.0101,22
1579049674.488,0.58,0.9979,0.55,1.0354,22
1579049675.227,0.58,0.9981,0.55,1.0339,22
1579049675.959,0.57,1.0117,0.54,1.0355,22
1579049676.688,0.57,1.0166,0.52,1.0337,22
1579049677.422,0.6,0.9773,0.57,1.0042,22
1579049678.172,0.58,1.0077,0.54,1.017,22
1579049678.903,0.57,1.0081,0.54,1.0343,22
1579049679.637,0.58,1.0002,0.55,1.0295,22
1579049680.367,0.57,1.0184,0.57,1.0092,22
1579049680.724,0.58,0.9793,0.57,1.013,22
1579049681.458,0.57,1.0012,0.57,1.0166,23
1579049682.197,0.58,0.9911,0.55,1.0118,23
1579049682.93,0.57,0.9852,0.56,1.0126,23
1579049683.659,0.58,0.9903,0.55,1.0249,23
1579049684.399,0.58,0.9867,0.57,1.0233,23
1579049685.148,0.58,1.0069,0.55,1.022,23
1579049685.881,0.58,1.0077,0.53,1.0213,23
1579049686.614,0.6,0.9657,0.57,1.0108,23
1579049687.351,0.58,1.0031,0.58,1.0163,23
1579049688.079,0.58,0.9989,0.56,1.0215,23
1579049688.818,0.58,0.9918,0.54,1.0251,23
1579049689.544,0.57,1.0169,0.57,1.0073,23
1579049689.905,0.59,0.9687,0.57,1.0197,23
1579049690.636,0.58,1.0033,0.56,1.0184,24
1579049691.378,0.58,0.9894,0.58,1.0067,24
1579049692.118,0.57,0.981,0.55,1.0111,24
1579049692.864,0.58,0.991,0.55,1.032,24
1579049693.601,0.58,0.9829,0.54,1.035,24
1579049694.335,0.58,1.0057,0.53,1.0224,24
1579049695.065,0.57,1.008,0.55,1.0154,24
1579049695.809,0.6,0.9619,0.55,1.0156,24
1579049696.543,0.58,1.0027,0.54,1.0242,24
1579049697.266,0.58,0.9965,0.55,1.0234,24
1579049697.997,0.58,0.9903,0.54,1.0218,24
1579049698.734,0.57,1.0166,0.57,1.0017,24
1579049699.091,0.59,0.9649,0.55,1.026,24
1579049699.824,0.57,1.0078,0.57,1.025,25
1579049700.555,0.58,0.988,0.59,1.0068,25
1579049701.283,0.58,0.9799,0.57,1.0066,25
1579049702.011,0.58,0.9944,0.57,1.0245,25
1579049702.745,0.59,0.9761,0.51,1.0511,25
1579049703.484,0.57,1.0103,0.54,1.0225,25
1579049704.212,0.58,1.001,0.57,1.0052,25
1579049704.945,0.6,0.9604,0.56,1.0158,25
1579049705.675,0.57,1.0049,0.54,1.0229,25
1579049706.399,0.58,0.9897,0.52,1.0373,25
1579049707.126,0.57,1.0041,0.55,1.0162,25
1579049707.861,0.58,1.0092,0.55,1.0113,25
1579049708.217,0.58,0.9744,0.56,1.0163,25
1579049708.951,0.58,1.0049,0.57,1.0131,26
1579049709.685,0.59,0.9819,0.55,1.022,26
1579049710.415,0.57,0.9868,0.58,1.0015,26
1579049711.147,0.58,0.9822,0.56,1.0094,26
1579049711.884,0.58,0.9841,0.55,1.0332,26
1579049712.616,0.58,0.9993,0.52,1.0463,26
1579049713.343,0.58,1.0035,0.56,1.0083,26
1579049714.075,0.6,0.955,0.56,1.0025,26
1579049714.83,0.58,1.0018,0.56,1.0201,26
1579049715.556,0.58,0.9878,0.54,1.0355,26
1579049716.283,0.58,0.986,0.57,1.0119,26
1579049717.036,0.58,1.0026,0.58,0.9981,26
1579049717.392,0.59,0.958,0.59,1.009,26
1579049718.133,0.58,0.9919,0.58,1.007,27
1579049718.882,0.59,0.9755,0.57,1.0056,27
1579049719.61,0.58,0.9728,0.58,1.0048,27
1579049720.353,0.59,0.9776,0.55,1.0094,27
1579049721.088,0.59,0.9699,0.54,1.0211,27
1579049721.813,0.58,0.994,0.55,1.026,27
1579049722.546,0.58,0.9919,0.57,1.0142,27
1579049723.29,0.6,0.9507,0.57,1.0062,27
1579049724.057,0.58,0.9944,0.56,1.0146,27
1579049724.786,0.58,0.9838,0.55,1.0255,27
1579049725.527,0.58,0.9814,0.55,1.013,27
1579049726.277,0.58,0.9998,0.58,1.0001,27
1579049726.632,0.59,0.9524,0.57,1.0125,27
1579049727.369,0.58,0.9916,0.61,1.0071,28
1579049728.101,0.6,0.9717,0.58,1.0017,28
1579049728.826,0.58,0.9707,0.55,0.9978,28
1579049729.557,0.58,0.9755,0.57,1.0141,28
1579049730.311,0.59,0.9664,0.53,1.0339,28
1579049731.044,0.58,0.9942,0.54,1.018,28
1579049731.792,0.58,0.9893,0.56,1.0071,28
1579049732.524,0.61,0.9491,0.55,1.0157,28
1579049733.26,0.59,0.9918,0.55,1.0264,28
1579049734.001,0.58,0.9823,0.54,1.0239,28
1579049734.731,0.58,0.9821,0.57,1.0087,28
1579049735.462,0.58,0.9999,0.57,1.0032,28
1579049735.817,0.6,0.9492,0.54,1.0254,28
1579049736.55,0.58,0.9961,0.62,1.0117,29
1579049737.282,0.59,0.9703,0.61,0.9984,29
1579049738.017,0.58,0.9709,0.57,0.9953,29
1579049738.743,0.58,0.9758,0.55,1.018,29
1579049739.476,0.59,0.9635,0.51,1.0421,29
1579049740.205,0.58,0.9948,0.55,1.0105,29
1579049740.933,0.59,0.9858,0.56,0.9987,29
1579049741.666,0.61,0.9489,0.55,1.0131,29
1579049742.395,0.59,0.9895,0.56,1.0282,29
1579049743.122,0.58,0.9809,0.53,1.0214,29
1579049743.848,0.58,0.9829,0.57,0.9991,29
1579049744.581,0.58,0.995,0.56,1.0025,29
1579049744.936,0.6,0.9494,0.54,1.0192,29
1579049745.675,0.58,0.9911,0.6,1.0102,30
1579049746.406,0.59,0.9685,0.59,1.0045,30
1579049747.131,0.59,0.9719,0.57,0.992,30
1579049747.858,0.59,0.9712,0.58,1.0102,30
1579049748.595,0.59,0.966,0.52,1.0428,30
1579049749.322,0.58,0.9908,0.53,1.0243,30
1579049750.046,0.59,0.9844,0.56,0.9964,30
1579049750.958,0.61,0.9464,0.56,1.0038,30
1579049751.707,0.58,0.9874,0.55,1.03,30
1579049752.448,0.58,0.9795,0.54,1.0263,30
1579049753.174,0.58,0.9785,0.59,0.994,30
1579049753.911,0.59,0.9894,0.58,0.9993,30
1579049754.271,0.6,0.9471,0.56,1.0088,30
1579049755.008,0.58,0.9821,0.61,1.0087,31
1579049755.749,0.59,0.9703,0.56,1.0058,31
1579049756.475,0.58,0.9681,0.56,0.9961,31
1579049757.203,0.59,0.9692,0.57,1.0032,31
1579049757.96,0.59,0.9654,0.52,1.0287,31
1579049758.693,0.59,0.9833,0.51,1.0368,31
1579049759.423,0.59,0.9852,0.57,0.9995,31
1579049760.175,0.61,0.9382,0.57,0.9998,31
1579049760.914,0.59,0.9882,0.57,1.0201,31
1579049761.662,0.59,0.973,0.55,1.0293,31
1579049762.4,0.58,0.9723,0.59,0.9991,31
1579049763.137,0.59,0.9886,0.58,0.9927,31
1579049763.496,0.6,0.9371,0.56,1.0073,31
1579049764.228,0.58,0.9803,0.59,1.0033,32
1579049764.966,0.6,0.9645,0.55,1.0024,32
1579049765.701,0.58,0.9636,0.57,0.9989,32
1579049766.433,0.59,0.9654,0.57,1.0003,32
1579049767.169,0.59,0.9596,0.53,1.0175,32
1579049767.901,0.59,0.9793,0.52,1.0291,32
1579049768.629,0.59,0.9792,0.57,1.0018,32
1579049769.353,0.61,0.9341,0.57,0.998,32
1579049770.084,0.59,0.9831,0.57,1.0146,32
1579049770.817,0.59,0.9686,0.54,1.0245,32
1579049771.543,0.58,0.9674,0.59,1.0008,32
1579049772.274,0.59,0.9857,0.58,0.9934,32
1579049772.633,0.61,0.9294,0.56,1.0118,32
1579049773.368,0.58,0.9779,0.58,1.0036,33
1579049774.104,0.6,0.9586,0.55,1.0046,33
1579049774.869,0.59,0.9608,0.55,1.0022,33
1579049775.595,0.59,0.9602,0.57,1.0082,33
1579049776.329,0.59,0.9558,0.53,1.0216,33
1579049777.068,0.59,0.9752,0.53,1.0213,33
1579049777.794,0.59,0.9741,0.57,0.9998,33
1579049778.521,0.61,0.9307,0.57,1.0022,33
1579049779.269,0.59,0.9777,0.57,1.0161,33
1579049779.998,0.59,0.966,0.55,1.0152,33
1579049780.728,0.59,0.9639,0.57,0.9963,33
1579049781.48,0.59,0.9824,0.57,0.9938,33
1579049781.835,0.61,0.9237,0.56,1.0148,33
1579049782.572,0.58,0.9758,0.58,1.0004,34
1579049783.317,0.61,0.9537,0.58,0.9988,34
1579049784.055,0.59,0.958,0.56,0.9988,34
1579049784.795,0.59,0.9559,0.54,1.0136,34
1579049785.535,0.59,0.9521,0.52,1.0233,34
1579049786.278,0.59,0.9721,0.54,1.0092,34
1579049787.019,0.6,0.97,0.57,0.9968,34
1579049787.753,0.62,0.9274,0.57,1.008,34
1579049788.487,0.59,0.974,0.56,1.0159,34
1579049789.227,0.59,0.9642,0.57,1.0055,34
1579049789.956,0.59,0.9605,0.58,0.9934,34
1579049790.689,0.59,0.9801,0.56,0.9951,34
1579049791.049,0.62,0.9172,0.56,1.0217,34
1579049791.816,0.58,0.9734,0.58,1.0004,35
1579049792.555,0.61,0.9503,0.59,0.9935,35
1579049793.289,0.59,0.9543,0.54,1.0022,35
1579049794.019,0.59,0.9535,0.54,1.0222,35
1579049794.754,0.6,0.9482,0.51,1.018,35
1579049795.485,0.59,0.9686,0.56,0.999,35
1579049796.229,0.6,0.9665,0.57,0.9995,35
1579049796.957,0.62,0.9251,0.57,1.0114,35
1579049797.689,0.6,0.9695,0.57,1.0152,35
1579049798.426,0.59,0.9629,0.56,0.9985,35
1579049799.153,0.59,0.9562,0.58,0.988,35
1579049799.887,0.59,0.9762,0.56,0.9993,35
1579049800.246,0.62,0.9115,0.58,1.0276,35
1579049800.983,0.58,0.9702,0.6,0.9933,36
1579049801.717,0.61,0.9485,0.61,0.9914,36
1579049802.448,0.59,0.9503,0.53,1.012,36
1579049803.173,0.59,0.9517,0.54,1.0246,36
1579049803.906,0.6,0.9453,0.51,1.0145,36
1579049804.636,0.59,0.9659,0.56,0.9934,36
1579049805.363,0.6,0.9622,0.56,1.0022,36
1579049806.089,0.62,0.9217,0.56,1.0171,36
1579049806.853,0.6,0.9655,0.58,1.0087,36
1579049807.581,0.59,0.961,0.57,0.9907,36
1579049808.317,0.6,0.9525,0.57,0.9906,36
1579049809.05,0.59,0.9736,0.56,1.0021,36
1579049809.408,0.62,0.9061,0.58,1.0249,36
1579049810.143,0.59,0.9657,0.6,0.9879,37
1579049810.882,0.61,0.9465,0.58,0.9907,37
1579049811.61,0.6,0.9449,0.54,1.0211,37
1579049812.355,0.59,0.9495,0.53,1.0202,37
1579049813.091,0.6,0.9412,0.53,1.0085,37
1579049813.817,0.6,0.9633,0.56,0.9928,37
1579049814.544,0.6,0.9567,0.57,1.0089,37
1579049815.281,0.62,0.918,0.58,1.0173,37
1579049816.035,0.6,0.9615,0.58,1.0038,37
1579049816.769,0.59,0.9592,0.56,0.9922,37
1579049817.496,0.6,0.949,0.57,0.9938,37
1579049818.233,0.6,0.9707,0.57,1.0012,37
1579049818.593,0.62,0.9006,0.57,1.0228,37
1579049819.339,0.59,0.9617,0.61,0.986,38
1579049820.078,0.62,0.9448,0.59,0.9939,38
1579049820.812,0.6,0.9408,0.54,1.0212,38
1579049821.555,0.59,0.9462,0.54,1.0116,38
1579049822.288,0.6,0.9376,0.52,1.0042,38
1579049823.016,0.6,0.9607,0.56,0.9887,38
1579049823.746,0.6,0.9533,0.57,1.0111,38
1579049824.475,0.62,0.9152,0.58,1.008,38
1579049825.216,0.6,0.9568,0.59,1.0002,38
1579049825.947,0.59,0.9565,0.57,0.9945,38
1579049826.696,0.6,0.9461,0.57,0.9912,38
1579049827.431,0.6,0.9675,0.57,0.9999,38
1579049827.792,0.63,0.8945,0.57,1.0212,38
1579049828.529,0.59,0.9573,0.61,0.9882,39
1579049829.259,0.62,0.9433,0.57,1.0038,39
1579049829.989,0.6,0.9394,0.53,1.0238,39
1579049830.718,0.6,0.9438,0.53,1.0102,39
1579049831.448,0.6,0.9337,0.54,1.0018,39
1579049832.182,0.6,0.9568,0.58,0.9905,39
1579049832.911,0.6,0.9505,0.57,1.0177,39
1579049833.644,0.62,0.9143,0.58,1.0018,39
1579049834.388,0.6,0.9543,0.58,1.0029,39
1579049835.131,0.59,0.9538,0.57,0.9962,39
1579049835.861,0.6,0.9431,0.57,0.9935,39
1579049836.596,0.6,0.9652,0.55,1.0021,39
1579049836.954,0.63,0.8893,0.56,1.0236,39
1579049837.694,0.6,0.9533,0.61,0.9922,40
1579049838.436,0.62,0.9378,0.57,1.0041,40
1579049839.186,0.6,0.934,0.55,1.0288,40
1579049839.921,0.6,0.9412,0.55,1.0077,40
1579049840.667,0.6,0.931,0.57,0.996,40
1579049841.412,0.6,0.9524,0.57,0.9952,40
1579049842.162,0.61,0.9456,0.57,1.0172,40
1579049842.897,0.62,0.9099,0.57,0.9977,40
1579049843.636,0.6,0.952,0.58,1.0082,40
1579049844.371,0.6,0.953,0.57,0.9995,40
1579049845.105,0.6,0.9427,0.58,1.0025,40
1579049845.863,0.6,0.9664,0.56,1.0013,40
1579049846.234,0.63,0.8863,0.56,1.0381,40
1579049847.014,0.6,0.9535,0.6,0.994,41
1579049847.761,0.62,0.9388,0.59,1.0069,41
1579049848.504,0.6,0.9338,0.54,1.0305,41
1579049849.245,0.6,0.9396,0.57,1.0052,41
1579049849.985,0.6,0.9293,0.59,0.9943,41
1579049850.716,0.6,0.9513,0.58,0.9926,41
1579049851.649,0.61,0.9452,0.58,1.025,41
1579049852.396,0.62,0.9098,0.57,0.9982,41
1579049853.127,0.6,0.9505,0.59,1.0072,41
1579049853.861,0.6,0.9502,0.58,1.0029,41
1579049854.587,0.6,0.9379,0.57,0.9953,41
1579049855.328,0.6,0.9614,0.56,1.0082,41
1579049855.69,0.63,0.8797,0.55,1.0331,41
1579049856.426,0.6,0.9499,0.59,0.9959,42
1579049857.172,0.62,0.9319,0.59,1.0015,42
1579049857.904,0.61,0.9272,0.54,1.0336,42
1579049858.656,0.6,0.9361,0.55,1.0021,42
1579049859.384,0.61,0.9252,0.58,0.9932,42
1579049860.116,0.6,0.9462,0.56,0.9997,42
1579049860.851,0.61,0.9382,0.58,1.0199,42
1579049861.579,0.62,0.9026,0.58,0.9975,42
1579049862.307,0.61,0.9454,0.57,1.01,42
1579049863.039,0.6,0.9468,0.58,1.0065,42
1579049863.771,0.6,0.9369,0.57,0.9954,42
1579049864.501,0.6,0.9591,0.58,1.0051,42
1579049864.863,0.64,0.8755,0.56,1.045,42
1579049865.597,0.6,0.9487,0.59,0.9962,43
1579049866.331,0.62,0.9367,0.56,1.0204,43
1579049867.067,0.6,0.9359,0.53,1.0361,43
1579049867.794,0.6,0.9404,0.56,1.0158,43
1579049868.52,0.61,0.9274,0.58,0.9842,43
1579049869.262,0.6,0.9438,0.58,1.0007,43
1579049870.036,0.61,0.9363,0.58,1.0255,43
1579049870.781,0.63,0.9029,0.57,0.9982,43
1579049871.519,0.6,0.9465,0.58,1.0139,43
1579049872.28,0.6,0.9484,0.6,1.0066,43
1579049873.014,0.61,0.9341,0.57,1.0045,43
1579049873.749,0.61,0.9584,0.58,1.0078,43
1579049874.115,0.64,0.869,0.53,1.0398,43
1579049874.854,0.6,0.9446,0.59,1.0018,44
1579049875.597,0.62,0.9264,0.57,1.0044,44
1579049876.335,0.61,0.9215,0.53,1.0399,44
1579049877.066,0.6,0.931,0.58,1.0017,44
1579049877.823,0.61,0.9194,0.58,0.9961,44
1579049878.564,0.61,0.9403,0.58,0.9988,44
1579049879.306,0.61,0.9327,0.57,1.0227,44
1579049880.039,0.63,0.8955,0.58,0.9941,44
1579049880.772,0.61,0.9414,0.56,1.0113,44
1579049881.529,0.6,0.94,0.59,1.0121,44
1579049882.259,0.61,0.9299,0.57,0.9964,44
1579049882.992,0.61,0.9527,0.61,1.011,44
1579049883.362,0.64,0.8634,0.56,1.0563,44
1579049884.096,0.6,0.9431,0.59,1.0013,45
1579049884.821,0.62,0.9262,0.57,1.0169,45
1579049885.555,0.61,0.9225,0.51,1.0494,45
1579049886.29,0.6,0.932,0.58,1.0101,45
1579049887.02,0.61,0.9179,0.58,0.9871,45
1579049887.766,0.6,0.9385,0.59,1.0102,45
1579049888.493,0.62,0.9277,0.57,1.026,45
1579049889.224,0.63,0.8938,0.56,0.9957,45
1579049889.952,0.61,0.937,0.57,1.0162,45
1579049890.686,0.6,0.9413,0.57,1.0178,45
1579049891.42,0.6,0.9317,0.57,1.0074,45
1579049892.145,0.61,0.9523,0.6,1.0071,45
1579049892.509,0.64,0.8654,0.56,1.0669,45
1579049893.24,0.6,0.9444,0.58,1.0064,46
1579049893.972,0.62,0.9345,0.58,1.031,46
1579049894.716,0.6,0.9349,0.52,1.0427,46
1579049895.443,0.61,0.9308,0.57,1.0131,46
1579049896.171,0.61,0.916,0.59,0.9937,46
1579049896.933,0.61,0.938,0.63,0.9945,46
1579049897.664,0.61,0.9363,0.57,1.0483,46
1579049898.392,0.63,0.9001,0.57,1.0032,46
1579049899.134,0.61,0.9399,0.57,1.0096,46
1579049899.869,0.6,0.9387,0.57,1.0231,46
1579049900.603,0.61,0.9268,0.57,0.9997,46
1579049901.343,0.61,0.9504,0.59,1.0133,46
1579049901.71,0.65,0.8558,0.55,1.0491,46
1579049902.442,0.6,0.9382,0.6,1.0036,47
1579049903.179,0.62,0.9195,0.58,1.0178,47
1579049903.912,0.61,0.9203,0.52,1.0398,47
1579049904.643,0.6,0.9216,0.57,1.0111,47
1579049905.374,0.62,0.913,0.57,1.0103,47
1579049906.111,0.61,0.9399,0.58,0.9901,47
1579049906.844,0.62,0.9263,0.54,1.026,47
1579049907.573,0.64,0.8833,0.57,1.0095,47
1579049908.319,0.61,0.9322,0.57,0.9997,47
1579049909.06,0.6,0.9388,0.58,1.0277,47
1579049909.796,0.61,0.9274,0.59,0.9965,47
1579049910.544,0.61,0.9411,0.61,1.0026,47
1579049910.92,0.65,0.8499,0.55,1.0651,47
1579049911.677,0.6,0.9402,0.58,1.0075,48
1579049912.43,0.63,0.9246,0.59,1.0216,48
1579049913.17,0.61,0.9171,0.53,1.0576,48
1579049913.899,0.6,0.9214,0.57,1.0158,48
1579049914.639,0.62,0.9216,0.61,1.0177,48
1579049915.399,0.61,0.9437,0.6,0.9954,48
1579049916.136,0.62,0.9187,0.58,1.0213,48
1579049916.869,0.63,0.8922,0.56,1.039,48
1579049917.599,0.6,0.9496,0.62,0.9969,48
1579049918.35,0.6,0.9382,0.58,1.0157,48
1579049919.084,0.61,0.9304,0.58,1.0588,48
1579049919.818,0.59,0.9628,0.62,1.0026,48
1579049920.185,0.65,0.8491,0.56,1.0338,48
1579049920.927,0.61,0.9391,0.58,1.0356,49
1579049921.662,0.62,0.9162,0.61,1.0147,49
1579049922.404,0.62,0.9091,0.59,1.0179,49
1579049923.139,0.61,0.9193,0.57,1.0271,49
1579049923.873,0.62,0.9038,0.58,1.0145,49
1579049924.614,0.61,0.9233,0.59,0.9864,49
1579049925.356,0.62,0.919,0.57,1.008,49
1579049926.093,0.65,0.8753,0.55,1.0269,49
1579049926.853,0.61,0.9279,0.58,0.999,49
1579049927.595,0.61,0.9243,0.57,0.9972,49
1579049928.333,0.61,0.9171,0.61,1.0257,49
1579049929.061,0.61,0.9408,0.6,1.0174,49
1579049929.418,0.65,0.8369,0.56,1.0376,49
1579049930.145,0.61,0.927,0.59,1.0149,50
1579049930.876,0.63,0.9079,0.57,1.0183,50
1579049931.616,0.62,0.9028,0.53,1.0419,50
1579049932.363,0.61,0.9144,0.59,1.0123,50
1579049933.092,0.63,0.8989,0.62,1.0057,50
1579049933.837,0.61,0.9208,0.58,1.0072,50
1579049934.569,0.62,0.9113,0.57,1.0217,50
1579049935.296,0.64,0.8771,0.6,1.0107,50
1579049936.043,0.61,0.9216,0.61,1.0037,50
1579049936.784,0.61,0.9218,0.57,1.0153,50
1579049937.513,0.61,0.9202,0.62,1.0189,50
1579049938.245,0.61,0.9332,0.59,1.0212,50
1579049938.603,0.65,0.8362,0.54,1.0552,50
1579049939.336,0.61,0.9273,0.6,1.0165,51
1579049940.068,0.63,0.9035,0.56,1.0327,51
1579049940.836,0.6,0.9131,0.56,1.0465,51
1579049941.592,0.61,0.9117,0.56,1.0145,51
1579049942.326,0.62,0.9026,0.58,1.0283,51
1579049943.057,0.61,0.9291,0.58,1.0018,51
1579049943.794,0.63,0.9077,0.55,1.0308,51
1579049944.524,0.63,0.8856,0.56,1.0412,51
1579049945.278,0.61,0.9225,0.6,1.0021,51
1579049946.019,0.6,0.9325,0.6,1.0173,51
1579049946.757,0.61,0.921,0.58,1.0547,51
1579049947.492,0.61,0.9371,0.59,1.0207,51
1579049947.853,0.65,0.8386,0.59,1.0325,51
1579049948.589,0.62,0.9165,0.56,1.0276,52
1579049949.316,0.62,0.9055,0.58,1.0257,52
1579049950.048,0.62,0.8983,0.59,1.0226,52
1579049950.787,0.61,0.9058,0.58,1.0046,52
1579049951.519,0.62,0.8965,0.58,1.0241,52
1579049952.247,0.62,0.9117,0.6,1.0037,52
1579049952.982,0.62,0.9088,0.58,0.9978,52
1579049953.713,0.65,0.8689,0.53,1.0326,52
1579049954.445,0.61,0.917,0.59,1.0125,52
1579049955.185,0.62,0.9162,0.58,0.9836,52
1579049956.103,0.61,0.9097,0.58,1.0268,52
1579049956.864,0.61,0.9302,0.57,1.0452,52
1579049957.221,0.66,0.822,0.59,1.0294,52
1579049957.955,0.62,0.9137,0.59,1.0108,53
1579049958.687,0.63,0.9004,0.54,1.0451,53
1579049959.419,0.62,0.8962,0.59,1.0321,53
1579049960.161,0.61,0.9023,0.56,0.9897,53
1579049960.889,0.62,0.8936,0.6,1.0334,53
1579049961.615,0.62,0.9132,0.58,1.0053,53
1579049962.376,0.63,0.9014,0.58,1.0036,53
1579049963.106,0.64,0.8689,0.54,1.0353,53
1579049963.834,0.62,0.9138,0.62,1.0069,53
1579049964.567,0.62,0.9128,0.6,1.003,53
1579049965.303,0.61,0.9113,0.61,1.0333,53
1579049966.051,0.61,0.9248,0.58,1.0372,53
1579049966.42,0.67,0.8186,0.55,1.047,53
1579049967.156,0.62,0.9151,0.61,1.0187,54
1579049967.886,0.63,0.895,0.58,1.0446,54
1579049968.619,0.62,0.8995,0.58,1.0323,54
1579049969.373,0.61,0.8992,0.56,1.0055,54
1579049970.111,0.63,0.8897,0.61,1.0357,54
1579049970.847,0.62,0.9146,0.59,1.0015,54
1579049971.602,0.63,0.901,0.55,1.0356,54
1579049972.334,0.64,0.8751,0.55,1.0343,54
1579049973.081,0.61,0.9112,0.61,1.0085,54
1579049973.811,0.61,0.917,0.59,1.0193,54
1579049974.551,0.62,0.9118,0.57,1.0379,54
1579049975.295,0.61,0.9215,0.58,1.0445,54
1579049975.652,0.66,0.8207,0.57,1.047,54
1579049976.399,0.62,0.9098,0.59,1.024,55
1579049977.138,0.63,0.8981,0.58,1.0446,55
1579049977.879,0.62,0.8949,0.59,1.0283,55
1579049978.622,0.62,0.8941,0.57,1.0055,55
1579049979.383,0.62,0.8918,0.58,1.0365,55
1579049980.11,0.62,0.9038,0.61,1.0078,55
1579049980.842,0.63,0.9028,0.55,1.0284,55
1579049981.58,0.64,0.8693,0.54,1.036,55
1579049982.311,0.62,0.9083,0.62,1.0171,55
1579049983.037,0.61,0.9163,0.58,1.0016,55
1579049983.774,0.62,0.9014,0.58,1.038,55
1579049984.51,0.61,0.9226,0.57,1.0508,55
1579049984.867,0.68,0.8084,0.58,1.0496,55
1579049985.602,0.62,0.9071,0.57,1.0195,56
1579049986.332,0.63,0.896,0.57,1.0513,56
1579049987.066,0.63,0.886,0.59,1.038,56
1579049987.808,0.62,0.8935,0.56,0.9904,56
1579049988.536,0.63,0.8882,0.58,1.0476,56
1579049989.261,0.62,0.903,0.59,1.0101,56
1579049990.005,0.63,0.8991,0.56,1.0214,56
1579049990.741,0.64,0.8628,0.55,1.0315,56
1579049991.473,0.62,0.9049,0.61,1.0263,56
1579049992.224,0.62,0.9059,0.57,0.993,56
1579049992.983,0.62,0.8974,0.6,1.0306,56
1579049993.712,0.62,0.9161,0.57,1.0608,56
1579049994.072,0.68,0.8007,0.57,1.0435,56
1579049994.807,0.62,0.9031,0.56,1.0201,57
1579049995.533,0.63,0.8897,0.53,1.0616,57
1579049996.272,0.63,0.8848,0.58,1.034,57
1579049997.006,0.62,0.8891,0.57,0.996,57
1579049997.736,0.63,0.8825,0.56,1.0602,57
1579049998.472,0.62,0.9017,0.59,1.0045,57
1579049999.225,0.63,0.8949,0.53,1.035,57
1579049999.982,0.65,0.8623,0.55,1.0442,57
1579050000.719,0.62,0.9062,0.63,1.0207,57
1579050001.465,0.62,0.9071,0.58,1.0049,57
1579050002.208,0.62,0.9029,0.6,1.0533,57
1579050002.943,0.61,0.9186,0.57,1.038,57
1579050003.309,0.67,0.7991,0.56,1.0708,57
1579050004.072,0.62,0.9045,0.56,1.0184,58
1579050004.812,0.64,0.888,0.56,1.0436,58
1579050005.548,0.63,0.8836,0.55,1.0624,58
1579050006.288,0.62,0.8913,0.57,0.9923,58
1579050007.021,0.63,0.8866,0.58,1.0427,58
1579050007.759,0.63,0.899,0.57,1.038,58
1579050008.497,0.63,0.8923,0.57,1.0215,58
1579050009.244,0.64,0.8624,0.55,1.0279,58
1579050009.997,0.63,0.8963,0.59,1.0477,58
1579050010.725,0.62,0.9084,0.6,1.0122,58
1579050011.458,0.62,0.8984,0.59,1.0121,58
1579050012.203,0.62,0.9132,0.55,1.1023,58
1579050012.563,0.68,0.8041,0.58,1.0402,58
1579050013.317,0.62,0.9026,0.57,1.0269,59
1579050014.055,0.63,0.893,0.53,1.0729,59
1579050014.796,0.63,0.8861,0.6,1.0356,59
1579050015.535,0.62,0.8839,0.58,0.9977,59
1579050016.267,0.63,0.8825,0.58,1.041,59
1579050017.011,0.63,0.8916,0.58,1.0392,59
1579050017.741,0.63,0.8889,0.59,1.01,59
1579050018.48,0.64,0.8558,0.53,1.0395,59
1579050019.232,0.63,0.8984,0.57,1.0515,59
1579050019.962,0.62,0.9075,0.57,1.0088,59
1579050020.704,0.63,0.8872,0.59,1.0199,59
1579050021.456,0.62,0.9152,0.56,1.0871,59
1579050021.811,0.68,0.7904,0.56,1.0753,59
1579050022.552,0.62,0.8983,0.58,1.0206,60
1579050023.281,0.63,0.8967,0.55,1.0709,60
1579050024.015,0.64,0.8776,0.53,1.0673,60
1579050024.752,0.62,0.8879,0.58,0.9812,60
1579050025.485,0.63,0.8814,0.57,1.0333,60
1579050026.215,0.63,0.8911,0.57,1.0453,60
1579050026.946,0.63,0.8899,0.56,1.0167,60
1579050027.681,0.65,0.8528,0.56,1.0158,60
1579050028.41,0.62,0.9014,0.52,1.0747,60
1579050029.149,0.63,0.9007,0.59,0.9928,60
1579050029.886,0.63,0.8885,0.6,1.0225,60
1579050030.622,0.62,0.9146,0.56,1.0791,60
1579050030.977,0.68,0.7857,0.55,1.0765,60
1579050031.745,0.62,0.8962,0.58,1.0247,61
1579050032.483,0.64,0.8923,0.53,1.072,61
1579050033.218,0.64,0.8782,0.53,1.0895,61
1579050033.955,0.62,0.8874,0.58,0.9876,61
1579050034.71,0.61,0.8883,0.57,1.0422,61
1579050035.444,0.63,0.8944,0.57,1.0531,61
1579050036.185,0.64,0.8885,0.6,1.0186,61
1579050036.927,0.66,0.8484,0.56,1.0153,61
1579050037.671,0.63,0.8979,0.51,1.0747,61
1579050038.411,0.63,0.9008,0.59,1.0206,61
1579050039.151,0.63,0.8827,0.56,0.9914,61
1579050039.901,0.62,0.9162,0.58,1.0907,61
1579050040.279,0.68,0.7865,0.53,1.0954,61
1579050041.027,0.62,0.8989,0.58,1.03,62
1579050041.769,0.63,0.9011,0.53,1.067,62
1579050042.496,0.63,0.8788,0.53,1.1276,62
1579050043.227,0.62,0.9018,0.58,1.0021,62
1579050043.968,0.63,0.8742,0.57,0.9937,62
1579050044.697,0.63,0.8872,0.55,1.0743,62
1579050045.426,0.63,0.8895,0.55,1.0365,62
1579050046.167,0.66,0.8371,0.6,0.9944,62
1579050046.933,0.63,0.9128,0.51,1.0562,62
1579050047.661,0.63,0.8959,0.55,1.0704,62
1579050048.397,0.63,0.8896,0.58,0.9895,62
1579050049.135,0.62,0.9153,0.59,1.0229,62
1579050049.492,0.7,0.781,0.51,1.1474,62
1579050050.235,0.61,0.9202,0.57,1.0316,63
1579050050.965,0.64,0.877,0.56,1.0478,63
1579050051.7,0.61,0.9138,0.53,1.1052,63
1579050052.441,0.62,0.8891,0.57,1.0828,63
1579050053.176,0.64,0.8747,0.6,1.0074,63
1579050053.906,0.63,0.9007,0.59,0.9863,63
1579050054.641,0.63,0.8833,0.53,1.084,63
1579050055.38,0.65,0.8516,0.52,1.0791,63
1579050056.112,0.63,0.8988,0.63,0.9998,63
1579050056.852,0.6,0.9248,0.54,1.0287,63
1579050057.762,0.63,0.8823,0.55,1.0795,63
1579050058.499,0.62,0.9063,0.56,1.027,63
1579050058.862,0.69,0.7779,0.59,1.045,63
1579050059.61,0.63,0.8907,0.56,1.0385,64
1579050060.376,0.64,0.8748,0.54,1.0712,64
1579050061.112,0.64,0.8715,0.55,1.0782,64
1579050061.868,0.63,0.8796,0.58,1.0231,64
1579050062.608,0.63,0.8669,0.56,1.044,64
1579050063.346,0.64,0.8776,0.58,1.0208,64
1579050064.079,0.64,0.8702,0.58,1.0131,64
1579050064.81,0.66,0.8335,0.54,1.054,64
1579050065.552,0.63,0.8995,0.58,1.0331,64
1579050066.291,0.62,0.8995,0.56,1.0332,64
1579050067.025,0.64,0.8756,0.58,1.0294,64
1579050067.754,0.63,0.8976,0.58,1.0221,64
1579050068.12,0.7,0.7703,0.58,1.0964,64
1579050068.856,0.62,0.8902,0.53,1.03,65
1579050069.603,0.64,0.8729,0.57,1.0525,65
1579050070.336,0.63,0.8771,0.54,1.1159,65
1579050071.097,0.62,0.881,0.58,1.0515,65
1579050071.835,0.64,0.8668,0.57,1.0389,65
1579050072.579,0.64,0.8847,0.58,1.0205,65
1579050073.316,0.65,0.8684,0.56,1.0555,65
1579050074.051,0.66,0.8371,0.55,1.0668,65
1579050074.804,0.63,0.8984,0.63,1.0125,65
1579050075.535,0.61,0.9071,0.54,1.0487,65
1579050076.267,0.64,0.8793,0.56,1.0787,65
1579050077.016,0.62,0.9033,0.56,1.0128,65
1579050077.373,0.69,0.7775,0.58,1.0681,65
1579050078.108,0.63,0.8766,0.58,1.0686,66
1579050078.863,0.64,0.8646,0.56,1.047,66
1579050079.597,0.63,0.8745,0.56,1.0866,66
1579050080.334,0.63,0.8748,0.57,1.0722,66
1579050081.072,0.64,0.8568,0.59,1.0362,66
1579050081.816,0.64,0.869,0.54,1.0315,66
1579050082.551,0.64,0.8732,0.56,1.0282,66
1579050083.286,0.66,0.8287,0.56,1.0584,66
1579050084.03,0.63,0.8818,0.58,1.0279,66
1579050084.777,0.63,0.8905,0.59,1.0162,66
1579050085.514,0.64,0.8855,0.55,1.0769,66
1579050086.25,0.62,0.9049,0.56,1.0306,66
1579050086.617,0.7,0.7576,0.58,1.0513,66
1579050087.358,0.63,0.8744,0.58,1.0698,67
1579050088.095,0.64,0.8666,0.54,1.0558,67
1579050088.837,0.63,0.8738,0.53,1.0945,67
1579050089.574,0.63,0.8706,0.55,1.0771,67
1579050090.329,0.65,0.8529,0.6,1.0422,67
1579050091.065,0.63,0.8754,0.57,1.0507,67
1579050091.823,0.64,0.8631,0.56,1.0503,67
1579050092.558,0.66,0.8243,0.58,1.0359,67
1579050093.297,0.63,0.8779,0.54,1.0444,67
1579050094.038,0.63,0.8909,0.58,1.0311,67
1579050094.77,0.63,0.8839,0.57,1.0492,67
1579050095.497,0.63,0.8891,0.57,1.0473,67
1579050095.862,0.71,0.7577,0.58,1.0575,67
1579050096.594,0.63,0.8796,0.59,1.0672,68
1579050097.332,0.65,0.8593,0.54,1.0717,68
1579050098.07,0.62,0.8771,0.53,1.0926,68
1579050098.817,0.63,0.8706,0.57,1.0882,68
1579050099.545,0.64,0.8541,0.55,1.0631,68
1579050100.288,0.63,0.8781,0.57,1.0525,68
1579050101.033,0.65,0.8576,0.56,1.0718,68
1579050101.777,0.66,0.8276,0.59,1.0555,68
1579050102.518,0.64,0.876,0.59,1.0393,68
1579050103.26,0.63,0.8886,0.58,1.04,68
1579050103.991,0.64,0.8784,0.57,1.0554,68
1579050104.727,0.63,0.8857,0.58,1.0491,68
1579050105.098,0.7,0.7586,0.58,1.0526,68
1579050105.837,0.63,0.8684,0.6,1.0603,69
1579050106.568,0.65,0.8557,0.56,1.0826,69
1579050107.308,0.63,0.872,0.57,1.0753,69
1579050108.037,0.63,0.8618,0.58,1.0795,69
1579050108.767,0.64,0.8539,0.61,1.0779,69
1579050109.506,0.64,0.8677,0.57,1.041,69
1579050110.236,0.65,0.8582,0.56,1.0707,69
1579050110.969,0.66,0.823,0.5,1.0806,69
1579050111.717,0.64,0.8731,0.6,1.0346,69
1579050112.457,0.63,0.8884,0.58,1.0347,69
1579050113.191,0.64,0.8694,0.55,1.0637,69
1579050113.945,0.63,0.8858,0.58,1.0499,69
1579050114.31,0.71,0.7508,0.59,1.0481,69
1579050115.044,0.64,0.8612,0.6,1.0565,70
1579050115.797,0.65,0.8538,0.54,1.0886,70
1579050116.528,0.64,0.8624,0.57,1.0665,70
1579050117.259,0.63,0.8588,0.57,1.0741,70
1579050117.997,0.64,0.8496,0.59,1.0857,70
1579050118.731,0.64,0.8627,0.56,1.04,70
1579050119.462,0.65,0.8571,0.53,1.0767,70
1579050120.214,0.66,0.8169,0.51,1.0888,70
1579050120.983,0.63,0.8712,0.62,1.0348,70
1579050121.752,0.63,0.881,0.57,1.0329,70
1579050122.487,0.65,0.8636,0.56,1.0636,70
1579050123.22,0.63,0.8827,0.57,1.0473,70
1579050123.579,0.72,0.7436,0.57,1.0503,70
1579050124.32,0.64,0.8596,0.6,1.0528,71
1579050125.052,0.65,0.8481,0.55,1.0854,71
1579050125.792,0.64,0.8578,0.57,1.0687,71
1579050126.526,0.63,0.8561,0.57,1.0736,71
1579050127.256,0.65,0.8443,0.59,1.0845,71
1579050127.998,0.64,0.8591,0.57,1.0468,71
1579050128.731,0.65,0.8516,0.55,1.0828,71
1579050129.463,0.66,0.8127,0.53,1.0801,71
1579050130.206,0.64,0.8666,0.61,1.0363,71
1579050130.943,0.64,0.8747,0.58,1.0412,71
1579050131.676,0.64,0.8623,0.56,1.0651,71
1579050132.408,0.64,0.8795,0.59,1.0379,71
1579050132.768,0.72,0.7381,0.53,1.0758,71
1579050133.499,0.64,0.8606,0.56,1.0397,72
1579050134.234,0.65,0.8478,0.54,1.0884,72
1579050134.999,0.64,0.8623,0.57,1.0769,72
1579050135.733,0.63,0.8556,0.57,1.0697,72
1579050136.472,0.65,0.8406,0.59,1.0816,72
1579050137.214,0.64,0.8608,0.61,1.0554,72
1579050137.954,0.65,0.8463,0.55,1.0837,72
1579050138.694,0.66,0.8124,0.58,1.0762,72
1579050139.428,0.64,0.8651,0.58,1.0456,72
1579050140.17,0.64,0.8687,0.58,1.0499,72
1579050140.903,0.64,0.8635,0.57,1.0677,72
1579050141.636,0.64,0.8757,0.58,1.0431,72
1579050142.027,0.72,0.7345,0.56,1.0887,72
1579050142.764,0.64,0.8617,0.57,1.0392,73
1579050143.499,0.65,0.8444,0.53,1.0896,73
1579050144.242,0.63,0.8634,0.58,1.0844,73
1579050144.976,0.63,0.8536,0.57,1.0654,73
1579050145.71,0.65,0.8386,0.58,1.0936,73
1579050146.448,0.64,0.865,0.58,1.0456,73
1579050147.197,0.65,0.8467,0.55,1.1044,73
1579050147.925,0.66,0.8184,0.58,1.0728,73
1579050148.657,0.63,0.8664,0.59,1.0437,73
1579050149.394,0.64,0.8724,0.58,1.0544,73
1579050150.139,0.64,0.8657,0.57,1.0731,73
1579050150.872,0.64,0.872,0.6,1.0445,73
1579050151.229,0.72,0.7354,0.53,1.0777,73
1579050151.976,0.64,0.8549,0.57,1.049,74
1579050152.716,0.66,0.8431,0.56,1.0742,74
1579050153.462,0.63,0.8587,0.58,1.0897,74
1579050154.194,0.64,0.8499,0.55,1.0626,74
1579050154.927,0.64,0.8558,0.55,1.1282,74
1579050155.662,0.65,0.8761,0.57,1.0437,74
1579050156.4,0.63,0.8696,0.53,1.142,74
1579050157.132,0.65,0.8338,0.53,1.1065,74
1579050157.864,0.63,0.8657,0.61,1.0353,74
1579050158.781,0.62,0.8937,0.55,1.0737,74
1579050159.53,0.65,0.8598,0.55,1.0766,74
1579050160.285,0.62,0.8918,0.56,1.062,74
1579050160.647,0.73,0.7396,0.57,1.0528,74
1579050161.394,0.63,0.8594,0.57,1.0521,75
1579050162.129,0.64,0.8614,0.56,1.1005,75
1579050162.886,0.64,0.8593,0.57,1.0674,75
1579050163.631,0.63,0.8596,0.56,1.0433,75
1579050164.374,0.64,0.8431,0.56,1.1132,75
1579050165.134,0.64,0.8707,0.59,1.0628,75
1579050165.886,0.66,0.8392,0.59,1.0406,75
1579050166.642,0.66,0.8078,0.55,1.1031,75
1579050167.389,0.63,0.882,0.56,1.0774,75
1579050168.126,0.64,0.8689,0.6,1.0192,75
1579050168.874,0.65,0.8563,0.58,1.0528,75
1579050169.614,0.63,0.8842,0.59,1.0703,75
1579050169.975,0.72,0.7229,0.54,1.0696,75
1579050170.718,0.64,0.8577,0.57,1.03,76
1579050171.457,0.65,0.8466,0.54,1.0613,76
1579050172.2,0.65,0.8387,0.55,1.0894,76
1579050172.956,0.63,0.8511,0.55,1.0307,76
1579050173.697,0.65,0.8357,0.64,1.0518,76
1579050174.425,0.65,0.8478,0.56,1.0789,76
1579050175.156,0.66,0.8346,0.58,1.0477,76
1579050175.914,0.66,0.8072,0.55,1.0654,76
1579050176.647,0.64,0.8533,0.54,1.0805,76
1579050177.38,0.64,0.8672,0.55,1.0273,76
1579050178.115,0.65,0.8573,0.58,1.0665,76
1579050178.85,0.64,0.8638,0.53,1.0986,76
1579050179.206,0.73,0.722,0.55,1.0437,76
1579050179.946,0.65,0.8476,0.57,1.0523,77
1579050180.717,0.66,0.8346,0.55,1.1,77
1579050181.457,0.65,0.8428,0.58,1.0449,77
1579050182.208,0.65,0.8425,0.58,1.0482,77
1579050182.959,0.65,0.8297,0.56,1.0922,77
1579050183.698,0.65,0.8438,0.58,1.0349,77
1579050184.435,0.66,0.8384,0.56,1.0558,77
1579050185.189,0.67,0.7909,0.53,1.0997,77
1579050185.923,0.64,0.8539,0.62,1.0311,77
1579050186.669,0.65,0.8587,0.58,1.0411,77
1579050187.411,0.65,0.8396,0.56,1.078,77
1579050188.156,0.64,0.8594,0.56,1.065,77
1579050188.515,0.73,0.7048,0.54,1.078,77
1579050189.261,0.64,0.8448,0.57,1.039,78
1579050190.001,0.66,0.8282,0.54,1.0806,78
1579050190.755,0.66,0.8309,0.58,1.0663,78
1579050191.485,0.65,0.8367,0.56,1.0352,78
1579050192.223,0.66,0.8234,0.58,1.09,78
1579050192.955,0.66,0.836,0.61,1.0434,78
1579050193.687,0.66,0.8291,0.55,1.0609,78
1579050194.43,0.68,0.785,0.54,1.073,78
1579050195.173,0.64,0.8429,0.6,1.0438,78
1579050195.909,0.65,0.8522,0.57,1.0494,78
1579050196.645,0.66,0.8354,0.6,1.048,78
1579050197.384,0.64,0.8526,0.54,1.0915,78
1579050197.741,0.74,0.7002,0.55,1.0641,78
1579050198.491,0.65,0.8373,0.57,1.0379,79
1579050199.266,0.66,0.8234,0.55,1.1049,79
1579050200.001,0.65,0.8351,0.57,1.0471,79
1579050200.745,0.65,0.833,0.57,1.0684,79
1579050201.497,0.67,0.8144,0.57,1.0938,79
1579050202.247,0.66,0.8318,0.57,1.0362,79
1579050202.976,0.66,0.8276,0.54,1.0964,79
1579050203.711,0.68,0.7828,0.55,1.0571,79
1579050204.449,0.65,0.8381,0.59,1.047,79
1579050205.179,0.65,0.8474,0.55,1.0828,79
1579050205.928,0.65,0.8359,0.57,1.0507,79
1579050206.673,0.65,0.8511,0.55,1.0863,79
1579050207.032,0.74,0.6933,0.53,1.1026,79
1579050207.769,0.65,0.8363,0.55,1.0246,80
1579050208.505,0.66,0.8389,0.54,1.145,80
1579050209.245,0.64,0.8488,0.56,1.0504,80
1579050209.976,0.64,0.8316,0.58,1.0585,80
1579050210.72,0.67,0.8116,0.56,1.1282,80
1579050211.448,0.66,0.8419,0.56,1.0242,80
1579050212.194,0.66,0.832,0.54,1.1008,80
1579050212.928,0.68,0.7832,0.56,1.0812,80
1579050213.683,0.64,0.8415,0.58,1.029,80
1579050214.418,0.65,0.8518,0.55,1.0997,80
1579050215.16,0.65,0.842,0.59,1.0632,80
1579050215.898,0.65,0.8453,0.58,1.0496,80
1579050216.257,0.74,0.6927,0.52,1.1461,80
1579050216.989,0.64,0.8486,0.56,1.0283,81
1579050217.726,0.65,0.841,0.53,1.0968,81
1579050218.461,0.64,0.8381,0.54,1.1369,81
1579050219.192,0.64,0.838,0.54,1.0355,81
1579050219.928,0.65,0.8525,0.58,1.1323,81
1579050220.664,0.66,0.8541,0.61,1.0721,81
1579050221.396,0.66,0.8246,0.56,1.0651,81
1579050222.124,0.66,0.8135,0.56,1.0981,81
1579050222.866,0.65,0.8477,0.56,1.0725,81
1579050223.601,0.65,0.8511,0.56,1.0436,81
1579050224.33,0.65,0.8548,0.58,1.0702,81
1579050225.097,0.65,0.8439,0.54,1.1183,81
1579050225.46,0.73,0.709,0.57,1.038,81
1579050226.192,0.66,0.8305,0.56,1.064,82
1579050226.978,0.66,0.8272,0.55,1.1069,82
1579050227.719,0.65,0.8316,0.59,1.0551,82
1579050228.473,0.65,0.8279,0.58,1.0594,82
1579050229.224,0.65,0.8225,0.58,1.0725,82
1579050229.976,0.66,0.8197,0.58,1.0541,82
1579050230.726,0.65,0.8313,0.55,1.097,82
1579050231.467,0.67,0.7846,0.56,1.0597,82
1579050232.234,0.65,0.8397,0.58,1.0807,82
1579050232.964,0.64,0.8628,0.58,1.0665,82
1579050233.695,0.66,0.8258,0.57,1.0464,82
1579050234.43,0.64,0.8648,0.55,1.1188,82
1579050234.788,0.74,0.6915,0.54,1.0869,82
1579050235.529,0.64,0.837,0.58,1.0468,83
1579050236.269,0.65,0.8388,0.54,1.0937,83
1579050236.999,0.66,0.8199,0.54,1.0942,83
1579050237.733,0.65,0.839,0.57,1.0164,83
1579050238.466,0.66,0.8177,0.55,1.0944,83
1579050239.208,0.65,0.8364,0.6,1.0792,83
1579050239.938,0.65,0.8266,0.59,1.0386,83
1579050240.683,0.68,0.7813,0.55,1.067,83
1579050241.424,0.65,0.8395,0.55,1.0966,83
1579050242.166,0.65,0.8438,0.59,1.0268,83
1579050242.9,0.66,0.8418,0.57,1.0455,83
1579050243.642,0.65,0.8381,0.52,1.125,83
1579050244.01,0.72,0.69,0.57,1.0717,83
1579050244.747,0.65,0.8267,0.61,1.0374,84
1579050245.488,0.66,0.8219,0.53,1.1374,84
1579050246.225,0.66,0.8338,0.55,1.0681,84
1579050246.959,0.66,0.8184,0.6,1.0234,84
1579050247.693,0.65,0.8205,0.55,1.1109,84
1579050248.43,0.66,0.8246,0.6,1.0582,84
1579050249.169,0.66,0.8156,0.58,1.053,84
1579050249.906,0.68,0.7836,0.57,1.0822,84
1579050250.65,0.65,0.8306,0.56,1.0688,84
1579050251.386,0.65,0.8346,0.56,1.0267,84
1579050252.119,0.66,0.8246,0.62,1.0493,84
1579050252.851,0.65,0.8429,0.53,1.1263,84
1579050253.211,0.73,0.6825,0.59,1.0637,84
1579050253.96,0.66,0.8241,0.6,1.0517,85
1579050254.712,0.67,0.8057,0.52,1.1148,85
1579050255.449,0.66,0.8172,0.55,1.0573,85
1579050256.179,0.65,0.8173,0.58,1.0376,85
1579050256.941,0.67,0.7968,0.55,1.0817,85
1579050257.686,0.67,0.8139,0.6,1.048,85
1579050258.413,0.67,0.8025,0.59,1.0506,85
1579050259.159,0.69,0.7633,0.54,1.0823,85
1579050259.9,0.65,0.8272,0.61,1.0461,85
1579050260.642,0.65,0.8351,0.58,1.0817,85
1579050261.386,0.67,0.8273,0.58,1.0425,85
1579050262.131,0.65,0.8427,0.53,1.1386,85
1579050262.497,0.74,0.6837,0.55,1.0841,85
1579050263.234,0.66,0.8224,0.58,1.0507,86
1579050264.166,0.67,0.8038,0.52,1.1099,86
1579050264.909,0.66,0.8155,0.58,1.0641,86
1579050265.639,0.66,0.8106,0.55,1.0412,86
1579050266.369,0.67,0.797,0.57,1.086,86
1579050267.105,0.67,0.8123,0.59,1.0497,86
1579050267.839,0.67,0.7984,0.58,1.0494,86
1579050268.569,0.69,0.764,0.53,1.0823,86
1579050269.309,0.65,0.8234,0.63,1.0412,86
1579050270.046,0.66,0.8311,0.55,1.0812,86
1579050270.776,0.67,0.8224,0.59,1.0459,86
1579050271.515,0.66,0.8269,0.55,1.0999,86
1579050271.88,0.76,0.6626,0.55,1.1065,86
1579050272.625,0.66,0.8142,0.57,1.0466,87
1579050273.363,0.66,0.8203,0.52,1.1629,87
1579050274.1,0.65,0.8422,0.6,1.0701,87
1579050274.847,0.66,0.8255,0.57,1.0771,87
1579050275.581,0.66,0.8121,0.57,1.1023,87
1579050276.314,0.66,0.8242,0.58,1.0452,87
1579050277.046,0.67,0.795,0.56,1.0608,87
1579050277.785,0.68,0.77,0.57,1.0837,87
1579050278.517,0.65,0.8288,0.62,1.0534,87
1579050279.254,0.66,0.8385,0.57,1.0493,87
1579050279.998,0.66,0.8328,0.58,1.0972,87
1579050280.733,0.66,0.8329,0.56,1.0653,87
1579050281.091,0.74,0.6675,0.53,1.1233,87
1579050281.828,0.65,0.8184,0.55,1.0532,88
1579050282.557,0.66,0.8113,0.53,1.0955,88
1579050283.294,0.66,0.8137,0.52,1.1496,88
1579050284.027,0.65,0.8235,0.56,1.0519,88
1579050284.754,0.65,0.8544,0.6,1.1127,88
1579050285.487,0.66,0.8395,0.57,1.1124,88
1579050286.235,0.66,0.8197,0.56,1.0243,88
1579050286.985,0.68,0.7889,0.56,1.0704,88
1579050287.718,0.65,0.8391,0.54,1.1556,88
1579050288.464,0.63,0.8701,0.62,1.0065,88
1579050289.221,0.65,0.8296,0.58,1.1004,88
1579050289.965,0.63,0.8814,0.54,1.1725,88
1579050290.331,0.72,0.6907,0.53,1.0835,88
1579050291.065,0.63,0.8429,0.56,1.0792,89
1579050291.798,0.65,0.834,0.54,1.1037,89
1579050292.558,0.66,0.8193,0.52,1.1057,89
1579050293.328,0.65,0.8255,0.57,1.0395,89
1579050294.077,0.67,0.797,0.58,1.0636,89
1579050294.815,0.66,0.8193,0.55,1.0827,89
1579050295.553,0.67,0.8008,0.59,1.046,89
1579050296.286,0.68,0.7693,0.56,1.0383,89
1579050297.019,0.66,0.8183,0.56,1.1008,89
1579050297.755,0.65,0.8329,0.6,1.0299,89
1579050298.491,0.67,0.8072,0.59,1.0281,89
1579050299.228,0.66,0.8308,0.53,1.1215,89
1579050299.588,0.74,0.6619,0.51,1.0984,89
1579050300.349,0.66,0.8119,0.58,1.0455,90
1579050301.087,0.66,0.8156,0.53,1.1097,90
1579050301.837,0.67,0.8028,0.54,1.1152,90
1579050302.582,0.66,0.8131,0.6,1.0237,90
1579050303.321,0.66,0.8021,0.58,1.0746,90
1579050304.06,0.68,0.7996,0.54,1.1011,90
1579050304.801,0.67,0.7952,0.59,1.032,90
1579050305.561,0.69,0.7592,0.57,1.0577,90
1579050306.301,0.66,0.8158,0.55,1.1208,90
1579050307.04,0.65,0.8293,0.58,1.0181,90
1579050307.778,0.66,0.813,0.56,1.0617,90
1579050308.52,0.66,0.8307,0.54,1.1385,90
1579050308.879,0.75,0.6551,0.56,1.0885,90
1579050309.621,0.67,0.8039,0.59,1.0565,91
1579050310.352,0.67,0.8039,0.56,1.1037,91
1579050311.102,0.66,0.8028,0.55,1.1192,91
1579050311.843,0.66,0.8084,0.58,1.0239,91
1579050312.578,0.67,0.8021,0.6,1.0679,91
1579050313.308,0.68,0.7919,0.55,1.1232,91
1579050314.05,0.67,0.7997,0.58,1.0206,91
1579050314.802,0.69,0.7709,0.58,1.0587,91
1579050315.545,0.66,0.816,0.54,1.1415,91
1579050316.28,0.65,0.8371,0.58,1.0217,91
1579050317.036,0.65,0.8347,0.59,1.1159,91
1579050317.769,0.64,0.8678,0.53,1.1707,91
1579050318.128,0.73,0.6694,0.52,1.1031,91
1579050318.887,0.66,0.8122,0.56,1.1051,92
1579050319.631,0.65,0.8439,0.54,1.0925,92
1579050320.368,0.66,0.8035,0.56,1.1487,92
1579050321.122,0.66,0.8229,0.54,1.0406,92
1579050321.861,0.67,0.7908,0.56,1.0343,92
1579050322.596,0.67,0.8012,0.56,1.1311,92
1579050323.337,0.67,0.8056,0.6,1.0529,92
1579050324.085,0.7,0.7456,0.56,1.0289,92
1579050324.821,0.65,0.832,0.53,1.0973,92
1579050325.606,0.66,0.8169,0.63,1.0682,92
1579050326.364,0.66,0.8147,0.57,1.0211,92
1579050327.121,0.66,0.826,0.56,1.1001,92
1579050327.482,0.75,0.6541,0.54,1.1702,92
1579050328.229,0.65,0.8302,0.55,1.0684,93
1579050328.966,0.66,0.8098,0.6,1.1203,93
1579050329.712,0.65,0.8289,0.51,1.1474,93
1579050330.458,0.66,0.8137,0.58,1.0659,93
1579050331.2,0.65,0.811,0.56,1.0774,93
1579050331.936,0.67,0.8062,0.57,1.0882,93
1579050332.675,0.67,0.794,0.59,1.073,93
1579050333.417,0.69,0.7531,0.56,1.0716,93
1579050334.147,0.66,0.8224,0.55,1.0694,93
1579050334.884,0.66,0.8139,0.59,1.0675,93
1579050335.614,0.66,0.8158,0.63,1.0565,93
1579050336.355,0.65,0.8419,0.55,1.07,93
1579050336.715,0.76,0.6394,0.53,1.1458,93
1579050337.467,0.65,0.8274,0.53,1.0812,94
1579050338.206,0.68,0.7854,0.55,1.0841,94
1579050338.938,0.67,0.8082,0.53,1.1389,94
1579050339.668,0.66,0.809,0.59,1.054,94
1579050340.407,0.68,0.7775,0.63,1.0419,94
1579050341.137,0.66,0.8161,0.52,1.1063,94
1579050341.868,0.68,0.7861,0.56,1.0946,94
1579050342.601,0.68,0.7752,0.57,1.0562,94
1579050343.333,0.67,0.8228,0.55,1.0858,94
1579050344.059,0.66,0.8218,0.58,1.1088,94
1579050344.797,0.65,0.8571,0.59,1.0796,94
1579050345.544,0.66,0.8353,0.64,1.0854,94
1579050345.911,0.75,0.6626,0.53,1.1331,94
1579050346.67,0.66,0.8127,0.53,1.1078,95
1579050347.4,0.66,0.8056,0.57,1.0954,95
1579050348.127,0.67,0.8212,0.55,1.1031,95
1579050348.859,0.66,0.8081,0.6,1.0934,95
1579050349.594,0.66,0.815,0.59,1.0606,95
1579050350.324,0.68,0.7963,0.6,1.0653,95
1579050351.068,0.67,0.8069,0.56,1.066,95
1579050351.819,0.7,0.743,0.54,1.1086,95
1579050352.574,0.65,0.8242,0.56,1.0624,95
1579050353.304,0.66,0.8156,0.63,1.0174,95
1579050354.046,0.66,0.8041,0.58,1.0655,95
1579050354.785,0.66,0.8158,0.57,1.1159,95
1579050355.145,0.75,0.6453,0.58,1.0681,95
1579050355.911,0.67,0.794,0.54,1.0873,96
1579050356.656,0.67,0.7947,0.49,1.1646,96
1579050357.387,0.67,0.8022,0.52,1.0938,96
1579050358.127,0.66,0.7929,0.6,1.045,96
1579050358.864,0.66,0.7923,0.57,1.1076,96
1579050359.594,0.67,0.8005,0.58,1.0603,96
1579050360.351,0.68,0.7793,0.59,1.0444,96
1579050361.079,0.7,0.7434,0.53,1.1247,96
1579050361.833,0.67,0.8032,0.53,1.0885,96
1579050362.57,0.66,0.8036,0.57,1.0336,96
1579050363.301,0.67,0.7932,0.57,1.0633,96
1579050364.036,0.67,0.8078,0.57,1.1076,96
1579050364.397,0.76,0.6269,0.55,1.0848,96
1579050365.148,0.67,0.7875,0.54,1.0918,97
1579050366.061,0.68,0.7796,0.5,1.1473,97
1579050366.794,0.67,0.7896,0.54,1.102,97
1579050367.525,0.67,0.7824,0.58,1.0559,97
1579050368.259,0.68,0.773,0.6,1.0827,97
1579050368.996,0.68,0.7839,0.59,1.065,97
1579050369.731,0.68,0.772,0.55,1.0712,97
1579050370.46,0.7,0.7356,0.56,1.1043,97
1579050371.202,0.67,0.7942,0.57,1.0745,97
1579050371.935,0.67,0.8023,0.58,1.0469,97
1579050372.663,0.68,0.7894,0.57,1.0748,97
1579050373.394,0.67,0.8031,0.55,1.1081,97
1579050373.756,0.77,0.62,0.53,1.1077,97
1579050374.5,0.68,0.7828,0.55,1.1094,98
1579050375.242,0.67,0.785,0.52,1.1405,98
1579050375.972,0.68,0.7851,0.57,1.1065,98
1579050376.737,0.68,0.783,0.58,1.0777,98
1579050377.469,0.68,0.7775,0.59,1.0886,98
1579050378.208,0.68,0.7762,0.61,1.0779,98
1579050378.957,0.68,0.7752,0.55,1.0949,98
1579050379.688,0.7,0.7332,0.54,1.0898,98
1579050380.43,0.67,0.7903,0.58,1.0703,98
1579050381.169,0.67,0.8072,0.59,1.0586,98
1579050381.901,0.68,0.7844,0.58,1.0715,98
1579050382.647,0.66,0.8004,0.54,1.1298,98
1579050383.006,0.77,0.62,0.51,1.1148,98
1579050383.749,0.68,0.7812,0.55,1.1135,99
1579050384.485,0.67,0.7972,0.52,1.1487,99
1579050385.215,0.68,0.7863,0.57,1.0972,99
1579050385.972,0.67,0.7895,0.58,1.0982,99
1579050386.734,0.67,0.7788,0.58,1.087,99
1579050387.472,0.68,0.7695,0.57,1.0921,99
1579050388.201,0.68,0.7857,0.55,1.1083,99
1579050388.937,0.71,0.7289,0.54,1.0831,99
1579050389.674,0.67,0.7995,0.56,1.0909,99
1579050390.43,0.67,0.814,0.6,1.0327,99
1579050391.168,0.68,0.7805,0.59,1.0942,99
1579050391.898,0.66,0.8108,0.55,1.1365,99
1579050392.268,0.78,0.6133,0.57,1.1009,99
