1580053410.251,0.26,1.3865,0.3,1.3847,0
1580053410.429,0.26,1.3861,0.3,1.3844,0
1580053410.601,0.27,1.3856,0.3,1.3839,0
1580053410.768,0.25,1.3865,0.3,1.3841,0
1580053410.939,0.24,1.3869,0.3,1.3844,0
1580053411.105,0.25,1.3862,0.3,1.3846,0
1580053411.273,0.22,1.3874,0.3,1.3849,0
1580053411.44,0.24,1.3861,0.3,1.3854,0
1580053411.608,0.23,1.3866,0.3,1.3858,0
1580053411.8,0.26,1.3854,0.3,1.3856,0
1580053411.976,0.27,1.3853,0.3,1.385,0
1580053412.141,0.24,1.3851,0.32,1.3843,0
1580053412.316,0.28,1.3842,0.32,1.3832,0
1580053412.506,0.3,1.3829,0.35,1.3815,0
1580053412.674,0.36,1.3817,0.29,1.379,0
1580053412.841,0.33,1.3791,0.36,1.3745,1
1580053413.009,0.38,1.376,0.31,1.3699,1
1580053413.176,0.33,1.3715,0.37,1.3612,1
1580053413.346,0.36,1.3672,0.37,1.354,1
1580053413.535,0.37,1.3591,0.34,1.3463,1
1580053413.722,0.37,1.3442,0.36,1.342,1
1580053413.891,0.39,1.3273,0.38,1.3327,1
1580053414.058,0.35,1.3399,0.39,1.3365,1
1580053414.228,0.42,1.309,0.37,1.3306,1
1580053414.401,0.44,1.3029,0.38,1.3329,1
1580053414.565,0.42,1.3004,0.37,1.3196,1
1580053414.734,0.48,1.279,0.37,1.3232,1
1580053414.901,0.4,1.3138,0.39,1.3143,1
1580053415.069,0.45,1.2784,0.39,1.3103,1
1580053415.221,0.43,1.2855,0.39,1.2877,1
1580053415.416,0.48,1.2501,0.39,1.2859,2
1580053415.604,0.45,1.2776,0.42,1.2754,2
1580053415.773,0.5,1.2427,0.41,1.2864,2
1580053415.942,0.46,1.2552,0.42,1.273,2
1580053416.109,0.5,1.2379,0.38,1.2876,2
1580053416.276,0.5,1.2381,0.38,1.2973,2
1580053416.444,0.5,1.231,0.39,1.2982,2
1580053416.631,0.5,1.2314,0.39,1.3158,2
1580053416.797,0.51,1.2245,0.41,1.3077,2
1580053416.968,0.51,1.2207,0.41,1.2933,2
1580053417.138,0.49,1.2253,0.39,1.2958,2
1580053417.306,0.52,1.214,0.43,1.2912,2
1580053417.472,0.49,1.2405,0.44,1.2847,2
1580053417.641,0.5,1.215,0.39,1.2937,2
1580053417.791,0.5,1.2298,0.37,1.295,2
1580053417.963,0.51,1.2168,0.4,1.2883,3
1580053418.135,0.52,1.211,0.43,1.2832,3
1580053418.303,0.54,1.1984,0.43,1.2839,3
1580053418.471,0.51,1.2071,0.46,1.2836,3
1580053418.64,0.54,1.1972,0.45,1.289,3
1580053418.812,0.53,1.2027,0.43,1.2956,3
1580053418.985,0.55,1.1877,0.44,1.2967,3
1580053419.15,0.53,1.2041,0.42,1.2954,3
1580053419.318,0.55,1.1836,0.43,1.2924,3
1580053419.485,0.55,1.1802,0.45,1.2876,3
1580053419.65,0.52,1.209,0.44,1.2867,3
1580053419.843,0.54,1.1904,0.42,1.2858,3
1580053420.035,0.52,1.2108,0.45,1.2863,3
1580053420.226,0.53,1.2006,0.42,1.2896,3
1580053420.397,0.53,1.1985,0.42,1.2891,3
1580053420.589,0.54,1.1919,0.42,1.2872,4
1580053420.766,0.54,1.1924,0.42,1.2835,4
1580053420.956,0.55,1.1829,0.42,1.2772,4
1580053421.144,0.54,1.1905,0.43,1.2778,4
1580053421.312,0.55,1.1826,0.45,1.2819,4
1580053421.478,0.53,1.1924,0.43,1.285,4
1580053421.648,0.56,1.1707,0.44,1.2882,4
1580053421.818,0.53,1.1925,0.43,1.2905,4
1580053422.008,0.56,1.1747,0.42,1.2891,4
1580053422.21,0.55,1.1729,0.41,1.283,4
1580053422.409,0.53,1.1963,0.44,1.2724,4
1580053422.594,0.55,1.1777,0.47,1.2664,4
1580053422.761,0.52,1.2033,0.45,1.266,4
1580053422.931,0.54,1.1875,0.43,1.269,4
1580053423.084,0.55,1.1827,0.43,1.2703,4
1580053423.263,0.55,1.1824,0.42,1.2714,5
1580053423.454,0.55,1.1807,0.43,1.271,5
1580053423.647,0.55,1.1761,0.44,1.2673,5
1580053423.814,0.55,1.1725,0.43,1.2676,5
1580053423.985,0.56,1.1729,0.43,1.2693,5
1580053424.151,0.54,1.1845,0.44,1.2688,5
1580053424.328,0.57,1.1615,0.46,1.2702,5
1580053424.519,0.54,1.1826,0.46,1.2734,5
1580053424.708,0.57,1.1618,0.44,1.2738,5
1580053424.873,0.57,1.1643,0.43,1.2686,5
1580053425.04,0.54,1.1894,0.45,1.2577,5
1580053425.213,0.56,1.1678,0.44,1.2583,5
1580053425.391,0.52,1.1989,0.46,1.2543,5
1580053425.582,0.55,1.1741,0.45,1.2574,5
1580053425.741,0.56,1.1744,0.45,1.256,5
1580053425.909,0.55,1.1737,0.45,1.258,6
1580053426.081,0.55,1.1724,0.45,1.2596,6
1580053426.28,0.55,1.1684,0.46,1.2585,6
1580053426.458,0.56,1.1662,0.46,1.2625,6
1580053426.626,0.57,1.1631,0.44,1.2639,6
1580053426.794,0.55,1.182,0.46,1.2608,6
1580053426.961,0.58,1.1534,0.47,1.2615,6
1580053427.156,0.54,1.1797,0.45,1.2695,6
1580053427.328,0.57,1.1535,0.46,1.2689,6
1580053427.495,0.56,1.165,0.44,1.2649,6
1580053427.661,0.55,1.1864,0.44,1.2564,6
1580053427.829,0.56,1.1645,0.42,1.2585,6
1580053427.997,0.54,1.1975,0.45,1.2522,6
1580053428.167,0.57,1.1601,0.42,1.2663,6
1580053428.318,0.56,1.1752,0.46,1.2588,6
1580053428.488,0.56,1.1683,0.44,1.2537,7
1580053428.677,0.56,1.1694,0.45,1.2533,7
1580053428.853,0.57,1.1633,0.46,1.2501,7
1580053429.025,0.57,1.1611,0.46,1.2567,7
1580053429.219,0.58,1.157,0.45,1.2579,7
1580053429.392,0.55,1.1813,0.46,1.2557,7
1580053429.562,0.58,1.1462,0.47,1.2589,7
1580053429.744,0.55,1.1743,0.46,1.2641,7
1580053429.911,0.58,1.1526,0.45,1.2641,7
1580053430.08,0.57,1.1555,0.47,1.2604,7
1580053430.248,0.54,1.1853,0.46,1.2473,7
1580053430.415,0.58,1.1533,0.45,1.2491,7
1580053430.583,0.54,1.1848,0.46,1.2486,7
1580053430.751,0.58,1.154,0.46,1.2521,7
1580053430.9,0.59,1.1495,0.46,1.2555,7
1580053431.07,0.56,1.1678,0.43,1.2489,8
1580053431.24,0.57,1.1571,0.46,1.2509,8
1580053431.414,0.58,1.1502,0.45,1.2528,8
1580053431.581,0.56,1.1636,0.47,1.2489,8
1580053431.752,0.58,1.1488,0.44,1.2587,8
1580053431.92,0.55,1.1837,0.47,1.2564,8
1580053432.089,0.59,1.1415,0.43,1.2561,8
1580053432.259,0.57,1.1652,0.46,1.2601,8
1580053432.43,0.58,1.1473,0.45,1.2548,8
1580053432.598,0.58,1.1456,0.45,1.2465,8
1580053432.773,0.55,1.1745,0.5,1.2328,8
1580053432.942,0.57,1.1539,0.5,1.2378,8
1580053433.11,0.56,1.1753,0.49,1.2482,8
1580053433.282,0.58,1.1514,0.47,1.2481,8
1580053433.432,0.58,1.1477,0.46,1.2512,8
1580053433.627,0.57,1.1657,0.48,1.2399,9
1580053433.796,0.57,1.1512,0.46,1.2474,9
1580053433.962,0.59,1.1399,0.43,1.2586,9
1580053434.13,0.56,1.1623,0.47,1.25,9
1580053434.3,0.58,1.1421,0.44,1.2579,9
1580053434.467,0.56,1.1779,0.45,1.2548,9
1580053434.637,0.59,1.1402,0.44,1.251,9
1580053434.806,0.57,1.1576,0.48,1.2542,9
1580053434.973,0.6,1.1351,0.45,1.2469,9
1580053435.141,0.6,1.1375,0.45,1.2375,9
1580053435.31,0.56,1.1658,0.5,1.2323,9
1580053435.482,0.57,1.1531,0.48,1.2325,9
1580053435.674,0.56,1.1671,0.48,1.251,9
1580053435.865,0.58,1.1521,0.47,1.2496,9
1580053436.015,0.58,1.151,0.46,1.2384,9
1580053436.186,0.57,1.1519,0.49,1.233,10
1580053436.355,0.58,1.1504,0.5,1.2346,10
1580053436.526,0.6,1.1333,0.44,1.258,10
1580053436.694,0.57,1.1577,0.47,1.2481,10
1580053436.862,0.59,1.1406,0.45,1.254,10
1580053437.035,0.56,1.1726,0.44,1.2552,10
1580053437.209,0.59,1.1383,0.47,1.2468,10
1580053437.377,0.58,1.1524,0.47,1.251,10
1580053437.545,0.61,1.1266,0.46,1.2506,10
1580053437.735,0.6,1.133,0.5,1.2377,10
1580053437.93,0.57,1.1622,0.53,1.2246,10
1580053438.112,0.57,1.1535,0.51,1.2299,10
1580053438.28,0.56,1.1643,0.46,1.2565,10
1580053438.449,0.57,1.154,0.46,1.261,10
1580053438.597,0.57,1.1601,0.47,1.2443,10
1580053438.772,0.58,1.148,0.47,1.2413,11
1580053438.968,0.59,1.1447,0.52,1.2261,11
1580053439.155,0.6,1.1355,0.47,1.2558,11
1580053439.324,0.57,1.1577,0.46,1.2586,11
1580053439.496,0.59,1.1451,0.47,1.2481,11
1580053439.664,0.57,1.1611,0.46,1.2645,11
1580053439.832,0.59,1.1403,0.44,1.2631,11
1580053440.003,0.56,1.1655,0.45,1.2543,11
1580053440.193,0.6,1.1316,0.43,1.2678,11
1580053440.383,0.6,1.1368,0.47,1.2726,11
1580053440.555,0.55,1.1795,0.46,1.2447,11
1580053440.74,0.59,1.1477,0.47,1.245,11
1580053440.91,0.54,1.1864,0.46,1.2516,11
1580053441.095,0.59,1.1421,0.43,1.2611,11
1580053441.25,0.58,1.1476,0.46,1.2642,11
1580053441.419,0.58,1.1564,0.47,1.2548,12
1580053441.586,0.58,1.1486,0.48,1.2389,12
1580053441.753,0.6,1.1339,0.52,1.2332,12
1580053441.942,0.59,1.145,0.52,1.231,12
1580053442.119,0.6,1.1345,0.47,1.2417,12
1580053442.289,0.58,1.1603,0.45,1.2513,12
1580053442.463,0.6,1.1313,0.46,1.2572,12
1580053442.632,0.58,1.1481,0.44,1.2669,12
1580053442.805,0.59,1.1414,0.45,1.265,12
1580053442.972,0.58,1.156,0.45,1.2576,12
1580053443.146,0.56,1.168,0.44,1.2652,12
1580053443.317,0.58,1.141,0.46,1.2566,12
1580053443.509,0.57,1.167,0.49,1.2356,12
1580053443.699,0.61,1.1309,0.48,1.2423,12
1580053443.849,0.61,1.1348,0.47,1.2417,12
1580053444.018,0.59,1.144,0.48,1.2478,13
1580053444.212,0.6,1.1365,0.48,1.2549,13
1580053444.398,0.59,1.1389,0.48,1.2522,13
1580053444.566,0.6,1.1359,0.46,1.2409,13
1580053444.734,0.62,1.1195,0.48,1.234,13
1580053444.902,0.59,1.154,0.49,1.2315,13
1580053445.07,0.61,1.1265,0.46,1.2351,13
1580053445.256,0.59,1.1504,0.46,1.2461,13
1580053445.426,0.63,1.1079,0.45,1.2533,13
1580053445.624,0.6,1.129,0.46,1.2589,13
1580053445.792,0.57,1.1621,0.48,1.2548,13
1580053445.96,0.61,1.1244,0.49,1.2448,13
1580053446.127,0.59,1.1498,0.51,1.2399,13
1580053446.298,0.62,1.1195,0.51,1.2345,13
1580053446.447,0.62,1.1191,0.49,1.2297,13
1580053446.618,0.58,1.1416,0.48,1.2315,14
1580053446.787,0.6,1.1303,0.48,1.2389,14
1580053446.954,0.61,1.1252,0.48,1.2456,14
1580053447.121,0.61,1.1236,0.48,1.2404,14
1580053447.291,0.62,1.1132,0.5,1.2291,14
1580053447.464,0.6,1.1453,0.49,1.2274,14
1580053447.635,0.62,1.1163,0.47,1.2323,14
1580053447.802,0.6,1.1368,0.48,1.2443,14
1580053447.971,0.63,1.1041,0.47,1.2505,14
1580053448.151,0.61,1.1246,0.45,1.2529,14
1580053448.346,0.58,1.154,0.47,1.2424,14
1580053448.541,0.62,1.1227,0.5,1.2279,14
1580053448.734,0.58,1.1537,0.49,1.2345,14
1580053448.902,0.63,1.1166,0.47,1.2483,14
1580053449.055,0.6,1.1219,0.46,1.2374,14
1580053449.248,0.61,1.1261,0.49,1.2318,15
1580053449.434,0.6,1.1317,0.49,1.2318,15
1580053449.624,0.61,1.1191,0.47,1.2483,15
1580053449.792,0.61,1.1229,0.47,1.2406,15
1580053449.961,0.64,1.1045,0.5,1.2367,15
1580053450.13,0.59,1.1519,0.47,1.2409,15
1580053450.299,0.62,1.1117,0.46,1.2453,15
1580053450.471,0.61,1.1276,0.46,1.2555,15
1580053450.654,0.63,1.1058,0.46,1.2477,15
1580053450.823,0.62,1.1117,0.48,1.2378,15
1580053450.994,0.59,1.1401,0.49,1.2307,15
1580053451.162,0.59,1.1319,0.5,1.2222,15
1580053451.331,0.59,1.1455,0.48,1.2399,15
1580053451.5,0.62,1.1159,0.47,1.251,15
1580053451.658,0.6,1.1307,0.46,1.2382,15
1580053451.859,0.62,1.1207,0.48,1.2302,16
1580053452.053,0.61,1.1229,0.49,1.2263,16
1580053452.242,0.62,1.1163,0.48,1.2492,16
1580053452.412,0.6,1.1318,0.48,1.2418,16
1580053452.58,0.63,1.1084,0.46,1.2395,16
1580053452.753,0.6,1.1436,0.48,1.2588,16
1580053452.947,0.62,1.115,0.48,1.2506,16
1580053453.123,0.6,1.1334,0.44,1.2583,16
1580053453.293,0.62,1.115,0.47,1.2641,16
1580053453.462,0.62,1.1203,0.47,1.2469,16
1580053453.631,0.59,1.143,0.46,1.2293,16
1580053453.805,0.6,1.1285,0.48,1.2304,16
1580053453.999,0.57,1.1578,0.49,1.2352,16
1580053454.167,0.62,1.1143,0.44,1.2579,16
1580053454.34,0.59,1.1407,0.47,1.2507,16
1580053454.535,0.6,1.1394,0.44,1.2432,17
1580053454.726,0.61,1.1235,0.45,1.2515,17
1580053454.898,0.6,1.1426,0.46,1.249,17
1580053455.088,0.59,1.1387,0.48,1.2384,17
1580053455.258,0.65,1.0947,0.45,1.2579,17
1580053455.428,0.58,1.1561,0.47,1.244,17
1580053455.597,0.6,1.1217,0.46,1.2468,17
1580053455.768,0.61,1.1234,0.44,1.268,17
1580053455.963,0.62,1.1206,0.44,1.2639,17
1580053456.134,0.58,1.1464,0.44,1.2486,17
1580053456.316,0.58,1.1464,0.47,1.2562,17
1580053456.485,0.6,1.1273,0.44,1.2608,17
1580053456.653,0.58,1.1516,0.48,1.2364,17
1580053456.825,0.64,1.1018,0.49,1.2386,17
1580053456.976,0.63,1.1093,0.45,1.2447,17
1580053457.163,0.59,1.1423,0.49,1.2311,18
1580053457.333,0.62,1.1108,0.51,1.2262,18
1580053457.5,0.62,1.1208,0.5,1.2347,18
1580053457.669,0.62,1.1147,0.51,1.2299,18
1580053457.841,0.64,1.1045,0.49,1.219,18
1580053458.032,0.62,1.1244,0.5,1.2305,18
1580053458.2,0.63,1.1014,0.48,1.2305,18
1580053458.369,0.61,1.1306,0.48,1.2219,18
1580053458.536,0.65,1.085,0.51,1.2281,18
1580053458.704,0.63,1.1064,0.48,1.2421,18
1580053458.879,0.58,1.1499,0.48,1.2348,18
1580053459.052,0.62,1.1176,0.51,1.2163,18
1580053459.232,0.62,1.1182,0.49,1.2281,18
1580053459.44,0.63,1.1096,0.49,1.2281,18
1580053459.611,0.66,1.0902,0.5,1.2203,18
1580053459.78,0.62,1.1112,0.49,1.2178,19
1580053459.951,0.64,1.1039,0.5,1.2167,19
1580053460.121,0.63,1.1077,0.51,1.2158,19
1580053460.291,0.64,1.0929,0.5,1.217,19
1580053460.458,0.67,1.0781,0.51,1.2176,19
1580053460.627,0.62,1.119,0.51,1.2185,19
1580053460.795,0.64,1.0907,0.52,1.2188,19
1580053460.965,0.62,1.1135,0.51,1.2203,19
1580053461.137,0.65,1.0813,0.49,1.2196,19
1580053461.317,0.63,1.1002,0.48,1.2267,19
1580053461.506,0.6,1.1318,0.49,1.2297,19
1580053461.674,0.62,1.1082,0.5,1.2199,19
1580053461.869,0.63,1.1086,0.49,1.2228,19
1580053462.061,0.64,1.0973,0.47,1.2253,19
1580053462.232,0.65,1.0898,0.5,1.2197,19
1580053462.429,0.63,1.1086,0.49,1.2164,20
1580053462.622,0.64,1.0953,0.49,1.2223,20
1580053462.793,0.63,1.1055,0.48,1.2224,20
1580053462.966,0.64,1.0978,0.51,1.2108,20
1580053463.138,0.67,1.0706,0.51,1.2167,20
1580053463.307,0.61,1.1189,0.5,1.2237,20
1580053463.475,0.66,1.0857,0.48,1.2248,20
1580053463.643,0.62,1.1123,0.49,1.219,20
1580053463.811,0.65,1.0838,0.51,1.2147,20
1580053463.986,0.64,1.0937,0.48,1.2265,20
1580053464.167,0.6,1.1275,0.49,1.2292,20
1580053464.361,0.61,1.1209,0.5,1.2137,20
1580053464.53,0.63,1.1077,0.49,1.2203,20
1580053464.698,0.65,1.0929,0.48,1.2251,20
1580053464.849,0.64,1.0967,0.49,1.2295,20
1580053465.026,0.62,1.1134,0.46,1.2226,21
1580053465.194,0.63,1.1051,0.49,1.2089,21
1580053465.387,0.63,1.1015,0.49,1.216,21
1580053465.566,0.65,1.0906,0.49,1.2191,21
1580053465.736,0.65,1.0868,0.51,1.2106,21
1580053465.903,0.63,1.1103,0.52,1.2127,21
1580053466.073,0.66,1.0766,0.49,1.2227,21
1580053466.241,0.63,1.1039,0.47,1.2304,21
1580053466.428,0.64,1.0916,0.5,1.2238,21
1580053466.607,0.63,1.1031,0.5,1.2207,21
1580053466.776,0.6,1.1334,0.51,1.22,21
1580053466.945,0.63,1.1,0.5,1.2178,21
1580053467.118,0.65,1.0966,0.5,1.2173,21
1580053467.291,0.65,1.096,0.49,1.2167,21
1580053467.446,0.67,1.074,0.51,1.2127,21
1580053467.617,0.64,1.1015,0.49,1.211,22
1580053467.785,0.65,1.0907,0.49,1.2084,22
1580053467.953,0.64,1.102,0.53,1.2023,22
1580053468.145,0.66,1.0765,0.52,1.2047,22
1580053468.344,0.68,1.0689,0.53,1.2017,22
1580053468.538,0.64,1.104,0.53,1.2063,22
1580053468.729,0.66,1.0743,0.52,1.2073,22
1580053468.9,0.64,1.1019,0.52,1.2074,22
1580053469.072,0.67,1.0688,0.51,1.2083,22
1580053469.242,0.65,1.0851,0.49,1.2146,22
1580053469.41,0.62,1.1273,0.52,1.209,22
1580053469.588,0.65,1.0885,0.55,1.2056,22
1580053469.76,0.65,1.093,0.5,1.2105,22
1580053469.928,0.67,1.0785,0.48,1.2154,22
1580053470.082,0.67,1.0719,0.51,1.2126,22
1580053470.255,0.65,1.0991,0.51,1.2071,23
1580053470.447,0.66,1.0842,0.51,1.2016,23
1580053470.64,0.64,1.093,0.52,1.1996,23
1580053470.815,0.67,1.0698,0.54,1.1996,23
1580053471.005,0.68,1.0636,0.54,1.1973,23
1580053471.172,0.64,1.0984,0.54,1.1998,23
1580053471.358,0.67,1.0653,0.54,1.1991,23
1580053471.551,0.65,1.0914,0.56,1.1986,23
1580053471.738,0.68,1.0609,0.52,1.2006,23
1580053471.927,0.66,1.0776,0.52,1.2051,23
1580053472.096,0.63,1.1141,0.53,1.2087,23
1580053472.268,0.66,1.0803,0.53,1.2046,23
1580053472.461,0.66,1.085,0.51,1.2043,23
1580053472.651,0.67,1.0767,0.52,1.2054,23
1580053472.824,0.68,1.063,0.51,1.2035,23
1580053473.015,0.66,1.0907,0.53,1.2011,24
1580053473.191,0.66,1.0795,0.53,1.1972,24
1580053473.359,0.65,1.0866,0.52,1.2014,24
1580053473.527,0.68,1.0683,0.55,1.1915,24
1580053473.697,0.69,1.0565,0.54,1.1952,24
1580053473.891,0.64,1.0988,0.55,1.1941,24
1580053474.06,0.68,1.0611,0.54,1.1913,24
1580053474.23,0.66,1.0847,0.53,1.1942,24
1580053474.404,0.67,1.0681,0.54,1.1946,24
1580053474.571,0.66,1.0778,0.5,1.2101,24
1580053474.74,0.63,1.1061,0.48,1.222,24
1580053474.91,0.65,1.0883,0.53,1.2077,24
1580053475.082,0.66,1.0861,0.52,1.2012,24
1580053475.255,0.67,1.076,0.52,1.2002,24
1580053475.43,0.67,1.0731,0.53,1.2003,24
1580053475.628,0.65,1.0883,0.56,1.1985,25
1580053475.796,0.67,1.0759,0.49,1.2028,25
1580053475.992,0.65,1.0833,0.53,1.2043,25
1580053476.161,0.67,1.0798,0.55,1.187,25
1580053476.33,0.69,1.0524,0.55,1.1916,25
1580053476.498,0.63,1.1021,0.52,1.2048,25
1580053476.667,0.68,1.0677,0.51,1.1966,25
1580053476.836,0.64,1.0915,0.55,1.1903,25
1580053477.01,0.68,1.0585,0.53,1.195,25
1580053477.186,0.65,1.0841,0.5,1.2068,25
1580053477.378,0.63,1.1084,0.5,1.2225,25
1580053477.571,0.64,1.0986,0.5,1.2293,25
1580053477.751,0.62,1.1173,0.5,1.216,25
1580053477.92,0.67,1.0815,0.52,1.2021,25
1580053478.093,0.66,1.0784,0.51,1.207,25
1580053478.268,0.6,1.1234,0.53,1.203,26
1580053478.437,0.66,1.0851,0.53,1.2042,26
1580053478.605,0.64,1.0961,0.47,1.2072,26
1580053478.774,0.67,1.0697,0.52,1.2184,26
1580053478.943,0.65,1.0943,0.51,1.2025,26
1580053479.114,0.62,1.1191,0.51,1.2046,26
1580053479.294,0.68,1.0571,0.52,1.226,26
1580053479.463,0.62,1.1157,0.5,1.2271,26
1580053479.633,0.63,1.0973,0.48,1.2348,26
1580053479.803,0.62,1.1118,0.49,1.2428,26
1580053479.972,0.58,1.1512,0.48,1.2333,26
1580053480.144,0.61,1.117,0.53,1.2075,26
1580053480.344,0.63,1.1041,0.49,1.2288,26
1580053480.537,0.63,1.1093,0.49,1.2218,26
1580053480.706,0.61,1.1199,0.5,1.2164,26
1580053480.875,0.63,1.1066,0.54,1.2113,27
1580053481.044,0.66,1.0779,0.51,1.2088,27
1580053481.238,0.64,1.1018,0.48,1.22,27
1580053481.409,0.64,1.0936,0.51,1.2097,27
1580053481.578,0.66,1.0779,0.52,1.2034,27
1580053481.771,0.62,1.1042,0.51,1.2184,27
1580053481.968,0.67,1.0701,0.5,1.2192,27
1580053482.162,0.63,1.1047,0.5,1.2165,27
1580053482.363,0.67,1.0682,0.51,1.2085,27
1580053482.561,0.65,1.0776,0.52,1.2073,27
1580053482.745,0.61,1.1219,0.5,1.2153,27
1580053482.915,0.65,1.0878,0.53,1.2,27
1580053483.085,0.66,1.088,0.51,1.2135,27
1580053483.258,0.66,1.0837,0.49,1.2216,27
1580053483.431,0.66,1.0794,0.51,1.215,27
1580053483.625,0.62,1.1058,0.5,1.2029,28
1580053483.819,0.68,1.0683,0.56,1.19,28
1580053484.012,0.66,1.0795,0.52,1.2095,28
1580053484.18,0.65,1.0933,0.52,1.1981,28
1580053484.351,0.68,1.0646,0.54,1.1842,28
1580053484.544,0.65,1.0894,0.51,1.2035,28
1580053484.731,0.68,1.0591,0.48,1.2188,28
1580053484.9,0.64,1.0977,0.51,1.2114,28
1580053485.069,0.66,1.074,0.54,1.1874,28
1580053485.237,0.66,1.0768,0.54,1.1844,28
1580053485.414,0.63,1.1042,0.51,1.2001,28
1580053485.607,0.66,1.0828,0.5,1.2054,28
1580053485.777,0.64,1.103,0.53,1.1914,28
1580053485.946,0.66,1.0755,0.55,1.1938,28
1580053486.097,0.68,1.0574,0.51,1.2067,28
1580053486.267,0.64,1.0941,0.51,1.2118,29
1580053486.446,0.65,1.0835,0.52,1.1991,29
1580053486.637,0.64,1.0897,0.53,1.1807,29
1580053486.806,0.68,1.0551,0.54,1.1844,29
1580053486.975,0.69,1.0499,0.51,1.191,29
1580053487.17,0.65,1.0963,0.54,1.1864,29
1580053487.34,0.66,1.0702,0.56,1.1811,29
1580053487.509,0.65,1.0827,0.54,1.1914,29
1580053487.677,0.67,1.0633,0.52,1.1926,29
1580053487.846,0.67,1.0732,0.57,1.1884,29
1580053488.015,0.63,1.1096,0.55,1.1901,29
1580053488.184,0.65,1.0847,0.52,1.1832,29
1580053488.358,0.66,1.0794,0.53,1.1878,29
1580053488.532,0.66,1.0791,0.53,1.1967,29
1580053488.707,0.68,1.0665,0.53,1.1952,29
1580053488.908,0.65,1.0915,0.51,1.1991,30
1580053489.099,0.65,1.0784,0.52,1.2009,30
1580053489.294,0.65,1.0845,0.54,1.1841,30
1580053489.463,0.69,1.0482,0.56,1.1786,30
1580053489.633,0.69,1.051,0.51,1.196,30
1580053489.807,0.64,1.1011,0.53,1.1904,30
1580053489.977,0.67,1.0619,0.56,1.1831,30
1580053490.147,0.67,1.0723,0.55,1.1957,30
1580053490.319,0.68,1.0619,0.55,1.1966,30
1580053490.49,0.67,1.072,0.53,1.202,30
1580053490.66,0.64,1.0961,0.5,1.211,30
1580053490.834,0.65,1.0828,0.51,1.2016,30
1580053491.026,0.67,1.0784,0.54,1.1849,30
1580053491.197,0.67,1.0717,0.54,1.1913,30
1580053491.348,0.66,1.0704,0.53,1.1956,30
1580053491.554,0.65,1.0868,0.54,1.2004,31
1580053491.741,0.68,1.0576,0.51,1.2055,31
1580053491.934,0.66,1.0802,0.52,1.2001,31
1580053492.103,0.67,1.0643,0.54,1.1901,31
1580053492.274,0.69,1.0505,0.53,1.1915,31
1580053492.444,0.66,1.087,0.54,1.1884,31
1580053492.615,0.67,1.0624,0.54,1.1877,31
1580053492.812,0.66,1.0849,0.54,1.1925,31
1580053493.004,0.68,1.0601,0.51,1.2012,31
1580053493.174,0.67,1.0649,0.51,1.2056,31
1580053493.344,0.65,1.0904,0.53,1.2057,31
1580053493.514,0.67,1.0728,0.52,1.2103,31
1580053493.684,0.65,1.0922,0.53,1.1994,31
1580053493.855,0.68,1.0642,0.54,1.1867,31
1580053494.013,0.69,1.0527,0.54,1.1934,31
1580053494.186,0.65,1.0935,0.53,1.1946,32
1580053494.356,0.66,1.0732,0.52,1.1886,32
1580053494.528,0.66,1.076,0.56,1.1806,32
1580053494.698,0.7,1.0435,0.52,1.2049,32
1580053494.87,0.67,1.0691,0.52,1.2041,32
1580053495.06,0.62,1.1084,0.55,1.1822,32
1580053495.252,0.68,1.0537,0.52,1.1909,32
1580053495.426,0.69,1.0624,0.49,1.2113,32
1580053495.602,0.66,1.0753,0.5,1.2082,32
1580053495.773,0.63,1.1016,0.58,1.188,32
1580053495.942,0.62,1.1095,0.55,1.1898,32
1580053496.119,0.67,1.0705,0.55,1.1932,32
1580053496.289,0.66,1.0855,0.51,1.2087,32
1580053496.46,0.66,1.0768,0.53,1.2013,32
1580053496.615,0.67,1.0679,0.54,1.192,32
1580053496.813,0.63,1.1073,0.57,1.1843,33
1580053497.005,0.64,1.0966,0.56,1.185,33
1580053497.185,0.65,1.0865,0.56,1.1755,33
1580053497.356,0.69,1.0494,0.54,1.2013,33
1580053497.526,0.66,1.076,0.53,1.2124,33
1580053497.717,0.6,1.1278,0.55,1.1911,33
1580053497.914,0.67,1.0715,0.55,1.1785,33
1580053498.104,0.68,1.0637,0.53,1.1989,33
1580053498.283,0.67,1.071,0.5,1.2149,33
1580053498.455,0.62,1.1193,0.56,1.1919,33
1580053498.626,0.63,1.1124,0.58,1.1868,33
1580053498.796,0.67,1.0607,0.49,1.2155,33
1580053498.965,0.64,1.0967,0.51,1.2296,33
1580053499.138,0.6,1.128,0.5,1.2126,33
1580053499.298,0.65,1.0936,0.57,1.1901,33
1580053499.504,0.64,1.0931,0.55,1.1927,34
1580053499.699,0.68,1.0583,0.5,1.2138,34
1580053499.873,0.62,1.1149,0.49,1.2241,34
1580053500.046,0.63,1.1127,0.53,1.2019,34
1580053500.245,0.66,1.079,0.56,1.1847,34
1580053500.423,0.64,1.0915,0.52,1.2007,34
1580053500.595,0.68,1.063,0.5,1.2189,34
1580053500.772,0.61,1.1198,0.51,1.2176,34
1580053500.942,0.65,1.0857,0.53,1.2081,34
1580053501.112,0.66,1.0734,0.5,1.2082,34
1580053501.284,0.65,1.0851,0.49,1.2154,34
1580053501.478,0.66,1.0692,0.52,1.2092,34
1580053501.667,0.65,1.0942,0.52,1.2087,34
1580053501.842,0.66,1.0787,0.54,1.2063,34
1580053501.994,0.69,1.0539,0.53,1.1926,34
1580053502.166,0.65,1.0835,0.55,1.1836,35
1580053502.336,0.68,1.0627,0.56,1.1804,35
1580053502.509,0.67,1.0698,0.55,1.1821,35
1580053502.7,0.7,1.0439,0.54,1.1906,35
1580053502.869,0.69,1.0495,0.55,1.1878,35
1580053503.039,0.65,1.0833,0.56,1.17,35
1580053503.213,0.69,1.0422,0.56,1.1576,35
1580053503.382,0.67,1.0676,0.57,1.1547,35
1580053503.574,0.7,1.0427,0.56,1.1618,35
1580053503.744,0.67,1.0648,0.58,1.1722,35
1580053503.914,0.64,1.0904,0.55,1.1823,35
1580053504.083,0.67,1.0615,0.53,1.1859,35
1580053504.256,0.68,1.0627,0.53,1.1927,35
1580053504.451,0.68,1.0653,0.52,1.1926,35
1580053504.622,0.68,1.0641,0.54,1.1806,35
1580053504.8,0.64,1.0915,0.57,1.166,36
1580053504.97,0.69,1.0465,0.55,1.1828,36
1580053505.138,0.65,1.082,0.52,1.1932,36
1580053505.308,0.68,1.0602,0.53,1.1815,36
1580053505.477,0.68,1.0528,0.54,1.1783,36
1580053505.651,0.67,1.0728,0.54,1.1917,36
1580053505.827,0.69,1.0544,0.53,1.1938,36
1580053505.997,0.64,1.092,0.55,1.1868,36
1580053506.167,0.67,1.0588,0.55,1.1853,36
1580053506.336,0.68,1.0587,0.55,1.1828,36
1580053506.505,0.66,1.078,0.55,1.1917,36
1580053506.677,0.67,1.0622,0.51,1.2059,36
1580053506.877,0.66,1.077,0.52,1.2126,36
1580053507.071,0.68,1.0662,0.5,1.2089,36
1580053507.232,0.69,1.0461,0.53,1.1916,36
1580053507.403,0.66,1.0792,0.53,1.191,37
1580053507.573,0.68,1.0601,0.55,1.1826,37
1580053507.747,0.68,1.0638,0.56,1.1726,37
1580053507.917,0.71,1.0354,0.54,1.1853,37
1580053508.09,0.7,1.0427,0.53,1.1835,37
1580053508.281,0.66,1.0817,0.55,1.1658,37
1580053508.452,0.71,1.0347,0.54,1.1706,37
1580053508.621,0.68,1.0647,0.52,1.1804,37
1580053508.797,0.7,1.045,0.56,1.1736,37
1580053508.991,0.68,1.0572,0.57,1.1665,37
1580053509.163,0.67,1.0693,0.52,1.1923,37
1580053509.332,0.68,1.0594,0.53,1.1886,37
1580053509.502,0.68,1.0595,0.56,1.1767,37
1580053509.671,0.69,1.052,0.56,1.1738,37
1580053509.824,0.7,1.0421,0.56,1.1763,37
1580053509.999,0.67,1.0676,0.55,1.1732,38
1580053510.172,0.7,1.0425,0.58,1.165,38
1580053510.34,0.67,1.0656,0.59,1.1598,38
1580053510.51,0.71,1.0373,0.55,1.1706,38
1580053510.68,0.71,1.0283,0.55,1.172,38
1580053510.852,0.67,1.0682,0.56,1.1711,38
1580053511.028,0.71,1.0392,0.57,1.1669,38
1580053511.219,0.68,1.0598,0.56,1.1686,38
1580053511.387,0.71,1.0336,0.55,1.1708,38
1580053511.556,0.67,1.0642,0.56,1.1667,38
1580053511.742,0.67,1.0709,0.55,1.1757,38
1580053511.913,0.7,1.0421,0.51,1.195,38
1580053512.086,0.68,1.0607,0.53,1.1988,38
1580053512.256,0.68,1.061,0.55,1.1825,38
1580053512.407,0.71,1.0389,0.54,1.1875,38
1580053512.577,0.66,1.0787,0.52,1.1746,39
1580053512.748,0.69,1.0482,0.56,1.1752,39
1580053512.917,0.66,1.0783,0.56,1.1663,39
1580053513.09,0.7,1.045,0.55,1.1735,39
1580053513.261,0.7,1.0362,0.53,1.1757,39
1580053513.43,0.67,1.0712,0.55,1.1767,39
1580053513.598,0.7,1.0432,0.55,1.1759,39
1580053513.768,0.68,1.0661,0.54,1.1772,39
1580053513.938,0.71,1.0356,0.54,1.1753,39
1580053514.111,0.68,1.0581,0.56,1.1769,39
1580053514.28,0.66,1.0794,0.55,1.1802,39
1580053514.45,0.68,1.0551,0.54,1.1913,39
1580053514.619,0.68,1.058,0.51,1.2014,39
1580053514.788,0.67,1.0653,0.53,1.193,39
1580053514.945,0.68,1.0509,0.55,1.1852,39
1580053515.118,0.63,1.0937,0.57,1.1777,40
1580053515.292,0.69,1.0502,0.55,1.1749,40
1580053515.487,0.68,1.0644,0.54,1.1863,40
1580053515.677,0.69,1.0545,0.51,1.1873,40
1580053515.85,0.68,1.0549,0.55,1.1794,40
1580053516.052,0.65,1.08,0.58,1.1679,40
1580053516.228,0.68,1.0596,0.58,1.1658,40
1580053516.398,0.66,1.0794,0.57,1.1739,40
1580053516.568,0.69,1.0495,0.56,1.1792,40
1580053516.738,0.68,1.0608,0.5,1.1849,40
1580053516.907,0.65,1.0871,0.57,1.1727,40
1580053517.091,0.69,1.0539,0.54,1.1933,40
1580053517.264,0.68,1.0602,0.53,1.1855,40
1580053517.458,0.66,1.0744,0.56,1.1732,40
1580053517.634,0.67,1.0693,0.54,1.1711,40
1580053517.804,0.64,1.0912,0.56,1.1763,41
1580053517.976,0.69,1.0513,0.56,1.1842,41
1580053518.147,0.68,1.0617,0.51,1.1927,41
1580053518.318,0.66,1.075,0.52,1.1825,41
1580053518.488,0.69,1.0564,0.54,1.1783,41
1580053518.658,0.65,1.0857,0.57,1.1714,41
1580053518.831,0.7,1.0454,0.55,1.1758,41
1580053519.007,0.64,1.0952,0.52,1.1927,41
1580053519.187,0.66,1.0759,0.53,1.1898,41
1580053519.379,0.67,1.0694,0.58,1.1571,41
1580053519.548,0.66,1.0824,0.6,1.1537,41
1580053519.718,0.7,1.0444,0.58,1.1689,41
1580053519.891,0.67,1.0665,0.57,1.1641,41
1580053520.062,0.67,1.0681,0.57,1.1737,41
1580053520.224,0.7,1.0422,0.52,1.1919,41
1580053520.42,0.66,1.077,0.53,1.1786,42
1580053520.589,0.7,1.0425,0.59,1.1498,42
1580053520.771,0.68,1.0613,0.6,1.143,42
1580053520.963,0.7,1.0382,0.6,1.1481,42
1580053521.139,0.71,1.0336,0.58,1.1616,42
1580053521.309,0.67,1.0693,0.53,1.1781,42
1580053521.504,0.7,1.0345,0.54,1.1814,42
1580053521.696,0.68,1.0598,0.56,1.1626,42
1580053521.891,0.72,1.0286,0.57,1.1625,42
1580053522.083,0.69,1.0436,0.56,1.166,42
1580053522.254,0.67,1.0713,0.6,1.1614,42
1580053522.422,0.69,1.0386,0.55,1.1716,42
1580053522.597,0.7,1.0486,0.51,1.1859,42
1580053522.776,0.69,1.0476,0.51,1.1937,42
1580053522.93,0.7,1.0348,0.52,1.183,42
1580053523.105,0.68,1.0613,0.59,1.1608,43
1580053523.283,0.72,1.0239,0.57,1.1694,43
1580053523.452,0.69,1.0519,0.57,1.1699,43
1580053523.623,0.69,1.0474,0.57,1.1683,43
1580053523.793,0.72,1.0216,0.52,1.1956,43
1580053523.963,0.68,1.0624,0.51,1.2042,43
1580053524.133,0.7,1.0452,0.56,1.1724,43
1580053524.305,0.68,1.0617,0.58,1.1606,43
1580053524.501,0.71,1.0293,0.55,1.174,43
1580053524.693,0.69,1.051,0.53,1.1755,43
1580053524.863,0.68,1.0659,0.58,1.1675,43
1580053525.033,0.7,1.0401,0.54,1.1829,43
1580053525.209,0.69,1.0582,0.55,1.1899,43
1580053525.379,0.68,1.0552,0.53,1.1849,43
1580053525.534,0.69,1.0482,0.55,1.169,43
1580053525.708,0.68,1.0551,0.58,1.1605,44
1580053525.879,0.72,1.0262,0.59,1.1714,44
1580053526.049,0.69,1.0582,0.57,1.175,44
1580053526.224,0.69,1.0503,0.59,1.1579,44
1580053526.395,0.72,1.022,0.55,1.1706,44
1580053526.565,0.69,1.0548,0.53,1.1923,44
1580053526.739,0.69,1.0469,0.53,1.179,44
1580053526.911,0.67,1.0706,0.57,1.1567,44
1580053527.081,0.7,1.0345,0.58,1.1595,44
1580053527.264,0.69,1.0514,0.55,1.1735,44
1580053527.458,0.66,1.0796,0.58,1.1656,44
1580053527.652,0.7,1.0412,0.57,1.1727,44
1580053527.828,0.69,1.0489,0.52,1.1954,44
1580053528.024,0.69,1.0511,0.54,1.1996,44
1580053528.201,0.67,1.0552,0.53,1.1892,44
1580053528.398,0.67,1.0674,0.58,1.1549,45
1580053528.592,0.71,1.0297,0.54,1.1642,45
1580053528.784,0.69,1.0544,0.55,1.179,45
1580053528.959,0.68,1.0597,0.56,1.1748,45
1580053529.13,0.69,1.0459,0.56,1.1626,45
1580053529.306,0.67,1.0737,0.53,1.1684,45
1580053529.477,0.72,1.0226,0.54,1.1797,45
1580053529.648,0.67,1.0691,0.57,1.1726,45
1580053529.819,0.69,1.0432,0.59,1.153,45
1580053529.993,0.69,1.0446,0.58,1.1463,45
1580053530.163,0.68,1.0601,0.58,1.153,45
1580053530.339,0.71,1.0322,0.57,1.1679,45
1580053530.513,0.68,1.0633,0.57,1.165,45
1580053530.688,0.69,1.0538,0.57,1.1623,45
1580053530.84,0.72,1.0231,0.54,1.1861,45
1580053531.014,0.67,1.0639,0.54,1.1883,46
1580053531.184,0.69,1.0478,0.57,1.1711,46
1580053531.384,0.68,1.0613,0.56,1.1562,46
1580053531.577,0.73,1.0191,0.58,1.1529,46
1580053531.756,0.72,1.0177,0.59,1.1492,46
1580053531.944,0.68,1.0624,0.59,1.1504,46
1580053532.12,0.71,1.0267,0.57,1.1589,46
1580053532.312,0.7,1.0512,0.58,1.1611,46
1580053532.482,0.71,1.027,0.58,1.1574,46
1580053532.653,0.71,1.0334,0.58,1.151,46
1580053532.823,0.68,1.061,0.58,1.1576,46
1580053532.993,0.71,1.0367,0.56,1.1672,46
1580053533.164,0.7,1.0441,0.58,1.1685,46
1580053533.335,0.71,1.0367,0.56,1.1649,46
1580053533.488,0.71,1.0251,0.57,1.1614,46
1580053533.66,0.68,1.0583,0.58,1.1596,47
1580053533.832,0.72,1.0234,0.59,1.153,47
1580053534.004,0.7,1.0461,0.58,1.1553,47
1580053534.175,0.72,1.0235,0.58,1.1539,47
1580053534.349,0.73,1.0127,0.55,1.1598,47
1580053534.519,0.69,1.0497,0.54,1.1789,47
1580053534.69,0.72,1.022,0.53,1.1851,47
1580053534.86,0.7,1.0419,0.55,1.172,47
1580053535.032,0.73,1.0162,0.57,1.1542,47
1580053535.207,0.72,1.0261,0.58,1.1525,47
1580053535.41,0.69,1.0595,0.59,1.1499,47
1580053535.607,0.71,1.0282,0.61,1.1514,47
1580053535.804,0.71,1.0337,0.55,1.1717,47
1580053536.002,0.72,1.0291,0.54,1.1863,47
1580053536.155,0.71,1.0277,0.53,1.1809,47
1580053536.334,0.68,1.0596,0.57,1.1665,48
1580053536.528,0.72,1.0247,0.57,1.1584,48
1580053536.719,0.7,1.0414,0.56,1.1595,48
1580053536.891,0.71,1.0293,0.58,1.1598,48
1580053537.062,0.72,1.026,0.56,1.1517,48
1580053537.233,0.7,1.0453,0.54,1.172,48
1580053537.412,0.72,1.0197,0.54,1.1895,48
1580053537.608,0.69,1.053,0.53,1.1864,48
1580053537.777,0.72,1.0222,0.58,1.165,48
1580053537.948,0.72,1.0226,0.58,1.1531,48
1580053538.129,0.69,1.0506,0.57,1.163,48
1580053538.323,0.7,1.0384,0.59,1.1529,48
1580053538.526,0.7,1.0431,0.6,1.1546,48
1580053538.719,0.71,1.0309,0.54,1.1852,48
1580053538.871,0.73,1.0161,0.52,1.1987,48
1580053539.043,0.67,1.0717,0.52,1.1946,49
1580053539.213,0.69,1.0504,0.57,1.1678,49
1580053539.383,0.7,1.042,0.61,1.1481,49
1580053539.557,0.74,1.0118,0.58,1.1579,49
1580053539.727,0.72,1.0247,0.57,1.1575,49
1580053539.897,0.68,1.0627,0.59,1.1483,49
1580053540.068,0.71,1.0232,0.58,1.1593,49
1580053540.238,0.71,1.0337,0.56,1.1755,49
1580053540.408,0.73,1.0178,0.53,1.1759,49
1580053540.591,0.71,1.0339,0.58,1.1679,49
1580053540.772,0.69,1.0545,0.58,1.1533,49
1580053540.965,0.7,1.0374,0.6,1.1392,49
1580053541.135,0.71,1.0345,0.59,1.1426,49
1580053541.305,0.7,1.0434,0.54,1.17,49
1580053541.459,0.69,1.044,0.55,1.1835,49
1580053541.637,0.68,1.0567,0.53,1.186,50
1580053541.811,0.71,1.0259,0.53,1.1737,50
1580053542.009,0.69,1.0471,0.6,1.1474,50
1580053542.207,0.71,1.0352,0.58,1.1475,50
1580053542.402,0.72,1.0218,0.6,1.1395,50
1580053542.608,0.69,1.054,0.57,1.1514,50
1580053542.782,0.72,1.0196,0.55,1.1801,50
1580053542.976,0.69,1.0477,0.48,1.2174,50
1580053543.146,0.7,1.0389,0.49,1.2081,50
1580053543.316,0.69,1.05,0.56,1.1532,50
1580053543.487,0.69,1.046,0.61,1.1482,50
1580053543.659,0.7,1.0384,0.58,1.1593,50
1580053543.83,0.66,1.0698,0.58,1.1504,50
1580053544.0,0.7,1.0456,0.55,1.1537,50
1580053544.153,0.73,1.0151,0.6,1.1576,50
1580053544.326,0.68,1.0602,0.56,1.1772,51
1580053544.496,0.71,1.0273,0.56,1.1712,51
1580053544.667,0.71,1.0331,0.58,1.1433,51
1580053544.842,0.73,1.014,0.58,1.1444,51
1580053545.013,0.73,1.0148,0.58,1.1405,51
1580053545.183,0.7,1.0472,0.6,1.1446,51
1580053545.354,0.72,1.0159,0.56,1.1724,51
1580053545.524,0.71,1.034,0.54,1.1873,51
1580053545.695,0.72,1.0217,0.53,1.1909,51
1580053545.877,0.71,1.0312,0.55,1.1698,51
1580053546.071,0.68,1.0558,0.6,1.1428,51
1580053546.265,0.72,1.027,0.61,1.139,51
1580053546.458,0.7,1.0357,0.62,1.1383,51
1580053546.654,0.7,1.0399,0.58,1.1526,51
1580053546.807,0.73,1.0116,0.55,1.1684,51
1580053546.977,0.68,1.0559,0.55,1.1738,52
1580053547.168,0.69,1.0445,0.56,1.1651,52
1580053547.338,0.71,1.04,0.59,1.1436,52
1580053547.509,0.74,1.003,0.61,1.1404,52
1580053547.684,0.73,1.0104,0.59,1.1519,52
1580053547.854,0.69,1.0534,0.6,1.1467,52
1580053548.025,0.72,1.0214,0.57,1.1517,52
1580053548.195,0.71,1.0321,0.54,1.195,52
1580053548.364,0.72,1.0172,0.53,1.1947,52
1580053548.534,0.69,1.0492,0.53,1.1939,52
1580053548.71,0.68,1.0562,0.57,1.1636,52
1580053548.882,0.72,1.0238,0.58,1.1556,52
1580053549.057,0.7,1.0452,0.59,1.149,52
1580053549.254,0.69,1.0496,0.59,1.1446,52
1580053549.407,0.71,1.0291,0.57,1.154,52
1580053549.577,0.7,1.0382,0.55,1.1725,53
1580053549.75,0.73,1.015,0.55,1.174,53
1580053549.921,0.69,1.0529,0.55,1.1673,53
1580053550.093,0.71,1.0239,0.6,1.14,53
1580053550.265,0.74,1.0092,0.59,1.1464,53
1580053550.436,0.68,1.058,0.57,1.1593,53
1580053550.612,0.7,1.0329,0.55,1.1679,53
1580053550.783,0.68,1.0528,0.55,1.1872,53
1580053550.954,0.71,1.0277,0.48,1.234,53
1580053551.126,0.68,1.06,0.52,1.2151,53
1580053551.297,0.65,1.0818,0.5,1.2186,53
1580053551.483,0.7,1.0396,0.56,1.1842,53
1580053551.656,0.7,1.0407,0.58,1.1639,53
1580053551.85,0.7,1.0465,0.56,1.1665,53
1580053552.024,0.7,1.0408,0.57,1.1565,53
1580053552.22,0.67,1.066,0.57,1.1623,54
1580053552.413,0.73,1.0161,0.52,1.2067,54
1580053552.608,0.69,1.0509,0.51,1.2199,54
1580053552.809,0.71,1.0357,0.53,1.2077,54
1580053553.002,0.71,1.0346,0.53,1.1799,54
1580053553.173,0.68,1.0553,0.57,1.1578,54
1580053553.343,0.71,1.0266,0.58,1.149,54
1580053553.514,0.7,1.0491,0.57,1.1612,54
1580053553.684,0.7,1.0364,0.57,1.1599,54
1580053553.855,0.7,1.0408,0.58,1.1599,54
1580053554.025,0.69,1.0467,0.55,1.1659,54
1580053554.195,0.72,1.0242,0.53,1.1838,54
1580053554.365,0.71,1.0369,0.53,1.1823,54
1580053554.536,0.69,1.0482,0.59,1.1558,54
1580053554.688,0.71,1.0252,0.59,1.139,54
1580053554.861,0.7,1.0413,0.61,1.1429,55
1580053555.031,0.73,1.0187,0.59,1.1544,55
1580053555.202,0.7,1.0425,0.61,1.1438,55
1580053555.384,0.72,1.0285,0.58,1.1403,55
1580053555.569,0.74,0.9984,0.59,1.1483,55
1580053555.741,0.71,1.0388,0.57,1.1634,55
1580053555.912,0.7,1.032,0.6,1.1478,55
1580053556.083,0.7,1.0412,0.59,1.1451,55
1580053556.254,0.74,1.0051,0.57,1.1547,55
1580053556.427,0.71,1.0293,0.59,1.1493,55
1580053556.597,0.68,1.0581,0.57,1.1438,55
1580053556.773,0.72,1.0202,0.59,1.1548,55
1580053556.944,0.72,1.0241,0.56,1.1663,55
1580053557.119,0.69,1.0485,0.58,1.161,55
1580053557.277,0.72,1.0288,0.57,1.155,55
1580053557.449,0.69,1.0431,0.58,1.1509,56
1580053557.623,0.74,1.0049,0.59,1.1689,56
1580053557.794,0.69,1.05,0.57,1.1676,56
1580053557.965,0.69,1.0434,0.6,1.1464,56
1580053558.136,0.73,1.0049,0.57,1.152,56
1580053558.306,0.71,1.0342,0.56,1.1735,56
1580053558.477,0.69,1.0456,0.56,1.1678,56
1580053558.647,0.67,1.0698,0.59,1.1491,56
1580053558.818,0.73,1.0073,0.58,1.1512,56
1580053558.989,0.73,1.0145,0.57,1.1722,56
1580053559.16,0.66,1.0784,0.58,1.1622,56
1580053559.335,0.68,1.0572,0.58,1.1537,56
1580053559.512,0.72,1.0282,0.59,1.1473,56
1580053559.706,0.72,1.024,0.58,1.1529,56
1580053559.88,0.71,1.035,0.58,1.1687,56
1580053560.077,0.64,1.0886,0.58,1.175,57
1580053560.271,0.69,1.0517,0.55,1.1779,57
1580053560.441,0.71,1.0326,0.53,1.1972,57
1580053560.616,0.71,1.0305,0.52,1.2127,57
1580053560.788,0.68,1.058,0.56,1.186,57
1580053560.966,0.64,1.0926,0.58,1.1816,57
1580053561.137,0.68,1.0561,0.53,1.1982,57
1580053561.307,0.66,1.0833,0.54,1.1678,57
1580053561.479,0.7,1.0364,0.59,1.1466,57
1580053561.649,0.71,1.027,0.54,1.2009,57
1580053561.824,0.67,1.0723,0.51,1.2265,57
1580053561.996,0.67,1.0685,0.52,1.2159,57
1580053562.167,0.67,1.0668,0.57,1.1645,57
1580053562.337,0.7,1.0339,0.58,1.1565,57
1580053562.49,0.73,1.0171,0.57,1.1717,57
1580053562.662,0.67,1.0727,0.57,1.1584,58
1580053562.862,0.71,1.0297,0.56,1.154,58
1580053563.054,0.7,1.04,0.55,1.1855,58
1580053563.235,0.72,1.0143,0.54,1.1941,58
1580053563.407,0.71,1.0283,0.54,1.188,58
1580053563.577,0.68,1.0623,0.57,1.1576,58
1580053563.748,0.74,1.0041,0.59,1.1471,58
1580053563.917,0.69,1.0454,0.59,1.151,58
1580053564.088,0.71,1.0241,0.58,1.157,58
1580053564.263,0.71,1.0313,0.57,1.1638,58
1580053564.455,0.7,1.043,0.55,1.1703,58
1580053564.647,0.72,1.0238,0.57,1.1797,58
1580053564.818,0.7,1.0337,0.56,1.1787,58
1580053564.989,0.7,1.0342,0.54,1.1694,58
1580053565.141,0.74,1.0049,0.56,1.1617,58
1580053565.313,0.7,1.0399,0.58,1.1565,59
1580053565.483,0.71,1.0284,0.6,1.1495,59
1580053565.655,0.71,1.0298,0.59,1.1595,59
1580053565.826,0.75,1.0023,0.56,1.1839,59
1580053566.003,0.73,1.0096,0.55,1.1857,59
1580053566.175,0.7,1.0442,0.55,1.1745,59
1580053566.346,0.74,1.001,0.56,1.1654,59
1580053566.517,0.71,1.0321,0.59,1.1584,59
1580053566.687,0.73,1.0058,0.57,1.1592,59
1580053566.858,0.72,1.0147,0.58,1.1622,59
1580053567.034,0.71,1.0302,0.57,1.1658,59
1580053567.206,0.73,1.021,0.57,1.1632,59
1580053567.375,0.72,1.0248,0.57,1.1658,59
1580053567.546,0.72,1.0239,0.53,1.174,59
1580053567.699,0.74,1.0053,0.57,1.1671,59
1580053567.879,0.71,1.0317,0.58,1.1505,60
1580053568.058,0.74,1.0026,0.59,1.1531,60
1580053568.251,0.72,1.0192,0.57,1.1619,60
1580053568.446,0.74,1.0022,0.56,1.1682,60
1580053568.639,0.75,0.9949,0.58,1.1667,60
1580053568.809,0.71,1.0363,0.6,1.1635,60
1580053568.978,0.73,1.0015,0.57,1.1607,60
1580053569.15,0.7,1.036,0.56,1.1593,60
1580053569.32,0.74,1.005,0.6,1.1469,60
1580053569.489,0.72,1.0149,0.6,1.1452,60
1580053569.66,0.7,1.0318,0.59,1.1501,60
1580053569.832,0.73,1.0143,0.59,1.1497,60
1580053570.004,0.72,1.0236,0.61,1.146,60
1580053570.177,0.72,1.0212,0.6,1.1511,60
1580053570.329,0.74,1.0035,0.56,1.1682,60
1580053570.501,0.71,1.0325,0.58,1.1607,61
1580053570.671,0.73,1.0102,0.6,1.1419,61
1580053570.842,0.72,1.0224,0.59,1.1485,61
1580053571.028,0.73,1.0148,0.58,1.1578,61
1580053571.201,0.75,0.9981,0.57,1.1597,61
1580053571.394,0.71,1.0322,0.57,1.1649,61
1580053571.587,0.74,0.9984,0.57,1.1665,61
1580053571.757,0.7,1.0389,0.58,1.1633,61
1580053571.927,0.71,1.0252,0.57,1.1621,61
1580053572.098,0.71,1.0221,0.59,1.1533,61
1580053572.279,0.72,1.0314,0.58,1.1557,61
1580053572.474,0.73,1.0097,0.56,1.1685,61
1580053572.665,0.72,1.0243,0.57,1.1762,61
1580053572.836,0.72,1.026,0.55,1.1732,61
1580053572.988,0.75,0.9943,0.56,1.1837,61
1580053573.163,0.7,1.0339,0.53,1.1891,62
1580053573.337,0.73,1.0102,0.55,1.1676,62
1580053573.508,0.72,1.0202,0.57,1.16,62
1580053573.678,0.75,0.9991,0.57,1.1597,62
1580053573.848,0.76,0.9966,0.57,1.1587,62
1580053574.019,0.71,1.0357,0.56,1.1694,62
1580053574.195,0.76,0.9917,0.54,1.1766,62
1580053574.365,0.72,1.0193,0.54,1.184,62
1580053574.535,0.74,1.006,0.56,1.1758,62
1580053574.705,0.73,1.0128,0.58,1.1591,62
1580053574.876,0.7,1.0438,0.6,1.1442,62
1580053575.047,0.73,1.0108,0.61,1.1354,62
1580053575.222,0.73,1.0075,0.57,1.1588,62
1580053575.393,0.73,1.018,0.59,1.1553,62
1580053575.546,0.73,1.0105,0.56,1.1639,62
1580053575.718,0.7,1.0412,0.51,1.2008,63
1580053575.891,0.71,1.0262,0.54,1.1791,63
1580053576.087,0.71,1.0312,0.59,1.1492,63
1580053576.286,0.76,0.9909,0.57,1.1583,63
1580053576.476,0.74,1.0036,0.57,1.1673,63
1580053576.647,0.68,1.06,0.57,1.1533,63
1580053576.817,0.74,1.0035,0.59,1.1514,63
1580053576.99,0.73,1.0137,0.52,1.1928,63
1580053577.179,0.74,1.0005,0.52,1.2117,63
1580053577.349,0.7,1.0346,0.52,1.2089,63
1580053577.521,0.68,1.0599,0.55,1.1813,63
1580053577.712,0.72,1.0198,0.57,1.1554,63
1580053577.883,0.73,1.0116,0.59,1.1588,63
1580053578.054,0.7,1.0405,0.57,1.1663,63
1580053578.207,0.71,1.0344,0.57,1.1557,63
1580053578.379,0.68,1.0609,0.58,1.165,64
1580053578.553,0.73,1.0072,0.52,1.1971,64
1580053578.745,0.7,1.0382,0.53,1.2024,64
1580053578.938,0.7,1.0337,0.54,1.1883,64
1580053579.133,0.73,1.0137,0.54,1.1748,64
1580053579.336,0.71,1.0327,0.55,1.1666,64
1580053579.53,0.74,1.0017,0.6,1.158,64
1580053579.724,0.69,1.0503,0.58,1.1598,64
1580053579.898,0.72,1.0207,0.58,1.1607,64
1580053580.078,0.72,1.0203,0.58,1.159,64
1580053580.249,0.71,1.0294,0.55,1.1686,64
1580053580.42,0.73,1.0109,0.58,1.1678,64
1580053580.59,0.72,1.0216,0.58,1.171,64
1580053580.767,0.71,1.0284,0.58,1.1616,64
1580053580.92,0.75,0.9929,0.59,1.148,64
1580053581.095,0.71,1.0278,0.6,1.1464,65
1580053581.269,0.75,0.998,0.6,1.1467,65
1580053581.45,0.72,1.0213,0.59,1.1473,65
1580053581.645,0.74,1.0005,0.59,1.1479,65
1580053581.842,0.76,0.9875,0.58,1.1507,65
1580053582.037,0.72,1.0221,0.57,1.1577,65
1580053582.232,0.75,0.9964,0.56,1.1655,65
1580053582.427,0.72,1.0198,0.55,1.1684,65
1580053582.621,0.75,0.9956,0.57,1.1617,65
1580053582.817,0.73,1.0005,0.57,1.1577,65
1580053583.01,0.72,1.0238,0.56,1.1519,65
1580053583.181,0.75,0.997,0.61,1.1414,65
1580053583.351,0.75,0.9972,0.6,1.1419,65
1580053583.522,0.74,1.0032,0.6,1.1407,65
1580053583.674,0.76,0.9862,0.61,1.1408,65
1580053583.845,0.72,1.017,0.59,1.1563,66
1580053584.016,0.76,0.9866,0.55,1.1628,66
1580053584.186,0.73,1.0117,0.57,1.1607,66
1580053584.355,0.75,0.9908,0.58,1.153,66
1580053584.526,0.77,0.9784,0.59,1.1456,66
1580053584.696,0.72,1.0232,0.58,1.1495,66
1580053584.868,0.75,0.9895,0.58,1.1558,66
1580053585.038,0.73,1.0084,0.57,1.1722,66
1580053585.21,0.76,0.9862,0.56,1.1819,66
1580053585.38,0.74,1.0024,0.55,1.1824,66
1580053585.556,0.7,1.0337,0.56,1.1738,66
1580053585.727,0.74,1.0062,0.6,1.1448,66
1580053585.898,0.75,0.9949,0.6,1.1445,66
1580053586.092,0.75,1.0001,0.59,1.1553,66
1580053586.265,0.74,1.0073,0.6,1.146,66
1580053586.466,0.71,1.0289,0.6,1.1482,67
1580053586.659,0.76,0.9849,0.56,1.1721,67
1580053586.854,0.74,1.011,0.55,1.1821,67
1580053587.045,0.75,0.9966,0.58,1.1675,67
1580053587.224,0.76,0.9864,0.59,1.149,67
1580053587.418,0.73,1.0149,0.58,1.146,67
1580053587.612,0.76,0.9877,0.57,1.1486,67
1580053587.783,0.72,1.0259,0.59,1.1489,67
1580053587.953,0.75,0.9939,0.58,1.1538,67
1580053588.137,0.75,0.9894,0.54,1.1806,67
1580053588.334,0.72,1.0258,0.52,1.1936,67
1580053588.538,0.71,1.0239,0.56,1.169,67
1580053588.736,0.73,1.0099,0.57,1.1468,67
1580053588.91,0.74,1.0056,0.59,1.1455,67
1580053589.061,0.75,0.9981,0.56,1.1716,67
1580053589.233,0.67,1.0669,0.59,1.1577,68
1580053589.407,0.73,1.0152,0.61,1.1499,68
1580053589.578,0.74,1.0082,0.51,1.2017,68
1580053589.749,0.74,1.0012,0.51,1.2029,68
1580053589.92,0.72,1.0242,0.55,1.1906,68
1580053590.091,0.7,1.0463,0.54,1.1905,68
1580053590.283,0.74,1.0075,0.54,1.1819,68
1580053590.477,0.71,1.0274,0.57,1.1648,68
1580053590.669,0.74,0.999,0.57,1.1575,68
1580053590.84,0.73,1.0149,0.58,1.1561,68
1580053591.012,0.71,1.0357,0.58,1.1555,68
1580053591.205,0.73,1.0147,0.56,1.1608,68
1580053591.384,0.72,1.0155,0.57,1.1695,68
1580053591.56,0.72,1.0181,0.56,1.1754,68
1580053591.712,0.74,0.9982,0.58,1.1639,68
1580053591.894,0.71,1.0253,0.58,1.1624,69
1580053592.065,0.75,0.989,0.58,1.1653,69
1580053592.236,0.74,1.0063,0.59,1.1626,69
1580053592.432,0.74,1.0015,0.6,1.1515,69
1580053592.632,0.76,0.987,0.58,1.1572,69
1580053592.802,0.73,1.0122,0.58,1.1606,69
1580053592.971,0.76,0.9847,0.56,1.1642,69
1580053593.143,0.73,1.0126,0.56,1.1671,69
1580053593.316,0.76,0.9897,0.57,1.1653,69
1580053593.497,0.75,0.9964,0.56,1.1614,69
1580053593.668,0.73,1.0169,0.6,1.1497,69
1580053593.839,0.75,0.9946,0.59,1.1432,69
1580053594.011,0.75,0.9931,0.6,1.1439,69
1580053594.182,0.75,0.9969,0.6,1.1417,69
1580053594.341,0.77,0.9792,0.61,1.1384,69
1580053594.535,0.73,1.0163,0.59,1.1469,70
1580053594.729,0.77,0.978,0.58,1.1585,70
1580053594.923,0.74,1.0028,0.56,1.1682,70
1580053595.109,0.76,0.9909,0.57,1.1693,70
1580053595.294,0.77,0.9841,0.6,1.1516,70
1580053595.488,0.73,1.01,0.59,1.1458,70
1580053595.684,0.76,0.9852,0.6,1.1443,70
1580053595.854,0.73,1.0148,0.56,1.1658,70
1580053596.032,0.76,0.9801,0.57,1.1717,70
1580053596.203,0.75,0.9941,0.54,1.1828,70
1580053596.374,0.71,1.0298,0.53,1.1795,70
1580053596.546,0.73,1.0166,0.56,1.1601,70
1580053596.716,0.75,0.9933,0.58,1.1414,70
1580053596.886,0.75,0.9965,0.61,1.1396,70
1580053597.038,0.75,0.9937,0.62,1.1395,70
1580053597.21,0.71,1.0305,0.61,1.1379,71
1580053597.381,0.76,0.9819,0.61,1.1558,71
1580053597.553,0.75,0.9956,0.56,1.1861,71
1580053597.723,0.76,0.9871,0.55,1.19,71
1580053597.894,0.75,0.9948,0.56,1.1759,71
1580053598.069,0.72,1.0148,0.56,1.1665,71
1580053598.273,0.76,0.978,0.57,1.1554,71
1580053598.469,0.73,1.0122,0.58,1.1541,71
1580053598.666,0.75,0.9964,0.57,1.1606,71
1580053598.865,0.75,0.9874,0.55,1.1724,71
1580053599.057,0.73,1.0093,0.56,1.1807,71
1580053599.228,0.74,1.0011,0.54,1.1828,71
1580053599.397,0.75,0.9958,0.56,1.1786,71
1580053599.567,0.73,1.0132,0.56,1.1691,71
1580053599.732,0.76,0.9865,0.6,1.1477,71
1580053599.93,0.72,1.0166,0.57,1.1636,72
1580053600.11,0.74,1.0055,0.58,1.1691,72
1580053600.282,0.71,1.0285,0.56,1.1779,72
1580053600.452,0.75,0.9938,0.56,1.1859,72
1580053600.63,0.76,0.9861,0.55,1.183,72
1580053600.809,0.72,1.0202,0.56,1.1852,72
1580053601.004,0.75,0.9914,0.53,1.1922,72
1580053601.197,0.71,1.0304,0.56,1.1843,72
1580053601.367,0.75,0.9932,0.55,1.1749,72
1580053601.542,0.76,0.9896,0.56,1.171,72
1580053601.72,0.73,1.0126,0.54,1.1925,72
1580053601.918,0.74,0.9998,0.56,1.1825,72
1580053602.117,0.74,1.0033,0.55,1.173,72
1580053602.318,0.74,0.9984,0.58,1.1597,72
1580053602.493,0.77,0.979,0.58,1.1524,72
1580053602.668,0.72,1.0253,0.6,1.1502,73
1580053602.842,0.76,0.9858,0.59,1.1616,73
1580053603.035,0.75,0.9977,0.55,1.1771,73
1580053603.207,0.75,1.0007,0.56,1.1693,73
1580053603.377,0.75,0.9953,0.58,1.1527,73
1580053603.547,0.74,1.0098,0.57,1.163,73
1580053603.719,0.77,0.9764,0.57,1.1737,73
1580053603.891,0.72,1.0242,0.55,1.1742,73
1580053604.062,0.75,0.9938,0.57,1.1645,73
1580053604.234,0.76,0.9862,0.56,1.1626,73
1580053604.405,0.73,1.013,0.56,1.18,73
1580053604.576,0.75,0.9955,0.59,1.1659,73
1580053604.747,0.75,0.9921,0.59,1.159,73
1580053604.933,0.74,1.0,0.59,1.154,73
1580053605.085,0.76,0.9769,0.58,1.1492,73
1580053605.257,0.72,1.0165,0.58,1.1516,74
1580053605.428,0.75,0.9926,0.55,1.168,74
1580053605.6,0.74,1.0083,0.55,1.1748,74
1580053605.77,0.76,0.9853,0.54,1.18,74
1580053605.941,0.74,0.9984,0.53,1.1825,74
1580053606.117,0.7,1.0419,0.6,1.1544,74
1580053606.288,0.75,0.9919,0.57,1.1566,74
1580053606.458,0.73,1.0128,0.57,1.1573,74
1580053606.627,0.74,1.0014,0.58,1.1615,74
1580053606.798,0.73,1.0103,0.57,1.1574,74
1580053606.969,0.7,1.037,0.54,1.1799,74
1580053607.165,0.72,1.0193,0.51,1.216,74
1580053607.35,0.72,1.0216,0.52,1.1984,74
1580053607.545,0.72,1.0222,0.51,1.2024,74
1580053607.719,0.77,0.979,0.56,1.1701,74
1580053607.926,0.71,1.0288,0.56,1.1741,75
1580053608.112,0.69,1.0424,0.59,1.1542,75
1580053608.309,0.72,1.0206,0.59,1.1553,75
1580053608.503,0.77,0.9816,0.53,1.2045,75
1580053608.696,0.76,0.9862,0.52,1.2183,75
1580053608.897,0.7,1.0337,0.51,1.2116,75
1580053609.09,0.74,1.0038,0.55,1.1873,75
1580053609.283,0.73,1.0097,0.58,1.1718,75
1580053609.454,0.76,0.9833,0.6,1.1568,75
1580053609.625,0.72,1.0159,0.57,1.1579,75
1580053609.796,0.71,1.0325,0.59,1.1532,75
1580053609.968,0.73,1.0041,0.55,1.1721,75
1580053610.14,0.73,1.0107,0.55,1.178,75
1580053610.322,0.73,1.0122,0.53,1.1774,75
1580053610.496,0.75,0.9926,0.56,1.177,75
1580053610.689,0.72,1.0226,0.55,1.1712,76
1580053610.861,0.76,0.9875,0.6,1.1512,76
1580053611.033,0.74,1.0066,0.6,1.1518,76
1580053611.205,0.74,1.0003,0.54,1.1954,76
1580053611.391,0.74,0.9997,0.53,1.2035,76
1580053611.564,0.71,1.0276,0.53,1.1922,76
1580053611.74,0.75,0.9881,0.54,1.1923,76
1580053611.939,0.73,1.0181,0.55,1.192,76
1580053612.133,0.74,1.0013,0.53,1.1947,76
1580053612.305,0.73,1.0087,0.55,1.1892,76
1580053612.477,0.7,1.0333,0.57,1.1654,76
1580053612.65,0.73,1.0121,0.57,1.1485,76
1580053612.822,0.74,1.0036,0.61,1.1347,76
1580053613.0,0.73,1.007,0.62,1.1334,76
1580053613.153,0.76,0.9875,0.59,1.1434,76
1580053613.322,0.7,1.0383,0.58,1.1606,77
1580053613.497,0.72,1.0159,0.56,1.1628,77
1580053613.669,0.69,1.0421,0.6,1.1397,77
1580053613.84,0.73,1.0102,0.59,1.1468,77
1580053614.017,0.76,0.9839,0.58,1.16,77
1580053614.195,0.71,1.0318,0.55,1.1813,77
1580053614.389,0.73,1.008,0.54,1.1919,77
1580053614.588,0.71,1.0322,0.54,1.1988,77
1580053614.766,0.75,0.9971,0.51,1.2101,77
1580053614.938,0.72,1.0127,0.53,1.2136,77
1580053615.129,0.7,1.0406,0.54,1.1917,77
1580053615.302,0.73,1.0097,0.57,1.1562,77
1580053615.476,0.74,1.0061,0.59,1.1503,77
1580053615.673,0.74,1.0049,0.57,1.1799,77
1580053615.827,0.74,1.0056,0.55,1.1873,77
1580053616.001,0.7,1.0459,0.59,1.1654,78
1580053616.173,0.75,0.9961,0.57,1.1652,78
1580053616.345,0.74,1.0044,0.56,1.1672,78
1580053616.516,0.74,1.0,0.51,1.1865,78
1580053616.693,0.74,1.0008,0.53,1.1815,78
1580053616.889,0.72,1.0167,0.54,1.1786,78
1580053617.088,0.77,0.9726,0.55,1.1714,78
1580053617.263,0.74,1.0013,0.52,1.1736,78
1580053617.46,0.75,0.9957,0.53,1.17,78
1580053617.655,0.73,1.0078,0.54,1.169,78
1580053617.851,0.73,1.0076,0.55,1.1708,78
1580053618.049,0.76,0.9837,0.56,1.1705,78
1580053618.223,0.75,0.9913,0.56,1.1682,78
1580053618.418,0.74,1.0052,0.61,1.1515,78
1580053618.59,0.77,0.9752,0.61,1.1522,78
1580053618.778,0.73,1.0054,0.59,1.1531,79
1580053618.972,0.77,0.9774,0.59,1.1558,79
1580053619.143,0.75,0.9965,0.57,1.1541,79
1580053619.338,0.77,0.9776,0.57,1.1581,79
1580053619.534,0.78,0.9703,0.56,1.1655,79
1580053619.73,0.74,1.0016,0.54,1.1862,79
1580053619.925,0.77,0.9732,0.53,1.1859,79
1580053620.129,0.75,0.9986,0.57,1.171,79
1580053620.324,0.77,0.9743,0.57,1.1624,79
1580053620.52,0.77,0.9784,0.57,1.1646,79
1580053620.713,0.73,1.0123,0.58,1.1527,79
1580053620.887,0.77,0.979,0.61,1.141,79
1580053621.058,0.77,0.9766,0.59,1.1427,79
1580053621.229,0.76,0.9867,0.59,1.1464,79
1580053621.382,0.77,0.9709,0.57,1.1536,79
1580053621.558,0.74,0.9988,0.58,1.1533,80
1580053621.731,0.77,0.9758,0.6,1.1492,80
1580053621.923,0.75,0.9947,0.59,1.154,80
1580053622.119,0.77,0.9738,0.55,1.1754,80
1580053622.309,0.78,0.9668,0.58,1.179,80
1580053622.48,0.75,1.0003,0.53,1.1907,80
1580053622.652,0.78,0.9683,0.53,1.1915,80
1580053622.826,0.75,0.9966,0.52,1.1928,80
1580053623.009,0.77,0.977,0.53,1.1794,80
1580053623.185,0.77,0.9742,0.59,1.1696,80
1580053623.356,0.73,1.0069,0.54,1.1677,80
1580053623.527,0.76,0.9817,0.58,1.1544,80
1580053623.698,0.77,0.9742,0.57,1.1535,80
1580053623.87,0.77,0.9768,0.57,1.1554,80
1580053624.024,0.78,0.9683,0.58,1.1538,80
1580053624.202,0.74,1.0045,0.58,1.1465,81
1580053624.373,0.77,0.9735,0.6,1.1389,81
1580053624.544,0.75,0.99,0.61,1.1375,81
1580053624.716,0.77,0.9791,0.58,1.1633,81
1580053624.888,0.77,0.9716,0.58,1.1789,81
1580053625.06,0.74,0.9992,0.53,1.2119,81
1580053625.238,0.79,0.9644,0.48,1.2353,81
1580053625.409,0.73,1.0143,0.51,1.224,81
1580053625.58,0.75,0.9903,0.51,1.2024,81
1580053625.751,0.77,0.9806,0.54,1.1918,81
1580053625.923,0.73,1.0091,0.59,1.1727,81
1580053626.114,0.74,0.9989,0.57,1.162,81
1580053626.312,0.76,0.9887,0.56,1.1704,81
1580053626.505,0.77,0.9782,0.57,1.178,81
1580053626.676,0.76,0.9793,0.56,1.1799,81
1580053626.85,0.72,1.0234,0.57,1.1666,82
1580053627.02,0.76,0.9842,0.59,1.1522,82
1580053627.192,0.75,0.9916,0.61,1.1348,82
1580053627.363,0.76,0.9847,0.58,1.1481,82
1580053627.535,0.74,0.9933,0.58,1.1525,82
1580053627.706,0.74,1.0047,0.55,1.1722,82
1580053627.876,0.78,0.9645,0.51,1.2238,82
1580053628.05,0.74,1.0047,0.48,1.2464,82
1580053628.25,0.73,1.0064,0.5,1.2116,82
1580053628.443,0.74,1.0023,0.52,1.1996,82
1580053628.638,0.74,1.0056,0.55,1.1838,82
1580053628.809,0.73,1.0026,0.58,1.1648,82
1580053628.98,0.72,1.0192,0.62,1.1469,82
1580053629.152,0.74,1.0009,0.55,1.1837,82
1580053629.316,0.77,0.9763,0.53,1.2124,82
1580053629.512,0.73,1.0159,0.51,1.2096,83
1580053629.707,0.74,0.9987,0.55,1.1832,83
1580053629.902,0.73,1.0121,0.55,1.1668,83
1580053630.099,0.76,0.9812,0.55,1.1799,83
1580053630.295,0.76,0.9801,0.58,1.1627,83
1580053630.465,0.73,1.0152,0.57,1.1688,83
1580053630.636,0.75,0.9917,0.58,1.1645,83
1580053630.807,0.73,1.0125,0.57,1.1816,83
1580053630.977,0.77,0.9761,0.52,1.2138,83
1580053631.148,0.75,0.9994,0.5,1.2169,83
1580053631.32,0.71,1.0322,0.52,1.2122,83
1580053631.492,0.73,1.0071,0.53,1.2025,83
1580053631.663,0.75,0.9896,0.57,1.1605,83
1580053631.834,0.75,0.9952,0.58,1.1678,83
1580053631.995,0.75,0.991,0.51,1.2366,83
1580053632.166,0.68,1.0577,0.49,1.2426,84
1580053632.339,0.72,1.0249,0.55,1.1948,84
1580053632.525,0.75,0.9999,0.52,1.2061,84
1580053632.716,0.74,1.0001,0.52,1.2019,84
1580053632.888,0.74,0.9981,0.53,1.2032,84
1580053633.059,0.72,1.024,0.54,1.1946,84
1580053633.23,0.73,1.0012,0.53,1.1958,84
1580053633.406,0.71,1.0371,0.57,1.1747,84
1580053633.595,0.73,1.013,0.53,1.1808,84
1580053633.769,0.73,1.0077,0.52,1.1861,84
1580053633.94,0.73,1.0078,0.54,1.1681,84
1580053634.111,0.76,0.9874,0.57,1.1629,84
1580053634.285,0.74,0.9984,0.6,1.1432,84
1580053634.479,0.73,1.0095,0.6,1.1354,84
1580053634.636,0.77,0.9762,0.61,1.1395,84
1580053634.807,0.74,1.0079,0.59,1.159,85
1580053634.977,0.77,0.9799,0.58,1.1721,85
1580053635.148,0.74,0.9993,0.58,1.1807,85
1580053635.32,0.76,0.9805,0.54,1.1883,85
1580053635.491,0.77,0.9752,0.56,1.1851,85
1580053635.663,0.73,1.0082,0.52,1.1876,85
1580053635.834,0.77,0.9707,0.53,1.1704,85
1580053636.018,0.74,0.9979,0.58,1.1586,85
1580053636.189,0.76,0.976,0.58,1.1593,85
1580053636.378,0.76,0.9861,0.56,1.1727,85
1580053636.549,0.74,1.0038,0.54,1.1816,85
1580053636.723,0.76,0.9849,0.57,1.1725,85
1580053636.894,0.76,0.9803,0.56,1.1685,85
1580053637.068,0.76,0.986,0.58,1.1567,85
1580053637.241,0.78,0.9648,0.59,1.1485,85
1580053637.414,0.74,1.0059,0.6,1.1493,86
1580053637.586,0.77,0.9702,0.57,1.1608,86
1580053637.757,0.77,0.982,0.57,1.1699,86
1580053637.928,0.77,0.9779,0.55,1.1849,86
1580053638.099,0.79,0.9588,0.52,1.2002,86
1580053638.27,0.75,0.9941,0.52,1.2067,86
1580053638.468,0.78,0.9618,0.52,1.2082,86
1580053638.66,0.75,0.9975,0.51,1.2046,86
1580053638.836,0.77,0.9713,0.52,1.1918,86
1580053639.022,0.78,0.9689,0.53,1.1842,86
1580053639.205,0.74,0.9989,0.54,1.1813,86
1580053639.407,0.77,0.976,0.56,1.1694,86
1580053639.601,0.78,0.9658,0.56,1.1555,86
1580053639.774,0.77,0.9732,0.57,1.1563,86
1580053639.951,0.79,0.956,0.56,1.1611,86
1580053640.125,0.74,0.9969,0.58,1.1594,87
1580053640.296,0.78,0.9648,0.58,1.1634,87
1580053640.468,0.76,0.9818,0.56,1.1735,87
1580053640.639,0.76,0.9789,0.58,1.1676,87
1580053640.833,0.78,0.9609,0.55,1.1857,87
1580053641.026,0.76,0.9902,0.51,1.2141,87
1580053641.198,0.79,0.9567,0.51,1.2168,87
1580053641.373,0.75,0.9921,0.51,1.2101,87
1580053641.557,0.77,0.9742,0.52,1.2026,87
1580053641.732,0.77,0.9717,0.55,1.1874,87
1580053641.927,0.73,1.0052,0.56,1.1701,87
1580053642.131,0.77,0.974,0.56,1.1685,87
1580053642.327,0.78,0.9637,0.58,1.155,87
1580053642.522,0.78,0.9679,0.58,1.1567,87
1580053642.696,0.79,0.9538,0.57,1.1625,87
1580053642.896,0.75,0.9894,0.59,1.1566,88
1580053643.08,0.79,0.9567,0.58,1.1576,88
1580053643.254,0.77,0.9736,0.57,1.1673,88
1580053643.425,0.78,0.9683,0.58,1.1613,88
1580053643.602,0.78,0.961,0.57,1.1684,88
1580053643.773,0.75,0.9958,0.55,1.1761,88
1580053643.944,0.79,0.9521,0.54,1.1983,88
1580053644.121,0.76,0.9891,0.52,1.2085,88
1580053644.293,0.76,0.984,0.53,1.2114,88
1580053644.463,0.77,0.9783,0.52,1.2031,88
1580053644.639,0.74,1.0035,0.57,1.1736,88
1580053644.812,0.76,0.9848,0.55,1.1673,88
1580053644.982,0.77,0.9777,0.59,1.1571,88
1580053645.154,0.77,0.9766,0.58,1.1561,88
1580053645.307,0.79,0.9519,0.57,1.1689,88
1580053645.478,0.74,0.9992,0.58,1.1713,89
1580053645.655,0.77,0.9803,0.59,1.1599,89
1580053645.827,0.74,1.0017,0.59,1.1465,89
1580053645.998,0.78,0.9656,0.58,1.1658,89
1580053646.168,0.77,0.968,0.55,1.1793,89
1580053646.339,0.74,1.0012,0.55,1.1843,89
1580053646.589,0.78,0.9649,0.54,1.1951,89
1580053646.763,0.76,0.9869,0.54,1.2012,89
1580053646.934,0.76,0.9875,0.52,1.2032,89
1580053647.113,0.72,1.0193,0.53,1.1989,89
1580053647.292,0.73,1.0062,0.52,1.1994,89
1580053647.487,0.77,0.9735,0.57,1.1617,89
1580053647.686,0.76,0.985,0.58,1.1649,89
1580053647.857,0.73,1.008,0.59,1.1635,89
1580053648.015,0.78,0.9657,0.56,1.1795,89
1580053648.218,0.76,0.9852,0.55,1.1983,90
1580053648.414,0.77,0.9782,0.54,1.1981,90
1580053648.612,0.72,1.0216,0.53,1.1876,90
1580053648.807,0.75,0.9912,0.58,1.1641,90
1580053648.978,0.79,0.9619,0.58,1.1594,90
1580053649.149,0.74,1.0037,0.59,1.1649,90
1580053649.323,0.75,0.9973,0.57,1.1809,90
1580053649.518,0.71,1.0319,0.51,1.2093,90
1580053649.715,0.76,0.9791,0.51,1.2141,90
1580053649.886,0.77,0.976,0.53,1.2015,90
1580053650.058,0.71,1.0307,0.5,1.2138,90
1580053650.23,0.72,1.0206,0.53,1.2047,90
1580053650.401,0.75,0.9915,0.56,1.182,90
1580053650.574,0.76,0.9812,0.59,1.1512,90
1580053650.742,0.77,0.974,0.55,1.1755,90
1580053650.915,0.71,1.0294,0.55,1.1906,91
1580053651.085,0.73,1.0131,0.58,1.166,91
1580053651.261,0.74,0.9969,0.52,1.1917,91
1580053651.453,0.77,0.9758,0.54,1.2098,91
1580053651.623,0.77,0.9782,0.5,1.2308,91
1580053651.799,0.71,1.0247,0.52,1.2185,91
1580053651.975,0.76,0.9834,0.54,1.1983,91
1580053652.151,0.74,1.0029,0.54,1.2044,91
1580053652.359,0.77,0.9793,0.52,1.2027,91
1580053652.553,0.74,1.0051,0.53,1.188,91
1580053652.725,0.72,1.0228,0.54,1.1821,91
1580053652.896,0.76,0.9815,0.54,1.1799,91
1580053653.067,0.77,0.9723,0.56,1.167,91
1580053653.242,0.76,0.9808,0.56,1.1645,91
1580053653.395,0.78,0.9617,0.58,1.1643,91
1580053653.566,0.74,1.0022,0.55,1.1824,92
1580053653.739,0.77,0.9738,0.55,1.1897,92
1580053653.91,0.74,0.9992,0.6,1.1542,92
1580053654.082,0.78,0.9697,0.58,1.146,92
1580053654.254,0.79,0.9614,0.55,1.174,92
1580053654.448,0.75,0.9965,0.53,1.1965,92
1580053654.64,0.78,0.9637,0.53,1.2048,92
1580053654.817,0.76,0.9873,0.53,1.2035,92
1580053654.989,0.77,0.9765,0.53,1.2055,92
1580053655.162,0.74,0.9945,0.52,1.2015,92
1580053655.358,0.73,1.0115,0.51,1.207,92
1580053655.551,0.76,0.9816,0.53,1.1927,92
1580053655.723,0.77,0.976,0.56,1.1726,92
1580053655.895,0.75,0.9929,0.6,1.1428,92
1580053656.051,0.79,0.9562,0.62,1.1488,92
1580053656.224,0.76,0.989,0.56,1.1794,93
1580053656.395,0.78,0.9691,0.56,1.1831,93
1580053656.567,0.73,1.0126,0.56,1.1783,93
1580053656.737,0.73,1.01,0.6,1.1497,93
1580053656.908,0.77,0.9734,0.56,1.1575,93
1580053657.082,0.76,0.9878,0.57,1.166,93
1580053657.267,0.79,0.9541,0.56,1.1758,93
1580053657.437,0.74,1.002,0.57,1.1794,93
1580053657.61,0.76,0.9884,0.57,1.1819,93
1580053657.786,0.75,0.997,0.52,1.1955,93
1580053657.981,0.73,1.0142,0.54,1.1997,93
1580053658.177,0.74,0.9966,0.55,1.1921,93
1580053658.35,0.76,0.9815,0.54,1.185,93
1580053658.523,0.76,0.9867,0.59,1.148,93
1580053658.675,0.79,0.9583,0.59,1.1533,93
1580053658.852,0.75,0.9923,0.51,1.2059,94
1580053659.045,0.76,0.9833,0.53,1.2143,94
1580053659.216,0.74,1.0005,0.55,1.195,94
1580053659.388,0.72,1.0159,0.57,1.1887,94
1580053659.558,0.76,0.9831,0.52,1.2007,94
1580053659.729,0.73,1.0099,0.53,1.1974,94
1580053659.906,0.78,0.965,0.54,1.185,94
1580053660.078,0.76,0.9849,0.54,1.1949,94
1580053660.25,0.77,0.9823,0.55,1.201,94
1580053660.421,0.74,1.0055,0.52,1.2065,94
1580053660.592,0.71,1.0286,0.55,1.2023,94
1580053660.763,0.74,1.0017,0.55,1.1935,94
1580053660.941,0.74,0.9996,0.51,1.2134,94
1580053661.114,0.71,1.0237,0.52,1.1965,94
1580053661.271,0.76,0.9787,0.6,1.14,94
1580053661.445,0.76,0.9857,0.58,1.1722,95
1580053661.616,0.78,0.9662,0.53,1.2132,95
1580053661.814,0.72,1.0192,0.54,1.2096,95
1580053662.017,0.71,1.0327,0.56,1.1767,95
1580053662.216,0.72,1.0148,0.6,1.1647,95
1580053662.412,0.71,1.0304,0.54,1.1963,95
1580053662.592,0.74,1.0007,0.56,1.1832,95
1580053662.763,0.74,0.9986,0.55,1.1861,95
1580053662.934,0.76,0.9826,0.53,1.1955,95
1580053663.105,0.73,1.0099,0.57,1.179,95
1580053663.276,0.68,1.056,0.58,1.1666,95
1580053663.447,0.69,1.0436,0.56,1.1736,95
1580053663.642,0.72,1.022,0.56,1.1833,95
1580053663.814,0.69,1.0523,0.53,1.1966,95
1580053663.97,0.69,1.0475,0.53,1.205,95
1580053664.142,0.66,1.0808,0.54,1.1959,96
1580053664.314,0.69,1.0513,0.58,1.1582,96
1580053664.485,0.71,1.0282,0.57,1.1488,96
1580053664.656,0.73,1.006,0.57,1.168,96
1580053664.831,0.72,1.0181,0.56,1.1774,96
1580053665.006,0.67,1.0741,0.56,1.1701,96
1580053665.177,0.72,1.0191,0.58,1.1627,96
1580053665.348,0.71,1.0325,0.59,1.1374,96
1580053665.52,0.71,1.0225,0.61,1.1433,96
1580053665.691,0.72,1.0149,0.57,1.1817,96
1580053665.862,0.71,1.0268,0.51,1.2087,96
1580053666.039,0.73,1.0071,0.5,1.2035,96
1580053666.222,0.75,0.9973,0.55,1.1931,96
1580053666.418,0.73,1.0124,0.54,1.1857,96
1580053666.59,0.74,0.9993,0.59,1.1702,96
1580053666.767,0.7,1.0321,0.59,1.1597,97
1580053666.939,0.73,1.0007,0.56,1.1605,97
1580053667.136,0.74,1.0036,0.54,1.1718,97
1580053667.312,0.77,0.9813,0.55,1.1809,97
1580053667.507,0.77,0.9729,0.55,1.1855,97
1580053667.699,0.73,1.0094,0.55,1.1772,97
1580053667.871,0.75,0.9958,0.57,1.1596,97
1580053668.042,0.73,1.0127,0.59,1.1448,97
1580053668.214,0.75,0.9892,0.61,1.1395,97
1580053668.388,0.76,0.9805,0.58,1.155,97
1580053668.584,0.75,0.9905,0.55,1.1701,97
1580053668.764,0.77,0.9737,0.57,1.1645,97
1580053668.96,0.76,0.9873,0.57,1.1595,97
1580053669.157,0.72,1.0173,0.56,1.1627,97
1580053669.331,0.74,1.0006,0.56,1.1594,97
1580053669.53,0.73,1.0146,0.6,1.15,98
1580053669.725,0.76,0.9869,0.63,1.1316,98
1580053669.92,0.75,0.9927,0.61,1.1312,98
1580053670.106,0.76,0.9833,0.6,1.1406,98
1580053670.279,0.76,0.9886,0.59,1.159,98
1580053670.451,0.71,1.0276,0.56,1.1683,98
1580053670.622,0.75,0.9896,0.57,1.1585,98
1580053670.794,0.73,1.0099,0.58,1.1441,98
1580053670.965,0.77,0.9789,0.57,1.1528,98
1580053671.141,0.78,0.967,0.56,1.1603,98
1580053671.313,0.74,1.0009,0.54,1.172,98
1580053671.506,0.76,0.9823,0.56,1.1745,98
1580053671.681,0.76,0.9853,0.56,1.1715,98
1580053671.853,0.71,1.0282,0.58,1.1533,98
1580053672.007,0.73,1.0097,0.6,1.1418,98
1580053672.186,0.71,1.0249,0.6,1.1389,99
1580053672.357,0.74,0.997,0.62,1.1229,99
1580053672.531,0.75,0.9921,0.61,1.132,99
1580053672.725,0.77,0.9705,0.57,1.1675,99
1580053672.901,0.77,0.9757,0.55,1.1831,99
1580053673.08,0.72,1.025,0.55,1.179,99
1580053673.253,0.74,0.9953,0.57,1.1647,99
1580053673.425,0.73,1.0086,0.57,1.1546,99
1580053673.597,0.77,0.9787,0.57,1.1447,99
1580053673.77,0.77,0.977,0.6,1.1411,99
1580053673.942,0.75,0.9948,0.6,1.1458,99
1580053674.116,0.78,0.9706,0.57,1.1585,99
1580053674.311,0.77,0.9784,0.56,1.1662,99
1580053674.508,0.72,1.0207,0.54,1.175,99
1580053674.681,0.74,0.9992,0.54,1.1886,99
