1579438118.846,0.25,1.3889,0.22,1.3913,0
1579438119.588,0.25,1.3872,0.22,1.3896,0
1579438120.294,0.25,1.3867,0.22,1.3881,0
1579438121.033,0.24,1.3868,0.26,1.3866,0
1579438121.749,0.25,1.3864,0.26,1.3853,0
1579438122.471,0.25,1.3863,0.26,1.3845,0
1579438123.203,0.25,1.3868,0.26,1.3846,0
1579438123.908,0.26,1.3865,0.26,1.3849,0
1579438124.61,0.26,1.3865,0.26,1.3854,0
1579438125.338,0.25,1.3863,0.26,1.3856,0
1579438126.039,0.24,1.3864,0.26,1.3854,0
1579438126.706,0.24,1.3857,0.26,1.3833,0
1579438127.425,0.25,1.384,0.31,1.3754,1
1579438128.136,0.25,1.3782,0.31,1.3569,1
1579438128.847,0.25,1.3627,0.31,1.3398,1
1579438129.574,0.26,1.3502,0.22,1.3864,1
1579438130.279,0.25,1.3862,0.22,1.3877,1
1579438131.01,0.25,1.3867,0.22,1.3879,1
1579438131.741,0.26,1.3865,0.24,1.3881,1
1579438132.467,0.25,1.3865,0.24,1.3883,1
1579438133.175,0.25,1.3863,0.24,1.3885,1
1579438133.9,0.25,1.3866,0.24,1.3886,1
1579438134.682,0.27,1.3861,0.24,1.3887,1
1579438135.304,0.24,1.3871,0.24,1.3887,1
1579438136.023,0.24,1.3871,0.24,1.3886,2
1579438136.74,0.25,1.3863,0.24,1.3886,2
1579438137.461,0.25,1.3863,0.24,1.3885,2
1579438138.167,0.25,1.3869,0.24,1.3883,2
1579438138.876,0.25,1.3864,0.24,1.3881,2
1579438139.588,0.25,1.3864,0.24,1.3879,2
1579438140.292,0.24,1.3863,0.24,1.3877,2
1579438141.035,0.25,1.386,0.24,1.3874,2
1579438141.754,0.25,1.3856,0.24,1.3871,2
1579438142.464,0.25,1.3856,0.33,1.3867,2
1579438143.181,0.37,1.385,0.28,1.3863,2
1579438143.801,0.31,1.3851,0.32,1.3855,2
1579438144.529,0.36,1.3843,0.27,1.3846,3
1579438145.245,0.29,1.3834,0.36,1.3852,3
1579438145.944,0.38,1.384,0.23,1.3833,3
1579438146.705,0.25,1.3824,0.27,1.3808,3
1579438147.47,0.3,1.3797,0.33,1.3799,3
1579438148.189,0.38,1.3783,0.22,1.3787,3
1579438148.921,0.27,1.3765,0.32,1.3726,3
1579438149.647,0.36,1.3711,0.32,1.3677,3
1579438150.348,0.36,1.3661,0.26,1.3634,3
1579438151.057,0.29,1.364,0.34,1.3704,3
1579438151.779,0.36,1.3695,0.34,1.3468,3
1579438152.412,0.35,1.3431,0.26,1.3564,3
1579438153.147,0.29,1.3548,0.35,1.3497,4
1579438153.904,0.37,1.349,0.38,1.3315,4
1579438154.678,0.4,1.3279,0.31,1.3461,4
1579438155.384,0.32,1.3484,0.38,1.3166,4
1579438156.131,0.38,1.3057,0.36,1.3181,4
1579438156.895,0.36,1.3207,0.38,1.2991,4
1579438157.613,0.38,1.2984,0.39,1.3262,4
1579438158.314,0.36,1.3107,0.39,1.3081,4
1579438159.04,0.38,1.287,0.35,1.2899,4
1579438159.753,0.36,1.2947,0.35,1.2793,4
1579438160.45,0.36,1.2775,0.38,1.2999,4
1579438161.082,0.38,1.2724,0.38,1.3106,4
1579438161.795,0.39,1.2721,0.39,1.289,5
1579438162.509,0.39,1.2478,0.36,1.2919,5
1579438163.222,0.38,1.2705,0.37,1.2841,5
1579438163.941,0.39,1.2488,0.35,1.2886,5
1579438164.666,0.38,1.2536,0.36,1.2755,5
1579438165.389,0.39,1.2443,0.37,1.274,5
1579438166.101,0.4,1.2514,0.34,1.2749,5
1579438166.843,0.4,1.2515,0.35,1.2641,5
1579438167.596,0.4,1.243,0.35,1.2644,5
1579438168.305,0.39,1.2584,0.34,1.2608,5
1579438169.013,0.4,1.2335,0.34,1.2654,5
1579438169.645,0.38,1.2599,0.34,1.2589,5
1579438170.348,0.41,1.2405,0.41,1.2624,6
1579438171.094,0.39,1.2394,0.4,1.2594,6
1579438171.838,0.39,1.234,0.38,1.2562,6
1579438172.553,0.39,1.2407,0.37,1.2567,6
1579438173.261,0.4,1.2332,0.4,1.2538,6
1579438174.066,0.42,1.2282,0.37,1.2572,6
1579438174.801,0.4,1.2325,0.38,1.2532,6
1579438175.507,0.4,1.2275,0.35,1.2514,6
1579438176.233,0.41,1.23,0.36,1.2521,6
1579438176.961,0.4,1.2408,0.37,1.2501,6
1579438177.703,0.41,1.2226,0.36,1.2496,6
1579438178.341,0.39,1.2383,0.37,1.2463,6
1579438179.113,0.4,1.2281,0.39,1.2437,7
1579438179.821,0.41,1.2209,0.39,1.2424,7
1579438180.537,0.41,1.2216,0.4,1.2409,7
1579438181.271,0.4,1.2289,0.41,1.2388,7
1579438181.968,0.42,1.2168,0.37,1.2357,7
1579438182.697,0.41,1.2141,0.42,1.2335,7
1579438183.413,0.41,1.2183,0.41,1.2357,7
1579438184.111,0.41,1.2167,0.38,1.2307,7
1579438184.841,0.41,1.2171,0.37,1.2303,7
1579438185.597,0.4,1.2282,0.37,1.2321,7
1579438186.303,0.41,1.216,0.36,1.2261,7
1579438186.922,0.4,1.2323,0.36,1.2247,7
1579438187.663,0.4,1.2174,0.38,1.2228,8
1579438188.372,0.42,1.2131,0.38,1.2294,8
1579438189.071,0.41,1.2242,0.4,1.22,8
1579438189.814,0.4,1.2199,0.4,1.219,8
1579438190.533,0.42,1.2081,0.42,1.2143,8
1579438191.243,0.41,1.208,0.41,1.208,8
1579438191.984,0.42,1.206,0.41,1.2199,8
1579438192.703,0.41,1.2096,0.36,1.2062,8
1579438193.413,0.41,1.207,0.35,1.2108,8
1579438194.156,0.4,1.2208,0.39,1.2179,8
1579438194.882,0.41,1.2112,0.38,1.2028,8
1579438195.566,0.4,1.2146,0.39,1.2013,8
1579438196.274,0.4,1.2099,0.4,1.2069,9
1579438197.004,0.42,1.2048,0.43,1.1979,9
1579438197.719,0.42,1.1974,0.43,1.1997,9
1579438198.463,0.41,1.2095,0.42,1.1992,9
1579438199.19,0.42,1.1935,0.42,1.1987,9
1579438199.904,0.43,1.1919,0.43,1.1952,9
1579438200.634,0.41,1.2014,0.42,1.1946,9
1579438201.403,0.42,1.1909,0.43,1.1949,9
1579438202.106,0.42,1.198,0.36,1.1982,9
1579438202.862,0.41,1.2117,0.37,1.1953,9
1579438203.584,0.42,1.1941,0.38,1.1867,9
1579438204.206,0.4,1.2021,0.4,1.184,9
1579438204.936,0.41,1.1943,0.44,1.185,10
1579438205.678,0.43,1.1904,0.43,1.1827,10
1579438206.381,0.41,1.19,0.41,1.1777,10
1579438207.088,0.41,1.1915,0.41,1.1762,10
1579438207.82,0.43,1.1785,0.44,1.1735,10
1579438208.543,0.42,1.1771,0.4,1.1706,10
1579438209.241,0.42,1.1821,0.4,1.1719,10
1579438209.997,0.42,1.18,0.41,1.177,10
1579438210.735,0.41,1.1872,0.4,1.1749,10
1579438211.441,0.42,1.1963,0.32,1.1712,10
1579438212.148,0.42,1.179,0.36,1.1608,10
1579438212.805,0.41,1.1883,0.39,1.1886,10
1579438213.543,0.41,1.2032,0.42,1.1872,11
1579438214.257,0.41,1.1995,0.43,1.1633,11
1579438214.996,0.41,1.1813,0.42,1.1631,11
1579438215.784,0.42,1.186,0.41,1.1818,11
1579438216.511,0.42,1.1876,0.36,1.1754,11
1579438217.258,0.42,1.1808,0.41,1.1617,11
1579438217.964,0.42,1.1734,0.4,1.1716,11
1579438218.694,0.41,1.1824,0.4,1.1625,11
1579438219.429,0.43,1.1782,0.43,1.1582,11
1579438220.142,0.43,1.1779,0.34,1.1651,11
1579438220.851,0.42,1.1741,0.38,1.1533,11
1579438221.5,0.41,1.1806,0.38,1.1698,11
1579438222.215,0.42,1.187,0.4,1.1507,12
1579438222.919,0.43,1.172,0.42,1.1562,12
1579438223.645,0.41,1.1803,0.37,1.1656,12
1579438224.348,0.41,1.1925,0.41,1.1461,12
1579438225.081,0.42,1.16,0.38,1.1602,12
1579438225.811,0.43,1.1733,0.41,1.1545,12
1579438226.573,0.42,1.1716,0.42,1.1572,12
1579438227.302,0.43,1.1757,0.42,1.1677,12
1579438228.0,0.42,1.1818,0.39,1.1479,12
1579438228.764,0.44,1.1695,0.38,1.1614,12
1579438229.467,0.42,1.1782,0.36,1.157,12
1579438230.086,0.41,1.1869,0.38,1.1484,12
1579438230.813,0.42,1.1698,0.4,1.1557,13
1579438231.564,0.43,1.1763,0.42,1.1513,13
1579438232.263,0.42,1.1734,0.4,1.1439,13
1579438233.018,0.42,1.1731,0.38,1.1481,13
1579438233.725,0.43,1.1601,0.4,1.1394,13
1579438234.461,0.43,1.1558,0.44,1.1482,13
1579438235.182,0.42,1.1736,0.42,1.1464,13
1579438235.888,0.43,1.1708,0.41,1.1387,13
1579438236.594,0.43,1.1672,0.47,1.166,13
1579438237.428,0.42,1.1846,0.4,1.151,13
1579438238.192,0.43,1.1727,0.39,1.1419,13
1579438238.877,0.41,1.1721,0.43,1.1462,13
1579438239.591,0.42,1.1715,0.41,1.1419,14
1579438240.329,0.43,1.1658,0.4,1.1393,14
1579438241.038,0.42,1.163,0.41,1.1401,14
1579438241.745,0.42,1.1709,0.4,1.1378,14
1579438242.481,0.43,1.1518,0.4,1.138,14
1579438243.182,0.43,1.1538,0.45,1.1385,14
1579438243.885,0.43,1.1612,0.43,1.1364,14
1579438244.604,0.44,1.1589,0.42,1.1368,14
1579438245.299,0.43,1.1621,0.43,1.1453,14
1579438245.996,0.44,1.1643,0.38,1.1413,14
1579438246.753,0.43,1.1614,0.44,1.1417,14
1579438247.386,0.43,1.1743,0.41,1.1415,14
1579438248.099,0.42,1.1667,0.42,1.1358,15
1579438248.836,0.44,1.1597,0.46,1.1444,15
1579438249.54,0.42,1.1683,0.38,1.1491,15
1579438250.238,0.42,1.1824,0.46,1.1378,15
1579438250.957,0.44,1.1487,0.41,1.1444,15
1579438251.666,0.44,1.1529,0.41,1.1457,15
1579438252.398,0.43,1.1646,0.41,1.1369,15
1579438253.109,0.44,1.1552,0.44,1.1556,15
1579438253.814,0.43,1.1703,0.38,1.1448,15
1579438254.519,0.43,1.1673,0.36,1.1376,15
1579438255.25,0.44,1.1508,0.47,1.1619,15
1579438255.875,0.43,1.1929,0.36,1.1771,15
1579438256.588,0.41,1.1918,0.41,1.1464,16
1579438257.388,0.43,1.1657,0.42,1.189,16
1579438258.088,0.41,1.2061,0.4,1.1422,16
1579438258.826,0.42,1.1676,0.37,1.1737,16
1579438259.54,0.42,1.1736,0.4,1.1461,16
1579438260.241,0.44,1.1521,0.42,1.1698,16
1579438260.983,0.42,1.1845,0.44,1.1475,16
1579438261.735,0.44,1.1587,0.38,1.1619,16
1579438262.435,0.42,1.1771,0.39,1.1556,16
1579438263.138,0.43,1.1687,0.42,1.1548,16
1579438263.843,0.46,1.1558,0.4,1.1683,16
1579438264.457,0.43,1.1892,0.38,1.1507,16
1579438265.158,0.43,1.1643,0.39,1.1701,17
1579438265.912,0.42,1.1816,0.39,1.146,17
1579438266.647,0.43,1.1605,0.45,1.1552,17
1579438267.393,0.43,1.1777,0.43,1.1476,17
1579438268.119,0.44,1.1563,0.39,1.1451,17
1579438268.887,0.43,1.1548,0.38,1.15,17
1579438269.586,0.42,1.164,0.39,1.1376,17
1579438270.291,0.44,1.1553,0.43,1.1452,17
1579438271.016,0.44,1.1634,0.42,1.1441,17
1579438271.727,0.45,1.1596,0.41,1.1416,17
1579438272.453,0.45,1.154,0.4,1.1422,17
1579438273.136,0.44,1.1646,0.4,1.1405,17
1579438273.845,0.43,1.1583,0.4,1.1394,18
1579438274.557,0.45,1.1549,0.41,1.1346,18
1579438275.314,0.43,1.1545,0.41,1.1325,18
1579438276.019,0.43,1.1641,0.44,1.1325,18
1579438276.825,0.44,1.1424,0.46,1.1322,18
1579438277.568,0.45,1.1419,0.42,1.1314,18
1579438278.277,0.44,1.1508,0.42,1.1326,18
1579438278.986,0.44,1.1491,0.42,1.1361,18
1579438279.73,0.44,1.1538,0.43,1.1354,18
1579438280.456,0.45,1.1487,0.44,1.1353,18
1579438281.162,0.46,1.1483,0.43,1.1372,18
1579438281.782,0.44,1.1649,0.42,1.1342,18
1579438282.529,0.44,1.1539,0.44,1.1325,19
1579438283.232,0.45,1.1521,0.44,1.1372,19
1579438283.931,0.44,1.159,0.45,1.1303,19
1579438284.643,0.44,1.1616,0.46,1.132,19
1579438285.345,0.45,1.1383,0.44,1.1372,19
1579438286.047,0.45,1.1411,0.45,1.1332,19
1579438286.805,0.45,1.1465,0.42,1.1366,19
1579438287.545,0.45,1.149,0.43,1.1436,19
1579438288.239,0.45,1.1554,0.46,1.1334,19
1579438288.995,0.46,1.1439,0.43,1.135,19
1579438289.717,0.46,1.1443,0.43,1.1398,19
1579438290.333,0.45,1.1705,0.44,1.1399,19
1579438291.067,0.44,1.1569,0.47,1.1296,20
1579438291.793,0.45,1.1502,0.44,1.1391,20
1579438292.501,0.44,1.1635,0.43,1.1289,20
1579438293.233,0.44,1.1618,0.45,1.1296,20
1579438293.932,0.46,1.1341,0.44,1.1381,20
1579438294.663,0.46,1.1415,0.45,1.1335,20
1579438295.429,0.46,1.1431,0.42,1.1437,20
1579438296.13,0.45,1.1496,0.43,1.1429,20
1579438296.843,0.45,1.1511,0.43,1.1361,20
1579438297.625,0.47,1.1421,0.4,1.1413,20
1579438298.394,0.46,1.1495,0.45,1.1361,20
1579438299.047,0.45,1.1663,0.47,1.1275,20
1579438299.785,0.45,1.1464,0.45,1.1332,21
1579438300.494,0.46,1.1552,0.47,1.127,21
1579438301.194,0.45,1.1532,0.5,1.1211,21
1579438301.896,0.46,1.1542,0.44,1.1279,21
1579438302.637,0.47,1.1331,0.42,1.1312,21
1579438303.334,0.47,1.1329,0.45,1.1326,21
1579438304.041,0.47,1.1399,0.47,1.1437,21
1579438304.767,0.46,1.1439,0.43,1.1406,21
1579438305.47,0.47,1.1457,0.46,1.134,21
1579438306.172,0.47,1.1361,0.44,1.1378,21
1579438306.9,0.48,1.1406,0.46,1.1385,21
1579438307.536,0.46,1.169,0.48,1.1296,21
1579438308.244,0.47,1.1444,0.48,1.1304,22
1579438308.957,0.47,1.1524,0.44,1.1421,22
1579438309.651,0.45,1.167,0.49,1.119,22
1579438310.359,0.46,1.1517,0.47,1.1243,22
1579438311.106,0.48,1.1223,0.43,1.1319,22
1579438311.836,0.47,1.1329,0.45,1.1306,22
1579438312.579,0.47,1.1343,0.46,1.1494,22
1579438313.344,0.47,1.1414,0.46,1.1398,22
1579438314.041,0.47,1.142,0.48,1.1286,22
1579438314.786,0.49,1.1315,0.44,1.1396,22
1579438315.52,0.48,1.1395,0.48,1.1262,22
1579438316.147,0.47,1.1568,0.5,1.1108,22
1579438316.849,0.48,1.1338,0.49,1.1252,23
1579438317.603,0.47,1.1509,0.48,1.1212,23
1579438318.359,0.46,1.1525,0.47,1.1017,23
1579438319.072,0.48,1.141,0.48,1.1228,23
1579438319.802,0.49,1.1236,0.5,1.119,23
1579438320.518,0.49,1.1233,0.47,1.1208,23
1579438321.257,0.49,1.1284,0.47,1.1503,23
1579438321.974,0.47,1.1445,0.49,1.1286,23
1579438322.693,0.48,1.1357,0.49,1.1183,23
1579438323.395,0.49,1.1275,0.48,1.1325,23
1579438324.096,0.49,1.1339,0.51,1.0989,23
1579438324.742,0.49,1.1318,0.52,1.0947,23
1579438325.447,0.49,1.1257,0.52,1.0967,24
1579438326.164,0.49,1.1274,0.5,1.0879,24
1579438326.889,0.49,1.1255,0.5,1.1058,24
1579438327.654,0.48,1.1392,0.46,1.1066,24
1579438328.36,0.51,1.1014,0.47,1.1105,24
1579438329.102,0.51,1.103,0.47,1.1327,24
1579438329.799,0.49,1.1256,0.48,1.1459,24
1579438330.512,0.48,1.1364,0.46,1.1388,24
1579438331.245,0.46,1.1495,0.53,1.104,24
1579438331.948,0.5,1.114,0.48,1.1327,24
1579438332.702,0.49,1.1427,0.5,1.1548,24
1579438333.41,0.46,1.1771,0.5,1.1123,24
1579438334.105,0.49,1.1317,0.47,1.1235,25
1579438334.809,0.5,1.1447,0.52,1.093,25
1579438335.579,0.49,1.1279,0.49,1.0975,25
1579438336.279,0.49,1.1387,0.5,1.1206,25
1579438336.996,0.49,1.1179,0.49,1.1077,25
1579438337.737,0.51,1.1043,0.49,1.1204,25
1579438338.457,0.5,1.121,0.47,1.1232,25
1579438339.191,0.5,1.1122,0.49,1.1144,25
1579438339.979,0.5,1.1176,0.48,1.1344,25
1579438340.704,0.5,1.13,0.48,1.0933,25
1579438341.414,0.53,1.0937,0.49,1.0989,25
1579438342.033,0.5,1.117,0.49,1.0883,25
1579438342.774,0.5,1.1106,0.52,1.0843,26
1579438343.478,0.51,1.1115,0.52,1.0758,26
1579438344.173,0.5,1.1236,0.52,1.0718,26
1579438344.9,0.51,1.1139,0.52,1.0898,26
1579438345.624,0.53,1.0848,0.49,1.104,26
1579438346.346,0.52,1.0933,0.47,1.0995,26
1579438347.057,0.52,1.0906,0.47,1.1045,26
1579438347.793,0.52,1.0898,0.53,1.1061,26
1579438348.519,0.51,1.1099,0.51,1.1076,26
1579438349.225,0.51,1.101,0.51,1.0847,26
1579438349.925,0.53,1.0792,0.54,1.0862,26
1579438350.56,0.52,1.1011,0.52,1.0818,26
1579438351.354,0.52,1.0932,0.51,1.0755,27
1579438352.058,0.52,1.0906,0.54,1.0803,27
1579438352.776,0.5,1.1122,0.53,1.0833,27
1579438353.551,0.51,1.1061,0.52,1.0854,27
1579438354.257,0.54,1.0678,0.53,1.0993,27
1579438354.988,0.52,1.0831,0.53,1.1021,27
1579438355.747,0.52,1.0902,0.54,1.0787,27
1579438356.459,0.53,1.0718,0.53,1.0831,27
1579438357.168,0.52,1.0966,0.56,1.0898,27
1579438357.882,0.52,1.0963,0.52,1.0597,27
1579438358.603,0.54,1.0622,0.53,1.0657,27
1579438359.254,0.53,1.0861,0.53,1.069,27
1579438360.019,0.52,1.0905,0.55,1.058,28
1579438360.766,0.53,1.0749,0.54,1.0689,28
1579438361.465,0.51,1.1087,0.54,1.0887,28
1579438362.17,0.52,1.0966,0.5,1.0797,28
1579438362.918,0.54,1.0681,0.55,1.0761,28
1579438363.62,0.54,1.0624,0.53,1.1082,28
1579438364.328,0.53,1.0858,0.55,1.0784,28
1579438365.088,0.53,1.0644,0.49,1.0797,28
1579438365.805,0.54,1.0866,0.52,1.0688,28
1579438366.549,0.53,1.0785,0.54,1.0674,28
1579438367.308,0.54,1.0642,0.55,1.066,28
1579438367.96,0.54,1.0792,0.53,1.0515,28
1579438368.673,0.53,1.0751,0.56,1.0593,29
1579438369.436,0.53,1.0813,0.55,1.055,29
1579438370.147,0.54,1.077,0.52,1.0914,29
1579438370.852,0.52,1.0927,0.54,1.075,29
1579438371.549,0.55,1.0487,0.52,1.0847,29
1579438372.278,0.54,1.0649,0.53,1.0817,29
1579438372.979,0.55,1.0569,0.55,1.0964,29
1579438373.694,0.54,1.0605,0.53,1.0719,29
1579438374.407,0.54,1.0658,0.55,1.057,29
1579438375.108,0.53,1.0667,0.53,1.0668,29
1579438375.805,0.54,1.0679,0.56,1.0692,29
1579438376.449,0.53,1.0832,0.57,1.0625,29
1579438377.144,0.52,1.0974,0.56,1.047,30
1579438377.858,0.53,1.0754,0.56,1.0337,30
1579438378.614,0.54,1.0672,0.55,1.0501,30
1579438379.381,0.52,1.0913,0.56,1.0547,30
1579438380.085,0.54,1.0488,0.55,1.0473,30
1579438380.804,0.55,1.0398,0.56,1.0644,30
1579438381.552,0.55,1.0508,0.53,1.0586,30
1579438382.251,0.55,1.0446,0.53,1.0556,30
1579438382.954,0.54,1.0575,0.55,1.0489,30
1579438383.662,0.55,1.0546,0.55,1.045,30
1579438384.359,0.56,1.0439,0.55,1.0468,30
1579438384.985,0.55,1.054,0.57,1.0325,30
1579438385.694,0.54,1.0587,0.56,1.0319,31
1579438386.416,0.54,1.0519,0.57,1.0378,31
1579438387.117,0.54,1.0548,0.58,1.0496,31
1579438387.829,0.54,1.066,0.54,1.0547,31
1579438388.533,0.55,1.0316,0.53,1.057,31
1579438389.249,0.56,1.029,0.58,1.0597,31
1579438389.97,0.55,1.04,0.56,1.0628,31
1579438390.692,0.55,1.0311,0.54,1.0576,31
1579438391.404,0.55,1.0468,0.53,1.0676,31
1579438392.104,0.53,1.057,0.53,1.0774,31
1579438392.842,0.55,1.0561,0.53,1.0537,31
1579438393.51,0.54,1.0652,0.56,1.0544,31
1579438394.21,0.53,1.0556,0.57,1.0425,32
1579438394.931,0.55,1.042,0.57,1.0419,32
1579438395.706,0.54,1.0504,0.58,1.045,32
1579438396.414,0.54,1.0501,0.52,1.0662,32
1579438397.107,0.56,1.0228,0.53,1.059,32
1579438397.843,0.56,1.0189,0.55,1.0577,32
1579438398.545,0.56,1.0208,0.52,1.0737,32
1579438399.303,0.55,1.0232,0.54,1.0525,32
1579438400.063,0.56,1.0313,0.55,1.0573,32
1579438400.794,0.54,1.0293,0.55,1.0698,32
1579438401.491,0.56,1.0272,0.52,1.0579,32
1579438402.143,0.56,1.0201,0.53,1.0597,32
1579438402.858,0.55,1.0321,0.51,1.1112,33
1579438403.577,0.54,1.0419,0.48,1.1139,33
1579438404.283,0.54,1.0873,0.54,1.0692,33
1579438405.033,0.55,1.0397,0.52,1.0876,33
1579438405.758,0.56,1.02,0.54,1.0703,33
1579438406.508,0.55,1.0264,0.57,1.0433,33
1579438407.229,0.56,1.0124,0.55,1.0799,33
1579438407.938,0.56,1.0193,0.53,1.054,33
1579438408.692,0.56,1.0243,0.54,1.0471,33
1579438409.409,0.54,1.043,0.51,1.0519,33
1579438410.107,0.56,1.0182,0.53,1.0614,33
1579438410.727,0.56,1.0219,0.55,1.0421,33
1579438411.466,0.56,1.029,0.56,1.0458,34
1579438412.173,0.56,1.0166,0.53,1.0632,34
1579438412.868,0.56,1.0263,0.54,1.0751,34
1579438413.578,0.55,1.0401,0.51,1.0539,34
1579438414.28,0.57,0.9944,0.51,1.0578,34
1579438414.976,0.57,1.0003,0.52,1.0524,34
1579438415.681,0.57,1.0003,0.54,1.0631,34
1579438416.38,0.57,0.9939,0.57,1.0491,34
1579438417.075,0.56,1.0158,0.56,1.0355,34
1579438417.798,0.55,1.0083,0.54,1.0742,34
1579438418.52,0.56,1.018,0.57,1.0412,34
1579438419.161,0.57,1.0114,0.54,1.0531,34
1579438419.872,0.55,1.0187,0.54,1.0758,35
1579438420.627,0.56,1.0132,0.54,1.0542,35
1579438421.329,0.56,1.0131,0.55,1.0551,35
1579438422.064,0.56,1.0239,0.54,1.0532,35
1579438422.762,0.57,0.9892,0.54,1.0481,35
1579438423.465,0.57,0.9835,0.55,1.04,35
1579438424.228,0.57,0.9928,0.57,1.031,35
1579438424.93,0.57,0.9822,0.52,1.0523,35
1579438425.671,0.56,1.0063,0.56,1.0289,35
1579438426.466,0.55,1.0106,0.55,1.0552,35
1579438427.177,0.56,1.0155,0.53,1.0285,35
1579438427.801,0.57,1.0005,0.55,1.0297,35
1579438428.566,0.56,1.0008,0.54,1.0386,36
1579438429.281,0.56,0.9939,0.55,1.0273,36
1579438429.973,0.56,1.0078,0.54,1.0321,36
1579438430.721,0.56,1.0123,0.54,1.0227,36
1579438431.426,0.58,0.9761,0.55,1.0185,36
1579438432.137,0.58,0.9733,0.55,1.0248,36
1579438432.849,0.57,0.9832,0.54,1.0158,36
1579438433.563,0.57,0.9779,0.55,1.0375,36
1579438434.261,0.56,0.9981,0.56,1.0381,36
1579438434.978,0.56,1.004,0.54,1.0352,36
1579438435.71,0.57,0.9942,0.56,1.0274,36
1579438436.33,0.57,0.9842,0.53,1.0239,36
1579438437.056,0.57,1.0053,0.53,1.0887,37
1579438437.772,0.55,1.0324,0.49,1.0755,37
1579438438.511,0.54,1.0666,0.56,1.0219,37
1579438439.237,0.56,1.0124,0.51,1.0795,37
1579438439.953,0.55,1.0217,0.52,1.0285,37
1579438440.689,0.57,0.9993,0.51,1.0285,37
1579438441.424,0.55,1.0152,0.55,1.0162,37
1579438442.243,0.58,0.979,0.56,1.0575,37
1579438442.936,0.55,1.0239,0.57,1.0524,37
1579438443.641,0.56,1.0157,0.53,1.0352,37
1579438444.399,0.57,1.0065,0.52,1.0554,37
1579438445.009,0.56,1.0118,0.56,1.0305,37
1579438445.708,0.57,1.002,0.54,1.0514,38
1579438446.447,0.57,1.0114,0.53,1.0544,38
1579438447.137,0.55,1.0229,0.53,1.0361,38
1579438447.842,0.56,1.0152,0.55,1.0372,38
1579438448.579,0.58,0.9888,0.54,1.0376,38
1579438449.274,0.57,0.9863,0.54,1.0305,38
1579438450.003,0.57,0.9863,0.55,1.0165,38
1579438450.735,0.58,0.9773,0.57,1.0159,38
1579438451.435,0.57,0.9971,0.56,1.0206,38
1579438452.131,0.57,0.9915,0.58,1.0281,38
1579438452.878,0.57,0.9885,0.57,1.024,38
1579438453.528,0.58,0.9806,0.54,1.0343,38
1579438454.224,0.57,1.0026,0.55,1.0393,39
1579438454.964,0.57,0.9873,0.53,1.0473,39
1579438455.697,0.57,1.0045,0.58,1.0258,39
1579438456.395,0.56,1.0013,0.55,1.0211,39
1579438457.118,0.58,0.9721,0.55,1.023,39
1579438457.821,0.58,0.9698,0.55,1.0227,39
1579438458.526,0.58,0.973,0.53,1.0087,39
1579438459.26,0.58,0.9657,0.55,1.0072,39
1579438459.974,0.58,0.9839,0.6,1.0141,39
1579438460.725,0.57,0.9832,0.59,1.0142,39
1579438461.469,0.58,0.9783,0.56,1.0191,39
1579438462.098,0.58,0.9717,0.53,1.0245,39
1579438462.802,0.57,0.9859,0.58,1.0351,40
1579438463.503,0.57,0.9845,0.53,1.0398,40
1579438464.218,0.57,0.9958,0.53,1.0206,40
1579438464.946,0.57,0.9983,0.56,1.0114,40
1579438465.645,0.59,0.9594,0.58,1.0157,40
1579438466.451,0.58,0.9651,0.57,1.001,40
1579438467.148,0.58,0.965,0.55,1.0071,40
1579438467.854,0.58,0.9589,0.59,1.0086,40
1579438468.652,0.57,0.9749,0.61,1.0108,40
1579438469.353,0.57,0.981,0.57,1.0093,40
1579438470.048,0.58,0.9748,0.56,1.0146,40
1579438470.711,0.58,0.9639,0.57,1.0121,40
1579438471.449,0.57,0.9782,0.58,1.025,41
1579438472.148,0.58,0.9706,0.57,1.0219,41
1579438472.874,0.58,0.983,0.54,1.011,41
1579438473.608,0.57,0.991,0.59,1.0051,41
1579438474.31,0.58,0.9556,0.55,0.9925,41
1579438475.047,0.59,0.9534,0.59,0.9933,41
1579438475.751,0.58,0.9625,0.6,1.0004,41
1579438476.463,0.58,0.9516,0.58,1.0004,41
1579438477.167,0.58,0.9692,0.61,0.9947,41
1579438477.877,0.57,0.9659,0.6,1.0,41
1579438478.608,0.59,0.9665,0.58,0.9991,41
1579438479.272,0.59,0.9575,0.55,1.0097,41
1579438479.975,0.58,0.9772,0.58,1.0284,42
1579438480.705,0.57,0.983,0.56,1.0233,42
1579438481.433,0.57,0.9853,0.55,1.0151,42
1579438482.15,0.57,0.9993,0.55,1.0255,42
1579438482.896,0.58,0.9753,0.53,1.0014,42
1579438483.601,0.59,0.957,0.56,1.0107,42
1579438484.309,0.58,0.9644,0.57,1.0193,42
1579438485.007,0.58,0.9588,0.55,1.0097,42
1579438485.748,0.58,0.966,0.58,0.9987,42
1579438486.497,0.57,0.9676,0.59,1.0001,42
1579438487.194,0.59,0.9645,0.6,0.9961,42
1579438487.816,0.59,0.957,0.54,1.0114,42
1579438488.569,0.57,0.9808,0.57,1.0088,43
1579438489.265,0.58,0.9619,0.55,1.0303,43
1579438489.955,0.58,0.9918,0.56,1.0111,43
1579438490.71,0.58,0.9912,0.56,1.0033,43
1579438491.403,0.59,0.9526,0.56,1.0067,43
1579438492.096,0.58,0.969,0.61,1.0066,43
1579438492.836,0.59,0.9603,0.51,1.0138,43
1579438493.546,0.58,0.9649,0.58,1.0194,43
1579438494.241,0.57,0.9759,0.57,1.0098,43
1579438494.98,0.57,0.9798,0.55,1.009,43
1579438495.677,0.58,0.9678,0.57,1.0031,43
1579438496.292,0.59,0.9506,0.58,1.0029,43
1579438497.037,0.58,0.9707,0.58,1.009,44
1579438497.763,0.58,0.9608,0.57,1.0086,44
1579438498.496,0.58,0.9714,0.57,0.9958,44
1579438499.225,0.58,0.9775,0.59,0.9951,44
1579438499.924,0.59,0.9431,0.58,0.9909,44
1579438500.639,0.59,0.9398,0.57,0.9927,44
1579438501.427,0.59,0.9513,0.57,1.015,44
1579438502.144,0.58,0.9534,0.57,1.0014,44
1579438502.854,0.59,0.9635,0.61,0.9896,44
1579438503.616,0.58,0.9534,0.62,0.9839,44
1579438504.369,0.59,0.9512,0.6,0.9849,44
1579438504.991,0.6,0.9414,0.63,0.9934,44
1579438505.722,0.58,0.9601,0.59,1.0116,45
1579438506.429,0.58,0.9673,0.58,1.0151,45
1579438507.127,0.58,0.972,0.55,1.0035,45
1579438507.832,0.58,0.9832,0.59,0.9944,45
1579438508.545,0.59,0.9447,0.58,0.986,45
1579438509.25,0.59,0.937,0.53,0.9945,45
1579438509.962,0.58,0.9534,0.55,1.019,45
1579438510.685,0.58,0.9513,0.55,1.0067,45
1579438511.381,0.59,0.9582,0.6,0.9894,45
1579438512.087,0.58,0.9511,0.58,1.0013,45
1579438512.849,0.59,0.9559,0.56,0.9953,45
1579438513.53,0.6,0.9525,0.56,1.0156,45
1579438514.235,0.57,0.9771,0.59,0.9966,46
1579438514.95,0.58,0.9546,0.55,1.0075,46
1579438515.66,0.58,0.9712,0.53,1.0042,46
1579438516.37,0.58,0.9847,0.56,0.9849,46
1579438517.079,0.6,0.9351,0.56,1.0027,46
1579438517.785,0.59,0.957,0.6,0.9912,46
1579438518.514,0.59,0.94,0.57,1.0091,46
1579438519.248,0.59,0.9518,0.58,0.9932,46
1579438519.948,0.58,0.9475,0.58,0.9881,46
1579438520.667,0.58,0.9562,0.61,0.9898,46
1579438521.411,0.59,0.9519,0.59,0.9852,46
1579438522.027,0.6,0.9332,0.57,0.987,46
1579438522.747,0.59,0.9501,0.61,0.9969,47
1579438523.48,0.59,0.9491,0.57,0.9881,47
1579438524.171,0.59,0.9565,0.61,0.9781,47
1579438524.937,0.58,0.9622,0.59,0.9738,47
1579438525.666,0.6,0.9353,0.62,0.9825,47
1579438526.422,0.59,0.9372,0.57,0.9818,47
1579438527.121,0.58,0.9533,0.56,1.0365,47
1579438527.828,0.57,0.973,0.53,1.0288,47
1579438528.606,0.57,1.0007,0.6,1.0051,47
1579438529.307,0.58,0.966,0.6,0.9875,47
1579438530.012,0.59,0.9568,0.59,1.0083,47
1579438530.66,0.58,0.9656,0.58,0.9868,47
1579438531.398,0.58,0.9489,0.56,1.0025,48
1579438532.094,0.58,0.953,0.58,1.0002,48
1579438532.814,0.58,0.9632,0.59,0.9906,48
1579438533.517,0.59,0.9657,0.57,0.9891,48
1579438534.221,0.59,0.9337,0.58,0.9863,48
1579438534.942,0.6,0.9301,0.59,0.9894,48
1579438535.64,0.59,0.9388,0.59,0.9973,48
1579438536.34,0.59,0.9334,0.6,0.9845,48
1579438537.045,0.59,0.9417,0.6,0.9848,48
1579438537.758,0.58,0.9516,0.62,0.9742,48
1579438538.507,0.59,0.9413,0.62,0.9865,48
1579438539.183,0.6,0.9401,0.59,0.9812,48
1579438539.904,0.59,0.9532,0.57,0.9873,49
1579438540.67,0.59,0.9374,0.55,1.007,49
1579438541.399,0.59,0.9643,0.56,0.9912,49
1579438542.099,0.58,0.9728,0.56,0.9764,49
1579438542.849,0.6,0.9338,0.57,0.9758,49
1579438543.589,0.59,0.9362,0.61,0.9677,49
1579438544.285,0.59,0.9329,0.56,0.9805,49
1579438545.05,0.59,0.9262,0.58,0.9953,49
1579438545.821,0.58,0.9571,0.59,0.9882,49
1579438546.584,0.59,0.9383,0.6,0.984,49
1579438547.28,0.59,0.947,0.57,0.997,49
1579438547.912,0.6,0.9483,0.61,0.9619,49
1579438548.617,0.6,0.935,0.57,0.9955,50
1579438549.319,0.58,0.9629,0.59,0.9783,50
1579438550.019,0.59,0.9475,0.57,0.9874,50
1579438550.761,0.59,0.9785,0.58,0.9697,50
1579438551.467,0.61,0.9283,0.54,0.9737,50
1579438552.168,0.6,0.9352,0.59,0.9792,50
1579438552.864,0.6,0.937,0.6,0.9844,50
1579438553.583,0.59,0.9293,0.56,0.9815,50
1579438554.276,0.59,0.9429,0.57,0.9711,50
1579438554.984,0.59,0.9318,0.63,0.9571,50
1579438555.693,0.6,0.9358,0.64,0.9544,50
1579438556.307,0.61,0.9177,0.61,0.9504,50
1579438557.066,0.59,0.9384,0.63,0.9703,51
1579438557.773,0.59,0.9454,0.57,0.96,51
1579438558.513,0.59,0.9432,0.6,0.9669,51
1579438559.263,0.59,0.9512,0.59,0.9698,51
1579438559.978,0.61,0.9204,0.56,0.9704,51
1579438560.719,0.61,0.9174,0.57,0.9878,51
1579438561.494,0.6,0.9303,0.58,0.9867,51
1579438562.218,0.6,0.9225,0.58,0.995,51
1579438562.913,0.59,0.9371,0.6,0.9798,51
1579438563.66,0.59,0.9369,0.62,0.9824,51
1579438564.437,0.6,0.9383,0.6,0.9709,51
1579438565.066,0.61,0.9176,0.6,0.9639,51
1579438565.81,0.6,0.9313,0.59,0.9948,52
1579438566.585,0.59,0.9551,0.58,0.9692,52
1579438567.312,0.59,0.94,0.59,0.9692,52
1579438568.054,0.6,0.9562,0.57,0.9692,52
1579438568.792,0.6,0.9314,0.59,0.9585,52
1579438569.504,0.61,0.917,0.57,0.9834,52
1579438570.237,0.6,0.9305,0.59,0.9759,52
1579438570.942,0.6,0.9121,0.6,0.985,52
1579438571.647,0.6,0.9268,0.58,0.977,52
1579438572.38,0.6,0.9175,0.62,0.9628,52
1579438573.114,0.61,0.9167,0.64,0.9512,52
1579438573.736,0.62,0.9043,0.62,0.9474,52
1579438574.472,0.6,0.928,0.62,0.9587,53
1579438575.178,0.6,0.934,0.57,0.9522,53
1579438575.896,0.6,0.9271,0.57,0.9854,53
1579438576.692,0.59,0.9614,0.57,0.9747,53
1579438577.401,0.61,0.9251,0.55,0.9741,53
1579438578.125,0.61,0.9246,0.58,0.9815,53
1579438578.835,0.6,0.9258,0.59,0.9654,53
1579438579.557,0.6,0.9124,0.56,0.9626,53
1579438580.282,0.6,0.9248,0.61,0.9568,53
1579438580.988,0.6,0.916,0.6,0.9479,53
1579438581.729,0.61,0.9147,0.64,0.9409,53
1579438582.391,0.62,0.9003,0.64,0.9339,53
1579438583.089,0.61,0.9172,0.64,0.9366,54
1579438583.819,0.6,0.9247,0.57,0.9342,54
1579438584.537,0.61,0.9212,0.57,0.9597,54
1579438585.239,0.6,0.9504,0.56,0.972,54
1579438585.959,0.61,0.9253,0.55,0.9767,54
1579438586.713,0.61,0.9275,0.57,0.9902,54
1579438587.439,0.61,0.9206,0.56,0.9767,54
1579438588.213,0.6,0.9102,0.56,0.98,54
1579438588.918,0.6,0.9241,0.58,0.9712,54
1579438589.63,0.6,0.9127,0.59,0.9697,54
1579438590.339,0.61,0.9115,0.62,0.9588,54
1579438591.001,0.63,0.8955,0.65,0.9511,54
1579438591.725,0.61,0.9092,0.64,0.9458,55
1579438592.462,0.6,0.9183,0.61,0.9497,55
1579438593.174,0.61,0.9199,0.54,0.9853,55
1579438593.896,0.6,0.9539,0.58,1.0006,55
1579438594.657,0.6,0.9452,0.59,0.9886,55
1579438595.381,0.59,0.946,0.57,0.9823,55
1579438596.126,0.61,0.9162,0.58,1.0122,55
1579438596.851,0.59,0.9359,0.52,0.9987,55
1579438597.644,0.6,0.9443,0.53,0.9782,55
1579438598.401,0.61,0.9183,0.58,0.9946,55
1579438599.156,0.6,0.9415,0.55,0.9805,55
1579438599.791,0.62,0.912,0.59,0.9612,55
1579438600.547,0.61,0.9192,0.59,0.9539,56
1579438601.282,0.6,0.9199,0.61,0.9537,56
1579438602.024,0.61,0.92,0.56,0.9643,56
1579438602.761,0.61,0.9246,0.55,0.9832,56
1579438603.491,0.61,0.9108,0.56,0.9773,56
1579438604.202,0.61,0.9119,0.55,0.9582,56
1579438604.908,0.6,0.9141,0.6,0.9811,56
1579438605.663,0.61,0.9118,0.55,0.9517,56
1579438606.372,0.61,0.9076,0.56,0.9659,56
1579438607.081,0.6,0.9237,0.58,0.9565,56
1579438607.882,0.62,0.9037,0.55,0.9979,56
1579438608.503,0.61,0.9143,0.62,0.9969,56
1579438609.236,0.6,0.9463,0.56,1.0523,57
1579438609.976,0.57,0.9924,0.59,0.9647,57
1579438610.699,0.61,0.9276,0.57,0.9858,57
1579438611.447,0.59,0.9623,0.56,1.0088,57
1579438612.185,0.6,0.9458,0.56,0.9993,57
1579438612.904,0.6,0.9303,0.55,1.0364,57
1579438613.643,0.59,0.9421,0.57,1.0048,57
1579438614.371,0.61,0.9173,0.54,0.9814,57
1579438615.106,0.6,0.9296,0.6,0.9712,57
1579438615.813,0.61,0.9278,0.61,0.9845,57
1579438616.534,0.61,0.9259,0.57,0.9923,57
1579438617.188,0.61,0.9152,0.6,0.9689,57
1579438617.886,0.6,0.9223,0.6,0.9616,58
1579438618.678,0.6,0.9352,0.6,0.9675,58
1579438619.439,0.6,0.9379,0.6,0.9651,58
1579438620.136,0.6,0.9467,0.59,0.9564,58
1579438620.87,0.61,0.9175,0.6,0.968,58
1579438621.622,0.62,0.903,0.58,0.9938,58
1579438622.323,0.61,0.9167,0.57,1.0045,58
1579438623.026,0.6,0.9239,0.57,0.9685,58
1579438623.752,0.61,0.9155,0.61,0.9712,58
1579438624.478,0.6,0.9264,0.59,0.9397,58
1579438625.208,0.62,0.9076,0.56,0.9756,58
1579438625.836,0.61,0.9105,0.61,0.9443,58
1579438626.563,0.62,0.8965,0.59,0.9702,59
1579438627.349,0.6,0.9254,0.6,0.9668,59
1579438628.076,0.6,0.9235,0.59,0.9763,59
1579438628.84,0.6,0.9392,0.57,0.9584,59
1579438629.603,0.62,0.9058,0.56,0.9702,59
1579438630.321,0.61,0.9176,0.56,0.954,59
1579438631.072,0.62,0.8939,0.54,1.008,59
1579438631.784,0.61,0.9122,0.54,0.9558,59
1579438632.534,0.62,0.9009,0.56,0.9753,59
1579438633.311,0.61,0.9223,0.6,0.9498,59
1579438634.019,0.62,0.8965,0.55,0.9874,59
1579438634.667,0.62,0.8928,0.6,0.9428,59
1579438635.389,0.62,0.8947,0.59,0.952,60
1579438636.112,0.6,0.9219,0.61,0.946,60
1579438636.846,0.61,0.9106,0.57,0.9876,60
1579438637.578,0.6,0.9408,0.59,0.9646,60
1579438638.317,0.62,0.9001,0.57,0.9992,60
1579438639.023,0.61,0.9122,0.56,1.0011,60
1579438639.744,0.61,0.9085,0.59,1.0735,60
1579438640.5,0.59,0.9512,0.58,0.9791,60
1579438641.204,0.61,0.9141,0.54,0.9799,60
1579438641.932,0.6,0.9313,0.58,0.9581,60
1579438642.692,0.62,0.9052,0.54,0.9981,60
1579438643.308,0.61,0.9056,0.57,1.0086,60
1579438644.033,0.6,0.935,0.59,0.9745,61
1579438644.805,0.61,0.9212,0.59,0.9879,61
1579438645.503,0.59,0.9601,0.57,0.9744,61
1579438646.256,0.6,0.9283,0.55,1.0122,61
1579438646.975,0.58,0.9557,0.55,0.9731,61
1579438647.687,0.62,0.8937,0.56,0.9913,61
1579438648.438,0.59,0.9504,0.57,0.9884,61
1579438649.159,0.61,0.9134,0.56,1.0246,61
1579438649.863,0.6,0.9459,0.53,0.9997,61
1579438650.604,0.6,0.9371,0.56,0.9638,61
1579438651.396,0.61,0.9135,0.6,0.9764,61
1579438652.035,0.59,0.9463,0.58,0.9474,61
1579438652.742,0.62,0.8981,0.56,0.9828,62
1579438653.449,0.6,0.9456,0.57,0.9713,62
1579438654.164,0.61,0.9351,0.6,0.935,62
1579438654.893,0.61,0.9201,0.6,0.9479,62
1579438655.593,0.61,0.9278,0.59,0.9514,62
1579438656.319,0.62,0.9108,0.61,0.9628,62
1579438657.019,0.61,0.9025,0.59,0.9746,62
1579438657.747,0.62,0.899,0.59,0.9777,62
1579438658.478,0.62,0.9054,0.59,0.9562,62
1579438659.187,0.61,0.8984,0.55,0.9477,62
1579438659.928,0.61,0.9021,0.56,0.9631,62
1579438660.573,0.61,0.891,0.56,0.9714,62
1579438661.283,0.61,0.9095,0.63,0.932,63
1579438662.011,0.61,0.8949,0.61,0.9596,63
1579438662.742,0.6,0.9348,0.6,0.9497,63
1579438663.458,0.61,0.9156,0.61,0.9964,63
1579438664.19,0.61,0.9254,0.59,0.9727,63
1579438664.915,0.6,0.9194,0.59,0.9512,63
1579438665.674,0.61,0.9165,0.57,0.9469,63
1579438666.431,0.6,0.9196,0.57,0.9457,63
1579438667.169,0.61,0.9011,0.58,0.9656,63
1579438667.892,0.6,0.9163,0.57,0.9602,63
1579438668.607,0.61,0.9118,0.59,0.9677,63
1579438669.26,0.61,0.9163,0.6,0.95,63
1579438669.967,0.63,0.8827,0.58,0.9936,64
1579438670.701,0.59,0.951,0.59,0.9545,64
1579438671.403,0.62,0.9099,0.61,0.9497,64
1579438672.175,0.6,0.9312,0.57,0.9919,64
1579438672.872,0.61,0.9231,0.56,0.9807,64
1579438673.604,0.61,0.8998,0.56,0.9652,64
1579438674.339,0.62,0.8936,0.6,0.9558,64
1579438675.041,0.61,0.899,0.57,0.949,64
1579438675.768,0.63,0.8889,0.59,0.9552,64
1579438676.514,0.62,0.8852,0.58,0.9593,64
1579438677.216,0.63,0.8814,0.57,0.9619,64
1579438677.858,0.63,0.8712,0.61,0.9477,64
1579438678.624,0.63,0.875,0.62,0.9426,65
1579438679.356,0.62,0.8811,0.64,0.9435,65
1579438680.08,0.62,0.8901,0.66,0.9441,65
1579438680.861,0.62,0.8946,0.59,0.9582,65
1579438681.629,0.64,0.8758,0.6,0.9694,65
1579438682.345,0.63,0.8658,0.63,0.9669,65
1579438683.077,0.62,0.8815,0.59,0.9588,65
1579438683.794,0.63,0.8668,0.59,0.9569,65
1579438684.489,0.63,0.8809,0.58,0.9422,65
1579438685.218,0.63,0.8719,0.55,0.9491,65
1579438685.936,0.63,0.8782,0.56,0.9654,65
1579438686.573,0.65,0.8515,0.55,0.9828,65
1579438687.336,0.62,0.8853,0.62,0.9303,66
1579438688.062,0.62,0.8732,0.61,0.9276,66
1579438688.785,0.62,0.8948,0.58,0.9471,66
1579438689.496,0.62,0.8951,0.59,0.9515,66
1579438690.227,0.64,0.8793,0.59,0.9535,66
1579438690.939,0.63,0.8688,0.61,0.9614,66
1579438691.641,0.62,0.8921,0.6,0.9672,66
1579438692.446,0.62,0.8749,0.6,0.9566,66
1579438693.172,0.63,0.8818,0.58,0.9326,66
1579438693.881,0.63,0.8698,0.58,0.9411,66
1579438694.625,0.62,0.8834,0.58,0.973,66
1579438695.26,0.64,0.8524,0.56,0.9876,66
1579438695.987,0.63,0.879,0.61,0.9397,67
1579438696.742,0.62,0.8745,0.64,0.9441,67
1579438697.449,0.62,0.9082,0.57,0.9395,67
1579438698.179,0.62,0.8824,0.57,0.9792,67
1579438698.922,0.62,0.898,0.6,0.9212,67
1579438699.649,0.64,0.8553,0.61,0.9521,67
1579438700.351,0.61,0.9164,0.62,0.938,67
1579438701.082,0.63,0.8617,0.61,0.9866,67
1579438701.807,0.62,0.909,0.6,0.9318,67
1579438702.547,0.63,0.8623,0.55,0.9565,67
1579438703.25,0.62,0.9002,0.6,0.9434,67
1579438703.885,0.64,0.8556,0.54,1.0369,67
1579438704.596,0.61,0.909,0.57,0.969,68
1579438705.33,0.62,0.8826,0.63,0.9705,68
1579438706.042,0.62,0.9129,0.56,0.9817,68
1579438706.818,0.6,0.9258,0.6,0.9663,68
1579438707.545,0.64,0.8697,0.6,1.0058,68
1579438708.283,0.61,0.9009,0.58,0.9736,68
1579438708.986,0.63,0.8772,0.61,0.9714,68
1579438709.721,0.61,0.9036,0.55,0.9521,68
1579438710.45,0.63,0.8788,0.57,0.9723,68
1579438711.182,0.62,0.8833,0.54,0.9765,68
1579438711.875,0.63,0.8741,0.6,0.9506,68
1579438712.523,0.64,0.8695,0.62,0.946,68
1579438713.234,0.63,0.87,0.53,1.0116,69
1579438713.982,0.61,0.8993,0.58,0.9579,69
1579438714.713,0.62,0.8872,0.62,0.9391,69
1579438715.438,0.62,0.8863,0.61,0.9491,69
1579438716.133,0.63,0.8668,0.6,0.9611,69
1579438716.872,0.64,0.8499,0.63,0.962,69
1579438717.647,0.63,0.8683,0.63,0.9552,69
1579438718.346,0.63,0.8551,0.6,0.9454,69
1579438719.103,0.63,0.8648,0.62,0.9275,69
1579438719.824,0.64,0.8536,0.61,0.9328,69
1579438720.532,0.64,0.8549,0.61,0.9484,69
1579438721.169,0.66,0.8329,0.61,0.9671,69
1579438721.889,0.65,0.8395,0.52,0.9741,70
1579438722.633,0.64,0.8529,0.57,0.9594,70
1579438723.349,0.63,0.8701,0.58,0.9486,70
1579438724.073,0.63,0.8747,0.6,0.9534,70
1579438724.789,0.64,0.8629,0.6,0.9501,70
1579438725.532,0.64,0.8488,0.63,0.9441,70
1579438726.246,0.63,0.8729,0.6,0.9494,70
1579438726.952,0.64,0.8501,0.58,0.9583,70
1579438727.679,0.64,0.8612,0.59,0.93,70
1579438728.397,0.64,0.8459,0.61,0.9295,70
1579438729.113,0.64,0.8565,0.63,0.9475,70
1579438729.761,0.66,0.8279,0.6,0.9994,70
1579438730.47,0.64,0.853,0.58,0.9582,71
1579438731.231,0.64,0.8479,0.55,0.9573,71
1579438731.935,0.63,0.8719,0.6,0.9547,71
1579438732.648,0.63,0.8667,0.56,0.9737,71
1579438733.382,0.65,0.8564,0.62,0.9475,71
1579438734.084,0.65,0.8351,0.63,0.9277,71
1579438734.799,0.64,0.8675,0.62,0.9277,71
1579438735.56,0.63,0.842,0.61,0.9694,71
1579438736.256,0.63,0.8732,0.6,0.9936,71
1579438736.994,0.61,0.9051,0.61,0.9651,71
1579438737.715,0.61,0.8922,0.58,0.9551,71
1579438738.331,0.65,0.838,0.58,1.0044,71
1579438739.059,0.63,0.8629,0.59,0.9551,72
1579438739.794,0.62,0.8872,0.59,1.0093,72
1579438740.491,0.61,0.9205,0.59,0.9586,72
1579438741.298,0.63,0.8786,0.59,1.0376,72
1579438742.032,0.61,0.9277,0.55,1.0505,72
1579438742.741,0.6,0.9317,0.64,0.9636,72
1579438743.503,0.63,0.8897,0.58,0.9872,72
1579438744.217,0.6,0.9124,0.6,0.9537,72
1579438744.921,0.63,0.8685,0.6,0.9971,72
1579438745.65,0.61,0.9172,0.57,0.9295,72
1579438746.352,0.64,0.8642,0.57,0.9616,72
1579438746.977,0.62,0.9003,0.57,0.9538,72
1579438747.725,0.63,0.871,0.55,0.982,73
1579438748.431,0.63,0.8783,0.56,0.9764,73
1579438749.134,0.62,0.8937,0.61,0.9435,73
1579438749.86,0.62,0.8828,0.57,0.9745,73
1579438750.561,0.62,0.8873,0.56,0.981,73
1579438751.289,0.64,0.8491,0.55,1.0227,73
1579438752.011,0.62,0.8949,0.57,0.9858,73
1579438752.763,0.63,0.8615,0.6,0.9558,73
1579438753.495,0.64,0.8558,0.63,0.9292,73
1579438754.199,0.64,0.8559,0.64,0.9263,73
1579438754.959,0.64,0.8544,0.6,0.9378,73
1579438755.628,0.65,0.8368,0.6,0.9561,73
1579438756.337,0.65,0.8424,0.58,0.9514,74
1579438757.065,0.62,0.8576,0.57,0.9366,74
1579438757.769,0.63,0.8654,0.56,0.9406,74
1579438758.478,0.63,0.8701,0.56,0.9547,74
1579438759.195,0.65,0.8498,0.57,0.9688,74
1579438759.901,0.65,0.8378,0.64,0.9664,74
1579438760.617,0.64,0.8577,0.6,0.9772,74
1579438761.359,0.64,0.8465,0.59,0.9663,74
1579438762.092,0.64,0.8412,0.65,0.9261,74
1579438762.803,0.65,0.8312,0.62,0.9157,74
1579438763.53,0.65,0.8449,0.59,0.9038,74
1579438764.169,0.66,0.816,0.57,0.9479,74
1579438764.902,0.65,0.8386,0.61,0.9413,75
1579438765.62,0.63,0.8534,0.62,0.9409,75
1579438766.374,0.62,0.882,0.6,0.9304,75
1579438767.08,0.64,0.8537,0.58,0.9696,75
1579438767.818,0.65,0.8467,0.57,0.9517,75
1579438768.568,0.65,0.8279,0.61,0.9328,75
1579438769.274,0.64,0.8575,0.64,0.9542,75
1579438769.987,0.63,0.852,0.65,0.9878,75
1579438770.711,0.63,0.8604,0.66,0.9301,75
1579438771.452,0.64,0.8296,0.6,0.9412,75
1579438772.146,0.65,0.843,0.55,0.951,75
1579438772.784,0.66,0.8191,0.56,0.9926,75
1579438773.482,0.64,0.8419,0.6,0.9569,76
1579438774.198,0.64,0.8358,0.62,0.9461,76
1579438774.919,0.62,0.8864,0.64,0.9285,76
1579438775.634,0.63,0.8524,0.55,0.9961,76
1579438776.381,0.65,0.8396,0.57,1.0019,76
1579438777.083,0.64,0.8369,0.6,0.9799,76
1579438777.791,0.64,0.8594,0.64,0.9689,76
1579438778.493,0.63,0.8609,0.63,0.9755,76
1579438779.211,0.65,0.8365,0.6,0.995,76
1579438779.923,0.63,0.8586,0.66,0.9472,76
1579438780.635,0.65,0.8376,0.59,0.946,76
1579438781.261,0.65,0.8318,0.59,0.9486,76
1579438781.973,0.66,0.8199,0.51,1.013,77
1579438782.705,0.62,0.889,0.6,0.9591,77
1579438783.405,0.64,0.8551,0.56,0.9624,77
1579438784.123,0.61,0.8936,0.59,0.9387,77
1579438784.843,0.65,0.8414,0.56,1.0049,77
1579438785.568,0.63,0.8489,0.56,0.9988,77
1579438786.298,0.63,0.8635,0.61,0.9614,77
1579438787.011,0.64,0.8359,0.63,0.9747,77
1579438787.724,0.64,0.8519,0.62,0.9692,77
1579438788.46,0.64,0.8453,0.58,0.9863,77
1579438789.16,0.64,0.8598,0.62,0.9633,77
1579438789.81,0.66,0.8091,0.57,1.0054,77
1579438790.555,0.64,0.8577,0.53,0.9997,78
1579438791.261,0.64,0.8507,0.56,0.9803,78
1579438791.984,0.63,0.8759,0.65,0.9433,78
1579438792.692,0.61,0.8889,0.6,0.9273,78
1579438793.386,0.64,0.8537,0.59,0.9484,78
1579438794.125,0.63,0.8515,0.56,0.9897,78
1579438794.841,0.63,0.8676,0.58,0.9661,78
1579438795.558,0.63,0.8544,0.61,0.9348,78
1579438796.284,0.64,0.8465,0.63,0.9257,78
1579438796.988,0.65,0.8397,0.61,0.9453,78
1579438797.743,0.63,0.8568,0.6,0.9596,78
1579438798.418,0.66,0.8226,0.54,0.9581,78
1579438799.126,0.65,0.8067,0.55,0.9869,79
1579438799.837,0.64,0.8424,0.57,1.0355,79
1579438800.572,0.63,0.8856,0.55,0.9849,79
1579438801.313,0.64,0.8534,0.56,1.0496,79
1579438802.043,0.61,0.9164,0.63,0.957,79
1579438802.757,0.64,0.8476,0.6,0.9807,79
1579438803.465,0.62,0.8772,0.6,0.9477,79
1579438804.195,0.64,0.8597,0.59,0.9658,79
1579438804.9,0.63,0.8711,0.62,0.9424,79
1579438805.615,0.64,0.8461,0.64,0.9488,79
1579438806.344,0.64,0.8617,0.61,0.949,79
1579438806.961,0.66,0.8221,0.57,0.9996,79
1579438807.7,0.65,0.8335,0.57,0.9541,80
1579438808.44,0.65,0.8193,0.57,0.978,80
1579438809.135,0.63,0.8632,0.56,0.9776,80
1579438809.879,0.64,0.8598,0.62,0.9952,80
1579438810.61,0.64,0.8527,0.57,0.965,80
1579438811.308,0.64,0.8293,0.58,0.9818,80
1579438812.043,0.64,0.8462,0.57,0.9569,80
1579438812.795,0.64,0.8335,0.59,0.9592,80
1579438813.525,0.65,0.8406,0.62,0.9383,80
1579438814.26,0.65,0.8264,0.63,0.935,80
1579438814.955,0.64,0.854,0.65,0.9274,80
1579438815.621,0.66,0.8211,0.63,0.9843,80
1579438816.35,0.64,0.8448,0.6,0.9321,81
1579438817.054,0.65,0.8018,0.54,0.9822,81
1579438817.764,0.64,0.8616,0.6,0.9764,81
1579438818.517,0.64,0.8514,0.59,1.0149,81
1579438819.213,0.65,0.8547,0.6,1.0013,81
1579438819.917,0.64,0.8433,0.58,1.0002,81
1579438820.639,0.64,0.8484,0.59,0.974,81
1579438821.338,0.64,0.8522,0.6,0.9546,81
1579438822.039,0.65,0.8257,0.62,0.9467,81
1579438822.789,0.65,0.8177,0.62,0.9277,81
1579438823.492,0.66,0.8226,0.65,0.9184,81
1579438824.109,0.66,0.8123,0.61,0.9265,81
1579438824.86,0.65,0.8224,0.62,0.9114,82
1579438825.584,0.65,0.8231,0.65,0.8971,82
1579438826.309,0.64,0.8384,0.6,0.8978,82
1579438827.011,0.64,0.8348,0.58,0.9596,82
1579438827.71,0.66,0.8178,0.55,0.9575,82
1579438828.445,0.65,0.8162,0.59,0.9606,82
1579438829.14,0.64,0.8367,0.57,0.9566,82
1579438829.854,0.64,0.8453,0.6,0.9537,82
1579438830.567,0.66,0.824,0.61,0.9467,82
1579438831.299,0.66,0.8155,0.59,0.9232,82
1579438832.018,0.67,0.808,0.65,0.911,82
1579438832.645,0.67,0.7857,0.57,0.9553,82
1579438833.347,0.65,0.8117,0.58,0.9154,83
1579438834.065,0.66,0.8056,0.61,0.9052,83
1579438834.814,0.65,0.8305,0.6,0.9033,83
1579438835.517,0.65,0.8264,0.56,0.9448,83
1579438836.222,0.67,0.803,0.58,0.9651,83
1579438836.968,0.66,0.8059,0.59,0.9672,83
1579438837.701,0.65,0.8182,0.62,0.9488,83
1579438838.485,0.65,0.8288,0.63,0.9407,83
1579438839.219,0.66,0.8086,0.63,0.9346,83
1579438839.931,0.65,0.8184,0.66,0.9282,83
1579438840.653,0.66,0.81,0.63,0.9069,83
1579438841.278,0.68,0.7754,0.6,0.9904,83
1579438841.981,0.66,0.8028,0.58,0.9761,84
1579438842.749,0.66,0.8032,0.59,0.9425,84
1579438843.453,0.65,0.8294,0.61,0.9152,84
1579438844.162,0.65,0.8201,0.6,0.9198,84
1579438844.862,0.67,0.7893,0.61,0.9179,84
1579438845.588,0.67,0.7911,0.59,0.9288,84
1579438846.293,0.66,0.8095,0.6,0.9605,84
1579438847.033,0.65,0.8066,0.58,0.9603,84
1579438847.74,0.67,0.7998,0.63,0.9336,84
1579438848.454,0.66,0.8011,0.67,0.9199,84
1579438849.151,0.67,0.7996,0.66,0.9006,84
1579438849.77,0.68,0.7689,0.6,0.9585,84
1579438850.493,0.67,0.7812,0.58,0.9817,85
1579438851.226,0.67,0.7835,0.53,1.0075,85
1579438851.927,0.65,0.8297,0.55,0.9997,85
1579438852.648,0.65,0.8158,0.58,0.9844,85
1579438853.36,0.67,0.7938,0.64,0.9282,85
1579438854.056,0.67,0.7868,0.62,0.9127,85
1579438854.79,0.66,0.8098,0.6,0.9238,85
1579438855.5,0.66,0.7954,0.58,0.9679,85
1579438856.201,0.67,0.7938,0.62,0.9492,85
1579438856.919,0.66,0.7954,0.66,0.9175,85
1579438857.627,0.66,0.8036,0.68,0.8922,85
1579438858.245,0.69,0.7616,0.65,0.9369,85
1579438858.949,0.68,0.7653,0.59,0.9246,86
1579438859.725,0.67,0.7743,0.58,0.9581,86
1579438860.43,0.65,0.8052,0.55,0.9753,86
1579438861.173,0.65,0.8153,0.59,1.016,86
1579438861.872,0.68,0.7816,0.6,0.9684,86
1579438862.589,0.67,0.7853,0.63,0.9354,86
1579438863.293,0.66,0.8087,0.64,0.9273,86
1579438863.992,0.66,0.7906,0.59,0.9559,86
1579438864.75,0.67,0.7846,0.64,0.9307,86
1579438865.457,0.67,0.7832,0.65,0.9098,86
1579438866.148,0.67,0.8019,0.66,0.895,86
1579438866.792,0.69,0.7691,0.64,0.9156,86
1579438867.565,0.67,0.7652,0.62,0.9149,87
1579438868.287,0.67,0.7711,0.64,0.9481,87
1579438869.037,0.65,0.8282,0.55,1.0264,87
1579438869.747,0.64,0.8378,0.56,1.0374,87
1579438870.449,0.63,0.8685,0.58,1.0046,87
1579438871.174,0.64,0.8583,0.6,0.9516,87
1579438871.892,0.66,0.8131,0.61,0.9927,87
1579438872.632,0.64,0.8328,0.63,0.9693,87
1579438873.367,0.66,0.8065,0.62,1.0152,87
1579438874.067,0.65,0.8306,0.65,0.9507,87
1579438874.777,0.66,0.8171,0.65,0.9374,87
1579438875.394,0.66,0.8233,0.64,0.9741,87
1579438876.102,0.67,0.7929,0.66,0.9864,88
1579438876.849,0.65,0.8101,0.6,0.9643,88
1579438877.581,0.64,0.8509,0.58,0.9815,88
1579438878.312,0.63,0.8703,0.6,1.043,88
1579438879.024,0.66,0.8205,0.58,1.0218,88
1579438879.741,0.66,0.8089,0.6,0.984,88
1579438880.453,0.65,0.8223,0.58,0.9881,88
1579438881.223,0.64,0.8448,0.56,0.9837,88
1579438881.923,0.66,0.8061,0.59,1.0149,88
1579438882.643,0.66,0.8192,0.6,0.9302,88
1579438883.35,0.67,0.799,0.65,0.9045,88
1579438883.972,0.66,0.8084,0.63,0.872,88
1579438884.69,0.67,0.7713,0.6,0.9815,89
1579438885.408,0.65,0.8358,0.6,0.9109,89
1579438886.111,0.66,0.8019,0.58,0.9528,89
1579438886.831,0.63,0.8619,0.59,0.9606,89
1579438887.559,0.68,0.7854,0.57,1.0828,89
1579438888.261,0.65,0.837,0.58,0.9688,89
1579438888.975,0.67,0.7935,0.61,0.9547,89
1579438889.68,0.64,0.8338,0.58,0.9719,89
1579438890.378,0.65,0.8282,0.6,0.9808,89
1579438891.132,0.66,0.8089,0.56,1.0062,89
1579438891.844,0.65,0.8295,0.61,0.9628,89
1579438892.471,0.67,0.7795,0.59,0.9623,89
1579438893.192,0.66,0.8061,0.58,0.952,90
1579438893.9,0.68,0.7564,0.55,1.0168,90
1579438894.613,0.64,0.8388,0.58,0.9462,90
1579438895.328,0.65,0.8107,0.56,0.9702,90
1579438896.032,0.65,0.8383,0.54,1.0048,90
1579438896.745,0.67,0.776,0.52,1.0925,90
1579438897.523,0.65,0.8593,0.57,0.9857,90
1579438898.283,0.66,0.7986,0.58,0.9598,90
1579438899.018,0.66,0.8,0.64,0.9771,90
1579438899.731,0.65,0.8202,0.6,0.9752,90
1579438900.525,0.66,0.8167,0.6,0.955,90
1579438901.148,0.67,0.79,0.66,0.9688,90
1579438901.873,0.66,0.7953,0.63,0.9373,91
1579438902.695,0.67,0.7692,0.58,0.951,91
1579438903.409,0.67,0.7986,0.65,0.9448,91
1579438904.119,0.66,0.8121,0.63,0.9832,91
1579438904.838,0.66,0.8064,0.62,0.9631,91
1579438905.599,0.67,0.7934,0.57,0.9911,91
1579438906.293,0.66,0.7961,0.58,1.019,91
1579438906.992,0.66,0.8145,0.64,0.941,91
1579438907.699,0.68,0.7769,0.61,0.9617,91
1579438908.404,0.66,0.8009,0.59,0.9803,91
1579438909.118,0.68,0.793,0.57,1.0041,91
1579438909.747,0.66,0.8054,0.65,0.9484,91
1579438910.465,0.68,0.7726,0.66,0.9341,92
1579438911.225,0.66,0.7928,0.62,0.9148,92
1579438911.93,0.67,0.7963,0.65,0.9156,92
1579438912.643,0.66,0.7956,0.56,0.9994,92
1579438913.338,0.67,0.7895,0.63,0.9805,92
1579438914.038,0.68,0.7741,0.62,1.0175,92
1579438914.757,0.67,0.7848,0.58,1.0135,92
1579438915.483,0.66,0.7921,0.64,0.9386,92
1579438916.221,0.67,0.7798,0.64,0.9376,92
1579438916.933,0.68,0.7745,0.65,0.9506,92
1579438917.639,0.68,0.7812,0.61,0.9804,92
1579438918.29,0.68,0.7657,0.61,0.9361,92
1579438918.998,0.68,0.7655,0.66,0.9043,93
1579438919.733,0.67,0.776,0.62,0.906,93
1579438920.463,0.66,0.8009,0.64,0.8865,93
1579438921.21,0.66,0.7953,0.6,0.9133,93
1579438921.99,0.67,0.7754,0.6,0.9263,93
1579438922.703,0.67,0.7758,0.62,0.9437,93
1579438923.415,0.66,0.7976,0.61,0.9486,93
1579438924.126,0.67,0.7827,0.68,0.9178,93
1579438924.849,0.68,0.7907,0.61,0.9183,93
1579438925.55,0.68,0.7632,0.64,0.945,93
1579438926.243,0.67,0.7803,0.62,0.9875,93
1579438926.863,0.69,0.7484,0.59,0.9841,93
1579438927.632,0.67,0.7792,0.56,0.9365,94
1579438928.335,0.66,0.7815,0.61,0.9308,94
1579438929.088,0.66,0.8047,0.59,0.9591,94
1579438929.802,0.65,0.829,0.63,0.96,94
1579438930.498,0.68,0.7715,0.6,0.9844,94
1579438931.224,0.68,0.7757,0.54,0.981,94
1579438931.923,0.67,0.7936,0.55,0.9818,94
1579438932.678,0.65,0.7997,0.62,0.9508,94
1579438933.411,0.66,0.7944,0.63,0.9601,94
1579438934.118,0.66,0.8001,0.66,0.9104,94
1579438934.817,0.67,0.7793,0.62,0.9202,94
1579438935.44,0.69,0.7552,0.61,0.9204,94
1579438936.147,0.68,0.7593,0.59,0.9058,95
1579438936.866,0.68,0.7633,0.55,0.9519,95
1579438937.588,0.66,0.8013,0.62,0.9861,95
1579438938.296,0.65,0.8273,0.62,0.9684,95
1579438938.988,0.68,0.7746,0.56,0.9957,95
1579438939.707,0.67,0.7863,0.61,0.9688,95
1579438940.412,0.67,0.7954,0.6,0.9993,95
1579438941.113,0.64,0.8058,0.57,0.9595,95
1579438941.824,0.68,0.7627,0.57,0.983,95
1579438942.577,0.67,0.7941,0.61,0.9698,95
1579438943.324,0.67,0.8058,0.62,0.9253,95
1579438943.943,0.69,0.7551,0.64,0.9609,95
1579438944.668,0.65,0.8465,0.63,0.8797,96
1579438945.377,0.66,0.7966,0.6,0.8978,96
1579438946.085,0.66,0.8192,0.63,0.8657,96
1579438946.796,0.66,0.8114,0.64,0.9367,96
1579438947.512,0.67,0.793,0.64,0.9382,96
1579438948.218,0.68,0.7616,0.64,0.9591,96
1579438948.947,0.66,0.803,0.61,0.9998,96
1579438949.647,0.66,0.7765,0.57,1.0405,96
1579438950.351,0.66,0.8003,0.62,0.9862,96
1579438951.098,0.68,0.7719,0.61,0.9672,96
1579438951.798,0.67,0.7902,0.62,0.9197,96
1579438952.429,0.69,0.7432,0.64,0.9518,96
1579438953.168,0.68,0.7551,0.66,0.9321,97
1579438953.864,0.65,0.8102,0.66,0.8795,97
1579438954.581,0.66,0.8035,0.63,0.8943,97
1579438955.298,0.64,0.841,0.63,0.9048,97
1579438955.99,0.67,0.7804,0.62,0.9621,97
1579438956.694,0.66,0.8184,0.61,0.9372,97
1579438957.472,0.67,0.7869,0.63,0.9246,97
1579438958.194,0.66,0.7941,0.59,0.9367,97
1579438958.945,0.67,0.7794,0.59,0.9734,97
1579438959.648,0.68,0.7698,0.6,0.9812,97
1579438960.341,0.68,0.7729,0.62,0.9942,97
1579438960.992,0.68,0.7567,0.62,0.963,97
1579438961.715,0.68,0.7461,0.61,0.9844,98
1579438962.453,0.67,0.7772,0.6,0.959,98
1579438963.183,0.68,0.7844,0.61,0.8972,98
1579438963.949,0.67,0.7832,0.65,0.9005,98
1579438964.665,0.67,0.7759,0.6,0.9299,98
1579438965.361,0.69,0.7356,0.55,1.0206,98
1579438966.053,0.66,0.8064,0.61,0.9307,98
1579438966.825,0.67,0.7717,0.63,0.887,98
1579438967.532,0.68,0.7763,0.61,0.9172,98
1579438968.235,0.68,0.7683,0.63,0.9299,98
1579438968.958,0.69,0.7532,0.64,0.948,98
1579438969.569,0.7,0.7273,0.65,0.94,98
1579438970.272,0.69,0.741,0.64,0.9237,99
1579438971.012,0.68,0.7447,0.64,0.9226,99
1579438971.713,0.68,0.7687,0.59,0.9092,99
1579438972.449,0.68,0.7751,0.62,0.9455,99
1579438973.187,0.68,0.7514,0.6,0.9518,99
1579438973.891,0.69,0.7356,0.6,0.9777,99
1579438974.616,0.69,0.7425,0.6,0.9965,99
1579438975.338,0.67,0.7649,0.63,0.9174,99
1579438976.043,0.69,0.743,0.6,0.9116,99
1579438976.762,0.69,0.7477,0.62,0.9157,99
1579438977.475,0.7,0.7324,0.65,0.9626,99
1579438978.101,0.71,0.7079,0.67,0.942,99
