1579800360.471,0.25,1.3864,0.26,1.3862,0
1579800361.668,0.25,1.3862,0.26,1.3861,0
1579800362.849,0.25,1.386,0.26,1.3854,0
1579800364.048,0.26,1.3854,0.38,1.384,0
1579800365.19,0.33,1.3842,0.37,1.382,0
1579800366.283,0.38,1.3821,0.32,1.3787,0
1579800367.394,0.36,1.3784,0.33,1.372,0
1579800368.392,0.35,1.3726,0.35,1.3611,0
1579800369.506,0.36,1.3624,0.33,1.348,1
1579800370.631,0.33,1.3458,0.37,1.3304,1
1579800371.742,0.38,1.3301,0.38,1.3185,1
1579800372.823,0.38,1.3151,0.39,1.309,1
1579800373.973,0.4,1.3082,0.36,1.3134,1
1579800375.063,0.38,1.3066,0.37,1.3059,1
1579800376.161,0.39,1.3023,0.4,1.3004,1
1579800377.177,0.39,1.2972,0.37,1.3037,1
1579800378.284,0.39,1.2973,0.4,1.2944,2
1579800379.392,0.39,1.2861,0.41,1.2928,2
1579800380.488,0.4,1.2907,0.4,1.2902,2
1579800381.589,0.41,1.2845,0.42,1.2913,2
1579800382.692,0.41,1.2885,0.39,1.2913,2
1579800383.849,0.41,1.2864,0.42,1.2886,2
1579800385.084,0.41,1.2822,0.41,1.2854,2
1579800386.166,0.4,1.2864,0.42,1.2801,2
1579800387.29,0.42,1.2808,0.39,1.2786,3
1579800388.464,0.41,1.2788,0.39,1.2778,3
1579800389.615,0.42,1.2805,0.42,1.2779,3
1579800390.713,0.43,1.2751,0.44,1.2798,3
1579800391.818,0.43,1.2788,0.42,1.2834,3
1579800392.92,0.42,1.2796,0.4,1.2783,3
1579800394.122,0.42,1.2758,0.4,1.2758,3
1579800395.2,0.44,1.2762,0.43,1.2825,3
1579800396.361,0.43,1.2747,0.41,1.2798,4
1579800397.476,0.43,1.273,0.38,1.2825,4
1579800398.615,0.43,1.274,0.41,1.2792,4
1579800399.773,0.44,1.2684,0.4,1.2716,4
1579800400.893,0.43,1.273,0.4,1.2742,4
1579800402.028,0.44,1.2718,0.4,1.2745,4
1579800403.221,0.45,1.2674,0.44,1.282,4
1579800404.265,0.45,1.2724,0.42,1.284,4
1579800405.419,0.44,1.2661,0.41,1.2756,5
1579800406.536,0.45,1.2644,0.43,1.2688,5
1579800407.626,0.44,1.2665,0.42,1.2753,5
1579800408.807,0.45,1.26,0.45,1.2685,5
1579800409.898,0.44,1.264,0.43,1.2749,5
1579800411.012,0.44,1.2633,0.44,1.2648,5
1579800412.098,0.46,1.2589,0.45,1.2658,5
1579800413.095,0.46,1.2601,0.43,1.283,5
1579800414.192,0.46,1.2577,0.47,1.2663,6
1579800415.288,0.45,1.258,0.44,1.271,6
1579800416.418,0.46,1.2572,0.43,1.2633,6
1579800417.525,0.47,1.2529,0.44,1.272,6
1579800418.678,0.46,1.2549,0.43,1.2685,6
1579800419.861,0.47,1.255,0.5,1.2577,6
1579800421.085,0.46,1.2528,0.43,1.2738,6
1579800422.133,0.46,1.2578,0.48,1.267,6
1579800423.259,0.46,1.257,0.36,1.317,7
1579800424.423,0.44,1.2693,0.44,1.2587,7
1579800425.531,0.45,1.2596,0.46,1.256,7
1579800426.62,0.46,1.2499,0.4,1.2949,7
1579800427.748,0.45,1.2575,0.45,1.2762,7
1579800428.868,0.46,1.2509,0.45,1.2681,7
1579800429.968,0.44,1.2592,0.49,1.255,7
1579800430.986,0.46,1.2517,0.38,1.3024,7
1579800432.116,0.46,1.2526,0.39,1.2878,8
1579800433.208,0.46,1.2503,0.49,1.2567,8
1579800434.313,0.46,1.2528,0.42,1.2592,8
1579800435.487,0.49,1.2437,0.41,1.279,8
1579800436.576,0.47,1.247,0.42,1.2788,8
1579800437.695,0.47,1.2473,0.49,1.2583,8
1579800438.863,0.47,1.2481,0.46,1.2528,8
1579800439.913,0.46,1.2504,0.46,1.2592,8
1579800441.065,0.49,1.2394,0.39,1.2949,9
1579800442.167,0.47,1.2483,0.41,1.2733,9
1579800443.305,0.48,1.242,0.49,1.2487,9
1579800444.43,0.47,1.2424,0.48,1.2527,9
1579800445.537,0.47,1.2427,0.39,1.2921,9
1579800446.675,0.47,1.2493,0.43,1.2729,9
1579800447.776,0.48,1.2408,0.54,1.2493,9
1579800448.812,0.47,1.2435,0.49,1.2475,9
1579800449.937,0.47,1.2412,0.42,1.2764,10
1579800451.053,0.49,1.2371,0.38,1.2944,10
1579800452.139,0.47,1.246,0.44,1.2575,10
1579800453.247,0.5,1.228,0.49,1.2462,10
1579800454.382,0.47,1.2471,0.45,1.2589,10
1579800455.526,0.5,1.2321,0.41,1.2779,10
1579800456.738,0.49,1.2358,0.43,1.2639,10
1579800457.772,0.5,1.2346,0.5,1.245,10
1579800458.899,0.48,1.2327,0.48,1.2461,11
1579800460.05,0.49,1.2318,0.41,1.2648,11
1579800461.191,0.5,1.2299,0.42,1.2648,11
1579800462.328,0.5,1.2237,0.49,1.2439,11
1579800463.428,0.49,1.2309,0.47,1.2476,11
1579800464.554,0.5,1.2261,0.43,1.2593,11
1579800465.769,0.5,1.2242,0.42,1.2625,11
1579800466.792,0.5,1.2297,0.47,1.2435,11
1579800467.897,0.5,1.2221,0.47,1.2542,12
1579800469.018,0.49,1.2274,0.42,1.2621,12
1579800470.112,0.5,1.2234,0.45,1.2538,12
1579800471.204,0.51,1.2172,0.47,1.2378,12
1579800472.338,0.5,1.2259,0.48,1.2583,12
1579800473.425,0.5,1.2221,0.41,1.2665,12
1579800474.531,0.51,1.2196,0.43,1.2537,12
1579800475.564,0.51,1.2218,0.47,1.2361,12
1579800476.682,0.51,1.2198,0.48,1.2562,13
1579800477.777,0.5,1.22,0.4,1.2732,13
1579800478.886,0.5,1.2228,0.44,1.249,13
1579800480.012,0.52,1.209,0.5,1.2334,13
1579800481.172,0.5,1.2269,0.47,1.2439,13
1579800482.304,0.52,1.2144,0.44,1.2653,13
1579800483.458,0.51,1.2163,0.44,1.2529,13
1579800484.523,0.52,1.2132,0.48,1.2319,13
1579800485.668,0.51,1.2164,0.46,1.2342,14
1579800486.769,0.51,1.2124,0.42,1.2595,14
1579800487.93,0.51,1.2157,0.44,1.2498,14
1579800489.019,0.52,1.2062,0.51,1.2265,14
1579800490.145,0.5,1.2185,0.47,1.2323,14
1579800491.318,0.52,1.2095,0.45,1.2483,14
1579800492.454,0.52,1.2086,0.46,1.2479,14
1579800493.459,0.52,1.2097,0.48,1.2358,14
1579800494.564,0.52,1.2107,0.49,1.2319,15
1579800495.726,0.51,1.2078,0.43,1.2481,15
1579800496.826,0.52,1.2092,0.44,1.2423,15
1579800497.98,0.52,1.2019,0.47,1.225,15
1579800499.095,0.51,1.2109,0.47,1.2341,15
1579800500.235,0.52,1.2066,0.48,1.2409,15
1579800501.374,0.52,1.203,0.48,1.2439,15
1579800502.426,0.52,1.2074,0.47,1.2279,15
1579800503.567,0.53,1.2019,0.49,1.2337,16
1579800504.796,0.52,1.2074,0.47,1.2391,16
1579800505.938,0.53,1.2019,0.44,1.2407,16
1579800507.032,0.53,1.1989,0.44,1.2287,16
1579800508.116,0.52,1.2051,0.48,1.2321,16
1579800509.238,0.52,1.203,0.5,1.2342,16
1579800510.344,0.53,1.1997,0.51,1.2323,16
1579800511.402,0.53,1.1998,0.52,1.2255,16
1579800512.503,0.53,1.1997,0.48,1.2229,17
1579800513.62,0.52,1.1997,0.49,1.2326,17
1579800514.793,0.53,1.1993,0.46,1.2306,17
1579800515.981,0.53,1.1928,0.45,1.2228,17
1579800517.111,0.52,1.2025,0.48,1.2261,17
1579800518.227,0.53,1.1964,0.51,1.2244,17
1579800519.406,0.53,1.1941,0.52,1.2234,17
1579800520.441,0.54,1.1936,0.51,1.2209,17
1579800521.565,0.53,1.1964,0.51,1.2211,18
1579800522.676,0.53,1.1966,0.5,1.2246,18
1579800523.792,0.54,1.1941,0.48,1.2201,18
1579800524.891,0.54,1.1858,0.49,1.2165,18
1579800525.991,0.53,1.1988,0.51,1.2283,18
1579800527.133,0.53,1.1951,0.5,1.2205,18
1579800528.282,0.54,1.1889,0.52,1.2152,18
1579800529.3,0.54,1.1883,0.51,1.2139,18
1579800530.403,0.54,1.1917,0.53,1.2212,19
1579800531.514,0.53,1.1938,0.51,1.226,19
1579800532.608,0.53,1.1933,0.5,1.2162,19
1579800533.726,0.55,1.1807,0.5,1.2158,19
1579800534.925,0.53,1.1959,0.5,1.2327,19
1579800536.119,0.53,1.1938,0.49,1.2248,19
1579800537.294,0.54,1.1878,0.52,1.2122,19
1579800538.358,0.55,1.1843,0.52,1.2112,19
1579800539.528,0.54,1.1885,0.52,1.2237,20
1579800540.64,0.54,1.191,0.51,1.2271,20
1579800541.732,0.53,1.192,0.51,1.2117,20
1579800542.864,0.55,1.1769,0.53,1.2119,20
1579800544.062,0.53,1.1951,0.52,1.2249,20
1579800545.251,0.54,1.1883,0.48,1.2271,20
1579800546.386,0.54,1.187,0.51,1.2088,20
1579800547.387,0.55,1.1789,0.54,1.205,20
1579800548.482,0.54,1.191,0.51,1.2152,21
1579800549.578,0.55,1.1854,0.49,1.2328,21
1579800550.672,0.53,1.1924,0.52,1.2118,21
1579800551.818,0.55,1.1756,0.56,1.2036,21
1579800552.937,0.53,1.1934,0.5,1.2123,21
1579800554.072,0.55,1.1831,0.49,1.2253,21
1579800555.244,0.55,1.1836,0.52,1.218,21
1579800556.284,0.55,1.1817,0.51,1.2049,21
1579800557.408,0.55,1.1834,0.53,1.2029,22
1579800558.537,0.54,1.1867,0.52,1.218,22
1579800559.722,0.54,1.1859,0.49,1.2193,22
1579800560.874,0.55,1.1788,0.54,1.2029,22
1579800561.997,0.54,1.1833,0.51,1.2094,22
1579800563.083,0.55,1.1832,0.51,1.2081,22
1579800564.211,0.54,1.1805,0.52,1.2035,22
1579800565.213,0.56,1.1755,0.52,1.2033,22
1579800566.35,0.55,1.1821,0.52,1.2015,23
1579800567.437,0.55,1.1789,0.53,1.2067,23
1579800568.527,0.54,1.1869,0.53,1.1958,23
1579800569.7,0.56,1.169,0.53,1.2006,23
1579800570.807,0.54,1.1846,0.54,1.2121,23
1579800571.912,0.55,1.1807,0.52,1.2075,23
1579800573.108,0.55,1.1759,0.53,1.1957,23
1579800574.259,0.56,1.1721,0.49,1.1999,23
1579800575.422,0.54,1.1815,0.53,1.2043,24
1579800576.661,0.55,1.1774,0.52,1.2191,24
1579800577.807,0.54,1.1853,0.53,1.1999,24
1579800578.913,0.56,1.1658,0.51,1.2,24
1579800580.022,0.54,1.1844,0.54,1.2016,24
1579800581.122,0.56,1.1745,0.51,1.219,24
1579800582.252,0.55,1.1761,0.54,1.2078,24
1579800583.298,0.56,1.1728,0.51,1.2007,24
