1579406695.379,0.24,1.3873,0.28,1.385,0
1579406696.089,0.24,1.3867,0.28,1.3858,0
1579406696.801,0.25,1.3864,0.26,1.3867,0
1579406697.5,0.25,1.3864,0.26,1.3867,0
1579406698.233,0.25,1.3864,0.24,1.3864,0
1579406698.947,0.25,1.3863,0.24,1.3861,0
1579406699.65,0.24,1.3865,0.24,1.3861,0
1579406700.37,0.25,1.3863,0.26,1.3862,0
1579406701.09,0.26,1.3862,0.26,1.3865,0
1579406701.799,0.25,1.3864,0.26,1.3866,0
1579406702.515,0.24,1.3866,0.26,1.3866,0
1579406703.141,0.24,1.3865,0.24,1.3866,0
1579406703.854,0.24,1.3864,0.22,1.3865,1
1579406704.56,0.25,1.3863,0.22,1.3864,1
1579406705.278,0.25,1.3863,0.28,1.3863,1
1579406706.001,0.26,1.3863,0.28,1.3862,1
1579406706.71,0.26,1.3862,0.28,1.386,1
1579406707.412,0.25,1.3863,0.28,1.3858,1
1579406708.124,0.25,1.3864,0.28,1.3858,1
1579406708.829,0.24,1.3864,0.28,1.3857,1
1579406709.534,0.24,1.3863,0.28,1.3856,1
1579406710.25,0.25,1.3861,0.33,1.3855,1
1579406710.972,0.25,1.3858,0.4,1.385,1
1579406711.589,0.34,1.3854,0.39,1.3829,1
1579406712.304,0.36,1.3833,0.35,1.3787,2
1579406713.012,0.31,1.3789,0.37,1.366,2
1579406713.717,0.38,1.3655,0.4,1.3354,2
1579406714.439,0.34,1.3394,0.4,1.3363,2
1579406715.155,0.35,1.3234,0.38,1.3347,2
1579406715.858,0.34,1.3426,0.28,1.3426,2
1579406716.576,0.32,1.3486,0.32,1.3124,2
1579406717.292,0.36,1.3142,0.34,1.3264,2
1579406718.0,0.39,1.2999,0.38,1.3022,2
1579406718.707,0.38,1.3026,0.35,1.2911,2
1579406719.418,0.39,1.2719,0.37,1.2993,2
1579406720.039,0.38,1.2906,0.36,1.28,2
1579406720.758,0.38,1.2768,0.32,1.2614,3
1579406721.472,0.39,1.2599,0.36,1.2679,3
1579406722.285,0.39,1.2643,0.33,1.2596,3
1579406723.004,0.38,1.2664,0.38,1.2642,3
1579406723.718,0.41,1.2597,0.38,1.2542,3
1579406724.421,0.38,1.2529,0.41,1.2416,3
1579406725.129,0.38,1.2459,0.4,1.2475,3
1579406725.852,0.37,1.2513,0.35,1.2502,3
1579406726.564,0.38,1.2503,0.36,1.2442,3
1579406727.289,0.37,1.251,0.39,1.251,3
1579406727.994,0.38,1.2466,0.4,1.2434,3
1579406728.622,0.36,1.2495,0.36,1.2463,3
1579406729.339,0.4,1.2451,0.32,1.2479,4
1579406730.045,0.41,1.238,0.33,1.2473,4
1579406730.753,0.4,1.2308,0.36,1.2467,4
1579406731.467,0.39,1.2417,0.38,1.2457,4
1579406732.178,0.41,1.2308,0.35,1.2457,4
1579406732.897,0.41,1.2277,0.36,1.2424,4
1579406733.603,0.41,1.2324,0.37,1.2411,4
1579406734.31,0.41,1.2272,0.39,1.2407,4
1579406735.029,0.41,1.2296,0.34,1.2477,4
1579406735.744,0.4,1.245,0.38,1.2579,4
1579406736.457,0.41,1.2459,0.36,1.243,4
1579406737.075,0.4,1.2455,0.36,1.2355,4
1579406737.791,0.41,1.2286,0.39,1.2452,5
1579406738.511,0.41,1.2316,0.34,1.2353,5
1579406739.215,0.41,1.2239,0.36,1.232,5
1579406739.932,0.4,1.2307,0.37,1.2374,5
1579406740.639,0.42,1.2252,0.39,1.2292,5
1579406741.348,0.42,1.2161,0.36,1.2321,5
1579406742.072,0.4,1.2304,0.39,1.2334,5
1579406742.779,0.41,1.2217,0.39,1.2291,5
1579406743.488,0.41,1.2249,0.36,1.2345,5
1579406744.217,0.4,1.2408,0.42,1.2252,5
1579406744.933,0.43,1.2143,0.43,1.2222,5
1579406745.554,0.41,1.2269,0.36,1.2187,5
1579406746.272,0.41,1.2231,0.39,1.2184,6
1579406746.978,0.42,1.2129,0.39,1.2165,6
1579406747.689,0.42,1.2113,0.38,1.2149,6
1579406748.398,0.41,1.2202,0.39,1.2151,6
1579406749.12,0.42,1.208,0.39,1.214,6
1579406749.835,0.42,1.2029,0.39,1.2128,6
1579406750.545,0.41,1.2116,0.43,1.2219,6
1579406751.258,0.42,1.2081,0.4,1.2187,6
1579406751.967,0.41,1.2165,0.36,1.2465,6
1579406752.67,0.39,1.2457,0.42,1.2226,6
1579406753.38,0.42,1.2145,0.45,1.2164,6
1579406754.0,0.42,1.2158,0.43,1.2165,6
1579406754.71,0.42,1.2098,0.41,1.211,7
1579406755.434,0.41,1.2106,0.42,1.2109,7
1579406756.262,0.42,1.2028,0.41,1.2085,7
1579406757.009,0.42,1.2105,0.41,1.2088,7
1579406757.75,0.42,1.207,0.43,1.2148,7
1579406758.491,0.42,1.2,0.4,1.2047,7
1579406759.205,0.42,1.2018,0.4,1.2038,7
1579406759.93,0.41,1.2013,0.42,1.2154,7
1579406760.659,0.42,1.207,0.41,1.1998,7
1579406761.413,0.42,1.2052,0.41,1.2001,7
1579406762.132,0.44,1.1925,0.42,1.2087,7
1579406762.764,0.42,1.2053,0.41,1.2015,7
1579406763.492,0.42,1.1959,0.43,1.2002,8
1579406764.2,0.43,1.1913,0.41,1.2066,8
1579406764.922,0.42,1.1912,0.45,1.2028,8
1579406765.646,0.43,1.2001,0.39,1.2253,8
1579406766.358,0.42,1.1967,0.42,1.242,8
1579406767.072,0.4,1.2313,0.31,1.3718,8
1579406767.788,0.35,1.3312,0.38,1.239,8
1579406768.493,0.42,1.2068,0.37,1.364,8
1579406769.202,0.35,1.3417,0.4,1.2137,8
1579406769.904,0.43,1.2064,0.42,1.2804,8
1579406770.616,0.4,1.267,0.41,1.2639,8
1579406771.238,0.4,1.2544,0.44,1.222,8
1579406771.975,0.41,1.219,0.42,1.2184,9
1579406772.686,0.4,1.2231,0.41,1.2393,9
1579406773.394,0.39,1.2378,0.43,1.2182,9
1579406774.109,0.41,1.2284,0.41,1.2118,9
1579406774.825,0.42,1.2082,0.4,1.2343,9
1579406775.537,0.41,1.2172,0.4,1.2437,9
1579406776.242,0.4,1.2239,0.4,1.23,9
1579406776.961,0.41,1.2133,0.41,1.2137,9
1579406777.678,0.42,1.2088,0.39,1.2142,9
1579406778.389,0.41,1.2287,0.39,1.2133,9
1579406779.13,0.43,1.2097,0.43,1.2066,9
1579406779.777,0.41,1.2217,0.4,1.2124,9
1579406780.5,0.41,1.2126,0.41,1.2245,10
1579406781.213,0.42,1.2158,0.43,1.2187,10
1579406781.944,0.42,1.2131,0.43,1.2052,10
1579406782.654,0.41,1.2126,0.41,1.2027,10
1579406783.381,0.41,1.2019,0.42,1.208,10
1579406784.109,0.41,1.204,0.41,1.201,10
1579406784.834,0.4,1.2068,0.44,1.2027,10
1579406785.559,0.42,1.1966,0.42,1.2137,10
1579406786.294,0.43,1.2062,0.43,1.2111,10
1579406787.016,0.42,1.2087,0.43,1.2022,10
1579406787.746,0.45,1.1895,0.41,1.2089,10
1579406788.396,0.43,1.2155,0.38,1.2031,10
1579406789.13,0.41,1.2022,0.43,1.211,11
1579406789.837,0.43,1.1956,0.41,1.2151,11
1579406790.543,0.42,1.1972,0.41,1.2041,11
1579406791.273,0.42,1.197,0.44,1.2054,11
1579406791.982,0.43,1.1911,0.44,1.2023,11
1579406792.696,0.43,1.1835,0.41,1.2092,11
1579406793.514,0.43,1.1899,0.38,1.2168,11
1579406794.231,0.43,1.1874,0.43,1.2079,11
1579406794.96,0.43,1.1829,0.41,1.2118,11
1579406795.677,0.43,1.1995,0.39,1.2119,11
1579406796.41,0.45,1.1789,0.4,1.2172,11
1579406797.047,0.43,1.1886,0.39,1.2103,11
1579406797.757,0.42,1.1828,0.41,1.2025,12
1579406798.474,0.43,1.1785,0.39,1.201,12
1579406799.192,0.42,1.1784,0.41,1.205,12
1579406799.903,0.43,1.1861,0.41,1.2023,12
1579406800.631,0.44,1.1698,0.41,1.2023,12
1579406801.355,0.44,1.1676,0.37,1.2119,12
1579406802.084,0.44,1.1745,0.38,1.2144,12
1579406802.809,0.44,1.168,0.39,1.212,12
1579406803.541,0.44,1.1735,0.38,1.2137,12
1579406804.287,0.44,1.1768,0.41,1.2103,12
1579406805.004,0.45,1.1691,0.4,1.2082,12
1579406805.643,0.43,1.1876,0.34,1.2901,12
1579406806.355,0.4,1.2339,0.41,1.2094,13
1579406807.098,0.42,1.1831,0.38,1.2043,13
1579406807.829,0.43,1.173,0.39,1.2459,13
1579406808.552,0.42,1.2054,0.39,1.2088,13
1579406809.269,0.45,1.1638,0.42,1.2211,13
1579406809.989,0.43,1.194,0.39,1.214,13
1579406810.714,0.44,1.1761,0.4,1.2341,13
1579406811.441,0.43,1.1891,0.43,1.1967,13
1579406812.167,0.45,1.1704,0.43,1.2105,13
1579406812.899,0.42,1.2012,0.43,1.199,13
1579406813.619,0.46,1.1675,0.42,1.2176,13
1579406814.249,0.43,1.1835,0.41,1.2021,13
1579406814.989,0.43,1.1756,0.44,1.1954,14
1579406815.699,0.45,1.1723,0.41,1.1952,14
1579406816.413,0.44,1.1726,0.43,1.2054,14
1579406817.149,0.43,1.1816,0.43,1.2047,14
1579406817.888,0.45,1.165,0.42,1.1957,14
1579406818.62,0.46,1.1617,0.43,1.1963,14
1579406819.349,0.45,1.171,0.42,1.2056,14
1579406820.074,0.45,1.1655,0.41,1.2092,14
1579406820.797,0.45,1.1703,0.43,1.1977,14
1579406821.512,0.45,1.1731,0.44,1.1958,14
1579406822.252,0.46,1.1599,0.45,1.2008,14
1579406822.895,0.45,1.1663,0.44,1.2002,14
1579406823.611,0.44,1.1689,0.41,1.1934,15
1579406824.328,0.45,1.164,0.43,1.1938,15
1579406825.054,0.45,1.163,0.44,1.1971,15
1579406825.77,0.45,1.1721,0.42,1.1941,15
1579406826.487,0.45,1.1573,0.44,1.195,15
1579406827.226,0.46,1.1523,0.44,1.1907,15
1579406827.943,0.45,1.1575,0.42,1.1897,15
1579406828.666,0.45,1.1573,0.42,1.2032,15
1579406829.393,0.45,1.1661,0.44,1.1952,15
1579406830.113,0.44,1.1743,0.43,1.2007,15
1579406830.831,0.47,1.1669,0.44,1.1841,15
1579406831.578,0.45,1.1654,0.45,1.1857,15
1579406832.312,0.45,1.1606,0.46,1.1854,16
1579406833.026,0.47,1.1538,0.43,1.1827,16
1579406833.733,0.45,1.1606,0.43,1.188,16
1579406834.446,0.45,1.1689,0.42,1.1786,16
1579406835.155,0.47,1.1455,0.44,1.1773,16
1579406835.857,0.47,1.145,0.46,1.1813,16
1579406836.573,0.46,1.1534,0.44,1.1781,16
1579406837.287,0.46,1.1501,0.45,1.1818,16
1579406837.99,0.47,1.152,0.42,1.1818,16
1579406838.693,0.47,1.155,0.46,1.1942,16
1579406839.405,0.47,1.1621,0.42,1.2103,16
1579406840.019,0.42,1.2044,0.45,1.1972,16
1579406840.733,0.45,1.1772,0.4,1.2188,17
1579406841.458,0.46,1.1869,0.46,1.1823,17
1579406842.16,0.45,1.1685,0.47,1.175,17
1579406842.866,0.46,1.1719,0.39,1.2287,17
1579406843.577,0.45,1.1766,0.46,1.1635,17
1579406844.278,0.47,1.144,0.44,1.1693,17
1579406844.983,0.45,1.1648,0.48,1.1743,17
1579406845.694,0.46,1.1612,0.44,1.1864,17
1579406846.394,0.47,1.1663,0.45,1.1629,17
1579406847.103,0.48,1.1518,0.43,1.1739,17
1579406847.817,0.47,1.1557,0.43,1.1762,17
1579406848.437,0.46,1.1612,0.42,1.1937,17
1579406849.148,0.44,1.1684,0.45,1.1678,18
1579406849.86,0.47,1.1463,0.46,1.1713,18
1579406850.563,0.46,1.1567,0.46,1.1745,18
1579406851.281,0.47,1.1643,0.46,1.1743,18
1579406851.989,0.48,1.1429,0.47,1.171,18
1579406852.705,0.48,1.14,0.46,1.1725,18
1579406853.41,0.47,1.1464,0.43,1.191,18
1579406854.116,0.46,1.1489,0.45,1.1773,18
1579406854.826,0.47,1.148,0.43,1.1811,18
1579406855.524,0.47,1.1545,0.46,1.1905,18
1579406856.229,0.48,1.1595,0.45,1.1697,18
1579406856.852,0.48,1.1496,0.47,1.1662,18
1579406857.556,0.47,1.1482,0.48,1.1754,19
1579406858.261,0.48,1.1452,0.47,1.1599,19
1579406858.972,0.47,1.1432,0.47,1.1609,19
1579406859.673,0.47,1.1552,0.43,1.1799,19
1579406860.384,0.48,1.1365,0.48,1.1611,19
1579406861.12,0.49,1.1291,0.47,1.1623,19
1579406861.841,0.48,1.1387,0.44,1.1815,19
1579406862.548,0.47,1.142,0.46,1.166,19
1579406863.258,0.48,1.1376,0.45,1.1641,19
1579406863.989,0.49,1.1349,0.46,1.1612,19
1579406864.695,0.49,1.128,0.46,1.1644,19
1579406865.313,0.49,1.1384,0.42,1.2037,19
1579406866.025,0.46,1.1672,0.43,1.1991,20
1579406866.732,0.42,1.1825,0.46,1.1719,20
1579406867.447,0.45,1.1564,0.43,1.2247,20
1579406868.267,0.46,1.188,0.44,1.1572,20
1579406868.981,0.5,1.1243,0.5,1.179,20
1579406869.694,0.49,1.1604,0.46,1.1636,20
1579406870.413,0.48,1.1368,0.42,1.195,20
1579406871.153,0.48,1.1502,0.48,1.1436,20
1579406871.865,0.49,1.1302,0.48,1.157,20
1579406872.566,0.48,1.1512,0.46,1.1444,20
1579406873.277,0.5,1.1224,0.45,1.161,20
1579406873.891,0.48,1.139,0.5,1.1441,20
1579406874.598,0.49,1.1286,0.5,1.1491,21
1579406875.309,0.49,1.1265,0.47,1.1512,21
1579406876.015,0.49,1.1257,0.43,1.1544,21
1579406876.718,0.49,1.1357,0.46,1.147,21
1579406877.441,0.5,1.1102,0.45,1.1456,21
1579406878.168,0.52,1.0966,0.44,1.1602,21
1579406878.88,0.51,1.1144,0.47,1.1405,21
1579406879.593,0.5,1.1058,0.43,1.1445,21
1579406880.311,0.51,1.1015,0.44,1.1285,21
1579406881.014,0.5,1.1024,0.45,1.1252,21
1579406881.716,0.51,1.0939,0.45,1.1378,21
1579406882.346,0.51,1.1046,0.47,1.1333,21
1579406883.049,0.49,1.117,0.43,1.1593,22
1579406883.761,0.5,1.1139,0.47,1.1375,22
1579406884.468,0.48,1.1282,0.48,1.1155,22
1579406885.168,0.5,1.1165,0.45,1.1536,22
1579406885.872,0.52,1.1059,0.47,1.1278,22
1579406886.582,0.51,1.0913,0.5,1.1324,22
1579406887.283,0.51,1.1021,0.45,1.1744,22
1579406887.987,0.5,1.1128,0.5,1.1235,22
1579406888.697,0.52,1.0893,0.47,1.1211,22
1579406889.396,0.5,1.102,0.47,1.1307,22
1579406890.108,0.53,1.087,0.49,1.128,22
1579406890.733,0.52,1.0921,0.47,1.1223,22
1579406891.441,0.52,1.0948,0.46,1.1176,23
1579406892.146,0.53,1.0747,0.49,1.1381,23
1579406892.859,0.51,1.0984,0.5,1.1238,23
1579406893.562,0.52,1.0962,0.45,1.1228,23
1579406894.288,0.52,1.0762,0.47,1.12,23
1579406895.004,0.53,1.0601,0.5,1.1255,23
1579406895.716,0.53,1.0764,0.48,1.1247,23
1579406896.424,0.52,1.0637,0.5,1.1155,23
1579406897.131,0.53,1.0696,0.46,1.1141,23
1579406897.837,0.52,1.0794,0.49,1.1204,23
1579406898.548,0.54,1.0611,0.51,1.1285,23
1579406899.167,0.53,1.0745,0.48,1.1251,23
1579406899.889,0.53,1.0725,0.49,1.118,24
1579406900.603,0.52,1.0669,0.5,1.1286,24
1579406901.312,0.52,1.0781,0.5,1.123,24
1579406902.023,0.53,1.0854,0.49,1.1114,24
1579406902.749,0.53,1.0598,0.49,1.1191,24
1579406903.456,0.54,1.0457,0.49,1.1159,24
1579406904.172,0.54,1.0602,0.49,1.1162,24
1579406904.992,0.53,1.0456,0.48,1.1058,24
1579406905.706,0.55,1.0573,0.48,1.1018,24
1579406906.41,0.52,1.0837,0.52,1.1381,24
1579406907.135,0.54,1.0752,0.54,1.1215,24
1579406907.759,0.53,1.0939,0.5,1.1626,24
1579406908.483,0.52,1.0876,0.46,1.1292,25
1579406909.199,0.52,1.0724,0.52,1.1231,25
1579406909.912,0.53,1.0821,0.5,1.1431,25
1579406910.617,0.52,1.0981,0.48,1.1024,25
1579406911.343,0.54,1.0455,0.46,1.1113,25
1579406912.053,0.53,1.0596,0.52,1.0949,25
1579406912.762,0.54,1.0481,0.5,1.115,25
1579406913.47,0.54,1.0508,0.52,1.0961,25
1579406914.191,0.53,1.0607,0.52,1.0864,25
1579406914.893,0.54,1.0471,0.47,1.1146,25
1579406915.592,0.55,1.0595,0.49,1.0843,25
1579406916.216,0.55,1.0413,0.51,1.0979,25
1579406916.923,0.54,1.0519,0.54,1.1008,26
1579406917.625,0.55,1.0452,0.51,1.0981,26
1579406918.336,0.54,1.0535,0.52,1.1015,26
1579406919.037,0.54,1.063,0.51,1.0818,26
1579406919.741,0.56,1.025,0.53,1.0816,26
1579406920.45,0.56,1.0154,0.54,1.0823,26
1579406921.177,0.55,1.0282,0.53,1.093,26
1579406921.896,0.55,1.0159,0.52,1.0838,26
1579406922.613,0.56,1.0285,0.52,1.0676,26
1579406923.332,0.55,1.0284,0.55,1.1113,26
1579406924.038,0.55,1.0423,0.52,1.1035,26
1579406924.667,0.52,1.1019,0.47,1.1597,26
1579406925.377,0.52,1.0953,0.51,1.0853,27
1579406926.08,0.54,1.042,0.53,1.0971,27
1579406926.794,0.54,1.0674,0.53,1.0901,27
1579406927.5,0.54,1.0543,0.49,1.1122,27
1579406928.206,0.55,1.04,0.51,1.0891,27
1579406928.915,0.56,1.0125,0.56,1.0845,27
1579406929.621,0.55,1.0478,0.52,1.089,27
1579406930.32,0.55,1.0173,0.53,1.113,27
1579406931.024,0.55,1.0461,0.56,1.077,27
1579406931.732,0.55,1.0278,0.55,1.0818,27
1579406932.433,0.56,1.0365,0.51,1.0901,27
1579406933.048,0.57,1.0226,0.51,1.1346,27
1579406933.755,0.55,1.0507,0.52,1.0859,28
1579406934.456,0.56,1.0175,0.56,1.0752,28
1579406935.16,0.54,1.0485,0.55,1.0716,28
1579406935.866,0.55,1.0386,0.52,1.0933,28
1579406936.571,0.56,1.0187,0.57,1.0637,28
1579406937.292,0.56,0.9962,0.54,1.0634,28
1579406937.999,0.55,1.028,0.55,1.0791,28
1579406938.704,0.57,1.0023,0.53,1.0905,28
1579406939.411,0.56,1.0225,0.54,1.07,28
1579406940.123,0.55,1.0214,0.53,1.0737,28
1579406940.836,0.57,1.0158,0.55,1.0881,28
1579406941.554,0.57,1.0138,0.52,1.125,28
1579406942.262,0.56,1.0391,0.52,1.0868,29
1579406942.975,0.56,1.0124,0.56,1.074,29
1579406943.694,0.55,1.0314,0.51,1.0821,29
1579406944.394,0.55,1.0318,0.53,1.0775,29
1579406945.108,0.57,0.9992,0.57,1.0634,29
1579406945.81,0.57,0.9928,0.53,1.0596,29
1579406946.517,0.56,1.0105,0.54,1.0792,29
1579406947.223,0.57,0.9961,0.53,1.0686,29
1579406947.926,0.57,1.0034,0.55,1.0509,29
1579406948.625,0.56,1.0152,0.54,1.0675,29
1579406949.334,0.57,0.9985,0.53,1.0805,29
1579406949.95,0.57,1.0003,0.52,1.066,29
1579406950.658,0.56,1.0085,0.54,1.0768,30
1579406951.375,0.56,1.0036,0.53,1.0673,30
1579406952.09,0.55,1.0181,0.53,1.0589,30
1579406952.79,0.56,1.0157,0.54,1.0562,30
1579406953.499,0.57,0.9853,0.54,1.0561,30
1579406954.231,0.57,0.9773,0.54,1.0579,30
1579406954.941,0.56,1.002,0.56,1.0533,30
1579406955.652,0.57,0.9877,0.54,1.0422,30
1579406956.366,0.57,0.9932,0.53,1.0376,30
1579406957.067,0.56,0.9994,0.53,1.0546,30
1579406957.776,0.57,0.9994,0.55,1.047,30
1579406958.413,0.57,0.9886,0.54,1.0646,30
1579406959.126,0.56,0.9996,0.54,1.052,31
1579406959.835,0.57,0.9946,0.54,1.0387,31
1579406960.552,0.56,1.008,0.53,1.0377,31
1579406961.273,0.55,1.0145,0.55,1.0306,31
1579406961.984,0.58,0.9761,0.55,1.0415,31
1579406962.691,0.58,0.9735,0.54,1.0461,31
1579406963.402,0.56,0.9949,0.54,1.0454,31
1579406964.117,0.57,0.9756,0.55,1.0387,31
1579406964.828,0.57,0.9889,0.57,1.0368,31
1579406965.54,0.57,0.9944,0.56,1.0535,31
1579406966.255,0.58,0.9914,0.56,1.0354,31
1579406966.878,0.57,0.9887,0.53,1.0671,31
1579406967.603,0.56,1.0006,0.54,1.037,32
1579406968.345,0.57,0.9912,0.56,1.0238,32
1579406969.054,0.56,1.002,0.54,1.0254,32
1579406969.771,0.56,1.012,0.57,1.0234,32
1579406970.482,0.58,0.9741,0.55,1.035,32
1579406971.211,0.57,0.9743,0.53,1.0442,32
1579406971.915,0.56,0.9918,0.55,1.0285,32
1579406972.646,0.57,0.9725,0.56,1.0328,32
1579406973.355,0.56,0.9917,0.58,1.0282,32
1579406974.053,0.57,0.9886,0.55,1.0265,32
1579406974.765,0.58,0.9749,0.54,1.0453,32
1579406975.382,0.58,0.9811,0.56,1.0585,32
1579406976.091,0.56,1.0072,0.53,1.0461,33
1579406976.806,0.56,0.993,0.56,1.0177,33
1579406977.511,0.56,1.0027,0.55,1.0249,33
1579406978.21,0.56,1.0178,0.54,1.0111,33
1579406978.922,0.58,0.9683,0.59,1.0245,33
1579406979.736,0.58,0.9779,0.54,1.0292,33
1579406980.435,0.57,0.9842,0.55,1.036,33
1579406981.161,0.57,0.979,0.53,1.0304,33
1579406981.895,0.57,0.9801,0.57,1.0269,33
1579406982.597,0.58,0.9792,0.55,1.0304,33
1579406983.304,0.58,0.9808,0.53,1.0183,33
1579406983.945,0.58,0.9674,0.57,1.0076,33
1579406984.661,0.58,0.9733,0.59,1.0032,34
1579406985.367,0.57,0.9734,0.55,1.0,34
1579406986.09,0.57,0.9911,0.57,0.9962,34
1579406986.803,0.57,0.9972,0.56,1.0072,34
1579406987.511,0.59,0.9614,0.58,1.0022,34
1579406988.234,0.58,0.9543,0.57,1.0055,34
1579406988.947,0.58,0.9778,0.56,1.0279,34
1579406989.654,0.57,0.973,0.6,1.015,34
1579406990.366,0.58,0.9913,0.58,1.0215,34
1579406991.076,0.58,0.9864,0.58,1.0004,34
1579406991.776,0.59,0.9652,0.57,0.9975,34
1579406992.397,0.58,0.9608,0.55,1.0115,34
1579406993.125,0.56,0.9802,0.58,1.0109,35
1579406993.825,0.57,0.9977,0.57,0.9966,35
1579406994.53,0.57,0.9966,0.57,0.9846,35
1579406995.239,0.56,0.995,0.58,1.0033,35
1579406995.938,0.58,0.9748,0.56,0.9936,35
1579406996.656,0.59,0.9515,0.54,1.0173,35
1579406997.383,0.57,0.9823,0.59,0.9941,35
1579406998.099,0.58,0.9633,0.54,1.0017,35
1579406998.812,0.59,0.9755,0.59,1.0145,35
1579406999.521,0.58,0.9728,0.58,1.0079,35
1579407000.233,0.58,0.9608,0.57,1.005,35
1579407000.851,0.58,0.9597,0.53,1.0101,35
1579407001.566,0.57,0.9653,0.58,0.9818,36
1579407002.268,0.58,0.9588,0.59,0.97,36
1579407002.974,0.57,0.9843,0.56,0.975,36
1579407003.677,0.57,0.9879,0.55,0.9716,36
1579407004.383,0.6,0.9428,0.56,0.9829,36
1579407005.086,0.59,0.9438,0.56,0.9954,36
1579407005.789,0.58,0.9603,0.59,0.9884,36
1579407006.495,0.59,0.9551,0.59,0.9764,36
1579407007.201,0.59,0.9672,0.57,0.9832,36
1579407007.902,0.59,0.9648,0.51,0.9984,36
1579407008.61,0.58,0.9641,0.6,0.979,36
1579407009.226,0.59,0.956,0.59,0.9785,36
1579407009.929,0.58,0.9548,0.56,0.9686,37
1579407010.64,0.58,0.9576,0.6,0.9608,37
1579407011.341,0.58,0.982,0.58,0.9567,37
1579407012.049,0.57,0.977,0.56,0.9644,37
1579407012.761,0.6,0.9373,0.59,0.9719,37
1579407013.46,0.59,0.9438,0.54,0.9789,37
1579407014.176,0.58,0.9513,0.59,0.9794,37
1579407014.89,0.59,0.9517,0.62,0.9756,37
1579407015.594,0.58,0.9705,0.6,0.97,37
1579407016.401,0.59,0.9559,0.56,0.972,37
1579407017.104,0.59,0.9459,0.59,0.9639,37
1579407017.73,0.59,0.9484,0.56,0.9681,37
1579407018.443,0.58,0.9484,0.56,0.9449,38
1579407019.15,0.59,0.9437,0.57,0.9377,38
1579407019.875,0.58,0.9645,0.58,0.9422,38
1579407020.584,0.58,0.969,0.56,0.9493,38
1579407021.295,0.61,0.9274,0.58,0.9563,38
1579407022.011,0.6,0.9268,0.56,0.9572,38
1579407022.713,0.59,0.9407,0.57,0.9636,38
1579407023.412,0.59,0.9387,0.59,0.9583,38
1579407024.13,0.59,0.9524,0.6,0.9921,38
1579407024.831,0.58,0.972,0.55,1.0568,38
1579407025.533,0.56,1.0102,0.56,1.0019,38
1579407026.15,0.57,0.9951,0.58,0.946,38
1579407026.861,0.59,0.9419,0.55,1.0013,39
1579407027.571,0.57,0.9888,0.57,0.9448,39
1579407028.308,0.58,0.9672,0.64,0.9755,39
1579407029.015,0.57,1.0087,0.57,0.9616,39
1579407029.718,0.59,0.9392,0.56,1.0012,39
1579407030.421,0.58,0.9651,0.59,0.9608,39
1579407031.139,0.6,0.9411,0.59,0.9836,39
1579407031.84,0.58,0.9648,0.6,0.9577,39
1579407032.558,0.59,0.9451,0.59,0.9842,39
1579407033.276,0.58,0.9686,0.54,0.9853,39
1579407033.978,0.59,0.955,0.6,0.9922,39
1579407034.593,0.58,0.9775,0.56,0.9647,39
1579407035.305,0.58,0.9468,0.55,0.9637,40
1579407036.006,0.59,0.9503,0.56,0.9478,40
1579407036.707,0.59,0.9603,0.61,0.9495,40
1579407037.414,0.57,0.9808,0.62,0.9431,40
1579407038.121,0.61,0.923,0.59,0.9667,40
1579407038.82,0.6,0.9318,0.62,0.9458,40
1579407039.523,0.59,0.9319,0.61,0.9439,40
1579407040.232,0.59,0.939,0.6,0.9301,40
1579407040.95,0.6,0.9343,0.57,0.9507,40
1579407041.649,0.59,0.9465,0.6,0.9379,40
1579407042.365,0.6,0.933,0.62,0.9332,40
1579407042.992,0.6,0.9284,0.58,0.9533,40
1579407043.714,0.59,0.9405,0.56,0.9714,41
1579407044.439,0.59,0.9611,0.64,0.9833,41
1579407045.154,0.56,0.9921,0.62,0.9373,41
1579407045.854,0.58,0.9616,0.56,0.9661,41
1579407046.573,0.59,0.9528,0.62,0.946,41
1579407047.28,0.6,0.921,0.64,0.947,41
1579407047.982,0.59,0.9504,0.58,0.9663,41
1579407048.7,0.59,0.9452,0.6,0.9402,41
1579407049.401,0.6,0.9422,0.62,0.9743,41
1579407050.103,0.59,0.9574,0.59,0.9597,41
1579407050.814,0.6,0.9354,0.56,0.9722,41
1579407051.427,0.59,0.9564,0.59,0.9395,41
1579407052.134,0.6,0.9296,0.59,0.9531,42
1579407052.85,0.58,0.9619,0.6,0.9146,42
1579407053.555,0.59,0.9452,0.58,0.9392,42
1579407054.36,0.58,0.9673,0.59,0.9566,42
1579407055.064,0.61,0.9172,0.62,0.9625,42
1579407055.775,0.6,0.9188,0.63,0.9322,42
1579407056.475,0.6,0.9194,0.61,0.9361,42
1579407057.195,0.6,0.9335,0.63,0.9,42
1579407057.916,0.6,0.9304,0.65,0.9245,42
1579407058.63,0.6,0.9336,0.63,0.9232,42
1579407059.342,0.61,0.9164,0.58,0.9411,42
1579407059.964,0.59,0.934,0.63,0.9102,42
1579407060.671,0.6,0.9167,0.64,0.9077,43
1579407061.399,0.6,0.9333,0.62,0.8862,43
1579407062.113,0.6,0.9396,0.6,0.9022,43
1579407062.84,0.59,0.9524,0.62,0.9304,43
1579407063.55,0.62,0.9011,0.63,0.945,43
1579407064.26,0.61,0.907,0.61,0.9232,43
1579407064.979,0.61,0.9072,0.61,0.9062,43
1579407065.698,0.61,0.9108,0.64,0.8934,43
1579407066.417,0.61,0.9155,0.64,0.9067,43
1579407067.139,0.61,0.914,0.66,0.9166,43
1579407067.857,0.61,0.9003,0.59,0.9287,43
1579407068.48,0.61,0.9144,0.62,0.9231,43
1579407069.211,0.6,0.9153,0.58,0.9399,44
1579407069.932,0.59,0.9551,0.58,0.9199,44
1579407070.65,0.57,0.9803,0.61,0.929,44
1579407071.36,0.58,0.9906,0.62,0.923,44
1579407072.085,0.61,0.9111,0.57,0.9633,44
1579407072.811,0.61,0.9231,0.61,0.9476,44
1579407073.52,0.61,0.9274,0.59,0.9259,44
1579407074.253,0.6,0.9212,0.59,0.9259,44
1579407074.969,0.61,0.9243,0.62,0.9187,44
1579407075.674,0.61,0.9177,0.6,0.9374,44
1579407076.386,0.61,0.9214,0.58,0.9296,44
1579407077.006,0.61,0.9062,0.57,0.9644,44
1579407077.714,0.6,0.9284,0.62,0.9378,45
1579407078.426,0.61,0.9129,0.61,0.9362,45
1579407079.143,0.6,0.945,0.61,0.9017,45
1579407079.851,0.59,0.9446,0.65,0.9134,45
1579407080.562,0.61,0.905,0.59,0.9157,45
1579407081.284,0.61,0.9058,0.64,0.9027,45
1579407081.99,0.62,0.8992,0.61,0.9208,45
1579407082.692,0.6,0.9151,0.64,0.8906,45
1579407083.41,0.61,0.9065,0.66,0.9147,45
1579407084.125,0.62,0.9095,0.65,0.8913,45
1579407084.83,0.62,0.8915,0.62,0.91,45
1579407085.457,0.61,0.9135,0.62,0.923,45
1579407086.163,0.61,0.9178,0.63,0.9031,46
1579407086.87,0.62,0.8981,0.61,0.9186,46
1579407087.585,0.6,0.9357,0.66,0.9147,46
1579407088.317,0.6,0.9371,0.65,0.9174,46
1579407089.018,0.62,0.8891,0.61,0.9261,46
1579407089.746,0.61,0.8916,0.62,0.9073,46
1579407090.467,0.62,0.8919,0.62,0.8937,46
1579407091.293,0.61,0.8996,0.63,0.8806,46
1579407092.023,0.62,0.9084,0.63,0.8735,46
1579407092.763,0.62,0.8881,0.63,0.9067,46
1579407093.481,0.62,0.9065,0.63,0.8793,46
1579407094.103,0.61,0.8899,0.62,0.8675,46
1579407094.838,0.61,0.9001,0.64,0.9016,47
1579407095.552,0.6,0.9183,0.61,0.8958,47
1579407096.272,0.61,0.9182,0.58,0.9063,47
1579407096.985,0.59,0.959,0.64,0.915,47
1579407097.702,0.63,0.8787,0.62,0.9648,47
1579407098.417,0.61,0.9131,0.61,0.928,47
1579407099.127,0.62,0.8895,0.58,0.9349,47
1579407099.845,0.61,0.9181,0.64,0.877,47
1579407100.554,0.63,0.8904,0.61,0.9325,47
1579407101.263,0.61,0.9194,0.62,0.8968,47
1579407101.992,0.62,0.8859,0.63,0.9201,47
1579407102.608,0.61,0.9061,0.61,0.9063,47
1579407103.313,0.61,0.9104,0.66,0.911,48
1579407104.031,0.61,0.9134,0.62,0.8754,48
1579407104.743,0.6,0.9114,0.59,0.8825,48
1579407105.444,0.6,0.927,0.64,0.9078,48
1579407106.158,0.63,0.8872,0.63,0.9124,48
1579407106.884,0.63,0.8723,0.61,0.9152,48
1579407107.596,0.62,0.8911,0.61,0.9237,48
1579407108.308,0.61,0.9061,0.59,0.9038,48
1579407109.024,0.63,0.8899,0.63,0.93,48
1579407109.73,0.61,0.9017,0.67,0.8916,48
1579407110.436,0.63,0.8818,0.61,0.8599,48
1579407111.066,0.63,0.8735,0.64,0.8597,48
1579407111.778,0.61,0.8986,0.61,0.8875,49
1579407112.483,0.61,0.9099,0.61,0.9471,49
1579407113.199,0.59,0.9591,0.59,0.9226,49
1579407113.917,0.59,0.951,0.61,0.9188,49
1579407114.622,0.62,0.9161,0.64,0.9121,49
1579407115.336,0.61,0.8922,0.61,0.9259,49
1579407116.049,0.6,0.9267,0.63,0.9002,49
1579407116.755,0.62,0.8834,0.59,0.9795,49
1579407117.482,0.59,0.9689,0.61,0.9302,49
1579407118.22,0.62,0.8923,0.54,0.985,49
1579407118.933,0.59,0.9565,0.64,0.9257,49
1579407119.553,0.63,0.8947,0.61,0.9435,49
1579407120.288,0.61,0.9249,0.61,0.9353,50
1579407120.997,0.59,0.9381,0.65,0.9041,50
1579407121.704,0.6,0.9222,0.62,0.9306,50
1579407122.423,0.58,0.9888,0.65,0.9198,50
1579407123.14,0.62,0.8949,0.64,0.9474,50
1579407123.848,0.61,0.9079,0.57,0.9268,50
1579407124.567,0.61,0.9183,0.59,0.9085,50
1579407125.277,0.6,0.9011,0.57,0.9204,50
1579407125.995,0.62,0.9074,0.63,0.9034,50
1579407126.703,0.62,0.887,0.59,0.9039,50
1579407127.415,0.62,0.8893,0.64,0.8853,50
1579407128.034,0.62,0.8792,0.63,0.8589,50
1579407128.764,0.63,0.8707,0.65,0.8509,51
1579407129.59,0.62,0.8761,0.62,0.9052,51
1579407130.297,0.62,0.9127,0.61,0.8872,51
1579407131.024,0.61,0.9123,0.58,0.9189,51
1579407131.75,0.61,0.8916,0.6,0.9518,51
1579407132.478,0.62,0.8915,0.62,0.9343,51
1579407133.198,0.62,0.8833,0.57,0.9527,51
1579407133.904,0.61,0.9037,0.59,0.9267,51
1579407134.623,0.63,0.8748,0.58,0.9163,51
1579407135.34,0.64,0.8769,0.61,0.9223,51
1579407136.043,0.63,0.8813,0.63,0.8906,51
1579407136.69,0.63,0.8638,0.63,0.8691,51
1579407137.41,0.63,0.8677,0.62,0.8547,52
1579407138.114,0.62,0.8868,0.66,0.8365,52
1579407138.824,0.62,0.8764,0.67,0.8643,52
1579407139.531,0.62,0.9091,0.62,0.8759,52
1579407140.241,0.63,0.8629,0.62,0.8877,52
1579407140.951,0.63,0.8673,0.63,0.9134,52
1579407141.668,0.63,0.8833,0.65,0.9087,52
1579407142.399,0.62,0.8743,0.63,0.9087,52
1579407143.116,0.63,0.8705,0.6,0.9197,52
1579407143.848,0.64,0.8638,0.6,0.9037,52
1579407144.57,0.65,0.8407,0.61,0.9132,52
1579407145.196,0.64,0.8473,0.63,0.8547,52
1579407145.955,0.64,0.8496,0.64,0.8391,53
1579407146.667,0.64,0.8618,0.66,0.8448,53
1579407147.414,0.62,0.8789,0.62,0.8904,53
1579407148.158,0.61,0.9083,0.64,0.8576,53
1579407148.873,0.64,0.8386,0.6,0.8637,53
1579407149.609,0.64,0.8419,0.62,0.8983,53
1579407150.319,0.64,0.8639,0.63,0.8838,53
1579407151.037,0.63,0.8488,0.59,0.9153,53
1579407151.741,0.63,0.8633,0.61,0.9512,53
1579407152.447,0.64,0.8619,0.63,0.9125,53
1579407153.161,0.66,0.8282,0.62,0.9461,53
1579407153.78,0.63,0.8514,0.66,0.8911,53
1579407154.525,0.64,0.857,0.66,0.8392,54
1579407155.239,0.65,0.8317,0.64,0.8582,54
1579407155.957,0.62,0.8831,0.66,0.887,54
1579407156.661,0.62,0.895,0.64,0.8562,54
1579407157.375,0.66,0.823,0.64,0.8928,54
1579407158.078,0.63,0.8686,0.63,0.8933,54
1579407158.784,0.64,0.8463,0.6,0.9253,54
1579407159.527,0.62,0.8595,0.63,0.905,54
1579407160.233,0.64,0.8613,0.66,0.8993,54
1579407160.953,0.64,0.8399,0.58,0.9585,54
1579407161.664,0.63,0.8763,0.58,0.8992,54
1579407162.288,0.66,0.8191,0.6,1.0005,54
1579407163.04,0.61,0.9221,0.64,0.88,55
1579407163.758,0.64,0.8477,0.63,0.915,55
1579407164.48,0.61,0.919,0.6,0.844,55
1579407165.211,0.61,0.9094,0.62,0.8769,55
1579407165.919,0.65,0.8616,0.62,0.8941,55
1579407166.635,0.65,0.8415,0.62,0.922,55
1579407167.451,0.64,0.8611,0.61,0.8993,55
1579407168.172,0.63,0.844,0.65,0.8961,55
1579407168.888,0.64,0.8574,0.65,0.8788,55
1579407169.597,0.64,0.8453,0.66,0.8916,55
1579407170.317,0.64,0.8527,0.62,0.8802,55
1579407170.934,0.65,0.8395,0.61,0.9048,55
1579407171.647,0.64,0.8473,0.65,0.8747,56
1579407172.371,0.63,0.8518,0.62,0.8931,56
1579407173.089,0.62,0.8806,0.64,0.8728,56
1579407173.834,0.62,0.8877,0.61,0.8748,56
1579407174.554,0.65,0.837,0.59,0.8846,56
1579407175.272,0.64,0.8439,0.66,0.8644,56
1579407175.983,0.64,0.8503,0.66,0.8797,56
1579407176.702,0.63,0.8543,0.7,0.8615,56
1579407177.441,0.64,0.8425,0.63,0.871,56
1579407178.166,0.64,0.8496,0.65,0.8812,56
1579407178.907,0.67,0.8238,0.64,0.913,56
1579407179.53,0.66,0.839,0.62,0.881,56
1579407180.253,0.65,0.8283,0.61,0.8814,57
1579407180.98,0.63,0.8663,0.65,0.84,57
1579407181.684,0.64,0.8523,0.61,0.8862,57
1579407182.394,0.61,0.9116,0.65,0.8211,57
1579407183.144,0.66,0.8101,0.6,0.9111,57
1579407183.888,0.65,0.8475,0.6,0.8932,57
1579407184.635,0.64,0.8384,0.59,0.9395,57
1579407185.379,0.62,0.8638,0.61,0.9013,57
1579407186.147,0.65,0.8378,0.63,0.8834,57
1579407186.893,0.65,0.836,0.62,0.8702,57
1579407187.642,0.66,0.8207,0.64,0.8696,57
1579407188.291,0.67,0.8053,0.65,0.8605,57
1579407189.038,0.65,0.819,0.64,0.8529,58
1579407189.769,0.64,0.8299,0.63,0.8222,58
1579407190.501,0.63,0.8616,0.67,0.8658,58
1579407191.26,0.63,0.8749,0.66,0.8775,58
1579407192.02,0.63,0.8542,0.67,0.8256,58
1579407192.748,0.65,0.824,0.59,0.8815,58
1579407193.481,0.63,0.8742,0.65,0.8378,58
1579407194.244,0.63,0.842,0.65,0.8906,58
1579407194.993,0.64,0.8648,0.7,0.8622,58
1579407195.735,0.66,0.8207,0.63,0.8912,58
1579407196.496,0.64,0.8334,0.6,0.8928,58
1579407197.13,0.66,0.8161,0.63,0.8813,58
1579407197.88,0.65,0.8175,0.63,0.8769,59
1579407198.627,0.65,0.8177,0.6,0.8437,59
1579407199.363,0.64,0.8379,0.65,0.825,59
1579407200.095,0.63,0.8446,0.64,0.8405,59
1579407200.843,0.66,0.8091,0.65,0.838,59
1579407201.57,0.66,0.8146,0.65,0.8243,59
1579407202.289,0.65,0.8271,0.61,0.8452,59
1579407203.015,0.64,0.8431,0.59,0.8995,59
1579407203.866,0.65,0.8298,0.62,0.9352,59
1579407204.594,0.65,0.8325,0.65,0.8534,59
1579407205.317,0.68,0.7888,0.64,0.8917,59
1579407205.943,0.67,0.7933,0.64,0.8995,59
1579407206.687,0.66,0.7962,0.6,0.8841,60
1579407207.433,0.66,0.7981,0.58,0.8881,60
1579407208.179,0.66,0.8215,0.61,0.8926,60
1579407208.908,0.65,0.8479,0.64,0.8722,60
1579407209.632,0.67,0.7989,0.63,0.8555,60
1579407210.349,0.66,0.7974,0.61,0.8375,60
1579407211.061,0.66,0.8094,0.62,0.8488,60
1579407211.798,0.65,0.8216,0.65,0.8482,60
1579407212.52,0.65,0.8127,0.64,0.9062,60
1579407213.229,0.67,0.8022,0.66,0.906,60
1579407213.967,0.67,0.7921,0.63,0.9286,60
1579407214.6,0.68,0.7693,0.64,0.9155,60
1579407215.315,0.67,0.7704,0.59,0.9335,61
1579407216.025,0.67,0.7916,0.59,0.9372,61
1579407216.743,0.66,0.8007,0.62,0.8744,61
1579407217.472,0.66,0.815,0.62,0.8902,61
1579407218.18,0.67,0.7895,0.6,0.8751,61
1579407218.906,0.67,0.788,0.59,0.8657,61
1579407219.625,0.67,0.7969,0.62,0.8666,61
1579407220.329,0.65,0.8172,0.6,0.8892,61
1579407221.073,0.65,0.8309,0.62,0.8924,61
1579407221.806,0.68,0.7876,0.67,0.8962,61
1579407222.52,0.67,0.7794,0.68,0.9401,61
1579407223.168,0.66,0.8012,0.61,1.0271,61
1579407223.9,0.64,0.861,0.6,0.9361,62
1579407224.612,0.65,0.8205,0.6,0.9148,62
1579407225.351,0.64,0.8475,0.59,0.9057,62
1579407226.069,0.63,0.8692,0.66,0.8989,62
1579407226.785,0.66,0.8041,0.6,0.9131,62
1579407227.501,0.67,0.8086,0.61,0.9216,62
1579407228.22,0.66,0.8213,0.61,0.9184,62
1579407228.953,0.65,0.8085,0.59,0.905,62
1579407229.673,0.66,0.8132,0.63,0.929,62
1579407230.384,0.66,0.8111,0.63,0.8822,62
1579407231.112,0.68,0.7755,0.63,0.9012,62
1579407231.741,0.67,0.7721,0.63,0.8932,62
1579407232.46,0.67,0.7737,0.64,0.8885,63
1579407233.202,0.67,0.783,0.64,0.8855,63
1579407233.911,0.66,0.8021,0.66,0.8477,63
1579407234.615,0.67,0.8068,0.63,0.8682,63
1579407235.336,0.69,0.7568,0.6,0.9033,63
1579407236.055,0.68,0.767,0.6,0.9173,63
1579407236.768,0.67,0.7852,0.59,0.9247,63
1579407237.482,0.67,0.7823,0.58,0.8983,63
1579407238.22,0.67,0.7859,0.64,0.9314,63
1579407238.958,0.67,0.7825,0.65,0.8906,63
1579407239.673,0.69,0.7466,0.71,0.9102,63
1579407240.311,0.71,0.7243,0.66,0.8747,63
1579407241.135,0.69,0.745,0.64,0.8537,64
1579407241.835,0.68,0.7622,0.62,0.8755,64
1579407242.555,0.68,0.7746,0.61,0.8563,64
1579407243.267,0.68,0.7787,0.64,0.8335,64
1579407243.971,0.69,0.7402,0.66,0.8397,64
1579407244.687,0.68,0.7494,0.65,0.8381,64
1579407245.403,0.68,0.7577,0.61,0.8607,64
1579407246.108,0.68,0.7507,0.59,0.8947,64
1579407246.812,0.69,0.7521,0.61,0.938,64
1579407247.56,0.7,0.7418,0.59,0.9447,64
1579407248.261,0.71,0.7296,0.59,1.001,64
1579407248.877,0.72,0.6938,0.61,0.9687,64
1579407249.603,0.69,0.7294,0.61,0.9408,65
1579407250.303,0.68,0.7796,0.61,0.8891,65
1579407251.048,0.67,0.7865,0.66,0.8638,65
1579407251.782,0.67,0.7721,0.62,0.8371,65
1579407252.486,0.7,0.7303,0.61,0.87,65
1579407253.195,0.69,0.7479,0.63,0.8947,65
1579407253.936,0.68,0.7618,0.62,0.853,65
1579407254.648,0.69,0.7519,0.63,0.8627,65
1579407255.364,0.69,0.7493,0.64,0.8882,65
1579407256.087,0.69,0.7266,0.65,0.9007,65
1579407256.82,0.71,0.7215,0.63,0.9539,65
1579407257.442,0.72,0.6757,0.62,1.019,65
1579407258.159,0.7,0.7281,0.62,0.961,66
1579407258.876,0.69,0.7517,0.59,0.9666,66
1579407259.582,0.69,0.7616,0.61,0.9319,66
1579407260.294,0.69,0.7723,0.64,1.0215,66
1579407261.009,0.66,0.7994,0.59,0.9825,66
1579407261.722,0.64,0.8692,0.64,0.875,66
1579407262.443,0.69,0.7625,0.58,1.0465,66
1579407263.147,0.63,0.8871,0.57,0.9099,66
1579407263.861,0.67,0.7899,0.57,0.982,66
1579407264.578,0.65,0.8467,0.63,0.9055,66
1579407265.292,0.68,0.783,0.62,0.9219,66
1579407265.916,0.7,0.7559,0.66,0.8894,66
1579407266.645,0.69,0.7497,0.67,0.8822,67
1579407267.381,0.68,0.7636,0.66,0.9259,67
1579407268.117,0.67,0.7978,0.61,0.9573,67
1579407268.833,0.67,0.7963,0.55,0.9854,67
1579407269.554,0.69,0.757,0.62,0.9642,67
1579407270.272,0.68,0.7635,0.62,0.9507,67
1579407270.991,0.68,0.7693,0.64,0.9437,67
1579407271.722,0.68,0.7617,0.61,0.9624,67
1579407272.44,0.67,0.8002,0.62,0.9187,67
1579407273.192,0.68,0.7618,0.59,0.9211,67
1579407273.928,0.69,0.7667,0.6,0.9626,67
1579407274.553,0.71,0.7116,0.66,1.0114,67
1579407275.284,0.69,0.7675,0.6,0.9316,68
1579407276.01,0.68,0.754,0.61,0.9626,68
1579407276.73,0.68,0.7935,0.65,0.9209,68
1579407277.452,0.68,0.7692,0.62,0.9315,68
1579407278.168,0.69,0.7529,0.59,0.9233,68
1579407278.902,0.68,0.7604,0.69,0.8563,68
1579407279.736,0.68,0.7675,0.64,0.8731,68
1579407280.457,0.68,0.7448,0.62,0.9164,68
1579407281.2,0.66,0.8136,0.64,0.8936,68
1579407281.945,0.68,0.7604,0.64,0.9375,68
1579407282.684,0.67,0.8108,0.6,0.8807,68
1579407283.31,0.71,0.7153,0.62,0.9887,68
1579407284.029,0.67,0.7839,0.62,0.8948,69
1579407284.749,0.68,0.7686,0.63,0.8722,69
1579407285.478,0.68,0.7959,0.62,0.8987,69
1579407286.188,0.64,0.8439,0.64,0.8278,69
1579407286.905,0.7,0.7315,0.61,0.9728,69
1579407287.627,0.67,0.8052,0.61,0.9248,69
1579407288.341,0.69,0.7649,0.59,0.9078,69
1579407289.053,0.67,0.7677,0.65,0.8868,69
1579407289.778,0.68,0.7738,0.68,0.8859,69
1579407290.495,0.69,0.7445,0.65,0.9199,69
1579407291.203,0.69,0.7344,0.57,0.9527,69
1579407291.827,0.72,0.6857,0.6,0.9653,69
1579407292.533,0.7,0.7118,0.6,0.9587,70
1579407293.25,0.69,0.7345,0.64,0.9651,70
1579407293.964,0.68,0.7679,0.59,0.9303,70
1579407294.672,0.69,0.7491,0.63,0.8724,70
1579407295.391,0.71,0.7145,0.59,0.89,70
1579407296.118,0.71,0.7199,0.62,0.9154,70
1579407296.834,0.7,0.7484,0.59,0.8874,70
1579407297.546,0.69,0.7398,0.61,0.8472,70
1579407298.286,0.7,0.7328,0.68,0.8664,70
1579407298.993,0.7,0.7218,0.64,0.8621,70
1579407299.705,0.72,0.7053,0.64,0.8721,70
1579407300.347,0.73,0.6559,0.64,0.9456,70
1579407301.068,0.71,0.6991,0.62,0.9708,71
1579407301.787,0.7,0.7255,0.58,0.9888,71
1579407302.509,0.7,0.7453,0.57,0.9937,71
1579407303.238,0.69,0.7456,0.65,0.9531,71
1579407303.954,0.73,0.6773,0.58,0.9849,71
1579407304.667,0.71,0.7247,0.62,0.9738,71
1579407305.378,0.7,0.7335,0.57,0.9133,71
1579407306.112,0.69,0.7289,0.62,0.8713,71
1579407306.835,0.71,0.7175,0.65,0.8969,71
1579407307.558,0.7,0.73,0.61,0.9311,71
1579407308.277,0.7,0.7328,0.68,0.8762,71
1579407308.901,0.73,0.6587,0.64,0.9499,71
1579407309.624,0.72,0.7022,0.63,0.9557,72
1579407310.335,0.69,0.7399,0.6,1.0058,72
1579407311.075,0.68,0.7843,0.56,1.0268,72
1579407311.801,0.67,0.7828,0.58,1.0199,72
1579407312.516,0.71,0.7162,0.63,1.034,72
1579407313.235,0.7,0.73,0.61,1.025,72
1579407313.948,0.69,0.7442,0.58,0.9606,72
1579407314.654,0.7,0.7238,0.55,0.9551,72
1579407315.372,0.69,0.7486,0.55,0.9313,72
1579407316.081,0.7,0.7238,0.64,0.915,72
1579407316.791,0.7,0.7287,0.64,0.9277,72
1579407317.424,0.7,0.7342,0.62,0.9165,72
1579407318.257,0.71,0.7152,0.65,0.9638,73
1579407318.962,0.69,0.7723,0.7,0.848,73
1579407319.668,0.69,0.751,0.69,0.8874,73
1579407320.394,0.65,0.8259,0.7,0.8866,73
1579407321.099,0.68,0.7515,0.67,0.9634,73
1579407321.801,0.7,0.7455,0.59,1.0107,73
1579407322.544,0.7,0.7457,0.58,1.0222,73
1579407323.25,0.68,0.767,0.55,1.0264,73
1579407323.961,0.68,0.782,0.55,0.9944,73
1579407324.682,0.68,0.7635,0.6,0.929,73
1579407325.389,0.71,0.7288,0.62,0.9624,73
1579407326.016,0.71,0.7163,0.6,0.9751,73
1579407326.733,0.69,0.734,0.6,0.9189,74
1579407327.46,0.7,0.739,0.62,0.8521,74
1579407328.194,0.68,0.7808,0.67,0.8295,74
1579407328.916,0.67,0.7838,0.68,0.8376,74
1579407329.626,0.68,0.7582,0.66,0.8287,74
1579407330.33,0.7,0.7293,0.62,0.8948,74
1579407331.04,0.69,0.7569,0.6,0.9318,74
1579407331.767,0.67,0.7774,0.59,0.9309,74
1579407332.485,0.69,0.7506,0.52,0.9774,74
1579407333.226,0.67,0.7791,0.61,0.8956,74
1579407333.948,0.71,0.7247,0.6,0.885,74
1579407334.577,0.72,0.6828,0.62,0.9822,74
1579407335.325,0.71,0.6933,0.64,0.9865,75
1579407336.034,0.72,0.7023,0.64,0.9262,75
1579407336.758,0.7,0.7394,0.69,0.8693,75
1579407337.467,0.68,0.7628,0.7,0.8277,75
1579407338.17,0.69,0.7315,0.68,0.8066,75
1579407338.887,0.71,0.7122,0.69,0.8316,75
1579407339.601,0.7,0.7042,0.68,0.8469,75
1579407340.307,0.7,0.7118,0.63,0.8794,75
1579407341.04,0.71,0.7141,0.55,0.9181,75
1579407341.788,0.7,0.7281,0.61,0.8755,75
1579407342.491,0.71,0.7133,0.61,0.8713,75
1579407343.118,0.73,0.6574,0.6,0.9378,75
1579407343.839,0.73,0.6579,0.6,0.9227,76
1579407344.542,0.72,0.6739,0.63,0.8998,76
1579407345.252,0.72,0.698,0.65,0.9202,76
1579407345.963,0.7,0.7262,0.64,0.9494,76
1579407346.674,0.7,0.7155,0.64,0.9473,76
1579407347.381,0.7,0.715,0.66,0.9152,76
1579407348.098,0.72,0.692,0.63,0.8912,76
1579407348.806,0.71,0.6918,0.63,0.8726,76
1579407349.52,0.71,0.7034,0.59,0.8887,76
1579407350.247,0.72,0.6988,0.58,0.9148,76
1579407350.956,0.71,0.7089,0.58,0.9067,76
1579407351.577,0.74,0.6566,0.61,0.9151,76
1579407352.295,0.73,0.6636,0.61,0.9505,77
1579407353.011,0.73,0.6789,0.62,0.9332,77
1579407353.72,0.71,0.7019,0.63,0.8929,77
1579407354.43,0.71,0.7159,0.69,0.8654,77
1579407355.256,0.72,0.6835,0.66,0.9338,77
1579407355.964,0.7,0.7169,0.67,1.0053,77
1579407356.666,0.7,0.7186,0.65,0.967,77
1579407357.408,0.71,0.7026,0.66,0.9104,77
1579407358.141,0.71,0.7059,0.64,0.8786,77
1579407358.863,0.72,0.6839,0.65,0.8523,77
1579407359.577,0.72,0.6859,0.65,0.8891,77
1579407360.218,0.74,0.6394,0.62,0.9211,77
1579407360.941,0.73,0.6704,0.59,0.9427,78
1579407361.656,0.72,0.686,0.56,0.9709,78
1579407362.368,0.7,0.7227,0.58,0.9388,78
1579407363.077,0.69,0.7354,0.62,0.878,78
1579407363.798,0.73,0.6752,0.62,0.8897,78
1579407364.511,0.73,0.6751,0.6,0.9406,78
1579407365.218,0.71,0.6912,0.58,1.0118,78
1579407365.929,0.7,0.7295,0.59,1.0366,78
1579407366.638,0.71,0.7107,0.56,1.0328,78
1579407367.358,0.71,0.7145,0.65,0.915,78
1579407368.07,0.72,0.691,0.66,0.9459,78
1579407368.694,0.74,0.6447,0.64,0.9491,78
1579407369.405,0.72,0.6604,0.65,0.8378,79
1579407370.113,0.74,0.6476,0.64,0.8587,79
1579407370.818,0.71,0.6912,0.68,0.9017,79
1579407371.526,0.71,0.7088,0.66,0.8934,79
1579407372.26,0.71,0.6917,0.64,0.8761,79
1579407372.971,0.72,0.6765,0.61,0.9204,79
1579407373.698,0.71,0.6979,0.63,0.9736,79
1579407374.42,0.71,0.7012,0.61,0.9968,79
1579407375.129,0.72,0.694,0.61,1.0174,79
1579407375.867,0.72,0.6944,0.65,0.9761,79
1579407376.586,0.72,0.6824,0.64,0.9859,79
1579407377.219,0.74,0.6476,0.63,1.1132,79
1579407377.941,0.73,0.6627,0.6,1.0483,80
1579407378.653,0.73,0.6619,0.6,0.896,80
1579407379.364,0.72,0.6847,0.64,0.8817,80
1579407380.077,0.7,0.7123,0.64,0.9045,80
1579407380.792,0.73,0.6683,0.6,0.962,80
1579407381.503,0.73,0.6673,0.62,0.9642,80
1579407382.211,0.71,0.7011,0.62,0.9629,80
1579407382.93,0.7,0.7012,0.58,0.9475,80
1579407383.669,0.72,0.6966,0.59,0.9861,80
1579407384.384,0.72,0.6962,0.6,0.9399,80
1579407385.103,0.72,0.6895,0.68,0.8792,80
1579407385.726,0.75,0.6156,0.59,1.0116,80
1579407386.439,0.73,0.6543,0.57,1.0626,81
1579407387.169,0.72,0.6912,0.61,0.977,81
1579407387.897,0.71,0.7043,0.56,0.9382,81
1579407388.62,0.7,0.7304,0.63,0.8632,81
1579407389.339,0.71,0.6918,0.65,0.8734,81
1579407390.059,0.72,0.6979,0.6,0.9494,81
1579407390.776,0.72,0.6929,0.59,1.0075,81
1579407391.49,0.71,0.7097,0.63,0.9977,81
1579407392.322,0.71,0.7059,0.63,0.9855,81
1579407393.031,0.72,0.6884,0.59,0.9759,81
1579407393.761,0.72,0.6821,0.65,0.8964,81
1579407394.386,0.74,0.6368,0.63,0.9048,81
1579407395.127,0.74,0.6432,0.59,0.9911,82
1579407395.833,0.72,0.6726,0.58,0.974,82
1579407396.543,0.71,0.7081,0.63,0.908,82
1579407397.258,0.7,0.7221,0.6,0.9185,82
1579407397.995,0.71,0.7015,0.61,0.8717,82
1579407398.726,0.72,0.6793,0.62,0.8781,82
1579407399.457,0.71,0.6962,0.62,0.948,82
1579407400.176,0.72,0.6778,0.65,0.9795,82
1579407400.894,0.72,0.6877,0.66,0.995,82
1579407401.611,0.73,0.6694,0.64,0.9479,82
1579407402.325,0.73,0.6578,0.63,0.8779,82
1579407402.954,0.75,0.613,0.65,0.8927,82
1579407403.669,0.74,0.6508,0.61,0.951,83
1579407404.404,0.73,0.6507,0.61,0.9778,83
1579407405.118,0.73,0.6621,0.56,1.0164,83
1579407405.825,0.72,0.694,0.61,0.9414,83
1579407406.544,0.74,0.6448,0.59,0.9463,83
1579407407.254,0.72,0.665,0.61,0.9961,83
1579407407.975,0.72,0.6751,0.63,0.9986,83
1579407408.701,0.72,0.6655,0.64,0.9583,83
1579407409.409,0.73,0.6535,0.57,1.0063,83
1579407410.146,0.74,0.6577,0.62,0.9542,83
1579407410.869,0.75,0.6357,0.7,0.8872,83
1579407411.504,0.76,0.6021,0.66,0.9056,83
1579407412.226,0.75,0.6187,0.6,0.9773,84
1579407412.942,0.75,0.6137,0.64,1.0055,84
1579407413.669,0.75,0.631,0.59,0.9764,84
1579407414.387,0.73,0.6638,0.63,0.9354,84
1579407415.102,0.75,0.6215,0.62,0.9863,84
1579407415.819,0.75,0.6233,0.59,1.1102,84
1579407416.536,0.71,0.6949,0.59,1.0567,84
1579407417.273,0.72,0.6582,0.57,1.0613,84
1579407417.977,0.74,0.6416,0.51,1.133,84
1579407418.693,0.74,0.647,0.55,1.1306,84
1579407419.422,0.75,0.6257,0.56,1.0589,84
1579407420.042,0.76,0.5895,0.61,0.9385,84
1579407420.765,0.76,0.6006,0.63,0.9504,85
1579407421.479,0.76,0.601,0.62,0.9911,85
1579407422.181,0.74,0.6324,0.61,0.9443,85
1579407422.9,0.73,0.6542,0.66,0.9024,85
1579407423.636,0.74,0.6393,0.71,0.8688,85
1579407424.346,0.75,0.6201,0.63,0.9202,85
1579407425.074,0.73,0.6661,0.62,0.92,85
1579407425.79,0.73,0.6512,0.6,0.9458,85
1579407426.504,0.73,0.6507,0.64,0.9958,85
1579407427.226,0.73,0.6665,0.6,1.0189,85
1579407427.95,0.74,0.6579,0.58,1.0238,85
1579407428.575,0.78,0.5533,0.57,1.0715,85
1579407429.3,0.75,0.5981,0.59,1.0017,86
1579407430.011,0.74,0.6697,0.62,0.9195,86
1579407430.828,0.74,0.6359,0.6,0.967,86
1579407431.533,0.73,0.6785,0.64,0.9747,86
1579407432.254,0.74,0.6512,0.63,0.9265,86
1579407432.97,0.75,0.6229,0.61,0.9471,86
1579407433.683,0.74,0.6427,0.59,1.0485,86
1579407434.435,0.72,0.6912,0.64,0.9544,86
1579407435.165,0.73,0.667,0.58,1.0124,86
1579407435.885,0.72,0.6788,0.59,1.0016,86
1579407436.61,0.73,0.6701,0.61,0.9793,86
1579407437.242,0.77,0.581,0.58,1.1018,86
1579407437.96,0.73,0.6454,0.62,1.0463,87
1579407438.677,0.74,0.6374,0.64,0.9504,87
1579407439.413,0.73,0.662,0.59,0.9571,87
1579407440.129,0.73,0.6765,0.57,0.9742,87
1579407440.852,0.73,0.6581,0.61,0.989,87
1579407441.573,0.74,0.6442,0.59,0.9584,87
1579407442.293,0.74,0.6481,0.6,0.9981,87
1579407443.002,0.71,0.6868,0.64,0.9515,87
1579407443.711,0.72,0.667,0.63,0.9926,87
1579407444.421,0.74,0.6435,0.58,1.0168,87
1579407445.14,0.73,0.6916,0.63,1.0013,87
1579407445.763,0.77,0.6036,0.64,1.0662,87
1579407446.476,0.75,0.6078,0.62,1.1121,88
1579407447.218,0.74,0.6381,0.67,0.9377,88
1579407447.938,0.73,0.6435,0.63,0.8846,88
1579407448.664,0.74,0.6407,0.59,0.9258,88
1579407449.395,0.73,0.6566,0.58,0.9075,88
1579407450.113,0.73,0.6644,0.62,0.9234,88
1579407450.822,0.74,0.6391,0.61,0.9911,88
1579407451.556,0.74,0.6235,0.62,1.0011,88
1579407452.271,0.74,0.6448,0.68,0.9429,88
1579407452.98,0.73,0.6336,0.63,0.9689,88
1579407453.712,0.75,0.635,0.62,0.9626,88
1579407454.337,0.75,0.602,0.57,1.1111,88
1579407455.055,0.75,0.6205,0.62,1.1509,89
1579407455.78,0.76,0.6004,0.64,0.9637,89
1579407456.502,0.74,0.6347,0.64,0.9791,89
1579407457.204,0.73,0.6551,0.59,0.9881,89
1579407457.928,0.76,0.5857,0.59,1.0063,89
1579407458.668,0.74,0.6245,0.55,1.0103,89
1579407459.388,0.72,0.6687,0.59,1.0123,89
1579407460.1,0.73,0.665,0.52,1.0216,89
1579407460.826,0.72,0.6825,0.58,1.0268,89
1579407461.538,0.75,0.6102,0.59,1.0867,89
1579407462.261,0.73,0.6678,0.56,1.0748,89
1579407462.899,0.77,0.5607,0.57,1.1713,89
1579407463.622,0.76,0.5969,0.58,1.2653,90
1579407464.359,0.73,0.6851,0.65,0.9409,90
1579407465.09,0.77,0.5869,0.64,1.0294,90
1579407465.801,0.72,0.6867,0.65,0.9753,90
1579407466.508,0.74,0.6289,0.61,1.0057,90
1579407467.238,0.75,0.6186,0.63,1.031,90
1579407467.96,0.76,0.6054,0.61,1.0199,90
1579407468.68,0.75,0.607,0.6,1.0045,90
1579407469.505,0.75,0.6354,0.58,1.0067,90
1579407470.224,0.75,0.6248,0.59,1.0313,90
1579407470.933,0.75,0.6238,0.61,1.0841,90
1579407471.564,0.78,0.5666,0.59,1.2279,90
1579407472.285,0.77,0.5794,0.57,1.3317,91
1579407473.022,0.77,0.5811,0.57,1.3458,91
1579407473.735,0.71,0.7424,0.62,0.9982,91
1579407474.44,0.74,0.6387,0.62,1.114,91
1579407475.147,0.69,0.7618,0.59,1.0523,91
1579407475.882,0.71,0.6976,0.57,1.0822,91
1579407476.588,0.7,0.7187,0.6,1.1655,91
1579407477.334,0.67,0.8035,0.55,1.0875,91
1579407478.081,0.7,0.7466,0.58,1.0361,91
1579407478.804,0.73,0.6829,0.52,1.1141,91
1579407479.543,0.68,0.7531,0.54,1.1108,91
1579407480.188,0.68,0.772,0.57,1.0347,91
1579407480.91,0.73,0.6729,0.56,1.199,92
1579407481.635,0.71,0.7098,0.58,1.2464,92
1579407482.356,0.67,0.8416,0.59,1.0254,92
1579407483.076,0.69,0.7658,0.67,0.8682,92
1579407483.793,0.73,0.6903,0.72,0.8633,92
1579407484.509,0.71,0.7274,0.63,0.926,92
1579407485.215,0.67,0.7874,0.62,0.9498,92
1579407485.919,0.67,0.7966,0.67,0.9133,92
1579407486.635,0.69,0.7549,0.65,0.9389,92
1579407487.375,0.67,0.804,0.64,0.9278,92
1579407488.092,0.68,0.7991,0.69,0.876,92
1579407488.707,0.72,0.6982,0.65,0.8702,92
1579407489.421,0.72,0.6818,0.64,0.8935,93
1579407490.12,0.73,0.6849,0.6,0.927,93
1579407490.844,0.72,0.6771,0.62,0.9943,93
1579407491.57,0.72,0.6947,0.61,1.0099,93
1579407492.281,0.73,0.6537,0.62,0.9699,93
1579407493.0,0.74,0.6343,0.6,0.9618,93
1579407493.73,0.74,0.6429,0.56,0.992,93
1579407494.453,0.74,0.6249,0.61,1.0425,93
1579407495.171,0.74,0.638,0.62,1.0098,93
1579407495.886,0.73,0.6496,0.65,0.9573,93
1579407496.597,0.74,0.6364,0.67,0.8904,93
1579407497.219,0.76,0.5877,0.7,0.8674,93
1579407497.941,0.75,0.6214,0.68,0.9185,94
1579407498.68,0.77,0.5657,0.59,1.0848,94
1579407499.399,0.76,0.6101,0.59,1.1569,94
1579407500.108,0.74,0.6459,0.59,1.0794,94
1579407500.821,0.76,0.5918,0.6,0.9884,94
1579407501.524,0.75,0.6085,0.58,1.0064,94
1579407502.254,0.71,0.6783,0.62,0.9694,94
1579407502.983,0.76,0.5869,0.66,1.0176,94
1579407503.703,0.74,0.6279,0.61,1.0652,94
1579407504.42,0.72,0.6852,0.62,0.9858,94
1579407505.151,0.75,0.6321,0.65,0.9356,94
1579407505.774,0.78,0.5598,0.66,0.9944,94
1579407506.5,0.73,0.6449,0.68,0.9401,95
1579407507.345,0.76,0.5907,0.57,1.0291,95
1579407508.072,0.77,0.5803,0.61,1.1796,95
1579407508.779,0.73,0.6624,0.6,1.1535,95
1579407509.499,0.75,0.6365,0.65,0.9403,95
1579407510.205,0.78,0.5506,0.66,0.9074,95
1579407510.913,0.73,0.6396,0.66,0.889,95
1579407511.637,0.73,0.6447,0.65,0.9146,95
1579407512.347,0.75,0.6054,0.65,0.9336,95
1579407513.061,0.76,0.6121,0.6,0.9979,95
1579407513.784,0.73,0.6592,0.6,0.9127,95
1579407514.405,0.78,0.5472,0.67,0.9201,95
1579407515.13,0.78,0.5474,0.63,1.036,96
1579407515.837,0.76,0.5958,0.64,1.0853,96
1579407516.544,0.75,0.6051,0.64,1.0552,96
1579407517.271,0.78,0.5612,0.57,1.1191,96
1579407517.983,0.76,0.5982,0.58,1.0536,96
1579407518.683,0.77,0.5662,0.62,1.0163,96
1579407519.426,0.78,0.5628,0.62,0.9725,96
1579407520.13,0.78,0.5507,0.67,0.9439,96
1579407520.839,0.76,0.6025,0.67,0.9033,96
1579407521.56,0.79,0.5527,0.68,0.9257,96
1579407522.292,0.78,0.5565,0.65,0.9414,96
1579407522.915,0.8,0.5076,0.64,0.9979,96
1579407523.638,0.79,0.5261,0.64,1.011,97
1579407524.39,0.8,0.5194,0.67,1.0512,97
1579407525.116,0.79,0.5342,0.65,1.0938,97
1579407525.837,0.78,0.5397,0.65,1.1446,97
1579407526.563,0.78,0.5295,0.59,1.1442,97
1579407527.274,0.8,0.5154,0.59,1.1006,97
1579407527.998,0.79,0.5433,0.61,1.02,97
1579407528.725,0.79,0.5201,0.67,0.9738,97
1579407529.447,0.79,0.5393,0.67,0.8966,97
1579407530.166,0.8,0.5231,0.63,0.9399,97
1579407530.886,0.79,0.5336,0.64,1.0154,97
1579407531.509,0.8,0.5058,0.64,1.0105,97
1579407532.218,0.8,0.5045,0.58,1.0935,98
1579407532.93,0.79,0.5239,0.59,1.1688,98
1579407533.645,0.79,0.5361,0.65,1.156,98
1579407534.376,0.79,0.539,0.64,1.1754,98
1579407535.089,0.8,0.4954,0.61,1.2256,98
1579407535.804,0.78,0.5474,0.59,1.2059,98
1579407536.528,0.78,0.5455,0.58,1.2143,98
1579407537.259,0.77,0.582,0.6,1.1396,98
1579407537.988,0.76,0.5908,0.7,1.0012,98
1579407538.716,0.77,0.5748,0.68,0.8982,98
1579407539.431,0.78,0.5532,0.6,0.9529,98
1579407540.055,0.78,0.5419,0.68,0.9275,98
1579407540.765,0.8,0.4997,0.59,1.1091,99
1579407541.51,0.77,0.5797,0.58,1.1578,99
1579407542.242,0.78,0.5443,0.56,1.3148,99
1579407543.069,0.74,0.6339,0.6,1.0698,99
1579407543.782,0.78,0.5415,0.56,1.1458,99
1579407544.51,0.74,0.6497,0.59,1.1385,99
1579407545.22,0.76,0.5981,0.62,1.1347,99
1579407545.936,0.77,0.5698,0.63,1.1685,99
1579407546.648,0.73,0.6676,0.62,1.0954,99
1579407547.376,0.76,0.5978,0.64,0.9767,99
1579407548.094,0.75,0.6278,0.68,0.898,99
1579407548.716,0.79,0.5641,0.65,0.9046,99
