1579439163.753,0.24,1.3879,0.22,1.387,0
1579439164.816,0.25,1.3865,0.26,1.3857,0
1579439165.819,0.25,1.3867,0.26,1.3852,0
1579439166.819,0.25,1.3862,0.28,1.3847,0
1579439167.881,0.26,1.3864,0.28,1.3847,0
1579439168.916,0.25,1.3865,0.28,1.3851,0
1579439169.936,0.25,1.3869,0.24,1.3858,0
1579439170.927,0.25,1.3866,0.24,1.3867,0
1579439171.919,0.25,1.3862,0.22,1.3877,0
1579439172.943,0.25,1.3865,0.22,1.3882,0
1579439173.969,0.24,1.3868,0.22,1.3884,0
1579439174.854,0.25,1.3871,0.22,1.3881,0
1579439175.876,0.25,1.3868,0.22,1.3876,1
1579439176.915,0.25,1.3863,0.22,1.3871,1
1579439177.913,0.25,1.3863,0.24,1.3866,1
1579439178.91,0.25,1.3864,0.28,1.386,1
1579439179.91,0.26,1.3863,0.28,1.3855,1
1579439180.924,0.25,1.3863,0.28,1.3851,1
1579439181.927,0.25,1.3866,0.28,1.385,1
1579439182.945,0.24,1.3866,0.28,1.3851,1
1579439183.961,0.24,1.3866,0.26,1.3854,1
1579439184.947,0.25,1.3864,0.26,1.3857,1
1579439185.965,0.24,1.3866,0.26,1.3861,1
1579439186.897,0.24,1.3864,0.24,1.3863,1
1579439187.895,0.24,1.3863,0.24,1.3865,2
1579439188.921,0.25,1.3863,0.22,1.3867,2
1579439189.929,0.25,1.3863,0.22,1.3869,2
1579439190.926,0.24,1.3865,0.24,1.3868,2
1579439191.939,0.25,1.3863,0.24,1.3867,2
1579439192.937,0.25,1.3864,0.24,1.3865,2
1579439193.986,0.24,1.3864,0.24,1.3864,2
1579439194.989,0.25,1.3864,0.24,1.3863,2
1579439195.977,0.25,1.3863,0.26,1.3863,2
1579439196.97,0.25,1.3863,0.26,1.3864,2
1579439197.974,0.24,1.3865,0.26,1.3864,2
1579439198.845,0.24,1.3865,0.26,1.3863,2
1579439199.896,0.25,1.3864,0.26,1.3862,3
1579439200.922,0.25,1.3863,0.26,1.3861,3
1579439201.934,0.25,1.3863,0.26,1.3861,3
1579439202.951,0.25,1.3863,0.28,1.386,3
1579439203.989,0.26,1.3863,0.28,1.3859,3
1579439205.026,0.25,1.3863,0.28,1.3858,3
1579439206.036,0.25,1.3864,0.28,1.3858,3
1579439207.081,0.24,1.3864,0.28,1.3859,3
1579439208.11,0.24,1.3864,0.26,1.386,3
1579439209.133,0.25,1.3863,0.26,1.3862,3
1579439210.146,0.24,1.3864,0.26,1.3863,3
1579439211.012,0.24,1.3864,0.24,1.3864,3
1579439212.031,0.24,1.3863,0.24,1.3864,4
1579439213.016,0.25,1.3863,0.24,1.3864,4
1579439214.008,0.25,1.3863,0.24,1.3865,4
1579439215.027,0.25,1.3863,0.24,1.3864,4
1579439216.024,0.25,1.3863,0.24,1.3863,4
1579439217.02,0.25,1.3863,0.28,1.3861,4
1579439218.044,0.25,1.3863,0.26,1.3861,4
1579439219.075,0.24,1.3862,0.37,1.3856,4
1579439220.077,0.34,1.3855,0.24,1.3839,4
1579439221.072,0.25,1.3836,0.24,1.379,4
1579439222.094,0.27,1.3777,0.34,1.3629,4
1579439222.988,0.32,1.3671,0.43,1.332,4
1579439224.074,0.37,1.3416,0.27,1.3719,5
1579439225.105,0.28,1.3802,0.33,1.3063,5
1579439226.126,0.38,1.3081,0.37,1.3284,5
1579439227.152,0.34,1.343,0.37,1.3361,5
1579439228.16,0.32,1.3489,0.37,1.3233,5
1579439229.219,0.33,1.3391,0.38,1.3002,5
1579439230.271,0.35,1.3079,0.35,1.2739,5
1579439231.281,0.38,1.276,0.4,1.2956,5
1579439232.301,0.35,1.3008,0.41,1.2804,5
1579439233.296,0.36,1.3035,0.4,1.2557,5
1579439234.302,0.4,1.2609,0.43,1.2667,5
1579439235.171,0.37,1.2877,0.4,1.2742,5
1579439236.17,0.36,1.2895,0.4,1.2594,6
1579439237.163,0.38,1.2723,0.38,1.2391,6
1579439238.151,0.39,1.2478,0.41,1.2543,6
1579439239.151,0.39,1.2763,0.41,1.2454,6
1579439240.195,0.4,1.2599,0.39,1.2342,6
1579439241.197,0.39,1.244,0.4,1.2475,6
1579439242.209,0.38,1.2586,0.38,1.2502,6
1579439243.209,0.39,1.2569,0.38,1.2358,6
1579439244.237,0.4,1.2521,0.31,1.2304,6
1579439245.253,0.39,1.2548,0.35,1.2379,6
1579439246.258,0.39,1.2506,0.35,1.2287,6
1579439247.14,0.37,1.2608,0.34,1.2344,6
1579439248.145,0.39,1.2477,0.37,1.2475,7
1579439249.172,0.39,1.2552,0.37,1.2364,7
1579439250.187,0.4,1.2406,0.36,1.2227,7
1579439251.173,0.39,1.2423,0.44,1.2288,7
1579439252.226,0.4,1.2437,0.42,1.2235,7
1579439253.21,0.4,1.2376,0.38,1.2217,7
1579439254.192,0.4,1.2359,0.38,1.2343,7
1579439255.19,0.39,1.2409,0.38,1.2302,7
1579439256.174,0.4,1.2435,0.37,1.2191,7
1579439257.169,0.41,1.2399,0.4,1.2286,7
1579439258.19,0.41,1.2329,0.35,1.2229,7
1579439259.106,0.41,1.248,0.38,1.2268,7
1579439260.13,0.4,1.2349,0.41,1.2403,8
1579439261.126,0.4,1.241,0.41,1.2265,8
1579439262.15,0.41,1.2275,0.36,1.2234,8
1579439263.144,0.41,1.2361,0.42,1.2295,8
1579439264.149,0.41,1.2328,0.35,1.2203,8
1579439265.153,0.42,1.2202,0.42,1.2276,8
1579439266.166,0.41,1.2293,0.39,1.233,8
1579439267.158,0.41,1.2277,0.41,1.2229,8
1579439268.165,0.41,1.2249,0.37,1.2245,8
1579439269.171,0.41,1.2361,0.36,1.2249,8
1579439270.169,0.43,1.2186,0.41,1.22,8
1579439271.032,0.41,1.2314,0.42,1.2309,8
1579439272.044,0.4,1.2276,0.4,1.2294,9
1579439273.028,0.41,1.2242,0.38,1.2163,9
1579439274.022,0.42,1.2154,0.38,1.221,9
1579439275.025,0.41,1.2318,0.38,1.2159,9
1579439276.025,0.42,1.2151,0.42,1.219,9
1579439277.054,0.42,1.2115,0.45,1.2235,9
1579439278.115,0.41,1.2218,0.43,1.2164,9
1579439279.14,0.42,1.2108,0.39,1.2129,9
1579439280.141,0.42,1.214,0.38,1.2146,9
1579439281.149,0.42,1.2257,0.43,1.2136,9
1579439282.246,0.44,1.2048,0.41,1.2155,9
1579439283.134,0.41,1.2215,0.44,1.2135,9
1579439284.156,0.42,1.2119,0.41,1.2092,10
1579439285.186,0.43,1.206,0.39,1.2071,10
1579439286.222,0.42,1.2074,0.41,1.2071,10
1579439287.241,0.41,1.2141,0.41,1.2099,10
1579439288.304,0.43,1.2018,0.41,1.2078,10
1579439289.362,0.44,1.1967,0.41,1.2056,10
1579439290.4,0.42,1.2085,0.42,1.2096,10
1579439291.404,0.43,1.1978,0.39,1.2147,10
1579439292.423,0.43,1.205,0.4,1.2051,10
1579439293.441,0.42,1.211,0.41,1.203,10
1579439294.451,0.45,1.1921,0.43,1.205,10
1579439295.339,0.43,1.2063,0.43,1.2086,10
1579439296.341,0.42,1.1996,0.4,1.1988,11
1579439297.363,0.43,1.1938,0.42,1.1969,11
1579439298.367,0.42,1.1955,0.42,1.2077,11
1579439299.378,0.42,1.2026,0.43,1.1986,11
1579439300.375,0.44,1.1858,0.42,1.1965,11
1579439301.374,0.44,1.1825,0.4,1.2096,11
1579439302.373,0.42,1.1947,0.43,1.1987,11
1579439303.369,0.43,1.1834,0.47,1.1949,11
1579439304.374,0.43,1.187,0.42,1.2048,11
1579439305.379,0.43,1.1952,0.47,1.1965,11
1579439306.426,0.44,1.1849,0.41,1.2104,11
1579439307.297,0.43,1.1937,0.42,1.1965,11
1579439308.307,0.42,1.1836,0.46,1.194,12
1579439309.301,0.43,1.1808,0.41,1.2005,12
1579439310.338,0.42,1.1837,0.45,1.2005,12
1579439311.392,0.42,1.1998,0.33,1.2601,12
1579439312.39,0.41,1.2086,0.45,1.198,12
1579439313.399,0.43,1.179,0.44,1.1954,12
1579439314.389,0.43,1.186,0.33,1.2454,12
1579439315.393,0.42,1.2007,0.47,1.193,12
1579439316.386,0.44,1.1767,0.43,1.2147,12
1579439317.391,0.41,1.2196,0.35,1.2313,12
1579439318.4,0.44,1.2019,0.4,1.2148,12
1579439319.323,0.43,1.1896,0.46,1.1923,12
1579439320.35,0.42,1.1933,0.47,1.1901,13
1579439321.358,0.44,1.1791,0.38,1.2131,13
1579439322.371,0.42,1.1826,0.39,1.208,13
1579439323.362,0.43,1.1881,0.47,1.1904,13
1579439324.382,0.45,1.1706,0.47,1.1904,13
1579439325.374,0.45,1.1705,0.43,1.1996,13
1579439326.38,0.44,1.1761,0.4,1.2098,13
1579439327.397,0.44,1.1775,0.43,1.1923,13
1579439328.409,0.44,1.1733,0.46,1.1935,13
1579439329.417,0.44,1.1879,0.42,1.1966,13
1579439330.415,0.45,1.1698,0.42,1.1983,13
1579439331.317,0.43,1.1794,0.46,1.1888,13
1579439332.338,0.43,1.1734,0.46,1.1875,14
1579439333.33,0.44,1.1705,0.46,1.1887,14
1579439334.333,0.43,1.1723,0.43,1.1901,14
1579439335.324,0.43,1.1783,0.42,1.1914,14
1579439336.319,0.45,1.1596,0.41,1.1955,14
1579439337.368,0.45,1.1599,0.46,1.193,14
1579439338.377,0.45,1.1666,0.46,1.1937,14
1579439339.379,0.45,1.1641,0.42,1.1865,14
1579439340.392,0.45,1.1663,0.44,1.1858,14
1579439341.44,0.45,1.1692,0.43,1.1996,14
1579439342.454,0.46,1.1713,0.45,1.1985,14
1579439343.328,0.43,1.1925,0.34,1.2401,14
1579439344.344,0.42,1.1938,0.45,1.1905,15
1579439345.336,0.45,1.1656,0.44,1.2087,15
1579439346.347,0.42,1.2,0.44,1.1998,15
1579439347.337,0.44,1.1844,0.44,1.2,15
1579439348.384,0.45,1.1653,0.46,1.1799,15
1579439349.383,0.45,1.1657,0.43,1.1747,15
1579439350.402,0.45,1.1687,0.39,1.2086,15
1579439351.427,0.44,1.1748,0.42,1.1972,15
1579439352.413,0.45,1.1742,0.47,1.1774,15
1579439353.426,0.45,1.1785,0.48,1.1736,15
1579439354.419,0.47,1.1617,0.44,1.1868,15
1579439355.281,0.45,1.1717,0.44,1.1993,15
1579439356.302,0.44,1.1737,0.45,1.1753,16
1579439357.303,0.46,1.1598,0.46,1.1804,16
1579439358.299,0.44,1.1736,0.46,1.1793,16
1579439359.281,0.44,1.1706,0.43,1.2006,16
1579439360.306,0.46,1.1577,0.44,1.1875,16
1579439361.317,0.47,1.1511,0.45,1.183,16
1579439362.331,0.45,1.1681,0.45,1.1812,16
1579439363.332,0.46,1.1545,0.45,1.1939,16
1579439364.349,0.46,1.1669,0.45,1.1742,16
1579439365.346,0.47,1.1577,0.47,1.1756,16
1579439366.363,0.47,1.1548,0.48,1.1744,16
1579439367.317,0.46,1.1602,0.48,1.1788,16
1579439368.32,0.46,1.1588,0.45,1.1756,17
1579439369.329,0.46,1.1577,0.48,1.1713,17
1579439370.321,0.46,1.1545,0.45,1.1795,17
1579439371.358,0.45,1.1659,0.48,1.1666,17
1579439372.351,0.48,1.1391,0.49,1.1627,17
1579439373.333,0.48,1.1361,0.46,1.1657,17
1579439374.323,0.46,1.1497,0.45,1.1656,17
1579439375.334,0.46,1.1482,0.49,1.1624,17
1579439376.326,0.47,1.1471,0.49,1.1622,17
1579439377.319,0.48,1.1417,0.48,1.1676,17
1579439378.329,0.48,1.139,0.46,1.1755,17
1579439379.25,0.48,1.1491,0.45,1.1678,17
1579439380.277,0.46,1.1537,0.48,1.1634,18
1579439381.313,0.48,1.148,0.45,1.1672,18
1579439382.308,0.46,1.1499,0.46,1.1816,18
1579439383.323,0.46,1.1812,0.44,1.1751,18
1579439384.355,0.48,1.137,0.48,1.1596,18
1579439385.361,0.49,1.1352,0.48,1.1568,18
1579439386.399,0.47,1.1508,0.5,1.1576,18
1579439387.404,0.48,1.1278,0.45,1.1976,18
1579439388.444,0.47,1.1583,0.45,1.1776,18
1579439389.435,0.47,1.1584,0.49,1.1571,18
1579439390.446,0.5,1.1307,0.48,1.1741,18
1579439391.337,0.48,1.1429,0.51,1.1571,18
1579439392.332,0.48,1.1281,0.5,1.1628,19
1579439393.341,0.48,1.1379,0.49,1.1636,19
1579439394.342,0.49,1.1332,0.49,1.1572,19
1579439395.401,0.48,1.1429,0.49,1.1463,19
1579439396.398,0.5,1.1207,0.5,1.1504,19
1579439397.416,0.51,1.1078,0.48,1.1926,19
1579439398.46,0.49,1.1426,0.44,1.1714,19
1579439399.471,0.47,1.143,0.5,1.1575,19
1579439400.501,0.5,1.1287,0.49,1.1801,19
1579439401.544,0.49,1.1383,0.52,1.1549,19
1579439402.586,0.51,1.115,0.48,1.1666,19
1579439403.477,0.49,1.1442,0.48,1.1923,19
1579439404.49,0.48,1.1411,0.48,1.157,20
1579439405.515,0.5,1.1298,0.5,1.1438,20
1579439406.528,0.48,1.1368,0.51,1.1463,20
1579439407.572,0.48,1.1466,0.51,1.1617,20
1579439408.602,0.51,1.109,0.49,1.1771,20
1579439409.612,0.5,1.1105,0.5,1.1481,20
1579439410.599,0.5,1.1143,0.49,1.1479,20
1579439411.603,0.49,1.117,0.48,1.1594,20
1579439412.588,0.51,1.1139,0.49,1.1706,20
1579439413.619,0.5,1.1185,0.51,1.1592,20
1579439414.609,0.52,1.1025,0.49,1.1619,20
1579439415.473,0.51,1.1185,0.48,1.1724,20
1579439416.46,0.5,1.1141,0.5,1.1638,21
1579439417.472,0.5,1.1144,0.47,1.1546,21
1579439418.487,0.5,1.117,0.5,1.165,21
1579439419.494,0.49,1.1289,0.5,1.173,21
1579439420.505,0.52,1.0971,0.47,1.155,21
1579439421.509,0.52,1.0877,0.47,1.1506,21
1579439422.545,0.51,1.1022,0.48,1.1628,21
1579439423.552,0.51,1.0963,0.48,1.1839,21
1579439424.597,0.51,1.1121,0.48,1.1592,21
1579439425.652,0.51,1.1094,0.49,1.1533,21
1579439426.7,0.53,1.0943,0.5,1.1703,21
1579439427.6,0.52,1.1008,0.49,1.1633,21
1579439428.615,0.51,1.0967,0.49,1.1562,22
1579439429.608,0.51,1.0993,0.49,1.1594,22
1579439430.594,0.51,1.1109,0.49,1.1391,22
1579439431.618,0.51,1.1155,0.47,1.1395,22
1579439432.606,0.52,1.0844,0.49,1.1616,22
1579439433.589,0.53,1.0762,0.49,1.1654,22
1579439434.574,0.52,1.0898,0.49,1.1546,22
1579439435.577,0.52,1.0865,0.51,1.1675,22
1579439436.595,0.52,1.0963,0.5,1.1523,22
1579439437.659,0.51,1.0959,0.49,1.1585,22
1579439438.659,0.53,1.0814,0.47,1.1649,22
1579439439.576,0.53,1.0844,0.49,1.1494,22
1579439440.619,0.52,1.0855,0.48,1.159,23
1579439441.638,0.52,1.0864,0.5,1.1484,23
1579439442.695,0.52,1.0936,0.48,1.1347,23
1579439443.712,0.51,1.1094,0.51,1.1502,23
1579439444.768,0.54,1.0785,0.48,1.1223,23
1579439445.816,0.54,1.0698,0.49,1.1415,23
1579439446.897,0.53,1.0737,0.5,1.1716,23
1579439447.9,0.52,1.072,0.5,1.1376,23
1579439448.94,0.54,1.0745,0.52,1.1312,23
1579439449.96,0.53,1.0751,0.5,1.1449,23
1579439450.972,0.54,1.0705,0.48,1.1394,23
1579439451.858,0.53,1.0895,0.47,1.2145,23
1579439452.869,0.51,1.1188,0.5,1.1555,24
1579439453.922,0.5,1.1191,0.5,1.1469,24
1579439454.914,0.51,1.1074,0.48,1.1407,24
1579439455.933,0.52,1.1013,0.48,1.1443,24
1579439456.923,0.54,1.085,0.5,1.1204,24
1579439457.922,0.54,1.0553,0.48,1.1287,24
1579439458.999,0.52,1.0965,0.51,1.1289,24
1579439460.001,0.53,1.0584,0.49,1.1486,24
1579439461.01,0.53,1.0874,0.48,1.1211,24
1579439462.02,0.53,1.0725,0.5,1.1191,24
1579439463.054,0.53,1.0728,0.51,1.1238,24
1579439463.951,0.53,1.071,0.5,1.1532,24
1579439464.973,0.53,1.0723,0.49,1.1349,25
1579439465.979,0.53,1.0735,0.48,1.1163,25
1579439467.036,0.53,1.0746,0.49,1.132,25
1579439468.065,0.52,1.0957,0.52,1.1191,25
1579439469.135,0.56,1.0463,0.49,1.1229,25
1579439470.157,0.55,1.0521,0.51,1.1131,25
1579439471.191,0.54,1.0512,0.48,1.1271,25
1579439472.192,0.55,1.043,0.47,1.1443,25
1579439473.237,0.54,1.0588,0.5,1.1279,25
1579439474.286,0.54,1.0495,0.52,1.1324,25
1579439475.326,0.54,1.056,0.51,1.1311,25
1579439476.231,0.56,1.0389,0.5,1.1433,25
1579439477.26,0.54,1.0485,0.51,1.1253,26
1579439478.255,0.54,1.0393,0.51,1.1315,26
1579439479.253,0.54,1.0569,0.48,1.1257,26
1579439480.249,0.54,1.0551,0.47,1.1292,26
1579439481.303,0.55,1.0315,0.52,1.1353,26
1579439482.296,0.56,1.0091,0.52,1.153,26
1579439483.296,0.55,1.0388,0.51,1.1366,26
1579439484.289,0.55,1.019,0.5,1.1365,26
1579439485.291,0.55,1.0345,0.5,1.1151,26
1579439486.301,0.55,1.0364,0.51,1.1165,26
1579439487.333,0.56,1.0316,0.55,1.1328,26
1579439488.221,0.56,1.0289,0.5,1.1221,26
1579439489.246,0.55,1.0384,0.52,1.1358,27
1579439490.262,0.56,1.0275,0.5,1.123,27
1579439491.304,0.55,1.0342,0.47,1.1191,27
1579439492.323,0.54,1.0407,0.49,1.1203,27
1579439493.322,0.56,1.0183,0.52,1.1204,27
1579439494.338,0.56,1.005,0.51,1.1321,27
1579439495.33,0.55,1.0301,0.53,1.1071,27
1579439496.342,0.56,1.0066,0.54,1.0979,27
1579439497.34,0.57,1.0169,0.53,1.0878,27
1579439498.338,0.56,1.0204,0.51,1.089,27
1579439499.383,0.57,1.0178,0.54,1.1093,27
1579439500.259,0.57,1.0094,0.55,1.1228,27
1579439501.248,0.55,1.0188,0.51,1.1254,28
1579439502.246,0.56,1.0142,0.49,1.1349,28
1579439503.248,0.55,1.0337,0.53,1.1347,28
1579439504.239,0.53,1.0581,0.51,1.128,28
1579439505.266,0.55,1.0259,0.49,1.0999,28
1579439506.266,0.57,0.9855,0.54,1.1077,28
1579439507.268,0.56,1.0198,0.49,1.1097,28
1579439508.278,0.56,1.0082,0.52,1.0884,28
1579439509.309,0.56,1.0141,0.5,1.0901,28
1579439510.333,0.55,1.0224,0.51,1.0976,28
1579439511.412,0.57,1.0147,0.53,1.1054,28
1579439512.317,0.57,1.0055,0.54,1.1089,28
1579439513.321,0.56,1.0108,0.55,1.1179,29
1579439514.316,0.56,1.01,0.51,1.1201,29
1579439515.321,0.55,1.0303,0.51,1.0931,29
1579439516.331,0.56,1.0234,0.52,1.1013,29
1579439517.318,0.56,1.0094,0.52,1.0931,29
1579439518.31,0.57,0.9877,0.53,1.0851,29
1579439519.31,0.57,1.0022,0.56,1.0922,29
1579439520.309,0.57,0.9958,0.54,1.0865,29
1579439521.346,0.57,1.0117,0.52,1.0835,29
1579439522.338,0.55,1.0185,0.55,1.0734,29
1579439523.333,0.57,1.0041,0.55,1.0815,29
1579439524.231,0.57,0.9933,0.53,1.0826,29
1579439525.271,0.56,1.0034,0.54,1.0825,30
1579439526.299,0.56,1.0021,0.56,1.0952,30
1579439527.32,0.56,1.013,0.56,1.079,30
1579439528.353,0.56,1.0141,0.52,1.0813,30
1579439529.384,0.57,0.9927,0.54,1.0854,30
1579439530.413,0.57,0.9753,0.56,1.0759,30
1579439531.432,0.57,0.991,0.54,1.0743,30
1579439532.449,0.57,0.987,0.53,1.0845,30
1579439533.457,0.57,1.0039,0.51,1.0662,30
1579439534.466,0.56,0.9975,0.52,1.068,30
1579439535.483,0.57,0.9966,0.52,1.0879,30
1579439536.36,0.58,0.9889,0.56,1.0815,30
1579439537.354,0.56,0.9988,0.52,1.0876,31
1579439538.34,0.56,1.0052,0.56,1.0801,31
1579439539.403,0.56,1.0062,0.55,1.0713,31
1579439540.398,0.57,1.0125,0.54,1.0623,31
1579439541.396,0.57,0.9886,0.55,1.0585,31
1579439542.387,0.58,0.9607,0.55,1.0831,31
1579439543.391,0.56,0.9979,0.53,1.0638,31
1579439544.392,0.56,0.9835,0.56,1.0585,31
1579439545.406,0.57,0.989,0.54,1.0659,31
1579439546.404,0.57,0.9943,0.57,1.0605,31
1579439547.422,0.58,0.9862,0.52,1.0723,31
1579439548.309,0.58,0.9793,0.57,1.0912,31
1579439549.306,0.56,1.0014,0.54,1.0582,32
1579439550.313,0.57,0.9814,0.51,1.0609,32
1579439551.344,0.56,1.0076,0.54,1.0659,32
1579439552.351,0.56,1.0169,0.52,1.0643,32
1579439553.35,0.57,0.9883,0.57,1.0637,32
1579439554.342,0.57,0.9832,0.55,1.0546,32
1579439555.327,0.57,0.9827,0.54,1.0598,32
1579439556.317,0.57,0.9803,0.56,1.0499,32
1579439557.321,0.57,0.9923,0.56,1.0593,32
1579439558.326,0.56,0.9995,0.56,1.0714,32
1579439559.367,0.57,0.9896,0.56,1.063,32
1579439560.241,0.59,0.9657,0.53,1.0663,32
1579439561.248,0.57,0.9862,0.59,1.0595,33
1579439562.245,0.57,0.9922,0.52,1.0663,33
1579439563.248,0.57,1.0098,0.57,1.0419,33
1579439564.274,0.57,0.9995,0.56,1.0437,33
1579439565.285,0.58,0.968,0.5,1.0629,33
1579439566.327,0.58,0.9701,0.57,1.0501,33
1579439567.363,0.57,0.9817,0.54,1.036,33
1579439568.41,0.58,0.9665,0.55,1.0384,33
1579439569.511,0.57,0.9894,0.56,1.0271,33
1579439570.529,0.57,0.9804,0.57,1.0371,33
1579439571.559,0.58,0.9768,0.54,1.0583,33
1579439572.465,0.58,0.9685,0.57,1.0592,33
1579439573.49,0.57,0.9781,0.57,1.0543,34
1579439574.526,0.57,0.985,0.54,1.0432,34
1579439575.545,0.57,0.9909,0.57,1.0478,34
1579439576.542,0.57,1.0074,0.56,1.0261,34
1579439577.552,0.58,0.9602,0.56,1.0473,34
1579439578.553,0.58,0.9632,0.56,1.0697,34
1579439579.552,0.57,0.9937,0.54,1.0272,34
1579439580.543,0.58,0.958,0.58,1.0294,34
1579439581.612,0.58,0.9857,0.59,1.0184,34
1579439582.603,0.57,0.9766,0.57,1.0389,34
1579439583.597,0.59,0.9732,0.55,1.0384,34
1579439584.476,0.58,0.9563,0.56,1.0384,34
1579439585.506,0.58,0.9676,0.58,1.0318,35
1579439586.521,0.57,0.9708,0.56,1.0225,35
1579439587.575,0.57,0.9875,0.61,1.0098,35
1579439588.59,0.58,0.9905,0.6,1.0178,35
1579439589.638,0.58,0.9548,0.53,1.0278,35
1579439590.654,0.59,0.945,0.58,1.037,35
1579439591.692,0.57,0.9751,0.55,1.0278,35
1579439592.73,0.58,0.9569,0.58,1.0134,35
1579439593.811,0.58,0.9698,0.58,1.016,35
1579439594.831,0.57,0.9769,0.56,1.013,35
1579439595.864,0.59,0.9594,0.59,1.0312,35
1579439596.794,0.59,0.9496,0.56,1.0281,35
1579439597.869,0.58,0.9607,0.61,1.0152,36
1579439598.876,0.58,0.9641,0.55,1.0093,36
1579439599.887,0.58,0.9825,0.58,0.9959,36
1579439600.889,0.58,0.9829,0.58,0.9965,36
1579439601.907,0.59,0.944,0.56,1.0138,36
1579439602.91,0.59,0.9363,0.6,1.0328,36
1579439603.941,0.58,0.9675,0.56,1.0205,36
1579439604.961,0.58,0.9594,0.62,1.0066,36
1579439605.971,0.59,0.9668,0.61,0.9974,36
1579439606.985,0.58,0.9597,0.58,1.0132,36
1579439607.981,0.59,0.9558,0.58,1.029,36
1579439608.902,0.59,0.939,0.56,1.0259,36
1579439609.943,0.58,0.9534,0.58,1.028,37
1579439610.958,0.58,0.9664,0.59,1.0012,37
1579439611.989,0.58,0.9723,0.6,0.984,37
1579439612.99,0.58,0.9741,0.61,1.0165,37
1579439614.013,0.59,0.9553,0.51,1.0323,37
1579439615.039,0.59,0.9585,0.56,1.0763,37
1579439616.058,0.56,1.0074,0.56,1.0293,37
1579439617.089,0.57,0.9676,0.57,1.0064,37
1579439618.107,0.58,0.9626,0.56,1.0311,37
1579439619.188,0.57,0.9865,0.61,1.0114,37
1579439620.203,0.59,0.9511,0.55,1.0377,37
1579439621.095,0.59,0.9625,0.62,1.0267,37
1579439622.094,0.59,0.9597,0.61,1.0206,38
1579439623.082,0.58,0.9657,0.52,1.0258,38
1579439624.08,0.58,0.9796,0.55,1.0078,38
1579439625.114,0.58,0.9823,0.58,1.0252,38
1579439626.119,0.59,0.9656,0.61,1.0034,38
1579439627.118,0.6,0.9319,0.57,1.011,38
1579439628.143,0.59,0.9621,0.61,0.9983,38
1579439629.145,0.58,0.9563,0.6,0.9925,38
1579439630.137,0.59,0.9649,0.61,0.9826,38
1579439631.138,0.58,0.9577,0.59,1.0066,38
1579439632.151,0.59,0.9585,0.55,1.0135,38
1579439633.029,0.59,0.9343,0.58,1.0352,38
1579439634.049,0.58,0.9554,0.61,1.0178,39
1579439635.085,0.58,0.956,0.56,1.0276,39
1579439636.096,0.58,0.9816,0.6,0.9843,39
1579439637.127,0.58,0.967,0.6,1.0161,39
1579439638.148,0.59,0.9553,0.58,1.0172,39
1579439639.196,0.6,0.9298,0.58,1.0327,39
1579439640.229,0.59,0.9601,0.59,1.014,39
1579439641.259,0.59,0.9364,0.59,1.0193,39
1579439642.271,0.59,0.9591,0.6,0.9866,39
1579439643.272,0.59,0.9522,0.6,0.9752,39
1579439644.266,0.59,0.9477,0.59,0.9799,39
1579439645.137,0.61,0.9189,0.6,0.989,39
1579439646.13,0.6,0.9351,0.61,0.9932,40
1579439647.155,0.59,0.9452,0.54,0.985,40
1579439648.177,0.6,0.9515,0.59,0.984,40
1579439649.211,0.58,0.9665,0.6,0.9833,40
1579439650.25,0.6,0.9251,0.54,1.0022,40
1579439651.232,0.6,0.9211,0.57,1.0105,40
1579439652.223,0.59,0.9375,0.58,1.0077,40
1579439653.295,0.59,0.9305,0.57,1.0001,40
1579439654.291,0.59,0.9427,0.61,0.9855,40
1579439655.293,0.59,0.9424,0.62,0.9752,40
1579439656.301,0.6,0.9369,0.58,0.9834,40
1579439657.241,0.61,0.9142,0.61,0.9907,40
1579439658.254,0.6,0.9273,0.61,0.9851,41
1579439659.286,0.6,0.9326,0.57,0.9841,41
1579439660.311,0.59,0.9577,0.61,0.9666,41
1579439661.323,0.58,0.9662,0.56,1.0121,41
1579439662.342,0.6,0.9483,0.54,1.0333,41
1579439663.343,0.58,0.9517,0.58,1.0125,41
1579439664.337,0.6,0.9388,0.58,1.0304,41
1579439665.343,0.58,0.9536,0.57,0.9952,41
1579439666.339,0.59,0.9426,0.54,1.0013,41
1579439667.33,0.59,0.9584,0.58,0.9969,41
1579439668.321,0.58,0.959,0.59,0.9809,41
1579439669.189,0.61,0.9092,0.58,0.9946,41
1579439670.182,0.6,0.9346,0.59,0.9922,42
1579439671.185,0.59,0.9367,0.62,0.9833,42
1579439672.206,0.59,0.9556,0.6,0.9585,42
1579439673.196,0.6,0.9437,0.58,0.9812,42
1579439674.211,0.6,0.9265,0.62,0.9753,42
1579439675.246,0.61,0.9094,0.54,0.9896,42
1579439676.249,0.6,0.922,0.61,1.009,42
1579439677.269,0.59,0.9339,0.57,0.9836,42
1579439678.317,0.6,0.9281,0.63,0.966,42
1579439679.386,0.6,0.9312,0.58,0.9892,42
1579439680.423,0.6,0.942,0.59,0.9709,42
1579439681.333,0.61,0.9078,0.58,1.0081,42
1579439682.327,0.59,0.9381,0.6,0.9763,43
1579439683.367,0.6,0.9187,0.58,0.9908,43
1579439684.349,0.59,0.952,0.6,0.9783,43
1579439685.334,0.6,0.9527,0.59,0.9907,43
1579439686.325,0.6,0.927,0.58,0.9865,43
1579439687.31,0.6,0.9203,0.57,0.9866,43
1579439688.34,0.61,0.9132,0.57,1.0285,43
1579439689.324,0.59,0.9337,0.59,0.9767,43
1579439690.311,0.6,0.9192,0.57,0.9812,43
1579439691.338,0.59,0.9384,0.6,0.9514,43
1579439692.335,0.61,0.9204,0.6,0.9512,43
1579439693.245,0.62,0.8902,0.59,0.9503,43
1579439694.263,0.61,0.9022,0.59,0.9575,44
1579439695.28,0.61,0.9128,0.62,0.9381,44
1579439696.312,0.61,0.9225,0.62,0.9337,44
1579439697.315,0.61,0.9277,0.6,0.9394,44
1579439698.345,0.62,0.8945,0.59,0.9581,44
1579439699.355,0.62,0.8818,0.58,0.9879,44
1579439700.361,0.62,0.898,0.58,0.9799,44
1579439701.422,0.61,0.8972,0.61,0.9614,44
1579439702.414,0.62,0.9028,0.62,0.9331,44
1579439703.41,0.61,0.9087,0.59,0.9311,44
1579439704.395,0.61,0.9071,0.62,0.926,44
1579439705.272,0.63,0.8657,0.57,0.9566,44
1579439706.279,0.61,0.9013,0.63,0.9607,45
1579439707.281,0.61,0.9086,0.6,0.9303,45
1579439708.299,0.61,0.9121,0.56,1.0497,45
1579439709.336,0.58,0.999,0.47,1.3458,45
1579439710.361,0.47,1.2642,0.57,1.1074,45
1579439711.382,0.56,1.0154,0.46,1.1414,45
1579439712.401,0.53,1.0688,0.57,1.0623,45
1579439713.501,0.58,0.9641,0.5,1.1165,45
1579439714.531,0.54,1.0455,0.5,1.0651,45
1579439715.557,0.57,1.0126,0.61,1.0082,45
1579439716.585,0.58,0.9708,0.53,1.0508,45
1579439717.491,0.54,0.9971,0.58,1.0065,45
1579439718.528,0.57,0.9635,0.56,1.0118,46
1579439719.566,0.59,0.9664,0.55,1.0246,46
1579439720.599,0.58,0.9905,0.55,1.0009,46
1579439721.6,0.57,0.9908,0.57,0.981,46
1579439722.628,0.59,0.945,0.57,1.0074,46
1579439723.632,0.58,0.9547,0.58,1.0024,46
1579439724.642,0.58,0.9632,0.58,0.9926,46
1579439725.645,0.58,0.9455,0.54,1.0058,46
1579439726.666,0.57,0.963,0.58,1.0173,46
1579439727.673,0.58,0.9648,0.58,0.9951,46
1579439728.692,0.6,0.9372,0.6,0.9945,46
1579439729.575,0.59,0.9312,0.62,0.9964,46
1579439730.577,0.59,0.9408,0.57,0.9897,47
1579439731.602,0.6,0.9288,0.54,0.9914,47
1579439732.592,0.59,0.9493,0.57,0.9879,47
1579439733.592,0.58,0.965,0.54,0.9734,47
1579439734.591,0.6,0.9168,0.57,0.9887,47
1579439735.643,0.6,0.9205,0.58,0.9712,47
1579439736.661,0.59,0.9211,0.58,0.9727,47
1579439737.794,0.61,0.9168,0.58,0.9801,47
1579439738.829,0.6,0.9287,0.59,0.9871,47
1579439739.895,0.6,0.9308,0.58,0.9761,47
1579439740.984,0.61,0.9151,0.59,0.9841,47
1579439741.899,0.61,0.8974,0.6,0.97,47
1579439742.945,0.61,0.9009,0.64,0.9642,48
1579439743.988,0.61,0.9062,0.61,0.9508,48
1579439745.007,0.61,0.9146,0.62,0.9429,48
1579439746.075,0.61,0.9171,0.58,0.9514,48
1579439747.123,0.61,0.8969,0.61,0.9377,48
1579439748.182,0.62,0.8787,0.62,0.9412,48
1579439749.229,0.61,0.896,0.58,0.9484,48
1579439750.274,0.62,0.8877,0.59,0.9662,48
1579439751.339,0.62,0.907,0.6,0.9574,48
1579439752.391,0.62,0.8991,0.6,0.9469,48
1579439753.416,0.61,0.8911,0.63,0.9336,48
1579439754.331,0.64,0.8566,0.64,0.9265,48
1579439755.336,0.62,0.886,0.6,0.9231,49
1579439756.346,0.62,0.8899,0.62,0.9098,49
1579439757.345,0.62,0.8948,0.61,0.9075,49
1579439758.335,0.61,0.9086,0.6,0.9165,49
1579439759.343,0.62,0.8735,0.6,0.923,49
1579439760.342,0.63,0.8622,0.57,0.9397,49
1579439761.404,0.62,0.8748,0.59,0.9477,49
1579439762.403,0.62,0.8726,0.59,0.9417,49
1579439763.404,0.63,0.8822,0.63,0.9244,49
1579439764.402,0.62,0.8873,0.61,0.9311,49
1579439765.419,0.62,0.8793,0.62,0.9126,49
1579439766.301,0.64,0.8372,0.61,0.9282,49
1579439767.346,0.62,0.8672,0.62,0.9269,50
1579439768.386,0.62,0.8791,0.61,0.8899,50
1579439769.431,0.62,0.8754,0.62,0.8873,50
1579439770.452,0.62,0.8854,0.61,0.917,50
1579439771.532,0.63,0.8619,0.57,0.9336,50
1579439772.568,0.64,0.8607,0.59,0.9694,50
1579439773.636,0.62,0.8708,0.56,0.963,50
1579439774.676,0.62,0.8646,0.61,0.9546,50
1579439775.694,0.63,0.8728,0.63,0.9299,50
1579439776.767,0.63,0.8735,0.6,0.9236,50
1579439777.804,0.63,0.8664,0.63,0.916,50
1579439778.731,0.65,0.828,0.6,0.9317,50
1579439779.756,0.63,0.8566,0.59,0.9248,51
1579439780.765,0.62,0.8755,0.6,0.9295,51
1579439781.813,0.62,0.8848,0.64,0.8949,51
1579439782.828,0.63,0.8706,0.61,0.9266,51
1579439783.866,0.64,0.8561,0.59,0.9697,51
1579439784.892,0.62,0.8784,0.58,0.9651,51
1579439785.91,0.63,0.8609,0.56,0.9837,51
1579439786.961,0.62,0.8633,0.59,0.997,51
1579439787.976,0.62,0.9002,0.59,0.9466,51
1579439789.038,0.63,0.8702,0.57,0.9256,51
1579439790.035,0.63,0.8607,0.68,0.9344,51
1579439790.935,0.64,0.8548,0.59,0.9682,51
1579439791.955,0.61,0.895,0.6,0.9219,52
1579439792.952,0.63,0.8648,0.62,0.9061,52
1579439793.978,0.63,0.8681,0.64,0.8949,52
1579439795.011,0.64,0.8819,0.57,0.8991,52
1579439796.024,0.64,0.86,0.6,0.9492,52
1579439797.025,0.63,0.8749,0.58,0.9468,52
1579439798.06,0.64,0.8424,0.57,0.9919,52
1579439799.12,0.63,0.8676,0.58,0.9993,52
1579439800.156,0.62,0.8892,0.59,0.9278,52
1579439801.199,0.63,0.8697,0.54,0.9892,52
1579439802.263,0.62,0.9036,0.62,0.8832,52
1579439803.189,0.66,0.8091,0.62,0.925,52
1579439804.204,0.64,0.8485,0.58,0.9545,53
1579439805.26,0.62,0.876,0.63,0.9132,53
1579439806.269,0.62,0.8615,0.6,0.9461,53
1579439807.282,0.61,0.915,0.61,0.8953,53
1579439808.373,0.64,0.8482,0.57,0.94,53
1579439809.397,0.62,0.8911,0.58,0.9493,53
1579439810.399,0.64,0.8568,0.57,0.9778,53
1579439811.453,0.63,0.8619,0.58,1.0308,53
1579439812.494,0.61,0.9087,0.54,0.9825,53
1579439813.508,0.64,0.8535,0.58,0.972,53
1579439814.523,0.63,0.8741,0.58,0.9292,53
1579439815.392,0.65,0.82,0.53,0.9644,53
1579439816.382,0.62,0.881,0.65,0.9294,54
1579439817.37,0.64,0.8541,0.61,0.9439,54
1579439818.361,0.63,0.8733,0.59,0.932,54
1579439819.358,0.63,0.8646,0.57,0.9468,54
1579439820.373,0.64,0.8399,0.61,0.9255,54
1579439821.436,0.65,0.8315,0.61,0.94,54
1579439822.429,0.64,0.8474,0.61,0.926,54
1579439823.434,0.64,0.8303,0.57,0.9567,54
1579439824.455,0.63,0.858,0.57,0.9605,54
1579439825.5,0.65,0.8457,0.58,0.958,54
1579439826.524,0.65,0.8292,0.53,0.955,54
1579439827.467,0.66,0.7984,0.62,0.922,54
1579439828.549,0.65,0.808,0.66,0.9305,55
1579439829.587,0.65,0.8318,0.6,0.9269,55
1579439830.657,0.63,0.8546,0.59,0.9222,55
1579439831.728,0.64,0.8485,0.61,0.9273,55
1579439832.796,0.65,0.8186,0.57,0.9506,55
1579439833.836,0.65,0.8289,0.61,0.9517,55
1579439834.906,0.66,0.816,0.59,0.9628,55
1579439835.968,0.66,0.8217,0.63,0.9929,55
1579439837.025,0.64,0.8524,0.58,0.9597,55
1579439838.05,0.65,0.8418,0.6,0.9524,55
1579439839.123,0.65,0.8245,0.59,0.9605,55
1579439840.036,0.66,0.7943,0.63,0.9389,55
1579439841.056,0.66,0.8014,0.65,0.938,56
1579439842.074,0.65,0.8164,0.59,0.9391,56
1579439843.124,0.63,0.8583,0.61,0.9544,56
1579439844.13,0.62,0.8913,0.52,1.0018,56
1579439845.197,0.61,0.9143,0.6,1.1014,56
1579439846.238,0.6,0.9698,0.55,1.0007,56
1579439847.231,0.63,0.8672,0.53,1.1371,56
1579439848.222,0.6,0.9447,0.57,1.0218,56
1579439849.212,0.64,0.8663,0.55,1.0929,56
1579439850.211,0.59,0.9583,0.58,0.9948,56
1579439851.211,0.63,0.8757,0.58,1.0059,56
1579439852.087,0.64,0.8556,0.52,1.0255,56
1579439853.087,0.62,0.8803,0.64,0.918,57
1579439854.083,0.64,0.8384,0.67,0.9537,57
1579439855.133,0.62,0.8912,0.6,0.9166,57
1579439856.15,0.64,0.8598,0.61,0.9696,57
1579439857.187,0.64,0.8632,0.61,0.9669,57
1579439858.19,0.64,0.8582,0.64,0.9882,57
1579439859.28,0.63,0.8729,0.63,1.011,57
1579439860.37,0.62,0.8679,0.57,0.9839,57
1579439861.395,0.65,0.8401,0.55,1.0217,57
1579439862.447,0.62,0.8924,0.58,0.9599,57
1579439863.482,0.66,0.8201,0.61,1.0054,57
1579439864.362,0.63,0.8469,0.55,0.9644,57
1579439865.398,0.66,0.8068,0.59,1.0345,58
1579439866.437,0.62,0.8832,0.59,0.9545,58
1579439867.453,0.65,0.8265,0.66,0.9973,58
1579439868.447,0.62,0.8941,0.58,0.9581,58
1579439869.462,0.66,0.8051,0.59,0.9764,58
1579439870.469,0.64,0.8594,0.59,0.9712,58
1579439871.464,0.65,0.8259,0.61,0.9891,58
1579439872.455,0.65,0.8196,0.63,0.9793,58
1579439873.439,0.66,0.8248,0.56,0.9565,58
1579439874.421,0.66,0.8166,0.59,0.9617,58
1579439875.403,0.65,0.8215,0.64,0.9287,58
1579439876.287,0.69,0.7555,0.63,0.9387,58
1579439877.311,0.67,0.7873,0.6,0.9352,59
1579439878.311,0.66,0.8052,0.61,0.923,59
1579439879.353,0.66,0.8059,0.63,0.9522,59
1579439880.376,0.66,0.8237,0.61,0.9526,59
1579439881.459,0.67,0.7905,0.56,0.9577,59
1579439882.51,0.65,0.8176,0.55,1.0401,59
1579439883.53,0.66,0.8152,0.59,1.025,59
1579439884.563,0.66,0.802,0.58,0.9996,59
1579439885.578,0.69,0.788,0.57,0.9695,59
1579439886.604,0.67,0.8026,0.58,0.9613,59
1579439887.67,0.67,0.7825,0.64,0.9413,59
1579439888.579,0.7,0.7305,0.58,0.9398,59
1579439889.602,0.69,0.7538,0.59,0.9678,60
1579439890.659,0.67,0.7838,0.64,0.9581,60
1579439891.678,0.67,0.786,0.65,0.9204,60
1579439892.682,0.67,0.7844,0.59,0.9153,60
1579439893.697,0.67,0.7717,0.6,0.9289,60
1579439894.69,0.68,0.7662,0.65,1.0059,60
1579439895.679,0.67,0.7736,0.57,1.0392,60
1579439896.679,0.66,0.7976,0.54,1.0675,60
1579439897.694,0.66,0.8185,0.59,1.0231,60
1579439898.69,0.66,0.8122,0.57,0.9641,60
1579439899.697,0.68,0.7717,0.62,1.0365,60
1579439900.606,0.66,0.7988,0.59,0.9444,60
1579439901.616,0.67,0.7793,0.66,0.9779,61
1579439902.649,0.67,0.7843,0.62,0.9603,61
1579439903.68,0.65,0.7983,0.65,0.9491,61
1579439904.733,0.67,0.7998,0.6,0.9409,61
1579439905.782,0.68,0.7757,0.59,0.9222,61
1579439906.87,0.68,0.7749,0.62,0.9702,61
1579439907.936,0.69,0.7619,0.61,1.0003,61
1579439909.026,0.68,0.7658,0.58,0.9943,61
1579439910.043,0.69,0.7653,0.6,0.9474,61
1579439911.077,0.68,0.7627,0.63,0.924,61
1579439912.088,0.68,0.7626,0.6,0.9388,61
1579439913.001,0.71,0.7091,0.59,0.952,61
1579439914.02,0.68,0.7434,0.57,0.9577,62
1579439915.051,0.67,0.7844,0.63,1.0206,62
1579439916.059,0.65,0.818,0.55,0.9553,62
1579439917.069,0.66,0.8092,0.61,0.954,62
1579439918.106,0.64,0.8122,0.56,1.0918,62
1579439919.163,0.62,0.9162,0.64,0.9718,62
1579439920.187,0.68,0.7803,0.57,1.0204,62
1579439921.244,0.64,0.8382,0.6,0.9971,62
1579439922.233,0.67,0.8095,0.59,1.0606,62
1579439923.223,0.63,0.8868,0.57,0.9674,62
1579439924.212,0.67,0.7716,0.55,0.9578,62
1579439925.087,0.66,0.7963,0.62,0.8889,62
1579439926.13,0.68,0.7498,0.59,0.9498,63
1579439927.131,0.65,0.8047,0.63,0.9423,63
1579439928.175,0.67,0.7869,0.65,0.9257,63
1579439929.221,0.68,0.7828,0.59,0.9379,63
1579439930.238,0.67,0.7785,0.68,0.9223,63
1579439931.276,0.67,0.7712,0.57,0.9732,63
1579439932.283,0.66,0.8076,0.61,0.9492,63
1579439933.316,0.69,0.7567,0.62,0.9768,63
1579439934.334,0.66,0.8134,0.58,0.9786,63
1579439935.34,0.69,0.7633,0.54,1.0495,63
1579439936.359,0.67,0.807,0.61,0.9741,63
1579439937.285,0.72,0.7036,0.57,0.9708,63
1579439938.292,0.68,0.7642,0.6,0.9125,64
1579439939.322,0.67,0.7616,0.61,0.9511,64
1579439940.33,0.66,0.7955,0.59,0.9203,64
1579439941.381,0.67,0.7697,0.61,0.9515,64
1579439942.385,0.67,0.7764,0.6,0.9347,64
1579439943.38,0.68,0.7725,0.61,0.9512,64
1579439944.38,0.67,0.7661,0.67,0.9413,64
1579439945.38,0.67,0.7662,0.58,0.9825,64
1579439946.383,0.68,0.7836,0.58,0.9777,64
1579439947.408,0.68,0.7864,0.63,0.9918,64
1579439948.472,0.69,0.7515,0.62,0.9768,64
1579439949.376,0.7,0.7185,0.59,0.9513,64
1579439950.45,0.7,0.7192,0.59,0.9829,65
1579439951.462,0.65,0.8021,0.64,0.9327,65
1579439952.491,0.68,0.7529,0.59,1.05,65
1579439953.513,0.65,0.8311,0.58,0.9826,65
1579439954.527,0.69,0.7285,0.54,1.0633,65
1579439955.542,0.65,0.8224,0.62,0.9904,65
1579439956.547,0.68,0.7481,0.57,1.0301,65
1579439957.572,0.66,0.7843,0.65,1.0063,65
1579439958.573,0.69,0.7542,0.62,1.0328,65
1579439959.618,0.68,0.783,0.57,1.0716,65
1579439960.631,0.67,0.7719,0.6,1.0115,65
1579439961.564,0.71,0.7168,0.61,0.9606,65
1579439962.595,0.68,0.7513,0.59,0.8932,66
1579439963.628,0.69,0.737,0.6,0.9422,66
1579439964.636,0.65,0.8134,0.62,0.9005,66
1579439965.651,0.67,0.7776,0.66,0.9581,66
1579439966.697,0.68,0.7486,0.59,0.9723,66
1579439967.731,0.69,0.7423,0.58,1.0401,66
1579439968.769,0.68,0.7759,0.6,1.0133,66
1579439969.77,0.69,0.744,0.6,1.0085,66
1579439970.762,0.7,0.7423,0.56,1.019,66
1579439971.794,0.68,0.7802,0.6,0.9584,66
1579439972.817,0.69,0.7305,0.59,0.9795,66
1579439973.703,0.72,0.6783,0.57,1.0122,66
1579439974.726,0.7,0.7163,0.61,1.0005,67
1579439975.728,0.69,0.7256,0.62,0.9564,67
1579439976.741,0.7,0.7285,0.67,0.9054,67
1579439977.802,0.69,0.7335,0.62,0.9331,67
1579439978.866,0.67,0.7549,0.64,0.9754,67
1579439979.874,0.66,0.7858,0.57,0.9626,67
1579439980.895,0.69,0.726,0.61,1.0212,67
1579439981.898,0.69,0.7388,0.59,1.0247,67
1579439982.995,0.7,0.7365,0.61,1.0503,67
1579439983.994,0.68,0.7672,0.57,0.98,67
1579439985.004,0.7,0.7093,0.56,0.9928,67
1579439985.921,0.71,0.7051,0.6,0.9816,67
1579439986.969,0.71,0.6868,0.62,0.976,68
1579439988.01,0.7,0.7144,0.64,0.9953,68
1579439989.043,0.69,0.742,0.64,0.9198,68
1579439990.097,0.7,0.7246,0.59,0.9483,68
1579439991.121,0.7,0.7055,0.63,0.9682,68
1579439992.137,0.69,0.7293,0.67,0.9768,68
1579439993.159,0.7,0.709,0.59,1.0621,68
1579439994.169,0.67,0.7843,0.61,1.0931,68
1579439995.162,0.68,0.7674,0.6,1.1011,68
1579439996.161,0.68,0.7673,0.55,1.1092,68
1579439997.173,0.69,0.7496,0.59,1.0804,68
1579439998.052,0.71,0.6983,0.57,1.0431,68
1579439999.081,0.67,0.7565,0.57,1.0597,69
1579440000.094,0.69,0.7554,0.64,0.9918,69
1579440001.115,0.69,0.7282,0.63,0.9832,69
1579440002.146,0.66,0.7967,0.63,0.9315,69
1579440003.157,0.71,0.7003,0.6,1.0138,69
1579440004.163,0.66,0.7863,0.62,0.9945,69
1579440005.191,0.69,0.7391,0.62,1.04,69
1579440006.191,0.67,0.7774,0.58,1.0353,69
1579440007.219,0.67,0.7882,0.63,1.0805,69
1579440008.257,0.69,0.7516,0.63,1.0839,69
1579440009.338,0.69,0.7392,0.56,0.9881,69
1579440010.261,0.73,0.665,0.54,1.0622,69
1579440011.298,0.69,0.7527,0.61,1.0278,70
1579440012.347,0.71,0.6931,0.59,1.1014,70
1579440013.421,0.68,0.7652,0.61,0.9761,70
1579440014.466,0.71,0.7071,0.56,0.9819,70
1579440015.48,0.69,0.7298,0.6,0.9591,70
1579440016.515,0.72,0.6829,0.63,1.0226,70
1579440017.536,0.68,0.7441,0.65,0.9848,70
1579440018.546,0.71,0.6977,0.53,1.062,70
1579440019.59,0.67,0.7872,0.63,0.983,70
1579440020.601,0.71,0.7082,0.59,1.0603,70
1579440021.6,0.68,0.753,0.63,0.9858,70
1579440022.489,0.73,0.6663,0.53,1.0451,70
1579440023.49,0.7,0.7176,0.54,1.1081,71
1579440024.503,0.67,0.7888,0.59,1.0945,71
1579440025.527,0.71,0.7025,0.57,1.1881,71
1579440026.539,0.65,0.8401,0.52,1.0235,71
1579440027.555,0.71,0.6911,0.57,1.0288,71
1579440028.555,0.66,0.7778,0.6,1.0018,71
1579440029.556,0.72,0.6739,0.61,1.056,71
1579440030.562,0.7,0.7229,0.55,1.0597,71
1579440031.643,0.7,0.7363,0.57,1.0244,71
1579440032.643,0.71,0.7117,0.54,1.0352,71
1579440033.657,0.7,0.7102,0.59,0.989,71
1579440034.592,0.74,0.6428,0.62,0.9703,71
1579440035.62,0.72,0.6665,0.61,0.9847,72
1579440036.646,0.73,0.6639,0.56,1.0259,72
1579440037.712,0.71,0.6999,0.63,1.0734,72
1579440038.774,0.7,0.7268,0.52,1.0843,72
1579440039.773,0.71,0.6878,0.59,0.9862,72
1579440040.781,0.71,0.6807,0.59,1.05,72
1579440041.818,0.72,0.6917,0.55,1.0812,72
1579440042.878,0.73,0.6486,0.56,1.1352,72
1579440043.876,0.73,0.6756,0.58,1.1262,72
1579440044.898,0.72,0.6808,0.56,1.0825,72
1579440045.912,0.74,0.635,0.55,1.0405,72
1579440046.859,0.76,0.6051,0.58,1.0191,72
1579440047.882,0.74,0.6436,0.55,1.0507,73
1579440048.888,0.74,0.6365,0.62,1.0586,73
1579440049.894,0.73,0.6557,0.6,1.1123,73
1579440050.949,0.72,0.691,0.55,1.069,73
1579440051.988,0.74,0.6319,0.6,0.9828,73
1579440053.019,0.72,0.6699,0.61,1.0636,73
1579440054.037,0.71,0.6846,0.62,0.9919,73
1579440055.072,0.74,0.6246,0.6,1.0847,73
1579440056.088,0.72,0.6762,0.62,1.1255,73
1579440057.103,0.72,0.6853,0.6,1.1414,73
1579440058.108,0.74,0.6353,0.53,1.1326,73
1579440059.026,0.74,0.6305,0.58,1.1372,73
1579440060.043,0.68,0.7343,0.55,1.1105,74
1579440061.117,0.72,0.6718,0.61,1.0832,74
1579440062.134,0.72,0.6661,0.61,1.1081,74
1579440063.16,0.72,0.6925,0.63,1.0417,74
1579440064.199,0.74,0.6409,0.55,1.0891,74
1579440065.256,0.7,0.7029,0.62,1.0802,74
1579440066.299,0.7,0.6887,0.62,1.0428,74
1579440067.391,0.72,0.6566,0.6,1.0415,74
1579440068.456,0.69,0.7499,0.61,1.0341,74
1579440069.514,0.72,0.6726,0.58,1.1633,74
1579440070.541,0.67,0.7628,0.59,1.0647,74
1579440071.452,0.74,0.6312,0.53,1.2252,74
1579440072.5,0.67,0.8039,0.53,1.0933,75
1579440073.554,0.68,0.7507,0.56,1.1053,75
1579440074.568,0.71,0.7058,0.58,1.2054,75
1579440075.573,0.67,0.7752,0.63,1.0416,75
1579440076.58,0.72,0.6487,0.59,1.1073,75
1579440077.584,0.71,0.6961,0.55,1.0808,75
1579440078.616,0.7,0.6973,0.61,1.0582,75
1579440079.63,0.68,0.7289,0.64,0.9591,75
1579440080.659,0.7,0.7067,0.56,1.0301,75
1579440081.678,0.66,0.7951,0.61,0.9503,75
1579440082.717,0.72,0.6588,0.62,1.0102,75
1579440083.614,0.7,0.7052,0.62,0.9984,75
1579440084.619,0.7,0.7047,0.54,1.0443,76
1579440085.615,0.71,0.7009,0.53,1.0553,76
1579440086.624,0.69,0.7579,0.54,1.0012,76
1579440087.652,0.71,0.6904,0.58,1.1101,76
1579440088.669,0.68,0.7431,0.59,1.0728,76
1579440089.705,0.71,0.677,0.55,1.0371,76
1579440090.721,0.71,0.6958,0.57,1.0891,76
1579440091.771,0.69,0.7227,0.61,1.0704,76
1579440092.812,0.74,0.6538,0.54,1.1793,76
1579440093.833,0.69,0.7629,0.58,1.0996,76
1579440094.874,0.73,0.6528,0.58,1.0985,76
1579440095.764,0.74,0.6374,0.59,1.0905,76
1579440096.786,0.72,0.6581,0.54,1.0853,77
1579440097.908,0.72,0.6797,0.57,1.0589,77
1579440098.95,0.73,0.6528,0.6,1.1107,77
1579440099.954,0.71,0.6944,0.55,1.1203,77
1579440101.01,0.75,0.6139,0.53,1.0928,77
1579440102.045,0.75,0.6167,0.58,1.0311,77
1579440103.063,0.75,0.6146,0.58,1.0438,77
1579440104.07,0.74,0.6307,0.58,1.0507,77
1579440105.077,0.75,0.6317,0.57,1.0816,77
1579440106.111,0.73,0.6624,0.59,1.0644,77
1579440107.156,0.75,0.6085,0.61,1.0446,77
1579440108.086,0.77,0.576,0.62,1.0115,77
1579440109.107,0.75,0.5963,0.57,1.0695,78
1579440110.106,0.75,0.6201,0.59,1.1298,78
1579440111.169,0.75,0.6261,0.61,1.1823,78
1579440112.173,0.74,0.6453,0.56,1.197,78
1579440113.182,0.74,0.6189,0.55,1.1549,78
1579440114.183,0.75,0.6099,0.55,1.1252,78
1579440115.19,0.76,0.6065,0.58,1.0884,78
1579440116.194,0.75,0.5964,0.56,1.1036,78
1579440117.198,0.75,0.6174,0.57,1.1177,78
1579440118.209,0.75,0.6352,0.58,1.1032,78
1579440119.206,0.76,0.5986,0.62,1.0707,78
1579440120.102,0.77,0.5641,0.59,1.0184,78
1579440121.135,0.76,0.5851,0.56,1.023,79
1579440122.165,0.76,0.5947,0.58,1.0553,79
1579440123.188,0.76,0.6038,0.6,1.1451,79
1579440124.195,0.75,0.6146,0.57,1.2821,79
1579440125.232,0.75,0.6122,0.51,1.2397,79
1579440126.249,0.76,0.5816,0.56,1.1893,79
1579440127.28,0.74,0.6311,0.58,1.1315,79
1579440128.341,0.76,0.5903,0.57,1.1639,79
1579440129.386,0.75,0.6191,0.62,1.1548,79
1579440130.402,0.75,0.6253,0.62,1.1319,79
1579440131.428,0.76,0.5886,0.65,1.1225,79
1579440132.333,0.77,0.5703,0.57,1.0869,79
1579440133.391,0.76,0.5894,0.51,1.1793,80
1579440134.397,0.74,0.6403,0.57,1.0796,80
1579440135.401,0.75,0.6117,0.61,1.0978,80
1579440136.39,0.74,0.6312,0.57,1.1634,80
1579440137.394,0.76,0.5778,0.59,1.2143,80
1579440138.389,0.76,0.5896,0.58,1.1288,80
1579440139.413,0.76,0.5823,0.58,1.1662,80
1579440140.41,0.72,0.6868,0.56,1.1762,80
1579440141.445,0.74,0.6457,0.55,1.2736,80
1579440142.477,0.71,0.6914,0.58,1.1305,80
1579440143.512,0.75,0.6046,0.6,1.0981,80
1579440144.431,0.76,0.588,0.64,1.0353,80
1579440145.459,0.73,0.6436,0.53,1.1001,81
1579440146.475,0.75,0.6243,0.54,1.1733,81
1579440147.465,0.71,0.6829,0.59,1.2017,81
1579440148.465,0.66,0.791,0.59,1.1581,81
1579440149.484,0.73,0.629,0.55,1.2442,81
1579440150.477,0.71,0.6903,0.59,1.1143,81
1579440151.503,0.72,0.6582,0.63,1.0851,81
1579440152.501,0.7,0.7105,0.55,1.1177,81
1579440153.509,0.71,0.7106,0.51,1.242,81
1579440154.539,0.69,0.7537,0.58,1.2549,81
1579440155.596,0.7,0.6925,0.54,1.2137,81
1579440156.47,0.69,0.7066,0.58,1.0708,81
1579440157.477,0.74,0.646,0.57,1.1277,82
1579440158.487,0.7,0.7272,0.59,0.9874,82
1579440159.504,0.73,0.6592,0.61,1.0242,82
1579440160.499,0.69,0.7184,0.63,1.0841,82
1579440161.533,0.7,0.6983,0.56,1.1357,82
1579440162.558,0.73,0.6314,0.54,1.2257,82
1579440163.603,0.68,0.7544,0.56,1.1469,82
1579440164.627,0.72,0.6645,0.62,1.0965,82
1579440165.671,0.68,0.7435,0.56,1.2092,82
1579440166.69,0.71,0.6942,0.54,1.3006,82
1579440167.711,0.68,0.7467,0.58,1.1141,82
1579440168.614,0.76,0.5992,0.58,1.2182,82
1579440169.658,0.68,0.766,0.6,1.0747,83
1579440170.662,0.72,0.6579,0.59,1.075,83
1579440171.701,0.7,0.6963,0.58,1.0529,83
1579440172.723,0.71,0.6914,0.62,1.0615,83
1579440173.741,0.67,0.771,0.63,1.0195,83
1579440174.795,0.72,0.6702,0.58,1.1215,83
1579440175.816,0.7,0.6971,0.57,1.1316,83
1579440176.848,0.69,0.7291,0.63,1.0826,83
1579440177.876,0.7,0.6978,0.62,1.1121,83
1579440178.955,0.68,0.754,0.62,1.0425,83
1579440179.963,0.75,0.6165,0.56,1.0824,83
1579440180.865,0.71,0.672,0.59,1.0529,83
1579440181.937,0.71,0.6812,0.56,1.0125,84
1579440182.944,0.73,0.6403,0.58,1.0723,84
1579440183.948,0.71,0.7001,0.59,1.0958,84
1579440184.988,0.73,0.6452,0.54,1.1528,84
1579440186.039,0.74,0.6202,0.56,1.0844,84
1579440187.067,0.77,0.5715,0.54,1.119,84
1579440188.075,0.76,0.5911,0.58,1.1463,84
1579440189.112,0.75,0.5981,0.57,1.1178,84
1579440190.146,0.75,0.6053,0.55,1.1109,84
1579440191.154,0.75,0.6098,0.57,1.1151,84
1579440192.161,0.76,0.594,0.59,1.0428,84
1579440193.078,0.79,0.5295,0.58,1.0225,84
1579440194.123,0.78,0.5507,0.56,1.0268,85
1579440195.151,0.76,0.5646,0.56,1.0281,85
1579440196.2,0.76,0.5879,0.53,1.1113,85
1579440197.237,0.75,0.62,0.53,1.1558,85
1579440198.252,0.76,0.5854,0.54,1.1456,85
1579440199.272,0.78,0.55,0.52,1.2366,85
1579440200.312,0.75,0.5884,0.54,1.2861,85
1579440201.332,0.76,0.5773,0.55,1.2848,85
1579440202.378,0.74,0.6337,0.56,1.2734,85
1579440203.395,0.75,0.6073,0.55,1.3194,85
1579440204.426,0.74,0.6322,0.59,1.1471,85
1579440205.323,0.8,0.5137,0.6,1.1468,85
1579440206.374,0.76,0.5731,0.59,1.1343,86
1579440207.381,0.77,0.5636,0.6,1.1277,86
1579440208.389,0.76,0.5942,0.58,1.1453,86
1579440209.391,0.76,0.5955,0.59,1.126,86
1579440210.401,0.76,0.5741,0.54,1.1545,86
1579440211.454,0.79,0.5192,0.52,1.2886,86
1579440212.446,0.75,0.5816,0.58,1.2854,86
1579440213.455,0.78,0.5387,0.57,1.2628,86
1579440214.454,0.74,0.6155,0.53,1.2265,86
1579440215.47,0.76,0.5758,0.57,1.3276,86
1579440216.546,0.74,0.6186,0.62,1.1568,86
1579440217.476,0.8,0.5216,0.58,1.1029,86
1579440218.537,0.77,0.5523,0.64,1.1321,87
1579440219.567,0.76,0.5825,0.62,1.1179,87
1579440220.613,0.76,0.5851,0.56,1.2189,87
1579440221.644,0.74,0.654,0.59,1.1937,87
1579440222.695,0.74,0.6322,0.61,1.1093,87
1579440223.725,0.77,0.5679,0.52,1.3151,87
1579440224.757,0.74,0.6153,0.56,1.2869,87
1579440225.779,0.77,0.552,0.54,1.2927,87
1579440226.829,0.72,0.6533,0.58,1.2082,87
1579440227.859,0.76,0.5992,0.54,1.284,87
1579440228.903,0.72,0.6544,0.57,1.1931,87
1579440229.805,0.75,0.5794,0.58,1.0753,87
1579440230.834,0.75,0.5933,0.6,1.0995,88
1579440231.877,0.74,0.6034,0.63,1.123,88
1579440232.877,0.73,0.6511,0.54,1.1706,88
1579440233.889,0.74,0.6355,0.51,1.4287,88
1579440234.911,0.71,0.7141,0.54,1.3175,88
1579440235.921,0.71,0.6881,0.54,1.2328,88
1579440236.958,0.75,0.6391,0.53,1.345,88
1579440237.972,0.69,0.7601,0.58,1.2728,88
1579440239.024,0.7,0.6988,0.62,1.235,88
1579440240.038,0.69,0.7311,0.55,1.2201,88
1579440241.05,0.7,0.6966,0.53,1.231,88
1579440241.94,0.71,0.6812,0.58,1.1806,88
1579440242.954,0.72,0.6813,0.6,1.1228,89
1579440243.962,0.67,0.7431,0.62,1.0275,89
1579440245.002,0.67,0.7649,0.58,1.0574,89
1579440246.076,0.71,0.6862,0.54,1.2429,89
1579440247.101,0.69,0.7381,0.56,1.1385,89
1579440248.13,0.71,0.691,0.63,1.0615,89
1579440249.191,0.72,0.6662,0.55,1.0947,89
1579440250.246,0.71,0.6575,0.55,1.1764,89
1579440251.256,0.68,0.7779,0.63,1.1123,89
1579440252.29,0.72,0.6655,0.61,1.1844,89
1579440253.379,0.7,0.7088,0.58,1.2081,89
1579440254.285,0.7,0.7086,0.57,1.1486,89
1579440255.312,0.71,0.7007,0.58,1.1561,90
1579440256.333,0.71,0.6922,0.53,1.0962,90
1579440257.334,0.69,0.7414,0.59,1.0253,90
1579440258.346,0.67,0.7578,0.56,1.0098,90
1579440259.36,0.73,0.6424,0.55,1.1817,90
1579440260.375,0.7,0.7354,0.52,1.2404,90
1579440261.398,0.67,0.8004,0.54,1.0762,90
1579440262.405,0.72,0.6545,0.56,1.1069,90
1579440263.398,0.7,0.7021,0.53,1.1672,90
1579440264.393,0.68,0.7591,0.6,1.0858,90
1579440265.389,0.73,0.6451,0.64,1.0895,90
1579440266.265,0.76,0.5863,0.55,1.1748,90
1579440267.264,0.67,0.7698,0.56,1.12,91
1579440268.262,0.7,0.7203,0.66,1.0356,91
1579440269.27,0.74,0.6436,0.6,1.0539,91
1579440270.296,0.7,0.715,0.6,1.0245,91
1579440271.351,0.7,0.7156,0.59,0.9672,91
1579440272.378,0.74,0.6265,0.58,1.0289,91
1579440273.411,0.73,0.6291,0.49,1.1557,91
1579440274.469,0.69,0.7182,0.52,1.1617,91
1579440275.498,0.72,0.6804,0.51,1.1435,91
1579440276.511,0.74,0.618,0.58,1.1642,91
1579440277.565,0.75,0.6125,0.61,1.1384,91
1579440278.485,0.78,0.5485,0.58,1.1262,91
1579440279.51,0.76,0.5906,0.59,1.1071,92
1579440280.509,0.75,0.5959,0.61,1.0762,92
1579440281.537,0.74,0.6205,0.59,1.0359,92
1579440282.538,0.75,0.6131,0.61,0.9982,92
1579440283.567,0.78,0.5586,0.58,1.0143,92
1579440284.565,0.78,0.5351,0.57,1.0642,92
1579440285.561,0.78,0.5374,0.57,1.102,92
1579440286.556,0.77,0.5481,0.56,1.1419,92
1579440287.554,0.76,0.5782,0.58,1.1715,92
1579440288.57,0.76,0.572,0.56,1.1871,92
1579440289.573,0.8,0.5179,0.57,1.1786,92
1579440290.445,0.82,0.4732,0.58,1.2063,92
1579440291.516,0.77,0.5649,0.56,1.187,93
1579440292.548,0.77,0.5398,0.58,1.1965,93
1579440293.583,0.77,0.5773,0.6,1.2079,93
1579440294.599,0.76,0.5924,0.58,1.153,93
1579440295.634,0.79,0.5133,0.52,1.1958,93
1579440296.653,0.79,0.5149,0.51,1.238,93
1579440297.683,0.77,0.5401,0.54,1.1807,93
1579440298.752,0.78,0.5168,0.54,1.2308,93
1579440299.774,0.77,0.5605,0.59,1.2356,93
1579440300.783,0.77,0.5502,0.54,1.2349,93
1579440301.854,0.8,0.4993,0.57,1.2473,93
1579440302.761,0.81,0.4848,0.58,1.2411,93
1579440303.774,0.78,0.5383,0.57,1.2236,94
1579440304.869,0.78,0.5288,0.61,1.1935,94
1579440305.872,0.77,0.5703,0.56,1.1834,94
1579440306.875,0.76,0.5817,0.56,1.2043,94
1579440307.943,0.78,0.5225,0.55,1.3074,94
1579440308.966,0.78,0.5376,0.56,1.304,94
1579440310.01,0.78,0.5378,0.51,1.2439,94
1579440311.003,0.79,0.5017,0.56,1.3809,94
1579440311.998,0.77,0.5805,0.56,1.328,94
1579440313.032,0.77,0.5532,0.56,1.2956,94
1579440314.031,0.79,0.5014,0.58,1.3602,94
1579440314.936,0.8,0.5,0.56,1.3907,94
1579440315.969,0.75,0.6031,0.58,1.3234,95
1579440317.028,0.78,0.5334,0.57,1.2791,95
1579440318.029,0.77,0.5584,0.56,1.2857,95
1579440319.038,0.73,0.6628,0.54,1.2163,95
1579440320.072,0.76,0.5696,0.54,1.2008,95
1579440321.099,0.78,0.5217,0.56,1.4052,95
1579440322.141,0.74,0.6243,0.54,1.3656,95
1579440323.159,0.77,0.5431,0.54,1.3843,95
1579440324.188,0.77,0.5528,0.51,1.4439,95
1579440325.213,0.72,0.6571,0.51,1.4166,95
1579440326.244,0.75,0.5807,0.51,1.3508,95
1579440327.153,0.8,0.4888,0.52,1.4087,95
1579440328.183,0.75,0.5921,0.52,1.4442,96
1579440329.21,0.75,0.6031,0.61,1.3347,96
1579440330.231,0.77,0.551,0.56,1.2936,96
1579440331.271,0.73,0.6314,0.55,1.2618,96
1579440332.276,0.72,0.6802,0.59,1.1721,96
1579440333.29,0.74,0.6078,0.57,1.1878,96
1579440334.298,0.77,0.5683,0.57,1.3242,96
1579440335.351,0.71,0.6907,0.55,1.3176,96
1579440336.355,0.76,0.5944,0.6,1.2594,96
1579440337.355,0.78,0.5475,0.53,1.2897,96
1579440338.383,0.74,0.6154,0.54,1.2763,96
1579440339.317,0.76,0.5715,0.54,1.27,96
1579440340.339,0.76,0.5679,0.55,1.254,97
1579440341.348,0.74,0.6113,0.56,1.2502,97
1579440342.368,0.72,0.6516,0.58,1.2181,97
1579440343.371,0.74,0.6088,0.56,1.1521,97
1579440344.402,0.76,0.5708,0.58,1.1132,97
1579440345.43,0.78,0.5603,0.59,1.102,97
1579440346.469,0.77,0.54,0.58,1.1453,97
1579440347.489,0.77,0.5554,0.58,1.1725,97
1579440348.524,0.77,0.5594,0.53,1.2175,97
1579440349.555,0.77,0.5477,0.5,1.3072,97
1579440350.596,0.78,0.5405,0.56,1.2179,97
1579440351.548,0.81,0.4774,0.55,1.1724,97
1579440352.573,0.78,0.5315,0.56,1.1843,98
1579440353.581,0.79,0.5191,0.57,1.1923,98
1579440354.616,0.77,0.5545,0.61,1.1624,98
1579440355.625,0.78,0.5435,0.6,1.2171,98
1579440356.646,0.79,0.5333,0.58,1.2605,98
1579440357.665,0.81,0.5005,0.58,1.2607,98
1579440358.681,0.79,0.4985,0.55,1.2242,98
1579440359.696,0.8,0.4848,0.59,1.2018,98
1579440360.697,0.81,0.4864,0.55,1.2313,98
1579440361.735,0.8,0.4791,0.5,1.3027,98
1579440362.8,0.81,0.4614,0.53,1.3432,98
1579440363.683,0.83,0.4266,0.58,1.3036,98
1579440364.695,0.81,0.4746,0.59,1.2674,99
1579440365.696,0.8,0.4782,0.6,1.2355,99
1579440366.713,0.79,0.5077,0.6,1.1718,99
1579440367.8,0.81,0.503,0.59,1.1654,99
1579440368.82,0.79,0.5081,0.59,1.1867,99
1579440369.826,0.81,0.4746,0.57,1.2878,99
1579440370.85,0.81,0.478,0.55,1.2339,99
1579440371.878,0.81,0.4549,0.58,1.2734,99
1579440372.957,0.79,0.5182,0.54,1.2619,99
1579440373.96,0.82,0.4411,0.52,1.4204,99
1579440375.002,0.82,0.4506,0.52,1.4264,99
1579440375.941,0.84,0.4048,0.53,1.3883,99
