1579386727.599,0.26,1.3871,0.24,1.3814,0
1579386728.327,0.25,1.3801,0.3,1.3756,0
1579386729.075,0.35,1.3693,0.29,1.3567,0
1579386729.823,0.32,1.3526,0.37,1.3312,0
1579386730.549,0.39,1.3232,0.38,1.3069,0
1579386731.295,0.39,1.2995,0.4,1.2897,0
1579386732.104,0.38,1.2778,0.37,1.2887,0
1579386732.836,0.38,1.2634,0.36,1.3311,0
1579386733.594,0.4,1.2706,0.34,1.3057,0
1579386734.337,0.37,1.2896,0.35,1.2971,0
1579386735.068,0.4,1.2711,0.35,1.3009,0
1579386735.705,0.4,1.2737,0.38,1.287,0
1579386736.434,0.41,1.2566,0.37,1.2673,1
1579386737.164,0.39,1.2528,0.38,1.261,1
1579386737.893,0.41,1.2439,0.45,1.2545,1
1579386738.635,0.43,1.2457,0.44,1.257,1
1579386739.365,0.42,1.2312,0.46,1.2463,1
1579386740.107,0.42,1.2249,0.47,1.2384,1
1579386740.841,0.44,1.2285,0.42,1.2349,1
1579386741.639,0.43,1.2245,0.44,1.2292,1
1579386742.392,0.45,1.2132,0.45,1.2339,1
1579386743.12,0.45,1.2282,0.42,1.2233,1
1579386743.858,0.46,1.2029,0.43,1.2193,1
1579386744.498,0.45,1.2139,0.46,1.211,1
1579386745.226,0.46,1.2033,0.47,1.2012,2
1579386745.967,0.46,1.205,0.48,1.197,2
1579386746.69,0.46,1.1984,0.47,1.1935,2
1579386747.435,0.44,1.2075,0.48,1.1856,2
1579386748.172,0.47,1.1792,0.5,1.1748,2
1579386748.895,0.47,1.179,0.49,1.1687,2
1579386749.624,0.46,1.1873,0.49,1.1714,2
1579386750.372,0.46,1.1836,0.45,1.1672,2
1579386751.105,0.46,1.1718,0.47,1.1777,2
1579386751.833,0.45,1.1924,0.51,1.1573,2
1579386752.572,0.48,1.1696,0.49,1.1524,2
1579386753.211,0.46,1.1787,0.5,1.1476,2
1579386753.941,0.46,1.1725,0.49,1.1412,3
1579386754.671,0.49,1.1681,0.49,1.1432,3
1579386755.413,0.48,1.1645,0.48,1.1438,3
1579386756.134,0.45,1.178,0.5,1.1303,3
1579386756.872,0.48,1.1465,0.54,1.1202,3
1579386757.611,0.49,1.1476,0.5,1.1194,3
1579386758.335,0.47,1.1611,0.49,1.1226,3
1579386759.063,0.48,1.1563,0.46,1.1265,3
1579386759.813,0.48,1.1465,0.45,1.1367,3
1579386760.541,0.47,1.1609,0.51,1.1211,3
1579386761.282,0.49,1.1533,0.54,1.1104,3
1579386761.927,0.49,1.1536,0.53,1.1088,3
1579386762.671,0.48,1.1487,0.5,1.1076,4
1579386763.408,0.49,1.1479,0.47,1.1073,4
1579386764.143,0.49,1.1468,0.43,1.1097,4
1579386764.88,0.48,1.1526,0.48,1.1055,4
1579386765.611,0.49,1.1272,0.53,1.0996,4
1579386766.342,0.48,1.1279,0.54,1.0963,4
1579386767.084,0.48,1.1412,0.51,1.0948,4
1579386767.823,0.49,1.1389,0.49,1.099,4
1579386768.58,0.5,1.1276,0.5,1.111,4
1579386769.313,0.5,1.138,0.47,1.1013,4
1579386770.058,0.5,1.1328,0.5,1.0915,4
1579386770.7,0.5,1.1334,0.55,1.0886,4
1579386771.439,0.5,1.1297,0.54,1.0856,5
1579386772.178,0.5,1.1286,0.53,1.0851,5
1579386772.927,0.5,1.1287,0.5,1.0892,5
1579386773.668,0.49,1.1354,0.51,1.0864,5
1579386774.4,0.51,1.1096,0.51,1.0813,5
1579386775.146,0.51,1.1085,0.53,1.0846,5
1579386775.876,0.5,1.1246,0.5,1.087,5
1579386776.61,0.5,1.124,0.47,1.0908,5
1579386777.351,0.51,1.1111,0.47,1.1094,5
1579386778.081,0.5,1.1267,0.48,1.0929,5
1579386778.813,0.52,1.1207,0.52,1.0827,5
1579386779.462,0.51,1.1156,0.51,1.0826,5
1579386780.2,0.5,1.1166,0.49,1.0769,6
1579386780.928,0.52,1.1122,0.51,1.076,6
1579386781.649,0.51,1.1129,0.49,1.0831,6
1579386782.38,0.5,1.1218,0.5,1.08,6
1579386783.108,0.51,1.0954,0.52,1.0766,6
1579386783.84,0.52,1.0946,0.55,1.0826,6
1579386784.566,0.51,1.1105,0.51,1.0834,6
1579386785.38,0.51,1.1066,0.48,1.0877,6
1579386786.104,0.52,1.0992,0.49,1.0998,6
1579386786.831,0.51,1.1067,0.47,1.0858,6
1579386787.553,0.53,1.1058,0.54,1.078,6
1579386788.195,0.52,1.1038,0.52,1.0742,6
1579386788.922,0.51,1.0992,0.52,1.0704,7
1579386789.657,0.52,1.0981,0.51,1.0731,7
1579386790.386,0.51,1.102,0.49,1.072,7
1579386791.109,0.52,1.1043,0.5,1.0735,7
1579386791.867,0.52,1.0802,0.49,1.0779,7
1579386792.621,0.52,1.0833,0.55,1.0798,7
1579386793.375,0.52,1.0934,0.5,1.0795,7
1579386794.099,0.52,1.0925,0.48,1.0834,7
1579386794.828,0.53,1.0883,0.47,1.0968,7
1579386795.56,0.53,1.0946,0.49,1.0763,7
1579386796.283,0.53,1.093,0.51,1.0706,7
1579386796.921,0.53,1.0905,0.51,1.0652,7
1579386797.658,0.53,1.0842,0.51,1.0599,8
1579386798.382,0.54,1.0809,0.5,1.0616,8
1579386799.111,0.53,1.0861,0.49,1.0623,8
1579386799.852,0.53,1.0886,0.52,1.0649,8
1579386800.585,0.54,1.0632,0.49,1.0713,8
1579386801.392,0.53,1.0711,0.5,1.0726,8
1579386802.125,0.53,1.0764,0.48,1.0736,8
1579386802.861,0.54,1.0754,0.48,1.0785,8
1579386803.597,0.53,1.0758,0.47,1.0815,8
1579386804.323,0.53,1.0742,0.5,1.0671,8
1579386805.053,0.54,1.0775,0.52,1.0651,8
1579386805.714,0.54,1.0784,0.53,1.0557,8
1579386806.444,0.54,1.0683,0.52,1.056,9
1579386807.183,0.55,1.0701,0.49,1.064,9
1579386807.921,0.53,1.0749,0.5,1.0586,9
1579386808.654,0.53,1.0746,0.49,1.0663,9
1579386809.404,0.55,1.0538,0.5,1.0725,9
1579386810.125,0.54,1.0579,0.5,1.0718,9
1579386810.861,0.54,1.0636,0.49,1.0707,9
1579386811.602,0.54,1.0707,0.49,1.0672,9
1579386812.328,0.54,1.0627,0.49,1.0813,9
1579386813.061,0.54,1.0706,0.51,1.0599,9
1579386813.794,0.54,1.0727,0.51,1.0532,9
1579386814.428,0.54,1.0648,0.52,1.0523,9
1579386815.163,0.54,1.0603,0.52,1.0509,10
1579386815.9,0.55,1.0599,0.5,1.0496,10
1579386816.628,0.54,1.0615,0.54,1.0532,10
1579386817.357,0.54,1.0647,0.5,1.0617,10
1579386818.094,0.55,1.0435,0.51,1.0629,10
1579386818.827,0.55,1.0473,0.52,1.0592,10
1579386819.569,0.55,1.0498,0.52,1.0608,10
1579386820.296,0.54,1.0559,0.54,1.0569,10
1579386821.038,0.55,1.0527,0.5,1.0571,10
1579386821.77,0.55,1.048,0.5,1.0508,10
1579386822.499,0.55,1.053,0.53,1.0525,10
1579386823.149,0.55,1.0563,0.54,1.0448,10
1579386824.078,0.55,1.0474,0.53,1.0512,11
1579386824.806,0.55,1.0496,0.5,1.0599,11
1579386825.532,0.54,1.0555,0.52,1.0512,11
1579386826.271,0.54,1.0563,0.51,1.0608,11
1579386827.015,0.56,1.0345,0.52,1.0678,11
1579386827.74,0.56,1.0381,0.54,1.0547,11
1579386828.476,0.56,1.0399,0.54,1.0513,11
1579386829.21,0.55,1.0523,0.52,1.0519,11
1579386829.947,0.55,1.0437,0.49,1.0625,11
1579386830.677,0.55,1.0467,0.49,1.0482,11
1579386831.418,0.55,1.0547,0.5,1.0464,11
1579386832.061,0.55,1.0468,0.53,1.0461,11
1579386832.806,0.56,1.0411,0.54,1.0437,12
1579386833.542,0.56,1.0415,0.53,1.0463,12
1579386834.27,0.55,1.047,0.56,1.0505,12
1579386835.0,0.55,1.05,0.52,1.0538,12
1579386835.735,0.57,1.0239,0.52,1.0576,12
1579386836.465,0.56,1.0311,0.55,1.0497,12
1579386837.206,0.56,1.0345,0.55,1.0472,12
1579386837.942,0.56,1.0368,0.52,1.0483,12
1579386838.674,0.55,1.0414,0.52,1.0479,12
1579386839.424,0.56,1.0313,0.52,1.0407,12
1579386840.15,0.56,1.0305,0.51,1.0493,12
1579386840.79,0.55,1.0426,0.54,1.0379,12
1579386841.525,0.56,1.0338,0.54,1.0428,13
1579386842.253,0.56,1.0299,0.5,1.0595,13
1579386842.985,0.55,1.0459,0.53,1.0477,13
1579386843.725,0.55,1.0469,0.54,1.0531,13
1579386844.449,0.57,1.0146,0.52,1.0727,13
1579386845.234,0.57,1.0269,0.54,1.0537,13
1579386845.964,0.56,1.0303,0.53,1.0416,13
1579386846.698,0.56,1.0321,0.53,1.0535,13
1579386847.436,0.55,1.0342,0.5,1.0635,13
1579386848.166,0.56,1.0366,0.55,1.0324,13
1579386848.906,0.56,1.0302,0.54,1.0449,13
1579386849.563,0.55,1.0342,0.55,1.0453,13
1579386850.292,0.56,1.034,0.55,1.0314,14
1579386851.024,0.56,1.0211,0.52,1.0418,14
1579386851.784,0.55,1.0366,0.51,1.0532,14
1579386852.545,0.55,1.0484,0.53,1.0461,14
1579386853.297,0.58,1.0076,0.55,1.0547,14
1579386854.029,0.57,1.013,0.55,1.0613,14
1579386854.764,0.56,1.0348,0.55,1.0413,14
1579386855.489,0.56,1.0211,0.5,1.0404,14
1579386856.212,0.56,1.0227,0.54,1.0586,14
1579386856.951,0.56,1.0307,0.52,1.0334,14
1579386857.676,0.56,1.0205,0.55,1.0321,14
1579386858.318,0.56,1.0198,0.53,1.0468,14
1579386859.061,0.56,1.0336,0.56,1.0415,15
1579386859.79,0.56,1.0217,0.51,1.0427,15
1579386860.52,0.56,1.0266,0.52,1.0525,15
1579386861.325,0.55,1.0454,0.53,1.0546,15
1579386862.062,0.57,1.0096,0.55,1.061,15
1579386862.793,0.58,1.0023,0.54,1.061,15
1579386863.519,0.57,1.023,0.54,1.0501,15
1579386864.279,0.57,1.026,0.54,1.0389,15
1579386865.02,0.57,1.0118,0.53,1.0583,15
1579386865.766,0.57,1.0225,0.54,1.0321,15
1579386866.5,0.56,1.0262,0.54,1.0273,15
1579386867.151,0.57,1.0138,0.55,1.0391,15
1579386867.894,0.57,1.0173,0.54,1.0464,16
1579386868.631,0.56,1.0221,0.54,1.0403,16
1579386869.388,0.57,1.0209,0.52,1.0449,16
1579386870.126,0.56,1.0285,0.52,1.0512,16
1579386870.861,0.57,1.0047,0.54,1.0506,16
1579386871.6,0.58,0.9955,0.55,1.0533,16
1579386872.337,0.58,1.0098,0.54,1.0453,16
1579386873.07,0.57,1.0154,0.56,1.0384,16
1579386873.809,0.57,1.0098,0.53,1.052,16
1579386874.551,0.57,1.0108,0.51,1.0306,16
1579386875.291,0.56,1.0134,0.56,1.0288,16
1579386875.932,0.57,1.0072,0.54,1.0346,16
1579386876.66,0.57,1.0074,0.55,1.0435,17
1579386877.391,0.57,1.0116,0.55,1.0425,17
1579386878.117,0.57,1.015,0.54,1.0422,17
1579386878.847,0.56,1.0216,0.52,1.0469,17
1579386879.591,0.58,0.9962,0.54,1.0483,17
1579386880.325,0.58,0.9874,0.55,1.0471,17
1579386881.055,0.58,1.0021,0.54,1.0423,17
1579386881.786,0.57,1.0094,0.54,1.0401,17
1579386882.515,0.57,1.0027,0.54,1.0474,17
1579386883.241,0.57,1.0034,0.52,1.0308,17
1579386883.975,0.56,1.0122,0.55,1.0329,17
1579386884.622,0.57,1.0014,0.54,1.0379,17
1579386885.35,0.58,1.002,0.55,1.0445,18
1579386886.078,0.57,1.0087,0.56,1.0453,18
1579386886.86,0.57,1.0098,0.53,1.0404,18
1579386887.601,0.56,1.0175,0.54,1.0446,18
1579386888.325,0.58,0.9942,0.53,1.049,18
1579386889.054,0.59,0.9823,0.56,1.0497,18
1579386889.791,0.58,0.9984,0.54,1.0455,18
1579386890.515,0.58,1.0086,0.56,1.0433,18
1579386891.24,0.57,0.9998,0.54,1.0579,18
1579386891.974,0.57,1.0032,0.52,1.0344,18
1579386892.713,0.57,1.0116,0.55,1.0323,18
1579386893.346,0.58,0.9966,0.55,1.0419,18
1579386894.08,0.58,0.9973,0.55,1.0453,19
1579386894.816,0.57,1.0048,0.55,1.0432,19
1579386895.544,0.57,1.0061,0.53,1.0435,19
1579386896.265,0.57,1.0133,0.54,1.045,19
1579386897.013,0.58,0.989,0.55,1.0456,19
1579386897.759,0.58,0.9811,0.55,1.0495,19
1579386898.491,0.58,0.9952,0.55,1.0441,19
1579386899.23,0.58,0.9996,0.55,1.0437,19
1579386899.969,0.57,1.0025,0.55,1.0578,19
1579386900.698,0.58,0.9972,0.53,1.0304,19
1579386901.439,0.57,0.9956,0.53,1.0324,19
1579386902.079,0.57,0.9967,0.56,1.0341,19
1579386902.83,0.58,0.9914,0.56,1.0421,20
1579386903.562,0.58,0.9942,0.54,1.0462,20
1579386904.29,0.57,1.0044,0.54,1.0436,20
1579386905.051,0.57,1.0107,0.55,1.0448,20
1579386905.814,0.59,0.9778,0.57,1.0513,20
1579386906.544,0.58,0.9794,0.54,1.0444,20
1579386907.271,0.58,0.991,0.55,1.0386,20
1579386908.007,0.58,0.9908,0.54,1.0486,20
1579386908.747,0.57,0.9977,0.54,1.0526,20
1579386909.481,0.58,0.9897,0.56,1.0298,20
1579386910.22,0.58,0.9887,0.54,1.0379,20
1579386910.866,0.58,0.9921,0.57,1.0351,20
1579386911.602,0.58,0.9888,0.55,1.0355,21
1579386912.41,0.58,0.987,0.55,1.0503,21
1579386913.151,0.58,1.0009,0.53,1.047,21
1579386913.881,0.57,1.0083,0.56,1.0457,21
1579386914.605,0.6,0.9725,0.56,1.0594,21
1579386915.335,0.59,0.9758,0.55,1.0487,21
1579386916.067,0.58,0.9877,0.55,1.038,21
1579386916.797,0.58,0.9881,0.53,1.051,21
1579386917.516,0.58,0.9933,0.53,1.0584,21
1579386918.248,0.58,0.9883,0.54,1.0324,21
1579386918.974,0.59,0.9869,0.54,1.0427,21
1579386919.613,0.58,0.9866,0.58,1.0425,21
1579386920.35,0.58,0.9862,0.55,1.0354,22
1579386921.124,0.59,0.983,0.54,1.0474,22
1579386921.869,0.58,0.9961,0.52,1.0501,22
1579386922.799,0.57,1.0064,0.55,1.0439,22
1579386923.536,0.6,0.9684,0.55,1.057,22
1579386924.274,0.59,0.9705,0.56,1.0548,22
1579386925.007,0.58,0.987,0.55,1.0355,22
1579386925.752,0.59,0.9842,0.53,1.0431,22
1579386926.485,0.58,0.9894,0.53,1.0687,22
1579386927.218,0.58,0.9924,0.54,1.0288,22
1579386927.952,0.59,0.9813,0.55,1.0397,22
1579386928.6,0.59,0.9806,0.58,1.0474,22
1579386929.363,0.59,0.9861,0.56,1.0343,23
1579386930.093,0.59,0.9775,0.54,1.0404,23
1579386930.827,0.58,0.9921,0.54,1.0513,23
1579386931.569,0.57,1.0056,0.55,1.0466,23
1579386932.304,0.6,0.963,0.55,1.0568,23
1579386933.031,0.6,0.9655,0.56,1.0571,23
1579386933.763,0.58,0.9841,0.56,1.0372,23
1579386934.485,0.59,0.9767,0.55,1.0401,23
1579386935.226,0.58,0.9845,0.54,1.0553,23
1579386935.961,0.58,0.9839,0.56,1.0268,23
1579386936.692,0.59,0.9708,0.56,1.0372,23
1579386937.336,0.59,0.9744,0.57,1.0466,23
1579386938.067,0.58,0.9837,0.58,1.0382,24
1579386938.803,0.59,0.9743,0.54,1.0423,24
1579386939.541,0.58,0.9873,0.55,1.0506,24
1579386940.269,0.57,1.005,0.54,1.0498,24
1579386941.005,0.6,0.9602,0.56,1.0619,24
1579386941.742,0.6,0.9601,0.55,1.0587,24
1579386942.47,0.58,0.9813,0.54,1.0378,24
1579386943.194,0.59,0.975,0.55,1.0405,24
1579386943.931,0.58,0.9775,0.56,1.0502,24
1579386944.66,0.58,0.9815,0.54,1.0242,24
1579386945.387,0.59,0.9728,0.56,1.0349,24
1579386946.03,0.59,0.9682,0.56,1.0501,24
1579386946.82,0.58,0.9828,0.57,1.0384,25
1579386947.544,0.59,0.9749,0.54,1.0395,25
1579386948.269,0.58,0.9815,0.51,1.0482,25
1579386949.006,0.57,1.0029,0.53,1.0453,25
1579386949.74,0.6,0.9616,0.57,1.0563,25
1579386950.466,0.6,0.9528,0.54,1.0613,25
1579386951.201,0.59,0.9778,0.54,1.0444,25
1579386951.94,0.59,0.9784,0.54,1.0348,25
1579386952.674,0.59,0.9696,0.55,1.0564,25
1579386953.4,0.58,0.9815,0.56,1.0258,25
1579386954.142,0.58,0.9774,0.55,1.0249,25
1579386954.789,0.59,0.9603,0.57,1.0495,25
1579386955.519,0.59,0.9779,0.57,1.0484,26
1579386956.251,0.58,0.9799,0.57,1.0336,26
1579386956.994,0.59,0.9733,0.52,1.0453,26
1579386957.724,0.58,0.9949,0.52,1.0463,26
1579386958.453,0.59,0.9646,0.54,1.0433,26
1579386959.184,0.6,0.946,0.56,1.0552,26
1579386959.911,0.59,0.9684,0.55,1.0506,26
1579386960.641,0.58,0.9788,0.56,1.0334,26
1579386961.377,0.59,0.9679,0.55,1.0459,26
1579386962.105,0.59,0.9688,0.55,1.0239,26
1579386962.836,0.58,0.9719,0.58,1.017,26
1579386963.479,0.6,0.9587,0.55,1.0335,26
1579386964.219,0.59,0.9651,0.57,1.0515,27
1579386964.964,0.58,0.9782,0.57,1.0388,27
1579386965.753,0.59,0.973,0.54,1.0342,27
1579386966.485,0.58,0.9824,0.53,1.0433,27
1579386967.211,0.59,0.9595,0.54,1.0423,27
1579386967.94,0.6,0.9442,0.57,1.0426,27
1579386968.665,0.6,0.9573,0.56,1.0476,27
1579386969.4,0.59,0.9719,0.55,1.0416,27
1579386970.137,0.59,0.9673,0.55,1.0369,27
1579386970.869,0.59,0.9571,0.55,1.0209,27
1579386971.611,0.59,0.9637,0.57,1.0189,27
1579386972.316,0.6,0.9568,0.56,1.0242,27
1579386973.053,0.6,0.9577,0.55,1.0427,28
1579386973.778,0.59,0.9689,0.57,1.0441,28
1579386974.505,0.59,0.9716,0.55,1.0323,28
1579386975.23,0.59,0.9765,0.54,1.0379,28
1579386975.952,0.6,0.9511,0.53,1.0452,28
1579386976.681,0.6,0.9418,0.58,1.0385,28
1579386977.409,0.6,0.9515,0.56,1.0444,28
1579386978.135,0.59,0.9651,0.53,1.0466,28
1579386978.875,0.59,0.9641,0.55,1.0337,28
1579386979.612,0.6,0.9513,0.55,1.0194,28
1579386980.342,0.59,0.958,0.54,1.0204,28
1579386981.019,0.6,0.952,0.56,1.0213,28
1579386981.789,0.6,0.9539,0.55,1.036,29
1579386982.523,0.59,0.9627,0.56,1.0408,29
1579386983.253,0.59,0.9671,0.55,1.0268,29
1579386983.99,0.59,0.9734,0.56,1.031,29
1579386984.72,0.6,0.9459,0.57,1.044,29
1579386985.447,0.61,0.9385,0.59,1.0355,29
1579386986.167,0.61,0.9475,0.56,1.0426,29
1579386986.901,0.6,0.9617,0.53,1.0463,29
1579386987.635,0.59,0.96,0.56,1.0326,29
1579386988.361,0.6,0.9476,0.55,1.0195,29
1579386989.1,0.6,0.9546,0.56,1.02,29
1579386989.743,0.6,0.9459,0.56,1.0222,29
1579386990.477,0.6,0.9501,0.55,1.0321,30
1579386991.208,0.6,0.9586,0.56,1.0335,30
1579386991.939,0.6,0.9603,0.58,1.0228,30
1579386992.667,0.59,0.9689,0.57,1.027,30
1579386993.392,0.6,0.942,0.56,1.038,30
1579386994.127,0.61,0.9318,0.58,1.0359,30
1579386994.855,0.61,0.9433,0.58,1.0404,30
1579386995.586,0.6,0.9585,0.55,1.038,30
1579386996.313,0.6,0.9531,0.53,1.0358,30
1579386997.055,0.6,0.9474,0.55,1.0194,30
1579386997.785,0.6,0.9525,0.58,1.0187,30
1579386998.425,0.61,0.939,0.55,1.0268,30
1579386999.165,0.6,0.9477,0.55,1.0307,31
1579386999.894,0.6,0.9549,0.56,1.0255,31
1579387000.624,0.59,0.9535,0.57,1.021,31
1579387001.377,0.59,0.9654,0.56,1.0236,31
1579387002.115,0.6,0.9387,0.57,1.0317,31
1579387002.867,0.61,0.9259,0.57,1.0384,31
1579387003.63,0.61,0.9408,0.58,1.04,31
1579387004.373,0.6,0.9554,0.55,1.0323,31
1579387005.108,0.6,0.9477,0.52,1.0406,31
1579387005.841,0.6,0.9475,0.54,1.019,31
1579387006.596,0.6,0.9498,0.59,1.0174,31
1579387007.246,0.61,0.933,0.55,1.0308,31
1579387007.997,0.6,0.946,0.55,1.0305,32
1579387008.751,0.6,0.951,0.57,1.0208,32
1579387009.488,0.6,0.9482,0.57,1.0218,32
1579387010.228,0.6,0.9625,0.58,1.0222,32
1579387010.96,0.6,0.9352,0.57,1.0271,32
1579387011.691,0.62,0.9208,0.55,1.0387,32
1579387012.431,0.61,0.9382,0.58,1.0365,32
1579387013.156,0.6,0.9508,0.55,1.0247,32
1579387013.885,0.6,0.9439,0.52,1.0386,32
1579387014.616,0.6,0.9456,0.54,1.0142,32
1579387015.346,0.6,0.9444,0.58,1.0115,32
1579387015.984,0.61,0.928,0.55,1.0283,32
1579387016.724,0.6,0.9422,0.55,1.0289,33
1579387017.458,0.6,0.946,0.57,1.017,33
1579387018.18,0.6,0.9437,0.57,1.0185,33
1579387018.905,0.6,0.9585,0.56,1.0195,33
1579387019.64,0.6,0.9311,0.57,1.0221,33
1579387020.362,0.61,0.9167,0.56,1.0343,33
1579387021.084,0.61,0.9333,0.58,1.0336,33
1579387021.824,0.6,0.9456,0.55,1.0208,33
1579387022.565,0.6,0.9408,0.53,1.0318,33
1579387023.465,0.6,0.9396,0.53,1.0088,33
1579387024.206,0.61,0.9392,0.6,1.0071,33
1579387024.856,0.62,0.9241,0.56,1.0217,33
1579387025.697,0.6,0.9369,0.55,1.0259,34
1579387026.43,0.6,0.9408,0.57,1.0161,34
1579387027.164,0.6,0.9398,0.57,1.0134,34
1579387027.91,0.6,0.9538,0.56,1.0173,34
1579387028.642,0.61,0.927,0.57,1.0208,34
1579387029.383,0.62,0.9129,0.57,1.0283,34
1579387030.113,0.61,0.9282,0.58,1.0307,34
1579387030.847,0.6,0.9418,0.57,1.0202,34
1579387031.582,0.61,0.9363,0.54,1.022,34
1579387032.378,0.61,0.9317,0.56,1.0052,34
1579387033.114,0.61,0.932,0.59,1.0054,34
1579387033.759,0.62,0.9201,0.56,1.0148,34
1579387034.501,0.61,0.9326,0.56,1.0218,35
1579387035.226,0.61,0.9349,0.57,1.0123,35
1579387035.955,0.6,0.936,0.57,1.0062,35
1579387036.681,0.6,0.9507,0.56,1.0135,35
1579387037.403,0.61,0.9217,0.57,1.017,35
1579387038.131,0.62,0.9089,0.59,1.0203,35
1579387038.868,0.62,0.9236,0.59,1.0249,35
1579387039.594,0.6,0.9357,0.56,1.0171,35
1579387040.336,0.61,0.9316,0.55,1.01,35
1579387041.115,0.61,0.9237,0.56,1.001,35
1579387041.864,0.62,0.9244,0.59,1.0029,35
1579387042.513,0.62,0.9152,0.55,1.0126,35
1579387043.254,0.61,0.9319,0.55,1.0204,36
1579387043.991,0.61,0.9297,0.57,1.006,36
1579387044.718,0.61,0.931,0.55,1.0022,36
1579387045.448,0.6,0.9496,0.54,1.0146,36
1579387046.184,0.61,0.9176,0.58,1.0119,36
1579387046.918,0.62,0.9039,0.57,1.0163,36
1579387047.652,0.62,0.9203,0.57,1.0199,36
1579387048.396,0.6,0.9305,0.55,1.0076,36
1579387049.125,0.61,0.9263,0.55,1.0031,36
1579387049.847,0.61,0.9192,0.56,0.9968,36
1579387050.567,0.62,0.9173,0.58,0.9984,36
1579387051.214,0.62,0.9088,0.55,1.0111,36
1579387051.944,0.61,0.9277,0.55,1.0188,37
1579387052.67,0.61,0.9248,0.59,0.9992,37
1579387053.407,0.61,0.9259,0.56,0.9988,37
1579387054.137,0.6,0.9432,0.54,1.0131,37
1579387054.865,0.61,0.9122,0.6,1.0046,37
1579387055.606,0.63,0.9004,0.57,1.0119,37
1579387056.335,0.62,0.9149,0.58,1.0092,37
1579387057.077,0.6,0.925,0.55,0.9952,37
1579387057.809,0.61,0.9225,0.54,1.0045,37
1579387058.543,0.61,0.9168,0.56,0.9901,37
1579387059.275,0.63,0.9129,0.58,0.9985,37
1579387059.916,0.62,0.9045,0.56,1.008,37
1579387060.663,0.61,0.9216,0.56,1.0086,38
1579387061.4,0.61,0.9168,0.59,0.9961,38
1579387062.13,0.61,0.9229,0.57,0.9955,38
1579387062.86,0.6,0.9395,0.55,1.0107,38
1579387063.6,0.62,0.9054,0.57,1.004,38
1579387064.323,0.63,0.8961,0.58,1.0057,38
1579387065.053,0.62,0.9101,0.56,1.0006,38
1579387065.786,0.61,0.9182,0.58,0.9902,38
1579387066.524,0.61,0.9181,0.55,1.0003,38
1579387067.253,0.62,0.9098,0.55,0.9878,38
1579387067.978,0.63,0.9052,0.57,0.9993,38
1579387068.645,0.62,0.8996,0.56,1.0028,38
1579387069.381,0.62,0.9164,0.56,1.0032,39
1579387070.106,0.61,0.911,0.58,0.9916,39
1579387070.84,0.61,0.9199,0.57,0.9949,39
1579387071.562,0.61,0.9309,0.56,1.0138,39
1579387072.289,0.62,0.9009,0.6,1.0025,39
1579387073.029,0.63,0.8927,0.56,1.0024,39
1579387073.763,0.62,0.9056,0.55,0.9912,39
1579387074.488,0.62,0.9126,0.55,0.9884,39
1579387075.213,0.61,0.9132,0.56,0.9992,39
1579387075.946,0.62,0.9035,0.57,0.9867,39
1579387076.674,0.63,0.9023,0.56,1.0027,39
1579387077.313,0.62,0.8986,0.57,0.9972,39
1579387078.056,0.62,0.9162,0.57,0.9994,40
1579387078.782,0.61,0.9076,0.58,0.9895,40
1579387079.521,0.62,0.9154,0.59,0.9943,40
1579387080.251,0.61,0.9277,0.56,1.0213,40
1579387080.983,0.62,0.9004,0.59,0.999,40
1579387081.712,0.63,0.8888,0.55,0.9954,40
1579387082.433,0.63,0.9005,0.55,0.9918,40
1579387083.179,0.61,0.9086,0.54,0.9841,40
1579387083.922,0.61,0.9105,0.55,1.0037,40
1579387084.655,0.62,0.9013,0.56,0.9832,40
1579387085.462,0.63,0.8976,0.57,0.9909,40
1579387086.12,0.63,0.8893,0.57,0.9864,40
1579387086.868,0.62,0.9022,0.56,0.9856,41
1579387087.598,0.62,0.8999,0.55,0.9925,41
1579387088.342,0.62,0.9124,0.59,0.9936,41
1579387089.084,0.62,0.9245,0.57,1.013,41
1579387089.826,0.63,0.8912,0.59,0.9969,41
1579387090.559,0.63,0.8812,0.58,0.9894,41
1579387091.322,0.63,0.897,0.56,0.9924,41
1579387092.147,0.61,0.9047,0.54,0.9818,41
1579387092.878,0.62,0.9045,0.55,0.9951,41
1579387093.613,0.62,0.8938,0.56,0.9791,41
1579387094.344,0.63,0.8908,0.57,0.9825,41
1579387094.982,0.63,0.8825,0.58,0.9837,41
1579387095.717,0.62,0.8973,0.58,0.9853,42
1579387096.445,0.62,0.8951,0.57,0.9873,42
1579387097.167,0.62,0.9056,0.57,0.992,42
1579387097.897,0.62,0.9145,0.58,1.005,42
1579387098.636,0.63,0.8842,0.59,0.9903,42
1579387099.37,0.64,0.8762,0.57,0.9853,42
1579387100.093,0.63,0.8921,0.57,0.9858,42
1579387100.822,0.62,0.899,0.54,0.9826,42
1579387101.614,0.62,0.8972,0.53,0.9909,42
1579387102.337,0.62,0.8885,0.57,0.977,42
1579387103.068,0.64,0.8878,0.56,0.9872,42
1579387103.709,0.63,0.8802,0.57,0.9867,42
1579387104.446,0.62,0.9027,0.56,1.0021,43
1579387105.174,0.62,0.8992,0.56,0.9871,43
1579387105.917,0.62,0.9063,0.58,0.9976,43
1579387106.648,0.62,0.9081,0.58,1.0031,43
1579387107.381,0.63,0.8792,0.58,0.9865,43
1579387108.108,0.64,0.8726,0.56,0.9857,43
1579387108.839,0.63,0.8888,0.58,0.9801,43
1579387109.576,0.63,0.8973,0.53,0.9865,43
1579387110.306,0.63,0.8927,0.53,0.9812,43
1579387111.03,0.63,0.8832,0.56,0.9738,43
1579387111.765,0.63,0.8829,0.57,0.9831,43
1579387112.403,0.63,0.8736,0.57,0.9851,43
1579387113.143,0.63,0.8962,0.55,1.0007,44
1579387113.878,0.62,0.8921,0.57,0.9886,44
1579387114.605,0.62,0.9005,0.59,1.0,44
1579387115.347,0.62,0.9026,0.55,1.0116,44
1579387116.071,0.63,0.8767,0.56,0.9846,44
1579387116.816,0.64,0.8694,0.55,0.9819,44
1579387117.539,0.63,0.885,0.59,0.9748,44
1579387118.271,0.62,0.8928,0.53,0.9763,44
1579387119.014,0.63,0.8872,0.54,0.9807,44
1579387119.762,0.63,0.8793,0.59,0.9697,44
1579387120.663,0.64,0.8845,0.56,0.9943,44
1579387121.322,0.63,0.8762,0.55,0.9977,44
1579387122.072,0.63,0.9052,0.56,1.004,45
1579387122.802,0.62,0.8893,0.57,0.9934,45
1579387123.55,0.62,0.8958,0.54,1.006,45
1579387124.283,0.63,0.9069,0.57,1.0376,45
1579387125.022,0.63,0.8845,0.59,0.9918,45
1579387125.748,0.64,0.8641,0.55,0.9812,45
1579387126.476,0.63,0.8821,0.55,0.9929,45
1579387127.208,0.62,0.8948,0.56,0.9722,45
1579387127.938,0.63,0.8908,0.54,0.9746,45
1579387128.688,0.63,0.8753,0.57,0.9686,45
1579387129.417,0.64,0.8774,0.58,0.9611,45
1579387130.065,0.64,0.8633,0.59,0.9862,45
1579387130.8,0.63,0.8851,0.55,0.9818,46
1579387131.524,0.63,0.8771,0.58,0.989,46
1579387132.268,0.62,0.8907,0.57,1.0013,46
1579387133.006,0.63,0.8953,0.57,1.0174,46
1579387133.736,0.64,0.8689,0.58,0.9992,46
1579387134.46,0.64,0.8584,0.55,0.9814,46
1579387135.192,0.62,0.8826,0.57,0.9834,46
1579387135.922,0.62,0.8845,0.56,0.9748,46
1579387136.651,0.64,0.8782,0.55,0.9642,46
1579387137.388,0.63,0.8701,0.58,0.9694,46
1579387138.118,0.64,0.8729,0.56,0.9632,46
1579387138.757,0.64,0.8568,0.59,0.9787,46
1579387139.511,0.63,0.8781,0.54,0.9795,47
1579387140.243,0.63,0.8702,0.56,0.9891,47
1579387140.971,0.62,0.8846,0.59,1.01,47
1579387141.694,0.62,0.8902,0.57,1.0229,47
1579387142.427,0.64,0.8609,0.56,0.9992,47
1579387143.168,0.65,0.8506,0.55,0.9879,47
1579387143.909,0.63,0.874,0.58,0.99,47
1579387144.639,0.63,0.8804,0.56,0.9771,47
1579387145.458,0.64,0.8726,0.58,0.9672,47
1579387146.187,0.64,0.8657,0.57,0.9643,47
1579387146.917,0.64,0.865,0.57,0.968,47
1579387147.564,0.64,0.8504,0.58,0.9723,47
1579387148.302,0.64,0.8709,0.55,0.9781,48
1579387149.028,0.64,0.8662,0.55,0.9866,48
1579387149.776,0.63,0.879,0.57,1.0105,48
1579387150.511,0.62,0.8849,0.57,1.0161,48
1579387151.266,0.65,0.8554,0.57,0.9945,48
1579387152.08,0.65,0.8471,0.56,0.9874,48
1579387152.829,0.64,0.8648,0.57,0.997,48
1579387153.587,0.63,0.878,0.55,0.9805,48
1579387154.322,0.64,0.8679,0.58,0.9686,48
1579387155.053,0.63,0.8616,0.58,0.9704,48
1579387155.795,0.65,0.8591,0.56,0.9756,48
1579387156.434,0.64,0.8473,0.55,0.9674,48
1579387157.17,0.64,0.8606,0.56,0.9765,49
1579387157.911,0.64,0.8624,0.53,0.9858,49
1579387158.662,0.63,0.8729,0.57,1.0129,49
1579387159.389,0.63,0.8801,0.57,1.008,49
1579387160.117,0.65,0.8487,0.55,0.9943,49
1579387160.858,0.65,0.846,0.56,0.9863,49
1579387161.643,0.64,0.8593,0.57,0.9998,49
1579387162.368,0.63,0.8745,0.57,0.9744,49
1579387163.1,0.64,0.8643,0.55,0.9796,49
1579387163.841,0.63,0.86,0.55,0.9672,49
1579387164.568,0.65,0.8585,0.57,1.0176,49
1579387165.212,0.63,0.8719,0.53,1.0472,49
1579387165.975,0.6,0.953,0.56,1.0395,50
1579387166.703,0.62,0.9105,0.53,0.9849,50
1579387167.441,0.63,0.8834,0.57,1.0121,50
1579387168.177,0.63,0.8944,0.6,1.0333,50
1579387168.915,0.64,0.8719,0.57,0.9904,50
1579387169.648,0.65,0.8448,0.53,0.9845,50
1579387170.38,0.63,0.8701,0.55,0.9889,50
1579387171.115,0.63,0.8758,0.57,0.9977,50
1579387171.851,0.64,0.8718,0.57,0.9671,50
1579387172.581,0.64,0.8572,0.59,0.971,50
1579387173.312,0.65,0.8586,0.56,0.9746,50
1579387173.956,0.65,0.8388,0.58,0.9853,50
1579387174.712,0.64,0.8693,0.56,0.9749,51
1579387175.463,0.64,0.8593,0.55,0.9931,51
1579387176.202,0.62,0.8821,0.54,0.9876,51
1579387176.956,0.63,0.879,0.57,1.0226,51
1579387177.693,0.65,0.8537,0.6,1.0175,51
1579387178.421,0.64,0.845,0.57,0.9903,51
1579387179.166,0.63,0.8684,0.56,0.9752,51
1579387179.901,0.64,0.8668,0.57,0.9897,51
1579387180.633,0.64,0.8677,0.57,0.9699,51
1579387181.401,0.64,0.8537,0.58,0.9408,51
1579387182.134,0.65,0.8493,0.61,0.9629,51
1579387182.783,0.64,0.8423,0.59,0.9654,51
1579387183.552,0.64,0.8609,0.58,0.9587,52
1579387184.297,0.64,0.8492,0.6,0.9913,52
1579387185.041,0.63,0.8714,0.59,0.9902,52
1579387185.77,0.63,0.8681,0.58,1.0137,52
1579387186.517,0.66,0.8392,0.58,1.0295,52
1579387187.244,0.65,0.8405,0.56,0.9946,52
1579387187.971,0.65,0.8521,0.6,0.9864,52
1579387188.719,0.64,0.8644,0.55,1.006,52
1579387189.45,0.64,0.8612,0.58,0.9784,52
1579387190.17,0.65,0.8391,0.58,0.9536,52
1579387190.9,0.66,0.8438,0.6,0.9692,52
1579387191.546,0.64,0.8297,0.57,0.9689,52
1579387192.284,0.65,0.8483,0.6,0.965,53
1579387193.014,0.64,0.8418,0.57,0.9951,53
1579387193.749,0.64,0.8646,0.57,0.9949,53
1579387194.475,0.64,0.8647,0.56,1.0162,53
1579387195.2,0.66,0.8319,0.59,1.0275,53
1579387195.927,0.65,0.8333,0.55,0.9977,53
1579387196.656,0.64,0.8501,0.57,0.9931,53
1579387197.383,0.64,0.8542,0.56,1.0125,53
1579387198.113,0.64,0.8547,0.56,0.9745,53
1579387198.845,0.65,0.8371,0.57,0.9643,53
1579387199.584,0.66,0.8308,0.58,0.9717,53
1579387200.222,0.65,0.8181,0.55,0.9781,53
1579387200.951,0.64,0.8472,0.57,0.9728,54
1579387201.679,0.65,0.8333,0.57,0.9925,54
1579387202.408,0.64,0.8559,0.55,1.0005,54
1579387203.129,0.65,0.8636,0.59,1.023,54
1579387203.868,0.66,0.8284,0.58,1.0112,54
1579387204.599,0.66,0.8217,0.54,0.9934,54
1579387205.404,0.64,0.8486,0.55,0.9949,54
1579387206.127,0.64,0.8497,0.59,0.9919,54
1579387206.859,0.65,0.8456,0.58,0.9614,54
1579387207.589,0.65,0.8332,0.58,0.9692,54
1579387208.318,0.67,0.8285,0.57,0.9635,54
1579387208.962,0.66,0.81,0.55,0.9725,54
1579387209.712,0.65,0.8361,0.56,0.9734,55
1579387210.431,0.65,0.8318,0.57,0.985,55
1579387211.159,0.64,0.8492,0.56,1.0094,55
1579387211.941,0.65,0.8532,0.59,1.0112,55
1579387212.666,0.66,0.8189,0.58,0.995,55
1579387213.429,0.66,0.8148,0.56,0.9884,55
1579387214.169,0.66,0.8358,0.6,0.9912,55
1579387214.899,0.64,0.8468,0.57,0.9809,55
1579387215.625,0.66,0.8383,0.58,0.9649,55
1579387216.355,0.65,0.8289,0.58,0.965,55
1579387217.094,0.67,0.8179,0.57,0.9746,55
1579387217.736,0.67,0.8048,0.55,0.9727,55
1579387218.474,0.65,0.8272,0.55,0.971,56
1579387219.212,0.65,0.8267,0.56,0.9887,56
1579387219.935,0.65,0.8365,0.56,1.006,56
1579387220.662,0.65,0.8461,0.59,1.0045,56
1579387221.641,0.67,0.814,0.58,0.9942,56
1579387222.373,0.66,0.8084,0.57,0.993,56
1579387223.111,0.66,0.8291,0.58,0.9911,56
1579387223.843,0.64,0.8409,0.57,0.9766,56
1579387224.571,0.66,0.8331,0.57,0.973,56
1579387225.306,0.66,0.821,0.57,0.9778,56
1579387226.045,0.67,0.8139,0.57,0.9765,56
1579387226.687,0.67,0.7974,0.56,0.9737,56
1579387227.434,0.66,0.8215,0.56,0.9764,57
1579387228.156,0.65,0.8188,0.56,0.9944,57
1579387228.889,0.65,0.8309,0.58,1.0068,57
1579387229.611,0.65,0.84,0.59,1.0107,57
1579387230.344,0.67,0.8134,0.55,0.9937,57
1579387231.072,0.66,0.8071,0.57,0.9977,57
1579387231.803,0.65,0.8298,0.56,0.9835,57
1579387232.531,0.65,0.8446,0.57,0.9945,57
1579387233.256,0.66,0.8365,0.57,0.9657,57
1579387233.985,0.66,0.8195,0.59,0.9967,57
1579387234.707,0.67,0.8158,0.56,0.9796,57
1579387235.38,0.67,0.8009,0.58,0.9993,57
1579387236.118,0.65,0.8259,0.56,0.9814,58
1579387236.857,0.66,0.8235,0.56,1.003,58
1579387237.589,0.65,0.8296,0.59,1.0004,58
1579387238.316,0.65,0.8331,0.56,1.0032,58
1579387239.04,0.66,0.8062,0.58,0.9973,58
1579387239.784,0.66,0.8,0.55,0.9903,58
1579387240.517,0.66,0.8234,0.57,0.9995,58
1579387241.25,0.65,0.8344,0.61,0.9706,58
1579387241.977,0.65,0.8309,0.58,1.003,58
1579387242.714,0.66,0.8219,0.54,0.9752,58
1579387243.46,0.67,0.832,0.58,1.0341,58
1579387244.107,0.65,0.8311,0.55,1.0306,58
1579387244.855,0.64,0.8831,0.59,0.988,59
1579387245.592,0.66,0.8183,0.59,1.0178,59
1579387246.323,0.64,0.8484,0.54,1.0391,59
1579387247.057,0.63,0.8928,0.59,1.0025,59
1579387247.797,0.67,0.8088,0.58,1.0649,59
1579387248.542,0.64,0.8534,0.59,1.0069,59
1579387249.274,0.63,0.867,0.56,1.0093,59
1579387250.018,0.64,0.8611,0.57,1.0544,59
1579387250.752,0.64,0.867,0.59,0.9844,59
1579387251.485,0.65,0.8247,0.54,0.9757,59
1579387252.214,0.66,0.8441,0.57,0.9709,59
1579387252.876,0.67,0.7931,0.57,1.0141,59
1579387253.617,0.64,0.8535,0.55,0.9676,60
1579387254.345,0.66,0.8211,0.57,0.9707,60
1579387255.084,0.64,0.8479,0.57,1.0081,60
1579387255.811,0.66,0.8363,0.54,1.0276,60
1579387256.537,0.66,0.8129,0.58,0.9832,60
1579387257.266,0.67,0.8025,0.57,0.98,60
1579387258.005,0.66,0.8228,0.56,0.9931,60
1579387258.726,0.65,0.8308,0.6,0.9777,60
1579387259.466,0.66,0.8303,0.6,0.9534,60
1579387260.197,0.67,0.8103,0.59,0.9635,60
1579387260.924,0.67,0.8182,0.6,0.9384,60
1579387261.568,0.68,0.7828,0.56,0.9777,60
1579387262.31,0.66,0.8244,0.55,0.9951,61
1579387263.04,0.66,0.8176,0.57,0.9877,61
1579387263.773,0.64,0.8436,0.54,1.006,61
1579387264.499,0.67,0.8217,0.54,1.0378,61
1579387265.305,0.66,0.81,0.6,1.0111,61
1579387266.026,0.67,0.8032,0.57,0.9932,61
1579387266.755,0.66,0.8183,0.56,1.0195,61
1579387267.485,0.65,0.838,0.58,1.0205,61
1579387268.216,0.65,0.8364,0.58,1.0002,61
1579387268.948,0.66,0.8164,0.55,0.9955,61
1579387269.69,0.66,0.8235,0.6,0.9547,61
1579387270.335,0.69,0.7771,0.56,1.0089,61
1579387271.077,0.65,0.8311,0.58,1.0087,62
1579387271.837,0.66,0.8164,0.57,0.9831,62
1579387272.591,0.64,0.836,0.61,1.0068,62
1579387273.349,0.66,0.8206,0.54,1.0687,62
1579387274.082,0.66,0.8163,0.59,1.0113,62
1579387274.809,0.67,0.7861,0.62,1.0082,62
1579387275.539,0.65,0.8257,0.55,1.0165,62
1579387276.267,0.66,0.8287,0.58,1.0017,62
1579387276.994,0.67,0.8179,0.6,1.0063,62
1579387277.722,0.66,0.8179,0.58,0.9897,62
1579387278.462,0.67,0.8042,0.55,0.9756,62
1579387279.101,0.67,0.78,0.56,0.9966,62
1579387279.836,0.65,0.8266,0.56,0.9943,63
1579387280.584,0.66,0.7975,0.56,1.0055,63
1579387281.398,0.65,0.8244,0.56,0.9982,63
1579387282.126,0.65,0.8316,0.56,1.0467,63
1579387282.857,0.67,0.7985,0.56,1.0523,63
1579387283.592,0.66,0.8022,0.61,1.0051,63
1579387284.321,0.65,0.8201,0.6,0.9933,63
1579387285.048,0.66,0.8086,0.54,1.0208,63
1579387285.795,0.66,0.8193,0.57,1.0046,63
1579387286.522,0.66,0.805,0.6,0.9796,63
1579387287.262,0.68,0.7893,0.56,0.9984,63
1579387287.907,0.67,0.7799,0.56,0.9807,63
1579387288.644,0.67,0.7978,0.56,1.0004,64
1579387289.381,0.67,0.7993,0.58,1.014,64
1579387290.108,0.66,0.8084,0.55,1.0094,64
1579387290.838,0.65,0.817,0.56,1.0184,64
1579387291.559,0.68,0.7873,0.57,1.0458,64
1579387292.286,0.66,0.7921,0.6,0.9985,64
1579387293.02,0.67,0.7971,0.59,0.9975,64
1579387293.75,0.66,0.811,0.57,1.0282,64
1579387294.474,0.67,0.8081,0.57,1.0064,64
1579387295.209,0.67,0.7917,0.61,0.9723,64
1579387295.938,0.68,0.7812,0.61,0.9791,64
1579387296.576,0.68,0.7647,0.6,0.9779,64
1579387297.312,0.67,0.7914,0.56,0.9828,65
1579387298.043,0.67,0.7858,0.59,1.0043,65
1579387298.768,0.66,0.8018,0.58,1.0038,65
1579387299.512,0.66,0.8058,0.54,1.0209,65
1579387300.238,0.68,0.781,0.57,1.0498,65
1579387300.97,0.67,0.7856,0.6,1.0052,65
1579387301.698,0.67,0.7935,0.6,1.0024,65
1579387302.423,0.67,0.8003,0.57,1.0325,65
1579387303.154,0.67,0.8026,0.59,0.9959,65
1579387303.883,0.68,0.784,0.56,0.9784,65
1579387304.607,0.68,0.7764,0.59,0.9798,65
1579387305.251,0.69,0.7524,0.55,0.9825,65
1579387305.992,0.67,0.7922,0.57,0.9776,66
1579387306.769,0.68,0.7745,0.58,0.9933,66
1579387307.509,0.67,0.7971,0.56,0.9985,66
1579387308.241,0.67,0.7965,0.55,1.0257,66
1579387308.974,0.68,0.7765,0.6,1.0271,66
1579387309.702,0.67,0.7748,0.59,1.0006,66
1579387310.438,0.67,0.7939,0.57,1.0176,66
1579387311.177,0.67,0.7963,0.58,1.0329,66
1579387311.907,0.67,0.7984,0.61,0.9951,66
1579387312.64,0.68,0.778,0.53,1.0118,66
1579387313.381,0.68,0.7793,0.58,0.9829,66
1579387314.032,0.69,0.7501,0.57,0.9915,66
1579387314.767,0.67,0.7842,0.56,0.9848,67
1579387315.507,0.68,0.7733,0.58,0.9876,67
1579387316.234,0.67,0.7983,0.54,1.0191,67
1579387316.97,0.68,0.7928,0.55,1.0118,67
1579387317.695,0.69,0.7696,0.6,1.0092,67
1579387318.591,0.68,0.7675,0.6,1.0,67
1579387319.329,0.68,0.7827,0.58,1.0149,67
1579387320.052,0.67,0.7923,0.6,1.0273,67
1579387320.78,0.68,0.7889,0.58,1.0003,67
1579387321.513,0.68,0.7727,0.55,1.0112,67
1579387322.239,0.69,0.7647,0.6,0.9982,67
1579387322.879,0.7,0.7395,0.55,0.9925,67
1579387323.623,0.68,0.7753,0.57,0.9845,68
1579387324.356,0.68,0.7659,0.61,0.9927,68
1579387325.12,0.68,0.782,0.55,1.0138,68
1579387325.886,0.68,0.7852,0.58,1.0048,68
1579387326.625,0.69,0.7642,0.6,1.0087,68
1579387327.357,0.68,0.7602,0.58,0.9985,68
1579387328.093,0.68,0.7784,0.57,1.0066,68
1579387328.835,0.67,0.7811,0.61,1.0187,68
1579387329.588,0.68,0.7809,0.56,1.0088,68
1579387330.324,0.68,0.7657,0.56,1.0136,68
1579387331.056,0.7,0.7574,0.58,0.9899,68
1579387331.721,0.7,0.7331,0.56,1.0087,68
1579387332.521,0.68,0.7729,0.58,0.9861,69
1579387333.27,0.69,0.7588,0.57,1.0044,69
1579387334.004,0.68,0.7722,0.57,1.0138,69
1579387334.737,0.68,0.7777,0.57,1.0091,69
1579387335.464,0.69,0.7605,0.59,1.0108,69
1579387336.187,0.68,0.7551,0.56,0.9953,69
1579387336.922,0.68,0.7779,0.56,1.0135,69
1579387337.645,0.68,0.7784,0.61,1.0187,69
1579387338.368,0.68,0.7848,0.55,1.0287,69
1579387339.114,0.68,0.767,0.56,1.0011,69
1579387339.85,0.7,0.7518,0.56,1.0065,69
1579387340.493,0.71,0.7257,0.57,1.0066,69
1579387341.333,0.68,0.7677,0.59,0.9967,70
1579387342.069,0.69,0.7528,0.56,1.0193,70
1579387342.807,0.68,0.7662,0.55,1.0186,70
1579387343.533,0.68,0.7744,0.56,1.0235,70
1579387344.267,0.69,0.7583,0.6,0.9996,70
1579387345.008,0.69,0.7548,0.59,1.0269,70
1579387345.742,0.68,0.7884,0.59,1.0232,70
1579387346.466,0.66,0.8146,0.59,1.0934,70
1579387347.198,0.66,0.8204,0.56,1.0141,70
1579387347.93,0.67,0.7966,0.57,1.0372,70
1579387348.652,0.69,0.7589,0.57,1.0095,70
1579387349.303,0.71,0.7224,0.58,1.0012,70
1579387350.039,0.67,0.7833,0.55,1.0265,71
1579387350.764,0.68,0.7669,0.54,1.0028,71
1579387351.489,0.68,0.7701,0.57,1.0128,71
1579387352.221,0.68,0.7771,0.57,1.0412,71
1579387352.946,0.68,0.7633,0.62,1.0104,71
1579387353.671,0.68,0.7607,0.56,1.005,71
1579387354.406,0.68,0.7757,0.59,1.0059,71
1579387355.135,0.68,0.768,0.6,1.0057,71
1579387355.861,0.68,0.7756,0.57,1.0133,71
1579387356.592,0.68,0.761,0.59,0.9804,71
1579387357.32,0.7,0.7424,0.59,0.9832,71
1579387357.959,0.71,0.7167,0.57,1.0121,71
1579387358.694,0.68,0.7628,0.59,0.9901,72
1579387359.431,0.7,0.7489,0.58,1.0213,72
1579387360.152,0.68,0.7607,0.54,1.0231,72
1579387360.887,0.69,0.7636,0.59,1.007,72
1579387361.612,0.7,0.747,0.59,1.0168,72
1579387362.342,0.69,0.7447,0.58,0.9842,72
1579387363.072,0.67,0.7742,0.58,1.0173,72
1579387363.8,0.68,0.7781,0.58,1.0417,72
1579387364.533,0.67,0.7912,0.57,1.0224,72
1579387365.262,0.68,0.7542,0.58,1.0228,72
1579387365.993,0.7,0.7442,0.6,0.9918,72
1579387366.681,0.7,0.7299,0.57,1.0379,72
1579387367.418,0.68,0.7669,0.55,1.0137,73
1579387368.144,0.69,0.7389,0.56,1.027,73
1579387368.883,0.68,0.7643,0.55,1.0759,73
1579387369.617,0.68,0.7725,0.59,1.0136,73
1579387370.35,0.7,0.7489,0.61,1.0109,73
1579387371.078,0.69,0.7372,0.6,0.9994,73
1579387371.81,0.69,0.7586,0.57,0.9966,73
1579387372.549,0.69,0.7579,0.59,1.0142,73
1579387373.272,0.69,0.7626,0.55,0.9976,73
1579387374.003,0.69,0.7437,0.58,1.0355,73
1579387374.74,0.71,0.7359,0.59,0.9925,73
1579387375.382,0.72,0.7053,0.59,0.9989,73
1579387376.121,0.69,0.747,0.56,1.0272,74
1579387376.863,0.69,0.7369,0.56,1.0294,74
1579387377.595,0.69,0.7549,0.53,1.0647,74
1579387378.317,0.69,0.7557,0.55,1.0328,74
1579387379.041,0.7,0.7405,0.59,1.04,74
1579387379.777,0.69,0.7419,0.56,1.0192,74
1579387380.503,0.68,0.7684,0.6,1.0183,74
1579387381.229,0.68,0.7548,0.57,0.9975,74
1579387381.963,0.69,0.7503,0.58,1.0169,74
1579387382.689,0.69,0.7372,0.58,1.0051,74
1579387383.415,0.72,0.7276,0.6,1.0082,74
1579387384.062,0.72,0.7024,0.58,0.996,74
1579387384.809,0.69,0.7482,0.57,1.0303,75
1579387385.613,0.7,0.7315,0.54,1.0275,75
1579387386.348,0.69,0.7477,0.56,1.046,75
1579387387.084,0.7,0.7492,0.57,1.0424,75
1579387387.809,0.7,0.7327,0.6,1.014,75
1579387388.534,0.7,0.7381,0.63,1.046,75
1579387389.271,0.68,0.7875,0.53,1.0888,75
1579387390.004,0.65,0.8668,0.59,1.1095,75
1579387390.73,0.67,0.8027,0.58,1.0104,75
1579387391.478,0.68,0.7456,0.55,1.0052,75
1579387392.285,0.7,0.7497,0.6,1.0548,75
1579387392.93,0.7,0.7284,0.57,0.9972,75
1579387393.662,0.69,0.7476,0.54,0.9946,76
1579387394.402,0.69,0.7576,0.56,1.0573,76
1579387395.128,0.68,0.7692,0.57,1.0268,76
1579387395.851,0.7,0.7502,0.57,1.027,76
1579387396.578,0.69,0.7531,0.59,1.0383,76
1579387397.311,0.69,0.7378,0.59,1.0159,76
1579387398.034,0.69,0.7494,0.54,1.012,76
1579387398.785,0.69,0.7788,0.6,1.0171,76
1579387399.512,0.68,0.7707,0.59,1.042,76
1579387400.242,0.68,0.7505,0.55,0.9925,76
1579387400.995,0.69,0.7599,0.61,0.9685,76
1579387401.666,0.7,0.7118,0.59,1.0465,76
1579387402.418,0.67,0.7702,0.55,1.0113,77
1579387403.159,0.69,0.7546,0.6,1.0027,77
1579387403.896,0.68,0.7599,0.53,1.0921,77
1579387404.634,0.68,0.7823,0.53,1.0708,77
1579387405.379,0.7,0.7583,0.59,1.0028,77
1579387406.117,0.7,0.7271,0.6,1.0753,77
1579387406.853,0.67,0.8145,0.53,1.0527,77
1579387407.61,0.67,0.8104,0.57,0.9833,77
1579387408.35,0.67,0.7942,0.56,1.1863,77
1579387409.08,0.63,0.8736,0.54,1.0093,77
1579387409.811,0.7,0.7531,0.55,1.0666,77
1579387410.463,0.7,0.7685,0.57,1.0201,77
1579387411.198,0.68,0.7574,0.56,1.0821,78
1579387411.926,0.67,0.8109,0.57,0.9981,78
1579387412.663,0.69,0.7624,0.53,1.0403,78
1579387413.395,0.68,0.7965,0.54,1.053,78
1579387414.121,0.69,0.7508,0.55,1.0497,78
1579387414.851,0.68,0.7584,0.6,0.9886,78
1579387415.586,0.68,0.7581,0.56,1.0376,78
1579387416.308,0.67,0.7892,0.61,1.0101,78
1579387417.047,0.68,0.7755,0.59,1.0413,78
1579387417.955,0.68,0.7691,0.56,1.0098,78
1579387418.683,0.69,0.7538,0.55,0.9866,78
1579387419.326,0.71,0.7195,0.61,1.0179,78
1579387420.067,0.67,0.7937,0.56,0.9912,79
1579387420.795,0.69,0.741,0.54,1.0287,79
1579387421.531,0.66,0.7952,0.59,1.0129,79
1579387422.255,0.68,0.7718,0.56,1.0903,79
1579387422.987,0.7,0.7595,0.55,1.0576,79
1579387423.719,0.7,0.7293,0.59,1.0228,79
1579387424.448,0.67,0.7773,0.57,0.9885,79
1579387425.173,0.7,0.7422,0.58,1.0324,79
1579387425.905,0.67,0.7908,0.59,1.0082,79
1579387426.665,0.69,0.7408,0.59,1.0205,79
1579387427.394,0.68,0.7738,0.57,0.9727,79
1579387428.027,0.7,0.7115,0.58,1.0414,79
1579387428.79,0.67,0.7772,0.57,1.0316,80
1579387429.519,0.69,0.7338,0.55,1.0479,80
1579387430.242,0.67,0.7799,0.56,1.0252,80
1579387430.971,0.67,0.7794,0.57,1.0611,80
1579387431.697,0.71,0.7372,0.54,1.1043,80
1579387432.422,0.68,0.7535,0.6,1.0116,80
1579387433.156,0.7,0.7299,0.55,1.0031,80
1579387433.889,0.68,0.7643,0.59,0.9881,80
1579387434.619,0.7,0.7375,0.54,1.0409,80
1579387435.346,0.69,0.7425,0.58,1.0071,80
1579387436.076,0.71,0.7201,0.58,0.9627,80
1579387436.719,0.7,0.7048,0.6,0.9648,80
1579387437.46,0.7,0.7223,0.58,1.0269,81
1579387438.19,0.69,0.7283,0.6,1.01,81
1579387438.92,0.69,0.7316,0.6,1.0159,81
1579387439.648,0.68,0.7569,0.54,1.0501,81
1579387440.376,0.7,0.7246,0.58,1.0744,81
1579387441.11,0.69,0.7233,0.59,1.0271,81
1579387441.834,0.71,0.7224,0.54,1.0059,81
1579387442.555,0.7,0.7363,0.57,0.9954,81
1579387443.295,0.71,0.725,0.58,1.0262,81
1579387444.033,0.71,0.716,0.59,1.0213,81
1579387444.761,0.72,0.7141,0.6,0.9721,81
1579387445.477,0.71,0.6837,0.61,0.9837,81
1579387446.216,0.7,0.7159,0.6,1.0042,82
1579387446.943,0.71,0.7073,0.56,0.9901,82
1579387447.676,0.7,0.7243,0.57,1.0107,82
1579387448.411,0.7,0.7265,0.53,1.0399,82
1579387449.143,0.71,0.7114,0.57,1.0343,82
1579387449.874,0.71,0.7039,0.6,1.0167,82
1579387450.61,0.71,0.71,0.57,1.0066,82
1579387451.361,0.71,0.7214,0.6,1.0029,82
1579387452.163,0.7,0.726,0.57,1.0445,82
1579387452.893,0.71,0.7081,0.55,1.0173,82
1579387453.636,0.72,0.7014,0.58,0.9899,82
1579387454.281,0.72,0.6748,0.58,1.0418,82
1579387455.017,0.7,0.7222,0.61,0.9997,83
1579387455.745,0.71,0.6958,0.57,1.0032,83
1579387456.474,0.7,0.7253,0.56,1.0574,83
1579387457.199,0.71,0.7224,0.58,1.0561,83
1579387457.926,0.72,0.7129,0.52,1.0429,83
1579387458.678,0.7,0.7008,0.58,1.0123,83
1579387459.407,0.71,0.7166,0.58,1.0212,83
1579387460.137,0.7,0.7166,0.58,1.0037,83
1579387460.874,0.71,0.7238,0.58,1.0421,83
1579387461.665,0.71,0.7034,0.56,1.0458,83
1579387462.39,0.72,0.7028,0.59,1.0107,83
1579387463.034,0.73,0.6783,0.57,1.0297,83
1579387463.786,0.71,0.7068,0.59,1.0236,84
1579387464.51,0.71,0.7031,0.58,1.0083,84
1579387465.252,0.7,0.7277,0.55,1.1038,84
1579387465.998,0.7,0.7359,0.58,1.0546,84
1579387466.737,0.72,0.7069,0.56,1.0201,84
1579387467.496,0.71,0.6947,0.57,1.0151,84
1579387468.224,0.71,0.7003,0.56,1.0349,84
1579387468.959,0.7,0.7194,0.58,1.0003,84
1579387469.699,0.71,0.7163,0.59,1.0425,84
1579387470.434,0.71,0.7018,0.55,1.0384,84
1579387471.167,0.73,0.6839,0.54,1.0294,84
1579387471.811,0.74,0.6656,0.6,1.0052,84
1579387472.54,0.71,0.7007,0.61,1.057,85
1579387473.262,0.7,0.7111,0.59,1.0179,85
1579387473.995,0.7,0.7233,0.53,1.0802,85
1579387474.732,0.71,0.717,0.56,1.0551,85
1579387475.48,0.72,0.6932,0.6,1.0181,85
1579387476.203,0.72,0.6853,0.58,1.0564,85
1579387476.953,0.71,0.7042,0.6,1.0256,85
1579387477.679,0.7,0.7104,0.59,0.9877,85
1579387478.401,0.72,0.7063,0.57,1.0452,85
1579387479.143,0.71,0.69,0.56,1.0173,85
1579387479.868,0.73,0.6821,0.54,1.0414,85
1579387480.506,0.73,0.6638,0.58,1.0232,85
1579387481.262,0.7,0.7121,0.59,1.048,86
1579387481.997,0.71,0.6922,0.58,1.0173,86
1579387482.719,0.72,0.7001,0.59,1.0504,86
1579387483.461,0.72,0.7049,0.53,1.113,86
1579387484.194,0.71,0.7091,0.61,1.0615,86
1579387484.926,0.71,0.7133,0.58,1.0773,86
1579387485.656,0.71,0.7083,0.6,1.0235,86
1579387486.393,0.72,0.6974,0.6,1.0149,86
1579387487.159,0.71,0.7196,0.57,1.0897,86
1579387487.892,0.7,0.717,0.56,1.0005,86
1579387488.653,0.73,0.6807,0.58,1.0046,86
1579387489.307,0.75,0.6402,0.57,1.0321,86
1579387490.046,0.71,0.6958,0.61,1.0083,87
1579387490.795,0.72,0.6917,0.56,1.0409,87
1579387491.531,0.71,0.7006,0.59,1.0514,87
1579387492.266,0.72,0.7011,0.58,1.0641,87
1579387493.007,0.73,0.6789,0.55,1.0449,87
1579387493.743,0.72,0.6696,0.62,1.0364,87
1579387494.478,0.71,0.6997,0.57,1.0694,87
1579387495.208,0.7,0.7181,0.63,1.0395,87
1579387495.937,0.7,0.7245,0.6,1.0527,87
1579387496.667,0.72,0.6814,0.56,1.0315,87
1579387497.4,0.73,0.6791,0.61,1.0263,87
1579387498.044,0.72,0.6751,0.56,1.0497,87
1579387498.774,0.71,0.6996,0.58,1.0175,88
1579387499.522,0.72,0.6712,0.58,1.0338,88
1579387500.248,0.72,0.695,0.53,1.1111,88
1579387500.974,0.72,0.7096,0.59,1.0631,88
1579387501.707,0.73,0.6855,0.55,1.042,88
1579387502.47,0.72,0.6667,0.58,1.037,88
1579387503.194,0.72,0.6787,0.58,1.0346,88
1579387503.931,0.72,0.6875,0.59,1.0114,88
1579387504.664,0.73,0.6899,0.6,1.0566,88
1579387505.473,0.73,0.672,0.56,1.0347,88
1579387506.197,0.74,0.6623,0.59,1.007,88
1579387506.839,0.75,0.6299,0.59,1.0143,88
1579387507.581,0.72,0.6743,0.6,1.0322,89
1579387508.307,0.73,0.6684,0.61,1.0428,89
1579387509.03,0.72,0.6864,0.55,1.09,89
1579387509.779,0.72,0.6909,0.59,1.0645,89
1579387510.505,0.74,0.6679,0.6,1.0532,89
1579387511.243,0.73,0.6561,0.59,1.0547,89
1579387512.047,0.73,0.674,0.6,1.0323,89
1579387512.778,0.73,0.6763,0.58,1.0223,89
1579387513.518,0.73,0.6792,0.55,1.0529,89
1579387514.245,0.73,0.6624,0.58,1.0163,89
1579387515.146,0.74,0.6537,0.61,1.0213,89
1579387515.786,0.75,0.6218,0.6,1.0121,89
1579387516.513,0.72,0.6721,0.57,1.036,90
1579387517.241,0.73,0.6637,0.6,1.0535,90
1579387517.972,0.72,0.6776,0.58,1.0783,90
1579387518.718,0.73,0.6805,0.57,1.0831,90
1579387519.452,0.73,0.664,0.6,1.065,90
1579387520.186,0.73,0.6543,0.58,1.0783,90
1579387520.931,0.73,0.6708,0.59,1.0396,90
1579387521.702,0.73,0.6712,0.58,1.0315,90
1579387522.43,0.73,0.6724,0.55,1.0481,90
1579387523.163,0.73,0.652,0.59,1.0167,90
1579387523.889,0.75,0.6453,0.6,1.0221,90
1579387524.529,0.75,0.6118,0.59,1.0071,90
1579387525.267,0.73,0.6596,0.57,1.0322,91
1579387526.018,0.73,0.653,0.58,1.0576,91
1579387526.743,0.73,0.6685,0.6,1.07,91
1579387527.473,0.73,0.6736,0.57,1.0876,91
1579387528.214,0.74,0.659,0.55,1.069,91
1579387528.949,0.74,0.6516,0.58,1.0793,91
1579387529.68,0.73,0.6684,0.6,1.039,91
1579387530.412,0.73,0.6728,0.54,1.0673,91
1579387531.14,0.72,0.6759,0.61,1.0326,91
1579387531.876,0.73,0.6572,0.56,1.0782,91
1579387532.597,0.74,0.6568,0.61,1.0321,91
1579387533.247,0.74,0.6452,0.6,1.095,91
1579387533.994,0.7,0.7009,0.56,1.0904,92
1579387534.719,0.69,0.7311,0.53,1.1689,92
1579387535.467,0.69,0.7501,0.58,1.1193,92
1579387536.205,0.69,0.7574,0.58,1.0913,92
1579387536.943,0.73,0.6791,0.58,1.0947,92
1579387537.667,0.73,0.6558,0.59,1.0944,92
1579387538.404,0.71,0.7099,0.52,1.0859,92
1579387539.136,0.72,0.7,0.59,1.0574,92
1579387539.863,0.73,0.6778,0.57,1.0688,92
1579387540.598,0.73,0.6608,0.54,1.0701,92
1579387541.344,0.73,0.6776,0.59,1.0194,92
1579387541.984,0.75,0.6206,0.59,1.0126,92
1579387542.717,0.72,0.6649,0.55,1.062,93
1579387543.463,0.72,0.6836,0.59,1.0609,93
1579387544.198,0.71,0.7003,0.56,1.1022,93
1579387544.925,0.73,0.6846,0.56,1.089,93
1579387545.667,0.73,0.6712,0.61,1.0493,93
1579387546.394,0.73,0.6676,0.54,1.1041,93
1579387547.121,0.73,0.6701,0.55,1.0666,93
1579387547.854,0.72,0.6826,0.6,1.0735,93
1579387548.605,0.7,0.7154,0.59,1.0781,93
1579387549.333,0.73,0.6599,0.52,1.0609,93
1579387550.058,0.74,0.672,0.61,1.0397,93
1579387550.709,0.72,0.6487,0.59,1.0125,93
1579387551.445,0.73,0.6615,0.56,1.0334,94
1579387552.18,0.73,0.66,0.58,1.0773,94
1579387552.914,0.7,0.7127,0.55,1.0741,94
1579387553.643,0.73,0.6779,0.56,1.1468,94
1579387554.367,0.72,0.6796,0.61,1.0898,94
1579387555.108,0.72,0.6756,0.59,1.0484,94
1579387555.849,0.73,0.6712,0.58,1.2064,94
1579387556.571,0.69,0.7507,0.6,1.1066,94
1579387557.302,0.71,0.7124,0.59,1.0695,94
1579387558.024,0.71,0.6886,0.58,1.1655,94
1579387558.751,0.71,0.733,0.59,1.071,94
1579387559.402,0.73,0.6493,0.58,0.9937,94
1579387560.134,0.69,0.7142,0.57,1.1145,95
1579387560.865,0.69,0.7361,0.51,1.0631,95
1579387561.595,0.72,0.7064,0.57,1.0952,95
1579387562.319,0.69,0.7449,0.56,1.136,95
1579387563.051,0.7,0.7048,0.51,1.1557,95
1579387563.79,0.69,0.7326,0.6,1.0739,95
1579387564.518,0.71,0.7077,0.61,1.0727,95
1579387565.323,0.7,0.7077,0.56,1.045,95
1579387566.056,0.7,0.7152,0.59,1.0268,95
1579387566.79,0.73,0.6577,0.61,1.1137,95
1579387567.525,0.71,0.705,0.57,1.0106,95
1579387568.172,0.75,0.6211,0.54,1.0262,95
1579387568.921,0.71,0.6879,0.59,1.052,96
1579387569.667,0.72,0.6594,0.57,1.0318,96
1579387570.392,0.72,0.6758,0.51,1.0452,96
1579387571.134,0.72,0.6954,0.57,1.0613,96
1579387571.907,0.74,0.6547,0.6,1.0634,96
1579387572.654,0.72,0.663,0.57,1.0213,96
1579387573.406,0.72,0.6817,0.57,1.0999,96
1579387574.148,0.72,0.6896,0.57,1.0857,96
1579387574.878,0.73,0.6699,0.61,1.0461,96
1579387575.602,0.72,0.6793,0.57,1.0753,96
1579387576.336,0.74,0.6558,0.57,1.0724,96
1579387576.972,0.75,0.6223,0.57,1.029,96
1579387577.699,0.72,0.6869,0.58,1.03,97
1579387578.434,0.73,0.6484,0.61,1.074,97
1579387579.162,0.72,0.68,0.56,1.0723,97
1579387579.889,0.72,0.6954,0.56,1.0667,97
1579387580.626,0.74,0.6475,0.56,1.1254,97
1579387581.433,0.71,0.6908,0.56,1.0315,97
1579387582.161,0.73,0.6659,0.59,1.0823,97
1579387582.892,0.72,0.6823,0.55,1.073,97
1579387583.625,0.73,0.666,0.6,1.0489,97
1579387584.357,0.73,0.6523,0.6,1.0353,97
1579387585.085,0.75,0.6331,0.58,1.0829,97
1579387585.742,0.75,0.6163,0.57,1.0126,97
1579387586.477,0.73,0.6484,0.59,1.0103,98
1579387587.205,0.74,0.6444,0.59,1.0755,98
1579387587.94,0.72,0.6654,0.51,1.0772,98
1579387588.665,0.73,0.6791,0.56,1.0477,98
1579387589.409,0.75,0.6403,0.58,1.1336,98
1579387590.134,0.71,0.6739,0.55,1.0501,98
1579387590.859,0.74,0.6582,0.55,1.0736,98
1579387591.591,0.73,0.6691,0.59,1.0913,98
1579387592.319,0.73,0.6658,0.61,1.0275,98
1579387593.05,0.74,0.6364,0.56,1.0241,98
1579387593.781,0.76,0.6219,0.58,1.0826,98
1579387594.42,0.75,0.6031,0.6,1.0091,98
1579387595.168,0.74,0.6415,0.56,1.0107,99
1579387595.896,0.75,0.6277,0.58,1.0922,99
1579387596.626,0.72,0.6615,0.56,1.0648,99
1579387597.356,0.74,0.6612,0.56,1.0729,99
1579387598.076,0.76,0.6327,0.57,1.1382,99
1579387598.808,0.72,0.6561,0.55,1.0438,99
1579387599.546,0.74,0.6474,0.54,1.07,99
1579387600.267,0.74,0.6598,0.55,1.0817,99
1579387600.991,0.73,0.6512,0.61,1.0423,99
1579387601.724,0.74,0.6309,0.57,1.0342,99
1579387602.447,0.76,0.6208,0.57,1.0738,99
1579387603.083,0.76,0.5929,0.58,1.0147,99
