1580054389.808,0.26,1.3869,0.29,1.385,0
1580054390.016,0.24,1.3868,0.29,1.3852,0
1580054390.198,0.24,1.3866,0.29,1.3854,0
1580054390.377,0.27,1.386,0.29,1.3855,0
1580054390.554,0.25,1.3862,0.29,1.3855,0
1580054390.733,0.24,1.3862,0.29,1.3853,0
1580054390.91,0.24,1.3862,0.29,1.3855,0
1580054391.089,0.23,1.386,0.21,1.3866,0
1580054391.27,0.23,1.3862,0.21,1.3863,0
1580054391.45,0.26,1.3853,0.21,1.3862,0
1580054391.627,0.24,1.3859,0.26,1.3853,0
1580054391.81,0.25,1.3851,0.31,1.3842,0
1580054391.988,0.3,1.3844,0.5,1.3832,0
1580054392.19,0.43,1.3837,0.45,1.382,0
1580054392.348,0.45,1.382,0.23,1.3813,0
1580054392.529,0.31,1.3794,0.21,1.3819,1
1580054392.711,0.26,1.3777,0.22,1.3796,1
1580054392.913,0.29,1.3743,0.35,1.3735,1
1580054393.128,0.36,1.3715,0.34,1.3652,1
1580054393.314,0.36,1.3651,0.33,1.3641,1
1580054393.528,0.38,1.358,0.33,1.3437,1
1580054393.728,0.37,1.3488,0.37,1.3312,1
1580054393.909,0.42,1.329,0.35,1.3331,1
1580054394.107,0.38,1.3332,0.43,1.3036,1
1580054394.294,0.41,1.3079,0.4,1.3049,1
1580054394.474,0.46,1.3062,0.53,1.2675,1
1580054394.656,0.49,1.278,0.51,1.2547,1
1580054394.835,0.46,1.2823,0.54,1.2635,1
1580054395.015,0.49,1.2742,0.56,1.2323,1
1580054395.166,0.5,1.2478,0.48,1.2375,1
1580054395.346,0.49,1.2377,0.48,1.2515,2
1580054395.529,0.49,1.2439,0.58,1.1966,2
1580054395.707,0.49,1.2309,0.56,1.1965,2
1580054395.886,0.48,1.2413,0.57,1.1835,2
1580054396.065,0.48,1.2454,0.57,1.199,2
1580054396.242,0.52,1.2263,0.56,1.189,2
1580054396.425,0.5,1.224,0.51,1.2042,2
1580054396.605,0.52,1.2178,0.53,1.1955,2
1580054396.803,0.49,1.2308,0.58,1.1895,2
1580054397.005,0.51,1.2138,0.59,1.1703,2
1580054397.205,0.53,1.206,0.56,1.1706,2
1580054397.383,0.51,1.2067,0.55,1.1784,2
1580054397.565,0.51,1.2166,0.59,1.1689,2
1580054397.76,0.52,1.2187,0.59,1.1608,2
1580054397.911,0.54,1.1945,0.58,1.1754,2
1580054398.092,0.52,1.1963,0.55,1.1781,3
1580054398.267,0.53,1.195,0.55,1.1823,3
1580054398.447,0.52,1.2056,0.55,1.192,3
1580054398.629,0.52,1.2114,0.57,1.1781,3
1580054398.806,0.5,1.2223,0.59,1.1611,3
1580054398.986,0.55,1.1878,0.6,1.1627,3
1580054399.165,0.54,1.1999,0.58,1.1635,3
1580054399.343,0.54,1.1918,0.58,1.1547,3
1580054399.529,0.54,1.1974,0.6,1.1583,3
1580054399.712,0.55,1.1861,0.59,1.1652,3
1580054399.89,0.54,1.1871,0.57,1.1649,3
1580054400.074,0.55,1.1788,0.59,1.1631,3
1580054400.283,0.55,1.1745,0.6,1.1631,3
1580054400.463,0.53,1.1982,0.58,1.1573,3
1580054400.613,0.55,1.1732,0.58,1.1572,3
1580054400.798,0.57,1.1635,0.6,1.1575,4
1580054400.977,0.54,1.1858,0.59,1.1565,4
1580054401.156,0.53,1.1897,0.59,1.1634,4
1580054401.336,0.55,1.1845,0.58,1.1678,4
1580054401.518,0.53,1.1989,0.57,1.1694,4
1580054401.698,0.55,1.1758,0.57,1.1628,4
1580054401.881,0.55,1.1786,0.61,1.1558,4
1580054402.061,0.56,1.1677,0.6,1.1573,4
1580054402.24,0.54,1.1894,0.58,1.1557,4
1580054402.418,0.56,1.1731,0.61,1.1542,4
1580054402.598,0.57,1.1663,0.59,1.1543,4
1580054402.777,0.57,1.1711,0.58,1.1572,4
1580054402.957,0.56,1.1672,0.6,1.1556,4
1580054403.137,0.55,1.1795,0.6,1.1589,4
1580054403.29,0.56,1.1652,0.62,1.1696,4
1580054403.473,0.56,1.1654,0.61,1.1527,5
1580054403.653,0.55,1.1694,0.61,1.1476,5
1580054403.835,0.54,1.1824,0.6,1.1486,5
1580054404.038,0.57,1.1721,0.61,1.1496,5
1580054404.239,0.53,1.1961,0.62,1.15,5
1580054404.418,0.57,1.1644,0.6,1.1563,5
1580054404.601,0.57,1.1685,0.59,1.1569,5
1580054404.78,0.57,1.1639,0.6,1.1507,5
1580054404.959,0.55,1.1774,0.6,1.149,5
1580054405.14,0.56,1.1646,0.6,1.1498,5
1580054405.32,0.58,1.1558,0.6,1.1496,5
1580054405.5,0.57,1.1619,0.61,1.1516,5
1580054405.679,0.58,1.1488,0.59,1.1624,5
1580054405.858,0.56,1.1746,0.6,1.1542,5
1580054406.01,0.57,1.1605,0.61,1.1505,5
1580054406.193,0.59,1.1412,0.59,1.1508,6
1580054406.373,0.56,1.1639,0.59,1.1567,6
1580054406.553,0.55,1.1823,0.59,1.1594,6
1580054406.731,0.56,1.17,0.61,1.1521,6
1580054406.914,0.54,1.1849,0.6,1.1552,6
1580054407.094,0.57,1.1672,0.6,1.1506,6
1580054407.275,0.56,1.1641,0.58,1.1636,6
1580054407.455,0.58,1.1528,0.57,1.1724,6
1580054407.636,0.55,1.1823,0.58,1.1554,6
1580054407.815,0.58,1.1568,0.59,1.1529,6
1580054407.995,0.58,1.1519,0.6,1.1473,6
1580054408.197,0.57,1.1641,0.6,1.1514,6
1580054408.378,0.59,1.1466,0.51,1.176,6
1580054408.558,0.56,1.1748,0.57,1.1642,6
1580054408.708,0.57,1.1547,0.61,1.1494,6
1580054408.888,0.6,1.1332,0.59,1.1495,7
1580054409.069,0.58,1.1604,0.58,1.1541,7
1580054409.253,0.55,1.1798,0.59,1.1572,7
1580054409.434,0.57,1.1666,0.62,1.1503,7
1580054409.615,0.55,1.1791,0.61,1.1575,7
1580054409.796,0.57,1.1587,0.61,1.1582,7
1580054409.976,0.56,1.1619,0.6,1.1624,7
1580054410.18,0.58,1.1496,0.57,1.1679,7
1580054410.359,0.56,1.1716,0.58,1.1589,7
1580054410.537,0.58,1.1529,0.57,1.1591,7
1580054410.722,0.59,1.15,0.6,1.147,7
1580054410.901,0.57,1.1645,0.59,1.1469,7
1580054411.083,0.58,1.1479,0.57,1.1632,7
1580054411.283,0.57,1.1633,0.55,1.1892,7
1580054411.454,0.56,1.1605,0.58,1.1648,7
1580054411.661,0.61,1.1298,0.61,1.1435,8
1580054411.842,0.57,1.1548,0.59,1.149,8
1580054412.022,0.55,1.1786,0.59,1.1502,8
1580054412.222,0.57,1.1609,0.6,1.1474,8
1580054412.426,0.56,1.1756,0.62,1.149,8
1580054412.629,0.58,1.149,0.58,1.1605,8
1580054412.809,0.59,1.1471,0.54,1.1693,8
1580054412.989,0.58,1.1512,0.61,1.1548,8
1580054413.173,0.57,1.1623,0.6,1.1487,8
1580054413.355,0.59,1.143,0.58,1.1544,8
1580054413.535,0.6,1.1426,0.6,1.1475,8
1580054413.715,0.57,1.1573,0.6,1.1428,8
1580054413.9,0.59,1.1446,0.6,1.1486,8
1580054414.083,0.57,1.1566,0.54,1.1676,8
1580054414.251,0.58,1.1454,0.52,1.1921,8
1580054414.433,0.6,1.1363,0.6,1.1507,9
1580054414.611,0.58,1.1423,0.6,1.1416,9
1580054414.796,0.56,1.1637,0.61,1.1408,9
1580054414.982,0.58,1.1516,0.61,1.1411,9
1580054415.162,0.56,1.1683,0.62,1.1477,9
1580054415.341,0.59,1.1469,0.61,1.1529,9
1580054415.521,0.59,1.1399,0.59,1.1554,9
1580054415.701,0.59,1.1385,0.61,1.1501,9
1580054415.883,0.58,1.1579,0.6,1.1479,9
1580054416.086,0.6,1.1362,0.59,1.1511,9
1580054416.27,0.6,1.1381,0.6,1.14,9
1580054416.473,0.58,1.149,0.6,1.1414,9
1580054416.657,0.59,1.1435,0.6,1.1485,9
1580054416.843,0.58,1.1524,0.56,1.1684,9
1580054416.994,0.58,1.1457,0.52,1.173,9
1580054417.198,0.62,1.1217,0.61,1.1447,10
1580054417.379,0.59,1.1405,0.6,1.1417,10
1580054417.56,0.57,1.1618,0.6,1.1422,10
1580054417.741,0.58,1.1461,0.61,1.1448,10
1580054417.923,0.57,1.164,0.59,1.1534,10
1580054418.104,0.6,1.142,0.6,1.1499,10
1580054418.286,0.59,1.1348,0.6,1.1506,10
1580054418.493,0.6,1.1312,0.61,1.1513,10
1580054418.694,0.58,1.15,0.59,1.151,10
1580054418.9,0.61,1.1296,0.6,1.1464,10
1580054419.102,0.6,1.1303,0.6,1.1398,10
1580054419.308,0.59,1.1448,0.6,1.14,10
1580054419.511,0.59,1.1378,0.6,1.1488,10
1580054419.713,0.6,1.1422,0.52,1.1737,10
1580054419.873,0.58,1.1419,0.52,1.1678,10
1580054420.083,0.64,1.1107,0.6,1.1414,11
1580054420.265,0.6,1.1357,0.6,1.1388,11
1580054420.446,0.57,1.1564,0.6,1.1419,11
1580054420.627,0.6,1.138,0.6,1.1458,11
1580054420.833,0.58,1.1565,0.56,1.1528,11
1580054421.035,0.6,1.1347,0.6,1.1482,11
1580054421.217,0.59,1.1331,0.59,1.1516,11
1580054421.401,0.62,1.1261,0.61,1.1398,11
1580054421.608,0.59,1.1433,0.6,1.1365,11
1580054421.797,0.62,1.1228,0.6,1.1408,11
1580054422.006,0.61,1.1245,0.6,1.1371,11
1580054422.212,0.6,1.1343,0.61,1.1415,11
1580054422.392,0.6,1.1304,0.54,1.1614,11
1580054422.572,0.59,1.1355,0.55,1.1623,11
1580054422.724,0.6,1.1307,0.59,1.1561,11
1580054422.91,0.65,1.0991,0.6,1.1356,12
1580054423.108,0.6,1.1295,0.59,1.1353,12
1580054423.293,0.58,1.1438,0.56,1.1514,12
1580054423.472,0.61,1.1319,0.57,1.1473,12
1580054423.652,0.58,1.1495,0.6,1.1418,12
1580054423.833,0.61,1.1263,0.62,1.1391,12
1580054424.038,0.61,1.1207,0.55,1.1613,12
1580054424.219,0.62,1.1275,0.61,1.1333,12
1580054424.4,0.59,1.1396,0.61,1.133,12
1580054424.58,0.6,1.1266,0.61,1.1399,12
1580054424.761,0.62,1.1207,0.61,1.1399,12
1580054424.942,0.62,1.1272,0.6,1.1383,12
1580054425.129,0.61,1.1247,0.59,1.1472,12
1580054425.313,0.61,1.1274,0.59,1.1475,12
1580054425.469,0.6,1.1221,0.55,1.162,12
1580054425.654,0.65,1.1032,0.6,1.1291,13
1580054425.834,0.6,1.1274,0.6,1.129,13
1580054426.022,0.59,1.1479,0.61,1.1283,13
1580054426.205,0.62,1.1211,0.57,1.1534,13
1580054426.386,0.58,1.1497,0.6,1.1418,13
1580054426.567,0.62,1.1216,0.61,1.135,13
1580054426.747,0.59,1.1342,0.59,1.1347,13
1580054426.928,0.62,1.1098,0.59,1.1542,13
1580054427.109,0.59,1.1433,0.62,1.1295,13
1580054427.29,0.62,1.1152,0.62,1.1313,13
1580054427.471,0.62,1.1169,0.61,1.1266,13
1580054427.657,0.62,1.1235,0.61,1.1366,13
1580054427.837,0.62,1.1231,0.6,1.141,13
1580054428.021,0.61,1.1205,0.64,1.1364,13
1580054428.193,0.59,1.1312,0.61,1.1393,13
1580054428.402,0.65,1.0864,0.57,1.1593,14
1580054428.609,0.6,1.1329,0.61,1.123,14
1580054428.816,0.58,1.144,0.6,1.1288,14
1580054429.02,0.61,1.1306,0.63,1.1357,14
1580054429.227,0.57,1.1489,0.56,1.1419,14
1580054429.407,0.62,1.1167,0.59,1.1344,14
1580054429.587,0.61,1.1121,0.6,1.1267,14
1580054429.769,0.62,1.1082,0.62,1.1252,14
1580054429.95,0.6,1.1276,0.6,1.1278,14
1580054430.166,0.62,1.1097,0.62,1.1263,14
1580054430.348,0.62,1.1097,0.63,1.1172,14
1580054430.528,0.63,1.1183,0.63,1.1183,14
1580054430.713,0.61,1.1177,0.63,1.1225,14
1580054430.894,0.63,1.1077,0.59,1.1415,14
1580054431.048,0.62,1.1091,0.54,1.1651,14
1580054431.228,0.65,1.0943,0.6,1.1204,15
1580054431.409,0.63,1.1067,0.61,1.124,15
1580054431.589,0.58,1.1457,0.61,1.1222,15
1580054431.768,0.61,1.1193,0.62,1.1202,15
1580054431.969,0.61,1.1276,0.57,1.1683,15
1580054432.155,0.61,1.1223,0.61,1.1435,15
1580054432.335,0.61,1.1132,0.63,1.1308,15
1580054432.526,0.64,1.101,0.63,1.1216,15
1580054432.726,0.6,1.1279,0.62,1.1134,15
1580054432.907,0.64,1.1013,0.61,1.1185,15
1580054433.089,0.64,1.0987,0.62,1.1229,15
1580054433.285,0.64,1.1061,0.63,1.1306,15
1580054433.467,0.64,1.1072,0.63,1.126,15
1580054433.648,0.64,1.1021,0.62,1.1199,15
1580054433.799,0.62,1.1086,0.63,1.1185,15
1580054433.981,0.67,1.0733,0.59,1.1504,16
1580054434.198,0.63,1.1092,0.63,1.1125,16
1580054434.385,0.62,1.1195,0.62,1.118,16
1580054434.571,0.63,1.1098,0.63,1.1117,16
1580054434.765,0.61,1.12,0.62,1.1147,16
1580054434.945,0.63,1.111,0.64,1.1098,16
1580054435.13,0.64,1.0977,0.6,1.1304,16
1580054435.327,0.65,1.0942,0.6,1.1309,16
1580054435.534,0.61,1.1209,0.65,1.1052,16
1580054435.718,0.65,1.0918,0.63,1.1023,16
1580054435.898,0.65,1.0945,0.63,1.1034,16
1580054436.078,0.64,1.1019,0.64,1.1103,16
1580054436.265,0.64,1.1011,0.59,1.1402,16
1580054436.446,0.63,1.105,0.63,1.1147,16
1580054436.597,0.64,1.0961,0.63,1.1057,16
1580054436.807,0.67,1.0708,0.64,1.1092,17
1580054437.011,0.63,1.0957,0.64,1.1025,17
1580054437.213,0.61,1.1169,0.61,1.1162,17
1580054437.394,0.64,1.0992,0.63,1.12,17
1580054437.576,0.62,1.1129,0.62,1.1125,17
1580054437.757,0.64,1.0971,0.63,1.1059,17
1580054437.94,0.64,1.0943,0.64,1.1066,17
1580054438.125,0.65,1.085,0.6,1.1431,17
1580054438.312,0.62,1.1157,0.63,1.1214,17
1580054438.491,0.64,1.0917,0.64,1.1062,17
1580054438.671,0.65,1.0879,0.63,1.0967,17
1580054438.878,0.65,1.0995,0.64,1.0985,17
1580054439.079,0.64,1.1003,0.65,1.1,17
1580054439.26,0.64,1.0933,0.64,1.1058,17
1580054439.413,0.64,1.0921,0.61,1.1163,17
1580054439.598,0.67,1.0702,0.66,1.0937,18
1580054439.779,0.66,1.0821,0.62,1.0948,18
1580054439.962,0.61,1.1191,0.62,1.0976,18
1580054440.143,0.65,1.0928,0.61,1.1098,18
1580054440.33,0.62,1.1094,0.63,1.1122,18
1580054440.512,0.65,1.0918,0.62,1.1094,18
1580054440.694,0.65,1.0908,0.63,1.1066,18
1580054440.878,0.67,1.0747,0.63,1.1164,18
1580054441.06,0.64,1.1009,0.64,1.112,18
1580054441.25,0.66,1.0829,0.64,1.1112,18
1580054441.454,0.65,1.0845,0.64,1.0964,18
1580054441.655,0.65,1.0953,0.65,1.0992,18
1580054441.839,0.64,1.0947,0.63,1.1039,18
1580054442.043,0.64,1.0961,0.64,1.1067,18
1580054442.219,0.65,1.0907,0.65,1.1155,18
1580054442.44,0.67,1.0639,0.63,1.1094,19
1580054442.648,0.65,1.0867,0.66,1.0868,19
1580054442.851,0.62,1.1143,0.63,1.0955,19
1580054443.052,0.64,1.0929,0.63,1.0962,19
1580054443.234,0.63,1.1008,0.64,1.1048,19
1580054443.42,0.65,1.0924,0.64,1.1054,19
1580054443.601,0.63,1.0985,0.64,1.1034,19
1580054443.782,0.67,1.072,0.62,1.1215,19
1580054443.963,0.64,1.1012,0.66,1.0967,19
1580054444.154,0.66,1.0763,0.64,1.0992,19
1580054444.373,0.67,1.0738,0.64,1.0948,19
1580054444.577,0.65,1.0874,0.64,1.0981,19
1580054444.781,0.65,1.089,0.65,1.1022,19
1580054444.989,0.65,1.0882,0.64,1.1083,19
1580054445.143,0.66,1.0832,0.6,1.1096,19
1580054445.327,0.68,1.0543,0.62,1.1109,20
1580054445.507,0.67,1.0705,0.65,1.0956,20
1580054445.688,0.63,1.1058,0.67,1.0895,20
1580054445.869,0.65,1.0921,0.64,1.1021,20
1580054446.052,0.63,1.1007,0.64,1.1022,20
1580054446.252,0.65,1.0884,0.61,1.1286,20
1580054446.436,0.64,1.1003,0.61,1.1295,20
1580054446.617,0.68,1.0706,0.65,1.0953,20
1580054446.799,0.65,1.0905,0.65,1.0843,20
1580054446.979,0.67,1.0754,0.67,1.0851,20
1580054447.177,0.66,1.0851,0.64,1.0964,20
1580054447.385,0.63,1.1036,0.64,1.0979,20
1580054447.589,0.66,1.0894,0.6,1.1414,20
1580054447.779,0.62,1.1098,0.63,1.1074,20
1580054447.931,0.66,1.0772,0.65,1.1026,20
1580054448.114,0.66,1.0791,0.65,1.093,21
1580054448.3,0.67,1.0716,0.61,1.1128,21
1580054448.511,0.62,1.1146,0.62,1.1116,21
1580054448.714,0.63,1.0984,0.63,1.1076,21
1580054448.896,0.61,1.1171,0.62,1.1123,21
1580054449.078,0.61,1.1194,0.58,1.135,21
1580054449.274,0.66,1.077,0.53,1.1863,21
1580054449.48,0.61,1.1178,0.58,1.1214,21
1580054449.686,0.63,1.1019,0.61,1.1059,21
1580054449.89,0.65,1.0903,0.63,1.1085,21
1580054450.092,0.65,1.0925,0.64,1.0967,21
1580054450.274,0.63,1.105,0.64,1.1049,21
1580054450.459,0.65,1.0862,0.61,1.1316,21
1580054450.661,0.63,1.0991,0.6,1.1098,21
1580054450.814,0.66,1.0789,0.62,1.1124,21
1580054450.997,0.66,1.0739,0.64,1.0968,22
1580054451.178,0.65,1.0821,0.67,1.0834,22
1580054451.359,0.64,1.0997,0.65,1.1021,22
1580054451.57,0.62,1.119,0.66,1.0908,22
1580054451.774,0.62,1.1134,0.65,1.0969,22
1580054451.956,0.61,1.1148,0.65,1.0935,22
1580054452.138,0.63,1.0955,0.61,1.1117,22
1580054452.319,0.68,1.0655,0.57,1.1645,22
1580054452.502,0.59,1.1359,0.61,1.1215,22
1580054452.684,0.66,1.0807,0.63,1.0987,22
1580054452.867,0.67,1.0687,0.64,1.1015,22
1580054453.048,0.62,1.1137,0.65,1.0989,22
1580054453.24,0.61,1.1255,0.64,1.1007,22
1580054453.422,0.63,1.0993,0.61,1.1295,22
1580054453.58,0.65,1.0876,0.58,1.1532,22
1580054453.773,0.66,1.0765,0.64,1.1116,23
1580054453.954,0.65,1.086,0.63,1.1056,23
1580054454.134,0.62,1.114,0.61,1.1079,23
1580054454.315,0.64,1.0974,0.65,1.0956,23
1580054454.509,0.64,1.0974,0.65,1.0867,23
1580054454.693,0.64,1.0937,0.64,1.0886,23
1580054454.873,0.64,1.0899,0.64,1.1039,23
1580054455.056,0.66,1.0809,0.63,1.1058,23
1580054455.237,0.66,1.0852,0.67,1.0875,23
1580054455.42,0.68,1.0662,0.64,1.088,23
1580054455.629,0.65,1.0868,0.63,1.1051,23
1580054455.811,0.65,1.0939,0.63,1.0999,23
1580054455.992,0.64,1.0941,0.64,1.0878,23
1580054456.172,0.66,1.0787,0.61,1.1028,23
1580054456.323,0.65,1.0842,0.53,1.1513,23
1580054456.508,0.65,1.0814,0.6,1.1232,24
1580054456.699,0.67,1.0623,0.65,1.0989,24
1580054456.903,0.65,1.0891,0.63,1.1032,24
1580054457.11,0.65,1.0914,0.62,1.0993,24
1580054457.3,0.65,1.096,0.64,1.0864,24
1580054457.482,0.64,1.0901,0.65,1.0837,24
1580054457.669,0.66,1.0791,0.64,1.0893,24
1580054457.854,0.68,1.0606,0.61,1.1229,24
1580054458.058,0.65,1.0855,0.59,1.1199,24
1580054458.258,0.67,1.0638,0.65,1.0907,24
1580054458.44,0.67,1.0688,0.64,1.0973,24
1580054458.622,0.66,1.0845,0.62,1.1141,24
1580054458.803,0.63,1.1062,0.6,1.1094,24
1580054458.985,0.65,1.0868,0.63,1.0872,24
1580054459.137,0.64,1.089,0.66,1.0861,24
1580054459.325,0.69,1.0508,0.64,1.1035,25
1580054459.53,0.68,1.056,0.59,1.1261,25
1580054459.739,0.63,1.1023,0.64,1.0982,25
1580054459.923,0.65,1.0896,0.66,1.0777,25
1580054460.13,0.65,1.0844,0.64,1.095,25
1580054460.334,0.65,1.0878,0.62,1.1086,25
1580054460.515,0.64,1.096,0.63,1.1062,25
1580054460.722,0.65,1.0833,0.64,1.0936,25
1580054460.903,0.65,1.0905,0.64,1.0874,25
1580054461.105,0.69,1.0545,0.6,1.1166,25
1580054461.286,0.65,1.0853,0.61,1.1138,25
1580054461.468,0.65,1.0925,0.64,1.1009,25
1580054461.649,0.65,1.0893,0.65,1.0913,25
1580054461.833,0.66,1.0721,0.65,1.089,25
1580054462.001,0.65,1.0838,0.64,1.0988,25
1580054462.184,0.69,1.0488,0.64,1.0905,26
1580054462.365,0.67,1.0608,0.62,1.1047,26
1580054462.545,0.65,1.0868,0.63,1.1151,26
1580054462.725,0.66,1.0795,0.62,1.1092,26
1580054462.906,0.64,1.0898,0.63,1.101,26
1580054463.092,0.66,1.0752,0.65,1.1014,26
1580054463.282,0.66,1.0743,0.64,1.1045,26
1580054463.463,0.68,1.0571,0.61,1.1155,26
1580054463.646,0.67,1.0762,0.61,1.13,26
1580054463.833,0.66,1.0644,0.58,1.1108,26
1580054464.015,0.68,1.0714,0.63,1.0967,26
1580054464.199,0.66,1.0798,0.64,1.1017,26
1580054464.402,0.64,1.1049,0.64,1.1008,26
1580054464.605,0.65,1.0889,0.63,1.0938,26
1580054464.763,0.65,1.079,0.62,1.114,26
1580054464.946,0.68,1.0598,0.64,1.095,27
1580054465.128,0.7,1.0486,0.63,1.1094,27
1580054465.316,0.63,1.0935,0.63,1.1092,27
1580054465.521,0.65,1.09,0.66,1.0858,27
1580054465.727,0.66,1.0832,0.66,1.084,27
1580054465.931,0.65,1.0831,0.65,1.086,27
1580054466.135,0.66,1.0763,0.63,1.0979,27
1580054466.326,0.67,1.064,0.64,1.0933,27
1580054466.499,0.67,1.0741,0.6,1.1228,27
1580054466.682,0.69,1.0578,0.59,1.1313,27
1580054466.87,0.62,1.1066,0.65,1.0921,27
1580054467.052,0.67,1.0749,0.65,1.0942,27
1580054467.235,0.63,1.1083,0.66,1.0961,27
1580054467.44,0.61,1.1166,0.65,1.0914,27
1580054467.61,0.65,1.0898,0.63,1.097,27
1580054467.817,0.7,1.0473,0.56,1.1458,28
1580054468.023,0.66,1.0811,0.6,1.1271,28
1580054468.224,0.66,1.0843,0.58,1.138,28
1580054468.409,0.64,1.0972,0.62,1.1126,28
1580054468.615,0.64,1.0984,0.63,1.0941,28
1580054468.799,0.65,1.0815,0.64,1.0882,28
1580054468.98,0.65,1.0804,0.64,1.0874,28
1580054469.161,0.65,1.087,0.66,1.0841,28
1580054469.345,0.65,1.0804,0.64,1.0951,28
1580054469.548,0.7,1.0512,0.56,1.1249,28
1580054469.749,0.65,1.0816,0.6,1.1203,28
1580054469.935,0.66,1.0852,0.64,1.096,28
1580054470.117,0.66,1.072,0.65,1.0802,28
1580054470.298,0.68,1.0642,0.66,1.0789,28
1580054470.45,0.66,1.0731,0.66,1.0752,28
1580054470.657,0.7,1.0464,0.65,1.0758,29
1580054470.863,0.69,1.0509,0.65,1.0815,29
1580054471.068,0.68,1.0688,0.63,1.1066,29
1580054471.268,0.65,1.0857,0.61,1.1141,29
1580054471.45,0.65,1.0877,0.65,1.0936,29
1580054471.638,0.67,1.0693,0.66,1.0769,29
1580054471.841,0.67,1.0661,0.65,1.0743,29
1580054472.045,0.69,1.0539,0.65,1.0761,29
1580054472.251,0.65,1.0775,0.65,1.0782,29
1580054472.456,0.69,1.0457,0.65,1.0915,29
1580054472.66,0.68,1.0595,0.63,1.0959,29
1580054472.842,0.67,1.0713,0.62,1.0987,29
1580054473.029,0.68,1.0648,0.66,1.0909,29
1580054473.232,0.67,1.0634,0.66,1.0763,29
1580054473.384,0.68,1.0582,0.66,1.0781,29
1580054473.566,0.71,1.0315,0.65,1.0839,30
1580054473.76,0.68,1.0523,0.66,1.0793,30
1580054473.942,0.67,1.0675,0.63,1.0919,30
1580054474.136,0.66,1.0717,0.63,1.1211,30
1580054474.327,0.65,1.0871,0.61,1.1019,30
1580054474.508,0.67,1.0643,0.65,1.077,30
1580054474.698,0.68,1.0608,0.66,1.0766,30
1580054474.903,0.69,1.0557,0.66,1.0761,30
1580054475.104,0.68,1.0623,0.67,1.078,30
1580054475.286,0.69,1.047,0.67,1.0812,30
1580054475.468,0.68,1.05,0.68,1.0807,30
1580054475.65,0.68,1.0608,0.67,1.0799,30
1580054475.835,0.68,1.0552,0.68,1.081,30
1580054476.038,0.69,1.0492,0.68,1.0763,30
1580054476.191,0.68,1.05,0.67,1.074,30
1580054476.387,0.72,1.029,0.65,1.0857,31
1580054476.57,0.69,1.0466,0.64,1.0871,31
1580054476.752,0.67,1.0695,0.66,1.081,31
1580054476.939,0.67,1.0675,0.61,1.1145,31
1580054477.137,0.66,1.0781,0.62,1.104,31
1580054477.322,0.67,1.0675,0.66,1.0784,31
1580054477.505,0.68,1.057,0.64,1.0826,31
1580054477.687,0.69,1.0507,0.66,1.0782,31
1580054477.87,0.69,1.0593,0.67,1.0795,31
1580054478.053,0.7,1.04,0.66,1.079,31
1580054478.235,0.7,1.0409,0.66,1.0788,31
1580054478.421,0.68,1.0588,0.68,1.0779,31
1580054478.625,0.69,1.0517,0.67,1.0833,31
1580054478.809,0.69,1.046,0.65,1.085,31
1580054478.977,0.71,1.0427,0.66,1.0828,31
1580054479.188,0.72,1.0293,0.66,1.0791,32
1580054479.385,0.7,1.0376,0.66,1.0809,32
1580054479.568,0.68,1.064,0.69,1.0702,32
1580054479.75,0.67,1.0668,0.62,1.0947,32
1580054479.936,0.68,1.062,0.62,1.1013,32
1580054480.134,0.67,1.0674,0.67,1.0793,32
1580054480.318,0.68,1.0603,0.65,1.0747,32
1580054480.501,0.7,1.0386,0.65,1.0766,32
1580054480.687,0.69,1.0594,0.69,1.072,32
1580054480.892,0.71,1.034,0.64,1.0782,32
1580054481.094,0.7,1.0377,0.63,1.0867,32
1580054481.275,0.68,1.0611,0.65,1.0831,32
1580054481.461,0.69,1.0488,0.65,1.0865,32
1580054481.664,0.7,1.0431,0.64,1.093,32
1580054481.821,0.69,1.0435,0.61,1.0998,32
1580054482.005,0.71,1.0299,0.68,1.0752,33
1580054482.207,0.7,1.0351,0.68,1.0718,33
1580054482.388,0.68,1.0622,0.67,1.0765,33
1580054482.57,0.67,1.0687,0.66,1.0776,33
1580054482.754,0.68,1.0575,0.62,1.1099,33
1580054482.959,0.69,1.0599,0.63,1.1062,33
1580054483.145,0.67,1.0678,0.68,1.0674,33
1580054483.327,0.7,1.0315,0.61,1.1064,33
1580054483.509,0.67,1.0699,0.66,1.0737,33
1580054483.691,0.71,1.0348,0.66,1.0751,33
1580054483.873,0.71,1.0376,0.63,1.0995,33
1580054484.078,0.66,1.0751,0.64,1.0938,33
1580054484.286,0.69,1.0591,0.65,1.0763,33
1580054484.492,0.7,1.0424,0.62,1.1091,33
1580054484.662,0.68,1.0573,0.66,1.0916,33
1580054484.849,0.72,1.0233,0.66,1.0806,34
1580054485.032,0.71,1.0363,0.65,1.0845,34
1580054485.215,0.66,1.077,0.69,1.0719,34
1580054485.42,0.67,1.063,0.66,1.0885,34
1580054485.608,0.67,1.0664,0.62,1.099,34
1580054485.79,0.66,1.0734,0.67,1.0881,34
1580054485.972,0.67,1.0659,0.63,1.1128,34
1580054486.16,0.66,1.0643,0.63,1.0865,34
1580054486.343,0.67,1.0632,0.66,1.0765,34
1580054486.524,0.71,1.0334,0.62,1.0971,34
1580054486.706,0.67,1.0674,0.67,1.082,34
1580054486.887,0.67,1.0666,0.65,1.0939,34
1580054487.069,0.67,1.069,0.65,1.089,34
1580054487.251,0.68,1.0586,0.62,1.0823,34
1580054487.404,0.7,1.043,0.61,1.1189,34
1580054487.587,0.68,1.0529,0.64,1.0967,35
1580054487.78,0.69,1.042,0.67,1.0736,35
1580054487.961,0.68,1.0588,0.67,1.0821,35
1580054488.164,0.68,1.065,0.67,1.079,35
1580054488.372,0.67,1.0648,0.66,1.0752,35
1580054488.581,0.68,1.0579,0.64,1.0791,35
1580054488.785,0.68,1.057,0.66,1.0865,35
1580054488.967,0.72,1.0317,0.63,1.1018,35
1580054489.15,0.68,1.0674,0.67,1.0765,35
1580054489.338,0.69,1.0401,0.67,1.0684,35
1580054489.523,0.7,1.0411,0.66,1.0726,35
1580054489.727,0.68,1.0649,0.65,1.08,35
1580054489.932,0.67,1.0697,0.65,1.0726,35
1580054490.137,0.69,1.0439,0.66,1.0734,35
1580054490.292,0.71,1.0323,0.58,1.1291,35
1580054490.475,0.7,1.0364,0.56,1.1298,36
1580054490.666,0.69,1.0456,0.65,1.0916,36
1580054490.846,0.69,1.0562,0.65,1.0703,36
1580054491.028,0.67,1.0611,0.67,1.0749,36
1580054491.232,0.69,1.058,0.66,1.0879,36
1580054491.414,0.66,1.076,0.65,1.0849,36
1580054491.596,0.67,1.0679,0.68,1.0696,36
1580054491.778,0.71,1.0308,0.66,1.0806,36
1580054491.977,0.69,1.0512,0.61,1.1072,36
1580054492.159,0.7,1.0418,0.66,1.0792,36
1580054492.343,0.68,1.0527,0.68,1.0691,36
1580054492.526,0.68,1.0546,0.63,1.0935,36
1580054492.711,0.68,1.0628,0.65,1.0906,36
1580054492.893,0.69,1.0524,0.65,1.0782,36
1580054493.046,0.68,1.055,0.65,1.0768,36
1580054493.231,0.72,1.0245,0.66,1.0822,37
1580054493.418,0.71,1.0329,0.67,1.079,37
1580054493.601,0.68,1.056,0.67,1.0843,37
1580054493.787,0.66,1.0736,0.67,1.0764,37
1580054493.992,0.68,1.0573,0.68,1.0647,37
1580054494.199,0.69,1.0514,0.68,1.0674,37
1580054494.388,0.69,1.0517,0.66,1.0714,37
1580054494.57,0.7,1.0401,0.67,1.0697,37
1580054494.753,0.7,1.0456,0.64,1.0825,37
1580054494.959,0.71,1.0284,0.61,1.1107,37
1580054495.151,0.67,1.0629,0.65,1.0912,37
1580054495.359,0.69,1.0604,0.66,1.0853,37
1580054495.561,0.7,1.0471,0.64,1.0901,37
1580054495.745,0.7,1.0472,0.67,1.0727,37
1580054495.901,0.69,1.0494,0.67,1.0747,37
1580054496.085,0.72,1.0193,0.63,1.1005,38
1580054496.268,0.7,1.0444,0.64,1.1073,38
1580054496.453,0.68,1.0598,0.6,1.1151,38
1580054496.635,0.67,1.0687,0.62,1.1154,38
1580054496.818,0.67,1.0724,0.63,1.098,38
1580054497.01,0.68,1.0542,0.66,1.0748,38
1580054497.192,0.69,1.0467,0.66,1.0753,38
1580054497.377,0.69,1.0471,0.65,1.0765,38
1580054497.56,0.7,1.0462,0.68,1.0683,38
1580054497.744,0.71,1.0295,0.67,1.075,38
1580054497.931,0.7,1.0451,0.68,1.0758,38
1580054498.116,0.69,1.0497,0.67,1.0695,38
1580054498.305,0.7,1.0378,0.67,1.0677,38
1580054498.489,0.72,1.0316,0.68,1.0674,38
1580054498.642,0.71,1.0331,0.69,1.0656,38
1580054498.84,0.72,1.0178,0.66,1.0727,39
1580054499.044,0.71,1.0289,0.65,1.0898,39
1580054499.227,0.69,1.0466,0.65,1.0958,39
1580054499.41,0.66,1.0742,0.65,1.1004,39
1580054499.592,0.69,1.0512,0.65,1.0923,39
1580054499.776,0.69,1.0527,0.66,1.0834,39
1580054499.958,0.69,1.0532,0.68,1.0646,39
1580054500.151,0.72,1.0265,0.66,1.079,39
1580054500.333,0.7,1.0456,0.66,1.08,39
1580054500.516,0.73,1.0228,0.68,1.0763,39
1580054500.699,0.7,1.0405,0.65,1.0895,39
1580054500.883,0.7,1.0474,0.63,1.0951,39
1580054501.068,0.71,1.0395,0.67,1.0735,39
1580054501.252,0.73,1.0228,0.68,1.0624,39
1580054501.405,0.7,1.0345,0.69,1.062,39
1580054501.595,0.74,1.0104,0.67,1.065,40
1580054501.8,0.72,1.0211,0.68,1.0718,40
1580054502.003,0.71,1.0321,0.65,1.0859,40
1580054502.215,0.69,1.0549,0.67,1.0772,40
1580054502.425,0.7,1.0425,0.65,1.0752,40
1580054502.632,0.7,1.0397,0.67,1.0754,40
1580054502.814,0.7,1.0396,0.69,1.0626,40
1580054502.997,0.71,1.025,0.66,1.0763,40
1580054503.179,0.7,1.0401,0.64,1.0829,40
1580054503.362,0.73,1.0192,0.66,1.076,40
1580054503.547,0.69,1.0556,0.65,1.0787,40
1580054503.748,0.7,1.0428,0.65,1.0944,40
1580054503.932,0.69,1.0563,0.67,1.0768,40
1580054504.114,0.71,1.0352,0.65,1.0683,40
1580054504.27,0.7,1.037,0.66,1.0764,40
1580054504.453,0.71,1.0277,0.67,1.0655,41
1580054504.64,0.73,1.0166,0.68,1.063,41
1580054504.823,0.7,1.0421,0.68,1.0751,41
1580054505.026,0.69,1.0547,0.65,1.0815,41
1580054505.209,0.7,1.0357,0.65,1.0799,41
1580054505.391,0.7,1.0434,0.69,1.0663,41
1580054505.573,0.7,1.0393,0.7,1.0588,41
1580054505.756,0.72,1.0235,0.68,1.0591,41
1580054505.94,0.7,1.0413,0.66,1.07,41
1580054506.122,0.73,1.0194,0.63,1.0863,41
1580054506.304,0.69,1.0546,0.67,1.079,41
1580054506.49,0.67,1.0652,0.64,1.0903,41
1580054506.678,0.69,1.0437,0.66,1.0872,41
1580054506.862,0.69,1.0484,0.69,1.0625,41
1580054507.019,0.68,1.0499,0.66,1.0745,41
1580054507.221,0.73,1.0094,0.63,1.0901,42
1580054507.406,0.71,1.0249,0.65,1.095,42
1580054507.592,0.68,1.0541,0.64,1.0897,42
1580054507.775,0.68,1.057,0.67,1.072,42
1580054507.958,0.7,1.038,0.68,1.0704,42
1580054508.142,0.69,1.0451,0.67,1.0792,42
1580054508.324,0.69,1.0455,0.66,1.084,42
1580054508.51,0.71,1.0282,0.67,1.0788,42
1580054508.719,0.7,1.0431,0.62,1.0976,42
1580054508.902,0.73,1.0168,0.63,1.0922,42
1580054509.084,0.69,1.0478,0.68,1.0672,42
1580054509.282,0.68,1.0567,0.66,1.0752,42
1580054509.464,0.7,1.037,0.64,1.0975,42
1580054509.656,0.7,1.034,0.67,1.0716,42
1580054509.808,0.74,1.0147,0.64,1.0935,42
1580054509.996,0.73,1.0153,0.64,1.0874,43
1580054510.18,0.71,1.021,0.66,1.072,43
1580054510.363,0.7,1.0406,0.67,1.0708,43
1580054510.545,0.67,1.0579,0.68,1.0718,43
1580054510.755,0.69,1.046,0.65,1.079,43
1580054510.96,0.71,1.0357,0.65,1.0852,43
1580054511.146,0.7,1.0414,0.63,1.0922,43
1580054511.329,0.72,1.0258,0.66,1.0809,43
1580054511.532,0.72,1.028,0.65,1.0864,43
1580054511.717,0.74,1.0099,0.62,1.1159,43
1580054511.923,0.68,1.0654,0.66,1.08,43
1580054512.129,0.68,1.0584,0.66,1.0859,43
1580054512.327,0.7,1.0362,0.64,1.1004,43
1580054512.533,0.69,1.0543,0.64,1.0936,43
1580054512.704,0.72,1.0258,0.64,1.0943,43
1580054512.912,0.73,1.0049,0.63,1.111,44
1580054513.112,0.71,1.0304,0.63,1.0958,44
1580054513.297,0.69,1.0485,0.66,1.0739,44
1580054513.478,0.69,1.0471,0.63,1.1012,44
1580054513.66,0.68,1.0525,0.63,1.1064,44
1580054513.849,0.7,1.0417,0.65,1.0877,44
1580054514.035,0.71,1.0314,0.61,1.1011,44
1580054514.219,0.73,1.0208,0.61,1.1101,44
1580054514.401,0.69,1.0466,0.64,1.091,44
1580054514.584,0.74,1.0084,0.66,1.079,44
1580054514.767,0.7,1.0379,0.66,1.0831,44
1580054514.969,0.69,1.055,0.63,1.0887,44
1580054515.153,0.7,1.0408,0.65,1.0858,44
1580054515.337,0.72,1.029,0.67,1.0773,44
1580054515.49,0.73,1.0143,0.65,1.094,44
1580054515.676,0.74,1.009,0.62,1.1094,45
1580054515.863,0.72,1.0199,0.62,1.111,45
1580054516.046,0.69,1.0461,0.66,1.0709,45
1580054516.228,0.69,1.0483,0.67,1.0704,45
1580054516.411,0.7,1.0373,0.64,1.099,45
1580054516.593,0.7,1.0381,0.65,1.0869,45
1580054516.788,0.71,1.0344,0.65,1.0757,45
1580054516.991,0.73,1.014,0.64,1.0982,45
1580054517.176,0.7,1.0425,0.64,1.0909,45
1580054517.383,0.73,1.0137,0.68,1.0686,45
1580054517.588,0.71,1.0309,0.66,1.0771,45
1580054517.797,0.7,1.0497,0.64,1.092,45
1580054518.002,0.7,1.0465,0.65,1.0908,45
1580054518.189,0.71,1.0332,0.67,1.0768,45
1580054518.363,0.73,1.0121,0.62,1.1014,45
1580054518.577,0.73,1.0038,0.6,1.122,46
1580054518.772,0.72,1.0209,0.61,1.1135,46
1580054518.959,0.7,1.0401,0.62,1.0962,46
1580054519.158,0.69,1.0538,0.67,1.0656,46
1580054519.344,0.7,1.0337,0.64,1.1022,46
1580054519.528,0.69,1.0516,0.62,1.1175,46
1580054519.711,0.67,1.0734,0.67,1.081,46
1580054519.893,0.71,1.0312,0.65,1.0896,46
1580054520.081,0.71,1.0359,0.61,1.1369,46
1580054520.291,0.71,1.0293,0.63,1.1166,46
1580054520.475,0.67,1.0718,0.64,1.079,46
1580054520.664,0.69,1.0545,0.63,1.0966,46
1580054520.848,0.71,1.0297,0.63,1.1078,46
1580054521.03,0.7,1.0409,0.64,1.0962,46
1580054521.185,0.69,1.0494,0.64,1.0842,46
1580054521.37,0.73,1.0116,0.65,1.0917,47
1580054521.555,0.73,1.0151,0.63,1.1135,47
1580054521.737,0.7,1.0425,0.6,1.1277,47
1580054521.934,0.65,1.079,0.63,1.1059,47
1580054522.143,0.69,1.0476,0.66,1.08,47
1580054522.341,0.71,1.0296,0.63,1.103,47
1580054522.525,0.7,1.0479,0.64,1.0992,47
1580054522.711,0.7,1.0371,0.67,1.0792,47
1580054522.895,0.69,1.051,0.65,1.0845,47
1580054523.097,0.72,1.0243,0.61,1.1131,47
1580054523.287,0.69,1.0562,0.66,1.0856,47
1580054523.492,0.68,1.0642,0.66,1.0647,47
1580054523.697,0.7,1.0341,0.62,1.1181,47
1580054523.882,0.68,1.0529,0.65,1.0934,47
1580054524.038,0.69,1.0415,0.69,1.0628,47
1580054524.222,0.73,1.0055,0.65,1.0797,48
1580054524.408,0.73,1.016,0.62,1.1159,48
1580054524.614,0.69,1.0538,0.6,1.1259,48
1580054524.799,0.66,1.08,0.66,1.091,48
1580054524.982,0.68,1.0546,0.66,1.0923,48
1580054525.165,0.71,1.0382,0.63,1.1069,48
1580054525.349,0.65,1.0758,0.65,1.0949,48
1580054525.555,0.68,1.0618,0.69,1.0687,48
1580054525.762,0.7,1.0434,0.64,1.0971,48
1580054525.948,0.74,1.0089,0.57,1.144,48
1580054526.134,0.64,1.0924,0.6,1.1273,48
1580054526.339,0.63,1.1067,0.65,1.0879,48
1580054526.544,0.68,1.0526,0.66,1.0808,48
1580054526.747,0.72,1.0237,0.63,1.1047,48
1580054526.901,0.7,1.0453,0.65,1.0882,48
1580054527.091,0.67,1.0629,0.68,1.0708,49
1580054527.278,0.69,1.0504,0.67,1.0761,49
1580054527.485,0.7,1.0363,0.62,1.1068,49
1580054527.669,0.68,1.0652,0.65,1.0994,49
1580054527.853,0.64,1.0917,0.63,1.0878,49
1580054528.036,0.64,1.0955,0.65,1.0837,49
1580054528.237,0.67,1.0688,0.63,1.0947,49
1580054528.42,0.69,1.045,0.66,1.0676,49
1580054528.603,0.69,1.0458,0.68,1.0688,49
1580054528.787,0.69,1.045,0.65,1.0953,49
1580054528.969,0.66,1.0805,0.66,1.0828,49
1580054529.157,0.65,1.0819,0.7,1.0534,49
1580054529.341,0.71,1.0269,0.65,1.0834,49
1580054529.524,0.7,1.0421,0.66,1.0839,49
1580054529.678,0.68,1.0536,0.67,1.0712,49
1580054529.861,0.72,1.0229,0.64,1.0942,50
1580054530.05,0.72,1.0258,0.63,1.1202,50
1580054530.257,0.69,1.0572,0.62,1.1194,50
1580054530.463,0.66,1.0725,0.66,1.0861,50
1580054530.668,0.69,1.0491,0.67,1.0816,50
1580054530.874,0.7,1.0439,0.64,1.0916,50
1580054531.08,0.67,1.06,0.66,1.0937,50
1580054531.28,0.68,1.0602,0.66,1.0807,50
1580054531.464,0.69,1.0531,0.67,1.0798,50
1580054531.647,0.72,1.0204,0.63,1.1094,50
1580054531.836,0.69,1.0524,0.61,1.1198,50
1580054532.043,0.66,1.0782,0.63,1.1064,50
1580054532.249,0.68,1.0536,0.66,1.0778,50
1580054532.438,0.7,1.0375,0.68,1.075,50
1580054532.592,0.71,1.0319,0.64,1.0984,50
1580054532.776,0.7,1.0334,0.63,1.1037,51
1580054532.983,0.69,1.0458,0.68,1.0777,51
1580054533.187,0.68,1.055,0.63,1.0868,51
1580054533.371,0.7,1.0477,0.63,1.1124,51
1580054533.553,0.71,1.0414,0.63,1.1163,51
1580054533.736,0.64,1.0892,0.66,1.0873,51
1580054533.919,0.69,1.0496,0.68,1.059,51
1580054534.101,0.73,1.0161,0.66,1.0783,51
1580054534.284,0.68,1.0556,0.64,1.0937,51
1580054534.468,0.69,1.0457,0.64,1.0943,51
1580054534.65,0.7,1.0411,0.66,1.074,51
1580054534.833,0.7,1.0466,0.68,1.0563,51
1580054535.022,0.71,1.0265,0.7,1.0512,51
1580054535.206,0.72,1.0196,0.69,1.0501,51
1580054535.378,0.72,1.0164,0.69,1.0521,51
1580054535.586,0.74,0.9976,0.67,1.0592,52
1580054535.791,0.72,1.0162,0.66,1.0685,52
1580054535.987,0.7,1.037,0.68,1.0665,52
1580054536.194,0.7,1.039,0.67,1.0708,52
1580054536.404,0.72,1.028,0.65,1.0747,52
1580054536.61,0.7,1.0416,0.68,1.057,52
1580054536.816,0.72,1.0276,0.68,1.0519,52
1580054537.023,0.73,1.0154,0.68,1.0603,52
1580054537.227,0.72,1.0261,0.67,1.0642,52
1580054537.432,0.72,1.0139,0.69,1.0585,52
1580054537.639,0.73,1.0186,0.68,1.0569,52
1580054537.82,0.71,1.0361,0.69,1.0534,52
1580054538.003,0.73,1.0173,0.7,1.058,52
1580054538.198,0.73,1.011,0.65,1.0744,52
1580054538.354,0.74,1.0043,0.65,1.083,52
1580054538.56,0.75,0.9935,0.69,1.0672,53
1580054538.768,0.72,1.0189,0.67,1.0652,53
1580054538.975,0.72,1.024,0.67,1.0653,53
1580054539.181,0.71,1.0332,0.67,1.0594,53
1580054539.389,0.71,1.034,0.69,1.0491,53
1580054539.571,0.71,1.0416,0.69,1.0547,53
1580054539.754,0.72,1.0178,0.67,1.0769,53
1580054539.939,0.73,1.0093,0.68,1.0742,53
1580054540.123,0.69,1.0502,0.68,1.0663,53
1580054540.319,0.72,1.017,0.67,1.0634,53
1580054540.524,0.72,1.0169,0.67,1.0679,53
1580054540.728,0.71,1.0415,0.69,1.0628,53
1580054540.911,0.7,1.0405,0.68,1.055,53
1580054541.095,0.73,1.012,0.67,1.0668,53
1580054541.251,0.75,0.9955,0.66,1.0806,53
1580054541.461,0.75,0.9922,0.67,1.0822,54
1580054541.669,0.7,1.0365,0.67,1.0772,54
1580054541.855,0.71,1.0265,0.66,1.0601,54
1580054542.038,0.72,1.0265,0.69,1.0652,54
1580054542.222,0.7,1.0427,0.68,1.0664,54
1580054542.414,0.68,1.0638,0.68,1.0486,54
1580054542.598,0.71,1.0319,0.67,1.0652,54
1580054542.786,0.74,1.0084,0.66,1.0794,54
1580054542.969,0.7,1.0395,0.68,1.0682,54
1580054543.153,0.72,1.022,0.67,1.0647,54
1580054543.336,0.7,1.0371,0.69,1.0566,54
1580054543.52,0.71,1.0332,0.69,1.0545,54
1580054543.703,0.72,1.0187,0.68,1.0641,54
1580054543.886,0.72,1.0179,0.69,1.0579,54
1580054544.041,0.74,1.0079,0.69,1.0559,54
1580054544.229,0.77,0.9767,0.68,1.0674,55
1580054544.443,0.72,1.0122,0.68,1.0662,55
1580054544.648,0.71,1.0255,0.68,1.0672,55
1580054544.83,0.71,1.0308,0.69,1.056,55
1580054545.015,0.73,1.0136,0.7,1.0455,55
1580054545.199,0.73,1.0206,0.69,1.0415,55
1580054545.382,0.72,1.0235,0.7,1.0424,55
1580054545.578,0.73,1.0116,0.69,1.0521,55
1580054545.777,0.73,1.0124,0.69,1.0588,55
1580054545.961,0.74,1.003,0.68,1.0584,55
1580054546.144,0.72,1.0193,0.69,1.0564,55
1580054546.327,0.73,1.027,0.69,1.0546,55
1580054546.513,0.73,1.0125,0.69,1.0471,55
1580054546.718,0.75,0.9982,0.69,1.0455,55
1580054546.872,0.75,1.0013,0.69,1.0496,55
1580054547.057,0.77,0.9762,0.68,1.0602,56
1580054547.253,0.74,0.9976,0.66,1.0658,56
1580054547.439,0.74,1.0149,0.68,1.0671,56
1580054547.623,0.72,1.0273,0.68,1.0672,56
1580054547.807,0.73,1.0125,0.68,1.0556,56
1580054547.99,0.72,1.0143,0.7,1.0491,56
1580054548.199,0.73,1.0152,0.7,1.0549,56
1580054548.413,0.74,1.0076,0.69,1.0576,56
1580054548.62,0.73,1.0143,0.68,1.0593,56
1580054548.828,0.75,0.9944,0.69,1.0608,56
1580054549.033,0.73,1.0098,0.68,1.0592,56
1580054549.218,0.72,1.0222,0.69,1.0621,56
1580054549.404,0.74,1.0087,0.67,1.0575,56
1580054549.588,0.75,0.9945,0.7,1.0511,56
1580054549.745,0.75,0.9966,0.7,1.0544,56
1580054549.955,0.78,0.9764,0.68,1.0631,57
1580054550.16,0.75,0.9914,0.68,1.0649,57
1580054550.348,0.73,1.0109,0.67,1.0687,57
1580054550.532,0.72,1.0232,0.66,1.0695,57
1580054550.717,0.73,1.0128,0.67,1.0627,57
1580054550.926,0.74,1.0072,0.68,1.048,57
1580054551.132,0.73,1.0104,0.69,1.0537,57
1580054551.318,0.74,1.0041,0.67,1.0586,57
1580054551.501,0.74,1.0086,0.68,1.0605,57
1580054551.684,0.76,0.9917,0.68,1.0641,57
1580054551.87,0.74,1.0045,0.67,1.0636,57
1580054552.077,0.73,1.0188,0.67,1.0685,57
1580054552.282,0.74,1.0053,0.66,1.0638,57
1580054552.466,0.76,0.9889,0.68,1.0542,57
1580054552.621,0.76,0.9918,0.71,1.0533,57
1580054552.807,0.78,0.9723,0.68,1.0681,58
1580054552.995,0.76,0.988,0.68,1.0686,58
1580054553.18,0.74,1.0061,0.66,1.07,58
1580054553.363,0.73,1.0205,0.66,1.0786,58
1580054553.546,0.72,1.0145,0.67,1.0684,58
1580054553.73,0.74,1.0044,0.68,1.0528,58
1580054553.914,0.74,1.0033,0.68,1.0517,58
1580054554.097,0.74,1.0048,0.69,1.0567,58
1580054554.281,0.73,1.0119,0.67,1.0627,58
1580054554.488,0.76,0.9884,0.68,1.0649,58
1580054554.698,0.74,1.0017,0.68,1.0667,58
1580054554.881,0.73,1.0183,0.65,1.0741,58
1580054555.065,0.75,1.0019,0.66,1.0675,58
1580054555.251,0.77,0.9843,0.68,1.0584,58
1580054555.426,0.76,0.9874,0.7,1.055,58
1580054555.636,0.78,0.9703,0.68,1.0697,59
1580054555.82,0.76,0.9866,0.66,1.0805,59
1580054556.005,0.74,1.0026,0.65,1.0838,59
1580054556.213,0.72,1.0227,0.67,1.0735,59
1580054556.42,0.73,1.0179,0.66,1.0905,59
1580054556.626,0.73,1.0156,0.68,1.0593,59
1580054556.808,0.73,1.0118,0.66,1.0791,59
1580054556.991,0.73,1.0056,0.66,1.0842,59
1580054557.174,0.72,1.0191,0.67,1.0707,59
1580054557.368,0.76,0.9883,0.69,1.0648,59
1580054557.583,0.74,0.9983,0.67,1.0705,59
1580054557.787,0.74,1.0136,0.67,1.0743,59
1580054557.992,0.73,1.0086,0.65,1.0807,59
1580054558.199,0.75,0.9953,0.66,1.0616,59
1580054558.355,0.76,0.9851,0.68,1.0608,59
1580054558.539,0.76,0.9847,0.68,1.0609,60
1580054558.73,0.74,0.9964,0.64,1.087,60
1580054558.914,0.73,1.0124,0.64,1.0995,60
1580054559.098,0.71,1.0295,0.64,1.0982,60
1580054559.301,0.7,1.0366,0.65,1.0909,60
1580054559.484,0.7,1.0319,0.64,1.086,60
1580054559.667,0.72,1.02,0.68,1.061,60
1580054559.85,0.74,0.9983,0.63,1.102,60
1580054560.033,0.7,1.04,0.6,1.1356,60
1580054560.216,0.72,1.0227,0.64,1.1016,60
1580054560.425,0.72,1.0281,0.67,1.0802,60
1580054560.631,0.72,1.0266,0.63,1.1062,60
1580054560.814,0.72,1.0215,0.62,1.124,60
1580054560.997,0.7,1.0462,0.61,1.1095,60
1580054561.151,0.73,1.0098,0.66,1.0757,60
1580054561.356,0.77,0.9718,0.65,1.0881,61
1580054561.538,0.74,1.0005,0.61,1.1193,61
1580054561.737,0.7,1.0478,0.61,1.1129,61
1580054561.945,0.68,1.0598,0.65,1.0857,61
1580054562.154,0.72,1.0254,0.66,1.068,61
1580054562.367,0.72,1.0192,0.63,1.1089,61
1580054562.572,0.72,1.0193,0.62,1.1231,61
1580054562.756,0.67,1.0594,0.62,1.1095,61
1580054562.94,0.69,1.0527,0.64,1.0839,61
1580054563.123,0.72,1.015,0.63,1.0891,61
1580054563.309,0.73,1.0127,0.66,1.0881,61
1580054563.492,0.68,1.0607,0.65,1.0922,61
1580054563.675,0.69,1.0505,0.64,1.0919,61
1580054563.864,0.71,1.0259,0.67,1.0689,61
1580054564.021,0.76,0.9875,0.62,1.1026,61
1580054564.231,0.73,1.0068,0.6,1.1136,62
1580054564.437,0.69,1.0536,0.62,1.1187,62
1580054564.626,0.69,1.0575,0.64,1.1074,62
1580054564.808,0.69,1.0396,0.67,1.0903,62
1580054564.993,0.71,1.0319,0.64,1.0985,62
1580054565.176,0.68,1.0594,0.64,1.0975,62
1580054565.374,0.68,1.059,0.66,1.0838,62
1580054565.577,0.7,1.0366,0.68,1.0641,62
1580054565.762,0.69,1.0442,0.69,1.0623,62
1580054565.946,0.72,1.0174,0.67,1.0672,62
1580054566.145,0.74,1.0058,0.67,1.073,62
1580054566.352,0.71,1.0329,0.66,1.0724,62
1580054566.561,0.7,1.0424,0.66,1.0734,62
1580054566.771,0.71,1.0239,0.67,1.0687,62
1580054566.945,0.76,0.984,0.67,1.0606,62
1580054567.151,0.76,0.9876,0.68,1.058,63
1580054567.337,0.74,1.0017,0.67,1.0676,63
1580054567.521,0.73,1.0176,0.64,1.0936,63
1580054567.704,0.7,1.0417,0.64,1.1011,63
1580054567.891,0.73,1.0182,0.63,1.0995,63
1580054568.077,0.72,1.0241,0.63,1.1168,63
1580054568.261,0.73,1.0133,0.61,1.1147,63
1580054568.444,0.7,1.0383,0.62,1.1,63
1580054568.627,0.71,1.0324,0.65,1.0792,63
1580054568.821,0.73,1.0044,0.67,1.0786,63
1580054569.03,0.73,1.0075,0.62,1.0999,63
1580054569.239,0.7,1.0412,0.61,1.1057,63
1580054569.447,0.7,1.0381,0.65,1.0843,63
1580054569.655,0.71,1.0251,0.65,1.0789,63
1580054569.812,0.76,0.9844,0.65,1.0749,63
1580054570.026,0.76,0.9833,0.65,1.0824,64
1580054570.23,0.71,1.0295,0.64,1.0781,64
1580054570.417,0.7,1.0418,0.66,1.0768,64
1580054570.599,0.74,1.01,0.64,1.0931,64
1580054570.782,0.73,1.0176,0.61,1.1199,64
1580054570.975,0.67,1.0665,0.64,1.1004,64
1580054571.16,0.69,1.0509,0.66,1.072,64
1580054571.342,0.75,0.9994,0.67,1.0672,64
1580054571.543,0.72,1.0243,0.68,1.0711,64
1580054571.728,0.72,1.0184,0.66,1.0723,64
1580054571.935,0.72,1.0162,0.67,1.0705,64
1580054572.142,0.73,1.0148,0.67,1.0709,64
1580054572.328,0.72,1.0139,0.67,1.0733,64
1580054572.514,0.73,1.0188,0.68,1.0609,64
1580054572.668,0.76,0.9837,0.66,1.0695,64
1580054572.855,0.79,0.9579,0.68,1.0645,65
1580054573.052,0.74,1.0043,0.67,1.0635,65
1580054573.236,0.7,1.0321,0.67,1.0629,65
1580054573.421,0.72,1.02,0.69,1.0572,65
1580054573.607,0.74,1.0064,0.65,1.0787,65
1580054573.791,0.71,1.034,0.65,1.0824,65
1580054573.975,0.71,1.0277,0.63,1.0935,65
1580054574.159,0.75,0.9993,0.64,1.0852,65
1580054574.343,0.72,1.0181,0.66,1.0726,65
1580054574.528,0.73,1.0121,0.66,1.0786,65
1580054574.712,0.73,1.0146,0.66,1.0788,65
1580054574.894,0.7,1.0377,0.65,1.0769,65
1580054575.085,0.72,1.022,0.66,1.0751,65
1580054575.27,0.73,1.0071,0.66,1.0785,65
1580054575.425,0.74,1.0018,0.63,1.0991,65
1580054575.637,0.76,0.977,0.61,1.1216,66
1580054575.82,0.72,1.017,0.6,1.1135,66
1580054576.004,0.7,1.0407,0.69,1.0721,66
1580054576.188,0.71,1.028,0.67,1.0688,66
1580054576.384,0.73,1.0123,0.66,1.0798,66
1580054576.569,0.7,1.0432,0.65,1.0867,66
1580054576.755,0.69,1.0422,0.66,1.0816,66
1580054576.962,0.72,1.0165,0.66,1.0717,66
1580054577.156,0.73,1.0146,0.62,1.1001,66
1580054577.35,0.74,0.9994,0.65,1.0843,66
1580054577.559,0.7,1.0311,0.67,1.0655,66
1580054577.748,0.72,1.0276,0.65,1.0732,66
1580054577.933,0.73,1.0107,0.64,1.0854,66
1580054578.125,0.74,0.9983,0.65,1.0852,66
1580054578.279,0.72,1.0177,0.67,1.0776,66
1580054578.466,0.76,0.9847,0.66,1.0829,67
1580054578.652,0.74,1.0006,0.65,1.091,67
1580054578.837,0.74,1.0055,0.63,1.0988,67
1580054579.021,0.72,1.0252,0.68,1.0626,67
1580054579.206,0.73,1.0125,0.67,1.0699,67
1580054579.401,0.72,1.0172,0.64,1.0859,67
1580054579.609,0.73,1.0133,0.65,1.0858,67
1580054579.814,0.74,0.9978,0.66,1.0815,67
1580054580.022,0.72,1.0169,0.64,1.094,67
1580054580.241,0.75,0.9907,0.66,1.0865,67
1580054580.434,0.72,1.0159,0.68,1.0622,67
1580054580.621,0.71,1.0265,0.66,1.0634,67
1580054580.805,0.74,0.9975,0.65,1.0788,67
1580054580.99,0.76,0.9834,0.64,1.0843,67
1580054581.145,0.74,0.9964,0.65,1.0815,67
1580054581.331,0.77,0.9692,0.67,1.0744,68
1580054581.518,0.76,0.9899,0.63,1.1026,68
1580054581.702,0.74,1.0056,0.62,1.118,68
1580054581.885,0.71,1.0371,0.67,1.0729,68
1580054582.069,0.74,0.9975,0.66,1.0685,68
1580054582.255,0.73,1.0101,0.64,1.0837,68
1580054582.44,0.73,1.011,0.65,1.0818,68
1580054582.624,0.75,0.9942,0.65,1.0815,68
1580054582.808,0.74,1.0066,0.65,1.0899,68
1580054582.992,0.76,0.9856,0.64,1.0943,68
1580054583.179,0.73,1.0114,0.66,1.074,68
1580054583.362,0.72,1.0197,0.69,1.0577,68
1580054583.547,0.75,0.9912,0.66,1.0728,68
1580054583.751,0.77,0.9785,0.66,1.0809,68
1580054583.905,0.76,0.9843,0.66,1.0731,68
1580054584.09,0.79,0.9578,0.65,1.0801,69
1580054584.282,0.76,0.9836,0.63,1.0944,69
1580054584.466,0.75,0.9956,0.59,1.1264,69
1580054584.652,0.71,1.0378,0.66,1.0905,69
1580054584.858,0.74,1.0023,0.67,1.0675,69
1580054585.062,0.75,0.9962,0.64,1.0863,69
1580054585.248,0.72,1.0211,0.63,1.0949,69
1580054585.432,0.72,1.0167,0.68,1.0709,69
1580054585.616,0.73,1.0182,0.66,1.0764,69
1580054585.802,0.77,0.9786,0.63,1.1139,69
1580054585.986,0.72,1.0225,0.61,1.1188,69
1580054586.195,0.68,1.0602,0.67,1.0843,69
1580054586.406,0.72,1.0198,0.66,1.0754,69
1580054586.615,0.76,0.9881,0.64,1.0982,69
1580054586.775,0.73,1.0121,0.64,1.0932,69
1580054586.961,0.73,1.0081,0.65,1.0873,70
1580054587.147,0.7,1.0406,0.66,1.0752,70
1580054587.337,0.69,1.0484,0.67,1.0696,70
1580054587.521,0.7,1.0426,0.65,1.0773,70
1580054587.708,0.71,1.0257,0.64,1.0796,70
1580054587.914,0.7,1.0429,0.64,1.0983,70
1580054588.12,0.73,1.0213,0.59,1.1341,70
1580054588.303,0.72,1.0265,0.61,1.1229,70
1580054588.487,0.7,1.0433,0.65,1.089,70
1580054588.67,0.73,1.0089,0.66,1.0748,70
1580054588.861,0.75,0.9928,0.66,1.0702,70
1580054589.046,0.71,1.0279,0.67,1.0815,70
1580054589.231,0.72,1.0272,0.66,1.0775,70
1580054589.416,0.72,1.0215,0.68,1.0602,70
1580054589.571,0.76,0.9872,0.67,1.0657,70
1580054589.76,0.79,0.9554,0.65,1.0895,71
1580054589.946,0.72,1.0136,0.64,1.0953,71
1580054590.133,0.69,1.0447,0.66,1.0809,71
1580054590.319,0.7,1.0294,0.67,1.0644,71
1580054590.504,0.74,0.9961,0.67,1.0679,71
1580054590.688,0.73,1.0114,0.67,1.0675,71
1580054590.872,0.72,1.0194,0.66,1.0671,71
1580054591.058,0.73,1.005,0.67,1.0628,71
1580054591.242,0.74,1.0047,0.69,1.0632,71
1580054591.432,0.76,0.9827,0.68,1.0701,71
1580054591.62,0.75,0.9935,0.67,1.0698,71
1580054591.803,0.74,1.0074,0.68,1.0626,71
1580054591.991,0.75,0.9881,0.68,1.0521,71
1580054592.198,0.77,0.9805,0.69,1.0493,71
1580054592.354,0.78,0.9662,0.68,1.0523,71
1580054592.539,0.8,0.9543,0.68,1.0545,72
1580054592.724,0.76,0.9808,0.67,1.0557,72
1580054592.908,0.75,0.995,0.68,1.0545,72
1580054593.094,0.74,1.0024,0.68,1.0642,72
1580054593.295,0.75,0.9868,0.67,1.067,72
1580054593.481,0.75,0.9957,0.67,1.0614,72
1580054593.666,0.74,0.9954,0.66,1.0753,72
1580054593.853,0.74,0.9952,0.65,1.0831,72
1580054594.038,0.74,1.0042,0.66,1.0741,72
1580054594.227,0.77,0.9796,0.66,1.0719,72
1580054594.412,0.74,0.9992,0.67,1.0664,72
1580054594.597,0.73,1.0152,0.68,1.0573,72
1580054594.784,0.75,0.9881,0.69,1.0584,72
1580054594.974,0.76,0.9889,0.65,1.0817,72
1580054595.13,0.77,0.9708,0.65,1.0909,72
1580054595.319,0.8,0.9507,0.66,1.0809,73
1580054595.509,0.75,0.993,0.68,1.0667,73
1580054595.693,0.76,0.99,0.66,1.0722,73
1580054595.882,0.73,1.0075,0.71,1.0628,73
1580054596.067,0.74,1.007,0.66,1.0666,73
1580054596.253,0.76,0.9943,0.67,1.0633,73
1580054596.439,0.75,0.9925,0.65,1.0887,73
1580054596.625,0.75,0.9941,0.65,1.0839,73
1580054596.81,0.72,1.021,0.67,1.069,73
1580054596.994,0.76,0.9855,0.66,1.0792,73
1580054597.201,0.76,0.988,0.65,1.0925,73
1580054597.408,0.72,1.0219,0.65,1.0744,73
1580054597.616,0.74,0.9949,0.67,1.0613,73
1580054597.802,0.77,0.9773,0.66,1.0799,73
1580054597.956,0.77,0.9737,0.65,1.0888,73
1580054598.143,0.78,0.9661,0.67,1.0794,74
1580054598.331,0.75,0.9956,0.68,1.0758,74
1580054598.518,0.75,0.9948,0.65,1.0786,74
1580054598.701,0.74,1.0018,0.7,1.0614,74
1580054598.908,0.74,1.0053,0.7,1.055,74
1580054599.114,0.73,1.0093,0.68,1.0524,74
1580054599.322,0.75,0.9973,0.65,1.0805,74
1580054599.509,0.75,0.9895,0.65,1.0864,74
1580054599.695,0.71,1.032,0.67,1.0772,74
1580054599.877,0.75,0.9914,0.67,1.0677,74
1580054600.078,0.77,0.9785,0.67,1.074,74
1580054600.262,0.74,1.0082,0.68,1.0693,74
1580054600.45,0.75,1.0,0.7,1.0628,74
1580054600.659,0.74,1.0032,0.67,1.068,74
1580054600.813,0.78,0.9624,0.66,1.0805,74
1580054600.999,0.78,0.9618,0.64,1.0866,75
1580054601.186,0.73,1.0147,0.66,1.086,75
1580054601.371,0.7,1.0377,0.66,1.0744,75
1580054601.583,0.73,1.0117,0.67,1.0806,75
1580054601.78,0.75,0.9878,0.67,1.0801,75
1580054601.964,0.72,1.0258,0.68,1.0623,75
1580054602.149,0.71,1.0248,0.66,1.0755,75
1580054602.333,0.72,1.026,0.65,1.0759,75
1580054602.519,0.71,1.0284,0.67,1.0694,75
1580054602.726,0.76,0.9867,0.67,1.0654,75
1580054602.909,0.75,0.9904,0.69,1.0587,75
1580054603.092,0.72,1.0195,0.67,1.06,75
1580054603.277,0.75,0.9939,0.69,1.0459,75
1580054603.46,0.75,0.9851,0.69,1.0536,75
1580054603.618,0.75,0.9945,0.67,1.0603,75
1580054603.803,0.78,0.9653,0.67,1.0685,76
1580054603.986,0.75,0.9876,0.67,1.0662,76
1580054604.17,0.74,1.0083,0.69,1.0668,76
1580054604.354,0.72,1.0206,0.66,1.0804,76
1580054604.538,0.75,0.994,0.63,1.1003,76
1580054604.722,0.73,1.0132,0.69,1.0703,76
1580054604.904,0.74,1.0012,0.68,1.0556,76
1580054605.087,0.74,0.9986,0.66,1.0752,76
1580054605.274,0.74,1.0039,0.66,1.0805,76
1580054605.483,0.76,0.9897,0.64,1.0909,76
1580054605.669,0.73,1.0132,0.65,1.0848,76
1580054605.879,0.72,1.0182,0.67,1.0657,76
1580054606.086,0.75,0.991,0.67,1.0677,76
1580054606.286,0.75,0.9927,0.66,1.0731,76
1580054606.442,0.75,0.9885,0.69,1.0606,76
1580054606.628,0.77,0.9715,0.66,1.0761,77
1580054606.815,0.77,0.9773,0.66,1.0849,77
1580054607.024,0.73,1.0111,0.64,1.0995,77
1580054607.222,0.7,1.0408,0.63,1.1069,77
1580054607.407,0.69,1.0385,0.63,1.0986,77
1580054607.591,0.7,1.0376,0.66,1.0801,77
1580054607.784,0.74,0.9978,0.67,1.072,77
1580054607.998,0.76,0.983,0.66,1.0866,77
1580054608.205,0.71,1.0368,0.62,1.0963,77
1580054608.413,0.71,1.0269,0.63,1.0955,77
1580054608.625,0.73,1.0049,0.64,1.0909,77
1580054608.832,0.73,1.0095,0.66,1.0875,77
1580054609.036,0.74,0.998,0.64,1.0977,77
1580054609.22,0.74,0.9998,0.63,1.0954,77
1580054609.374,0.75,0.9942,0.64,1.0801,77
1580054609.559,0.79,0.9574,0.67,1.0582,78
1580054609.745,0.74,0.9992,0.67,1.0558,78
1580054609.929,0.73,1.0177,0.66,1.0766,78
1580054610.128,0.74,1.0028,0.63,1.1039,78
1580054610.312,0.74,0.9977,0.62,1.1177,78
1580054610.495,0.72,1.0231,0.64,1.0978,78
1580054610.696,0.72,1.0229,0.66,1.0778,78
1580054610.879,0.76,0.9828,0.66,1.0813,78
1580054611.062,0.74,1.0032,0.65,1.0888,78
1580054611.245,0.73,1.0077,0.65,1.0873,78
1580054611.428,0.72,1.0158,0.64,1.0902,78
1580054611.611,0.72,1.0169,0.65,1.0817,78
1580054611.801,0.77,0.9753,0.66,1.0858,78
1580054611.998,0.75,0.9964,0.65,1.0885,78
1580054612.155,0.76,0.9818,0.65,1.0879,78
1580054612.346,0.79,0.9497,0.63,1.0958,79
1580054612.554,0.77,0.9763,0.65,1.0859,79
1580054612.758,0.73,1.012,0.64,1.0786,79
1580054612.942,0.74,1.0083,0.67,1.0702,79
1580054613.131,0.76,0.9894,0.67,1.0685,79
1580054613.321,0.74,1.0054,0.64,1.0767,79
1580054613.505,0.75,0.9956,0.65,1.0904,79
1580054613.688,0.76,0.9852,0.63,1.1002,79
1580054613.878,0.73,1.0062,0.63,1.0963,79
1580054614.061,0.76,0.9834,0.65,1.0813,79
1580054614.245,0.77,0.9779,0.65,1.0775,79
1580054614.435,0.74,1.0036,0.65,1.0742,79
1580054614.619,0.77,0.9766,0.68,1.0725,79
1580054614.803,0.76,0.9815,0.67,1.0718,79
1580054614.958,0.79,0.96,0.63,1.0914,79
1580054615.145,0.81,0.9375,0.63,1.1029,80
1580054615.346,0.76,0.9855,0.63,1.0898,80
1580054615.558,0.74,0.9992,0.66,1.0691,80
1580054615.76,0.75,0.9906,0.66,1.071,80
1580054615.944,0.78,0.9683,0.67,1.0685,80
1580054616.129,0.74,1.0018,0.66,1.065,80
1580054616.315,0.76,0.9839,0.66,1.0731,80
1580054616.523,0.77,0.9716,0.64,1.0854,80
1580054616.727,0.74,0.9997,0.65,1.0874,80
1580054616.918,0.76,0.9822,0.66,1.0767,80
1580054617.104,0.77,0.9741,0.67,1.0689,80
1580054617.301,0.74,0.9991,0.67,1.0699,80
1580054617.509,0.79,0.9637,0.65,1.0772,80
1580054617.714,0.76,0.9805,0.66,1.0746,80
1580054617.867,0.78,0.9605,0.67,1.0692,80
1580054618.054,0.81,0.9375,0.65,1.0841,81
1580054618.267,0.77,0.9733,0.65,1.0886,81
1580054618.47,0.74,0.9995,0.66,1.0838,81
1580054618.654,0.74,0.9971,0.65,1.081,81
1580054618.853,0.77,0.9701,0.62,1.0876,81
1580054619.058,0.73,1.0075,0.67,1.0523,81
1580054619.242,0.76,0.9835,0.68,1.0642,81
1580054619.425,0.76,0.983,0.67,1.0689,81
1580054619.632,0.75,0.996,0.65,1.085,81
1580054619.839,0.77,0.9794,0.64,1.0949,81
1580054620.044,0.78,0.9729,0.67,1.0841,81
1580054620.231,0.75,0.9972,0.66,1.0776,81
1580054620.415,0.77,0.9732,0.67,1.0692,81
1580054620.603,0.77,0.9756,0.67,1.0713,81
1580054620.766,0.79,0.9615,0.66,1.073,81
1580054620.952,0.8,0.948,0.64,1.0829,82
1580054621.136,0.77,0.9768,0.66,1.0834,82
1580054621.319,0.75,0.9961,0.65,1.0834,82
1580054621.504,0.74,0.9996,0.63,1.0971,82
1580054621.692,0.75,0.996,0.63,1.1018,82
1580054621.884,0.74,1.0069,0.66,1.0794,82
1580054622.095,0.77,0.9751,0.69,1.0561,82
1580054622.308,0.76,0.9813,0.65,1.0808,82
1580054622.512,0.73,1.013,0.64,1.0887,82
1580054622.695,0.76,0.9851,0.63,1.0894,82
1580054622.878,0.77,0.9805,0.64,1.0859,82
1580054623.068,0.74,1.0023,0.65,1.0907,82
1580054623.253,0.73,1.0021,0.65,1.0862,82
1580054623.436,0.75,0.991,0.65,1.0745,82
1580054623.596,0.79,0.9601,0.69,1.0554,82
1580054623.791,0.78,0.9653,0.65,1.0829,83
1580054623.974,0.77,0.975,0.65,1.0852,83
1580054624.157,0.73,1.0108,0.65,1.0768,83
1580054624.342,0.71,1.0256,0.65,1.0752,83
1580054624.527,0.73,1.008,0.67,1.0835,83
1580054624.713,0.73,1.0137,0.58,1.1348,83
1580054624.918,0.74,0.9962,0.61,1.1273,83
1580054625.106,0.73,1.0063,0.62,1.1121,83
1580054625.289,0.71,1.0235,0.65,1.089,83
1580054625.472,0.77,0.9788,0.65,1.0915,83
1580054625.655,0.75,0.9954,0.63,1.1011,83
1580054625.841,0.7,1.0373,0.63,1.1016,83
1580054626.05,0.73,1.0136,0.65,1.0889,83
1580054626.258,0.74,0.9956,0.67,1.0736,83
1580054626.43,0.74,0.9994,0.66,1.0809,83
1580054626.641,0.8,0.9474,0.63,1.0913,84
1580054626.823,0.76,0.9803,0.65,1.0776,84
1580054627.031,0.72,1.0201,0.66,1.0734,84
1580054627.252,0.71,1.0216,0.66,1.0804,84
1580054627.459,0.76,0.9825,0.65,1.0857,84
1580054627.664,0.76,0.9861,0.65,1.089,84
1580054627.849,0.74,1.0099,0.66,1.0844,84
1580054628.039,0.76,0.9879,0.67,1.0784,84
1580054628.226,0.75,0.9931,0.66,1.078,84
1580054628.41,0.77,0.9787,0.68,1.0728,84
1580054628.594,0.74,0.9921,0.66,1.0791,84
1580054628.781,0.73,1.0083,0.66,1.0757,84
1580054628.989,0.77,0.9673,0.64,1.088,84
1580054629.186,0.76,0.9813,0.64,1.091,84
1580054629.359,0.75,0.9911,0.66,1.0826,84
1580054629.542,0.8,0.9509,0.63,1.092,85
1580054629.726,0.77,0.9702,0.65,1.0849,85
1580054629.911,0.74,0.9966,0.67,1.0716,85
1580054630.099,0.74,1.0053,0.66,1.0721,85
1580054630.298,0.77,0.9781,0.65,1.0705,85
1580054630.482,0.76,0.9847,0.67,1.0669,85
1580054630.666,0.75,0.9912,0.67,1.0717,85
1580054630.851,0.76,0.9842,0.68,1.0711,85
1580054631.037,0.74,1.0003,0.63,1.0968,85
1580054631.229,0.78,0.9686,0.63,1.0951,85
1580054631.416,0.77,0.9793,0.65,1.0777,85
1580054631.624,0.74,0.9995,0.67,1.0661,85
1580054631.821,0.77,0.9667,0.65,1.0677,85
1580054632.027,0.77,0.9692,0.65,1.0761,85
1580054632.206,0.76,0.9809,0.68,1.0683,85
1580054632.394,0.8,0.943,0.67,1.073,86
1580054632.58,0.77,0.9699,0.63,1.0934,86
1580054632.767,0.76,0.9909,0.63,1.0913,86
1580054632.953,0.75,0.9953,0.67,1.0738,86
1580054633.139,0.76,0.9809,0.64,1.0861,86
1580054633.35,0.74,0.9942,0.68,1.0596,86
1580054633.558,0.77,0.9737,0.68,1.0563,86
1580054633.767,0.77,0.9787,0.67,1.0617,86
1580054633.953,0.74,0.9993,0.68,1.0606,86
1580054634.138,0.78,0.9687,0.66,1.074,86
1580054634.323,0.79,0.9619,0.65,1.0883,86
1580054634.506,0.74,0.999,0.64,1.0882,86
1580054634.689,0.75,0.9887,0.67,1.0631,86
1580054634.872,0.77,0.9714,0.69,1.0632,86
1580054635.028,0.79,0.9551,0.67,1.0651,86
1580054635.214,0.79,0.9541,0.67,1.0675,87
1580054635.4,0.78,0.9672,0.68,1.0645,87
1580054635.588,0.76,0.9869,0.67,1.0734,87
1580054635.772,0.74,1.002,0.66,1.0778,87
1580054635.955,0.74,0.9993,0.66,1.0759,87
1580054636.14,0.75,0.9961,0.66,1.0868,87
1580054636.331,0.77,0.9721,0.65,1.0898,87
1580054636.538,0.75,0.9964,0.64,1.0824,87
1580054636.743,0.73,1.0116,0.67,1.0671,87
1580054636.925,0.77,0.9701,0.67,1.072,87
1580054637.111,0.77,0.9698,0.66,1.0777,87
1580054637.312,0.73,1.0106,0.66,1.0826,87
1580054637.516,0.75,0.9948,0.65,1.0876,87
1580054637.705,0.76,0.9782,0.66,1.0825,87
1580054637.859,0.78,0.9629,0.64,1.0853,87
1580054638.046,0.81,0.9315,0.64,1.0815,88
1580054638.233,0.76,0.9797,0.64,1.0886,88
1580054638.418,0.74,0.9965,0.65,1.0865,88
1580054638.605,0.75,0.9929,0.65,1.0841,88
1580054638.789,0.78,0.9622,0.65,1.0911,88
1580054638.972,0.76,0.9845,0.64,1.0889,88
1580054639.156,0.77,0.9748,0.64,1.0896,88
1580054639.34,0.79,0.9602,0.66,1.0786,88
1580054639.525,0.76,0.9825,0.67,1.0736,88
1580054639.711,0.77,0.969,0.67,1.0764,88
1580054639.896,0.77,0.9717,0.66,1.0838,88
1580054640.085,0.76,0.9835,0.65,1.0815,88
1580054640.298,0.78,0.9643,0.65,1.0841,88
1580054640.506,0.78,0.9615,0.65,1.0843,88
1580054640.68,0.79,0.9586,0.65,1.0887,88
1580054640.867,0.82,0.9243,0.65,1.0794,89
1580054641.052,0.78,0.9565,0.67,1.0722,89
1580054641.236,0.77,0.9745,0.66,1.0785,89
1580054641.425,0.76,0.9856,0.65,1.078,89
1580054641.608,0.79,0.9584,0.66,1.0773,89
1580054641.819,0.78,0.9694,0.65,1.0849,89
1580054642.029,0.78,0.9644,0.66,1.0829,89
1580054642.216,0.79,0.9561,0.67,1.0764,89
1580054642.399,0.77,0.9762,0.67,1.0708,89
1580054642.582,0.78,0.9601,0.67,1.0689,89
1580054642.771,0.78,0.9665,0.66,1.0734,89
1580054642.98,0.77,0.981,0.66,1.0715,89
1580054643.163,0.79,0.9571,0.66,1.0708,89
1580054643.35,0.8,0.9529,0.66,1.0693,89
1580054643.504,0.8,0.9488,0.66,1.067,89
1580054643.689,0.82,0.9205,0.67,1.0657,90
1580054643.892,0.79,0.954,0.66,1.0753,90
1580054644.096,0.77,0.9711,0.65,1.0868,90
1580054644.358,0.76,0.9816,0.65,1.0912,90
1580054644.542,0.79,0.957,0.65,1.0823,90
1580054644.726,0.78,0.9672,0.66,1.0807,90
1580054644.916,0.79,0.9544,0.65,1.0854,90
1580054645.125,0.79,0.9599,0.65,1.084,90
1580054645.316,0.77,0.9755,0.65,1.0774,90
1580054645.505,0.79,0.9547,0.68,1.0673,90
1580054645.692,0.78,0.9677,0.67,1.0674,90
1580054645.882,0.76,0.9851,0.65,1.0758,90
1580054646.086,0.79,0.9592,0.66,1.0715,90
1580054646.27,0.8,0.948,0.67,1.0719,90
1580054646.426,0.79,0.953,0.67,1.0689,90
1580054646.609,0.82,0.9246,0.66,1.0679,91
1580054646.793,0.79,0.9543,0.68,1.0639,91
1580054646.979,0.78,0.9649,0.68,1.0656,91
1580054647.191,0.76,0.985,0.67,1.0731,91
1580054647.376,0.78,0.963,0.67,1.0724,91
1580054647.569,0.78,0.9684,0.67,1.0709,91
1580054647.753,0.78,0.9599,0.64,1.0868,91
1580054647.936,0.79,0.962,0.66,1.0787,91
1580054648.127,0.77,0.9806,0.64,1.0784,91
1580054648.332,0.79,0.9598,0.67,1.0745,91
1580054648.515,0.78,0.9648,0.64,1.0857,91
1580054648.7,0.75,0.9932,0.64,1.0852,91
1580054648.885,0.78,0.9602,0.65,1.0762,91
1580054649.069,0.81,0.9439,0.67,1.0717,91
1580054649.223,0.79,0.9523,0.66,1.0707,91
1580054649.408,0.81,0.9307,0.67,1.0683,92
1580054649.597,0.79,0.9555,0.66,1.0766,92
1580054649.782,0.78,0.9624,0.66,1.0845,92
1580054649.967,0.77,0.973,0.65,1.0772,92
1580054650.154,0.79,0.9575,0.66,1.0755,92
1580054650.337,0.78,0.9702,0.67,1.0723,92
1580054650.521,0.79,0.9523,0.66,1.0845,92
1580054650.705,0.79,0.9612,0.65,1.0879,92
1580054650.889,0.76,0.9872,0.66,1.0773,92
1580054651.077,0.79,0.963,0.65,1.0785,92
1580054651.275,0.79,0.9532,0.67,1.0756,92
1580054651.459,0.76,0.983,0.64,1.0913,92
1580054651.65,0.77,0.9766,0.63,1.0921,92
1580054651.835,0.79,0.9568,0.65,1.0829,92
1580054651.99,0.8,0.9451,0.66,1.0795,92
1580054652.177,0.8,0.9433,0.67,1.0719,93
1580054652.379,0.77,0.9726,0.68,1.0653,93
1580054652.588,0.78,0.9666,0.66,1.0859,93
1580054652.785,0.77,0.9761,0.68,1.0741,93
1580054652.971,0.77,0.9714,0.67,1.0636,93
1580054653.176,0.77,0.9741,0.67,1.0526,93
1580054653.362,0.79,0.9606,0.67,1.0588,93
1580054653.546,0.78,0.9588,0.68,1.0694,93
1580054653.73,0.75,0.9941,0.68,1.0722,93
1580054653.913,0.77,0.9767,0.66,1.0741,93
1580054654.097,0.79,0.9528,0.65,1.078,93
1580054654.29,0.77,0.9792,0.67,1.0709,93
1580054654.477,0.76,0.9838,0.67,1.0716,93
1580054654.665,0.76,0.9809,0.65,1.0799,93
1580054654.82,0.8,0.9471,0.66,1.0782,93
1580054655.031,0.83,0.9187,0.67,1.0794,94
1580054655.238,0.78,0.9667,0.65,1.0847,94
1580054655.444,0.73,1.0055,0.69,1.0558,94
1580054655.627,0.75,0.9901,0.68,1.0596,94
1580054655.812,0.79,0.9558,0.66,1.0821,94
1580054656.018,0.74,0.9971,0.65,1.0709,94
1580054656.212,0.75,0.9941,0.65,1.0751,94
1580054656.405,0.78,0.9665,0.67,1.0656,94
1580054656.59,0.77,0.9788,0.66,1.0746,94
1580054656.775,0.78,0.9715,0.66,1.0793,94
1580054656.962,0.77,0.9739,0.67,1.0646,94
1580054657.165,0.76,0.9878,0.67,1.0703,94
1580054657.35,0.79,0.9528,0.65,1.0827,94
1580054657.534,0.79,0.9559,0.65,1.0811,94
1580054657.692,0.77,0.9755,0.65,1.0791,94
1580054657.877,0.81,0.9362,0.66,1.0774,95
1580054658.063,0.8,0.9488,0.66,1.0825,95
1580054658.249,0.77,0.9698,0.64,1.0854,95
1580054658.443,0.75,0.9879,0.66,1.0898,95
1580054658.65,0.76,0.9833,0.64,1.0923,95
1580054658.836,0.78,0.9704,0.67,1.0742,95
1580054659.046,0.79,0.9589,0.66,1.072,95
1580054659.237,0.77,0.9711,0.67,1.0721,95
1580054659.446,0.74,0.9981,0.66,1.0752,95
1580054659.653,0.78,0.9645,0.68,1.0661,95
1580054659.839,0.79,0.953,0.68,1.0642,95
1580054660.047,0.76,0.9806,0.69,1.0626,95
1580054660.234,0.78,0.9664,0.67,1.0703,95
1580054660.419,0.77,0.9674,0.67,1.065,95
1580054660.574,0.8,0.9406,0.66,1.0677,95
1580054660.761,0.82,0.9271,0.65,1.0792,96
1580054660.946,0.78,0.9605,0.65,1.0809,96
1580054661.132,0.77,0.9771,0.66,1.076,96
1580054661.32,0.77,0.9685,0.62,1.0948,96
1580054661.527,0.8,0.9492,0.63,1.1061,96
1580054661.74,0.77,0.9737,0.64,1.0862,96
1580054661.95,0.8,0.9516,0.65,1.0805,96
1580054662.152,0.79,0.9563,0.65,1.0785,96
1580054662.339,0.77,0.973,0.66,1.0787,96
1580054662.523,0.79,0.9532,0.65,1.0825,96
1580054662.707,0.79,0.9549,0.65,1.0831,96
1580054662.896,0.77,0.9804,0.65,1.0823,96
1580054663.082,0.79,0.9518,0.68,1.0669,96
1580054663.266,0.8,0.945,0.68,1.0664,96
1580054663.42,0.81,0.9347,0.67,1.0696,96
1580054663.608,0.82,0.9212,0.66,1.0738,97
1580054663.797,0.8,0.9443,0.67,1.0715,97
1580054663.982,0.77,0.9734,0.67,1.0697,97
1580054664.166,0.77,0.9756,0.66,1.0655,97
1580054664.35,0.8,0.9479,0.63,1.1066,97
1580054664.534,0.75,0.9894,0.63,1.0968,97
1580054664.72,0.77,0.9694,0.67,1.0641,97
1580054664.913,0.8,0.949,0.68,1.0658,97
1580054665.12,0.77,0.9745,0.66,1.0815,97
1580054665.319,0.76,0.9802,0.66,1.0806,97
1580054665.503,0.78,0.9644,0.68,1.0668,97
1580054665.687,0.77,0.978,0.66,1.0689,97
1580054665.87,0.8,0.9468,0.67,1.0662,97
1580054666.059,0.79,0.9544,0.67,1.065,97
1580054666.216,0.81,0.9364,0.67,1.0648,97
1580054666.402,0.83,0.9201,0.66,1.0762,98
1580054666.588,0.8,0.9438,0.66,1.08,98
1580054666.772,0.78,0.9674,0.66,1.0774,98
1580054666.961,0.77,0.9747,0.67,1.0703,98
1580054667.149,0.79,0.9527,0.63,1.0996,98
1580054667.334,0.78,0.9645,0.63,1.091,98
1580054667.519,0.8,0.9554,0.68,1.0619,98
1580054667.707,0.78,0.9648,0.7,1.048,98
1580054667.892,0.77,0.9727,0.69,1.0587,98
1580054668.081,0.79,0.9556,0.68,1.0646,98
1580054668.293,0.79,0.953,0.68,1.0674,98
1580054668.502,0.74,1.0015,0.68,1.0622,98
1580054668.712,0.78,0.9672,0.68,1.0509,98
1580054668.897,0.8,0.9446,0.71,1.034,98
1580054669.051,0.8,0.9455,0.72,1.0341,98
1580054669.241,0.79,0.9518,0.69,1.0486,99
1580054669.426,0.79,0.954,0.66,1.068,99
1580054669.61,0.78,0.9652,0.67,1.0739,99
1580054669.793,0.76,0.9794,0.67,1.0729,99
1580054669.98,0.77,0.973,0.64,1.0819,99
1580054670.164,0.77,0.9793,0.63,1.1064,99
1580054670.348,0.79,0.9601,0.65,1.0931,99
1580054670.531,0.75,0.9864,0.65,1.092,99
1580054670.718,0.74,1.0038,0.66,1.0854,99
1580054670.906,0.79,0.959,0.65,1.0819,99
1580054671.089,0.79,0.9613,0.68,1.0607,99
1580054671.273,0.74,1.0069,0.68,1.0593,99
1580054671.458,0.76,0.983,0.68,1.0592,99
1580054671.644,0.77,0.9738,0.67,1.0645,99
1580054671.798,0.8,0.9506,0.67,1.0654,99
