1580014361.167,0.23,1.3866,0.25,1.3856,0
1580014361.373,0.25,1.386,0.25,1.3855,0
1580014361.556,0.26,1.3861,0.29,1.3853,0
1580014361.735,0.22,1.387,0.25,1.3856,0
1580014361.913,0.25,1.3858,0.28,1.3857,0
1580014362.089,0.27,1.386,0.31,1.3854,0
1580014362.268,0.32,1.3853,0.3,1.385,0
1580014362.446,0.31,1.3847,0.32,1.3842,0
1580014362.627,0.34,1.3829,0.26,1.3834,0
1580014362.803,0.28,1.3829,0.27,1.3815,0
1580014362.98,0.29,1.3791,0.25,1.3787,0
1580014363.155,0.28,1.3743,0.23,1.3765,0
1580014363.331,0.27,1.3679,0.23,1.3731,0
1580014363.508,0.27,1.3683,0.29,1.3685,0
1580014363.666,0.33,1.3559,0.29,1.3677,0
1580014363.849,0.32,1.3551,0.3,1.371,1
1580014364.028,0.31,1.3595,0.28,1.3677,1
1580014364.206,0.34,1.3516,0.26,1.3626,1
1580014364.39,0.33,1.3549,0.3,1.358,1
1580014364.566,0.34,1.3512,0.31,1.3596,1
1580014364.743,0.35,1.3526,0.32,1.3709,1
1580014364.922,0.32,1.3418,0.27,1.3674,1
1580014365.102,0.34,1.3516,0.31,1.3595,1
1580014365.28,0.36,1.3315,0.32,1.3564,1
1580014365.463,0.35,1.3476,0.31,1.3548,1
1580014365.64,0.35,1.3437,0.31,1.3568,1
1580014365.817,0.34,1.3467,0.31,1.3614,1
1580014366.0,0.37,1.3251,0.3,1.3642,1
1580014366.176,0.32,1.3546,0.3,1.3626,1
1580014366.337,0.35,1.3306,0.31,1.3609,1
1580014366.52,0.35,1.3337,0.33,1.3543,2
1580014366.698,0.32,1.3485,0.36,1.3548,2
1580014366.876,0.36,1.3326,0.32,1.3533,2
1580014367.054,0.37,1.333,0.29,1.3428,2
1580014367.237,0.33,1.3446,0.3,1.3439,2
1580014367.416,0.32,1.3474,0.33,1.3576,2
1580014367.596,0.36,1.3197,0.35,1.3474,2
1580014367.777,0.35,1.3415,0.37,1.3481,2
1580014367.954,0.39,1.3198,0.3,1.3594,2
1580014368.133,0.35,1.3313,0.3,1.362,2
1580014368.31,0.38,1.3255,0.3,1.3616,2
1580014368.49,0.35,1.3391,0.33,1.3574,2
1580014368.671,0.39,1.3105,0.34,1.3457,2
1580014368.85,0.34,1.3425,0.33,1.3543,2
1580014369.006,0.39,1.316,0.32,1.3521,2
1580014369.188,0.37,1.3186,0.39,1.3471,3
1580014369.366,0.37,1.3305,0.37,1.3457,3
1580014369.568,0.39,1.3267,0.39,1.3454,3
1580014369.745,0.39,1.3227,0.33,1.3469,3
1580014369.922,0.35,1.3292,0.29,1.3479,3
1580014370.098,0.34,1.3375,0.32,1.3482,3
1580014370.278,0.39,1.3067,0.42,1.333,3
1580014370.458,0.38,1.3266,0.4,1.3303,3
1580014370.634,0.41,1.3096,0.34,1.3386,3
1580014370.806,0.4,1.3051,0.3,1.3505,3
1580014370.983,0.39,1.3075,0.3,1.349,3
1580014371.155,0.38,1.3118,0.38,1.3349,3
1580014371.33,0.42,1.2851,0.37,1.3296,3
1580014371.503,0.39,1.3172,0.39,1.3258,3
1580014371.656,0.43,1.2897,0.4,1.3208,3
1580014371.832,0.43,1.2866,0.37,1.3216,4
1580014372.004,0.4,1.3002,0.38,1.3152,4
1580014372.177,0.43,1.2927,0.44,1.3108,4
1580014372.353,0.44,1.2886,0.39,1.3118,4
1580014372.528,0.42,1.2917,0.37,1.3151,4
1580014372.701,0.42,1.2891,0.4,1.3016,4
1580014372.877,0.45,1.2623,0.46,1.2911,4
1580014373.05,0.43,1.2847,0.47,1.2898,4
1580014373.223,0.46,1.2656,0.41,1.3048,4
1580014373.398,0.47,1.254,0.39,1.3095,4
1580014373.572,0.47,1.254,0.38,1.3051,4
1580014373.746,0.48,1.2462,0.41,1.293,4
1580014373.919,0.48,1.2383,0.45,1.2845,4
1580014374.093,0.47,1.2544,0.44,1.2775,4
1580014374.253,0.51,1.2281,0.44,1.2847,4
1580014374.434,0.5,1.2327,0.4,1.2943,5
1580014374.614,0.48,1.2521,0.42,1.2802,5
1580014374.791,0.47,1.2506,0.45,1.2589,5
1580014374.969,0.5,1.2424,0.45,1.2638,5
1580014375.148,0.49,1.237,0.43,1.2675,5
1580014375.329,0.46,1.2486,0.43,1.2647,5
1580014375.507,0.49,1.2269,0.48,1.2436,5
1580014375.694,0.49,1.2379,0.49,1.2357,5
1580014375.874,0.5,1.2289,0.48,1.2384,5
1580014376.052,0.5,1.221,0.43,1.2486,5
1580014376.233,0.52,1.2079,0.48,1.243,5
1580014376.411,0.53,1.1991,0.5,1.2381,5
1580014376.591,0.54,1.1935,0.5,1.2382,5
1580014376.771,0.51,1.2162,0.49,1.2398,5
1580014376.929,0.56,1.1792,0.5,1.2322,5
1580014377.109,0.52,1.208,0.52,1.2247,6
1580014377.286,0.5,1.2188,0.5,1.222,6
1580014377.464,0.51,1.2176,0.51,1.2189,6
1580014377.645,0.52,1.2104,0.47,1.2315,6
1580014377.824,0.54,1.2028,0.48,1.2329,6
1580014378.004,0.49,1.2275,0.5,1.2216,6
1580014378.183,0.54,1.1949,0.51,1.2124,6
1580014378.36,0.52,1.2117,0.5,1.2083,6
1580014378.54,0.51,1.2153,0.52,1.2075,6
1580014378.722,0.54,1.1928,0.52,1.2125,6
1580014378.901,0.54,1.1939,0.5,1.2119,6
1580014379.079,0.56,1.1777,0.5,1.2102,6
1580014379.26,0.56,1.1747,0.51,1.2051,6
1580014379.438,0.53,1.1988,0.53,1.201,6
1580014379.601,0.58,1.1605,0.53,1.1973,6
1580014379.79,0.54,1.1848,0.51,1.2041,7
1580014379.972,0.53,1.1962,0.5,1.2008,7
1580014380.152,0.54,1.1971,0.53,1.1952,7
1580014380.331,0.54,1.1886,0.53,1.1973,7
1580014380.51,0.56,1.1829,0.54,1.1979,7
1580014380.694,0.51,1.2089,0.54,1.1921,7
1580014380.874,0.55,1.1808,0.53,1.1954,7
1580014381.052,0.53,1.2018,0.53,1.1883,7
1580014381.231,0.53,1.2071,0.52,1.1981,7
1580014381.41,0.55,1.184,0.51,1.1997,7
1580014381.592,0.54,1.1976,0.52,1.1862,7
1580014381.771,0.56,1.1624,0.54,1.1897,7
1580014381.957,0.57,1.1666,0.54,1.1895,7
1580014382.139,0.54,1.1893,0.55,1.1823,7
1580014382.302,0.58,1.1529,0.56,1.187,7
1580014382.491,0.55,1.1862,0.54,1.1915,8
1580014382.675,0.55,1.1853,0.52,1.2081,8
1580014382.868,0.52,1.1998,0.54,1.196,8
1580014383.046,0.54,1.1869,0.53,1.1794,8
1580014383.229,0.57,1.171,0.58,1.1687,8
1580014383.41,0.54,1.197,0.56,1.1816,8
1580014383.586,0.55,1.1861,0.58,1.1679,8
1580014383.771,0.54,1.1849,0.54,1.1807,8
1580014383.952,0.54,1.1947,0.53,1.1952,8
1580014384.134,0.54,1.1923,0.56,1.1826,8
1580014384.313,0.55,1.1827,0.53,1.1719,8
1580014384.49,0.57,1.1515,0.57,1.1704,8
1580014384.676,0.58,1.161,0.55,1.1695,8
1580014384.863,0.56,1.173,0.56,1.1792,8
1580014385.023,0.58,1.1545,0.56,1.1747,8
1580014385.202,0.57,1.1592,0.56,1.161,9
1580014385.381,0.56,1.1685,0.55,1.1553,9
1580014385.56,0.56,1.1759,0.59,1.1537,9
1580014385.741,0.56,1.1733,0.55,1.1715,9
1580014385.931,0.56,1.1708,0.57,1.1673,9
1580014386.114,0.54,1.1877,0.58,1.1506,9
1580014386.297,0.57,1.1674,0.59,1.1521,9
1580014386.475,0.54,1.1859,0.59,1.1547,9
1580014386.655,0.54,1.1905,0.59,1.1563,9
1580014386.838,0.56,1.1666,0.59,1.1594,9
1580014387.015,0.56,1.1748,0.56,1.1712,9
1580014387.194,0.58,1.1478,0.61,1.1524,9
1580014387.375,0.58,1.1621,0.55,1.1607,9
1580014387.554,0.56,1.1708,0.57,1.1703,9
1580014387.719,0.58,1.1529,0.57,1.1504,9
1580014387.899,0.59,1.1529,0.57,1.1647,10
1580014388.077,0.56,1.1703,0.57,1.1733,10
1580014388.257,0.54,1.1832,0.59,1.1548,10
1580014388.436,0.57,1.163,0.58,1.1537,10
1580014388.615,0.57,1.1575,0.6,1.1499,10
1580014388.796,0.56,1.1762,0.64,1.1407,10
1580014388.981,0.58,1.1583,0.58,1.1445,10
1580014389.159,0.55,1.1739,0.58,1.139,10
1580014389.341,0.54,1.1835,0.61,1.145,10
1580014389.523,0.56,1.1637,0.59,1.154,10
1580014389.709,0.56,1.1711,0.61,1.138,10
1580014389.894,0.61,1.1298,0.56,1.1375,10
1580014390.074,0.6,1.1444,0.57,1.1439,10
1580014390.253,0.58,1.1565,0.58,1.1365,10
1580014390.412,0.6,1.1308,0.61,1.1336,10
1580014390.594,0.6,1.1425,0.59,1.1363,11
1580014390.773,0.59,1.15,0.6,1.1359,11
1580014390.956,0.57,1.1597,0.63,1.1306,11
1580014391.14,0.58,1.1529,0.62,1.1228,11
1580014391.321,0.58,1.1507,0.66,1.1114,11
1580014391.5,0.58,1.1597,0.64,1.1149,11
1580014391.683,0.58,1.1552,0.64,1.1093,11
1580014391.863,0.58,1.1546,0.67,1.1026,11
1580014392.048,0.56,1.1654,0.64,1.1261,11
1580014392.228,0.57,1.1592,0.63,1.1158,11
1580014392.407,0.58,1.1592,0.63,1.1233,11
1580014392.587,0.6,1.123,0.59,1.121,11
1580014392.767,0.6,1.1367,0.62,1.1169,11
1580014392.945,0.58,1.1467,0.63,1.1156,11
1580014393.109,0.61,1.1249,0.62,1.121,11
1580014393.289,0.59,1.1392,0.63,1.1109,12
1580014393.468,0.6,1.1396,0.63,1.1143,12
1580014393.652,0.58,1.1532,0.63,1.1211,12
1580014393.831,0.58,1.1498,0.64,1.1176,12
1580014394.012,0.59,1.1504,0.63,1.0995,12
1580014394.192,0.59,1.1527,0.65,1.1038,12
1580014394.371,0.58,1.1515,0.66,1.1004,12
1580014394.551,0.58,1.1516,0.66,1.0954,12
1580014394.731,0.57,1.1608,0.64,1.1211,12
1580014394.91,0.58,1.1502,0.64,1.1105,12
1580014395.092,0.57,1.1552,0.64,1.1034,12
1580014395.272,0.62,1.1112,0.61,1.1113,12
1580014395.452,0.6,1.1369,0.61,1.1044,12
1580014395.633,0.6,1.1375,0.64,1.1037,12
1580014395.797,0.62,1.1153,0.64,1.1032,12
1580014395.981,0.6,1.1283,0.63,1.0996,13
1580014396.171,0.61,1.1323,0.64,1.1028,13
1580014396.353,0.6,1.1385,0.64,1.1072,13
1580014396.535,0.6,1.1361,0.62,1.1069,13
1580014396.718,0.59,1.1424,0.64,1.0913,13
1580014396.9,0.59,1.144,0.65,1.0975,13
1580014397.083,0.59,1.1451,0.66,1.0907,13
1580014397.264,0.6,1.1324,0.65,1.085,13
1580014397.446,0.59,1.1432,0.64,1.1052,13
1580014397.629,0.6,1.1345,0.67,1.0907,13
1580014397.81,0.6,1.1424,0.64,1.098,13
1580014397.992,0.64,1.0995,0.61,1.1103,13
1580014398.178,0.61,1.1261,0.63,1.102,13
1580014398.358,0.61,1.1304,0.61,1.109,13
1580014398.516,0.63,1.1138,0.65,1.0968,13
1580014398.697,0.61,1.119,0.64,1.0941,14
1580014398.877,0.61,1.1212,0.64,1.0969,14
1580014399.058,0.62,1.1251,0.63,1.0923,14
1580014399.244,0.62,1.1236,0.64,1.1002,14
1580014399.423,0.59,1.1411,0.62,1.0903,14
1580014399.602,0.6,1.1424,0.65,1.0864,14
1580014399.782,0.6,1.136,0.66,1.0957,14
1580014399.984,0.59,1.1433,0.66,1.0842,14
1580014400.165,0.57,1.1484,0.64,1.0981,14
1580014400.348,0.6,1.1294,0.64,1.1071,14
1580014400.532,0.59,1.1446,0.66,1.0842,14
1580014400.716,0.65,1.0939,0.64,1.0995,14
1580014400.9,0.61,1.1247,0.64,1.1018,14
1580014401.087,0.59,1.1361,0.65,1.0856,14
1580014401.264,0.63,1.0986,0.63,1.1026,14
1580014401.45,0.61,1.1186,0.62,1.101,15
1580014401.635,0.61,1.1254,0.66,1.0866,15
1580014401.821,0.63,1.1129,0.64,1.1016,15
1580014402.002,0.6,1.1386,0.63,1.0972,15
1580014402.18,0.61,1.1204,0.67,1.0839,15
1580014402.358,0.61,1.1282,0.64,1.0905,15
1580014402.536,0.6,1.1347,0.64,1.0903,15
1580014402.711,0.62,1.1149,0.68,1.0839,15
1580014402.89,0.6,1.138,0.67,1.085,15
1580014403.065,0.62,1.1125,0.6,1.107,15
1580014403.243,0.6,1.1325,0.64,1.0883,15
1580014403.421,0.65,1.0871,0.66,1.0899,15
1580014403.599,0.63,1.1095,0.63,1.093,15
1580014403.773,0.62,1.1189,0.64,1.0969,15
1580014403.929,0.64,1.0988,0.63,1.0891,15
1580014404.107,0.64,1.0971,0.65,1.0882,16
1580014404.284,0.63,1.1041,0.67,1.0879,16
1580014404.463,0.63,1.1074,0.64,1.092,16
1580014404.641,0.61,1.122,0.64,1.0926,16
1580014404.816,0.62,1.116,0.64,1.0864,16
1580014404.992,0.62,1.1219,0.67,1.0849,16
1580014405.169,0.62,1.1184,0.65,1.0811,16
1580014405.349,0.62,1.1155,0.65,1.0811,16
1580014405.529,0.6,1.126,0.64,1.0947,16
1580014405.705,0.62,1.1124,0.65,1.0912,16
1580014405.879,0.62,1.1149,0.64,1.0848,16
1580014406.059,0.66,1.0834,0.67,1.0857,16
1580014406.238,0.63,1.1055,0.65,1.0949,16
1580014406.416,0.61,1.1239,0.62,1.0906,16
1580014406.577,0.65,1.0834,0.64,1.0906,16
1580014406.758,0.64,1.0972,0.64,1.0859,17
1580014406.935,0.64,1.0984,0.65,1.0985,17
1580014407.112,0.64,1.1052,0.66,1.0873,17
1580014407.289,0.63,1.1079,0.64,1.0987,17
1580014407.465,0.63,1.1168,0.67,1.0851,17
1580014407.643,0.62,1.1142,0.65,1.098,17
1580014407.82,0.61,1.1288,0.66,1.0812,17
1580014407.995,0.62,1.1128,0.63,1.0887,17
1580014408.172,0.62,1.1245,0.66,1.0931,17
1580014408.349,0.63,1.0989,0.64,1.0881,17
1580014408.527,0.63,1.1095,0.65,1.0856,17
1580014408.707,0.67,1.0754,0.65,1.0842,17
1580014408.883,0.64,1.0942,0.66,1.089,17
1580014409.059,0.63,1.1085,0.65,1.0891,17
1580014409.217,0.66,1.0725,0.63,1.0971,17
1580014409.398,0.65,1.0885,0.62,1.1073,18
1580014409.574,0.64,1.1012,0.6,1.1026,18
1580014409.752,0.65,1.0906,0.64,1.098,18
1580014409.929,0.61,1.1152,0.63,1.095,18
1580014410.116,0.65,1.0928,0.62,1.1053,18
1580014410.294,0.61,1.1258,0.65,1.0873,18
1580014410.477,0.62,1.1085,0.64,1.0945,18
1580014410.655,0.63,1.1031,0.65,1.0949,18
1580014410.835,0.6,1.1303,0.66,1.0799,18
1580014411.012,0.65,1.092,0.65,1.0947,18
1580014411.19,0.61,1.1225,0.67,1.0742,18
1580014411.369,0.67,1.0699,0.67,1.0835,18
1580014411.549,0.65,1.0878,0.67,1.0886,18
1580014411.731,0.63,1.1075,0.65,1.0791,18
1580014411.895,0.67,1.0677,0.64,1.0841,18
1580014412.076,0.65,1.0849,0.63,1.0888,19
1580014412.255,0.65,1.0854,0.62,1.0944,19
1580014412.434,0.66,1.085,0.63,1.0943,19
1580014412.62,0.65,1.0985,0.64,1.0937,19
1580014412.802,0.64,1.0899,0.63,1.0988,19
1580014412.988,0.61,1.1167,0.66,1.0852,19
1580014413.174,0.64,1.0987,0.68,1.0827,19
1580014413.358,0.64,1.0946,0.65,1.1012,19
1580014413.553,0.6,1.137,0.62,1.1073,19
1580014413.737,0.6,1.1336,0.68,1.0689,19
1580014413.922,0.64,1.0981,0.62,1.0961,19
1580014414.106,0.67,1.0757,0.63,1.1063,19
1580014414.286,0.62,1.1179,0.69,1.0618,19
1580014414.464,0.63,1.1022,0.67,1.0842,19
1580014414.627,0.66,1.0813,0.67,1.0794,19
1580014414.815,0.63,1.1039,0.66,1.0722,20
1580014414.997,0.66,1.078,0.67,1.0724,20
1580014415.178,0.66,1.0824,0.64,1.0939,20
1580014415.36,0.64,1.1046,0.66,1.0792,20
1580014415.541,0.65,1.0843,0.66,1.0716,20
1580014415.724,0.63,1.1025,0.66,1.0755,20
1580014415.905,0.65,1.0946,0.66,1.0766,20
1580014416.086,0.65,1.0913,0.66,1.0771,20
1580014416.273,0.63,1.1074,0.66,1.0749,20
1580014416.454,0.65,1.0872,0.65,1.0742,20
1580014416.642,0.65,1.09,0.62,1.0848,20
1580014416.823,0.68,1.059,0.65,1.0916,20
1580014417.003,0.64,1.0959,0.67,1.081,20
1580014417.185,0.63,1.1064,0.67,1.0711,20
1580014417.346,0.69,1.0546,0.66,1.0721,20
1580014417.532,0.65,1.0848,0.67,1.0753,21
1580014417.715,0.64,1.0888,0.65,1.0718,21
1580014417.895,0.67,1.07,0.65,1.0882,21
1580014418.076,0.64,1.0962,0.61,1.1258,21
1580014418.258,0.62,1.1133,0.63,1.0848,21
1580014418.441,0.62,1.1111,0.66,1.0773,21
1580014418.625,0.66,1.085,0.64,1.0805,21
1580014418.809,0.65,1.084,0.66,1.0841,21
1580014418.991,0.62,1.1148,0.68,1.0783,21
1580014419.173,0.63,1.1064,0.65,1.078,21
1580014419.354,0.65,1.0919,0.62,1.105,21
1580014419.545,0.69,1.0562,0.62,1.109,21
1580014419.729,0.64,1.1016,0.63,1.1104,21
1580014419.913,0.6,1.1325,0.64,1.0931,21
1580014420.077,0.65,1.0845,0.64,1.0839,21
1580014420.269,0.67,1.0729,0.66,1.091,22
1580014420.452,0.64,1.0957,0.67,1.0742,22
1580014420.634,0.66,1.0884,0.65,1.1016,22
1580014420.816,0.61,1.1154,0.62,1.0908,22
1580014421.001,0.66,1.0826,0.62,1.1104,22
1580014421.185,0.63,1.1113,0.64,1.0959,22
1580014421.368,0.64,1.0981,0.63,1.0888,22
1580014421.553,0.62,1.1159,0.63,1.1084,22
1580014421.743,0.62,1.1183,0.64,1.1011,22
1580014421.925,0.64,1.0971,0.64,1.1033,22
1580014422.105,0.63,1.1034,0.65,1.0975,22
1580014422.287,0.64,1.0882,0.63,1.0913,22
1580014422.47,0.65,1.0893,0.65,1.1064,22
1580014422.654,0.62,1.1112,0.63,1.1034,22
1580014422.816,0.65,1.0879,0.64,1.0894,22
1580014423.0,0.65,1.0886,0.63,1.0905,23
1580014423.182,0.66,1.0814,0.65,1.0926,23
1580014423.364,0.63,1.103,0.64,1.0954,23
1580014423.548,0.62,1.1049,0.65,1.0771,23
1580014423.73,0.63,1.1024,0.66,1.0672,23
1580014423.912,0.64,1.096,0.64,1.1006,23
1580014424.095,0.63,1.1065,0.64,1.0952,23
1580014424.275,0.62,1.1088,0.67,1.0698,23
1580014424.457,0.62,1.1069,0.65,1.0679,23
1580014424.641,0.66,1.0769,0.65,1.0805,23
1580014424.828,0.65,1.0905,0.65,1.0831,23
1580014425.01,0.66,1.0798,0.66,1.08,23
1580014425.192,0.66,1.0769,0.65,1.0753,23
1580014425.372,0.63,1.1018,0.64,1.0841,23
1580014425.536,0.67,1.0697,0.66,1.083,23
1580014425.724,0.66,1.0838,0.67,1.0865,24
1580014425.907,0.66,1.0791,0.66,1.0851,24
1580014426.091,0.67,1.0689,0.64,1.0773,24
1580014426.274,0.66,1.0783,0.65,1.0915,24
1580014426.46,0.62,1.1045,0.65,1.0828,24
1580014426.644,0.64,1.0976,0.67,1.0755,24
1580014426.83,0.66,1.084,0.68,1.0794,24
1580014427.015,0.63,1.1055,0.68,1.0722,24
1580014427.198,0.63,1.1115,0.64,1.0753,24
1580014427.382,0.67,1.0687,0.66,1.0763,24
1580014427.566,0.66,1.0836,0.66,1.0793,24
1580014427.752,0.67,1.0707,0.68,1.0655,24
1580014427.937,0.67,1.072,0.67,1.0731,24
1580014428.122,0.65,1.0922,0.67,1.0767,24
1580014428.288,0.69,1.0532,0.67,1.0794,24
1580014428.471,0.67,1.0749,0.65,1.0897,25
1580014428.656,0.64,1.087,0.65,1.0775,25
1580014428.84,0.68,1.0624,0.64,1.0763,25
1580014429.02,0.67,1.0685,0.64,1.0807,25
1580014429.2,0.65,1.0799,0.66,1.0849,25
1580014429.38,0.64,1.0976,0.65,1.0765,25
1580014429.562,0.66,1.0805,0.67,1.0756,25
1580014429.746,0.66,1.0754,0.66,1.0725,25
1580014429.936,0.64,1.0989,0.66,1.0666,25
1580014430.118,0.68,1.0649,0.67,1.0669,25
1580014430.3,0.68,1.0679,0.68,1.0725,25
1580014430.488,0.69,1.0507,0.67,1.0728,25
1580014430.67,0.67,1.0635,0.67,1.0706,25
1580014430.857,0.66,1.0873,0.68,1.0785,25
1580014431.019,0.69,1.0489,0.65,1.078,25
1580014431.206,0.67,1.0684,0.66,1.0849,26
1580014431.39,0.65,1.0826,0.66,1.0853,26
1580014431.573,0.67,1.068,0.66,1.0685,26
1580014431.754,0.68,1.0635,0.66,1.0693,26
1580014431.936,0.66,1.0779,0.65,1.0749,26
1580014432.118,0.65,1.0916,0.67,1.0743,26
1580014432.299,0.66,1.0796,0.66,1.0674,26
1580014432.482,0.66,1.0732,0.66,1.0724,26
1580014432.664,0.66,1.0885,0.65,1.0728,26
1580014432.845,0.67,1.0693,0.68,1.0686,26
1580014433.031,0.67,1.0717,0.68,1.0724,26
1580014433.211,0.69,1.0457,0.67,1.0688,26
1580014433.392,0.68,1.0558,0.63,1.0864,26
1580014433.573,0.65,1.092,0.65,1.0839,26
1580014433.735,0.69,1.0492,0.65,1.0708,26
1580014433.922,0.68,1.0605,0.67,1.0805,27
1580014434.103,0.66,1.0716,0.64,1.0858,27
1580014434.281,0.7,1.0515,0.64,1.0845,27
1580014434.459,0.68,1.0644,0.62,1.0742,27
1580014434.639,0.67,1.0649,0.66,1.0762,27
1580014434.817,0.66,1.0835,0.66,1.0751,27
1580014434.995,0.67,1.0731,0.68,1.0696,27
1580014435.174,0.67,1.0697,0.66,1.076,27
1580014435.354,0.66,1.0847,0.69,1.0608,27
1580014435.531,0.69,1.0547,0.69,1.0644,27
1580014435.712,0.68,1.0618,0.67,1.0649,27
1580014435.889,0.71,1.0378,0.69,1.0538,27
1580014436.073,0.7,1.0434,0.67,1.0774,27
1580014436.254,0.66,1.0824,0.67,1.0779,27
1580014436.413,0.7,1.0404,0.67,1.0669,27
1580014436.594,0.69,1.0565,0.66,1.071,28
1580014436.771,0.68,1.0593,0.66,1.0735,28
1580014436.95,0.71,1.0418,0.64,1.0845,28
1580014437.131,0.68,1.0649,0.65,1.0755,28
1580014437.313,0.68,1.0556,0.64,1.0744,28
1580014437.491,0.66,1.0749,0.65,1.0719,28
1580014437.669,0.68,1.0656,0.65,1.0732,28
1580014437.848,0.68,1.0639,0.68,1.0732,28
1580014438.027,0.67,1.0768,0.67,1.0658,28
1580014438.21,0.69,1.054,0.66,1.0668,28
1580014438.391,0.69,1.0545,0.62,1.0814,28
1580014438.571,0.7,1.0425,0.68,1.0551,28
1580014438.751,0.7,1.0402,0.64,1.0873,28
1580014438.932,0.65,1.0881,0.66,1.0832,28
1580014439.094,0.69,1.0451,0.67,1.0627,28
1580014439.278,0.69,1.056,0.64,1.0682,29
1580014439.461,0.67,1.0627,0.66,1.0661,29
1580014439.64,0.7,1.0438,0.68,1.0769,29
1580014439.818,0.67,1.0685,0.66,1.0705,29
1580014439.997,0.69,1.0541,0.65,1.0677,29
1580014440.179,0.67,1.0682,0.66,1.0746,29
1580014440.359,0.65,1.0822,0.65,1.0714,29
1580014440.546,0.68,1.0593,0.68,1.0783,29
1580014440.722,0.66,1.0843,0.67,1.0755,29
1580014440.899,0.68,1.056,0.68,1.063,29
1580014441.081,0.69,1.0489,0.67,1.0793,29
1580014441.259,0.7,1.0467,0.67,1.0629,29
1580014441.44,0.7,1.0423,0.64,1.0884,29
1580014441.618,0.66,1.0793,0.6,1.1336,29
1580014441.775,0.66,1.0797,0.66,1.087,29
1580014441.952,0.66,1.0748,0.64,1.0632,30
1580014442.132,0.68,1.054,0.67,1.082,30
1580014442.311,0.67,1.0777,0.65,1.0815,30
1580014442.491,0.65,1.091,0.67,1.0632,30
1580014442.67,0.69,1.0507,0.64,1.0879,30
1580014442.846,0.64,1.0945,0.65,1.0904,30
1580014443.024,0.64,1.0961,0.68,1.0727,30
1580014443.208,0.67,1.0655,0.66,1.0763,30
1580014443.387,0.65,1.0864,0.64,1.0797,30
1580014443.567,0.67,1.066,0.67,1.0729,30
1580014443.745,0.7,1.0487,0.66,1.0753,30
1580014443.922,0.7,1.0335,0.65,1.0743,30
1580014444.102,0.7,1.0431,0.66,1.0703,30
1580014444.284,0.66,1.079,0.66,1.068,30
1580014444.447,0.7,1.0378,0.66,1.0714,30
1580014444.628,0.67,1.0702,0.66,1.0754,31
1580014444.82,0.68,1.0638,0.67,1.0703,31
1580014444.998,0.7,1.0502,0.69,1.0583,31
1580014445.181,0.68,1.0581,0.68,1.0771,31
1580014445.364,0.67,1.0699,0.68,1.0697,31
1580014445.548,0.66,1.0762,0.67,1.0636,31
1580014445.734,0.68,1.0616,0.68,1.0562,31
1580014445.913,0.69,1.0506,0.69,1.0587,31
1580014446.091,0.66,1.0766,0.7,1.0548,31
1580014446.275,0.67,1.0703,0.68,1.0594,31
1580014446.452,0.69,1.0526,0.67,1.0668,31
1580014446.633,0.72,1.021,0.65,1.0811,31
1580014446.815,0.68,1.0606,0.66,1.0732,31
1580014446.997,0.64,1.1015,0.67,1.0684,31
1580014447.158,0.7,1.0399,0.65,1.0737,31
1580014447.346,0.69,1.0598,0.67,1.0767,32
1580014447.527,0.66,1.0739,0.68,1.0644,32
1580014447.703,0.67,1.066,0.69,1.0632,32
1580014447.888,0.68,1.056,0.67,1.0609,32
1580014448.068,0.69,1.0512,0.67,1.0805,32
1580014448.25,0.66,1.083,0.7,1.0693,32
1580014448.433,0.66,1.0858,0.67,1.0661,32
1580014448.618,0.67,1.0673,0.66,1.0698,32
1580014448.802,0.67,1.0711,0.66,1.08,32
1580014448.986,0.65,1.0856,0.66,1.0868,32
1580014449.169,0.64,1.0939,0.67,1.0666,32
1580014449.367,0.68,1.0544,0.69,1.0559,32
1580014449.557,0.72,1.0316,0.67,1.0779,32
1580014449.739,0.64,1.1004,0.64,1.0966,32
1580014449.903,0.64,1.0931,0.67,1.0758,32
1580014450.093,0.66,1.0803,0.67,1.0741,33
1580014450.277,0.68,1.0598,0.67,1.0689,33
1580014450.459,0.69,1.0542,0.66,1.0796,33
1580014450.646,0.66,1.0754,0.67,1.082,33
1580014450.828,0.64,1.0899,0.65,1.0811,33
1580014451.015,0.65,1.0855,0.68,1.0673,33
1580014451.194,0.68,1.0688,0.67,1.0635,33
1580014451.375,0.67,1.0686,0.68,1.0646,33
1580014451.559,0.64,1.0964,0.65,1.0731,33
1580014451.737,0.68,1.0599,0.66,1.0722,33
1580014451.917,0.68,1.0635,0.67,1.0712,33
1580014452.101,0.71,1.0332,0.68,1.0601,33
1580014452.282,0.71,1.0333,0.68,1.061,33
1580014452.466,0.66,1.0688,0.63,1.0888,33
1580014452.627,0.7,1.0441,0.63,1.0899,33
1580014452.811,0.67,1.0703,0.67,1.0625,34
1580014452.991,0.7,1.0408,0.66,1.0682,34
1580014453.175,0.71,1.0394,0.67,1.0681,34
1580014453.358,0.67,1.0639,0.66,1.0679,34
1580014453.537,0.69,1.0528,0.66,1.0688,34
1580014453.72,0.68,1.061,0.67,1.0673,34
1580014453.899,0.69,1.055,0.66,1.074,34
1580014454.079,0.69,1.0523,0.67,1.0699,34
1580014454.259,0.67,1.0671,0.67,1.0624,34
1580014454.439,0.69,1.0547,0.67,1.0698,34
1580014454.618,0.69,1.0497,0.65,1.0777,34
1580014454.799,0.71,1.031,0.65,1.0761,34
1580014454.976,0.7,1.036,0.66,1.0678,34
1580014455.157,0.65,1.0878,0.66,1.0671,34
1580014455.324,0.69,1.0487,0.69,1.0565,34
1580014455.523,0.69,1.0549,0.67,1.0788,35
1580014455.711,0.67,1.0625,0.65,1.0881,35
1580014455.898,0.67,1.0704,0.67,1.0592,35
1580014456.086,0.68,1.0538,0.66,1.0695,35
1580014456.274,0.7,1.0451,0.67,1.0686,35
1580014456.454,0.67,1.0731,0.68,1.0574,35
1580014456.635,0.69,1.0533,0.66,1.0672,35
1580014456.816,0.68,1.0611,0.66,1.071,35
1580014456.994,0.67,1.0809,0.67,1.0641,35
1580014457.173,0.69,1.0542,0.67,1.0606,35
1580014457.353,0.7,1.0443,0.65,1.0771,35
1580014457.538,0.71,1.0268,0.64,1.094,35
1580014457.718,0.68,1.0587,0.65,1.0686,35
1580014457.896,0.66,1.0816,0.68,1.0705,35
1580014458.055,0.72,1.0269,0.65,1.0932,35
1580014458.24,0.67,1.0672,0.63,1.0997,36
1580014458.42,0.67,1.0667,0.65,1.0896,36
1580014458.602,0.68,1.0579,0.66,1.0785,36
1580014458.782,0.7,1.0447,0.65,1.0952,36
1580014458.962,0.68,1.0615,0.65,1.0805,36
1580014459.142,0.67,1.0673,0.66,1.071,36
1580014459.321,0.69,1.0527,0.67,1.0712,36
1580014459.502,0.68,1.0571,0.66,1.0776,36
1580014459.683,0.66,1.0787,0.67,1.069,36
1580014459.862,0.7,1.0427,0.69,1.0596,36
1580014460.04,0.7,1.039,0.69,1.0551,36
1580014460.219,0.73,1.0145,0.68,1.0698,36
1580014460.408,0.7,1.0389,0.68,1.0635,36
1580014460.603,0.65,1.0834,0.69,1.0548,36
1580014460.771,0.71,1.0244,0.66,1.0709,36
1580014460.972,0.7,1.0446,0.64,1.0961,37
1580014461.163,0.68,1.0613,0.63,1.1005,37
1580014461.345,0.67,1.0696,0.66,1.0768,37
1580014461.529,0.68,1.0624,0.66,1.0614,37
1580014461.708,0.7,1.0358,0.67,1.0781,37
1580014461.892,0.66,1.0805,0.65,1.0845,37
1580014462.072,0.65,1.0822,0.68,1.0601,37
1580014462.251,0.69,1.0455,0.66,1.0746,37
1580014462.437,0.68,1.0617,0.62,1.1021,37
1580014462.621,0.64,1.0959,0.67,1.0786,37
1580014462.801,0.66,1.072,0.68,1.0658,37
1580014462.979,0.72,1.018,0.68,1.0643,37
1580014463.16,0.7,1.0359,0.65,1.0884,37
1580014463.339,0.62,1.1183,0.65,1.0862,37
1580014463.5,0.66,1.081,0.67,1.061,37
1580014463.691,0.67,1.0616,0.67,1.0636,38
1580014463.873,0.69,1.0444,0.65,1.0818,38
1580014464.051,0.68,1.065,0.66,1.0959,38
1580014464.23,0.62,1.1129,0.66,1.0797,38
1580014464.41,0.65,1.0837,0.68,1.0687,38
1580014464.595,0.67,1.0666,0.65,1.0714,38
1580014464.777,0.68,1.0628,0.67,1.0861,38
1580014464.957,0.64,1.0964,0.66,1.0926,38
1580014465.136,0.62,1.1154,0.65,1.0807,38
1580014465.317,0.69,1.0544,0.67,1.0656,38
1580014465.494,0.7,1.0447,0.68,1.0696,38
1580014465.676,0.71,1.026,0.68,1.0686,38
1580014465.858,0.68,1.0588,0.69,1.0646,38
1580014466.039,0.66,1.0839,0.68,1.0629,38
1580014466.199,0.72,1.0239,0.7,1.0564,38
1580014466.381,0.7,1.048,0.7,1.0494,39
1580014466.561,0.7,1.0448,0.69,1.0556,39
1580014466.746,0.7,1.0395,0.68,1.06,39
1580014466.929,0.7,1.0426,0.68,1.0623,39
1580014467.108,0.7,1.0366,0.69,1.0586,39
1580014467.287,0.71,1.0421,0.69,1.0588,39
1580014467.469,0.71,1.0426,0.68,1.0614,39
1580014467.65,0.7,1.0413,0.67,1.0631,39
1580014467.831,0.68,1.0593,0.69,1.0642,39
1580014468.014,0.7,1.044,0.67,1.0666,39
1580014468.196,0.71,1.0353,0.66,1.0689,39
1580014468.377,0.72,1.0148,0.68,1.0651,39
1580014468.56,0.71,1.0222,0.7,1.0612,39
1580014468.743,0.68,1.0621,0.67,1.0649,39
1580014468.906,0.72,1.0228,0.66,1.0661,39
1580014469.09,0.7,1.0439,0.66,1.0653,40
1580014469.271,0.71,1.0312,0.68,1.0626,40
1580014469.451,0.71,1.0344,0.68,1.0681,40
1580014469.633,0.69,1.0518,0.68,1.0639,40
1580014469.821,0.7,1.0385,0.68,1.0653,40
1580014470.002,0.7,1.04,0.65,1.0795,40
1580014470.183,0.69,1.0533,0.63,1.0831,40
1580014470.365,0.69,1.0528,0.67,1.067,40
1580014470.546,0.69,1.0538,0.68,1.0601,40
1580014470.729,0.71,1.0302,0.68,1.0615,40
1580014470.91,0.71,1.0344,0.68,1.0682,40
1580014471.104,0.7,1.0356,0.68,1.0671,40
1580014471.283,0.7,1.0368,0.68,1.0611,40
1580014471.468,0.69,1.0554,0.68,1.0635,40
1580014471.629,0.72,1.0219,0.66,1.0795,40
1580014471.812,0.69,1.0551,0.68,1.0606,41
1580014471.99,0.69,1.0438,0.68,1.0591,41
1580014472.169,0.73,1.0224,0.68,1.0648,41
1580014472.348,0.7,1.0405,0.67,1.0719,41
1580014472.527,0.71,1.0364,0.67,1.0723,41
1580014472.709,0.71,1.0396,0.69,1.0575,41
1580014472.896,0.71,1.0361,0.67,1.0695,41
1580014473.084,0.7,1.045,0.66,1.0739,41
1580014473.276,0.67,1.0656,0.65,1.0667,41
1580014473.465,0.71,1.0272,0.67,1.0701,41
1580014473.652,0.73,1.0166,0.67,1.0687,41
1580014473.839,0.73,1.0165,0.67,1.0712,41
1580014474.028,0.71,1.0353,0.67,1.0657,41
1580014474.209,0.69,1.0557,0.69,1.0554,41
1580014474.375,0.73,1.0042,0.7,1.0492,41
1580014474.56,0.7,1.0409,0.71,1.0588,42
1580014474.747,0.71,1.0375,0.7,1.0496,42
1580014474.942,0.72,1.0264,0.7,1.0498,42
1580014475.128,0.71,1.031,0.67,1.0666,42
1580014475.315,0.72,1.0247,0.66,1.0761,42
1580014475.499,0.7,1.041,0.66,1.076,42
1580014475.685,0.7,1.0443,0.67,1.0669,42
1580014475.872,0.72,1.0246,0.67,1.0721,42
1580014476.057,0.71,1.0439,0.67,1.0725,42
1580014476.247,0.71,1.0333,0.66,1.0659,42
1580014476.435,0.72,1.0205,0.67,1.065,42
1580014476.625,0.74,1.0032,0.67,1.0649,42
1580014476.807,0.72,1.0274,0.67,1.0669,42
1580014476.994,0.69,1.0585,0.68,1.0641,42
1580014477.157,0.73,1.0118,0.66,1.0589,42
1580014477.34,0.7,1.0375,0.7,1.0504,43
1580014477.523,0.72,1.0237,0.68,1.0565,43
1580014477.705,0.73,1.0171,0.69,1.0587,43
1580014477.889,0.7,1.0351,0.69,1.0514,43
1580014478.07,0.72,1.0192,0.67,1.0599,43
1580014478.25,0.72,1.0248,0.68,1.073,43
1580014478.43,0.69,1.0506,0.67,1.0714,43
1580014478.614,0.71,1.0306,0.67,1.0671,43
1580014478.794,0.71,1.0353,0.66,1.073,43
1580014478.973,0.71,1.0325,0.67,1.0695,43
1580014479.154,0.72,1.0266,0.7,1.0585,43
1580014479.334,0.74,1.0012,0.7,1.0574,43
1580014479.517,0.71,1.0284,0.71,1.0502,43
1580014479.701,0.69,1.0484,0.68,1.0556,43
1580014479.863,0.75,0.9981,0.68,1.0603,43
1580014480.053,0.71,1.0364,0.68,1.0606,44
1580014480.233,0.71,1.0328,0.69,1.0564,44
1580014480.413,0.72,1.0175,0.7,1.0525,44
1580014480.595,0.72,1.0247,0.68,1.0667,44
1580014480.778,0.71,1.0326,0.68,1.0612,44
1580014480.965,0.71,1.0289,0.68,1.0616,44
1580014481.149,0.71,1.0312,0.67,1.0677,44
1580014481.333,0.73,1.0181,0.67,1.0701,44
1580014481.506,0.71,1.0381,0.66,1.0674,44
1580014481.689,0.7,1.0342,0.67,1.0629,44
1580014481.87,0.72,1.0167,0.67,1.0615,44
1580014482.052,0.74,1.0007,0.68,1.0592,44
1580014482.236,0.73,1.0192,0.69,1.0583,44
1580014482.419,0.68,1.0593,0.69,1.0551,44
1580014482.586,0.73,1.0103,0.68,1.0643,44
1580014482.769,0.72,1.0225,0.69,1.0613,45
1580014482.951,0.71,1.0343,0.68,1.0667,45
1580014483.137,0.7,1.0358,0.66,1.0749,45
1580014483.318,0.71,1.0342,0.68,1.0609,45
1580014483.499,0.73,1.0145,0.66,1.0773,45
1580014483.683,0.69,1.0509,0.63,1.0855,45
1580014483.867,0.7,1.0499,0.68,1.0587,45
1580014484.051,0.72,1.0195,0.67,1.0614,45
1580014484.232,0.72,1.0332,0.68,1.0597,45
1580014484.415,0.7,1.0406,0.68,1.0538,45
1580014484.595,0.72,1.024,0.69,1.0537,45
1580014484.777,0.74,0.9994,0.69,1.0539,45
1580014484.962,0.73,1.01,0.7,1.063,45
1580014485.152,0.69,1.0558,0.67,1.0753,45
1580014485.323,0.72,1.0207,0.67,1.0656,45
1580014485.508,0.71,1.0262,0.67,1.0537,46
1580014485.688,0.73,1.0117,0.68,1.0524,46
1580014485.87,0.71,1.0307,0.69,1.0541,46
1580014486.051,0.68,1.0563,0.68,1.0559,46
1580014486.231,0.72,1.0215,0.67,1.0674,46
1580014486.415,0.73,1.0172,0.65,1.0975,46
1580014486.594,0.69,1.0561,0.63,1.1067,46
1580014486.775,0.68,1.0591,0.67,1.0803,46
1580014486.958,0.69,1.0537,0.68,1.0687,46
1580014487.139,0.73,1.0203,0.66,1.0848,46
1580014487.323,0.7,1.0399,0.68,1.0723,46
1580014487.503,0.72,1.0266,0.69,1.0632,46
1580014487.687,0.71,1.0263,0.68,1.0689,46
1580014487.869,0.7,1.0469,0.7,1.0554,46
1580014488.033,0.74,1.0086,0.65,1.0776,46
1580014488.223,0.7,1.0478,0.65,1.0817,47
1580014488.403,0.7,1.0375,0.67,1.0799,47
1580014488.583,0.72,1.0189,0.66,1.0798,47
1580014488.765,0.7,1.0382,0.67,1.0705,47
1580014488.947,0.71,1.0352,0.68,1.0659,47
1580014489.128,0.7,1.0384,0.67,1.067,47
1580014489.309,0.7,1.0366,0.67,1.0685,47
1580014489.49,0.73,1.0144,0.67,1.0719,47
1580014489.673,0.7,1.0371,0.65,1.0774,47
1580014489.854,0.72,1.0283,0.66,1.071,47
1580014490.039,0.71,1.0278,0.65,1.0727,47
1580014490.222,0.74,1.001,0.66,1.081,47
1580014490.404,0.73,1.0095,0.64,1.0805,47
1580014490.585,0.7,1.0447,0.67,1.0707,47
1580014490.764,0.74,1.0043,0.68,1.0621,47
1580014490.949,0.72,1.0184,0.66,1.0636,48
1580014491.133,0.73,1.0151,0.66,1.0567,48
1580014491.324,0.72,1.0099,0.68,1.0546,48
1580014491.502,0.72,1.0203,0.69,1.0536,48
1580014491.681,0.73,1.012,0.68,1.057,48
1580014491.862,0.72,1.017,0.66,1.0744,48
1580014492.044,0.71,1.0313,0.65,1.0814,48
1580014492.229,0.74,1.0136,0.66,1.0712,48
1580014492.415,0.73,1.0191,0.66,1.0743,48
1580014492.599,0.73,1.0137,0.66,1.0781,48
1580014492.779,0.73,1.0111,0.65,1.081,48
1580014492.959,0.75,0.9935,0.67,1.0812,48
1580014493.14,0.75,0.9999,0.67,1.0835,48
1580014493.33,0.71,1.0334,0.67,1.0782,48
1580014493.492,0.76,0.9905,0.67,1.0683,48
1580014493.678,0.73,1.0146,0.68,1.0577,49
1580014493.858,0.74,1.0042,0.69,1.0517,49
1580014494.04,0.74,1.0064,0.69,1.0537,49
1580014494.221,0.73,1.0143,0.68,1.0531,49
1580014494.409,0.74,1.0053,0.68,1.0478,49
1580014494.588,0.72,1.017,0.69,1.0628,49
1580014494.77,0.71,1.0307,0.66,1.0752,49
1580014494.95,0.74,1.0145,0.66,1.0731,49
1580014495.134,0.72,1.0237,0.68,1.0622,49
1580014495.315,0.73,1.0113,0.65,1.0873,49
1580014495.498,0.72,1.0194,0.65,1.0904,49
1580014495.678,0.71,1.0203,0.66,1.0837,49
1580014495.863,0.74,0.9999,0.66,1.0867,49
1580014496.045,0.69,1.0475,0.63,1.0994,49
1580014496.207,0.72,1.0177,0.65,1.0846,49
1580014496.394,0.72,1.0243,0.67,1.0689,50
1580014496.577,0.74,0.9998,0.66,1.0776,50
1580014496.76,0.72,1.0139,0.65,1.0721,50
1580014496.943,0.72,1.0257,0.67,1.0619,50
1580014497.127,0.74,1.0064,0.66,1.0751,50
1580014497.31,0.73,1.0117,0.63,1.1,50
1580014497.495,0.7,1.0394,0.65,1.0867,50
1580014497.682,0.71,1.0328,0.68,1.062,50
1580014497.862,0.7,1.0426,0.7,1.0479,50
1580014498.042,0.74,1.0041,0.67,1.0705,50
1580014498.225,0.73,1.01,0.63,1.0952,50
1580014498.406,0.7,1.0393,0.64,1.09,50
1580014498.587,0.71,1.0323,0.65,1.0802,50
1580014498.773,0.71,1.0368,0.65,1.079,50
1580014498.94,0.74,1.0021,0.65,1.1006,50
1580014499.128,0.68,1.0576,0.64,1.0984,51
1580014499.31,0.69,1.0496,0.68,1.0733,51
1580014499.497,0.73,1.0087,0.65,1.0747,51
1580014499.681,0.72,1.0242,0.64,1.0839,51
1580014499.866,0.69,1.0392,0.67,1.0689,51
1580014500.047,0.7,1.0442,0.67,1.0633,51
1580014500.23,0.71,1.0339,0.69,1.0587,51
1580014500.413,0.73,1.0197,0.66,1.0766,51
1580014500.592,0.71,1.0377,0.63,1.1032,51
1580014500.776,0.68,1.061,0.64,1.0804,51
1580014500.961,0.71,1.0238,0.7,1.0502,51
1580014501.14,0.74,1.0013,0.66,1.0639,51
1580014501.322,0.73,1.0144,0.66,1.0747,51
1580014501.512,0.69,1.0487,0.67,1.076,51
1580014501.673,0.73,1.0065,0.63,1.0852,51
1580014501.861,0.72,1.0254,0.66,1.0844,52
1580014502.047,0.71,1.0248,0.65,1.0867,52
1580014502.231,0.72,1.0205,0.64,1.081,52
1580014502.42,0.71,1.0288,0.69,1.0632,52
1580014502.603,0.72,1.0201,0.67,1.0634,52
1580014502.782,0.71,1.0306,0.68,1.0598,52
1580014502.961,0.72,1.0239,0.66,1.0746,52
1580014503.142,0.72,1.0146,0.64,1.0796,52
1580014503.324,0.71,1.0287,0.65,1.0831,52
1580014503.507,0.69,1.0409,0.65,1.077,52
1580014503.688,0.72,1.0138,0.66,1.0757,52
1580014503.869,0.76,0.9877,0.68,1.0687,52
1580014504.047,0.74,1.0047,0.65,1.0646,52
1580014504.227,0.67,1.0709,0.68,1.0585,52
1580014504.388,0.71,1.0243,0.67,1.0653,52
1580014504.574,0.71,1.0253,0.63,1.1038,53
1580014504.76,0.72,1.0203,0.59,1.1264,53
1580014504.938,0.68,1.061,0.63,1.1111,53
1580014505.12,0.69,1.056,0.64,1.076,53
1580014505.299,0.74,1.0049,0.67,1.0616,53
1580014505.475,0.7,1.0356,0.66,1.0671,53
1580014505.659,0.67,1.0628,0.67,1.064,53
1580014505.838,0.69,1.0584,0.67,1.068,53
1580014506.018,0.67,1.0741,0.68,1.0672,53
1580014506.2,0.7,1.044,0.69,1.0623,53
1580014506.38,0.72,1.0211,0.66,1.0731,53
1580014506.562,0.72,1.0122,0.65,1.0798,53
1580014506.743,0.71,1.0271,0.67,1.0791,53
1580014506.92,0.68,1.057,0.65,1.0813,53
1580014507.082,0.75,0.9906,0.67,1.0679,53
1580014507.264,0.72,1.0145,0.67,1.0602,54
1580014507.444,0.71,1.0282,0.67,1.064,54
1580014507.635,0.71,1.0313,0.64,1.0781,54
1580014507.815,0.71,1.0272,0.65,1.0863,54
1580014507.994,0.7,1.031,0.66,1.0847,54
1580014508.176,0.69,1.0456,0.65,1.0746,54
1580014508.361,0.71,1.0307,0.66,1.0741,54
1580014508.54,0.73,1.016,0.66,1.0758,54
1580014508.737,0.7,1.0342,0.66,1.0701,54
1580014508.916,0.73,1.012,0.67,1.0648,54
1580014509.098,0.74,1.0053,0.67,1.0671,54
1580014509.291,0.75,0.9961,0.69,1.0658,54
1580014509.483,0.73,1.0116,0.68,1.0667,54
1580014509.673,0.7,1.0429,0.65,1.0737,54
1580014509.839,0.75,0.9946,0.65,1.0743,54
1580014510.024,0.73,1.0131,0.66,1.074,55
1580014510.207,0.73,1.0084,0.66,1.0744,55
1580014510.391,0.74,1.0046,0.66,1.0745,55
1580014510.572,0.71,1.0265,0.67,1.0797,55
1580014510.76,0.72,1.0201,0.65,1.0801,55
1580014510.95,0.7,1.036,0.67,1.0654,55
1580014511.142,0.71,1.0275,0.67,1.0708,55
1580014511.327,0.72,1.0249,0.65,1.0774,55
1580014511.512,0.71,1.0332,0.66,1.0823,55
1580014511.712,0.72,1.0219,0.67,1.071,55
1580014511.895,0.72,1.0117,0.69,1.0618,55
1580014512.082,0.76,0.9811,0.65,1.0761,55
1580014512.267,0.73,1.0073,0.65,1.0793,55
1580014512.458,0.67,1.0629,0.67,1.0708,55
1580014512.624,0.73,1.0078,0.68,1.057,55
1580014512.817,0.73,1.0158,0.68,1.0617,56
1580014513.001,0.73,1.011,0.67,1.0658,56
1580014513.185,0.72,1.0245,0.64,1.0762,56
1580014513.366,0.72,1.0254,0.62,1.1022,56
1580014513.55,0.74,1.0062,0.65,1.0874,56
1580014513.734,0.71,1.0284,0.66,1.0723,56
1580014513.914,0.71,1.0286,0.68,1.0596,56
1580014514.097,0.72,1.0241,0.67,1.0608,56
1580014514.276,0.7,1.0337,0.68,1.0615,56
1580014514.457,0.74,1.0071,0.66,1.0696,56
1580014514.639,0.74,1.008,0.65,1.0758,56
1580014514.826,0.76,0.9873,0.63,1.0786,56
1580014515.008,0.74,0.9985,0.67,1.0715,56
1580014515.189,0.7,1.0398,0.66,1.0755,56
1580014515.358,0.76,0.9877,0.66,1.0773,56
1580014515.552,0.71,1.0291,0.67,1.0706,57
1580014515.745,0.73,1.0099,0.67,1.0664,57
1580014515.931,0.73,1.0152,0.66,1.0716,57
1580014516.119,0.73,1.02,0.63,1.0983,57
1580014516.307,0.73,1.0069,0.63,1.1115,57
1580014516.486,0.72,1.0265,0.63,1.0906,57
1580014516.67,0.72,1.0189,0.68,1.0641,57
1580014516.854,0.75,0.995,0.66,1.0718,57
1580014517.034,0.72,1.0231,0.66,1.0729,57
1580014517.215,0.73,1.0084,0.67,1.0698,57
1580014517.397,0.74,0.997,0.65,1.0733,57
1580014517.58,0.77,0.9771,0.65,1.0803,57
1580014517.768,0.76,0.9857,0.65,1.0878,57
1580014517.947,0.71,1.0302,0.66,1.078,57
1580014518.109,0.76,0.9832,0.67,1.0703,57
1580014518.292,0.74,0.9992,0.67,1.0702,58
1580014518.473,0.75,0.9912,0.66,1.0694,58
1580014518.654,0.75,0.9987,0.66,1.0669,58
1580014518.837,0.73,1.009,0.68,1.0627,58
1580014519.018,0.76,0.9854,0.65,1.0832,58
1580014519.198,0.75,0.9971,0.63,1.0974,58
1580014519.379,0.73,1.0123,0.64,1.0874,58
1580014519.557,0.75,0.999,0.65,1.0785,58
1580014519.738,0.74,1.0093,0.67,1.0726,58
1580014519.918,0.75,0.998,0.68,1.0658,58
1580014520.097,0.75,0.9918,0.68,1.0651,58
1580014520.283,0.75,0.9888,0.67,1.064,58
1580014520.473,0.74,0.9946,0.68,1.0658,58
1580014520.661,0.72,1.0242,0.64,1.076,58
1580014520.829,0.77,0.9752,0.66,1.0896,58
1580014521.022,0.75,0.9947,0.65,1.1031,59
1580014521.21,0.75,0.9945,0.62,1.1046,59
1580014521.39,0.75,0.9969,0.65,1.0929,59
1580014521.569,0.74,1.0052,0.66,1.074,59
1580014521.75,0.76,0.9859,0.64,1.0764,59
1580014521.94,0.74,1.0051,0.65,1.0741,59
1580014522.122,0.74,1.0079,0.67,1.0749,59
1580014522.301,0.75,0.9984,0.66,1.0804,59
1580014522.483,0.74,1.0105,0.64,1.0885,59
1580014522.664,0.73,1.0108,0.65,1.0798,59
1580014522.848,0.75,0.9957,0.66,1.0679,59
1580014523.039,0.76,0.9852,0.68,1.0566,59
1580014523.218,0.75,0.9958,0.71,1.0518,59
1580014523.396,0.69,1.046,0.7,1.0464,59
1580014523.561,0.75,0.992,0.68,1.0569,59
1580014523.745,0.76,0.9888,0.65,1.0842,60
1580014523.928,0.75,0.9958,0.66,1.0947,60
1580014524.109,0.72,1.0186,0.64,1.0944,60
1580014524.289,0.72,1.0232,0.67,1.076,60
1580014524.469,0.76,0.9807,0.67,1.0631,60
1580014524.651,0.74,1.0057,0.68,1.0705,60
1580014524.831,0.71,1.0336,0.65,1.0731,60
1580014525.01,0.72,1.0188,0.69,1.0692,60
1580014525.191,0.73,1.0101,0.66,1.0855,60
1580014525.374,0.75,0.9938,0.62,1.1032,60
1580014525.552,0.73,1.011,0.63,1.0976,60
1580014525.731,0.75,0.9896,0.66,1.0786,60
1580014525.909,0.76,0.9833,0.65,1.0807,60
1580014526.094,0.72,1.0249,0.67,1.064,60
1580014526.253,0.75,1.0038,0.66,1.0695,60
1580014526.434,0.73,1.0125,0.69,1.0663,61
1580014526.614,0.76,0.9868,0.65,1.086,61
1580014526.795,0.74,0.9987,0.62,1.1141,61
1580014526.975,0.71,1.0343,0.59,1.1313,61
1580014527.154,0.72,1.0201,0.63,1.1132,61
1580014527.332,0.73,1.0158,0.66,1.0721,61
1580014527.51,0.75,1.0014,0.68,1.0616,61
1580014527.69,0.74,1.0116,0.7,1.0527,61
1580014527.87,0.69,1.042,0.68,1.0599,61
1580014528.047,0.74,1.0118,0.69,1.0567,61
1580014528.227,0.75,0.9937,0.68,1.0576,61
1580014528.405,0.76,0.9786,0.68,1.0694,61
1580014528.583,0.74,0.9993,0.67,1.08,61
1580014528.765,0.72,1.0279,0.64,1.0937,61
1580014528.927,0.76,0.9861,0.66,1.0848,61
1580014529.111,0.75,0.9933,0.67,1.0726,62
1580014529.292,0.76,0.9882,0.67,1.0757,62
1580014529.472,0.75,0.9955,0.64,1.0875,62
1580014529.651,0.72,1.0193,0.63,1.091,62
1580014529.83,0.74,0.9975,0.62,1.104,62
1580014530.009,0.76,0.9946,0.62,1.1168,62
1580014530.193,0.72,1.0184,0.62,1.1161,62
1580014530.374,0.73,1.0099,0.68,1.0698,62
1580014530.552,0.74,1.008,0.69,1.0601,62
1580014530.731,0.75,0.9941,0.68,1.0632,62
1580014530.911,0.76,0.9862,0.67,1.0671,62
1580014531.094,0.76,0.9807,0.67,1.0693,62
1580014531.275,0.74,0.9937,0.68,1.0584,62
1580014531.458,0.72,1.0256,0.68,1.0592,62
1580014531.622,0.77,0.9774,0.68,1.0625,62
1580014531.805,0.75,0.9934,0.69,1.0623,63
1580014531.984,0.76,0.9858,0.67,1.0776,63
1580014532.166,0.76,0.9854,0.63,1.0963,63
1580014532.348,0.73,1.0134,0.62,1.107,63
1580014532.528,0.73,1.0087,0.64,1.0884,63
1580014532.707,0.76,0.991,0.64,1.0926,63
1580014532.889,0.74,1.0033,0.63,1.0897,63
1580014533.077,0.71,1.0286,0.67,1.071,63
1580014533.274,0.71,1.0344,0.69,1.0564,63
1580014533.462,0.76,0.9881,0.68,1.0663,63
1580014533.651,0.76,0.9886,0.65,1.0824,63
1580014533.836,0.75,0.9945,0.65,1.0793,63
1580014534.02,0.74,1.0021,0.66,1.0756,63
1580014534.199,0.73,1.0141,0.67,1.085,63
1580014534.358,0.76,0.986,0.63,1.0865,63
1580014534.542,0.73,1.006,0.65,1.0745,64
1580014534.724,0.74,1.0004,0.66,1.0721,64
1580014534.905,0.76,0.988,0.65,1.0868,64
1580014535.085,0.74,1.0064,0.61,1.1141,64
1580014535.27,0.74,1.0,0.62,1.1137,64
1580014535.449,0.74,1.0015,0.62,1.1006,64
1580014535.632,0.74,1.005,0.65,1.1018,64
1580014535.812,0.73,1.0141,0.65,1.0813,64
1580014535.991,0.69,1.0493,0.71,1.0407,64
1580014536.173,0.73,1.0084,0.68,1.0615,64
1580014536.354,0.75,0.9983,0.66,1.0842,64
1580014536.532,0.73,1.0088,0.66,1.0871,64
1580014536.711,0.72,1.0215,0.62,1.103,64
1580014536.89,0.69,1.0443,0.62,1.1127,64
1580014537.05,0.71,1.0248,0.59,1.1345,64
1580014537.235,0.69,1.0386,0.63,1.0944,65
1580014537.416,0.73,1.0075,0.68,1.0661,65
1580014537.601,0.71,1.029,0.66,1.0745,65
1580014537.78,0.69,1.048,0.65,1.084,65
1580014537.962,0.7,1.034,0.65,1.0864,65
1580014538.143,0.7,1.0409,0.63,1.0897,65
1580014538.326,0.72,1.0211,0.63,1.1007,65
1580014538.506,0.75,0.9998,0.62,1.1163,65
1580014538.692,0.7,1.0409,0.62,1.1114,65
1580014538.873,0.69,1.0477,0.64,1.086,65
1580014539.056,0.74,1.0018,0.68,1.0634,65
1580014539.235,0.76,0.9786,0.67,1.0647,65
1580014539.419,0.74,1.0037,0.66,1.074,65
1580014539.6,0.69,1.0497,0.67,1.0709,65
1580014539.761,0.73,1.0092,0.67,1.0666,65
1580014539.947,0.72,1.0207,0.69,1.0657,66
1580014540.129,0.75,0.9828,0.65,1.0904,66
1580014540.31,0.74,1.0009,0.64,1.1108,66
1580014540.493,0.71,1.0212,0.61,1.1195,66
1580014540.673,0.74,1.0003,0.61,1.1143,66
1580014540.854,0.76,0.9856,0.64,1.1033,66
1580014541.042,0.73,1.0111,0.62,1.0991,66
1580014541.221,0.74,1.003,0.64,1.0915,66
1580014541.404,0.73,1.0108,0.67,1.0745,66
1580014541.591,0.76,0.9861,0.67,1.0676,66
1580014541.771,0.76,0.9845,0.67,1.0691,66
1580014541.95,0.77,0.9758,0.66,1.0704,66
1580014542.132,0.77,0.9721,0.68,1.0676,66
1580014542.312,0.73,1.0145,0.67,1.0693,66
1580014542.476,0.77,0.9737,0.66,1.0722,66
1580014542.657,0.76,0.9869,0.66,1.0811,67
1580014542.838,0.77,0.9755,0.65,1.0827,67
1580014543.02,0.76,0.9824,0.67,1.0788,67
1580014543.201,0.74,1.0009,0.66,1.0747,67
1580014543.383,0.77,0.9788,0.67,1.0676,67
1580014543.563,0.75,0.9854,0.66,1.0748,67
1580014543.743,0.75,1.0001,0.66,1.0873,67
1580014543.924,0.76,0.9875,0.64,1.0906,67
1580014544.106,0.75,0.9943,0.65,1.0822,67
1580014544.285,0.77,0.9815,0.66,1.0681,67
1580014544.467,0.76,0.9784,0.68,1.0629,67
1580014544.645,0.77,0.9669,0.67,1.0706,67
1580014544.823,0.78,0.9708,0.66,1.0705,67
1580014545.004,0.72,1.0191,0.7,1.061,67
1580014545.165,0.79,0.957,0.64,1.0808,67
1580014545.347,0.77,0.9786,0.61,1.1096,68
1580014545.535,0.76,0.982,0.62,1.1087,68
1580014545.715,0.76,0.988,0.64,1.0888,68
1580014545.896,0.75,0.9949,0.65,1.077,68
1580014546.078,0.77,0.9759,0.66,1.0747,68
1580014546.26,0.76,0.9836,0.66,1.0743,68
1580014546.445,0.75,0.9982,0.65,1.089,68
1580014546.626,0.75,0.9884,0.61,1.1107,68
1580014546.808,0.76,0.9875,0.63,1.1052,68
1580014546.994,0.76,0.9869,0.65,1.0801,68
1580014547.178,0.76,0.9835,0.67,1.0695,68
1580014547.364,0.79,0.9624,0.66,1.0659,68
1580014547.556,0.78,0.9609,0.69,1.0571,68
1580014547.743,0.72,1.0249,0.69,1.0548,68
1580014547.91,0.77,0.9769,0.69,1.0534,68
1580014548.095,0.76,0.9881,0.69,1.0647,69
1580014548.279,0.78,0.9677,0.62,1.1026,69
1580014548.467,0.75,0.9924,0.62,1.1041,69
1580014548.653,0.73,1.016,0.64,1.1014,69
1580014548.838,0.74,0.9938,0.65,1.0957,69
1580014549.018,0.77,0.9778,0.65,1.084,69
1580014549.196,0.75,0.9902,0.64,1.0879,69
1580014549.378,0.74,1.0009,0.64,1.0947,69
1580014549.559,0.74,1.0075,0.61,1.1131,69
1580014549.74,0.78,0.9698,0.6,1.1239,69
1580014549.918,0.77,0.9724,0.6,1.12,69
1580014550.099,0.77,0.9748,0.61,1.1087,69
1580014550.279,0.76,0.9843,0.64,1.0956,69
1580014550.459,0.73,1.01,0.63,1.0932,69
1580014550.626,0.79,0.9568,0.65,1.0904,69
1580014550.806,0.75,1.0,0.63,1.0919,70
1580014550.986,0.74,0.9937,0.67,1.0808,70
1580014551.166,0.76,0.9819,0.65,1.0852,70
1580014551.346,0.75,0.9979,0.65,1.0937,70
1580014551.526,0.76,0.9829,0.64,1.1054,70
1580014551.707,0.75,0.9942,0.59,1.1358,70
1580014551.888,0.74,1.0065,0.61,1.1088,70
1580014552.068,0.76,0.9855,0.65,1.0876,70
1580014552.257,0.75,0.9903,0.62,1.0947,70
1580014552.438,0.75,0.9978,0.67,1.0705,70
1580014552.62,0.76,0.9872,0.65,1.083,70
1580014552.804,0.78,0.9687,0.64,1.0992,70
1580014552.985,0.75,0.9911,0.64,1.107,70
1580014553.169,0.72,1.0162,0.62,1.1132,70
1580014553.331,0.78,0.9613,0.62,1.1137,70
1580014553.514,0.75,0.9906,0.64,1.1031,71
1580014553.7,0.76,0.981,0.64,1.0903,71
1580014553.882,0.77,0.9739,0.66,1.0896,71
1580014554.061,0.74,1.0033,0.65,1.0875,71
1580014554.243,0.74,0.9961,0.66,1.0835,71
1580014554.423,0.75,0.9868,0.63,1.1027,71
1580014554.604,0.75,0.9952,0.63,1.1171,71
1580014554.789,0.76,0.981,0.61,1.1182,71
1580014554.969,0.72,1.0103,0.63,1.1079,71
1580014555.15,0.73,1.0087,0.63,1.094,71
1580014555.332,0.77,0.978,0.66,1.0816,71
1580014555.512,0.78,0.963,0.64,1.0937,71
1580014555.692,0.74,1.0017,0.64,1.0933,71
1580014555.876,0.7,1.0417,0.66,1.0864,71
1580014556.035,0.77,0.9814,0.66,1.083,71
1580014556.221,0.77,0.9826,0.62,1.1013,72
1580014556.401,0.78,0.9642,0.62,1.1132,72
1580014556.581,0.75,0.9891,0.62,1.1087,72
1580014556.765,0.75,0.9919,0.64,1.0928,72
1580014556.948,0.77,0.9702,0.65,1.0797,72
1580014557.128,0.78,0.9683,0.67,1.0717,72
1580014557.309,0.73,1.0067,0.64,1.076,72
1580014557.488,0.75,0.9906,0.62,1.0951,72
1580014557.668,0.77,0.9802,0.61,1.1143,72
1580014557.85,0.75,0.9878,0.6,1.1268,72
1580014558.03,0.75,0.9906,0.6,1.1218,72
1580014558.21,0.75,0.9851,0.66,1.0852,72
1580014558.392,0.78,0.9613,0.64,1.0946,72
1580014558.574,0.71,1.0259,0.62,1.1104,72
1580014558.735,0.74,0.9923,0.65,1.1007,72
1580014558.917,0.72,1.0222,0.64,1.0896,73
1580014559.098,0.74,0.9981,0.62,1.0969,73
1580014559.282,0.77,0.9771,0.61,1.1343,73
1580014559.464,0.73,1.007,0.61,1.1262,73
1580014559.647,0.73,1.0144,0.62,1.115,73
1580014559.833,0.72,1.0205,0.62,1.1109,73
1580014560.015,0.7,1.0375,0.65,1.0789,73
1580014560.197,0.74,0.9968,0.68,1.0547,73
1580014560.379,0.73,1.0145,0.69,1.05,73
1580014560.561,0.73,1.0047,0.7,1.0525,73
1580014560.741,0.73,1.01,0.69,1.0533,73
1580014560.925,0.75,0.9919,0.68,1.0604,73
1580014561.107,0.76,0.9832,0.63,1.0775,73
1580014561.291,0.73,1.0103,0.65,1.0912,73
1580014561.453,0.77,0.9773,0.63,1.0997,73
1580014561.636,0.75,0.9924,0.64,1.1048,74
1580014561.816,0.77,0.9773,0.64,1.0997,74
1580014561.997,0.77,0.9766,0.63,1.1038,74
1580014562.18,0.73,1.0131,0.63,1.096,74
1580014562.366,0.75,0.9912,0.66,1.0815,74
1580014562.552,0.76,0.9862,0.64,1.0861,74
1580014562.732,0.76,0.9871,0.64,1.0885,74
1580014562.916,0.77,0.9771,0.64,1.0956,74
1580014563.095,0.74,1.0001,0.63,1.1017,74
1580014563.278,0.74,1.0014,0.61,1.1158,74
1580014563.458,0.75,0.9882,0.6,1.1102,74
1580014563.638,0.76,0.9767,0.67,1.0676,74
1580014563.823,0.77,0.9763,0.67,1.0485,74
1580014564.004,0.73,1.0187,0.67,1.0586,74
1580014564.164,0.76,0.9791,0.68,1.0611,74
1580014564.35,0.73,1.0061,0.67,1.0626,75
1580014564.53,0.75,0.9847,0.66,1.0704,75
1580014564.712,0.78,0.9704,0.64,1.0945,75
1580014564.9,0.75,0.9926,0.6,1.1289,75
1580014565.079,0.74,0.9996,0.61,1.1273,75
1580014565.26,0.73,1.008,0.65,1.0873,75
1580014565.442,0.75,0.9853,0.67,1.0764,75
1580014565.623,0.77,0.9774,0.66,1.0734,75
1580014565.806,0.74,1.0016,0.67,1.0634,75
1580014565.992,0.76,0.9818,0.68,1.0599,75
1580014566.173,0.77,0.972,0.68,1.0656,75
1580014566.354,0.79,0.9582,0.66,1.0763,75
1580014566.536,0.78,0.9679,0.67,1.0791,75
1580014566.717,0.73,1.007,0.67,1.077,75
1580014566.879,0.79,0.9532,0.65,1.0787,75
1580014567.062,0.76,0.9788,0.65,1.0814,76
1580014567.246,0.78,0.9633,0.66,1.081,76
1580014567.428,0.78,0.9706,0.67,1.0803,76
1580014567.616,0.75,0.9908,0.63,1.0918,76
1580014567.796,0.78,0.9634,0.62,1.1093,76
1580014567.977,0.77,0.9727,0.62,1.1111,76
1580014568.156,0.75,0.9923,0.64,1.0949,76
1580014568.337,0.77,0.9717,0.65,1.0788,76
1580014568.519,0.77,0.977,0.65,1.0757,76
1580014568.706,0.77,0.9711,0.66,1.0723,76
1580014568.886,0.78,0.9605,0.66,1.074,76
1580014569.074,0.8,0.9474,0.63,1.0808,76
1580014569.259,0.79,0.9578,0.67,1.0783,76
1580014569.448,0.74,0.9993,0.67,1.0802,76
1580014569.616,0.79,0.9549,0.67,1.0766,76
1580014569.799,0.77,0.9738,0.66,1.0808,77
1580014569.984,0.79,0.9553,0.65,1.0908,77
1580014570.163,0.78,0.9654,0.66,1.0942,77
1580014570.343,0.76,0.9853,0.64,1.0941,77
1580014570.528,0.78,0.9667,0.62,1.0952,77
1580014570.711,0.78,0.97,0.66,1.0914,77
1580014570.9,0.77,0.9823,0.66,1.0868,77
1580014571.085,0.77,0.9766,0.66,1.0794,77
1580014571.266,0.77,0.9753,0.66,1.079,77
1580014571.446,0.78,0.9672,0.65,1.081,77
1580014571.639,0.78,0.9639,0.64,1.0764,77
1580014571.823,0.79,0.956,0.67,1.0644,77
1580014572.007,0.79,0.9545,0.68,1.0621,77
1580014572.189,0.75,0.99,0.66,1.0668,77
1580014572.351,0.78,0.9605,0.65,1.0709,77
1580014572.532,0.76,0.989,0.65,1.0716,78
1580014572.72,0.79,0.9572,0.66,1.077,78
1580014572.902,0.78,0.9659,0.63,1.0999,78
1580014573.08,0.74,0.999,0.63,1.1033,78
1580014573.265,0.77,0.9757,0.66,1.0825,78
1580014573.445,0.79,0.9563,0.64,1.0995,78
1580014573.625,0.77,0.9788,0.61,1.1127,78
1580014573.807,0.75,0.9942,0.63,1.0965,78
1580014573.994,0.75,0.9952,0.64,1.0858,78
1580014574.185,0.78,0.9613,0.62,1.0967,78
1580014574.367,0.78,0.9679,0.62,1.1026,78
1580014574.548,0.77,0.9742,0.64,1.0917,78
1580014574.728,0.77,0.9705,0.66,1.0845,78
1580014574.914,0.75,0.9931,0.65,1.0936,78
1580014575.075,0.79,0.9506,0.62,1.1091,78
1580014575.266,0.76,0.9897,0.63,1.101,79
1580014575.458,0.75,0.9871,0.66,1.0748,79
1580014575.653,0.78,0.9625,0.63,1.0903,79
1580014575.846,0.76,0.9854,0.64,1.1011,79
1580014576.038,0.75,0.9878,0.64,1.0972,79
1580014576.238,0.77,0.9775,0.63,1.0954,79
1580014576.423,0.76,0.9832,0.62,1.1055,79
1580014576.604,0.76,0.9845,0.62,1.1135,79
1580014576.786,0.7,1.0313,0.64,1.0953,79
1580014576.968,0.73,1.0076,0.65,1.0812,79
1580014577.156,0.78,0.9637,0.65,1.0917,79
1580014577.335,0.77,0.9768,0.65,1.0938,79
1580014577.517,0.72,1.0202,0.64,1.1019,79
1580014577.698,0.69,1.0518,0.63,1.1056,79
1580014577.86,0.74,0.9959,0.63,1.0991,79
1580014578.049,0.77,0.9786,0.62,1.103,80
1580014578.231,0.76,0.9777,0.62,1.11,80
1580014578.41,0.73,1.0035,0.67,1.0831,80
1580014578.59,0.71,1.0298,0.68,1.0627,80
1580014578.771,0.76,0.9845,0.68,1.0612,80
1580014578.952,0.78,0.9645,0.66,1.0793,80
1580014579.14,0.75,0.9963,0.65,1.0896,80
1580014579.329,0.75,0.9916,0.65,1.0919,80
1580014579.51,0.73,1.004,0.66,1.0889,80
1580014579.69,0.75,0.9922,0.66,1.0797,80
1580014579.87,0.79,0.9616,0.69,1.0636,80
1580014580.049,0.77,0.9718,0.68,1.0592,80
1580014580.234,0.77,0.9739,0.67,1.066,80
1580014580.422,0.72,1.0161,0.68,1.0746,80
1580014580.591,0.78,0.9608,0.66,1.0799,80
1580014580.786,0.76,0.9786,0.67,1.0753,81
1580014580.977,0.78,0.9616,0.64,1.088,81
1580014581.167,0.76,0.9847,0.64,1.0936,81
1580014581.355,0.75,0.994,0.65,1.0849,81
1580014581.534,0.77,0.9709,0.66,1.0757,81
1580014581.713,0.8,0.9494,0.68,1.0616,81
1580014581.892,0.76,0.986,0.69,1.0562,81
1580014582.072,0.76,0.9818,0.69,1.0561,81
1580014582.256,0.76,0.9799,0.67,1.0696,81
1580014582.442,0.78,0.9627,0.66,1.0823,81
1580014582.621,0.79,0.9543,0.65,1.0857,81
1580014582.811,0.78,0.96,0.66,1.0732,81
1580014582.994,0.79,0.954,0.65,1.08,81
1580014583.178,0.75,0.9953,0.65,1.0818,81
1580014583.343,0.79,0.9519,0.66,1.0815,81
1580014583.531,0.76,0.9805,0.65,1.0921,82
1580014583.715,0.78,0.9599,0.61,1.1061,82
1580014583.899,0.79,0.9577,0.61,1.118,82
1580014584.081,0.76,0.9885,0.61,1.1197,82
1580014584.263,0.78,0.964,0.59,1.1195,82
1580014584.454,0.76,0.9755,0.64,1.1084,82
1580014584.639,0.76,0.994,0.66,1.0883,82
1580014584.824,0.78,0.9702,0.66,1.0761,82
1580014585.008,0.77,0.978,0.69,1.0557,82
1580014585.189,0.78,0.9603,0.68,1.0567,82
1580014585.373,0.78,0.9645,0.69,1.0595,82
1580014585.556,0.78,0.9609,0.67,1.0746,82
1580014585.737,0.79,0.9514,0.63,1.0881,82
1580014585.919,0.75,0.9912,0.66,1.086,82
1580014586.078,0.8,0.9407,0.66,1.0842,82
1580014586.261,0.77,0.9777,0.65,1.0874,83
1580014586.447,0.78,0.963,0.64,1.0879,83
1580014586.629,0.79,0.9586,0.65,1.0864,83
1580014586.81,0.76,0.978,0.65,1.0918,83
1580014586.99,0.77,0.9682,0.65,1.0926,83
1580014587.17,0.78,0.9716,0.65,1.0965,83
1580014587.348,0.77,0.9743,0.63,1.1067,83
1580014587.528,0.78,0.9667,0.64,1.1017,83
1580014587.711,0.75,0.9935,0.66,1.093,83
1580014587.892,0.76,0.9769,0.62,1.0957,83
1580014588.072,0.8,0.952,0.66,1.078,83
1580014588.256,0.77,0.9751,0.66,1.0729,83
1580014588.438,0.77,0.97,0.68,1.0693,83
1580014588.616,0.76,0.9861,0.65,1.0842,83
1580014588.779,0.8,0.9418,0.65,1.0802,83
1580014588.961,0.76,0.979,0.65,1.0768,84
1580014589.143,0.79,0.9588,0.65,1.08,84
1580014589.325,0.77,0.9704,0.68,1.0731,84
1580014589.51,0.77,0.9779,0.66,1.0796,84
1580014589.691,0.79,0.9598,0.66,1.0786,84
1580014589.872,0.78,0.9592,0.65,1.0869,84
1580014590.051,0.77,0.9726,0.63,1.1036,84
1580014590.233,0.77,0.9739,0.62,1.1083,84
1580014590.415,0.75,0.9906,0.65,1.0879,84
1580014590.596,0.78,0.9619,0.65,1.09,84
1580014590.78,0.79,0.9482,0.64,1.1016,84
1580014590.962,0.78,0.9645,0.63,1.1037,84
1580014591.144,0.77,0.969,0.67,1.0852,84
1580014591.327,0.74,0.996,0.65,1.0946,84
1580014591.489,0.81,0.9408,0.63,1.1006,84
1580014591.671,0.76,0.9822,0.65,1.0903,85
1580014591.856,0.77,0.9726,0.65,1.0932,85
1580014592.035,0.78,0.9675,0.65,1.0812,85
1580014592.216,0.76,0.984,0.65,1.0808,85
1580014592.397,0.77,0.9709,0.66,1.0842,85
1580014592.582,0.76,0.9872,0.67,1.0807,85
1580014592.764,0.74,0.9968,0.65,1.095,85
1580014592.955,0.79,0.9577,0.64,1.0958,85
1580014593.143,0.74,0.9965,0.64,1.0808,85
1580014593.332,0.75,0.9945,0.64,1.0771,85
1580014593.524,0.76,0.9749,0.65,1.0837,85
1580014593.714,0.79,0.9495,0.63,1.088,85
1580014593.902,0.79,0.9525,0.65,1.0928,85
1580014594.083,0.73,1.0173,0.66,1.0881,85
1580014594.245,0.77,0.9722,0.63,1.0975,85
1580014594.429,0.78,0.9641,0.64,1.0961,86
1580014594.611,0.8,0.9466,0.66,1.0865,86
1580014594.8,0.76,0.9813,0.65,1.0993,86
1580014594.985,0.73,1.0128,0.62,1.1132,86
1580014595.167,0.76,0.9773,0.59,1.1298,86
1580014595.349,0.79,0.9574,0.62,1.1184,86
1580014595.528,0.76,0.9836,0.62,1.1067,86
1580014595.709,0.76,0.9852,0.63,1.0973,86
1580014595.89,0.77,0.9779,0.61,1.1001,86
1580014596.071,0.79,0.9573,0.65,1.0944,86
1580014596.258,0.8,0.9459,0.66,1.0862,86
1580014596.44,0.79,0.9538,0.67,1.0739,86
1580014596.619,0.79,0.9547,0.68,1.0658,86
1580014596.799,0.76,0.9828,0.65,1.0744,86
1580014596.959,0.8,0.9452,0.65,1.0784,86
1580014597.145,0.78,0.972,0.64,1.087,87
1580014597.327,0.8,0.9468,0.64,1.0949,87
1580014597.507,0.8,0.9523,0.65,1.0887,87
1580014597.694,0.76,0.9858,0.63,1.0969,87
1580014597.875,0.77,0.9689,0.62,1.1079,87
1580014598.055,0.78,0.9644,0.6,1.1293,87
1580014598.236,0.77,0.9748,0.61,1.1269,87
1580014598.417,0.79,0.9567,0.64,1.1064,87
1580014598.597,0.77,0.9728,0.65,1.0951,87
1580014598.782,0.78,0.9642,0.64,1.0956,87
1580014598.963,0.8,0.9424,0.63,1.0925,87
1580014599.145,0.8,0.9432,0.64,1.089,87
1580014599.325,0.79,0.954,0.66,1.0849,87
1580014599.506,0.76,0.9876,0.64,1.0794,87
1580014599.667,0.81,0.9316,0.66,1.0871,87
1580014599.849,0.79,0.961,0.63,1.0989,88
1580014600.031,0.79,0.9605,0.64,1.0987,88
1580014600.213,0.79,0.9544,0.64,1.092,88
1580014600.396,0.78,0.9701,0.65,1.0939,88
1580014600.577,0.79,0.9492,0.62,1.1073,88
1580014600.768,0.79,0.9573,0.62,1.1205,88
1580014600.952,0.76,0.9856,0.62,1.125,88
1580014601.132,0.78,0.9598,0.63,1.1179,88
1580014601.311,0.78,0.961,0.63,1.1028,88
1580014601.492,0.78,0.967,0.66,1.086,88
1580014601.674,0.79,0.9548,0.63,1.0879,88
1580014601.855,0.8,0.9493,0.66,1.0845,88
1580014602.037,0.8,0.9449,0.65,1.098,88
1580014602.223,0.74,1.0027,0.63,1.109,88
1580014602.381,0.79,0.9463,0.62,1.1186,88
1580014602.57,0.77,0.9714,0.58,1.1305,89
1580014602.75,0.8,0.9475,0.6,1.1125,89
1580014602.93,0.79,0.9545,0.63,1.0969,89
1580014603.108,0.76,0.9818,0.66,1.0875,89
1580014603.293,0.79,0.9532,0.65,1.0891,89
1580014603.476,0.8,0.9499,0.64,1.0934,89
1580014603.742,0.77,0.9767,0.63,1.1031,89
1580014603.926,0.78,0.9606,0.63,1.1143,89
1580014604.105,0.77,0.9692,0.65,1.1075,89
1580014604.285,0.76,0.9801,0.66,1.0821,89
1580014604.467,0.8,0.9431,0.66,1.0724,89
1580014604.649,0.79,0.9529,0.7,1.049,89
1580014604.831,0.79,0.9563,0.68,1.0585,89
1580014605.012,0.74,1.0037,0.67,1.06,89
1580014605.174,0.79,0.952,0.67,1.0653,89
1580014605.357,0.77,0.9724,0.63,1.0959,90
1580014605.539,0.8,0.9426,0.57,1.1518,90
1580014605.721,0.77,0.9702,0.59,1.1407,90
1580014605.908,0.76,0.9898,0.61,1.1205,90
1580014606.088,0.8,0.9467,0.65,1.0868,90
1580014606.27,0.81,0.9386,0.65,1.0835,90
1580014606.451,0.77,0.974,0.64,1.0825,90
1580014606.631,0.77,0.9721,0.66,1.08,90
1580014606.815,0.78,0.9588,0.64,1.1001,90
1580014606.995,0.78,0.9656,0.62,1.1196,90
1580014607.177,0.79,0.9573,0.63,1.0955,90
1580014607.359,0.78,0.9584,0.68,1.0636,90
1580014607.539,0.8,0.9424,0.68,1.0563,90
1580014607.723,0.76,0.9865,0.67,1.0679,90
1580014607.885,0.78,0.9631,0.65,1.0751,90
1580014608.069,0.75,0.9946,0.68,1.0637,91
1580014608.25,0.79,0.9536,0.65,1.092,91
1580014608.43,0.79,0.9485,0.56,1.1607,91
1580014608.611,0.76,0.9885,0.54,1.1779,91
1580014608.797,0.75,0.9905,0.58,1.1531,91
1580014608.984,0.78,0.9685,0.67,1.0808,91
1580014609.164,0.78,0.9659,0.67,1.067,91
1580014609.347,0.78,0.9646,0.68,1.0669,91
1580014609.528,0.74,0.9983,0.68,1.0669,91
1580014609.709,0.77,0.9731,0.67,1.0697,91
1580014609.893,0.8,0.9448,0.67,1.0746,91
1580014610.073,0.81,0.9393,0.67,1.0839,91
1580014610.256,0.78,0.9704,0.68,1.0698,91
1580014610.438,0.76,0.9913,0.67,1.07,91
1580014610.598,0.81,0.9373,0.67,1.0778,91
1580014610.783,0.78,0.9653,0.65,1.0837,92
1580014610.971,0.78,0.9611,0.65,1.0816,92
1580014611.15,0.75,0.9849,0.66,1.0763,92
1580014611.333,0.76,0.9793,0.65,1.0873,92
1580014611.513,0.81,0.9385,0.61,1.118,92
1580014611.694,0.79,0.954,0.61,1.1289,92
1580014611.875,0.75,0.9933,0.62,1.117,92
1580014612.062,0.78,0.963,0.64,1.0983,92
1580014612.242,0.79,0.9553,0.66,1.0871,92
1580014612.425,0.79,0.9559,0.64,1.0873,92
1580014612.605,0.8,0.95,0.65,1.0845,92
1580014612.786,0.81,0.9402,0.64,1.091,92
1580014612.967,0.8,0.9482,0.63,1.0982,92
1580014613.145,0.76,0.9837,0.63,1.1054,92
1580014613.318,0.82,0.929,0.61,1.1093,92
1580014613.499,0.79,0.9616,0.63,1.1056,93
1580014613.68,0.8,0.9434,0.64,1.0904,93
1580014613.863,0.79,0.9561,0.64,1.0886,93
1580014614.047,0.77,0.9782,0.64,1.0961,93
1580014614.228,0.81,0.941,0.64,1.0976,93
1580014614.409,0.8,0.9442,0.62,1.0973,93
1580014614.589,0.77,0.9682,0.64,1.0953,93
1580014614.77,0.79,0.9537,0.63,1.0921,93
1580014614.949,0.78,0.9599,0.65,1.0937,93
1580014615.134,0.78,0.9605,0.64,1.095,93
1580014615.312,0.8,0.942,0.63,1.1035,93
1580014615.492,0.8,0.9471,0.64,1.0917,93
1580014615.67,0.8,0.9433,0.65,1.0867,93
1580014615.853,0.77,0.9728,0.65,1.0875,93
1580014616.015,0.82,0.9265,0.64,1.0836,93
1580014616.201,0.78,0.9641,0.64,1.0864,94
1580014616.384,0.79,0.9484,0.63,1.0901,94
1580014616.563,0.8,0.946,0.62,1.1129,94
1580014616.743,0.75,0.9848,0.61,1.1207,94
1580014616.924,0.78,0.9638,0.63,1.1112,94
1580014617.104,0.8,0.946,0.64,1.0865,94
1580014617.287,0.78,0.9682,0.65,1.0801,94
1580014617.465,0.79,0.9561,0.66,1.073,94
1580014617.643,0.78,0.9727,0.66,1.0754,94
1580014617.824,0.78,0.9668,0.65,1.0869,94
1580014618.001,0.8,0.9469,0.66,1.0838,94
1580014618.185,0.8,0.948,0.66,1.0852,94
1580014618.365,0.78,0.9593,0.66,1.0756,94
1580014618.544,0.76,0.978,0.64,1.0801,94
1580014618.707,0.81,0.9305,0.64,1.0855,94
1580014618.89,0.78,0.9645,0.68,1.0695,95
1580014619.074,0.78,0.957,0.68,1.0646,95
1580014619.254,0.78,0.9659,0.67,1.0676,95
1580014619.437,0.76,0.9802,0.66,1.09,95
1580014619.623,0.79,0.9541,0.64,1.1044,95
1580014619.808,0.78,0.968,0.62,1.1123,95
1580014619.991,0.75,0.9924,0.64,1.0994,95
1580014620.175,0.79,0.9578,0.65,1.0849,95
1580014620.358,0.79,0.9504,0.66,1.0776,95
1580014620.543,0.78,0.9602,0.66,1.0748,95
1580014620.727,0.79,0.9527,0.66,1.0788,95
1580014620.914,0.79,0.9467,0.64,1.0863,95
1580014621.098,0.8,0.9418,0.63,1.1005,95
1580014621.283,0.77,0.9774,0.6,1.122,95
1580014621.448,0.82,0.9247,0.6,1.1309,95
1580014621.63,0.78,0.9659,0.59,1.1395,96
1580014621.81,0.81,0.939,0.6,1.128,96
1580014621.99,0.8,0.9468,0.61,1.1104,96
1580014622.171,0.77,0.9724,0.64,1.099,96
1580014622.357,0.79,0.9497,0.64,1.0973,96
1580014622.54,0.79,0.9531,0.62,1.1036,96
1580014622.72,0.78,0.9616,0.64,1.1032,96
1580014622.9,0.79,0.9556,0.66,1.085,96
1580014623.081,0.78,0.961,0.66,1.0812,96
1580014623.267,0.78,0.9621,0.65,1.0871,96
1580014623.454,0.81,0.9383,0.68,1.056,96
1580014623.633,0.8,0.9433,0.7,1.049,96
1580014623.814,0.8,0.9427,0.68,1.0541,96
1580014623.994,0.75,0.9899,0.67,1.0747,96
1580014624.155,0.81,0.9323,0.62,1.1028,96
1580014624.348,0.78,0.9635,0.62,1.11,97
1580014624.527,0.81,0.9353,0.61,1.1167,97
1580014624.708,0.8,0.9429,0.61,1.1214,97
1580014624.891,0.78,0.9653,0.64,1.1136,97
1580014625.074,0.8,0.9412,0.63,1.1086,97
1580014625.254,0.8,0.9475,0.62,1.1044,97
1580014625.436,0.78,0.966,0.62,1.1089,97
1580014625.617,0.8,0.943,0.65,1.094,97
1580014625.8,0.79,0.9559,0.66,1.085,97
1580014625.98,0.78,0.9688,0.64,1.088,97
1580014626.163,0.81,0.9376,0.65,1.076,97
1580014626.349,0.81,0.9357,0.68,1.059,97
1580014626.536,0.79,0.9574,0.69,1.0535,97
1580014626.715,0.76,0.9848,0.69,1.0544,97
1580014626.88,0.82,0.927,0.65,1.084,97
1580014627.062,0.8,0.9485,0.63,1.0982,98
1580014627.247,0.79,0.9517,0.62,1.1063,98
1580014627.427,0.8,0.9529,0.64,1.1078,98
1580014627.615,0.78,0.9638,0.66,1.0863,98
1580014627.796,0.79,0.9484,0.64,1.0957,98
1580014627.976,0.77,0.9736,0.62,1.1184,98
1580014628.155,0.77,0.9745,0.6,1.1342,98
1580014628.335,0.8,0.9436,0.6,1.1226,98
1580014628.517,0.78,0.9592,0.61,1.1173,98
1580014628.703,0.75,0.9917,0.64,1.1022,98
1580014628.886,0.8,0.9509,0.61,1.1095,98
1580014629.065,0.81,0.931,0.65,1.0835,98
1580014629.249,0.8,0.9509,0.68,1.0678,98
1580014629.448,0.74,1.0059,0.68,1.0602,98
1580014629.614,0.8,0.9506,0.67,1.0681,98
1580014629.796,0.78,0.9646,0.65,1.0945,99
1580014629.977,0.81,0.9377,0.65,1.0881,99
1580014630.158,0.76,0.9782,0.64,1.0942,99
1580014630.345,0.74,0.9963,0.62,1.109,99
1580014630.525,0.8,0.9461,0.62,1.1097,99
1580014630.705,0.81,0.9358,0.62,1.1058,99
1580014630.893,0.76,0.9825,0.64,1.0979,99
1580014631.074,0.74,0.9984,0.63,1.1075,99
1580014631.254,0.76,0.9891,0.63,1.1036,99
1580014631.442,0.79,0.9572,0.66,1.0796,99
1580014631.63,0.8,0.9429,0.66,1.0747,99
1580014631.808,0.75,0.9894,0.69,1.0576,99
1580014631.989,0.76,0.9809,0.67,1.0632,99
1580014632.17,0.74,1.0041,0.65,1.0833,99
1580014632.331,0.8,0.9398,0.66,1.0806,99
1580014632.523,0.78,0.9657,0.65,1.0868,100
1580014632.702,0.76,0.9815,0.61,1.1107,100
1580014632.882,0.78,0.9636,0.59,1.1317,100
1580014633.061,0.77,0.9727,0.6,1.1323,100
1580014633.244,0.78,0.9596,0.59,1.1342,100
1580014633.426,0.77,0.9735,0.61,1.118,100
1580014633.622,0.77,0.9774,0.63,1.1019,100
1580014633.804,0.79,0.9543,0.65,1.0986,100
1580014633.984,0.78,0.9605,0.65,1.1007,100
1580014634.169,0.8,0.949,0.64,1.1014,100
1580014634.354,0.8,0.9428,0.64,1.0975,100
1580014634.541,0.81,0.9358,0.67,1.079,100
1580014634.725,0.79,0.9464,0.67,1.0758,100
1580014634.909,0.75,0.9891,0.66,1.0808,100
1580014635.072,0.81,0.9337,0.64,1.0865,100
1580014635.263,0.78,0.9634,0.67,1.0747,101
1580014635.459,0.8,0.9485,0.67,1.0681,101
1580014635.651,0.79,0.9556,0.66,1.0879,101
1580014635.844,0.78,0.9662,0.61,1.1204,101
1580014636.036,0.81,0.9325,0.59,1.14,101
1580014636.229,0.8,0.9472,0.61,1.1299,101
1580014636.414,0.77,0.9741,0.64,1.1139,101
1580014636.604,0.79,0.9488,0.63,1.1018,101
1580014636.787,0.81,0.9411,0.64,1.1,101
1580014636.966,0.81,0.935,0.64,1.0888,101
1580014637.145,0.81,0.9352,0.65,1.0862,101
1580014637.33,0.81,0.9346,0.64,1.0976,101
1580014637.511,0.81,0.9278,0.64,1.0992,101
1580014637.696,0.78,0.9625,0.64,1.0975,101
1580014637.859,0.83,0.9195,0.63,1.0957,101
1580014638.04,0.8,0.9464,0.64,1.0939,102
1580014638.218,0.81,0.9301,0.63,1.0937,102
1580014638.403,0.81,0.9356,0.63,1.1039,102
1580014638.583,0.78,0.9616,0.63,1.1068,102
1580014638.765,0.82,0.9254,0.63,1.1077,102
1580014638.946,0.82,0.927,0.63,1.1093,102
1580014639.126,0.79,0.9612,0.64,1.1052,102
1580014639.308,0.8,0.946,0.64,1.1046,102
1580014639.493,0.79,0.9497,0.62,1.1096,102
1580014639.679,0.8,0.9447,0.63,1.1027,102
1580014639.859,0.82,0.9252,0.63,1.0963,102
1580014640.039,0.82,0.9307,0.66,1.0831,102
1580014640.221,0.8,0.9396,0.66,1.0766,102
1580014640.41,0.77,0.9744,0.67,1.0682,102
1580014640.579,0.83,0.9184,0.66,1.0853,102
1580014640.773,0.8,0.9475,0.64,1.0981,103
1580014640.962,0.8,0.9425,0.62,1.1155,103
1580014641.153,0.79,0.9501,0.62,1.1168,103
1580014641.335,0.78,0.9664,0.62,1.1137,103
1580014641.515,0.81,0.9259,0.63,1.1159,103
1580014641.702,0.81,0.9367,0.63,1.1151,103
1580014641.885,0.79,0.9562,0.62,1.1246,103
1580014642.065,0.8,0.9437,0.6,1.1247,103
1580014642.253,0.81,0.9316,0.61,1.1246,103
1580014642.432,0.81,0.9351,0.61,1.1211,103
1580014642.616,0.82,0.9246,0.61,1.1144,103
1580014642.796,0.82,0.9285,0.63,1.1061,103
1580014642.983,0.82,0.9224,0.64,1.0955,103
1580014643.162,0.79,0.9572,0.65,1.0855,103
1580014643.322,0.83,0.9135,0.69,1.0682,103
1580014643.503,0.8,0.9446,0.69,1.0633,104
1580014643.688,0.82,0.9261,0.68,1.0673,104
1580014643.869,0.81,0.9327,0.65,1.0899,104
1580014644.049,0.79,0.9546,0.63,1.1118,104
1580014644.231,0.82,0.9201,0.6,1.1186,104
1580014644.412,0.82,0.9296,0.61,1.1206,104
1580014644.593,0.78,0.9633,0.61,1.1245,104
1580014644.78,0.8,0.9393,0.62,1.117,104
1580014644.959,0.81,0.9309,0.62,1.1182,104
1580014645.142,0.82,0.9271,0.62,1.1231,104
1580014645.323,0.82,0.9218,0.6,1.1281,104
1580014645.514,0.82,0.9277,0.6,1.1239,104
1580014645.698,0.81,0.9356,0.64,1.1068,104
1580014645.878,0.79,0.961,0.67,1.0837,104
1580014646.036,0.84,0.9093,0.67,1.0712,104
1580014646.217,0.8,0.9469,0.68,1.0643,105
1580014646.396,0.82,0.9294,0.67,1.0741,105
1580014646.576,0.82,0.9293,0.62,1.0992,105
1580014646.758,0.79,0.9538,0.63,1.1005,105
1580014646.94,0.83,0.9193,0.63,1.0989,105
1580014647.119,0.82,0.9264,0.64,1.0985,105
1580014647.301,0.79,0.959,0.63,1.1053,105
1580014647.481,0.81,0.9322,0.62,1.1064,105
1580014647.661,0.81,0.9333,0.64,1.1009,105
1580014647.847,0.81,0.9355,0.63,1.1037,105
1580014648.028,0.83,0.9201,0.66,1.0979,105
1580014648.208,0.82,0.9221,0.65,1.0987,105
1580014648.391,0.81,0.9321,0.65,1.0939,105
1580014648.576,0.77,0.9686,0.64,1.0879,105
1580014648.737,0.83,0.9171,0.65,1.0856,105
1580014648.919,0.79,0.9524,0.66,1.0798,106
1580014649.1,0.8,0.9401,0.65,1.0805,106
1580014649.28,0.8,0.9428,0.63,1.1022,106
1580014649.46,0.79,0.9526,0.63,1.1151,106
1580014649.639,0.81,0.9277,0.62,1.1148,106
1580014649.82,0.81,0.9342,0.62,1.1093,106
1580014650.002,0.78,0.9593,0.64,1.1022,106
1580014650.185,0.81,0.9338,0.63,1.1042,106
1580014650.366,0.82,0.9277,0.63,1.1028,106
1580014650.547,0.81,0.9316,0.64,1.0989,106
1580014650.727,0.82,0.9261,0.64,1.1055,106
1580014650.912,0.82,0.9248,0.62,1.113,106
1580014651.096,0.82,0.9236,0.62,1.1129,106
1580014651.277,0.78,0.9615,0.62,1.1089,106
1580014651.439,0.83,0.9178,0.64,1.1003,106
1580014651.622,0.78,0.9634,0.64,1.0968,107
1580014651.803,0.82,0.9243,0.65,1.0776,107
1580014651.986,0.8,0.9406,0.66,1.08,107
1580014652.168,0.78,0.968,0.62,1.1095,107
1580014652.353,0.81,0.9322,0.63,1.1251,107
1580014652.532,0.81,0.9307,0.62,1.1198,107
1580014652.714,0.77,0.9722,0.64,1.1096,107
1580014652.896,0.78,0.9606,0.62,1.114,107
1580014653.085,0.81,0.9352,0.67,1.076,107
1580014653.272,0.81,0.9343,0.66,1.0713,107
1580014653.461,0.81,0.9392,0.68,1.0632,107
1580014653.648,0.81,0.9393,0.66,1.0717,107
1580014653.839,0.81,0.9331,0.66,1.0841,107
1580014654.022,0.78,0.9675,0.66,1.0863,107
1580014654.183,0.83,0.9189,0.64,1.0934,107
1580014654.365,0.79,0.955,0.65,1.0922,108
1580014654.543,0.81,0.9297,0.66,1.0848,108
1580014654.723,0.81,0.938,0.66,1.0748,108
1580014654.913,0.77,0.9718,0.64,1.0844,108
1580014655.092,0.8,0.943,0.63,1.1112,108
1580014655.273,0.81,0.9343,0.63,1.1154,108
1580014655.453,0.78,0.9619,0.61,1.125,108
1580014655.633,0.78,0.9622,0.6,1.1348,108
1580014655.813,0.78,0.9626,0.62,1.1166,108
1580014655.993,0.77,0.97,0.63,1.1025,108
1580014656.176,0.81,0.9348,0.68,1.0607,108
1580014656.359,0.82,0.9296,0.68,1.0631,108
1580014656.544,0.8,0.9416,0.69,1.0619,108
1580014656.728,0.75,0.9897,0.67,1.0722,108
1580014656.891,0.81,0.9325,0.68,1.0748,108
1580014657.083,0.8,0.9437,0.63,1.1056,109
1580014657.27,0.8,0.9435,0.63,1.1074,109
1580014657.453,0.78,0.9621,0.64,1.1009,109
1580014657.641,0.77,0.9743,0.65,1.1004,109
1580014657.825,0.82,0.9286,0.65,1.0942,109
1580014658.007,0.82,0.9305,0.66,1.0946,109
1580014658.19,0.77,0.9767,0.63,1.1037,109
1580014658.374,0.79,0.9587,0.63,1.102,109
1580014658.558,0.79,0.9498,0.64,1.104,109
1580014658.745,0.79,0.9555,0.63,1.0975,109
1580014658.928,0.79,0.9512,0.65,1.0881,109
1580014659.115,0.79,0.9536,0.66,1.0828,109
1580014659.299,0.8,0.9412,0.67,1.0707,109
1580014659.482,0.78,0.9618,0.64,1.089,109
1580014659.644,0.81,0.9299,0.64,1.0966,109
1580014659.827,0.76,0.982,0.63,1.1064,110
1580014660.011,0.79,0.9549,0.64,1.0951,110
1580014660.191,0.8,0.9436,0.64,1.0954,110
1580014660.373,0.78,0.9637,0.64,1.0993,110
1580014660.554,0.78,0.9572,0.64,1.103,110
1580014660.737,0.79,0.9478,0.64,1.1011,110
1580014660.926,0.79,0.9543,0.64,1.1024,110
1580014661.107,0.8,0.9434,0.64,1.1006,110
1580014661.286,0.78,0.9621,0.64,1.0942,110
1580014661.467,0.78,0.9644,0.65,1.0878,110
1580014661.653,0.82,0.9293,0.65,1.0926,110
1580014661.834,0.81,0.9356,0.63,1.1015,110
1580014662.014,0.78,0.956,0.62,1.1088,110
1580014662.2,0.77,0.9764,0.64,1.1021,110
1580014662.359,0.83,0.9135,0.63,1.0963,110
1580014662.549,0.8,0.9458,0.64,1.1026,111
1580014662.732,0.79,0.9488,0.65,1.0983,111
1580014662.914,0.8,0.9401,0.65,1.0883,111
1580014663.096,0.76,0.9764,0.65,1.0927,111
1580014663.275,0.81,0.9379,0.64,1.1004,111
1580014663.455,0.8,0.9502,0.63,1.1003,111
1580014663.635,0.77,0.9753,0.62,1.104,111
1580014663.817,0.8,0.942,0.64,1.0985,111
1580014664.002,0.81,0.9361,0.64,1.0931,111
1580014664.191,0.8,0.9429,0.64,1.0887,111
1580014664.372,0.82,0.9274,0.65,1.0815,111
1580014664.552,0.81,0.9298,0.66,1.0795,111
1580014664.732,0.81,0.928,0.66,1.0828,111
1580014664.912,0.77,0.9714,0.65,1.0833,111
1580014665.076,0.82,0.9207,0.65,1.0803,111
1580014665.265,0.8,0.9427,0.66,1.0838,112
1580014665.448,0.81,0.9304,0.64,1.096,112
1580014665.631,0.81,0.9328,0.64,1.1014,112
1580014665.813,0.78,0.9639,0.63,1.1068,112
1580014665.994,0.82,0.9258,0.64,1.1016,112
1580014666.176,0.81,0.9341,0.63,1.0983,112
1580014666.36,0.79,0.9549,0.66,1.0855,112
1580014666.541,0.8,0.9385,0.66,1.0846,112
1580014666.723,0.82,0.9305,0.66,1.0827,112
1580014666.904,0.81,0.934,0.67,1.073,112
1580014667.083,0.82,0.9262,0.69,1.054,112
1580014667.27,0.82,0.9209,0.68,1.0513,112
1580014667.449,0.82,0.921,0.67,1.0571,112
1580014667.63,0.78,0.9611,0.67,1.065,112
1580014667.798,0.83,0.9186,0.67,1.0712,112
1580014667.979,0.79,0.951,0.66,1.0771,113
1580014668.161,0.81,0.9314,0.65,1.0866,113
1580014668.344,0.81,0.9313,0.65,1.0927,113
1580014668.523,0.78,0.9581,0.63,1.1094,113
1580014668.711,0.8,0.9392,0.64,1.1057,113
1580014668.892,0.81,0.935,0.64,1.1002,113
1580014669.073,0.79,0.9578,0.63,1.1016,113
1580014669.256,0.81,0.9308,0.64,1.1007,113
1580014669.434,0.82,0.9292,0.65,1.0943,113
1580014669.615,0.8,0.9445,0.64,1.0881,113
1580014669.796,0.82,0.9264,0.66,1.0792,113
1580014669.977,0.82,0.925,0.67,1.0656,113
1580014670.157,0.81,0.9261,0.7,1.0384,113
1580014670.345,0.79,0.9589,0.72,1.029,113
1580014670.506,0.82,0.9196,0.71,1.0374,113
1580014670.687,0.8,0.9462,0.69,1.0573,114
1580014670.869,0.82,0.9261,0.65,1.0833,114
1580014671.051,0.81,0.9302,0.65,1.094,114
1580014671.231,0.79,0.9562,0.64,1.1053,114
1580014671.416,0.81,0.9287,0.62,1.1175,114
1580014671.598,0.81,0.935,0.61,1.1269,114
1580014671.778,0.78,0.9657,0.61,1.1258,114
1580014671.962,0.81,0.9413,0.62,1.1096,114
1580014672.144,0.82,0.9262,0.63,1.1015,114
1580014672.324,0.82,0.9265,0.62,1.1026,114
1580014672.507,0.82,0.9207,0.65,1.0935,114
1580014672.69,0.82,0.927,0.65,1.0871,114
1580014672.874,0.82,0.9245,0.64,1.0904,114
1580014673.055,0.78,0.9599,0.65,1.0855,114
1580014673.218,0.84,0.9078,0.66,1.0783,114
1580014673.407,0.8,0.9414,0.65,1.0797,115
1580014673.589,0.81,0.9366,0.65,1.0876,115
1580014673.77,0.81,0.9312,0.65,1.1001,115
1580014673.951,0.79,0.9533,0.61,1.1232,115
1580014674.131,0.83,0.918,0.61,1.1263,115
1580014674.312,0.82,0.9247,0.61,1.1309,115
1580014674.492,0.8,0.9488,0.61,1.1325,115
1580014674.674,0.81,0.9329,0.6,1.1318,115
1580014674.855,0.82,0.9302,0.63,1.1102,115
1580014675.036,0.82,0.9255,0.65,1.094,115
1580014675.219,0.83,0.9146,0.64,1.093,115
1580014675.404,0.82,0.9199,0.65,1.087,115
1580014675.586,0.81,0.9313,0.66,1.0797,115
1580014675.77,0.78,0.9617,0.66,1.0791,115
1580014675.932,0.84,0.9034,0.66,1.0763,115
1580014676.114,0.8,0.9402,0.65,1.0847,116
1580014676.296,0.82,0.9234,0.64,1.0981,116
1580014676.486,0.82,0.9257,0.63,1.1,116
1580014676.668,0.79,0.947,0.63,1.1067,116
1580014676.849,0.83,0.9153,0.63,1.1084,116
1580014677.028,0.82,0.9217,0.63,1.112,116
1580014677.207,0.8,0.9447,0.63,1.114,116
1580014677.388,0.82,0.9281,0.61,1.1169,116
1580014677.573,0.82,0.9241,0.62,1.1169,116
1580014677.755,0.81,0.9337,0.63,1.1084,116
1580014677.936,0.83,0.913,0.64,1.1039,116
1580014678.118,0.82,0.9222,0.64,1.1003,116
1580014678.299,0.82,0.9187,0.66,1.0791,116
1580014678.482,0.78,0.9618,0.67,1.0735,116
1580014678.644,0.83,0.9142,0.67,1.0746,116
1580014678.828,0.79,0.9487,0.66,1.0783,117
1580014679.011,0.81,0.933,0.64,1.0999,117
1580014679.193,0.82,0.9242,0.63,1.1166,117
1580014679.375,0.79,0.947,0.61,1.1295,117
1580014679.562,0.82,0.9242,0.61,1.1296,117
1580014679.742,0.82,0.9186,0.63,1.1087,117
1580014679.922,0.8,0.9425,0.65,1.0867,117
1580014680.103,0.82,0.9276,0.66,1.0792,117
1580014680.284,0.81,0.9314,0.67,1.0786,117
1580014680.467,0.82,0.9265,0.66,1.0798,117
1580014680.649,0.84,0.9097,0.66,1.0834,117
1580014680.831,0.83,0.9196,0.66,1.0817,117
1580014681.013,0.82,0.9191,0.66,1.0787,117
1580014681.195,0.79,0.9505,0.67,1.0695,117
1580014681.358,0.84,0.9069,0.67,1.0679,117
1580014681.541,0.8,0.9467,0.67,1.0697,118
1580014681.723,0.8,0.9427,0.67,1.071,118
1580014681.904,0.8,0.942,0.65,1.0891,118
1580014682.086,0.79,0.9543,0.61,1.1287,118
1580014682.27,0.82,0.9194,0.61,1.1272,118
1580014682.457,0.81,0.934,0.61,1.1204,118
1580014682.643,0.78,0.9713,0.6,1.1208,118
1580014682.823,0.81,0.9334,0.65,1.0906,118
1580014683.003,0.82,0.9301,0.66,1.0789,118
1580014683.182,0.82,0.9288,0.64,1.091,118
1580014683.364,0.82,0.9196,0.64,1.0959,118
1580014683.545,0.83,0.9182,0.63,1.0999,118
1580014683.727,0.82,0.9224,0.63,1.1005,118
1580014683.91,0.78,0.9592,0.65,1.0884,118
1580014684.073,0.84,0.9032,0.67,1.0777,118
1580014684.256,0.81,0.9349,0.66,1.0718,119
1580014684.437,0.81,0.9327,0.67,1.0677,119
1580014684.618,0.81,0.9395,0.66,1.0833,119
1580014684.805,0.78,0.96,0.63,1.1151,119
1580014684.986,0.83,0.9182,0.64,1.1081,119
1580014685.167,0.83,0.9184,0.63,1.1112,119
1580014685.35,0.78,0.961,0.61,1.1126,119
1580014685.531,0.79,0.9522,0.63,1.1096,119
1580014685.719,0.79,0.9472,0.64,1.1057,119
1580014685.902,0.82,0.9231,0.67,1.0771,119
1580014686.081,0.81,0.9357,0.65,1.0874,119
1580014686.261,0.81,0.9319,0.63,1.1004,119
1580014686.443,0.82,0.9275,0.62,1.1041,119
1580014686.626,0.78,0.9658,0.66,1.089,119
1580014686.788,0.83,0.9087,0.65,1.0943,119
1580014686.97,0.81,0.9345,0.61,1.116,120
1580014687.152,0.81,0.9328,0.64,1.1011,120
1580014687.332,0.81,0.9357,0.65,1.0857,120
1580014687.515,0.79,0.9595,0.64,1.0979,120
1580014687.698,0.82,0.9263,0.63,1.1026,120
1580014687.88,0.81,0.9297,0.64,1.1011,120
1580014688.063,0.8,0.9496,0.64,1.1028,120
1580014688.245,0.81,0.9404,0.64,1.1026,120
1580014688.427,0.8,0.9398,0.64,1.1051,120
1580014688.61,0.82,0.9333,0.65,1.0866,120
1580014688.798,0.81,0.9353,0.67,1.0631,120
1580014688.978,0.81,0.9319,0.68,1.0562,120
1580014689.163,0.81,0.9326,0.67,1.0622,120
1580014689.351,0.77,0.9766,0.65,1.0824,120
1580014689.518,0.81,0.9372,0.63,1.0976,120
1580014689.706,0.78,0.9601,0.64,1.0956,121
1580014689.89,0.82,0.9248,0.65,1.1006,121
1580014690.074,0.82,0.9264,0.65,1.0966,121
1580014690.255,0.8,0.9513,0.62,1.1122,121
1580014690.437,0.79,0.9498,0.62,1.1148,121
1580014690.62,0.81,0.9373,0.64,1.1044,121
1580014690.807,0.8,0.9478,0.64,1.1016,121
1580014690.993,0.81,0.9303,0.62,1.1075,121
1580014691.174,0.8,0.9434,0.63,1.0967,121
1580014691.354,0.79,0.9559,0.65,1.0889,121
1580014691.533,0.82,0.9259,0.64,1.0911,121
1580014691.717,0.83,0.9176,0.67,1.0688,121
1580014691.897,0.81,0.9341,0.67,1.0689,121
1580014692.078,0.77,0.9773,0.67,1.0705,121
1580014692.24,0.83,0.9142,0.66,1.079,121
1580014692.423,0.81,0.9353,0.65,1.0839,122
1580014692.603,0.8,0.943,0.66,1.0825,122
1580014692.791,0.77,0.9738,0.62,1.1082,122
1580014692.975,0.78,0.9644,0.62,1.1122,122
1580014693.158,0.83,0.9108,0.62,1.1187,122
1580014693.342,0.81,0.9322,0.63,1.1225,122
1580014693.526,0.77,0.9791,0.6,1.1326,122
1580014693.711,0.79,0.9573,0.63,1.1131,122
1580014693.904,0.81,0.9327,0.64,1.0993,122
1580014694.088,0.81,0.9307,0.65,1.0884,122
1580014694.272,0.81,0.9386,0.66,1.079,122
1580014694.457,0.8,0.9441,0.65,1.0845,122
1580014694.641,0.81,0.9344,0.65,1.0882,122
1580014694.823,0.77,0.9678,0.66,1.0787,122
1580014694.982,0.83,0.9123,0.66,1.0811,122
1580014695.163,0.8,0.9444,0.66,1.0895,123
1580014695.351,0.82,0.9277,0.63,1.1072,123
1580014695.539,0.82,0.9263,0.6,1.1317,123
1580014695.73,0.79,0.9487,0.61,1.1216,123
1580014695.934,0.82,0.9228,0.61,1.1221,123
1580014696.137,0.82,0.9212,0.62,1.1204,123
1580014696.325,0.79,0.9517,0.63,1.1142,123
1580014696.506,0.81,0.9356,0.63,1.1075,123
1580014696.69,0.82,0.9267,0.64,1.1004,123
1580014696.872,0.82,0.9276,0.66,1.0772,123
1580014697.056,0.83,0.915,0.66,1.072,123
1580014697.239,0.83,0.9212,0.66,1.0753,123
1580014697.424,0.81,0.9316,0.68,1.0652,123
1580014697.612,0.79,0.9533,0.69,1.0626,123
1580014697.784,0.84,0.9107,0.68,1.0644,123
1580014697.979,0.79,0.9487,0.68,1.0658,124
1580014698.161,0.81,0.9316,0.67,1.0716,124
1580014698.342,0.82,0.9224,0.62,1.1106,124
1580014698.522,0.8,0.9454,0.59,1.1425,124
1580014698.707,0.83,0.9165,0.61,1.128,124
1580014698.895,0.82,0.9289,0.61,1.1197,124
1580014699.074,0.79,0.9543,0.64,1.1062,124
1580014699.255,0.81,0.9333,0.63,1.107,124
1580014699.435,0.81,0.9329,0.64,1.0963,124
1580014699.616,0.82,0.9272,0.65,1.0868,124
1580014699.801,0.83,0.9109,0.66,1.082,124
1580014699.987,0.82,0.9225,0.67,1.0755,124
1580014700.172,0.82,0.9224,0.68,1.0688,124
1580014700.365,0.79,0.9557,0.68,1.0626,124
1580014700.537,0.84,0.9017,0.7,1.0504,124
1580014700.732,0.8,0.9419,0.7,1.0481,125
1580014700.929,0.8,0.937,0.69,1.054,125
1580014701.119,0.81,0.9304,0.68,1.0679,125
1580014701.309,0.8,0.9484,0.65,1.0885,125
1580014701.49,0.84,0.9089,0.59,1.1309,125
1580014701.669,0.82,0.9231,0.6,1.1381,125
1580014701.854,0.79,0.9525,0.64,1.1208,125
1580014702.044,0.81,0.9371,0.61,1.1258,125
1580014702.226,0.81,0.9345,0.63,1.1141,125
1580014702.416,0.79,0.9508,0.63,1.1005,125
1580014702.598,0.83,0.9158,0.65,1.0924,125
1580014702.779,0.83,0.9133,0.64,1.09,125
1580014702.962,0.82,0.9258,0.65,1.0802,125
1580014703.144,0.74,0.9968,0.67,1.0757,125
1580014703.306,0.84,0.9051,0.67,1.0736,125
1580014703.489,0.8,0.9425,0.65,1.0849,126
1580014703.67,0.8,0.9441,0.64,1.0924,126
1580014703.854,0.78,0.9623,0.64,1.0914,126
1580014704.036,0.77,0.9767,0.62,1.1168,126
1580014704.217,0.83,0.9161,0.63,1.1124,126
1580014704.401,0.82,0.9253,0.64,1.1042,126
1580014704.581,0.77,0.9703,0.63,1.1036,126
1580014704.765,0.8,0.9425,0.64,1.1018,126
1580014704.947,0.81,0.9333,0.67,1.0817,126
1580014705.133,0.81,0.9368,0.67,1.074,126
1580014705.316,0.81,0.9315,0.66,1.0737,126
1580014705.496,0.82,0.9185,0.67,1.0742,126
1580014705.679,0.83,0.915,0.66,1.0817,126
1580014705.873,0.79,0.9567,0.68,1.0619,126
1580014706.033,0.81,0.9314,0.68,1.0624,126
1580014706.214,0.79,0.9499,0.68,1.0682,127
1580014706.396,0.81,0.9313,0.67,1.0677,127
1580014706.578,0.79,0.9556,0.66,1.0792,127
1580014706.758,0.75,0.9903,0.64,1.1033,127
1580014706.937,0.81,0.9353,0.61,1.1224,127
1580014707.118,0.82,0.9253,0.62,1.1268,127
1580014707.299,0.79,0.9551,0.6,1.1315,127
1580014707.481,0.78,0.9624,0.63,1.1079,127
1580014707.662,0.79,0.9523,0.64,1.1027,127
1580014707.846,0.81,0.9333,0.63,1.1026,127
1580014708.026,0.83,0.9162,0.64,1.097,127
1580014708.214,0.82,0.9287,0.64,1.1025,127
1580014708.396,0.8,0.9409,0.63,1.1084,127
1580014708.576,0.79,0.9595,0.66,1.0933,127
1580014708.737,0.83,0.9122,0.66,1.0849,127
1580014708.92,0.81,0.9396,0.67,1.0853,128
1580014709.102,0.8,0.9387,0.66,1.0778,128
1580014709.286,0.81,0.935,0.66,1.0788,128
1580014709.468,0.79,0.9561,0.66,1.0783,128
1580014709.65,0.82,0.9248,0.66,1.0782,128
1580014709.831,0.81,0.9372,0.65,1.0862,128
1580014710.012,0.8,0.948,0.63,1.1123,128
1580014710.194,0.79,0.9497,0.63,1.1126,128
1580014710.376,0.79,0.9492,0.65,1.0927,128
1580014710.56,0.78,0.9612,0.65,1.0862,128
1580014710.741,0.81,0.929,0.65,1.0901,128
1580014710.924,0.82,0.9253,0.65,1.0923,128
1580014711.104,0.81,0.934,0.64,1.0926,128
1580014711.291,0.74,0.9979,0.66,1.0874,128
1580014711.453,0.81,0.927,0.66,1.0804,128
1580014711.635,0.8,0.9444,0.66,1.0882,129
1580014711.817,0.8,0.9395,0.64,1.1056,129
1580014711.998,0.81,0.9323,0.61,1.1225,129
1580014712.18,0.79,0.9526,0.62,1.1132,129
1580014712.364,0.83,0.9155,0.64,1.1019,129
1580014712.545,0.82,0.921,0.63,1.1122,129
1580014712.726,0.79,0.9525,0.62,1.1159,129
1580014712.909,0.81,0.9332,0.63,1.119,129
1580014713.098,0.82,0.9254,0.63,1.117,129
1580014713.291,0.82,0.9226,0.65,1.0949,129
1580014713.481,0.83,0.9138,0.68,1.0698,129
1580014713.669,0.82,0.9236,0.7,1.0497,129
1580014713.859,0.82,0.9267,0.69,1.0584,129
1580014714.043,0.79,0.9583,0.65,1.0809,129
1580014714.205,0.82,0.919,0.63,1.097,129
1580014714.39,0.79,0.9546,0.67,1.0797,130
1580014714.572,0.82,0.9241,0.67,1.0757,130
1580014714.757,0.82,0.9211,0.62,1.1184,130
1580014714.94,0.8,0.9442,0.61,1.1305,130
1580014715.119,0.82,0.9212,0.61,1.1355,130
1580014715.301,0.83,0.9175,0.6,1.1319,130
1580014715.483,0.79,0.9521,0.61,1.1278,130
1580014715.665,0.81,0.9368,0.62,1.1223,130
1580014715.847,0.81,0.9279,0.63,1.1155,130
1580014716.031,0.82,0.927,0.65,1.1009,130
1580014716.214,0.83,0.9105,0.65,1.0912,130
1580014716.401,0.83,0.9098,0.65,1.0776,130
1580014716.582,0.83,0.9135,0.68,1.0623,130
1580014716.762,0.79,0.9589,0.69,1.0563,130
1580014716.922,0.83,0.9182,0.66,1.0755,130
1580014717.106,0.8,0.9412,0.65,1.0803,131
1580014717.286,0.81,0.9326,0.67,1.0728,131
1580014717.467,0.81,0.9337,0.65,1.0902,131
1580014717.653,0.8,0.9466,0.61,1.1244,131
1580014717.833,0.83,0.9085,0.6,1.1333,131
1580014718.013,0.82,0.9182,0.6,1.1384,131
1580014718.194,0.79,0.953,0.59,1.1466,131
1580014718.375,0.8,0.944,0.59,1.151,131
1580014718.556,0.8,0.941,0.61,1.132,131
1580014718.745,0.82,0.9262,0.62,1.1185,131
1580014718.925,0.83,0.9166,0.62,1.1149,131
1580014719.108,0.83,0.9171,0.63,1.1061,131
1580014719.29,0.82,0.9215,0.64,1.1001,131
1580014719.477,0.78,0.9592,0.64,1.0977,131
1580014719.638,0.84,0.9115,0.64,1.0934,131
1580014719.82,0.8,0.9414,0.64,1.0878,132
1580014719.999,0.81,0.9369,0.66,1.0794,132
1580014720.18,0.81,0.9274,0.67,1.0774,132
1580014720.362,0.8,0.9489,0.65,1.0921,132
1580014720.543,0.82,0.9185,0.66,1.0931,132
1580014720.724,0.83,0.9206,0.62,1.1172,132
1580014720.913,0.8,0.9402,0.63,1.1122,132
1580014721.093,0.81,0.9366,0.62,1.1263,132
1580014721.273,0.79,0.9492,0.6,1.1333,132
1580014721.454,0.8,0.9417,0.63,1.1099,132
1580014721.64,0.82,0.9219,0.64,1.1034,132
1580014721.819,0.83,0.9141,0.63,1.102,132
1580014722.0,0.82,0.9263,0.65,1.0926,132
1580014722.183,0.77,0.9706,0.65,1.0843,132
1580014722.345,0.84,0.9012,0.69,1.0575,132
1580014722.538,0.81,0.9344,0.69,1.0433,133
1580014722.718,0.81,0.9356,0.69,1.0555,133
1580014722.899,0.8,0.9431,0.67,1.0706,133
1580014723.078,0.79,0.9536,0.66,1.0758,133
1580014723.26,0.83,0.9121,0.63,1.1005,133
1580014723.445,0.82,0.9256,0.61,1.126,133
1580014723.624,0.77,0.9703,0.62,1.1218,133
1580014723.805,0.79,0.9506,0.63,1.1119,133
1580014723.987,0.8,0.9414,0.63,1.1139,133
1580014724.169,0.8,0.944,0.64,1.1014,133
1580014724.35,0.81,0.9315,0.67,1.0807,133
1580014724.533,0.81,0.9331,0.66,1.0823,133
1580014724.714,0.82,0.9177,0.64,1.0994,133
1580014724.896,0.78,0.9664,0.64,1.0999,133
1580014725.058,0.81,0.9312,0.66,1.0739,133
1580014725.242,0.8,0.9455,0.68,1.0552,134
1580014725.426,0.82,0.9263,0.66,1.0784,134
1580014725.616,0.81,0.9351,0.65,1.0867,134
1580014725.798,0.78,0.9576,0.66,1.086,134
1580014725.976,0.82,0.9253,0.66,1.0837,134
1580014726.158,0.82,0.9214,0.65,1.0873,134
1580014726.338,0.8,0.946,0.65,1.0909,134
1580014726.526,0.81,0.9384,0.65,1.0812,134
1580014726.705,0.81,0.9353,0.66,1.0748,134
1580014726.885,0.81,0.9309,0.68,1.0717,134
1580014727.066,0.83,0.9103,0.64,1.0963,134
1580014727.249,0.81,0.9331,0.66,1.0782,134
1580014727.442,0.83,0.9202,0.67,1.0691,134
1580014727.629,0.8,0.9468,0.66,1.0841,134
1580014727.802,0.84,0.9056,0.66,1.0867,134
1580014727.985,0.79,0.9538,0.66,1.0712,135
1580014728.17,0.81,0.9292,0.69,1.0496,135
1580014728.353,0.82,0.9252,0.66,1.0797,135
1580014728.535,0.8,0.9462,0.6,1.13,135
1580014728.727,0.82,0.9197,0.6,1.1367,135
1580014728.913,0.82,0.9228,0.63,1.1199,135
1580014729.096,0.79,0.9515,0.63,1.1119,135
1580014729.28,0.8,0.9407,0.63,1.1086,135
1580014729.466,0.81,0.9347,0.65,1.0896,135
1580014729.648,0.8,0.9405,0.65,1.0864,135
1580014729.833,0.84,0.9109,0.66,1.0833,135
1580014730.018,0.83,0.9144,0.65,1.0809,135
1580014730.204,0.81,0.9295,0.68,1.0638,135
1580014730.389,0.76,0.9812,0.68,1.067,135
1580014730.555,0.83,0.9136,0.65,1.0831,135
1580014730.752,0.8,0.9456,0.67,1.0777,136
1580014730.936,0.81,0.9387,0.67,1.0694,136
1580014731.118,0.8,0.946,0.69,1.0513,136
1580014731.299,0.78,0.9628,0.65,1.0947,136
1580014731.481,0.83,0.9122,0.63,1.1038,136
1580014731.661,0.83,0.9207,0.61,1.1246,136
1580014731.845,0.79,0.9575,0.62,1.1238,136
1580014732.027,0.8,0.946,0.63,1.1115,136
1580014732.208,0.81,0.9325,0.63,1.1071,136
1580014732.389,0.79,0.9491,0.66,1.0845,136
1580014732.572,0.8,0.9423,0.66,1.0869,136
1580014732.759,0.83,0.9178,0.66,1.0862,136
1580014732.94,0.81,0.9259,0.67,1.0772,136
1580014733.121,0.78,0.9672,0.66,1.0762,136
1580014733.284,0.81,0.9337,0.67,1.0805,136
1580014733.469,0.79,0.9531,0.68,1.0635,137
1580014733.651,0.82,0.9233,0.68,1.0631,137
1580014733.832,0.8,0.9414,0.67,1.0653,137
1580014734.014,0.78,0.9618,0.69,1.0607,137
1580014734.194,0.81,0.9309,0.68,1.0689,137
1580014734.376,0.83,0.9144,0.63,1.1061,137
1580014734.557,0.8,0.9456,0.62,1.1174,137
1580014734.741,0.82,0.9286,0.62,1.116,137
1580014734.923,0.8,0.9449,0.62,1.1108,137
1580014735.102,0.8,0.9458,0.63,1.1036,137
1580014735.284,0.81,0.9287,0.63,1.1036,137
1580014735.468,0.83,0.9163,0.66,1.0839,137
1580014735.647,0.82,0.921,0.66,1.0754,137
1580014735.836,0.79,0.9593,0.67,1.0652,137
1580014735.999,0.81,0.9324,0.67,1.0653,137
1580014736.181,0.77,0.9699,0.68,1.0634,138
1580014736.364,0.78,0.9623,0.66,1.077,138
1580014736.543,0.78,0.9617,0.66,1.0836,138
1580014736.733,0.79,0.9563,0.68,1.063,138
1580014736.914,0.82,0.9206,0.66,1.0808,138
1580014737.093,0.8,0.944,0.64,1.1034,138
1580014737.272,0.76,0.9811,0.65,1.1007,138
1580014737.454,0.8,0.9377,0.65,1.0934,138
1580014737.636,0.8,0.9432,0.65,1.0939,138
1580014737.82,0.78,0.9612,0.66,1.0818,138
1580014738.001,0.8,0.9446,0.66,1.0852,138
1580014738.183,0.82,0.9218,0.66,1.0816,138
1580014738.364,0.81,0.9275,0.65,1.0839,138
1580014738.547,0.76,0.9809,0.66,1.0711,138
1580014738.709,0.81,0.934,0.67,1.0688,138
1580014738.9,0.78,0.9587,0.66,1.07,139
1580014739.081,0.79,0.9517,0.65,1.0796,139
1580014739.261,0.78,0.9643,0.64,1.0914,139
1580014739.441,0.77,0.9717,0.66,1.0861,139
1580014739.622,0.81,0.9368,0.65,1.0938,139
1580014739.806,0.79,0.9528,0.64,1.1094,139
1580014739.989,0.77,0.9752,0.61,1.1296,139
1580014740.17,0.79,0.9565,0.61,1.124,139
1580014740.351,0.81,0.9356,0.61,1.1237,139
1580014740.531,0.78,0.9633,0.62,1.1092,139
1580014740.715,0.77,0.965,0.68,1.0701,139
1580014740.897,0.78,0.9689,0.69,1.054,139
1580014741.077,0.8,0.9413,0.69,1.0558,139
1580014741.26,0.76,0.9865,0.67,1.0635,139
1580014741.423,0.78,0.9571,0.65,1.0797,139
1580014741.606,0.75,0.9904,0.65,1.0835,140
1580014741.789,0.77,0.9778,0.65,1.0889,140
1580014741.975,0.78,0.9665,0.64,1.0904,140
1580014742.154,0.77,0.9691,0.66,1.0885,140
1580014742.337,0.81,0.933,0.62,1.118,140
1580014742.517,0.81,0.9322,0.59,1.1391,140
1580014742.697,0.78,0.9617,0.58,1.146,140
1580014742.88,0.77,0.9744,0.61,1.1311,140
1580014743.062,0.75,0.9852,0.62,1.1157,140
1580014743.245,0.77,0.9709,0.65,1.0938,140
1580014743.428,0.81,0.9336,0.64,1.0996,140
1580014743.61,0.81,0.9352,0.67,1.0791,140
1580014743.793,0.81,0.9328,0.65,1.0874,140
1580014743.974,0.76,0.9799,0.67,1.068,140
1580014744.137,0.81,0.93,0.67,1.0652,140
1580014744.319,0.78,0.9617,0.66,1.0774,141
1580014744.501,0.78,0.9614,0.66,1.0815,141
1580014744.684,0.78,0.9668,0.66,1.0763,141
1580014744.868,0.76,0.9826,0.65,1.0834,141
1580014745.057,0.79,0.9513,0.65,1.0947,141
1580014745.237,0.8,0.942,0.65,1.0945,141
1580014745.417,0.78,0.9608,0.61,1.1244,141
1580014745.596,0.79,0.9505,0.6,1.1438,141
1580014745.779,0.76,0.9858,0.59,1.1471,141
1580014745.961,0.73,1.0046,0.63,1.1172,141
1580014746.142,0.78,0.9584,0.65,1.0947,141
1580014746.323,0.81,0.9344,0.64,1.0947,141
1580014746.507,0.82,0.9206,0.64,1.0898,141
1580014746.69,0.77,0.9709,0.66,1.0761,141
1580014746.852,0.8,0.9373,0.71,1.0344,141
1580014747.036,0.75,0.9907,0.71,1.0255,142
1580014747.217,0.75,0.9879,0.71,1.0392,142
1580014747.399,0.75,0.9918,0.69,1.0451,142
1580014747.586,0.73,1.012,0.66,1.069,142
1580014747.768,0.77,0.9735,0.66,1.0781,142
1580014747.948,0.8,0.9451,0.62,1.1177,142
1580014748.134,0.79,0.9588,0.64,1.1081,142
1580014748.314,0.79,0.9494,0.63,1.1214,142
1580014748.494,0.79,0.9511,0.6,1.1385,142
1580014748.677,0.75,0.9903,0.61,1.1315,142
1580014748.859,0.77,0.9718,0.64,1.1005,142
1580014749.043,0.77,0.9669,0.64,1.0973,142
1580014749.225,0.8,0.9454,0.65,1.0929,142
1580014749.414,0.78,0.9661,0.65,1.084,142
1580014749.582,0.81,0.9346,0.7,1.0464,142
1580014749.764,0.77,0.9725,0.71,1.027,143
1580014749.945,0.76,0.9784,0.72,1.0283,143
1580014750.127,0.73,1.0082,0.7,1.0402,143
1580014750.31,0.71,1.0283,0.69,1.0477,143
1580014750.492,0.74,1.0004,0.69,1.0456,143
1580014750.672,0.74,1.005,0.68,1.0607,143
1580014750.856,0.73,1.0108,0.66,1.0757,143
1580014751.045,0.74,0.9984,0.66,1.0937,143
1580014751.229,0.78,0.9638,0.63,1.1076,143
1580014751.411,0.79,0.9532,0.61,1.1264,143
1580014751.6,0.78,0.9579,0.63,1.1134,143
1580014751.782,0.74,0.9996,0.64,1.1091,143
1580014751.963,0.73,1.004,0.63,1.1106,143
1580014752.145,0.73,1.0084,0.62,1.1072,143
1580014752.305,0.77,0.9666,0.65,1.0857,143
1580014752.489,0.78,0.9661,0.67,1.0697,144
1580014752.67,0.79,0.9496,0.65,1.0786,144
1580014752.853,0.77,0.9723,0.67,1.0702,144
1580014753.039,0.74,0.9993,0.67,1.0692,144
1580014753.226,0.75,0.9892,0.68,1.0547,144
1580014753.407,0.74,0.9988,0.7,1.0411,144
1580014753.589,0.75,0.9985,0.71,1.0376,144
1580014753.77,0.74,1.0061,0.66,1.0712,144
1580014753.952,0.76,0.9838,0.67,1.0697,144
1580014754.138,0.77,0.9715,0.66,1.0784,144
1580014754.32,0.8,0.943,0.66,1.0837,144
1580014754.501,0.78,0.9639,0.65,1.0834,144
1580014754.685,0.76,0.9811,0.66,1.0928,144
1580014754.866,0.74,1.0004,0.64,1.111,144
1580014755.028,0.76,0.9799,0.63,1.1154,144
1580014755.213,0.76,0.9812,0.64,1.0994,145
1580014755.404,0.8,0.9469,0.64,1.1021,145
1580014755.593,0.79,0.953,0.62,1.1092,145
1580014755.781,0.76,0.9839,0.63,1.1074,145
1580014755.972,0.77,0.9748,0.64,1.1037,145
1580014756.159,0.76,0.9876,0.64,1.1013,145
1580014756.348,0.74,0.9996,0.63,1.0948,145
1580014756.53,0.73,1.0063,0.66,1.0806,145
1580014756.711,0.75,0.9884,0.67,1.0758,145
1580014756.892,0.8,0.944,0.66,1.0759,145
1580014757.093,0.81,0.9369,0.67,1.0725,145
1580014757.277,0.79,0.9493,0.65,1.0861,145
1580014757.458,0.78,0.9632,0.64,1.096,145
1580014757.641,0.75,0.9868,0.64,1.0917,145
1580014757.808,0.8,0.9471,0.64,1.0805,145
1580014757.992,0.78,0.9668,0.67,1.0622,146
1580014758.178,0.79,0.9446,0.7,1.0371,146
1580014758.369,0.81,0.9371,0.71,1.0302,146
1580014758.549,0.78,0.9679,0.7,1.0391,146
1580014758.729,0.79,0.9532,0.7,1.0449,146
1580014758.91,0.77,0.968,0.68,1.055,146
1580014759.091,0.76,0.9808,0.68,1.0595,146
1580014759.275,0.76,0.9809,0.66,1.0686,146
1580014759.456,0.78,0.9652,0.67,1.0786,146
1580014759.64,0.81,0.9328,0.64,1.0992,146
1580014759.82,0.83,0.9159,0.62,1.1246,146
1580014760.004,0.78,0.9556,0.61,1.1311,146
1580014760.19,0.77,0.9698,0.61,1.1284,146
1580014760.388,0.74,0.9973,0.62,1.1163,146
1580014760.561,0.77,0.9637,0.63,1.1052,146
1580014760.755,0.78,0.9607,0.63,1.0997,147
1580014760.947,0.81,0.9302,0.66,1.079,147
1580014761.139,0.82,0.9236,0.66,1.0836,147
1580014761.328,0.77,0.9676,0.65,1.0894,147
1580014761.513,0.78,0.959,0.64,1.0877,147
1580014761.694,0.77,0.9716,0.66,1.0763,147
1580014761.874,0.74,0.996,0.68,1.0612,147
1580014762.055,0.76,0.9855,0.68,1.0648,147
1580014762.238,0.77,0.9739,0.65,1.0831,147
1580014762.428,0.81,0.9304,0.64,1.0956,147
1580014762.612,0.83,0.9156,0.64,1.0997,147
1580014762.797,0.82,0.9278,0.64,1.1025,147
1580014762.979,0.8,0.9401,0.62,1.108,147
1580014763.162,0.76,0.9816,0.63,1.1071,147
1580014763.325,0.79,0.9579,0.64,1.1005,147
1580014763.51,0.77,0.9771,0.64,1.1023,148
1580014763.691,0.79,0.9537,0.66,1.085,148
1580014763.872,0.8,0.942,0.66,1.079,148
1580014764.053,0.79,0.9545,0.66,1.0771,148
1580014764.238,0.8,0.9432,0.67,1.0735,148
1580014764.419,0.78,0.9588,0.67,1.0737,148
1580014764.601,0.76,0.9817,0.67,1.073,148
1580014764.786,0.75,0.9892,0.68,1.0639,148
1580014764.971,0.77,0.9728,0.69,1.0574,148
1580014765.155,0.79,0.9512,0.66,1.0658,148
1580014765.347,0.81,0.9266,0.65,1.0812,148
1580014765.541,0.82,0.9244,0.66,1.084,148
1580014765.729,0.81,0.9279,0.67,1.0804,148
1580014765.914,0.77,0.9699,0.65,1.091,148
1580014766.079,0.79,0.95,0.66,1.0869,148
1580014766.264,0.76,0.9776,0.66,1.0846,149
1580014766.453,0.8,0.9442,0.66,1.0853,149
1580014766.638,0.8,0.9397,0.68,1.0678,149
1580014766.823,0.79,0.9565,0.68,1.0717,149
1580014767.006,0.82,0.9262,0.67,1.0714,149
1580014767.195,0.8,0.942,0.67,1.0655,149
1580014767.378,0.77,0.9743,0.67,1.0649,149
1580014767.564,0.77,0.9761,0.67,1.0649,149
1580014767.743,0.78,0.9706,0.67,1.0676,149
1580014767.923,0.79,0.9535,0.69,1.0533,149
1580014768.104,0.81,0.9353,0.68,1.0622,149
1580014768.284,0.83,0.9137,0.68,1.0649,149
1580014768.468,0.82,0.9195,0.68,1.0713,149
1580014768.65,0.78,0.9629,0.66,1.0808,149
1580014768.811,0.81,0.9319,0.65,1.0882,149
