1580000211.527,0.26,1.3859,0.26,1.3861,0
1580000211.729,0.24,1.3869,0.26,1.3861,0
1580000211.912,0.26,1.3861,0.26,1.3859,0
1580000212.098,0.26,1.3859,0.26,1.3858,0
1580000212.287,0.23,1.3866,0.26,1.3857,0
1580000212.472,0.25,1.3866,0.26,1.3855,0
1580000212.661,0.25,1.3861,0.26,1.3852,0
1580000212.846,0.22,1.3869,0.26,1.3848,0
1580000213.032,0.25,1.3855,0.26,1.384,0
1580000213.217,0.26,1.3838,0.27,1.3828,0
1580000213.402,0.27,1.3834,0.28,1.3813,0
1580000213.589,0.27,1.3814,0.33,1.379,0
1580000213.773,0.29,1.3797,0.32,1.3761,0
1580000213.957,0.37,1.3756,0.34,1.3722,0
1580000214.113,0.36,1.3722,0.34,1.3669,0
1580000214.301,0.38,1.3663,0.36,1.3601,1
1580000214.493,0.38,1.3584,0.42,1.3505,1
1580000214.68,0.44,1.346,0.48,1.337,1
1580000214.866,0.51,1.3225,0.44,1.3192,1
1580000215.051,0.48,1.304,0.47,1.3072,1
1580000215.24,0.51,1.2804,0.42,1.3108,1
1580000215.427,0.44,1.2764,0.47,1.2914,1
1580000215.613,0.5,1.2636,0.47,1.2778,1
1580000215.799,0.5,1.2578,0.45,1.2654,1
1580000215.983,0.5,1.2321,0.53,1.2516,1
1580000216.167,0.47,1.2497,0.45,1.2791,1
1580000216.358,0.5,1.2402,0.46,1.2417,1
1580000216.551,0.53,1.2046,0.46,1.2591,1
1580000216.737,0.52,1.2073,0.46,1.2767,1
1580000216.891,0.5,1.2378,0.45,1.2584,1
1580000217.081,0.55,1.1967,0.5,1.2275,2
1580000217.267,0.52,1.2194,0.51,1.2293,2
1580000217.459,0.5,1.2281,0.49,1.2391,2
1580000217.644,0.54,1.1893,0.51,1.2434,2
1580000217.829,0.5,1.2244,0.52,1.2278,2
1580000218.006,0.54,1.1937,0.53,1.2126,2
1580000218.194,0.55,1.1861,0.5,1.2245,2
1580000218.393,0.55,1.1877,0.48,1.243,2
1580000218.587,0.52,1.2158,0.48,1.2537,2
1580000218.772,0.52,1.2022,0.47,1.2516,2
1580000218.961,0.51,1.2272,0.49,1.2387,2
1580000219.147,0.54,1.1859,0.51,1.2231,2
1580000219.334,0.58,1.1611,0.51,1.2148,2
1580000219.523,0.59,1.1537,0.52,1.2121,2
1580000219.679,0.54,1.1958,0.53,1.2115,2
1580000219.866,0.57,1.1625,0.53,1.21,3
1580000220.066,0.54,1.1995,0.53,1.2088,3
1580000220.265,0.51,1.2102,0.53,1.2091,3
1580000220.452,0.57,1.1595,0.53,1.2107,3
1580000220.647,0.54,1.1872,0.52,1.2123,3
1580000220.833,0.56,1.1684,0.51,1.2191,3
1580000221.018,0.56,1.1723,0.53,1.2205,3
1580000221.204,0.55,1.1794,0.53,1.2192,3
1580000221.395,0.54,1.196,0.49,1.2246,3
1580000221.583,0.56,1.177,0.49,1.2226,3
1580000221.774,0.51,1.2094,0.52,1.2166,3
1580000221.961,0.57,1.165,0.5,1.2222,3
1580000222.146,0.58,1.1583,0.5,1.2231,3
1580000222.332,0.58,1.1521,0.51,1.2139,3
1580000222.487,0.55,1.1801,0.52,1.2121,3
1580000222.684,0.57,1.1531,0.53,1.2124,4
1580000222.873,0.54,1.1969,0.53,1.2112,4
1580000223.058,0.52,1.2032,0.52,1.211,4
1580000223.244,0.57,1.1454,0.5,1.2107,4
1580000223.43,0.55,1.1721,0.51,1.2109,4
1580000223.616,0.57,1.1604,0.51,1.2114,4
1580000223.804,0.57,1.1644,0.5,1.2109,4
1580000223.991,0.57,1.1685,0.53,1.2092,4
1580000224.178,0.54,1.1889,0.53,1.2089,4
1580000224.367,0.57,1.1645,0.53,1.2086,4
1580000224.554,0.52,1.1992,0.5,1.2087,4
1580000224.758,0.58,1.1564,0.5,1.2174,4
1580000224.948,0.58,1.1499,0.5,1.2172,4
1580000225.134,0.6,1.1401,0.52,1.2085,4
1580000225.289,0.55,1.1712,0.49,1.2074,4
1580000225.476,0.59,1.1453,0.51,1.208,5
1580000225.666,0.54,1.1921,0.51,1.2081,5
1580000225.854,0.53,1.1983,0.49,1.2083,5
1580000226.046,0.6,1.1354,0.49,1.2088,5
1580000226.247,0.56,1.1659,0.51,1.2082,5
1580000226.447,0.57,1.1542,0.49,1.2074,5
1580000226.643,0.57,1.1586,0.5,1.206,5
1580000226.835,0.57,1.1599,0.5,1.2058,5
1580000227.021,0.55,1.1803,0.51,1.2059,5
1580000227.208,0.58,1.1587,0.51,1.205,5
1580000227.395,0.54,1.1916,0.53,1.2057,5
1580000227.581,0.58,1.1502,0.5,1.2188,5
1580000227.767,0.59,1.1476,0.52,1.206,5
1580000227.952,0.61,1.1291,0.49,1.2064,5
1580000228.11,0.56,1.1676,0.53,1.2039,5
1580000228.299,0.58,1.1496,0.51,1.207,6
1580000228.488,0.54,1.1844,0.52,1.2152,6
1580000228.681,0.53,1.1941,0.51,1.221,6
1580000228.872,0.59,1.1506,0.49,1.2068,6
1580000229.062,0.57,1.1564,0.53,1.2079,6
1580000229.249,0.58,1.1525,0.52,1.2111,6
1580000229.437,0.57,1.1587,0.54,1.2022,6
1580000229.624,0.58,1.1583,0.53,1.1995,6
1580000229.81,0.55,1.1799,0.54,1.2014,6
1580000229.998,0.59,1.1482,0.5,1.208,6
1580000230.183,0.55,1.1833,0.49,1.2121,6
1580000230.369,0.59,1.1519,0.5,1.2113,6
1580000230.557,0.59,1.1468,0.53,1.2026,6
1580000230.744,0.61,1.1251,0.54,1.2022,6
1580000230.901,0.55,1.1664,0.53,1.2081,6
1580000231.091,0.58,1.1534,0.53,1.2087,7
1580000231.284,0.54,1.1941,0.52,1.2023,7
1580000231.47,0.53,1.1959,0.54,1.1975,7
1580000231.662,0.62,1.1237,0.51,1.1996,7
1580000231.848,0.58,1.1512,0.51,1.2056,7
1580000232.035,0.58,1.1456,0.52,1.2048,7
1580000232.225,0.58,1.1536,0.52,1.2009,7
1580000232.405,0.58,1.1562,0.53,1.199,7
1580000232.593,0.56,1.1673,0.56,1.1949,7
1580000232.777,0.59,1.1435,0.56,1.1958,7
1580000232.971,0.55,1.183,0.56,1.1979,7
1580000233.16,0.59,1.141,0.55,1.199,7
1580000233.346,0.6,1.1309,0.53,1.1984,7
1580000233.536,0.62,1.1201,0.53,1.2025,7
1580000233.69,0.57,1.1584,0.54,1.2032,7
1580000233.879,0.6,1.1373,0.5,1.2054,8
1580000234.068,0.57,1.1712,0.53,1.209,8
1580000234.257,0.54,1.1886,0.51,1.207,8
1580000234.447,0.61,1.1308,0.52,1.2067,8
1580000234.642,0.57,1.1561,0.51,1.213,8
1580000234.83,0.59,1.1402,0.5,1.2123,8
1580000235.037,0.59,1.1463,0.56,1.1948,8
1580000235.224,0.58,1.1574,0.56,1.1959,8
1580000235.413,0.56,1.1663,0.48,1.2117,8
1580000235.602,0.59,1.1399,0.53,1.2036,8
1580000235.79,0.55,1.1779,0.51,1.2066,8
1580000235.976,0.59,1.1398,0.51,1.2118,8
1580000236.161,0.61,1.1373,0.52,1.1942,8
1580000236.35,0.62,1.118,0.52,1.2014,8
1580000236.504,0.57,1.1598,0.52,1.2153,8
1580000236.692,0.58,1.1535,0.51,1.2118,9
1580000236.883,0.55,1.1874,0.55,1.1877,9
1580000237.075,0.56,1.1802,0.52,1.1988,9
1580000237.265,0.59,1.136,0.52,1.1931,9
1580000237.451,0.59,1.1486,0.52,1.1952,9
1580000237.64,0.59,1.1361,0.53,1.1959,9
1580000237.826,0.58,1.1519,0.53,1.1945,9
1580000238.015,0.57,1.1572,0.55,1.1916,9
1580000238.201,0.57,1.1617,0.54,1.1867,9
1580000238.401,0.6,1.1366,0.55,1.186,9
1580000238.591,0.56,1.1733,0.56,1.1883,9
1580000238.784,0.6,1.1343,0.55,1.1902,9
1580000238.974,0.61,1.1249,0.53,1.1941,9
1580000239.162,0.62,1.1121,0.52,1.197,9
1580000239.317,0.58,1.1521,0.52,1.1933,9
1580000239.511,0.6,1.1329,0.52,1.1987,10
1580000239.7,0.57,1.168,0.52,1.2038,10
1580000239.889,0.54,1.1872,0.52,1.1989,10
1580000240.076,0.62,1.1189,0.53,1.197,10
1580000240.265,0.58,1.1513,0.52,1.2053,10
1580000240.459,0.61,1.1285,0.51,1.2034,10
1580000240.648,0.6,1.1391,0.54,1.1964,10
1580000240.835,0.58,1.152,0.51,1.2011,10
1580000241.022,0.57,1.1591,0.47,1.2115,10
1580000241.208,0.6,1.1368,0.49,1.2009,10
1580000241.402,0.57,1.1696,0.52,1.1959,10
1580000241.588,0.6,1.1346,0.52,1.2088,10
1580000241.778,0.62,1.1269,0.53,1.193,10
1580000241.966,0.63,1.1123,0.53,1.194,10
1580000242.123,0.58,1.1539,0.52,1.2023,10
1580000242.313,0.6,1.1413,0.53,1.1997,11
1580000242.5,0.56,1.1722,0.55,1.1859,11
1580000242.689,0.56,1.1739,0.51,1.1998,11
1580000242.88,0.6,1.1295,0.53,1.1939,11
1580000243.067,0.6,1.14,0.54,1.2041,11
1580000243.255,0.61,1.1264,0.53,1.1971,11
1580000243.442,0.59,1.1427,0.55,1.1944,11
1580000243.63,0.59,1.1445,0.52,1.1932,11
1580000243.816,0.58,1.1549,0.54,1.1854,11
1580000244.005,0.61,1.129,0.55,1.1844,11
1580000244.193,0.56,1.1663,0.56,1.186,11
1580000244.382,0.6,1.128,0.54,1.1891,11
1580000244.568,0.62,1.116,0.53,1.1933,11
1580000244.757,0.63,1.1053,0.51,1.2014,11
1580000244.914,0.59,1.1455,0.52,1.1945,11
1580000245.106,0.59,1.1327,0.53,1.1957,12
1580000245.298,0.57,1.1609,0.52,1.2037,12
1580000245.484,0.55,1.1817,0.52,1.2,12
1580000245.672,0.63,1.1167,0.54,1.1938,12
1580000245.862,0.59,1.1475,0.53,1.2013,12
1580000246.051,0.61,1.1229,0.51,1.2001,12
1580000246.239,0.6,1.1346,0.54,1.1897,12
1580000246.433,0.59,1.1474,0.53,1.1942,12
1580000246.622,0.58,1.1542,0.49,1.2018,12
1580000246.812,0.59,1.1358,0.52,1.1945,12
1580000247.003,0.57,1.1637,0.53,1.1828,12
1580000247.197,0.61,1.1297,0.52,1.2004,12
1580000247.382,0.63,1.1186,0.54,1.1892,12
1580000247.569,0.63,1.1096,0.52,1.1878,12
1580000247.724,0.59,1.1492,0.53,1.1942,12
1580000247.911,0.6,1.1342,0.53,1.1927,13
1580000248.129,0.57,1.1658,0.55,1.1832,13
1580000248.321,0.56,1.1716,0.52,1.1912,13
1580000248.506,0.62,1.1137,0.54,1.1887,13
1580000248.695,0.6,1.1311,0.51,1.2003,13
1580000248.881,0.62,1.1161,0.51,1.2,13
1580000249.07,0.61,1.1327,0.52,1.1927,13
1580000249.26,0.61,1.1353,0.54,1.1886,13
1580000249.448,0.58,1.1482,0.54,1.1835,13
1580000249.636,0.62,1.1212,0.55,1.1831,13
1580000249.817,0.57,1.1605,0.55,1.1848,13
1580000250.003,0.6,1.1223,0.52,1.1903,13
1580000250.194,0.63,1.11,0.52,1.1934,13
1580000250.389,0.64,1.0969,0.51,1.201,13
1580000250.544,0.59,1.1415,0.52,1.1897,13
1580000250.732,0.6,1.1284,0.53,1.1911,14
1580000250.924,0.58,1.1527,0.53,1.2041,14
1580000251.112,0.56,1.1732,0.53,1.194,14
1580000251.308,0.63,1.1068,0.55,1.1866,14
1580000251.495,0.59,1.1393,0.54,1.1994,14
1580000251.682,0.62,1.1206,0.51,1.1968,14
1580000251.869,0.62,1.1243,0.51,1.1874,14
1580000252.06,0.6,1.1424,0.52,1.1843,14
1580000252.253,0.6,1.1464,0.53,1.1845,14
1580000252.451,0.62,1.1188,0.54,1.1831,14
1580000252.639,0.57,1.1641,0.54,1.1785,14
1580000252.83,0.61,1.1229,0.53,1.1944,14
1580000253.016,0.63,1.1152,0.54,1.1812,14
1580000253.216,0.64,1.1008,0.57,1.1782,14
1580000253.374,0.59,1.1364,0.52,1.1994,14
1580000253.563,0.59,1.1332,0.51,1.2022,15
1580000253.751,0.57,1.1593,0.52,1.181,15
1580000253.942,0.58,1.1535,0.51,1.205,15
1580000254.132,0.58,1.1479,0.53,1.1766,15
1580000254.326,0.61,1.1243,0.55,1.1836,15
1580000254.528,0.64,1.1062,0.56,1.1786,15
1580000254.716,0.6,1.1393,0.56,1.1791,15
1580000254.903,0.6,1.1322,0.56,1.1775,15
1580000255.092,0.58,1.1462,0.56,1.1745,15
1580000255.283,0.62,1.1191,0.55,1.1814,15
1580000255.472,0.58,1.15,0.54,1.1826,15
1580000255.661,0.62,1.1233,0.55,1.1729,15
1580000255.854,0.64,1.0979,0.57,1.1725,15
1580000256.041,0.66,1.0861,0.56,1.1758,15
1580000256.199,0.61,1.1287,0.55,1.1786,15
1580000256.395,0.61,1.1164,0.54,1.1806,16
1580000256.595,0.58,1.1495,0.54,1.184,16
1580000256.79,0.57,1.1598,0.54,1.1771,16
1580000256.979,0.63,1.1004,0.53,1.1854,16
1580000257.172,0.61,1.124,0.51,1.2005,16
1580000257.365,0.63,1.1039,0.53,1.1846,16
1580000257.56,0.62,1.1188,0.56,1.1744,16
1580000257.754,0.62,1.1245,0.56,1.1739,16
1580000257.945,0.59,1.1376,0.53,1.1755,16
1580000258.147,0.64,1.1098,0.54,1.1714,16
1580000258.336,0.59,1.1419,0.56,1.1751,16
1580000258.529,0.63,1.1126,0.53,1.1737,16
1580000258.724,0.65,1.0932,0.58,1.1732,16
1580000258.912,0.66,1.0845,0.53,1.1837,16
1580000259.069,0.6,1.1277,0.54,1.1841,16
1580000259.26,0.62,1.1172,0.57,1.1712,17
1580000259.451,0.6,1.1314,0.54,1.1878,17
1580000259.648,0.59,1.1485,0.57,1.18,17
1580000259.838,0.63,1.104,0.54,1.1826,17
1580000260.028,0.61,1.1253,0.55,1.1896,17
1580000260.215,0.63,1.1038,0.56,1.1764,17
1580000260.408,0.61,1.1227,0.57,1.173,17
1580000260.599,0.62,1.1237,0.55,1.1783,17
1580000260.789,0.61,1.1302,0.5,1.2051,17
1580000260.979,0.6,1.1271,0.55,1.1796,17
1580000261.167,0.6,1.1351,0.53,1.1783,17
1580000261.357,0.63,1.1111,0.56,1.1779,17
1580000261.547,0.64,1.0968,0.56,1.1717,17
1580000261.738,0.65,1.0883,0.57,1.1727,17
1580000261.898,0.61,1.1263,0.56,1.1803,17
1580000262.091,0.62,1.1142,0.57,1.1712,18
1580000262.281,0.6,1.1322,0.56,1.1772,18
1580000262.476,0.59,1.1412,0.53,1.1864,18
1580000262.663,0.63,1.1097,0.54,1.1832,18
1580000262.851,0.62,1.1181,0.57,1.1776,18
1580000263.043,0.64,1.0973,0.56,1.1715,18
1580000263.233,0.61,1.1209,0.55,1.1743,18
1580000263.423,0.62,1.1246,0.55,1.171,18
1580000263.617,0.59,1.1378,0.56,1.1694,18
1580000263.808,0.63,1.104,0.52,1.1912,18
1580000263.999,0.6,1.1339,0.54,1.1801,18
1580000264.188,0.62,1.1143,0.55,1.1736,18
1580000264.377,0.64,1.0999,0.55,1.1674,18
1580000264.566,0.66,1.0797,0.56,1.1806,18
1580000264.726,0.62,1.1255,0.55,1.1861,18
1580000264.917,0.61,1.1188,0.56,1.1774,19
1580000265.108,0.6,1.1406,0.58,1.1792,19
1580000265.298,0.59,1.1462,0.54,1.1937,19
1580000265.487,0.63,1.1038,0.5,1.1983,19
1580000265.679,0.63,1.1094,0.53,1.2015,19
1580000265.868,0.63,1.1028,0.56,1.1732,19
1580000266.059,0.62,1.1146,0.56,1.1688,19
1580000266.25,0.62,1.1225,0.55,1.1768,19
1580000266.443,0.59,1.1425,0.56,1.1753,19
1580000266.632,0.62,1.1079,0.54,1.1825,19
1580000266.835,0.59,1.1415,0.52,1.1939,19
1580000267.026,0.63,1.1082,0.52,1.1901,19
1580000267.218,0.66,1.0832,0.55,1.1761,19
1580000267.408,0.66,1.0884,0.58,1.1661,19
1580000267.567,0.64,1.1046,0.59,1.1619,19
1580000267.762,0.64,1.0989,0.56,1.1618,20
1580000267.953,0.6,1.1401,0.57,1.1592,20
1580000268.143,0.58,1.1494,0.59,1.1693,20
1580000268.335,0.66,1.079,0.56,1.1682,20
1580000268.523,0.64,1.101,0.55,1.1783,20
1580000268.721,0.65,1.0869,0.53,1.188,20
1580000268.911,0.62,1.1105,0.55,1.1805,20
1580000269.104,0.62,1.1137,0.55,1.1684,20
1580000269.296,0.6,1.1348,0.53,1.1582,20
1580000269.485,0.65,1.093,0.56,1.1678,20
1580000269.665,0.6,1.1274,0.57,1.1537,20
1580000269.861,0.65,1.093,0.56,1.1575,20
1580000270.05,0.66,1.0759,0.56,1.1668,20
1580000270.241,0.66,1.0798,0.59,1.1585,20
1580000270.399,0.64,1.097,0.55,1.1607,20
1580000270.594,0.65,1.0914,0.61,1.1528,21
1580000270.794,0.61,1.1247,0.59,1.15,21
1580000270.983,0.59,1.1356,0.57,1.1529,21
1580000271.175,0.67,1.0703,0.56,1.1603,21
1580000271.375,0.64,1.0935,0.57,1.156,21
1580000271.565,0.67,1.072,0.57,1.1638,21
1580000271.755,0.64,1.099,0.56,1.1777,21
1580000271.951,0.63,1.109,0.56,1.1841,21
1580000272.142,0.59,1.1323,0.56,1.1704,21
1580000272.331,0.65,1.0935,0.54,1.1693,21
1580000272.523,0.63,1.1119,0.54,1.1878,21
1580000272.713,0.63,1.1083,0.57,1.1628,21
1580000272.902,0.67,1.068,0.55,1.1713,21
1580000273.092,0.66,1.0797,0.57,1.1638,21
1580000273.252,0.65,1.0925,0.54,1.1679,21
1580000273.445,0.65,1.0926,0.56,1.1668,22
1580000273.633,0.61,1.1179,0.58,1.1715,22
1580000273.825,0.61,1.122,0.54,1.1791,22
1580000274.02,0.66,1.0738,0.56,1.1597,22
1580000274.212,0.66,1.0838,0.56,1.1776,22
1580000274.403,0.66,1.0848,0.59,1.1542,22
1580000274.596,0.63,1.1049,0.58,1.166,22
1580000274.786,0.62,1.1085,0.56,1.1831,22
1580000274.978,0.6,1.1318,0.52,1.1872,22
1580000275.167,0.65,1.094,0.56,1.1817,22
1580000275.348,0.63,1.1084,0.51,1.2149,22
1580000275.537,0.63,1.1133,0.54,1.1699,22
1580000275.727,0.68,1.0649,0.59,1.161,22
1580000275.917,0.65,1.085,0.58,1.164,22
1580000276.074,0.62,1.114,0.59,1.158,22
1580000276.266,0.67,1.0736,0.54,1.1835,23
1580000276.461,0.61,1.1239,0.52,1.1818,23
1580000276.651,0.61,1.1163,0.56,1.1841,23
1580000276.846,0.66,1.0784,0.55,1.1676,23
1580000277.039,0.64,1.0895,0.6,1.1556,23
1580000277.232,0.68,1.0634,0.57,1.1622,23
1580000277.421,0.64,1.1028,0.6,1.1582,23
1580000277.614,0.64,1.1065,0.56,1.1594,23
1580000277.802,0.61,1.1215,0.56,1.1618,23
1580000277.994,0.67,1.0767,0.54,1.1732,23
1580000278.187,0.64,1.0993,0.52,1.2031,23
1580000278.389,0.64,1.1042,0.53,1.1908,23
1580000278.584,0.67,1.0762,0.56,1.1665,23
1580000278.776,0.68,1.0677,0.57,1.1718,23
1580000278.934,0.63,1.1001,0.58,1.1611,23
1580000279.133,0.66,1.081,0.58,1.171,24
1580000279.323,0.62,1.1172,0.55,1.1817,24
1580000279.513,0.62,1.1134,0.55,1.1667,24
1580000279.705,0.68,1.0618,0.53,1.1783,24
1580000279.896,0.64,1.0935,0.54,1.18,24
1580000280.099,0.66,1.0766,0.55,1.167,24
1580000280.298,0.64,1.0926,0.59,1.1519,24
1580000280.49,0.64,1.1005,0.59,1.1412,24
1580000280.682,0.63,1.1084,0.57,1.1544,24
1580000280.871,0.68,1.0722,0.58,1.1576,24
1580000281.064,0.64,1.0959,0.56,1.162,24
1580000281.253,0.65,1.083,0.54,1.1663,24
1580000281.445,0.68,1.0581,0.56,1.158,24
1580000281.634,0.67,1.0678,0.56,1.1539,24
1580000281.792,0.66,1.0855,0.61,1.1448,24
1580000281.986,0.68,1.0713,0.6,1.1443,25
1580000282.183,0.63,1.1087,0.53,1.1715,25
1580000282.373,0.63,1.1074,0.54,1.1855,25
1580000282.563,0.65,1.0892,0.57,1.1554,25
1580000282.753,0.67,1.0666,0.58,1.1564,25
1580000282.944,0.68,1.059,0.59,1.16,25
1580000283.134,0.65,1.0915,0.59,1.1543,25
1580000283.324,0.64,1.0969,0.61,1.1487,25
1580000283.514,0.63,1.103,0.56,1.1502,25
1580000283.705,0.68,1.0656,0.55,1.1646,25
1580000283.896,0.65,1.0887,0.55,1.1766,25
1580000284.088,0.64,1.0961,0.56,1.1614,25
1580000284.293,0.69,1.0518,0.58,1.1505,25
1580000284.485,0.69,1.0527,0.58,1.1588,25
1580000284.642,0.67,1.0811,0.57,1.1628,25
1580000284.835,0.66,1.0827,0.58,1.149,26
1580000285.024,0.63,1.1049,0.57,1.1525,26
1580000285.216,0.64,1.0965,0.55,1.1857,26
1580000285.405,0.65,1.0877,0.59,1.1611,26
1580000285.598,0.66,1.0776,0.58,1.1514,26
1580000285.792,0.68,1.0591,0.62,1.1353,26
1580000285.99,0.65,1.0817,0.6,1.1466,26
1580000286.201,0.64,1.1062,0.59,1.1486,26
1580000286.406,0.61,1.1197,0.59,1.1489,26
1580000286.607,0.64,1.0883,0.58,1.1463,26
1580000286.8,0.63,1.1018,0.56,1.1512,26
1580000286.993,0.65,1.0816,0.56,1.17,26
1580000287.185,0.67,1.0764,0.56,1.1616,26
1580000287.378,0.68,1.0589,0.56,1.1472,26
1580000287.536,0.67,1.0698,0.61,1.142,26
1580000287.732,0.68,1.0661,0.57,1.1568,27
1580000287.922,0.62,1.1174,0.57,1.1582,27
1580000288.114,0.61,1.12,0.58,1.1561,27
1580000288.307,0.68,1.0566,0.58,1.1512,27
1580000288.499,0.68,1.0614,0.56,1.1653,27
1580000288.693,0.68,1.055,0.57,1.1612,27
1580000288.883,0.62,1.1041,0.58,1.1424,27
1580000289.078,0.65,1.0917,0.58,1.1493,27
1580000289.271,0.63,1.1012,0.57,1.1494,27
1580000289.461,0.68,1.0629,0.56,1.1519,27
1580000289.652,0.65,1.0848,0.55,1.1633,27
1580000289.842,0.68,1.066,0.54,1.1712,27
1580000290.03,0.69,1.0507,0.55,1.1611,27
1580000290.222,0.7,1.0493,0.58,1.1433,27
1580000290.386,0.68,1.0638,0.59,1.1422,27
1580000290.581,0.67,1.0619,0.61,1.14,28
1580000290.773,0.63,1.1041,0.59,1.1412,28
1580000290.962,0.64,1.0973,0.56,1.1591,28
1580000291.154,0.69,1.0464,0.54,1.1683,28
1580000291.347,0.67,1.0612,0.55,1.1694,28
1580000291.537,0.69,1.0476,0.61,1.1499,28
1580000291.733,0.67,1.0712,0.63,1.1328,28
1580000291.924,0.66,1.0793,0.59,1.1368,28
1580000292.114,0.63,1.1,0.58,1.1446,28
1580000292.306,0.69,1.0601,0.58,1.1434,28
1580000292.504,0.67,1.0707,0.55,1.1619,28
1580000292.696,0.68,1.0593,0.53,1.1775,28
1580000292.885,0.7,1.0476,0.58,1.1596,28
1580000293.074,0.7,1.0416,0.59,1.1428,28
1580000293.234,0.68,1.0605,0.59,1.1422,28
1580000293.427,0.69,1.0533,0.57,1.1432,29
1580000293.618,0.64,1.0952,0.58,1.1466,29
1580000293.809,0.65,1.0949,0.55,1.1598,29
1580000294.005,0.69,1.0461,0.55,1.1698,29
1580000294.202,0.68,1.0529,0.55,1.17,29
1580000294.396,0.7,1.0441,0.58,1.153,29
1580000294.593,0.67,1.0647,0.61,1.1364,29
1580000294.789,0.67,1.0757,0.62,1.1313,29
1580000294.98,0.64,1.0964,0.6,1.1333,29
1580000295.175,0.69,1.0539,0.59,1.1438,29
1580000295.366,0.67,1.0679,0.55,1.1566,29
1580000295.567,0.68,1.0584,0.5,1.1973,29
1580000295.76,0.69,1.0478,0.57,1.1647,29
1580000295.952,0.7,1.039,0.6,1.1388,29
1580000296.112,0.69,1.058,0.6,1.141,29
1580000296.306,0.69,1.0543,0.57,1.1512,30
1580000296.496,0.65,1.0933,0.57,1.1583,30
1580000296.688,0.64,1.0987,0.58,1.1517,30
1580000296.885,0.7,1.0457,0.55,1.1539,30
1580000297.083,0.69,1.0485,0.57,1.1664,30
1580000297.273,0.69,1.0471,0.55,1.1731,30
1580000297.468,0.67,1.0746,0.6,1.156,30
1580000297.659,0.66,1.082,0.59,1.1481,30
1580000297.851,0.64,1.0983,0.58,1.1448,30
1580000298.041,0.68,1.061,0.59,1.1527,30
1580000298.235,0.64,1.09,0.59,1.1549,30
1580000298.436,0.66,1.0855,0.59,1.146,30
1580000298.64,0.7,1.0397,0.51,1.1933,30
1580000298.832,0.69,1.0521,0.54,1.1861,30
1580000298.992,0.67,1.075,0.58,1.1419,30
1580000299.187,0.67,1.0679,0.6,1.1449,31
1580000299.378,0.64,1.0966,0.56,1.1594,31
1580000299.573,0.62,1.1084,0.57,1.16,31
1580000299.765,0.69,1.0436,0.58,1.1514,31
1580000299.959,0.66,1.0799,0.57,1.1489,31
1580000300.151,0.68,1.0587,0.58,1.1537,31
1580000300.344,0.68,1.0641,0.56,1.1672,31
1580000300.542,0.64,1.0938,0.57,1.1675,31
1580000300.74,0.63,1.0994,0.55,1.1735,31
1580000300.933,0.63,1.1015,0.57,1.1662,31
1580000301.123,0.64,1.088,0.59,1.1515,31
1580000301.316,0.67,1.0621,0.57,1.1592,31
1580000301.507,0.69,1.0576,0.57,1.1533,31
1580000301.706,0.68,1.0508,0.6,1.129,31
1580000301.861,0.67,1.0718,0.6,1.135,31
1580000302.056,0.68,1.0595,0.6,1.1375,32
1580000302.249,0.65,1.0839,0.55,1.1637,32
1580000302.441,0.66,1.0895,0.55,1.1792,32
1580000302.635,0.65,1.0833,0.56,1.151,32
1580000302.826,0.68,1.0498,0.56,1.1599,32
1580000303.019,0.69,1.0447,0.58,1.1544,32
1580000303.211,0.65,1.0858,0.6,1.1223,32
1580000303.404,0.67,1.0705,0.61,1.1418,32
1580000303.597,0.65,1.0883,0.6,1.149,32
1580000303.796,0.67,1.066,0.62,1.1333,32
1580000303.99,0.68,1.0632,0.6,1.1268,32
1580000304.188,0.68,1.0619,0.59,1.1437,32
1580000304.38,0.7,1.0329,0.57,1.1569,32
1580000304.571,0.7,1.0414,0.57,1.1553,32
1580000304.731,0.67,1.072,0.58,1.1503,32
1580000304.914,0.69,1.0529,0.62,1.132,33
1580000305.108,0.65,1.0874,0.57,1.1465,33
1580000305.298,0.63,1.1003,0.57,1.1593,33
1580000305.492,0.7,1.0328,0.58,1.1598,33
1580000305.682,0.66,1.0736,0.59,1.1479,33
1580000305.874,0.71,1.0364,0.59,1.1387,33
1580000306.068,0.68,1.057,0.58,1.1567,33
1580000306.263,0.67,1.0708,0.56,1.1646,33
1580000306.456,0.67,1.0702,0.57,1.1612,33
1580000306.648,0.67,1.0672,0.58,1.1501,33
1580000306.848,0.69,1.0552,0.6,1.1428,33
1580000307.038,0.69,1.0574,0.61,1.1366,33
1580000307.232,0.7,1.036,0.62,1.1259,33
1580000307.424,0.7,1.0357,0.62,1.1216,33
1580000307.585,0.69,1.0541,0.58,1.1315,33
1580000307.78,0.71,1.0389,0.59,1.1425,34
1580000307.972,0.67,1.0714,0.57,1.1521,34
1580000308.19,0.67,1.0721,0.56,1.1487,34
1580000308.385,0.71,1.0262,0.59,1.135,34
1580000308.579,0.7,1.0396,0.6,1.1293,34
1580000308.773,0.72,1.0214,0.6,1.127,34
1580000308.965,0.69,1.0522,0.61,1.1269,34
1580000309.16,0.68,1.0584,0.59,1.137,34
1580000309.351,0.68,1.0631,0.57,1.1478,34
1580000309.545,0.7,1.0434,0.59,1.1476,34
1580000309.735,0.68,1.0535,0.57,1.1485,34
1580000309.936,0.7,1.0476,0.56,1.1475,34
1580000310.129,0.72,1.0226,0.6,1.14,34
1580000310.322,0.72,1.0223,0.61,1.1382,34
1580000310.484,0.7,1.0466,0.6,1.1367,34
1580000310.68,0.7,1.0383,0.6,1.1374,35
1580000310.871,0.67,1.0714,0.59,1.1467,35
1580000311.064,0.68,1.0648,0.58,1.1498,35
1580000311.255,0.72,1.0201,0.58,1.1484,35
1580000311.449,0.71,1.0304,0.58,1.1506,35
1580000311.642,0.72,1.0255,0.58,1.1441,35
1580000311.836,0.7,1.0435,0.6,1.1371,35
1580000312.028,0.69,1.0535,0.58,1.1413,35
1580000312.222,0.68,1.066,0.59,1.1469,35
1580000312.418,0.71,1.0382,0.6,1.1425,35
1580000312.611,0.7,1.0438,0.58,1.1523,35
1580000312.803,0.7,1.0452,0.58,1.1578,35
1580000313.001,0.73,1.0167,0.59,1.1523,35
1580000313.196,0.72,1.0244,0.59,1.1428,35
1580000313.358,0.71,1.0388,0.6,1.1289,35
1580000313.556,0.7,1.0383,0.59,1.1373,36
1580000313.749,0.66,1.0707,0.56,1.1426,36
1580000313.944,0.68,1.0658,0.59,1.1436,36
1580000314.136,0.73,1.0104,0.59,1.1514,36
1580000314.331,0.71,1.0315,0.57,1.1613,36
1580000314.526,0.72,1.0242,0.58,1.1542,36
1580000314.721,0.7,1.0423,0.59,1.1376,36
1580000314.914,0.69,1.0489,0.59,1.1409,36
1580000315.106,0.67,1.0635,0.59,1.1494,36
1580000315.301,0.7,1.0425,0.55,1.1489,36
1580000315.496,0.7,1.0435,0.58,1.1458,36
1580000315.692,0.7,1.0447,0.57,1.1591,36
1580000315.889,0.73,1.0171,0.57,1.1618,36
1580000316.09,0.71,1.0279,0.58,1.1466,36
1580000316.251,0.72,1.0308,0.64,1.1268,36
1580000316.445,0.71,1.039,0.58,1.1429,37
1580000316.644,0.67,1.0735,0.54,1.156,37
1580000316.843,0.67,1.0711,0.55,1.1575,37
1580000317.038,0.72,1.0201,0.59,1.1468,37
1580000317.231,0.71,1.0292,0.57,1.1647,37
1580000317.427,0.71,1.0273,0.56,1.1675,37
1580000317.619,0.7,1.0472,0.59,1.1403,37
1580000317.813,0.69,1.0535,0.58,1.1459,37
1580000318.012,0.69,1.0575,0.6,1.1432,37
1580000318.208,0.7,1.0387,0.58,1.1426,37
1580000318.403,0.67,1.0639,0.55,1.1522,37
1580000318.6,0.7,1.0467,0.57,1.1554,37
1580000318.796,0.71,1.0314,0.59,1.1487,37
1580000318.991,0.69,1.0454,0.58,1.1452,37
1580000319.159,0.68,1.0549,0.6,1.1406,37
1580000319.353,0.7,1.0429,0.59,1.1378,38
1580000319.551,0.68,1.0631,0.58,1.1469,38
1580000319.745,0.65,1.0872,0.57,1.1539,38
1580000319.944,0.71,1.0231,0.6,1.1353,38
1580000320.14,0.67,1.0586,0.61,1.1335,38
1580000320.334,0.71,1.0297,0.56,1.1696,38
1580000320.532,0.69,1.0491,0.55,1.1773,38
1580000320.728,0.67,1.0729,0.58,1.1668,38
1580000320.921,0.68,1.0593,0.57,1.1541,38
1580000321.118,0.7,1.0386,0.57,1.146,38
1580000321.315,0.7,1.0428,0.58,1.1505,38
1580000321.507,0.69,1.0544,0.59,1.147,38
1580000321.711,0.71,1.0288,0.6,1.1386,38
1580000321.906,0.71,1.0263,0.61,1.1328,38
1580000322.067,0.72,1.03,0.59,1.1355,38
1580000322.266,0.71,1.0382,0.59,1.1332,39
1580000322.459,0.67,1.0701,0.59,1.1441,39
1580000322.653,0.68,1.063,0.59,1.1451,39
1580000322.848,0.73,1.0187,0.6,1.1343,39
1580000323.04,0.7,1.0419,0.62,1.1249,39
1580000323.24,0.71,1.0283,0.62,1.1357,39
1580000323.432,0.69,1.0498,0.62,1.1309,39
1580000323.625,0.7,1.0493,0.58,1.1426,39
1580000323.816,0.69,1.0597,0.53,1.1755,39
1580000324.013,0.69,1.0587,0.57,1.1569,39
1580000324.207,0.68,1.0595,0.6,1.1362,39
1580000324.401,0.69,1.048,0.62,1.1375,39
1580000324.596,0.71,1.0292,0.58,1.1407,39
1580000324.787,0.71,1.0274,0.6,1.1288,39
1580000324.947,0.69,1.0475,0.6,1.1378,39
1580000325.146,0.71,1.0408,0.6,1.1329,40
1580000325.347,0.68,1.0627,0.59,1.1311,40
1580000325.539,0.67,1.0652,0.58,1.145,40
1580000325.733,0.72,1.0168,0.59,1.1502,40
1580000325.927,0.71,1.0353,0.59,1.1353,40
1580000326.123,0.73,1.012,0.61,1.133,40
1580000326.322,0.69,1.0458,0.6,1.129,40
1580000326.515,0.69,1.0529,0.59,1.1388,40
1580000326.709,0.68,1.0574,0.59,1.1472,40
1580000326.904,0.71,1.0365,0.57,1.1398,40
1580000327.096,0.71,1.0301,0.61,1.1281,40
1580000327.293,0.7,1.0447,0.59,1.1327,40
1580000327.49,0.73,1.0048,0.6,1.134,40
1580000327.686,0.73,1.0113,0.61,1.127,40
1580000327.847,0.73,1.0234,0.62,1.1173,40
1580000328.042,0.71,1.0295,0.63,1.1118,41
1580000328.243,0.68,1.0596,0.6,1.1262,41
1580000328.445,0.69,1.0538,0.62,1.1266,41
1580000328.643,0.72,1.0142,0.61,1.1281,41
1580000328.837,0.71,1.0291,0.61,1.1216,41
1580000329.034,0.73,1.0107,0.62,1.1283,41
1580000329.228,0.71,1.0307,0.58,1.1356,41
1580000329.428,0.69,1.0529,0.59,1.1272,41
1580000329.623,0.69,1.0497,0.61,1.1307,41
1580000329.817,0.71,1.0285,0.59,1.1401,41
1580000330.009,0.7,1.0384,0.6,1.1255,41
1580000330.204,0.71,1.0378,0.61,1.1251,41
1580000330.397,0.74,1.0045,0.61,1.1284,41
1580000330.594,0.72,1.0111,0.6,1.1344,41
1580000330.763,0.72,1.0244,0.61,1.1327,41
1580000330.96,0.71,1.0354,0.61,1.1253,42
1580000331.152,0.69,1.0516,0.6,1.1244,42
1580000331.354,0.69,1.0475,0.6,1.1275,42
1580000331.55,0.75,0.9963,0.62,1.1316,42
1580000331.744,0.71,1.0274,0.59,1.1315,42
1580000331.935,0.74,1.0022,0.63,1.1196,42
1580000332.129,0.72,1.0262,0.58,1.1383,42
1580000332.322,0.69,1.0542,0.59,1.1314,42
1580000332.526,0.69,1.0564,0.59,1.1277,42
1580000332.722,0.71,1.0293,0.59,1.1489,42
1580000332.913,0.7,1.0395,0.6,1.1356,42
1580000333.107,0.7,1.0419,0.61,1.1355,42
1580000333.301,0.73,1.0135,0.59,1.1399,42
1580000333.498,0.71,1.0229,0.61,1.1254,42
1580000333.659,0.73,1.0174,0.59,1.145,42
1580000333.857,0.7,1.0403,0.61,1.1439,43
1580000334.051,0.68,1.0591,0.6,1.1313,43
1580000334.244,0.71,1.0368,0.6,1.1387,43
1580000334.445,0.73,1.0045,0.58,1.1442,43
1580000334.637,0.71,1.0264,0.58,1.1408,43
1580000334.833,0.73,1.0132,0.57,1.1496,43
1580000335.028,0.71,1.0354,0.6,1.13,43
1580000335.221,0.7,1.0397,0.6,1.1425,43
1580000335.417,0.69,1.0511,0.59,1.1414,43
1580000335.621,0.69,1.0427,0.6,1.141,43
1580000335.814,0.71,1.0272,0.56,1.1632,43
1580000336.009,0.68,1.0613,0.58,1.146,43
1580000336.203,0.71,1.029,0.61,1.1303,43
1580000336.396,0.73,1.0128,0.59,1.1405,43
1580000336.558,0.68,1.0566,0.62,1.1285,43
1580000336.753,0.7,1.0338,0.59,1.155,44
1580000336.946,0.69,1.0568,0.54,1.1848,44
1580000337.147,0.67,1.0695,0.58,1.1758,44
1580000337.344,0.72,1.0219,0.62,1.1295,44
1580000337.543,0.72,1.0215,0.61,1.1363,44
1580000337.748,0.71,1.035,0.6,1.1386,44
1580000337.949,0.7,1.0413,0.6,1.1294,44
1580000338.144,0.72,1.0303,0.57,1.1619,44
1580000338.351,0.68,1.0608,0.56,1.1646,44
1580000338.548,0.7,1.035,0.61,1.1309,44
1580000338.743,0.72,1.023,0.59,1.135,44
1580000338.938,0.7,1.0397,0.59,1.1355,44
1580000339.133,0.74,1.0058,0.6,1.1308,44
1580000339.328,0.73,1.0117,0.62,1.125,44
1580000339.491,0.73,1.0162,0.61,1.1247,44
1580000339.697,0.71,1.0249,0.62,1.1268,45
1580000339.892,0.69,1.0538,0.59,1.136,45
1580000340.099,0.72,1.0318,0.59,1.1396,45
1580000340.303,0.74,1.0025,0.59,1.1308,45
1580000340.499,0.73,1.016,0.6,1.1283,45
1580000340.696,0.74,1.003,0.6,1.1267,45
1580000340.894,0.72,1.022,0.61,1.1288,45
1580000341.089,0.7,1.0373,0.6,1.1368,45
1580000341.284,0.7,1.0421,0.59,1.1502,45
1580000341.479,0.71,1.0299,0.58,1.1581,45
1580000341.676,0.71,1.0288,0.61,1.141,45
1580000341.868,0.71,1.0307,0.58,1.1388,45
1580000342.064,0.73,1.0178,0.6,1.1444,45
1580000342.26,0.72,1.0187,0.61,1.1346,45
1580000342.421,0.71,1.0323,0.59,1.1385,45
1580000342.617,0.72,1.027,0.57,1.1559,46
1580000342.815,0.68,1.0601,0.53,1.1843,46
1580000343.014,0.69,1.0537,0.59,1.1642,46
1580000343.21,0.74,1.0077,0.59,1.1448,46
1580000343.404,0.73,1.0079,0.58,1.1483,46
1580000343.6,0.71,1.0275,0.6,1.1395,46
1580000343.801,0.69,1.054,0.61,1.1297,46
1580000343.995,0.71,1.0323,0.57,1.1594,46
1580000344.192,0.7,1.0437,0.54,1.1836,46
1580000344.39,0.69,1.0484,0.57,1.1635,46
1580000344.585,0.7,1.0409,0.61,1.1299,46
1580000344.781,0.71,1.0329,0.57,1.1512,46
1580000344.984,0.74,1.0041,0.57,1.148,46
1580000345.18,0.72,1.0237,0.57,1.1494,46
1580000345.345,0.71,1.0348,0.59,1.1345,46
1580000345.541,0.73,1.0172,0.6,1.1321,47
1580000345.737,0.68,1.0568,0.6,1.1423,47
1580000345.931,0.67,1.0564,0.54,1.1675,47
1580000346.139,0.74,1.0043,0.6,1.1532,47
1580000346.348,0.71,1.0317,0.6,1.1403,47
1580000346.556,0.74,1.0058,0.57,1.1475,47
1580000346.764,0.71,1.0309,0.61,1.1335,47
1580000346.961,0.66,1.0717,0.62,1.127,47
1580000347.155,0.66,1.0813,0.59,1.1375,47
1580000347.352,0.72,1.02,0.57,1.1636,47
1580000347.549,0.7,1.0376,0.55,1.18,47
1580000347.741,0.67,1.0638,0.55,1.1924,47
1580000347.95,0.69,1.0509,0.54,1.1711,47
1580000348.143,0.72,1.0239,0.58,1.1476,47
1580000348.305,0.72,1.0226,0.6,1.1375,47
1580000348.502,0.71,1.0309,0.61,1.1467,48
1580000348.701,0.67,1.0726,0.59,1.1478,48
1580000348.896,0.66,1.0681,0.58,1.1527,48
1580000349.089,0.73,1.0092,0.59,1.1443,48
1580000349.283,0.72,1.02,0.58,1.1623,48
1580000349.476,0.72,1.013,0.56,1.1643,48
1580000349.671,0.71,1.036,0.6,1.1372,48
1580000349.863,0.7,1.0419,0.62,1.1253,48
1580000350.058,0.68,1.0545,0.62,1.1285,48
1580000350.251,0.71,1.0314,0.6,1.1364,48
1580000350.446,0.71,1.036,0.59,1.1431,48
1580000350.643,0.7,1.0312,0.6,1.1411,48
1580000350.838,0.72,1.0162,0.63,1.132,48
1580000351.034,0.72,1.0227,0.58,1.1509,48
1580000351.194,0.7,1.0422,0.63,1.1175,48
1580000351.394,0.72,1.0292,0.6,1.138,49
1580000351.589,0.68,1.063,0.59,1.1589,49
1580000351.784,0.67,1.0701,0.57,1.18,49
1580000351.988,0.71,1.0234,0.57,1.1674,49
1580000352.183,0.68,1.0531,0.59,1.1463,49
1580000352.376,0.73,1.0151,0.62,1.1308,49
1580000352.57,0.72,1.0187,0.6,1.1368,49
1580000352.766,0.69,1.0496,0.59,1.1483,49
1580000352.961,0.69,1.0449,0.58,1.1697,49
1580000353.156,0.68,1.0534,0.56,1.1765,49
1580000353.349,0.72,1.0272,0.58,1.161,49
1580000353.549,0.71,1.0306,0.59,1.1438,49
1580000353.742,0.73,1.0054,0.62,1.1311,49
1580000353.939,0.73,1.0083,0.59,1.1393,49
1580000354.101,0.72,1.0267,0.6,1.135,49
1580000354.298,0.73,1.0189,0.58,1.139,50
1580000354.493,0.7,1.0353,0.59,1.1483,50
1580000354.687,0.7,1.0361,0.56,1.1554,50
1580000354.883,0.75,0.9933,0.6,1.1461,50
1580000355.085,0.73,1.0157,0.62,1.1324,50
1580000355.277,0.75,0.9991,0.61,1.1253,50
1580000355.473,0.72,1.0172,0.61,1.1198,50
1580000355.667,0.71,1.0357,0.61,1.1247,50
1580000355.862,0.7,1.0451,0.59,1.1319,50
1580000356.056,0.73,1.0172,0.58,1.1464,50
1580000356.249,0.72,1.0192,0.55,1.17,50
1580000356.443,0.7,1.0369,0.58,1.1627,50
1580000356.634,0.73,1.0142,0.59,1.1303,50
1580000356.828,0.75,0.9968,0.61,1.1271,50
1580000356.989,0.74,1.0101,0.6,1.1304,50
1580000357.186,0.71,1.0334,0.61,1.1252,51
1580000357.381,0.69,1.0433,0.61,1.1246,51
1580000357.574,0.72,1.0296,0.61,1.1354,51
1580000357.77,0.76,0.9892,0.59,1.1516,51
1580000357.966,0.73,1.0147,0.55,1.1586,51
1580000358.167,0.73,1.01,0.59,1.1375,51
1580000358.368,0.74,1.0118,0.6,1.1387,51
1580000358.562,0.7,1.0389,0.6,1.1375,51
1580000358.767,0.69,1.0548,0.6,1.1342,51
1580000358.964,0.72,1.0239,0.61,1.1302,51
1580000359.163,0.73,1.0125,0.58,1.1491,51
1580000359.357,0.72,1.0241,0.58,1.1551,51
1580000359.55,0.74,1.0049,0.58,1.1446,51
1580000359.744,0.74,1.0007,0.61,1.1273,51
1580000359.906,0.73,1.0109,0.61,1.1241,51
1580000360.103,0.72,1.0231,0.62,1.122,52
1580000360.298,0.7,1.0459,0.61,1.1274,52
1580000360.501,0.68,1.0553,0.61,1.1256,52
1580000360.693,0.74,0.9997,0.63,1.1229,52
1580000360.887,0.73,1.0138,0.6,1.1404,52
1580000361.08,0.75,0.9966,0.61,1.1341,52
1580000361.28,0.71,1.0272,0.61,1.1373,52
1580000361.474,0.69,1.0464,0.61,1.1346,52
1580000361.667,0.7,1.0407,0.62,1.1234,52
1580000361.861,0.71,1.0246,0.63,1.1146,52
1580000362.057,0.71,1.0255,0.59,1.1377,52
1580000362.255,0.72,1.0211,0.55,1.1707,52
1580000362.448,0.7,1.0445,0.6,1.1428,52
1580000362.642,0.74,1.0095,0.6,1.1302,52
1580000362.804,0.73,1.009,0.59,1.1481,52
1580000362.998,0.69,1.0443,0.58,1.1691,53
1580000363.196,0.65,1.0881,0.59,1.1451,53
1580000363.389,0.66,1.0748,0.61,1.1303,53
1580000363.583,0.76,0.9839,0.58,1.1559,53
1580000363.777,0.71,1.0255,0.54,1.191,53
1580000363.97,0.69,1.0507,0.61,1.1417,53
1580000364.165,0.69,1.0486,0.59,1.1518,53
1580000364.367,0.71,1.0337,0.57,1.164,53
1580000364.56,0.68,1.0535,0.56,1.182,53
1580000364.754,0.69,1.0588,0.58,1.1494,53
1580000364.945,0.66,1.0789,0.61,1.1305,53
1580000365.139,0.69,1.046,0.58,1.1543,53
1580000365.335,0.72,1.019,0.56,1.1778,53
1580000365.528,0.7,1.0315,0.59,1.1544,53
1580000365.689,0.67,1.0644,0.6,1.1341,53
1580000365.886,0.71,1.0316,0.59,1.1358,54
1580000366.079,0.7,1.0421,0.6,1.1356,54
1580000366.275,0.68,1.0607,0.62,1.135,54
1580000366.469,0.72,1.0158,0.62,1.1248,54
1580000366.664,0.69,1.0462,0.6,1.1368,54
1580000366.861,0.74,1.0104,0.59,1.1581,54
1580000367.053,0.71,1.0321,0.59,1.1514,54
1580000367.247,0.69,1.0527,0.59,1.1432,54
1580000367.449,0.69,1.0414,0.58,1.1483,54
1580000367.644,0.7,1.0416,0.57,1.1537,54
1580000367.84,0.7,1.0368,0.58,1.1498,54
1580000368.035,0.71,1.0324,0.6,1.1472,54
1580000368.253,0.74,0.9957,0.55,1.1687,54
1580000368.452,0.73,1.0102,0.55,1.1776,54
1580000368.612,0.71,1.0315,0.57,1.1645,54
1580000368.808,0.73,1.0156,0.58,1.1549,55
1580000369.001,0.71,1.0296,0.58,1.1546,55
1580000369.195,0.7,1.0398,0.58,1.15,55
1580000369.392,0.73,1.0066,0.59,1.1478,55
1580000369.585,0.73,1.0121,0.56,1.1543,55
1580000369.78,0.76,0.9869,0.55,1.1667,55
1580000369.971,0.72,1.0272,0.56,1.1715,55
1580000370.166,0.69,1.0524,0.61,1.1377,55
1580000370.358,0.69,1.0409,0.62,1.1274,55
1580000370.551,0.72,1.0222,0.62,1.1294,55
1580000370.742,0.69,1.045,0.61,1.1306,55
1580000370.935,0.7,1.0412,0.6,1.1388,55
1580000371.128,0.75,0.9939,0.59,1.1436,55
1580000371.322,0.73,1.011,0.58,1.1425,55
1580000371.489,0.73,1.0187,0.57,1.1478,55
1580000371.684,0.73,1.009,0.59,1.139,56
1580000371.876,0.7,1.0411,0.61,1.1341,56
1580000372.071,0.7,1.0386,0.6,1.134,56
1580000372.263,0.76,0.9884,0.59,1.1381,56
1580000372.457,0.72,1.0195,0.59,1.1396,56
1580000372.65,0.76,0.992,0.58,1.1453,56
1580000372.844,0.71,1.0273,0.59,1.1487,56
1580000373.037,0.68,1.0561,0.6,1.1422,56
1580000373.229,0.7,1.0386,0.58,1.1457,56
1580000373.422,0.73,1.0144,0.62,1.1299,56
1580000373.618,0.71,1.0322,0.61,1.1301,56
1580000373.812,0.69,1.0413,0.6,1.1299,56
1580000374.003,0.74,0.9979,0.59,1.1394,56
1580000374.2,0.75,0.9911,0.58,1.1441,56
1580000374.364,0.73,1.0159,0.59,1.1451,56
1580000374.562,0.7,1.0322,0.61,1.13,57
1580000374.757,0.69,1.0484,0.59,1.1401,57
1580000374.951,0.71,1.0292,0.59,1.1395,57
1580000375.146,0.76,0.9819,0.6,1.1359,57
1580000375.338,0.73,1.0113,0.6,1.1356,57
1580000375.532,0.75,0.9948,0.6,1.1468,57
1580000375.725,0.73,1.0121,0.59,1.1494,57
1580000375.919,0.73,1.0189,0.61,1.1371,57
1580000376.11,0.73,1.0149,0.61,1.132,57
1580000376.304,0.72,1.0178,0.59,1.1342,57
1580000376.497,0.74,1.0049,0.6,1.1375,57
1580000376.692,0.73,1.0154,0.59,1.1407,57
1580000376.886,0.77,0.9774,0.59,1.1423,57
1580000377.08,0.74,0.9992,0.59,1.1445,57
1580000377.241,0.74,1.0048,0.59,1.1369,57
1580000377.438,0.75,0.9964,0.62,1.1296,58
1580000377.63,0.71,1.0287,0.61,1.1302,58
1580000377.825,0.73,1.018,0.6,1.1343,58
1580000378.019,0.77,0.9731,0.61,1.1352,58
1580000378.215,0.75,0.9927,0.59,1.1357,58
1580000378.43,0.77,0.979,0.57,1.1414,58
1580000378.632,0.73,1.0101,0.59,1.1432,58
1580000378.825,0.73,1.0147,0.59,1.1382,58
1580000379.022,0.74,1.0085,0.6,1.1349,58
1580000379.221,0.73,1.0094,0.6,1.1349,58
1580000379.415,0.72,1.012,0.62,1.1248,58
1580000379.614,0.73,1.0099,0.62,1.1287,58
1580000379.809,0.77,0.9769,0.6,1.1402,58
1580000380.002,0.76,0.9863,0.59,1.1434,58
1580000380.167,0.74,1.004,0.6,1.1368,58
1580000380.362,0.75,0.996,0.61,1.1289,59
1580000380.558,0.73,1.0179,0.61,1.1308,59
1580000380.759,0.72,1.018,0.59,1.1341,59
1580000380.95,0.78,0.9635,0.59,1.1363,59
1580000381.146,0.74,0.9984,0.6,1.1296,59
1580000381.34,0.77,0.9759,0.62,1.1272,59
1580000381.537,0.75,1.0042,0.6,1.135,59
1580000381.742,0.74,1.0074,0.59,1.1312,59
1580000381.936,0.74,1.0099,0.6,1.1315,59
1580000382.129,0.74,1.0019,0.6,1.1324,59
1580000382.329,0.74,1.0089,0.61,1.1345,59
1580000382.524,0.73,1.0152,0.6,1.1372,59
1580000382.719,0.77,0.9787,0.59,1.1439,59
1580000382.915,0.76,0.9837,0.59,1.1415,59
1580000383.077,0.74,1.0056,0.59,1.1426,59
1580000383.276,0.74,1.0003,0.59,1.1309,60
1580000383.474,0.73,1.0149,0.6,1.1319,60
1580000383.668,0.73,1.0178,0.61,1.1316,60
1580000383.867,0.77,0.9733,0.6,1.1348,60
1580000384.063,0.73,1.0054,0.6,1.1441,60
1580000384.255,0.76,0.9816,0.59,1.1427,60
1580000384.456,0.72,1.0142,0.59,1.1436,60
1580000384.651,0.72,1.0296,0.6,1.1364,60
1580000384.853,0.73,1.0093,0.61,1.1314,60
1580000385.045,0.74,1.0032,0.62,1.1259,60
1580000385.241,0.72,1.0188,0.6,1.1337,60
1580000385.435,0.71,1.0304,0.6,1.1384,60
1580000385.629,0.74,0.9985,0.59,1.1384,60
1580000385.828,0.75,0.9917,0.61,1.1299,60
1580000385.989,0.74,1.0056,0.61,1.1275,60
1580000386.186,0.74,1.0006,0.6,1.1288,61
1580000386.379,0.72,1.0257,0.6,1.1318,61
1580000386.575,0.73,1.0147,0.6,1.1272,61
1580000386.767,0.77,0.9707,0.61,1.1222,61
1580000386.965,0.72,1.0123,0.61,1.1263,61
1580000387.161,0.74,1.0002,0.59,1.1306,61
1580000387.357,0.72,1.0174,0.61,1.1268,61
1580000387.553,0.72,1.0187,0.61,1.1261,61
1580000387.748,0.74,1.0032,0.61,1.133,61
1580000387.948,0.72,1.0171,0.61,1.1415,61
1580000388.141,0.69,1.0435,0.62,1.1286,61
1580000388.337,0.72,1.0253,0.6,1.1372,61
1580000388.541,0.76,0.9787,0.6,1.1398,61
1580000388.744,0.75,0.9888,0.59,1.1397,61
1580000388.906,0.72,1.0135,0.6,1.1386,61
1580000389.108,0.74,1.0054,0.59,1.1449,62
1580000389.302,0.73,1.0122,0.57,1.1431,62
1580000389.496,0.74,1.0049,0.61,1.1313,62
1580000389.693,0.77,0.9738,0.6,1.1274,62
1580000389.887,0.73,1.0064,0.62,1.1246,62
1580000390.081,0.77,0.9766,0.61,1.1244,62
1580000390.274,0.75,0.9923,0.62,1.125,62
1580000390.477,0.72,1.0164,0.61,1.1247,62
1580000390.669,0.73,1.0113,0.6,1.1214,62
1580000390.865,0.74,1.0076,0.62,1.1188,62
1580000391.058,0.74,1.0008,0.61,1.126,62
1580000391.254,0.73,1.0122,0.61,1.1348,62
1580000391.448,0.77,0.9783,0.6,1.1309,62
1580000391.64,0.76,0.9816,0.61,1.1318,62
1580000391.804,0.75,0.9976,0.6,1.1355,62
1580000392.0,0.75,0.9911,0.58,1.1469,63
1580000392.192,0.73,1.0139,0.59,1.1493,63
1580000392.386,0.72,1.0185,0.59,1.1373,63
1580000392.578,0.78,0.9604,0.64,1.116,63
1580000392.772,0.75,0.99,0.62,1.1276,63
1580000392.965,0.76,0.9804,0.61,1.1369,63
1580000393.161,0.75,0.992,0.6,1.1314,63
1580000393.357,0.74,1.0022,0.59,1.1375,63
1580000393.549,0.75,0.9972,0.59,1.1435,63
1580000393.745,0.73,1.011,0.59,1.1426,63
1580000393.942,0.73,1.0064,0.61,1.13,63
1580000394.137,0.74,1.0001,0.6,1.1446,63
1580000394.332,0.77,0.973,0.57,1.1595,63
1580000394.525,0.75,0.9908,0.6,1.1426,63
1580000394.686,0.74,0.999,0.59,1.13,63
1580000394.882,0.76,0.9863,0.61,1.1365,64
1580000395.076,0.72,1.0167,0.58,1.1551,64
1580000395.275,0.72,1.0207,0.59,1.1553,64
1580000395.468,0.78,0.965,0.6,1.1373,64
1580000395.661,0.76,0.9857,0.6,1.136,64
1580000395.855,0.77,0.9731,0.59,1.1345,64
1580000396.051,0.75,0.9914,0.61,1.1202,64
1580000396.245,0.74,1.0108,0.63,1.1117,64
1580000396.44,0.75,1.0001,0.62,1.1178,64
1580000396.633,0.74,1.0016,0.61,1.1271,64
1580000396.829,0.74,1.001,0.61,1.1167,64
1580000397.023,0.73,1.005,0.6,1.1353,64
1580000397.222,0.75,0.9938,0.6,1.1362,64
1580000397.416,0.77,0.9808,0.61,1.13,64
1580000397.577,0.74,1.0013,0.61,1.1225,64
1580000397.78,0.74,1.0044,0.6,1.1267,65
1580000397.975,0.72,1.0241,0.62,1.1277,65
1580000398.174,0.74,1.0029,0.58,1.1532,65
1580000398.381,0.77,0.9712,0.58,1.1513,65
1580000398.576,0.76,0.9893,0.59,1.139,65
1580000398.771,0.75,0.9866,0.6,1.1371,65
1580000398.966,0.75,0.9901,0.6,1.131,65
1580000399.161,0.74,1.0064,0.61,1.1319,65
1580000399.356,0.73,1.0125,0.62,1.1415,65
1580000399.548,0.72,1.0204,0.61,1.1251,65
1580000399.742,0.74,1.0018,0.6,1.1333,65
1580000399.936,0.74,1.0012,0.57,1.1639,65
1580000400.147,0.75,0.9965,0.58,1.1573,65
1580000400.339,0.75,0.9968,0.6,1.1332,65
1580000400.5,0.76,0.9866,0.61,1.1259,65
1580000400.698,0.76,0.9876,0.59,1.1323,66
1580000400.89,0.72,1.021,0.6,1.1343,66
1580000401.085,0.75,1.0059,0.61,1.1349,66
1580000401.287,0.79,0.9604,0.61,1.1318,66
1580000401.481,0.77,0.9769,0.59,1.1373,66
1580000401.673,0.76,0.9816,0.59,1.1419,66
1580000401.868,0.74,1.001,0.61,1.1302,66
1580000402.061,0.74,1.0024,0.61,1.1252,66
1580000402.255,0.75,0.9947,0.59,1.1393,66
1580000402.448,0.75,1.0001,0.58,1.1533,66
1580000402.642,0.71,1.0331,0.58,1.1468,66
1580000402.835,0.72,1.0169,0.57,1.1508,66
1580000403.028,0.78,0.9617,0.57,1.1724,66
1580000403.225,0.76,0.9823,0.56,1.1731,66
1580000403.386,0.73,1.0157,0.59,1.1559,66
1580000403.58,0.74,1.0025,0.59,1.1482,67
1580000403.776,0.73,1.0091,0.57,1.1588,67
1580000403.969,0.74,1.0011,0.56,1.1531,67
1580000404.163,0.78,0.9705,0.6,1.139,67
1580000404.368,0.75,0.9927,0.59,1.1379,67
1580000404.562,0.77,0.9689,0.6,1.1342,67
1580000404.754,0.75,0.9876,0.6,1.1343,67
1580000404.949,0.72,1.0142,0.59,1.1335,67
1580000405.14,0.73,1.0136,0.61,1.1282,67
1580000405.336,0.74,1.0019,0.61,1.1266,67
1580000405.532,0.74,1.0003,0.6,1.123,67
1580000405.724,0.73,1.0117,0.6,1.1346,67
1580000405.918,0.76,0.9874,0.57,1.1613,67
1580000406.121,0.76,0.9837,0.59,1.1459,67
1580000406.296,0.74,1.0041,0.59,1.1396,67
1580000406.512,0.73,1.0019,0.58,1.1507,68
1580000406.718,0.72,1.0218,0.56,1.1638,68
1580000406.913,0.71,1.0267,0.59,1.1601,68
1580000407.105,0.78,0.9674,0.61,1.136,68
1580000407.3,0.76,0.9835,0.59,1.1461,68
1580000407.499,0.75,0.9889,0.56,1.1628,68
1580000407.695,0.74,1.0091,0.6,1.1325,68
1580000407.891,0.74,1.0111,0.63,1.1206,68
1580000408.088,0.76,0.9921,0.6,1.1332,68
1580000408.281,0.72,1.017,0.62,1.1308,68
1580000408.487,0.74,1.002,0.62,1.123,68
1580000408.69,0.74,0.9998,0.58,1.1523,68
1580000408.899,0.75,0.9834,0.57,1.1602,68
1580000409.092,0.76,0.9853,0.56,1.1523,68
1580000409.255,0.74,1.0033,0.57,1.1362,68
1580000409.453,0.74,1.0022,0.63,1.126,69
1580000409.649,0.72,1.024,0.6,1.1395,69
1580000409.846,0.72,1.0239,0.58,1.1504,69
1580000410.039,0.76,0.9844,0.61,1.1364,69
1580000410.237,0.74,1.0027,0.61,1.1387,69
1580000410.434,0.77,0.9738,0.59,1.1419,69
1580000410.627,0.74,0.9959,0.61,1.1267,69
1580000410.825,0.73,1.021,0.65,1.1027,69
1580000411.022,0.72,1.0182,0.62,1.1099,69
1580000411.216,0.73,1.0142,0.63,1.1168,69
1580000411.416,0.71,1.0305,0.63,1.1234,69
1580000411.616,0.73,1.0127,0.59,1.1345,69
1580000411.813,0.75,0.9901,0.57,1.1631,69
1580000412.007,0.73,1.0086,0.56,1.1677,69
1580000412.168,0.72,1.0247,0.59,1.135,69
1580000412.365,0.76,0.9875,0.62,1.1171,70
1580000412.567,0.73,1.0117,0.63,1.1235,70
1580000412.763,0.69,1.0429,0.62,1.1415,70
1580000412.957,0.75,0.9926,0.57,1.1512,70
1580000413.152,0.73,1.0094,0.55,1.1682,70
1580000413.344,0.78,0.9662,0.52,1.1918,70
1580000413.542,0.71,1.0234,0.52,1.2135,70
1580000413.739,0.69,1.0539,0.58,1.1604,70
1580000413.933,0.71,1.0212,0.6,1.1349,70
1580000414.129,0.75,0.9963,0.6,1.1485,70
1580000414.325,0.72,1.0174,0.59,1.1541,70
1580000414.52,0.71,1.0335,0.6,1.1434,70
1580000414.715,0.75,0.99,0.59,1.1409,70
1580000414.909,0.77,0.9818,0.57,1.153,70
1580000415.072,0.75,0.9983,0.57,1.1788,70
1580000415.267,0.69,1.0438,0.58,1.1548,71
1580000415.461,0.69,1.0497,0.62,1.1182,71
1580000415.663,0.75,0.9983,0.6,1.1404,71
1580000415.862,0.77,0.9769,0.58,1.1523,71
1580000416.055,0.71,1.0243,0.61,1.1346,71
1580000416.251,0.74,0.9975,0.58,1.1552,71
1580000416.445,0.75,0.9974,0.57,1.1646,71
1580000416.64,0.72,1.025,0.59,1.1637,71
1580000416.836,0.71,1.0289,0.58,1.1467,71
1580000417.03,0.72,1.0171,0.6,1.1324,71
1580000417.225,0.75,0.9912,0.61,1.1371,71
1580000417.42,0.72,1.0175,0.59,1.1484,71
1580000417.614,0.75,0.9923,0.61,1.1339,71
1580000417.81,0.76,0.982,0.63,1.1154,71
1580000417.974,0.76,0.99,0.62,1.1245,71
1580000418.172,0.75,0.9945,0.58,1.1447,72
1580000418.375,0.71,1.036,0.61,1.1348,72
1580000418.569,0.73,1.0135,0.61,1.1207,72
1580000418.778,0.78,0.9601,0.63,1.1186,72
1580000418.974,0.76,0.9807,0.62,1.1304,72
1580000419.171,0.75,0.9898,0.62,1.1314,72
1580000419.371,0.74,1.0052,0.62,1.1285,72
1580000419.562,0.75,1.0013,0.62,1.1237,72
1580000419.763,0.75,0.9933,0.59,1.1453,72
1580000419.965,0.74,1.0027,0.59,1.1481,72
1580000420.159,0.74,0.9947,0.61,1.1332,72
1580000420.355,0.74,0.9975,0.61,1.1279,72
1580000420.551,0.78,0.963,0.62,1.1231,72
1580000420.755,0.77,0.9749,0.61,1.1255,72
1580000420.916,0.74,1.0002,0.62,1.1237,72
1580000421.113,0.76,0.9883,0.61,1.1206,73
1580000421.307,0.73,1.0119,0.61,1.116,73
1580000421.501,0.75,0.9943,0.62,1.113,73
1580000421.697,0.8,0.95,0.63,1.1145,73
1580000421.89,0.77,0.9716,0.61,1.1204,73
1580000422.085,0.77,0.9684,0.61,1.1172,73
1580000422.277,0.76,0.9816,0.64,1.1058,73
1580000422.472,0.75,0.9925,0.65,1.11,73
1580000422.665,0.76,0.9909,0.63,1.1155,73
1580000422.865,0.76,0.9877,0.63,1.1073,73
1580000423.059,0.77,0.9751,0.65,1.0941,73
1580000423.258,0.76,0.9885,0.64,1.1098,73
1580000423.452,0.78,0.965,0.62,1.113,73
1580000423.646,0.77,0.9737,0.64,1.1011,73
1580000423.807,0.75,0.9885,0.63,1.1126,73
1580000424.003,0.77,0.9742,0.62,1.1223,74
1580000424.199,0.73,1.0094,0.62,1.1226,74
1580000424.394,0.74,0.9976,0.61,1.1224,74
1580000424.589,0.8,0.9435,0.61,1.1292,74
1580000424.787,0.77,0.9719,0.61,1.1303,74
1580000424.982,0.78,0.9614,0.6,1.131,74
1580000425.175,0.75,0.9879,0.62,1.1154,74
1580000425.373,0.75,0.9888,0.63,1.1095,74
1580000425.568,0.75,0.9923,0.65,1.101,74
1580000425.762,0.75,0.9912,0.66,1.0942,74
1580000425.964,0.75,0.9869,0.64,1.0941,74
1580000426.16,0.75,0.9905,0.62,1.1038,74
1580000426.355,0.79,0.9563,0.61,1.1209,74
1580000426.546,0.77,0.9719,0.62,1.1161,74
1580000426.709,0.74,0.9987,0.65,1.0953,74
1580000426.908,0.77,0.9748,0.65,1.0998,75
1580000427.103,0.74,1.0035,0.63,1.1106,75
1580000427.297,0.74,1.0018,0.61,1.1158,75
1580000427.494,0.79,0.9532,0.63,1.1156,75
1580000427.693,0.76,0.9878,0.63,1.1101,75
1580000427.887,0.78,0.9565,0.62,1.1266,75
1580000428.081,0.77,0.9803,0.61,1.1376,75
1580000428.273,0.74,0.9997,0.6,1.1454,75
1580000428.468,0.75,0.9909,0.64,1.1177,75
1580000428.66,0.76,0.9929,0.65,1.1043,75
1580000428.853,0.77,0.9729,0.63,1.1066,75
1580000429.054,0.75,0.9949,0.62,1.1085,75
1580000429.245,0.77,0.9726,0.63,1.1123,75
1580000429.44,0.78,0.9671,0.61,1.1159,75
1580000429.599,0.76,0.9839,0.58,1.1359,75
1580000429.793,0.75,0.9853,0.59,1.1382,76
1580000429.988,0.74,1.0046,0.61,1.1184,76
1580000430.179,0.76,0.9848,0.66,1.0973,76
1580000430.374,0.81,0.9382,0.63,1.1144,76
1580000430.567,0.76,0.9777,0.63,1.1209,76
1580000430.762,0.77,0.9717,0.61,1.1218,76
1580000430.958,0.76,0.9818,0.62,1.1245,76
1580000431.151,0.76,0.9786,0.59,1.1426,76
1580000431.347,0.76,0.9812,0.57,1.1593,76
1580000431.541,0.73,1.0081,0.6,1.1428,76
1580000431.734,0.78,0.9745,0.63,1.119,76
1580000431.932,0.76,0.9844,0.63,1.1166,76
1580000432.128,0.79,0.9576,0.62,1.1159,76
1580000432.321,0.77,0.975,0.63,1.112,76
1580000432.482,0.76,0.9888,0.62,1.119,76
1580000432.677,0.77,0.9702,0.61,1.128,77
1580000432.872,0.76,0.9934,0.62,1.1369,77
1580000433.067,0.76,0.9859,0.6,1.1347,77
1580000433.261,0.8,0.9409,0.6,1.13,77
1580000433.455,0.78,0.9642,0.58,1.1376,77
1580000433.65,0.79,0.9585,0.58,1.1435,77
1580000433.844,0.76,0.983,0.61,1.1345,77
1580000434.043,0.76,0.9821,0.62,1.1347,77
1580000434.239,0.77,0.9792,0.58,1.1541,77
1580000434.432,0.74,1.0006,0.57,1.1618,77
1580000434.627,0.76,0.9867,0.61,1.135,77
1580000434.819,0.77,0.9815,0.61,1.1231,77
1580000435.013,0.8,0.9492,0.61,1.1261,77
1580000435.211,0.78,0.9685,0.63,1.1038,77
1580000435.372,0.76,0.9878,0.64,1.0934,77
1580000435.566,0.78,0.9679,0.63,1.1071,78
1580000435.762,0.75,0.9999,0.62,1.122,78
1580000435.956,0.76,0.98,0.6,1.1334,78
1580000436.154,0.81,0.9419,0.62,1.1265,78
1580000436.349,0.78,0.9654,0.59,1.1325,78
1580000436.541,0.79,0.9597,0.61,1.1225,78
1580000436.74,0.77,0.9746,0.59,1.1322,78
1580000436.933,0.76,0.9854,0.6,1.147,78
1580000437.126,0.76,0.9868,0.56,1.1633,78
1580000437.322,0.77,0.9837,0.58,1.1565,78
1580000437.514,0.77,0.9807,0.6,1.141,78
1580000437.709,0.76,0.9827,0.61,1.1291,78
1580000437.901,0.8,0.9523,0.64,1.1153,78
1580000438.102,0.78,0.9657,0.63,1.109,78
1580000438.27,0.76,0.9827,0.65,1.096,78
1580000438.465,0.78,0.967,0.65,1.0964,79
1580000438.669,0.74,0.9966,0.63,1.0991,79
1580000438.863,0.76,0.9786,0.62,1.1138,79
1580000439.056,0.8,0.9418,0.62,1.1194,79
1580000439.254,0.78,0.9654,0.6,1.1275,79
1580000439.45,0.79,0.9602,0.6,1.1324,79
1580000439.642,0.76,0.9831,0.61,1.126,79
1580000439.836,0.76,0.9826,0.6,1.138,79
1580000440.027,0.76,0.9871,0.58,1.1585,79
1580000440.223,0.76,0.9877,0.57,1.1714,79
1580000440.419,0.75,0.9955,0.56,1.175,79
1580000440.611,0.75,0.9899,0.58,1.1554,79
1580000440.805,0.79,0.9597,0.58,1.1482,79
1580000440.997,0.76,0.9826,0.6,1.1429,79
1580000441.161,0.75,0.9955,0.61,1.1234,79
1580000441.366,0.77,0.9808,0.6,1.1279,80
1580000441.564,0.73,1.0084,0.62,1.1175,80
1580000441.762,0.76,0.9846,0.64,1.0969,80
1580000441.957,0.8,0.9446,0.65,1.0883,80
1580000442.154,0.76,0.9741,0.64,1.1044,80
1580000442.357,0.79,0.9593,0.64,1.1076,80
1580000442.555,0.75,0.9924,0.64,1.1043,80
1580000442.754,0.75,0.9921,0.62,1.1115,80
1580000442.955,0.76,0.9842,0.61,1.1178,80
1580000443.15,0.75,0.9939,0.61,1.1248,80
1580000443.346,0.77,0.9758,0.62,1.1237,80
1580000443.547,0.75,0.9968,0.63,1.1182,80
1580000443.746,0.78,0.962,0.6,1.1399,80
1580000443.939,0.77,0.9735,0.57,1.1569,80
1580000444.101,0.75,0.9888,0.6,1.1391,80
1580000444.302,0.76,0.9878,0.6,1.1406,81
1580000444.499,0.73,1.0138,0.59,1.1438,81
1580000444.697,0.74,1.0003,0.61,1.1347,81
1580000444.895,0.79,0.9509,0.62,1.1196,81
1580000445.091,0.77,0.9727,0.62,1.1248,81
1580000445.289,0.77,0.9728,0.58,1.1483,81
1580000445.483,0.73,1.0069,0.6,1.1376,81
1580000445.681,0.76,0.9839,0.6,1.1349,81
1580000445.878,0.77,0.9733,0.59,1.1472,81
1580000446.077,0.73,1.0081,0.58,1.1573,81
1580000446.274,0.77,0.9774,0.6,1.1464,81
1580000446.481,0.76,0.9854,0.6,1.1544,81
1580000446.673,0.79,0.9538,0.57,1.1621,81
1580000446.874,0.77,0.9691,0.57,1.1629,81
1580000447.036,0.75,0.9931,0.56,1.1728,81
1580000447.236,0.76,0.9862,0.58,1.1467,82
1580000447.436,0.75,0.9954,0.61,1.1302,82
1580000447.638,0.76,0.9819,0.57,1.1477,82
1580000447.841,0.79,0.9591,0.61,1.1332,82
1580000448.044,0.77,0.9757,0.6,1.1354,82
1580000448.248,0.8,0.9469,0.62,1.1295,82
1580000448.448,0.77,0.973,0.6,1.1373,82
1580000448.651,0.76,0.9849,0.59,1.1364,82
1580000448.85,0.75,0.9919,0.59,1.1291,82
1580000449.047,0.76,0.9854,0.6,1.131,82
1580000449.247,0.78,0.9615,0.6,1.1265,82
1580000449.451,0.77,0.9809,0.6,1.1465,82
1580000449.65,0.78,0.9676,0.62,1.1273,82
1580000449.846,0.78,0.97,0.65,1.1046,82
1580000450.005,0.75,0.9849,0.6,1.1309,82
1580000450.2,0.77,0.9793,0.6,1.1429,83
1580000450.399,0.74,1.0047,0.6,1.1423,83
1580000450.603,0.76,0.9822,0.61,1.1176,83
1580000450.804,0.82,0.9301,0.63,1.1169,83
1580000450.999,0.77,0.9681,0.63,1.1211,83
1580000451.192,0.79,0.9557,0.62,1.1151,83
1580000451.391,0.78,0.9665,0.63,1.11,83
1580000451.593,0.77,0.9732,0.64,1.107,83
1580000451.792,0.76,0.9865,0.62,1.1166,83
1580000451.988,0.75,0.9926,0.61,1.125,83
1580000452.185,0.77,0.9774,0.61,1.1277,83
1580000452.383,0.77,0.9736,0.59,1.1473,83
1580000452.582,0.79,0.9627,0.59,1.1509,83
1580000452.783,0.77,0.9746,0.61,1.129,83
1580000452.943,0.75,0.9897,0.62,1.1199,83
1580000453.139,0.78,0.962,0.58,1.1521,84
1580000453.339,0.74,1.0017,0.57,1.165,84
1580000453.535,0.74,0.9987,0.55,1.1712,84
1580000453.73,0.81,0.9369,0.61,1.1331,84
1580000453.924,0.79,0.9571,0.6,1.1392,84
1580000454.122,0.79,0.9541,0.61,1.1365,84
1580000454.318,0.76,0.9794,0.6,1.124,84
1580000454.511,0.77,0.9795,0.62,1.1285,84
1580000454.711,0.77,0.98,0.59,1.1478,84
1580000454.91,0.76,0.9863,0.57,1.1499,84
1580000455.105,0.76,0.9804,0.6,1.1389,84
1580000455.3,0.77,0.9799,0.61,1.1278,84
1580000455.497,0.79,0.9546,0.64,1.1177,84
1580000455.697,0.79,0.9505,0.63,1.1147,84
1580000455.858,0.76,0.978,0.64,1.1113,84
1580000456.051,0.78,0.9696,0.63,1.1182,85
1580000456.249,0.76,0.9874,0.6,1.1396,85
1580000456.447,0.76,0.9818,0.59,1.1558,85
1580000456.643,0.8,0.9474,0.6,1.1446,85
1580000456.838,0.79,0.9581,0.62,1.1397,85
1580000457.039,0.8,0.9469,0.6,1.1461,85
1580000457.239,0.77,0.9784,0.6,1.1417,85
1580000457.433,0.75,0.9997,0.61,1.1144,85
1580000457.63,0.77,0.976,0.63,1.1091,85
1580000457.828,0.76,0.9818,0.61,1.1217,85
1580000458.02,0.77,0.9703,0.6,1.1393,85
1580000458.219,0.75,0.9859,0.6,1.1429,85
1580000458.426,0.78,0.9571,0.59,1.1392,85
1580000458.623,0.8,0.9479,0.61,1.1315,85
1580000458.789,0.77,0.9754,0.58,1.1489,85
1580000458.986,0.75,0.9903,0.61,1.1344,86
1580000459.182,0.73,1.0112,0.63,1.1041,86
1580000459.378,0.75,0.9895,0.64,1.1115,86
1580000459.575,0.81,0.9323,0.6,1.1416,86
1580000459.774,0.76,0.9807,0.6,1.1423,86
1580000459.97,0.79,0.9531,0.6,1.1339,86
1580000460.179,0.76,0.9802,0.63,1.1224,86
1580000460.376,0.76,0.9824,0.63,1.1168,86
1580000460.572,0.77,0.9797,0.63,1.1113,86
1580000460.772,0.75,0.9926,0.64,1.1031,86
1580000460.97,0.77,0.9778,0.64,1.1002,86
1580000461.17,0.76,0.9814,0.6,1.1317,86
1580000461.368,0.8,0.9448,0.59,1.1535,86
1580000461.565,0.78,0.9639,0.6,1.1488,86
1580000461.733,0.76,0.9887,0.61,1.119,86
1580000461.93,0.77,0.9751,0.6,1.1381,87
1580000462.13,0.76,0.9907,0.59,1.1475,87
1580000462.332,0.74,1.0002,0.58,1.1439,87
1580000462.532,0.79,0.9518,0.57,1.1448,87
1580000462.73,0.76,0.9829,0.56,1.1623,87
1580000462.927,0.78,0.9647,0.58,1.1643,87
1580000463.121,0.75,0.9939,0.62,1.1302,87
1580000463.319,0.76,0.983,0.61,1.1271,87
1580000463.515,0.78,0.9653,0.58,1.1488,87
1580000463.709,0.75,0.9923,0.59,1.1494,87
1580000463.911,0.78,0.9686,0.62,1.1225,87
1580000464.106,0.76,0.9769,0.63,1.1121,87
1580000464.308,0.8,0.9431,0.61,1.1258,87
1580000464.5,0.79,0.9534,0.62,1.13,87
1580000464.663,0.75,0.993,0.59,1.1438,87
1580000464.86,0.77,0.9783,0.59,1.1331,88
1580000465.054,0.76,0.9879,0.62,1.1256,88
1580000465.248,0.78,0.97,0.61,1.1238,88
1580000465.444,0.8,0.9418,0.62,1.12,88
1580000465.636,0.76,0.976,0.63,1.1122,88
1580000465.832,0.8,0.9441,0.6,1.1178,88
1580000466.028,0.79,0.9594,0.61,1.1253,88
1580000466.235,0.78,0.9693,0.61,1.1256,88
1580000466.441,0.76,0.9783,0.63,1.1157,88
1580000466.649,0.76,0.9793,0.63,1.108,88
1580000466.853,0.78,0.9572,0.62,1.1093,88
1580000467.047,0.78,0.9667,0.63,1.1072,88
1580000467.242,0.8,0.9464,0.63,1.1062,88
1580000467.436,0.79,0.9481,0.63,1.1099,88
1580000467.6,0.77,0.9738,0.63,1.1135,88
1580000467.796,0.78,0.966,0.63,1.116,89
1580000467.996,0.76,0.9832,0.63,1.1168,89
1580000468.19,0.78,0.9667,0.62,1.1183,89
1580000468.385,0.82,0.9261,0.61,1.1226,89
1580000468.581,0.79,0.9532,0.61,1.1299,89
1580000468.773,0.81,0.9336,0.59,1.1418,89
1580000468.969,0.79,0.9551,0.59,1.1515,89
1580000469.162,0.78,0.9623,0.6,1.1427,89
1580000469.36,0.79,0.962,0.61,1.1369,89
1580000469.556,0.77,0.9699,0.61,1.1315,89
1580000469.751,0.79,0.9569,0.6,1.1231,89
1580000469.95,0.78,0.9633,0.61,1.1212,89
1580000470.144,0.81,0.9341,0.61,1.1229,89
1580000470.338,0.81,0.94,0.61,1.12,89
1580000470.5,0.78,0.9663,0.62,1.1102,89
1580000470.695,0.8,0.9548,0.65,1.0959,90
1580000470.896,0.77,0.9772,0.64,1.1007,90
1580000471.098,0.79,0.9573,0.62,1.1182,90
1580000471.386,0.82,0.9199,0.61,1.1304,90
1580000471.583,0.8,0.9511,0.62,1.1253,90
1580000471.775,0.81,0.9327,0.61,1.1289,90
1580000471.971,0.79,0.9532,0.58,1.1443,90
1580000472.167,0.79,0.9592,0.58,1.1409,90
1580000472.359,0.79,0.9574,0.61,1.1346,90
1580000472.554,0.78,0.9655,0.59,1.1343,90
1580000472.752,0.79,0.9519,0.6,1.1414,90
1580000472.945,0.79,0.9601,0.59,1.1429,90
1580000473.154,0.82,0.927,0.61,1.1317,90
1580000473.352,0.81,0.9371,0.62,1.1162,90
1580000473.518,0.78,0.9618,0.62,1.1109,90
1580000473.725,0.8,0.954,0.63,1.1063,91
1580000473.924,0.77,0.9759,0.65,1.0962,91
1580000474.12,0.79,0.9597,0.65,1.1035,91
1580000474.315,0.82,0.9213,0.62,1.1215,91
1580000474.508,0.8,0.9497,0.63,1.1173,91
1580000474.709,0.81,0.9338,0.63,1.1169,91
1580000474.904,0.79,0.9514,0.59,1.1333,91
1580000475.1,0.78,0.9612,0.6,1.1417,91
1580000475.302,0.78,0.9661,0.58,1.1369,91
1580000475.502,0.78,0.966,0.61,1.1279,91
1580000475.709,0.8,0.9464,0.6,1.1421,91
1580000475.92,0.79,0.9588,0.62,1.1383,91
1580000476.125,0.82,0.927,0.62,1.1295,91
1580000476.329,0.81,0.9324,0.6,1.1312,91
1580000476.494,0.79,0.963,0.62,1.1308,91
1580000476.695,0.78,0.9619,0.64,1.1089,92
1580000476.894,0.77,0.9755,0.62,1.1142,92
1580000477.093,0.78,0.9669,0.63,1.1175,92
1580000477.296,0.83,0.9197,0.61,1.1293,92
1580000477.491,0.8,0.9438,0.59,1.1404,92
1580000477.686,0.81,0.9338,0.6,1.1459,92
1580000477.882,0.78,0.9613,0.6,1.14,92
1580000478.081,0.79,0.9567,0.61,1.1355,92
1580000478.291,0.79,0.9618,0.6,1.1301,92
1580000478.489,0.77,0.9718,0.62,1.1193,92
1580000478.694,0.79,0.9589,0.61,1.1244,92
1580000478.89,0.78,0.961,0.58,1.1589,92
1580000479.097,0.82,0.9283,0.54,1.1878,92
1580000479.305,0.79,0.956,0.59,1.1573,92
1580000479.47,0.78,0.9668,0.62,1.1295,92
1580000479.668,0.79,0.9531,0.63,1.124,93
1580000479.872,0.76,0.9802,0.61,1.1373,93
1580000480.072,0.77,0.976,0.6,1.1314,93
1580000480.273,0.82,0.9262,0.63,1.1196,93
1580000480.478,0.79,0.955,0.58,1.1537,93
1580000480.68,0.8,0.9433,0.6,1.1498,93
1580000480.879,0.76,0.9815,0.58,1.1582,93
1580000481.077,0.78,0.9684,0.57,1.1542,93
1580000481.278,0.79,0.9612,0.6,1.1432,93
1580000481.477,0.77,0.9741,0.62,1.1204,93
1580000481.678,0.78,0.9618,0.62,1.1156,93
1580000481.881,0.76,0.979,0.61,1.1279,93
1580000482.079,0.8,0.9394,0.56,1.1699,93
1580000482.282,0.8,0.9487,0.6,1.1557,93
1580000482.446,0.76,0.9906,0.57,1.1531,93
1580000482.643,0.77,0.9709,0.61,1.1287,94
1580000482.836,0.77,0.9768,0.61,1.127,94
1580000483.031,0.76,0.9785,0.61,1.1271,94
1580000483.226,0.8,0.9426,0.62,1.1181,94
1580000483.43,0.77,0.9757,0.61,1.1302,94
1580000483.623,0.78,0.9637,0.61,1.1339,94
1580000483.82,0.76,0.98,0.62,1.1322,94
1580000484.015,0.77,0.9698,0.59,1.1564,94
1580000484.211,0.76,0.9797,0.56,1.1782,94
1580000484.408,0.7,1.0307,0.59,1.1597,94
1580000484.603,0.78,0.9663,0.59,1.1419,94
1580000484.798,0.78,0.9636,0.63,1.1156,94
1580000484.995,0.78,0.9666,0.58,1.1492,94
1580000485.188,0.75,0.9891,0.56,1.1682,94
1580000485.35,0.71,1.0234,0.6,1.1485,94
1580000485.555,0.76,0.977,0.55,1.17,95
1580000485.755,0.75,0.9957,0.54,1.1857,95
1580000485.955,0.74,1.003,0.56,1.1869,95
1580000486.154,0.76,0.9828,0.63,1.1236,95
1580000486.355,0.8,0.9519,0.62,1.1224,95
1580000486.557,0.81,0.9424,0.61,1.1407,95
1580000486.76,0.74,1.0011,0.62,1.1318,95
1580000486.961,0.74,1.0022,0.63,1.1149,95
1580000487.155,0.76,0.9803,0.6,1.1443,95
1580000487.351,0.76,0.987,0.55,1.1684,95
1580000487.552,0.74,0.9991,0.55,1.1788,95
1580000487.747,0.72,1.0159,0.56,1.1604,95
1580000487.95,0.76,0.9861,0.63,1.1179,95
1580000488.15,0.8,0.9439,0.61,1.1312,95
1580000488.312,0.76,0.9828,0.57,1.1614,95
1580000488.508,0.74,0.9924,0.62,1.1375,96
1580000488.707,0.74,0.9998,0.62,1.1202,96
1580000488.904,0.78,0.9653,0.64,1.1095,96
1580000489.098,0.81,0.9318,0.62,1.1243,96
1580000489.293,0.78,0.9607,0.64,1.1205,96
1580000489.489,0.8,0.9451,0.6,1.1371,96
1580000489.683,0.78,0.9621,0.59,1.1483,96
1580000489.88,0.78,0.9665,0.58,1.1592,96
1580000490.075,0.77,0.9728,0.57,1.1597,96
1580000490.269,0.76,0.9853,0.61,1.1316,96
1580000490.464,0.79,0.955,0.59,1.128,96
1580000490.662,0.78,0.9699,0.62,1.1362,96
1580000490.856,0.79,0.9529,0.6,1.1402,96
1580000491.053,0.79,0.9529,0.59,1.1428,96
1580000491.214,0.78,0.9683,0.59,1.1475,96
1580000491.41,0.78,0.9602,0.59,1.1476,97
1580000491.607,0.77,0.979,0.58,1.1534,97
1580000491.805,0.78,0.9632,0.59,1.1491,97
1580000491.999,0.82,0.9225,0.6,1.1337,97
1580000492.197,0.8,0.9489,0.61,1.1288,97
1580000492.395,0.81,0.9323,0.6,1.1291,97
1580000492.591,0.79,0.9557,0.61,1.1298,97
1580000492.792,0.79,0.9596,0.58,1.1463,97
1580000492.99,0.79,0.9518,0.57,1.1611,97
1580000493.189,0.77,0.9692,0.6,1.143,97
1580000493.387,0.79,0.9569,0.65,1.1034,97
1580000493.584,0.79,0.9546,0.62,1.1134,97
1580000493.786,0.81,0.9386,0.6,1.1295,97
1580000493.981,0.8,0.945,0.61,1.1313,97
1580000494.145,0.78,0.9654,0.58,1.139,97
1580000494.344,0.79,0.9541,0.6,1.1352,98
1580000494.539,0.77,0.9759,0.6,1.1395,98
1580000494.741,0.78,0.9603,0.59,1.1432,98
1580000494.934,0.83,0.9184,0.58,1.1407,98
1580000495.142,0.8,0.9445,0.6,1.1325,98
1580000495.351,0.81,0.9321,0.59,1.1289,98
1580000495.557,0.79,0.9575,0.61,1.1342,98
1580000495.767,0.79,0.9593,0.58,1.1594,98
1580000495.965,0.8,0.9514,0.57,1.1711,98
1580000496.166,0.78,0.965,0.55,1.1884,98
1580000496.367,0.77,0.9745,0.58,1.1533,98
1580000496.568,0.78,0.9604,0.63,1.1166,98
1580000496.776,0.81,0.935,0.63,1.1096,98
1580000496.977,0.79,0.9559,0.61,1.1223,98
1580000497.142,0.77,0.9749,0.63,1.1207,98
1580000497.339,0.79,0.9615,0.63,1.1189,99
1580000497.534,0.77,0.977,0.61,1.131,99
1580000497.73,0.78,0.9629,0.59,1.1436,99
1580000497.929,0.81,0.9361,0.61,1.1334,99
1580000498.135,0.8,0.9447,0.61,1.1256,99
1580000498.333,0.81,0.9301,0.61,1.1271,99
1580000498.535,0.79,0.9556,0.61,1.1375,99
1580000498.733,0.76,0.9757,0.61,1.1342,99
1580000498.929,0.78,0.9665,0.59,1.1546,99
1580000499.128,0.78,0.9611,0.52,1.1985,99
1580000499.328,0.78,0.967,0.54,1.1981,99
1580000499.525,0.76,0.9906,0.57,1.1643,99
1580000499.721,0.81,0.9371,0.62,1.1258,99
1580000499.924,0.81,0.9375,0.61,1.128,99
1580000500.09,0.76,0.9762,0.61,1.1294,99
