1580014496.11,0.24,1.3875,0.27,1.3868,0
1580014496.3,0.24,1.3869,0.27,1.3867,0
1580014496.472,0.25,1.3867,0.27,1.3864,0
1580014496.646,0.26,1.3857,0.26,1.3863,0
1580014496.831,0.28,1.3856,0.28,1.3862,0
1580014497.006,0.26,1.3866,0.28,1.3857,0
1580014497.179,0.29,1.3855,0.27,1.3851,0
1580014497.351,0.24,1.3854,0.3,1.3844,0
1580014497.528,0.28,1.3847,0.41,1.384,0
1580014497.702,0.4,1.3841,0.4,1.383,0
1580014497.884,0.41,1.383,0.33,1.3813,0
1580014498.063,0.34,1.3811,0.35,1.3786,0
1580014498.236,0.31,1.38,0.39,1.3751,0
1580014498.409,0.33,1.3767,0.43,1.3701,0
1580014498.563,0.35,1.3737,0.41,1.3632,0
1580014498.739,0.41,1.3653,0.44,1.3539,1
1580014498.913,0.38,1.3589,0.52,1.3403,1
1580014499.091,0.45,1.3499,0.54,1.3208,1
1580014499.264,0.46,1.3356,0.46,1.3023,1
1580014499.438,0.41,1.3249,0.49,1.2728,1
1580014499.615,0.47,1.2947,0.48,1.2806,1
1580014499.789,0.39,1.3152,0.51,1.2348,1
1580014499.966,0.46,1.2784,0.5,1.2413,1
1580014500.145,0.43,1.2855,0.57,1.2123,1
1580014500.319,0.47,1.2624,0.57,1.2075,1
1580014500.492,0.51,1.2516,0.58,1.1932,1
1580014500.664,0.53,1.2246,0.54,1.1966,1
1580014500.839,0.5,1.2275,0.6,1.1701,1
1580014501.029,0.52,1.2219,0.6,1.1689,1
1580014501.194,0.49,1.2309,0.6,1.1549,1
1580014501.373,0.52,1.2092,0.6,1.1513,2
1580014501.545,0.52,1.22,0.6,1.1533,2
1580014501.718,0.51,1.2124,0.61,1.1542,2
1580014501.891,0.54,1.2097,0.61,1.1407,2
1580014502.066,0.52,1.2136,0.61,1.1601,2
1580014502.241,0.49,1.2256,0.58,1.1481,2
1580014502.417,0.51,1.2113,0.56,1.1565,2
1580014502.589,0.49,1.2272,0.58,1.1456,2
1580014502.762,0.51,1.2251,0.62,1.13,2
1580014502.94,0.52,1.2102,0.6,1.1379,2
1580014503.115,0.52,1.2024,0.61,1.1332,2
1580014503.29,0.56,1.1732,0.61,1.1315,2
1580014503.463,0.57,1.1736,0.6,1.1306,2
1580014503.637,0.55,1.1881,0.59,1.138,2
1580014503.792,0.53,1.2001,0.58,1.1395,2
1580014503.968,0.53,1.1901,0.6,1.1309,3
1580014504.141,0.53,1.2014,0.62,1.1279,3
1580014504.315,0.54,1.187,0.61,1.1313,3
1580014504.489,0.54,1.1858,0.62,1.1325,3
1580014504.663,0.53,1.2,0.6,1.1307,3
1580014504.836,0.52,1.1963,0.61,1.1271,3
1580014505.009,0.54,1.1901,0.61,1.124,3
1580014505.182,0.54,1.1932,0.59,1.1233,3
1580014505.357,0.51,1.2067,0.61,1.1249,3
1580014505.53,0.53,1.2076,0.61,1.1221,3
1580014505.706,0.55,1.1829,0.63,1.1189,3
1580014505.879,0.58,1.1594,0.62,1.1217,3
1580014506.052,0.57,1.158,0.62,1.1234,3
1580014506.231,0.56,1.1772,0.62,1.1232,3
1580014506.389,0.55,1.1837,0.62,1.1214,3
1580014506.566,0.55,1.1752,0.64,1.1186,4
1580014506.742,0.55,1.1899,0.6,1.1196,4
1580014506.926,0.56,1.1745,0.61,1.1207,4
1580014507.104,0.55,1.1775,0.6,1.122,4
1580014507.287,0.55,1.1906,0.6,1.1258,4
1580014507.464,0.56,1.1752,0.61,1.1242,4
1580014507.643,0.56,1.1773,0.62,1.1202,4
1580014507.818,0.55,1.1889,0.63,1.1168,4
1580014507.994,0.54,1.1928,0.61,1.1147,4
1580014508.17,0.53,1.1932,0.61,1.1151,4
1580014508.349,0.57,1.1664,0.62,1.1141,4
1580014508.524,0.59,1.152,0.63,1.1155,4
1580014508.703,0.59,1.1455,0.62,1.1179,4
1580014508.884,0.56,1.1664,0.62,1.1195,4
1580014509.041,0.55,1.1779,0.62,1.1172,4
1580014509.223,0.55,1.1716,0.62,1.1134,5
1580014509.4,0.56,1.1786,0.63,1.1138,5
1580014509.575,0.57,1.165,0.61,1.1152,5
1580014509.751,0.56,1.1699,0.6,1.1179,5
1580014509.926,0.55,1.1867,0.59,1.1241,5
1580014510.102,0.57,1.1651,0.59,1.1231,5
1580014510.279,0.57,1.1682,0.63,1.1145,5
1580014510.466,0.56,1.1803,0.63,1.1113,5
1580014510.654,0.55,1.1832,0.63,1.1098,5
1580014510.839,0.54,1.1892,0.61,1.1155,5
1580014511.025,0.58,1.1563,0.62,1.1154,5
1580014511.2,0.59,1.1434,0.63,1.1153,5
1580014511.385,0.6,1.1358,0.64,1.1142,5
1580014511.56,0.56,1.1622,0.62,1.1148,5
1580014511.716,0.56,1.1702,0.62,1.1135,5
1580014511.901,0.56,1.164,0.63,1.1135,6
1580014512.077,0.56,1.1729,0.63,1.1122,6
1580014512.253,0.58,1.1582,0.63,1.1115,6
1580014512.432,0.57,1.1666,0.62,1.1139,6
1580014512.608,0.56,1.181,0.58,1.1265,6
1580014512.784,0.57,1.1621,0.58,1.1265,6
1580014512.96,0.57,1.1643,0.64,1.1107,6
1580014513.138,0.56,1.1765,0.63,1.1098,6
1580014513.314,0.55,1.1785,0.61,1.1123,6
1580014513.49,0.55,1.1839,0.59,1.1273,6
1580014513.666,0.57,1.1553,0.6,1.1229,6
1580014513.842,0.6,1.1382,0.64,1.1125,6
1580014514.018,0.6,1.1282,0.63,1.1124,6
1580014514.192,0.57,1.1596,0.64,1.1134,6
1580014514.35,0.56,1.1651,0.64,1.1129,6
1580014514.529,0.57,1.1567,0.63,1.1099,7
1580014514.704,0.56,1.1682,0.63,1.1068,7
1580014514.88,0.59,1.1528,0.64,1.107,7
1580014515.055,0.57,1.1587,0.61,1.1151,7
1580014515.231,0.57,1.1743,0.58,1.1249,7
1580014515.406,0.58,1.1596,0.58,1.1183,7
1580014515.584,0.58,1.1561,0.64,1.1084,7
1580014515.76,0.56,1.1754,0.62,1.1057,7
1580014515.935,0.56,1.1718,0.6,1.1159,7
1580014516.109,0.55,1.181,0.59,1.1283,7
1580014516.287,0.58,1.1536,0.61,1.1188,7
1580014516.468,0.6,1.1331,0.62,1.1064,7
1580014516.643,0.62,1.1228,0.65,1.1072,7
1580014516.824,0.58,1.1532,0.63,1.1085,7
1580014516.988,0.56,1.1604,0.63,1.1064,7
1580014517.167,0.58,1.1503,0.63,1.1044,8
1580014517.348,0.57,1.1653,0.63,1.1002,8
1580014517.532,0.59,1.1456,0.64,1.0987,8
1580014517.708,0.57,1.1536,0.62,1.1104,8
1580014517.884,0.57,1.1705,0.6,1.1225,8
1580014518.059,0.58,1.1586,0.62,1.1078,8
1580014518.236,0.58,1.1521,0.64,1.1055,8
1580014518.415,0.57,1.1762,0.63,1.1027,8
1580014518.59,0.56,1.1663,0.62,1.1175,8
1580014518.768,0.56,1.1804,0.59,1.1268,8
1580014518.946,0.58,1.1529,0.61,1.1125,8
1580014519.122,0.6,1.1306,0.65,1.0985,8
1580014519.299,0.62,1.1173,0.64,1.1032,8
1580014519.477,0.59,1.1478,0.62,1.1062,8
1580014519.635,0.58,1.1589,0.63,1.1004,8
1580014519.813,0.59,1.1451,0.62,1.0967,9
1580014519.99,0.57,1.1634,0.63,1.0923,9
1580014520.169,0.6,1.1397,0.65,1.0911,9
1580014520.344,0.59,1.147,0.63,1.1013,9
1580014520.519,0.57,1.165,0.61,1.1149,9
1580014520.696,0.58,1.1552,0.64,1.1,9
1580014520.872,0.59,1.1513,0.63,1.0935,9
1580014521.049,0.57,1.1649,0.63,1.0972,9
1580014521.226,0.57,1.1613,0.61,1.103,9
1580014521.403,0.56,1.1779,0.62,1.1078,9
1580014521.586,0.58,1.1476,0.64,1.0928,9
1580014521.763,0.62,1.1271,0.62,1.1045,9
1580014521.94,0.62,1.1176,0.68,1.0962,9
1580014522.115,0.59,1.1411,0.69,1.0924,9
1580014522.275,0.59,1.1504,0.67,1.0863,9
1580014522.452,0.59,1.1418,0.62,1.0996,10
1580014522.635,0.58,1.1589,0.62,1.0964,10
1580014522.811,0.6,1.1349,0.66,1.0861,10
1580014522.987,0.59,1.1473,0.64,1.086,10
1580014523.166,0.56,1.17,0.63,1.1105,10
1580014523.343,0.58,1.1455,0.65,1.1003,10
1580014523.517,0.59,1.1486,0.65,1.096,10
1580014523.693,0.57,1.173,0.62,1.0922,10
1580014523.868,0.58,1.1557,0.62,1.1131,10
1580014524.045,0.56,1.1703,0.61,1.1178,10
1580014524.22,0.58,1.1525,0.64,1.0946,10
1580014524.397,0.61,1.1296,0.66,1.0876,10
1580014524.575,0.63,1.1088,0.63,1.1013,10
1580014524.748,0.6,1.1335,0.62,1.1132,10
1580014524.905,0.58,1.1538,0.66,1.0933,10
1580014525.083,0.59,1.142,0.65,1.0849,11
1580014525.26,0.58,1.1507,0.64,1.0889,11
1580014525.439,0.6,1.1316,0.65,1.0906,11
1580014525.616,0.59,1.1452,0.64,1.0904,11
1580014525.792,0.57,1.1705,0.62,1.1066,11
1580014525.969,0.6,1.1357,0.66,1.0939,11
1580014526.156,0.6,1.1382,0.66,1.0902,11
1580014526.357,0.58,1.1632,0.66,1.0832,11
1580014526.542,0.59,1.1472,0.61,1.1018,11
1580014526.726,0.57,1.158,0.63,1.1068,11
1580014526.9,0.58,1.1462,0.66,1.0859,11
1580014527.075,0.63,1.1263,0.66,1.081,11
1580014527.267,0.63,1.1066,0.66,1.0791,11
1580014527.443,0.6,1.1269,0.68,1.0896,11
1580014527.598,0.6,1.14,0.63,1.0961,11
1580014527.777,0.59,1.1448,0.68,1.0936,12
1580014527.953,0.59,1.1483,0.65,1.0918,12
1580014528.129,0.6,1.1249,0.67,1.0779,12
1580014528.304,0.6,1.1345,0.66,1.0819,12
1580014528.478,0.56,1.1681,0.65,1.089,12
1580014528.658,0.6,1.1281,0.66,1.0825,12
1580014528.836,0.6,1.1284,0.65,1.0809,12
1580014529.016,0.58,1.1509,0.65,1.0836,12
1580014529.192,0.58,1.1528,0.65,1.0951,12
1580014529.368,0.58,1.1513,0.61,1.1113,12
1580014529.553,0.59,1.1366,0.69,1.0775,12
1580014529.728,0.62,1.1195,0.66,1.0848,12
1580014529.904,0.63,1.1058,0.71,1.0816,12
1580014530.08,0.61,1.1235,0.67,1.0876,12
1580014530.237,0.6,1.1303,0.67,1.0844,12
1580014530.419,0.61,1.1211,0.67,1.0805,13
1580014530.595,0.6,1.1386,0.67,1.0897,13
1580014530.773,0.61,1.1192,0.65,1.0798,13
1580014530.949,0.63,1.1185,0.7,1.0675,13
1580014531.127,0.58,1.153,0.7,1.0694,13
1580014531.302,0.62,1.116,0.68,1.067,13
1580014531.479,0.63,1.1178,0.69,1.0898,13
1580014531.655,0.59,1.1411,0.68,1.0732,13
1580014531.839,0.6,1.1376,0.69,1.0657,13
1580014532.018,0.6,1.143,0.6,1.1195,13
1580014532.193,0.61,1.1283,0.68,1.0781,13
1580014532.374,0.64,1.1082,0.65,1.0813,13
1580014532.552,0.64,1.1071,0.7,1.0653,13
1580014532.729,0.62,1.1119,0.66,1.0859,13
1580014532.886,0.61,1.1221,0.68,1.0744,13
1580014533.07,0.64,1.1072,0.7,1.0751,14
1580014533.246,0.6,1.136,0.68,1.067,14
1580014533.423,0.63,1.1087,0.67,1.0893,14
1580014533.601,0.63,1.1143,0.69,1.0601,14
1580014533.779,0.6,1.1349,0.67,1.0623,14
1580014533.956,0.63,1.1084,0.71,1.0613,14
1580014534.132,0.64,1.109,0.68,1.0912,14
1580014534.309,0.61,1.1326,0.68,1.0647,14
1580014534.484,0.62,1.1178,0.67,1.0745,14
1580014534.664,0.59,1.1461,0.65,1.1031,14
1580014534.84,0.61,1.1188,0.67,1.0917,14
1580014535.017,0.62,1.1082,0.65,1.0725,14
1580014535.194,0.65,1.0965,0.64,1.0751,14
1580014535.371,0.62,1.1169,0.67,1.0791,14
1580014535.529,0.61,1.1165,0.64,1.1016,14
1580014535.706,0.62,1.1122,0.68,1.0685,15
1580014535.886,0.61,1.1264,0.65,1.0837,15
1580014536.062,0.59,1.131,0.69,1.0675,15
1580014536.238,0.63,1.103,0.64,1.1129,15
1580014536.416,0.6,1.14,0.62,1.1136,15
1580014536.593,0.6,1.1348,0.67,1.0602,15
1580014536.771,0.62,1.1125,0.63,1.0812,15
1580014536.954,0.59,1.1444,0.67,1.0568,15
1580014537.131,0.62,1.1134,0.61,1.112,15
1580014537.312,0.58,1.1426,0.61,1.1146,15
1580014537.49,0.61,1.1208,0.65,1.0774,15
1580014537.668,0.63,1.1117,0.68,1.0661,15
1580014537.852,0.65,1.0964,0.69,1.0565,15
1580014538.026,0.64,1.1011,0.67,1.0681,15
1580014538.183,0.63,1.1112,0.7,1.0615,15
1580014538.36,0.64,1.096,0.69,1.0565,16
1580014538.538,0.62,1.1146,0.69,1.0723,16
1580014538.72,0.61,1.1168,0.66,1.0771,16
1580014538.901,0.64,1.098,0.68,1.0966,16
1580014539.077,0.61,1.1294,0.68,1.0795,16
1580014539.255,0.62,1.1131,0.66,1.065,16
1580014539.433,0.62,1.1064,0.66,1.0757,16
1580014539.609,0.6,1.1326,0.69,1.0586,16
1580014539.786,0.62,1.1106,0.66,1.0693,16
1580014539.964,0.6,1.1256,0.66,1.0815,16
1580014540.141,0.63,1.1022,0.66,1.0833,16
1580014540.318,0.63,1.112,0.69,1.0768,16
1580014540.494,0.65,1.0886,0.67,1.0699,16
1580014540.671,0.64,1.0977,0.69,1.0624,16
1580014540.831,0.64,1.101,0.69,1.0574,16
1580014541.016,0.64,1.0899,0.66,1.0569,17
1580014541.194,0.62,1.1087,0.67,1.0658,17
1580014541.371,0.63,1.1045,0.67,1.0638,17
1580014541.55,0.65,1.0883,0.65,1.0906,17
1580014541.726,0.62,1.1218,0.67,1.0776,17
1580014541.911,0.64,1.1077,0.68,1.0547,17
1580014542.094,0.64,1.0978,0.67,1.0689,17
1580014542.275,0.62,1.121,0.65,1.0582,17
1580014542.451,0.63,1.1074,0.65,1.0731,17
1580014542.631,0.61,1.1265,0.67,1.0628,17
1580014542.81,0.64,1.0948,0.67,1.0623,17
1580014542.988,0.65,1.0976,0.68,1.0706,17
1580014543.169,0.66,1.08,0.66,1.0801,17
1580014543.348,0.65,1.0931,0.67,1.0797,17
1580014543.506,0.64,1.0966,0.69,1.0598,17
1580014543.686,0.66,1.0815,0.66,1.055,18
1580014543.865,0.63,1.103,0.68,1.0634,18
1580014544.042,0.62,1.1047,0.68,1.0558,18
1580014544.222,0.66,1.0824,0.66,1.0856,18
1580014544.401,0.62,1.1155,0.67,1.0848,18
1580014544.578,0.63,1.11,0.7,1.0543,18
1580014544.759,0.64,1.097,0.67,1.0613,18
1580014544.939,0.63,1.1127,0.66,1.0585,18
1580014545.128,0.65,1.1018,0.65,1.0733,18
1580014545.304,0.61,1.1282,0.67,1.0612,18
1580014545.486,0.64,1.0939,0.67,1.056,18
1580014545.663,0.64,1.0934,0.69,1.0622,18
1580014545.841,0.67,1.0742,0.67,1.0734,18
1580014546.017,0.66,1.0867,0.64,1.0863,18
1580014546.177,0.64,1.0956,0.68,1.0577,18
1580014546.36,0.66,1.0781,0.68,1.052,19
1580014546.542,0.64,1.1006,0.66,1.0583,19
1580014546.721,0.63,1.1023,0.7,1.0495,19
1580014546.896,0.66,1.0807,0.7,1.0756,19
1580014547.075,0.63,1.1073,0.66,1.085,19
1580014547.253,0.63,1.1072,0.71,1.0509,19
1580014547.433,0.65,1.0917,0.68,1.0636,19
1580014547.621,0.62,1.1137,0.68,1.0538,19
1580014547.797,0.65,1.0935,0.67,1.0809,19
1580014547.976,0.6,1.1295,0.65,1.0694,19
1580014548.152,0.64,1.0977,0.69,1.0494,19
1580014548.344,0.64,1.0914,0.67,1.0649,19
1580014548.538,0.66,1.0813,0.68,1.065,19
1580014548.732,0.65,1.0809,0.61,1.1168,19
1580014548.902,0.63,1.1033,0.66,1.0789,19
1580014549.086,0.65,1.0826,0.66,1.0644,20
1580014549.266,0.63,1.105,0.65,1.0618,20
1580014549.447,0.63,1.1032,0.65,1.0557,20
1580014549.627,0.66,1.0843,0.69,1.0713,20
1580014549.806,0.64,1.1073,0.65,1.1005,20
1580014549.984,0.62,1.1112,0.67,1.0614,20
1580014550.166,0.64,1.0912,0.66,1.0807,20
1580014550.347,0.61,1.1271,0.69,1.0546,20
1580014550.53,0.65,1.087,0.65,1.0912,20
1580014550.708,0.61,1.1277,0.61,1.1043,20
1580014550.885,0.62,1.1145,0.67,1.0632,20
1580014551.062,0.65,1.0874,0.66,1.0681,20
1580014551.244,0.67,1.0818,0.68,1.0701,20
1580014551.425,0.64,1.0975,0.68,1.0686,20
1580014551.59,0.66,1.0837,0.59,1.1259,20
1580014551.771,0.62,1.1128,0.64,1.0921,21
1580014551.955,0.61,1.1147,0.67,1.0702,21
1580014552.135,0.64,1.1017,0.63,1.082,21
1580014552.324,0.63,1.1146,0.65,1.0581,21
1580014552.502,0.62,1.1154,0.63,1.1054,21
1580014552.684,0.62,1.1136,0.6,1.1377,21
1580014552.867,0.59,1.1434,0.62,1.1092,21
1580014553.049,0.6,1.1336,0.66,1.0696,21
1580014553.229,0.63,1.1092,0.66,1.0882,21
1580014553.417,0.58,1.1574,0.64,1.0858,21
1580014553.598,0.62,1.1156,0.67,1.0654,21
1580014553.779,0.66,1.085,0.63,1.1019,21
1580014553.959,0.64,1.092,0.59,1.1281,21
1580014554.139,0.62,1.108,0.67,1.0985,21
1580014554.301,0.64,1.0987,0.68,1.0692,21
1580014554.483,0.65,1.0893,0.72,1.0527,22
1580014554.667,0.65,1.0923,0.67,1.0546,22
1580014554.847,0.65,1.0883,0.67,1.0677,22
1580014555.027,0.65,1.0866,0.68,1.0683,22
1580014555.207,0.63,1.1098,0.68,1.0742,22
1580014555.392,0.64,1.0927,0.66,1.0719,22
1580014555.571,0.64,1.0939,0.66,1.0583,22
1580014555.748,0.64,1.0962,0.67,1.0577,22
1580014555.927,0.65,1.0919,0.68,1.054,22
1580014556.105,0.63,1.11,0.67,1.0698,22
1580014556.285,0.64,1.0892,0.66,1.0805,22
1580014556.463,0.64,1.0893,0.67,1.0622,22
1580014556.643,0.67,1.0742,0.69,1.0523,22
1580014556.82,0.66,1.0819,0.66,1.0626,22
1580014556.981,0.62,1.1018,0.69,1.0652,22
1580014557.16,0.66,1.0806,0.69,1.0718,23
1580014557.339,0.63,1.1052,0.68,1.0605,23
1580014557.518,0.65,1.0837,0.67,1.0539,23
1580014557.705,0.66,1.0764,0.69,1.0537,23
1580014557.893,0.62,1.1117,0.69,1.0515,23
1580014558.07,0.66,1.0795,0.69,1.0593,23
1580014558.249,0.64,1.0905,0.69,1.0616,23
1580014558.434,0.65,1.0893,0.69,1.0488,23
1580014558.62,0.65,1.088,0.68,1.0576,23
1580014558.798,0.63,1.1133,0.69,1.0513,23
1580014558.981,0.66,1.0778,0.69,1.057,23
1580014559.161,0.67,1.077,0.66,1.08,23
1580014559.343,0.66,1.074,0.69,1.0593,23
1580014559.53,0.67,1.0748,0.7,1.0616,23
1580014559.688,0.65,1.0873,0.71,1.0573,23
1580014559.868,0.67,1.0714,0.69,1.0564,24
1580014560.05,0.65,1.0905,0.71,1.0463,24
1580014560.231,0.66,1.0776,0.7,1.0415,24
1580014560.413,0.67,1.0695,0.69,1.0458,24
1580014560.592,0.64,1.1017,0.68,1.0509,24
1580014560.77,0.67,1.0733,0.68,1.0574,24
1580014560.952,0.65,1.0875,0.7,1.0465,24
1580014561.141,0.67,1.0781,0.7,1.0388,24
1580014561.323,0.65,1.0797,0.69,1.0455,24
1580014561.51,0.63,1.1065,0.69,1.0466,24
1580014561.69,0.67,1.0733,0.69,1.0451,24
1580014561.871,0.67,1.0746,0.69,1.0559,24
1580014562.049,0.68,1.0612,0.68,1.0548,24
1580014562.228,0.67,1.069,0.65,1.0693,24
1580014562.39,0.65,1.0886,0.68,1.0594,24
1580014562.572,0.69,1.0665,0.71,1.0464,25
1580014562.75,0.67,1.0798,0.69,1.0414,25
1580014562.929,0.66,1.0762,0.7,1.0407,25
1580014563.111,0.67,1.0687,0.69,1.047,25
1580014563.291,0.65,1.095,0.67,1.0571,25
1580014563.472,0.67,1.0705,0.68,1.0569,25
1580014563.654,0.65,1.0814,0.7,1.0423,25
1580014563.835,0.67,1.0767,0.7,1.039,25
1580014564.014,0.66,1.0769,0.72,1.0391,25
1580014564.194,0.64,1.104,0.71,1.0403,25
1580014564.377,0.67,1.0691,0.69,1.0442,25
1580014564.565,0.67,1.0724,0.69,1.0492,25
1580014564.746,0.69,1.0576,0.68,1.0531,25
1580014564.924,0.68,1.0649,0.64,1.0703,25
1580014565.084,0.66,1.0781,0.66,1.0685,25
1580014565.269,0.67,1.0686,0.7,1.0558,26
1580014565.449,0.66,1.0773,0.69,1.0521,26
1580014565.633,0.65,1.0807,0.71,1.0388,26
1580014565.811,0.68,1.0648,0.67,1.0591,26
1580014565.988,0.65,1.0946,0.66,1.0718,26
1580014566.167,0.65,1.078,0.67,1.0539,26
1580014566.349,0.67,1.074,0.67,1.0522,26
1580014566.528,0.67,1.0765,0.68,1.0482,26
1580014566.71,0.67,1.0719,0.7,1.044,26
1580014566.891,0.64,1.0989,0.69,1.0551,26
1580014567.072,0.66,1.0721,0.68,1.0483,26
1580014567.252,0.68,1.067,0.71,1.0509,26
1580014567.433,0.69,1.0516,0.69,1.0542,26
1580014567.617,0.67,1.0667,0.68,1.0531,26
1580014567.779,0.67,1.066,0.68,1.0662,26
1580014567.962,0.66,1.0715,0.64,1.0688,27
1580014568.143,0.66,1.0788,0.67,1.0627,27
1580014568.323,0.65,1.0834,0.7,1.0456,27
1580014568.504,0.67,1.0679,0.68,1.0527,27
1580014568.692,0.65,1.0901,0.67,1.0817,27
1580014568.877,0.64,1.0955,0.65,1.0779,27
1580014569.056,0.64,1.0959,0.68,1.0577,27
1580014569.24,0.66,1.0827,0.67,1.0725,27
1580014569.42,0.65,1.0905,0.65,1.0613,27
1580014569.597,0.63,1.1057,0.68,1.0512,27
1580014569.778,0.67,1.0665,0.65,1.0743,27
1580014569.956,0.65,1.0873,0.66,1.0617,27
1580014570.135,0.69,1.0561,0.7,1.047,27
1580014570.317,0.68,1.0615,0.67,1.0617,27
1580014570.488,0.65,1.0888,0.7,1.0467,27
1580014570.687,0.67,1.0605,0.67,1.0642,28
1580014570.872,0.63,1.1034,0.69,1.0468,28
1580014571.051,0.67,1.0681,0.67,1.0553,28
1580014571.229,0.66,1.0731,0.69,1.0483,28
1580014571.411,0.64,1.0979,0.69,1.0458,28
1580014571.592,0.67,1.0628,0.64,1.0777,28
1580014571.777,0.65,1.0871,0.65,1.0782,28
1580014571.961,0.65,1.0865,0.69,1.05,28
1580014572.142,0.67,1.0711,0.65,1.0726,28
1580014572.321,0.62,1.1176,0.69,1.0506,28
1580014572.5,0.68,1.0679,0.69,1.046,28
1580014572.682,0.66,1.076,0.66,1.0684,28
1580014572.862,0.67,1.0707,0.66,1.0658,28
1580014573.04,0.68,1.0574,0.64,1.0957,28
1580014573.2,0.63,1.0968,0.64,1.0731,28
1580014573.38,0.65,1.0772,0.7,1.0439,29
1580014573.562,0.67,1.0735,0.68,1.0561,29
1580014573.744,0.66,1.0746,0.68,1.0644,29
1580014573.924,0.66,1.0764,0.7,1.0453,29
1580014574.106,0.66,1.0789,0.69,1.0469,29
1580014574.288,0.67,1.0624,0.67,1.0569,29
1580014574.469,0.66,1.0741,0.66,1.0617,29
1580014574.649,0.66,1.0756,0.67,1.0525,29
1580014574.837,0.67,1.0659,0.68,1.0467,29
1580014575.018,0.64,1.0953,0.68,1.0422,29
1580014575.2,0.69,1.0595,0.69,1.041,29
1580014575.381,0.66,1.0727,0.7,1.0427,29
1580014575.56,0.67,1.0635,0.68,1.0465,29
1580014575.739,0.68,1.0615,0.67,1.0572,29
1580014575.899,0.67,1.0679,0.63,1.0802,29
1580014576.086,0.68,1.0602,0.64,1.0823,30
1580014576.269,0.66,1.079,0.68,1.0504,30
1580014576.448,0.67,1.0697,0.71,1.0427,30
1580014576.626,0.67,1.0697,0.7,1.0437,30
1580014576.806,0.67,1.0808,0.69,1.0438,30
1580014576.985,0.67,1.071,0.7,1.0443,30
1580014577.169,0.66,1.0705,0.71,1.0457,30
1580014577.35,0.67,1.0727,0.68,1.0443,30
1580014577.531,0.68,1.0628,0.69,1.0466,30
1580014577.712,0.64,1.0939,0.7,1.0525,30
1580014577.899,0.67,1.0665,0.68,1.053,30
1580014578.082,0.66,1.0745,0.69,1.0421,30
1580014578.271,0.7,1.0441,0.68,1.0428,30
1580014578.455,0.68,1.0561,0.67,1.0564,30
1580014578.616,0.67,1.0671,0.67,1.0565,30
1580014578.801,0.68,1.057,0.68,1.0545,31
1580014578.982,0.67,1.0661,0.66,1.0597,31
1580014579.163,0.67,1.0652,0.65,1.0682,31
1580014579.342,0.67,1.0695,0.68,1.0619,31
1580014579.521,0.66,1.0792,0.69,1.0416,31
1580014579.699,0.68,1.0657,0.69,1.0467,31
1580014579.883,0.67,1.0662,0.67,1.0594,31
1580014580.064,0.66,1.0741,0.68,1.0631,31
1580014580.248,0.66,1.0743,0.66,1.0613,31
1580014580.429,0.64,1.0954,0.68,1.0514,31
1580014580.61,0.68,1.059,0.69,1.0476,31
1580014580.792,0.67,1.0658,0.7,1.0541,31
1580014580.976,0.68,1.057,0.67,1.0484,31
1580014581.157,0.68,1.061,0.66,1.0577,31
1580014581.321,0.69,1.0554,0.69,1.0678,31
1580014581.503,0.69,1.0545,0.68,1.063,32
1580014581.684,0.67,1.07,0.69,1.0474,32
1580014581.869,0.67,1.0737,0.71,1.0348,32
1580014582.049,0.69,1.0524,0.69,1.0557,32
1580014582.233,0.67,1.0736,0.66,1.0706,32
1580014582.421,0.65,1.083,0.71,1.0405,32
1580014582.6,0.67,1.0692,0.7,1.0496,32
1580014582.779,0.68,1.0689,0.68,1.0557,32
1580014582.964,0.67,1.0664,0.68,1.0622,32
1580014583.144,0.63,1.1033,0.67,1.0614,32
1580014583.327,0.67,1.0711,0.69,1.0449,32
1580014583.51,0.68,1.064,0.72,1.0358,32
1580014583.69,0.7,1.0439,0.7,1.0516,32
1580014583.871,0.66,1.0761,0.66,1.0647,32
1580014584.038,0.67,1.0688,0.66,1.0714,32
1580014584.22,0.69,1.0528,0.68,1.0668,33
1580014584.403,0.67,1.0681,0.68,1.0593,33
1580014584.589,0.65,1.0844,0.69,1.0533,33
1580014584.768,0.66,1.076,0.7,1.0462,33
1580014584.948,0.66,1.0857,0.7,1.0473,33
1580014585.129,0.67,1.0717,0.68,1.0629,33
1580014585.312,0.65,1.0873,0.68,1.0478,33
1580014585.497,0.66,1.0749,0.7,1.0475,33
1580014585.678,0.67,1.069,0.7,1.0526,33
1580014585.858,0.64,1.0953,0.66,1.0601,33
1580014586.059,0.67,1.0684,0.66,1.0691,33
1580014586.257,0.65,1.08,0.69,1.059,33
1580014586.454,0.68,1.0544,0.68,1.0398,33
1580014586.647,0.69,1.0557,0.7,1.0438,33
1580014586.807,0.67,1.0689,0.72,1.0349,33
1580014586.994,0.68,1.0547,0.7,1.0499,34
1580014587.178,0.66,1.0738,0.66,1.0574,34
1580014587.362,0.68,1.0574,0.7,1.0449,34
1580014587.544,0.69,1.0535,0.71,1.0327,34
1580014587.727,0.66,1.0782,0.7,1.0362,34
1580014587.911,0.68,1.0558,0.69,1.0525,34
1580014588.098,0.66,1.0711,0.7,1.0428,34
1580014588.28,0.67,1.0663,0.71,1.0347,34
1580014588.46,0.67,1.0646,0.65,1.06,34
1580014588.641,0.63,1.1036,0.7,1.0456,34
1580014588.822,0.69,1.055,0.69,1.0503,34
1580014589.004,0.67,1.0668,0.68,1.0521,34
1580014589.185,0.7,1.0476,0.72,1.0319,34
1580014589.367,0.68,1.0501,0.68,1.0409,34
1580014589.534,0.68,1.056,0.69,1.0404,34
1580014589.726,0.69,1.0494,0.72,1.0282,35
1580014589.907,0.68,1.062,0.71,1.0388,35
1580014590.087,0.69,1.0512,0.7,1.0431,35
1580014590.269,0.69,1.0511,0.72,1.0359,35
1580014590.455,0.67,1.0705,0.72,1.0242,35
1580014590.639,0.68,1.0572,0.73,1.0232,35
1580014590.823,0.67,1.0618,0.72,1.0282,35
1580014591.006,0.69,1.0561,0.72,1.0341,35
1580014591.203,0.68,1.0604,0.7,1.041,35
1580014591.384,0.65,1.0841,0.68,1.0543,35
1580014591.567,0.68,1.0573,0.68,1.0506,35
1580014591.748,0.68,1.0599,0.69,1.0428,35
1580014591.932,0.72,1.0302,0.72,1.0365,35
1580014592.118,0.69,1.0478,0.69,1.0357,35
1580014592.281,0.7,1.0473,0.71,1.0425,35
1580014592.467,0.7,1.038,0.67,1.053,36
1580014592.651,0.69,1.0535,0.7,1.0481,36
1580014592.833,0.67,1.0616,0.67,1.0477,36
1580014593.017,0.69,1.0502,0.71,1.0346,36
1580014593.203,0.68,1.0653,0.72,1.0304,36
1580014593.384,0.67,1.0627,0.71,1.0308,36
1580014593.566,0.68,1.0654,0.69,1.0272,36
1580014593.747,0.68,1.0585,0.71,1.0309,36
1580014593.928,0.69,1.0517,0.69,1.0458,36
1580014594.109,0.66,1.0825,0.68,1.0488,36
1580014594.292,0.68,1.0612,0.7,1.0401,36
1580014594.475,0.68,1.0568,0.72,1.0284,36
1580014594.657,0.72,1.0285,0.72,1.0259,36
1580014594.841,0.69,1.0482,0.72,1.0348,36
1580014595.003,0.67,1.0637,0.72,1.0317,36
1580014595.187,0.71,1.0364,0.66,1.0567,37
1580014595.37,0.68,1.0602,0.66,1.0587,37
1580014595.552,0.67,1.0704,0.67,1.0481,37
1580014595.734,0.69,1.0538,0.69,1.0452,37
1580014595.919,0.65,1.0821,0.7,1.0434,37
1580014596.102,0.69,1.0572,0.68,1.0502,37
1580014596.288,0.67,1.0669,0.7,1.0434,37
1580014596.472,0.66,1.0792,0.72,1.0335,37
1580014596.652,0.69,1.0515,0.68,1.0489,37
1580014596.832,0.66,1.0792,0.7,1.0543,37
1580014597.013,0.67,1.0691,0.69,1.0532,37
1580014597.195,0.67,1.0689,0.68,1.0489,37
1580014597.378,0.72,1.0296,0.72,1.0359,37
1580014597.559,0.7,1.0468,0.7,1.0365,37
1580014597.721,0.69,1.0525,0.69,1.05,37
1580014597.903,0.68,1.0575,0.68,1.0555,38
1580014598.084,0.69,1.0563,0.67,1.0615,38
1580014598.269,0.68,1.0564,0.7,1.0506,38
1580014598.45,0.69,1.0508,0.69,1.0393,38
1580014598.632,0.67,1.0752,0.7,1.05,38
1580014598.822,0.67,1.0667,0.69,1.0488,38
1580014599.003,0.68,1.0609,0.69,1.038,38
1580014599.182,0.67,1.0633,0.69,1.0445,38
1580014599.369,0.67,1.0708,0.73,1.028,38
1580014599.551,0.66,1.0768,0.72,1.0292,38
1580014599.732,0.69,1.0448,0.7,1.039,38
1580014599.911,0.68,1.0612,0.71,1.0335,38
1580014600.091,0.71,1.0318,0.7,1.0333,38
1580014600.276,0.69,1.0493,0.71,1.028,38
1580014600.437,0.69,1.0496,0.72,1.0205,38
1580014600.617,0.7,1.0374,0.71,1.0278,39
1580014600.799,0.69,1.0512,0.7,1.0395,39
1580014600.979,0.69,1.0485,0.67,1.0477,39
1580014601.161,0.7,1.0403,0.69,1.0388,39
1580014601.344,0.67,1.0691,0.69,1.0354,39
1580014601.526,0.7,1.0442,0.7,1.0418,39
1580014601.707,0.69,1.0554,0.69,1.0479,39
1580014601.893,0.69,1.0534,0.7,1.0415,39
1580014602.073,0.68,1.0584,0.69,1.0421,39
1580014602.256,0.66,1.0807,0.71,1.0438,39
1580014602.441,0.7,1.0405,0.69,1.0422,39
1580014602.621,0.7,1.0473,0.7,1.0402,39
1580014602.802,0.72,1.0256,0.7,1.0423,39
1580014602.983,0.7,1.0401,0.71,1.0381,39
1580014603.144,0.7,1.0473,0.7,1.0309,39
1580014603.331,0.72,1.0285,0.7,1.0299,40
1580014603.512,0.71,1.0408,0.71,1.0383,40
1580014603.693,0.69,1.0469,0.72,1.0394,40
1580014603.876,0.7,1.0412,0.71,1.0392,40
1580014604.056,0.69,1.0606,0.69,1.0408,40
1580014604.237,0.7,1.0412,0.7,1.0452,40
1580014604.417,0.68,1.0544,0.69,1.0539,40
1580014604.597,0.69,1.0532,0.68,1.0546,40
1580014604.777,0.69,1.0542,0.67,1.0552,40
1580014604.958,0.66,1.083,0.69,1.0537,40
1580014605.143,0.69,1.0494,0.72,1.0468,40
1580014605.323,0.69,1.0508,0.71,1.0407,40
1580014605.509,0.71,1.0302,0.69,1.0451,40
1580014605.692,0.71,1.0317,0.69,1.0476,40
1580014605.852,0.71,1.0404,0.69,1.0512,40
1580014606.033,0.7,1.0431,0.7,1.0349,41
1580014606.213,0.7,1.042,0.74,1.0357,41
1580014606.395,0.7,1.0445,0.73,1.0454,41
1580014606.575,0.69,1.0453,0.72,1.036,41
1580014606.756,0.68,1.0608,0.69,1.0328,41
1580014606.935,0.7,1.0395,0.7,1.0391,41
1580014607.116,0.69,1.0493,0.7,1.0446,41
1580014607.297,0.69,1.0488,0.68,1.0481,41
1580014607.478,0.7,1.0465,0.7,1.0475,41
1580014607.66,0.67,1.0763,0.71,1.0428,41
1580014607.841,0.7,1.0371,0.7,1.0385,41
1580014608.02,0.7,1.0427,0.7,1.0363,41
1580014608.201,0.72,1.0206,0.69,1.0413,41
1580014608.401,0.71,1.0319,0.7,1.0394,41
1580014608.591,0.71,1.0312,0.71,1.0402,41
1580014608.787,0.72,1.0285,0.7,1.039,42
1580014608.977,0.7,1.045,0.71,1.0342,42
1580014609.157,0.7,1.04,0.69,1.0429,42
1580014609.337,0.7,1.0338,0.68,1.0589,42
1580014609.514,0.67,1.0663,0.67,1.0535,42
1580014609.692,0.69,1.054,0.7,1.0368,42
1580014609.87,0.69,1.0488,0.68,1.048,42
1580014610.05,0.69,1.0446,0.68,1.0555,42
1580014610.231,0.69,1.0547,0.69,1.0584,42
1580014610.41,0.67,1.0782,0.69,1.0555,42
1580014610.599,0.7,1.0412,0.67,1.0439,42
1580014610.78,0.7,1.0451,0.71,1.0365,42
1580014610.962,0.73,1.0141,0.69,1.0404,42
1580014611.144,0.69,1.0477,0.72,1.0258,42
1580014611.304,0.7,1.0373,0.7,1.0369,42
1580014611.493,0.72,1.0263,0.71,1.0399,43
1580014611.676,0.69,1.0466,0.7,1.0396,43
1580014611.859,0.69,1.0448,0.69,1.0452,43
1580014612.042,0.71,1.0374,0.69,1.0474,43
1580014612.222,0.67,1.0617,0.66,1.0519,43
1580014612.405,0.68,1.0533,0.69,1.0491,43
1580014612.584,0.69,1.0584,0.68,1.0349,43
1580014612.765,0.7,1.0433,0.71,1.0417,43
1580014612.95,0.69,1.0489,0.71,1.0485,43
1580014613.132,0.67,1.0748,0.68,1.0579,43
1580014613.315,0.69,1.0494,0.67,1.0537,43
1580014613.496,0.69,1.0535,0.69,1.0351,43
1580014613.68,0.73,1.0159,0.7,1.0422,43
1580014613.864,0.69,1.0478,0.68,1.0544,43
1580014614.03,0.68,1.0629,0.71,1.0306,43
1580014614.212,0.7,1.0349,0.71,1.0283,44
1580014614.392,0.7,1.0416,0.68,1.0494,44
1580014614.571,0.67,1.0619,0.71,1.0364,44
1580014614.75,0.69,1.0468,0.69,1.04,44
1580014614.933,0.68,1.063,0.7,1.0387,44
1580014615.114,0.68,1.0562,0.7,1.0299,44
1580014615.293,0.69,1.0522,0.68,1.0428,44
1580014615.476,0.68,1.0623,0.69,1.0438,44
1580014615.653,0.68,1.0601,0.74,1.0209,44
1580014615.83,0.67,1.07,0.71,1.0343,44
1580014616.013,0.7,1.0364,0.71,1.0407,44
1580014616.192,0.68,1.0547,0.71,1.041,44
1580014616.372,0.71,1.0296,0.7,1.0347,44
1580014616.552,0.7,1.0392,0.72,1.0245,44
1580014616.711,0.72,1.0266,0.74,1.0283,44
1580014616.89,0.71,1.0335,0.71,1.0368,45
1580014617.073,0.69,1.0437,0.7,1.0371,45
1580014617.253,0.69,1.0419,0.7,1.033,45
1580014617.436,0.7,1.036,0.71,1.0317,45
1580014617.615,0.68,1.0566,0.7,1.0391,45
1580014617.802,0.7,1.0411,0.7,1.0383,45
1580014617.981,0.68,1.0542,0.71,1.0324,45
1580014618.16,0.7,1.0391,0.7,1.0427,45
1580014618.341,0.7,1.0417,0.69,1.0514,45
1580014618.526,0.66,1.0781,0.7,1.0362,45
1580014618.707,0.71,1.0343,0.71,1.0231,45
1580014618.886,0.7,1.0364,0.72,1.0235,45
1580014619.065,0.73,1.0129,0.72,1.0296,45
1580014619.246,0.72,1.0259,0.71,1.0328,45
1580014619.408,0.71,1.0293,0.72,1.0262,45
1580014619.597,0.73,1.0141,0.72,1.0267,46
1580014619.777,0.72,1.0278,0.73,1.0255,46
1580014619.957,0.71,1.0319,0.72,1.0294,46
1580014620.136,0.71,1.0284,0.73,1.0238,46
1580014620.315,0.69,1.0529,0.73,1.0255,46
1580014620.495,0.71,1.0288,0.7,1.0354,46
1580014620.676,0.71,1.0343,0.68,1.05,46
1580014620.864,0.7,1.0371,0.65,1.0583,46
1580014621.055,0.7,1.0412,0.67,1.0623,46
1580014621.244,0.67,1.0677,0.67,1.0627,46
1580014621.424,0.72,1.0232,0.65,1.0559,46
1580014621.603,0.72,1.0299,0.67,1.0472,46
1580014621.783,0.75,1.0046,0.69,1.0407,46
1580014621.965,0.72,1.0236,0.72,1.0293,46
1580014622.125,0.72,1.0255,0.7,1.0383,46
1580014622.309,0.73,1.0122,0.7,1.0465,47
1580014622.491,0.71,1.0332,0.69,1.0403,47
1580014622.67,0.71,1.0309,0.71,1.0262,47
1580014622.848,0.72,1.0198,0.72,1.0269,47
1580014623.026,0.7,1.0511,0.71,1.0326,47
1580014623.204,0.71,1.0307,0.69,1.0429,47
1580014623.385,0.71,1.0357,0.7,1.0347,47
1580014623.565,0.72,1.0302,0.71,1.0346,47
1580014623.745,0.71,1.0359,0.7,1.0477,47
1580014623.93,0.68,1.0621,0.68,1.0549,47
1580014624.109,0.72,1.0279,0.7,1.0461,47
1580014624.287,0.71,1.0314,0.7,1.0332,47
1580014624.466,0.74,1.0022,0.7,1.0398,47
1580014624.643,0.71,1.0281,0.71,1.0373,47
1580014624.804,0.71,1.0381,0.72,1.0253,47
1580014624.986,0.73,1.0132,0.69,1.0383,48
1580014625.166,0.71,1.0316,0.71,1.0449,48
1580014625.347,0.7,1.0416,0.72,1.0322,48
1580014625.527,0.71,1.0248,0.7,1.0243,48
1580014625.705,0.7,1.047,0.74,1.0179,48
1580014625.884,0.71,1.034,0.7,1.0458,48
1580014626.062,0.7,1.041,0.69,1.0454,48
1580014626.24,0.7,1.0456,0.69,1.0248,48
1580014626.422,0.71,1.0314,0.7,1.0412,48
1580014626.604,0.69,1.055,0.68,1.0542,48
1580014626.786,0.71,1.0341,0.68,1.0489,48
1580014626.972,0.69,1.0453,0.71,1.031,48
1580014627.151,0.73,1.0071,0.69,1.0391,48
1580014627.331,0.73,1.0182,0.67,1.0591,48
1580014627.491,0.68,1.0466,0.7,1.0405,48
1580014627.672,0.71,1.0275,0.69,1.037,49
1580014627.852,0.72,1.0262,0.66,1.0531,49
1580014628.037,0.69,1.0418,0.7,1.0396,49
1580014628.218,0.71,1.0315,0.68,1.0561,49
1580014628.396,0.68,1.0696,0.7,1.0365,49
1580014628.583,0.7,1.0397,0.71,1.0234,49
1580014628.773,0.71,1.0307,0.68,1.0502,49
1580014628.955,0.68,1.0581,0.69,1.049,49
1580014629.137,0.7,1.0439,0.68,1.0433,49
1580014629.318,0.68,1.0631,0.7,1.0484,49
1580014629.499,0.71,1.0328,0.69,1.0488,49
1580014629.682,0.7,1.0426,0.68,1.0535,49
1580014629.862,0.72,1.0197,0.68,1.0474,49
1580014630.047,0.7,1.043,0.7,1.0355,49
1580014630.209,0.71,1.0267,0.71,1.0327,49
1580014630.402,0.72,1.0172,0.67,1.0684,50
1580014630.597,0.7,1.0395,0.66,1.077,50
1580014630.789,0.7,1.0367,0.69,1.0389,50
1580014630.984,0.72,1.0268,0.71,1.0297,50
1580014631.163,0.69,1.0499,0.68,1.0454,50
1580014631.344,0.7,1.0448,0.7,1.0365,50
1580014631.522,0.7,1.0441,0.67,1.0454,50
1580014631.703,0.7,1.0397,0.67,1.0465,50
1580014631.887,0.71,1.0339,0.69,1.0408,50
1580014632.073,0.68,1.0607,0.71,1.0253,50
1580014632.251,0.72,1.0243,0.71,1.0274,50
1580014632.431,0.71,1.0306,0.69,1.0342,50
1580014632.609,0.74,1.0054,0.69,1.0381,50
1580014632.787,0.72,1.0238,0.7,1.0318,50
1580014632.945,0.72,1.0216,0.72,1.0239,50
1580014633.137,0.74,1.0072,0.72,1.0329,51
1580014633.315,0.72,1.0185,0.69,1.0455,51
1580014633.495,0.73,1.0191,0.66,1.0586,51
1580014633.675,0.72,1.0258,0.72,1.0253,51
1580014633.855,0.7,1.0402,0.72,1.0204,51
1580014634.037,0.71,1.03,0.73,1.0212,51
1580014634.218,0.71,1.0274,0.69,1.0446,51
1580014634.399,0.71,1.0318,0.69,1.0567,51
1580014634.578,0.72,1.0266,0.65,1.0623,51
1580014634.754,0.68,1.0583,0.71,1.0354,51
1580014634.932,0.74,1.0111,0.72,1.0235,51
1580014635.113,0.72,1.0258,0.72,1.0237,51
1580014635.295,0.75,0.9973,0.71,1.0382,51
1580014635.474,0.72,1.021,0.7,1.0385,51
1580014635.632,0.72,1.0162,0.71,1.0284,51
1580014635.812,0.74,1.0026,0.7,1.0342,52
1580014635.99,0.73,1.0181,0.7,1.0343,52
1580014636.171,0.73,1.0164,0.72,1.0426,52
1580014636.352,0.72,1.0196,0.69,1.048,52
1580014636.544,0.7,1.0427,0.72,1.029,52
1580014636.721,0.71,1.0266,0.73,1.0199,52
1580014636.9,0.72,1.0216,0.67,1.0455,52
1580014637.082,0.72,1.0261,0.66,1.0616,52
1580014637.262,0.72,1.0212,0.66,1.0747,52
1580014637.441,0.69,1.0552,0.67,1.0537,52
1580014637.62,0.74,1.0087,0.69,1.038,52
1580014637.799,0.72,1.0198,0.68,1.0364,52
1580014637.977,0.75,0.9968,0.65,1.0664,52
1580014638.159,0.72,1.0236,0.67,1.0548,52
1580014638.324,0.73,1.012,0.7,1.0331,52
1580014638.503,0.74,1.0029,0.69,1.0352,53
1580014638.682,0.72,1.0162,0.71,1.0396,53
1580014638.864,0.73,1.0124,0.69,1.0565,53
1580014639.043,0.72,1.0248,0.67,1.0486,53
1580014639.229,0.71,1.0369,0.7,1.0316,53
1580014639.409,0.72,1.0249,0.72,1.0272,53
1580014639.587,0.71,1.0279,0.69,1.04,53
1580014639.765,0.72,1.0275,0.67,1.0571,53
1580014639.943,0.72,1.0285,0.65,1.0586,53
1580014640.121,0.69,1.0461,0.69,1.0425,53
1580014640.308,0.74,1.0074,0.73,1.0275,53
1580014640.486,0.73,1.0149,0.7,1.0212,53
1580014640.666,0.75,0.994,0.69,1.0435,53
1580014640.847,0.73,1.0077,0.67,1.058,53
1580014641.005,0.74,1.0087,0.7,1.0418,53
1580014641.184,0.75,0.9956,0.7,1.0338,54
1580014641.364,0.73,1.0142,0.7,1.0341,54
1580014641.543,0.73,1.0146,0.69,1.0584,54
1580014641.721,0.72,1.0194,0.64,1.0737,54
1580014641.901,0.7,1.0427,0.71,1.0405,54
1580014642.082,0.72,1.0175,0.71,1.0334,54
1580014642.262,0.7,1.039,0.69,1.0474,54
1580014642.441,0.72,1.0231,0.65,1.0765,54
1580014642.621,0.71,1.0345,0.63,1.0849,54
1580014642.801,0.69,1.0521,0.68,1.0547,54
1580014642.983,0.72,1.0245,0.69,1.0573,54
1580014643.16,0.71,1.0292,0.66,1.0718,54
1580014643.345,0.74,0.9969,0.67,1.0584,54
1580014643.524,0.71,1.0209,0.68,1.0513,54
1580014643.687,0.73,1.0136,0.7,1.0519,54
1580014643.867,0.74,1.0006,0.69,1.0526,55
1580014644.049,0.72,1.0257,0.69,1.0423,55
1580014644.23,0.74,1.0076,0.68,1.0409,55
1580014644.413,0.72,1.0165,0.71,1.032,55
1580014644.595,0.7,1.0406,0.7,1.0367,55
1580014644.777,0.73,1.0146,0.69,1.0483,55
1580014644.957,0.7,1.0359,0.7,1.0433,55
1580014645.135,0.69,1.0482,0.69,1.0442,55
1580014645.315,0.72,1.0243,0.64,1.0887,55
1580014645.499,0.63,1.1026,0.65,1.0768,55
1580014645.679,0.72,1.0214,0.72,1.0413,55
1580014645.861,0.72,1.0216,0.68,1.0576,55
1580014646.055,0.72,1.0216,0.64,1.0877,55
1580014646.247,0.72,1.0275,0.64,1.0857,55
1580014646.439,0.71,1.0311,0.71,1.042,55
1580014646.631,0.73,1.0153,0.7,1.0344,56
1580014646.81,0.7,1.0375,0.71,1.0408,56
1580014646.987,0.71,1.0283,0.68,1.046,56
1580014647.168,0.72,1.0184,0.69,1.0544,56
1580014647.353,0.71,1.0418,0.7,1.0514,56
1580014647.534,0.72,1.0194,0.7,1.0442,56
1580014647.716,0.71,1.0341,0.71,1.0325,56
1580014647.902,0.7,1.0406,0.73,1.0249,56
1580014648.079,0.72,1.0253,0.67,1.0659,56
1580014648.261,0.68,1.0579,0.66,1.0676,56
1580014648.445,0.71,1.0244,0.68,1.0568,56
1580014648.625,0.71,1.0316,0.69,1.0388,56
1580014648.807,0.72,1.0168,0.7,1.0434,56
1580014648.99,0.72,1.0139,0.66,1.0827,56
1580014649.154,0.71,1.0327,0.65,1.0901,56
1580014649.336,0.7,1.0345,0.66,1.0683,57
1580014649.531,0.72,1.0232,0.67,1.0453,57
1580014649.71,0.7,1.0308,0.7,1.039,57
1580014649.89,0.71,1.028,0.69,1.0547,57
1580014650.071,0.69,1.0524,0.67,1.0631,57
1580014650.248,0.71,1.0301,0.68,1.0476,57
1580014650.429,0.72,1.0272,0.69,1.0441,57
1580014650.609,0.7,1.0381,0.7,1.0489,57
1580014650.792,0.68,1.0545,0.66,1.0562,57
1580014650.973,0.66,1.0768,0.65,1.0557,57
1580014651.156,0.72,1.015,0.66,1.0687,57
1580014651.336,0.71,1.034,0.64,1.0759,57
1580014651.52,0.72,1.0205,0.66,1.0698,57
1580014651.701,0.69,1.0461,0.71,1.0401,57
1580014651.864,0.69,1.0472,0.7,1.0324,57
1580014652.05,0.74,1.0032,0.64,1.093,58
1580014652.23,0.69,1.0482,0.63,1.1034,58
1580014652.412,0.69,1.0561,0.66,1.0683,58
1580014652.596,0.7,1.038,0.69,1.0387,58
1580014652.777,0.68,1.0597,0.7,1.0346,58
1580014652.96,0.72,1.0266,0.7,1.0427,58
1580014653.142,0.69,1.0477,0.69,1.0416,58
1580014653.322,0.7,1.046,0.67,1.0555,58
1580014653.501,0.72,1.0248,0.66,1.0584,58
1580014653.69,0.68,1.059,0.69,1.0369,58
1580014653.872,0.72,1.0185,0.7,1.0266,58
1580014654.05,0.7,1.0412,0.68,1.0375,58
1580014654.233,0.73,1.0119,0.68,1.0539,58
1580014654.412,0.73,1.0143,0.64,1.0802,58
1580014654.573,0.71,1.0335,0.65,1.0727,58
1580014654.758,0.72,1.0179,0.67,1.0551,59
1580014654.938,0.72,1.0185,0.69,1.0495,59
1580014655.119,0.73,1.0224,0.68,1.0521,59
1580014655.299,0.71,1.0361,0.68,1.0474,59
1580014655.478,0.71,1.0352,0.69,1.0483,59
1580014655.662,0.72,1.0258,0.69,1.0507,59
1580014655.841,0.71,1.0291,0.71,1.0383,59
1580014656.021,0.7,1.0415,0.72,1.0247,59
1580014656.201,0.7,1.0413,0.69,1.0384,59
1580014656.384,0.68,1.0572,0.7,1.0381,59
1580014656.565,0.74,1.0094,0.69,1.0496,59
1580014656.748,0.68,1.0566,0.69,1.0525,59
1580014656.928,0.73,1.0112,0.7,1.0393,59
1580014657.109,0.74,1.0065,0.69,1.0664,59
1580014657.268,0.68,1.0498,0.64,1.0738,59
1580014657.457,0.71,1.0319,0.63,1.0854,60
1580014657.638,0.72,1.0237,0.66,1.0711,60
1580014657.817,0.71,1.0358,0.69,1.051,60
1580014657.996,0.7,1.0373,0.68,1.0533,60
1580014658.179,0.68,1.0563,0.71,1.0406,60
1580014658.358,0.7,1.0403,0.69,1.0411,60
1580014658.538,0.71,1.033,0.69,1.0398,60
1580014658.726,0.71,1.0378,0.67,1.0646,60
1580014658.907,0.71,1.0365,0.64,1.0844,60
1580014659.086,0.66,1.0803,0.65,1.0788,60
1580014659.28,0.73,1.0173,0.66,1.055,60
1580014659.46,0.71,1.0263,0.69,1.0425,60
1580014659.638,0.7,1.0355,0.71,1.0405,60
1580014659.819,0.7,1.0345,0.69,1.0514,60
1580014659.979,0.72,1.0173,0.64,1.0794,60
1580014660.157,0.73,1.0132,0.63,1.0877,61
1580014660.338,0.69,1.0544,0.67,1.0567,61
1580014660.52,0.7,1.0392,0.7,1.0349,61
1580014660.705,0.71,1.0248,0.69,1.0464,61
1580014660.884,0.69,1.0449,0.67,1.0641,61
1580014661.064,0.69,1.0487,0.66,1.0649,61
1580014661.242,0.68,1.0559,0.68,1.0515,61
1580014661.422,0.68,1.0563,0.71,1.0291,61
1580014661.604,0.72,1.0204,0.72,1.0241,61
1580014661.792,0.7,1.0458,0.69,1.0465,61
1580014661.976,0.71,1.025,0.69,1.0442,61
1580014662.156,0.7,1.0397,0.73,1.018,61
1580014662.336,0.73,1.0079,0.73,1.0164,61
1580014662.517,0.74,1.0089,0.74,1.0155,61
1580014662.682,0.71,1.0277,0.73,1.017,61
1580014662.863,0.74,1.0002,0.66,1.0728,62
1580014663.042,0.71,1.0302,0.65,1.0726,62
1580014663.221,0.72,1.0209,0.73,1.0161,62
1580014663.405,0.73,1.0101,0.75,1.0072,62
1580014663.589,0.71,1.0339,0.75,1.0056,62
1580014663.769,0.72,1.0227,0.76,1.0074,62
1580014663.948,0.71,1.0278,0.74,1.0124,62
1580014664.128,0.71,1.028,0.71,1.0232,62
1580014664.309,0.73,1.01,0.69,1.0457,62
1580014664.489,0.7,1.0384,0.67,1.0767,62
1580014664.67,0.72,1.0173,0.7,1.0389,62
1580014664.858,0.72,1.0211,0.68,1.0446,62
1580014665.038,0.76,0.9919,0.69,1.0507,62
1580014665.22,0.73,1.0151,0.7,1.0456,62
1580014665.381,0.73,1.0139,0.69,1.0401,62
1580014665.565,0.75,0.9886,0.66,1.0732,63
1580014665.746,0.73,1.0144,0.64,1.0879,63
1580014665.93,0.72,1.0205,0.65,1.068,63
1580014666.112,0.74,1.005,0.73,1.0283,63
1580014666.292,0.72,1.0267,0.7,1.0325,63
1580014666.471,0.72,1.0186,0.71,1.028,63
1580014666.657,0.71,1.0232,0.73,1.0242,63
1580014666.838,0.72,1.0231,0.69,1.0441,63
1580014667.017,0.74,1.0056,0.66,1.0686,63
1580014667.197,0.7,1.0369,0.64,1.0802,63
1580014667.376,0.74,1.0059,0.68,1.0431,63
1580014667.554,0.74,1.0076,0.72,1.0237,63
1580014667.734,0.75,0.9927,0.69,1.0405,63
1580014667.921,0.74,1.0039,0.7,1.0436,63
1580014668.081,0.74,1.0069,0.67,1.0554,63
1580014668.267,0.76,0.985,0.65,1.0726,64
1580014668.463,0.73,1.0145,0.64,1.0826,64
1580014668.657,0.73,1.0127,0.67,1.0563,64
1580014668.85,0.74,1.0033,0.67,1.0501,64
1580014669.029,0.72,1.0237,0.71,1.0295,64
1580014669.211,0.72,1.012,0.72,1.0214,64
1580014669.393,0.73,1.0119,0.73,1.0272,64
1580014669.575,0.71,1.0271,0.71,1.0403,64
1580014669.762,0.74,1.0096,0.65,1.0766,64
1580014669.947,0.71,1.0355,0.66,1.0768,64
1580014670.127,0.73,1.0095,0.68,1.0572,64
1580014670.306,0.73,1.0111,0.73,1.0271,64
1580014670.486,0.75,0.9905,0.7,1.037,64
1580014670.665,0.74,1.0027,0.69,1.0422,64
1580014670.826,0.73,1.0108,0.67,1.0547,64
1580014671.017,0.77,0.9856,0.65,1.0772,65
1580014671.199,0.73,1.0134,0.64,1.0748,65
1580014671.381,0.73,1.019,0.69,1.0498,65
1580014671.562,0.74,1.0057,0.69,1.0439,65
1580014671.743,0.71,1.0324,0.71,1.0332,65
1580014671.926,0.72,1.0145,0.72,1.0231,65
1580014672.108,0.73,1.0135,0.73,1.0246,65
1580014672.29,0.73,1.0211,0.7,1.0349,65
1580014672.472,0.74,1.0055,0.65,1.0611,65
1580014672.653,0.71,1.0362,0.66,1.08,65
1580014672.836,0.72,1.0174,0.68,1.0522,65
1580014673.025,0.72,1.0161,0.7,1.0345,65
1580014673.205,0.75,0.9934,0.69,1.0469,65
1580014673.387,0.73,1.0127,0.69,1.0497,65
1580014673.547,0.74,1.0098,0.66,1.0742,65
1580014673.729,0.77,0.9811,0.66,1.0771,66
1580014673.91,0.72,1.0202,0.65,1.0796,66
1580014674.094,0.73,1.0209,0.67,1.0586,66
1580014674.274,0.74,1.0107,0.69,1.0582,66
1580014674.459,0.72,1.0265,0.66,1.0693,66
1580014674.653,0.71,1.0353,0.68,1.0508,66
1580014674.84,0.72,1.0256,0.68,1.047,66
1580014675.02,0.72,1.0203,0.68,1.0497,66
1580014675.2,0.74,1.0039,0.66,1.0658,66
1580014675.381,0.7,1.0471,0.67,1.0563,66
1580014675.563,0.75,0.9977,0.69,1.0435,66
1580014675.743,0.74,1.0101,0.73,1.0275,66
1580014675.924,0.76,0.9893,0.68,1.0422,66
1580014676.111,0.73,1.0162,0.7,1.0489,66
1580014676.272,0.7,1.0404,0.66,1.0623,66
1580014676.456,0.71,1.0245,0.64,1.0852,67
1580014676.638,0.73,1.0164,0.66,1.0873,67
1580014676.819,0.71,1.0286,0.65,1.0778,67
1580014676.999,0.69,1.0487,0.7,1.0424,67
1580014677.181,0.69,1.0481,0.65,1.0635,67
1580014677.363,0.7,1.0351,0.63,1.093,67
1580014677.548,0.66,1.0674,0.66,1.0732,67
1580014677.733,0.68,1.0614,0.71,1.0304,67
1580014677.92,0.7,1.0363,0.67,1.0601,67
1580014678.102,0.68,1.0547,0.65,1.0842,67
1580014678.285,0.69,1.0473,0.63,1.0936,67
1580014678.465,0.66,1.0778,0.66,1.0576,67
1580014678.649,0.72,1.0272,0.71,1.0408,67
1580014678.835,0.71,1.03,0.68,1.0552,67
1580014679.002,0.68,1.0591,0.66,1.0806,67
1580014679.195,0.66,1.0745,0.69,1.0537,68
1580014679.38,0.68,1.0599,0.69,1.0513,68
1580014679.574,0.72,1.0189,0.66,1.0672,68
1580014679.754,0.7,1.0343,0.68,1.0579,68
1580014679.933,0.66,1.0804,0.71,1.0369,68
1580014680.114,0.69,1.0516,0.7,1.0281,68
1580014680.294,0.7,1.0382,0.71,1.0284,68
1580014680.474,0.7,1.0381,0.69,1.0424,68
1580014680.657,0.67,1.0654,0.68,1.0538,68
1580014680.84,0.65,1.0863,0.7,1.0401,68
1580014681.033,0.68,1.0552,0.7,1.0374,68
1580014681.228,0.72,1.0249,0.7,1.0409,68
1580014681.409,0.73,1.0095,0.69,1.0565,68
1580014681.589,0.69,1.0489,0.66,1.0731,68
1580014681.751,0.69,1.0495,0.65,1.08,68
1580014681.931,0.74,0.9977,0.67,1.0655,69
1580014682.114,0.7,1.0356,0.68,1.0629,69
1580014682.296,0.69,1.0401,0.68,1.0549,69
1580014682.48,0.71,1.0352,0.7,1.0432,69
1580014682.661,0.7,1.0399,0.7,1.0531,69
1580014682.843,0.72,1.0147,0.68,1.0568,69
1580014683.025,0.7,1.0356,0.67,1.0608,69
1580014683.207,0.7,1.038,0.7,1.0592,69
1580014683.39,0.73,1.0143,0.65,1.0599,69
1580014683.573,0.7,1.0426,0.66,1.0661,69
1580014683.755,0.73,1.0109,0.66,1.065,69
1580014683.936,0.74,1.0053,0.69,1.0609,69
1580014684.119,0.76,0.9894,0.68,1.0568,69
1580014684.314,0.73,1.0078,0.7,1.0464,69
1580014684.482,0.74,1.0042,0.68,1.0469,69
1580014684.669,0.75,0.9921,0.68,1.0636,70
1580014684.849,0.74,1.0032,0.67,1.0753,70
1580014685.03,0.74,1.0052,0.68,1.069,70
1580014685.216,0.74,1.0004,0.7,1.047,70
1580014685.398,0.72,1.023,0.69,1.0407,70
1580014685.579,0.73,1.0063,0.68,1.0379,70
1580014685.759,0.72,1.0167,0.72,1.031,70
1580014685.941,0.71,1.0272,0.72,1.0275,70
1580014686.123,0.72,1.0185,0.71,1.0457,70
1580014686.306,0.71,1.0379,0.64,1.0689,70
1580014686.487,0.75,0.9963,0.66,1.0651,70
1580014686.672,0.73,1.0144,0.69,1.0515,70
1580014686.858,0.75,0.991,0.7,1.0333,70
1580014687.041,0.74,0.998,0.71,1.0303,70
1580014687.201,0.73,1.0112,0.69,1.0465,70
1580014687.392,0.73,1.0086,0.68,1.0684,71
1580014687.573,0.75,1.0004,0.61,1.1012,71
1580014687.755,0.74,1.0101,0.63,1.0898,71
1580014687.936,0.73,1.0186,0.69,1.0469,71
1580014688.12,0.71,1.0301,0.73,1.0261,71
1580014688.302,0.73,1.0125,0.71,1.0275,71
1580014688.486,0.72,1.0214,0.71,1.037,71
1580014688.673,0.7,1.0459,0.72,1.0252,71
1580014688.862,0.7,1.0389,0.72,1.0348,71
1580014689.041,0.7,1.0375,0.64,1.0709,71
1580014689.225,0.76,0.9919,0.64,1.0824,71
1580014689.412,0.72,1.0267,0.66,1.0749,71
1580014689.593,0.74,0.9954,0.66,1.0647,71
1580014689.788,0.75,0.9921,0.69,1.0531,71
1580014689.948,0.74,1.0022,0.68,1.0562,71
1580014690.132,0.73,1.0074,0.69,1.0578,72
1580014690.32,0.74,1.0078,0.67,1.0654,72
1580014690.512,0.75,0.9953,0.67,1.0767,72
1580014690.702,0.73,1.014,0.65,1.0764,72
1580014690.894,0.68,1.0573,0.7,1.0506,72
1580014691.086,0.73,1.0145,0.69,1.0446,72
1580014691.277,0.74,1.0026,0.68,1.0638,72
1580014691.467,0.69,1.0546,0.68,1.0656,72
1580014691.649,0.67,1.0699,0.7,1.0435,72
1580014691.833,0.68,1.0609,0.7,1.0404,72
1580014692.018,0.73,1.0072,0.63,1.086,72
1580014692.198,0.72,1.0299,0.63,1.0988,72
1580014692.384,0.69,1.0396,0.66,1.0731,72
1580014692.564,0.7,1.0345,0.67,1.0687,72
1580014692.724,0.74,1.0016,0.65,1.0822,72
1580014692.906,0.74,1.0075,0.65,1.0852,73
1580014693.088,0.69,1.0514,0.68,1.0592,73
1580014693.27,0.7,1.0381,0.69,1.044,73
1580014693.452,0.73,1.0141,0.68,1.0554,73
1580014693.634,0.71,1.03,0.67,1.0686,73
1580014693.815,0.7,1.0371,0.68,1.0604,73
1580014693.998,0.69,1.0455,0.69,1.0573,73
1580014694.18,0.69,1.0488,0.67,1.0565,73
1580014694.363,0.73,1.011,0.69,1.0465,73
1580014694.551,0.69,1.044,0.69,1.054,73
1580014694.731,0.72,1.0202,0.69,1.0646,73
1580014694.911,0.72,1.0241,0.66,1.0706,73
1580014695.092,0.76,0.99,0.66,1.0665,73
1580014695.274,0.74,1.0029,0.67,1.0704,73
1580014695.437,0.73,1.0179,0.66,1.0761,73
1580014695.62,0.74,1.0029,0.66,1.0733,74
1580014695.801,0.74,1.0,0.7,1.0471,74
1580014695.983,0.74,1.0042,0.68,1.0597,74
1580014696.163,0.72,1.0217,0.67,1.0583,74
1580014696.341,0.69,1.0476,0.7,1.0388,74
1580014696.522,0.73,1.0088,0.68,1.0503,74
1580014696.702,0.74,1.0063,0.68,1.057,74
1580014696.882,0.71,1.0285,0.66,1.0589,74
1580014697.063,0.73,1.0096,0.67,1.0607,74
1580014697.244,0.71,1.0359,0.67,1.0557,74
1580014697.425,0.76,0.9837,0.69,1.0501,74
1580014697.614,0.75,0.9932,0.65,1.064,74
1580014697.794,0.76,0.9799,0.66,1.0634,74
1580014697.973,0.75,0.9908,0.67,1.0608,74
1580014698.133,0.75,0.9943,0.67,1.0519,74
1580014698.324,0.77,0.9746,0.7,1.0459,75
1580014698.504,0.76,0.986,0.68,1.0607,75
1580014698.685,0.75,0.994,0.65,1.069,75
1580014698.864,0.75,0.9953,0.67,1.0638,75
1580014699.044,0.73,1.0164,0.71,1.0422,75
1580014699.226,0.75,0.9973,0.71,1.0361,75
1580014699.41,0.74,1.0033,0.71,1.0332,75
1580014699.59,0.72,1.02,0.7,1.0327,75
1580014699.774,0.72,1.0144,0.74,1.0262,75
1580014699.966,0.71,1.0291,0.72,1.0321,75
1580014700.145,0.76,0.9813,0.69,1.0596,75
1580014700.324,0.75,0.9962,0.65,1.0809,75
1580014700.505,0.76,0.9853,0.63,1.0849,75
1580014700.691,0.74,0.9971,0.66,1.0619,75
1580014700.852,0.76,0.9877,0.68,1.0419,75
1580014701.041,0.76,0.9789,0.7,1.0377,76
1580014701.222,0.74,1.0026,0.7,1.0421,76
1580014701.408,0.74,0.9998,0.66,1.0663,76
1580014701.593,0.76,0.9878,0.65,1.0822,76
1580014701.773,0.72,1.0218,0.67,1.0708,76
1580014701.953,0.73,1.0151,0.7,1.04,76
1580014702.135,0.74,1.002,0.73,1.0228,76
1580014702.318,0.73,1.0147,0.7,1.0465,76
1580014702.498,0.72,1.0264,0.7,1.043,76
1580014702.68,0.69,1.0441,0.72,1.035,76
1580014702.859,0.73,1.007,0.71,1.0346,76
1580014703.04,0.74,0.9994,0.68,1.0613,76
1580014703.221,0.75,0.9913,0.63,1.097,76
1580014703.404,0.72,1.0198,0.61,1.1024,76
1580014703.563,0.73,1.0056,0.68,1.0661,76
1580014703.751,0.77,0.9777,0.7,1.0385,77
1580014703.931,0.75,0.9989,0.72,1.0298,77
1580014704.111,0.73,1.0078,0.69,1.0348,77
1580014704.291,0.74,1.0026,0.69,1.0417,77
1580014704.47,0.73,1.011,0.68,1.0583,77
1580014704.653,0.74,1.0069,0.66,1.061,77
1580014704.835,0.73,1.0142,0.7,1.0493,77
1580014705.016,0.71,1.032,0.68,1.0436,77
1580014705.197,0.73,1.0087,0.7,1.0398,77
1580014705.381,0.71,1.0344,0.7,1.0333,77
1580014705.567,0.76,0.9895,0.7,1.035,77
1580014705.749,0.73,1.0098,0.71,1.0397,77
1580014705.932,0.74,1.0004,0.71,1.0409,77
1580014706.125,0.73,1.0071,0.71,1.0382,77
1580014706.297,0.75,0.9888,0.67,1.0549,77
1580014706.496,0.77,0.9767,0.65,1.0712,78
1580014706.679,0.72,1.0167,0.68,1.0559,78
1580014706.861,0.76,0.9928,0.66,1.0659,78
1580014707.044,0.76,0.9867,0.69,1.0424,78
1580014707.226,0.72,1.0179,0.71,1.0353,78
1580014707.41,0.74,1.0045,0.69,1.0428,78
1580014707.59,0.74,1.0042,0.72,1.028,78
1580014707.773,0.73,1.0146,0.71,1.0305,78
1580014707.955,0.73,1.0127,0.71,1.03,78
1580014708.138,0.7,1.0418,0.72,1.0241,78
1580014708.319,0.76,0.9905,0.69,1.0497,78
1580014708.5,0.75,0.9907,0.7,1.0481,78
1580014708.682,0.75,0.9942,0.67,1.0688,78
1580014708.87,0.73,1.0105,0.68,1.0643,78
1580014709.034,0.76,0.9882,0.71,1.0551,78
1580014709.215,0.78,0.9693,0.66,1.0754,79
1580014709.398,0.73,1.0078,0.65,1.0861,79
1580014709.586,0.74,0.9978,0.66,1.0744,79
1580014709.765,0.75,0.9932,0.65,1.0754,79
1580014709.943,0.74,1.0109,0.71,1.0455,79
1580014710.127,0.72,1.0196,0.7,1.0418,79
1580014710.309,0.7,1.0337,0.69,1.043,79
1580014710.494,0.72,1.0185,0.73,1.0321,79
1580014710.675,0.73,1.0129,0.71,1.0318,79
1580014710.854,0.7,1.0447,0.71,1.0353,79
1580014711.035,0.72,1.0205,0.71,1.0416,79
1580014711.219,0.74,1.0009,0.66,1.0715,79
1580014711.4,0.78,0.9675,0.68,1.0689,79
1580014711.586,0.74,1.0078,0.66,1.0676,79
1580014711.747,0.72,1.0207,0.67,1.064,79
1580014711.934,0.76,0.9858,0.72,1.0328,80
1580014712.127,0.75,0.9982,0.69,1.0541,80
1580014712.314,0.73,1.0156,0.67,1.0818,80
1580014712.499,0.71,1.0293,0.62,1.0941,80
1580014712.684,0.68,1.056,0.66,1.0696,80
1580014712.87,0.71,1.0261,0.67,1.0583,80
1580014713.059,0.72,1.0149,0.71,1.0441,80
1580014713.245,0.69,1.0466,0.69,1.0628,80
1580014713.43,0.71,1.0347,0.67,1.0653,80
1580014713.615,0.68,1.0519,0.68,1.0518,80
1580014713.797,0.74,1.0033,0.73,1.0298,80
1580014713.981,0.74,1.0003,0.69,1.0317,80
1580014714.162,0.77,0.9726,0.67,1.0658,80
1580014714.341,0.73,1.0051,0.65,1.0811,80
1580014714.5,0.75,0.9926,0.65,1.0804,80
1580014714.681,0.76,0.9784,0.69,1.0542,81
1580014714.863,0.75,0.9901,0.72,1.0244,81
1580014715.045,0.75,0.9981,0.74,1.0162,81
1580014715.226,0.74,1.0003,0.72,1.0214,81
1580014715.408,0.72,1.0195,0.72,1.0244,81
1580014715.591,0.74,1.0082,0.74,1.0274,81
1580014715.772,0.74,1.0038,0.7,1.0468,81
1580014715.953,0.73,1.0115,0.69,1.0532,81
1580014716.135,0.74,0.9982,0.68,1.0535,81
1580014716.316,0.71,1.0334,0.7,1.0395,81
1580014716.497,0.78,0.9758,0.69,1.0371,81
1580014716.679,0.75,0.9907,0.7,1.0359,81
1580014716.858,0.76,0.9779,0.7,1.034,81
1580014717.043,0.76,0.9842,0.69,1.0412,81
1580014717.203,0.76,0.9792,0.67,1.0636,81
1580014717.387,0.78,0.9656,0.67,1.0649,82
1580014717.568,0.75,0.9948,0.69,1.0446,82
1580014717.75,0.76,0.9869,0.74,1.016,82
1580014717.93,0.76,0.9861,0.73,1.0166,82
1580014718.11,0.73,1.0089,0.71,1.0322,82
1580014718.289,0.75,0.9947,0.7,1.0372,82
1580014718.472,0.74,1.0003,0.69,1.0473,82
1580014718.653,0.73,1.0075,0.69,1.046,82
1580014718.84,0.77,0.9791,0.69,1.0537,82
1580014719.018,0.72,1.0258,0.67,1.0665,82
1580014719.199,0.76,0.9839,0.7,1.0552,82
1580014719.38,0.77,0.9788,0.67,1.0564,82
1580014719.563,0.78,0.9638,0.68,1.0538,82
1580014719.744,0.76,0.9847,0.69,1.0603,82
1580014719.905,0.77,0.9767,0.65,1.0734,82
1580014720.089,0.79,0.9562,0.66,1.0737,83
1580014720.28,0.76,0.9877,0.69,1.0499,83
1580014720.461,0.76,0.9857,0.73,1.0254,83
1580014720.641,0.77,0.9741,0.71,1.0278,83
1580014720.82,0.75,0.9966,0.67,1.0442,83
1580014720.999,0.75,0.9939,0.69,1.0434,83
1580014721.18,0.74,1.002,0.69,1.044,83
1580014721.361,0.74,1.0061,0.72,1.03,83
1580014721.543,0.77,0.9797,0.7,1.0371,83
1580014721.723,0.73,1.0201,0.7,1.0441,83
1580014721.912,0.77,0.98,0.7,1.0424,83
1580014722.091,0.78,0.9722,0.68,1.0538,83
1580014722.271,0.79,0.9588,0.67,1.0644,83
1580014722.451,0.77,0.9791,0.68,1.0695,83
1580014722.613,0.77,0.9761,0.66,1.0721,83
1580014722.793,0.79,0.9602,0.66,1.068,84
1580014722.974,0.77,0.9782,0.67,1.0705,84
1580014723.158,0.75,0.996,0.7,1.0458,84
1580014723.337,0.76,0.9832,0.71,1.0289,84
1580014723.514,0.76,0.9927,0.7,1.0486,84
1580014723.694,0.76,0.9903,0.71,1.0404,84
1580014723.874,0.73,1.0133,0.7,1.0452,84
1580014724.056,0.73,1.0141,0.69,1.0409,84
1580014724.239,0.76,0.9848,0.72,1.0287,84
1580014724.42,0.72,1.0192,0.67,1.0608,84
1580014724.602,0.73,1.0044,0.71,1.0364,84
1580014724.785,0.76,0.9839,0.71,1.0357,84
1580014724.966,0.79,0.9545,0.7,1.0393,84
1580014725.149,0.76,0.9888,0.71,1.0423,84
1580014725.308,0.75,0.9968,0.69,1.0637,84
1580014725.489,0.78,0.9688,0.66,1.0777,85
1580014725.667,0.76,0.9855,0.63,1.1112,85
1580014725.847,0.74,1.0058,0.63,1.101,85
1580014726.025,0.72,1.0118,0.71,1.041,85
1580014726.209,0.73,1.0127,0.7,1.0423,85
1580014726.389,0.76,0.9864,0.7,1.0381,85
1580014726.57,0.73,1.015,0.7,1.0443,85
1580014726.751,0.7,1.042,0.7,1.0451,85
1580014726.936,0.74,1.0038,0.67,1.0616,85
1580014727.117,0.72,1.0286,0.67,1.0641,85
1580014727.3,0.75,0.9956,0.66,1.0722,85
1580014727.481,0.72,1.0141,0.68,1.0604,85
1580014727.661,0.75,0.9961,0.69,1.0397,85
1580014727.84,0.76,0.9825,0.7,1.04,85
1580014728.002,0.77,0.9775,0.69,1.0503,85
1580014728.192,0.76,0.9816,0.68,1.0592,86
1580014728.384,0.74,0.9951,0.68,1.0646,86
1580014728.578,0.75,0.9901,0.66,1.0773,86
1580014728.77,0.77,0.981,0.63,1.0999,86
1580014728.962,0.72,1.0259,0.63,1.1077,86
1580014729.142,0.72,1.0216,0.68,1.0681,86
1580014729.329,0.73,1.0049,0.72,1.0324,86
1580014729.51,0.73,1.0139,0.69,1.0371,86
1580014729.69,0.73,1.0068,0.67,1.0557,86
1580014729.872,0.69,1.0477,0.67,1.0578,86
1580014730.055,0.75,0.9991,0.68,1.0456,86
1580014730.24,0.75,0.9928,0.74,1.0282,86
1580014730.431,0.78,0.9629,0.65,1.0859,86
1580014730.621,0.76,0.9894,0.62,1.1002,86
1580014730.781,0.74,1.0,0.68,1.0641,86
1580014730.964,0.78,0.9691,0.74,1.0173,87
1580014731.148,0.76,0.9813,0.73,1.0243,87
1580014731.331,0.77,0.9819,0.71,1.0323,87
1580014731.512,0.76,0.9817,0.71,1.0289,87
1580014731.694,0.75,1.0001,0.73,1.0206,87
1580014731.877,0.76,0.9868,0.73,1.0195,87
1580014732.057,0.76,0.9871,0.73,1.023,87
1580014732.245,0.73,1.0136,0.73,1.0172,87
1580014732.429,0.75,0.9896,0.74,1.0161,87
1580014732.607,0.73,1.0163,0.69,1.049,87
1580014732.788,0.76,0.9846,0.69,1.0451,87
1580014732.966,0.76,0.9876,0.72,1.0257,87
1580014733.146,0.78,0.9603,0.73,1.0217,87
1580014733.33,0.76,0.9813,0.7,1.033,87
1580014733.49,0.77,0.9743,0.69,1.0541,87
1580014733.673,0.79,0.9586,0.67,1.0622,88
1580014733.852,0.76,0.9817,0.68,1.0524,88
1580014734.03,0.76,0.9864,0.73,1.0258,88
1580014734.21,0.78,0.9688,0.71,1.029,88
1580014734.392,0.75,0.9977,0.69,1.0464,88
1580014734.573,0.76,0.9836,0.68,1.0506,88
1580014734.753,0.76,0.9858,0.71,1.0389,88
1580014734.934,0.75,0.9971,0.71,1.0335,88
1580014735.114,0.77,0.9765,0.72,1.0372,88
1580014735.295,0.74,1.012,0.69,1.0488,88
1580014735.483,0.78,0.9648,0.69,1.0575,88
1580014735.664,0.77,0.9747,0.68,1.0577,88
1580014735.845,0.78,0.9616,0.7,1.0419,88
1580014736.023,0.78,0.9687,0.71,1.041,88
1580014736.184,0.77,0.9718,0.67,1.0607,88
1580014736.367,0.79,0.9609,0.66,1.0785,89
1580014736.547,0.77,0.9793,0.66,1.0724,89
1580014736.726,0.77,0.9826,0.72,1.0392,89
1580014736.905,0.77,0.9742,0.73,1.0221,89
1580014737.084,0.74,0.9996,0.71,1.0331,89
1580014737.265,0.76,0.9851,0.7,1.0448,89
1580014737.45,0.74,1.0003,0.71,1.0355,89
1580014737.632,0.73,1.0124,0.71,1.0371,89
1580014737.819,0.78,0.9705,0.7,1.0476,89
1580014738.0,0.73,1.0156,0.68,1.0524,89
1580014738.179,0.76,0.9853,0.69,1.0496,89
1580014738.359,0.78,0.9714,0.7,1.0423,89
1580014738.552,0.8,0.9472,0.69,1.0415,89
1580014738.734,0.77,0.9744,0.7,1.0396,89
1580014738.899,0.77,0.9724,0.71,1.0388,89
1580014739.083,0.79,0.9571,0.66,1.0628,90
1580014739.267,0.77,0.9754,0.68,1.059,90
1580014739.456,0.75,0.9917,0.7,1.0571,90
1580014739.739,0.75,0.9936,0.69,1.0537,90
1580014739.925,0.73,1.0159,0.69,1.0426,90
1580014740.106,0.76,0.9839,0.68,1.0489,90
1580014740.287,0.75,0.9963,0.72,1.0329,90
1580014740.475,0.7,1.0371,0.71,1.0405,90
1580014740.657,0.74,1.0015,0.69,1.0398,90
1580014740.84,0.73,1.0138,0.7,1.0414,90
1580014741.037,0.77,0.975,0.65,1.0703,90
1580014741.228,0.73,1.0106,0.69,1.0617,90
1580014741.411,0.74,0.9996,0.71,1.0395,90
1580014741.6,0.76,0.9794,0.67,1.0518,90
1580014741.766,0.77,0.9694,0.69,1.0647,90
1580014741.949,0.74,0.9937,0.69,1.0526,91
1580014742.131,0.73,1.0065,0.7,1.0471,91
1580014742.311,0.75,0.993,0.68,1.0611,91
1580014742.49,0.76,0.9803,0.68,1.0624,91
1580014742.674,0.71,1.03,0.68,1.0582,91
1580014742.855,0.72,1.0187,0.68,1.0588,91
1580014743.036,0.73,1.0051,0.7,1.0487,91
1580014743.22,0.71,1.0309,0.69,1.0468,91
1580014743.404,0.73,1.0092,0.7,1.0402,91
1580014743.586,0.7,1.0396,0.71,1.0395,91
1580014743.766,0.72,1.0163,0.67,1.0487,91
1580014743.947,0.72,1.0216,0.68,1.054,91
1580014744.128,0.77,0.971,0.69,1.0441,91
1580014744.307,0.76,0.9838,0.66,1.0746,91
1580014744.467,0.71,1.025,0.66,1.0856,91
1580014744.654,0.72,1.0127,0.69,1.0562,92
1580014744.836,0.76,0.988,0.68,1.0539,92
1580014745.014,0.76,0.9874,0.68,1.0519,92
1580014745.196,0.77,0.9787,0.69,1.051,92
1580014745.376,0.72,1.026,0.68,1.0559,92
1580014745.555,0.73,1.0056,0.69,1.0488,92
1580014745.736,0.74,1.0029,0.69,1.0489,92
1580014745.918,0.73,1.0133,0.69,1.0508,92
1580014746.1,0.74,1.008,0.69,1.0431,92
1580014746.282,0.7,1.0368,0.66,1.0643,92
1580014746.462,0.76,0.9775,0.66,1.0805,92
1580014746.645,0.75,0.9917,0.65,1.0822,92
1580014746.827,0.75,0.9869,0.69,1.0651,92
1580014747.01,0.74,1.0015,0.68,1.0528,92
1580014747.17,0.73,1.0055,0.72,1.0321,92
1580014747.353,0.77,0.977,0.7,1.048,93
1580014747.536,0.75,0.9912,0.62,1.1005,93
1580014747.719,0.74,1.0044,0.61,1.1194,93
1580014747.899,0.75,0.9898,0.63,1.1079,93
1580014748.081,0.73,1.0114,0.64,1.0855,93
1580014748.265,0.74,0.9954,0.69,1.0535,93
1580014748.448,0.75,0.9871,0.68,1.0514,93
1580014748.63,0.74,1.0024,0.69,1.0485,93
1580014748.822,0.73,1.0083,0.7,1.0428,93
1580014749.001,0.71,1.0274,0.71,1.0405,93
1580014749.182,0.76,0.9823,0.65,1.0749,93
1580014749.362,0.76,0.9943,0.66,1.0797,93
1580014749.541,0.78,0.9622,0.65,1.0848,93
1580014749.722,0.76,0.9847,0.66,1.0949,93
1580014749.884,0.75,0.9905,0.64,1.0951,93
1580014750.066,0.75,0.9927,0.68,1.0683,94
1580014750.25,0.75,0.9909,0.7,1.046,94
1580014750.443,0.77,0.9806,0.64,1.0868,94
1580014750.642,0.75,0.9892,0.66,1.0848,94
1580014750.843,0.72,1.0226,0.67,1.0654,94
1580014751.025,0.73,1.0083,0.71,1.0329,94
1580014751.206,0.75,0.9913,0.7,1.04,94
1580014751.387,0.75,1.0035,0.69,1.043,94
1580014751.57,0.72,1.0192,0.7,1.0446,94
1580014751.751,0.69,1.0482,0.69,1.0383,94
1580014751.94,0.74,1.0023,0.71,1.0216,94
1580014752.119,0.77,0.9824,0.68,1.0541,94
1580014752.3,0.78,0.962,0.65,1.0863,94
1580014752.482,0.73,1.0055,0.66,1.0905,94
1580014752.643,0.76,0.9867,0.66,1.0773,94
1580014752.824,0.78,0.9634,0.67,1.0697,95
1580014753.006,0.75,0.9941,0.7,1.0475,95
1580014753.19,0.73,1.0069,0.71,1.0376,95
1580014753.372,0.75,0.989,0.7,1.0366,95
1580014753.554,0.75,0.9983,0.7,1.044,95
1580014753.735,0.76,0.9852,0.7,1.0438,95
1580014753.921,0.73,1.0124,0.71,1.0454,95
1580014754.102,0.72,1.0172,0.67,1.0636,95
1580014754.283,0.76,0.9872,0.69,1.0507,95
1580014754.465,0.72,1.0196,0.69,1.0517,95
1580014754.646,0.76,0.9841,0.69,1.0524,95
1580014754.828,0.76,0.9823,0.66,1.0666,95
1580014755.01,0.78,0.9645,0.66,1.0866,95
1580014755.194,0.76,0.982,0.65,1.091,95
1580014755.356,0.76,0.9818,0.65,1.0881,95
1580014755.539,0.78,0.965,0.66,1.081,96
1580014755.72,0.77,0.972,0.67,1.0616,96
1580014755.901,0.74,0.9997,0.67,1.0682,96
1580014756.084,0.76,0.982,0.68,1.0549,96
1580014756.266,0.73,1.0165,0.69,1.0485,96
1580014756.45,0.74,0.9994,0.68,1.0521,96
1580014756.632,0.73,0.9994,0.69,1.0435,96
1580014756.822,0.74,1.0022,0.68,1.0546,96
1580014757.003,0.76,0.9862,0.67,1.062,96
1580014757.184,0.71,1.0306,0.67,1.0615,96
1580014757.364,0.74,0.9971,0.69,1.0544,96
1580014757.545,0.75,0.9947,0.68,1.0484,96
1580014757.726,0.78,0.9612,0.68,1.0559,96
1580014757.907,0.78,0.9708,0.65,1.0833,96
1580014758.066,0.75,0.9876,0.63,1.0979,96
1580014758.259,0.76,0.9845,0.66,1.0749,97
1580014758.438,0.77,0.9763,0.67,1.0617,97
1580014758.618,0.76,0.9893,0.7,1.0545,97
1580014758.799,0.73,1.0083,0.72,1.0294,97
1580014758.984,0.74,1.0044,0.7,1.0411,97
1580014759.165,0.77,0.9776,0.68,1.0576,97
1580014759.346,0.74,0.9946,0.65,1.0686,97
1580014759.528,0.73,1.01,0.67,1.067,97
1580014759.711,0.75,0.9905,0.68,1.0525,97
1580014759.893,0.73,1.0119,0.68,1.0575,97
1580014760.076,0.77,0.9733,0.68,1.061,97
1580014760.259,0.76,0.9859,0.69,1.0517,97
1580014760.441,0.78,0.967,0.69,1.0559,97
1580014760.622,0.78,0.9658,0.65,1.0816,97
1580014760.787,0.78,0.9702,0.65,1.0922,97
1580014760.974,0.77,0.9796,0.67,1.0664,98
1580014761.156,0.76,0.9855,0.68,1.0643,98
1580014761.334,0.77,0.9783,0.68,1.0738,98
1580014761.513,0.77,0.9778,0.63,1.0878,98
1580014761.694,0.72,1.019,0.68,1.0623,98
1580014761.874,0.75,0.9991,0.7,1.055,98
1580014762.059,0.76,0.9816,0.67,1.0699,98
1580014762.243,0.75,0.997,0.65,1.0783,98
1580014762.424,0.75,0.9905,0.66,1.089,98
1580014762.606,0.72,1.0217,0.67,1.0805,98
1580014762.788,0.78,0.9689,0.68,1.0646,98
1580014762.97,0.78,0.9673,0.66,1.0616,98
1580014763.153,0.79,0.952,0.66,1.0616,98
1580014763.338,0.78,0.9672,0.66,1.0661,98
1580014763.499,0.79,0.9573,0.67,1.0658,98
1580014763.683,0.78,0.9595,0.69,1.059,99
1580014763.865,0.77,0.974,0.71,1.0406,99
1580014764.047,0.77,0.9731,0.71,1.0383,99
1580014764.229,0.78,0.9656,0.69,1.0571,99
1580014764.41,0.74,1.0002,0.67,1.0611,99
1580014764.591,0.74,0.9988,0.68,1.0533,99
1580014764.772,0.76,0.9828,0.69,1.0441,99
1580014764.955,0.75,0.9968,0.69,1.0481,99
1580014765.14,0.76,0.9829,0.67,1.0518,99
1580014765.322,0.71,1.0268,0.68,1.0582,99
1580014765.507,0.78,0.9632,0.68,1.0599,99
1580014765.688,0.78,0.97,0.66,1.0686,99
1580014765.869,0.78,0.9601,0.67,1.0684,99
1580014766.063,0.78,0.9665,0.66,1.0739,99
1580014766.237,0.77,0.9672,0.66,1.0758,99
1580014766.432,0.79,0.9585,0.66,1.0631,100
1580014766.647,0.78,0.9686,0.71,1.0375,100
1580014766.827,0.77,0.9756,0.72,1.026,100
1580014767.008,0.78,0.9618,0.7,1.0369,100
1580014767.193,0.75,0.9879,0.69,1.0526,100
1580014767.378,0.76,0.9858,0.68,1.0528,100
1580014767.558,0.76,0.9839,0.72,1.0352,100
1580014767.738,0.74,0.9965,0.71,1.0348,100
1580014767.918,0.76,0.979,0.68,1.0523,100
1580014768.102,0.73,1.0179,0.68,1.0479,100
1580014768.28,0.78,0.9634,0.69,1.0527,100
1580014768.462,0.78,0.9659,0.69,1.0622,100
1580014768.643,0.8,0.9485,0.68,1.0537,100
1580014768.825,0.78,0.9672,0.69,1.0579,100
1580014768.99,0.76,0.9854,0.67,1.0765,100
1580014769.171,0.78,0.962,0.65,1.0831,101
1580014769.353,0.78,0.9661,0.67,1.0656,101
1580014769.541,0.76,0.9784,0.69,1.0528,101
1580014769.726,0.77,0.9702,0.72,1.0357,101
1580014769.905,0.76,0.9873,0.72,1.0261,101
1580014770.084,0.77,0.9744,0.73,1.0217,101
1580014770.272,0.77,0.977,0.73,1.0241,101
1580014770.453,0.75,0.9967,0.73,1.0233,101
1580014770.631,0.77,0.9724,0.72,1.026,101
1580014770.81,0.74,1.0036,0.69,1.0416,101
1580014770.991,0.79,0.9557,0.68,1.0601,101
1580014771.174,0.77,0.9775,0.68,1.0573,101
1580014771.356,0.79,0.9516,0.68,1.0519,101
1580014771.537,0.77,0.9656,0.68,1.0551,101
1580014771.696,0.78,0.9666,0.67,1.0649,101
1580014771.881,0.78,0.9661,0.67,1.0704,102
1580014772.069,0.76,0.9795,0.66,1.0702,102
1580014772.248,0.76,0.9785,0.66,1.073,102
1580014772.429,0.77,0.9689,0.68,1.0532,102
1580014772.611,0.75,0.9956,0.69,1.0442,102
1580014772.791,0.77,0.9788,0.72,1.0309,102
1580014772.972,0.76,0.9863,0.7,1.036,102
1580014773.149,0.75,0.9919,0.68,1.0434,102
1580014773.338,0.77,0.9735,0.69,1.0444,102
1580014773.519,0.75,0.9999,0.7,1.0517,102
1580014773.702,0.78,0.9605,0.69,1.0546,102
1580014773.884,0.77,0.9723,0.69,1.0494,102
1580014774.065,0.8,0.9431,0.7,1.0453,102
1580014774.245,0.78,0.9605,0.7,1.0487,102
1580014774.407,0.78,0.9631,0.69,1.0478,102
1580014774.589,0.8,0.9519,0.7,1.0448,103
1580014774.774,0.78,0.9646,0.69,1.0563,103
1580014774.952,0.77,0.9688,0.66,1.0705,103
1580014775.132,0.78,0.9679,0.69,1.0597,103
1580014775.311,0.75,1.0003,0.68,1.0535,103
1580014775.492,0.76,0.9817,0.7,1.0473,103
1580014775.673,0.77,0.9709,0.69,1.0551,103
1580014775.855,0.75,0.9891,0.67,1.0635,103
1580014776.034,0.76,0.9798,0.66,1.0698,103
1580014776.216,0.74,1.0076,0.68,1.0681,103
1580014776.403,0.8,0.9519,0.69,1.0615,103
1580014776.583,0.79,0.958,0.66,1.0689,103
1580014776.763,0.81,0.9389,0.65,1.0742,103
1580014776.942,0.79,0.9567,0.65,1.0719,103
1580014777.101,0.79,0.9533,0.67,1.0705,103
1580014777.281,0.8,0.9457,0.67,1.0651,104
1580014777.464,0.78,0.961,0.7,1.0529,104
1580014777.646,0.78,0.968,0.69,1.05,104
1580014777.825,0.79,0.9534,0.67,1.0566,104
1580014778.003,0.76,0.9819,0.69,1.0581,104
1580014778.18,0.78,0.9682,0.7,1.0467,104
1580014778.362,0.78,0.9667,0.7,1.0343,104
1580014778.543,0.76,0.9889,0.71,1.0307,104
1580014778.728,0.78,0.9671,0.69,1.0368,104
1580014778.909,0.74,0.9991,0.71,1.033,104
1580014779.09,0.79,0.9577,0.7,1.0389,104
1580014779.275,0.78,0.9664,0.71,1.0258,104
1580014779.461,0.81,0.9389,0.7,1.0396,104
1580014779.64,0.8,0.9512,0.68,1.0642,104
1580014779.8,0.77,0.9665,0.67,1.0711,104
1580014779.983,0.79,0.9526,0.66,1.072,105
1580014780.165,0.79,0.9562,0.68,1.0528,105
1580014780.346,0.79,0.9597,0.7,1.0431,105
1580014780.529,0.8,0.9496,0.7,1.0424,105
1580014780.707,0.76,0.9858,0.71,1.0382,105
1580014780.885,0.78,0.9679,0.7,1.0327,105
1580014781.063,0.78,0.9628,0.7,1.0376,105
1580014781.249,0.76,0.9838,0.69,1.0468,105
1580014781.429,0.76,0.9825,0.7,1.0459,105
1580014781.607,0.74,1.0067,0.7,1.049,105
1580014781.789,0.8,0.945,0.66,1.0685,105
1580014781.969,0.79,0.9606,0.67,1.0755,105
1580014782.151,0.79,0.9508,0.69,1.0562,105
1580014782.332,0.79,0.9593,0.68,1.0475,105
1580014782.491,0.79,0.9545,0.67,1.0675,105
1580014782.672,0.8,0.9485,0.66,1.0843,106
1580014782.854,0.78,0.9709,0.67,1.0722,106
1580014783.032,0.78,0.9658,0.69,1.0462,106
1580014783.214,0.8,0.9434,0.72,1.0275,106
1580014783.393,0.77,0.9809,0.72,1.0212,106
1580014783.584,0.78,0.9665,0.72,1.0216,106
1580014783.763,0.77,0.9734,0.7,1.0323,106
1580014783.943,0.77,0.9807,0.7,1.0355,106
1580014784.121,0.78,0.9689,0.7,1.0311,106
1580014784.3,0.74,1.0077,0.69,1.0423,106
1580014784.482,0.78,0.9611,0.68,1.0608,106
1580014784.66,0.78,0.9655,0.67,1.0661,106
1580014784.84,0.81,0.9352,0.66,1.0695,106
1580014785.018,0.78,0.9634,0.66,1.0613,106
1580014785.178,0.76,0.9765,0.67,1.0604,106
1580014785.366,0.78,0.9606,0.66,1.0769,107
1580014785.545,0.79,0.961,0.65,1.1088,107
1580014785.724,0.75,0.9895,0.62,1.1221,107
1580014785.903,0.74,0.9993,0.64,1.11,107
1580014786.081,0.75,0.997,0.63,1.0957,107
1580014786.26,0.78,0.9676,0.68,1.0612,107
1580014786.442,0.78,0.9674,0.67,1.0696,107
1580014786.627,0.75,0.9937,0.67,1.0655,107
1580014786.806,0.76,0.9831,0.7,1.0496,107
1580014786.987,0.74,1.0049,0.69,1.0469,107
1580014787.168,0.79,0.9548,0.67,1.0616,107
1580014787.347,0.78,0.9683,0.66,1.071,107
1580014787.526,0.8,0.9427,0.66,1.0685,107
1580014787.704,0.78,0.9599,0.69,1.0508,107
1580014787.863,0.8,0.9491,0.69,1.0464,107
1580014788.044,0.8,0.9452,0.67,1.057,108
1580014788.228,0.78,0.9652,0.67,1.0729,108
1580014788.419,0.78,0.9691,0.66,1.0872,108
1580014788.61,0.78,0.9652,0.66,1.0899,108
1580014788.803,0.75,0.9933,0.66,1.0981,108
1580014788.991,0.75,0.9855,0.66,1.0805,108
1580014789.169,0.78,0.9673,0.69,1.0508,108
1580014789.347,0.76,0.9827,0.66,1.0667,108
1580014789.524,0.76,0.9798,0.68,1.0606,108
1580014789.709,0.74,1.0067,0.67,1.067,108
1580014789.887,0.78,0.9612,0.64,1.0831,108
1580014790.068,0.77,0.975,0.63,1.0839,108
1580014790.25,0.8,0.9416,0.65,1.0848,108
1580014790.431,0.79,0.9565,0.67,1.0716,108
1580014790.591,0.79,0.9521,0.67,1.0729,108
1580014790.773,0.81,0.9444,0.68,1.068,109
1580014790.951,0.79,0.9544,0.66,1.0708,109
1580014791.128,0.79,0.9591,0.69,1.071,109
1580014791.313,0.79,0.9543,0.67,1.0737,109
1580014791.495,0.75,0.989,0.65,1.0814,109
1580014791.674,0.77,0.9678,0.66,1.0822,109
1580014791.852,0.79,0.9638,0.67,1.0723,109
1580014792.031,0.75,0.9887,0.67,1.0625,109
1580014792.209,0.77,0.9667,0.66,1.0604,109
1580014792.395,0.75,0.997,0.69,1.0619,109
1580014792.574,0.8,0.9519,0.67,1.0661,109
1580014792.761,0.77,0.9684,0.66,1.062,109
1580014792.94,0.8,0.9398,0.67,1.0575,109
1580014793.117,0.8,0.9525,0.67,1.0622,109
1580014793.275,0.8,0.9485,0.68,1.0629,109
1580014793.464,0.81,0.9409,0.67,1.0725,110
1580014793.641,0.79,0.9606,0.67,1.0706,110
1580014793.823,0.77,0.9742,0.67,1.0618,110
1580014794.0,0.79,0.9531,0.68,1.0619,110
1580014794.179,0.76,0.9821,0.67,1.0703,110
1580014794.357,0.78,0.9668,0.66,1.0759,110
1580014794.535,0.77,0.9713,0.67,1.0699,110
1580014794.714,0.75,0.9874,0.68,1.0619,110
1580014794.893,0.76,0.9799,0.68,1.0652,110
1580014795.074,0.75,0.9967,0.66,1.0715,110
1580014795.254,0.79,0.9549,0.67,1.0813,110
1580014795.439,0.78,0.9622,0.65,1.0968,110
1580014795.621,0.81,0.9414,0.65,1.0844,110
1580014795.801,0.79,0.9571,0.69,1.0587,110
1580014795.96,0.79,0.9539,0.68,1.051,110
1580014796.138,0.8,0.945,0.66,1.0656,111
1580014796.314,0.79,0.9519,0.65,1.0762,111
1580014796.494,0.77,0.9678,0.66,1.0779,111
1580014796.676,0.77,0.9718,0.67,1.0625,111
1580014796.861,0.76,0.9845,0.68,1.0514,111
1580014797.039,0.79,0.9569,0.68,1.0504,111
1580014797.219,0.77,0.9729,0.69,1.053,111
1580014797.404,0.75,0.9953,0.66,1.0614,111
1580014797.582,0.78,0.9673,0.68,1.0549,111
1580014797.766,0.75,0.9966,0.69,1.0558,111
1580014797.944,0.79,0.9598,0.7,1.0495,111
1580014798.121,0.78,0.9646,0.67,1.0748,111
1580014798.299,0.82,0.9298,0.64,1.0993,111
1580014798.479,0.78,0.963,0.67,1.0773,111
1580014798.638,0.78,0.9565,0.69,1.0477,111
1580014798.821,0.79,0.95,0.7,1.0413,112
1580014799.005,0.77,0.9725,0.68,1.057,112
1580014799.188,0.76,0.9803,0.64,1.087,112
1580014799.367,0.79,0.9558,0.64,1.0896,112
1580014799.555,0.75,0.9963,0.65,1.0874,112
1580014799.736,0.74,1.0026,0.67,1.0669,112
1580014799.919,0.77,0.9755,0.68,1.0453,112
1580014800.1,0.76,0.9807,0.68,1.0503,112
1580014800.279,0.75,0.994,0.67,1.066,112
1580014800.458,0.71,1.0273,0.68,1.0668,112
1580014800.64,0.74,1.0035,0.67,1.0711,112
1580014800.823,0.72,1.0144,0.65,1.0698,112
1580014801.018,0.75,0.9852,0.67,1.055,112
1580014801.211,0.77,0.9687,0.68,1.0656,112
1580014801.374,0.78,0.9657,0.62,1.098,112
1580014801.561,0.77,0.9684,0.65,1.0915,113
1580014801.742,0.76,0.9821,0.66,1.0817,113
1580014801.926,0.76,0.9801,0.62,1.0951,113
1580014802.108,0.78,0.9684,0.67,1.0672,113
1580014802.288,0.74,1.0058,0.7,1.0389,113
1580014802.467,0.78,0.9672,0.69,1.0464,113
1580014802.645,0.77,0.9697,0.7,1.0443,113
1580014802.827,0.75,0.9933,0.71,1.0504,113
1580014803.019,0.76,0.9825,0.67,1.0673,113
1580014803.201,0.73,1.0077,0.66,1.0738,113
1580014803.384,0.77,0.967,0.67,1.0644,113
1580014803.567,0.77,0.9716,0.67,1.0631,113
1580014803.748,0.8,0.9457,0.67,1.0718,113
1580014803.93,0.79,0.951,0.65,1.0926,113
1580014804.09,0.78,0.9648,0.62,1.107,113
1580014804.274,0.77,0.9703,0.65,1.077,114
1580014804.458,0.79,0.9624,0.7,1.0449,114
1580014804.64,0.78,0.9628,0.67,1.0662,114
1580014804.821,0.78,0.9636,0.66,1.0776,114
1580014804.999,0.75,0.9936,0.66,1.0644,114
1580014805.179,0.77,0.973,0.69,1.0557,114
1580014805.357,0.77,0.9718,0.7,1.048,114
1580014805.535,0.76,0.9895,0.7,1.043,114
1580014805.715,0.77,0.9687,0.7,1.0415,114
1580014805.896,0.74,1.0057,0.69,1.0564,114
1580014806.089,0.77,0.9728,0.67,1.0732,114
1580014806.268,0.77,0.9787,0.66,1.0707,114
1580014806.449,0.79,0.9494,0.65,1.0851,114
1580014806.628,0.79,0.9545,0.64,1.0973,114
1580014806.789,0.79,0.9582,0.64,1.1065,114
1580014806.972,0.79,0.9588,0.62,1.1108,115
1580014807.153,0.78,0.9681,0.66,1.087,115
1580014807.334,0.78,0.9652,0.68,1.0691,115
1580014807.517,0.8,0.9509,0.68,1.0653,115
1580014807.698,0.76,0.9863,0.69,1.0633,115
1580014807.878,0.78,0.9656,0.69,1.0502,115
1580014808.055,0.78,0.9636,0.69,1.0607,115
1580014808.237,0.75,0.9889,0.68,1.053,115
1580014808.417,0.76,0.9766,0.66,1.0611,115
1580014808.601,0.74,1.0033,0.68,1.0597,115
1580014808.789,0.79,0.9517,0.69,1.0566,115
1580014808.966,0.79,0.9578,0.68,1.0559,115
1580014809.151,0.8,0.9429,0.66,1.0768,115
1580014809.33,0.8,0.9458,0.65,1.0945,115
1580014809.492,0.8,0.9462,0.63,1.1069,115
1580014809.67,0.79,0.9609,0.63,1.0985,116
1580014809.849,0.77,0.9688,0.66,1.0806,116
1580014810.029,0.79,0.9587,0.64,1.0865,116
1580014810.211,0.79,0.9562,0.67,1.0751,116
1580014810.394,0.76,0.9869,0.64,1.0778,116
1580014810.576,0.78,0.9654,0.68,1.0644,116
1580014810.754,0.79,0.9603,0.68,1.0559,116
1580014810.932,0.76,0.9836,0.7,1.0523,116
1580014811.111,0.77,0.9706,0.68,1.0588,116
1580014811.29,0.73,1.0088,0.67,1.0631,116
1580014811.47,0.78,0.9599,0.68,1.0642,116
1580014811.653,0.78,0.962,0.69,1.0572,116
1580014811.834,0.8,0.9427,0.65,1.0796,116
1580014812.015,0.8,0.9475,0.64,1.1005,116
1580014812.181,0.8,0.9435,0.62,1.1183,116
1580014812.36,0.8,0.9468,0.62,1.1143,117
1580014812.542,0.78,0.9632,0.65,1.0948,117
1580014812.724,0.78,0.971,0.67,1.0811,117
1580014812.903,0.8,0.9452,0.67,1.0762,117
1580014813.081,0.76,0.9865,0.69,1.065,117
1580014813.264,0.76,0.9811,0.69,1.0681,117
1580014813.442,0.78,0.9622,0.66,1.0765,117
1580014813.621,0.77,0.9775,0.68,1.0619,117
1580014813.801,0.78,0.9675,0.69,1.052,117
1580014813.98,0.72,1.0141,0.68,1.0584,117
1580014814.162,0.79,0.96,0.68,1.0617,117
1580014814.342,0.78,0.9633,0.68,1.0662,117
1580014814.531,0.81,0.9378,0.68,1.0659,117
1580014814.71,0.79,0.9592,0.63,1.0967,117
1580014814.872,0.8,0.9477,0.65,1.0881,117
1580014815.053,0.8,0.9417,0.66,1.0816,118
1580014815.235,0.78,0.9566,0.66,1.088,118
1580014815.417,0.78,0.966,0.65,1.0834,118
1580014815.599,0.8,0.9477,0.69,1.0552,118
1580014815.779,0.77,0.9743,0.68,1.0647,118
1580014815.96,0.77,0.969,0.67,1.0755,118
1580014816.137,0.76,0.9818,0.65,1.0674,118
1580014816.321,0.76,0.9871,0.66,1.0728,118
1580014816.501,0.78,0.9624,0.66,1.0876,118
1580014816.682,0.72,1.0197,0.63,1.0962,118
1580014816.861,0.77,0.9786,0.66,1.0721,118
1580014817.043,0.79,0.9533,0.68,1.0649,118
1580014817.223,0.81,0.9375,0.7,1.0526,118
1580014817.403,0.78,0.9658,0.7,1.0467,118
1580014817.565,0.77,0.9661,0.64,1.0971,118
1580014817.747,0.81,0.9389,0.64,1.1007,119
1580014817.928,0.78,0.9657,0.65,1.0937,119
1580014818.111,0.76,0.9789,0.66,1.0768,119
1580014818.301,0.78,0.9594,0.7,1.0563,119
1580014818.479,0.76,0.9818,0.68,1.064,119
1580014818.66,0.77,0.9754,0.67,1.0762,119
1580014818.841,0.75,0.9939,0.64,1.0874,119
1580014819.022,0.72,1.02,0.66,1.0807,119
1580014819.204,0.76,0.9873,0.67,1.0826,119
1580014819.388,0.72,1.0173,0.65,1.0939,119
1580014819.569,0.78,0.965,0.63,1.0998,119
1580014819.751,0.77,0.9769,0.66,1.0754,119
1580014819.933,0.79,0.9517,0.68,1.053,119
1580014820.113,0.79,0.9535,0.7,1.0582,119
1580014820.274,0.79,0.9556,0.58,1.1397,119
1580014820.46,0.76,0.9754,0.6,1.1403,120
1580014820.64,0.76,0.9754,0.63,1.1093,120
1580014820.822,0.77,0.9702,0.66,1.0863,120
1580014821.002,0.78,0.9632,0.67,1.0758,120
1580014821.187,0.73,1.0149,0.66,1.0793,120
1580014821.37,0.75,0.9914,0.66,1.0674,120
1580014821.548,0.76,0.9794,0.68,1.0579,120
1580014821.737,0.76,0.9861,0.69,1.0611,120
1580014821.918,0.75,0.9902,0.65,1.083,120
1580014822.098,0.7,1.0412,0.66,1.0749,120
1580014822.282,0.77,0.9733,0.7,1.041,120
1580014822.464,0.79,0.9535,0.7,1.0377,120
1580014822.646,0.81,0.9338,0.7,1.0483,120
1580014822.826,0.76,0.9782,0.68,1.0497,120
1580014822.989,0.77,0.973,0.7,1.0476,120
1580014823.169,0.79,0.9571,0.68,1.0712,121
1580014823.355,0.79,0.953,0.63,1.1149,121
1580014823.535,0.78,0.9684,0.61,1.1259,121
1580014823.715,0.78,0.9677,0.62,1.1208,121
1580014823.892,0.75,0.9854,0.65,1.0799,121
1580014824.074,0.79,0.9575,0.69,1.0475,121
1580014824.253,0.79,0.9621,0.69,1.0547,121
1580014824.433,0.74,0.9981,0.68,1.0515,121
1580014824.611,0.76,0.9814,0.67,1.0585,121
1580014824.791,0.74,0.9966,0.67,1.0554,121
1580014824.972,0.79,0.9545,0.7,1.0485,121
1580014825.15,0.75,0.9886,0.71,1.0464,121
1580014825.329,0.81,0.9305,0.71,1.041,121
1580014825.525,0.79,0.9492,0.69,1.0549,121
1580014825.684,0.77,0.9682,0.7,1.051,121
1580014825.865,0.8,0.9469,0.66,1.0817,122
1580014826.058,0.8,0.9484,0.63,1.1063,122
1580014826.252,0.78,0.9632,0.63,1.1195,122
1580014826.444,0.77,0.9693,0.65,1.0982,122
1580014826.636,0.75,0.9855,0.68,1.0661,122
1580014826.816,0.79,0.9569,0.67,1.0721,122
1580014826.995,0.78,0.9662,0.66,1.0721,122
1580014827.174,0.74,1.0012,0.7,1.0532,122
1580014827.356,0.76,0.9835,0.69,1.0508,122
1580014827.541,0.75,0.993,0.67,1.0757,122
1580014827.721,0.8,0.9495,0.65,1.0886,122
1580014827.904,0.72,1.0149,0.68,1.073,122
1580014828.083,0.8,0.9491,0.69,1.0516,122
1580014828.266,0.8,0.942,0.69,1.0531,122
1580014828.427,0.78,0.9589,0.65,1.0796,122
1580014828.613,0.78,0.958,0.68,1.0681,123
1580014828.791,0.79,0.957,0.65,1.1002,123
1580014828.968,0.79,0.9604,0.63,1.1124,123
1580014829.148,0.79,0.9616,0.69,1.067,123
1580014829.33,0.76,0.9834,0.68,1.0649,123
1580014829.524,0.78,0.9642,0.67,1.0679,123
1580014829.707,0.76,0.976,0.67,1.0673,123
1580014829.887,0.75,0.9905,0.68,1.0619,123
1580014830.066,0.77,0.973,0.67,1.0562,123
1580014830.245,0.76,0.9903,0.69,1.0577,123
1580014830.424,0.79,0.9482,0.69,1.0674,123
1580014830.609,0.78,0.9647,0.63,1.099,123
1580014830.789,0.79,0.9549,0.64,1.0826,123
1580014830.969,0.8,0.9496,0.68,1.0675,123
1580014831.13,0.8,0.9427,0.68,1.0708,123
1580014831.312,0.79,0.9581,0.65,1.0867,124
1580014831.498,0.76,0.988,0.67,1.0707,124
1580014831.681,0.78,0.9565,0.65,1.0947,124
1580014831.865,0.8,0.9446,0.61,1.1129,124
1580014832.053,0.75,0.9933,0.64,1.0979,124
1580014832.232,0.75,0.9874,0.66,1.0779,124
1580014832.414,0.77,0.9739,0.67,1.0729,124
1580014832.595,0.76,0.9822,0.66,1.0761,124
1580014832.773,0.75,0.9976,0.68,1.0594,124
1580014832.954,0.71,1.0305,0.7,1.0423,124
1580014833.136,0.76,0.9829,0.69,1.0487,124
1580014833.316,0.78,0.9611,0.67,1.0716,124
1580014833.498,0.8,0.9424,0.63,1.0988,124
1580014833.685,0.76,0.9875,0.66,1.0712,124
1580014833.845,0.79,0.9542,0.66,1.0737,124
1580014834.028,0.81,0.9319,0.65,1.0832,125
1580014834.21,0.79,0.9564,0.64,1.1023,125
1580014834.392,0.78,0.9641,0.65,1.0892,125
1580014834.573,0.8,0.9436,0.65,1.0839,125
1580014834.756,0.77,0.9736,0.64,1.0987,125
1580014834.936,0.78,0.9666,0.65,1.0972,125
1580014835.115,0.75,0.9895,0.64,1.0892,125
1580014835.295,0.76,0.9865,0.68,1.0608,125
1580014835.476,0.78,0.9605,0.69,1.0599,125
1580014835.658,0.74,1.006,0.68,1.0532,125
1580014835.838,0.77,0.974,0.7,1.0396,125
1580014836.018,0.77,0.9737,0.68,1.0536,125
1580014836.197,0.81,0.9335,0.66,1.0854,125
1580014836.378,0.79,0.9532,0.62,1.1096,125
1580014836.542,0.79,0.9538,0.63,1.1053,125
1580014836.723,0.78,0.9578,0.66,1.0713,126
1580014836.904,0.79,0.9544,0.64,1.0849,126
1580014837.093,0.79,0.954,0.61,1.1268,126
1580014837.272,0.78,0.9602,0.62,1.1101,126
1580014837.452,0.75,0.9911,0.62,1.0905,126
1580014837.642,0.79,0.9553,0.68,1.0663,126
1580014837.824,0.79,0.9576,0.68,1.0572,126
1580014838.003,0.76,0.9863,0.68,1.0562,126
1580014838.183,0.76,0.977,0.67,1.0669,126
1580014838.363,0.74,0.9989,0.66,1.0816,126
1580014838.544,0.79,0.9547,0.64,1.0905,126
1580014838.728,0.79,0.9523,0.67,1.0734,126
1580014838.908,0.82,0.9283,0.67,1.0764,126
1580014839.091,0.81,0.9382,0.67,1.0769,126
1580014839.252,0.8,0.9447,0.66,1.0833,126
1580014839.435,0.81,0.9381,0.65,1.0779,127
1580014839.617,0.8,0.9467,0.68,1.0676,127
1580014839.8,0.8,0.9502,0.67,1.0693,127
1580014839.983,0.81,0.9345,0.67,1.0764,127
1580014840.165,0.77,0.9711,0.67,1.0748,127
1580014840.345,0.79,0.9608,0.67,1.0742,127
1580014840.526,0.78,0.9584,0.66,1.0675,127
1580014840.704,0.77,0.9745,0.69,1.0563,127
1580014840.887,0.79,0.9583,0.68,1.0578,127
1580014841.068,0.75,0.9945,0.68,1.0664,127
1580014841.247,0.8,0.9458,0.67,1.0712,127
1580014841.427,0.79,0.9553,0.67,1.0678,127
1580014841.605,0.82,0.9275,0.69,1.0629,127
1580014841.789,0.81,0.9355,0.68,1.0718,127
1580014841.956,0.81,0.9385,0.67,1.0763,127
1580014842.135,0.81,0.9311,0.67,1.0785,128
1580014842.314,0.8,0.942,0.67,1.0802,128
1580014842.494,0.8,0.946,0.66,1.0754,128
1580014842.673,0.81,0.9333,0.69,1.0579,128
1580014842.852,0.78,0.9656,0.68,1.0539,128
1580014843.031,0.8,0.9466,0.68,1.0597,128
1580014843.211,0.79,0.958,0.66,1.0799,128
1580014843.39,0.76,0.9828,0.69,1.061,128
1580014843.571,0.79,0.955,0.68,1.062,128
1580014843.754,0.76,0.9813,0.66,1.0714,128
1580014843.938,0.81,0.9389,0.63,1.0966,128
1580014844.118,0.79,0.9612,0.65,1.0884,128
1580014844.298,0.82,0.9282,0.67,1.0686,128
1580014844.481,0.81,0.937,0.68,1.0642,128
1580014844.641,0.81,0.9334,0.66,1.0743,128
1580014844.83,0.82,0.9232,0.65,1.0841,129
1580014845.009,0.81,0.9342,0.64,1.0918,129
1580014845.191,0.81,0.9407,0.65,1.0958,129
1580014845.372,0.81,0.9383,0.65,1.0884,129
1580014845.555,0.78,0.9639,0.68,1.0642,129
1580014845.735,0.8,0.9439,0.7,1.0494,129
1580014845.914,0.79,0.9529,0.7,1.0502,129
1580014846.093,0.77,0.9762,0.67,1.0649,129
1580014846.272,0.79,0.9541,0.68,1.0547,129
1580014846.451,0.75,0.9905,0.67,1.0602,129
1580014846.63,0.8,0.9422,0.65,1.0806,129
1580014846.81,0.79,0.9527,0.64,1.1,129
1580014846.994,0.83,0.9158,0.65,1.0958,129
1580014847.176,0.8,0.9438,0.67,1.0801,129
1580014847.337,0.8,0.9491,0.69,1.0636,129
1580014847.519,0.81,0.9343,0.66,1.0905,130
1580014847.702,0.81,0.9358,0.62,1.1185,130
1580014847.882,0.79,0.9542,0.61,1.1208,130
1580014848.06,0.8,0.9483,0.64,1.1004,130
1580014848.241,0.78,0.967,0.65,1.0705,130
1580014848.434,0.8,0.9472,0.71,1.0398,130
1580014848.626,0.79,0.9548,0.7,1.0358,130
1580014848.818,0.77,0.9792,0.7,1.0441,130
1580014849.002,0.78,0.9659,0.69,1.0466,130
1580014849.181,0.74,1.0011,0.73,1.0249,130
1580014849.361,0.78,0.9628,0.73,1.0205,130
1580014849.543,0.78,0.9678,0.71,1.0349,130
1580014849.724,0.82,0.9219,0.69,1.0496,130
1580014849.904,0.8,0.9428,0.69,1.0498,130
1580014850.068,0.79,0.9533,0.7,1.0516,130
1580014850.254,0.81,0.9351,0.66,1.0688,131
1580014850.437,0.81,0.9418,0.64,1.1004,131
1580014850.618,0.8,0.9498,0.6,1.1316,131
1580014850.798,0.81,0.9383,0.61,1.1212,131
1580014850.982,0.77,0.975,0.64,1.101,131
1580014851.162,0.79,0.9508,0.65,1.0818,131
1580014851.343,0.79,0.9504,0.67,1.0635,131
1580014851.525,0.77,0.9783,0.69,1.0487,131
1580014851.713,0.78,0.9654,0.69,1.0505,131
1580014851.894,0.75,0.9897,0.69,1.053,131
1580014852.079,0.8,0.9428,0.7,1.0482,131
1580014852.26,0.78,0.9606,0.69,1.0486,131
1580014852.441,0.8,0.9382,0.68,1.0556,131
1580014852.622,0.8,0.9458,0.67,1.0603,131
1580014852.783,0.81,0.9366,0.66,1.0763,131
1580014852.965,0.82,0.9295,0.66,1.0722,132
1580014853.151,0.8,0.9462,0.67,1.0722,132
1580014853.334,0.8,0.9452,0.66,1.0842,132
1580014853.514,0.81,0.9378,0.65,1.1011,132
1580014853.697,0.77,0.9681,0.65,1.0801,132
1580014853.878,0.79,0.9517,0.67,1.0635,132
1580014854.062,0.8,0.9511,0.71,1.0383,132
1580014854.242,0.77,0.9731,0.72,1.0346,132
1580014854.424,0.79,0.9546,0.69,1.0533,132
1580014854.607,0.76,0.9839,0.68,1.0634,132
1580014854.791,0.81,0.9383,0.68,1.0607,132
1580014854.972,0.8,0.9498,0.69,1.0591,132
1580014855.159,0.82,0.9265,0.69,1.0612,132
1580014855.337,0.81,0.9353,0.67,1.0694,132
1580014855.498,0.81,0.9359,0.67,1.0676,132
1580014855.681,0.82,0.9271,0.68,1.059,133
1580014855.862,0.8,0.9458,0.68,1.0651,133
1580014856.041,0.8,0.9465,0.66,1.0774,133
1580014856.227,0.78,0.9628,0.64,1.1008,133
1580014856.408,0.76,0.983,0.63,1.1094,133
1580014856.589,0.79,0.9502,0.63,1.0937,133
1580014856.773,0.79,0.9575,0.68,1.0639,133
1580014856.952,0.77,0.9732,0.68,1.0581,133
1580014857.132,0.79,0.9608,0.67,1.0628,133
1580014857.313,0.74,0.9973,0.68,1.0592,133
1580014857.491,0.79,0.9524,0.68,1.059,133
1580014857.668,0.79,0.9577,0.68,1.0679,133
1580014857.856,0.83,0.9191,0.64,1.0895,133
1580014858.034,0.8,0.948,0.66,1.0789,133
1580014858.196,0.81,0.9366,0.67,1.079,133
1580014858.377,0.82,0.9222,0.65,1.0812,134
1580014858.557,0.81,0.9368,0.66,1.0749,134
1580014858.738,0.81,0.9414,0.67,1.0688,134
1580014858.919,0.81,0.9373,0.66,1.0771,134
1580014859.097,0.78,0.9663,0.65,1.0929,134
1580014859.285,0.79,0.9523,0.64,1.0988,134
1580014859.47,0.79,0.955,0.65,1.0829,134
1580014859.65,0.76,0.9809,0.67,1.0733,134
1580014859.829,0.78,0.9598,0.68,1.0632,134
1580014860.008,0.76,0.9865,0.65,1.079,134
1580014860.19,0.79,0.9548,0.66,1.084,134
1580014860.368,0.78,0.9658,0.66,1.0957,134
1580014860.546,0.8,0.9401,0.61,1.1169,134
1580014860.725,0.8,0.9463,0.66,1.0803,134
1580014860.884,0.81,0.9338,0.67,1.0742,134
1580014861.082,0.81,0.9321,0.66,1.0801,135
1580014861.268,0.81,0.9412,0.65,1.0883,135
1580014861.447,0.8,0.9482,0.65,1.0893,135
1580014861.626,0.81,0.9381,0.68,1.0686,135
1580014861.806,0.78,0.9659,0.66,1.0832,135
1580014861.986,0.8,0.949,0.64,1.1007,135
1580014862.167,0.8,0.9496,0.64,1.0961,135
1580014862.366,0.76,0.9818,0.66,1.0823,135
1580014862.547,0.78,0.9624,0.67,1.0744,135
1580014862.725,0.76,0.9864,0.67,1.0704,135
1580014862.903,0.8,0.9386,0.66,1.0848,135
1580014863.084,0.81,0.9385,0.62,1.1065,135
1580014863.265,0.81,0.9404,0.63,1.1067,135
1580014863.443,0.78,0.9642,0.66,1.0827,135
1580014863.605,0.81,0.9327,0.66,1.0876,135
1580014863.785,0.83,0.9196,0.64,1.1055,136
1580014863.966,0.81,0.932,0.62,1.1226,136
1580014864.144,0.78,0.9611,0.62,1.1147,136
1580014864.327,0.8,0.9455,0.64,1.1029,136
1580014864.511,0.78,0.9646,0.66,1.092,136
1580014864.69,0.8,0.9432,0.66,1.0819,136
1580014864.868,0.79,0.9511,0.65,1.088,136
1580014865.045,0.77,0.9732,0.65,1.0813,136
1580014865.229,0.78,0.9599,0.66,1.0796,136
1580014865.414,0.75,0.9962,0.68,1.0708,136
1580014865.594,0.8,0.9485,0.67,1.0686,136
1580014865.772,0.8,0.9508,0.67,1.0671,136
1580014865.952,0.83,0.9186,0.64,1.0993,136
1580014866.13,0.8,0.9401,0.63,1.1117,136
1580014866.292,0.8,0.95,0.63,1.1098,136
1580014866.472,0.8,0.9434,0.64,1.0867,137
1580014866.656,0.8,0.9425,0.65,1.0975,137
1580014866.838,0.81,0.9408,0.6,1.14,137
1580014867.02,0.8,0.9516,0.61,1.1383,137
1580014867.198,0.76,0.9868,0.65,1.1015,137
1580014867.378,0.78,0.9641,0.67,1.079,137
1580014867.559,0.77,0.9715,0.66,1.0712,137
1580014867.741,0.76,0.9818,0.66,1.07,137
1580014867.919,0.79,0.952,0.67,1.0716,137
1580014868.099,0.75,0.9916,0.66,1.077,137
1580014868.281,0.77,0.9702,0.67,1.0687,137
1580014868.471,0.75,0.9895,0.68,1.0629,137
1580014868.653,0.77,0.9652,0.67,1.0676,137
1580014868.842,0.79,0.9504,0.65,1.0789,137
1580014869.005,0.81,0.938,0.63,1.0994,137
1580014869.185,0.78,0.9639,0.66,1.0786,138
1580014869.362,0.75,0.9841,0.65,1.0854,138
1580014869.548,0.79,0.9531,0.61,1.1181,138
1580014869.73,0.78,0.9599,0.58,1.1577,138
1580014869.91,0.73,1.0169,0.62,1.1301,138
1580014870.088,0.75,0.9907,0.65,1.0886,138
1580014870.268,0.79,0.958,0.67,1.0687,138
1580014870.449,0.77,0.9763,0.64,1.0891,138
1580014870.632,0.76,0.9774,0.64,1.0997,138
1580014870.813,0.73,1.0136,0.65,1.0921,138
1580014870.99,0.78,0.9636,0.66,1.086,138
1580014871.168,0.78,0.9666,0.66,1.079,138
1580014871.346,0.8,0.9422,0.64,1.1003,138
1580014871.528,0.78,0.9595,0.62,1.1126,138
1580014871.688,0.79,0.9488,0.62,1.1132,138
1580014871.873,0.81,0.9346,0.63,1.1037,139
1580014872.051,0.79,0.9545,0.64,1.099,139
1580014872.232,0.78,0.9627,0.65,1.0909,139
1580014872.416,0.79,0.9527,0.67,1.0691,139
1580014872.6,0.78,0.9681,0.68,1.0728,139
1580014872.78,0.78,0.9642,0.64,1.0915,139
1580014872.959,0.75,0.9952,0.69,1.065,139
1580014873.137,0.75,0.99,0.67,1.0644,139
1580014873.315,0.78,0.9638,0.67,1.0661,139
1580014873.495,0.76,0.985,0.67,1.071,139
1580014873.676,0.79,0.9497,0.65,1.0864,139
1580014873.853,0.77,0.9707,0.66,1.0872,139
1580014874.034,0.81,0.9354,0.65,1.0905,139
1580014874.214,0.8,0.944,0.65,1.0987,139
1580014874.372,0.81,0.9316,0.63,1.1032,139
1580014874.552,0.81,0.9333,0.64,1.0983,140
1580014874.734,0.81,0.9368,0.65,1.0948,140
1580014874.912,0.8,0.9438,0.63,1.105,140
1580014875.091,0.82,0.9309,0.63,1.1111,140
1580014875.271,0.77,0.9724,0.64,1.101,140
1580014875.451,0.78,0.9655,0.67,1.0693,140
1580014875.635,0.79,0.9573,0.68,1.0539,140
1580014875.817,0.76,0.9809,0.69,1.0603,140
1580014875.997,0.78,0.9612,0.66,1.0736,140
1580014876.178,0.76,0.982,0.66,1.0804,140
1580014876.357,0.81,0.9387,0.66,1.0738,140
1580014876.536,0.79,0.9596,0.69,1.0625,140
1580014876.713,0.79,0.9449,0.63,1.1028,140
1580014876.891,0.77,0.9694,0.64,1.1033,140
1580014877.055,0.79,0.9486,0.62,1.1123,140
1580014877.237,0.79,0.9521,0.66,1.0885,141
1580014877.416,0.8,0.9464,0.64,1.0972,141
1580014877.597,0.8,0.9437,0.59,1.1509,141
1580014877.778,0.78,0.9583,0.57,1.1595,141
1580014877.958,0.76,0.9867,0.63,1.1032,141
1580014878.137,0.79,0.9565,0.66,1.0727,141
1580014878.327,0.78,0.9664,0.68,1.0636,141
1580014878.507,0.76,0.9794,0.69,1.057,141
1580014878.69,0.79,0.9529,0.66,1.0742,141
1580014878.873,0.75,0.9867,0.68,1.0715,141
1580014879.056,0.79,0.9538,0.67,1.074,141
1580014879.236,0.77,0.9696,0.66,1.0807,141
1580014879.416,0.8,0.9451,0.65,1.0766,141
1580014879.593,0.78,0.9603,0.68,1.0559,141
1580014879.76,0.81,0.9388,0.66,1.0783,141
1580014879.939,0.8,0.949,0.69,1.0647,142
1580014880.119,0.79,0.9556,0.66,1.0714,142
1580014880.297,0.81,0.9445,0.62,1.1147,142
1580014880.475,0.8,0.95,0.57,1.1444,142
1580014880.658,0.75,0.9942,0.61,1.1206,142
1580014880.837,0.79,0.9587,0.64,1.094,142
1580014881.015,0.79,0.9551,0.65,1.0783,142
1580014881.195,0.77,0.9735,0.64,1.0781,142
1580014881.373,0.79,0.9579,0.66,1.0806,142
1580014881.551,0.76,0.9893,0.67,1.0836,142
1580014881.729,0.8,0.944,0.67,1.0806,142
1580014881.908,0.78,0.9666,0.66,1.0853,142
1580014882.085,0.79,0.9497,0.65,1.0966,142
1580014882.265,0.79,0.9529,0.65,1.0956,142
1580014882.429,0.8,0.9394,0.63,1.1121,142
1580014882.609,0.8,0.9496,0.65,1.106,143
1580014882.792,0.76,0.978,0.62,1.1072,143
1580014882.97,0.76,0.9854,0.64,1.1017,143
1580014883.148,0.78,0.9606,0.63,1.1227,143
1580014883.33,0.74,1.0028,0.57,1.1625,143
1580014883.511,0.69,1.0493,0.57,1.1668,143
1580014883.691,0.69,1.0474,0.6,1.1382,143
1580014883.868,0.73,1.0074,0.66,1.0785,143
1580014884.05,0.78,0.966,0.67,1.0712,143
1580014884.231,0.74,1.0055,0.64,1.1009,143
1580014884.409,0.77,0.9747,0.66,1.0841,143
1580014884.589,0.76,0.9796,0.66,1.0756,143
1580014884.767,0.78,0.9675,0.67,1.0731,143
1580014884.946,0.76,0.9883,0.66,1.0716,143
1580014885.106,0.76,0.9806,0.67,1.0694,143
1580014885.288,0.78,0.9676,0.65,1.0835,144
1580014885.469,0.78,0.9657,0.64,1.0949,144
1580014885.65,0.79,0.9548,0.62,1.117,144
1580014885.828,0.77,0.9747,0.62,1.1226,144
1580014886.013,0.74,1.0044,0.61,1.1387,144
1580014886.204,0.71,1.0307,0.6,1.1483,144
1580014886.396,0.71,1.0251,0.6,1.1288,144
1580014886.585,0.7,1.0358,0.63,1.1096,144
1580014886.794,0.77,0.9786,0.64,1.0887,144
1580014886.971,0.74,1.0023,0.67,1.074,144
1580014887.15,0.79,0.9521,0.65,1.0901,144
1580014887.328,0.75,0.9866,0.65,1.0972,144
1580014887.507,0.78,0.9668,0.66,1.0891,144
1580014887.688,0.73,1.0121,0.66,1.0903,144
1580014887.857,0.72,1.0218,0.66,1.0762,144
1580014888.037,0.74,0.9978,0.66,1.0736,145
1580014888.215,0.73,1.0085,0.67,1.0756,145
1580014888.395,0.74,1.0006,0.69,1.0588,145
1580014888.578,0.78,0.9649,0.66,1.0696,145
1580014888.757,0.76,0.9793,0.63,1.1003,145
1580014888.942,0.75,0.9886,0.59,1.1392,145
1580014889.12,0.74,1.0049,0.58,1.144,145
1580014889.299,0.69,1.0483,0.61,1.1245,145
1580014889.483,0.71,1.029,0.63,1.1097,145
1580014889.663,0.71,1.0303,0.65,1.0936,145
1580014889.844,0.77,0.9753,0.65,1.0866,145
1580014890.022,0.76,0.981,0.62,1.1025,145
1580014890.199,0.8,0.9469,0.64,1.094,145
1580014890.379,0.77,0.975,0.65,1.0797,145
1580014890.54,0.75,0.9821,0.68,1.069,145
1580014890.721,0.74,1.0001,0.69,1.0587,146
1580014890.9,0.72,1.0221,0.68,1.0618,146
1580014891.079,0.73,1.0075,0.67,1.0717,146
1580014891.262,0.76,0.981,0.64,1.0944,146
1580014891.441,0.75,0.9921,0.6,1.1221,146
1580014891.621,0.78,0.9645,0.61,1.1267,146
1580014891.8,0.75,0.9934,0.62,1.122,146
1580014891.987,0.7,1.0353,0.59,1.1335,146
1580014892.165,0.72,1.0233,0.61,1.1244,146
1580014892.345,0.69,1.0461,0.62,1.1106,146
1580014892.524,0.74,0.9967,0.64,1.0942,146
1580014892.713,0.75,0.9927,0.66,1.0803,146
1580014892.895,0.79,0.9533,0.67,1.0785,146
1580014893.078,0.79,0.9557,0.63,1.1058,146
1580014893.239,0.79,0.9564,0.61,1.1174,146
1580014893.419,0.77,0.9767,0.62,1.1085,147
1580014893.603,0.74,1.0042,0.64,1.0949,147
1580014893.783,0.72,1.0201,0.65,1.0907,147
1580014893.962,0.74,0.9973,0.67,1.0832,147
1580014894.143,0.72,1.0166,0.64,1.093,147
1580014894.323,0.77,0.9757,0.64,1.0981,147
1580014894.502,0.77,0.9691,0.63,1.1089,147
1580014894.682,0.74,1.0021,0.61,1.1204,147
1580014894.862,0.73,1.0073,0.63,1.1082,147
1580014895.046,0.69,1.0475,0.65,1.0891,147
1580014895.225,0.75,0.9945,0.65,1.0833,147
1580014895.405,0.76,0.9809,0.67,1.0732,147
1580014895.591,0.81,0.9353,0.67,1.0707,147
1580014895.771,0.79,0.9496,0.67,1.0733,147
1580014895.936,0.8,0.9411,0.66,1.075,147
1580014896.122,0.79,0.9548,0.67,1.0731,148
1580014896.3,0.75,0.987,0.67,1.0685,148
1580014896.483,0.75,0.9964,0.68,1.0661,148
1580014896.663,0.75,0.9945,0.68,1.0603,148
1580014896.842,0.72,1.0216,0.7,1.0464,148
1580014897.026,0.77,0.9719,0.7,1.0503,148
1580014897.206,0.78,0.961,0.67,1.076,148
1580014897.388,0.75,0.9877,0.63,1.101,148
1580014897.57,0.77,0.9777,0.62,1.1114,148
1580014897.751,0.69,1.0446,0.61,1.1133,148
1580014897.928,0.75,0.9923,0.65,1.0974,148
1580014898.111,0.73,1.0094,0.68,1.0689,148
1580014898.292,0.8,0.9493,0.68,1.0577,148
1580014898.471,0.79,0.9512,0.67,1.0734,148
1580014898.632,0.8,0.9447,0.64,1.1006,148
1580014898.826,0.8,0.9448,0.64,1.1035,149
1580014899.01,0.75,0.9847,0.65,1.093,149
1580014899.194,0.74,1.0034,0.64,1.0921,149
1580014899.375,0.73,1.008,0.65,1.0846,149
1580014899.555,0.71,1.0249,0.67,1.0723,149
1580014899.735,0.77,0.971,0.68,1.0605,149
1580014899.914,0.76,0.9763,0.68,1.0667,149
1580014900.095,0.76,0.9863,0.67,1.0738,149
1580014900.276,0.77,0.9734,0.61,1.0997,149
1580014900.456,0.71,1.0296,0.63,1.1056,149
1580014900.633,0.76,0.9837,0.66,1.0943,149
1580014900.814,0.73,1.0086,0.66,1.0863,149
1580014900.993,0.77,0.9752,0.65,1.0769,149
1580014901.177,0.77,0.9734,0.67,1.0672,149
1580014901.338,0.8,0.9448,0.66,1.0734,149
