1579403699.118,0.26,1.3861,0.24,6.2232,0
1579403699.98,0.25,6.2087,0.26,1.5783,0
1579403700.837,0.25,1.6079,0.22,1.4109,0
1579403701.699,0.24,1.4149,0.22,1.3868,0
1579403702.554,0.25,1.3875,0.24,1.3868,0
1579403703.409,0.25,1.3863,0.24,1.3848,0
1579403704.264,0.24,1.3868,0.24,1.3884,0
1579403705.113,0.25,1.3863,0.22,1.3893,0
1579403705.97,0.25,1.3858,0.26,1.3886,0
1579403706.834,0.25,1.3869,0.26,1.3841,0
1579403707.695,0.24,1.3852,0.24,1.3859,0
1579403708.443,0.24,1.3889,0.21,1.3838,0
1579403709.292,0.22,1.3846,0.28,1.3851,1
1579403710.159,0.25,1.3854,0.29,1.3851,1
1579403711.025,0.27,1.3844,0.3,1.3842,1
1579403711.899,0.31,1.3823,0.21,1.3829,1
1579403712.762,0.24,1.3766,0.24,1.3815,1
1579403713.61,0.25,1.3768,0.31,1.3648,1
1579403714.474,0.33,1.3624,0.23,1.4142,1
1579403715.326,0.26,1.4092,0.34,1.3518,1
1579403716.293,0.35,1.3521,0.29,1.3695,1
1579403717.158,0.3,1.3686,0.26,1.3414,1
1579403718.018,0.33,1.34,0.32,1.3405,1
1579403718.771,0.31,1.347,0.33,1.3399,1
1579403719.621,0.3,1.3504,0.32,1.3352,2
1579403720.471,0.31,1.3481,0.32,1.3283,2
1579403721.331,0.34,1.3216,0.3,1.34,2
1579403722.185,0.34,1.3367,0.31,1.3193,2
1579403723.032,0.34,1.3153,0.3,1.3132,2
1579403723.882,0.33,1.3235,0.33,1.3085,2
1579403724.734,0.34,1.3143,0.33,1.3075,2
1579403725.586,0.35,1.305,0.36,1.2972,2
1579403726.441,0.36,1.3085,0.35,1.2855,2
1579403727.312,0.38,1.2969,0.35,1.2778,2
1579403728.169,0.37,1.3108,0.37,1.3036,2
1579403728.928,0.36,1.3095,0.38,1.2925,2
1579403729.785,0.37,1.2977,0.4,1.2694,3
1579403730.638,0.38,1.2936,0.37,1.2602,3
1579403731.505,0.4,1.2676,0.37,1.2788,3
1579403732.36,0.38,1.279,0.36,1.2593,3
1579403733.207,0.39,1.2586,0.39,1.2381,3
1579403734.062,0.38,1.2646,0.39,1.2429,3
1579403734.919,0.37,1.2673,0.44,1.2234,3
1579403735.766,0.38,1.2468,0.48,1.2218,3
1579403736.624,0.39,1.2557,0.36,1.2505,3
1579403737.479,0.39,1.26,0.43,1.2549,3
1579403738.333,0.38,1.2817,0.4,1.2597,3
1579403739.082,0.39,1.2773,0.44,1.2167,3
1579403739.948,0.39,1.2473,0.48,1.2187,4
1579403740.811,0.38,1.2614,0.45,1.2188,4
1579403741.676,0.4,1.2322,0.4,1.2452,4
1579403742.53,0.39,1.2589,0.39,1.2278,4
1579403743.39,0.41,1.233,0.38,1.2282,4
1579403744.253,0.41,1.2432,0.41,1.221,4
1579403745.102,0.4,1.2426,0.39,1.2224,4
1579403745.958,0.41,1.2259,0.42,1.2299,4
1579403746.823,0.42,1.2353,0.42,1.2166,4
1579403747.679,0.41,1.2319,0.45,1.2063,4
1579403748.531,0.42,1.2333,0.41,1.2207,4
1579403749.277,0.4,1.2373,0.43,1.1996,4
1579403750.136,0.41,1.224,0.4,1.2128,5
1579403751.002,0.42,1.2214,0.43,1.2,5
1579403751.859,0.43,1.207,0.43,1.2042,5
1579403752.714,0.41,1.2196,0.4,1.2008,5
1579403753.56,0.43,1.2061,0.44,1.1921,5
1579403754.406,0.43,1.2048,0.42,1.1906,5
1579403755.255,0.42,1.2103,0.42,1.1851,5
1579403756.121,0.42,1.1962,0.41,1.191,5
1579403756.974,0.42,1.1993,0.41,1.1949,5
1579403757.84,0.43,1.2014,0.46,1.1955,5
1579403758.694,0.43,1.2075,0.33,1.4079,5
1579403759.446,0.31,1.3978,0.36,1.3672,5
1579403760.417,0.33,1.416,0.34,1.2998,6
1579403761.281,0.34,1.3428,0.28,1.3543,6
1579403762.139,0.27,1.3732,0.26,1.3476,6
1579403762.988,0.29,1.347,0.39,1.3492,6
1579403763.84,0.37,1.3213,0.41,1.3148,6
1579403764.691,0.34,1.3105,0.38,1.2957,6
1579403765.539,0.35,1.2968,0.42,1.3184,6
1579403766.391,0.37,1.2882,0.36,1.2863,6
1579403767.246,0.4,1.2717,0.38,1.2888,6
1579403768.11,0.4,1.2742,0.37,1.2946,6
1579403768.971,0.42,1.2605,0.38,1.3136,6
1579403769.729,0.41,1.2744,0.37,1.2899,6
1579403770.588,0.4,1.2547,0.39,1.2878,7
1579403771.453,0.39,1.2689,0.4,1.2741,7
1579403772.313,0.42,1.2289,0.37,1.3026,7
1579403773.186,0.38,1.2615,0.38,1.2403,7
1579403774.047,0.39,1.2318,0.41,1.2254,7
1579403774.904,0.39,1.2338,0.4,1.2199,7
1579403775.768,0.4,1.2189,0.39,1.2235,7
1579403776.63,0.42,1.2112,0.45,1.2007,7
1579403777.493,0.43,1.2017,0.42,1.1956,7
1579403778.344,0.42,1.2046,0.42,1.2083,7
1579403779.19,0.43,1.2014,0.38,1.1701,7
1579403779.946,0.43,1.2022,0.41,1.1752,7
1579403780.816,0.43,1.2102,0.43,1.1792,8
1579403781.674,0.42,1.1896,0.4,1.2274,8
1579403782.519,0.42,1.2022,0.37,1.205,8
1579403783.363,0.42,1.2011,0.34,1.1979,8
1579403784.21,0.42,1.1852,0.41,1.2008,8
1579403785.052,0.42,1.1876,0.41,1.2091,8
1579403785.908,0.42,1.1962,0.37,1.2039,8
1579403786.764,0.44,1.1853,0.39,1.2102,8
1579403787.619,0.44,1.1825,0.38,1.2223,8
1579403788.485,0.43,1.1875,0.36,1.2128,8
1579403789.331,0.44,1.1776,0.44,1.1939,8
1579403790.075,0.44,1.1845,0.42,1.1794,8
1579403790.934,0.43,1.1785,0.42,1.173,9
1579403791.787,0.43,1.1793,0.4,1.1777,9
1579403792.631,0.43,1.1767,0.42,1.1754,9
1579403793.478,0.44,1.179,0.44,1.1814,9
1579403794.324,0.44,1.1627,0.42,1.1849,9
1579403795.186,0.45,1.1627,0.36,1.1879,9
1579403796.043,0.44,1.1688,0.42,1.1923,9
1579403796.887,0.45,1.1673,0.39,1.2003,9
1579403797.74,0.46,1.1512,0.39,1.2105,9
1579403798.585,0.45,1.1682,0.45,1.1779,9
1579403799.435,0.47,1.163,0.43,1.1702,9
1579403800.186,0.46,1.1628,0.44,1.1915,9
1579403801.064,0.46,1.1625,0.43,1.1664,10
1579403801.932,0.45,1.1633,0.45,1.1699,10
1579403802.791,0.47,1.1568,0.39,1.1752,10
1579403803.65,0.47,1.1574,0.4,1.1702,10
1579403804.524,0.47,1.1414,0.38,1.1723,10
1579403805.49,0.46,1.1468,0.42,1.174,10
1579403806.361,0.47,1.1414,0.43,1.1821,10
1579403807.217,0.48,1.1419,0.42,1.1687,10
1579403808.068,0.49,1.1279,0.46,1.1737,10
1579403808.922,0.49,1.132,0.49,1.1476,10
1579403809.772,0.48,1.1395,0.43,1.1656,10
1579403810.522,0.46,1.1516,0.49,1.133,10
1579403811.377,0.48,1.1337,0.45,1.1321,11
1579403812.233,0.49,1.1346,0.46,1.1673,11
1579403813.083,0.48,1.1408,0.45,1.1376,11
1579403813.936,0.5,1.1294,0.52,1.147,11
1579403814.8,0.5,1.1149,0.43,1.1674,11
1579403815.667,0.49,1.1135,0.49,1.1739,11
1579403816.535,0.5,1.1168,0.45,1.1675,11
1579403817.404,0.49,1.1409,0.49,1.1623,11
1579403818.271,0.48,1.1337,0.38,1.1612,11
1579403819.129,0.5,1.1257,0.43,1.1816,11
1579403819.987,0.48,1.1548,0.51,1.151,11
1579403820.74,0.48,1.1313,0.48,1.1736,11
1579403821.612,0.49,1.1352,0.46,1.1451,12
1579403822.46,0.52,1.1036,0.45,1.1565,12
1579403823.302,0.49,1.1262,0.49,1.1393,12
1579403824.153,0.51,1.1106,0.49,1.1856,12
1579403825.001,0.51,1.1087,0.51,1.1352,12
1579403825.857,0.51,1.0883,0.42,1.1404,12
1579403826.709,0.5,1.0991,0.47,1.1346,12
1579403827.553,0.52,1.0927,0.47,1.131,12
1579403828.407,0.53,1.0815,0.48,1.1379,12
1579403829.254,0.53,1.0809,0.53,1.1311,12
1579403830.111,0.53,1.0769,0.5,1.133,12
1579403830.872,0.53,1.0888,0.52,1.124,12
1579403831.73,0.52,1.0913,0.51,1.1278,13
1579403832.583,0.53,1.077,0.5,1.1102,13
1579403833.434,0.53,1.0828,0.5,1.1111,13
1579403834.297,0.52,1.085,0.48,1.1163,13
1579403835.158,0.54,1.0573,0.47,1.1247,13
1579403836.017,0.53,1.0565,0.48,1.1386,13
1579403836.886,0.53,1.0647,0.52,1.1351,13
1579403837.734,0.53,1.0646,0.51,1.1329,13
1579403838.597,0.54,1.0538,0.51,1.1146,13
1579403839.447,0.54,1.0478,0.56,1.1136,13
1579403840.3,0.55,1.0555,0.54,1.1293,13
1579403841.048,0.54,1.0746,0.49,1.1429,13
1579403841.903,0.52,1.1055,0.45,1.1739,14
1579403842.753,0.51,1.1115,0.44,1.1411,14
1579403843.599,0.51,1.1061,0.45,1.1347,14
1579403844.445,0.5,1.1079,0.41,1.1302,14
1579403845.298,0.52,1.0715,0.49,1.1126,14
1579403846.152,0.54,1.0474,0.5,1.1618,14
1579403847.005,0.53,1.089,0.48,1.1286,14
1579403847.97,0.54,1.0669,0.47,1.1229,14
1579403848.829,0.54,1.0706,0.49,1.1061,14
1579403849.68,0.54,1.0534,0.48,1.1187,14
1579403850.542,0.54,1.0637,0.49,1.1074,14
1579403851.307,0.55,1.0675,0.48,1.1039,14
1579403852.166,0.54,1.0652,0.49,1.1134,15
1579403853.024,0.54,1.0624,0.52,1.1083,15
1579403853.877,0.53,1.0662,0.53,1.1267,15
1579403854.738,0.53,1.0829,0.5,1.1037,15
1579403855.601,0.55,1.0363,0.46,1.1124,15
1579403856.474,0.54,1.0461,0.51,1.0985,15
1579403857.324,0.55,1.0447,0.52,1.0933,15
1579403858.175,0.55,1.0436,0.51,1.0976,15
1579403859.037,0.55,1.0408,0.52,1.0972,15
1579403859.896,0.55,1.0254,0.52,1.107,15
1579403860.764,0.56,1.0396,0.52,1.0905,15
1579403861.521,0.56,1.0343,0.52,1.0898,15
1579403862.374,0.55,1.0447,0.52,1.0822,16
1579403863.227,0.56,1.0273,0.47,1.0812,16
1579403864.109,0.55,1.0492,0.52,1.0835,16
1579403864.984,0.55,1.0469,0.51,1.09,16
1579403865.86,0.56,1.0168,0.52,1.0864,16
1579403866.733,0.56,1.0084,0.53,1.0908,16
1579403867.59,0.56,1.0248,0.52,1.0921,16
1579403868.438,0.56,1.0278,0.5,1.0878,16
1579403869.299,0.56,1.023,0.52,1.084,16
1579403870.151,0.57,1.008,0.51,1.087,16
1579403871.009,0.56,1.0196,0.54,1.0883,16
1579403871.759,0.57,1.0266,0.53,1.0879,16
1579403872.608,0.56,1.0372,0.53,1.0729,17
1579403873.462,0.56,1.0216,0.52,1.0748,17
1579403874.31,0.55,1.0421,0.52,1.0701,17
1579403875.164,0.55,1.0384,0.53,1.088,17
1579403876.02,0.56,1.0142,0.51,1.0803,17
1579403876.871,0.57,0.9994,0.53,1.1056,17
1579403877.727,0.56,1.0178,0.5,1.1049,17
1579403878.584,0.55,1.0242,0.52,1.0962,17
1579403879.433,0.57,1.0109,0.54,1.0867,17
1579403880.29,0.57,0.9989,0.5,1.0611,17
1579403881.139,0.57,1.0062,0.52,1.0585,17
1579403881.891,0.57,1.0105,0.54,1.0629,17
1579403882.746,0.57,1.0129,0.53,1.0738,18
1579403883.596,0.57,1.0025,0.51,1.0781,18
1579403884.439,0.56,1.0265,0.51,1.0798,18
1579403885.292,0.56,1.0233,0.54,1.0789,18
1579403886.142,0.57,0.9942,0.49,1.069,18
1579403886.993,0.58,0.9875,0.48,1.066,18
1579403887.84,0.57,0.997,0.52,1.0701,18
1579403888.686,0.57,1.0032,0.54,1.0713,18
1579403889.54,0.58,0.998,0.55,1.0632,18
1579403890.41,0.58,0.9831,0.54,1.0545,18
1579403891.273,0.58,0.9938,0.55,1.0473,18
1579403892.135,0.58,1.0005,0.54,1.0455,18
1579403892.987,0.57,1.0029,0.52,1.0576,19
1579403893.836,0.58,0.9887,0.51,1.0873,19
1579403894.689,0.56,1.0254,0.48,1.0771,19
1579403895.553,0.56,1.0347,0.54,1.0491,19
1579403896.399,0.58,0.9867,0.51,1.0525,19
1579403897.243,0.58,0.9885,0.5,1.0631,19
1579403898.091,0.57,0.9972,0.53,1.0659,19
1579403898.951,0.57,0.9933,0.55,1.0898,19
1579403899.811,0.57,1.0086,0.53,1.0713,19
1579403900.665,0.57,1.002,0.56,1.0798,19
1579403901.51,0.55,1.0422,0.53,1.0522,19
1579403902.252,0.56,1.0389,0.5,1.0624,19
1579403903.101,0.55,1.0345,0.52,1.0372,20
1579403903.952,0.57,1.0063,0.54,1.0574,20
1579403904.81,0.55,1.026,0.52,1.0745,20
1579403905.666,0.55,1.0298,0.49,1.072,20
1579403906.518,0.57,0.9987,0.53,1.0701,20
1579403907.381,0.58,0.9909,0.52,1.0682,20
1579403908.236,0.56,1.0051,0.49,1.0687,20
1579403909.086,0.57,1.0046,0.49,1.0612,20
1579403909.942,0.57,0.9991,0.53,1.0586,20
1579403910.798,0.58,0.9846,0.56,1.0592,20
1579403911.644,0.58,0.9933,0.56,1.0599,20
1579403912.387,0.58,1.0005,0.52,1.0609,20
1579403913.243,0.57,1.0063,0.54,1.0538,21
1579403914.097,0.58,0.9866,0.54,1.0497,21
1579403914.951,0.57,1.005,0.53,1.0345,21
1579403915.8,0.57,1.008,0.55,1.0339,21
1579403916.649,0.59,0.9729,0.54,1.0394,21
1579403917.494,0.59,0.9741,0.55,1.0477,21
1579403918.335,0.57,0.9871,0.54,1.0385,21
1579403919.187,0.57,0.9889,0.53,1.0335,21
1579403920.046,0.58,0.9813,0.55,1.0371,21
1579403920.896,0.59,0.9656,0.58,1.022,21
1579403921.746,0.59,0.9755,0.58,1.0212,21
1579403922.487,0.58,0.9858,0.55,1.0151,21
1579403923.342,0.58,0.9811,0.54,1.027,22
1579403924.211,0.59,0.974,0.55,1.0363,22
1579403925.066,0.58,0.9887,0.54,1.043,22
1579403925.911,0.57,0.9953,0.57,1.0332,22
1579403926.762,0.6,0.9565,0.58,1.0371,22
1579403927.618,0.6,0.9611,0.56,1.0295,22
1579403928.486,0.58,0.9695,0.48,1.0392,22
1579403929.35,0.58,0.9748,0.53,1.0438,22
1579403930.202,0.59,0.9696,0.56,1.0322,22
1579403931.057,0.59,0.9492,0.56,1.0309,22
1579403931.917,0.59,0.9667,0.55,1.0306,22
1579403932.668,0.59,0.9715,0.52,1.0089,22
1579403933.532,0.59,0.9711,0.53,1.0122,23
1579403934.388,0.59,0.9627,0.56,1.0284,23
1579403935.244,0.58,0.9844,0.52,1.0165,23
1579403936.096,0.58,0.9828,0.56,1.0194,23
1579403936.96,0.6,0.9514,0.56,1.0291,23
1579403937.924,0.6,0.9535,0.55,1.0256,23
1579403938.784,0.59,0.9609,0.49,1.0261,23
1579403939.642,0.58,0.9677,0.52,1.014,23
1579403940.505,0.59,0.957,0.54,1.0186,23
1579403941.362,0.59,0.9495,0.52,1.015,23
1579403942.224,0.59,0.9635,0.54,1.0166,23
1579403942.97,0.59,0.9599,0.55,1.0099,23
1579403943.834,0.59,0.9617,0.52,1.0014,24
1579403944.684,0.59,0.9583,0.55,1.0172,24
1579403945.534,0.58,0.9747,0.57,1.0284,24
1579403946.381,0.57,0.9845,0.55,1.0117,24
1579403947.231,0.6,0.943,0.55,1.0173,24
1579403948.079,0.6,0.9448,0.54,1.0439,24
1579403948.934,0.59,0.9672,0.48,1.0278,24
1579403949.789,0.58,0.9716,0.53,1.0079,24
1579403950.642,0.59,0.9616,0.54,1.0325,24
1579403951.49,0.6,0.9583,0.54,1.0118,24
1579403952.338,0.6,0.9492,0.54,1.0196,24
1579403953.08,0.59,0.9598,0.57,1.0167,24
