1579918584.752,0.3,1.4215,0.32,1.3921,0
1579918601.6,0.3,1.3881,0.28,1.4661,0
1579918618.646,0.28,1.4566,0.28,1.439,0
1579918635.38,0.28,1.4363,0.32,1.4359,0
1579918653.318,0.28,1.4577,0.3,1.4365,0
1579918673.596,0.29,1.4536,0.3,1.4365,0
1579918701.24,0.28,1.4661,0.3,1.4366,0
1579918716.74,0.29,1.4544,0.3,1.4367,0
1579918784.712,0.29,1.4568,0.3,1.4367,1
1579918862.927,0.28,1.4619,0.3,1.4367,1
1579918939.417,0.29,1.4574,0.3,1.4368,1
1579919011.191,0.29,1.4572,0.3,1.4368,1
1579919075.636,0.29,1.4583,0.3,1.4369,1
1579919134.868,0.29,1.4538,0.3,1.4369,1
1579919187.778,0.28,1.4662,0.3,1.437,1
1579919204.165,0.29,1.4546,0.3,1.437,1
1579919251.488,0.29,1.4569,0.3,1.437,2
1579919295.081,0.28,1.4619,0.3,1.4371,2
1579919336.813,0.29,1.4575,0.3,1.4371,2
1579919373.957,0.29,1.4573,0.3,1.4372,2
1579919411.361,0.29,1.4583,0.3,1.4372,2
1579919447.518,0.29,1.4538,0.3,1.4372,2
1579919482.002,0.28,1.4662,0.3,1.4372,2
1579919493.287,0.29,1.4546,0.3,1.4373,2
1579919526.13,0.29,1.4569,0.3,1.4373,3
1579919557.025,0.28,1.4619,0.3,1.4373,3
1579919589.443,0.29,1.4575,0.3,1.4373,3
1579919620.427,0.29,1.4573,0.3,1.4373,3
1579919651.258,0.29,1.4583,0.3,1.4373,3
1579919681.851,0.29,1.4538,0.3,1.4373,3
1579919711.849,0.28,1.4662,0.3,1.4373,3
1579919721.154,0.29,1.4546,0.3,1.4373,3
1579919748.987,0.29,1.4569,0.3,1.4373,4
1579919776.274,0.28,1.4619,0.3,1.4373,4
1579919804.297,0.29,1.4575,0.3,1.4373,4
1579919831.861,0.29,1.4573,0.3,1.4373,4
1579919858.91,0.29,1.4583,0.3,1.4373,4
1579919885.911,0.29,1.4538,0.3,1.4373,4
1579919913.507,0.28,1.4662,0.3,1.4373,4
1579919922.266,0.29,1.4546,0.3,1.4373,4
1579919947.737,0.29,1.4569,0.3,1.4373,5
1579919973.455,0.28,1.4619,0.3,1.4373,5
1579919999.742,0.29,1.4575,0.3,1.4373,5
1579920024.979,0.29,1.4573,0.3,1.4373,5
1579920050.279,0.29,1.4583,0.3,1.4372,5
1579920075.43,0.29,1.4538,0.3,1.4372,5
1579920100.793,0.28,1.4662,0.3,1.4372,5
1579920109.038,0.29,1.4546,0.3,1.4372,5
1579920132.408,0.29,1.4569,0.3,1.4372,6
1579920155.653,0.28,1.4619,0.3,1.4372,6
1579920179.209,0.29,1.4575,0.3,1.4372,6
1579920202.341,0.29,1.4573,0.3,1.4371,6
1579920225.629,0.29,1.4583,0.3,1.4371,6
1579920248.123,0.29,1.4538,0.3,1.4371,6
1579920270.699,0.28,1.4662,0.3,1.4371,6
1579920278.273,0.29,1.4546,0.3,1.4371,6
1579920299.508,0.29,1.4569,0.3,1.437,7
1579920320.63,0.28,1.4619,0.3,1.437,7
1579920341.498,0.29,1.4575,0.3,1.437,7
1579920362.226,0.29,1.4573,0.3,1.437,7
1579920382.428,0.29,1.4583,0.3,1.437,7
1579920402.255,0.29,1.4538,0.3,1.437,7
1579920421.941,0.28,1.4662,0.3,1.4369,7
1579920428.257,0.29,1.4546,0.3,1.4369,7
1579920447.445,0.29,1.4569,0.3,1.4369,8
1579920466.317,0.28,1.4619,0.3,1.4369,8
1579920485.547,0.29,1.4574,0.3,1.4368,8
1579920503.97,0.29,1.4573,0.3,1.4368,8
1579920522.262,0.29,1.4583,0.3,1.4368,8
1579920540.778,0.29,1.4538,0.3,1.4368,8
1579920559.031,0.28,1.4662,0.3,1.4368,8
1579920565.141,0.29,1.4546,0.3,1.4367,8
1579920583.137,0.29,1.4569,0.3,1.4367,9
1579920601.415,0.28,1.4619,0.3,1.4367,9
1579920619.54,0.29,1.4574,0.3,1.4366,9
1579920637.365,0.29,1.4573,0.3,1.4366,9
1579920655.512,0.29,1.4583,0.3,1.4366,9
1579920673.796,0.29,1.4537,0.3,1.4366,9
1579920692.169,0.28,1.4662,0.3,1.4365,9
1579920698.444,0.29,1.4545,0.3,1.4365,9
1579920717.024,0.29,1.4569,0.3,1.4365,10
1579920735.859,0.28,1.4619,0.3,1.4364,10
1579920755.061,0.29,1.4574,0.3,1.4364,10
1579920773.883,0.29,1.4572,0.3,1.4364,10
1579920793.267,0.29,1.4583,0.3,1.4364,10
1579920812.654,0.29,1.4537,0.3,1.4363,10
1579920832.459,0.28,1.4662,0.3,1.4363,10
1579920839.255,0.29,1.4545,0.3,1.4363,10
1579920859.578,0.29,1.4569,0.3,1.4362,11
1579920880.568,0.28,1.4619,0.3,1.4362,11
1579920902.516,0.29,1.4574,0.3,1.4361,11
1579920924.685,0.29,1.4572,0.3,1.4361,11
1579920947.688,0.29,1.4583,0.3,1.4361,11
1579920971.141,0.29,1.4537,0.3,1.436,11
1579920996.017,0.28,1.4662,0.3,1.436,11
1579921004.185,0.29,1.4545,0.3,1.4359,11
1579921028.92,0.29,1.4568,0.3,1.4359,12
1579921054.744,0.28,1.4618,0.3,1.4358,12
1579921084.049,0.29,1.4574,0.3,1.4358,12
1579921113.454,0.29,1.4572,0.3,1.4357,12
1579921144.238,0.29,1.4583,0.3,1.4357,12
1579921176.748,0.29,1.4537,0.3,1.4356,12
1579921210.917,0.28,1.4661,0.3,1.4356,12
1579921223.701,0.29,1.4544,0.3,1.4355,12
1579921263.793,0.29,1.4568,0.3,1.4354,13
1579921307.804,0.28,1.4618,0.3,1.4353,13
1579921356.691,0.29,1.4574,0.32,1.4353,13
1579921413.64,0.29,1.4572,0.32,1.4352,13
1579921475.596,0.28,1.4583,0.32,1.4351,13
1579921540.308,0.29,1.4537,0.32,1.435,13
1579921591.635,0.28,1.4661,0.33,1.4203,13
1579921600.145,0.29,1.4495,0.3,1.4545,13
1579921634.849,0.29,1.451,0.3,1.4542,14
1579921693.092,0.29,1.4543,0.3,1.4539,14
1579921722.159,0.29,1.4532,0.3,1.4536,14
1579921743.052,0.29,1.4504,0.3,1.4534,14
1579921760.776,0.28,1.4655,0.3,1.4531,14
1579921778.098,0.28,1.4593,0.3,1.4529,14
1579921795.096,0.28,1.4608,0.3,1.4526,14
1579921800.931,0.29,1.4555,0.3,1.4524,14
1579921817.865,0.29,1.4509,0.3,1.4522,15
1579921834.936,0.29,1.4543,0.3,1.452,15
1579921851.734,0.29,1.4533,0.3,1.4518,15
1579921868.58,0.29,1.4504,0.3,1.4517,15
1579921885.21,0.28,1.4656,0.3,1.4516,15
1579921901.856,0.28,1.4593,0.3,1.4515,15
1579921918.758,0.28,1.4608,0.3,1.4514,15
1579921924.379,0.29,1.4554,0.3,1.4512,15
1579921940.978,0.29,1.451,0.3,1.4511,16
1579921957.647,0.29,1.4543,0.3,1.451,16
1579921974.515,0.29,1.4533,0.3,1.451,16
1579921991.219,0.29,1.4504,0.3,1.4509,16
1579922007.815,0.28,1.4656,0.3,1.4509,16
1579922024.725,0.28,1.4594,0.3,1.4509,16
1579922041.651,0.28,1.4608,0.3,1.4509,16
1579922047.272,0.29,1.4554,0.3,1.4509,16
1579922063.91,0.29,1.451,0.3,1.4509,17
1579922080.579,0.29,1.4543,0.3,1.4508,17
1579922097.382,0.29,1.4533,0.3,1.4509,17
1579922114.087,0.29,1.4504,0.3,1.4509,17
1579922130.691,0.28,1.4656,0.3,1.4509,17
1579922147.761,0.28,1.4594,0.3,1.451,17
1579922164.672,0.28,1.4608,0.3,1.451,17
1579922170.306,0.29,1.4554,0.3,1.451,17
1579922187.029,0.29,1.451,0.3,1.451,18
1579922203.666,0.29,1.4543,0.3,1.451,18
1579922220.437,0.29,1.4533,0.3,1.4511,18
1579922237.031,0.29,1.4504,0.3,1.4511,18
1579922253.626,0.28,1.4656,0.3,1.4512,18
1579922270.416,0.28,1.4594,0.3,1.4513,18
1579922287.38,0.28,1.4608,0.3,1.4513,18
1579922293.106,0.29,1.4554,0.3,1.4513,18
1579922309.649,0.29,1.4509,0.3,1.4514,19
1579922326.307,0.29,1.4543,0.3,1.4514,19
1579922343.019,0.29,1.4533,0.3,1.4514,19
1579922359.569,0.29,1.4504,0.3,1.4515,19
1579922376.327,0.28,1.4656,0.3,1.4515,19
1579922393.142,0.28,1.4593,0.3,1.4516,19
1579922410.162,0.28,1.4608,0.3,1.4516,19
1579922415.814,0.29,1.4554,0.3,1.4517,19
1579922432.512,0.29,1.4509,0.3,1.4517,20
1579922449.476,0.29,1.4543,0.3,1.4517,20
1579922466.292,0.29,1.4533,0.3,1.4517,20
1579922482.895,0.29,1.4504,0.3,1.4517,20
1579922499.669,0.28,1.4656,0.3,1.4518,20
1579922516.628,0.28,1.4593,0.3,1.4519,20
1579922533.532,0.28,1.4608,0.3,1.4519,20
1579922539.11,0.29,1.4554,0.3,1.4519,20
1579922555.752,0.29,1.4509,0.3,1.4519,21
1579922572.541,0.29,1.4543,0.3,1.4519,21
1579922589.375,0.29,1.4533,0.3,1.4519,21
1579922605.969,0.29,1.4504,0.3,1.4519,21
1579922622.754,0.28,1.4656,0.3,1.452,21
1579922639.814,0.28,1.4593,0.3,1.452,21
1579922656.773,0.28,1.4608,0.3,1.452,21
1579922662.373,0.29,1.4554,0.3,1.452,21
1579922679.049,0.29,1.4509,0.3,1.452,22
1579922695.942,0.29,1.4543,0.3,1.452,22
1579922712.981,0.29,1.4533,0.3,1.452,22
1579922729.55,0.29,1.4504,0.3,1.4521,22
1579922746.367,0.28,1.4656,0.3,1.4521,22
1579922763.509,0.28,1.4593,0.3,1.4521,22
1579922780.419,0.28,1.4609,0.3,1.4521,22
1579922786.127,0.29,1.4554,0.3,1.4521,22
1579922802.777,0.29,1.4509,0.3,1.4521,23
1579922819.673,0.29,1.4543,0.3,1.4521,23
1579922836.321,0.29,1.4533,0.3,1.4521,23
1579922852.955,0.29,1.4504,0.3,1.4521,23
1579922869.824,0.28,1.4656,0.3,1.4522,23
1579922886.745,0.28,1.4593,0.3,1.4522,23
1579922903.554,0.28,1.4609,0.3,1.4522,23
1579922909.227,0.29,1.4554,0.3,1.4522,23
1579922925.958,0.29,1.4509,0.3,1.4522,24
1579922942.86,0.29,1.4543,0.3,1.4521,24
1579922959.514,0.29,1.4533,0.3,1.4522,24
1579922976.224,0.29,1.4504,0.3,1.4522,24
1579922993.058,0.28,1.4656,0.3,1.4522,24
1579923010.033,0.28,1.4593,0.3,1.4522,24
1579923026.807,0.28,1.4609,0.3,1.4522,24
1579923032.392,0.29,1.4554,0.3,1.4522,24
1579923049.111,0.29,1.4509,0.3,1.4522,25
1579923065.884,0.29,1.4543,0.3,1.4522,25
1579923082.647,0.29,1.4533,0.3,1.4522,25
1579923099.409,0.29,1.4504,0.3,1.4522,25
1579923116.29,0.28,1.4655,0.3,1.4522,25
1579923133.096,0.28,1.4593,0.3,1.4522,25
1579923149.732,0.28,1.4609,0.3,1.4523,25
1579923155.416,0.29,1.4554,0.3,1.4522,25
1579923172.111,0.29,1.4509,0.3,1.4522,26
1579923188.844,0.29,1.4543,0.3,1.4522,26
1579923205.451,0.29,1.4533,0.3,1.4522,26
1579923222.058,0.29,1.4504,0.3,1.4522,26
1579923238.926,0.28,1.4655,0.3,1.4522,26
1579923255.652,0.28,1.4593,0.3,1.4523,26
1579923272.243,0.28,1.4609,0.3,1.4523,26
1579923277.939,0.29,1.4554,0.3,1.4522,26
1579923294.624,0.29,1.4509,0.3,1.4522,27
1579923311.401,0.29,1.4543,0.3,1.4522,27
1579923327.977,0.29,1.4533,0.3,1.4522,27
1579923344.66,0.29,1.4504,0.3,1.4522,27
1579923361.548,0.28,1.4655,0.3,1.4523,27
1579923378.216,0.28,1.4593,0.3,1.4523,27
1579923394.922,0.28,1.4609,0.3,1.4523,27
1579923400.561,0.29,1.4554,0.3,1.4523,27
1579923417.22,0.29,1.4509,0.3,1.4522,28
1579923433.821,0.29,1.4543,0.3,1.4522,28
1579923450.329,0.29,1.4532,0.3,1.4522,28
1579923467.054,0.29,1.4504,0.3,1.4522,28
1579923483.828,0.28,1.4655,0.3,1.4523,28
1579923500.59,0.28,1.4593,0.3,1.4523,28
1579923517.224,0.28,1.4609,0.3,1.4523,28
1579923522.865,0.29,1.4554,0.3,1.4523,28
1579923539.556,0.29,1.4509,0.3,1.4523,29
1579923556.152,0.29,1.4543,0.3,1.4522,29
1579923572.74,0.29,1.4532,0.3,1.4523,29
1579923589.506,0.29,1.4504,0.3,1.4523,29
1579923606.28,0.28,1.4655,0.3,1.4523,29
1579923623.022,0.28,1.4593,0.3,1.4523,29
1579923639.691,0.28,1.4609,0.3,1.4523,29
1579923645.392,0.29,1.4554,0.3,1.4523,29
1579923662.052,0.29,1.4509,0.3,1.4523,30
1579923678.688,0.29,1.4543,0.3,1.4523,30
1579923695.395,0.29,1.4532,0.3,1.4523,30
1579923712.13,0.29,1.4504,0.3,1.4523,30
1579923728.937,0.28,1.4655,0.3,1.4523,30
1579923745.509,0.28,1.4593,0.3,1.4523,30
1579923762.139,0.28,1.4609,0.3,1.4524,30
1579923767.881,0.29,1.4554,0.3,1.4523,30
1579923784.584,0.29,1.4509,0.3,1.4523,31
1579923801.253,0.29,1.4542,0.3,1.4523,31
1579923817.906,0.29,1.4532,0.3,1.4523,31
1579923834.701,0.29,1.4504,0.3,1.4523,31
1579923851.543,0.28,1.4655,0.3,1.4523,31
1579923868.091,0.28,1.4593,0.3,1.4524,31
1579923884.794,0.28,1.4609,0.3,1.4524,31
1579923890.52,0.29,1.4554,0.3,1.4524,31
1579923907.271,0.29,1.4509,0.3,1.4523,32
1579923924.056,0.29,1.4542,0.3,1.4523,32
1579923940.643,0.29,1.4532,0.3,1.4523,32
1579923957.62,0.29,1.4504,0.3,1.4523,32
1579923974.495,0.28,1.4655,0.3,1.4524,32
1579923991.174,0.28,1.4593,0.3,1.4524,32
1579924008.071,0.28,1.4609,0.3,1.4524,32
1579924013.816,0.29,1.4554,0.3,1.4524,32
1579924030.55,0.29,1.4509,0.3,1.4524,33
1579924047.273,0.29,1.4542,0.3,1.4523,33
1579924063.843,0.29,1.4532,0.3,1.4524,33
1579924080.943,0.29,1.4504,0.3,1.4524,33
1579924097.71,0.28,1.4655,0.3,1.4524,33
1579924114.387,0.28,1.4593,0.3,1.4524,33
1579924131.073,0.28,1.4609,0.3,1.4524,33
1579924136.873,0.29,1.4554,0.3,1.4524,33
1579924153.682,0.29,1.4509,0.3,1.4524,34
1579924170.581,0.29,1.4542,0.3,1.4524,34
1579924187.234,0.29,1.4532,0.3,1.4524,34
1579924204.287,0.29,1.4504,0.3,1.4524,34
1579924221.024,0.28,1.4655,0.3,1.4524,34
1579924237.779,0.28,1.4593,0.3,1.4525,34
1579924254.542,0.28,1.4609,0.3,1.4525,34
1579924260.268,0.29,1.4554,0.3,1.4524,34
1579924276.988,0.29,1.4509,0.3,1.4524,35
1579924293.767,0.29,1.4542,0.3,1.4524,35
1579924310.486,0.29,1.4532,0.3,1.4524,35
1579924327.714,0.29,1.4504,0.3,1.4524,35
1579924344.455,0.28,1.4655,0.3,1.4525,35
1579924361.321,0.28,1.4593,0.3,1.4525,35
1579924378.093,0.28,1.4609,0.3,1.4525,35
1579924383.742,0.29,1.4554,0.3,1.4525,35
1579924400.499,0.29,1.4509,0.3,1.4525,36
1579924417.387,0.29,1.4542,0.3,1.4524,36
1579924434.115,0.29,1.4532,0.3,1.4524,36
1579924451.196,0.29,1.4504,0.3,1.4524,36
1579924467.945,0.28,1.4655,0.3,1.4525,36
1579924484.779,0.28,1.4593,0.3,1.4525,36
1579924501.537,0.28,1.4609,0.3,1.4525,36
1579924507.227,0.29,1.4554,0.3,1.4525,36
1579924524.037,0.29,1.4509,0.3,1.4525,37
1579924540.945,0.29,1.4542,0.3,1.4525,37
1579924557.751,0.29,1.4532,0.3,1.4525,37
1579924574.729,0.29,1.4504,0.3,1.4525,37
1579924591.361,0.28,1.4655,0.3,1.4525,37
1579924608.23,0.28,1.4593,0.3,1.4525,37
1579924625.021,0.28,1.4609,0.3,1.4525,37
1579924630.839,0.29,1.4554,0.3,1.4525,37
1579924647.794,0.29,1.4509,0.3,1.4525,38
1579924664.692,0.29,1.4542,0.3,1.4525,38
1579924681.585,0.29,1.4532,0.3,1.4525,38
1579924698.716,0.29,1.4504,0.3,1.4525,38
1579924715.463,0.28,1.4655,0.3,1.4525,38
1579924732.354,0.28,1.4593,0.3,1.4526,38
1579924749.153,0.28,1.4609,0.3,1.4526,38
1579924754.963,0.29,1.4554,0.3,1.4525,38
1579924771.933,0.29,1.4509,0.3,1.4525,39
1579924788.964,0.29,1.4542,0.3,1.4525,39
1579924805.874,0.29,1.4532,0.3,1.4525,39
1579924823.078,0.29,1.4504,0.3,1.4525,39
1579924839.815,0.28,1.4655,0.3,1.4525,39
1579924856.963,0.28,1.4593,0.3,1.4526,39
1579924873.873,0.28,1.4609,0.3,1.4526,39
1579924879.762,0.29,1.4554,0.3,1.4526,39
1579924896.733,0.29,1.4509,0.3,1.4525,40
1579924913.871,0.29,1.4542,0.3,1.4525,40
1579924930.998,0.29,1.4532,0.3,1.4525,40
1579924948.444,0.29,1.4504,0.3,1.4525,40
1579924965.496,0.28,1.4655,0.3,1.4526,40
1579924982.71,0.28,1.4593,0.3,1.4526,40
1579924999.726,0.28,1.4609,0.3,1.4526,40
1579925005.632,0.29,1.4554,0.3,1.4526,40
1579925022.573,0.29,1.4509,0.3,1.4526,41
1579925039.968,0.29,1.4542,0.3,1.4525,41
1579925057.128,0.29,1.4532,0.3,1.4525,41
1579925074.143,0.29,1.4504,0.3,1.4526,41
1579925091.103,0.28,1.4655,0.3,1.4526,41
1579925108.235,0.28,1.4593,0.3,1.4526,41
1579925125.226,0.28,1.4609,0.3,1.4526,41
1579925131.025,0.29,1.4554,0.3,1.4526,41
1579925148.184,0.29,1.4509,0.3,1.4526,42
1579925165.546,0.29,1.4542,0.3,1.4525,42
1579925182.647,0.29,1.4532,0.3,1.4526,42
1579925199.734,0.29,1.4504,0.3,1.4526,42
1579925216.762,0.28,1.4655,0.3,1.4526,42
1579925233.887,0.28,1.4593,0.3,1.4526,42
1579925251.019,0.28,1.4609,0.3,1.4526,42
1579925256.931,0.29,1.4554,0.3,1.4526,42
1579925274.192,0.29,1.4509,0.3,1.4526,43
1579925291.629,0.29,1.4542,0.3,1.4526,43
1579925308.688,0.29,1.4532,0.3,1.4526,43
1579925325.798,0.29,1.4504,0.3,1.4526,43
1579925343.005,0.28,1.4655,0.3,1.4526,43
1579925360.282,0.28,1.4593,0.3,1.4526,43
1579925377.448,0.28,1.4609,0.3,1.4526,43
1579925383.266,0.29,1.4554,0.3,1.4526,43
1579925400.743,0.29,1.4509,0.3,1.4526,44
1579925418.131,0.29,1.4542,0.3,1.4526,44
1579925435.094,0.29,1.4532,0.3,1.4526,44
1579925452.339,0.29,1.4504,0.3,1.4526,44
1579925469.37,0.28,1.4655,0.3,1.4526,44
1579925486.596,0.28,1.4593,0.3,1.4527,44
1579925503.81,0.28,1.4609,0.3,1.4527,44
1579925509.715,0.29,1.4554,0.3,1.4526,44
1579925527.151,0.29,1.4509,0.3,1.4526,45
1579925544.601,0.29,1.4542,0.3,1.4526,45
1579925561.665,0.29,1.4532,0.3,1.4526,45
1579925579.061,0.29,1.4504,0.3,1.4526,45
1579925596.044,0.28,1.4655,0.3,1.4526,45
1579925613.307,0.28,1.4593,0.3,1.4527,45
1579925630.577,0.28,1.4609,0.3,1.4527,45
1579925636.516,0.29,1.4554,0.3,1.4526,45
1579925654.007,0.29,1.4509,0.3,1.4526,46
1579925671.447,0.29,1.4542,0.3,1.4526,46
1579925688.53,0.29,1.4532,0.3,1.4526,46
1579925705.773,0.29,1.4504,0.3,1.4526,46
1579925722.875,0.28,1.4655,0.3,1.4526,46
1579925740.23,0.28,1.4593,0.3,1.4527,46
1579925757.787,0.28,1.4609,0.3,1.4527,46
1579925763.633,0.29,1.4554,0.3,1.4527,46
1579925781.151,0.29,1.4509,0.3,1.4526,47
1579925798.447,0.29,1.4542,0.3,1.4526,47
1579925815.614,0.29,1.4532,0.3,1.4526,47
1579925832.884,0.29,1.4504,0.3,1.4526,47
1579925849.922,0.28,1.4655,0.3,1.4527,47
1579925867.407,0.28,1.4593,0.3,1.4527,47
1579925885.051,0.28,1.4609,0.3,1.4527,47
1579925890.894,0.29,1.4554,0.3,1.4527,47
1579925908.268,0.29,1.4509,0.3,1.4526,48
1579925925.572,0.29,1.4542,0.3,1.4526,48
1579925942.885,0.29,1.4532,0.3,1.4526,48
1579925960.212,0.29,1.4504,0.3,1.4526,48
1579925977.198,0.28,1.4655,0.3,1.4527,48
1579925994.798,0.28,1.4593,0.3,1.4527,48
1579926012.544,0.28,1.4609,0.3,1.4527,48
1579926018.402,0.29,1.4554,0.3,1.4527,48
1579926035.714,0.29,1.4509,0.3,1.4527,49
1579926052.997,0.29,1.4542,0.3,1.4526,49
1579926070.462,0.29,1.4532,0.3,1.4526,49
1579926088.154,0.29,1.4504,0.3,1.4526,49
1579926105.241,0.28,1.4655,0.3,1.4527,49
1579926122.921,0.28,1.4593,0.3,1.4527,49
1579926140.752,0.28,1.4609,0.3,1.4527,49
1579926146.679,0.29,1.4554,0.3,1.4527,49
1579926164.18,0.29,1.4509,0.3,1.4527,50
1579926181.779,0.29,1.4542,0.3,1.4526,50
1579926199.231,0.29,1.4532,0.3,1.4526,50
1579926216.627,0.29,1.4504,0.3,1.4527,50
1579926233.908,0.28,1.4655,0.3,1.4527,50
1579926251.71,0.28,1.4593,0.3,1.4527,50
1579926269.454,0.28,1.4609,0.3,1.4527,50
1579926275.371,0.29,1.4554,0.3,1.4527,50
1579926292.788,0.29,1.4509,0.3,1.4527,51
1579926310.521,0.29,1.4542,0.3,1.4526,51
1579926328.071,0.29,1.4532,0.3,1.4526,51
1579926345.508,0.29,1.4504,0.3,1.4527,51
1579926362.837,0.28,1.4655,0.3,1.4527,51
1579926380.64,0.28,1.4593,0.3,1.4527,51
1579926398.38,0.28,1.4609,0.3,1.4527,51
1579926404.378,0.29,1.4554,0.3,1.4527,51
1579926421.854,0.29,1.4509,0.3,1.4527,52
1579926439.5,0.29,1.4542,0.3,1.4526,52
1579926456.964,0.29,1.4532,0.3,1.4527,52
1579926474.659,0.29,1.4504,0.3,1.4527,52
1579926492.278,0.28,1.4655,0.3,1.4527,52
1579926510.08,0.28,1.4593,0.3,1.4527,52
1579926527.847,0.28,1.4609,0.3,1.4527,52
1579926533.853,0.29,1.4554,0.3,1.4527,52
1579926551.37,0.29,1.4509,0.3,1.4527,53
1579926569.13,0.29,1.4542,0.3,1.4527,53
1579926586.517,0.29,1.4532,0.3,1.4527,53
1579926604.267,0.29,1.4504,0.3,1.4527,53
1579926621.836,0.28,1.4655,0.3,1.4527,53
1579926639.61,0.28,1.4593,0.3,1.4527,53
1579926657.615,0.28,1.4609,0.3,1.4527,53
1579926663.564,0.29,1.4554,0.3,1.4527,53
1579926681.185,0.29,1.4509,0.3,1.4527,54
1579926698.815,0.29,1.4542,0.3,1.4527,54
1579926716.525,0.29,1.4532,0.3,1.4527,54
1579926734.327,0.29,1.4504,0.3,1.4527,54
1579926751.685,0.28,1.4655,0.3,1.4527,54
1579926769.443,0.28,1.4593,0.3,1.4527,54
1579926787.531,0.28,1.4609,0.3,1.4527,54
1579926793.715,0.29,1.4554,0.3,1.4527,54
1579926811.512,0.29,1.4509,0.3,1.4527,55
1579926829.289,0.29,1.4542,0.3,1.4527,55
1579926846.973,0.29,1.4532,0.3,1.4527,55
1579926864.761,0.29,1.4504,0.3,1.4527,55
1579926882.118,0.28,1.4655,0.3,1.4527,55
1579926900.085,0.28,1.4593,0.3,1.4527,55
1579926918.186,0.28,1.4609,0.3,1.4527,55
1579926924.298,0.29,1.4554,0.3,1.4527,55
1579926941.926,0.29,1.4509,0.3,1.4527,56
1579926959.935,0.29,1.4542,0.3,1.4527,56
1579926977.711,0.29,1.4532,0.3,1.4527,56
1579926995.411,0.29,1.4504,0.3,1.4527,56
1579927012.868,0.28,1.4655,0.3,1.4527,56
1579927030.897,0.28,1.4593,0.3,1.4527,56
1579927049.05,0.28,1.4609,0.3,1.4527,56
1579927055.168,0.29,1.4554,0.3,1.4527,56
1579927072.83,0.29,1.4509,0.3,1.4527,57
1579927090.791,0.29,1.4542,0.3,1.4527,57
1579927108.542,0.29,1.4532,0.3,1.4527,57
1579927126.413,0.29,1.4504,0.3,1.4527,57
1579927144.038,0.28,1.4655,0.3,1.4527,57
1579927162.211,0.28,1.4593,0.3,1.4527,57
1579927180.322,0.28,1.4609,0.3,1.4527,57
1579927186.517,0.29,1.4554,0.3,1.4527,57
1579927204.47,0.29,1.4509,0.3,1.4527,58
1579927222.481,0.29,1.4542,0.3,1.4527,58
1579927240.124,0.29,1.4532,0.3,1.4527,58
1579927257.998,0.29,1.4504,0.3,1.4527,58
1579927275.713,0.28,1.4655,0.3,1.4527,58
1579927293.891,0.28,1.4593,0.3,1.4527,58
1579927312.06,0.28,1.4609,0.3,1.4527,58
1579927318.355,0.29,1.4554,0.3,1.4527,58
1579927336.296,0.29,1.4509,0.3,1.4527,59
1579927354.148,0.29,1.4542,0.3,1.4527,59
1579927371.822,0.29,1.4532,0.3,1.4527,59
1579927389.697,0.29,1.4504,0.3,1.4527,59
1579927407.404,0.28,1.4655,0.3,1.4527,59
1579927425.55,0.28,1.4593,0.3,1.4527,59
1579927444.143,0.28,1.4609,0.3,1.4528,59
1579927450.352,0.29,1.4554,0.3,1.4527,59
1579927468.392,0.29,1.4509,0.3,1.4527,60
1579927486.166,0.29,1.4542,0.3,1.4527,60
1579927503.957,0.29,1.4532,0.3,1.4527,60
1579927521.933,0.29,1.4504,0.3,1.4527,60
1579927539.471,0.28,1.4655,0.3,1.4527,60
1579927557.829,0.28,1.4593,0.3,1.4528,60
1579927576.321,0.28,1.4609,0.3,1.4528,60
1579927582.522,0.29,1.4554,0.3,1.4527,60
1579927600.474,0.29,1.4509,0.3,1.4527,61
1579927618.494,0.29,1.4542,0.3,1.4527,61
1579927636.263,0.29,1.4532,0.3,1.4527,61
1579927654.159,0.29,1.4504,0.3,1.4527,61
1579927671.856,0.28,1.4655,0.3,1.4527,61
1579927690.222,0.28,1.4593,0.3,1.4528,61
1579927708.635,0.28,1.4609,0.3,1.4528,61
1579927714.829,0.29,1.4554,0.3,1.4527,61
1579927732.788,0.29,1.4509,0.3,1.4527,62
1579927751.094,0.29,1.4542,0.3,1.4527,62
1579927768.985,0.29,1.4532,0.3,1.4527,62
1579927786.904,0.29,1.4504,0.3,1.4527,62
1579927804.858,0.28,1.4655,0.3,1.4527,62
1579927823.354,0.28,1.4593,0.3,1.4528,62
1579927841.629,0.28,1.4609,0.3,1.4528,62
1579927847.932,0.29,1.4554,0.3,1.4527,62
1579927865.944,0.29,1.4509,0.3,1.4527,63
1579927884.045,0.29,1.4542,0.3,1.4527,63
1579927901.837,0.29,1.4532,0.3,1.4527,63
1579927920.021,0.29,1.4504,0.3,1.4527,63
1579927937.995,0.28,1.4655,0.3,1.4527,63
1579927956.243,0.28,1.4593,0.3,1.4528,63
1579927974.737,0.28,1.4609,0.3,1.4528,63
1579927981.054,0.29,1.4554,0.3,1.4527,63
1579927999.065,0.29,1.4509,0.3,1.4527,64
1579928017.066,0.29,1.4542,0.3,1.4527,64
1579928034.982,0.29,1.4532,0.3,1.4527,64
1579928053.319,0.29,1.4504,0.3,1.4527,64
1579928071.273,0.28,1.4655,0.3,1.4527,64
1579928089.577,0.28,1.4593,0.3,1.4528,64
1579928107.96,0.28,1.4609,0.3,1.4528,64
1579928114.287,0.29,1.4554,0.3,1.4527,64
1579928132.285,0.29,1.4509,0.3,1.4527,65
1579928150.54,0.29,1.4542,0.3,1.4527,65
1579928168.537,0.29,1.4532,0.3,1.4527,65
1579928186.702,0.29,1.4504,0.3,1.4527,65
1579928204.638,0.28,1.4655,0.3,1.4527,65
1579928223.041,0.28,1.4593,0.3,1.4528,65
1579928241.422,0.28,1.4609,0.3,1.4528,65
1579928247.664,0.29,1.4554,0.3,1.4527,65
1579928265.737,0.29,1.4509,0.3,1.4527,66
1579928283.924,0.29,1.4542,0.3,1.4527,66
1579928302.05,0.29,1.4532,0.3,1.4527,66
1579928319.989,0.29,1.4504,0.3,1.4527,66
1579928337.975,0.28,1.4655,0.3,1.4527,66
1579928356.276,0.28,1.4593,0.3,1.4528,66
1579928374.681,0.28,1.4609,0.3,1.4528,66
1579928380.966,0.29,1.4554,0.3,1.4527,66
1579928399.272,0.29,1.4509,0.3,1.4527,67
1579928417.455,0.29,1.4542,0.3,1.4527,67
1579928435.318,0.29,1.4532,0.3,1.4527,67
1579928453.428,0.29,1.4504,0.3,1.4527,67
1579928471.355,0.28,1.4655,0.3,1.4527,67
1579928489.771,0.28,1.4593,0.3,1.4528,67
1579928508.18,0.28,1.4609,0.3,1.4528,67
1579928514.49,0.29,1.4554,0.3,1.4527,67
1579928532.742,0.29,1.4509,0.3,1.4527,68
1579928550.829,0.29,1.4542,0.3,1.4527,68
1579928568.959,0.29,1.4532,0.3,1.4527,68
1579928587.007,0.29,1.4504,0.3,1.4527,68
1579928604.917,0.28,1.4655,0.3,1.4527,68
1579928623.305,0.28,1.4593,0.3,1.4528,68
1579928641.878,0.28,1.4609,0.3,1.4528,68
1579928648.081,0.29,1.4554,0.3,1.4527,68
1579928666.263,0.29,1.4509,0.3,1.4527,69
1579928684.559,0.29,1.4542,0.3,1.4527,69
1579928702.74,0.29,1.4532,0.3,1.4527,69
1579928720.716,0.29,1.4504,0.3,1.4527,69
1579928738.675,0.28,1.4655,0.3,1.4527,69
1579928757.231,0.28,1.4593,0.3,1.4528,69
1579928776.28,0.28,1.4609,0.3,1.4528,69
1579928782.565,0.29,1.4554,0.3,1.4527,69
1579928800.814,0.29,1.4509,0.3,1.4527,70
1579928819.226,0.29,1.4542,0.3,1.4527,70
1579928837.552,0.29,1.4532,0.3,1.4527,70
1579928855.632,0.29,1.4504,0.3,1.4527,70
1579928873.757,0.28,1.4655,0.3,1.4527,70
1579928892.427,0.28,1.4593,0.3,1.4528,70
1579928910.91,0.28,1.4609,0.3,1.4528,70
1579928917.206,0.29,1.4554,0.3,1.4527,70
1579928935.425,0.29,1.4509,0.3,1.4527,71
1579928953.654,0.29,1.4542,0.3,1.4527,71
1579928971.913,0.29,1.4532,0.3,1.4527,71
1579928990.265,0.29,1.4504,0.3,1.4527,71
1579929008.528,0.28,1.4655,0.3,1.4527,71
1579929027.154,0.28,1.4593,0.3,1.4528,71
1579929045.637,0.28,1.4609,0.3,1.4528,71
1579929051.946,0.29,1.4554,0.3,1.4528,71
1579929070.102,0.29,1.4509,0.3,1.4527,72
1579929088.466,0.29,1.4542,0.3,1.4527,72
1579929106.875,0.29,1.4532,0.3,1.4527,72
1579929125.249,0.29,1.4504,0.3,1.4527,72
1579929143.406,0.28,1.4655,0.3,1.4527,72
1579929161.965,0.28,1.4593,0.3,1.4528,72
1579929180.586,0.28,1.4609,0.3,1.4528,72
1579929186.813,0.29,1.4554,0.3,1.4528,72
1579929205.006,0.29,1.4509,0.3,1.4527,73
1579929223.429,0.29,1.4542,0.3,1.4527,73
1579929242.033,0.29,1.4532,0.3,1.4527,73
1579929260.341,0.29,1.4504,0.3,1.4527,73
1579929278.633,0.28,1.4655,0.3,1.4527,73
1579929297.414,0.28,1.4593,0.3,1.4528,73
1579929316.072,0.28,1.4609,0.3,1.4528,73
1579929322.383,0.29,1.4554,0.3,1.4528,73
1579929340.741,0.29,1.4509,0.3,1.4527,74
1579929359.306,0.29,1.4542,0.3,1.4527,74
1579929377.829,0.29,1.4532,0.3,1.4527,74
1579929396.138,0.29,1.4504,0.3,1.4527,74
1579929414.379,0.28,1.4655,0.3,1.4527,74
1579929432.964,0.28,1.4593,0.3,1.4528,74
1579929451.556,0.28,1.4609,0.3,1.4528,74
1579929457.947,0.29,1.4554,0.3,1.4528,74
1579929476.219,0.29,1.4509,0.3,1.4527,75
1579929494.717,0.29,1.4542,0.3,1.4527,75
1579929513.091,0.29,1.4532,0.3,1.4527,75
1579929531.414,0.29,1.4504,0.3,1.4527,75
1579929549.686,0.28,1.4655,0.3,1.4527,75
1579929568.46,0.28,1.4593,0.3,1.4528,75
1579929587.193,0.28,1.4609,0.3,1.4528,75
1579929593.533,0.29,1.4554,0.3,1.4528,75
1579929612.015,0.29,1.4509,0.3,1.4527,76
1579929630.466,0.29,1.4542,0.3,1.4527,76
1579929649.052,0.29,1.4532,0.3,1.4527,76
1579929667.249,0.29,1.4504,0.3,1.4527,76
1579929685.497,0.28,1.4655,0.3,1.4527,76
1579929704.122,0.28,1.4593,0.3,1.4528,76
1579929723.026,0.28,1.4609,0.3,1.4528,76
1579929729.439,0.29,1.4554,0.3,1.4528,76
1579929748.365,0.29,1.4509,0.3,1.4527,77
1579929766.93,0.29,1.4542,0.3,1.4527,77
1579929785.648,0.29,1.4532,0.3,1.4527,77
1579929803.871,0.29,1.4504,0.3,1.4527,77
1579929822.14,0.28,1.4655,0.3,1.4527,77
1579929841.105,0.28,1.4593,0.3,1.4528,77
1579929859.88,0.28,1.4609,0.3,1.4528,77
1579929866.33,0.29,1.4554,0.3,1.4528,77
1579929884.613,0.29,1.4509,0.3,1.4527,78
1579929903.256,0.29,1.4542,0.3,1.4527,78
1579929922.155,0.29,1.4532,0.3,1.4527,78
1579929940.385,0.29,1.4504,0.3,1.4527,78
1579929958.918,0.28,1.4655,0.3,1.4528,78
1579929977.766,0.28,1.4593,0.3,1.4528,78
1579929996.568,0.28,1.4609,0.3,1.4528,78
1579930002.958,0.29,1.4554,0.3,1.4528,78
1579930021.443,0.29,1.4509,0.3,1.4527,79
1579930040.086,0.29,1.4542,0.3,1.4527,79
1579930058.842,0.29,1.4532,0.3,1.4527,79
1579930077.201,0.29,1.4504,0.3,1.4527,79
1579930095.67,0.28,1.4655,0.3,1.4528,79
1579930114.457,0.28,1.4593,0.3,1.4528,79
1579930133.33,0.28,1.4609,0.3,1.4528,79
1579930139.777,0.29,1.4554,0.3,1.4528,79
1579930158.113,0.29,1.4509,0.3,1.4527,80
1579930176.691,0.29,1.4542,0.3,1.4527,80
1579930195.488,0.29,1.4532,0.3,1.4527,80
1579930213.854,0.29,1.4504,0.3,1.4527,80
1579930232.383,0.28,1.4655,0.3,1.4528,80
1579930251.244,0.28,1.4593,0.3,1.4528,80
1579930270.06,0.28,1.4609,0.3,1.4528,80
1579930276.445,0.29,1.4554,0.3,1.4528,80
1579930294.885,0.29,1.4509,0.3,1.4527,81
1579930313.607,0.29,1.4542,0.3,1.4527,81
1579930332.555,0.29,1.4532,0.3,1.4527,81
1579930351.106,0.29,1.4504,0.3,1.4527,81
1579930369.601,0.28,1.4655,0.3,1.4528,81
1579930388.423,0.28,1.4593,0.3,1.4528,81
1579930407.442,0.28,1.4609,0.3,1.4528,81
1579930413.757,0.29,1.4554,0.3,1.4528,81
1579930432.303,0.29,1.4509,0.3,1.4527,82
1579930451.168,0.29,1.4542,0.3,1.4527,82
1579930470.508,0.29,1.4532,0.3,1.4527,82
1579930488.857,0.29,1.4504,0.3,1.4527,82
1579930507.395,0.28,1.4655,0.3,1.4528,82
1579930526.299,0.28,1.4593,0.3,1.4528,82
1579930545.44,0.28,1.4609,0.3,1.4528,82
1579930551.893,0.29,1.4554,0.3,1.4528,82
1579930570.486,0.29,1.4509,0.3,1.4527,83
1579930589.25,0.29,1.4542,0.3,1.4527,83
1579930608.196,0.29,1.4532,0.3,1.4527,83
1579930626.49,0.29,1.4504,0.3,1.4527,83
1579930645.206,0.28,1.4655,0.3,1.4528,83
1579930664.113,0.28,1.4593,0.3,1.4528,83
1579930683.319,0.28,1.4609,0.3,1.4528,83
1579930689.727,0.29,1.4554,0.3,1.4528,83
1579930708.294,0.29,1.4509,0.3,1.4527,84
1579930727.085,0.29,1.4542,0.3,1.4527,84
1579930746.066,0.29,1.4532,0.3,1.4527,84
1579930764.509,0.29,1.4504,0.3,1.4527,84
1579930783.125,0.28,1.4655,0.3,1.4528,84
1579930802.222,0.28,1.4593,0.3,1.4528,84
1579930821.352,0.28,1.4609,0.3,1.4528,84
1579930827.816,0.29,1.4554,0.3,1.4528,84
1579930846.41,0.29,1.4509,0.3,1.4527,85
1579930865.406,0.29,1.4542,0.3,1.4527,85
1579930884.434,0.29,1.4532,0.3,1.4527,85
1579930902.764,0.29,1.4504,0.3,1.4527,85
1579930921.668,0.28,1.4655,0.3,1.4528,85
1579930940.701,0.28,1.4593,0.3,1.4528,85
1579930959.827,0.28,1.4609,0.3,1.4528,85
1579930966.276,0.29,1.4554,0.3,1.4528,85
1579930984.943,0.29,1.4509,0.3,1.4527,86
1579931003.813,0.29,1.4542,0.3,1.4527,86
1579931022.725,0.29,1.4532,0.3,1.4527,86
1579931041.386,0.29,1.4504,0.3,1.4527,86
1579931060.135,0.28,1.4655,0.3,1.4528,86
1579931079.136,0.28,1.4593,0.3,1.4528,86
1579931098.409,0.28,1.4609,0.3,1.4528,86
1579931104.845,0.29,1.4554,0.3,1.4528,86
1579931123.497,0.29,1.4509,0.3,1.4527,87
1579931142.297,0.29,1.4542,0.3,1.4527,87
1579931161.594,0.29,1.4532,0.3,1.4527,87
1579931180.185,0.29,1.4504,0.3,1.4527,87
1579931198.911,0.28,1.4655,0.3,1.4528,87
1579931218.053,0.28,1.4593,0.3,1.4528,87
1579931237.444,0.28,1.4609,0.3,1.4528,87
1579931244.016,0.29,1.4554,0.3,1.4528,87
1579931262.737,0.29,1.4509,0.3,1.4527,88
1579931281.825,0.29,1.4542,0.3,1.4527,88
1579931300.891,0.29,1.4532,0.3,1.4527,88
1579931319.424,0.29,1.4504,0.3,1.4527,88
1579931338.277,0.28,1.4655,0.3,1.4528,88
1579931357.331,0.28,1.4593,0.3,1.4528,88
1579931376.69,0.28,1.4609,0.3,1.4528,88
1579931383.202,0.29,1.4554,0.3,1.4528,88
1579931402.259,0.29,1.4509,0.3,1.4527,89
1579931421.721,0.29,1.4542,0.3,1.4527,89
1579931440.75,0.29,1.4532,0.3,1.4527,89
1579931459.493,0.29,1.4504,0.3,1.4527,89
1579931478.629,0.28,1.4655,0.3,1.4528,89
1579931497.785,0.28,1.4593,0.3,1.4528,89
1579931517.367,0.28,1.4609,0.3,1.4528,89
1579931523.941,0.29,1.4554,0.3,1.4528,89
1579931542.988,0.29,1.4509,0.3,1.4527,90
1579931561.977,0.29,1.4542,0.3,1.4527,90
1579931581.144,0.29,1.4532,0.3,1.4527,90
1579931599.958,0.29,1.4504,0.3,1.4527,90
1579931618.974,0.28,1.4655,0.3,1.4528,90
1579931638.342,0.28,1.4593,0.3,1.4528,90
1579931657.984,0.28,1.4609,0.3,1.4528,90
1579931664.653,0.29,1.4554,0.3,1.4528,90
1579931683.543,0.29,1.4509,0.3,1.4527,91
1579931702.699,0.29,1.4542,0.3,1.4527,91
1579931721.916,0.29,1.4532,0.3,1.4527,91
1579931740.739,0.29,1.4504,0.3,1.4527,91
1579931759.986,0.28,1.4655,0.3,1.4528,91
1579931779.338,0.28,1.4593,0.3,1.4528,91
1579931799.074,0.28,1.4609,0.3,1.4528,91
1579931805.642,0.29,1.4554,0.3,1.4528,91
1579931824.61,0.29,1.4509,0.3,1.4528,92
1579931843.783,0.29,1.4542,0.3,1.4527,92
1579931862.922,0.29,1.4532,0.3,1.4527,92
1579931882.022,0.29,1.4504,0.3,1.4527,92
1579931901.209,0.28,1.4655,0.3,1.4528,92
1579931920.477,0.28,1.4593,0.3,1.4528,92
1579931940.171,0.28,1.4609,0.3,1.4528,92
1579931946.685,0.29,1.4554,0.3,1.4528,92
1579931965.741,0.29,1.4509,0.3,1.4528,93
1579931984.769,0.29,1.4542,0.3,1.4527,93
1579932004.109,0.29,1.4532,0.3,1.4527,93
1579932023.209,0.29,1.4504,0.3,1.4527,93
1579932042.593,0.28,1.4655,0.3,1.4528,93
1579932062.207,0.28,1.4593,0.3,1.4528,93
1579932082.123,0.28,1.4609,0.3,1.4528,93
1579932088.763,0.29,1.4554,0.3,1.4528,93
1579932108.098,0.29,1.4509,0.3,1.4528,94
1579932127.481,0.29,1.4542,0.3,1.4527,94
1579932147.007,0.29,1.4532,0.3,1.4527,94
1579932166.088,0.29,1.4504,0.3,1.4527,94
1579932185.417,0.28,1.4655,0.3,1.4528,94
1579932204.832,0.28,1.4593,0.3,1.4528,94
1579932224.664,0.28,1.4609,0.3,1.4528,94
1579932231.345,0.29,1.4554,0.3,1.4528,94
1579932250.59,0.29,1.4509,0.3,1.4528,95
1579932269.825,0.29,1.4542,0.3,1.4527,95
1579932289.222,0.29,1.4532,0.3,1.4527,95
1579932308.402,0.29,1.4504,0.3,1.4527,95
1579932327.791,0.28,1.4655,0.3,1.4528,95
1579932347.354,0.28,1.4593,0.3,1.4528,95
1579932367.443,0.28,1.4609,0.3,1.4528,95
1579932374.232,0.29,1.4554,0.3,1.4528,95
1579932393.696,0.29,1.4509,0.3,1.4528,96
1579932413.233,0.29,1.4542,0.3,1.4527,96
1579932432.652,0.29,1.4532,0.3,1.4527,96
1579932451.878,0.29,1.4504,0.3,1.4527,96
1579932471.401,0.28,1.4655,0.3,1.4528,96
1579932491.157,0.28,1.4593,0.3,1.4528,96
1579932511.289,0.28,1.4609,0.3,1.4528,96
1579932518.071,0.29,1.4554,0.3,1.4528,96
1579932537.535,0.29,1.4509,0.3,1.4528,97
1579932556.908,0.29,1.4542,0.3,1.4527,97
1579932576.398,0.29,1.4532,0.3,1.4527,97
1579932595.764,0.29,1.4504,0.3,1.4527,97
1579932615.499,0.28,1.4655,0.3,1.4528,97
1579932635.202,0.28,1.4593,0.3,1.4528,97
1579932655.449,0.28,1.4609,0.3,1.4528,97
1579932662.227,0.29,1.4554,0.3,1.4528,97
1579932681.695,0.29,1.4509,0.3,1.4528,98
1579932701.096,0.29,1.4542,0.3,1.4527,98
1579932720.987,0.29,1.4532,0.3,1.4527,98
1579932740.459,0.29,1.4504,0.3,1.4527,98
1579932760.107,0.28,1.4655,0.3,1.4528,98
1579932779.923,0.28,1.4593,0.3,1.4528,98
1579932800.175,0.28,1.4609,0.3,1.4528,98
1579932806.943,0.29,1.4554,0.3,1.4528,98
1579932826.335,0.29,1.4509,0.3,1.4528,99
1579932845.907,0.29,1.4542,0.3,1.4527,99
1579932865.636,0.29,1.4532,0.3,1.4527,99
1579932885.015,0.29,1.4504,0.3,1.4527,99
1579932904.805,0.28,1.4655,0.3,1.4528,99
1579932924.926,0.28,1.4593,0.3,1.4528,99
1579932945.324,0.28,1.4609,0.3,1.4528,99
1579932952.205,0.29,1.4554,0.3,1.4528,99
