1579715730.462,0.25,1.3863,0.21,1.3859,0
1579715734.023,0.25,1.3866,0.28,1.3841,0
1579715737.594,0.25,1.385,0.24,1.382,0
1579715741.157,0.25,1.3832,0.24,1.3777,0
1579715744.696,0.25,1.3801,0.26,1.3711,0
1579715748.257,0.26,1.3766,0.32,1.3628,0
1579715751.76,0.32,1.3729,0.32,1.3505,0
1579715755.308,0.34,1.3648,0.31,1.3349,0
1579715758.931,0.33,1.3631,0.36,1.3359,0
1579715762.618,0.32,1.3617,0.37,1.327,0
1579715766.201,0.34,1.3507,0.39,1.3138,0
1579715769.346,0.32,1.3676,0.38,1.3222,0
1579715772.872,0.33,1.353,0.41,1.338,1
1579715776.557,0.32,1.3561,0.42,1.3221,1
1579715780.075,0.35,1.3403,0.41,1.3063,1
1579715783.588,0.35,1.343,0.39,1.3029,1
1579715787.156,0.35,1.3349,0.46,1.3026,1
1579715790.692,0.36,1.3274,0.38,1.3092,1
1579715794.355,0.34,1.3303,0.41,1.2895,1
1579715797.906,0.36,1.3155,0.36,1.2733,1
1579715801.481,0.37,1.3181,0.41,1.2641,1
1579715805.001,0.37,1.3097,0.39,1.2769,1
1579715808.594,0.37,1.3062,0.44,1.2544,1
1579715811.663,0.36,1.3192,0.43,1.2534,1
1579715815.23,0.37,1.2985,0.37,1.27,2
1579715818.761,0.36,1.3087,0.41,1.2479,2
1579715822.34,0.39,1.2861,0.41,1.2522,2
1579715825.945,0.38,1.2958,0.38,1.2512,2
1579715829.511,0.4,1.2822,0.37,1.2504,2
1579715833.04,0.39,1.2795,0.49,1.2305,2
1579715836.655,0.38,1.2844,0.45,1.2259,2
1579715840.175,0.4,1.2701,0.43,1.2366,2
1579715843.778,0.4,1.2773,0.41,1.2252,2
1579715847.323,0.4,1.2719,0.44,1.225,2
1579715850.86,0.41,1.2597,0.46,1.222,2
1579715854.021,0.4,1.2669,0.39,1.2383,2
1579715857.556,0.4,1.2733,0.48,1.2192,3
1579715861.239,0.39,1.2657,0.45,1.2209,3
1579715864.724,0.4,1.2613,0.41,1.2334,3
1579715868.41,0.39,1.2682,0.41,1.2141,3
1579715871.92,0.41,1.2468,0.48,1.2066,3
1579715875.417,0.4,1.2543,0.47,1.2137,3
1579715879.015,0.41,1.2615,0.45,1.2137,3
1579715882.602,0.42,1.2469,0.47,1.1991,3
1579715886.094,0.41,1.2523,0.38,1.2025,3
1579715889.726,0.42,1.2499,0.39,1.2163,3
1579715893.348,0.42,1.2493,0.5,1.1943,3
1579715896.608,0.42,1.2453,0.47,1.1907,3
1579715900.162,0.41,1.247,0.45,1.1974,4
1579715903.663,0.41,1.2521,0.49,1.1853,4
1579715907.277,0.42,1.2346,0.44,1.1854,4
1579715911.004,0.42,1.2419,0.39,1.1904,4
1579715914.578,0.43,1.2278,0.43,1.1826,4
1579715918.212,0.43,1.2225,0.49,1.1673,4
1579715921.85,0.41,1.2396,0.51,1.1759,4
1579715925.498,0.43,1.226,0.47,1.1704,4
1579715929.152,0.44,1.2236,0.44,1.1774,4
1579715932.703,0.43,1.2323,0.37,1.1983,4
1579715936.23,0.43,1.2343,0.51,1.1743,4
1579715939.339,0.41,1.2483,0.45,1.1898,4
1579715942.977,0.43,1.2352,0.47,1.1718,5
1579715946.554,0.42,1.233,0.47,1.1761,5
1579715950.139,0.42,1.2469,0.4,1.1807,5
1579715953.725,0.42,1.2301,0.4,1.1937,5
1579715957.373,0.42,1.2239,0.47,1.157,5
1579715960.932,0.44,1.2106,0.51,1.1522,5
1579715964.559,0.42,1.232,0.5,1.1638,5
1579715968.132,0.44,1.2175,0.43,1.1706,5
1579715971.691,0.45,1.2205,0.41,1.1537,5
1579715975.232,0.45,1.2143,0.43,1.1608,5
1579715978.827,0.44,1.2152,0.43,1.155,5
1579715982.058,0.44,1.216,0.41,1.1712,5
1579715985.661,0.45,1.22,0.47,1.1455,6
1579715989.241,0.44,1.219,0.52,1.1447,6
1579715992.837,0.42,1.2269,0.45,1.1429,6
1579715996.475,0.45,1.2089,0.38,1.1728,6
1579716000.044,0.44,1.2072,0.43,1.1431,6
1579716003.677,0.45,1.1969,0.5,1.1316,6
1579716007.209,0.44,1.2203,0.44,1.1385,6
1579716010.783,0.45,1.2014,0.44,1.1513,6
1579716014.428,0.45,1.2092,0.47,1.1313,6
1579716017.996,0.45,1.203,0.46,1.1344,6
1579716021.469,0.46,1.1979,0.46,1.1364,6
1579716024.568,0.45,1.2026,0.45,1.1462,6
1579716028.117,0.45,1.2046,0.48,1.1237,7
1579716031.725,0.45,1.2017,0.51,1.1268,7
1579716035.244,0.45,1.2081,0.42,1.1488,7
1579716038.85,0.44,1.2082,0.43,1.1363,7
1579716042.351,0.46,1.1867,0.49,1.1159,7
1579716045.958,0.46,1.1892,0.49,1.1145,7
1579716049.509,0.45,1.2009,0.42,1.149,7
1579716052.991,0.46,1.1947,0.45,1.1369,7
1579716056.55,0.46,1.191,0.49,1.1236,7
1579716060.067,0.46,1.1973,0.44,1.1307,7
1579716063.639,0.46,1.1919,0.46,1.1211,7
1579716066.812,0.45,1.1935,0.47,1.1196,7
1579716070.373,0.47,1.1871,0.43,1.1288,8
1579716073.834,0.46,1.1905,0.48,1.1143,8
1579716077.474,0.46,1.1884,0.5,1.104,8
1579716081.085,0.46,1.1908,0.46,1.1045,8
1579716084.626,0.47,1.17,0.47,1.105,8
1579716088.16,0.47,1.1709,0.47,1.1024,8
1579716091.702,0.47,1.1829,0.45,1.112,8
1579716095.218,0.47,1.1745,0.49,1.1028,8
1579716098.832,0.47,1.1736,0.46,1.1019,8
1579716102.317,0.47,1.1721,0.44,1.1161,8
1579716105.837,0.47,1.1761,0.47,1.1032,8
1579716108.961,0.46,1.1886,0.44,1.1395,8
1579716112.48,0.46,1.1879,0.47,1.1011,9
1579716116.042,0.47,1.1763,0.49,1.1046,9
1579716119.519,0.46,1.1916,0.47,1.1399,9
1579716123.099,0.45,1.2024,0.46,1.0922,9
1579716126.599,0.48,1.1639,0.5,1.0994,9
1579716130.092,0.47,1.1825,0.44,1.1219,9
1579716133.619,0.46,1.1802,0.45,1.131,9
1579716137.206,0.47,1.1789,0.48,1.0887,9
1579716140.698,0.47,1.1708,0.48,1.1018,9
1579716144.2,0.47,1.1779,0.44,1.1214,9
1579716147.735,0.48,1.1719,0.43,1.111,9
1579716150.954,0.47,1.1741,0.46,1.0926,9
1579716154.496,0.47,1.1702,0.48,1.0981,10
1579716158.073,0.47,1.1711,0.47,1.1018,10
1579716161.617,0.47,1.1687,0.46,1.0943,10
1579716165.234,0.47,1.174,0.51,1.0799,10
1579716168.765,0.48,1.1502,0.46,1.0803,10
1579716172.237,0.48,1.1494,0.46,1.088,10
1579716175.746,0.47,1.1616,0.46,1.0943,10
1579716179.257,0.48,1.1544,0.48,1.0786,10
1579716182.904,0.48,1.1527,0.48,1.0847,10
1579716186.398,0.49,1.1546,0.43,1.0956,10
1579716189.946,0.49,1.1541,0.47,1.0854,10
1579716192.985,0.48,1.1552,0.47,1.09,10
1579716196.508,0.49,1.1542,0.47,1.0913,11
1579716200.041,0.48,1.1582,0.47,1.0837,11
1579716203.544,0.48,1.1577,0.5,1.0777,11
1579716207.101,0.48,1.1615,0.48,1.0799,11
1579716210.645,0.49,1.1413,0.47,1.0846,11
1579716214.209,0.49,1.138,0.48,1.0746,11
1579716217.781,0.48,1.1537,0.46,1.1029,11
1579716221.362,0.48,1.1458,0.47,1.0793,11
1579716224.872,0.49,1.1432,0.47,1.0887,11
1579716228.443,0.49,1.1452,0.46,1.0954,11
1579716231.982,0.49,1.1475,0.48,1.0796,11
1579716235.148,0.49,1.1491,0.48,1.0911,11
1579716238.72,0.48,1.1465,0.47,1.0822,12
1579716242.339,0.48,1.153,0.47,1.0863,12
1579716245.837,0.48,1.1552,0.52,1.0767,12
1579716249.358,0.48,1.1582,0.5,1.0771,12
1579716252.908,0.49,1.1342,0.47,1.0843,12
1579716256.48,0.49,1.133,0.49,1.0748,12
1579716259.951,0.49,1.1417,0.47,1.0969,12
1579716263.443,0.49,1.1387,0.48,1.0748,12
1579716267.035,0.49,1.1355,0.47,1.0786,12
1579716270.563,0.49,1.1359,0.49,1.0907,12
1579716274.078,0.49,1.1439,0.48,1.0748,12
1579716277.148,0.49,1.1406,0.49,1.0829,12
1579716280.667,0.49,1.1374,0.5,1.0827,13
1579716284.245,0.48,1.1475,0.47,1.0855,13
1579716287.749,0.48,1.1482,0.51,1.0692,13
1579716291.234,0.48,1.1474,0.53,1.0738,13
1579716294.727,0.49,1.1247,0.47,1.0799,13
1579716298.26,0.5,1.1236,0.5,1.0664,13
1579716301.851,0.49,1.1354,0.48,1.0998,13
1579716305.321,0.49,1.1352,0.49,1.0678,13
1579716308.842,0.49,1.1361,0.46,1.0874,13
1579716312.305,0.49,1.1331,0.5,1.0822,13
1579716315.83,0.49,1.1346,0.52,1.0688,13
1579716318.998,0.49,1.1364,0.49,1.089,13
1579716322.521,0.49,1.1357,0.49,1.0736,14
1579716326.072,0.49,1.1411,0.49,1.0804,14
1579716329.604,0.49,1.1405,0.49,1.0716,14
1579716333.132,0.49,1.1432,0.51,1.0719,14
1579716336.669,0.5,1.1247,0.49,1.0873,14
1579716340.193,0.5,1.1198,0.5,1.0701,14
1579716343.671,0.49,1.1296,0.49,1.0798,14
1579716347.208,0.5,1.1247,0.47,1.0871,14
1579716350.767,0.49,1.1267,0.5,1.0749,14
1579716354.275,0.49,1.1295,0.49,1.0865,14
1579716357.792,0.5,1.1337,0.5,1.0702,14
1579716360.932,0.5,1.1245,0.51,1.0631,14
1579716364.432,0.5,1.1283,0.5,1.0744,15
1579716367.994,0.49,1.1346,0.5,1.0631,15
1579716371.528,0.5,1.1303,0.51,1.0641,15
1579716375.034,0.49,1.1412,0.52,1.0667,15
1579716378.537,0.5,1.1158,0.51,1.0709,15
1579716381.993,0.51,1.1086,0.49,1.0711,15
1579716385.55,0.5,1.1268,0.48,1.0892,15
1579716389.037,0.5,1.1197,0.51,1.0715,15
1579716392.572,0.5,1.1204,0.49,1.086,15
1579716396.067,0.5,1.1245,0.51,1.0767,15
1579716399.645,0.51,1.1208,0.51,1.0642,15
1579716402.825,0.5,1.1201,0.49,1.0863,15
1579716406.516,0.5,1.1271,0.51,1.0653,16
1579716410.007,0.49,1.1336,0.49,1.0985,16
1579716413.487,0.49,1.1375,0.53,1.0596,16
1579716417.081,0.49,1.1354,0.5,1.0636,16
1579716420.683,0.51,1.1122,0.49,1.0894,16
1579716424.21,0.51,1.1103,0.5,1.0664,16
1579716427.737,0.49,1.1276,0.47,1.086,16
1579716431.252,0.5,1.1175,0.48,1.0797,16
1579716434.776,0.5,1.1184,0.52,1.0751,16
1579716438.309,0.5,1.1262,0.5,1.0769,16
1579716441.766,0.51,1.1177,0.53,1.0653,16
1579716444.811,0.51,1.1141,0.51,1.0624,16
1579716448.352,0.5,1.1216,0.49,1.0729,17
1579716451.95,0.5,1.121,0.49,1.0659,17
1579716455.427,0.51,1.123,0.51,1.0641,17
1579716458.969,0.49,1.129,0.52,1.0593,17
1579716462.431,0.51,1.104,0.51,1.0673,17
1579716465.932,0.51,1.0993,0.5,1.0669,17
1579716469.468,0.5,1.1134,0.5,1.0695,17
1579716472.961,0.51,1.108,0.51,1.072,17
1579716476.474,0.51,1.1112,0.5,1.0653,17
1579716480.001,0.5,1.1098,0.51,1.0718,17
1579716483.633,0.51,1.1093,0.51,1.0657,17
1579716486.798,0.51,1.1104,0.49,1.0743,17
1579716490.369,0.51,1.1187,0.49,1.0675,18
1579716493.85,0.51,1.1153,0.5,1.062,18
1579716497.357,0.5,1.1223,0.51,1.0723,18
1579716500.847,0.49,1.1359,0.51,1.0576,18
1579716504.417,0.51,1.1038,0.48,1.0872,18
1579716507.932,0.51,1.1005,0.52,1.0723,18
1579716511.485,0.5,1.122,0.5,1.0964,18
1579716514.969,0.51,1.1083,0.51,1.0672,18
1579716518.657,0.5,1.1159,0.52,1.0705,18
1579716522.171,0.51,1.1082,0.5,1.0783,18
1579716525.762,0.51,1.1067,0.5,1.0733,18
1579716528.808,0.5,1.1282,0.46,1.1041,18
1579716532.308,0.5,1.1298,0.51,1.0774,19
1579716535.851,0.5,1.1156,0.48,1.0908,19
1579716539.467,0.49,1.1486,0.52,1.0754,19
1579716543.129,0.49,1.1349,0.49,1.0776,19
1579716546.628,0.51,1.1113,0.5,1.0724,19
1579716550.229,0.51,1.1071,0.52,1.0686,19
1579716553.801,0.5,1.1176,0.48,1.0949,19
1579716557.357,0.51,1.1142,0.49,1.0839,19
1579716560.903,0.51,1.1188,0.49,1.0736,19
1579716564.413,0.5,1.1135,0.5,1.0703,19
1579716567.938,0.51,1.1046,0.51,1.0719,19
1579716571.156,0.51,1.1085,0.5,1.0825,19
1579716574.688,0.5,1.1204,0.5,1.0666,20
1579716578.225,0.51,1.1083,0.5,1.078,20
1579716581.706,0.5,1.1259,0.5,1.0609,20
1579716585.213,0.5,1.1215,0.48,1.0727,20
1579716588.792,0.51,1.1006,0.5,1.0587,20
1579716592.296,0.52,1.089,0.51,1.0597,20
1579716595.799,0.5,1.116,0.49,1.0863,20
1579716599.296,0.51,1.1035,0.51,1.0733,20
1579716602.915,0.51,1.1137,0.51,1.0712,20
1579716606.375,0.51,1.1012,0.52,1.0575,20
1579716609.92,0.51,1.1021,0.51,1.0574,20
1579716613.008,0.52,1.1012,0.51,1.0728,20
1579716616.607,0.51,1.1127,0.53,1.0501,21
1579716620.162,0.51,1.1086,0.49,1.0773,21
1579716623.643,0.5,1.1229,0.53,1.0466,21
1579716627.155,0.5,1.1203,0.49,1.061,21
1579716630.678,0.51,1.0962,0.53,1.0564,21
1579716634.186,0.52,1.086,0.52,1.0586,21
1579716637.755,0.5,1.1111,0.49,1.0882,21
1579716641.344,0.51,1.1033,0.5,1.0684,21
1579716644.901,0.51,1.1089,0.5,1.0801,21
1579716648.499,0.51,1.1007,0.52,1.0569,21
1579716651.989,0.51,1.0995,0.53,1.0617,21
1579716655.157,0.52,1.0987,0.53,1.0706,21
1579716658.658,0.51,1.1079,0.53,1.0534,22
1579716662.196,0.51,1.1056,0.51,1.082,22
1579716665.669,0.5,1.1192,0.51,1.0487,22
1579716669.196,0.5,1.1197,0.51,1.0617,22
1579716672.734,0.52,1.0909,0.52,1.0543,22
1579716676.34,0.52,1.0878,0.51,1.059,22
1579716679.869,0.51,1.1005,0.5,1.0865,22
1579716683.38,0.51,1.0995,0.52,1.0613,22
1579716686.959,0.51,1.1031,0.48,1.0807,22
1579716690.474,0.51,1.1044,0.52,1.0481,22
1579716693.976,0.52,1.0953,0.52,1.0577,22
1579716697.037,0.52,1.0939,0.53,1.0506,22
1579716700.561,0.51,1.0996,0.53,1.048,23
1579716704.06,0.51,1.0988,0.52,1.0667,23
1579716707.596,0.51,1.1094,0.53,1.044,23
1579716711.079,0.5,1.1152,0.52,1.0529,23
1579716714.597,0.52,1.0838,0.53,1.0548,23
1579716718.124,0.52,1.0825,0.52,1.053,23
1579716721.712,0.51,1.0984,0.5,1.0881,23
1579716725.291,0.51,1.0975,0.52,1.0552,23
1579716728.847,0.51,1.1021,0.51,1.0961,23
1579716732.323,0.51,1.1041,0.51,1.0531,23
1579716735.841,0.51,1.0979,0.5,1.0709,23
1579716738.985,0.52,1.0959,0.53,1.0532,23
1579716742.498,0.52,1.0965,0.53,1.0539,24
1579716746.012,0.51,1.0967,0.52,1.071,24
1579716749.501,0.51,1.108,0.52,1.0426,24
1579716752.961,0.51,1.1121,0.53,1.0491,24
1579716756.507,0.53,1.0801,0.52,1.0603,24
1579716760.067,0.53,1.0801,0.5,1.0478,24
1579716763.535,0.51,1.1003,0.5,1.0867,24
1579716767.128,0.51,1.094,0.52,1.0567,24
1579716770.76,0.52,1.0941,0.52,1.0649,24
1579716774.264,0.51,1.0913,0.49,1.0739,24
1579716777.808,0.52,1.0933,0.53,1.0531,24
1579716780.982,0.51,1.0988,0.5,1.0793,24
1579716784.529,0.51,1.1026,0.53,1.0476,25
1579716788.162,0.52,1.0978,0.54,1.0556,25
1579716791.672,0.52,1.1012,0.52,1.0504,25
1579716795.128,0.51,1.1073,0.52,1.0456,25
1579716798.59,0.53,1.085,0.52,1.0712,25
1579716802.113,0.52,1.0826,0.53,1.0535,25
1579716805.751,0.51,1.0919,0.51,1.0569,25
1579716809.3,0.52,1.0873,0.52,1.0909,25
1579716812.829,0.51,1.0985,0.53,1.0539,25
1579716816.32,0.51,1.094,0.51,1.0607,25
1579716819.872,0.52,1.0872,0.52,1.0673,25
1579716822.994,0.52,1.0891,0.52,1.0455,25
1579716826.526,0.52,1.1001,0.52,1.0641,26
1579716830.008,0.51,1.0987,0.54,1.0462,26
1579716833.502,0.52,1.097,0.54,1.0358,26
1579716836.98,0.51,1.1085,0.53,1.048,26
1579716840.569,0.53,1.0764,0.53,1.0448,26
1579716844.12,0.53,1.0741,0.51,1.0501,26
1579716847.562,0.52,1.0898,0.52,1.0782,26
1579716851.125,0.52,1.0872,0.52,1.0532,26
1579716854.633,0.52,1.0907,0.54,1.0537,26
1579716858.261,0.52,1.0797,0.53,1.0667,26
1579716861.735,0.52,1.0855,0.52,1.0534,26
1579716864.778,0.51,1.0955,0.52,1.0715,26
1579716868.266,0.52,1.0968,0.53,1.0566,27
1579716871.84,0.52,1.0888,0.53,1.057,27
1579716875.362,0.51,1.1076,0.53,1.0533,27
1579716878.886,0.51,1.111,0.53,1.0407,27
1579716882.377,0.53,1.0748,0.52,1.0615,27
1579716885.945,0.52,1.0867,0.51,1.0522,27
1579716889.555,0.52,1.0915,0.52,1.0685,27
1579716893.073,0.52,1.0887,0.52,1.0528,27
1579716896.578,0.52,1.0906,0.53,1.0436,27
1579716900.057,0.52,1.0836,0.52,1.0594,27
1579716903.601,0.52,1.0917,0.54,1.0387,27
1579716906.699,0.52,1.0829,0.54,1.038,27
1579716910.212,0.52,1.0894,0.52,1.0464,28
1579716913.656,0.52,1.09,0.53,1.0324,28
1579716917.254,0.52,1.092,0.54,1.0348,28
1579716920.681,0.51,1.1039,0.53,1.0314,28
1579716924.169,0.53,1.0699,0.52,1.0483,28
1579716927.644,0.53,1.0686,0.52,1.0418,28
1579716931.236,0.52,1.0884,0.53,1.0663,28
1579716934.697,0.53,1.0783,0.52,1.0557,28
1579716938.176,0.53,1.084,0.53,1.0472,28
1579716941.693,0.52,1.0812,0.53,1.0537,28
1579716945.121,0.53,1.0776,0.52,1.0384,28
1579716948.155,0.52,1.0791,0.56,1.0598,28
1579716951.629,0.52,1.0896,0.53,1.0352,29
1579716955.167,0.52,1.0933,0.53,1.0839,29
1579716958.627,0.51,1.1075,0.5,1.0366,29
1579716962.187,0.51,1.1096,0.52,1.0442,29
1579716965.67,0.53,1.069,0.53,1.0453,29
1579716969.182,0.53,1.0675,0.52,1.0409,29
1579716972.739,0.51,1.0892,0.54,1.0778,29
1579716976.31,0.52,1.0845,0.53,1.0421,29
1579716979.732,0.52,1.0852,0.54,1.0347,29
1579716983.214,0.53,1.0754,0.52,1.062,29
1579716986.781,0.52,1.0855,0.54,1.0359,29
1579716989.851,0.52,1.089,0.54,1.0374,29
1579716993.352,0.52,1.0915,0.58,1.0698,30
1579716996.788,0.51,1.0971,0.53,1.0379,30
1579717000.26,0.51,1.1038,0.53,1.0301,30
1579717003.715,0.52,1.0998,0.5,1.0526,30
1579717007.285,0.53,1.0739,0.54,1.0393,30
1579717010.737,0.53,1.0713,0.54,1.0361,30
1579717014.186,0.52,1.0856,0.53,1.0755,30
1579717017.662,0.52,1.0868,0.52,1.0423,30
1579717021.248,0.53,1.0766,0.55,1.0457,30
1579717024.776,0.51,1.088,0.53,1.0509,30
1579717028.253,0.53,1.0782,0.55,1.0458,30
1579717031.287,0.53,1.0772,0.53,1.0289,30
1579717034.734,0.52,1.0875,0.56,1.0486,31
1579717038.326,0.52,1.086,0.53,1.0346,31
1579717041.757,0.52,1.0916,0.52,1.0229,31
1579717045.233,0.52,1.0975,0.52,1.0356,31
1579717048.729,0.53,1.0679,0.56,1.0301,31
1579717052.269,0.53,1.0644,0.55,1.0372,31
1579717055.764,0.52,1.0766,0.56,1.0472,31
1579717059.273,0.53,1.075,0.54,1.0381,31
1579717062.73,0.53,1.0759,0.57,1.0353,31
1579717066.237,0.53,1.0724,0.55,1.0402,31
1579717069.672,0.53,1.0712,0.55,1.0279,31
1579717072.786,0.53,1.0759,0.55,1.0356,31
1579717076.274,0.53,1.0809,0.56,1.034,32
1579717079.734,0.52,1.0775,0.54,1.0231,32
1579717083.308,0.52,1.0901,0.55,1.026,32
1579717086.764,0.52,1.0925,0.56,1.0239,32
1579717090.331,0.54,1.0613,0.55,1.0319,32
1579717093.788,0.53,1.0645,0.54,1.0392,32
1579717097.333,0.52,1.0796,0.54,1.0554,32
1579717100.782,0.53,1.0755,0.54,1.0377,32
1579717104.288,0.53,1.0803,0.54,1.0334,32
1579717107.85,0.53,1.0684,0.53,1.0516,32
1579717111.452,0.53,1.0756,0.53,1.0314,32
1579717114.559,0.52,1.0806,0.54,1.0344,32
1579717118.111,0.53,1.0778,0.56,1.0466,33
1579717121.606,0.52,1.0838,0.55,1.021,33
1579717125.216,0.52,1.0911,0.56,1.0268,33
1579717128.737,0.52,1.0942,0.55,1.0307,33
1579717132.37,0.53,1.0669,0.55,1.0359,33
1579717136.08,0.53,1.0635,0.54,1.0299,33
1579717139.843,0.53,1.0758,0.53,1.0533,33
1579717143.495,0.53,1.0774,0.54,1.0392,33
1579717146.996,0.53,1.0736,0.54,1.0333,33
1579717150.613,0.52,1.08,0.54,1.0315,33
1579717154.251,0.53,1.0728,0.56,1.0303,33
1579717157.548,0.53,1.0709,0.54,1.023,33
1579717161.207,0.52,1.0854,0.56,1.077,34
1579717164.841,0.51,1.0964,0.52,1.0229,34
1579717168.531,0.52,1.0874,0.55,1.0202,34
1579717172.228,0.53,1.0871,0.56,1.0279,34
1579717175.865,0.54,1.0592,0.55,1.0231,34
1579717179.466,0.54,1.0611,0.55,1.0341,34
1579717183.081,0.53,1.0722,0.55,1.0373,34
1579717186.781,0.53,1.0658,0.51,1.0323,34
1579717190.322,0.53,1.0721,0.56,1.0324,34
1579717193.948,0.53,1.065,0.55,1.0301,34
1579717197.55,0.54,1.0647,0.57,1.0237,34
1579717200.745,0.53,1.0713,0.55,1.0259,34
1579717204.388,0.53,1.0748,0.58,1.0265,35
1579717207.994,0.52,1.0741,0.56,1.0219,35
1579717211.641,0.52,1.0819,0.55,1.0162,35
1579717215.167,0.52,1.0919,0.56,1.016,35
1579717218.717,0.54,1.0545,0.59,1.0237,35
1579717222.249,0.53,1.0588,0.55,1.0297,35
1579717225.864,0.52,1.0762,0.53,1.0461,35
1579717229.471,0.53,1.0676,0.54,1.0348,35
1579717233.045,0.53,1.0748,0.55,1.0374,35
1579717236.582,0.53,1.0625,0.57,1.034,35
1579717240.206,0.53,1.0659,0.57,1.0355,35
1579717243.381,0.52,1.0789,0.55,1.0392,35
1579717247.059,0.52,1.0867,0.58,1.0438,36
1579717250.581,0.52,1.0801,0.53,1.0334,36
1579717254.129,0.51,1.1045,0.57,1.0216,36
1579717257.717,0.52,1.0911,0.56,1.0307,36
1579717261.472,0.53,1.0654,0.54,1.0289,36
1579717264.986,0.53,1.0671,0.54,1.0261,36
1579717268.585,0.53,1.0739,0.55,1.0564,36
1579717272.121,0.53,1.0798,0.53,1.0324,36
1579717275.672,0.53,1.0723,0.56,1.0461,36
1579717279.32,0.52,1.0828,0.54,1.0217,36
1579717282.828,0.53,1.0661,0.57,1.044,36
1579717285.936,0.53,1.0748,0.51,1.014,36
1579717289.556,0.53,1.0785,0.58,1.0427,37
1579717293.101,0.53,1.0827,0.55,1.0062,37
1579717296.678,0.53,1.0763,0.57,1.006,37
1579717300.236,0.53,1.0881,0.58,1.0141,37
1579717303.718,0.54,1.053,0.54,1.0106,37
1579717307.272,0.54,1.0596,0.57,1.0158,37
1579717310.865,0.52,1.0683,0.55,1.0363,37
1579717314.386,0.53,1.0664,0.54,1.0188,37
1579717317.926,0.53,1.0675,0.58,1.026,37
1579717321.529,0.53,1.0648,0.57,1.0188,37
1579717325.047,0.54,1.0594,0.57,1.0147,37
1579717328.235,0.54,1.0597,0.57,1.0088,37
1579717331.817,0.53,1.0652,0.56,1.0139,38
1579717335.33,0.53,1.069,0.56,1.0084,38
1579717338.848,0.53,1.0745,0.54,1.0019,38
1579717342.389,0.53,1.0837,0.56,1.0087,38
1579717345.936,0.54,1.05,0.55,1.0102,38
1579717349.481,0.54,1.0488,0.57,1.0159,38
1579717353.021,0.53,1.0653,0.55,1.0355,38
1579717356.519,0.53,1.0627,0.55,1.0204,38
1579717360.097,0.54,1.0694,0.57,1.0367,38
1579717363.723,0.53,1.0669,0.56,1.0162,38
1579717367.346,0.53,1.0643,0.56,1.0475,38
1579717370.505,0.53,1.0779,0.54,1.0239,38
1579717374.09,0.52,1.0921,0.58,1.0685,39
1579717377.644,0.51,1.0952,0.56,1.002,39
1579717381.308,0.53,1.0795,0.55,1.0038,39
1579717384.807,0.52,1.0916,0.55,1.036,39
1579717388.321,0.53,1.065,0.54,1.0168,39
1579717391.825,0.54,1.0563,0.53,1.0223,39
1579717395.425,0.52,1.0782,0.54,1.0722,39
1579717398.943,0.52,1.0794,0.53,1.0352,39
1579717402.446,0.53,1.0637,0.53,1.0385,39
1579717405.984,0.52,1.0812,0.53,1.0388,39
1579717409.522,0.54,1.06,0.53,1.0498,39
1579717412.671,0.53,1.0694,0.51,1.0196,39
1579717416.141,0.53,1.0754,0.55,1.0211,40
1579717419.716,0.53,1.0715,0.57,1.0435,40
1579717423.214,0.52,1.0857,0.56,1.0068,40
1579717426.813,0.52,1.09,0.53,1.0071,40
1579717430.401,0.54,1.0526,0.56,1.0362,40
1579717433.953,0.54,1.0637,0.57,1.0191,40
1579717437.538,0.52,1.0702,0.56,1.0138,40
1579717441.146,0.53,1.0687,0.56,1.0251,40
1579717444.759,0.53,1.0682,0.55,1.0214,40
1579717448.38,0.53,1.0597,0.56,1.0123,40
1579717451.927,0.54,1.0625,0.58,1.0139,40
1579717455.02,0.53,1.06,0.57,1.0068,40
1579717458.586,0.53,1.065,0.54,0.9978,41
1579717462.07,0.53,1.0674,0.57,1.0165,41
1579717465.683,0.53,1.0738,0.56,1.0065,41
1579717469.179,0.52,1.0817,0.53,1.0085,41
1579717472.846,0.54,1.0538,0.54,1.0212,41
1579717476.432,0.54,1.0515,0.56,1.0182,41
1579717480.177,0.53,1.0629,0.55,1.0123,41
1579717483.699,0.53,1.063,0.58,1.026,41
1579717487.291,0.53,1.0617,0.58,1.0179,41
1579717490.771,0.53,1.0596,0.55,1.0095,41
1579717494.329,0.54,1.055,0.56,1.026,41
1579717497.552,0.54,1.0591,0.56,1.0066,41
1579717501.2,0.53,1.0608,0.56,0.9994,42
1579717504.724,0.53,1.0672,0.55,1.0316,42
1579717508.264,0.53,1.0778,0.56,0.9983,42
1579717511.814,0.53,1.0786,0.55,1.0102,42
1579717515.393,0.54,1.0552,0.55,1.0301,42
1579717518.914,0.54,1.054,0.55,1.0201,42
1579717522.436,0.53,1.0583,0.53,1.0193,42
1579717526.026,0.53,1.0682,0.56,1.0314,42
1579717529.612,0.53,1.0639,0.57,1.0262,42
1579717533.309,0.53,1.0573,0.55,1.0148,42
1579717536.8,0.53,1.0614,0.57,1.0133,42
1579717539.929,0.54,1.0548,0.56,1.014,42
1579717543.464,0.53,1.0587,0.55,1.0024,43
1579717547.151,0.53,1.0694,0.56,1.0142,43
1579717550.795,0.53,1.0724,0.55,1.0117,43
1579717554.316,0.53,1.0815,0.56,1.0074,43
1579717557.889,0.54,1.0478,0.58,1.0104,43
1579717561.519,0.55,1.0453,0.58,1.0292,43
1579717565.192,0.53,1.0622,0.55,1.012,43
1579717568.758,0.54,1.0569,0.57,1.0117,43
1579717572.307,0.54,1.0556,0.57,1.0215,43
1579717575.914,0.53,1.0547,0.56,1.0093,43
1579717579.418,0.55,1.0473,0.59,1.0044,43
1579717582.573,0.54,1.0533,0.59,1.0068,43
1579717586.17,0.54,1.0587,0.56,1.0011,44
1579717589.703,0.54,1.0585,0.57,1.0037,44
1579717593.278,0.53,1.0667,0.57,0.9949,44
1579717596.843,0.53,1.0771,0.57,0.9966,44
1579717600.502,0.55,1.042,0.56,1.0077,44
1579717604.064,0.55,1.0418,0.56,1.006,44
1579717607.689,0.54,1.055,0.57,1.0059,44
1579717611.282,0.54,1.0517,0.55,1.0185,44
1579717614.807,0.54,1.0558,0.58,1.0062,44
1579717618.428,0.54,1.0516,0.58,0.9972,44
1579717621.985,0.55,1.0502,0.58,1.014,44
1579717625.125,0.54,1.0578,0.58,0.9963,44
1579717628.756,0.53,1.0626,0.58,0.9842,45
1579717632.319,0.53,1.0616,0.54,1.0284,45
1579717636.028,0.53,1.0839,0.57,0.9875,45
1579717639.528,0.53,1.0782,0.55,1.003,45
1579717643.075,0.54,1.0533,0.53,1.0526,45
1579717646.707,0.53,1.0662,0.55,1.0142,45
1579717650.344,0.53,1.0572,0.53,1.0247,45
1579717653.92,0.52,1.0755,0.54,1.0376,45
1579717657.503,0.53,1.0627,0.56,1.0398,45
1579717661.048,0.53,1.0674,0.56,1.0079,45
1579717664.614,0.54,1.06,0.58,0.9982,45
1579717667.828,0.54,1.0525,0.58,1.0108,45
1579717671.352,0.53,1.0633,0.56,0.9912,46
1579717674.955,0.53,1.0598,0.57,0.9872,46
1579717678.608,0.54,1.0648,0.56,0.9873,46
1579717682.241,0.53,1.0727,0.57,0.9965,46
1579717685.89,0.55,1.041,0.55,0.9969,46
1579717689.506,0.55,1.0416,0.57,0.9976,46
1579717693.071,0.54,1.0519,0.56,1.0061,46
1579717696.698,0.54,1.0508,0.56,1.0087,46
1579717700.236,0.54,1.0535,0.58,0.9985,46
1579717703.87,0.54,1.053,0.56,1.0013,46
1579717707.427,0.55,1.045,0.57,0.9997,46
1579717710.549,0.54,1.0528,0.6,0.9916,46
1579717714.123,0.54,1.0564,0.61,0.988,47
1579717717.705,0.54,1.0577,0.57,1.018,47
1579717721.342,0.54,1.0683,0.58,0.9947,47
1579717724.919,0.53,1.0722,0.57,1.0044,47
1579717728.511,0.54,1.0508,0.57,1.0169,47
1579717732.107,0.55,1.044,0.58,1.0241,47
1579717735.674,0.53,1.0574,0.54,1.0065,47
1579717739.332,0.54,1.0563,0.57,1.0074,47
1579717742.959,0.54,1.0507,0.56,1.0246,47
1579717746.502,0.53,1.0557,0.55,0.9975,47
1579717750.134,0.54,1.0452,0.58,0.992,47
1579717753.391,0.54,1.046,0.59,0.9979,47
1579717757.065,0.54,1.0514,0.58,0.9862,48
1579717760.593,0.54,1.055,0.59,0.9829,48
1579717764.148,0.54,1.0571,0.57,0.985,48
1579717767.778,0.53,1.0678,0.6,0.9882,48
1579717771.592,0.55,1.035,0.58,0.9972,48
1579717775.181,0.55,1.0375,0.58,1.0072,48
1579717778.761,0.54,1.0481,0.58,1.0117,48
1579717782.383,0.54,1.0461,0.58,1.0076,48
1579717786.022,0.54,1.0491,0.58,1.0061,48
1579717789.667,0.54,1.0462,0.55,0.9972,48
1579717793.26,0.55,1.0421,0.56,0.9956,48
1579717796.448,0.54,1.0503,0.6,0.9969,48
1579717799.987,0.54,1.0579,0.58,0.9831,49
1579717803.598,0.54,1.0555,0.59,0.9984,49
1579717807.182,0.54,1.0632,0.58,0.9851,49
1579717810.771,0.53,1.0715,0.58,0.994,49
1579717814.388,0.54,1.0447,0.59,1.003,49
1579717817.996,0.55,1.0425,0.58,0.9941,49
1579717821.54,0.54,1.0484,0.54,0.9938,49
1579717825.121,0.54,1.0535,0.56,1.0142,49
1579717828.687,0.54,1.0545,0.58,1.0046,49
1579717832.309,0.54,1.0477,0.63,0.9864,49
1579717835.859,0.54,1.0484,0.58,0.9945,49
1579717839.116,0.54,1.0466,0.58,0.9838,49
1579717842.689,0.54,1.0459,0.58,0.9723,50
1579717846.356,0.54,1.0578,0.57,0.9927,50
1579717849.964,0.54,1.0607,0.58,0.9856,50
1579717853.537,0.53,1.0679,0.59,0.9792,50
1579717857.262,0.55,1.0415,0.58,0.985,50
1579717860.868,0.55,1.0364,0.58,1.0095,50
1579717864.462,0.54,1.0568,0.57,1.0,50
1579717868.027,0.54,1.0488,0.57,0.9923,50
1579717871.598,0.55,1.0493,0.57,1.0179,50
1579717875.194,0.54,1.0515,0.54,1.0048,50
1579717878.743,0.55,1.0438,0.54,0.9953,50
1579717881.855,0.54,1.0497,0.6,1.0,50
1579717885.43,0.54,1.0501,0.59,0.9921,51
1579717889.007,0.54,1.0494,0.58,0.9815,51
1579717892.658,0.53,1.0594,0.56,0.9867,51
1579717896.227,0.53,1.0685,0.59,0.982,51
1579717899.925,0.55,1.0292,0.59,0.9833,51
1579717903.498,0.55,1.0318,0.58,0.9929,51
1579717907.218,0.54,1.0445,0.57,0.9889,51
1579717910.883,0.54,1.0415,0.57,0.9969,51
1579717914.417,0.54,1.0443,0.59,0.9957,51
1579717918.059,0.54,1.0421,0.58,0.9845,51
1579717921.633,0.55,1.0366,0.58,0.9895,51
1579717924.876,0.54,1.0435,0.59,0.9799,51
1579717928.533,0.54,1.0458,0.59,0.9758,52
1579717932.147,0.54,1.0499,0.58,1.0011,52
1579717935.734,0.54,1.0603,0.59,0.9775,52
1579717939.26,0.53,1.0641,0.57,0.9838,52
1579717942.904,0.55,1.0329,0.58,1.0084,52
1579717946.517,0.55,1.0412,0.58,0.9855,52
1579717950.1,0.54,1.0436,0.57,0.9831,52
1579717953.714,0.54,1.0455,0.57,1.0011,52
1579717957.308,0.54,1.0487,0.6,0.996,52
1579717960.942,0.54,1.0515,0.57,0.9858,52
1579717964.49,0.54,1.0522,0.58,0.9864,52
1579717967.676,0.55,1.0391,0.57,0.983,52
1579717971.28,0.54,1.0447,0.59,0.9737,53
1579717974.862,0.54,1.0525,0.59,0.9714,53
1579717978.519,0.54,1.0532,0.58,0.9753,53
1579717982.179,0.54,1.0654,0.62,0.9687,53
1579717985.768,0.55,1.0289,0.59,0.9738,53
1579717989.387,0.55,1.0288,0.59,0.9963,53
1579717992.973,0.54,1.0479,0.6,0.9906,53
1579717996.703,0.55,1.0395,0.61,0.9808,53
1579718000.268,0.54,1.0448,0.57,0.9937,53
1579718003.825,0.54,1.0399,0.57,0.9793,53
1579718007.441,0.55,1.0337,0.56,0.9719,53
1579718010.647,0.54,1.0424,0.6,0.988,53
1579718014.339,0.54,1.0473,0.57,0.9726,54
1579718017.918,0.54,1.0486,0.59,0.9783,54
1579718021.478,0.55,1.0509,0.59,0.9686,54
1579718025.05,0.53,1.0627,0.6,0.9725,54
1579718028.694,0.55,1.0279,0.59,0.985,54
1579718032.292,0.55,1.0366,0.58,0.977,54
1579718035.865,0.54,1.0423,0.57,0.9809,54
1579718039.455,0.54,1.035,0.57,1.0004,54
1579718043.077,0.54,1.0455,0.6,0.9891,54
1579718046.761,0.54,1.0428,0.58,0.9772,54
1579718050.362,0.55,1.0354,0.6,0.9796,54
1579718053.473,0.55,1.0378,0.58,0.9682,54
1579718057.193,0.54,1.0443,0.61,0.9714,55
1579718060.701,0.54,1.045,0.59,0.9751,55
1579718064.348,0.54,1.0544,0.61,0.9622,55
1579718067.981,0.54,1.0614,0.62,0.9682,55
1579718071.579,0.56,1.0234,0.58,0.9894,55
1579718075.17,0.55,1.0331,0.58,0.9791,55
1579718078.788,0.54,1.0389,0.58,0.9793,55
1579718082.446,0.55,1.0359,0.56,0.9969,55
1579718086.039,0.54,1.0417,0.61,0.9788,55
1579718089.695,0.55,1.0341,0.59,0.9738,55
1579718093.346,0.55,1.0306,0.6,0.991,55
1579718096.577,0.54,1.0432,0.6,0.9744,55
1579718100.297,0.54,1.0494,0.6,0.9617,56
1579718103.914,0.55,1.041,0.58,1.0015,56
1579718107.463,0.54,1.0652,0.61,0.9607,56
1579718111.11,0.54,1.0616,0.59,0.9744,56
1579718114.75,0.55,1.033,0.57,1.0244,56
1579718118.362,0.54,1.0479,0.58,0.9846,56
1579718121.944,0.54,1.0395,0.58,0.9925,56
1579718125.531,0.54,1.0515,0.58,1.0023,56
1579718129.127,0.54,1.0506,0.58,1.0169,56
1579718132.806,0.52,1.0682,0.57,0.9818,56
1579718136.363,0.54,1.0547,0.6,0.972,56
1579718139.577,0.54,1.0365,0.55,0.9936,56
1579718143.164,0.54,1.0505,0.59,0.981,57
1579718146.801,0.54,1.0441,0.59,0.9645,57
1579718150.449,0.54,1.0531,0.62,0.9587,57
1579718153.972,0.54,1.0579,0.59,0.9706,57
1579718157.584,0.56,1.0232,0.62,0.961,57
1579718161.31,0.55,1.0273,0.62,0.9686,57
1579718164.871,0.54,1.04,0.59,0.9878,57
1579718168.626,0.54,1.0386,0.59,0.9848,57
1579718172.254,0.55,1.0375,0.63,0.9726,57
1579718175.863,0.54,1.0356,0.58,0.9743,57
1579718179.412,0.55,1.0311,0.58,0.9738,57
1579718182.559,0.55,1.0366,0.6,0.9637,57
1579718186.244,0.54,1.0434,0.61,0.9632,58
1579718189.834,0.55,1.0423,0.57,0.9864,58
1579718193.429,0.54,1.0593,0.61,0.9684,58
1579718197.024,0.54,1.0564,0.61,0.9743,58
1579718200.701,0.55,1.028,0.58,0.9836,58
1579718204.254,0.56,1.0262,0.59,0.9923,58
1579718207.882,0.54,1.0429,0.6,0.9777,58
1579718211.465,0.55,1.0369,0.6,0.9806,58
1579718214.983,0.55,1.0373,0.58,0.9851,58
1579718218.609,0.54,1.0425,0.57,0.9702,58
1579718222.282,0.56,1.0257,0.61,0.9652,58
1579718225.372,0.55,1.0291,0.58,0.963,58
1579718228.954,0.54,1.0374,0.6,0.9677,59
1579718232.507,0.55,1.0391,0.59,0.9538,59
1579718236.149,0.55,1.0414,0.59,0.9504,59
1579718239.696,0.53,1.0558,0.61,0.957,59
1579718243.289,0.56,1.0161,0.6,0.9714,59
1579718246.88,0.55,1.025,0.59,0.9752,59
1579718250.473,0.55,1.0337,0.58,0.9843,59
1579718254.181,0.55,1.0312,0.6,0.9776,59
1579718257.754,0.55,1.0328,0.6,0.973,59
1579718261.292,0.55,1.0293,0.59,0.9603,59
1579718264.859,0.56,1.0242,0.59,0.9642,59
1579718268.014,0.55,1.0294,0.59,0.9611,59
1579718271.688,0.55,1.0342,0.58,0.9513,60
1579718275.268,0.55,1.0384,0.6,0.9805,60
1579718278.797,0.54,1.0496,0.61,0.9551,60
1579718282.414,0.54,1.0517,0.6,0.9558,60
1579718286.085,0.56,1.0192,0.61,0.9698,60
1579718289.727,0.55,1.026,0.59,0.9727,60
1579718293.281,0.54,1.0397,0.59,0.9884,60
1579718296.956,0.55,1.0386,0.59,0.97,60
1579718300.506,0.55,1.0337,0.58,0.9924,60
1579718304.111,0.55,1.035,0.63,0.964,60
1579718307.695,0.56,1.0267,0.57,0.9714,60
1579718310.941,0.55,1.0351,0.61,0.9787,60
1579718314.504,0.54,1.0415,0.61,0.9469,61
1579718318.127,0.54,1.0424,0.61,0.9531,61
1579718321.817,0.55,1.0417,0.6,0.9473,61
1579718325.394,0.54,1.051,0.59,0.9552,61
1579718328.988,0.56,1.0216,0.62,0.9685,61
1579718332.585,0.55,1.0267,0.58,0.9648,61
1579718336.232,0.54,1.0359,0.6,0.9593,61
1579718339.869,0.55,1.0271,0.59,0.9727,61
1579718343.546,0.55,1.0371,0.58,0.9752,61
1579718347.092,0.54,1.0409,0.59,0.9524,61
1579718350.678,0.56,1.0248,0.61,0.9498,61
1579718353.796,0.55,1.025,0.6,0.9501,61
1579718357.465,0.54,1.035,0.61,0.9651,62
1579718361.029,0.55,1.0363,0.6,0.9437,62
1579718364.569,0.55,1.0374,0.65,0.9417,62
1579718368.154,0.54,1.0488,0.6,0.9481,62
1579718371.826,0.56,1.0138,0.59,0.9509,62
1579718375.394,0.56,1.0192,0.59,0.9523,62
1579718379.017,0.55,1.0277,0.61,0.967,62
1579718382.586,0.55,1.0289,0.59,0.9533,62
1579718386.223,0.55,1.0284,0.59,0.9525,62
1579718389.829,0.55,1.0272,0.6,0.9526,62
1579718393.443,0.56,1.0213,0.57,0.9541,62
1579718396.621,0.55,1.0304,0.6,0.9504,62
1579718400.227,0.55,1.0325,0.59,0.9416,63
1579718403.869,0.55,1.0295,0.59,0.9507,63
1579718407.535,0.55,1.0413,0.62,0.9352,63
1579718411.164,0.54,1.0522,0.6,0.9436,63
1579718414.809,0.56,1.013,0.59,0.9703,63
1579718418.424,0.55,1.0262,0.59,0.9504,63
1579718421.958,0.55,1.0302,0.59,0.9542,63
1579718425.6,0.55,1.0245,0.59,0.9834,63
1579718429.144,0.55,1.0353,0.6,0.9558,63
1579718432.727,0.55,1.0259,0.62,0.9499,63
1579718436.305,0.56,1.0209,0.59,0.9631,63
1579718439.525,0.55,1.0292,0.62,0.9439,63
1579718443.173,0.55,1.0315,0.63,0.9421,64
1579718446.833,0.55,1.0339,0.62,0.9552,64
1579718450.403,0.55,1.047,0.65,0.9318,64
1579718454.046,0.54,1.0537,0.6,0.9382,64
1579718457.723,0.56,1.0169,0.57,0.9795,64
1579718461.391,0.55,1.0322,0.59,0.9499,64
1579718464.98,0.55,1.0262,0.6,0.9557,64
1579718468.557,0.55,1.0347,0.58,0.9821,64
1579718472.123,0.54,1.0391,0.6,0.962,64
1579718475.848,0.55,1.0356,0.62,0.9465,64
1579718479.436,0.56,1.0298,0.62,0.9566,64
1579718482.577,0.55,1.0258,0.58,0.9576,64
1579718486.191,0.54,1.0374,0.62,0.952,65
1579718489.827,0.55,1.0322,0.62,0.9383,65
1579718493.474,0.55,1.0376,0.59,0.944,65
1579718497.112,0.54,1.054,0.59,0.9396,65
1579718500.748,0.56,1.0137,0.6,0.9453,65
1579718504.307,0.56,1.013,0.58,0.9597,65
1579718507.926,0.55,1.0287,0.6,0.9725,65
1579718511.587,0.55,1.0273,0.61,0.9494,65
1579718515.216,0.56,1.0247,0.61,0.9469,65
1579718518.812,0.55,1.0252,0.61,0.9503,65
1579718522.444,0.56,1.0202,0.61,0.9367,65
1579718525.595,0.55,1.0209,0.62,0.9365,65
1579718529.314,0.55,1.026,0.61,0.9474,66
1579718532.871,0.55,1.0274,0.62,0.9335,66
1579718536.488,0.55,1.0328,0.63,0.9298,66
1579718540.095,0.54,1.0441,0.6,0.9392,66
1579718543.715,0.56,1.0077,0.6,0.9577,66
1579718547.341,0.56,1.0145,0.6,0.95,66
1579718550.974,0.55,1.0227,0.59,0.9472,66
1579718554.534,0.55,1.0238,0.59,0.9543,66
1579718558.139,0.55,1.0275,0.6,0.9357,66
1579718561.774,0.55,1.0178,0.62,0.9365,66
1579718565.463,0.56,1.0146,0.59,0.9485,66
1579718568.613,0.56,1.019,0.6,0.9407,66
1579718572.229,0.55,1.0268,0.59,0.9355,67
1579718575.84,0.55,1.0247,0.61,0.9515,67
1579718579.566,0.55,1.0416,0.62,0.9318,67
1579718583.263,0.54,1.0462,0.6,0.9399,67
1579718586.828,0.57,1.0074,0.59,0.9698,67
1579718590.398,0.56,1.0211,0.58,0.949,67
1579718593.954,0.55,1.0229,0.58,0.9511,67
1579718597.601,0.55,1.0239,0.61,0.9541,67
1579718601.134,0.55,1.0252,0.62,0.9497,67
1579718604.661,0.55,1.0281,0.64,0.9451,67
1579718608.24,0.56,1.0254,0.59,0.951,67
1579718611.386,0.55,1.0248,0.6,0.9571,67
1579718614.984,0.55,1.027,0.63,0.9295,68
1579718618.614,0.55,1.0287,0.62,0.9318,68
1579718622.198,0.55,1.0311,0.62,0.9276,68
1579718625.841,0.55,1.0407,0.62,0.9351,68
1579718629.386,0.57,1.009,0.62,0.9522,68
1579718633.004,0.56,1.0148,0.6,0.9542,68
1579718636.632,0.55,1.0325,0.6,0.9568,68
1579718640.21,0.55,1.0235,0.6,0.9337,68
1579718643.884,0.56,1.0231,0.61,0.9441,68
1579718647.466,0.55,1.0233,0.62,0.9264,68
1579718651.145,0.56,1.0186,0.6,0.9264,68
1579718654.281,0.55,1.017,0.6,0.934,68
1579718657.954,0.55,1.0219,0.61,0.926,69
1579718661.481,0.56,1.0208,0.61,0.924,69
1579718665.14,0.55,1.0286,0.63,0.9232,69
1579718668.696,0.55,1.0389,0.6,0.9333,69
1579718672.312,0.57,1.0056,0.6,0.9473,69
1579718675.926,0.56,1.0094,0.59,0.9472,69
1579718679.533,0.55,1.0236,0.6,0.9525,69
1579718683.129,0.55,1.0205,0.59,0.9371,69
1579718686.765,0.56,1.0182,0.6,0.9302,69
1579718690.335,0.55,1.016,0.62,0.9299,69
1579718693.911,0.56,1.017,0.6,0.933,69
1579718697.144,0.55,1.0193,0.62,0.9355,69
1579718700.854,0.55,1.0231,0.6,0.9186,70
1579718704.428,0.56,1.0253,0.63,0.932,70
1579718707.992,0.56,1.0321,0.64,0.9105,70
1579718711.565,0.55,1.0373,0.62,0.9285,70
1579718715.232,0.56,1.0068,0.62,0.9611,70
1579718718.949,0.56,1.0186,0.59,0.9343,70
1579718722.578,0.55,1.0235,0.6,0.9385,70
1579718726.174,0.56,1.0166,0.62,0.9536,70
1579718729.762,0.56,1.0226,0.61,0.9374,70
1579718733.436,0.55,1.0226,0.61,0.9256,70
1579718737.073,0.56,1.0154,0.59,0.9358,70
1579718740.236,0.56,1.0151,0.61,0.9273,70
1579718743.793,0.55,1.0223,0.62,0.9406,71
1579718747.391,0.55,1.0259,0.6,0.9272,71
1579718750.994,0.55,1.0347,0.64,0.918,71
1579718754.566,0.55,1.0381,0.62,0.9286,71
1579718758.169,0.57,1.0017,0.61,0.9488,71
1579718761.83,0.56,1.0146,0.6,0.9441,71
1579718765.381,0.55,1.0225,0.61,0.9377,71
1579718769.063,0.56,1.0185,0.6,0.9428,71
1579718772.631,0.55,1.0209,0.61,0.9199,71
1579718776.281,0.56,1.0127,0.63,0.9136,71
1579718779.827,0.57,1.011,0.61,0.9285,71
1579718782.946,0.56,1.0161,0.63,0.9161,71
1579718786.633,0.56,1.021,0.63,0.9245,72
1579718790.214,0.55,1.0224,0.6,0.9268,72
1579718793.803,0.55,1.0362,0.66,0.9095,72
1579718797.352,0.55,1.0406,0.64,0.9173,72
1579718800.974,0.57,0.9993,0.6,0.9583,72
1579718804.594,0.56,1.018,0.6,0.9386,72
1579718808.205,0.55,1.0233,0.6,0.942,72
1579718811.833,0.55,1.0198,0.6,0.9551,72
1579718815.431,0.56,1.0231,0.63,0.9277,72
1579718819.117,0.56,1.0133,0.65,0.927,72
1579718822.846,0.57,1.0143,0.6,0.9412,72
1579718826.016,0.56,1.0144,0.62,0.9295,72
1579718829.664,0.56,1.0158,0.64,0.9256,73
1579718833.253,0.56,1.0183,0.6,0.9263,73
1579718836.946,0.55,1.032,0.65,0.9081,73
1579718840.521,0.55,1.0339,0.64,0.92,73
1579718844.063,0.57,1.0015,0.62,0.9517,73
1579718847.694,0.57,1.0096,0.62,0.9402,73
1579718851.366,0.55,1.0146,0.6,0.9465,73
1579718854.978,0.56,1.0183,0.61,0.9397,73
1579718858.601,0.56,1.0178,0.61,0.9302,73
1579718862.217,0.55,1.0147,0.64,0.9215,73
1579718865.861,0.57,1.013,0.61,0.9295,73
1579718868.983,0.56,1.0132,0.61,0.9385,73
1579718872.642,0.55,1.0195,0.63,0.9145,74
1579718876.228,0.56,1.0244,0.63,0.9374,74
1579718879.838,0.55,1.0318,0.64,0.9136,74
1579718883.536,0.55,1.0362,0.64,0.9152,74
1579718887.123,0.57,0.9975,0.6,0.9356,74
1579718890.85,0.56,1.0057,0.6,0.9416,74
1579718894.447,0.55,1.0192,0.63,0.9556,74
1579718898.113,0.55,1.0202,0.62,0.9355,74
1579718901.66,0.56,1.0104,0.6,0.9401,74
1579718905.321,0.56,1.0114,0.62,0.9194,74
1579718908.885,0.57,1.0122,0.63,0.9202,74
1579718912.084,0.56,1.0092,0.63,0.9202,74
1579718915.687,0.56,1.0102,0.65,0.9089,75
1579718919.321,0.56,1.0168,0.63,0.9105,75
1579718922.974,0.56,1.0223,0.65,0.9026,75
1579718926.643,0.56,1.031,0.65,0.9043,75
1579718930.228,0.57,0.9968,0.6,0.9191,75
1579718933.775,0.57,1.0031,0.57,0.9188,75
1579718937.472,0.56,1.0157,0.62,0.9411,75
1579718941.206,0.56,1.0157,0.6,0.9236,75
1579718944.786,0.56,1.0135,0.62,0.9253,75
1579718948.485,0.56,1.0092,0.64,0.9079,75
1579718952.031,0.57,1.0083,0.61,0.9192,75
1579718955.247,0.56,1.004,0.63,0.9124,75
1579718958.898,0.56,1.0089,0.65,0.9022,76
1579718962.43,0.56,1.0132,0.63,0.9081,76
1579718965.975,0.56,1.0214,0.65,0.8986,76
1579718969.579,0.56,1.0286,0.65,0.905,76
1579718973.185,0.57,0.9979,0.63,0.9254,76
1579718976.829,0.57,1.0009,0.64,0.918,76
1579718980.47,0.55,1.0158,0.61,0.9417,76
1579718984.028,0.56,1.0139,0.59,0.9277,76
1579718987.629,0.56,1.0197,0.62,0.9206,76
1579718991.245,0.56,1.0103,0.62,0.9129,76
1579718994.805,0.57,1.0019,0.62,0.9318,76
1579718997.991,0.56,1.0114,0.64,0.9144,76
1579719001.661,0.55,1.0201,0.63,0.9143,77
1579719005.241,0.56,1.0113,0.61,0.9129,77
1579719008.899,0.55,1.0317,0.64,0.908,77
1579719012.523,0.55,1.038,0.62,0.9104,77
1579719016.167,0.57,0.9949,0.61,0.9505,77
1579719019.784,0.56,1.0162,0.61,0.9217,77
1579719023.337,0.55,1.0162,0.61,0.9276,77
1579719027.093,0.56,1.013,0.61,0.942,77
1579719030.86,0.56,1.0208,0.63,0.9088,77
1579719034.515,0.56,1.0091,0.64,0.9136,77
1579719038.162,0.57,1.0102,0.6,0.9306,77
1579719041.343,0.56,1.0127,0.63,0.9179,77
1579719045.038,0.56,1.011,0.67,0.8971,78
1579719048.662,0.56,1.0181,0.64,0.9065,78
1579719052.323,0.55,1.0204,0.6,0.8962,78
1579719055.944,0.56,1.029,0.65,0.9014,78
1579719059.551,0.57,0.9977,0.62,0.9054,78
1579719063.247,0.57,0.9959,0.61,0.9311,78
1579719066.816,0.55,1.0173,0.6,0.9218,78
1579719070.377,0.56,1.0116,0.62,0.9183,78
1579719074.005,0.56,1.0136,0.61,0.9382,78
1579719077.737,0.56,1.0153,0.62,0.9068,78
1579719081.312,0.57,0.9994,0.63,0.9131,78
1579719084.487,0.56,1.0025,0.61,0.9195,78
1579719088.11,0.56,1.0083,0.62,0.9266,79
1579719091.79,0.56,1.014,0.63,0.8984,79
1579719095.429,0.56,1.0218,0.63,0.8999,79
1579719099.01,0.55,1.0281,0.63,0.9094,79
1579719102.622,0.57,0.9984,0.62,0.9191,79
1579719106.289,0.56,1.008,0.62,0.9181,79
1579719109.89,0.55,1.0253,0.6,0.9521,79
1579719113.537,0.55,1.0196,0.6,0.9175,79
1579719117.184,0.56,1.0121,0.61,0.9184,79
1579719120.894,0.56,1.0055,0.6,0.9373,79
1579719124.584,0.57,1.0073,0.61,0.9222,79
1579719127.75,0.56,1.0073,0.65,0.919,79
1579719131.472,0.56,1.0072,0.62,0.9131,80
1579719135.1,0.56,1.0095,0.63,0.9058,80
1579719138.739,0.56,1.016,0.65,0.9003,80
1579719142.348,0.55,1.0275,0.61,0.9128,80
1579719145.953,0.57,0.992,0.6,0.9189,80
1579719149.638,0.57,1.0001,0.65,0.9054,80
1579719153.219,0.56,1.0112,0.63,0.9074,80
1579719156.792,0.56,1.0015,0.63,0.9283,80
1579719160.39,0.56,1.0124,0.62,0.9084,80
1579719164.003,0.56,1.0091,0.61,0.9202,80
1579719167.739,0.57,1.0027,0.63,0.9075,80
1579719170.905,0.57,0.9983,0.62,0.908,80
1579719174.509,0.56,1.0125,0.64,0.9238,81
1579719178.194,0.55,1.0203,0.64,0.9047,81
1579719181.876,0.55,1.0271,0.65,0.8909,81
1579719185.566,0.55,1.0262,0.61,0.908,81
1579719189.24,0.57,0.9926,0.59,0.9305,81
1579719192.857,0.56,1.0063,0.63,0.9094,81
1579719196.593,0.56,1.0105,0.65,0.9072,81
1579719200.235,0.56,1.005,0.62,0.9201,81
1579719203.934,0.56,1.0125,0.64,0.8956,81
1579719207.61,0.57,0.9959,0.66,0.8888,81
1579719211.287,0.57,0.9982,0.63,0.9083,81
1579719214.508,0.57,1.0009,0.64,0.9007,81
1579719218.283,0.56,1.0091,0.64,0.9017,82
1579719221.919,0.56,1.009,0.63,0.9125,82
1579719225.577,0.55,1.0262,0.65,0.8897,82
1579719229.184,0.55,1.0274,0.63,0.9012,82
1579719232.817,0.57,0.9929,0.6,0.9251,82
1579719236.582,0.56,1.0064,0.62,0.9045,82
1579719240.205,0.56,1.0069,0.64,0.9102,82
1579719243.839,0.56,1.0077,0.6,0.9154,82
1579719247.426,0.57,1.005,0.61,0.9148,82
1579719251.021,0.57,0.9985,0.64,0.8969,82
1579719254.725,0.57,1.0,0.63,0.9141,82
1579719257.95,0.57,0.9996,0.64,0.9126,82
1579719261.546,0.56,1.0066,0.62,0.9125,83
1579719265.158,0.56,1.0119,0.62,0.8941,83
1579719268.779,0.56,1.0146,0.65,0.8895,83
1579719272.519,0.56,1.0184,0.63,0.895,83
1579719276.139,0.57,0.9925,0.62,0.9033,83
1579719279.831,0.57,0.9951,0.61,0.9101,83
1579719283.459,0.56,1.0054,0.63,0.8971,83
1579719287.217,0.56,1.0021,0.62,0.8983,83
1579719290.968,0.57,1.0013,0.62,0.9037,83
1579719294.644,0.56,1.0004,0.66,0.8808,83
1579719298.365,0.57,0.9975,0.64,0.8935,83
1579719301.639,0.57,0.992,0.63,0.8968,83
1579719305.335,0.56,1.0033,0.62,0.9008,84
1579719308.973,0.56,1.0094,0.65,0.8833,84
1579719312.596,0.56,1.0123,0.63,0.885,84
1579719316.307,0.56,1.016,0.65,0.8917,84
1579719319.881,0.58,0.9879,0.63,0.9034,84
1579719323.555,0.57,0.9921,0.61,0.901,84
1579719327.221,0.56,1.0026,0.65,0.9083,84
1579719330.923,0.57,1.0018,0.63,0.8992,84
1579719334.511,0.57,0.9983,0.63,0.8943,84
1579719338.213,0.57,0.9979,0.61,0.895,84
1579719341.943,0.57,0.9962,0.63,0.9038,84
1579719345.209,0.56,0.9943,0.65,0.9037,84
1579719348.832,0.56,1.0088,0.62,0.8867,85
1579719352.457,0.56,1.0118,0.61,0.922,85
1579719356.08,0.55,1.0311,0.66,0.8934,85
1579719359.787,0.55,1.0274,0.64,0.8893,85
1579719363.474,0.57,0.9871,0.62,0.9046,85
1579719367.055,0.57,0.9937,0.65,0.8945,85
1579719370.641,0.56,1.0064,0.62,0.9169,85
1579719374.294,0.56,1.0073,0.61,0.9,85
1579719378.016,0.56,1.0041,0.64,0.8847,85
1579719381.593,0.57,0.9959,0.63,0.8937,85
1579719385.211,0.58,0.9947,0.63,0.9049,85
1579719388.365,0.56,0.9986,0.66,0.8844,85
1579719392.016,0.56,1.0009,0.67,0.8835,86
1579719395.675,0.57,0.9984,0.62,0.8926,86
1579719399.297,0.56,1.0139,0.64,0.8811,86
1579719402.889,0.56,1.0206,0.62,0.8898,86
1579719406.516,0.58,0.9839,0.63,0.9132,86
1579719410.14,0.57,0.9967,0.64,0.8957,86
1579719413.718,0.56,0.9995,0.63,0.9003,86
1579719417.322,0.57,1.0012,0.61,0.9211,86
1579719420.989,0.56,1.0077,0.64,0.8952,86
1579719424.641,0.56,1.0036,0.62,0.908,86
1579719428.377,0.58,0.9955,0.62,0.915,86
1579719431.513,0.57,0.9943,0.64,0.8928,86
1579719435.091,0.57,1.0036,0.61,0.9073,87
1579719438.682,0.56,1.0073,0.61,0.9081,87
1579719442.237,0.55,1.0235,0.64,0.8877,87
1579719445.891,0.55,1.0203,0.64,0.9008,87
1579719449.45,0.58,0.9881,0.62,0.9304,87
1579719453.093,0.57,1.001,0.65,0.9058,87
1579719456.737,0.56,1.0004,0.63,0.9063,87
1579719460.336,0.56,1.0027,0.61,0.909,87
1579719464.007,0.57,1.0003,0.66,0.8995,87
1579719467.606,0.56,0.9966,0.67,0.8872,87
1579719471.171,0.58,0.9891,0.66,0.9062,87
1579719474.332,0.57,0.9924,0.64,0.9036,87
1579719477.941,0.56,1.0051,0.64,0.9153,88
1579719481.649,0.56,1.0115,0.63,0.886,88
1579719485.395,0.56,1.0087,0.61,0.8856,88
1579719489.016,0.56,1.0147,0.64,0.8914,88
1579719492.59,0.58,0.9869,0.62,0.9083,88
1579719496.343,0.57,0.9897,0.63,0.9147,88
1579719499.934,0.56,1.0035,0.6,0.9078,88
1579719503.472,0.57,1.0012,0.61,0.9002,88
1579719507.064,0.57,0.9954,0.64,0.9127,88
1579719510.68,0.56,0.9993,0.67,0.8803,88
1579719514.409,0.58,0.995,0.63,0.9063,88
1579719517.57,0.57,0.9958,0.63,0.8991,88
1579719521.228,0.56,1.0088,0.66,0.8961,89
1579719524.787,0.56,1.0095,0.66,0.8761,89
1579719528.435,0.57,1.0026,0.65,0.8919,89
1579719532.094,0.55,1.023,0.64,0.8985,89
1579719535.678,0.57,0.9929,0.64,0.8959,89
1579719539.356,0.57,0.9872,0.62,0.9072,89
1579719543.023,0.56,1.0004,0.64,0.9263,89
1579719546.608,0.56,1.0,0.62,0.8997,89
1579719550.359,0.57,0.9937,0.6,0.9127,89
1579719553.938,0.57,0.9968,0.64,0.8952,89
1579719557.544,0.58,0.9848,0.64,0.8887,89
1579719560.683,0.57,0.9849,0.65,0.8889,89
1579719564.279,0.57,0.9909,0.62,0.8939,90
1579719567.929,0.57,0.9946,0.67,0.8789,90
1579719571.616,0.57,1.0033,0.63,0.8844,90
1579719575.19,0.56,1.0133,0.62,0.8845,90
1579719578.856,0.58,0.9796,0.63,0.8886,90
1579719582.519,0.58,0.9821,0.6,0.8992,90
1579719586.155,0.56,0.9976,0.65,0.9147,90
1579719589.741,0.57,0.998,0.62,0.9013,90
1579719593.302,0.57,0.9951,0.61,0.9096,90
1579719596.895,0.57,0.9924,0.65,0.8932,90
1579719600.629,0.58,0.9802,0.65,0.8846,90
1579719603.824,0.57,0.9835,0.66,0.8753,90
1579719607.398,0.57,0.9901,0.68,0.8833,91
1579719610.983,0.56,0.997,0.66,0.8768,91
1579719614.605,0.57,1.0001,0.65,0.8757,91
1579719618.325,0.56,1.011,0.64,0.8806,91
1579719621.907,0.58,0.9775,0.64,0.8823,91
1579719625.519,0.58,0.9816,0.64,0.8808,91
1579719629.095,0.57,0.9932,0.65,0.894,91
1579719632.701,0.57,0.9899,0.62,0.8953,91
1579719636.335,0.57,0.994,0.62,0.8947,91
1579719640.025,0.57,0.985,0.66,0.9005,91
1579719643.672,0.58,0.9803,0.65,0.8906,91
1579719646.984,0.58,0.9807,0.64,0.8783,91
1579719650.609,0.57,0.9892,0.63,0.8876,92
1579719654.295,0.57,0.9945,0.66,0.8774,92
1579719657.956,0.56,1.005,0.65,0.8851,92
1579719661.573,0.56,1.0186,0.63,0.9167,92
1579719665.171,0.57,0.9977,0.64,0.9165,92
1579719668.789,0.56,1.0016,0.63,0.9324,92
1579719672.395,0.55,1.0145,0.61,0.8928,92
1579719676.066,0.57,0.9956,0.63,0.8912,92
1579719679.608,0.57,0.9969,0.64,0.8967,92
1579719683.187,0.57,0.9873,0.62,0.8913,92
1579719686.819,0.58,0.9837,0.64,0.907,92
1579719690.001,0.57,0.991,0.63,0.8944,92
1579719693.63,0.56,0.9994,0.65,0.9066,93
1579719697.304,0.57,0.9962,0.66,0.887,93
1579719700.903,0.57,1.001,0.65,0.8904,93
1579719704.547,0.56,1.0197,0.64,0.901,93
1579719708.182,0.58,0.9847,0.63,0.8967,93
1579719711.736,0.58,0.9782,0.62,0.9038,93
1579719715.31,0.57,0.9992,0.64,0.928,93
1579719718.899,0.56,1.0009,0.6,0.8939,93
1579719722.712,0.57,0.9925,0.6,0.8921,93
1579719726.258,0.57,0.9927,0.63,0.9135,93
1579719729.889,0.58,0.9935,0.62,0.8864,93
1579719733.057,0.57,0.9833,0.66,0.876,93
1579719736.758,0.57,0.9922,0.66,0.9177,94
1579719740.417,0.56,1.0012,0.65,0.8788,94
1579719743.958,0.57,1.0018,0.66,0.8775,94
1579719747.539,0.56,1.0083,0.61,0.9014,94
1579719751.219,0.58,0.9779,0.65,0.8923,94
1579719754.829,0.58,0.98,0.64,0.8924,94
1579719758.585,0.57,0.9906,0.63,0.9116,94
1579719762.186,0.57,0.9883,0.64,0.8958,94
1579719765.828,0.57,0.986,0.62,0.8912,94
1579719769.498,0.57,0.9844,0.66,0.9059,94
1579719773.122,0.58,0.9832,0.66,0.8911,94
1579719776.414,0.58,0.9768,0.65,0.8817,94
1579719780.065,0.57,0.9883,0.64,0.9013,95
1579719783.694,0.57,0.9967,0.64,0.8714,95
1579719787.277,0.57,0.9965,0.63,0.8798,95
1579719790.965,0.57,1.0057,0.61,0.8891,95
1579719794.547,0.58,0.9762,0.63,0.8988,95
1579719798.172,0.58,0.9779,0.63,0.8984,95
1579719801.763,0.57,0.9881,0.66,0.9005,95
1579719805.34,0.57,0.9882,0.64,0.8982,95
1579719809.016,0.57,0.9923,0.66,0.8873,95
1579719812.67,0.58,0.9824,0.66,0.8917,95
1579719816.244,0.59,0.9767,0.63,0.8864,95
1579719819.435,0.57,0.9764,0.65,0.8725,95
1579719823.066,0.57,0.9904,0.65,0.8953,96
1579719826.858,0.57,0.9977,0.67,0.8644,96
1579719830.508,0.56,1.0041,0.64,0.8856,96
1579719834.113,0.56,1.0121,0.64,0.8971,96
1579719837.793,0.58,0.9831,0.62,0.909,96
1579719841.443,0.58,0.9825,0.63,0.901,96
1579719845.071,0.57,0.9895,0.64,0.8969,96
1579719848.705,0.57,0.9839,0.63,0.8904,96
1579719852.33,0.57,0.9865,0.64,0.8834,96
1579719856.006,0.57,0.9864,0.66,0.8928,96
1579719859.613,0.58,0.976,0.63,0.8787,96
1579719862.911,0.58,0.9741,0.64,0.8677,96
1579719866.579,0.57,0.985,0.65,0.8911,97
1579719870.157,0.57,0.9946,0.68,0.8519,97
1579719873.805,0.57,0.9944,0.66,0.8557,97
1579719877.401,0.57,1.0026,0.64,0.8731,97
1579719881.079,0.58,0.9692,0.64,0.8795,97
1579719884.666,0.58,0.9752,0.63,0.8935,97
1579719888.315,0.57,0.9921,0.65,0.9115,97
1579719891.928,0.57,0.9938,0.63,0.8958,97
1579719895.613,0.57,0.9922,0.63,0.8929,97
1579719899.208,0.57,0.9836,0.63,0.893,97
1579719902.902,0.58,0.9765,0.65,0.8892,97
1579719906.045,0.58,0.9785,0.65,0.8771,97
1579719909.702,0.57,0.996,0.63,0.9259,98
1579719913.395,0.56,1.007,0.66,0.8639,98
1579719917.072,0.57,0.9946,0.66,0.8562,98
1579719920.652,0.56,1.0058,0.63,0.8918,98
1579719924.251,0.58,0.9761,0.63,0.8851,98
1579719927.861,0.58,0.9746,0.62,0.8847,98
1579719931.56,0.57,0.9904,0.64,0.9008,98
1579719935.196,0.57,0.9861,0.66,0.8802,98
1579719938.9,0.57,0.9878,0.64,0.8853,98
1579719942.541,0.57,0.9839,0.64,0.8973,98
1579719946.28,0.58,0.9774,0.65,0.89,98
1579719949.513,0.58,0.9745,0.69,0.8736,98
1579719953.102,0.57,0.9851,0.62,0.8959,99
1579719956.861,0.57,0.998,0.65,0.8713,99
1579719960.59,0.56,1.0031,0.66,0.8837,99
1579719964.258,0.56,1.0067,0.61,0.8827,99
1579719967.919,0.58,0.9723,0.63,0.8923,99
1579719971.512,0.58,0.9722,0.6,0.8998,99
1579719975.123,0.57,0.986,0.64,0.9147,99
1579719978.736,0.57,0.9902,0.62,0.9046,99
1579719982.424,0.58,0.9834,0.65,0.8924,99
1579719986.027,0.58,0.9795,0.64,0.8949,99
1579719989.625,0.58,0.9763,0.63,0.8902,99
1579719992.817,0.58,0.9696,0.65,0.8791,99
