1579492970.713,0.25,1.3862,0.36,1.3852,0
1579492971.509,0.37,1.3851,0.24,1.3828,0
1579492972.316,0.25,1.3819,0.26,1.3764,0
1579492973.167,0.26,1.3761,0.31,1.3642,0
1579492973.965,0.33,1.3634,0.36,1.3432,0
1579492974.776,0.35,1.3443,0.31,1.3225,0
1579492975.617,0.32,1.3258,0.4,1.3145,0
1579492976.446,0.36,1.3164,0.41,1.2868,0
1579492977.337,0.38,1.2815,0.37,1.3525,0
1579492978.203,0.35,1.3469,0.4,1.2937,0
1579492979.005,0.38,1.3024,0.37,1.3154,0
1579492979.731,0.34,1.3302,0.41,1.2817,0
1579492980.554,0.37,1.2909,0.39,1.2638,1
1579492981.393,0.4,1.2623,0.39,1.3029,1
1579492982.213,0.37,1.2933,0.39,1.2775,1
1579492983.036,0.39,1.2795,0.41,1.2572,1
1579492983.867,0.4,1.2517,0.41,1.2667,1
1579492984.713,0.38,1.2657,0.41,1.2701,1
1579492985.573,0.37,1.2715,0.41,1.2607,1
1579492986.38,0.38,1.2551,0.4,1.2492,1
1579492987.221,0.39,1.2428,0.43,1.2558,1
1579492988.038,0.39,1.2569,0.41,1.2583,1
1579492988.863,0.39,1.2385,0.41,1.2404,1
1579492989.569,0.38,1.2439,0.42,1.2442,1
1579492990.454,0.42,1.2347,0.42,1.2531,2
1579492991.316,0.43,1.2423,0.39,1.2311,2
1579492992.131,0.44,1.2183,0.36,1.2351,2
1579492992.939,0.42,1.2338,0.38,1.234,2
1579492993.755,0.43,1.224,0.39,1.2217,2
1579492994.614,0.44,1.2068,0.42,1.2322,2
1579492995.442,0.43,1.2189,0.42,1.2254,2
1579492996.248,0.43,1.2129,0.4,1.211,2
1579492997.046,0.44,1.2029,0.44,1.2222,2
1579492997.855,0.42,1.2269,0.42,1.2082,2
1579492998.701,0.44,1.1929,0.39,1.2168,2
1579492999.411,0.43,1.2123,0.36,1.2113,2
1579493000.212,0.45,1.2036,0.44,1.1911,3
1579493001.015,0.45,1.193,0.46,1.195,3
1579493001.83,0.43,1.1968,0.4,1.1881,3
1579493002.692,0.45,1.194,0.44,1.2006,3
1579493003.487,0.46,1.1834,0.45,1.1846,3
1579493004.284,0.46,1.1746,0.46,1.185,3
1579493005.106,0.44,1.1872,0.45,1.181,3
1579493005.949,0.46,1.1705,0.43,1.1904,3
1579493006.759,0.47,1.1791,0.46,1.1775,3
1579493007.594,0.46,1.1805,0.49,1.1708,3
1579493008.391,0.47,1.167,0.43,1.1705,3
1579493009.105,0.46,1.1783,0.41,1.179,3
1579493009.913,0.48,1.1709,0.45,1.1616,4
1579493010.718,0.47,1.1605,0.46,1.1656,4
1579493011.528,0.47,1.16,0.43,1.1738,4
1579493012.372,0.46,1.1707,0.51,1.1534,4
1579493013.182,0.49,1.142,0.46,1.1522,4
1579493013.982,0.49,1.143,0.43,1.1711,4
1579493014.782,0.49,1.1532,0.42,1.1495,4
1579493015.63,0.49,1.1362,0.47,1.1452,4
1579493016.436,0.49,1.1395,0.41,1.1643,4
1579493017.231,0.47,1.1479,0.48,1.1393,4
1579493018.03,0.51,1.1349,0.48,1.1407,4
1579493018.75,0.47,1.1514,0.42,1.194,4
1579493019.566,0.48,1.1627,0.5,1.1328,5
1579493020.415,0.48,1.1374,0.47,1.1341,5
1579493021.215,0.49,1.1326,0.4,1.1732,5
1579493022.062,0.47,1.1621,0.49,1.1215,5
1579493022.945,0.51,1.1086,0.51,1.1208,5
1579493023.79,0.49,1.1216,0.45,1.1266,5
1579493024.628,0.51,1.1185,0.46,1.1609,5
1579493025.423,0.5,1.129,0.47,1.1094,5
1579493026.249,0.52,1.1102,0.47,1.1198,5
1579493027.08,0.5,1.1289,0.44,1.1246,5
1579493027.928,0.49,1.1211,0.42,1.1307,5
1579493028.646,0.5,1.1161,0.5,1.1029,5
1579493029.498,0.52,1.1022,0.48,1.1052,6
1579493030.318,0.5,1.109,0.48,1.1176,6
1579493031.13,0.52,1.1106,0.47,1.1099,6
1579493031.942,0.52,1.1144,0.5,1.0833,6
1579493032.74,0.54,1.077,0.48,1.093,6
1579493033.582,0.51,1.0906,0.49,1.0766,6
1579493034.411,0.52,1.0929,0.47,1.1064,6
1579493035.229,0.51,1.091,0.47,1.0691,6
1579493036.059,0.55,1.0764,0.51,1.0794,6
1579493036.88,0.53,1.0946,0.5,1.0702,6
1579493037.723,0.54,1.0696,0.49,1.0858,6
1579493038.423,0.53,1.0789,0.53,1.0685,6
1579493039.224,0.53,1.0771,0.5,1.0782,7
1579493040.039,0.54,1.0773,0.53,1.0549,7
1579493040.895,0.53,1.0797,0.5,1.0709,7
1579493041.698,0.52,1.0916,0.54,1.0427,7
1579493042.502,0.55,1.0502,0.5,1.0417,7
1579493043.313,0.55,1.0467,0.54,1.0528,7
1579493044.124,0.55,1.0564,0.5,1.059,7
1579493044.935,0.54,1.0632,0.53,1.0588,7
1579493045.729,0.53,1.0564,0.56,1.0493,7
1579493046.531,0.54,1.0603,0.53,1.0382,7
1579493047.368,0.55,1.0482,0.52,1.0702,7
1579493048.094,0.53,1.069,0.53,1.0512,7
1579493048.893,0.54,1.0687,0.53,1.0411,8
1579493049.699,0.56,1.0432,0.54,1.0401,8
1579493050.582,0.55,1.0532,0.49,1.0358,8
1579493051.423,0.54,1.0662,0.52,1.0271,8
1579493052.284,0.56,1.0256,0.53,1.0348,8
1579493053.084,0.56,1.0247,0.48,1.0275,8
1579493053.892,0.55,1.0397,0.54,1.0464,8
1579493054.775,0.55,1.0358,0.54,1.0323,8
1579493055.613,0.56,1.0303,0.5,1.0402,8
1579493056.429,0.55,1.0393,0.53,1.0322,8
1579493057.225,0.56,1.0256,0.53,1.0344,8
1579493057.939,0.56,1.0283,0.53,1.0296,8
1579493058.767,0.56,1.0391,0.53,1.0412,9
1579493059.571,0.56,1.0289,0.53,1.0199,9
1579493060.369,0.56,1.0322,0.53,1.0196,9
1579493061.186,0.55,1.0394,0.53,1.031,9
1579493062.005,0.56,1.0142,0.51,1.0238,9
1579493062.806,0.57,1.0063,0.55,1.041,9
1579493063.613,0.56,1.0216,0.51,1.0308,9
1579493064.437,0.56,1.012,0.54,1.0333,9
1579493065.262,0.56,1.0143,0.53,1.0343,9
1579493066.097,0.57,1.0123,0.54,1.0274,9
1579493066.934,0.57,1.0173,0.53,1.05,9
1579493067.661,0.56,1.0273,0.53,1.0543,9
1579493068.511,0.55,1.0603,0.52,1.0704,10
1579493069.34,0.55,1.0397,0.53,1.0263,10
1579493070.141,0.56,1.0242,0.51,1.0396,10
1579493070.946,0.54,1.0558,0.53,1.0411,10
1579493071.755,0.57,1.0115,0.52,1.0472,10
1579493072.574,0.57,1.0035,0.54,1.0322,10
1579493073.383,0.56,1.0199,0.54,1.0333,10
1579493074.179,0.57,1.0083,0.54,1.0505,10
1579493075.008,0.56,1.0189,0.48,1.0527,10
1579493075.828,0.56,1.0199,0.53,1.032,10
1579493076.632,0.56,1.0183,0.53,1.0305,10
1579493077.333,0.57,1.0067,0.56,1.033,10
1579493078.187,0.56,1.0173,0.56,1.0273,11
1579493079.012,0.57,1.0089,0.56,1.0195,11
1579493079.83,0.57,1.0149,0.54,1.0242,11
1579493080.666,0.56,1.0232,0.52,1.0292,11
1579493081.466,0.58,0.9923,0.53,1.0268,11
1579493082.299,0.58,0.9871,0.56,1.036,11
1579493083.144,0.57,1.0009,0.55,1.0379,11
1579493083.938,0.57,0.9941,0.54,1.0328,11
1579493084.781,0.57,0.9988,0.54,1.0288,11
1579493085.589,0.58,0.9927,0.53,1.0306,11
1579493086.428,0.58,0.9959,0.51,1.0258,11
1579493087.15,0.58,0.9921,0.54,1.0205,11
1579493087.956,0.57,1.0071,0.56,1.0226,12
1579493088.751,0.58,0.9918,0.55,1.029,12
1579493089.587,0.57,1.0069,0.52,1.0262,12
1579493090.394,0.57,1.0191,0.55,1.0302,12
1579493091.219,0.58,0.98,0.54,1.0415,12
1579493092.014,0.58,0.9782,0.55,1.0317,12
1579493092.84,0.57,0.9898,0.56,1.0327,12
1579493093.672,0.58,0.985,0.55,1.0424,12
1579493094.473,0.57,0.9913,0.53,1.0264,12
1579493095.292,0.58,0.988,0.53,1.0247,12
1579493096.185,0.58,0.9875,0.54,1.0368,12
1579493096.92,0.58,0.9893,0.55,1.0322,12
1579493097.731,0.57,1.0145,0.56,1.0232,13
1579493098.548,0.59,0.985,0.54,1.0514,13
1579493099.347,0.57,1.0113,0.52,1.0347,13
1579493100.222,0.56,1.0249,0.52,1.0259,13
1579493101.047,0.58,0.9781,0.55,1.0566,13
1579493101.851,0.58,0.9875,0.53,1.0309,13
1579493102.653,0.58,0.9861,0.56,1.0347,13
1579493103.461,0.57,1.0038,0.56,1.0399,13
1579493104.285,0.57,0.992,0.5,1.0615,13
1579493105.088,0.57,1.0042,0.52,1.0269,13
1579493105.893,0.58,0.9964,0.55,1.0225,13
1579493106.603,0.58,0.9795,0.57,1.0255,13
1579493107.429,0.58,0.9915,0.55,1.0317,14
1579493108.224,0.58,0.9861,0.57,1.0247,14
1579493109.018,0.58,0.998,0.53,1.0188,14
1579493109.854,0.58,1.0037,0.55,1.0263,14
1579493110.733,0.59,0.9702,0.54,1.0313,14
1579493111.541,0.58,0.9683,0.54,1.0167,14
1579493112.345,0.58,0.9731,0.56,1.0198,14
1579493113.144,0.58,0.9741,0.55,1.0259,14
1579493113.981,0.58,0.983,0.53,1.0344,14
1579493114.863,0.58,0.9868,0.53,1.0173,14
1579493115.682,0.58,0.9788,0.58,1.0134,14
1579493116.386,0.59,0.966,0.56,1.0127,14
1579493117.197,0.58,0.9819,0.56,1.0195,15
1579493118.055,0.59,0.9731,0.57,1.0198,15
1579493118.892,0.58,0.9848,0.55,1.0181,15
1579493119.689,0.58,0.9965,0.55,1.021,15
1579493120.485,0.59,0.9604,0.55,1.02,15
1579493121.327,0.59,0.9538,0.54,1.014,15
1579493122.15,0.59,0.9659,0.56,1.019,15
1579493123.045,0.59,0.9662,0.57,1.0118,15
1579493123.871,0.58,0.9692,0.57,1.019,15
1579493124.668,0.59,0.9718,0.57,1.0117,15
1579493125.485,0.59,0.9735,0.57,1.0055,15
1579493126.23,0.6,0.956,0.58,1.0052,15
1579493127.04,0.59,0.9717,0.56,1.0188,16
1579493127.848,0.59,0.9678,0.55,1.0168,16
1579493128.652,0.59,0.9761,0.53,1.0173,16
1579493129.449,0.58,0.9882,0.54,1.0241,16
1579493130.247,0.6,0.9532,0.53,1.0178,16
1579493131.049,0.6,0.9458,0.56,1.0146,16
1579493131.869,0.6,0.9575,0.56,1.015,16
1579493132.687,0.59,0.9581,0.57,1.0083,16
1579493133.494,0.59,0.9613,0.55,1.0029,16
1579493134.299,0.59,0.9592,0.56,1.0035,16
1579493135.161,0.59,0.9603,0.59,0.9997,16
1579493135.89,0.6,0.9482,0.56,1.0154,16
1579493136.703,0.58,0.98,0.55,1.0176,17
1579493137.515,0.59,0.9656,0.55,1.0131,17
1579493138.327,0.59,0.969,0.55,1.0166,17
1579493139.15,0.58,0.9914,0.58,1.0235,17
1579493139.947,0.6,0.9511,0.57,1.0018,17
1579493140.745,0.6,0.9387,0.57,1.0062,17
1579493141.568,0.6,0.9527,0.56,1.0071,17
1579493142.402,0.6,0.9522,0.57,0.9973,17
1579493143.209,0.6,0.9541,0.56,0.9995,17
1579493144.019,0.6,0.9525,0.59,1.0042,17
1579493144.844,0.6,0.9518,0.6,0.9957,17
1579493145.571,0.6,0.9389,0.56,1.0084,17
1579493146.384,0.59,0.967,0.57,1.0138,18
1579493147.234,0.59,0.9624,0.57,1.022,18
1579493148.035,0.59,0.9769,0.51,1.0295,18
1579493148.866,0.57,1.0121,0.56,1.0626,18
1579493149.7,0.58,0.9825,0.57,1.0027,18
1579493150.505,0.61,0.9417,0.55,1.0009,18
1579493151.328,0.59,0.9524,0.56,1.0455,18
1579493152.13,0.58,0.9764,0.58,0.9939,18
1579493153.007,0.6,0.9546,0.53,1.0006,18
1579493153.813,0.59,0.9601,0.58,1.0145,18
1579493154.616,0.59,0.9604,0.57,1.0022,18
1579493155.362,0.6,0.946,0.55,1.0109,18
1579493156.24,0.58,0.9769,0.57,1.0014,19
1579493157.12,0.6,0.9542,0.55,1.0267,19
1579493157.934,0.58,0.9822,0.6,0.996,19
1579493158.746,0.6,0.9717,0.53,1.0131,19
1579493159.553,0.6,0.9594,0.57,1.0057,19
1579493160.386,0.6,0.937,0.57,1.0212,19
1579493161.21,0.59,0.9595,0.57,0.9997,19
1579493162.016,0.6,0.9543,0.59,0.9957,19
1579493162.818,0.59,0.9533,0.59,1.0059,19
1579493163.644,0.6,0.9476,0.57,0.9979,19
1579493164.446,0.61,0.943,0.54,0.9943,19
1579493165.19,0.6,0.9408,0.62,0.9933,19
1579493165.987,0.59,0.9488,0.56,1.0121,20
1579493166.812,0.6,0.9507,0.59,1.0032,20
1579493167.623,0.59,0.9599,0.58,0.9982,20
1579493168.419,0.6,0.9655,0.56,1.0051,20
1579493169.219,0.61,0.9333,0.54,1.0021,20
1579493170.02,0.61,0.931,0.61,0.9894,20
1579493170.863,0.6,0.9331,0.59,0.9873,20
1579493171.763,0.6,0.9351,0.58,0.99,20
1579493172.574,0.59,0.9505,0.59,0.9902,20
1579493173.384,0.6,0.9385,0.59,0.9857,20
1579493174.239,0.61,0.9401,0.59,1.0011,20
1579493174.965,0.6,0.9387,0.59,0.9975,20
1579493175.764,0.6,0.9523,0.57,0.997,21
1579493176.564,0.6,0.9433,0.58,1.0076,21
1579493177.403,0.59,0.9615,0.58,0.9957,21
1579493178.207,0.6,0.9663,0.56,0.9941,21
1579493179.012,0.61,0.9312,0.58,1.0047,21
1579493179.815,0.61,0.9297,0.58,0.9991,21
1579493180.668,0.59,0.9384,0.56,0.9862,21
1579493181.492,0.6,0.9388,0.59,0.9952,21
1579493182.288,0.59,0.9464,0.59,0.9804,21
1579493183.13,0.6,0.9312,0.57,0.9756,21
1579493183.925,0.61,0.9321,0.6,0.9875,21
1579493184.663,0.6,0.9312,0.58,0.9967,21
1579493185.495,0.6,0.9525,0.59,0.986,22
1579493186.353,0.6,0.9382,0.58,1.0101,22
1579493187.198,0.59,0.9635,0.54,1.0065,22
1579493187.998,0.59,0.9794,0.56,0.984,22
1579493188.829,0.62,0.9273,0.57,1.0262,22
1579493189.624,0.6,0.9567,0.53,0.9942,22
1579493190.42,0.59,0.9446,0.58,0.9885,22
1579493191.286,0.6,0.9463,0.6,0.9838,22
1579493192.153,0.6,0.9436,0.57,1.0,22
1579493192.964,0.6,0.95,0.59,0.9723,22
1579493193.81,0.61,0.9379,0.59,0.9744,22
1579493194.515,0.61,0.9244,0.61,0.9709,22
1579493195.398,0.6,0.9332,0.61,0.9796,23
1579493196.237,0.6,0.934,0.6,0.975,23
1579493197.032,0.6,0.9395,0.59,0.9833,23
1579493197.828,0.6,0.9574,0.58,0.9781,23
1579493198.64,0.62,0.9144,0.6,0.9873,23
1579493199.455,0.62,0.9151,0.59,0.9831,23
1579493200.265,0.6,0.9232,0.58,0.9797,23
1579493201.066,0.61,0.9268,0.59,0.9751,23
1579493201.915,0.61,0.9266,0.58,0.9927,23
1579493202.755,0.61,0.9292,0.6,0.9661,23
1579493203.579,0.62,0.9209,0.59,0.9708,23
1579493204.279,0.61,0.9103,0.61,0.965,23
1579493205.083,0.61,0.9208,0.62,0.9752,24
1579493205.95,0.61,0.9214,0.58,0.9838,24
1579493206.785,0.6,0.9381,0.59,0.9792,24
1579493207.602,0.61,0.9468,0.6,0.972,24
1579493208.439,0.62,0.9032,0.62,0.9691,24
1579493209.235,0.62,0.9038,0.59,0.957,24
1579493210.084,0.61,0.9123,0.59,0.9669,24
1579493210.882,0.61,0.916,0.59,0.9623,24
1579493211.729,0.61,0.9203,0.59,0.9655,24
1579493212.536,0.62,0.909,0.61,0.9686,24
1579493213.364,0.62,0.9145,0.59,0.9661,24
1579493214.081,0.62,0.897,0.63,0.9692,24
1579493214.881,0.61,0.9141,0.6,0.9775,25
1579493215.693,0.61,0.914,0.61,0.9702,25
1579493216.554,0.61,0.9235,0.6,0.9711,25
1579493217.468,0.61,0.937,0.6,0.9671,25
1579493218.327,0.63,0.8981,0.62,0.9614,25
1579493219.123,0.62,0.8981,0.61,0.9548,25
1579493219.922,0.62,0.9054,0.62,0.9491,25
1579493220.746,0.62,0.9061,0.61,0.9592,25
1579493221.596,0.62,0.9142,0.61,0.9527,25
1579493222.392,0.62,0.9075,0.61,0.9716,25
1579493223.193,0.62,0.9133,0.57,0.9713,25
1579493223.916,0.61,0.9007,0.6,0.9774,25
1579493224.731,0.6,0.9206,0.58,0.9782,26
1579493225.579,0.61,0.9196,0.61,0.9772,26
1579493226.39,0.62,0.9243,0.6,0.9702,26
1579493227.187,0.62,0.9332,0.61,0.9669,26
1579493228.024,0.63,0.8951,0.61,0.9665,26
1579493228.841,0.62,0.8976,0.59,0.9524,26
1579493229.668,0.61,0.9077,0.61,0.9549,26
1579493230.521,0.62,0.9038,0.61,0.9483,26
1579493231.37,0.62,0.9063,0.62,0.949,26
1579493232.201,0.62,0.9,0.62,0.9658,26
1579493233.008,0.62,0.9061,0.6,0.9586,26
1579493233.716,0.63,0.8855,0.63,0.9609,26
1579493234.59,0.61,0.9031,0.61,0.9822,27
1579493235.436,0.62,0.9082,0.6,0.9672,27
1579493236.236,0.62,0.9205,0.6,0.9733,27
1579493237.062,0.61,0.927,0.59,0.9686,27
1579493237.873,0.63,0.8948,0.6,0.9482,27
1579493238.689,0.63,0.8872,0.62,0.9412,27
1579493239.511,0.62,0.8918,0.63,0.9374,27
1579493240.314,0.62,0.8964,0.61,0.9419,27
1579493241.123,0.63,0.9018,0.59,0.9578,27
1579493241.933,0.62,0.8993,0.63,0.9566,27
1579493242.763,0.63,0.9012,0.61,0.9608,27
1579493243.469,0.63,0.8822,0.61,0.9733,27
1579493244.329,0.62,0.9105,0.6,0.9993,28
1579493245.174,0.61,0.9207,0.58,0.9673,28
1579493246.013,0.61,0.9262,0.6,0.9639,28
1579493246.816,0.62,0.9209,0.62,0.9602,28
1579493247.622,0.63,0.8831,0.62,0.9475,28
1579493248.424,0.63,0.8863,0.63,0.9576,28
1579493249.267,0.61,0.9018,0.64,0.9362,28
1579493250.091,0.62,0.8999,0.63,0.9368,28
1579493250.904,0.63,0.8963,0.6,0.9468,28
1579493251.701,0.63,0.8819,0.64,0.9499,28
1579493252.515,0.63,0.8935,0.61,0.9621,28
1579493253.249,0.64,0.8805,0.62,0.9563,28
1579493254.048,0.62,0.8924,0.61,0.9627,29
1579493254.851,0.62,0.8895,0.61,0.9661,29
1579493255.675,0.62,0.9171,0.57,0.9764,29
1579493256.517,0.61,0.9277,0.61,0.9687,29
1579493257.313,0.63,0.8844,0.63,0.9463,29
1579493258.112,0.64,0.8717,0.64,0.9395,29
1579493258.908,0.63,0.8833,0.63,0.9505,29
1579493259.731,0.62,0.8969,0.62,0.9351,29
1579493260.628,0.63,0.891,0.62,0.9353,29
1579493261.423,0.63,0.8761,0.62,0.951,29
1579493262.219,0.63,0.8864,0.62,0.9552,29
1579493262.96,0.63,0.8643,0.62,0.955,29
1579493263.784,0.63,0.8815,0.64,0.9822,30
1579493264.655,0.63,0.8914,0.56,0.971,30
1579493265.455,0.62,0.9181,0.62,0.9812,30
1579493266.303,0.62,0.9202,0.56,0.9609,30
1579493267.134,0.63,0.8856,0.62,0.9462,30
1579493267.939,0.63,0.8718,0.62,0.9322,30
1579493268.758,0.63,0.8729,0.6,0.9313,30
1579493269.584,0.63,0.8922,0.62,0.9347,30
1579493270.443,0.63,0.8866,0.61,0.9292,30
1579493271.268,0.64,0.8696,0.62,0.9375,30
1579493272.067,0.64,0.877,0.62,0.9624,30
1579493272.778,0.64,0.8685,0.57,0.9734,30
1579493273.624,0.62,0.8967,0.62,0.9705,31
1579493274.452,0.63,0.8824,0.58,0.9586,31
1579493275.279,0.62,0.8976,0.56,0.9641,31
1579493276.131,0.62,0.921,0.61,0.9528,31
1579493276.957,0.64,0.8702,0.62,0.954,31
1579493277.808,0.63,0.8775,0.59,0.935,31
1579493278.631,0.62,0.8867,0.63,0.9201,31
1579493279.431,0.63,0.8754,0.6,0.9426,31
1579493280.226,0.63,0.8911,0.6,0.9257,31
1579493281.041,0.63,0.8804,0.63,0.926,31
1579493281.874,0.64,0.8651,0.62,0.9588,31
1579493282.592,0.63,0.8694,0.56,0.9808,31
1579493283.392,0.62,0.9032,0.64,0.9554,32
1579493284.223,0.64,0.8732,0.6,0.9925,32
1579493285.07,0.61,0.9249,0.56,0.9764,32
1579493285.864,0.62,0.9296,0.55,0.964,32
1579493286.663,0.61,0.8997,0.56,1.0134,32
1579493287.495,0.61,0.9358,0.61,0.9364,32
1579493288.317,0.64,0.8731,0.57,0.9629,32
1579493289.17,0.61,0.9265,0.58,0.9435,32
1579493289.968,0.62,0.9168,0.6,0.962,32
1579493290.765,0.62,0.908,0.62,0.9398,32
1579493291.609,0.63,0.8869,0.58,0.9617,32
1579493292.323,0.62,0.8801,0.58,0.9626,32
1579493293.131,0.62,0.9014,0.64,0.9386,33
1579493293.927,0.64,0.8766,0.57,0.9668,33
1579493294.781,0.62,0.9104,0.6,0.9476,33
1579493295.584,0.62,0.9059,0.6,0.944,33
1579493296.387,0.64,0.8736,0.58,0.9446,33
1579493297.187,0.64,0.8786,0.62,0.9332,33
1579493298.003,0.63,0.8679,0.63,0.9467,33
1579493298.894,0.63,0.8833,0.63,0.9193,33
1579493299.718,0.64,0.8721,0.59,0.912,33
1579493300.519,0.64,0.8753,0.62,0.9082,33
1579493301.32,0.65,0.8627,0.61,0.9406,33
1579493302.035,0.64,0.8635,0.6,0.943,33
1579493302.837,0.63,0.871,0.64,0.958,34
1579493303.642,0.63,0.8858,0.62,0.932,34
1579493304.447,0.63,0.8758,0.59,0.9565,34
1579493305.312,0.62,0.9098,0.65,0.9254,34
1579493306.179,0.64,0.8633,0.61,0.9232,34
1579493306.981,0.64,0.8663,0.64,0.9167,34
1579493307.784,0.64,0.8544,0.61,0.9232,34
1579493308.603,0.64,0.8647,0.61,0.9132,34
1579493309.45,0.64,0.8681,0.62,0.9124,34
1579493310.25,0.64,0.8544,0.64,0.9221,34
1579493311.06,0.65,0.8548,0.64,0.9334,34
1579493311.763,0.65,0.8372,0.59,0.939,34
1579493312.615,0.64,0.8552,0.63,0.9463,35
1579493313.503,0.65,0.8488,0.6,0.9543,35
1579493314.306,0.64,0.8717,0.6,0.9527,35
1579493315.124,0.64,0.8825,0.62,0.9389,35
1579493315.937,0.64,0.8525,0.63,0.9393,35
1579493316.774,0.63,0.8664,0.6,0.9629,35
1579493317.577,0.63,0.882,0.59,0.9388,35
1579493318.373,0.62,0.9003,0.63,0.9612,35
1579493319.188,0.62,0.9024,0.64,0.9303,35
1579493320.02,0.64,0.8584,0.6,0.9396,35
1579493320.828,0.64,0.8703,0.63,0.9423,35
1579493321.551,0.64,0.8664,0.59,0.9289,35
1579493322.38,0.64,0.8562,0.62,0.9628,36
1579493323.224,0.63,0.8819,0.61,1.0029,36
1579493324.076,0.62,0.9209,0.6,0.9402,36
1579493324.877,0.63,0.8883,0.53,0.9734,36
1579493325.68,0.62,0.8982,0.6,0.9353,36
1579493326.534,0.65,0.8586,0.6,0.9622,36
1579493327.365,0.63,0.879,0.62,0.9122,36
1579493328.171,0.64,0.8674,0.59,0.9213,36
1579493328.974,0.64,0.8855,0.62,0.9292,36
1579493329.808,0.64,0.8545,0.62,0.9667,36
1579493330.662,0.64,0.8755,0.64,0.951,36
1579493331.368,0.65,0.8398,0.57,0.9624,36
1579493332.171,0.64,0.8686,0.61,0.9478,37
1579493333.015,0.64,0.8506,0.6,0.9738,37
1579493333.858,0.63,0.8871,0.61,0.9481,37
1579493334.695,0.64,0.8825,0.59,0.9266,37
1579493335.491,0.64,0.8531,0.61,0.9231,37
1579493336.331,0.65,0.8575,0.64,0.9168,37
1579493337.199,0.65,0.8422,0.62,0.9381,37
1579493338.099,0.63,0.8624,0.6,0.9114,37
1579493338.912,0.65,0.8504,0.6,0.9166,37
1579493339.708,0.64,0.8616,0.61,0.9111,37
1579493340.51,0.65,0.8392,0.63,0.9425,37
1579493341.266,0.65,0.8457,0.64,0.9273,37
1579493342.139,0.64,0.8406,0.63,0.9387,38
1579493342.941,0.64,0.8578,0.6,0.9344,38
1579493343.749,0.64,0.8531,0.61,0.9681,38
1579493344.566,0.63,0.8883,0.62,0.921,38
1579493345.44,0.65,0.8302,0.59,0.9237,38
1579493346.253,0.66,0.8454,0.64,0.9147,38
1579493347.052,0.65,0.8285,0.62,0.9363,38
1579493347.849,0.64,0.8484,0.65,0.9139,38
1579493348.676,0.66,0.8393,0.6,0.907,38
1579493349.481,0.65,0.8387,0.63,0.8983,38
1579493350.318,0.66,0.8332,0.63,0.9225,38
1579493351.035,0.66,0.8184,0.62,0.9269,38
1579493351.879,0.65,0.8278,0.64,0.9457,39
1579493352.722,0.65,0.8463,0.62,0.943,39
1579493353.57,0.64,0.8508,0.59,0.9462,39
1579493354.377,0.64,0.8694,0.65,0.915,39
1579493355.2,0.65,0.8236,0.62,0.8955,39
1579493356.062,0.67,0.8245,0.65,0.895,39
1579493356.871,0.66,0.8215,0.63,0.9094,39
1579493357.672,0.65,0.8353,0.64,0.9067,39
1579493358.493,0.66,0.8319,0.63,0.9057,39
1579493359.317,0.66,0.8264,0.64,0.9006,39
1579493360.213,0.67,0.8194,0.66,0.9181,39
1579493360.921,0.66,0.8011,0.61,0.9103,39
1579493361.725,0.65,0.8136,0.66,0.9191,40
1579493362.581,0.66,0.8175,0.62,0.9403,40
1579493363.425,0.65,0.8379,0.61,0.9301,40
1579493364.232,0.66,0.8461,0.64,0.9122,40
1579493365.032,0.65,0.8278,0.64,0.8918,40
1579493365.842,0.67,0.8098,0.66,0.9161,40
1579493366.684,0.65,0.8275,0.61,0.9083,40
1579493367.543,0.66,0.8232,0.63,0.9157,40
1579493368.34,0.65,0.8384,0.6,0.9348,40
1579493369.146,0.65,0.8404,0.61,0.9726,40
1579493369.969,0.63,0.8715,0.63,1.0017,40
1579493370.71,0.62,0.9022,0.58,0.9735,40
1579493371.521,0.64,0.8675,0.61,0.9217,41
1579493372.319,0.66,0.8151,0.61,0.9893,41
1579493373.125,0.63,0.888,0.61,0.9385,41
1579493373.965,0.65,0.8597,0.64,0.9268,41
1579493374.791,0.65,0.8393,0.62,0.9111,41
1579493375.618,0.66,0.8312,0.65,0.9178,41
1579493376.425,0.65,0.8301,0.64,0.9226,41
1579493377.267,0.65,0.8463,0.64,0.8998,41
1579493378.106,0.66,0.8302,0.66,0.9181,41
1579493378.921,0.66,0.8331,0.62,0.9152,41
1579493379.736,0.67,0.8216,0.63,0.927,41
1579493380.506,0.66,0.8106,0.67,0.9,41
1579493381.32,0.66,0.8146,0.64,0.916,42
1579493382.119,0.66,0.8211,0.62,0.9437,42
1579493382.935,0.65,0.8336,0.62,0.963,42
1579493383.754,0.65,0.848,0.6,0.938,42
1579493384.671,0.66,0.8139,0.62,0.9026,42
1579493385.491,0.67,0.8052,0.64,0.9106,42
1579493386.294,0.66,0.8134,0.63,0.9182,42
1579493387.104,0.66,0.8226,0.62,0.9136,42
1579493387.946,0.66,0.8209,0.6,0.9088,42
1579493388.771,0.67,0.8035,0.64,0.918,42
1579493389.631,0.67,0.8052,0.66,0.9174,42
1579493390.345,0.68,0.7816,0.62,0.9162,42
1579493391.196,0.67,0.801,0.65,0.9144,43
1579493392.068,0.67,0.7952,0.6,0.9413,43
1579493392.908,0.65,0.8276,0.63,0.9261,43
1579493393.709,0.66,0.8298,0.63,0.9202,43
1579493394.516,0.65,0.8263,0.61,0.939,43
1579493395.364,0.65,0.8234,0.61,0.9575,43
1579493396.25,0.65,0.8382,0.62,0.9104,43
1579493397.125,0.65,0.8276,0.64,0.904,43
1579493397.937,0.67,0.8186,0.6,0.9169,43
1579493398.738,0.67,0.808,0.63,0.9071,43
1579493399.549,0.67,0.8067,0.61,0.9066,43
1579493400.288,0.68,0.7777,0.65,0.9113,43
1579493401.088,0.67,0.7951,0.62,0.9325,44
1579493401.885,0.67,0.7938,0.62,0.957,44
1579493402.702,0.66,0.8228,0.65,0.9393,44
1579493403.518,0.66,0.823,0.67,0.9136,44
1579493404.32,0.67,0.7897,0.62,0.9062,44
1579493405.145,0.68,0.7896,0.66,0.9042,44
1579493405.97,0.67,0.7955,0.64,0.9058,44
1579493406.813,0.67,0.7977,0.64,0.8996,44
1579493407.65,0.67,0.798,0.65,0.8926,44
1579493408.456,0.68,0.7843,0.66,0.883,44
1579493409.259,0.68,0.7884,0.66,0.9015,44
1579493410.012,0.68,0.7609,0.64,0.9167,44
1579493410.872,0.67,0.7876,0.65,0.9749,45
1579493411.707,0.66,0.8099,0.6,1.0466,45
1579493412.521,0.63,0.894,0.56,1.0439,45
1579493413.365,0.63,0.898,0.63,0.97,45
1579493414.214,0.65,0.8458,0.61,0.9034,45
1579493415.017,0.68,0.7878,0.59,0.9655,45
1579493415.815,0.64,0.8479,0.64,0.9294,45
1579493416.646,0.66,0.811,0.61,0.9473,45
1579493417.474,0.66,0.8364,0.64,0.906,45
1579493418.306,0.67,0.803,0.64,0.9174,45
1579493419.129,0.67,0.8073,0.63,0.9214,45
1579493419.837,0.68,0.7967,0.66,0.9009,45
1579493420.682,0.67,0.7972,0.65,0.9146,46
1579493421.543,0.66,0.8093,0.62,0.9459,46
1579493422.344,0.66,0.8172,0.63,0.9592,46
1579493423.19,0.65,0.8436,0.68,0.9026,46
1579493424.01,0.67,0.7903,0.67,0.8859,46
1579493424.827,0.67,0.7928,0.66,0.9041,46
1579493425.64,0.66,0.7984,0.61,0.9145,46
1579493426.448,0.67,0.797,0.65,0.9171,46
1579493427.364,0.66,0.8113,0.66,0.9012,46
1579493428.171,0.67,0.7878,0.62,0.9094,46
1579493428.982,0.67,0.7928,0.67,0.9032,46
1579493429.688,0.68,0.7614,0.64,0.9065,46
1579493430.513,0.68,0.7844,0.63,0.9082,47
1579493431.377,0.68,0.775,0.62,0.9583,47
1579493432.214,0.66,0.8074,0.63,0.9412,47
1579493433.112,0.67,0.8057,0.65,0.9194,47
1579493433.913,0.66,0.8012,0.63,0.8973,47
1579493434.726,0.69,0.7679,0.66,0.9257,47
1579493435.629,0.67,0.7948,0.64,0.9113,47
1579493436.45,0.67,0.7922,0.66,0.9308,47
1579493437.278,0.67,0.7953,0.66,0.9294,47
1579493438.08,0.68,0.7709,0.61,0.9163,47
1579493438.918,0.68,0.7769,0.63,0.9012,47
1579493439.661,0.69,0.7418,0.65,0.9023,47
1579493440.544,0.69,0.7569,0.64,0.9103,48
1579493441.34,0.69,0.7594,0.64,0.9311,48
1579493442.144,0.67,0.7824,0.66,0.9168,48
1579493442.96,0.67,0.7861,0.67,0.8989,48
1579493443.787,0.69,0.7652,0.7,0.8922,48
1579493444.646,0.69,0.7529,0.65,0.9043,48
1579493445.442,0.68,0.7614,0.66,0.905,48
1579493446.272,0.68,0.7688,0.65,0.9093,48
1579493447.083,0.68,0.7751,0.66,0.8973,48
1579493447.914,0.69,0.7618,0.63,0.9068,48
1579493448.712,0.67,0.79,0.57,1.0129,48
1579493449.423,0.65,0.8124,0.55,1.0233,48
1579493450.252,0.63,0.8683,0.65,0.9222,49
1579493451.107,0.68,0.7682,0.61,0.9489,49
1579493451.944,0.66,0.8109,0.64,0.9538,49
1579493452.745,0.65,0.8406,0.65,0.896,49
1579493453.567,0.68,0.7735,0.62,0.9432,49
1579493454.398,0.67,0.8075,0.64,0.9011,49
1579493455.234,0.68,0.7771,0.67,0.936,49
1579493456.147,0.67,0.7965,0.65,0.9066,49
1579493456.998,0.68,0.7877,0.64,0.9084,49
1579493457.826,0.68,0.7772,0.64,0.9209,49
1579493458.64,0.69,0.7654,0.66,0.9155,49
1579493459.36,0.69,0.747,0.66,0.9165,49
1579493460.159,0.68,0.7798,0.69,0.899,50
1579493460.964,0.69,0.7547,0.64,0.9637,50
1579493461.817,0.66,0.8062,0.64,0.9139,50
1579493462.665,0.68,0.7873,0.67,0.9235,50
1579493463.481,0.67,0.7751,0.63,0.8958,50
1579493464.298,0.69,0.758,0.64,0.935,50
1579493465.138,0.67,0.7667,0.61,0.948,50
1579493465.99,0.67,0.7806,0.62,0.9595,50
1579493466.816,0.66,0.8006,0.65,0.9186,50
1579493467.623,0.69,0.7488,0.6,0.9183,50
1579493468.452,0.69,0.7641,0.67,0.875,50
1579493469.176,0.71,0.7197,0.69,0.8831,50
1579493469.993,0.69,0.7437,0.65,0.9097,51
1579493470.795,0.7,0.7386,0.63,0.9432,51
1579493471.641,0.68,0.7723,0.68,0.9242,51
1579493472.473,0.69,0.7656,0.64,0.9065,51
1579493473.305,0.69,0.7559,0.68,0.8894,51
1579493474.105,0.69,0.7391,0.65,0.893,51
1579493474.945,0.69,0.7422,0.65,0.895,51
1579493475.768,0.68,0.7574,0.66,0.9193,51
1579493476.593,0.69,0.7699,0.63,0.8895,51
1579493477.412,0.7,0.7328,0.63,0.921,51
1579493478.21,0.7,0.745,0.65,0.8948,51
1579493478.935,0.71,0.7215,0.65,0.9125,51
1579493479.788,0.69,0.7344,0.64,0.8889,52
1579493480.661,0.7,0.7229,0.64,0.9094,52
1579493481.458,0.69,0.7472,0.67,0.9352,52
1579493482.265,0.69,0.7675,0.61,0.8868,52
1579493483.137,0.69,0.7457,0.66,0.9117,52
1579493483.983,0.69,0.7421,0.66,0.9069,52
1579493484.804,0.69,0.7469,0.68,0.9143,52
1579493485.609,0.69,0.7416,0.68,0.9013,52
1579493486.41,0.7,0.7388,0.67,0.8705,52
1579493487.348,0.71,0.7462,0.63,0.9051,52
1579493488.177,0.69,0.7522,0.63,0.9026,52
1579493488.888,0.71,0.7104,0.66,0.8846,52
1579493489.703,0.7,0.7179,0.64,0.9509,53
1579493490.519,0.7,0.747,0.61,0.9425,53
1579493491.39,0.67,0.8061,0.61,0.9236,53
1579493492.23,0.68,0.77,0.66,0.8965,53
1579493493.034,0.69,0.7379,0.64,0.8775,53
1579493493.863,0.69,0.7486,0.67,0.8801,53
1579493494.674,0.69,0.7345,0.67,0.8992,53
1579493495.531,0.69,0.7396,0.63,0.94,53
1579493496.335,0.69,0.7615,0.67,0.8971,53
1579493497.14,0.71,0.7175,0.65,0.8931,53
1579493497.952,0.71,0.7252,0.67,0.8864,53
1579493498.674,0.71,0.706,0.67,0.8982,53
1579493499.471,0.7,0.7256,0.65,0.9308,54
1579493500.33,0.7,0.7267,0.65,0.9205,54
1579493501.141,0.69,0.7384,0.66,0.8819,54
1579493501.974,0.7,0.7377,0.65,0.9337,54
1579493502.807,0.68,0.7478,0.64,0.9196,54
1579493503.613,0.68,0.7555,0.58,0.967,54
1579493504.46,0.68,0.7606,0.65,0.9512,54
1579493505.323,0.69,0.759,0.64,0.9032,54
1579493506.147,0.71,0.7355,0.65,0.9122,54
1579493506.949,0.71,0.7229,0.65,0.9259,54
1579493507.753,0.7,0.7312,0.69,0.859,54
1579493508.481,0.73,0.6834,0.63,0.8845,54
1579493509.355,0.7,0.7178,0.68,0.8976,55
1579493510.157,0.71,0.7064,0.67,0.9166,55
1579493510.952,0.69,0.7408,0.63,0.9082,55
1579493511.773,0.69,0.7632,0.67,0.9041,55
1579493512.596,0.71,0.7146,0.68,0.8865,55
1579493513.417,0.71,0.7029,0.65,0.9534,55
1579493514.214,0.7,0.7195,0.65,0.9608,55
1579493515.042,0.7,0.7199,0.65,0.9555,55
1579493515.849,0.69,0.7347,0.65,0.9032,55
1579493516.724,0.72,0.6984,0.65,0.9223,55
1579493517.576,0.71,0.7137,0.68,0.9109,55
1579493518.276,0.71,0.6815,0.67,0.886,55
1579493519.081,0.71,0.7037,0.62,0.9757,56
1579493519.909,0.69,0.7346,0.67,0.9122,56
1579493520.722,0.7,0.7359,0.68,0.8861,56
1579493521.574,0.7,0.7307,0.69,0.8946,56
1579493522.376,0.71,0.713,0.69,0.8527,56
1579493523.214,0.71,0.7051,0.67,0.9185,56
1579493524.026,0.71,0.7019,0.65,0.9589,56
1579493524.838,0.7,0.7199,0.67,0.9341,56
1579493525.677,0.71,0.7139,0.66,0.9174,56
1579493526.474,0.72,0.6943,0.66,0.9153,56
1579493527.366,0.72,0.6964,0.66,0.9115,56
1579493528.076,0.74,0.6597,0.68,0.8979,56
1579493528.881,0.71,0.6896,0.64,0.9523,57
1579493529.684,0.7,0.6988,0.68,0.912,57
1579493530.53,0.7,0.7147,0.7,0.8977,57
1579493531.345,0.71,0.715,0.71,0.894,57
1579493532.145,0.71,0.6926,0.68,0.8517,57
1579493532.973,0.71,0.6967,0.66,0.9419,57
1579493533.798,0.7,0.7084,0.62,0.992,57
1579493534.655,0.69,0.7388,0.63,1.0265,57
1579493535.455,0.68,0.758,0.59,1.0588,57
1579493536.288,0.66,0.8043,0.59,1.0038,57
1579493537.09,0.68,0.7854,0.66,0.9345,57
1579493537.815,0.71,0.7177,0.66,0.8768,57
1579493538.635,0.7,0.7226,0.66,0.8907,58
1579493539.438,0.71,0.703,0.63,0.955,58
1579493540.237,0.68,0.7615,0.66,0.8912,58
1579493541.068,0.69,0.7549,0.71,0.8684,58
1579493541.892,0.71,0.7019,0.69,0.9062,58
1579493542.701,0.7,0.7174,0.7,0.8813,58
1579493543.518,0.7,0.7257,0.67,0.9057,58
1579493544.365,0.71,0.7182,0.65,0.9914,58
1579493545.207,0.7,0.7506,0.63,0.9297,58
1579493546.05,0.71,0.7235,0.64,0.9002,58
1579493546.868,0.72,0.6958,0.65,0.924,58
1579493547.575,0.72,0.6791,0.61,0.9058,58
1579493548.402,0.7,0.7166,0.66,0.9111,59
1579493549.21,0.71,0.7099,0.61,1.0002,59
1579493550.036,0.68,0.7649,0.66,0.8822,59
1579493550.835,0.7,0.7285,0.66,0.8734,59
1579493551.708,0.7,0.7184,0.66,0.9339,59
1579493552.539,0.7,0.734,0.66,0.9091,59
1579493553.38,0.71,0.7125,0.6,0.9142,59
1579493554.202,0.69,0.7449,0.66,0.9659,59
1579493555.022,0.7,0.7378,0.7,0.9251,59
1579493555.86,0.71,0.6962,0.67,0.902,59
1579493556.664,0.71,0.7074,0.68,0.9147,59
1579493557.396,0.74,0.6599,0.65,0.9252,59
1579493558.199,0.7,0.6884,0.65,0.9163,60
1579493559.029,0.71,0.6986,0.62,0.9188,60
1579493559.842,0.7,0.7149,0.66,0.9311,60
1579493560.67,0.69,0.7589,0.68,0.8881,60
1579493561.48,0.69,0.7412,0.67,0.8338,60
1579493562.33,0.71,0.7053,0.69,0.8875,60
1579493563.151,0.7,0.7245,0.63,0.9477,60
1579493563.95,0.68,0.7518,0.61,1.0058,60
1579493564.808,0.65,0.8024,0.64,1.0151,60
1579493565.619,0.69,0.7312,0.61,1.0093,60
1579493566.471,0.71,0.7199,0.62,0.9477,60
1579493567.172,0.72,0.6841,0.66,0.9163,60
1579493567.982,0.71,0.713,0.67,0.9282,61
1579493568.792,0.7,0.7117,0.6,0.9579,61
1579493569.626,0.69,0.7298,0.68,0.917,61
1579493570.435,0.71,0.7172,0.65,0.912,61
1579493571.245,0.7,0.7169,0.68,0.8447,61
1579493572.04,0.72,0.6893,0.68,0.8366,61
1579493572.868,0.71,0.7031,0.73,0.839,61
1579493573.691,0.7,0.7086,0.71,0.8841,61
1579493574.52,0.71,0.705,0.64,0.9468,61
1579493575.353,0.72,0.6935,0.63,0.9594,61
1579493576.201,0.73,0.6859,0.67,0.9534,61
1579493576.945,0.75,0.6341,0.64,0.9475,61
1579493577.801,0.72,0.6812,0.65,0.9432,62
1579493578.625,0.72,0.6827,0.65,0.9671,62
1579493579.431,0.71,0.6893,0.64,0.9468,62
1579493580.286,0.71,0.7017,0.64,0.9077,62
1579493581.131,0.72,0.674,0.64,0.8788,62
1579493581.991,0.73,0.6594,0.7,0.8573,62
1579493582.806,0.72,0.6704,0.74,0.8686,62
1579493583.624,0.71,0.6894,0.69,0.909,62
1579493584.468,0.72,0.6982,0.66,0.9134,62
1579493585.345,0.73,0.6727,0.67,0.9121,62
1579493586.16,0.73,0.6628,0.67,0.9183,62
1579493586.874,0.75,0.6173,0.66,0.9069,62
1579493587.738,0.73,0.6605,0.62,0.9587,63
1579493588.576,0.71,0.6889,0.61,0.9928,63
1579493589.393,0.7,0.7193,0.62,1.0198,63
1579493590.207,0.69,0.7543,0.63,0.945,63
1579493591.013,0.71,0.6893,0.66,0.8775,63
1579493591.867,0.73,0.6625,0.63,0.8933,63
1579493592.708,0.73,0.6654,0.7,0.9012,63
1579493593.521,0.71,0.691,0.67,0.8811,63
1579493594.317,0.72,0.6862,0.73,0.8737,63
1579493595.133,0.73,0.6534,0.62,0.9356,63
1579493595.97,0.73,0.6777,0.66,0.9119,63
1579493596.678,0.76,0.6269,0.67,0.8941,63
1579493597.482,0.74,0.642,0.65,0.9213,64
1579493598.297,0.73,0.6569,0.57,0.9988,64
1579493599.136,0.71,0.6915,0.65,0.9498,64
1579493600.022,0.71,0.7059,0.63,0.9737,64
1579493600.832,0.73,0.657,0.64,0.9064,64
1579493601.631,0.73,0.6503,0.66,0.8841,64
1579493602.461,0.72,0.6629,0.65,0.9684,64
1579493603.287,0.71,0.6817,0.65,0.9275,64
1579493604.119,0.73,0.6592,0.68,0.8967,64
1579493604.921,0.73,0.6494,0.64,0.9801,64
1579493605.756,0.72,0.6797,0.64,0.9063,64
1579493606.485,0.76,0.6074,0.71,0.9177,64
1579493607.382,0.73,0.6596,0.65,0.9505,65
1579493608.2,0.73,0.6499,0.6,0.9368,65
1579493608.997,0.73,0.6509,0.63,0.928,65
1579493609.824,0.72,0.6784,0.59,0.9753,65
1579493610.625,0.72,0.6641,0.64,0.9532,65
1579493611.488,0.73,0.6541,0.62,0.9066,65
1579493612.29,0.71,0.6908,0.62,1.0554,65
1579493613.127,0.7,0.7162,0.63,1.0398,65
1579493613.949,0.71,0.7039,0.65,0.9593,65
1579493614.764,0.69,0.7348,0.62,0.9935,65
1579493615.616,0.7,0.7079,0.62,0.9715,65
1579493616.322,0.73,0.65,0.69,0.9066,65
1579493617.154,0.72,0.6838,0.65,0.9154,66
1579493617.971,0.69,0.7209,0.63,0.9546,66
1579493618.774,0.71,0.686,0.63,0.9987,66
1579493619.609,0.69,0.7361,0.62,0.8994,66
1579493620.473,0.72,0.6747,0.6,0.8761,66
1579493621.294,0.72,0.687,0.64,0.9224,66
1579493622.109,0.72,0.6735,0.59,0.979,66
1579493622.982,0.71,0.7063,0.65,0.9287,66
1579493623.813,0.72,0.6708,0.63,0.9663,66
1579493624.71,0.7,0.6935,0.64,0.9129,66
1579493625.532,0.73,0.6472,0.6,0.9978,66
1579493626.238,0.72,0.652,0.65,0.9606,66
1579493627.045,0.71,0.6732,0.65,0.9465,67
1579493627.866,0.72,0.697,0.67,0.9412,67
1579493628.699,0.72,0.6697,0.65,0.9759,67
1579493629.566,0.71,0.7025,0.68,0.9129,67
1579493630.385,0.72,0.6641,0.72,0.8053,67
1579493631.202,0.74,0.6429,0.65,0.8093,67
1579493632.023,0.71,0.6815,0.63,0.8826,67
1579493632.84,0.71,0.6942,0.6,0.9442,67
1579493633.658,0.73,0.6783,0.65,0.9157,67
1579493634.465,0.73,0.6524,0.69,0.9176,67
1579493635.322,0.72,0.6737,0.65,0.9555,67
1579493636.099,0.76,0.6085,0.6,0.9844,67
1579493636.96,0.71,0.6844,0.66,0.9238,68
1579493637.769,0.74,0.6547,0.67,0.9077,68
1579493638.57,0.7,0.6983,0.65,0.937,68
1579493639.383,0.73,0.6618,0.67,0.9603,68
1579493640.203,0.72,0.6691,0.74,0.8449,68
1579493641.04,0.74,0.6308,0.7,0.8211,68
1579493641.852,0.71,0.668,0.7,0.8352,68
1579493642.678,0.73,0.6586,0.59,0.9736,68
1579493643.484,0.72,0.7111,0.55,0.9327,68
1579493644.294,0.73,0.65,0.65,0.9445,68
1579493645.118,0.73,0.6661,0.66,0.9316,68
1579493645.848,0.76,0.589,0.63,1.0223,68
1579493646.682,0.7,0.6999,0.65,0.9669,69
1579493647.541,0.73,0.6669,0.66,0.9234,69
1579493648.336,0.71,0.6818,0.67,0.8854,69
1579493649.138,0.74,0.6543,0.62,0.9831,69
1579493649.969,0.73,0.6499,0.62,0.9323,69
1579493650.769,0.74,0.6311,0.68,0.8586,69
1579493651.595,0.74,0.6373,0.72,0.8397,69
1579493652.39,0.73,0.6488,0.7,0.859,69
1579493653.211,0.74,0.6463,0.66,0.8721,69
1579493654.074,0.74,0.627,0.65,0.8715,69
1579493654.888,0.75,0.6164,0.66,0.9137,69
1579493655.593,0.77,0.5719,0.62,0.9558,69
1579493656.42,0.74,0.6144,0.63,0.9574,70
1579493657.227,0.75,0.6157,0.63,0.93,70
1579493658.055,0.73,0.6433,0.61,0.9344,70
1579493658.857,0.72,0.6802,0.59,0.9962,70
1579493659.708,0.71,0.6903,0.59,1.0915,70
1579493660.546,0.69,0.7613,0.61,1.0226,70
1579493661.367,0.7,0.7404,0.69,0.9003,70
1579493662.185,0.73,0.6369,0.64,1.019,70
1579493663.027,0.71,0.7042,0.66,0.8925,70
1579493663.831,0.73,0.6674,0.72,0.8719,70
1579493664.652,0.74,0.6462,0.69,0.9538,70
1579493665.369,0.72,0.6638,0.62,0.9308,70
1579493666.22,0.73,0.6347,0.61,0.9967,71
1579493667.029,0.73,0.6643,0.62,0.9836,71
1579493667.85,0.71,0.6805,0.68,0.9069,71
1579493668.664,0.74,0.6362,0.64,0.9071,71
1579493669.492,0.73,0.6536,0.65,0.8791,71
1579493670.308,0.75,0.6225,0.68,0.8614,71
1579493671.14,0.73,0.6401,0.63,0.9119,71
1579493672.061,0.73,0.669,0.65,0.9385,71
1579493672.874,0.74,0.6543,0.61,0.9887,71
1579493673.729,0.73,0.6654,0.63,0.9214,71
1579493674.535,0.74,0.649,0.67,0.9232,71
1579493675.277,0.75,0.6046,0.62,0.9289,71
1579493676.101,0.72,0.663,0.7,0.8938,72
1579493676.9,0.73,0.6495,0.66,0.9852,72
1579493677.703,0.7,0.711,0.61,0.9763,72
1579493678.518,0.72,0.6825,0.61,1.0243,72
1579493679.347,0.71,0.6771,0.63,0.9467,72
1579493680.146,0.72,0.6737,0.68,0.9003,72
1579493680.94,0.74,0.6451,0.65,0.9008,72
1579493681.801,0.73,0.6575,0.65,0.9369,72
1579493682.649,0.72,0.6946,0.62,0.929,72
1579493683.473,0.73,0.6542,0.67,0.8894,72
1579493684.277,0.75,0.6076,0.66,0.9627,72
1579493684.985,0.75,0.6166,0.62,0.9355,72
1579493685.806,0.73,0.6424,0.68,0.9333,73
1579493686.606,0.75,0.6215,0.66,0.9686,73
1579493687.43,0.72,0.6596,0.61,0.9689,73
1579493688.229,0.72,0.6946,0.69,0.9223,73
1579493689.062,0.74,0.6319,0.67,0.9529,73
1579493689.868,0.73,0.645,0.61,0.9271,73
1579493690.666,0.72,0.6722,0.67,0.9169,73
1579493691.461,0.74,0.6296,0.65,0.9946,73
1579493692.297,0.73,0.6639,0.59,0.9623,73
1579493693.169,0.74,0.6438,0.64,0.9217,73
1579493694.046,0.74,0.6298,0.67,0.9694,73
1579493694.751,0.76,0.5999,0.66,0.9279,73
1579493695.601,0.74,0.6227,0.67,0.9359,74
1579493696.433,0.74,0.6425,0.68,0.9563,74
1579493697.329,0.72,0.6506,0.63,0.9995,74
1579493698.179,0.73,0.6554,0.62,0.9224,74
1579493698.982,0.73,0.6531,0.66,0.9388,74
1579493699.797,0.75,0.6282,0.68,0.9281,74
1579493700.63,0.72,0.6589,0.66,0.8751,74
1579493701.462,0.73,0.6548,0.66,0.885,74
1579493702.261,0.73,0.6535,0.62,0.9888,74
1579493703.065,0.73,0.6479,0.64,0.9685,74
1579493703.902,0.75,0.6297,0.63,0.9511,74
1579493704.613,0.76,0.5921,0.67,0.9366,74
1579493705.478,0.73,0.6347,0.62,0.9956,75
1579493706.281,0.73,0.656,0.64,0.902,75
1579493707.111,0.74,0.6316,0.69,0.9359,75
1579493707.939,0.72,0.6675,0.62,1.0689,75
1579493708.751,0.71,0.6933,0.64,0.9453,75
1579493709.57,0.75,0.608,0.65,0.9531,75
1579493710.482,0.72,0.6818,0.67,0.9272,75
1579493711.327,0.72,0.6723,0.69,0.9096,75
1579493712.182,0.74,0.6352,0.69,0.9525,75
1579493712.987,0.73,0.6521,0.64,0.9223,75
1579493713.789,0.76,0.6079,0.64,0.9703,75
1579493714.575,0.78,0.5815,0.64,0.9894,75
1579493715.424,0.74,0.6212,0.67,0.9181,76
1579493716.255,0.75,0.6112,0.66,0.9456,76
1579493717.059,0.73,0.6443,0.67,0.9108,76
1579493717.866,0.75,0.6131,0.69,0.9017,76
1579493718.728,0.75,0.602,0.65,0.9089,76
1579493719.548,0.78,0.5858,0.63,0.9223,76
1579493720.35,0.75,0.6021,0.66,0.903,76
1579493721.146,0.73,0.6298,0.66,0.893,76
1579493721.975,0.75,0.6056,0.64,0.9397,76
1579493722.813,0.76,0.5883,0.68,0.9065,76
1579493723.67,0.76,0.586,0.69,0.883,76
1579493724.397,0.81,0.5192,0.69,0.9683,76
1579493725.249,0.76,0.5813,0.66,0.9933,77
1579493726.14,0.76,0.5789,0.69,0.9687,77
1579493726.957,0.75,0.5954,0.65,0.9937,77
1579493727.758,0.76,0.6036,0.66,0.9192,77
1579493728.574,0.77,0.5633,0.69,0.8623,77
1579493729.431,0.79,0.5475,0.66,0.8786,77
1579493730.271,0.76,0.5767,0.64,0.8951,77
1579493731.099,0.76,0.5832,0.66,0.9062,77
1579493731.912,0.76,0.5827,0.67,0.9286,77
1579493732.727,0.78,0.5668,0.66,0.8984,77
1579493733.554,0.78,0.5617,0.7,0.8959,77
1579493734.258,0.81,0.4984,0.7,0.9473,77
1579493735.09,0.77,0.5516,0.68,0.9717,78
1579493735.89,0.77,0.5598,0.66,1.0031,78
1579493736.731,0.77,0.5729,0.66,0.9633,78
1579493737.564,0.78,0.5748,0.68,0.9219,78
1579493738.36,0.78,0.5418,0.67,0.9031,78
1579493739.156,0.78,0.5424,0.63,0.9085,78
1579493739.986,0.77,0.5639,0.63,0.9605,78
1579493740.804,0.77,0.5638,0.67,0.9423,78
1579493741.633,0.76,0.5785,0.63,0.9314,78
1579493742.436,0.78,0.5516,0.64,0.9211,78
1579493743.238,0.78,0.5436,0.68,0.9198,78
1579493743.997,0.81,0.4868,0.67,0.9889,78
1579493744.874,0.77,0.5482,0.66,1.0254,79
1579493745.675,0.78,0.5498,0.67,0.9972,79
1579493746.474,0.77,0.5568,0.65,1.0241,79
1579493747.312,0.78,0.5731,0.65,0.9073,79
1579493748.151,0.78,0.5479,0.7,1.0121,79
1579493748.95,0.75,0.6049,0.62,0.9698,79
1579493749.755,0.74,0.6314,0.68,0.9643,79
1579493750.578,0.75,0.5972,0.62,1.012,79
1579493751.412,0.76,0.5937,0.63,0.9238,79
1579493752.222,0.77,0.5856,0.67,0.927,79
1579493753.065,0.77,0.5594,0.66,0.9336,79
1579493753.772,0.81,0.4965,0.68,0.9305,79
1579493754.608,0.77,0.5711,0.66,0.9846,80
1579493755.454,0.78,0.5339,0.62,1.026,80
1579493756.307,0.77,0.55,0.67,0.9832,80
1579493757.189,0.76,0.5981,0.67,1.0258,80
1579493758.045,0.77,0.5618,0.67,0.9071,80
1579493758.868,0.77,0.5701,0.66,0.9486,80
1579493759.686,0.75,0.6021,0.59,1.065,80
1579493760.482,0.73,0.644,0.64,1.0246,80
1579493761.3,0.71,0.6568,0.65,0.9911,80
1579493762.149,0.77,0.5752,0.6,1.0347,80
1579493762.971,0.73,0.6595,0.62,0.9521,80
1579493763.672,0.76,0.5696,0.7,0.8983,80
1579493764.495,0.74,0.5934,0.64,1.0359,81
1579493765.411,0.72,0.6314,0.64,0.9874,81
1579493766.259,0.75,0.6004,0.67,1.0137,81
1579493767.132,0.73,0.6331,0.69,0.9319,81
1579493767.928,0.76,0.5842,0.62,0.9328,81
1579493768.725,0.76,0.5795,0.66,0.9184,81
1579493769.59,0.75,0.5948,0.68,0.8974,81
1579493770.458,0.76,0.578,0.64,0.9697,81
1579493771.288,0.76,0.6008,0.66,0.9824,81
1579493772.089,0.75,0.6015,0.63,0.8812,81
1579493772.89,0.76,0.5887,0.63,0.9055,81
1579493773.65,0.79,0.5388,0.63,0.9301,81
1579493774.498,0.75,0.5891,0.7,0.8556,82
1579493775.298,0.75,0.5837,0.66,0.9068,82
1579493776.096,0.76,0.5742,0.62,1.0468,82
1579493776.983,0.74,0.6295,0.65,1.009,82
1579493777.807,0.73,0.6262,0.64,0.9299,82
1579493778.633,0.74,0.6217,0.59,0.9998,82
1579493779.441,0.74,0.6281,0.69,0.8602,82
1579493780.249,0.77,0.5663,0.68,0.8948,82
1579493781.129,0.74,0.6124,0.66,1.029,82
1579493781.934,0.75,0.607,0.62,1.0046,82
1579493782.741,0.76,0.5953,0.6,0.9568,82
1579493783.442,0.77,0.5677,0.66,0.8612,82
1579493784.268,0.76,0.5665,0.62,0.9573,83
1579493785.083,0.73,0.6429,0.65,0.9107,83
1579493785.884,0.75,0.6158,0.63,1.0025,83
1579493786.72,0.75,0.6217,0.65,1.2165,83
1579493787.547,0.72,0.7094,0.68,0.8839,83
1579493788.383,0.76,0.5992,0.63,0.8835,83
1579493789.183,0.74,0.6426,0.63,0.9867,83
1579493790.036,0.72,0.6822,0.68,0.8781,83
1579493790.844,0.75,0.5918,0.65,0.9545,83
1579493791.712,0.74,0.6298,0.61,0.9855,83
1579493792.542,0.76,0.6057,0.65,1.0162,83
1579493793.259,0.76,0.5913,0.66,0.9183,83
1579493794.062,0.74,0.6063,0.66,0.8869,84
1579493794.957,0.74,0.597,0.63,0.9165,84
1579493795.801,0.73,0.6522,0.67,0.9388,84
1579493796.605,0.77,0.5947,0.69,0.9666,84
1579493797.406,0.76,0.5857,0.63,1.0043,84
1579493798.218,0.75,0.6143,0.64,0.9667,84
1579493799.084,0.75,0.6068,0.71,0.8586,84
1579493799.9,0.75,0.6062,0.7,0.8573,84
1579493800.707,0.74,0.6221,0.71,0.8554,84
1579493801.505,0.77,0.5631,0.69,0.8648,84
1579493802.355,0.78,0.5568,0.68,0.8654,84
1579493803.08,0.79,0.5252,0.67,0.8782,84
1579493803.882,0.75,0.5832,0.65,0.8721,85
1579493804.799,0.77,0.5701,0.62,0.8651,85
1579493805.625,0.75,0.5965,0.68,0.8688,85
1579493806.494,0.77,0.5722,0.7,0.9009,85
1579493807.31,0.78,0.5402,0.71,0.9409,85
1579493808.109,0.77,0.565,0.64,0.9061,85
1579493808.906,0.76,0.5824,0.63,0.8904,85
1579493809.738,0.76,0.5743,0.68,0.9259,85
1579493810.552,0.74,0.6078,0.7,0.8707,85
1579493811.364,0.78,0.5471,0.69,0.8577,85
1579493812.169,0.78,0.5442,0.72,0.8507,85
1579493812.941,0.8,0.5055,0.69,0.8588,85
1579493813.756,0.77,0.5606,0.69,0.886,86
1579493814.606,0.77,0.5626,0.68,0.9149,86
1579493815.413,0.75,0.5794,0.68,0.9745,86
1579493816.257,0.77,0.5662,0.66,0.9687,86
1579493817.165,0.78,0.5445,0.68,0.9462,86
1579493818.034,0.78,0.5328,0.66,0.9452,86
1579493818.83,0.77,0.5581,0.66,0.9276,86
1579493819.636,0.76,0.5831,0.63,0.9876,86
1579493820.465,0.75,0.5978,0.69,0.9327,86
1579493821.3,0.78,0.5502,0.7,0.9216,86
1579493822.124,0.78,0.547,0.69,0.8899,86
1579493822.827,0.8,0.4953,0.7,0.8367,86
1579493823.63,0.78,0.5424,0.68,0.8696,87
1579493824.492,0.76,0.567,0.69,0.8644,87
1579493825.357,0.75,0.5894,0.7,0.9093,87
1579493826.152,0.77,0.5567,0.67,0.9918,87
1579493826.956,0.78,0.5431,0.68,0.966,87
1579493827.793,0.79,0.5234,0.67,0.966,87
1579493828.631,0.78,0.5438,0.62,0.9795,87
1579493829.43,0.76,0.5895,0.65,0.9973,87
1579493830.26,0.75,0.5954,0.64,1.038,87
1579493831.066,0.78,0.5451,0.66,1.0622,87
1579493831.968,0.78,0.542,0.68,1.0009,87
1579493832.7,0.8,0.4958,0.65,0.9239,87
1579493833.528,0.78,0.5408,0.66,0.9014,88
1579493834.324,0.76,0.5623,0.67,0.8944,88
1579493835.143,0.75,0.6029,0.69,0.9036,88
1579493835.967,0.76,0.5762,0.68,0.9801,88
1579493836.773,0.77,0.5568,0.69,0.9804,88
1579493837.575,0.78,0.5372,0.68,0.929,88
1579493838.418,0.78,0.5423,0.65,0.9452,88
1579493839.292,0.76,0.5971,0.7,0.9208,88
1579493840.1,0.75,0.6126,0.63,1.0241,88
1579493840.91,0.76,0.5842,0.6,1.0875,88
1579493841.731,0.78,0.5728,0.63,1.1186,88
1579493842.464,0.79,0.5122,0.64,1.0891,88
1579493843.276,0.76,0.5655,0.65,0.9756,89
1579493844.072,0.77,0.5577,0.66,0.9169,89
1579493844.874,0.75,0.598,0.67,0.9181,89
1579493845.686,0.76,0.5944,0.64,0.9426,89
1579493846.501,0.75,0.5793,0.68,0.9648,89
1579493847.4,0.77,0.5613,0.67,0.9301,89
1579493848.196,0.75,0.5851,0.63,0.9066,89
1579493848.998,0.76,0.5908,0.65,0.8715,89
1579493849.883,0.76,0.5912,0.68,0.9626,89
1579493850.692,0.74,0.6086,0.64,1.0032,89
1579493851.488,0.77,0.5642,0.6,1.0814,89
1579493852.19,0.78,0.5434,0.68,1.0856,89
1579493853.012,0.76,0.5894,0.65,1.1151,90
1579493853.822,0.76,0.5834,0.65,1.0639,90
1579493854.62,0.73,0.6292,0.68,0.9774,90
1579493855.48,0.75,0.6075,0.67,1.0081,90
1579493856.307,0.75,0.5783,0.64,1.0286,90
1579493857.117,0.78,0.55,0.65,0.9612,90
1579493857.914,0.76,0.577,0.69,0.8953,90
1579493858.716,0.77,0.5633,0.66,0.9897,90
1579493859.555,0.76,0.5942,0.62,0.9116,90
1579493860.408,0.77,0.5567,0.66,0.916,90
1579493861.282,0.78,0.5416,0.65,0.9599,90
1579493861.984,0.81,0.4903,0.67,0.9636,90
1579493862.802,0.78,0.5366,0.66,0.9359,91
1579493863.66,0.78,0.5265,0.64,0.9672,91
1579493864.504,0.78,0.5436,0.69,0.9603,91
1579493865.305,0.77,0.5609,0.7,0.9676,91
1579493866.102,0.77,0.5481,0.68,1.0108,91
1579493866.93,0.8,0.5003,0.65,1.021,91
1579493867.762,0.78,0.5349,0.67,0.9651,91
1579493868.58,0.77,0.5545,0.69,0.9773,91
1579493869.42,0.78,0.5375,0.65,0.9888,91
1579493870.227,0.79,0.5193,0.64,1.0073,91
1579493871.074,0.78,0.5426,0.62,1.0235,91
1579493871.828,0.83,0.4489,0.67,1.0522,91
1579493872.647,0.79,0.5143,0.68,0.9943,92
1579493873.451,0.79,0.5147,0.68,0.9635,92
1579493874.267,0.77,0.5449,0.66,0.9618,92
1579493875.114,0.78,0.5368,0.67,0.97,92
1579493875.933,0.78,0.5184,0.69,1.0278,92
1579493876.776,0.8,0.4966,0.65,1.0202,92
1579493877.587,0.77,0.541,0.59,1.2506,92
1579493878.438,0.74,0.6476,0.61,1.0523,92
1579493879.254,0.71,0.6359,0.6,1.1316,92
1579493880.058,0.75,0.5857,0.54,1.0358,92
1579493880.854,0.77,0.564,0.66,0.974,92
1579493881.587,0.79,0.5022,0.65,1.0252,92
1579493882.412,0.78,0.5297,0.64,1.064,93
1579493883.212,0.77,0.5498,0.69,0.9675,93
1579493884.011,0.78,0.5608,0.64,0.9062,93
1579493884.838,0.77,0.5652,0.66,0.9657,93
1579493885.729,0.77,0.5487,0.7,0.9509,93
1579493886.528,0.79,0.5097,0.71,0.9084,93
1579493887.323,0.79,0.5307,0.7,0.9682,93
1579493888.12,0.78,0.5397,0.68,1.0704,93
1579493888.939,0.77,0.5585,0.63,0.9726,93
1579493889.755,0.76,0.5605,0.64,0.9805,93
1579493890.591,0.78,0.5547,0.64,0.9754,93
1579493891.297,0.81,0.499,0.7,0.9601,93
1579493892.14,0.78,0.5219,0.68,1.0292,94
1579493892.954,0.78,0.5297,0.63,1.1109,94
1579493893.78,0.75,0.5811,0.66,1.0127,94
1579493894.645,0.79,0.5207,0.66,1.0191,94
1579493895.462,0.76,0.5659,0.71,1.0009,94
1579493896.271,0.79,0.5278,0.69,0.9839,94
1579493897.073,0.78,0.5411,0.66,0.9833,94
1579493897.88,0.77,0.567,0.69,1.0939,94
1579493898.701,0.79,0.5271,0.63,1.1157,94
1579493899.54,0.78,0.5354,0.67,0.9566,94
1579493900.35,0.8,0.509,0.64,0.9574,94
1579493901.051,0.8,0.4917,0.64,1.0287,94
1579493901.889,0.77,0.5521,0.69,0.9944,95
1579493902.715,0.8,0.5002,0.64,1.0208,95
1579493903.515,0.78,0.5383,0.68,1.0424,95
1579493904.316,0.77,0.5514,0.69,0.9977,95
1579493905.146,0.78,0.5146,0.67,0.9856,95
1579493906.04,0.78,0.5321,0.71,0.9369,95
1579493906.872,0.78,0.5509,0.71,0.9568,95
1579493907.671,0.79,0.515,0.64,1.1463,95
1579493908.487,0.76,0.5685,0.67,1.1321,95
1579493909.319,0.78,0.5362,0.63,1.1571,95
1579493910.164,0.78,0.541,0.6,1.0655,95
1579493910.867,0.79,0.5111,0.65,1.0521,95
1579493911.75,0.76,0.5616,0.66,1.0391,96
1579493912.572,0.77,0.5451,0.58,1.0399,96
1579493913.421,0.76,0.5631,0.65,0.9769,96
1579493914.241,0.79,0.5232,0.66,1.0411,96
1579493915.073,0.77,0.5501,0.65,1.0495,96
1579493915.869,0.8,0.4998,0.63,1.0054,96
1579493916.68,0.78,0.5283,0.69,0.8945,96
1579493917.508,0.76,0.5669,0.66,1.1349,96
1579493918.309,0.76,0.574,0.65,1.0199,96
1579493919.105,0.79,0.5004,0.62,1.0154,96
1579493919.91,0.76,0.5643,0.6,1.1466,96
1579493920.643,0.8,0.4831,0.64,1.0999,96
1579493921.447,0.76,0.5641,0.68,1.0163,97
1579493922.248,0.76,0.5708,0.65,0.9891,97
1579493923.074,0.76,0.5801,0.6,1.0097,97
1579493923.909,0.75,0.5765,0.63,1.0215,97
1579493924.763,0.78,0.5413,0.66,1.0564,97
1579493925.567,0.79,0.5289,0.65,1.0005,97
1579493926.373,0.78,0.5313,0.59,1.0512,97
1579493927.198,0.76,0.5704,0.65,1.0145,97
1579493928.017,0.77,0.5509,0.64,1.0644,97
1579493928.816,0.75,0.5935,0.69,0.9116,97
1579493929.638,0.81,0.4883,0.62,1.0343,97
1579493930.35,0.81,0.4941,0.69,1.0071,97
1579493931.209,0.79,0.5226,0.68,1.0263,98
1579493932.008,0.78,0.5326,0.68,1.0114,98
1579493932.805,0.77,0.5769,0.66,0.9848,98
1579493933.667,0.77,0.558,0.66,1.034,98
1579493934.508,0.78,0.5293,0.63,1.0447,98
1579493935.347,0.8,0.4867,0.65,1.0138,98
1579493936.21,0.78,0.5435,0.68,1.0141,98
1579493937.079,0.79,0.5281,0.63,1.1235,98
1579493937.885,0.77,0.5492,0.64,1.1102,98
1579493938.694,0.78,0.529,0.67,0.947,98
1579493939.498,0.79,0.5179,0.67,1.0109,98
1579493940.201,0.83,0.4518,0.62,1.0775,98
1579493941.029,0.77,0.5487,0.7,1.0028,99
1579493941.857,0.79,0.5048,0.67,1.0544,99
1579493942.669,0.75,0.577,0.69,1.0495,99
1579493943.466,0.78,0.5351,0.6,1.1386,99
1579493944.264,0.77,0.5676,0.67,1.0721,99
1579493945.125,0.8,0.4873,0.61,1.0504,99
1579493945.938,0.77,0.5336,0.68,1.0199,99
1579493946.741,0.79,0.5156,0.65,1.1248,99
1579493947.562,0.77,0.5383,0.65,1.2404,99
1579493948.397,0.77,0.5379,0.63,1.0075,99
1579493949.237,0.79,0.5284,0.66,1.0849,99
1579493949.95,0.82,0.4574,0.65,1.1345,99
