1579991343.925,0.24,1.3864,0.22,1.3876,0
1579991344.239,0.24,1.3862,0.22,1.3874,0
1579991344.549,0.25,1.3865,0.19,1.3879,0
1579991344.863,0.25,1.3853,0.19,1.3885,0
1579991345.173,0.25,1.3861,0.19,1.3887,0
1579991345.483,0.25,1.386,0.19,1.3889,0
1579991345.8,0.26,1.3854,0.23,1.388,0
1579991346.11,0.29,1.3864,0.26,1.3871,0
1579991346.435,0.35,1.385,0.24,1.3866,0
1579991346.766,0.32,1.3851,0.25,1.3855,0
1579991347.077,0.33,1.3841,0.24,1.3838,0
1579991347.388,0.31,1.3825,0.24,1.3806,0
1579991347.7,0.32,1.3797,0.24,1.3755,0
1579991348.012,0.32,1.377,0.33,1.3696,0
1579991348.231,0.37,1.3704,0.35,1.3616,0
1579991348.544,0.41,1.3627,0.38,1.3545,1
1579991348.864,0.41,1.3565,0.43,1.343,1
1579991349.175,0.49,1.3368,0.37,1.3341,1
1579991349.489,0.44,1.3209,0.42,1.3302,1
1579991349.802,0.45,1.316,0.43,1.3062,1
1579991350.115,0.49,1.2827,0.34,1.3438,1
1579991350.427,0.38,1.3287,0.46,1.3065,1
1579991350.741,0.49,1.2738,0.42,1.3183,1
1579991351.052,0.46,1.2757,0.44,1.2946,1
1579991351.365,0.48,1.2585,0.43,1.3137,1
1579991351.678,0.48,1.2474,0.42,1.2997,1
1579991351.988,0.48,1.2564,0.44,1.2732,1
1579991352.304,0.5,1.2426,0.47,1.2705,1
1579991352.617,0.51,1.2379,0.43,1.2632,1
1579991352.837,0.51,1.2321,0.43,1.2626,1
1579991353.156,0.52,1.2141,0.44,1.2673,2
1579991353.468,0.48,1.2413,0.46,1.2462,2
1579991353.781,0.53,1.2023,0.47,1.2363,2
1579991354.092,0.52,1.2098,0.45,1.2443,2
1579991354.403,0.52,1.2057,0.44,1.258,2
1579991354.722,0.53,1.2011,0.43,1.2684,2
1579991355.039,0.51,1.2152,0.44,1.2593,2
1579991355.354,0.53,1.1907,0.46,1.2478,2
1579991355.667,0.55,1.1804,0.45,1.2449,2
1579991355.984,0.54,1.1892,0.45,1.2375,2
1579991356.297,0.57,1.1705,0.46,1.2405,2
1579991356.608,0.54,1.1909,0.47,1.2364,2
1579991356.926,0.55,1.1809,0.5,1.2219,2
1579991357.238,0.54,1.1897,0.48,1.2307,2
1579991357.459,0.55,1.1851,0.49,1.2339,2
1579991357.774,0.55,1.1836,0.46,1.2632,3
1579991358.102,0.52,1.2115,0.44,1.2706,3
1579991358.418,0.56,1.1759,0.45,1.2684,3
1579991358.739,0.55,1.1731,0.48,1.2553,3
1579991359.054,0.54,1.1826,0.49,1.238,3
1579991359.369,0.56,1.1698,0.49,1.2271,3
1579991359.686,0.56,1.1773,0.52,1.2209,3
1579991359.999,0.55,1.1729,0.51,1.2092,3
1579991360.313,0.54,1.1724,0.49,1.2276,3
1579991360.634,0.55,1.1768,0.46,1.2525,3
1579991360.949,0.57,1.1552,0.46,1.2511,3
1579991361.264,0.56,1.1746,0.48,1.2267,3
1579991361.578,0.58,1.1649,0.48,1.2394,3
1579991361.892,0.56,1.1701,0.46,1.2519,3
1579991362.12,0.55,1.1703,0.45,1.2404,3
1579991362.438,0.57,1.1598,0.46,1.2239,4
1579991362.756,0.53,1.1911,0.48,1.2148,4
1579991363.069,0.56,1.1694,0.46,1.2448,4
1579991363.384,0.57,1.1586,0.46,1.2626,4
1579991363.697,0.57,1.1678,0.46,1.259,4
1579991364.012,0.57,1.16,0.46,1.2301,4
1579991364.328,0.58,1.1605,0.49,1.2117,4
1579991364.648,0.56,1.1635,0.5,1.2107,4
1579991364.964,0.59,1.1447,0.47,1.2328,4
1579991365.287,0.56,1.1661,0.47,1.2469,4
1579991365.603,0.59,1.1431,0.47,1.2409,4
1579991365.92,0.57,1.1627,0.48,1.2181,4
1579991366.24,0.59,1.1455,0.51,1.2117,4
1579991366.556,0.57,1.1698,0.48,1.227,4
1579991366.778,0.58,1.1551,0.46,1.2537,4
1579991367.108,0.58,1.1515,0.46,1.2619,5
1579991367.428,0.54,1.1924,0.46,1.2442,5
1579991367.747,0.58,1.1483,0.49,1.2249,5
1579991368.071,0.58,1.1508,0.49,1.2274,5
1579991368.39,0.58,1.1567,0.47,1.2478,5
1579991368.707,0.59,1.1456,0.47,1.2492,5
1579991369.025,0.58,1.1536,0.48,1.2288,5
1579991369.354,0.59,1.1405,0.53,1.205,5
1579991369.671,0.59,1.1451,0.51,1.2171,5
1579991369.986,0.58,1.1529,0.48,1.2412,5
1579991370.304,0.61,1.1284,0.46,1.2579,5
1579991370.62,0.58,1.1554,0.45,1.2499,5
1579991370.937,0.59,1.1443,0.47,1.2248,5
1579991371.251,0.59,1.1508,0.48,1.2311,5
1579991371.472,0.58,1.1536,0.48,1.244,5
1579991371.785,0.59,1.1406,0.46,1.2483,6
1579991372.101,0.54,1.1824,0.47,1.2417,6
1579991372.423,0.57,1.1508,0.48,1.2314,6
1579991372.738,0.6,1.1385,0.46,1.2296,6
1579991373.052,0.58,1.1529,0.48,1.2408,6
1579991373.381,0.61,1.1323,0.45,1.2523,6
1579991373.696,0.59,1.1455,0.46,1.2468,6
1579991374.011,0.6,1.1344,0.48,1.2204,6
1579991374.33,0.61,1.1212,0.49,1.2197,6
1579991374.646,0.59,1.1428,0.48,1.2289,6
1579991374.962,0.62,1.1239,0.48,1.2347,6
1579991375.278,0.6,1.141,0.46,1.2452,6
1579991375.593,0.6,1.1346,0.48,1.2306,6
1579991375.911,0.6,1.1373,0.45,1.2317,6
1579991376.132,0.6,1.1467,0.48,1.2504,6
1579991376.454,0.61,1.132,0.47,1.2543,7
1579991376.768,0.56,1.1719,0.48,1.2478,7
1579991377.083,0.59,1.1414,0.49,1.2247,7
1579991377.4,0.6,1.132,0.47,1.2261,7
1579991377.715,0.6,1.1435,0.49,1.2467,7
1579991378.032,0.61,1.1272,0.48,1.2516,7
1579991378.348,0.6,1.1358,0.48,1.2433,7
1579991378.666,0.61,1.1246,0.5,1.2176,7
1579991378.981,0.6,1.1289,0.47,1.2257,7
1579991379.298,0.6,1.1326,0.49,1.2469,7
1579991379.624,0.62,1.1209,0.5,1.2452,7
1579991379.938,0.6,1.1347,0.47,1.2439,7
1579991380.255,0.62,1.1269,0.48,1.2254,7
1579991380.572,0.6,1.133,0.45,1.2365,7
1579991380.796,0.62,1.1295,0.48,1.2483,7
1579991381.114,0.61,1.1249,0.48,1.249,8
1579991381.43,0.57,1.1597,0.48,1.2447,8
1579991381.757,0.6,1.133,0.5,1.2229,8
1579991382.072,0.62,1.1236,0.5,1.2249,8
1579991382.389,0.61,1.1361,0.48,1.242,8
1579991382.713,0.62,1.12,0.48,1.2459,8
1579991383.029,0.61,1.1277,0.48,1.2394,8
1579991383.349,0.61,1.1214,0.49,1.2135,8
1579991383.672,0.62,1.1128,0.51,1.2178,8
1579991383.99,0.61,1.1276,0.48,1.2378,8
1579991384.308,0.64,1.104,0.48,1.2445,8
1579991384.626,0.6,1.1321,0.48,1.2448,8
1579991384.948,0.62,1.1193,0.48,1.2251,8
1579991385.266,0.61,1.1269,0.47,1.2291,8
1579991385.488,0.62,1.1226,0.5,1.2389,8
1579991385.815,0.63,1.1147,0.51,1.24,9
1579991386.134,0.58,1.1538,0.49,1.2385,9
1579991386.45,0.59,1.1345,0.5,1.2292,9
1579991386.781,0.61,1.1176,0.48,1.2221,9
1579991387.11,0.61,1.1327,0.49,1.2357,9
1579991387.428,0.64,1.1085,0.49,1.2452,9
1579991387.743,0.62,1.1219,0.5,1.2434,9
1579991388.061,0.6,1.1316,0.48,1.2367,9
1579991388.379,0.65,1.0954,0.5,1.2221,9
1579991388.698,0.6,1.1242,0.49,1.2194,9
1579991389.019,0.62,1.109,0.48,1.2373,9
1579991389.333,0.62,1.1215,0.49,1.2418,9
1579991389.65,0.61,1.1237,0.49,1.2422,9
1579991389.969,0.61,1.1263,0.5,1.2364,9
1579991390.192,0.62,1.1203,0.48,1.2306,9
1579991390.515,0.64,1.1082,0.47,1.241,10
1579991390.843,0.59,1.1465,0.49,1.2328,10
1579991391.168,0.61,1.1247,0.51,1.23,10
1579991391.492,0.63,1.1132,0.48,1.2182,10
1579991391.812,0.62,1.1197,0.48,1.224,10
1579991392.13,0.62,1.1142,0.47,1.2353,10
1579991392.448,0.62,1.1213,0.49,1.2351,10
1579991392.77,0.61,1.1241,0.49,1.2344,10
1579991393.089,0.65,1.1014,0.49,1.2291,10
1579991393.408,0.62,1.1144,0.49,1.2256,10
1579991393.727,0.65,1.0915,0.48,1.228,10
1579991394.046,0.61,1.1276,0.5,1.2219,10
1579991394.365,0.64,1.1016,0.5,1.2215,10
1579991394.682,0.61,1.1201,0.5,1.2268,10
1579991394.904,0.62,1.1158,0.53,1.2166,10
1579991395.231,0.64,1.0996,0.52,1.2262,11
1579991395.548,0.59,1.1447,0.49,1.2195,11
1579991395.867,0.63,1.1096,0.5,1.2123,11
1579991396.187,0.64,1.105,0.52,1.2104,11
1579991396.511,0.63,1.1074,0.52,1.2206,11
1579991396.826,0.63,1.1094,0.5,1.2243,11
1579991397.144,0.63,1.1093,0.53,1.2064,11
1579991397.464,0.63,1.105,0.52,1.207,11
1579991397.794,0.65,1.0925,0.5,1.2261,11
1579991398.12,0.63,1.1126,0.51,1.2348,11
1579991398.44,0.64,1.0985,0.5,1.2247,11
1579991398.758,0.63,1.1105,0.52,1.209,11
1579991399.08,0.63,1.1015,0.52,1.2096,11
1579991399.399,0.62,1.1129,0.51,1.2183,11
1579991399.625,0.63,1.0991,0.51,1.2183,11
1579991399.952,0.65,1.0928,0.52,1.2181,12
1579991400.286,0.61,1.1281,0.51,1.2232,12
1579991400.619,0.62,1.1122,0.5,1.2234,12
1579991400.937,0.64,1.0938,0.51,1.2254,12
1579991401.255,0.63,1.1092,0.49,1.2316,12
1579991401.578,0.63,1.1031,0.52,1.2145,12
1579991401.897,0.65,1.0955,0.53,1.2197,12
1579991402.227,0.61,1.1165,0.52,1.2092,12
1579991402.547,0.67,1.0823,0.48,1.2202,12
1579991402.87,0.64,1.0959,0.47,1.2349,12
1579991403.192,0.65,1.0864,0.52,1.2185,12
1579991403.513,0.63,1.1061,0.53,1.2135,12
1579991403.832,0.63,1.1002,0.54,1.2041,12
1579991404.155,0.63,1.1034,0.52,1.2014,12
1579991404.38,0.65,1.0895,0.52,1.1973,12
1579991404.703,0.65,1.0874,0.52,1.1963,13
1579991405.024,0.62,1.1166,0.53,1.1944,13
1579991405.347,0.64,1.0974,0.54,1.1984,13
1579991405.674,0.66,1.086,0.53,1.198,13
1579991405.996,0.65,1.0914,0.53,1.1992,13
1579991406.342,0.66,1.0844,0.55,1.1981,13
1579991406.677,0.65,1.0931,0.54,1.2,13
1579991406.999,0.63,1.1012,0.52,1.1972,13
1579991407.326,0.67,1.0757,0.55,1.1899,13
1579991407.645,0.63,1.0994,0.54,1.1927,13
1579991407.963,0.67,1.073,0.5,1.22,13
1579991408.286,0.61,1.1187,0.51,1.2089,13
1579991408.609,0.64,1.0985,0.5,1.2173,13
1579991408.93,0.62,1.1178,0.54,1.1944,13
1579991409.159,0.65,1.0855,0.55,1.1868,13
1579991409.482,0.64,1.0949,0.53,1.1882,14
1579991409.805,0.6,1.1295,0.55,1.1835,14
1579991410.126,0.65,1.0958,0.48,1.1993,14
1579991410.455,0.64,1.0929,0.54,1.197,14
1579991410.775,0.65,1.0856,0.52,1.2061,14
1579991411.094,0.64,1.1024,0.55,1.193,14
1579991411.422,0.65,1.0845,0.5,1.1972,14
1579991411.748,0.64,1.0991,0.53,1.1744,14
1579991412.069,0.68,1.0727,0.57,1.1775,14
1579991412.394,0.65,1.0926,0.58,1.1815,14
1579991412.714,0.66,1.0737,0.56,1.189,14
1579991413.034,0.65,1.0858,0.52,1.2037,14
1579991413.355,0.65,1.0866,0.53,1.2013,14
1579991413.677,0.65,1.0898,0.52,1.1952,14
1579991413.901,0.66,1.0769,0.56,1.1764,14
1579991414.223,0.66,1.0777,0.57,1.1695,15
1579991414.563,0.63,1.1095,0.55,1.1666,15
1579991414.885,0.66,1.0878,0.55,1.1663,15
1579991415.209,0.68,1.0692,0.54,1.1839,15
1579991415.54,0.65,1.0859,0.53,1.1955,15
1579991415.863,0.65,1.0882,0.55,1.1882,15
1579991416.187,0.64,1.0897,0.56,1.1791,15
1579991416.513,0.65,1.093,0.57,1.1674,15
1579991416.835,0.67,1.0709,0.58,1.1604,15
1579991417.16,0.65,1.0904,0.54,1.1669,15
1579991417.483,0.67,1.0723,0.56,1.1643,15
1579991417.804,0.66,1.0768,0.55,1.1879,15
1579991418.125,0.65,1.081,0.56,1.1834,15
1579991418.457,0.65,1.0832,0.57,1.1717,15
1579991418.688,0.67,1.074,0.59,1.1527,15
1579991419.01,0.68,1.064,0.6,1.1488,16
1579991419.332,0.65,1.0981,0.58,1.1485,16
1579991419.661,0.64,1.095,0.6,1.139,16
1579991419.985,0.67,1.0695,0.56,1.1589,16
1579991420.306,0.66,1.0753,0.55,1.1798,16
1579991420.632,0.65,1.0874,0.55,1.1818,16
1579991420.953,0.63,1.098,0.56,1.176,16
1579991421.274,0.64,1.0932,0.56,1.1701,16
1579991421.597,0.66,1.0793,0.57,1.1376,16
1579991421.92,0.66,1.0803,0.59,1.1395,16
1579991422.243,0.65,1.0836,0.57,1.1411,16
1579991422.567,0.65,1.083,0.55,1.1679,16
1579991422.893,0.67,1.067,0.56,1.1843,16
1579991423.216,0.66,1.0794,0.55,1.1908,16
1579991423.442,0.65,1.0814,0.54,1.1933,16
1579991423.775,0.65,1.0816,0.56,1.1866,17
1579991424.096,0.62,1.1175,0.55,1.1729,17
1579991424.42,0.65,1.0829,0.57,1.1541,17
1579991424.743,0.68,1.0632,0.59,1.141,17
1579991425.068,0.66,1.0753,0.6,1.1348,17
1579991425.391,0.66,1.0778,0.59,1.1375,17
1579991425.715,0.68,1.0665,0.6,1.1396,17
1579991426.037,0.66,1.0749,0.61,1.1418,17
1579991426.361,0.68,1.0571,0.59,1.1447,17
1579991426.685,0.67,1.0654,0.57,1.1418,17
1579991427.011,0.7,1.0465,0.56,1.1454,17
1579991427.334,0.67,1.0713,0.59,1.1313,17
1579991427.66,0.68,1.0617,0.59,1.1388,17
1579991427.984,0.67,1.0722,0.59,1.1411,17
1579991428.214,0.69,1.0564,0.59,1.1429,17
1579991428.542,0.67,1.0638,0.59,1.1419,18
1579991428.867,0.63,1.1005,0.59,1.1359,18
1579991429.192,0.66,1.0744,0.59,1.1299,18
1579991429.517,0.68,1.0599,0.62,1.1209,18
1579991429.843,0.67,1.0677,0.62,1.1234,18
1579991430.167,0.68,1.0609,0.58,1.127,18
1579991430.495,0.68,1.0621,0.61,1.1249,18
1579991430.819,0.68,1.0616,0.61,1.1132,18
1579991431.149,0.69,1.0472,0.65,1.1057,18
1579991431.479,0.69,1.0576,0.62,1.1182,18
1579991431.805,0.69,1.0526,0.62,1.1117,18
1579991432.129,0.69,1.0575,0.61,1.1251,18
1579991432.457,0.68,1.063,0.6,1.1328,18
1579991432.782,0.68,1.0627,0.55,1.1576,18
1579991433.008,0.67,1.0699,0.6,1.132,18
1579991433.334,0.68,1.0605,0.6,1.1513,19
1579991433.656,0.61,1.1208,0.61,1.1237,19
1579991433.979,0.65,1.0815,0.58,1.148,19
1579991434.3,0.66,1.0771,0.6,1.1213,19
1579991434.623,0.66,1.0772,0.55,1.164,19
1579991434.951,0.64,1.0948,0.61,1.1504,19
1579991435.276,0.64,1.0968,0.61,1.1429,19
1579991435.6,0.65,1.0877,0.52,1.1948,19
1579991435.927,0.64,1.0979,0.53,1.1556,19
1579991436.25,0.66,1.0854,0.66,1.0985,19
1579991436.572,0.69,1.0506,0.57,1.1589,19
1579991436.898,0.63,1.1096,0.6,1.128,19
1579991437.224,0.66,1.0789,0.58,1.1407,19
1579991437.549,0.66,1.0762,0.51,1.2082,19
1579991437.775,0.64,1.0916,0.5,1.211,19
1579991438.105,0.63,1.1055,0.57,1.1555,20
1579991438.43,0.64,1.0927,0.6,1.1407,20
1579991438.764,0.65,1.0843,0.6,1.1535,20
1579991439.086,0.65,1.0908,0.6,1.1175,20
1579991439.41,0.66,1.077,0.62,1.1116,20
1579991439.733,0.67,1.0663,0.59,1.132,20
1579991440.057,0.67,1.0719,0.62,1.126,20
1579991440.381,0.67,1.0723,0.61,1.1204,20
1579991440.704,0.68,1.0617,0.61,1.1089,20
1579991441.027,0.68,1.0593,0.62,1.1051,20
1579991441.352,0.71,1.0392,0.61,1.1205,20
1579991441.675,0.68,1.0611,0.57,1.129,20
1579991442.0,0.66,1.0734,0.65,1.1122,20
1579991442.333,0.68,1.0634,0.6,1.1305,20
1579991442.562,0.7,1.0433,0.57,1.1476,20
1579991442.889,0.68,1.0636,0.61,1.1333,21
1579991443.215,0.66,1.0827,0.64,1.1163,21
1579991443.54,0.67,1.0766,0.62,1.1043,21
1579991443.865,0.69,1.0549,0.6,1.1067,21
1579991444.189,0.69,1.0604,0.62,1.134,21
1579991444.515,0.66,1.0778,0.61,1.1306,21
1579991444.846,0.66,1.0704,0.61,1.1205,21
1579991445.189,0.68,1.0618,0.63,1.1014,21
1579991445.514,0.7,1.0426,0.64,1.099,21
1579991445.819,0.68,1.0638,0.64,1.098,21
1579991446.151,0.7,1.0483,0.62,1.1026,21
1579991446.478,0.69,1.0478,0.59,1.1239,21
1579991446.808,0.68,1.062,0.58,1.1277,21
1579991447.148,0.67,1.0731,0.6,1.1312,21
1579991447.373,0.68,1.0548,0.61,1.1408,21
1579991447.699,0.68,1.0518,0.6,1.1251,22
1579991448.025,0.67,1.0748,0.6,1.1302,22
1579991448.357,0.64,1.0946,0.6,1.1183,22
1579991448.685,0.68,1.063,0.63,1.1011,22
1579991449.012,0.69,1.0567,0.61,1.1203,22
1579991449.342,0.68,1.0622,0.62,1.1163,22
1579991449.669,0.68,1.0569,0.61,1.1279,22
1579991449.996,0.68,1.0659,0.64,1.1096,22
1579991450.323,0.71,1.0361,0.62,1.1093,22
1579991450.652,0.69,1.0466,0.62,1.1133,22
1579991450.976,0.69,1.0491,0.66,1.0908,22
1579991451.301,0.68,1.0556,0.62,1.11,22
1579991451.628,0.68,1.0586,0.62,1.1067,22
1579991451.953,0.67,1.0693,0.6,1.133,22
1579991452.182,0.69,1.0459,0.55,1.1629,22
1579991452.524,0.68,1.0598,0.59,1.1495,23
1579991452.853,0.65,1.0883,0.6,1.1344,23
1579991453.18,0.66,1.0754,0.62,1.1235,23
1579991453.513,0.68,1.0602,0.62,1.1079,23
1579991453.836,0.67,1.0659,0.63,1.099,23
1579991454.16,0.67,1.0628,0.62,1.1034,23
1579991454.484,0.67,1.0626,0.62,1.1171,23
1579991454.809,0.69,1.0497,0.63,1.129,23
1579991455.136,0.69,1.0504,0.62,1.1142,23
1579991455.462,0.69,1.0579,0.61,1.1229,23
1579991455.789,0.7,1.0398,0.62,1.1103,23
1579991456.117,0.7,1.0457,0.64,1.0953,23
1579991456.444,0.7,1.0428,0.63,1.0981,23
1579991456.753,0.65,1.0778,0.63,1.0991,23
1579991456.983,0.7,1.0352,0.62,1.1272,23
1579991457.314,0.7,1.0371,0.57,1.1463,24
1579991457.645,0.65,1.082,0.6,1.1346,24
1579991457.972,0.67,1.0666,0.61,1.1302,24
1579991458.299,0.69,1.0525,0.64,1.1125,24
1579991458.633,0.67,1.0623,0.63,1.1016,24
1579991458.961,0.69,1.0521,0.64,1.0963,24
1579991459.287,0.69,1.0502,0.61,1.1061,24
1579991459.616,0.69,1.0459,0.62,1.1064,24
1579991459.946,0.71,1.0278,0.63,1.116,24
1579991460.287,0.69,1.0525,0.63,1.1129,24
1579991460.631,0.71,1.032,0.6,1.1112,24
1579991460.964,0.71,1.0338,0.61,1.1058,24
1579991461.292,0.7,1.0448,0.64,1.0955,24
1579991461.62,0.68,1.0579,0.62,1.1021,24
1579991461.851,0.72,1.0257,0.62,1.1148,24
1579991462.181,0.72,1.0249,0.62,1.1233,25
1579991462.508,0.69,1.0606,0.61,1.1213,25
1579991462.837,0.67,1.0653,0.62,1.1144,25
1579991463.166,0.7,1.0391,0.62,1.1092,25
1579991463.495,0.7,1.0438,0.62,1.1101,25
1579991463.829,0.68,1.0518,0.63,1.1088,25
1579991464.159,0.69,1.0466,0.62,1.1027,25
1579991464.491,0.71,1.0336,0.62,1.1033,25
1579991464.829,0.72,1.026,0.63,1.1081,25
1579991465.159,0.7,1.0451,0.61,1.1079,25
1579991465.488,0.72,1.0283,0.62,1.106,25
1579991465.822,0.71,1.0301,0.62,1.107,25
1579991466.152,0.71,1.0403,0.62,1.1041,25
1579991466.496,0.68,1.0591,0.62,1.1087,25
1579991466.736,0.71,1.0322,0.63,1.1143,25
1579991467.064,0.73,1.0219,0.6,1.1205,26
1579991467.399,0.69,1.0575,0.62,1.1222,26
1579991467.73,0.66,1.0795,0.61,1.1135,26
1579991468.057,0.69,1.0499,0.64,1.1042,26
1579991468.383,0.7,1.0415,0.63,1.1034,26
1579991468.723,0.7,1.042,0.64,1.1049,26
1579991469.051,0.68,1.0535,0.65,1.098,26
1579991469.382,0.7,1.0384,0.64,1.0931,26
1579991469.714,0.72,1.024,0.66,1.0969,26
1579991470.042,0.71,1.04,0.64,1.1034,26
1579991470.369,0.7,1.0416,0.61,1.1058,26
1579991470.696,0.7,1.0415,0.63,1.1051,26
1579991471.029,0.71,1.0338,0.66,1.0915,26
1579991471.358,0.69,1.0523,0.64,1.1015,26
1579991471.589,0.7,1.0397,0.61,1.1136,26
1579991471.924,0.71,1.0291,0.62,1.1201,27
1579991472.251,0.7,1.0528,0.62,1.1217,27
1579991472.583,0.69,1.0566,0.61,1.1226,27
1579991472.916,0.69,1.0557,0.62,1.1152,27
1579991473.243,0.67,1.0652,0.63,1.1037,27
1579991473.572,0.7,1.045,0.65,1.089,27
1579991473.898,0.71,1.0358,0.63,1.101,27
1579991474.228,0.7,1.0463,0.66,1.0993,27
1579991474.558,0.69,1.0479,0.65,1.1017,27
1579991474.907,0.69,1.0539,0.64,1.1027,27
1579991475.238,0.72,1.0184,0.62,1.1035,27
1579991475.569,0.7,1.0384,0.63,1.0994,27
1579991475.902,0.7,1.0434,0.64,1.0951,27
1579991476.231,0.68,1.0602,0.64,1.0939,27
1579991476.462,0.72,1.0238,0.64,1.0887,27
1579991476.795,0.72,1.0204,0.61,1.1128,28
1579991477.132,0.68,1.0571,0.61,1.1197,28
1579991477.462,0.68,1.0541,0.61,1.1226,28
1579991477.794,0.7,1.0404,0.64,1.1136,28
1579991478.125,0.7,1.0446,0.61,1.1061,28
1579991478.466,0.7,1.0347,0.61,1.1047,28
1579991478.81,0.71,1.0371,0.62,1.0982,28
1579991479.139,0.7,1.0405,0.65,1.0886,28
1579991479.47,0.72,1.0278,0.62,1.1007,28
1579991479.8,0.7,1.0379,0.64,1.1048,28
1579991480.13,0.73,1.0184,0.63,1.1069,28
1579991480.455,0.7,1.0348,0.62,1.1082,28
1579991480.784,0.7,1.0356,0.64,1.0809,28
1579991481.112,0.69,1.0447,0.67,1.0741,28
1579991481.344,0.73,1.0155,0.62,1.0925,28
1579991481.675,0.74,1.0155,0.63,1.1085,29
1579991482.005,0.7,1.0439,0.61,1.118,29
1579991482.336,0.7,1.0466,0.63,1.1173,29
1579991482.666,0.7,1.0397,0.64,1.1106,29
1579991482.994,0.7,1.0448,0.64,1.0995,29
1579991483.333,0.71,1.0306,0.65,1.0879,29
1579991483.66,0.72,1.0306,0.65,1.0806,29
1579991483.988,0.71,1.033,0.66,1.0808,29
1579991484.326,0.71,1.0273,0.64,1.0967,29
1579991484.654,0.71,1.0352,0.65,1.0965,29
1579991484.985,0.73,1.0138,0.64,1.099,29
1579991485.32,0.71,1.0294,0.64,1.0939,29
1579991485.649,0.72,1.0261,0.64,1.0824,29
1579991485.991,0.7,1.0391,0.65,1.0739,29
1579991486.226,0.73,1.0129,0.63,1.0913,29
1579991486.559,0.71,1.0198,0.66,1.0942,30
1579991486.89,0.71,1.0376,0.64,1.108,30
1579991487.221,0.7,1.0415,0.63,1.1179,30
1579991487.549,0.7,1.043,0.62,1.1154,30
1579991487.877,0.69,1.0544,0.65,1.0963,30
1579991488.207,0.71,1.0356,0.63,1.1032,30
1579991488.539,0.71,1.024,0.65,1.094,30
1579991488.868,0.71,1.0381,0.65,1.1015,30
1579991489.2,0.7,1.0457,0.6,1.1211,30
1579991489.533,0.7,1.0452,0.63,1.1087,30
1579991489.861,0.73,1.0177,0.64,1.1076,30
1579991490.198,0.7,1.0417,0.63,1.1047,30
1579991490.539,0.7,1.0434,0.63,1.0966,30
1579991490.871,0.69,1.0521,0.65,1.0814,30
1579991491.102,0.73,1.0078,0.66,1.0725,30
1579991491.438,0.72,1.0222,0.65,1.089,31
1579991491.776,0.68,1.0632,0.62,1.1024,31
1579991492.106,0.68,1.0562,0.63,1.1106,31
1579991492.437,0.71,1.0323,0.64,1.109,31
1579991492.773,0.7,1.0413,0.63,1.1129,31
1579991493.107,0.69,1.0489,0.6,1.1109,31
1579991493.442,0.69,1.0499,0.64,1.0993,31
1579991493.778,0.71,1.0357,0.64,1.0936,31
1579991494.111,0.72,1.0257,0.6,1.0999,31
1579991494.445,0.69,1.0475,0.61,1.1154,31
1579991494.781,0.72,1.0259,0.61,1.1244,31
1579991495.116,0.71,1.0301,0.6,1.1205,31
1579991495.451,0.69,1.0454,0.61,1.112,31
1579991495.789,0.7,1.038,0.6,1.1156,31
1579991496.029,0.72,1.0183,0.61,1.1019,31
1579991496.362,0.72,1.0232,0.63,1.0989,32
1579991496.7,0.69,1.0484,0.63,1.0932,32
1579991497.029,0.7,1.0449,0.63,1.1113,32
1579991497.362,0.72,1.0263,0.62,1.1138,32
1579991497.7,0.7,1.037,0.64,1.1163,32
1579991498.033,0.69,1.0444,0.63,1.1104,32
1579991498.365,0.7,1.0362,0.62,1.1027,32
1579991498.71,0.72,1.0179,0.63,1.0851,32
1579991499.039,0.72,1.0207,0.66,1.0797,32
1579991499.37,0.7,1.0455,0.61,1.0975,32
1579991499.705,0.73,1.0163,0.63,1.1059,32
1579991500.039,0.72,1.0197,0.63,1.1133,32
1579991500.37,0.7,1.0385,0.64,1.1169,32
1579991500.699,0.69,1.0427,0.58,1.1353,32
1579991500.931,0.71,1.0225,0.61,1.1143,32
1579991501.265,0.73,1.0118,0.62,1.1037,33
1579991501.595,0.69,1.0543,0.63,1.1004,33
1579991501.927,0.67,1.0681,0.59,1.1089,33
1579991502.258,0.71,1.0312,0.6,1.1312,33
1579991502.587,0.7,1.0427,0.63,1.1108,33
1579991502.919,0.7,1.0357,0.65,1.1123,33
1579991503.252,0.69,1.05,0.64,1.106,33
1579991503.582,0.7,1.0342,0.62,1.0899,33
1579991503.914,0.72,1.0202,0.69,1.0609,33
1579991504.247,0.71,1.0386,0.66,1.0731,33
1579991504.576,0.72,1.0237,0.63,1.1006,33
1579991504.916,0.7,1.0356,0.62,1.1027,33
1579991505.253,0.71,1.0308,0.62,1.1234,33
1579991505.584,0.71,1.0376,0.6,1.1467,33
1579991505.826,0.71,1.0282,0.63,1.1238,33
1579991506.157,0.71,1.0229,0.63,1.1185,34
1579991506.493,0.69,1.0498,0.58,1.1218,34
1579991506.828,0.69,1.0459,0.61,1.1121,34
1579991507.171,0.72,1.0247,0.6,1.1183,34
1579991507.504,0.67,1.063,0.62,1.1198,34
1579991507.834,0.71,1.0287,0.6,1.1186,34
1579991508.162,0.71,1.0281,0.62,1.126,34
1579991508.502,0.7,1.0385,0.61,1.1135,34
1579991508.841,0.73,1.0128,0.6,1.1209,34
1579991509.173,0.7,1.0402,0.63,1.0932,34
1579991509.504,0.73,1.0139,0.62,1.102,34
1579991509.835,0.71,1.0307,0.61,1.1167,34
1579991510.166,0.68,1.0492,0.63,1.102,34
1579991510.494,0.71,1.0388,0.59,1.1339,34
1579991510.726,0.73,1.0147,0.6,1.1385,34
1579991511.069,0.7,1.0336,0.62,1.1111,35
1579991511.401,0.7,1.0381,0.62,1.1114,35
1579991511.73,0.68,1.06,0.62,1.1055,35
1579991512.07,0.7,1.0385,0.63,1.0975,35
1579991512.398,0.72,1.0268,0.6,1.1203,35
1579991512.734,0.68,1.0547,0.63,1.1025,35
1579991513.069,0.7,1.0374,0.61,1.1083,35
1579991513.399,0.72,1.0251,0.61,1.1223,35
1579991513.731,0.7,1.0321,0.64,1.0918,35
1579991514.058,0.71,1.0353,0.63,1.0988,35
1579991514.386,0.72,1.0215,0.61,1.1025,35
1579991514.716,0.7,1.0396,0.63,1.0849,35
1579991515.045,0.73,1.0146,0.63,1.1027,35
1579991515.374,0.69,1.0521,0.63,1.1002,35
1579991515.604,0.71,1.021,0.62,1.1,35
1579991515.941,0.74,1.0068,0.6,1.1299,36
1579991516.268,0.66,1.0704,0.64,1.1111,36
1579991516.597,0.7,1.0445,0.65,1.1035,36
1579991516.931,0.72,1.0247,0.63,1.1113,36
1579991517.259,0.68,1.0571,0.64,1.0976,36
1579991517.589,0.7,1.0405,0.65,1.0828,36
1579991517.923,0.72,1.0204,0.69,1.0588,36
1579991518.254,0.72,1.0171,0.7,1.0533,36
1579991518.585,0.71,1.0281,0.68,1.0592,36
1579991518.915,0.72,1.022,0.64,1.0866,36
1579991519.251,0.74,1.0008,0.64,1.0916,36
1579991519.583,0.72,1.0166,0.62,1.0929,36
1579991519.912,0.72,1.0199,0.63,1.0929,36
1579991520.264,0.72,1.0245,0.63,1.1007,36
1579991520.503,0.75,0.996,0.63,1.0927,36
1579991520.84,0.73,1.0107,0.64,1.0907,37
1579991521.168,0.71,1.0322,0.62,1.1047,37
1579991521.496,0.7,1.0393,0.63,1.1028,37
1579991521.825,0.73,1.0159,0.63,1.109,37
1579991522.158,0.7,1.0326,0.6,1.1205,37
1579991522.486,0.71,1.028,0.62,1.106,37
1579991522.813,0.71,1.0265,0.67,1.0831,37
1579991523.142,0.73,1.0081,0.67,1.089,37
1579991523.473,0.71,1.027,0.67,1.0697,37
1579991523.802,0.71,1.0316,0.64,1.094,37
1579991524.13,0.74,1.0047,0.63,1.1119,37
1579991524.464,0.71,1.0303,0.65,1.0981,37
1579991524.795,0.71,1.0235,0.66,1.0843,37
1579991525.124,0.71,1.0331,0.68,1.073,37
1579991525.362,0.74,1.003,0.67,1.0652,37
1579991525.704,0.75,0.9952,0.65,1.0706,38
1579991526.034,0.68,1.0509,0.67,1.0582,38
1579991526.381,0.69,1.0461,0.67,1.0697,38
1579991526.721,0.73,1.0136,0.66,1.0893,38
1579991527.05,0.69,1.0396,0.62,1.1085,38
1579991527.383,0.71,1.0335,0.62,1.1133,38
1579991527.709,0.7,1.0412,0.62,1.1103,38
1579991528.039,0.7,1.0396,0.65,1.0856,38
1579991528.367,0.73,1.0087,0.69,1.0706,38
1579991528.699,0.72,1.0237,0.64,1.0705,38
1579991529.042,0.72,1.022,0.67,1.0584,38
1579991529.371,0.72,1.0152,0.64,1.0897,38
1579991529.701,0.73,1.0111,0.62,1.1002,38
1579991530.031,0.72,1.0248,0.63,1.0929,38
1579991530.261,0.75,0.992,0.65,1.0849,38
1579991530.593,0.74,1.0014,0.66,1.0801,39
1579991530.925,0.72,1.0233,0.65,1.0808,39
1579991531.254,0.72,1.0279,0.66,1.0811,39
1579991531.593,0.74,1.0109,0.65,1.0713,39
1579991531.923,0.73,1.0174,0.66,1.0728,39
1579991532.252,0.72,1.0186,0.64,1.0833,39
1579991532.588,0.73,1.0152,0.65,1.0799,39
1579991532.916,0.74,1.0089,0.65,1.0687,39
1579991533.244,0.74,0.9987,0.67,1.0714,39
1579991533.578,0.73,1.0125,0.68,1.0704,39
1579991533.907,0.75,0.99,0.65,1.0675,39
1579991534.236,0.73,1.0094,0.66,1.0759,39
1579991534.564,0.73,1.0072,0.66,1.0829,39
1579991534.895,0.73,1.014,0.65,1.0808,39
1579991535.127,0.77,0.9797,0.67,1.0824,39
1579991535.462,0.75,0.9963,0.67,1.0824,40
1579991535.792,0.73,1.019,0.66,1.0793,40
1579991536.121,0.72,1.0207,0.65,1.0806,40
1579991536.45,0.74,1.0023,0.66,1.0804,40
1579991536.781,0.73,1.0148,0.66,1.0787,40
1579991537.109,0.74,1.0078,0.64,1.0873,40
1579991537.437,0.73,1.0103,0.65,1.0749,40
1579991537.77,0.74,1.0017,0.65,1.0703,40
1579991538.1,0.75,0.9944,0.65,1.0751,40
1579991538.432,0.73,1.0141,0.67,1.0584,40
1579991538.779,0.76,0.9852,0.65,1.0611,40
1579991539.114,0.73,1.007,0.67,1.0603,40
1579991539.44,0.75,0.9954,0.67,1.0616,40
1579991539.779,0.73,1.0135,0.67,1.067,40
1579991540.007,0.77,0.9753,0.67,1.0809,40
1579991540.339,0.76,0.9879,0.66,1.0767,41
1579991540.67,0.73,1.0127,0.68,1.0759,41
1579991540.999,0.72,1.0228,0.67,1.0696,41
1579991541.327,0.74,1.0012,0.65,1.0746,41
1579991541.655,0.73,1.0109,0.65,1.0807,41
1579991541.982,0.74,1.0064,0.66,1.0708,41
1579991542.312,0.74,1.0047,0.69,1.0643,41
1579991542.641,0.74,0.9988,0.66,1.0691,41
1579991542.968,0.75,0.9936,0.68,1.0585,41
1579991543.301,0.74,1.0014,0.69,1.0502,41
1579991543.634,0.76,0.98,0.7,1.0478,41
1579991543.962,0.74,0.9977,0.69,1.0519,41
1579991544.289,0.74,0.9984,0.67,1.0595,41
1579991544.618,0.73,1.01,0.65,1.0791,41
1579991544.853,0.77,0.9759,0.67,1.0661,41
1579991545.187,0.77,0.9812,0.7,1.0569,42
1579991545.516,0.74,1.0118,0.69,1.0602,42
1579991545.843,0.73,1.012,0.69,1.0638,42
1579991546.17,0.75,0.998,0.68,1.0606,42
1579991546.503,0.74,1.0054,0.68,1.0534,42
1579991546.834,0.74,1.0055,0.67,1.0799,42
1579991547.162,0.73,1.0159,0.67,1.0634,42
1579991547.494,0.75,0.9969,0.66,1.0804,42
1579991547.826,0.75,1.0007,0.66,1.0814,42
1579991548.153,0.72,1.021,0.68,1.0524,42
1579991548.482,0.76,0.9829,0.66,1.0727,42
1579991548.812,0.73,1.0127,0.68,1.0518,42
1579991549.143,0.74,1.0039,0.68,1.0552,42
1579991549.472,0.72,1.0258,0.69,1.0618,42
1579991549.703,0.77,0.9809,0.64,1.1068,42
1579991550.047,0.75,0.9991,0.65,1.0919,43
1579991550.378,0.72,1.0247,0.7,1.0643,43
1579991550.71,0.72,1.0198,0.67,1.0682,43
1579991551.049,0.72,1.0183,0.69,1.0594,43
1579991551.377,0.74,1.0057,0.65,1.0839,43
1579991551.708,0.73,1.0089,0.64,1.071,43
1579991552.04,0.74,1.0074,0.69,1.0667,43
1579991552.367,0.75,0.9921,0.64,1.0844,43
1579991552.695,0.75,0.9936,0.68,1.0704,43
1579991553.036,0.74,1.0046,0.66,1.0726,43
1579991553.368,0.75,0.992,0.66,1.073,43
1579991553.699,0.73,1.0071,0.69,1.0535,43
1579991554.033,0.76,0.9895,0.67,1.0665,43
1579991554.365,0.72,1.0242,0.68,1.0597,43
1579991554.598,0.75,0.9902,0.66,1.0812,43
1579991554.935,0.77,0.9802,0.65,1.101,44
1579991555.266,0.71,1.0296,0.63,1.0924,44
1579991555.595,0.71,1.0364,0.69,1.0711,44
1579991555.935,0.73,1.0155,0.69,1.0552,44
1579991556.266,0.73,1.0124,0.67,1.0552,44
1579991556.603,0.73,1.0129,0.62,1.0848,44
1579991556.94,0.69,1.0467,0.69,1.0456,44
1579991557.28,0.73,1.0103,0.65,1.0734,44
1579991557.613,0.75,0.9966,0.65,1.0964,44
1579991557.943,0.69,1.0494,0.66,1.0828,44
1579991558.298,0.73,1.0105,0.69,1.061,44
1579991558.629,0.73,1.0092,0.61,1.111,44
1579991558.958,0.72,1.0271,0.68,1.0603,44
1579991559.297,0.71,1.0348,0.7,1.03,44
1579991559.529,0.76,0.9825,0.7,1.0546,44
1579991559.862,0.74,1.0041,0.66,1.0701,45
1579991560.192,0.72,1.0259,0.67,1.0799,45
1579991560.522,0.72,1.0214,0.65,1.1029,45
1579991560.85,0.71,1.031,0.64,1.1003,45
1579991561.182,0.69,1.0433,0.69,1.0633,45
1579991561.512,0.74,1.0076,0.68,1.0666,45
1579991561.848,0.72,1.0172,0.68,1.0545,45
1579991562.175,0.73,1.0041,0.69,1.0429,45
1579991562.503,0.73,1.008,0.69,1.0466,45
1579991562.832,0.73,1.0138,0.68,1.0651,45
1579991563.162,0.75,0.994,0.68,1.0638,45
1579991563.491,0.73,1.014,0.68,1.075,45
1579991563.818,0.72,1.0165,0.66,1.0806,45
1579991564.146,0.72,1.0221,0.66,1.0682,45
1579991564.385,0.76,0.9789,0.68,1.0453,45
1579991564.721,0.74,0.9944,0.68,1.0559,46
1579991565.054,0.71,1.0274,0.64,1.0789,46
1579991565.384,0.73,1.0176,0.68,1.0809,46
1579991565.713,0.73,1.0083,0.65,1.0832,46
1579991566.043,0.71,1.028,0.65,1.0777,46
1579991566.372,0.73,1.0137,0.67,1.0855,46
1579991566.7,0.72,1.0175,0.67,1.0689,46
1579991567.041,0.75,0.9932,0.69,1.0509,46
1579991567.372,0.74,1.0034,0.66,1.0672,46
1579991567.703,0.7,1.0394,0.66,1.0622,46
1579991568.034,0.76,0.9877,0.66,1.0656,46
1579991568.364,0.74,1.0063,0.66,1.0812,46
1579991568.691,0.73,1.0142,0.63,1.1024,46
1579991569.023,0.71,1.0274,0.65,1.102,46
1579991569.253,0.74,0.9982,0.67,1.0748,46
1579991569.594,0.76,0.9849,0.67,1.0782,47
1579991569.922,0.73,1.0088,0.6,1.0986,47
1579991570.254,0.7,1.0376,0.62,1.0946,47
1579991570.603,0.73,1.0132,0.66,1.0742,47
1579991570.932,0.74,1.0048,0.65,1.0864,47
1579991571.26,0.73,1.0092,0.61,1.118,47
1579991571.6,0.71,1.0315,0.62,1.1141,47
1579991571.928,0.73,1.0151,0.66,1.0756,47
1579991572.255,0.74,0.9968,0.64,1.0881,47
1579991572.587,0.74,1.0036,0.62,1.1056,47
1579991572.918,0.73,1.0099,0.67,1.084,47
1579991573.247,0.72,1.0165,0.65,1.0854,47
1579991573.576,0.74,1.0082,0.67,1.0765,47
1579991573.911,0.72,1.0148,0.66,1.0827,47
1579991574.139,0.77,0.9778,0.65,1.0845,47
1579991574.478,0.74,1.001,0.68,1.0693,48
1579991574.806,0.72,1.0245,0.65,1.0776,48
1579991575.141,0.74,1.0071,0.66,1.0821,48
1579991575.474,0.73,1.0139,0.64,1.0828,48
1579991575.802,0.71,1.029,0.65,1.0823,48
1579991576.131,0.71,1.0216,0.69,1.0557,48
1579991576.46,0.74,0.9993,0.66,1.0842,48
1579991576.792,0.74,1.0005,0.62,1.1159,48
1579991577.125,0.72,1.0181,0.61,1.1073,48
1579991577.454,0.72,1.0201,0.68,1.0748,48
1579991577.79,0.75,0.9865,0.65,1.075,48
1579991578.122,0.74,0.9977,0.65,1.0765,48
1579991578.452,0.75,0.9953,0.68,1.0623,48
1579991578.788,0.71,1.0292,0.7,1.0514,48
1579991579.021,0.76,0.9846,0.66,1.0664,48
1579991579.351,0.75,0.9834,0.66,1.0862,49
1579991579.688,0.7,1.0347,0.67,1.0784,49
1579991580.018,0.73,1.0136,0.66,1.0894,49
1579991580.362,0.72,1.016,0.62,1.1008,49
1579991580.722,0.7,1.0361,0.66,1.0745,49
1579991581.052,0.73,1.011,0.71,1.0426,49
1579991581.381,0.75,0.9964,0.71,1.035,49
1579991581.714,0.75,0.9913,0.72,1.037,49
1579991582.042,0.74,1.0004,0.68,1.0448,49
1579991582.378,0.74,1.0053,0.7,1.046,49
1579991582.712,0.77,0.9758,0.69,1.0528,49
1579991583.044,0.75,0.9934,0.7,1.0557,49
1579991583.377,0.74,1.0014,0.68,1.0588,49
1579991583.707,0.74,1.0088,0.7,1.0503,49
1579991583.939,0.78,0.9677,0.72,1.0353,49
1579991584.273,0.76,0.9833,0.7,1.0395,50
1579991584.602,0.72,1.0201,0.68,1.059,50
1579991584.94,0.73,1.0126,0.67,1.0652,50
1579991585.269,0.76,0.9916,0.65,1.0886,50
1579991585.598,0.72,1.0195,0.63,1.1002,50
1579991585.935,0.73,1.018,0.64,1.0903,50
1579991586.28,0.72,1.0205,0.69,1.047,50
1579991586.625,0.75,0.9875,0.69,1.0476,50
1579991586.964,0.74,0.9988,0.64,1.0798,50
1579991587.293,0.69,1.0506,0.69,1.0511,50
1579991587.628,0.75,0.9896,0.69,1.0434,50
1579991587.959,0.75,0.9914,0.68,1.0736,50
1579991588.288,0.74,1.0042,0.68,1.0769,50
1579991588.618,0.72,1.0186,0.67,1.0581,50
1579991588.852,0.77,0.9707,0.7,1.0442,50
1579991589.19,0.77,0.9717,0.7,1.0396,51
1579991589.52,0.74,1.0087,0.72,1.0366,51
1579991589.85,0.73,1.0109,0.72,1.0387,51
1579991590.184,0.74,1.0028,0.7,1.05,51
1579991590.512,0.75,0.9911,0.67,1.072,51
1579991590.854,0.74,0.9983,0.66,1.0773,51
1579991591.183,0.74,1.0057,0.66,1.0712,51
1579991591.52,0.73,1.0121,0.68,1.0551,51
1579991591.854,0.75,0.9907,0.69,1.0539,51
1579991592.186,0.75,0.9922,0.69,1.0611,51
1579991592.517,0.77,0.9733,0.7,1.0549,51
1579991592.846,0.74,1.0015,0.7,1.0434,51
1579991593.185,0.74,1.0018,0.7,1.0466,51
1579991593.513,0.74,1.0064,0.69,1.0563,51
1579991593.745,0.79,0.9564,0.66,1.0672,51
1579991594.078,0.76,0.983,0.68,1.0659,52
1579991594.408,0.72,1.0237,0.67,1.061,52
1579991594.74,0.74,1.0059,0.67,1.0608,52
1579991595.078,0.74,0.9939,0.67,1.0507,52
1579991595.411,0.75,0.9934,0.7,1.0372,52
1579991595.741,0.75,0.9977,0.7,1.0391,52
1579991596.072,0.75,0.9931,0.71,1.036,52
1579991596.404,0.77,0.9762,0.74,1.0279,52
1579991596.733,0.77,0.977,0.72,1.0316,52
1579991597.062,0.76,0.9882,0.67,1.0518,52
1579991597.394,0.77,0.9687,0.68,1.0521,52
1579991597.727,0.76,0.9836,0.69,1.0423,52
1579991598.054,0.77,0.9756,0.71,1.0435,52
1579991598.388,0.74,1.0028,0.69,1.0616,52
1579991598.619,0.77,0.9719,0.67,1.0603,52
1579991598.954,0.78,0.9694,0.68,1.0683,53
1579991599.295,0.73,1.0124,0.68,1.0706,53
1579991599.628,0.75,0.9998,0.65,1.0859,53
1579991599.956,0.74,1.0017,0.64,1.0814,53
1579991600.301,0.74,1.0021,0.69,1.039,53
1579991600.641,0.76,0.9851,0.67,1.0622,53
1579991600.97,0.74,1.0024,0.68,1.0631,53
1579991601.302,0.75,0.9902,0.73,1.0224,53
1579991601.634,0.76,0.9838,0.73,1.0187,53
1579991601.965,0.74,0.9986,0.69,1.0455,53
1579991602.297,0.78,0.9683,0.66,1.0692,53
1579991602.629,0.74,0.9955,0.67,1.0593,53
1579991602.958,0.75,0.9933,0.67,1.0669,53
1579991603.291,0.74,0.9987,0.63,1.0982,53
1579991603.523,0.77,0.9727,0.69,1.0505,53
1579991603.855,0.77,0.9748,0.65,1.077,54
1579991604.188,0.72,1.0169,0.65,1.078,54
1579991604.519,0.73,1.0076,0.64,1.0891,54
1579991604.85,0.76,0.9875,0.61,1.1216,54
1579991605.181,0.72,1.0188,0.63,1.0915,54
1579991605.518,0.74,1.0011,0.72,1.0498,54
1579991605.85,0.75,0.9936,0.66,1.0673,54
1579991606.178,0.75,0.9926,0.68,1.0452,54
1579991606.522,0.75,0.9905,0.73,1.0179,54
1579991606.853,0.73,1.0092,0.72,1.0234,54
1579991607.185,0.76,0.9799,0.69,1.04,54
1579991607.522,0.75,0.9892,0.7,1.0494,54
1579991607.854,0.74,0.998,0.69,1.0551,54
1579991608.183,0.72,1.0231,0.68,1.0623,54
1579991608.516,0.77,0.9719,0.65,1.0857,54
1579991608.851,0.76,0.9857,0.72,1.0401,55
1579991609.178,0.72,1.0187,0.66,1.0839,55
1579991609.508,0.72,1.0215,0.63,1.0866,55
1579991609.841,0.73,1.0074,0.68,1.0577,55
1579991610.17,0.76,0.9856,0.62,1.1055,55
1579991610.499,0.74,1.0071,0.63,1.109,55
1579991610.827,0.71,1.0302,0.66,1.0754,55
1579991611.158,0.74,0.9959,0.64,1.0859,55
1579991611.489,0.76,0.9866,0.64,1.0872,55
1579991611.819,0.73,1.0129,0.7,1.0504,55
1579991612.15,0.75,0.9902,0.72,1.037,55
1579991612.478,0.74,1.0032,0.66,1.0621,55
1579991612.808,0.75,0.9953,0.66,1.071,55
1579991613.147,0.74,1.0036,0.7,1.0539,55
1579991613.377,0.77,0.9686,0.68,1.062,55
1579991613.715,0.76,0.9861,0.69,1.0536,56
1579991614.046,0.74,1.0039,0.69,1.0507,56
1579991614.376,0.75,0.9931,0.69,1.0462,56
1579991614.71,0.76,0.9857,0.69,1.0399,56
1579991615.038,0.75,0.9921,0.71,1.0302,56
1579991615.37,0.76,0.9868,0.7,1.0363,56
1579991615.706,0.75,0.9926,0.7,1.042,56
1579991616.035,0.76,0.9798,0.71,1.0398,56
1579991616.369,0.77,0.9736,0.68,1.0509,56
1579991616.7,0.76,0.9839,0.68,1.0545,56
1579991617.031,0.78,0.9628,0.68,1.0481,56
1579991617.363,0.76,0.9831,0.69,1.0411,56
1579991617.69,0.77,0.9743,0.7,1.0398,56
1579991618.019,0.74,0.998,0.69,1.0537,56
1579991618.254,0.79,0.9526,0.7,1.0452,56
1579991618.599,0.77,0.9656,0.68,1.0596,57
1579991618.931,0.75,0.9974,0.66,1.0774,57
1579991619.263,0.75,0.9937,0.65,1.0732,57
1579991619.592,0.76,0.9829,0.68,1.0582,57
1579991619.922,0.75,0.9936,0.68,1.0466,57
1579991620.253,0.76,0.9825,0.69,1.0443,57
1579991620.587,0.75,0.9931,0.69,1.0499,57
1579991620.918,0.76,0.9872,0.72,1.0265,57
1579991621.25,0.77,0.9695,0.74,1.018,57
1579991621.594,0.76,0.9789,0.74,1.0183,57
1579991621.936,0.78,0.962,0.7,1.0269,57
1579991622.268,0.77,0.9764,0.71,1.0343,57
1579991622.597,0.77,0.9732,0.7,1.0374,57
1579991622.933,0.75,0.9946,0.68,1.0648,57
1579991623.163,0.8,0.9476,0.65,1.078,57
1579991623.497,0.77,0.9733,0.69,1.0509,58
1579991623.827,0.74,1.0017,0.68,1.0559,58
1579991624.155,0.75,0.9913,0.67,1.067,58
1579991624.485,0.75,0.9965,0.68,1.0556,58
1579991624.814,0.75,0.995,0.67,1.0644,58
1579991625.143,0.75,0.9947,0.68,1.0629,58
1579991625.474,0.74,1.0016,0.69,1.0558,58
1579991625.804,0.76,0.981,0.64,1.089,58
1579991626.133,0.75,0.9935,0.68,1.0632,58
1579991626.464,0.75,0.9879,0.74,1.0175,58
1579991626.799,0.78,0.9624,0.72,1.0298,58
1579991627.142,0.74,1.0053,0.72,1.0245,58
1579991627.471,0.78,0.9688,0.69,1.0396,58
1579991627.801,0.75,0.9943,0.71,1.0447,58
1579991628.032,0.78,0.9663,0.68,1.0559,58
1579991628.365,0.77,0.9658,0.67,1.0664,59
1579991628.694,0.73,1.0083,0.68,1.055,59
1579991629.024,0.76,0.9861,0.67,1.0704,59
1579991629.357,0.74,1.0001,0.65,1.0772,59
1579991629.685,0.71,1.0258,0.7,1.0467,59
1579991630.013,0.76,0.9826,0.62,1.1062,59
1579991630.346,0.72,1.0229,0.64,1.1009,59
1579991630.674,0.73,1.0086,0.68,1.0685,59
1579991631.007,0.76,0.983,0.64,1.0848,59
1579991631.339,0.73,1.0097,0.63,1.0944,59
1579991631.67,0.73,1.0084,0.66,1.064,59
1579991632.002,0.75,0.9903,0.66,1.0804,59
1579991632.332,0.73,1.0086,0.66,1.0739,59
1579991632.661,0.71,1.0276,0.7,1.057,59
1579991632.892,0.79,0.9488,0.65,1.0887,59
1579991633.228,0.75,0.995,0.63,1.091,60
1579991633.555,0.71,1.0331,0.65,1.0746,60
1579991633.883,0.73,1.0052,0.64,1.0877,60
1579991634.221,0.76,0.9816,0.63,1.0956,60
1579991634.548,0.73,1.0206,0.65,1.0861,60
1579991634.876,0.73,1.0087,0.65,1.0712,60
1579991635.216,0.75,0.9912,0.69,1.0419,60
1579991635.543,0.77,0.9707,0.69,1.0632,60
1579991635.87,0.77,0.9766,0.62,1.1085,60
1579991636.199,0.72,1.0251,0.67,1.0775,60
1579991636.53,0.76,0.9798,0.73,1.03,60
1579991636.859,0.76,0.9766,0.72,1.0266,60
1579991637.188,0.77,0.9741,0.7,1.0438,60
1579991637.517,0.73,1.0109,0.65,1.057,60
1579991637.749,0.79,0.9606,0.68,1.0555,60
1579991638.077,0.78,0.9649,0.68,1.0549,61
1579991638.417,0.74,1.006,0.67,1.0694,61
1579991638.746,0.74,1.0033,0.69,1.0572,61
1579991639.078,0.75,0.9893,0.7,1.0521,61
1579991639.41,0.75,0.9893,0.67,1.0637,61
1579991639.74,0.75,0.99,0.65,1.0755,61
1579991640.071,0.73,1.0104,0.66,1.0667,61
1579991640.416,0.73,1.006,0.69,1.0428,61
1579991640.761,0.75,0.9877,0.71,1.0326,61
1579991641.09,0.77,0.9776,0.68,1.0497,61
1579991641.428,0.78,0.9666,0.7,1.0403,61
1579991641.76,0.74,0.9961,0.73,1.0316,61
1579991642.089,0.75,0.9879,0.69,1.0504,61
1579991642.428,0.74,1.0042,0.69,1.0439,61
1579991642.656,0.79,0.9547,0.69,1.0452,61
1579991642.99,0.76,0.9778,0.66,1.0727,62
1579991643.322,0.73,1.0089,0.68,1.067,62
1579991643.653,0.75,0.9981,0.7,1.0435,62
1579991643.984,0.76,0.9828,0.68,1.0464,62
1579991644.318,0.76,0.9817,0.69,1.0439,62
1579991644.645,0.76,0.9838,0.7,1.0393,62
1579991644.974,0.76,0.9837,0.71,1.0379,62
1579991645.307,0.77,0.9681,0.67,1.0471,62
1579991645.633,0.77,0.9731,0.68,1.0441,62
1579991645.96,0.77,0.9745,0.71,1.0333,62
1579991646.305,0.79,0.9499,0.72,1.0243,62
1579991646.649,0.77,0.9682,0.72,1.0184,62
1579991646.981,0.78,0.9666,0.74,1.0176,62
1579991647.313,0.75,0.9931,0.68,1.0496,62
1579991647.543,0.8,0.946,0.69,1.0508,62
1579991647.88,0.79,0.9562,0.7,1.0384,63
1579991648.21,0.75,0.9941,0.71,1.0476,63
1579991648.544,0.76,0.9854,0.68,1.0558,63
1579991648.884,0.76,0.982,0.7,1.0405,63
1579991649.219,0.76,0.9829,0.7,1.0384,63
1579991649.548,0.76,0.9855,0.69,1.0477,63
1579991649.878,0.75,0.9961,0.69,1.0527,63
1579991650.211,0.79,0.9586,0.67,1.0642,63
1579991650.549,0.77,0.9733,0.66,1.0681,63
1579991650.881,0.75,0.9908,0.7,1.0484,63
1579991651.212,0.79,0.9557,0.72,1.0253,63
1579991651.544,0.77,0.9707,0.69,1.0342,63
1579991651.875,0.77,0.9718,0.69,1.0385,63
1579991652.204,0.75,0.9953,0.68,1.064,63
1579991652.44,0.8,0.9467,0.68,1.0602,63
1579991652.771,0.79,0.9505,0.69,1.0476,64
1579991653.1,0.76,0.9868,0.7,1.0338,64
1579991653.433,0.77,0.9786,0.73,1.0256,64
1579991653.774,0.76,0.9796,0.73,1.0206,64
1579991654.102,0.77,0.978,0.71,1.0326,64
1579991654.431,0.77,0.9694,0.68,1.0605,64
1579991654.771,0.73,1.0065,0.71,1.04,64
1579991655.118,0.76,0.9755,0.68,1.055,64
1579991655.448,0.77,0.9709,0.65,1.0886,64
1579991655.786,0.73,1.0093,0.66,1.0797,64
1579991656.115,0.76,0.9796,0.7,1.0362,64
1579991656.446,0.77,0.971,0.71,1.0378,64
1579991656.784,0.76,0.9784,0.71,1.0383,64
1579991657.114,0.74,1.011,0.67,1.0498,64
1579991657.346,0.79,0.9605,0.69,1.046,64
1579991657.678,0.78,0.9584,0.68,1.0504,65
1579991658.01,0.74,1.0058,0.69,1.051,65
1579991658.339,0.74,0.9966,0.72,1.0328,65
1579991658.667,0.76,0.9835,0.73,1.0145,65
1579991658.997,0.77,0.9724,0.73,1.0142,65
1579991659.329,0.77,0.9764,0.7,1.0234,65
1579991659.657,0.76,0.9882,0.71,1.0316,65
1579991659.988,0.75,0.9881,0.73,1.015,65
1579991660.32,0.77,0.9711,0.69,1.0386,65
1579991660.652,0.75,0.988,0.67,1.0707,65
1579991660.984,0.76,0.9806,0.65,1.0696,65
1579991661.314,0.74,0.9948,0.71,1.04,65
1579991661.643,0.77,0.9748,0.7,1.0509,65
1579991661.979,0.73,1.017,0.67,1.0653,65
1579991662.209,0.75,0.9915,0.69,1.0664,65
1579991662.543,0.75,0.9867,0.63,1.103,66
1579991662.874,0.71,1.0274,0.62,1.1006,66
1579991663.204,0.72,1.0184,0.69,1.0564,66
1579991663.534,0.74,0.9953,0.66,1.0799,66
1579991663.866,0.74,1.0019,0.65,1.0891,66
1579991664.196,0.73,1.0084,0.7,1.0434,66
1579991664.526,0.74,1.0014,0.72,1.0242,66
1579991664.857,0.77,0.9682,0.7,1.043,66
1579991665.186,0.76,0.981,0.67,1.0641,66
1579991665.518,0.75,0.9921,0.71,1.047,66
1579991665.851,0.77,0.9703,0.69,1.0459,66
1579991666.179,0.77,0.9727,0.66,1.0625,66
1579991666.513,0.77,0.975,0.71,1.0431,66
1579991666.847,0.74,0.9948,0.7,1.0387,66
1579991667.081,0.79,0.9557,0.71,1.0338,66
1579991667.415,0.77,0.9728,0.67,1.0497,67
1579991667.746,0.75,0.9894,0.67,1.0724,67
1579991668.082,0.76,0.9906,0.67,1.07,67
1579991668.413,0.75,0.9954,0.69,1.0612,67
1579991668.743,0.74,1.0041,0.65,1.0802,67
1579991669.076,0.76,0.9858,0.65,1.0775,67
1579991669.407,0.75,0.9904,0.68,1.0542,67
1579991669.738,0.76,0.9793,0.73,1.0185,67
1579991670.069,0.76,0.9839,0.69,1.0536,67
1579991670.396,0.75,0.9962,0.66,1.078,67
1579991670.725,0.77,0.9741,0.67,1.0647,67
1579991671.058,0.77,0.976,0.68,1.0682,67
1579991671.388,0.76,0.9803,0.66,1.0876,67
1579991671.717,0.74,1.004,0.66,1.0828,67
1579991671.949,0.79,0.9546,0.69,1.0471,67
1579991672.28,0.79,0.9581,0.7,1.045,68
1579991672.611,0.74,1.0053,0.65,1.0797,68
1579991672.943,0.73,1.0113,0.67,1.0693,68
1579991673.283,0.78,0.9704,0.67,1.0762,68
1579991673.614,0.76,0.9892,0.65,1.0826,68
1579991673.941,0.74,0.9974,0.64,1.0916,68
1579991674.282,0.73,1.0143,0.66,1.0843,68
1579991674.609,0.76,0.9802,0.67,1.0655,68
1579991674.937,0.78,0.9599,0.67,1.0697,68
1579991675.275,0.75,0.9908,0.67,1.0751,68
1579991675.605,0.74,0.999,0.68,1.0538,68
1579991675.936,0.76,0.9859,0.7,1.0442,68
1579991676.27,0.78,0.9617,0.67,1.0727,68
1579991676.597,0.76,0.987,0.65,1.0932,68
1579991676.829,0.78,0.9648,0.64,1.0804,68
1579991677.163,0.77,0.9698,0.67,1.0681,69
1579991677.491,0.74,0.9979,0.65,1.0751,69
1579991677.819,0.75,0.9904,0.65,1.0689,69
1579991678.151,0.76,0.9811,0.67,1.0625,69
1579991678.482,0.77,0.9739,0.68,1.0505,69
1579991678.817,0.75,0.9861,0.68,1.0639,69
1579991679.15,0.75,0.9924,0.69,1.0595,69
1579991679.481,0.77,0.9704,0.65,1.0712,69
1579991679.815,0.78,0.9609,0.66,1.0807,69
1579991680.144,0.76,0.9841,0.62,1.0948,69
1579991680.479,0.77,0.9729,0.68,1.0596,69
1579991680.811,0.78,0.9655,0.73,1.021,69
1579991681.139,0.77,0.9692,0.7,1.0409,69
1579991681.481,0.75,0.9963,0.68,1.0657,69
1579991681.723,0.79,0.9537,0.65,1.083,69
1579991682.055,0.79,0.9571,0.67,1.0673,70
1579991682.391,0.75,0.996,0.67,1.0803,70
1579991682.725,0.74,0.9998,0.67,1.0719,70
1579991683.056,0.74,1.0009,0.7,1.0454,70
1579991683.387,0.75,0.9917,0.67,1.0587,70
1579991683.719,0.77,0.9721,0.66,1.0671,70
1579991684.055,0.76,0.9889,0.68,1.0592,70
1579991684.392,0.75,0.988,0.7,1.0272,70
1579991684.725,0.77,0.9718,0.68,1.0502,70
1579991685.059,0.78,0.9692,0.61,1.1138,70
1579991685.392,0.76,0.9757,0.61,1.1041,70
1579991685.722,0.75,0.9899,0.68,1.0596,70
1579991686.051,0.76,0.9772,0.68,1.0697,70
1579991686.385,0.76,0.9831,0.65,1.0907,70
1579991686.616,0.76,0.9811,0.67,1.0749,70
1579991686.972,0.76,0.9791,0.67,1.0662,71
1579991687.301,0.76,0.982,0.66,1.0754,71
1579991687.64,0.75,0.9909,0.63,1.0991,71
1579991687.969,0.74,0.9995,0.67,1.0842,71
1579991688.3,0.73,1.0128,0.63,1.0943,71
1579991688.636,0.75,0.9898,0.65,1.0974,71
1579991688.967,0.75,0.9936,0.63,1.0972,71
1579991689.3,0.72,1.011,0.64,1.0748,71
1579991689.634,0.75,0.9902,0.68,1.0421,71
1579991689.966,0.76,0.9876,0.62,1.1041,71
1579991690.294,0.77,0.9794,0.62,1.1194,71
1579991690.629,0.72,1.0227,0.66,1.0899,71
1579991690.962,0.72,1.0204,0.65,1.0646,71
1579991691.291,0.73,1.0089,0.65,1.0958,71
1579991691.523,0.79,0.9548,0.6,1.144,71
1579991691.854,0.72,1.0239,0.58,1.155,72
1579991692.185,0.67,1.074,0.61,1.1308,72
1579991692.516,0.69,1.0496,0.61,1.1169,72
1579991692.846,0.74,1.006,0.66,1.0817,72
1579991693.175,0.74,1.0037,0.65,1.0803,72
1579991693.505,0.71,1.0208,0.64,1.0874,72
1579991693.838,0.71,1.025,0.69,1.0685,72
1579991694.165,0.73,1.0061,0.7,1.0545,72
1579991694.496,0.75,0.9918,0.7,1.0404,72
1579991694.831,0.73,1.0123,0.7,1.0351,72
1579991695.159,0.75,0.9885,0.67,1.0567,72
1579991695.493,0.76,0.98,0.65,1.0707,72
1579991695.83,0.77,0.9759,0.65,1.0782,72
1579991696.16,0.75,0.9936,0.65,1.084,72
1579991696.393,0.79,0.9528,0.64,1.0956,72
1579991696.724,0.78,0.9642,0.63,1.0942,73
1579991697.059,0.75,0.9972,0.66,1.0848,73
1579991697.388,0.74,0.996,0.64,1.0775,73
1579991697.718,0.77,0.9775,0.66,1.0768,73
1579991698.05,0.77,0.979,0.66,1.0782,73
1579991698.379,0.74,0.9984,0.65,1.0728,73
1579991698.706,0.75,0.9926,0.68,1.0649,73
1579991699.038,0.78,0.9599,0.66,1.0564,73
1579991699.369,0.78,0.9681,0.69,1.0408,73
1579991699.699,0.73,1.0094,0.72,1.0299,73
1579991700.029,0.77,0.9718,0.75,1.0217,73
1579991700.372,0.78,0.9671,0.7,1.0428,73
1579991700.726,0.76,0.9829,0.69,1.055,73
1579991701.053,0.72,1.0206,0.68,1.0544,73
1579991701.285,0.77,0.9749,0.67,1.0691,73
1579991701.616,0.79,0.9506,0.65,1.0892,74
1579991701.953,0.75,0.9955,0.63,1.1073,74
1579991702.283,0.72,1.0189,0.63,1.1086,74
1579991702.611,0.75,0.9964,0.64,1.0885,74
1579991702.939,0.76,0.986,0.67,1.068,74
1579991703.268,0.77,0.976,0.65,1.0802,74
1579991703.602,0.75,0.9948,0.65,1.0789,74
1579991703.93,0.76,0.9768,0.69,1.0465,74
1579991704.259,0.79,0.9589,0.71,1.0214,74
1579991704.588,0.75,0.9876,0.71,1.0231,74
1579991704.922,0.78,0.9622,0.71,1.0292,74
1579991705.251,0.78,0.9628,0.7,1.0409,74
1579991705.577,0.79,0.955,0.69,1.0509,74
1579991705.913,0.75,0.9877,0.68,1.0603,74
1579991706.153,0.8,0.9447,0.67,1.0692,74
1579991706.502,0.8,0.9459,0.67,1.0687,75
1579991706.845,0.75,0.9895,0.67,1.0667,75
1579991707.174,0.76,0.9832,0.66,1.0751,75
1579991707.506,0.75,0.9866,0.68,1.0773,75
1579991707.837,0.75,0.9945,0.67,1.0692,75
1579991708.169,0.77,0.9778,0.63,1.0826,75
1579991708.499,0.76,0.9827,0.64,1.0957,75
1579991708.829,0.76,0.9758,0.64,1.086,75
1579991709.164,0.77,0.9712,0.69,1.0539,75
1579991709.494,0.77,0.9708,0.68,1.039,75
1579991709.825,0.79,0.9517,0.71,1.0341,75
1579991710.165,0.77,0.9734,0.7,1.0364,75
1579991710.494,0.77,0.9703,0.7,1.0444,75
1579991710.828,0.76,0.9789,0.66,1.0711,75
1579991711.058,0.81,0.933,0.65,1.0892,75
1579991711.389,0.79,0.9539,0.63,1.0961,76
1579991711.718,0.73,1.0056,0.66,1.088,76
1579991712.048,0.76,0.981,0.61,1.0977,76
1579991712.379,0.76,0.9826,0.63,1.0906,76
1579991712.706,0.76,0.9883,0.66,1.0671,76
1579991713.035,0.76,0.984,0.7,1.0483,76
1579991713.367,0.78,0.9671,0.68,1.052,76
1579991713.696,0.79,0.9527,0.67,1.0659,76
1579991714.025,0.77,0.9687,0.67,1.06,76
1579991714.371,0.76,0.9841,0.69,1.0453,76
1579991714.702,0.8,0.9419,0.7,1.0424,76
1579991715.032,0.79,0.9535,0.7,1.0405,76
1579991715.376,0.78,0.9648,0.7,1.0464,76
1579991715.704,0.76,0.9903,0.66,1.0655,76
1579991715.936,0.82,0.927,0.67,1.0709,76
1579991716.272,0.79,0.9507,0.67,1.0798,77
1579991716.601,0.74,1.0008,0.64,1.0753,77
1579991716.934,0.77,0.9754,0.66,1.0687,77
1579991717.262,0.76,0.9821,0.66,1.0787,77
1579991717.595,0.75,0.9955,0.64,1.0814,77
1579991717.923,0.75,0.9921,0.71,1.0445,77
1579991718.256,0.77,0.9664,0.71,1.0322,77
1579991718.589,0.79,0.958,0.71,1.0192,77
1579991718.918,0.76,0.9829,0.72,1.0285,77
1579991719.249,0.75,0.9891,0.71,1.0376,77
1579991719.576,0.79,0.9515,0.67,1.0511,77
1579991719.902,0.78,0.9646,0.68,1.0527,77
1579991720.232,0.77,0.9722,0.68,1.0552,77
1579991720.57,0.74,0.9987,0.66,1.0618,77
1579991720.809,0.79,0.9464,0.7,1.0537,77
1579991721.137,0.78,0.9669,0.67,1.0691,78
1579991721.478,0.73,1.0123,0.64,1.08,78
1579991721.807,0.76,0.9795,0.67,1.0738,78
1579991722.137,0.77,0.9767,0.69,1.0614,78
1579991722.471,0.74,1.0036,0.66,1.0731,78
1579991722.801,0.73,1.0159,0.67,1.0611,78
1579991723.13,0.75,0.9958,0.7,1.0454,78
1579991723.463,0.78,0.9596,0.7,1.0445,78
1579991723.789,0.76,0.98,0.69,1.0486,78
1579991724.116,0.73,1.0092,0.68,1.0556,78
1579991724.444,0.79,0.9549,0.68,1.0563,78
1579991724.773,0.77,0.968,0.69,1.057,78
1579991725.103,0.76,0.9802,0.66,1.0678,78
1579991725.43,0.73,1.0144,0.69,1.0535,78
1579991725.659,0.77,0.968,0.63,1.0913,78
1579991725.995,0.79,0.9507,0.63,1.1062,79
1579991726.335,0.73,1.0065,0.6,1.123,79
1579991726.67,0.71,1.0273,0.66,1.0879,79
1579991727.005,0.74,0.9995,0.68,1.0686,79
1579991727.335,0.76,0.9828,0.68,1.0652,79
1579991727.672,0.76,0.981,0.68,1.0634,79
1579991728.004,0.75,0.9959,0.65,1.0834,79
1579991728.331,0.75,0.9879,0.65,1.0689,79
1579991728.669,0.75,0.9827,0.71,1.0324,79
1579991728.997,0.77,0.9748,0.72,1.0178,79
1579991729.324,0.78,0.9587,0.72,1.0269,79
1579991729.66,0.76,0.9808,0.69,1.048,79
1579991729.991,0.77,0.9729,0.66,1.0609,79
1579991730.318,0.76,0.9794,0.68,1.0618,79
1579991730.548,0.81,0.9346,0.66,1.0699,79
1579991730.881,0.79,0.9531,0.67,1.071,80
1579991731.21,0.77,0.9756,0.66,1.0774,80
1579991731.538,0.78,0.9678,0.64,1.0768,80
1579991731.869,0.78,0.9696,0.67,1.0659,80
1579991732.199,0.77,0.9734,0.66,1.0555,80
1579991732.526,0.78,0.9637,0.67,1.0514,80
1579991732.857,0.77,0.969,0.7,1.0445,80
1579991733.189,0.79,0.9514,0.7,1.0383,80
1579991733.518,0.79,0.9556,0.7,1.0331,80
1579991733.846,0.78,0.9621,0.72,1.0259,80
1579991734.177,0.8,0.9389,0.71,1.0189,80
1579991734.51,0.78,0.9568,0.7,1.0297,80
1579991734.849,0.79,0.9509,0.69,1.0527,80
1579991735.177,0.78,0.9666,0.66,1.0632,80
1579991735.411,0.82,0.9224,0.67,1.0675,80
1579991735.743,0.81,0.9329,0.67,1.0695,81
1579991736.069,0.77,0.9726,0.66,1.0693,81
1579991736.399,0.79,0.9576,0.66,1.0737,81
1579991736.73,0.78,0.9597,0.67,1.0758,81
1579991737.059,0.78,0.965,0.67,1.0707,81
1579991737.387,0.78,0.9606,0.66,1.062,81
1579991737.715,0.79,0.9545,0.66,1.055,81
1579991738.046,0.81,0.9357,0.69,1.0459,81
1579991738.378,0.79,0.9465,0.7,1.0408,81
1579991738.716,0.78,0.9624,0.7,1.0327,81
1579991739.046,0.81,0.9357,0.72,1.0232,81
1579991739.376,0.8,0.9448,0.73,1.0251,81
1579991739.707,0.8,0.9461,0.68,1.0433,81
1579991740.039,0.78,0.9648,0.66,1.0735,81
1579991740.269,0.83,0.9192,0.66,1.0738,81
1579991740.603,0.82,0.9258,0.66,1.0714,82
1579991740.934,0.77,0.9743,0.65,1.0726,82
1579991741.265,0.79,0.9587,0.65,1.0704,82
1579991741.604,0.78,0.9657,0.68,1.0578,82
1579991741.936,0.78,0.9639,0.7,1.0519,82
1579991742.267,0.79,0.9582,0.68,1.055,82
1579991742.601,0.8,0.9493,0.67,1.0569,82
1579991742.935,0.81,0.9329,0.68,1.0418,82
1579991743.264,0.8,0.943,0.7,1.0407,82
1579991743.598,0.79,0.9517,0.7,1.0409,82
1579991743.931,0.82,0.9289,0.7,1.0308,82
1579991744.265,0.8,0.9429,0.72,1.0254,82
1579991744.597,0.8,0.9463,0.71,1.027,82
1579991744.928,0.77,0.9701,0.69,1.0527,82
1579991745.168,0.82,0.9219,0.67,1.0717,82
1579991745.505,0.82,0.9256,0.64,1.087,83
1579991745.835,0.77,0.9748,0.66,1.0781,83
1579991746.173,0.78,0.966,0.66,1.0773,83
1579991746.507,0.78,0.9679,0.69,1.059,83
1579991746.846,0.79,0.9618,0.7,1.0522,83
1579991747.199,0.8,0.9545,0.69,1.0453,83
1579991747.533,0.79,0.9518,0.71,1.0306,83
1579991747.868,0.81,0.9374,0.7,1.0324,83
1579991748.209,0.8,0.9465,0.68,1.0479,83
1579991748.544,0.79,0.9543,0.69,1.0512,83
1579991748.877,0.81,0.931,0.7,1.0342,83
1579991749.218,0.8,0.9391,0.72,1.0269,83
1579991749.552,0.8,0.9426,0.72,1.0208,83
1579991749.884,0.77,0.9749,0.71,1.0242,83
1579991750.115,0.81,0.9311,0.68,1.0583,83
1579991750.451,0.81,0.9351,0.64,1.0862,84
1579991750.785,0.78,0.9677,0.66,1.0891,84
1579991751.118,0.77,0.9772,0.66,1.0839,84
1579991751.451,0.75,0.9903,0.66,1.0811,84
1579991751.783,0.74,0.998,0.7,1.0564,84
1579991752.114,0.76,0.9769,0.7,1.0444,84
1579991752.444,0.78,0.9577,0.68,1.0457,84
1579991752.775,0.8,0.9416,0.7,1.0384,84
1579991753.105,0.76,0.9784,0.71,1.0324,84
1579991753.435,0.75,0.9899,0.69,1.0322,84
1579991753.764,0.81,0.9375,0.68,1.0535,84
1579991754.092,0.8,0.9449,0.69,1.0568,84
1579991754.423,0.79,0.9573,0.67,1.0662,84
1579991754.749,0.75,0.9897,0.65,1.0765,84
1579991754.981,0.8,0.9377,0.65,1.0829,84
1579991755.315,0.81,0.9335,0.67,1.0795,85
1579991755.642,0.76,0.9796,0.65,1.0911,85
1579991755.972,0.75,0.989,0.65,1.0921,85
1579991756.304,0.78,0.9692,0.64,1.0944,85
1579991756.634,0.78,0.9659,0.64,1.0919,85
1579991756.963,0.77,0.9715,0.65,1.0865,85
1579991757.292,0.76,0.9816,0.65,1.087,85
1579991757.624,0.79,0.9598,0.67,1.0713,85
1579991757.953,0.79,0.9491,0.65,1.0738,85
1579991758.285,0.78,0.9618,0.69,1.0525,85
1579991758.616,0.8,0.9502,0.68,1.0506,85
1579991758.944,0.77,0.9687,0.66,1.0608,85
1579991759.276,0.79,0.9495,0.67,1.0588,85
1579991759.606,0.78,0.9626,0.67,1.0649,85
1579991759.836,0.82,0.9253,0.68,1.0614,85
1579991760.18,0.8,0.9427,0.66,1.0694,86
1579991760.527,0.78,0.9708,0.65,1.0853,86
1579991760.862,0.78,0.966,0.64,1.1013,86
1579991761.189,0.77,0.9752,0.62,1.1067,86
1579991761.528,0.77,0.9756,0.66,1.071,86
1579991761.86,0.79,0.9535,0.67,1.0744,86
1579991762.189,0.79,0.9564,0.66,1.0778,86
1579991762.526,0.78,0.963,0.7,1.0619,86
1579991762.854,0.79,0.9558,0.68,1.0487,86
1579991763.183,0.79,0.958,0.71,1.0289,86
1579991763.517,0.81,0.9367,0.71,1.036,86
1579991763.846,0.78,0.9621,0.7,1.0423,86
1579991764.175,0.8,0.9468,0.7,1.0464,86
1579991764.51,0.79,0.9606,0.7,1.0431,86
1579991764.738,0.82,0.9263,0.65,1.0734,86
1579991765.078,0.8,0.9454,0.65,1.0797,87
1579991765.406,0.76,0.9838,0.66,1.0762,87
1579991765.745,0.79,0.9601,0.66,1.088,87
1579991766.073,0.77,0.9748,0.61,1.1146,87
1579991766.417,0.75,0.99,0.59,1.1254,87
1579991766.76,0.75,0.9884,0.63,1.0889,87
1579991767.086,0.78,0.9629,0.67,1.0661,87
1579991767.414,0.8,0.9457,0.68,1.0663,87
1579991767.744,0.78,0.9569,0.66,1.0819,87
1579991768.074,0.74,0.9949,0.67,1.058,87
1579991768.401,0.8,0.9462,0.7,1.0464,87
1579991768.749,0.79,0.9493,0.71,1.0481,87
1579991769.076,0.81,0.937,0.67,1.0794,87
1579991769.405,0.77,0.982,0.65,1.0739,87
1579991769.64,0.82,0.9284,0.66,1.0677,87
1579991769.971,0.81,0.9307,0.66,1.0718,88
1579991770.304,0.78,0.9663,0.68,1.0696,88
1579991770.632,0.78,0.9629,0.67,1.065,88
1579991770.96,0.77,0.9678,0.68,1.0628,88
1579991771.289,0.79,0.9543,0.69,1.0514,88
1579991771.616,0.8,0.9504,0.66,1.0604,88
1579991771.944,0.79,0.9537,0.69,1.055,88
1579991772.274,0.78,0.956,0.69,1.0412,88
1579991772.601,0.8,0.942,0.7,1.0372,88
1579991772.928,0.79,0.9551,0.69,1.0437,88
1579991773.256,0.81,0.935,0.69,1.0386,88
1579991773.585,0.78,0.9622,0.7,1.0368,88
1579991773.915,0.8,0.9423,0.67,1.0464,88
1579991774.247,0.78,0.9684,0.69,1.0522,88
1579991774.481,0.82,0.9224,0.69,1.0678,88
1579991774.819,0.81,0.9348,0.68,1.0692,89
1579991775.151,0.77,0.9764,0.66,1.0784,89
1579991775.483,0.77,0.9728,0.67,1.0718,89
1579991775.818,0.77,0.9695,0.66,1.0701,89
1579991776.146,0.78,0.9595,0.68,1.056,89
1579991776.477,0.79,0.9504,0.67,1.0578,89
1579991776.81,0.8,0.9486,0.68,1.0452,89
1579991777.14,0.81,0.9362,0.7,1.028,89
1579991777.47,0.8,0.9428,0.72,1.0219,89
1579991777.8,0.79,0.9496,0.7,1.0265,89
1579991778.131,0.82,0.9294,0.7,1.0383,89
1579991778.474,0.81,0.9403,0.69,1.0479,89
1579991778.826,0.81,0.9371,0.65,1.0648,89
1579991779.156,0.8,0.952,0.67,1.0698,89
1579991779.389,0.81,0.935,0.66,1.0738,89
1579991779.724,0.8,0.9374,0.66,1.0801,90
1579991780.055,0.79,0.9598,0.65,1.084,90
1579991780.384,0.79,0.9575,0.66,1.0877,90
1579991780.711,0.77,0.9755,0.65,1.0827,90
1579991781.048,0.75,0.9877,0.65,1.0779,90
1579991781.375,0.78,0.9656,0.67,1.0706,90
1579991781.701,0.79,0.9586,0.63,1.0868,90
1579991782.04,0.8,0.9447,0.67,1.0641,90
1579991782.368,0.79,0.951,0.68,1.0479,90
1579991782.696,0.77,0.9744,0.69,1.0409,90
1579991783.034,0.78,0.9599,0.71,1.0381,90
1579991783.361,0.78,0.9593,0.7,1.0456,90
1579991783.696,0.8,0.9411,0.67,1.0646,90
1579991784.029,0.79,0.9536,0.65,1.0894,90
1579991784.26,0.82,0.9235,0.64,1.0985,90
1579991784.593,0.81,0.9348,0.66,1.086,91
1579991784.922,0.78,0.9644,0.67,1.0798,91
1579991785.251,0.78,0.9596,0.65,1.091,91
1579991785.579,0.79,0.9582,0.65,1.0892,91
1579991785.91,0.78,0.9579,0.65,1.0767,91
1579991786.239,0.8,0.9493,0.67,1.0671,91
1579991786.569,0.79,0.957,0.68,1.0702,91
1579991786.899,0.78,0.9595,0.67,1.0764,91
1579991787.23,0.78,0.9606,0.71,1.039,91
1579991787.558,0.79,0.9524,0.7,1.0438,91
1579991787.887,0.8,0.9427,0.7,1.0406,91
1579991788.223,0.77,0.9664,0.7,1.0463,91
1579991788.55,0.77,0.967,0.7,1.0457,91
1579991788.879,0.77,0.9719,0.67,1.0671,91
1579991789.115,0.82,0.9218,0.64,1.0853,91
1579991789.444,0.81,0.9321,0.62,1.1062,92
1579991789.776,0.78,0.9694,0.62,1.1198,92
1579991790.106,0.77,0.9806,0.59,1.1306,92
1579991790.434,0.76,0.9822,0.62,1.1041,92
1579991790.762,0.78,0.9683,0.66,1.068,92
1579991791.092,0.79,0.9519,0.68,1.0609,92
1579991791.424,0.79,0.9605,0.64,1.0922,92
1579991791.752,0.78,0.9652,0.65,1.0918,92
1579991792.08,0.79,0.9557,0.69,1.0623,92
1579991792.41,0.79,0.9619,0.67,1.0664,92
1579991792.74,0.81,0.9372,0.66,1.0854,92
1579991793.067,0.79,0.9573,0.64,1.0883,92
1579991793.396,0.79,0.9469,0.66,1.0749,92
1579991793.724,0.79,0.9562,0.68,1.0519,92
1579991793.956,0.82,0.9216,0.68,1.0627,92
1579991794.286,0.8,0.9426,0.66,1.0745,93
1579991794.623,0.77,0.9696,0.65,1.0842,93
1579991794.951,0.79,0.9545,0.64,1.0985,93
1579991795.282,0.79,0.9596,0.62,1.1112,93
1579991795.611,0.75,0.9872,0.64,1.0969,93
1579991795.942,0.76,0.9827,0.66,1.0665,93
1579991796.271,0.77,0.9736,0.68,1.0653,93
1579991796.599,0.78,0.9588,0.64,1.1057,93
1579991796.928,0.76,0.9741,0.64,1.1013,93
1579991797.259,0.73,1.0123,0.68,1.0622,93
1579991797.587,0.78,0.9631,0.7,1.0249,93
1579991797.918,0.79,0.9561,0.69,1.0473,93
1579991798.258,0.75,0.9846,0.69,1.0538,93
1579991798.586,0.74,1.0009,0.66,1.0761,93
1579991798.819,0.81,0.9316,0.65,1.0805,93
1579991799.147,0.81,0.9313,0.65,1.0868,94
1579991799.504,0.75,0.9925,0.64,1.1064,94
1579991799.833,0.74,1.0004,0.64,1.0954,94
1579991800.161,0.76,0.9869,0.62,1.1065,94
1579991800.5,0.77,0.9677,0.64,1.0973,94
1579991800.829,0.77,0.9701,0.67,1.0802,94
1579991801.157,0.76,0.9854,0.68,1.065,94
1579991801.491,0.78,0.9645,0.67,1.0657,94
1579991801.828,0.78,0.9593,0.67,1.0782,94
1579991802.161,0.78,0.9678,0.61,1.1094,94
1579991802.491,0.78,0.9582,0.63,1.0954,94
1579991802.822,0.79,0.9591,0.68,1.0579,94
1579991803.153,0.79,0.9501,0.67,1.0676,94
1579991803.482,0.78,0.9631,0.66,1.0838,94
1579991803.714,0.8,0.9427,0.64,1.0928,94
1579991804.046,0.78,0.9656,0.64,1.0935,95
1579991804.38,0.76,0.9878,0.67,1.0758,95
1579991804.713,0.78,0.9651,0.65,1.0893,95
1579991805.043,0.76,0.9849,0.65,1.094,95
1579991805.378,0.75,0.9917,0.65,1.0911,95
1579991805.707,0.77,0.9741,0.67,1.0707,95
1579991806.04,0.78,0.9576,0.66,1.0741,95
1579991806.374,0.8,0.9443,0.68,1.0499,95
1579991806.717,0.8,0.9389,0.71,1.0347,95
1579991807.064,0.78,0.9657,0.67,1.0575,95
1579991807.393,0.8,0.9403,0.69,1.0599,95
1579991807.735,0.79,0.9567,0.7,1.0483,95
1579991808.067,0.77,0.9726,0.7,1.0461,95
1579991808.399,0.77,0.9687,0.68,1.0549,95
1579991808.63,0.83,0.9135,0.66,1.0697,95
1579991808.968,0.82,0.9255,0.68,1.0739,96
1579991809.303,0.77,0.9723,0.65,1.0802,96
1579991809.648,0.79,0.9566,0.66,1.0782,96
1579991809.981,0.78,0.9634,0.65,1.0797,96
1579991810.313,0.78,0.966,0.65,1.0827,96
1579991810.651,0.78,0.9606,0.67,1.0699,96
1579991810.993,0.79,0.9546,0.66,1.0698,96
1579991811.322,0.81,0.9349,0.66,1.0681,96
1579991811.653,0.81,0.9368,0.69,1.0528,96
1579991811.981,0.79,0.9505,0.68,1.066,96
1579991812.313,0.81,0.9384,0.65,1.08,96
1579991812.642,0.78,0.9605,0.67,1.0612,96
1579991812.974,0.8,0.9415,0.67,1.0538,96
1579991813.304,0.79,0.9508,0.69,1.0523,96
1579991813.535,0.83,0.9124,0.68,1.0644,96
1579991813.875,0.83,0.9201,0.66,1.0787,97
1579991814.205,0.79,0.9591,0.65,1.0856,97
1579991814.538,0.79,0.9522,0.64,1.0852,97
1579991814.873,0.78,0.9605,0.66,1.0813,97
1579991815.203,0.78,0.9587,0.64,1.0789,97
1579991815.535,0.8,0.9471,0.68,1.0651,97
1579991815.864,0.79,0.9539,0.67,1.0754,97
1579991816.194,0.81,0.9371,0.65,1.074,97
1579991816.526,0.8,0.9442,0.69,1.0484,97
1579991816.853,0.79,0.9509,0.7,1.0381,97
1579991817.183,0.81,0.9382,0.7,1.0357,97
1579991817.516,0.78,0.9625,0.73,1.0301,97
1579991817.845,0.78,0.96,0.69,1.0417,97
1579991818.174,0.78,0.9645,0.73,1.0297,97
1579991818.405,0.83,0.9131,0.65,1.0692,97
1579991818.737,0.83,0.9215,0.65,1.0926,98
1579991819.065,0.78,0.96,0.66,1.0942,98
1579991819.395,0.79,0.9575,0.63,1.0997,98
1579991819.724,0.76,0.9743,0.63,1.0955,98
1579991820.074,0.75,0.9856,0.64,1.0834,98
1579991820.41,0.77,0.9724,0.69,1.0637,98
1579991820.757,0.76,0.9783,0.66,1.08,98
1579991821.093,0.78,0.9601,0.65,1.0955,98
1579991821.423,0.8,0.942,0.65,1.078,98
1579991821.753,0.78,0.9614,0.69,1.0535,98
1579991822.094,0.8,0.9461,0.69,1.0483,98
1579991822.422,0.76,0.9752,0.69,1.0411,98
1579991822.75,0.77,0.9703,0.7,1.0353,98
1579991823.091,0.76,0.9844,0.69,1.0476,98
1579991823.322,0.81,0.9267,0.68,1.0596,98
1579991823.657,0.81,0.933,0.67,1.0748,99
1579991823.989,0.77,0.9702,0.65,1.0846,99
1579991824.326,0.78,0.9677,0.66,1.0913,99
1579991824.657,0.76,0.9756,0.64,1.0989,99
1579991824.988,0.75,0.9902,0.63,1.0961,99
1579991825.319,0.75,0.9866,0.65,1.0903,99
1579991825.65,0.75,0.9894,0.67,1.0725,99
1579991825.984,0.76,0.9785,0.65,1.0798,99
1579991826.33,0.79,0.9583,0.63,1.0977,99
1579991826.676,0.77,0.9716,0.62,1.1157,99
1579991827.006,0.8,0.9518,0.62,1.1074,99
1579991827.343,0.78,0.9636,0.65,1.0846,99
1579991827.671,0.78,0.9697,0.66,1.0684,99
1579991828.001,0.74,1.0,0.67,1.0608,99
1579991828.233,0.76,0.9794,0.67,1.0704,99
