1579058267.787,0.26,1.3861,0.23,1.3838,0
1579058268.539,0.24,1.3852,0.32,1.3809,0
1579058269.311,0.31,1.3784,0.36,1.3747,0
1579058270.067,0.33,1.3673,0.31,1.3662,0
1579058270.819,0.28,1.3517,0.36,1.3525,0
1579058271.582,0.33,1.3395,0.37,1.3399,0
1579058272.348,0.36,1.3167,0.37,1.332,0
1579058273.097,0.38,1.2892,0.36,1.3338,0
1579058273.849,0.38,1.2802,0.37,1.33,0
1579058274.608,0.39,1.261,0.34,1.3346,0
1579058275.357,0.39,1.2666,0.35,1.333,0
1579058276.106,0.41,1.257,0.33,1.3313,0
1579058276.481,0.41,1.2721,0.33,1.3252,0
1579058277.227,0.42,1.2476,0.31,1.3272,1
1579058277.984,0.42,1.2614,0.35,1.2993,1
1579058278.727,0.38,1.2541,0.3,1.2995,1
1579058279.48,0.41,1.2507,0.33,1.2983,1
1579058280.243,0.44,1.2244,0.35,1.3005,1
1579058280.989,0.43,1.2474,0.31,1.3074,1
1579058281.772,0.42,1.2426,0.32,1.2848,1
1579058282.529,0.45,1.2168,0.41,1.2784,1
1579058283.282,0.43,1.2428,0.36,1.2747,1
1579058284.025,0.44,1.223,0.33,1.2715,1
1579058284.777,0.43,1.2323,0.35,1.2694,1
1579058285.582,0.43,1.2333,0.36,1.2636,1
1579058285.944,0.44,1.2295,0.36,1.2676,1
1579058286.701,0.43,1.2176,0.36,1.2494,2
1579058287.449,0.45,1.2194,0.41,1.241,2
1579058288.197,0.44,1.2145,0.41,1.2417,2
1579058288.955,0.45,1.2176,0.35,1.2385,2
1579058289.72,0.46,1.197,0.37,1.2397,2
1579058290.469,0.45,1.221,0.37,1.2467,2
1579058291.243,0.45,1.2104,0.36,1.2502,2
1579058291.999,0.47,1.192,0.39,1.2367,2
1579058292.765,0.45,1.2112,0.35,1.231,2
1579058293.512,0.47,1.1885,0.41,1.2286,2
1579058294.266,0.46,1.2063,0.39,1.2236,2
1579058295.041,0.46,1.2044,0.37,1.2153,2
1579058295.409,0.46,1.2014,0.41,1.2177,2
1579058296.172,0.46,1.1847,0.4,1.2124,3
1579058296.953,0.46,1.1923,0.43,1.2035,3
1579058297.708,0.47,1.1851,0.43,1.1972,3
1579058298.466,0.46,1.1881,0.44,1.1918,3
1579058299.235,0.47,1.1702,0.4,1.1922,3
1579058299.988,0.46,1.1938,0.39,1.1973,3
1579058300.733,0.47,1.1836,0.42,1.1951,3
1579058301.491,0.48,1.1608,0.4,1.1895,3
1579058302.26,0.47,1.185,0.44,1.1837,3
1579058303.02,0.48,1.1635,0.45,1.1806,3
1579058303.765,0.47,1.1786,0.43,1.175,3
1579058304.51,0.47,1.1793,0.44,1.1686,3
1579058304.882,0.48,1.1692,0.43,1.1754,3
1579058305.632,0.48,1.1608,0.44,1.1676,4
1579058306.444,0.49,1.1664,0.43,1.1648,4
1579058307.205,0.48,1.1646,0.48,1.1556,4
1579058307.947,0.47,1.1652,0.46,1.1523,4
1579058308.697,0.49,1.1486,0.45,1.1575,4
1579058309.447,0.47,1.1762,0.45,1.1634,4
1579058310.216,0.48,1.1652,0.41,1.1624,4
1579058310.96,0.5,1.137,0.47,1.1478,4
1579058311.722,0.48,1.1659,0.5,1.1446,4
1579058312.48,0.49,1.1439,0.47,1.1456,4
1579058313.237,0.49,1.1608,0.49,1.1465,4
1579058313.987,0.48,1.1658,0.47,1.1426,4
1579058314.352,0.49,1.1496,0.48,1.1471,4
1579058315.11,0.49,1.1448,0.42,1.1417,5
1579058315.855,0.48,1.1528,0.49,1.138,5
1579058316.606,0.49,1.1515,0.48,1.1368,5
1579058317.352,0.49,1.1519,0.47,1.1357,5
1579058318.105,0.5,1.1356,0.48,1.1436,5
1579058318.85,0.49,1.1663,0.44,1.1491,5
1579058319.6,0.49,1.1583,0.47,1.136,5
1579058320.346,0.51,1.1212,0.49,1.1258,5
1579058321.09,0.49,1.156,0.51,1.1281,5
1579058321.832,0.5,1.132,0.49,1.1344,5
1579058322.582,0.49,1.1505,0.47,1.1335,5
1579058323.333,0.49,1.1584,0.49,1.1211,5
1579058323.698,0.5,1.1403,0.48,1.1273,5
1579058324.449,0.5,1.1348,0.44,1.1278,6
1579058325.191,0.5,1.1434,0.53,1.122,6
1579058325.934,0.5,1.1375,0.54,1.1191,6
1579058326.704,0.5,1.1395,0.45,1.1217,6
1579058327.5,0.5,1.1289,0.5,1.1226,6
1579058328.245,0.49,1.155,0.51,1.126,6
1579058328.988,0.5,1.1457,0.47,1.1273,6
1579058329.739,0.51,1.1137,0.48,1.1141,6
1579058330.482,0.49,1.1466,0.5,1.1162,6
1579058331.239,0.51,1.1237,0.47,1.1207,6
1579058332.005,0.5,1.1404,0.52,1.1164,6
1579058332.757,0.49,1.1462,0.48,1.108,6
1579058333.129,0.5,1.1304,0.49,1.1106,6
1579058333.901,0.5,1.1223,0.49,1.1068,7
1579058334.653,0.51,1.1255,0.55,1.1044,7
1579058335.391,0.5,1.125,0.51,1.1022,7
1579058336.159,0.51,1.1288,0.51,1.0998,7
1579058336.918,0.51,1.1138,0.49,1.1068,7
1579058337.659,0.5,1.1422,0.49,1.112,7
1579058338.398,0.5,1.1359,0.48,1.1051,7
1579058339.158,0.52,1.0995,0.49,1.0967,7
1579058339.902,0.49,1.1355,0.52,1.1037,7
1579058340.645,0.51,1.1146,0.51,1.1073,7
1579058341.392,0.5,1.1284,0.48,1.1012,7
1579058342.144,0.51,1.1355,0.46,1.093,7
1579058342.508,0.5,1.1212,0.47,1.0999,7
1579058343.266,0.51,1.113,0.49,1.0974,8
1579058344.033,0.51,1.114,0.55,1.0944,8
1579058344.775,0.5,1.1165,0.48,1.0937,8
1579058345.519,0.51,1.1224,0.51,1.0974,8
1579058346.275,0.51,1.1068,0.46,1.107,8
1579058347.019,0.5,1.1349,0.51,1.1055,8
1579058347.766,0.51,1.1263,0.47,1.0931,8
1579058348.509,0.53,1.0891,0.49,1.0859,8
1579058349.311,0.49,1.1288,0.51,1.105,8
1579058350.052,0.51,1.1121,0.48,1.1068,8
1579058350.803,0.51,1.1245,0.5,1.0912,8
1579058351.554,0.51,1.1251,0.48,1.0815,8
1579058351.92,0.51,1.1133,0.47,1.0867,8
1579058352.667,0.52,1.1034,0.5,1.0913,9
1579058353.414,0.52,1.1029,0.52,1.0874,9
1579058354.178,0.51,1.1035,0.5,1.0808,9
1579058354.946,0.52,1.1085,0.5,1.082,9
1579058355.685,0.52,1.0933,0.49,1.0903,9
1579058356.431,0.51,1.1215,0.48,1.0988,9
1579058357.175,0.51,1.1162,0.49,1.0892,9
1579058357.924,0.54,1.0798,0.49,1.0767,9
1579058358.702,0.5,1.1179,0.5,1.0871,9
1579058359.455,0.52,1.0996,0.49,1.0903,9
1579058360.201,0.51,1.1093,0.51,1.0836,9
1579058360.944,0.52,1.1159,0.5,1.0714,9
1579058361.317,0.51,1.1015,0.48,1.0762,9
1579058362.061,0.52,1.0931,0.5,1.0771,10
1579058362.812,0.53,1.0919,0.52,1.0792,10
1579058363.566,0.52,1.0941,0.52,1.0765,10
1579058364.327,0.52,1.0975,0.5,1.0763,10
1579058365.069,0.53,1.0805,0.49,1.0861,10
1579058365.838,0.52,1.1111,0.49,1.0919,10
1579058366.591,0.52,1.1057,0.48,1.0813,10
1579058367.329,0.54,1.0699,0.48,1.0712,10
1579058368.077,0.51,1.1063,0.51,1.081,10
1579058368.839,0.52,1.0884,0.5,1.0872,10
1579058369.591,0.52,1.0984,0.49,1.0785,10
1579058370.364,0.52,1.1078,0.51,1.0686,10
1579058370.735,0.52,1.095,0.49,1.0852,10
1579058371.553,0.51,1.0912,0.53,1.0935,11
1579058372.305,0.53,1.1005,0.51,1.0894,11
1579058373.066,0.51,1.0999,0.52,1.0842,11
1579058373.822,0.52,1.0972,0.53,1.0813,11
1579058374.587,0.54,1.0702,0.49,1.1006,11
1579058375.347,0.53,1.1159,0.51,1.1067,11
1579058376.106,0.52,1.1127,0.52,1.0826,11
1579058376.863,0.55,1.0636,0.49,1.0861,11
1579058377.614,0.51,1.114,0.52,1.0825,11
1579058378.369,0.53,1.0862,0.51,1.0866,11
1579058379.121,0.53,1.0893,0.49,1.0855,11
1579058379.865,0.53,1.1062,0.52,1.0689,11
1579058380.235,0.52,1.0856,0.5,1.0745,11
1579058380.984,0.53,1.0788,0.49,1.0765,12
1579058381.731,0.54,1.0794,0.51,1.0753,12
1579058382.478,0.53,1.0763,0.52,1.0746,12
1579058383.231,0.53,1.0841,0.5,1.0715,12
1579058383.972,0.54,1.0638,0.49,1.0779,12
1579058384.736,0.54,1.0955,0.51,1.0868,12
1579058385.477,0.53,1.0928,0.51,1.078,12
1579058386.226,0.55,1.0552,0.49,1.0691,12
1579058386.991,0.52,1.0916,0.51,1.0703,12
1579058387.742,0.53,1.0734,0.5,1.0745,12
1579058388.488,0.53,1.0808,0.5,1.0719,12
1579058389.24,0.53,1.0931,0.51,1.0641,12
1579058389.607,0.53,1.0752,0.51,1.0709,12
1579058390.36,0.53,1.0713,0.51,1.0658,13
1579058391.106,0.54,1.0685,0.51,1.0681,13
1579058391.852,0.53,1.0693,0.5,1.0702,13
1579058392.607,0.54,1.0739,0.53,1.0746,13
1579058393.373,0.55,1.056,0.49,1.0825,13
1579058394.134,0.54,1.0876,0.51,1.0821,13
1579058394.952,0.53,1.0821,0.52,1.0735,13
1579058395.708,0.56,1.0487,0.5,1.0681,13
1579058396.469,0.53,1.0833,0.5,1.0793,13
1579058397.227,0.54,1.066,0.5,1.0788,13
1579058397.981,0.54,1.0735,0.5,1.067,13
1579058398.736,0.53,1.0866,0.5,1.0609,13
1579058399.112,0.54,1.0694,0.5,1.0781,13
1579058399.87,0.54,1.0658,0.5,1.0707,14
1579058400.626,0.55,1.0612,0.5,1.0645,14
1579058401.374,0.54,1.0602,0.5,1.0673,14
1579058402.117,0.54,1.066,0.5,1.0775,14
1579058402.864,0.55,1.0481,0.5,1.088,14
1579058403.618,0.55,1.081,0.51,1.0784,14
1579058404.36,0.54,1.0762,0.52,1.0651,14
1579058405.132,0.56,1.0443,0.52,1.0689,14
1579058405.884,0.53,1.0765,0.5,1.0877,14
1579058406.632,0.54,1.0632,0.5,1.0721,14
1579058407.371,0.54,1.0664,0.55,1.0621,14
1579058408.125,0.53,1.0848,0.51,1.0694,14
1579058408.498,0.54,1.0698,0.52,1.1051,14
1579058409.249,0.53,1.082,0.5,1.0787,15
1579058409.999,0.55,1.0673,0.54,1.067,15
1579058410.753,0.53,1.0605,0.5,1.0702,15
1579058411.539,0.54,1.0598,0.49,1.0902,15
1579058412.289,0.55,1.0479,0.51,1.0978,15
1579058413.038,0.55,1.0804,0.52,1.0743,15
1579058413.787,0.54,1.0699,0.51,1.0652,15
1579058414.539,0.56,1.0436,0.55,1.07,15
1579058415.305,0.53,1.0759,0.5,1.0848,15
1579058416.103,0.54,1.0583,0.51,1.0794,15
1579058416.883,0.54,1.0693,0.55,1.0699,15
1579058417.634,0.53,1.088,0.52,1.058,15
1579058417.998,0.54,1.0574,0.52,1.0899,15
1579058418.768,0.54,1.0678,0.51,1.0833,16
1579058419.519,0.55,1.0602,0.53,1.0614,16
1579058420.264,0.55,1.049,0.52,1.0679,16
1579058421.022,0.54,1.069,0.54,1.0724,16
1579058421.776,0.55,1.0434,0.53,1.0895,16
1579058422.518,0.55,1.0736,0.52,1.0831,16
1579058423.269,0.53,1.0736,0.53,1.0628,16
1579058424.028,0.56,1.0335,0.55,1.0614,16
1579058424.777,0.53,1.0742,0.51,1.0706,16
1579058425.552,0.55,1.0517,0.52,1.0823,16
1579058426.305,0.53,1.0652,0.54,1.0746,16
1579058427.06,0.54,1.0798,0.52,1.0561,16
1579058427.425,0.54,1.0537,0.51,1.0739,16
1579058428.19,0.54,1.0605,0.52,1.0711,17
1579058428.937,0.56,1.0462,0.53,1.0798,17
1579058429.68,0.54,1.0522,0.51,1.0651,17
1579058430.45,0.55,1.052,0.54,1.0615,17
1579058431.208,0.55,1.0382,0.54,1.0733,17
1579058431.958,0.55,1.0674,0.53,1.0806,17
1579058432.706,0.54,1.0628,0.52,1.0706,17
1579058433.471,0.57,1.0312,0.53,1.0549,17
1579058434.224,0.54,1.0615,0.53,1.0576,17
1579058434.965,0.55,1.0486,0.52,1.0675,17
1579058435.731,0.54,1.0576,0.52,1.0697,17
1579058436.486,0.55,1.0686,0.53,1.0651,17
1579058436.851,0.55,1.0464,0.52,1.0635,17
1579058437.609,0.55,1.0469,0.53,1.0616,18
1579058438.406,0.56,1.0429,0.53,1.0714,18
1579058439.154,0.55,1.0441,0.49,1.0691,18
1579058439.909,0.55,1.0446,0.53,1.068,18
1579058440.671,0.56,1.0342,0.53,1.0686,18
1579058441.418,0.55,1.0602,0.54,1.0726,18
1579058442.165,0.55,1.0582,0.53,1.0615,18
1579058442.915,0.57,1.0239,0.53,1.0539,18
1579058443.664,0.55,1.0552,0.52,1.0616,18
1579058444.413,0.55,1.0441,0.52,1.0648,18
1579058445.183,0.55,1.0513,0.52,1.0626,18
1579058445.932,0.55,1.0631,0.53,1.0619,18
1579058446.299,0.55,1.0398,0.5,1.0694,18
1579058447.069,0.55,1.0436,0.5,1.065,19
1579058447.818,0.56,1.0364,0.53,1.0683,19
1579058448.577,0.55,1.0377,0.53,1.0641,19
1579058449.328,0.55,1.0393,0.54,1.0663,19
1579058450.077,0.56,1.0271,0.53,1.0732,19
1579058450.833,0.55,1.0563,0.53,1.0665,19
1579058451.588,0.55,1.052,0.54,1.0533,19
1579058452.36,0.57,1.0194,0.53,1.0516,19
1579058453.106,0.55,1.0521,0.52,1.0647,19
1579058453.861,0.55,1.0388,0.52,1.0673,19
1579058454.611,0.54,1.0497,0.52,1.0611,19
1579058455.366,0.55,1.0621,0.52,1.0586,19
1579058455.74,0.55,1.0344,0.52,1.0809,19
1579058456.491,0.55,1.0456,0.5,1.0714,20
1579058457.249,0.56,1.0321,0.55,1.0627,20
1579058458.021,0.55,1.0311,0.54,1.0604,20
1579058458.783,0.55,1.039,0.52,1.0679,20
1579058459.578,0.56,1.0217,0.52,1.0764,20
1579058460.354,0.55,1.0525,0.53,1.0583,20
1579058461.113,0.55,1.0483,0.55,1.0479,20
1579058461.884,0.57,1.0157,0.53,1.0502,20
1579058462.652,0.56,1.0467,0.54,1.0697,20
1579058463.401,0.55,1.0375,0.52,1.0616,20
1579058464.158,0.55,1.0412,0.54,1.0554,20
1579058464.902,0.55,1.0588,0.55,1.0567,20
1579058465.266,0.55,1.0292,0.53,1.0822,20
1579058466.018,0.55,1.0407,0.5,1.0675,21
1579058466.759,0.56,1.0271,0.54,1.0537,21
1579058467.51,0.55,1.0265,0.56,1.0547,21
1579058468.269,0.56,1.0316,0.52,1.0693,21
1579058469.032,0.57,1.0181,0.54,1.0726,21
1579058469.783,0.56,1.0496,0.53,1.0513,21
1579058470.537,0.55,1.0431,0.56,1.0434,21
1579058471.3,0.57,1.0128,0.54,1.0488,21
1579058472.047,0.56,1.0424,0.53,1.0724,21
1579058472.804,0.56,1.0353,0.53,1.0557,21
1579058473.555,0.55,1.0383,0.54,1.0504,21
1579058474.318,0.55,1.0551,0.54,1.0568,21
1579058474.703,0.56,1.0232,0.51,1.0844,21
1579058475.456,0.55,1.0403,0.54,1.0621,22
1579058476.198,0.57,1.0226,0.55,1.0483,22
1579058476.968,0.56,1.0228,0.56,1.0513,22
1579058477.71,0.56,1.0283,0.5,1.0702,22
1579058478.458,0.57,1.0162,0.53,1.0671,22
1579058479.213,0.56,1.046,0.54,1.0463,22
1579058479.962,0.56,1.0397,0.57,1.0416,22
1579058480.707,0.58,1.0085,0.54,1.0489,22
1579058481.519,0.56,1.0393,0.53,1.0725,22
1579058482.282,0.55,1.0333,0.54,1.0525,22
1579058483.039,0.55,1.0356,0.55,1.048,22
1579058483.779,0.55,1.0523,0.53,1.054,22
1579058484.15,0.56,1.0187,0.5,1.0815,22
1579058484.893,0.55,1.0382,0.54,1.0587,23
1579058485.646,0.57,1.0196,0.57,1.0434,23
1579058486.397,0.56,1.0186,0.57,1.0458,23
1579058487.139,0.56,1.024,0.5,1.0667,23
1579058487.881,0.57,1.0135,0.54,1.0661,23
1579058488.646,0.56,1.0449,0.54,1.0465,23
1579058489.391,0.56,1.0371,0.56,1.0366,23
1579058490.152,0.58,1.0045,0.56,1.0447,23
1579058490.906,0.56,1.0359,0.52,1.0743,23
1579058491.68,0.55,1.0327,0.56,1.057,23
1579058492.423,0.55,1.0352,0.56,1.0491,23
1579058493.172,0.55,1.0511,0.56,1.0493,23
1579058493.549,0.56,1.015,0.5,1.0802,23
1579058494.296,0.55,1.0365,0.54,1.0658,24
1579058495.054,0.57,1.0203,0.57,1.0434,24
1579058495.814,0.57,1.0149,0.56,1.0422,24
1579058496.554,0.56,1.0228,0.54,1.0639,24
1579058497.299,0.57,1.0132,0.54,1.069,24
1579058498.063,0.56,1.0442,0.53,1.0451,24
1579058498.811,0.56,1.0324,0.56,1.037,24
1579058499.554,0.58,1.0042,0.56,1.0385,24
1579058500.303,0.56,1.0361,0.52,1.0688,24
1579058501.061,0.55,1.0284,0.55,1.0599,24
1579058501.802,0.56,1.0293,0.56,1.042,24
1579058502.543,0.56,1.0432,0.57,1.0438,24
1579058502.912,0.56,1.0153,0.53,1.0695,24
1579058503.709,0.56,1.0293,0.52,1.0671,25
1579058504.46,0.57,1.0139,0.57,1.0488,25
1579058505.213,0.57,1.0108,0.57,1.043,25
1579058505.963,0.56,1.0234,0.55,1.0538,25
1579058506.727,0.57,1.0088,0.52,1.0697,25
1579058507.475,0.57,1.0377,0.52,1.0539,25
1579058508.229,0.56,1.0319,0.57,1.038,25
1579058508.975,0.58,0.9991,0.55,1.0328,25
1579058509.722,0.56,1.035,0.55,1.0568,25
1579058510.463,0.56,1.0201,0.52,1.0679,25
1579058511.21,0.56,1.029,0.54,1.0453,25
1579058511.956,0.56,1.0383,0.56,1.0387,25
1579058512.319,0.56,1.0121,0.53,1.0536,25
1579058513.068,0.56,1.0225,0.52,1.0623,26
1579058513.812,0.57,1.0102,0.54,1.0556,26
1579058514.556,0.57,1.0096,0.57,1.0407,26
1579058515.305,0.57,1.0153,0.56,1.0433,26
1579058516.063,0.57,1.0068,0.54,1.0563,26
1579058516.812,0.57,1.0306,0.51,1.0619,26
1579058517.556,0.56,1.0315,0.54,1.0345,26
1579058518.307,0.59,0.9889,0.57,1.0291,26
1579058519.056,0.56,1.0323,0.54,1.0432,26
1579058519.798,0.57,1.0146,0.53,1.0649,26
1579058520.581,0.56,1.0264,0.55,1.0557,26
1579058521.347,0.56,1.0399,0.56,1.0389,26
1579058521.713,0.57,1.005,0.55,1.0498,26
1579058522.49,0.56,1.0214,0.56,1.0559,27
1579058523.242,0.58,1.0072,0.56,1.0579,27
1579058524.009,0.57,1.0085,0.57,1.0451,27
1579058524.761,0.57,1.0107,0.56,1.0418,27
1579058525.537,0.57,1.0021,0.55,1.0495,27
1579058526.294,0.57,1.0287,0.53,1.0612,27
1579058527.094,0.56,1.0296,0.55,1.0347,27
1579058527.854,0.59,0.9869,0.59,1.028,27
1579058528.613,0.57,1.0261,0.56,1.0397,27
1579058529.355,0.57,1.0119,0.55,1.0595,27
1579058530.102,0.56,1.0241,0.55,1.0606,27
1579058530.866,0.56,1.0438,0.56,1.0418,27
1579058531.236,0.57,1.0011,0.53,1.0507,27
1579058532.014,0.56,1.0181,0.55,1.0558,28
1579058532.771,0.58,1.0066,0.56,1.0564,28
1579058533.514,0.57,1.0067,0.57,1.0473,28
1579058534.272,0.57,1.0091,0.56,1.0432,28
1579058535.04,0.58,0.9971,0.55,1.0505,28
1579058535.796,0.57,1.0281,0.54,1.0584,28
1579058536.541,0.56,1.0278,0.55,1.0314,28
1579058537.298,0.6,0.9834,0.57,1.0265,28
1579058538.065,0.57,1.0218,0.55,1.0424,28
1579058538.846,0.57,1.0133,0.54,1.0591,28
1579058539.592,0.56,1.0241,0.55,1.0515,28
1579058540.346,0.56,1.0359,0.58,1.0394,28
1579058540.719,0.57,0.9943,0.54,1.0635,28
1579058541.482,0.56,1.0249,0.53,1.0633,29
1579058542.242,0.57,1.0126,0.58,1.0503,29
1579058542.998,0.57,0.9989,0.56,1.0495,29
1579058543.748,0.58,1.0133,0.52,1.0616,29
1579058544.501,0.57,1.0113,0.54,1.0513,29
1579058545.246,0.57,1.0221,0.57,1.0494,29
1579058546.007,0.56,1.0234,0.56,1.0468,29
1579058546.763,0.59,0.9926,0.58,1.027,29
1579058547.504,0.57,1.0192,0.54,1.0521,29
1579058548.32,0.57,1.0171,0.54,1.0552,29
1579058549.076,0.57,1.0179,0.52,1.0467,29
1579058549.831,0.56,1.0306,0.54,1.043,29
1579058550.196,0.57,0.9977,0.56,1.0468,29
1579058550.957,0.56,1.0127,0.55,1.0498,30
1579058551.725,0.58,0.9995,0.55,1.0489,30
1579058552.472,0.58,0.9976,0.59,1.0406,30
1579058553.238,0.58,1.0041,0.53,1.0422,30
1579058553.986,0.58,0.995,0.56,1.0463,30
1579058554.734,0.57,1.0185,0.58,1.0433,30
1579058555.479,0.56,1.0151,0.56,1.0307,30
1579058556.236,0.6,0.979,0.58,1.0228,30
1579058556.975,0.57,1.0162,0.54,1.0409,30
1579058557.721,0.57,1.0062,0.54,1.0486,30
1579058558.49,0.57,1.0108,0.52,1.0412,30
1579058559.242,0.56,1.0266,0.57,1.0333,30
1579058559.606,0.58,0.9868,0.56,1.0487,30
1579058560.366,0.57,1.0118,0.55,1.0469,31
1579058561.108,0.58,0.9951,0.58,1.0422,31
1579058561.849,0.58,0.993,0.57,1.0364,31
1579058562.606,0.58,1.0021,0.54,1.0405,31
1579058563.36,0.58,0.9911,0.56,1.0481,31
1579058564.099,0.57,1.0159,0.54,1.0392,31
1579058564.861,0.57,1.0119,0.58,1.0245,31
1579058565.624,0.6,0.9757,0.57,1.0245,31
1579058566.383,0.57,1.0135,0.54,1.0483,31
1579058567.133,0.57,1.0041,0.54,1.0489,31
1579058567.897,0.57,1.0075,0.57,1.0341,31
1579058568.663,0.56,1.0238,0.58,1.0324,31
1579058569.032,0.58,0.9833,0.56,1.0577,31
1579058569.795,0.57,1.0117,0.56,1.049,32
1579058570.615,0.58,0.9922,0.59,1.0367,32
1579058571.368,0.58,0.9907,0.57,1.0313,32
1579058572.136,0.58,0.999,0.53,1.0429,32
1579058572.888,0.58,0.9872,0.54,1.0555,32
1579058573.644,0.57,1.016,0.54,1.0335,32
1579058574.401,0.57,1.0091,0.61,1.0169,32
1579058575.163,0.6,0.9742,0.56,1.0257,32
1579058575.936,0.58,1.01,0.56,1.0561,32
1579058576.689,0.57,1.0043,0.55,1.0467,32
1579058577.44,0.57,1.005,0.57,1.0288,32
1579058578.186,0.56,1.0232,0.58,1.0311,32
1579058578.559,0.59,0.979,0.55,1.0672,32
1579058579.314,0.57,1.0141,0.55,1.0507,33
1579058580.068,0.58,0.9926,0.61,1.0318,33
1579058580.822,0.58,0.9891,0.58,1.0293,33
1579058581.58,0.58,0.9978,0.52,1.0498,33
1579058582.325,0.58,0.9875,0.53,1.0608,33
1579058583.076,0.57,1.0167,0.55,1.0324,33
1579058583.836,0.57,1.0059,0.61,1.017,33
1579058584.584,0.6,0.9732,0.56,1.0257,33
1579058585.341,0.58,1.0077,0.56,1.058,33
1579058586.101,0.57,1.0043,0.54,1.0473,33
1579058586.857,0.57,1.0026,0.57,1.0257,33
1579058587.602,0.56,1.02,0.58,1.0274,33
1579058587.971,0.58,0.9767,0.54,1.0657,33
1579058588.745,0.57,1.0128,0.56,1.0515,34
1579058589.486,0.58,0.9905,0.61,1.029,34
1579058590.239,0.58,0.9851,0.58,1.0256,34
1579058590.998,0.58,0.997,0.53,1.0467,34
1579058591.807,0.59,0.986,0.55,1.0586,34
1579058592.548,0.57,1.0148,0.55,1.0317,34
1579058593.305,0.58,1.0031,0.59,1.0177,34
1579058594.057,0.6,0.9722,0.57,1.0218,34
1579058594.819,0.58,1.0062,0.54,1.0547,34
1579058595.567,0.57,1.0014,0.55,1.0482,34
1579058596.319,0.57,0.9997,0.57,1.0255,34
1579058597.069,0.57,1.0168,0.58,1.0244,34
1579058597.437,0.59,0.9742,0.56,1.0568,34
1579058598.19,0.57,1.0074,0.55,1.0481,35
1579058598.968,0.58,0.9853,0.6,1.0281,35
1579058599.723,0.58,0.9819,0.58,1.0224,35
1579058600.476,0.58,0.9943,0.53,1.0386,35
1579058601.23,0.59,0.9807,0.52,1.0552,35
1579058601.979,0.58,1.0106,0.56,1.0307,35
1579058602.728,0.58,1.0013,0.6,1.0147,35
1579058603.479,0.6,0.9693,0.57,1.0188,35
1579058604.229,0.58,1.0035,0.53,1.0537,35
1579058604.985,0.57,0.9997,0.55,1.0476,35
1579058605.741,0.58,0.9978,0.58,1.0252,35
1579058606.49,0.57,1.0155,0.56,1.0237,35
1579058606.861,0.59,0.9708,0.55,1.0562,35
1579058607.627,0.57,1.0052,0.55,1.0492,36
1579058608.377,0.58,0.9841,0.6,1.0266,36
1579058609.148,0.58,0.9805,0.59,1.019,36
1579058609.895,0.58,0.9911,0.56,1.0341,36
1579058610.65,0.59,0.9769,0.54,1.0561,36
1579058611.405,0.58,1.0097,0.54,1.0318,36
1579058612.159,0.57,1.0005,0.59,1.0101,36
1579058612.908,0.6,0.9665,0.58,1.0164,36
1579058613.726,0.58,1.0018,0.54,1.0529,36
1579058614.486,0.58,0.9975,0.54,1.0502,36
1579058615.245,0.57,0.9981,0.56,1.0277,36
1579058615.996,0.56,1.0166,0.56,1.0216,36
1579058616.369,0.59,0.9689,0.55,1.0528,36
1579058617.129,0.57,1.0029,0.54,1.0511,37
1579058617.89,0.58,0.9841,0.59,1.0269,37
1579058618.65,0.58,0.9805,0.59,1.0177,37
1579058619.416,0.58,0.9899,0.56,1.0267,37
1579058620.171,0.59,0.9741,0.53,1.0528,37
1579058620.937,0.58,1.007,0.55,1.0363,37
1579058621.69,0.58,1.001,0.58,1.0085,37
1579058622.431,0.6,0.9645,0.57,1.0139,37
1579058623.186,0.58,1.0028,0.55,1.0464,37
1579058623.944,0.58,0.9936,0.54,1.0549,37
1579058624.693,0.57,0.9983,0.56,1.0325,37
1579058625.44,0.57,1.0163,0.56,1.019,37
1579058625.816,0.59,0.9676,0.55,1.0426,37
1579058626.57,0.57,0.9994,0.54,1.0514,38
1579058627.322,0.58,0.9832,0.58,1.0315,38
1579058628.077,0.58,0.9797,0.59,1.017,38
1579058628.819,0.58,0.9872,0.57,1.0217,38
1579058629.577,0.59,0.9742,0.54,1.0468,38
1579058630.329,0.57,1.0039,0.56,1.045,38
1579058631.08,0.58,1.0022,0.59,1.0093,38
1579058631.825,0.61,0.96,0.57,1.0092,38
1579058632.572,0.58,1.0028,0.56,1.0358,38
1579058633.331,0.58,0.9898,0.53,1.0604,38
1579058634.089,0.57,1.0002,0.54,1.0386,38
1579058634.838,0.57,1.0147,0.56,1.017,38
1579058635.207,0.59,0.963,0.54,1.0364,38
1579058636.029,0.57,1.0003,0.53,1.0538,39
1579058636.786,0.58,0.9865,0.56,1.0388,39
1579058637.533,0.58,0.9783,0.58,1.019,39
1579058638.284,0.58,0.9837,0.55,1.0279,39
1579058639.034,0.58,0.9806,0.55,1.0371,39
1579058639.802,0.58,1.002,0.56,1.0433,39
1579058640.545,0.58,0.998,0.58,1.0176,39
1579058641.339,0.61,0.9562,0.56,1.0088,39
1579058642.091,0.58,1.0031,0.55,1.0249,39
1579058642.836,0.58,0.9877,0.55,1.0496,39
1579058643.586,0.58,0.9919,0.56,1.0379,39
1579058644.341,0.58,1.0067,0.59,1.0218,39
1579058644.723,0.59,0.9573,0.55,1.0323,39
1579058645.475,0.57,0.9985,0.56,1.0354,40
1579058646.249,0.59,0.975,0.56,1.0403,40
1579058646.999,0.58,0.9739,0.56,1.0271,40
1579058647.746,0.58,0.9842,0.56,1.0257,40
1579058648.504,0.59,0.975,0.56,1.0272,40
1579058649.256,0.58,0.9939,0.54,1.0339,40
1579058650.015,0.58,0.9941,0.54,1.0238,40
1579058650.766,0.61,0.957,0.57,1.0104,40
1579058651.545,0.58,0.9975,0.55,1.0236,40
1579058652.316,0.59,0.9855,0.56,1.0419,40
1579058653.061,0.58,0.9877,0.57,1.0347,40
1579058653.816,0.58,1.0043,0.58,1.0225,40
1579058654.199,0.6,0.9511,0.56,1.0331,40
1579058654.978,0.57,0.9939,0.58,1.0304,41
1579058655.74,0.59,0.9719,0.58,1.0338,41
1579058656.485,0.58,0.9709,0.55,1.0246,41
1579058657.228,0.58,0.9792,0.55,1.0241,41
1579058657.983,0.59,0.9688,0.56,1.0283,41
1579058658.749,0.58,0.9919,0.56,1.0271,41
1579058659.548,0.58,0.9901,0.59,1.0135,41
1579058660.314,0.61,0.9515,0.57,1.011,41
1579058661.07,0.58,0.9936,0.54,1.0293,41
1579058661.822,0.59,0.9843,0.56,1.0374,41
1579058662.563,0.58,0.9849,0.58,1.0261,41
1579058663.314,0.58,1.0026,0.57,1.0209,41
1579058663.687,0.6,0.9475,0.55,1.0411,41
1579058664.442,0.58,0.9939,0.59,1.0313,42
1579058665.194,0.59,0.9702,0.58,1.0241,42
1579058665.961,0.58,0.9693,0.57,1.0182,42
1579058666.719,0.59,0.976,0.57,1.026,42
1579058667.468,0.59,0.9662,0.55,1.0324,42
1579058668.216,0.58,0.9917,0.57,1.0216,42
1579058668.963,0.58,0.9887,0.58,1.0042,42
1579058669.713,0.61,0.9508,0.56,1.0144,42
1579058670.487,0.59,0.9914,0.54,1.04,42
1579058671.241,0.59,0.9856,0.57,1.0337,42
1579058671.991,0.58,0.9822,0.59,1.0197,42
1579058672.744,0.57,1.0024,0.56,1.0225,42
1579058673.111,0.6,0.9456,0.55,1.0532,42
1579058673.865,0.57,0.9963,0.58,1.0296,43
1579058674.614,0.59,0.9686,0.6,1.0187,43
1579058675.368,0.58,0.9691,0.58,1.015,43
1579058676.122,0.59,0.9751,0.57,1.0318,43
1579058676.871,0.59,0.9644,0.55,1.0364,43
1579058677.613,0.58,0.9901,0.6,1.0121,43
1579058678.367,0.59,0.9852,0.6,1.0015,43
1579058679.126,0.61,0.9499,0.55,1.016,43
1579058679.875,0.59,0.9872,0.56,1.045,43
1579058680.699,0.59,0.9848,0.56,1.028,43
1579058681.452,0.59,0.9802,0.58,1.0166,43
1579058682.209,0.57,1.0031,0.56,1.0234,43
1579058682.575,0.6,0.942,0.54,1.058,43
1579058683.348,0.57,0.9966,0.58,1.0254,44
1579058684.099,0.59,0.9664,0.61,1.0125,44
1579058684.863,0.58,0.9678,0.59,1.013,44
1579058685.614,0.59,0.9734,0.57,1.0314,44
1579058686.374,0.6,0.9618,0.55,1.0342,44
1579058687.118,0.58,0.9883,0.59,1.0061,44
1579058687.86,0.58,0.982,0.6,0.9977,44
1579058688.617,0.61,0.9483,0.54,1.0142,44
1579058689.376,0.59,0.984,0.55,1.0442,44
1579058690.119,0.58,0.9834,0.55,1.0239,44
1579058690.889,0.59,0.9778,0.58,1.0125,44
1579058691.65,0.58,0.9999,0.55,1.0222,44
1579058692.041,0.6,0.9377,0.55,1.0562,44
1579058692.823,0.58,0.9935,0.58,1.023,45
1579058693.582,0.59,0.9647,0.61,1.0101,45
1579058694.33,0.58,0.9641,0.59,1.0136,45
1579058695.083,0.59,0.9717,0.57,1.0322,45
1579058695.856,0.6,0.9596,0.55,1.0309,45
1579058696.623,0.58,0.9868,0.59,1.0073,45
1579058697.369,0.59,0.9811,0.58,0.9969,45
1579058698.125,0.61,0.948,0.56,1.0196,45
1579058698.884,0.59,0.9873,0.53,1.0491,45
1579058699.639,0.59,0.9892,0.57,1.0302,45
1579058700.41,0.59,0.9838,0.56,1.0108,45
1579058701.17,0.58,0.9982,0.56,1.0231,45
1579058701.544,0.6,0.935,0.54,1.0535,45
1579058702.307,0.58,0.991,0.58,1.0219,46
1579058703.106,0.59,0.9628,0.59,1.008,46
1579058703.863,0.59,0.9614,0.58,1.0132,46
1579058704.609,0.59,0.9706,0.56,1.032,46
1579058705.372,0.6,0.958,0.55,1.0295,46
1579058706.114,0.58,0.9853,0.58,1.0067,46
1579058706.868,0.59,0.9791,0.58,0.997,46
1579058707.619,0.61,0.9441,0.55,1.0139,46
1579058708.365,0.59,0.9804,0.54,1.0396,46
1579058709.115,0.58,0.979,0.54,1.0207,46
1579058709.874,0.59,0.976,0.56,1.0166,46
1579058710.624,0.58,0.9999,0.55,1.0244,46
1579058710.998,0.61,0.9368,0.55,1.0543,46
1579058711.761,0.57,0.9935,0.57,1.0178,47
1579058712.505,0.59,0.9638,0.59,1.0092,47
1579058713.275,0.59,0.9602,0.57,1.0146,47
1579058714.038,0.59,0.9677,0.55,1.0286,47
1579058714.797,0.6,0.9552,0.55,1.0248,47
1579058715.543,0.59,0.9803,0.57,1.0005,47
1579058716.307,0.59,0.9764,0.58,0.9999,47
1579058717.088,0.61,0.9419,0.55,1.0138,47
1579058717.829,0.59,0.9789,0.54,1.0355,47
1579058718.57,0.59,0.977,0.55,1.0177,47
1579058719.343,0.59,0.9739,0.57,1.0135,47
1579058720.09,0.58,0.9944,0.54,1.0255,47
1579058720.458,0.61,0.9288,0.56,1.048,47
1579058721.239,0.58,0.9862,0.59,1.0126,48
1579058721.978,0.59,0.9591,0.59,1.0059,48
1579058722.724,0.59,0.9574,0.56,1.0172,48
1579058723.481,0.59,0.9655,0.55,1.0272,48
1579058724.29,0.6,0.9543,0.56,1.0219,48
1579058725.035,0.59,0.9783,0.59,1.0007,48
1579058725.798,0.59,0.9746,0.58,1.0016,48
1579058726.557,0.61,0.9384,0.54,1.0193,48
1579058727.307,0.59,0.9763,0.54,1.0376,48
1579058728.05,0.59,0.9752,0.56,1.0177,48
1579058728.802,0.59,0.9711,0.58,1.0108,48
1579058729.559,0.58,0.9894,0.56,1.0275,48
1579058729.94,0.61,0.924,0.54,1.0488,48
1579058730.705,0.58,0.9859,0.6,1.0139,49
1579058731.468,0.6,0.9605,0.6,1.0103,49
1579058732.213,0.59,0.9609,0.54,1.0263,49
1579058732.966,0.59,0.9699,0.56,1.0298,49
1579058733.716,0.6,0.9583,0.56,1.0251,49
1579058734.466,0.59,0.9806,0.6,1.0028,49
1579058735.222,0.59,0.9756,0.59,1.0025,49
1579058735.967,0.62,0.937,0.53,1.0174,49
1579058736.718,0.59,0.9755,0.52,1.0394,49
1579058737.463,0.59,0.9753,0.56,1.0215,49
1579058738.217,0.59,0.9722,0.56,1.01,49
1579058738.96,0.58,0.9899,0.56,1.0254,49
1579058739.326,0.61,0.9242,0.54,1.0526,49
1579058740.076,0.58,0.9881,0.59,1.0182,50
1579058740.834,0.6,0.9599,0.61,1.009,50
1579058741.607,0.59,0.9583,0.58,1.0169,50
1579058742.354,0.59,0.9635,0.56,1.0261,50
1579058743.102,0.6,0.9517,0.54,1.0237,50
1579058743.855,0.59,0.9783,0.58,1.0088,50
1579058744.608,0.59,0.9776,0.59,0.9982,50
1579058745.353,0.61,0.9436,0.55,1.0206,50
1579058746.158,0.59,0.9839,0.51,1.0451,50
1579058746.955,0.59,0.979,0.55,1.0196,50
1579058747.705,0.59,0.9679,0.58,1.0105,50
1579058748.45,0.58,0.9897,0.55,1.0254,50
1579058748.816,0.61,0.9268,0.54,1.0568,50
1579058749.567,0.57,0.9909,0.57,1.0157,51
1579058750.314,0.6,0.9571,0.58,1.0058,51
1579058751.069,0.59,0.9529,0.59,1.0151,51
1579058751.832,0.59,0.9625,0.54,1.0226,51
1579058752.579,0.6,0.9502,0.56,1.0226,51
1579058753.325,0.59,0.9743,0.56,0.9997,51
1579058754.086,0.59,0.9686,0.6,0.9937,51
1579058754.831,0.62,0.9338,0.55,1.0098,51
1579058755.576,0.59,0.9729,0.51,1.0361,51
1579058756.33,0.59,0.9721,0.56,1.0193,51
1579058757.081,0.59,0.967,0.56,1.0116,51
1579058757.826,0.58,0.988,0.55,1.0226,51
1579058758.194,0.61,0.9214,0.55,1.0445,51
1579058758.943,0.58,0.9807,0.59,1.0101,52
1579058759.693,0.6,0.9531,0.58,1.004,52
1579058760.454,0.6,0.9499,0.58,1.017,52
1579058761.205,0.6,0.9607,0.55,1.0191,52
1579058761.962,0.6,0.9476,0.55,1.0154,52
1579058762.719,0.59,0.9701,0.56,1.0011,52
1579058763.472,0.59,0.9667,0.58,0.9971,52
1579058764.225,0.62,0.9311,0.55,1.0125,52
1579058764.976,0.6,0.9718,0.52,1.0335,52
1579058765.728,0.59,0.9699,0.55,1.0172,52
1579058766.478,0.59,0.9642,0.57,1.013,52
1579058767.226,0.58,0.9844,0.53,1.0279,52
1579058767.598,0.61,0.9175,0.55,1.0468,52
1579058768.402,0.58,0.9807,0.57,1.01,53
1579058769.152,0.6,0.9524,0.58,1.0099,53
1579058769.903,0.6,0.949,0.58,1.0196,53
1579058770.653,0.6,0.9577,0.56,1.0192,53
1579058771.409,0.6,0.9463,0.56,1.0138,53
1579058772.217,0.59,0.968,0.57,1.0026,53
1579058772.976,0.59,0.9661,0.57,0.9969,53
1579058773.731,0.62,0.9283,0.54,1.0128,53
1579058774.52,0.6,0.9686,0.53,1.0347,53
1579058775.294,0.59,0.9671,0.55,1.0144,53
1579058776.057,0.6,0.9624,0.58,1.0102,53
1579058776.848,0.58,0.9835,0.54,1.0288,53
1579058777.228,0.62,0.9136,0.56,1.0474,53
1579058777.993,0.58,0.9783,0.59,1.0065,54
1579058778.772,0.6,0.9505,0.58,1.01,54
1579058779.556,0.6,0.9487,0.57,1.022,54
1579058780.315,0.6,0.9561,0.56,1.0224,54
1579058781.066,0.6,0.9463,0.55,1.0125,54
1579058781.825,0.59,0.9657,0.59,1.0027,54
1579058782.588,0.59,0.9664,0.58,0.9975,54
1579058783.332,0.62,0.9277,0.55,1.0175,54
1579058784.08,0.6,0.9707,0.51,1.039,54
1579058784.842,0.59,0.9688,0.54,1.0149,54
1579058785.582,0.6,0.9619,0.57,1.0086,54
1579058786.332,0.58,0.9794,0.54,1.031,54
1579058786.7,0.62,0.9086,0.54,1.0506,54
1579058787.448,0.58,0.977,0.58,1.006,55
1579058788.196,0.6,0.949,0.58,1.0109,55
1579058788.947,0.59,0.9492,0.56,1.0223,55
1579058789.693,0.6,0.956,0.57,1.0249,55
1579058790.453,0.6,0.9482,0.57,1.0134,55
1579058791.203,0.59,0.9676,0.61,1.0061,55
1579058792.009,0.59,0.9697,0.6,0.9969,55
1579058792.769,0.62,0.9295,0.55,1.0172,55
1579058793.515,0.59,0.9718,0.51,1.0408,55
1579058794.267,0.59,0.9672,0.53,1.0144,55
1579058795.019,0.6,0.9588,0.57,1.0092,55
1579058795.763,0.58,0.9809,0.55,1.0317,55
1579058796.13,0.62,0.9118,0.56,1.0583,55
1579058796.874,0.58,0.9847,0.57,1.0108,56
1579058797.623,0.6,0.9526,0.58,1.0128,56
1579058798.368,0.59,0.9516,0.56,1.0194,56
1579058799.118,0.6,0.9553,0.57,1.022,56
1579058799.866,0.6,0.9439,0.56,1.0143,56
1579058800.616,0.59,0.9633,0.6,0.9988,56
1579058801.369,0.59,0.9622,0.59,0.9948,56
1579058802.117,0.62,0.926,0.54,1.0088,56
1579058802.881,0.6,0.9638,0.52,1.0367,56
1579058803.627,0.6,0.9626,0.54,1.0187,56
1579058804.38,0.6,0.9578,0.58,1.01,56
1579058805.148,0.58,0.9786,0.54,1.0236,56
1579058805.514,0.62,0.905,0.54,1.0519,56
1579058806.271,0.58,0.9736,0.59,1.0111,57
1579058807.04,0.6,0.9466,0.58,1.0088,57
1579058807.786,0.6,0.9451,0.57,1.0203,57
1579058808.539,0.6,0.9546,0.57,1.0182,57
1579058809.306,0.6,0.9412,0.56,1.0183,57
1579058810.054,0.59,0.9617,0.59,1.0024,57
1579058810.8,0.6,0.9589,0.59,0.9943,57
1579058811.563,0.62,0.9243,0.55,1.0082,57
1579058812.331,0.6,0.9642,0.52,1.0415,57
1579058813.141,0.59,0.9649,0.54,1.0183,57
1579058813.882,0.6,0.9564,0.57,1.0086,57
1579058814.64,0.59,0.9744,0.55,1.0262,57
1579058815.011,0.62,0.9017,0.54,1.0534,57
1579058815.781,0.58,0.9716,0.58,1.0137,58
1579058816.54,0.6,0.9452,0.57,1.0154,58
1579058817.283,0.6,0.9419,0.56,1.0247,58
1579058818.031,0.6,0.9545,0.58,1.0211,58
1579058818.789,0.6,0.9442,0.56,1.0197,58
1579058819.542,0.6,0.9654,0.56,1.0127,58
1579058820.309,0.59,0.9639,0.6,0.9963,58
1579058821.053,0.62,0.9254,0.55,1.0077,58
1579058821.828,0.6,0.9631,0.52,1.0395,58
1579058822.581,0.6,0.9601,0.54,1.0201,58
1579058823.349,0.6,0.9548,0.59,1.0141,58
1579058824.098,0.58,0.9811,0.54,1.0303,58
1579058824.47,0.62,0.9079,0.56,1.0557,58
1579058825.237,0.58,0.9758,0.57,1.0118,59
1579058825.991,0.6,0.9452,0.57,1.0102,59
1579058826.739,0.6,0.9393,0.57,1.0259,59
1579058827.479,0.6,0.9521,0.55,1.0158,59
1579058828.234,0.61,0.9392,0.56,1.0123,59
1579058828.989,0.6,0.9577,0.56,1.0035,59
1579058829.738,0.6,0.9555,0.59,0.9958,59
1579058830.488,0.62,0.9182,0.55,1.0037,59
1579058831.24,0.6,0.9588,0.53,1.0347,59
1579058831.989,0.6,0.9586,0.54,1.0209,59
1579058832.745,0.6,0.952,0.57,1.0096,59
1579058833.512,0.59,0.9717,0.54,1.0245,59
1579058833.879,0.62,0.8972,0.54,1.0508,59
1579058834.64,0.58,0.9672,0.57,1.0102,60
1579058835.447,0.6,0.9414,0.56,1.0124,60
1579058836.203,0.6,0.9379,0.56,1.0256,60
1579058836.984,0.6,0.9489,0.56,1.0164,60
1579058837.741,0.6,0.9371,0.55,1.0151,60
1579058838.497,0.6,0.9544,0.57,1.0077,60
1579058839.278,0.6,0.9546,0.6,0.9967,60
1579058840.038,0.62,0.9184,0.55,1.0102,60
1579058840.792,0.6,0.9588,0.54,1.0404,60
1579058841.562,0.6,0.9586,0.53,1.0149,60
1579058842.327,0.6,0.9498,0.57,1.0092,60
1579058843.09,0.59,0.9702,0.54,1.0328,60
1579058843.475,0.62,0.8945,0.54,1.0532,60
1579058844.252,0.58,0.9664,0.57,1.009,61
1579058844.999,0.6,0.9415,0.58,1.0205,61
1579058845.754,0.6,0.9386,0.54,1.0313,61
1579058846.498,0.6,0.9492,0.57,1.0197,61
1579058847.262,0.6,0.9417,0.54,1.0177,61
1579058848.006,0.6,0.9568,0.57,1.0131,61
1579058848.749,0.6,0.959,0.6,0.9966,61
1579058849.507,0.62,0.9188,0.54,1.0126,61
1579058850.277,0.6,0.958,0.53,1.0433,61
1579058851.021,0.6,0.9563,0.54,1.014,61
1579058851.798,0.6,0.9512,0.59,1.0129,61
1579058852.565,0.58,0.9786,0.54,1.0388,61
1579058852.936,0.62,0.8991,0.55,1.0588,61
1579058853.695,0.58,0.9696,0.58,1.0058,62
1579058854.455,0.6,0.9403,0.57,1.0149,62
1579058855.21,0.6,0.9385,0.54,1.0335,62
1579058855.961,0.6,0.9483,0.56,1.0181,62
1579058856.77,0.6,0.9385,0.55,1.0102,62
1579058857.524,0.6,0.9507,0.55,1.007,62
1579058858.271,0.6,0.9526,0.59,0.9959,62
1579058859.021,0.62,0.9141,0.53,1.0067,62
1579058859.78,0.61,0.9557,0.54,1.0418,62
1579058860.538,0.6,0.9549,0.54,1.0217,62
1579058861.289,0.61,0.9476,0.57,1.0092,62
1579058862.04,0.59,0.971,0.54,1.0276,62
1579058862.412,0.62,0.8901,0.54,1.0656,62
1579058863.173,0.59,0.9665,0.59,1.0118,63
1579058863.934,0.6,0.938,0.57,1.0139,63
1579058864.689,0.6,0.9387,0.56,1.0325,63
1579058865.442,0.6,0.9481,0.57,1.0213,63
1579058866.189,0.6,0.9353,0.55,1.0118,63
1579058866.976,0.6,0.9494,0.56,1.0051,63
1579058867.731,0.6,0.9499,0.6,0.9973,63
1579058868.484,0.62,0.9135,0.53,1.0067,63
1579058869.23,0.61,0.9543,0.53,1.0401,63
1579058869.984,0.6,0.9537,0.53,1.0213,63
1579058870.743,0.61,0.9458,0.57,1.0102,63
1579058871.498,0.59,0.967,0.53,1.0273,63
1579058871.867,0.63,0.8876,0.55,1.0607,63
1579058872.628,0.59,0.9633,0.55,1.013,64
1579058873.367,0.6,0.9353,0.57,1.0168,64
1579058874.145,0.6,0.9341,0.52,1.0283,64
1579058874.903,0.6,0.9455,0.57,1.0179,64
1579058875.673,0.6,0.9349,0.56,1.0158,64
1579058876.426,0.6,0.9505,0.57,1.0078,64
1579058877.183,0.6,0.9506,0.6,0.9948,64
1579058877.951,0.62,0.9141,0.54,1.0074,64
1579058878.756,0.61,0.9526,0.55,1.0433,64
1579058879.502,0.6,0.9526,0.54,1.0183,64
1579058880.287,0.61,0.9446,0.56,1.0117,64
1579058881.044,0.59,0.968,0.54,1.0337,64
1579058881.431,0.63,0.8879,0.54,1.0593,64
1579058882.196,0.59,0.9622,0.55,1.0118,65
1579058882.945,0.6,0.9366,0.56,1.0216,65
1579058883.691,0.6,0.9323,0.53,1.0345,65
1579058884.465,0.6,0.9447,0.57,1.0133,65
1579058885.233,0.61,0.9328,0.55,1.0131,65
1579058885.976,0.6,0.9457,0.54,1.0104,65
1579058886.725,0.61,0.9468,0.6,0.9936,65
1579058887.476,0.62,0.9102,0.54,1.0034,65
1579058888.227,0.61,0.9494,0.54,1.0421,65
1579058888.971,0.6,0.9517,0.52,1.0218,65
1579058889.723,0.61,0.9471,0.57,1.0145,65
1579058890.475,0.58,0.9738,0.52,1.0363,65
1579058890.846,0.63,0.8881,0.54,1.063,65
1579058891.592,0.59,0.961,0.56,1.011,66
1579058892.371,0.6,0.9349,0.56,1.0193,66
1579058893.118,0.61,0.9309,0.54,1.0393,66
1579058893.868,0.6,0.9448,0.57,1.0146,66
1579058894.633,0.61,0.9321,0.56,1.0111,66
1579058895.384,0.61,0.9445,0.53,1.0124,66
1579058896.13,0.61,0.9456,0.59,0.9968,66
1579058896.9,0.63,0.9079,0.54,1.0009,66
1579058897.654,0.61,0.9484,0.55,1.0417,66
1579058898.406,0.6,0.95,0.53,1.0221,66
1579058899.177,0.61,0.9409,0.57,1.0053,66
1579058899.939,0.59,0.9621,0.55,1.0274,66
1579058900.311,0.63,0.8786,0.53,1.0657,66
1579058901.127,0.59,0.9593,0.58,1.0154,67
1579058901.87,0.6,0.9369,0.56,1.02,67
1579058902.621,0.6,0.9347,0.53,1.0452,67
1579058903.383,0.6,0.9481,0.58,1.0186,67
1579058904.137,0.61,0.9322,0.56,1.0118,67
1579058904.909,0.61,0.9426,0.53,1.0106,67
1579058905.665,0.61,0.9436,0.59,0.9966,67
1579058906.418,0.62,0.9067,0.54,1.0026,67
1579058907.164,0.61,0.9509,0.52,1.0445,67
1579058907.913,0.6,0.9535,0.55,1.0193,67
1579058908.676,0.61,0.9427,0.57,1.0017,67
1579058909.427,0.59,0.9592,0.55,1.0258,67
1579058909.792,0.63,0.8761,0.52,1.0655,67
1579058910.546,0.59,0.9584,0.57,1.0131,68
1579058911.292,0.61,0.9312,0.57,1.0168,68
1579058912.044,0.61,0.9287,0.52,1.0382,68
1579058912.802,0.6,0.9416,0.55,1.0207,68
1579058913.549,0.61,0.93,0.57,1.0104,68
1579058914.295,0.61,0.9456,0.54,1.0131,68
1579058915.084,0.61,0.9471,0.58,1.001,68
1579058915.836,0.63,0.9079,0.54,1.0046,68
1579058916.578,0.61,0.9478,0.54,1.0368,68
1579058917.321,0.61,0.946,0.55,1.0221,68
1579058918.08,0.61,0.9397,0.58,1.0132,68
1579058918.822,0.59,0.9648,0.56,1.0295,68
1579058919.186,0.63,0.8799,0.54,1.0656,68
1579058919.938,0.59,0.9571,0.56,1.0125,69
1579058920.678,0.61,0.929,0.57,1.0175,69
1579058921.426,0.61,0.927,0.53,1.0374,69
1579058922.183,0.61,0.9391,0.56,1.0156,69
1579058922.937,0.61,0.9265,0.57,1.0053,69
1579058923.683,0.61,0.9382,0.55,1.0044,69
1579058924.485,0.61,0.94,0.57,0.997,69
1579058925.257,0.63,0.9024,0.53,1.0025,69
1579058925.997,0.61,0.9434,0.54,1.0339,69
1579058926.769,0.61,0.9447,0.54,1.0214,69
1579058927.518,0.61,0.9392,0.58,1.0113,69
1579058928.267,0.59,0.9622,0.55,1.0289,69
1579058928.634,0.63,0.8747,0.55,1.0626,69
1579058929.388,0.59,0.9529,0.58,1.0125,70
1579058930.141,0.61,0.9276,0.57,1.0222,70
1579058930.894,0.61,0.927,0.52,1.041,70
1579058931.636,0.61,0.9387,0.56,1.0164,70
1579058932.407,0.61,0.9274,0.57,1.0107,70
1579058933.16,0.61,0.936,0.54,1.0075,70
1579058933.91,0.61,0.9393,0.59,0.9945,70
1579058934.659,0.63,0.9009,0.54,1.0058,70
1579058935.434,0.61,0.9425,0.55,1.0419,70
1579058936.204,0.61,0.9452,0.54,1.0142,70
1579058936.953,0.61,0.9349,0.57,1.0057,70
1579058937.702,0.59,0.9538,0.53,1.0357,70
1579058938.077,0.63,0.8687,0.54,1.0598,70
1579058938.826,0.59,0.951,0.58,1.0148,71
1579058939.582,0.61,0.9299,0.54,1.0269,71
1579058940.357,0.6,0.9292,0.52,1.0451,71
1579058941.104,0.6,0.9403,0.57,1.015,71
1579058941.868,0.61,0.9298,0.57,1.015,71
1579058942.627,0.61,0.9352,0.55,1.0103,71
1579058943.373,0.61,0.9391,0.58,0.9927,71
1579058944.119,0.63,0.9004,0.52,1.006,71
1579058944.864,0.61,0.9419,0.54,1.0445,71
1579058945.691,0.61,0.9455,0.55,1.0102,71
1579058946.436,0.61,0.9339,0.58,1.0011,71
1579058947.187,0.59,0.9526,0.54,1.0374,71
1579058947.557,0.64,0.8664,0.53,1.0613,71
1579058948.309,0.59,0.9508,0.6,1.0156,72
1579058949.056,0.61,0.9298,0.54,1.0277,72
1579058949.809,0.6,0.9277,0.51,1.0487,72
1579058950.558,0.61,0.9382,0.58,1.0131,72
1579058951.301,0.61,0.9271,0.57,1.0098,72
1579058952.048,0.61,0.9324,0.56,1.0146,72
1579058952.806,0.61,0.9399,0.59,0.9925,72
1579058953.547,0.63,0.9017,0.51,1.0079,72
1579058954.296,0.6,0.9495,0.53,1.0569,72
1579058955.065,0.6,0.9537,0.58,1.0163,72
1579058955.827,0.61,0.9389,0.59,0.9992,72
1579058956.568,0.6,0.9537,0.54,1.0392,72
1579058956.936,0.64,0.8653,0.52,1.0677,72
1579058957.682,0.59,0.9506,0.6,1.0103,73
1579058958.436,0.61,0.9258,0.58,1.0232,73
1579058959.2,0.6,0.9248,0.52,1.0468,73
1579058959.967,0.6,0.9406,0.54,1.0264,73
1579058960.72,0.6,0.9347,0.58,1.0056,73
1579058961.478,0.61,0.9411,0.55,1.0158,73
1579058962.249,0.61,0.9406,0.56,0.9988,73
1579058962.997,0.63,0.8972,0.53,1.0012,73
1579058963.747,0.61,0.94,0.55,1.0368,73
1579058964.511,0.61,0.9444,0.55,1.0331,73
1579058965.269,0.61,0.9464,0.57,1.0185,73
1579058966.06,0.59,0.9722,0.56,1.0185,73
1579058966.439,0.64,0.8661,0.53,1.0723,73
1579058967.211,0.59,0.9545,0.56,1.0303,74
1579058968.023,0.61,0.9365,0.59,1.0128,74
1579058968.768,0.6,0.9301,0.52,1.0388,74
1579058969.512,0.6,0.9352,0.56,1.0409,74
1579058970.285,0.61,0.9297,0.57,1.0042,74
1579058971.031,0.61,0.9399,0.57,0.9977,74
1579058971.791,0.61,0.9322,0.55,1.0069,74
1579058972.54,0.63,0.8994,0.55,1.0007,74
1579058973.306,0.6,0.94,0.54,1.0186,74
1579058974.049,0.6,0.9424,0.55,1.03,74
1579058974.794,0.61,0.9352,0.59,1.0095,74
1579058975.553,0.6,0.9459,0.59,1.0164,74
1579058975.93,0.64,0.8673,0.53,1.0609,74
1579058976.676,0.59,0.954,0.58,1.0338,75
1579058977.433,0.62,0.9243,0.58,1.0168,75
1579058978.181,0.61,0.9193,0.53,1.033,75
1579058978.924,0.6,0.9455,0.56,1.0558,75
1579058979.678,0.61,0.9372,0.55,1.0112,75
1579058980.43,0.61,0.9304,0.58,1.0027,75
1579058981.179,0.6,0.9387,0.54,1.0288,75
1579058981.919,0.62,0.9172,0.57,1.0048,75
1579058982.673,0.61,0.9349,0.54,1.0232,75
1579058983.424,0.61,0.9419,0.55,1.0325,75
1579058984.169,0.61,0.9394,0.56,1.0115,75
1579058984.932,0.6,0.9435,0.55,1.0177,75
1579058985.303,0.64,0.8619,0.52,1.0542,75
1579058986.056,0.59,0.9429,0.57,1.0211,76
1579058986.831,0.62,0.9165,0.57,1.0192,76
1579058987.576,0.61,0.9159,0.53,1.0361,76
1579058988.317,0.61,0.9301,0.55,1.0271,76
1579058989.113,0.61,0.9165,0.56,1.0181,76
1579058989.871,0.61,0.9259,0.55,1.0084,76
1579058990.622,0.61,0.9271,0.56,1.0056,76
1579058991.371,0.64,0.892,0.56,1.0084,76
1579058992.132,0.61,0.9313,0.57,1.0252,76
1579058992.904,0.61,0.934,0.58,1.0213,76
1579058993.647,0.61,0.9302,0.59,1.0152,76
1579058994.396,0.6,0.9459,0.54,1.0284,76
1579058994.762,0.64,0.854,0.54,1.0583,76
1579058995.514,0.6,0.9435,0.56,1.0269,77
1579058996.259,0.62,0.9244,0.55,1.0274,77
1579058997.005,0.62,0.914,0.52,1.043,77
1579058997.755,0.6,0.9337,0.54,1.0378,77
1579058998.511,0.6,0.9316,0.56,1.0192,77
1579058999.263,0.61,0.9264,0.53,1.0166,77
1579059000.013,0.61,0.9294,0.56,1.0152,77
1579059000.763,0.63,0.9018,0.55,1.0129,77
1579059001.515,0.61,0.9339,0.54,1.0376,77
1579059002.258,0.61,0.9356,0.57,1.0165,77
1579059003.015,0.61,0.9273,0.59,1.0033,77
1579059003.769,0.6,0.9426,0.55,1.0346,77
1579059004.137,0.64,0.8523,0.53,1.0548,77
1579059004.901,0.6,0.9376,0.59,1.0111,78
1579059005.646,0.62,0.9177,0.54,1.032,78
1579059006.395,0.61,0.9172,0.52,1.0471,78
1579059007.151,0.6,0.9321,0.56,1.022,78
1579059007.898,0.61,0.9194,0.55,1.0176,78
1579059008.646,0.61,0.9218,0.56,1.0217,78
1579059009.404,0.61,0.9329,0.55,1.0119,78
1579059010.16,0.64,0.8934,0.53,1.0132,78
1579059010.956,0.61,0.9316,0.5,1.0482,78
1579059011.699,0.61,0.9378,0.58,1.0195,78
1579059012.464,0.62,0.9265,0.59,1.0028,78
1579059013.232,0.6,0.9428,0.53,1.0384,78
1579059013.599,0.65,0.8501,0.55,1.0621,78
1579059014.362,0.6,0.9374,0.58,1.0107,79
1579059015.128,0.62,0.9184,0.54,1.0306,79
1579059015.874,0.61,0.9153,0.5,1.0545,79
1579059016.631,0.6,0.9306,0.56,1.0205,79
1579059017.39,0.61,0.9193,0.57,1.0136,79
1579059018.137,0.61,0.9202,0.54,1.0229,79
1579059018.908,0.61,0.931,0.55,1.0107,79
1579059019.669,0.64,0.89,0.53,1.0132,79
1579059020.429,0.61,0.9323,0.5,1.0481,79
1579059021.184,0.61,0.9355,0.56,1.0188,79
1579059021.935,0.62,0.9249,0.59,1.001,79
1579059022.69,0.6,0.9426,0.53,1.037,79
1579059023.055,0.65,0.8481,0.54,1.0653,79
1579059023.808,0.6,0.9385,0.61,1.0112,80
1579059024.559,0.62,0.9176,0.58,1.0255,80
1579059025.321,0.61,0.9145,0.5,1.0593,80
1579059026.095,0.61,0.9322,0.53,1.0262,80
1579059026.846,0.61,0.9198,0.58,1.0072,80
1579059027.609,0.61,0.9186,0.55,1.0243,80
1579059028.357,0.61,0.9307,0.55,1.0146,80
1579059029.11,0.64,0.8887,0.55,1.0109,80
1579059029.872,0.61,0.934,0.51,1.0446,80
1579059030.632,0.61,0.9326,0.56,1.0235,80
1579059031.381,0.62,0.9247,0.59,0.9987,80
1579059032.125,0.6,0.9418,0.54,1.0323,80
1579059032.5,0.65,0.8457,0.54,1.0767,80
1579059033.303,0.6,0.9436,0.6,1.0115,81
1579059034.042,0.62,0.9158,0.56,1.019,81
1579059034.798,0.6,0.9167,0.51,1.0566,81
1579059035.549,0.6,0.9338,0.54,1.0374,81
1579059036.294,0.61,0.9207,0.58,0.9993,81
1579059037.036,0.61,0.9191,0.55,1.0199,81
1579059037.789,0.61,0.9296,0.53,1.0267,81
1579059038.532,0.63,0.8895,0.55,1.0095,81
1579059039.277,0.61,0.9358,0.53,1.0377,81
1579059040.028,0.61,0.9294,0.57,1.0381,81
1579059040.783,0.61,0.9258,0.62,0.9985,81
1579059041.524,0.6,0.9413,0.58,1.0175,81
1579059041.887,0.65,0.845,0.49,1.0946,81
1579059042.637,0.6,0.9494,0.6,1.0126,82
1579059043.385,0.62,0.9097,0.55,1.0189,82
1579059044.141,0.6,0.9254,0.52,1.0452,82
1579059044.906,0.61,0.9308,0.54,1.0558,82
1579059045.652,0.61,0.9186,0.56,1.0016,82
1579059046.398,0.61,0.9207,0.58,1.0043,82
1579059047.155,0.61,0.9288,0.53,1.0397,82
1579059047.896,0.62,0.8946,0.52,1.0101,82
1579059048.653,0.61,0.9287,0.54,1.0235,82
1579059049.399,0.61,0.9301,0.55,1.0457,82
1579059050.156,0.61,0.9256,0.58,1.0079,82
1579059050.901,0.6,0.9388,0.59,1.0067,82
1579059051.271,0.65,0.8461,0.55,1.078,82
1579059052.015,0.6,0.9409,0.55,1.0267,83
1579059052.76,0.62,0.907,0.55,1.0181,83
1579059053.506,0.6,0.9219,0.53,1.0215,83
1579059054.261,0.61,0.9251,0.55,1.0548,83
1579059055.001,0.61,0.9136,0.54,1.0181,83
1579059055.764,0.62,0.9186,0.6,0.9945,83
1579059056.576,0.61,0.9246,0.51,1.0265,83
1579059057.325,0.63,0.8902,0.56,1.0175,83
1579059058.075,0.62,0.9203,0.54,1.0238,83
1579059058.822,0.61,0.9309,0.56,1.035,83
1579059059.569,0.62,0.9203,0.57,1.0171,83
1579059060.342,0.61,0.9342,0.59,1.0112,83
1579059060.71,0.65,0.8408,0.54,1.0551,83
1579059061.463,0.6,0.9298,0.55,1.0258,84
1579059062.224,0.62,0.907,0.57,1.0209,84
1579059062.967,0.61,0.9105,0.53,1.0205,84
1579059063.711,0.61,0.9218,0.56,1.0318,84
1579059064.462,0.62,0.9057,0.54,1.0254,84
1579059065.232,0.62,0.9165,0.58,1.0008,84
1579059065.977,0.61,0.9212,0.55,1.018,84
1579059066.727,0.64,0.8864,0.56,1.0153,84
1579059067.481,0.62,0.9184,0.56,1.0291,84
1579059068.233,0.61,0.9278,0.57,1.0284,84
1579059068.976,0.62,0.9185,0.59,1.0096,84
1579059069.729,0.61,0.9315,0.56,1.0182,84
1579059070.101,0.65,0.8346,0.56,1.0518,84
1579059070.852,0.61,0.9266,0.57,1.0183,85
1579059071.605,0.62,0.9058,0.55,1.0293,85
1579059072.352,0.61,0.908,0.53,1.0293,85
1579059073.109,0.61,0.9198,0.56,1.0234,85
1579059073.866,0.62,0.905,0.54,1.0271,85
1579059074.625,0.62,0.912,0.55,1.0101,85
1579059075.37,0.61,0.9194,0.54,1.0159,85
1579059076.111,0.64,0.884,0.57,1.019,85
1579059076.891,0.61,0.9177,0.56,1.0374,85
1579059077.702,0.62,0.9251,0.58,1.0202,85
1579059078.448,0.62,0.9151,0.59,1.0086,85
1579059079.206,0.61,0.93,0.56,1.0304,85
1579059079.593,0.65,0.8317,0.54,1.0471,85
1579059080.349,0.61,0.924,0.59,1.0142,86
1579059081.114,0.62,0.9038,0.56,1.0357,86
1579059081.867,0.61,0.9061,0.54,1.0286,86
1579059082.618,0.61,0.9173,0.53,1.0207,86
1579059083.382,0.62,0.9077,0.52,1.0314,86
1579059084.146,0.62,0.9091,0.57,1.0117,86
1579059084.912,0.62,0.916,0.53,1.012,86
1579059085.654,0.64,0.8814,0.55,1.0321,86
1579059086.402,0.62,0.9181,0.54,1.0375,86
1579059087.159,0.62,0.9224,0.59,1.01,86
1579059087.912,0.62,0.9143,0.59,1.017,86
1579059088.659,0.61,0.9285,0.54,1.0382,86
1579059089.025,0.65,0.8303,0.55,1.0383,86
1579059089.783,0.61,0.9217,0.58,1.0179,87
1579059090.539,0.63,0.901,0.55,1.0385,87
1579059091.309,0.61,0.9038,0.56,1.0232,87
1579059092.071,0.61,0.9141,0.53,1.0226,87
1579059092.834,0.62,0.9059,0.54,1.0368,87
1579059093.604,0.61,0.9087,0.57,1.0068,87
1579059094.376,0.62,0.916,0.54,1.0137,87
1579059095.135,0.64,0.8776,0.57,1.0467,87
1579059095.888,0.61,0.9193,0.54,1.028,87
1579059096.633,0.62,0.9206,0.58,1.011,87
1579059097.389,0.62,0.9129,0.57,1.0252,87
1579059098.146,0.61,0.9265,0.54,1.0345,87
1579059098.515,0.66,0.8277,0.56,1.0397,87
1579059099.282,0.61,0.9206,0.55,1.0191,88
1579059100.083,0.63,0.9003,0.57,1.034,88
1579059100.837,0.61,0.902,0.57,1.0228,88
1579059101.596,0.61,0.9159,0.53,1.0314,88
1579059102.357,0.62,0.9063,0.53,1.0306,88
1579059103.105,0.62,0.9075,0.57,1.01,88
1579059103.847,0.62,0.9153,0.54,1.0174,88
1579059104.6,0.64,0.8754,0.56,1.048,88
1579059105.348,0.62,0.9193,0.54,1.024,88
1579059106.093,0.61,0.9199,0.58,1.0128,88
1579059106.865,0.62,0.9125,0.57,1.0265,88
1579059107.621,0.61,0.9261,0.55,1.0362,88
1579059107.987,0.66,0.827,0.56,1.0453,88
1579059108.764,0.61,0.9206,0.57,1.0167,89
1579059109.516,0.63,0.9013,0.56,1.034,89
1579059110.265,0.61,0.9027,0.57,1.0233,89
1579059111.007,0.61,0.9175,0.53,1.029,89
1579059111.764,0.62,0.9074,0.55,1.0296,89
1579059112.508,0.62,0.9072,0.55,1.0106,89
1579059113.256,0.61,0.9149,0.54,1.0196,89
1579059114.006,0.64,0.8747,0.54,1.052,89
1579059114.759,0.61,0.9188,0.54,1.0234,89
1579059115.503,0.62,0.9176,0.56,1.0119,89
1579059116.251,0.62,0.9154,0.56,1.0349,89
1579059117.006,0.61,0.9326,0.53,1.0396,89
1579059117.373,0.65,0.8302,0.55,1.0481,89
1579059118.128,0.61,0.9232,0.56,1.0171,90
1579059118.897,0.63,0.9008,0.57,1.0312,90
1579059119.646,0.61,0.9019,0.56,1.0202,90
1579059120.409,0.61,0.9126,0.52,1.0203,90
1579059121.207,0.62,0.9044,0.52,1.0318,90
1579059121.957,0.62,0.9059,0.56,1.0071,90
1579059122.705,0.61,0.9222,0.53,1.026,90
1579059123.458,0.64,0.881,0.53,1.0595,90
1579059124.221,0.61,0.9226,0.56,1.0233,90
1579059124.97,0.62,0.9171,0.56,1.0128,90
1579059125.728,0.62,0.9125,0.54,1.0261,90
1579059126.473,0.61,0.9245,0.54,1.0363,90
1579059126.846,0.66,0.821,0.54,1.0468,90
1579059127.611,0.61,0.9246,0.56,1.0301,91
1579059128.354,0.63,0.9042,0.56,1.0271,91
1579059129.122,0.61,0.9079,0.58,1.0229,91
1579059129.875,0.61,0.9108,0.54,1.0276,91
1579059130.617,0.62,0.9033,0.54,1.0305,91
1579059131.365,0.62,0.9011,0.53,1.0133,91
1579059132.112,0.61,0.9164,0.54,1.0167,91
1579059132.858,0.64,0.873,0.54,1.0553,91
1579059133.599,0.62,0.923,0.56,1.0348,91
1579059134.354,0.61,0.9215,0.57,1.0182,91
1579059135.125,0.62,0.9108,0.57,1.023,91
1579059135.868,0.61,0.9224,0.54,1.0437,91
1579059136.233,0.66,0.8174,0.54,1.0541,91
1579059137.003,0.61,0.9218,0.54,1.018,92
1579059137.744,0.64,0.894,0.55,1.038,92
1579059138.497,0.61,0.9066,0.58,1.0128,92
1579059139.283,0.61,0.9112,0.53,1.0317,92
1579059140.028,0.62,0.9082,0.56,1.0408,92
1579059140.777,0.62,0.9022,0.54,1.0101,92
1579059141.535,0.61,0.9158,0.56,1.0204,92
1579059142.305,0.64,0.8734,0.52,1.0612,92
1579059143.099,0.61,0.9179,0.53,1.0289,92
1579059143.841,0.62,0.9167,0.59,1.0148,92
1579059144.598,0.62,0.9102,0.55,1.0338,92
1579059145.347,0.61,0.9312,0.54,1.0333,92
1579059145.72,0.66,0.8155,0.53,1.0603,92
1579059146.48,0.61,0.9232,0.56,1.0268,93
1579059147.223,0.63,0.8937,0.55,1.0323,93
1579059147.969,0.6,0.9061,0.56,1.019,93
1579059148.73,0.62,0.9073,0.55,1.0272,93
1579059149.499,0.62,0.9029,0.54,1.042,93
1579059150.263,0.62,0.9009,0.55,1.0118,93
1579059151.027,0.62,0.9109,0.55,1.0179,93
1579059151.812,0.64,0.8729,0.56,1.0463,93
1579059152.57,0.62,0.9103,0.55,1.0421,93
1579059153.32,0.61,0.9168,0.59,1.0148,93
1579059154.074,0.62,0.9026,0.57,1.0243,93
1579059154.838,0.61,0.9246,0.53,1.0367,93
1579059155.204,0.66,0.8124,0.55,1.0599,93
1579059155.97,0.61,0.9216,0.57,1.0268,94
1579059156.738,0.63,0.893,0.55,1.0404,94
1579059157.485,0.61,0.9015,0.59,1.0116,94
1579059158.247,0.61,0.91,0.55,1.0261,94
1579059159.001,0.62,0.9013,0.55,1.0555,94
1579059159.749,0.62,0.9052,0.57,1.0079,94
1579059160.495,0.62,0.9071,0.55,1.023,94
1579059161.238,0.64,0.8739,0.53,1.0481,94
1579059161.991,0.62,0.9072,0.53,1.0308,94
1579059162.738,0.62,0.9151,0.57,1.0202,94
1579059163.484,0.62,0.9055,0.56,1.0345,94
1579059164.228,0.61,0.9314,0.56,1.0269,94
1579059164.602,0.66,0.8171,0.54,1.0646,94
1579059165.4,0.61,0.9197,0.57,1.0257,95
1579059166.153,0.63,0.8942,0.56,1.0347,95
1579059166.936,0.62,0.895,0.57,1.0196,95
1579059167.682,0.61,0.9088,0.56,1.0131,95
1579059168.428,0.62,0.8936,0.54,1.0474,95
1579059169.182,0.62,0.9015,0.58,1.013,95
1579059169.935,0.62,0.9065,0.55,1.0245,95
1579059170.683,0.64,0.8794,0.53,1.0446,95
1579059171.43,0.62,0.9077,0.54,1.0396,95
1579059172.202,0.62,0.9143,0.56,1.0192,95
1579059172.95,0.62,0.9059,0.53,1.0306,95
1579059173.699,0.61,0.9222,0.56,1.0307,95
1579059174.086,0.66,0.8094,0.55,1.0441,95
1579059174.842,0.61,0.914,0.57,1.0373,96
1579059175.596,0.63,0.8998,0.56,1.037,96
1579059176.356,0.61,0.8982,0.59,1.0176,96
1579059177.107,0.61,0.9109,0.58,1.0162,96
1579059177.858,0.62,0.8902,0.55,1.0522,96
1579059178.611,0.62,0.8994,0.56,1.0047,96
1579059179.372,0.62,0.9025,0.55,1.0201,96
1579059180.136,0.64,0.8695,0.54,1.0388,96
1579059180.887,0.63,0.9058,0.55,1.0281,96
1579059181.663,0.62,0.914,0.55,1.0265,96
1579059182.428,0.63,0.9017,0.58,1.0246,96
1579059183.176,0.61,0.9143,0.55,1.0287,96
1579059183.546,0.67,0.8072,0.55,1.0585,96
1579059184.298,0.61,0.9106,0.56,1.0271,97
1579059185.05,0.63,0.8921,0.58,1.0341,97
1579059185.803,0.62,0.8877,0.57,1.019,97
1579059186.564,0.61,0.9062,0.58,1.019,97
1579059187.321,0.62,0.891,0.54,1.0561,97
1579059188.087,0.62,0.8978,0.55,1.0137,97
1579059188.902,0.62,0.9009,0.55,1.0232,97
1579059189.662,0.65,0.8658,0.52,1.0424,97
1579059190.413,0.63,0.9018,0.55,1.0223,97
1579059191.18,0.62,0.908,0.58,1.0258,97
1579059191.929,0.63,0.8974,0.56,1.0296,97
1579059192.701,0.61,0.9144,0.56,1.0308,97
1579059193.073,0.67,0.8042,0.54,1.0624,97
1579059193.833,0.61,0.9086,0.58,1.0199,98
1579059194.591,0.63,0.8895,0.57,1.0406,98
1579059195.357,0.62,0.8896,0.58,1.0166,98
1579059196.106,0.61,0.9054,0.59,1.021,98
1579059196.883,0.62,0.8952,0.53,1.0585,98
1579059197.635,0.63,0.8988,0.58,1.0104,98
1579059198.381,0.63,0.9027,0.56,1.0246,98
1579059199.139,0.65,0.8625,0.52,1.0481,98
1579059199.891,0.63,0.9008,0.56,1.0174,98
1579059200.646,0.62,0.9066,0.56,1.027,98
1579059201.396,0.63,0.8971,0.56,1.0327,98
1579059202.155,0.61,0.9172,0.57,1.0291,98
1579059202.524,0.66,0.8045,0.54,1.0702,98
1579059203.271,0.61,0.9105,0.61,1.0161,99
1579059204.029,0.63,0.8885,0.58,1.0378,99
1579059204.777,0.62,0.8887,0.55,1.0244,99
1579059205.522,0.62,0.9009,0.57,1.0132,99
1579059206.266,0.62,0.8913,0.53,1.0544,99
1579059207.023,0.62,0.8921,0.57,1.0111,99
1579059207.769,0.63,0.9018,0.56,1.0259,99
1579059208.511,0.64,0.867,0.51,1.0653,99
1579059209.278,0.62,0.909,0.55,1.0251,99
1579059210.086,0.62,0.9145,0.59,1.0321,99
1579059210.832,0.62,0.9112,0.56,1.0571,99
1579059211.591,0.61,0.9357,0.57,1.0264,99
1579059211.966,0.66,0.8038,0.55,1.0652,99
