1579407992.495,0.24,1.3874,0.22,1.3863,0
1579407993.604,0.25,1.3866,0.26,1.3863,0
1579407994.697,0.25,1.3864,0.26,1.3865,0
1579407995.783,0.25,1.3863,0.26,1.3861,0
1579407996.874,0.25,1.3864,0.26,1.3858,0
1579407997.961,0.25,1.3864,0.24,1.3856,0
1579407999.046,0.24,1.3867,0.28,1.3857,0
1579408000.133,0.24,1.3864,0.28,1.386,0
1579408001.232,0.24,1.3863,0.26,1.3864,0
1579408002.336,0.25,1.3863,0.2,1.3866,0
1579408003.422,0.24,1.3866,0.22,1.3867,0
1579408004.403,0.25,1.3865,0.22,1.3867,0
1579408005.498,0.25,1.3864,0.22,1.3867,1
1579408006.582,0.25,1.3863,0.22,1.3867,1
1579408007.672,0.25,1.3863,0.22,1.3866,1
1579408008.766,0.24,1.3864,0.22,1.3864,1
1579408009.859,0.25,1.3862,0.37,1.3861,1
1579408010.956,0.38,1.3861,0.34,1.3859,1
1579408012.05,0.31,1.3862,0.28,1.385,1
1579408013.143,0.24,1.3855,0.28,1.3825,1
1579408014.23,0.24,1.3837,0.29,1.3734,1
1579408015.317,0.26,1.3742,0.2,1.3616,1
1579408016.401,0.24,1.3686,0.39,1.3698,1
1579408017.382,0.34,1.3739,0.38,1.3685,1
1579408018.504,0.34,1.3736,0.37,1.3334,2
1579408019.599,0.37,1.3418,0.37,1.3764,2
1579408020.696,0.32,1.3979,0.46,1.3307,2
1579408021.786,0.38,1.3357,0.3,1.3601,2
1579408022.871,0.34,1.3634,0.31,1.3681,2
1579408023.957,0.32,1.3689,0.32,1.3601,2
1579408025.058,0.33,1.3615,0.3,1.3399,2
1579408026.147,0.35,1.3364,0.35,1.3067,2
1579408027.252,0.37,1.3025,0.34,1.3776,2
1579408028.349,0.38,1.3407,0.31,1.3406,2
1579408029.446,0.35,1.3273,0.31,1.3301,2
1579408030.431,0.34,1.3252,0.33,1.3107,2
1579408031.539,0.37,1.3099,0.34,1.3083,3
1579408032.752,0.39,1.3027,0.35,1.3023,3
1579408033.842,0.38,1.2933,0.34,1.3075,3
1579408034.937,0.35,1.3037,0.37,1.3032,3
1579408036.025,0.36,1.2909,0.3,1.2716,3
1579408037.119,0.39,1.2604,0.35,1.2665,3
1579408038.205,0.38,1.2599,0.37,1.2754,3
1579408039.295,0.38,1.2699,0.37,1.2772,3
1579408040.381,0.38,1.2659,0.38,1.2907,3
1579408041.472,0.39,1.2837,0.37,1.2574,3
1579408042.556,0.41,1.2401,0.39,1.2548,3
1579408043.515,0.39,1.257,0.38,1.265,3
1579408044.609,0.39,1.2626,0.39,1.2695,4
1579408045.7,0.4,1.261,0.38,1.2659,4
1579408046.79,0.39,1.2567,0.38,1.26,4
1579408047.885,0.39,1.253,0.37,1.2509,4
1579408048.985,0.39,1.2418,0.37,1.2528,4
1579408050.078,0.39,1.236,0.39,1.2552,4
1579408051.162,0.39,1.2414,0.4,1.2554,4
1579408052.246,0.38,1.2435,0.36,1.2449,4
1579408053.329,0.4,1.2399,0.33,1.2495,4
1579408054.413,0.4,1.247,0.35,1.2471,4
1579408055.499,0.39,1.2306,0.35,1.2451,4
1579408056.466,0.38,1.2475,0.37,1.2413,4
1579408057.555,0.39,1.24,0.36,1.2411,5
1579408058.639,0.41,1.2295,0.36,1.2456,5
1579408059.723,0.41,1.2249,0.35,1.2442,5
1579408060.814,0.39,1.2364,0.37,1.2375,5
1579408061.906,0.4,1.2258,0.38,1.2317,5
1579408062.998,0.4,1.2199,0.38,1.2283,5
1579408064.087,0.4,1.2282,0.37,1.226,5
1579408065.175,0.41,1.2185,0.38,1.2261,5
1579408066.259,0.41,1.2222,0.38,1.2277,5
1579408067.35,0.4,1.2363,0.4,1.2261,5
1579408068.434,0.41,1.2159,0.42,1.2131,5
1579408069.399,0.4,1.2188,0.42,1.2128,5
1579408070.495,0.39,1.2233,0.43,1.2229,6
1579408071.587,0.4,1.2156,0.43,1.2096,6
1579408072.671,0.4,1.2035,0.43,1.2125,6
1579408073.754,0.4,1.2149,0.39,1.2364,6
1579408074.831,0.41,1.2174,0.46,1.2114,6
1579408075.911,0.41,1.1959,0.45,1.2154,6
1579408076.992,0.4,1.2105,0.34,1.2476,6
1579408078.077,0.4,1.2255,0.45,1.2095,6
1579408079.163,0.41,1.1975,0.44,1.2383,6
1579408080.241,0.39,1.2391,0.31,1.2468,6
1579408081.326,0.4,1.2254,0.32,1.2436,6
1579408082.292,0.39,1.2235,0.42,1.2114,6
1579408083.374,0.4,1.2079,0.43,1.2183,7
1579408084.457,0.41,1.2144,0.42,1.2071,7
1579408085.54,0.41,1.195,0.39,1.2184,7
1579408086.623,0.4,1.2095,0.38,1.2189,7
1579408087.704,0.41,1.1992,0.42,1.203,7
1579408088.907,0.42,1.1866,0.41,1.2093,7
1579408090.009,0.4,1.2079,0.43,1.2048,7
1579408091.114,0.4,1.1875,0.37,1.222,7
1579408092.238,0.42,1.2013,0.41,1.2051,7
1579408093.334,0.42,1.1908,0.41,1.2175,7
1579408094.427,0.42,1.1946,0.38,1.2201,7
1579408095.397,0.42,1.1888,0.36,1.2346,7
1579408096.485,0.41,1.1994,0.39,1.2142,8
1579408097.572,0.42,1.1806,0.41,1.2173,8
1579408098.661,0.41,1.1872,0.36,1.2312,8
1579408099.749,0.41,1.202,0.39,1.2111,8
1579408100.83,0.43,1.1732,0.43,1.2261,8
1579408101.915,0.41,1.1955,0.37,1.2185,8
1579408102.996,0.41,1.1829,0.37,1.2324,8
1579408104.079,0.41,1.1917,0.42,1.209,8
1579408105.172,0.43,1.1785,0.39,1.218,8
1579408106.268,0.42,1.1998,0.37,1.2127,8
1579408107.373,0.42,1.1788,0.37,1.2192,8
1579408108.361,0.41,1.1893,0.41,1.2008,8
1579408109.462,0.41,1.1819,0.41,1.201,9
1579408110.556,0.43,1.1773,0.4,1.198,9
1579408111.66,0.42,1.1721,0.38,1.2127,9
1579408112.747,0.41,1.1879,0.41,1.1988,9
1579408113.834,0.43,1.165,0.43,1.2017,9
1579408114.921,0.42,1.1674,0.42,1.2092,9
1579408116.004,0.42,1.1711,0.41,1.2137,9
1579408117.085,0.42,1.1702,0.42,1.213,9
1579408118.164,0.43,1.1746,0.38,1.208,9
1579408119.243,0.43,1.1702,0.39,1.2153,9
1579408120.321,0.43,1.1711,0.4,1.2114,9
1579408121.299,0.43,1.1821,0.37,1.2174,9
1579408122.392,0.41,1.1801,0.38,1.206,10
1579408123.478,0.43,1.1683,0.41,1.2143,10
1579408124.588,0.42,1.1871,0.4,1.2063,10
1579408125.675,0.43,1.1801,0.4,1.2123,10
1579408126.764,0.44,1.1698,0.44,1.1986,10
1579408127.854,0.44,1.1619,0.38,1.2032,10
1579408128.944,0.43,1.1761,0.39,1.2102,10
1579408130.037,0.43,1.1647,0.38,1.2168,10
1579408131.119,0.43,1.1738,0.45,1.2027,10
1579408132.207,0.45,1.1706,0.41,1.2046,10
1579408133.289,0.46,1.163,0.41,1.2035,10
1579408134.255,0.45,1.166,0.39,1.2122,10
1579408135.345,0.43,1.1737,0.44,1.2001,11
1579408136.429,0.44,1.1588,0.42,1.2089,11
1579408137.532,0.43,1.1722,0.4,1.2089,11
1579408138.641,0.44,1.1753,0.44,1.2033,11
1579408139.73,0.46,1.1554,0.42,1.1979,11
1579408140.82,0.44,1.1568,0.4,1.1961,11
1579408141.899,0.45,1.1605,0.37,1.211,11
1579408142.978,0.44,1.1574,0.41,1.2013,11
1579408144.061,0.45,1.1565,0.42,1.2016,11
1579408145.155,0.45,1.1661,0.44,1.1955,11
1579408146.243,0.47,1.1542,0.4,1.195,11
1579408147.324,0.46,1.1552,0.41,1.1976,11
1579408148.414,0.46,1.1559,0.4,1.1916,12
1579408149.507,0.47,1.1428,0.44,1.1952,12
1579408150.594,0.46,1.1473,0.46,1.1817,12
1579408151.686,0.46,1.1574,0.44,1.1905,12
1579408152.775,0.48,1.1307,0.44,1.1791,12
1579408153.857,0.48,1.1298,0.42,1.191,12
1579408154.944,0.47,1.1408,0.45,1.1802,12
1579408156.029,0.47,1.1351,0.39,1.2769,12
1579408157.121,0.46,1.1901,0.4,1.2569,12
1579408158.202,0.41,1.2276,0.42,1.2388,12
1579408159.284,0.42,1.2293,0.45,1.2211,12
1579408160.238,0.42,1.2074,0.44,1.2429,12
1579408161.318,0.42,1.2159,0.37,1.225,13
1579408162.397,0.45,1.1788,0.35,1.2359,13
1579408163.475,0.44,1.1795,0.37,1.2332,13
1579408164.554,0.43,1.1812,0.42,1.2211,13
1579408165.639,0.45,1.1748,0.43,1.2225,13
1579408166.719,0.46,1.1623,0.43,1.2176,13
1579408167.817,0.45,1.1661,0.44,1.1754,13
1579408168.909,0.45,1.1585,0.39,1.1832,13
1579408169.996,0.45,1.1685,0.39,1.207,13
1579408171.082,0.46,1.1736,0.43,1.1953,13
1579408172.161,0.47,1.1628,0.38,1.2044,13
1579408173.116,0.43,1.185,0.49,1.2277,13
1579408174.197,0.46,1.1841,0.46,1.2189,14
1579408175.286,0.46,1.1698,0.43,1.2176,14
1579408176.362,0.46,1.184,0.4,1.2032,14
1579408177.438,0.46,1.1619,0.41,1.2165,14
1579408178.517,0.49,1.1583,0.43,1.2027,14
1579408179.597,0.49,1.1532,0.45,1.1759,14
1579408180.673,0.48,1.1493,0.47,1.1726,14
1579408181.752,0.46,1.1532,0.48,1.163,14
1579408182.835,0.47,1.139,0.42,1.1891,14
1579408183.918,0.48,1.1526,0.43,1.1759,14
1579408185.004,0.5,1.14,0.47,1.1592,14
1579408185.971,0.48,1.1529,0.46,1.1588,14
1579408187.064,0.47,1.1415,0.4,1.1886,15
1579408188.165,0.49,1.1357,0.41,1.2073,15
1579408189.258,0.48,1.1405,0.46,1.1762,15
1579408190.354,0.48,1.1448,0.49,1.1661,15
1579408191.446,0.5,1.1155,0.46,1.1897,15
1579408192.537,0.49,1.1164,0.42,1.1999,15
1579408193.629,0.48,1.1265,0.45,1.1751,15
1579408194.711,0.5,1.1195,0.43,1.1667,15
1579408195.792,0.5,1.1133,0.44,1.1777,15
1579408196.867,0.5,1.116,0.44,1.1634,15
1579408197.945,0.51,1.1096,0.44,1.1507,15
1579408198.904,0.5,1.1239,0.44,1.169,15
1579408199.987,0.51,1.1099,0.43,1.1918,16
1579408201.063,0.51,1.1051,0.45,1.1579,16
1579408202.138,0.5,1.1045,0.45,1.1623,16
1579408203.215,0.51,1.1132,0.43,1.1717,16
1579408204.297,0.53,1.0789,0.42,1.1698,16
1579408205.489,0.52,1.0822,0.44,1.1808,16
1579408206.576,0.5,1.1056,0.47,1.1475,16
1579408207.664,0.49,1.1117,0.44,1.1886,16
1579408208.757,0.51,1.0933,0.46,1.1564,16
1579408209.851,0.52,1.077,0.5,1.141,16
1579408210.946,0.53,1.072,0.44,1.1512,16
1579408211.918,0.53,1.0858,0.47,1.1646,16
1579408213.011,0.52,1.0825,0.44,1.1587,17
1579408214.108,0.52,1.0765,0.48,1.1523,17
1579408215.193,0.51,1.0946,0.44,1.1424,17
1579408216.276,0.52,1.0826,0.48,1.1425,17
1579408217.357,0.53,1.0664,0.49,1.1338,17
1579408218.434,0.54,1.0474,0.5,1.1451,17
1579408219.513,0.53,1.0738,0.49,1.1373,17
1579408220.597,0.54,1.0484,0.48,1.154,17
1579408221.676,0.53,1.0672,0.48,1.15,17
1579408222.754,0.54,1.0551,0.48,1.1623,17
1579408223.829,0.54,1.0504,0.48,1.1486,17
1579408224.784,0.54,1.057,0.47,1.167,17
1579408225.861,0.52,1.0726,0.51,1.1326,18
1579408226.937,0.51,1.0802,0.43,1.1747,18
1579408228.015,0.53,1.0819,0.45,1.1341,18
1579408229.097,0.52,1.076,0.53,1.1282,18
1579408230.174,0.55,1.0468,0.5,1.1465,18
1579408231.257,0.54,1.0371,0.53,1.1554,18
1579408232.34,0.53,1.0579,0.51,1.1416,18
1579408233.426,0.54,1.0429,0.51,1.137,18
1579408234.51,0.54,1.0444,0.48,1.1423,18
1579408235.598,0.55,1.0425,0.5,1.1346,18
1579408236.682,0.55,1.0388,0.49,1.1212,18
1579408237.636,0.55,1.0418,0.52,1.131,18
1579408238.72,0.54,1.0471,0.52,1.1254,19
1579408239.796,0.54,1.0318,0.49,1.1176,19
1579408240.872,0.54,1.0512,0.51,1.1142,19
1579408241.95,0.55,1.0489,0.54,1.1104,19
1579408243.038,0.56,1.0234,0.52,1.105,19
1579408244.125,0.55,1.0175,0.51,1.1166,19
1579408245.208,0.55,1.032,0.54,1.1195,19
1579408246.289,0.55,1.0235,0.54,1.1205,19
1579408247.37,0.55,1.0254,0.5,1.1131,19
1579408248.449,0.56,1.0208,0.48,1.1195,19
1579408249.53,0.56,1.0216,0.51,1.112,19
1579408250.488,0.56,1.0211,0.49,1.1011,19
1579408251.575,0.55,1.0259,0.54,1.1028,20
1579408252.655,0.55,1.0161,0.54,1.0901,20
1579408253.733,0.55,1.0348,0.52,1.0964,20
1579408254.817,0.55,1.0356,0.56,1.0896,20
1579408255.903,0.57,1.0043,0.54,1.0924,20
1579408256.987,0.56,0.9991,0.55,1.095,20
1579408258.073,0.55,1.0162,0.49,1.1128,20
1579408259.164,0.56,1.0073,0.53,1.1023,20
1579408260.254,0.56,1.0202,0.48,1.1324,20
1579408261.446,0.55,1.0318,0.57,1.109,20
1579408262.527,0.55,1.0386,0.51,1.1202,20
1579408263.487,0.56,1.0212,0.54,1.1132,20
1579408264.565,0.55,1.0457,0.53,1.0956,21
1579408265.643,0.55,1.0394,0.52,1.072,21
1579408266.726,0.55,1.027,0.49,1.0972,21
1579408267.807,0.54,1.0477,0.53,1.0765,21
1579408268.89,0.57,1.0009,0.54,1.0728,21
1579408269.971,0.56,1.005,0.52,1.0813,21
1579408271.054,0.56,1.0061,0.51,1.1168,21
1579408272.151,0.56,1.0098,0.56,1.0815,21
1579408273.246,0.57,1.0042,0.58,1.078,21
1579408274.34,0.56,1.0078,0.54,1.1139,21
1579408275.434,0.57,1.0031,0.51,1.1019,21
1579408276.402,0.57,1.0039,0.5,1.0856,21
1579408277.503,0.56,1.0049,0.49,1.1081,22
1579408278.6,0.56,1.0026,0.54,1.078,22
1579408279.691,0.55,1.0402,0.51,1.0714,22
1579408280.781,0.56,1.0202,0.6,1.0645,22
1579408281.856,0.57,0.9936,0.56,1.0659,22
1579408282.946,0.57,0.9966,0.5,1.0811,22
1579408284.026,0.56,1.0051,0.52,1.0639,22
1579408285.12,0.57,0.9941,0.55,1.0576,22
1579408286.196,0.56,1.0153,0.54,1.0666,22
1579408287.272,0.56,0.9931,0.54,1.083,22
1579408288.355,0.57,0.9919,0.54,1.0631,22
1579408289.309,0.57,0.9972,0.55,1.0559,22
1579408290.388,0.57,0.9948,0.52,1.0694,23
1579408291.48,0.57,0.9869,0.54,1.0376,23
1579408292.556,0.57,1.0079,0.55,1.0358,23
1579408293.635,0.56,1.0164,0.59,1.0509,23
1579408294.709,0.58,0.9708,0.59,1.0577,23
1579408295.783,0.58,0.9701,0.58,1.0563,23
1579408296.865,0.56,0.9904,0.57,1.049,23
1579408297.948,0.58,0.9772,0.55,1.0425,23
1579408299.033,0.57,0.9859,0.55,1.0222,23
1579408300.12,0.56,0.9846,0.54,1.0324,23
1579408301.221,0.59,0.9746,0.55,1.0681,23
1579408302.201,0.58,0.9819,0.57,1.0476,23
1579408303.299,0.57,0.9886,0.58,1.0442,24
1579408304.389,0.58,0.9794,0.52,1.0749,24
1579408305.467,0.56,1.0122,0.58,1.0253,24
1579408306.544,0.57,0.9957,0.55,1.0336,24
1579408307.625,0.58,0.9808,0.58,1.0388,24
1579408308.712,0.58,0.9642,0.56,1.0541,24
1579408309.789,0.57,0.9848,0.59,1.034,24
1579408310.887,0.57,0.9772,0.58,1.0293,24
1579408311.968,0.58,0.9759,0.55,1.0336,24
1579408313.045,0.58,0.967,0.54,1.0332,24
1579408314.129,0.59,0.9608,0.52,1.0237,24
1579408315.084,0.59,0.9658,0.54,1.0306,24
1579408316.166,0.58,0.9697,0.57,1.0378,25
1579408317.249,0.58,0.9665,0.59,1.0376,25
1579408318.331,0.57,1.0035,0.54,1.0485,25
1579408319.521,0.57,1.0058,0.57,1.0288,25
1579408320.619,0.59,0.9633,0.58,1.0201,25
1579408321.72,0.59,0.9504,0.57,1.0161,25
1579408322.801,0.58,0.9667,0.54,1.0205,25
1579408323.878,0.58,0.964,0.57,0.9993,25
1579408324.955,0.58,0.9636,0.57,1.0055,25
1579408326.035,0.59,0.954,0.55,1.0276,25
1579408327.115,0.59,0.9542,0.57,1.017,25
1579408328.072,0.59,0.9586,0.57,1.0387,25
1579408329.156,0.57,0.9841,0.56,1.0198,26
1579408330.234,0.58,0.9645,0.58,1.0026,26
1579408331.327,0.58,0.9721,0.55,1.0114,26
1579408332.408,0.57,0.9908,0.6,1.0168,26
1579408333.487,0.6,0.9546,0.56,1.0089,26
1579408334.582,0.59,0.9396,0.54,1.009,26
1579408335.67,0.58,0.9603,0.56,1.0019,26
1579408336.751,0.58,0.9603,0.56,1.0057,26
1579408337.834,0.59,0.9609,0.57,1.0072,26
1579408338.917,0.59,0.9474,0.57,0.9982,26
1579408340.005,0.6,0.9481,0.54,1.0302,26
1579408340.969,0.59,0.9542,0.58,0.987,26
1579408342.06,0.59,0.9513,0.56,0.9854,27
1579408343.151,0.59,0.9443,0.53,1.0106,27
1579408344.241,0.58,0.9739,0.6,0.9946,27
1579408345.328,0.57,0.9959,0.54,1.0424,27
1579408346.402,0.58,0.9734,0.57,1.015,27
1579408347.498,0.59,0.952,0.57,0.9824,27
1579408348.605,0.58,0.9577,0.57,0.9921,27
1579408349.685,0.58,0.9578,0.58,0.9632,27
1579408350.766,0.59,0.9507,0.57,0.9738,27
1579408351.858,0.59,0.9586,0.53,1.0047,27
1579408352.947,0.6,0.9512,0.56,1.0191,27
1579408353.908,0.6,0.9458,0.61,0.9944,27
1579408354.992,0.59,0.9648,0.57,1.0051,28
1579408356.072,0.59,0.9452,0.54,1.0474,28
1579408357.153,0.58,0.9893,0.6,1.0051,28
1579408358.231,0.58,0.9673,0.58,1.0224,28
1579408359.31,0.59,0.9544,0.56,1.0127,28
1579408360.395,0.59,0.9357,0.54,0.9901,28
1579408361.499,0.59,0.945,0.63,0.9706,28
1579408362.584,0.59,0.9495,0.56,0.9571,28
1579408363.675,0.6,0.9451,0.55,0.9758,28
1579408364.766,0.6,0.9343,0.57,0.986,28
1579408365.845,0.6,0.9354,0.55,0.9838,28
1579408366.804,0.61,0.9291,0.52,0.9831,28
1579408367.887,0.59,0.9432,0.56,0.9652,29
1579408368.967,0.59,0.9392,0.58,0.9968,29
1579408370.049,0.58,0.9679,0.59,1.0324,29
1579408371.126,0.58,0.984,0.56,1.0079,29
1579408372.204,0.61,0.9298,0.59,0.988,29
1579408373.287,0.6,0.9325,0.58,1.0106,29
1579408374.372,0.58,0.9617,0.52,0.9858,29
1579408375.445,0.58,0.9503,0.65,0.9316,29
1579408376.623,0.59,0.9456,0.6,0.9564,29
1579408377.719,0.58,0.956,0.55,0.9916,29
1579408378.799,0.6,0.953,0.57,0.9937,29
1579408379.758,0.6,0.9508,0.61,1.0192,29
1579408380.847,0.58,0.9793,0.51,0.9754,30
1579408381.933,0.6,0.9278,0.52,1.0114,30
1579408383.024,0.57,1.0,0.59,0.9599,30
1579408384.123,0.59,0.9688,0.57,1.0029,30
1579408385.208,0.6,0.9514,0.58,1.0158,30
1579408386.293,0.6,0.9414,0.58,1.0347,30
1579408387.372,0.59,0.9652,0.51,1.03,30
1579408388.454,0.6,0.9402,0.53,1.0067,30
1579408389.532,0.6,0.9544,0.61,0.9484,30
1579408390.61,0.59,0.9433,0.56,0.9461,30
1579408391.693,0.61,0.9252,0.56,0.9519,30
1579408392.649,0.61,0.9168,0.6,0.9487,30
1579408393.748,0.6,0.9409,0.56,0.9565,31
1579408394.831,0.61,0.9203,0.53,0.9895,31
1579408395.916,0.59,0.9515,0.54,0.972,31
1579408397.005,0.59,0.9495,0.56,0.9825,31
1579408398.09,0.61,0.9219,0.5,0.9935,31
1579408399.171,0.61,0.911,0.54,0.9875,31
1579408400.248,0.61,0.9203,0.53,0.9956,31
1579408401.324,0.6,0.9351,0.56,0.963,31
1579408402.405,0.61,0.9276,0.58,0.9448,31
1579408403.485,0.6,0.9161,0.59,0.9337,31
1579408404.572,0.62,0.9158,0.6,0.9225,31
1579408405.531,0.62,0.9032,0.59,0.9367,31
1579408406.637,0.6,0.9134,0.6,0.9129,32
1579408407.748,0.61,0.9195,0.61,0.956,32
1579408408.838,0.6,0.9486,0.6,0.9405,32
1579408409.915,0.59,0.9471,0.59,0.9733,32
1579408410.991,0.62,0.9131,0.52,1.0208,32
1579408412.067,0.61,0.9265,0.53,0.992,32
1579408413.154,0.61,0.9217,0.59,0.9746,32
1579408414.232,0.6,0.9241,0.56,0.9532,32
1579408415.312,0.6,0.9254,0.56,0.9118,32
1579408416.392,0.62,0.9066,0.58,0.918,32
1579408417.471,0.62,0.9108,0.58,0.916,32
1579408418.427,0.63,0.8926,0.58,0.9282,32
1579408419.508,0.61,0.9065,0.55,0.9171,33
1579408420.59,0.62,0.9016,0.53,0.9413,33
1579408421.669,0.61,0.9243,0.59,0.9223,33
1579408422.746,0.6,0.9312,0.61,0.9442,33
1579408423.83,0.62,0.9109,0.6,0.9724,33
1579408424.912,0.62,0.899,0.58,0.9843,33
1579408425.999,0.62,0.9047,0.54,1.0043,33
1579408427.095,0.6,0.9281,0.55,0.9443,33
1579408428.187,0.62,0.9092,0.59,0.925,33
1579408429.281,0.6,0.9089,0.61,0.8995,33
1579408430.374,0.63,0.9023,0.66,0.8968,33
1579408431.336,0.64,0.8808,0.62,0.9056,33
1579408432.538,0.6,0.9112,0.61,0.9015,34
1579408433.616,0.62,0.8952,0.55,0.8871,34
1579408434.696,0.61,0.904,0.54,0.9444,34
1579408435.778,0.6,0.9392,0.58,0.9181,34
1579408436.857,0.62,0.8962,0.61,0.9081,34
1579408437.936,0.63,0.8818,0.65,0.9637,34
1579408439.019,0.61,0.9305,0.59,0.9649,34
1579408440.098,0.61,0.9053,0.57,0.9806,34
1579408441.184,0.62,0.9221,0.57,0.9614,34
1579408442.263,0.62,0.9004,0.61,0.9087,34
1579408443.344,0.63,0.8876,0.61,0.8996,34
1579408444.303,0.63,0.8862,0.64,0.8774,34
1579408445.387,0.63,0.8768,0.64,0.9097,35
1579408446.484,0.62,0.9004,0.61,0.8906,35
1579408447.572,0.62,0.9034,0.56,0.8881,35
1579408448.661,0.63,0.9009,0.58,0.9108,35
1579408449.749,0.64,0.869,0.59,0.8898,35
1579408450.839,0.63,0.8686,0.6,0.8954,35
1579408451.927,0.64,0.8773,0.62,0.9537,35
1579408453.009,0.61,0.9087,0.58,0.9418,35
1579408454.095,0.63,0.8973,0.6,0.9424,35
1579408455.182,0.61,0.8982,0.56,0.93,35
1579408456.264,0.63,0.8821,0.59,0.9062,35
1579408457.229,0.65,0.8452,0.58,0.927,35
1579408458.314,0.62,0.8887,0.64,0.8723,36
1579408459.398,0.63,0.8726,0.64,0.891,36
1579408460.478,0.62,0.8964,0.6,0.8617,36
1579408461.559,0.62,0.9151,0.58,0.8666,36
1579408462.639,0.66,0.8416,0.55,0.9279,36
1579408463.718,0.64,0.8686,0.56,0.937,36
1579408464.794,0.64,0.8607,0.56,0.9558,36
1579408465.873,0.63,0.8804,0.55,0.9532,36
1579408466.952,0.64,0.8799,0.56,0.9487,36
1579408468.04,0.63,0.864,0.56,0.9674,36
1579408469.129,0.63,0.8769,0.59,0.9469,36
1579408470.091,0.64,0.8516,0.62,0.9373,36
1579408471.176,0.62,0.8916,0.64,0.8438,37
1579408472.275,0.63,0.8754,0.61,0.8564,37
1579408473.359,0.63,0.8736,0.57,0.8989,37
1579408474.448,0.62,0.8921,0.6,0.8989,37
1579408475.53,0.66,0.8531,0.59,0.903,37
1579408476.613,0.65,0.8428,0.57,0.9333,37
1579408477.693,0.64,0.8602,0.57,0.9264,37
1579408478.774,0.64,0.868,0.61,0.9169,37
1579408479.857,0.65,0.8538,0.58,0.9465,37
1579408480.937,0.64,0.8473,0.56,0.9496,37
1579408482.028,0.66,0.8492,0.6,0.9599,37
1579408482.985,0.66,0.8352,0.61,0.9097,37
1579408484.081,0.64,0.8465,0.63,0.8728,38
1579408485.165,0.64,0.8606,0.69,0.8285,38
1579408486.348,0.65,0.8508,0.64,0.8419,38
1579408487.427,0.63,0.8677,0.58,0.8617,38
1579408488.509,0.66,0.8173,0.58,0.887,38
1579408489.59,0.65,0.8383,0.57,0.911,38
1579408490.672,0.64,0.8586,0.59,0.871,38
1579408491.766,0.64,0.8652,0.59,0.9092,38
1579408492.848,0.63,0.8637,0.55,0.9199,38
1579408493.933,0.66,0.835,0.59,0.9451,38
1579408495.01,0.66,0.833,0.59,0.9493,38
1579408495.963,0.67,0.8073,0.62,0.9287,38
1579408497.038,0.64,0.8462,0.64,0.8962,39
1579408498.123,0.65,0.8394,0.66,0.8872,39
1579408499.205,0.65,0.8465,0.62,0.8854,39
1579408500.281,0.64,0.8687,0.65,0.8949,39
1579408501.362,0.66,0.8136,0.61,0.9294,39
1579408502.446,0.66,0.8252,0.58,0.9617,39
1579408503.539,0.65,0.8547,0.56,0.9317,39
1579408504.615,0.65,0.8404,0.57,0.8943,39
1579408505.692,0.65,0.8335,0.56,0.8953,39
1579408506.773,0.64,0.837,0.57,0.888,39
1579408507.856,0.65,0.8433,0.58,0.9486,39
1579408508.815,0.66,0.8268,0.56,0.9673,39
1579408509.901,0.65,0.8476,0.55,0.9485,40
1579408510.985,0.65,0.8486,0.61,0.8796,40
1579408512.089,0.65,0.8389,0.67,0.8732,40
1579408513.178,0.65,0.8643,0.66,0.8974,40
1579408514.289,0.67,0.8262,0.61,0.895,40
1579408515.392,0.66,0.8127,0.59,0.9313,40
1579408516.489,0.65,0.844,0.57,0.9799,40
1579408517.577,0.65,0.8551,0.56,0.9423,40
1579408518.665,0.65,0.8298,0.57,0.9349,40
1579408519.752,0.66,0.8132,0.6,0.9372,40
1579408520.839,0.66,0.8288,0.59,0.9234,40
1579408521.803,0.67,0.8109,0.61,0.9418,40
1579408522.891,0.65,0.8199,0.6,0.9218,41
1579408523.978,0.66,0.8283,0.57,0.9331,41
1579408525.056,0.65,0.8461,0.59,0.9117,41
1579408526.134,0.65,0.8482,0.63,0.8568,41
1579408527.214,0.68,0.7878,0.65,0.8487,41
1579408528.295,0.67,0.8059,0.64,0.8491,41
1579408529.38,0.66,0.8101,0.58,0.906,41
1579408530.466,0.66,0.8156,0.56,0.9514,41
1579408531.582,0.66,0.8154,0.57,0.9349,41
1579408532.67,0.67,0.7961,0.57,0.9033,41
1579408533.764,0.68,0.7793,0.56,0.9246,41
1579408534.727,0.68,0.7752,0.61,0.9349,41
1579408535.824,0.65,0.8223,0.58,0.9071,42
1579408536.912,0.67,0.8193,0.61,0.9208,42
1579408537.998,0.66,0.8235,0.61,0.9058,42
1579408539.077,0.66,0.8314,0.61,0.89,42
1579408540.157,0.68,0.789,0.65,0.8431,42
1579408541.254,0.69,0.7706,0.67,0.8162,42
1579408542.451,0.68,0.7782,0.68,0.8156,42
1579408543.558,0.67,0.7898,0.61,0.8477,42
1579408544.655,0.68,0.7704,0.58,0.9029,42
1579408545.728,0.7,0.7547,0.56,0.9293,42
1579408546.803,0.68,0.7872,0.58,0.9856,42
1579408547.757,0.68,0.7828,0.52,1.0214,42
1579408548.84,0.64,0.8546,0.59,0.9311,43
1579408549.918,0.67,0.8178,0.56,0.8849,43
1579408550.998,0.68,0.7931,0.59,0.9676,43
1579408552.078,0.64,0.8739,0.6,0.9222,43
1579408553.156,0.67,0.8161,0.61,0.8939,43
1579408554.245,0.69,0.7913,0.63,0.8857,43
1579408555.33,0.67,0.7945,0.66,0.843,43
1579408556.414,0.66,0.8012,0.62,0.8571,43
1579408557.508,0.66,0.8091,0.54,0.9286,43
1579408558.615,0.68,0.7861,0.54,0.9152,43
1579408559.699,0.7,0.7696,0.55,0.9375,43
1579408560.668,0.69,0.7577,0.58,0.9029,43
1579408561.759,0.68,0.7721,0.55,0.9628,44
1579408562.838,0.64,0.8446,0.57,0.9106,44
1579408563.916,0.68,0.7854,0.57,0.9547,44
1579408564.993,0.66,0.8309,0.61,0.9178,44
1579408566.08,0.68,0.7829,0.58,0.8895,44
1579408567.157,0.68,0.7762,0.64,0.8781,44
1579408568.237,0.68,0.7837,0.66,0.8731,44
1579408569.315,0.67,0.7883,0.66,0.8575,44
1579408570.394,0.68,0.7824,0.58,0.8807,44
1579408571.489,0.67,0.7729,0.57,0.9026,44
1579408572.569,0.68,0.7698,0.6,0.9161,44
1579408573.528,0.69,0.7569,0.58,0.9628,44
1579408574.631,0.66,0.7932,0.58,0.9337,45
1579408575.721,0.67,0.7919,0.55,0.932,45
1579408576.804,0.67,0.7951,0.6,0.9171,45
1579408577.887,0.67,0.7845,0.59,0.924,45
1579408578.974,0.69,0.7651,0.6,0.911,45
1579408580.072,0.68,0.7572,0.61,0.887,45
1579408581.153,0.69,0.748,0.6,0.8664,45
1579408582.233,0.69,0.7666,0.62,0.8704,45
1579408583.312,0.68,0.7704,0.59,0.8842,45
1579408584.397,0.7,0.7285,0.54,0.9487,45
1579408585.481,0.71,0.7296,0.58,0.9347,45
1579408586.45,0.72,0.6941,0.58,0.9225,45
1579408587.562,0.69,0.7342,0.53,1.0323,46
1579408588.676,0.67,0.7962,0.6,0.9067,46
1579408589.761,0.67,0.778,0.57,0.9173,46
1579408590.851,0.68,0.7644,0.6,0.9381,46
1579408591.943,0.71,0.7238,0.61,0.9333,46
1579408593.045,0.71,0.7136,0.64,0.9046,46
1579408594.147,0.7,0.7244,0.63,0.879,46
1579408595.244,0.7,0.7369,0.61,0.8688,46
1579408596.333,0.68,0.7618,0.56,0.8892,46
1579408597.423,0.71,0.717,0.59,0.9044,46
1579408598.503,0.71,0.7188,0.57,0.9698,46
1579408599.559,0.72,0.6872,0.6,1.0139,46
1579408600.641,0.7,0.7287,0.56,1.0246,47
1579408601.718,0.69,0.7434,0.6,0.9275,47
1579408602.794,0.69,0.7251,0.61,0.9098,47
1579408603.872,0.68,0.7903,0.58,1.0038,47
1579408604.95,0.69,0.7572,0.62,0.9472,47
1579408606.032,0.71,0.7101,0.62,0.9843,47
1579408607.115,0.71,0.7245,0.64,0.9724,47
1579408608.194,0.69,0.7385,0.61,0.9228,47
1579408609.278,0.69,0.7509,0.63,0.9477,47
1579408610.358,0.69,0.7511,0.56,0.9503,47
1579408611.436,0.71,0.7453,0.56,0.9408,47
1579408612.4,0.71,0.7097,0.52,1.0034,47
1579408613.484,0.69,0.7445,0.55,0.968,48
1579408614.568,0.71,0.7319,0.52,1.0094,48
1579408615.653,0.67,0.8048,0.59,1.0239,48
1579408616.738,0.66,0.8132,0.54,0.9968,48
1579408617.826,0.65,0.8396,0.63,0.9164,48
1579408618.917,0.69,0.7635,0.57,0.9793,48
1579408620.006,0.65,0.8492,0.6,0.9113,48
1579408621.087,0.69,0.7536,0.57,0.9851,48
1579408622.167,0.66,0.8084,0.63,0.9291,48
1579408623.246,0.7,0.7386,0.57,0.9326,48
1579408624.323,0.68,0.7658,0.62,0.9034,48
1579408625.28,0.71,0.7215,0.58,0.9152,48
1579408626.369,0.7,0.7363,0.62,0.949,49
1579408627.449,0.69,0.7676,0.58,0.9596,49
1579408628.528,0.69,0.7488,0.56,0.9607,49
1579408629.62,0.69,0.7626,0.64,0.931,49
1579408630.696,0.69,0.7537,0.59,0.895,49
1579408631.772,0.7,0.7288,0.58,0.8901,49
1579408632.85,0.7,0.7395,0.61,0.9045,49
1579408633.93,0.7,0.7437,0.65,0.9072,49
1579408635.008,0.71,0.7094,0.58,0.9635,49
1579408636.091,0.72,0.7088,0.6,0.9694,49
1579408637.19,0.72,0.7032,0.56,0.9491,49
1579408638.151,0.75,0.6513,0.57,0.9483,49
1579408639.238,0.72,0.6897,0.6,0.9409,50
1579408640.321,0.73,0.6919,0.55,0.9858,50
1579408641.405,0.71,0.72,0.57,0.94,50
1579408642.496,0.71,0.6974,0.59,0.9603,50
1579408643.581,0.73,0.6793,0.65,0.9659,50
1579408644.66,0.74,0.6656,0.63,0.9559,50
1579408645.739,0.72,0.6843,0.64,0.9233,50
1579408646.817,0.73,0.6749,0.61,0.9741,50
1579408647.898,0.72,0.6888,0.58,0.9932,50
1579408648.981,0.74,0.6556,0.57,1.0206,50
1579408650.06,0.74,0.6492,0.54,1.0544,50
1579408651.016,0.77,0.5945,0.55,1.0618,50
1579408652.1,0.75,0.6318,0.59,0.9974,51
1579408653.181,0.74,0.6509,0.54,1.0463,51
1579408654.261,0.73,0.6795,0.61,0.9586,51
1579408655.448,0.74,0.6648,0.62,0.9655,51
1579408656.543,0.75,0.635,0.58,0.94,51
1579408657.628,0.74,0.6387,0.58,0.9162,51
1579408658.71,0.74,0.6537,0.65,0.8731,51
1579408659.795,0.74,0.6392,0.64,0.9385,51
1579408660.88,0.74,0.6542,0.54,1.0122,51
1579408661.965,0.75,0.6296,0.55,1.0339,51
1579408663.058,0.75,0.6241,0.57,1.0373,51
1579408664.019,0.78,0.5765,0.57,1.047,51
1579408665.115,0.75,0.6355,0.6,1.0374,52
1579408666.19,0.73,0.6709,0.57,1.0549,52
1579408667.266,0.73,0.6542,0.62,0.9871,52
1579408668.348,0.73,0.6703,0.63,0.9863,52
1579408669.431,0.74,0.6389,0.62,0.9942,52
1579408670.513,0.74,0.6258,0.61,0.9858,52
1579408671.6,0.73,0.6616,0.58,0.9512,52
1579408672.682,0.73,0.6499,0.64,0.9314,52
1579408673.764,0.73,0.6587,0.59,0.9564,52
1579408674.847,0.74,0.6481,0.54,1.0112,52
1579408675.929,0.74,0.6426,0.54,1.1175,52
1579408676.887,0.76,0.6074,0.54,1.1223,52
1579408677.974,0.72,0.6792,0.55,1.13,53
1579408679.051,0.7,0.7208,0.52,1.2324,53
1579408680.13,0.66,0.8458,0.61,0.9955,53
1579408681.214,0.72,0.697,0.59,1.1379,53
1579408682.297,0.7,0.7874,0.6,1.0796,53
1579408683.384,0.72,0.6981,0.6,1.1171,53
1579408684.469,0.69,0.7609,0.58,1.1002,53
1579408685.556,0.69,0.7471,0.58,0.9984,53
1579408686.637,0.71,0.7134,0.6,0.9479,53
1579408687.711,0.72,0.6846,0.62,0.8972,53
1579408688.787,0.72,0.6945,0.6,0.8773,53
1579408689.742,0.74,0.6639,0.55,0.9496,53
1579408690.828,0.73,0.6799,0.56,1.0631,54
1579408691.905,0.71,0.7093,0.56,1.0353,54
1579408692.983,0.72,0.6972,0.54,1.0211,54
1579408694.062,0.73,0.6894,0.6,0.976,54
1579408695.139,0.74,0.6444,0.59,0.9532,54
1579408696.213,0.74,0.6406,0.58,0.9409,54
1579408697.287,0.74,0.6485,0.55,0.9621,54
1579408698.36,0.71,0.6911,0.6,0.9856,54
1579408699.441,0.72,0.6888,0.58,1.0322,54
1579408700.525,0.71,0.7067,0.65,0.9536,54
1579408701.606,0.75,0.6217,0.63,0.9415,54
1579408702.565,0.76,0.6159,0.61,0.9823,54
1579408703.652,0.75,0.6064,0.54,1.0939,55
1579408704.73,0.73,0.6745,0.53,1.093,55
1579408705.809,0.73,0.672,0.6,1.0521,55
1579408706.891,0.73,0.674,0.6,0.9825,55
1579408707.977,0.75,0.6237,0.56,1.0424,55
1579408709.068,0.74,0.6616,0.59,1.0084,55
1579408710.153,0.76,0.6212,0.55,1.0254,55
1579408711.338,0.74,0.6321,0.58,1.0669,55
1579408712.418,0.73,0.6697,0.58,0.9995,55
1579408713.502,0.76,0.6162,0.59,1.0361,55
1579408714.582,0.72,0.6809,0.58,0.9633,55
1579408715.544,0.76,0.5981,0.63,0.9595,55
1579408716.634,0.75,0.6188,0.6,1.0706,56
1579408717.712,0.75,0.6217,0.56,1.1092,56
1579408718.796,0.75,0.617,0.59,1.0725,56
1579408719.879,0.74,0.6579,0.56,1.0896,56
1579408720.96,0.76,0.6082,0.55,1.0888,56
1579408722.061,0.75,0.6257,0.63,1.0291,56
1579408723.136,0.74,0.6488,0.6,0.9871,56
1579408724.226,0.76,0.583,0.58,1.0232,56
1579408725.306,0.75,0.6128,0.6,1.0608,56
1579408726.389,0.77,0.5915,0.57,1.0623,56
1579408727.477,0.76,0.6197,0.55,1.0084,56
1579408728.436,0.77,0.5743,0.6,1.0162,56
1579408729.533,0.74,0.6369,0.64,0.9208,57
1579408730.618,0.77,0.5869,0.59,1.0231,57
1579408731.702,0.74,0.6532,0.63,0.9289,57
1579408732.778,0.77,0.576,0.62,0.9922,57
1579408733.859,0.76,0.6251,0.63,0.9407,57
1579408734.946,0.76,0.6024,0.55,1.0764,57
1579408736.023,0.72,0.683,0.63,0.9639,57
1579408737.11,0.73,0.6657,0.6,0.9771,57
1579408738.209,0.74,0.633,0.6,0.9965,57
1579408739.315,0.75,0.6169,0.59,1.0003,57
1579408740.394,0.78,0.5726,0.55,1.0318,57
1579408741.37,0.76,0.5929,0.6,1.0295,57
1579408742.502,0.76,0.5888,0.59,1.0338,58
1579408743.626,0.74,0.6425,0.59,1.028,58
1579408744.704,0.76,0.609,0.59,1.0347,58
1579408745.785,0.74,0.6362,0.63,1.0399,58
1579408746.869,0.77,0.583,0.59,1.053,58
1579408747.954,0.77,0.5755,0.52,1.1038,58
1579408749.039,0.75,0.6127,0.6,1.026,58
1579408750.13,0.76,0.6054,0.6,1.0096,58
1579408751.235,0.73,0.652,0.58,0.9149,58
1579408752.336,0.77,0.5762,0.6,0.983,58
1579408753.416,0.77,0.5887,0.61,0.9545,58
1579408754.388,0.81,0.516,0.63,1.1299,58
1579408755.481,0.76,0.5973,0.61,1.0836,59
1579408756.564,0.77,0.5693,0.58,1.0669,59
1579408757.653,0.77,0.5921,0.62,0.9814,59
1579408758.739,0.78,0.5527,0.6,1.1025,59
1579408759.823,0.75,0.6126,0.6,1.0092,59
1579408760.905,0.78,0.5615,0.53,1.1066,59
1579408761.984,0.77,0.5771,0.57,1.093,59
1579408763.063,0.78,0.5635,0.57,1.1083,59
1579408764.141,0.77,0.5659,0.57,1.1436,59
1579408765.221,0.76,0.5901,0.5,1.1258,59
1579408766.304,0.77,0.573,0.57,1.0575,59
1579408767.384,0.81,0.4837,0.56,1.1238,59
1579408768.491,0.79,0.5272,0.52,1.187,60
1579408769.576,0.78,0.5396,0.57,1.2622,60
1579408770.658,0.78,0.562,0.57,1.1825,60
1579408771.749,0.77,0.5751,0.63,1.1583,60
1579408772.829,0.78,0.5427,0.6,1.1039,60
1579408773.91,0.76,0.5823,0.61,1.0629,60
1579408774.991,0.77,0.5653,0.59,1.1309,60
1579408776.076,0.76,0.6034,0.6,1.0707,60
1579408777.157,0.78,0.5601,0.58,1.1444,60
1579408778.237,0.76,0.5931,0.6,1.0616,60
1579408779.316,0.76,0.5593,0.58,1.089,60
1579408780.274,0.76,0.5832,0.53,1.0955,60
1579408781.378,0.76,0.5637,0.54,1.1828,61
1579408782.466,0.73,0.6496,0.56,1.1023,61
1579408783.55,0.78,0.5613,0.54,1.2804,61
1579408784.658,0.7,0.7425,0.58,1.0151,61
1579408785.752,0.77,0.5645,0.57,1.0766,61
1579408786.854,0.71,0.695,0.57,1.0798,61
1579408787.944,0.73,0.6755,0.58,1.0546,61
1579408789.028,0.75,0.6053,0.56,1.1889,61
1579408790.118,0.68,0.7757,0.58,1.069,61
1579408791.195,0.76,0.5896,0.56,1.0793,61
1579408792.269,0.75,0.6309,0.57,1.0371,61
1579408793.225,0.77,0.5902,0.64,0.9595,61
1579408794.311,0.78,0.568,0.6,0.9644,62
1579408795.387,0.75,0.6143,0.6,0.9635,62
1579408796.466,0.77,0.5795,0.62,0.9559,62
1579408797.567,0.78,0.5572,0.61,0.9527,62
1579408798.671,0.79,0.5323,0.6,0.9979,62
1579408799.754,0.79,0.518,0.64,1.039,62
1579408800.839,0.79,0.5193,0.58,1.1248,62
1579408801.918,0.77,0.5825,0.62,1.0709,62
1579408802.997,0.78,0.545,0.63,1.0336,62
1579408804.075,0.8,0.5156,0.67,1.007,62
1579408805.153,0.82,0.4709,0.61,1.054,62
1579408806.109,0.82,0.4502,0.62,1.0383,62
1579408807.19,0.8,0.4985,0.61,1.0675,63
1579408808.271,0.79,0.5167,0.54,1.0952,63
1579408809.355,0.79,0.535,0.56,1.1683,63
1579408810.438,0.78,0.5276,0.61,1.1935,63
1579408811.532,0.8,0.5136,0.58,1.1701,63
1579408812.629,0.8,0.49,0.58,1.1647,63
1579408813.714,0.79,0.5136,0.52,1.239,63
1579408814.792,0.79,0.5112,0.55,1.2737,63
1579408815.879,0.75,0.5989,0.61,1.0542,63
1579408816.964,0.81,0.4933,0.63,1.061,63
1579408818.042,0.78,0.5431,0.63,1.0447,63
1579408819.003,0.83,0.4503,0.55,1.0557,63
1579408820.087,0.81,0.4761,0.56,1.0444,64
1579408821.163,0.81,0.4896,0.64,1.0501,64
1579408822.241,0.8,0.4955,0.63,1.066,64
1579408823.322,0.81,0.4986,0.62,1.0842,64
1579408824.42,0.81,0.4785,0.62,1.128,64
1579408825.606,0.8,0.4916,0.61,1.1549,64
1579408826.688,0.81,0.4932,0.57,1.1569,64
1579408827.791,0.8,0.4963,0.61,1.1787,64
1579408828.89,0.82,0.4651,0.57,1.1973,64
1579408829.988,0.8,0.5056,0.63,1.1743,64
1579408831.087,0.8,0.5059,0.6,1.1679,64
1579408832.063,0.82,0.4447,0.57,1.2317,64
1579408833.167,0.78,0.5252,0.59,1.1445,65
1579408834.255,0.82,0.4581,0.62,1.1095,65
1579408835.342,0.8,0.489,0.62,1.0764,65
1579408836.428,0.81,0.4699,0.67,1.0594,65
1579408837.522,0.82,0.4708,0.6,1.0789,65
1579408838.616,0.81,0.4579,0.61,1.1505,65
1579408839.7,0.81,0.486,0.57,1.1969,65
1579408840.778,0.79,0.5225,0.52,1.2393,65
1579408841.859,0.79,0.5182,0.53,1.2311,65
1579408842.939,0.81,0.4817,0.59,1.2295,65
1579408844.024,0.81,0.4745,0.64,1.2474,65
1579408844.989,0.81,0.4687,0.61,1.1727,65
1579408846.074,0.81,0.4605,0.54,1.2535,66
1579408847.161,0.79,0.5155,0.56,1.2642,66
1579408848.248,0.81,0.4965,0.57,1.3546,66
1579408849.343,0.78,0.5449,0.59,1.1797,66
1579408850.426,0.81,0.4825,0.63,1.1109,66
1579408851.51,0.8,0.4934,0.63,1.0899,66
1579408852.594,0.81,0.4972,0.63,1.0606,66
1579408853.679,0.81,0.4638,0.58,1.1928,66
1579408854.758,0.78,0.5375,0.58,1.1116,66
1579408855.838,0.82,0.4662,0.56,1.2215,66
1579408856.917,0.81,0.4751,0.59,1.1809,66
1579408857.875,0.83,0.4383,0.56,1.1783,66
1579408858.964,0.8,0.4944,0.59,1.1518,67
1579408860.04,0.81,0.4778,0.57,1.2037,67
1579408861.119,0.81,0.4917,0.53,1.2434,67
1579408862.197,0.81,0.4801,0.57,1.2467,67
1579408863.274,0.81,0.4765,0.59,1.2,67
1579408864.352,0.81,0.4602,0.57,1.1819,67
1579408865.431,0.82,0.4486,0.57,1.2218,67
1579408866.506,0.8,0.4937,0.57,1.158,67
1579408867.585,0.81,0.4647,0.6,1.1962,67
1579408868.664,0.79,0.5351,0.59,1.2213,67
1579408869.744,0.82,0.4706,0.57,1.2827,67
1579408870.725,0.84,0.4035,0.57,1.1945,67
1579408871.806,0.81,0.459,0.56,1.1725,68
1579408872.889,0.81,0.4652,0.59,1.1404,68
1579408873.974,0.81,0.4706,0.6,1.1186,68
1579408875.06,0.81,0.4663,0.62,1.1548,68
1579408876.153,0.82,0.4571,0.55,1.2174,68
1579408877.237,0.82,0.4504,0.55,1.2808,68
1579408878.316,0.83,0.43,0.56,1.2927,68
1579408879.395,0.82,0.4494,0.54,1.3282,68
1579408880.47,0.81,0.4683,0.57,1.2863,68
1579408881.657,0.82,0.4598,0.59,1.1937,68
1579408882.735,0.8,0.5117,0.55,1.2649,68
1579408883.69,0.81,0.4653,0.58,1.2218,68
1579408884.771,0.82,0.4349,0.58,1.1544,69
1579408885.849,0.82,0.4281,0.6,1.1319,69
1579408886.922,0.81,0.4664,0.57,1.1998,69
1579408887.998,0.81,0.4942,0.6,1.2442,69
1579408889.08,0.79,0.5272,0.56,1.258,69
1579408890.156,0.79,0.5144,0.56,1.3353,69
1579408891.236,0.8,0.4943,0.56,1.3554,69
1579408892.319,0.82,0.4582,0.55,1.3555,69
1579408893.405,0.82,0.4502,0.54,1.3773,69
1579408894.497,0.8,0.4966,0.6,1.2729,69
1579408895.593,0.79,0.5328,0.6,1.1819,69
1579408896.56,0.79,0.5068,0.56,1.1814,69
1579408897.649,0.78,0.536,0.56,1.1622,70
1579408898.738,0.78,0.5194,0.58,1.0937,70
1579408899.83,0.81,0.4628,0.59,1.107,70
1579408900.913,0.82,0.4598,0.57,1.1111,70
1579408902.001,0.81,0.4812,0.64,1.1214,70
1579408903.085,0.79,0.5117,0.62,1.1269,70
1579408904.175,0.78,0.5416,0.55,1.1608,70
1579408905.253,0.78,0.5371,0.5,1.1928,70
1579408906.332,0.81,0.4742,0.54,1.2364,70
1579408907.411,0.85,0.4116,0.55,1.3099,70
1579408908.49,0.83,0.4435,0.55,1.3093,70
1579408909.449,0.82,0.454,0.54,1.2827,70
1579408910.535,0.8,0.4836,0.61,1.2615,71
1579408911.625,0.79,0.5082,0.55,1.2719,71
1579408912.721,0.81,0.4702,0.52,1.2556,71
1579408913.806,0.81,0.4566,0.6,1.0675,71
1579408914.894,0.84,0.3964,0.59,1.1547,71
1579408915.98,0.84,0.4129,0.62,1.1692,71
1579408917.07,0.82,0.4401,0.65,1.1711,71
1579408918.158,0.81,0.464,0.61,1.1644,71
1579408919.249,0.82,0.4447,0.55,1.1982,71
1579408920.329,0.84,0.4057,0.57,1.2458,71
1579408921.412,0.86,0.375,0.61,1.322,71
1579408922.372,0.86,0.343,0.62,1.3467,71
1579408923.455,0.85,0.3806,0.57,1.3783,72
1579408924.532,0.84,0.4074,0.55,1.3833,72
1579408925.61,0.84,0.402,0.52,1.3981,72
1579408926.695,0.86,0.3658,0.55,1.371,72
1579408927.772,0.83,0.4081,0.63,1.1951,72
1579408928.849,0.86,0.3475,0.63,1.2406,72
1579408929.927,0.84,0.4113,0.66,1.1751,72
1579408931.005,0.86,0.3614,0.6,1.3593,72
1579408932.096,0.82,0.4492,0.62,1.2967,72
1579408933.173,0.88,0.3155,0.56,1.5226,72
1579408934.267,0.86,0.3596,0.58,1.4465,72
1579408935.227,0.88,0.3142,0.6,1.4323,72
1579408936.306,0.84,0.3993,0.62,1.4387,73
1579408937.384,0.85,0.3766,0.58,1.4796,73
1579408938.471,0.85,0.3805,0.54,1.5129,73
1579408939.659,0.85,0.3724,0.55,1.5276,73
1579408940.747,0.88,0.3144,0.55,1.5082,73
1579408941.83,0.85,0.3788,0.55,1.3925,73
1579408942.907,0.87,0.3346,0.52,1.5153,73
1579408943.986,0.8,0.4948,0.59,1.285,73
1579408945.066,0.86,0.3463,0.61,1.3857,73
1579408946.142,0.83,0.4141,0.59,1.3293,73
1579408947.218,0.86,0.3495,0.56,1.4949,73
1579408948.173,0.88,0.3047,0.52,1.5029,73
1579408949.25,0.83,0.4126,0.57,1.4235,74
1579408950.326,0.85,0.3586,0.61,1.4328,74
1579408951.408,0.84,0.3894,0.6,1.4338,74
1579408952.486,0.86,0.3603,0.54,1.4328,74
1579408953.567,0.88,0.3032,0.51,1.5295,74
1579408954.646,0.88,0.3116,0.58,1.5127,74
1579408955.724,0.87,0.3402,0.57,1.424,74
1579408956.806,0.85,0.3689,0.57,1.3529,74
1579408957.889,0.85,0.3604,0.58,1.382,74
1579408958.98,0.87,0.3444,0.56,1.3843,74
1579408960.067,0.86,0.3441,0.54,1.3716,74
1579408961.034,0.87,0.3,0.61,1.2771,74
1579408962.136,0.87,0.3088,0.53,1.3793,75
1579408963.225,0.86,0.3456,0.55,1.4803,75
1579408964.324,0.84,0.3907,0.58,1.4542,75
1579408965.412,0.86,0.3542,0.61,1.62,75
1579408966.493,0.85,0.372,0.56,1.5556,75
1579408967.583,0.88,0.3147,0.51,1.7099,75
1579408968.671,0.88,0.3099,0.52,1.7856,75
1579408969.747,0.85,0.3679,0.54,1.5352,75
1579408970.826,0.87,0.3367,0.52,1.5875,75
1579408971.905,0.86,0.363,0.57,1.6499,75
1579408972.988,0.86,0.3649,0.55,1.6519,75
1579408973.941,0.88,0.3188,0.53,1.6364,75
1579408975.034,0.86,0.3521,0.5,1.5536,76
1579408976.117,0.86,0.3502,0.49,1.5249,76
1579408977.194,0.87,0.3342,0.56,1.5034,76
1579408978.267,0.86,0.3577,0.57,1.4281,76
1579408979.343,0.87,0.3462,0.57,1.4374,76
1579408980.423,0.87,0.3313,0.58,1.4941,76
1579408981.523,0.87,0.3332,0.5,1.6546,76
1579408982.608,0.86,0.3473,0.5,1.6321,76
1579408983.697,0.86,0.3454,0.55,1.4078,76
1579408984.781,0.88,0.3096,0.57,1.3705,76
1579408985.868,0.85,0.3859,0.57,1.4628,76
1579408986.846,0.89,0.2999,0.51,1.4763,76
1579408987.933,0.88,0.3201,0.42,1.5402,77
1579408989.01,0.85,0.3712,0.47,1.6658,77
1579408990.095,0.85,0.3862,0.53,1.7532,77
1579408991.185,0.86,0.3422,0.49,1.7545,77
1579408992.28,0.85,0.3844,0.54,1.5845,77
1579408993.361,0.86,0.3389,0.6,1.4614,77
1579408994.456,0.87,0.3251,0.52,1.5448,77
1579408995.645,0.88,0.3168,0.5,1.6436,77
1579408996.736,0.88,0.2972,0.51,1.6457,77
1579408997.816,0.87,0.3364,0.57,1.4365,77
1579408998.9,0.87,0.3343,0.64,1.311,77
1579408999.855,0.88,0.3077,0.64,1.2877,77
1579409000.938,0.87,0.3447,0.54,1.3729,78
1579409002.019,0.87,0.3285,0.51,1.4546,78
1579409003.101,0.86,0.3385,0.54,1.4449,78
1579409004.198,0.86,0.3438,0.53,1.459,78
1579409005.286,0.87,0.318,0.53,1.6246,78
1579409006.374,0.83,0.4412,0.54,1.3505,78
1579409007.471,0.88,0.3159,0.48,1.3473,78
1579409008.582,0.87,0.3406,0.47,1.4952,78
1579409009.666,0.84,0.4124,0.52,1.3851,78
1579409010.748,0.89,0.2861,0.56,1.4587,78
1579409011.834,0.89,0.2969,0.54,1.5529,78
1579409012.802,0.85,0.3894,0.56,1.4953,78
1579409013.89,0.84,0.3882,0.52,1.5577,79
1579409014.973,0.88,0.3038,0.49,1.622,79
1579409016.056,0.86,0.3456,0.53,1.5999,79
1579409017.148,0.84,0.3952,0.54,1.513,79
1579409018.234,0.87,0.3506,0.57,1.5412,79
1579409019.318,0.86,0.351,0.55,1.5227,79
1579409020.4,0.82,0.4462,0.56,1.2997,79
1579409021.499,0.85,0.3711,0.56,1.2581,79
1579409022.585,0.88,0.3033,0.51,1.3606,79
1579409023.674,0.85,0.3934,0.56,1.3083,79
1579409024.762,0.85,0.3769,0.58,1.3034,79
1579409025.73,0.9,0.2564,0.54,1.3614,79
1579409026.82,0.85,0.3632,0.55,1.347,80
1579409027.908,0.85,0.3865,0.58,1.3497,80
1579409028.989,0.88,0.304,0.47,1.4912,80
1579409030.085,0.9,0.2734,0.46,1.6956,80
1579409031.164,0.84,0.3746,0.51,1.5457,80
1579409032.238,0.88,0.3003,0.56,1.4591,80
1579409033.314,0.89,0.2834,0.56,1.5479,80
1579409034.393,0.86,0.3572,0.57,1.5065,80
1579409035.472,0.87,0.3183,0.53,1.3851,80
1579409036.548,0.91,0.2345,0.49,1.4666,80
1579409037.64,0.89,0.28,0.5,1.4924,80
1579409038.608,0.89,0.2857,0.62,1.4603,80
1579409039.711,0.89,0.2641,0.62,1.5654,81
1579409040.8,0.87,0.3329,0.6,1.483,81
1579409041.878,0.91,0.2399,0.59,1.6595,81
1579409042.957,0.92,0.2127,0.53,1.7859,81
1579409044.04,0.89,0.2731,0.55,1.6982,81
1579409045.124,0.91,0.2302,0.53,1.9242,81
1579409046.208,0.89,0.299,0.55,1.8078,81
1579409047.303,0.9,0.2606,0.55,1.7207,81
1579409048.385,0.89,0.2912,0.52,1.5651,81
1579409049.464,0.93,0.1957,0.47,1.6036,81
1579409050.54,0.91,0.2227,0.49,1.7626,81
1579409051.501,0.92,0.2,0.47,1.6874,81
1579409052.586,0.92,0.2092,0.54,1.6163,82
1579409053.802,0.9,0.2547,0.56,1.6413,82
1579409054.879,0.89,0.2919,0.55,1.4812,82
1579409055.956,0.91,0.2296,0.53,1.6057,82
1579409057.039,0.91,0.2123,0.51,1.6911,82
1579409058.121,0.92,0.2212,0.49,1.8061,82
1579409059.199,0.92,0.2057,0.42,2.2516,82
1579409060.278,0.88,0.3207,0.49,1.9157,82
1579409061.352,0.89,0.2635,0.5,1.8945,82
1579409062.428,0.87,0.3538,0.61,1.5426,82
1579409063.511,0.9,0.2364,0.62,1.5246,82
1579409064.47,0.93,0.187,0.59,1.5861,82
1579409065.555,0.89,0.2763,0.6,1.5521,83
1579409066.635,0.89,0.2798,0.54,1.5509,83
1579409067.752,0.9,0.2474,0.59,1.5663,83
1579409068.841,0.89,0.2853,0.56,1.5618,83
1579409069.935,0.9,0.2621,0.58,1.5289,83
1579409071.021,0.9,0.2538,0.57,1.456,83
1579409072.111,0.91,0.2351,0.59,1.4641,83
1579409073.196,0.9,0.2564,0.56,1.5044,83
1579409074.306,0.89,0.2669,0.54,1.5658,83
1579409075.399,0.9,0.2555,0.56,1.7164,83
1579409076.482,0.86,0.3737,0.58,1.5183,83
1579409077.452,0.92,0.2075,0.56,1.6604,83
1579409078.567,0.89,0.2841,0.54,1.6726,84
1579409079.652,0.89,0.2654,0.49,1.6979,84
1579409080.729,0.88,0.3038,0.44,1.5833,84
1579409081.808,0.9,0.2517,0.55,1.4482,84
1579409082.892,0.91,0.2289,0.57,1.4001,84
1579409084.005,0.92,0.2244,0.57,1.5499,84
1579409085.093,0.89,0.2822,0.58,1.5779,84
1579409086.178,0.9,0.2758,0.62,1.4683,84
1579409087.262,0.91,0.2288,0.54,1.5127,84
1579409088.348,0.91,0.2412,0.51,1.5785,84
1579409089.441,0.9,0.2554,0.54,1.5728,84
1579409090.399,0.91,0.2232,0.61,1.5738,84
1579409091.495,0.91,0.2208,0.6,1.8495,85
1579409092.574,0.9,0.2767,0.56,1.8445,85
1579409093.654,0.9,0.2607,0.54,1.7528,85
1579409094.73,0.91,0.2421,0.58,1.7549,85
1579409095.812,0.87,0.317,0.59,1.4758,85
1579409096.892,0.93,0.2021,0.57,1.5619,85
1579409097.968,0.92,0.2163,0.58,1.6675,85
1579409099.05,0.9,0.2645,0.61,1.6066,85
1579409100.125,0.91,0.2405,0.58,1.795,85
1579409101.202,0.9,0.2531,0.51,1.8637,85
1579409102.277,0.9,0.2472,0.52,1.7299,85
1579409103.241,0.94,0.1714,0.55,1.6848,85
1579409104.318,0.93,0.1931,0.55,1.9218,86
1579409105.393,0.91,0.2214,0.51,1.8889,86
1579409106.467,0.91,0.2504,0.52,1.8771,86
1579409107.553,0.92,0.2199,0.57,1.9846,86
1579409108.634,0.9,0.2496,0.57,2.0015,86
1579409109.72,0.89,0.2909,0.6,1.6963,86
1579409110.911,0.93,0.1938,0.58,1.7666,86
1579409112.0,0.91,0.2301,0.57,1.8082,86
1579409113.08,0.88,0.3069,0.63,1.5563,86
1579409114.166,0.91,0.2247,0.55,1.8243,86
1579409115.249,0.86,0.3732,0.56,1.5795,86
1579409116.209,0.92,0.2167,0.51,1.7244,86
1579409117.288,0.92,0.2097,0.48,2.0033,87
1579409118.37,0.89,0.2801,0.5,1.7354,87
1579409119.45,0.91,0.2532,0.49,1.5564,87
1579409120.528,0.91,0.2339,0.5,1.6345,87
1579409121.608,0.9,0.2704,0.56,1.6638,87
1579409122.688,0.88,0.3203,0.62,1.5474,87
1579409123.771,0.89,0.3052,0.63,1.5566,87
1579409124.848,0.89,0.2891,0.55,1.7778,87
1579409125.925,0.89,0.2768,0.52,1.7856,87
1579409127.002,0.89,0.2674,0.53,1.7153,87
1579409128.085,0.9,0.2556,0.54,1.8648,87
1579409129.053,0.84,0.4073,0.54,1.5787,87
1579409130.142,0.87,0.3234,0.58,1.7803,88
1579409131.225,0.87,0.3246,0.56,1.7522,88
1579409132.309,0.84,0.417,0.6,1.3958,88
1579409133.395,0.88,0.3225,0.57,1.3107,88
1579409134.483,0.91,0.2429,0.56,1.4475,88
1579409135.571,0.86,0.35,0.57,1.417,88
1579409136.652,0.84,0.4217,0.6,1.281,88
1579409137.734,0.86,0.355,0.59,1.3496,88
1579409138.815,0.84,0.4036,0.52,1.4106,88
1579409139.897,0.86,0.3656,0.53,1.3982,88
1579409140.98,0.89,0.3024,0.52,1.4773,88
1579409141.948,0.9,0.2766,0.51,1.472,88
1579409143.04,0.84,0.3982,0.54,1.4588,89
1579409144.141,0.85,0.3854,0.52,1.5168,89
1579409145.236,0.87,0.3582,0.47,1.6189,89
1579409146.313,0.82,0.4279,0.52,1.444,89
1579409147.391,0.85,0.3587,0.56,1.335,89
1579409148.47,0.89,0.2864,0.63,1.3521,89
1579409149.555,0.87,0.3338,0.59,1.3189,89
1579409150.643,0.86,0.3593,0.52,1.3218,89
1579409151.733,0.89,0.2849,0.55,1.4503,89
1579409152.824,0.9,0.2685,0.54,1.505,89
1579409153.913,0.88,0.3058,0.63,1.4834,89
1579409154.884,0.91,0.2445,0.61,1.4897,89
1579409155.982,0.87,0.3155,0.57,1.5076,90
1579409157.073,0.88,0.3085,0.51,1.5865,90
1579409158.161,0.89,0.282,0.51,1.67,90
1579409159.243,0.9,0.2655,0.5,1.6467,90
1579409160.321,0.9,0.2472,0.53,1.5644,90
1579409161.398,0.91,0.2372,0.58,1.588,90
1579409162.473,0.9,0.2745,0.57,1.5437,90
1579409163.553,0.88,0.303,0.55,1.4427,90
1579409164.736,0.9,0.2749,0.54,1.5398,90
1579409165.812,0.89,0.2705,0.58,1.4697,90
1579409166.89,0.9,0.2682,0.6,1.4114,90
1579409167.845,0.94,0.1678,0.61,1.6424,90
1579409168.927,0.88,0.3232,0.65,1.5349,91
1579409170.01,0.89,0.2698,0.53,1.5794,91
1579409171.091,0.91,0.2362,0.5,1.7431,91
1579409172.188,0.9,0.274,0.52,1.7298,91
1579409173.271,0.87,0.3117,0.57,1.5216,91
1579409174.36,0.92,0.2287,0.58,1.5767,91
1579409175.453,0.89,0.2703,0.56,1.6454,91
1579409176.537,0.87,0.3408,0.54,1.6153,91
1579409177.634,0.9,0.2562,0.54,1.6346,91
1579409178.714,0.92,0.2252,0.46,1.8186,91
1579409179.791,0.88,0.3164,0.5,1.6856,91
1579409180.75,0.9,0.2494,0.57,1.4989,91
1579409181.837,0.92,0.2108,0.61,1.6082,92
1579409182.914,0.87,0.3229,0.6,1.4896,92
1579409183.99,0.89,0.3038,0.58,1.4013,92
1579409185.067,0.92,0.2211,0.53,1.451,92
1579409186.146,0.9,0.2605,0.53,1.605,92
1579409187.222,0.85,0.3534,0.51,1.5301,92
1579409188.3,0.89,0.284,0.59,1.4632,92
1579409189.373,0.89,0.2849,0.6,1.4526,92
1579409190.45,0.86,0.3386,0.64,1.378,92
1579409191.544,0.89,0.2773,0.58,1.2673,92
1579409192.623,0.93,0.1911,0.52,1.3834,92
1579409193.591,0.94,0.1804,0.52,1.5235,92
1579409194.675,0.87,0.322,0.55,1.3443,93
1579409195.758,0.89,0.2686,0.62,1.3029,93
1579409196.846,0.88,0.2953,0.62,1.4015,93
1579409197.932,0.89,0.2766,0.62,1.4552,93
1579409199.017,0.92,0.2252,0.59,1.5368,93
1579409200.104,0.92,0.2172,0.54,1.5471,93
1579409201.193,0.9,0.2503,0.59,1.4342,93
1579409202.288,0.91,0.2226,0.59,1.4657,93
1579409203.366,0.9,0.2601,0.61,1.51,93
1579409204.472,0.89,0.2774,0.59,1.5157,93
1579409205.552,0.91,0.2351,0.6,1.4892,93
1579409206.509,0.93,0.1836,0.56,1.5324,93
1579409207.599,0.92,0.2074,0.55,1.4865,94
1579409208.682,0.93,0.1889,0.61,1.475,94
1579409209.763,0.92,0.2095,0.6,1.5651,94
1579409210.845,0.89,0.2891,0.58,1.5611,94
1579409211.922,0.91,0.2431,0.59,1.6153,94
1579409213.0,0.94,0.1673,0.53,1.8756,94
1579409214.08,0.93,0.1796,0.56,2.0397,94
1579409215.16,0.91,0.2306,0.54,1.8609,94
1579409216.241,0.93,0.1815,0.53,1.8261,94
1579409217.324,0.91,0.2402,0.53,1.9084,94
1579409218.42,0.88,0.321,0.54,1.7367,94
1579409219.383,0.92,0.1972,0.56,1.7049,94
1579409220.587,0.92,0.2062,0.55,1.7551,95
1579409221.682,0.92,0.215,0.58,1.6746,95
1579409222.767,0.93,0.1926,0.57,1.6593,95
1579409223.848,0.92,0.196,0.54,1.6542,95
1579409224.927,0.89,0.266,0.56,1.5914,95
1579409226.007,0.89,0.2873,0.56,1.4962,95
1579409227.084,0.9,0.2526,0.58,1.572,95
1579409228.168,0.93,0.1936,0.6,1.7223,95
1579409229.246,0.92,0.2231,0.6,1.6211,95
1579409230.325,0.92,0.1982,0.56,1.5964,95
1579409231.424,0.92,0.1967,0.57,1.7145,95
1579409232.387,0.9,0.2579,0.53,1.6468,95
1579409233.472,0.9,0.2537,0.59,1.5546,96
1579409234.568,0.92,0.1917,0.54,1.5709,96
1579409235.655,0.92,0.2058,0.6,1.5519,96
1579409236.747,0.93,0.1898,0.63,1.5651,96
1579409237.835,0.93,0.1893,0.63,1.5774,96
1579409238.923,0.93,0.1949,0.56,1.5224,96
1579409240.014,0.92,0.2025,0.55,1.4768,96
1579409241.097,0.93,0.182,0.55,1.5568,96
1579409242.175,0.94,0.1561,0.58,1.6035,96
1579409243.252,0.95,0.1428,0.58,1.7547,96
1579409244.329,0.93,0.1771,0.58,1.7606,96
1579409245.282,0.94,0.1517,0.57,1.7671,96
1579409246.356,0.94,0.1661,0.57,1.7532,97
1579409247.443,0.95,0.155,0.56,1.719,97
1579409248.542,0.94,0.1589,0.56,1.7172,97
1579409249.617,0.96,0.1195,0.54,1.7227,97
1579409250.693,0.96,0.118,0.55,1.7406,97
1579409251.771,0.95,0.1264,0.58,1.6968,97
1579409252.86,0.94,0.1545,0.61,1.6475,97
1579409253.94,0.93,0.1775,0.61,1.681,97
1579409255.02,0.94,0.1443,0.59,1.6809,97
1579409256.105,0.96,0.103,0.54,1.701,97
1579409257.188,0.96,0.1236,0.55,1.8176,97
1579409258.153,0.96,0.1052,0.56,1.9316,97
1579409259.238,0.94,0.1432,0.56,2.0489,98
1579409260.324,0.94,0.1627,0.57,2.0189,98
1579409261.428,0.94,0.1552,0.57,1.8611,98
1579409262.513,0.96,0.0996,0.54,1.8777,98
1579409263.602,0.96,0.097,0.53,1.9762,98
1579409264.702,0.96,0.1162,0.51,2.0066,98
1579409265.78,0.94,0.1521,0.56,2.0108,98
1579409266.861,0.95,0.1365,0.56,2.0665,98
1579409267.941,0.94,0.1521,0.57,2.0648,98
1579409269.019,0.95,0.1239,0.59,1.9798,98
1579409270.098,0.96,0.1096,0.59,1.9267,98
1579409271.053,0.96,0.1065,0.56,1.9079,98
1579409272.136,0.95,0.1294,0.56,1.9404,99
1579409273.216,0.95,0.1317,0.55,2.095,99
1579409274.297,0.95,0.1499,0.58,2.1745,99
1579409275.373,0.94,0.1438,0.57,2.11,99
1579409276.447,0.95,0.1402,0.58,2.0204,99
1579409277.538,0.96,0.1148,0.55,2.0165,99
1579409278.749,0.95,0.1313,0.55,2.0244,99
1579409279.834,0.95,0.1207,0.55,1.9957,99
1579409280.918,0.94,0.1452,0.58,1.9565,99
1579409282.012,0.94,0.1477,0.61,1.9271,99
1579409283.101,0.95,0.1409,0.6,1.8126,99
1579409284.064,0.97,0.088,0.62,1.7347,99
