1580053903.058,0.25,1.3863,0.27,1.3866,0
1580053903.247,0.24,1.3863,0.27,1.3871,0
1580053903.413,0.26,1.3859,0.38,1.3869,0
1580053903.581,0.33,1.3868,0.27,1.3866,0
1580053903.749,0.26,1.3852,0.33,1.3864,0
1580053903.916,0.32,1.3856,0.32,1.386,0
1580053904.115,0.33,1.3847,0.37,1.3857,0
1580053904.282,0.35,1.3852,0.33,1.3852,0
1580053904.454,0.32,1.3842,0.36,1.384,0
1580053904.621,0.35,1.3833,0.36,1.3826,0
1580053904.789,0.36,1.3814,0.27,1.3818,0
1580053904.958,0.27,1.3807,0.27,1.3792,0
1580053905.135,0.29,1.3772,0.31,1.3754,0
1580053905.31,0.32,1.3739,0.27,1.3712,0
1580053905.48,0.31,1.3676,0.26,1.3669,0
1580053905.673,0.29,1.3599,0.35,1.3585,1
1580053905.861,0.4,1.3511,0.39,1.3484,1
1580053906.033,0.4,1.346,0.48,1.3359,1
1580053906.223,0.48,1.3338,0.45,1.318,1
1580053906.413,0.48,1.3118,0.47,1.3029,1
1580053906.604,0.5,1.2902,0.44,1.2935,1
1580053906.772,0.46,1.2801,0.46,1.2737,1
1580053906.939,0.49,1.2553,0.51,1.2735,1
1580053907.137,0.48,1.2723,0.49,1.2515,1
1580053907.306,0.47,1.254,0.44,1.2656,1
1580053907.473,0.44,1.2716,0.5,1.2377,1
1580053907.641,0.51,1.232,0.49,1.2516,1
1580053907.81,0.52,1.2355,0.5,1.2309,1
1580053907.978,0.51,1.2267,0.48,1.2313,1
1580053908.139,0.49,1.2355,0.5,1.2232,1
1580053908.313,0.52,1.2067,0.51,1.2274,2
1580053908.482,0.53,1.2036,0.53,1.23,2
1580053908.657,0.54,1.2013,0.51,1.2283,2
1580053908.829,0.54,1.1937,0.51,1.2324,2
1580053908.997,0.52,1.2103,0.52,1.2237,2
1580053909.172,0.56,1.1739,0.51,1.2176,2
1580053909.365,0.54,1.1902,0.51,1.2179,2
1580053909.556,0.56,1.1822,0.5,1.2211,2
1580053909.746,0.53,1.198,0.5,1.2237,2
1580053909.936,0.52,1.2038,0.48,1.2291,2
1580053910.112,0.5,1.2229,0.47,1.2285,2
1580053910.279,0.52,1.2044,0.48,1.228,2
1580053910.447,0.53,1.1984,0.48,1.2338,2
1580053910.614,0.53,1.202,0.51,1.2336,2
1580053910.764,0.52,1.2178,0.49,1.2177,2
1580053910.935,0.54,1.1895,0.51,1.2155,3
1580053911.103,0.53,1.1899,0.52,1.2205,3
1580053911.275,0.56,1.1821,0.53,1.206,3
1580053911.455,0.57,1.1676,0.52,1.1984,3
1580053911.644,0.54,1.1986,0.55,1.199,3
1580053911.838,0.55,1.1785,0.53,1.1988,3
1580053912.028,0.54,1.187,0.52,1.207,3
1580053912.197,0.56,1.1752,0.51,1.2145,3
1580053912.365,0.55,1.1845,0.48,1.2204,3
1580053912.55,0.54,1.1889,0.48,1.2225,3
1580053912.737,0.52,1.2058,0.49,1.2246,3
1580053912.908,0.54,1.1898,0.49,1.2262,3
1580053913.076,0.55,1.1837,0.48,1.2261,3
1580053913.247,0.54,1.1918,0.5,1.2192,3
1580053913.397,0.54,1.192,0.51,1.2099,3
1580053913.575,0.55,1.1797,0.53,1.2047,4
1580053913.751,0.55,1.1779,0.54,1.2025,4
1580053913.919,0.56,1.1698,0.57,1.1976,4
1580053914.092,0.58,1.1634,0.55,1.1958,4
1580053914.272,0.53,1.1915,0.54,1.1958,4
1580053914.439,0.57,1.1587,0.52,1.2023,4
1580053914.607,0.54,1.1806,0.52,1.2062,4
1580053914.776,0.57,1.1669,0.5,1.2073,4
1580053914.944,0.55,1.1766,0.49,1.2113,4
1580053915.112,0.54,1.1842,0.49,1.2157,4
1580053915.28,0.52,1.1952,0.49,1.2166,4
1580053915.45,0.53,1.1849,0.49,1.216,4
1580053915.641,0.55,1.1828,0.51,1.2133,4
1580053915.809,0.55,1.1834,0.51,1.2091,4
1580053915.96,0.54,1.1855,0.54,1.2011,4
1580053916.146,0.55,1.1728,0.53,1.2027,5
1580053916.32,0.56,1.1687,0.53,1.2044,5
1580053916.49,0.57,1.163,0.54,1.1978,5
1580053916.66,0.57,1.1557,0.53,1.1947,5
1580053916.828,0.54,1.1829,0.55,1.1906,5
1580053916.997,0.58,1.1524,0.53,1.1982,5
1580053917.169,0.55,1.1743,0.53,1.2025,5
1580053917.365,0.58,1.1604,0.54,1.1994,5
1580053917.558,0.56,1.1683,0.53,1.2034,5
1580053917.742,0.55,1.1764,0.5,1.2091,5
1580053917.936,0.53,1.1899,0.5,1.21,5
1580053918.126,0.54,1.1811,0.51,1.2067,5
1580053918.294,0.55,1.172,0.51,1.2021,5
1580053918.461,0.55,1.1765,0.53,1.1932,5
1580053918.617,0.55,1.1727,0.57,1.1887,5
1580053918.787,0.57,1.1645,0.54,1.1862,6
1580053918.954,0.58,1.1611,0.54,1.1888,6
1580053919.126,0.58,1.154,0.54,1.1861,6
1580053919.301,0.58,1.1498,0.53,1.1959,6
1580053919.491,0.55,1.1769,0.54,1.201,6
1580053919.681,0.59,1.1443,0.55,1.1969,6
1580053919.849,0.56,1.168,0.57,1.1883,6
1580053920.02,0.57,1.1625,0.53,1.1984,6
1580053920.213,0.57,1.1611,0.48,1.2075,6
1580053920.412,0.55,1.1712,0.5,1.2087,6
1580053920.6,0.54,1.1878,0.5,1.2047,6
1580053920.788,0.55,1.175,0.49,1.2,6
1580053920.981,0.57,1.1641,0.53,1.1946,6
1580053921.168,0.56,1.1739,0.54,1.1891,6
1580053921.32,0.56,1.1683,0.54,1.201,6
1580053921.491,0.57,1.1631,0.53,1.1906,7
1580053921.66,0.58,1.1548,0.55,1.1797,7
1580053921.832,0.59,1.1455,0.55,1.1787,7
1580053922.025,0.58,1.1485,0.54,1.1918,7
1580053922.194,0.55,1.1752,0.52,1.2,7
1580053922.364,0.59,1.1408,0.55,1.1971,7
1580053922.533,0.57,1.1623,0.57,1.1885,7
1580053922.698,0.56,1.1653,0.53,1.2019,7
1580053922.871,0.57,1.156,0.47,1.209,7
1580053923.04,0.55,1.1682,0.49,1.2065,7
1580053923.214,0.55,1.1838,0.5,1.2089,7
1580053923.385,0.55,1.1769,0.5,1.1999,7
1580053923.553,0.57,1.1599,0.52,1.1908,7
1580053923.718,0.56,1.1676,0.52,1.1956,7
1580053923.875,0.56,1.1666,0.55,1.1819,7
1580053924.069,0.57,1.1567,0.54,1.1763,8
1580053924.237,0.58,1.1508,0.55,1.1782,8
1580053924.407,0.59,1.1441,0.55,1.1768,8
1580053924.574,0.59,1.1407,0.56,1.1807,8
1580053924.743,0.55,1.1726,0.55,1.1768,8
1580053924.911,0.59,1.1405,0.56,1.1782,8
1580053925.089,0.57,1.1569,0.56,1.1815,8
1580053925.256,0.58,1.1546,0.53,1.1891,8
1580053925.426,0.57,1.1528,0.52,1.194,8
1580053925.595,0.57,1.1571,0.52,1.1997,8
1580053925.763,0.55,1.1749,0.52,1.2041,8
1580053925.93,0.55,1.1694,0.49,1.1925,8
1580053926.1,0.58,1.1516,0.52,1.1859,8
1580053926.303,0.56,1.1623,0.54,1.181,8
1580053926.475,0.58,1.1532,0.55,1.1807,8
1580053926.666,0.59,1.149,0.53,1.176,9
1580053926.836,0.59,1.1474,0.57,1.1753,9
1580053927.005,0.6,1.1364,0.57,1.1698,9
1580053927.173,0.6,1.1362,0.57,1.1802,9
1580053927.345,0.56,1.1661,0.56,1.1777,9
1580053927.512,0.59,1.1385,0.54,1.1776,9
1580053927.681,0.58,1.1506,0.54,1.1804,9
1580053927.848,0.58,1.1478,0.49,1.2042,9
1580053928.017,0.57,1.1572,0.51,1.1873,9
1580053928.202,0.59,1.1481,0.52,1.2045,9
1580053928.383,0.54,1.174,0.51,1.2053,9
1580053928.579,0.55,1.1678,0.5,1.1965,9
1580053928.754,0.57,1.1536,0.51,1.1891,9
1580053928.922,0.57,1.1539,0.53,1.1763,9
1580053929.076,0.59,1.1497,0.55,1.1771,9
1580053929.246,0.59,1.1428,0.54,1.1818,10
1580053929.419,0.6,1.1416,0.55,1.1767,10
1580053929.593,0.62,1.1258,0.56,1.1682,10
1580053929.762,0.6,1.1329,0.54,1.1933,10
1580053929.931,0.56,1.1599,0.54,1.1955,10
1580053930.101,0.6,1.137,0.54,1.1786,10
1580053930.27,0.58,1.1487,0.54,1.1728,10
1580053930.44,0.57,1.1491,0.51,1.1956,10
1580053930.611,0.58,1.1479,0.52,1.1935,10
1580053930.781,0.58,1.1521,0.55,1.1691,10
1580053930.95,0.58,1.1544,0.55,1.1819,10
1580053931.119,0.56,1.1645,0.53,1.185,10
1580053931.289,0.59,1.142,0.49,1.2003,10
1580053931.458,0.57,1.1577,0.49,1.1949,10
1580053931.614,0.57,1.1579,0.52,1.1782,10
1580053931.784,0.6,1.1456,0.57,1.1697,11
1580053931.953,0.58,1.1447,0.57,1.1621,11
1580053932.123,0.62,1.1241,0.53,1.1999,11
1580053932.292,0.6,1.1297,0.53,1.2056,11
1580053932.462,0.57,1.1593,0.56,1.1727,11
1580053932.659,0.61,1.1233,0.57,1.1609,11
1580053932.831,0.57,1.1525,0.57,1.1705,11
1580053933.001,0.57,1.1598,0.55,1.1799,11
1580053933.192,0.61,1.1304,0.53,1.1991,11
1580053933.362,0.57,1.1601,0.54,1.1943,11
1580053933.531,0.56,1.1648,0.52,1.18,11
1580053933.728,0.58,1.1424,0.58,1.1736,11
1580053933.898,0.57,1.1585,0.57,1.1655,11
1580053934.068,0.59,1.1488,0.52,1.1909,11
1580053934.221,0.6,1.144,0.54,1.1988,11
1580053934.394,0.56,1.1635,0.53,1.1878,12
1580053934.562,0.61,1.1275,0.57,1.1596,12
1580053934.754,0.61,1.1236,0.59,1.1622,12
1580053934.927,0.6,1.1385,0.51,1.1823,12
1580053935.097,0.59,1.14,0.55,1.1882,12
1580053935.268,0.61,1.1262,0.57,1.1813,12
1580053935.438,0.57,1.1511,0.56,1.1633,12
1580053935.609,0.6,1.1296,0.56,1.1606,12
1580053935.783,0.6,1.1356,0.56,1.1653,12
1580053935.974,0.61,1.1272,0.56,1.1817,12
1580053936.152,0.59,1.145,0.56,1.1842,12
1580053936.349,0.58,1.1466,0.55,1.1683,12
1580053936.544,0.61,1.1301,0.56,1.1727,12
1580053936.736,0.58,1.1468,0.54,1.1776,12
1580053936.888,0.59,1.1494,0.56,1.166,12
1580053937.066,0.6,1.1358,0.56,1.1673,13
1580053937.255,0.61,1.1242,0.59,1.154,13
1580053937.426,0.63,1.1075,0.58,1.1463,13
1580053937.596,0.61,1.1221,0.57,1.1566,13
1580053937.771,0.59,1.1337,0.54,1.1745,13
1580053937.943,0.62,1.1162,0.54,1.1732,13
1580053938.114,0.6,1.1358,0.58,1.1536,13
1580053938.283,0.63,1.1161,0.58,1.1472,13
1580053938.477,0.61,1.1274,0.58,1.1498,13
1580053938.669,0.62,1.1159,0.55,1.1672,13
1580053938.855,0.61,1.1306,0.55,1.1696,13
1580053939.033,0.59,1.1328,0.55,1.1636,13
1580053939.214,0.61,1.1191,0.56,1.162,13
1580053939.409,0.6,1.135,0.58,1.1582,13
1580053939.58,0.63,1.1188,0.56,1.1618,13
1580053939.756,0.6,1.1301,0.58,1.1538,14
1580053939.93,0.63,1.1078,0.61,1.1485,14
1580053940.107,0.64,1.1058,0.57,1.1486,14
1580053940.284,0.64,1.0981,0.56,1.1784,14
1580053940.452,0.6,1.1343,0.56,1.1735,14
1580053940.622,0.63,1.1057,0.59,1.1465,14
1580053940.817,0.61,1.1218,0.6,1.1455,14
1580053941.007,0.62,1.1221,0.58,1.1497,14
1580053941.19,0.62,1.1141,0.58,1.1636,14
1580053941.361,0.62,1.1141,0.55,1.1651,14
1580053941.558,0.61,1.1294,0.57,1.1553,14
1580053941.743,0.61,1.1185,0.6,1.1488,14
1580053941.934,0.61,1.1177,0.57,1.1484,14
1580053942.129,0.62,1.1143,0.6,1.1508,14
1580053942.296,0.63,1.1135,0.57,1.1515,14
1580053942.465,0.63,1.1037,0.58,1.158,15
1580053942.635,0.62,1.1075,0.57,1.1545,15
1580053942.829,0.66,1.0914,0.57,1.1565,15
1580053943.025,0.64,1.0904,0.56,1.1579,15
1580053943.218,0.62,1.1189,0.6,1.1454,15
1580053943.386,0.64,1.0973,0.6,1.1429,15
1580053943.555,0.63,1.1123,0.59,1.1429,15
1580053943.724,0.64,1.0999,0.58,1.1417,15
1580053943.898,0.64,1.1032,0.57,1.145,15
1580053944.069,0.65,1.0945,0.57,1.1509,15
1580053944.261,0.62,1.1154,0.58,1.1465,15
1580053944.454,0.63,1.1077,0.59,1.1432,15
1580053944.643,0.63,1.1036,0.58,1.1439,15
1580053944.815,0.64,1.1043,0.59,1.1468,15
1580053944.965,0.64,1.0973,0.59,1.1502,15
1580053945.158,0.63,1.1065,0.62,1.1413,16
1580053945.328,0.64,1.0912,0.58,1.1504,16
1580053945.5,0.64,1.1014,0.58,1.1468,16
1580053945.689,0.66,1.0797,0.57,1.1676,16
1580053945.859,0.61,1.123,0.59,1.1443,16
1580053946.029,0.66,1.0804,0.59,1.1431,16
1580053946.198,0.61,1.12,0.59,1.1367,16
1580053946.391,0.65,1.093,0.61,1.1449,16
1580053946.597,0.63,1.1,0.6,1.1515,16
1580053946.79,0.64,1.0956,0.59,1.1391,16
1580053946.989,0.63,1.111,0.6,1.1419,16
1580053947.179,0.61,1.1147,0.58,1.1409,16
1580053947.368,0.64,1.0946,0.58,1.1428,16
1580053947.537,0.61,1.1162,0.6,1.1412,16
1580053947.707,0.65,1.0934,0.59,1.147,16
1580053947.881,0.65,1.0933,0.58,1.1447,17
1580053948.053,0.65,1.0905,0.6,1.1463,17
1580053948.247,0.65,1.089,0.59,1.1456,17
1580053948.446,0.66,1.075,0.59,1.145,17
1580053948.64,0.64,1.0998,0.6,1.1416,17
1580053948.836,0.66,1.0733,0.58,1.1403,17
1580053949.034,0.63,1.1035,0.6,1.1417,17
1580053949.21,0.65,1.092,0.6,1.137,17
1580053949.38,0.65,1.0909,0.59,1.1455,17
1580053949.549,0.66,1.0814,0.56,1.1571,17
1580053949.719,0.62,1.112,0.6,1.1347,17
1580053949.889,0.64,1.0973,0.58,1.1382,17
1580053950.06,0.65,1.0933,0.6,1.1394,17
1580053950.23,0.65,1.0968,0.61,1.1364,17
1580053950.382,0.66,1.0824,0.59,1.1408,17
1580053950.561,0.65,1.0911,0.59,1.1377,18
1580053950.754,0.67,1.0805,0.58,1.1403,18
1580053950.951,0.65,1.0895,0.61,1.1366,18
1580053951.14,0.67,1.0706,0.57,1.1619,18
1580053951.309,0.62,1.1131,0.57,1.1514,18
1580053951.479,0.67,1.0719,0.6,1.1445,18
1580053951.673,0.63,1.1119,0.59,1.1435,18
1580053951.847,0.64,1.1008,0.62,1.133,18
1580053952.039,0.65,1.09,0.56,1.1693,18
1580053952.209,0.62,1.1096,0.6,1.1401,18
1580053952.378,0.65,1.0977,0.6,1.139,18
1580053952.547,0.61,1.1135,0.6,1.1356,18
1580053952.742,0.63,1.1014,0.62,1.1232,18
1580053952.94,0.65,1.0909,0.61,1.1366,18
1580053953.101,0.63,1.0989,0.63,1.125,18
1580053953.272,0.66,1.0888,0.6,1.1414,19
1580053953.441,0.65,1.0905,0.57,1.1436,19
1580053953.611,0.65,1.087,0.62,1.1342,19
1580053953.805,0.67,1.0686,0.58,1.1617,19
1580053953.999,0.64,1.108,0.58,1.1563,19
1580053954.186,0.66,1.0752,0.59,1.1358,19
1580053954.366,0.65,1.0916,0.59,1.1382,19
1580053954.56,0.65,1.0913,0.61,1.1361,19
1580053954.742,0.65,1.0869,0.59,1.1324,19
1580053954.911,0.67,1.0747,0.59,1.144,19
1580053955.08,0.63,1.1052,0.59,1.1386,19
1580053955.255,0.64,1.098,0.6,1.1268,19
1580053955.452,0.65,1.087,0.6,1.1276,19
1580053955.645,0.64,1.0963,0.6,1.1302,19
1580053955.797,0.64,1.0933,0.6,1.1373,19
1580053955.967,0.65,1.1022,0.61,1.1323,20
1580053956.14,0.66,1.088,0.62,1.1185,20
1580053956.311,0.65,1.0793,0.63,1.1211,20
1580053956.48,0.64,1.094,0.61,1.1261,20
1580053956.651,0.65,1.0882,0.56,1.1538,20
1580053956.822,0.66,1.0761,0.62,1.1336,20
1580053956.994,0.62,1.1044,0.62,1.1288,20
1580053957.191,0.66,1.0834,0.59,1.1385,20
1580053957.36,0.61,1.1167,0.61,1.1266,20
1580053957.53,0.66,1.0791,0.56,1.1611,20
1580053957.7,0.62,1.1149,0.56,1.1759,20
1580053957.871,0.62,1.1171,0.57,1.1584,20
1580053958.043,0.63,1.1058,0.63,1.1347,20
1580053958.243,0.65,1.0873,0.56,1.1552,20
1580053958.416,0.61,1.1168,0.59,1.1358,20
1580053958.609,0.65,1.0854,0.62,1.1388,21
1580053958.785,0.65,1.0876,0.58,1.1515,21
1580053958.953,0.64,1.0949,0.6,1.1499,21
1580053959.125,0.65,1.0822,0.59,1.1475,21
1580053959.294,0.63,1.1003,0.59,1.1414,21
1580053959.463,0.66,1.0802,0.58,1.1397,21
1580053959.633,0.65,1.0865,0.58,1.1559,21
1580053959.802,0.64,1.0927,0.58,1.1451,21
1580053959.973,0.66,1.0831,0.58,1.1433,21
1580053960.146,0.66,1.0805,0.59,1.1394,21
1580053960.316,0.64,1.0972,0.62,1.1345,21
1580053960.486,0.64,1.0898,0.6,1.1304,21
1580053960.658,0.67,1.0811,0.61,1.1249,21
1580053960.851,0.65,1.0807,0.62,1.1271,21
1580053961.024,0.67,1.0746,0.61,1.1289,21
1580053961.204,0.68,1.0677,0.6,1.1281,22
1580053961.373,0.67,1.0726,0.61,1.1256,22
1580053961.543,0.67,1.0721,0.63,1.1193,22
1580053961.74,0.68,1.0611,0.61,1.1232,22
1580053961.933,0.67,1.0769,0.61,1.1227,22
1580053962.132,0.68,1.0571,0.62,1.1176,22
1580053962.332,0.66,1.0778,0.65,1.1125,22
1580053962.528,0.67,1.0693,0.66,1.1107,22
1580053962.717,0.66,1.0786,0.62,1.1148,22
1580053962.886,0.68,1.0602,0.62,1.1263,22
1580053963.056,0.65,1.0867,0.63,1.1216,22
1580053963.228,0.66,1.0817,0.62,1.1198,22
1580053963.397,0.66,1.0767,0.62,1.1228,22
1580053963.566,0.66,1.0767,0.61,1.1228,22
1580053963.718,0.67,1.0666,0.62,1.1237,22
1580053963.888,0.67,1.0706,0.59,1.1328,23
1580053964.058,0.68,1.0624,0.57,1.1406,23
1580053964.23,0.66,1.0753,0.58,1.1385,23
1580053964.399,0.68,1.0648,0.61,1.1318,23
1580053964.57,0.67,1.0733,0.6,1.1363,23
1580053964.74,0.68,1.06,0.6,1.124,23
1580053964.924,0.67,1.0744,0.61,1.1307,23
1580053965.114,0.67,1.071,0.61,1.132,23
1580053965.287,0.65,1.0832,0.59,1.1236,23
1580053965.456,0.68,1.0586,0.56,1.1595,23
1580053965.625,0.64,1.101,0.62,1.1284,23
1580053965.795,0.66,1.0805,0.64,1.1157,23
1580053965.964,0.66,1.0757,0.61,1.1294,23
1580053966.149,0.66,1.0863,0.65,1.1127,23
1580053966.32,0.68,1.0624,0.61,1.1238,23
1580053966.491,0.68,1.0723,0.62,1.1267,24
1580053966.661,0.67,1.064,0.57,1.1299,24
1580053966.839,0.67,1.0706,0.59,1.1333,24
1580053967.013,0.67,1.0672,0.61,1.1236,24
1580053967.206,0.68,1.0662,0.6,1.1389,24
1580053967.403,0.69,1.0555,0.59,1.1295,24
1580053967.574,0.65,1.0858,0.65,1.1181,24
1580053967.744,0.68,1.0657,0.61,1.1354,24
1580053967.914,0.64,1.0943,0.6,1.1307,24
1580053968.084,0.67,1.0709,0.61,1.1338,24
1580053968.255,0.65,1.0914,0.57,1.1623,24
1580053968.432,0.62,1.1052,0.6,1.131,24
1580053968.627,0.66,1.087,0.61,1.1343,24
1580053968.797,0.67,1.0764,0.55,1.157,24
1580053968.949,0.63,1.101,0.62,1.1236,24
1580053969.122,0.67,1.0724,0.61,1.1331,25
1580053969.318,0.67,1.0688,0.6,1.1508,25
1580053969.49,0.64,1.0965,0.6,1.1486,25
1580053969.662,0.65,1.0853,0.6,1.1373,25
1580053969.832,0.64,1.0933,0.59,1.1427,25
1580053970.003,0.67,1.0747,0.6,1.1408,25
1580053970.173,0.65,1.0813,0.59,1.1501,25
1580053970.345,0.66,1.0811,0.6,1.1385,25
1580053970.515,0.66,1.0805,0.56,1.1444,25
1580053970.706,0.66,1.0734,0.55,1.1397,25
1580053970.876,0.65,1.0857,0.6,1.1343,25
1580053971.047,0.65,1.0829,0.6,1.1295,25
1580053971.217,0.67,1.0761,0.61,1.129,25
1580053971.391,0.66,1.0789,0.61,1.1233,25
1580053971.563,0.66,1.0646,0.62,1.1133,25
1580053971.756,0.69,1.057,0.6,1.122,26
1580053971.955,0.67,1.0686,0.6,1.1247,26
1580053972.147,0.67,1.0686,0.61,1.1159,26
1580053972.327,0.66,1.0707,0.65,1.1103,26
1580053972.524,0.68,1.0634,0.62,1.1201,26
1580053972.715,0.7,1.0455,0.61,1.1254,26
1580053972.884,0.65,1.0809,0.61,1.1173,26
1580053973.055,0.68,1.0662,0.62,1.1138,26
1580053973.225,0.68,1.066,0.62,1.1118,26
1580053973.396,0.67,1.0603,0.65,1.1129,26
1580053973.564,0.67,1.0707,0.61,1.1252,26
1580053973.734,0.65,1.0857,0.62,1.123,26
1580053973.904,0.67,1.0732,0.63,1.1174,26
1580053974.074,0.67,1.0666,0.6,1.1283,26
1580053974.226,0.68,1.0629,0.61,1.132,26
1580053974.398,0.68,1.0714,0.6,1.1253,27
1580053974.567,0.69,1.0528,0.61,1.1273,27
1580053974.736,0.67,1.0672,0.6,1.1317,27
1580053974.931,0.67,1.0677,0.61,1.1251,27
1580053975.126,0.67,1.0625,0.62,1.1164,27
1580053975.295,0.69,1.0474,0.6,1.1235,27
1580053975.468,0.67,1.068,0.6,1.1277,27
1580053975.658,0.68,1.0657,0.61,1.1193,27
1580053975.831,0.68,1.0592,0.64,1.1212,27
1580053976.001,0.7,1.0521,0.62,1.1212,27
1580053976.199,0.66,1.0737,0.64,1.1157,27
1580053976.391,0.68,1.0683,0.63,1.1164,27
1580053976.591,0.66,1.069,0.61,1.113,27
1580053976.767,0.66,1.0711,0.61,1.1121,27
1580053976.922,0.68,1.0515,0.62,1.1282,27
1580053977.096,0.68,1.0623,0.58,1.1247,28
1580053977.27,0.7,1.0479,0.62,1.1192,28
1580053977.463,0.66,1.0714,0.62,1.119,28
1580053977.656,0.7,1.0491,0.61,1.1211,28
1580053977.825,0.69,1.0509,0.59,1.1294,28
1580053977.998,0.71,1.0366,0.62,1.1195,28
1580053978.187,0.68,1.0663,0.62,1.1233,28
1580053978.357,0.68,1.0593,0.62,1.1188,28
1580053978.528,0.67,1.0666,0.62,1.117,28
1580053978.699,0.7,1.0487,0.56,1.1417,28
1580053978.869,0.66,1.079,0.61,1.1294,28
1580053979.044,0.68,1.0695,0.62,1.1145,28
1580053979.219,0.68,1.0633,0.62,1.1124,28
1580053979.395,0.66,1.0719,0.62,1.1095,28
1580053979.547,0.69,1.0528,0.59,1.1285,28
1580053979.719,0.68,1.0608,0.6,1.137,29
1580053979.89,0.7,1.0508,0.6,1.1336,29
1580053980.075,0.66,1.0695,0.6,1.1309,29
1580053980.269,0.69,1.0524,0.61,1.119,29
1580053980.459,0.7,1.0459,0.6,1.1187,29
1580053980.64,0.7,1.0399,0.64,1.1173,29
1580053980.835,0.67,1.0666,0.63,1.116,29
1580053981.027,0.69,1.0539,0.61,1.1183,29
1580053981.201,0.69,1.0544,0.62,1.1161,29
1580053981.371,0.69,1.049,0.6,1.1281,29
1580053981.542,0.67,1.0676,0.58,1.133,29
1580053981.713,0.68,1.0675,0.62,1.1234,29
1580053981.895,0.69,1.0635,0.65,1.1106,29
1580053982.067,0.67,1.068,0.65,1.1064,29
1580053982.222,0.69,1.0476,0.63,1.1152,29
1580053982.419,0.68,1.0629,0.6,1.1382,30
1580053982.615,0.69,1.0512,0.6,1.1368,30
1580053982.786,0.68,1.0597,0.61,1.1323,30
1580053982.959,0.69,1.0575,0.61,1.133,30
1580053983.133,0.67,1.0702,0.61,1.1103,30
1580053983.308,0.71,1.0298,0.63,1.1204,30
1580053983.501,0.66,1.0736,0.64,1.1098,30
1580053983.7,0.7,1.0502,0.63,1.1067,30
1580053983.894,0.69,1.0526,0.62,1.1282,30
1580053984.087,0.68,1.0525,0.61,1.1221,30
1580053984.257,0.67,1.0676,0.64,1.1138,30
1580053984.428,0.67,1.0704,0.63,1.1235,30
1580053984.598,0.67,1.0681,0.61,1.108,30
1580053984.77,0.69,1.0522,0.63,1.1094,30
1580053984.922,0.69,1.0511,0.63,1.1063,30
1580053985.093,0.68,1.0625,0.6,1.128,31
1580053985.264,0.7,1.0419,0.57,1.1655,31
1580053985.435,0.66,1.0771,0.59,1.1365,31
1580053985.606,0.68,1.0606,0.6,1.132,31
1580053985.782,0.68,1.0615,0.58,1.1429,31
1580053985.951,0.69,1.0532,0.65,1.1077,31
1580053986.121,0.67,1.072,0.63,1.1214,31
1580053986.315,0.69,1.0509,0.56,1.1473,31
1580053986.512,0.65,1.0874,0.63,1.1159,31
1580053986.702,0.67,1.0693,0.63,1.1063,31
1580053986.873,0.68,1.0603,0.6,1.1361,31
1580053987.043,0.65,1.0887,0.59,1.1479,31
1580053987.228,0.65,1.0902,0.64,1.1109,31
1580053987.401,0.68,1.0647,0.63,1.1043,31
1580053987.557,0.71,1.0408,0.62,1.1187,31
1580053987.728,0.65,1.083,0.63,1.1108,32
1580053987.899,0.67,1.0679,0.67,1.0877,32
1580053988.072,0.68,1.0536,0.64,1.0994,32
1580053988.268,0.68,1.0642,0.61,1.1189,32
1580053988.462,0.66,1.079,0.62,1.1129,32
1580053988.641,0.71,1.0356,0.61,1.1211,32
1580053988.817,0.66,1.0699,0.61,1.1274,32
1580053988.989,0.66,1.073,0.65,1.1099,32
1580053989.161,0.68,1.0649,0.63,1.106,32
1580053989.332,0.7,1.0448,0.66,1.0998,32
1580053989.504,0.67,1.0677,0.67,1.1041,32
1580053989.683,0.66,1.0776,0.65,1.0959,32
1580053989.858,0.68,1.0587,0.65,1.0962,32
1580053990.029,0.68,1.0555,0.65,1.1017,32
1580053990.182,0.69,1.0406,0.63,1.1136,32
1580053990.354,0.69,1.0527,0.63,1.1092,33
1580053990.524,0.71,1.0414,0.62,1.0986,33
1580053990.695,0.69,1.0539,0.63,1.0973,33
1580053990.871,0.7,1.0485,0.64,1.1097,33
1580053991.043,0.68,1.0587,0.65,1.1043,33
1580053991.212,0.72,1.0244,0.65,1.1031,33
1580053991.383,0.69,1.0533,0.61,1.1148,33
1580053991.554,0.68,1.0544,0.62,1.1103,33
1580053991.73,0.68,1.0648,0.66,1.0918,33
1580053991.93,0.7,1.0381,0.64,1.1092,33
1580053992.122,0.68,1.0545,0.63,1.1228,33
1580053992.293,0.68,1.0665,0.64,1.1184,33
1580053992.462,0.69,1.0607,0.62,1.1085,33
1580053992.633,0.69,1.0534,0.64,1.1009,33
1580053992.786,0.7,1.0352,0.61,1.1168,33
1580053992.963,0.69,1.052,0.61,1.1268,34
1580053993.134,0.7,1.0467,0.63,1.1128,34
1580053993.305,0.69,1.0517,0.6,1.125,34
1580053993.474,0.7,1.0433,0.6,1.1323,34
1580053993.644,0.68,1.0577,0.63,1.1155,34
1580053993.823,0.72,1.0248,0.62,1.1042,34
1580053994.016,0.69,1.0525,0.64,1.1049,34
1580053994.211,0.69,1.0458,0.64,1.1036,34
1580053994.404,0.68,1.0632,0.62,1.1073,34
1580053994.596,0.71,1.0354,0.62,1.1185,34
1580053994.781,0.68,1.0568,0.61,1.1229,34
1580053994.988,0.68,1.0644,0.6,1.1206,34
1580053995.16,0.68,1.0681,0.65,1.1,34
1580053995.331,0.69,1.0536,0.64,1.0985,34
1580053995.483,0.7,1.0334,0.63,1.1099,34
1580053995.654,0.69,1.0542,0.6,1.13,35
1580053995.825,0.71,1.0411,0.59,1.1337,35
1580053996.016,0.68,1.0589,0.62,1.1206,35
1580053996.187,0.69,1.0409,0.6,1.133,35
1580053996.385,0.69,1.0547,0.62,1.1223,35
1580053996.58,0.71,1.0319,0.64,1.1006,35
1580053996.756,0.69,1.0499,0.62,1.1237,35
1580053996.927,0.7,1.0513,0.64,1.1103,35
1580053997.119,0.68,1.0639,0.62,1.1174,35
1580053997.29,0.69,1.0469,0.6,1.1296,35
1580053997.461,0.66,1.0719,0.62,1.1236,35
1580053997.631,0.66,1.0736,0.62,1.1233,35
1580053997.802,0.67,1.0747,0.64,1.1018,35
1580053997.975,0.67,1.0643,0.65,1.0867,35
1580053998.132,0.7,1.0392,0.64,1.1057,35
1580053998.307,0.67,1.069,0.61,1.115,36
1580053998.478,0.7,1.0446,0.59,1.1454,36
1580053998.649,0.67,1.0651,0.59,1.1461,36
1580053998.824,0.67,1.0698,0.61,1.1258,36
1580053999.0,0.67,1.0707,0.62,1.1312,36
1580053999.183,0.69,1.0575,0.6,1.1408,36
1580053999.377,0.66,1.0834,0.62,1.103,36
1580053999.576,0.69,1.0498,0.61,1.1259,36
1580053999.753,0.67,1.0664,0.58,1.1585,36
1580053999.926,0.64,1.0963,0.58,1.1381,36
1580054000.098,0.65,1.0822,0.65,1.0959,36
1580054000.275,0.67,1.0687,0.63,1.1038,36
1580054000.444,0.69,1.054,0.61,1.1274,36
1580054000.615,0.67,1.0719,0.59,1.1305,36
1580054000.786,0.68,1.064,0.59,1.1165,36
1580054000.985,0.69,1.0571,0.63,1.1076,37
1580054001.155,0.7,1.0421,0.63,1.1179,37
1580054001.329,0.66,1.0778,0.59,1.1211,37
1580054001.513,0.65,1.087,0.61,1.1109,37
1580054001.686,0.67,1.0666,0.65,1.0956,37
1580054001.859,0.7,1.0355,0.65,1.0913,37
1580054002.03,0.68,1.0586,0.6,1.1176,37
1580054002.201,0.67,1.0684,0.61,1.1193,37
1580054002.374,0.67,1.07,0.65,1.1026,37
1580054002.545,0.7,1.0423,0.66,1.0932,37
1580054002.715,0.69,1.0554,0.63,1.0969,37
1580054002.885,0.66,1.0732,0.65,1.0981,37
1580054003.057,0.67,1.0693,0.65,1.0957,37
1580054003.23,0.68,1.064,0.63,1.1004,37
1580054003.384,0.71,1.0359,0.65,1.091,37
1580054003.556,0.69,1.0484,0.66,1.0921,38
1580054003.726,0.7,1.0435,0.64,1.0998,38
1580054003.898,0.69,1.0496,0.66,1.1022,38
1580054004.07,0.7,1.0366,0.65,1.1059,38
1580054004.241,0.7,1.0433,0.63,1.1024,38
1580054004.416,0.72,1.0259,0.64,1.1026,38
1580054004.613,0.69,1.0469,0.64,1.0948,38
1580054004.784,0.7,1.0374,0.67,1.0854,38
1580054004.958,0.68,1.0549,0.62,1.0959,38
1580054005.133,0.69,1.0437,0.65,1.0946,38
1580054005.305,0.69,1.048,0.64,1.1017,38
1580054005.478,0.69,1.0578,0.61,1.1172,38
1580054005.669,0.68,1.053,0.66,1.0973,38
1580054005.84,0.7,1.045,0.64,1.0956,38
1580054005.992,0.71,1.0309,0.67,1.087,38
1580054006.168,0.7,1.0471,0.67,1.0866,39
1580054006.36,0.7,1.0386,0.66,1.0944,39
1580054006.553,0.68,1.0585,0.65,1.0976,39
1580054006.724,0.69,1.0488,0.66,1.0986,39
1580054006.895,0.71,1.0322,0.64,1.1037,39
1580054007.066,0.73,1.0203,0.62,1.1092,39
1580054007.24,0.68,1.0562,0.64,1.1002,39
1580054007.414,0.7,1.0421,0.65,1.0891,39
1580054007.588,0.7,1.043,0.61,1.1104,39
1580054007.759,0.69,1.042,0.61,1.1099,39
1580054007.93,0.69,1.0515,0.62,1.0976,39
1580054008.123,0.68,1.0597,0.65,1.0916,39
1580054008.32,0.71,1.0369,0.65,1.1027,39
1580054008.52,0.69,1.049,0.63,1.1105,39
1580054008.694,0.69,1.0459,0.65,1.1054,39
1580054008.899,0.7,1.0417,0.6,1.1372,40
1580054009.086,0.71,1.0346,0.61,1.1293,40
1580054009.262,0.69,1.0538,0.61,1.1297,40
1580054009.433,0.68,1.0639,0.6,1.1269,40
1580054009.605,0.69,1.0482,0.64,1.0977,40
1580054009.791,0.73,1.0166,0.62,1.1072,40
1580054009.986,0.69,1.0513,0.63,1.1216,40
1580054010.181,0.69,1.0533,0.63,1.107,40
1580054010.35,0.69,1.0487,0.66,1.0989,40
1580054010.521,0.72,1.0215,0.64,1.1065,40
1580054010.712,0.68,1.0529,0.63,1.1017,40
1580054010.884,0.68,1.0629,0.64,1.0985,40
1580054011.055,0.69,1.0435,0.65,1.0885,40
1580054011.227,0.7,1.0392,0.67,1.1002,40
1580054011.38,0.7,1.0382,0.64,1.1055,40
1580054011.552,0.68,1.0558,0.65,1.1061,41
1580054011.725,0.72,1.0293,0.63,1.1187,41
1580054011.918,0.69,1.0466,0.62,1.1216,41
1580054012.113,0.69,1.0513,0.62,1.1208,41
1580054012.293,0.69,1.0446,0.64,1.1053,41
1580054012.487,0.73,1.0181,0.65,1.0996,41
1580054012.678,0.7,1.0443,0.63,1.1178,41
1580054012.85,0.7,1.0491,0.64,1.107,41
1580054013.022,0.69,1.046,0.66,1.096,41
1580054013.193,0.72,1.0178,0.64,1.1065,41
1580054013.364,0.69,1.0454,0.64,1.1046,41
1580054013.535,0.68,1.0588,0.64,1.1016,41
1580054013.707,0.69,1.0474,0.64,1.0929,41
1580054013.879,0.7,1.0434,0.65,1.0901,41
1580054014.031,0.71,1.0235,0.64,1.0999,41
1580054014.207,0.68,1.0504,0.65,1.099,42
1580054014.384,0.71,1.0373,0.68,1.0962,42
1580054014.555,0.71,1.0352,0.65,1.1058,42
1580054014.728,0.72,1.0302,0.6,1.1193,42
1580054014.9,0.7,1.0379,0.63,1.113,42
1580054015.075,0.72,1.0268,0.65,1.0976,42
1580054015.255,0.71,1.0354,0.64,1.0926,42
1580054015.454,0.72,1.021,0.64,1.1,42
1580054015.649,0.69,1.0525,0.64,1.1018,42
1580054015.821,0.71,1.0219,0.66,1.1014,42
1580054015.995,0.7,1.038,0.64,1.1069,42
1580054016.165,0.68,1.0559,0.63,1.1023,42
1580054016.337,0.71,1.0366,0.63,1.1071,42
1580054016.508,0.69,1.0504,0.63,1.0913,42
1580054016.661,0.73,1.0202,0.65,1.0836,42
1580054016.833,0.71,1.0374,0.65,1.0925,43
1580054017.006,0.7,1.0455,0.67,1.0898,43
1580054017.179,0.71,1.0345,0.66,1.0859,43
1580054017.35,0.72,1.0263,0.64,1.1026,43
1580054017.521,0.72,1.027,0.64,1.1049,43
1580054017.694,0.72,1.0272,0.65,1.0971,43
1580054017.864,0.7,1.0434,0.65,1.085,43
1580054018.036,0.73,1.0193,0.68,1.0728,43
1580054018.223,0.7,1.035,0.67,1.0746,43
1580054018.396,0.71,1.0242,0.67,1.0814,43
1580054018.566,0.69,1.0412,0.66,1.0879,43
1580054018.743,0.69,1.0532,0.66,1.0925,43
1580054018.941,0.71,1.032,0.64,1.0941,43
1580054019.115,0.7,1.0384,0.64,1.1035,43
1580054019.279,0.73,1.0164,0.63,1.101,43
1580054019.481,0.71,1.0303,0.68,1.0836,44
1580054019.672,0.72,1.0268,0.63,1.0944,44
1580054019.842,0.72,1.0296,0.63,1.1089,44
1580054020.013,0.7,1.0358,0.63,1.1059,44
1580054020.184,0.71,1.0325,0.62,1.1259,44
1580054020.362,0.72,1.0241,0.64,1.1016,44
1580054020.532,0.71,1.0326,0.62,1.1143,44
1580054020.705,0.72,1.0303,0.6,1.111,44
1580054020.898,0.68,1.0518,0.65,1.0868,44
1580054021.091,0.71,1.0255,0.66,1.0785,44
1580054021.274,0.7,1.0346,0.67,1.0857,44
1580054021.445,0.69,1.0529,0.63,1.1025,44
1580054021.615,0.69,1.0548,0.65,1.0881,44
1580054021.791,0.69,1.0496,0.67,1.0782,44
1580054021.967,0.72,1.0172,0.64,1.0955,44
1580054022.164,0.71,1.0333,0.61,1.1251,45
1580054022.361,0.69,1.0485,0.62,1.1122,45
1580054022.561,0.7,1.0426,0.62,1.0964,45
1580054022.732,0.72,1.0292,0.67,1.0857,45
1580054022.904,0.72,1.0237,0.63,1.1011,45
1580054023.075,0.73,1.0215,0.63,1.1041,45
1580054023.248,0.69,1.051,0.66,1.0969,45
1580054023.426,0.72,1.0272,0.59,1.1242,45
1580054023.62,0.71,1.0385,0.63,1.1196,45
1580054023.791,0.71,1.0242,0.61,1.1114,45
1580054023.962,0.68,1.0518,0.63,1.1129,45
1580054024.133,0.68,1.0594,0.63,1.0968,45
1580054024.328,0.71,1.0356,0.65,1.1,45
1580054024.522,0.69,1.0441,0.64,1.1006,45
1580054024.674,0.71,1.0295,0.65,1.095,45
1580054024.85,0.69,1.0467,0.64,1.0969,46
1580054025.042,0.72,1.0268,0.59,1.1373,46
1580054025.213,0.69,1.0428,0.6,1.1409,46
1580054025.384,0.69,1.0514,0.61,1.1094,46
1580054025.559,0.72,1.0252,0.63,1.1055,46
1580054025.731,0.73,1.0184,0.65,1.1015,46
1580054025.903,0.69,1.0512,0.65,1.0904,46
1580054026.074,0.72,1.0261,0.63,1.1107,46
1580054026.245,0.71,1.0358,0.59,1.1335,46
1580054026.417,0.71,1.0269,0.62,1.1043,46
1580054026.594,0.71,1.0355,0.62,1.108,46
1580054026.765,0.69,1.0505,0.62,1.1053,46
1580054026.937,0.7,1.0437,0.66,1.0802,46
1580054027.132,0.69,1.0442,0.63,1.0947,46
1580054027.284,0.7,1.038,0.63,1.1028,46
1580054027.455,0.7,1.047,0.65,1.1051,47
1580054027.634,0.73,1.021,0.62,1.1175,47
1580054027.816,0.69,1.0478,0.61,1.1238,47
1580054027.987,0.71,1.0337,0.62,1.1152,47
1580054028.158,0.72,1.0201,0.65,1.0916,47
1580054028.329,0.73,1.0097,0.68,1.0884,47
1580054028.499,0.7,1.0402,0.62,1.111,47
1580054028.671,0.69,1.0461,0.66,1.0848,47
1580054028.849,0.71,1.0366,0.64,1.1,47
1580054029.02,0.74,1.0022,0.58,1.1313,47
1580054029.193,0.69,1.0481,0.61,1.1174,47
1580054029.378,0.69,1.0536,0.62,1.1134,47
1580054029.552,0.69,1.0441,0.65,1.0919,47
1580054029.723,0.71,1.0309,0.66,1.0939,47
1580054029.877,0.72,1.0201,0.64,1.1047,47
1580054030.049,0.68,1.0581,0.64,1.0955,48
1580054030.221,0.7,1.0388,0.66,1.0904,48
1580054030.393,0.72,1.0261,0.64,1.1023,48
1580054030.568,0.72,1.0219,0.62,1.1137,48
1580054030.738,0.71,1.0332,0.62,1.1108,48
1580054030.925,0.72,1.0295,0.65,1.0953,48
1580054031.104,0.71,1.0268,0.68,1.0806,48
1580054031.275,0.73,1.0099,0.66,1.0752,48
1580054031.456,0.7,1.0397,0.67,1.077,48
1580054031.627,0.72,1.0196,0.66,1.081,48
1580054031.824,0.71,1.0256,0.66,1.084,48
1580054032.022,0.7,1.0374,0.64,1.0943,48
1580054032.216,0.72,1.0236,0.63,1.1022,48
1580054032.386,0.7,1.0422,0.66,1.09,48
1580054032.539,0.73,1.0159,0.64,1.1014,48
1580054032.719,0.71,1.028,0.62,1.0967,49
1580054032.914,0.72,1.0309,0.67,1.0748,49
1580054033.086,0.72,1.0231,0.64,1.0866,49
1580054033.259,0.7,1.0356,0.63,1.1126,49
1580054033.43,0.72,1.0274,0.65,1.0919,49
1580054033.603,0.74,1.0018,0.63,1.1039,49
1580054033.774,0.72,1.0305,0.63,1.1037,49
1580054033.945,0.72,1.0209,0.66,1.0928,49
1580054034.141,0.71,1.0267,0.67,1.0792,49
1580054034.335,0.74,0.9964,0.65,1.0801,49
1580054034.529,0.72,1.0208,0.66,1.0799,49
1580054034.721,0.69,1.0495,0.64,1.0744,49
1580054034.892,0.72,1.0247,0.67,1.0751,49
1580054035.068,0.72,1.0234,0.67,1.0816,49
1580054035.221,0.73,1.0106,0.65,1.0908,49
1580054035.393,0.71,1.0318,0.6,1.1258,50
1580054035.586,0.73,1.0175,0.6,1.125,50
1580054035.767,0.7,1.0372,0.66,1.0719,50
1580054035.938,0.73,1.0154,0.6,1.1233,50
1580054036.11,0.69,1.038,0.61,1.1037,50
1580054036.283,0.73,1.0095,0.68,1.0766,50
1580054036.453,0.72,1.0196,0.64,1.1066,50
1580054036.625,0.72,1.0237,0.64,1.1024,50
1580054036.827,0.71,1.0243,0.65,1.0955,50
1580054037.023,0.74,0.9964,0.67,1.0829,50
1580054037.201,0.72,1.0176,0.67,1.0722,50
1580054037.372,0.7,1.0321,0.65,1.0746,50
1580054037.543,0.72,1.0242,0.68,1.0737,50
1580054037.719,0.72,1.0223,0.65,1.0865,50
1580054037.876,0.74,1.0069,0.64,1.1035,50
1580054038.049,0.71,1.0291,0.6,1.125,51
1580054038.221,0.73,1.0159,0.58,1.1467,51
1580054038.393,0.71,1.0385,0.63,1.1125,51
1580054038.563,0.72,1.0229,0.64,1.0925,51
1580054038.737,0.73,1.0115,0.6,1.1311,51
1580054038.91,0.73,1.0169,0.66,1.0814,51
1580054039.084,0.72,1.0224,0.65,1.0916,51
1580054039.259,0.74,1.0053,0.58,1.1275,51
1580054039.456,0.72,1.0276,0.62,1.1155,51
1580054039.648,0.74,1.0044,0.66,1.0907,51
1580054039.819,0.72,1.0238,0.65,1.088,51
1580054039.995,0.7,1.04,0.67,1.076,51
1580054040.193,0.73,1.0117,0.65,1.0811,51
1580054040.385,0.71,1.0297,0.64,1.0846,51
1580054040.56,0.73,1.0096,0.65,1.0932,51
1580054040.745,0.73,1.0165,0.63,1.1086,52
1580054040.919,0.74,1.0058,0.61,1.1203,52
1580054041.09,0.72,1.0248,0.6,1.1325,52
1580054041.264,0.72,1.0268,0.63,1.1091,52
1580054041.439,0.74,1.0108,0.63,1.1036,52
1580054041.634,0.76,0.9905,0.6,1.1401,52
1580054041.809,0.69,1.0486,0.64,1.0935,52
1580054042.004,0.71,1.0261,0.63,1.0849,52
1580054042.176,0.72,1.0236,0.63,1.1166,52
1580054042.372,0.72,1.023,0.6,1.1299,52
1580054042.572,0.7,1.0389,0.63,1.1054,52
1580054042.753,0.7,1.0425,0.62,1.1216,52
1580054042.937,0.69,1.0477,0.66,1.0949,52
1580054043.112,0.7,1.0391,0.65,1.085,52
1580054043.268,0.73,1.0075,0.62,1.0928,52
1580054043.44,0.69,1.0489,0.6,1.1065,53
1580054043.616,0.71,1.0287,0.6,1.1162,53
1580054043.788,0.73,1.0162,0.63,1.1078,53
1580054043.965,0.73,1.0169,0.63,1.1145,53
1580054044.136,0.72,1.0225,0.62,1.1173,53
1580054044.309,0.73,1.0159,0.64,1.1043,53
1580054044.48,0.72,1.0217,0.66,1.0864,53
1580054044.664,0.74,1.0051,0.66,1.0825,53
1580054044.835,0.72,1.0279,0.65,1.0889,53
1580054045.007,0.72,1.0112,0.64,1.087,53
1580054045.179,0.73,1.0129,0.65,1.0946,53
1580054045.351,0.72,1.025,0.63,1.1068,53
1580054045.523,0.73,1.015,0.62,1.1156,53
1580054045.701,0.71,1.0292,0.62,1.1061,53
1580054045.855,0.73,1.0073,0.66,1.0901,53
1580054046.028,0.72,1.0177,0.63,1.0998,54
1580054046.201,0.72,1.0222,0.63,1.1062,54
1580054046.372,0.72,1.0249,0.66,1.0851,54
1580054046.544,0.72,1.0202,0.64,1.0984,54
1580054046.716,0.74,1.0051,0.63,1.1183,54
1580054046.888,0.73,1.006,0.63,1.1099,54
1580054047.06,0.72,1.0225,0.66,1.0985,54
1580054047.234,0.73,1.0084,0.62,1.1054,54
1580054047.428,0.72,1.0135,0.6,1.1232,54
1580054047.601,0.74,1.0019,0.62,1.105,54
1580054047.773,0.72,1.0164,0.65,1.086,54
1580054047.969,0.71,1.0273,0.65,1.0826,54
1580054048.178,0.73,1.0121,0.66,1.086,54
1580054048.374,0.73,1.0099,0.66,1.0896,54
1580054048.547,0.75,0.994,0.66,1.0964,54
1580054048.736,0.72,1.0175,0.6,1.1212,55
1580054048.909,0.74,1.0057,0.6,1.1203,55
1580054049.083,0.73,1.0186,0.63,1.0997,55
1580054049.256,0.72,1.0209,0.67,1.0751,55
1580054049.428,0.73,1.0076,0.63,1.102,55
1580054049.6,0.75,0.9955,0.61,1.1251,55
1580054049.771,0.72,1.0246,0.63,1.1012,55
1580054049.968,0.73,1.0091,0.62,1.1192,55
1580054050.141,0.72,1.0174,0.59,1.1342,55
1580054050.313,0.72,1.0181,0.61,1.1085,55
1580054050.483,0.73,1.0143,0.66,1.0766,55
1580054050.655,0.72,1.0219,0.62,1.1091,55
1580054050.827,0.71,1.0336,0.62,1.1068,55
1580054051.003,0.7,1.0344,0.65,1.0944,55
1580054051.156,0.74,0.9966,0.61,1.1401,55
1580054051.329,0.71,1.0319,0.57,1.1593,56
1580054051.501,0.72,1.0188,0.56,1.1546,56
1580054051.677,0.72,1.0231,0.6,1.1222,56
1580054051.847,0.73,1.0131,0.65,1.0934,56
1580054052.019,0.74,1.0052,0.64,1.0962,56
1580054052.19,0.76,0.9938,0.63,1.1091,56
1580054052.386,0.71,1.0244,0.62,1.1163,56
1580054052.58,0.73,1.0128,0.64,1.1049,56
1580054052.76,0.72,1.0111,0.59,1.1395,56
1580054052.932,0.73,1.0114,0.59,1.1295,56
1580054053.113,0.71,1.0348,0.65,1.0969,56
1580054053.284,0.71,1.0335,0.66,1.0906,56
1580054053.456,0.73,1.0062,0.62,1.1271,56
1580054053.628,0.69,1.0475,0.62,1.1148,56
1580054053.782,0.71,1.0352,0.65,1.0805,56
1580054053.955,0.71,1.0249,0.62,1.1128,57
1580054054.135,0.73,1.015,0.57,1.1531,57
1580054054.32,0.69,1.0461,0.59,1.1508,57
1580054054.491,0.69,1.0521,0.61,1.1255,57
1580054054.663,0.73,1.0158,0.59,1.142,57
1580054054.84,0.72,1.02,0.56,1.1517,57
1580054055.032,0.7,1.0457,0.65,1.0992,57
1580054055.208,0.71,1.0281,0.66,1.0883,57
1580054055.402,0.71,1.0267,0.6,1.1312,57
1580054055.596,0.72,1.0174,0.61,1.1408,57
1580054055.77,0.72,1.0254,0.6,1.14,57
1580054055.954,0.69,1.0533,0.61,1.1195,57
1580054056.126,0.71,1.0286,0.63,1.1102,57
1580054056.322,0.7,1.0314,0.65,1.107,57
1580054056.476,0.72,1.0249,0.64,1.0986,57
1580054056.648,0.7,1.0385,0.64,1.0931,58
1580054056.82,0.72,1.0188,0.61,1.1159,58
1580054056.996,0.7,1.0326,0.61,1.1267,58
1580054057.187,0.68,1.0581,0.61,1.127,58
1580054057.361,0.7,1.0312,0.61,1.1246,58
1580054057.532,0.72,1.0169,0.6,1.1372,58
1580054057.704,0.71,1.0289,0.59,1.1565,58
1580054057.875,0.67,1.0659,0.59,1.1323,58
1580054058.046,0.68,1.0568,0.66,1.0808,58
1580054058.223,0.72,1.013,0.65,1.0903,58
1580054058.403,0.71,1.0303,0.62,1.1181,58
1580054058.574,0.67,1.0704,0.63,1.125,58
1580054058.748,0.67,1.0617,0.61,1.1255,58
1580054058.942,0.67,1.0715,0.65,1.0958,58
1580054059.115,0.73,1.0187,0.63,1.103,58
1580054059.312,0.7,1.038,0.63,1.1081,59
1580054059.508,0.7,1.0432,0.63,1.108,59
1580054059.701,0.69,1.05,0.63,1.113,59
1580054059.876,0.71,1.0276,0.61,1.1238,59
1580054060.071,0.72,1.0228,0.61,1.1306,59
1580054060.255,0.72,1.0245,0.6,1.1364,59
1580054060.452,0.69,1.0421,0.62,1.1103,59
1580054060.646,0.72,1.0199,0.65,1.087,59
1580054060.818,0.72,1.0233,0.67,1.0888,59
1580054060.99,0.74,1.0048,0.65,1.1042,59
1580054061.162,0.69,1.0495,0.63,1.1028,59
1580054061.334,0.7,1.0379,0.63,1.1042,59
1580054061.522,0.74,1.0089,0.62,1.1112,59
1580054061.717,0.71,1.0322,0.61,1.1243,59
1580054061.89,0.73,1.0113,0.63,1.1117,59
1580054062.081,0.71,1.0231,0.64,1.0961,60
1580054062.256,0.74,1.0003,0.65,1.0973,60
1580054062.452,0.72,1.0178,0.65,1.0965,60
1580054062.63,0.73,1.0148,0.64,1.0962,60
1580054062.801,0.73,1.0151,0.63,1.1015,60
1580054062.973,0.74,1.0013,0.64,1.1019,60
1580054063.145,0.73,1.0147,0.62,1.1126,60
1580054063.321,0.73,1.01,0.63,1.1036,60
1580054063.493,0.72,1.0196,0.63,1.1052,60
1580054063.668,0.76,0.9807,0.63,1.107,60
1580054063.841,0.72,1.0206,0.64,1.1049,60
1580054064.012,0.69,1.0495,0.63,1.1018,60
1580054064.183,0.74,1.0058,0.64,1.0907,60
1580054064.359,0.73,1.0147,0.66,1.0953,60
1580054064.513,0.74,0.9966,0.64,1.0984,60
1580054064.687,0.71,1.0282,0.64,1.0884,61
1580054064.858,0.74,1.0012,0.65,1.0917,61
1580054065.033,0.74,1.0004,0.63,1.1112,61
1580054065.215,0.72,1.0181,0.63,1.1115,61
1580054065.392,0.73,1.0132,0.64,1.0957,61
1580054065.588,0.74,1.0045,0.64,1.0858,61
1580054065.785,0.74,1.0076,0.63,1.1131,61
1580054065.979,0.73,1.0116,0.63,1.1064,61
1580054066.174,0.73,1.0145,0.64,1.0888,61
1580054066.346,0.76,0.9781,0.62,1.1106,61
1580054066.518,0.73,1.0087,0.62,1.1139,61
1580054066.69,0.69,1.05,0.62,1.1066,61
1580054066.885,0.72,1.0252,0.62,1.1007,61
1580054067.08,0.71,1.0273,0.65,1.0903,61
1580054067.246,0.76,0.9851,0.62,1.1217,61
1580054067.424,0.69,1.0476,0.61,1.1285,62
1580054067.6,0.69,1.0473,0.64,1.0998,62
1580054067.771,0.72,1.0231,0.62,1.1044,62
1580054067.943,0.75,0.9989,0.59,1.1244,62
1580054068.139,0.73,1.0152,0.62,1.1219,62
1580054068.34,0.71,1.0337,0.6,1.1233,62
1580054068.55,0.7,1.0423,0.62,1.1114,62
1580054068.748,0.74,1.0104,0.64,1.0973,62
1580054068.94,0.74,1.0049,0.61,1.1125,62
1580054069.112,0.74,1.0027,0.63,1.1111,62
1580054069.284,0.7,1.0399,0.63,1.1001,62
1580054069.461,0.69,1.0467,0.64,1.0931,62
1580054069.633,0.74,1.0126,0.64,1.0981,62
1580054069.805,0.72,1.0197,0.61,1.1194,62
1580054069.958,0.72,1.0216,0.6,1.1316,62
1580054070.132,0.7,1.0422,0.61,1.1214,63
1580054070.304,0.72,1.0171,0.59,1.1198,63
1580054070.48,0.74,1.0037,0.64,1.0982,63
1580054070.659,0.74,1.0042,0.63,1.1128,63
1580054070.83,0.72,1.0222,0.62,1.1191,63
1580054071.004,0.73,1.0069,0.65,1.103,63
1580054071.175,0.73,1.0134,0.63,1.0936,63
1580054071.348,0.75,0.9941,0.64,1.0879,63
1580054071.525,0.73,1.013,0.67,1.0812,63
1580054071.696,0.74,0.9931,0.64,1.0981,63
1580054071.875,0.74,1.0005,0.6,1.117,63
1580054072.046,0.71,1.0243,0.61,1.1246,63
1580054072.219,0.73,1.014,0.6,1.1189,63
1580054072.389,0.72,1.0225,0.62,1.1051,63
1580054072.545,0.76,0.9887,0.63,1.092,63
1580054072.718,0.74,1.0068,0.64,1.0927,64
1580054072.889,0.74,1.0084,0.64,1.0912,64
1580054073.06,0.73,1.0146,0.64,1.0873,64
1580054073.24,0.74,0.9998,0.62,1.1049,64
1580054073.413,0.74,1.0037,0.62,1.1158,64
1580054073.584,0.72,1.0134,0.63,1.1106,64
1580054073.756,0.72,1.024,0.64,1.0981,64
1580054073.927,0.75,0.994,0.63,1.1022,64
1580054074.099,0.74,1.0022,0.63,1.1119,64
1580054074.273,0.74,1.005,0.66,1.0843,64
1580054074.445,0.72,1.022,0.64,1.0821,64
1580054074.615,0.73,1.0112,0.63,1.0994,64
1580054074.786,0.74,1.0027,0.6,1.1258,64
1580054074.958,0.69,1.0454,0.61,1.1304,64
1580054075.11,0.73,1.0139,0.62,1.1154,64
1580054075.3,0.73,1.0105,0.64,1.1093,65
1580054075.503,0.74,1.0104,0.62,1.1172,65
1580054075.694,0.7,1.0387,0.62,1.1,65
1580054075.865,0.72,1.0262,0.65,1.0817,65
1580054076.037,0.73,1.0066,0.66,1.0928,65
1580054076.209,0.74,0.9962,0.63,1.1161,65
1580054076.382,0.72,1.024,0.62,1.1334,65
1580054076.552,0.73,1.0166,0.6,1.1308,65
1580054076.724,0.72,1.0189,0.63,1.1179,65
1580054076.895,0.76,0.9882,0.64,1.0972,65
1580054077.068,0.73,1.014,0.68,1.0658,65
1580054077.24,0.71,1.0315,0.68,1.069,65
1580054077.414,0.72,1.0193,0.65,1.0831,65
1580054077.584,0.72,1.0199,0.6,1.1246,65
1580054077.737,0.76,0.986,0.59,1.151,65
1580054077.908,0.71,1.0299,0.57,1.1558,66
1580054078.088,0.72,1.0205,0.58,1.1381,66
1580054078.271,0.71,1.0269,0.64,1.1115,66
1580054078.444,0.75,0.9997,0.65,1.0877,66
1580054078.621,0.75,0.9944,0.66,1.0742,66
1580054078.806,0.77,0.9833,0.67,1.0726,66
1580054079.001,0.72,1.02,0.67,1.072,66
1580054079.19,0.75,0.9972,0.64,1.0878,66
1580054079.363,0.74,1.0019,0.62,1.1167,66
1580054079.56,0.77,0.9783,0.61,1.1263,66
1580054079.742,0.73,1.0096,0.61,1.1133,66
1580054079.921,0.73,1.0153,0.65,1.0934,66
1580054080.096,0.75,0.9938,0.68,1.0773,66
1580054080.268,0.74,1.0112,0.65,1.0776,66
1580054080.421,0.73,1.0094,0.63,1.0852,66
1580054080.618,0.72,1.0178,0.62,1.1027,67
1580054080.79,0.76,0.9909,0.59,1.1401,67
1580054080.961,0.72,1.0213,0.59,1.1424,67
1580054081.133,0.71,1.0237,0.63,1.107,67
1580054081.308,0.74,0.9963,0.63,1.094,67
1580054081.504,0.75,0.9937,0.65,1.084,67
1580054081.687,0.71,1.0255,0.66,1.0772,67
1580054081.888,0.74,0.9988,0.66,1.0841,67
1580054082.088,0.75,1.0022,0.65,1.1037,67
1580054082.285,0.75,0.9848,0.6,1.1229,67
1580054082.486,0.73,1.0083,0.6,1.1329,67
1580054082.675,0.73,1.0177,0.63,1.1096,67
1580054082.847,0.75,0.9924,0.64,1.0897,67
1580054083.02,0.73,1.0172,0.65,1.0977,67
1580054083.173,0.72,1.023,0.68,1.0816,67
1580054083.347,0.69,1.0449,0.64,1.0799,68
1580054083.518,0.74,1.0044,0.61,1.1127,68
1580054083.69,0.74,0.9996,0.62,1.1186,68
1580054083.86,0.7,1.0359,0.61,1.1238,68
1580054084.032,0.71,1.028,0.63,1.1032,68
1580054084.204,0.74,1.0036,0.64,1.0888,68
1580054084.376,0.74,1.0053,0.67,1.0799,68
1580054084.547,0.73,1.0125,0.7,1.0646,68
1580054084.718,0.72,1.0264,0.67,1.0692,68
1580054084.893,0.74,0.9927,0.63,1.0918,68
1580054085.088,0.74,1.0013,0.62,1.1086,68
1580054085.269,0.7,1.0335,0.61,1.1124,68
1580054085.44,0.72,1.019,0.63,1.1064,68
1580054085.612,0.72,1.0222,0.66,1.0944,68
1580054085.768,0.76,0.9807,0.67,1.0864,68
1580054085.941,0.73,1.0149,0.64,1.0922,69
1580054086.113,0.73,1.0074,0.62,1.1053,69
1580054086.308,0.73,1.0083,0.58,1.1325,69
1580054086.502,0.75,0.9984,0.57,1.1405,69
1580054086.694,0.74,1.0009,0.62,1.1282,69
1580054086.865,0.74,1.0077,0.6,1.1221,69
1580054087.042,0.73,1.0074,0.63,1.1055,69
1580054087.237,0.74,1.0002,0.68,1.0781,69
1580054087.409,0.73,1.0121,0.67,1.0812,69
1580054087.58,0.76,0.9821,0.62,1.1014,69
1580054087.751,0.74,1.0045,0.62,1.1153,69
1580054087.926,0.72,1.0252,0.62,1.1078,69
1580054088.105,0.75,0.997,0.65,1.0905,69
1580054088.274,0.72,1.0203,0.66,1.084,69
1580054088.428,0.74,0.9968,0.66,1.0793,69
1580054088.599,0.72,1.0193,0.65,1.0908,70
1580054088.772,0.76,0.9895,0.62,1.1111,70
1580054088.945,0.73,1.0093,0.62,1.1174,70
1580054089.118,0.72,1.0197,0.6,1.121,70
1580054089.314,0.75,0.9925,0.64,1.1054,70
1580054089.509,0.76,0.9837,0.63,1.1125,70
1580054089.701,0.74,1.0059,0.62,1.12,70
1580054089.876,0.73,1.0041,0.66,1.0934,70
1580054090.049,0.74,0.9993,0.64,1.1042,70
1580054090.221,0.78,0.9638,0.6,1.12,70
1580054090.394,0.76,0.9909,0.59,1.1259,70
1580054090.566,0.73,1.0081,0.59,1.1181,70
1580054090.738,0.76,0.987,0.65,1.0903,70
1580054090.917,0.75,0.9975,0.66,1.081,70
1580054091.072,0.77,0.9772,0.66,1.0813,70
1580054091.25,0.73,1.0115,0.66,1.0842,71
1580054091.447,0.76,0.9885,0.65,1.099,71
1580054091.639,0.75,0.9902,0.61,1.1242,71
1580054091.838,0.74,1.0095,0.61,1.1221,71
1580054092.032,0.73,1.0084,0.64,1.0901,71
1580054092.225,0.76,0.988,0.65,1.0774,71
1580054092.397,0.74,0.9976,0.61,1.1299,71
1580054092.569,0.72,1.0249,0.64,1.0906,71
1580054092.753,0.75,0.9975,0.65,1.0985,71
1580054092.956,0.78,0.9651,0.59,1.1224,71
1580054093.154,0.75,0.9954,0.62,1.1133,71
1580054093.326,0.72,1.0168,0.61,1.0998,71
1580054093.5,0.76,0.9849,0.65,1.081,71
1580054093.672,0.75,0.9944,0.67,1.0756,71
1580054093.825,0.75,0.9854,0.67,1.0836,71
1580054094.001,0.72,1.02,0.65,1.0887,72
1580054094.197,0.76,0.9916,0.63,1.1066,72
1580054094.393,0.76,0.9881,0.59,1.1315,72
1580054094.587,0.74,0.998,0.58,1.1343,72
1580054094.761,0.74,1.0034,0.6,1.1174,72
1580054094.933,0.74,0.9963,0.68,1.0686,72
1580054095.106,0.75,0.9971,0.66,1.0765,72
1580054095.28,0.75,0.9894,0.65,1.1004,72
1580054095.456,0.71,1.0277,0.63,1.1019,72
1580054095.651,0.75,0.9924,0.65,1.0854,72
1580054095.846,0.76,0.9872,0.63,1.0959,72
1580054096.046,0.75,1.0014,0.63,1.1118,72
1580054096.219,0.73,1.0096,0.61,1.1134,72
1580054096.391,0.7,1.0386,0.62,1.1042,72
1580054096.544,0.74,1.0043,0.65,1.0775,72
1580054096.718,0.74,1.0046,0.66,1.0875,73
1580054096.891,0.74,0.9969,0.62,1.1212,73
1580054097.066,0.71,1.0229,0.62,1.1219,73
1580054097.239,0.72,1.017,0.62,1.1166,73
1580054097.411,0.75,0.9955,0.62,1.1159,73
1580054097.586,0.76,0.9866,0.62,1.1151,73
1580054097.757,0.72,1.015,0.63,1.1059,73
1580054097.929,0.73,1.0103,0.67,1.0801,73
1580054098.107,0.73,1.0063,0.66,1.0831,73
1580054098.304,0.78,0.9636,0.65,1.0944,73
1580054098.498,0.75,0.9977,0.63,1.108,73
1580054098.669,0.72,1.0143,0.64,1.1047,73
1580054098.841,0.75,0.9957,0.62,1.0953,73
1580054099.026,0.73,1.0073,0.65,1.0894,73
1580054099.181,0.76,0.9879,0.65,1.0762,73
1580054099.356,0.72,1.0202,0.65,1.0877,74
1580054099.532,0.75,0.9938,0.63,1.1104,74
1580054099.721,0.76,0.9907,0.63,1.1153,74
1580054099.894,0.75,0.9941,0.62,1.1153,74
1580054100.087,0.74,0.9972,0.63,1.1091,74
1580054100.28,0.76,0.9867,0.65,1.0936,74
1580054100.45,0.75,0.9895,0.62,1.1057,74
1580054100.63,0.76,0.9867,0.62,1.1063,74
1580054100.801,0.73,1.016,0.65,1.0938,74
1580054100.972,0.75,0.9818,0.64,1.0773,74
1580054101.147,0.76,0.9831,0.62,1.0984,74
1580054101.343,0.76,0.9915,0.61,1.1122,74
1580054101.537,0.75,0.9939,0.62,1.1096,74
1580054101.717,0.73,1.0128,0.65,1.0859,74
1580054101.882,0.78,0.9676,0.67,1.0802,74
1580054102.058,0.74,1.0047,0.67,1.0795,75
1580054102.234,0.73,1.0124,0.68,1.0841,75
1580054102.405,0.73,1.0076,0.65,1.0981,75
1580054102.577,0.75,0.9886,0.63,1.1149,75
1580054102.752,0.76,0.9849,0.61,1.1285,75
1580054102.926,0.74,1.0005,0.62,1.1165,75
1580054103.099,0.73,1.0058,0.66,1.093,75
1580054103.272,0.77,0.9749,0.65,1.0989,75
1580054103.443,0.74,1.006,0.65,1.0859,75
1580054103.614,0.76,0.9844,0.67,1.0688,75
1580054103.788,0.75,0.9932,0.65,1.0829,75
1580054103.982,0.75,0.9925,0.6,1.1298,75
1580054104.163,0.74,0.9956,0.6,1.132,75
1580054104.334,0.7,1.0377,0.61,1.1085,75
1580054104.487,0.77,0.9743,0.65,1.0948,75
1580054104.66,0.75,0.994,0.67,1.0838,76
1580054104.832,0.74,1.0047,0.67,1.0854,76
1580054105.008,0.72,1.0197,0.64,1.0848,76
1580054105.185,0.74,0.999,0.61,1.101,76
1580054105.356,0.76,0.9811,0.6,1.1272,76
1580054105.527,0.75,0.9936,0.6,1.1309,76
1580054105.698,0.72,1.0182,0.6,1.1165,76
1580054105.872,0.74,0.998,0.65,1.0997,76
1580054106.063,0.75,0.994,0.63,1.1037,76
1580054106.247,0.76,0.9779,0.67,1.0826,76
1580054106.443,0.73,1.015,0.66,1.0666,76
1580054106.641,0.73,1.0137,0.67,1.0782,76
1580054106.835,0.74,1.0042,0.64,1.1056,76
1580054107.031,0.72,1.0253,0.59,1.1334,76
1580054107.205,0.75,0.9946,0.58,1.152,76
1580054107.377,0.72,1.0219,0.6,1.1407,77
1580054107.549,0.73,1.0084,0.58,1.1435,77
1580054107.722,0.72,1.0165,0.61,1.1158,77
1580054107.893,0.74,1.0023,0.65,1.0938,77
1580054108.093,0.76,0.9888,0.63,1.0937,77
1580054108.27,0.75,0.991,0.58,1.1174,77
1580054108.441,0.72,1.0167,0.61,1.1313,77
1580054108.612,0.74,0.9986,0.6,1.1394,77
1580054108.784,0.73,1.0109,0.6,1.1327,77
1580054108.955,0.76,0.9769,0.61,1.1287,77
1580054109.158,0.73,1.0104,0.62,1.1142,77
1580054109.337,0.71,1.0272,0.61,1.0993,77
1580054109.513,0.74,0.9971,0.65,1.0896,77
1580054109.688,0.75,0.9982,0.64,1.0938,77
1580054109.843,0.77,0.9759,0.63,1.1097,77
1580054110.017,0.73,1.0101,0.59,1.1234,78
1580054110.209,0.76,0.9874,0.6,1.1191,78
1580054110.382,0.76,0.9853,0.61,1.1158,78
1580054110.555,0.76,0.9874,0.62,1.1109,78
1580054110.729,0.76,0.9858,0.64,1.1014,78
1580054110.901,0.76,0.9832,0.64,1.0944,78
1580054111.074,0.75,0.9956,0.65,1.095,78
1580054111.262,0.77,0.9787,0.66,1.0939,78
1580054111.439,0.74,0.9997,0.63,1.1017,78
1580054111.613,0.78,0.9659,0.62,1.1168,78
1580054111.786,0.77,0.9756,0.6,1.1294,78
1580054111.958,0.74,1.0004,0.59,1.1324,78
1580054112.13,0.77,0.9789,0.6,1.1271,78
1580054112.322,0.74,0.9988,0.63,1.1133,78
1580054112.477,0.79,0.9624,0.63,1.1044,78
1580054112.651,0.75,0.9937,0.64,1.1022,79
1580054112.825,0.76,0.9842,0.62,1.1114,79
1580054112.999,0.76,0.983,0.61,1.1193,79
1580054113.171,0.76,0.9851,0.61,1.1229,79
1580054113.353,0.77,0.9747,0.61,1.1258,79
1580054113.526,0.76,0.9885,0.63,1.1095,79
1580054113.699,0.76,0.9868,0.66,1.0878,79
1580054113.871,0.77,0.9752,0.67,1.0778,79
1580054114.044,0.76,0.9823,0.64,1.0851,79
1580054114.217,0.79,0.9564,0.63,1.1035,79
1580054114.4,0.77,0.9778,0.61,1.1163,79
1580054114.572,0.76,0.9854,0.62,1.1196,79
1580054114.745,0.77,0.9714,0.63,1.1163,79
1580054114.923,0.75,0.9899,0.62,1.1165,79
1580054115.079,0.79,0.9561,0.61,1.1204,79
1580054115.253,0.76,0.9854,0.61,1.1225,80
1580054115.429,0.78,0.9701,0.61,1.1244,80
1580054115.602,0.77,0.982,0.61,1.13,80
1580054115.774,0.77,0.9785,0.6,1.1351,80
1580054115.967,0.77,0.9716,0.61,1.1296,80
1580054116.152,0.78,0.9676,0.62,1.1191,80
1580054116.35,0.77,0.9784,0.63,1.1086,80
1580054116.548,0.77,0.9735,0.65,1.0983,80
1580054116.736,0.76,0.9839,0.66,1.0912,80
1580054116.909,0.79,0.9509,0.64,1.0946,80
1580054117.093,0.77,0.9689,0.61,1.1035,80
1580054117.272,0.77,0.981,0.63,1.1059,80
1580054117.449,0.77,0.9759,0.62,1.1063,80
1580054117.645,0.75,0.9929,0.64,1.1025,80
1580054117.8,0.79,0.9541,0.63,1.1097,80
1580054117.978,0.76,0.9853,0.62,1.1147,81
1580054118.152,0.77,0.9733,0.63,1.1135,81
1580054118.328,0.76,0.979,0.63,1.1095,81
1580054118.524,0.78,0.9705,0.62,1.118,81
1580054118.699,0.77,0.9715,0.61,1.1254,81
1580054118.873,0.77,0.9774,0.63,1.113,81
1580054119.071,0.76,0.9788,0.64,1.103,81
1580054119.269,0.78,0.9681,0.64,1.1047,81
1580054119.443,0.75,0.9921,0.65,1.0938,81
1580054119.618,0.79,0.9594,0.64,1.1051,81
1580054119.791,0.78,0.968,0.62,1.1186,81
1580054119.98,0.78,0.9735,0.57,1.1424,81
1580054120.153,0.77,0.977,0.57,1.1387,81
1580054120.326,0.73,1.0109,0.61,1.1244,81
1580054120.484,0.78,0.9607,0.6,1.1194,81
1580054120.659,0.76,0.9873,0.62,1.1215,82
1580054120.831,0.76,0.9844,0.6,1.1366,82
1580054121.004,0.73,1.0102,0.58,1.1339,82
1580054121.176,0.76,0.9829,0.63,1.1165,82
1580054121.351,0.78,0.9648,0.6,1.1199,82
1580054121.537,0.76,0.9833,0.65,1.096,82
1580054121.712,0.75,0.9922,0.65,1.0922,82
1580054121.883,0.78,0.9689,0.63,1.1115,82
1580054122.056,0.76,0.9868,0.6,1.1254,82
1580054122.228,0.78,0.9711,0.65,1.0926,82
1580054122.4,0.75,0.9897,0.62,1.102,82
1580054122.574,0.75,0.9907,0.6,1.1323,82
1580054122.76,0.78,0.9723,0.6,1.1433,82
1580054122.932,0.72,1.0245,0.6,1.1425,82
1580054123.086,0.75,0.9893,0.61,1.1113,82
1580054123.259,0.75,0.9919,0.63,1.112,83
1580054123.433,0.77,0.9775,0.61,1.1257,83
1580054123.606,0.74,1.001,0.6,1.1292,83
1580054123.78,0.76,0.9854,0.6,1.1307,83
1580054123.956,0.77,0.9727,0.59,1.1402,83
1580054124.126,0.78,0.9698,0.6,1.1365,83
1580054124.322,0.74,1.0042,0.61,1.1142,83
1580054124.518,0.74,1.0051,0.68,1.0724,83
1580054124.712,0.75,0.9924,0.65,1.0778,83
1580054124.886,0.79,0.9564,0.62,1.112,83
1580054125.059,0.74,1.0046,0.65,1.0991,83
1580054125.232,0.7,1.0339,0.62,1.1142,83
1580054125.404,0.76,0.9875,0.6,1.1353,83
1580054125.583,0.73,1.0094,0.6,1.1376,83
1580054125.738,0.76,0.982,0.62,1.1163,83
1580054125.913,0.73,1.0129,0.66,1.0966,84
1580054126.101,0.74,0.9983,0.66,1.087,84
1580054126.275,0.74,0.9991,0.62,1.1178,84
1580054126.446,0.74,0.9966,0.61,1.1242,84
1580054126.623,0.76,0.9794,0.58,1.1444,84
1580054126.795,0.75,0.992,0.59,1.1431,84
1580054126.967,0.71,1.0334,0.61,1.1374,84
1580054127.161,0.72,1.0232,0.62,1.1205,84
1580054127.351,0.74,1.0032,0.64,1.0993,84
1580054127.551,0.8,0.9487,0.61,1.1178,84
1580054127.725,0.75,0.9945,0.62,1.1096,84
1580054127.898,0.72,1.0197,0.68,1.0738,84
1580054128.074,0.76,0.9837,0.65,1.0921,84
1580054128.273,0.75,0.9958,0.6,1.1222,84
1580054128.454,0.76,0.9825,0.59,1.1379,84
1580054128.663,0.72,1.0221,0.58,1.1462,85
1580054128.864,0.75,0.9913,0.61,1.1275,85
1580054129.061,0.77,0.9797,0.63,1.1028,85
1580054129.238,0.77,0.9809,0.66,1.0923,85
1580054129.42,0.74,1.0014,0.66,1.0869,85
1580054129.596,0.76,0.9848,0.64,1.0871,85
1580054129.771,0.75,0.9932,0.63,1.1019,85
1580054129.966,0.77,0.9774,0.63,1.1077,85
1580054130.142,0.76,0.9854,0.63,1.1104,85
1580054130.315,0.77,0.9652,0.62,1.1158,85
1580054130.487,0.76,0.9807,0.65,1.0918,85
1580054130.68,0.74,0.996,0.66,1.0869,85
1580054130.854,0.74,0.9975,0.68,1.0657,85
1580054131.049,0.73,1.0057,0.65,1.0692,85
1580054131.215,0.77,0.9817,0.66,1.0905,85
1580054131.415,0.75,0.9883,0.62,1.1279,86
1580054131.611,0.77,0.9813,0.6,1.1446,86
1580054131.787,0.73,1.0058,0.61,1.1349,86
1580054131.966,0.76,0.9848,0.61,1.1195,86
1580054132.137,0.77,0.9728,0.67,1.085,86
1580054132.313,0.77,0.9768,0.64,1.0974,86
1580054132.508,0.74,0.9984,0.64,1.0928,86
1580054132.702,0.75,0.99,0.68,1.071,86
1580054132.875,0.75,0.9918,0.65,1.0871,86
1580054133.046,0.8,0.9479,0.63,1.1067,86
1580054133.229,0.76,0.9856,0.61,1.1205,86
1580054133.401,0.74,1.0013,0.63,1.1113,86
1580054133.572,0.78,0.9691,0.66,1.092,86
1580054133.746,0.76,0.9855,0.66,1.0745,86
1580054133.9,0.79,0.9608,0.67,1.0666,86
1580054134.075,0.76,0.9856,0.68,1.0685,87
1580054134.247,0.78,0.9691,0.67,1.0834,87
1580054134.44,0.77,0.9721,0.64,1.1087,87
1580054134.613,0.78,0.9682,0.59,1.1246,87
1580054134.79,0.78,0.9682,0.59,1.1291,87
1580054134.963,0.77,0.9775,0.61,1.1138,87
1580054135.135,0.76,0.9813,0.65,1.0942,87
1580054135.332,0.78,0.968,0.65,1.0866,87
1580054135.527,0.77,0.9759,0.65,1.0866,87
1580054135.702,0.79,0.9545,0.64,1.0943,87
1580054135.872,0.77,0.9731,0.63,1.1072,87
1580054136.045,0.76,0.9838,0.62,1.1096,87
1580054136.216,0.78,0.9644,0.63,1.1065,87
1580054136.389,0.75,0.9922,0.64,1.1044,87
1580054136.546,0.77,0.9709,0.62,1.1048,87
1580054136.739,0.76,0.9876,0.63,1.1069,88
1580054136.911,0.78,0.9641,0.64,1.0994,88
1580054137.085,0.77,0.9733,0.65,1.0987,88
1580054137.257,0.76,0.9835,0.61,1.1141,88
1580054137.428,0.78,0.9641,0.63,1.1174,88
1580054137.6,0.78,0.9661,0.62,1.115,88
1580054137.772,0.76,0.9805,0.63,1.106,88
1580054137.944,0.78,0.9682,0.64,1.0987,88
1580054138.12,0.76,0.9756,0.64,1.0994,88
1580054138.307,0.81,0.9308,0.63,1.1066,88
1580054138.478,0.78,0.9686,0.63,1.1012,88
1580054138.653,0.77,0.9757,0.65,1.0983,88
1580054138.854,0.77,0.9693,0.64,1.0987,88
1580054139.046,0.76,0.9802,0.62,1.1086,88
1580054139.199,0.79,0.9548,0.62,1.1081,88
1580054139.373,0.76,0.9838,0.62,1.1078,89
1580054139.545,0.78,0.9675,0.62,1.1197,89
1580054139.721,0.77,0.9754,0.62,1.1157,89
1580054139.898,0.78,0.9685,0.64,1.1071,89
1580054140.071,0.78,0.9642,0.62,1.1131,89
1580054140.246,0.78,0.9638,0.65,1.0961,89
1580054140.417,0.76,0.9805,0.63,1.0968,89
1580054140.589,0.78,0.9676,0.67,1.0831,89
1580054140.762,0.78,0.9695,0.66,1.0808,89
1580054140.938,0.81,0.9377,0.65,1.0828,89
1580054141.111,0.78,0.9634,0.66,1.0862,89
1580054141.284,0.78,0.9679,0.64,1.0915,89
1580054141.455,0.79,0.9583,0.64,1.0941,89
1580054141.627,0.77,0.9778,0.65,1.0912,89
1580054141.786,0.79,0.9519,0.61,1.1086,89
1580054141.991,0.77,0.9755,0.62,1.1149,90
1580054142.189,0.78,0.9645,0.62,1.1185,90
1580054142.385,0.78,0.9672,0.61,1.1254,90
1580054142.646,0.78,0.9622,0.62,1.1154,90
1580054142.819,0.78,0.9625,0.65,1.0967,90
1580054143.015,0.78,0.9629,0.64,1.0904,90
1580054143.187,0.77,0.9686,0.64,1.1056,90
1580054143.359,0.76,0.9791,0.64,1.0923,90
1580054143.531,0.77,0.9796,0.63,1.103,90
1580054143.703,0.8,0.9434,0.66,1.0786,90
1580054143.877,0.78,0.9638,0.65,1.0944,90
1580054144.049,0.77,0.979,0.63,1.0969,90
1580054144.22,0.78,0.9715,0.63,1.0992,90
1580054144.392,0.76,0.983,0.64,1.0907,90
1580054144.545,0.8,0.9486,0.64,1.094,90
1580054144.718,0.77,0.9774,0.61,1.1146,91
1580054144.894,0.78,0.9685,0.61,1.1227,91
1580054145.07,0.77,0.9759,0.59,1.125,91
1580054145.244,0.78,0.9647,0.62,1.1181,91
1580054145.416,0.79,0.9601,0.63,1.1074,91
1580054145.588,0.78,0.9655,0.64,1.0974,91
1580054145.759,0.77,0.9728,0.66,1.0822,91
1580054145.933,0.79,0.9567,0.67,1.074,91
1580054146.108,0.77,0.9695,0.64,1.0881,91
1580054146.304,0.79,0.9545,0.64,1.0931,91
1580054146.498,0.78,0.9665,0.63,1.0934,91
1580054146.69,0.78,0.97,0.63,1.1012,91
1580054146.861,0.79,0.961,0.63,1.1083,91
1580054147.041,0.74,1.0028,0.62,1.1108,91
1580054147.216,0.79,0.9612,0.62,1.1092,91
1580054147.389,0.77,0.9723,0.62,1.1113,92
1580054147.561,0.78,0.9675,0.61,1.1198,92
1580054147.734,0.75,0.9937,0.6,1.1308,92
1580054147.907,0.77,0.974,0.59,1.1351,92
1580054148.085,0.79,0.9596,0.59,1.136,92
1580054148.259,0.79,0.9601,0.6,1.1276,92
1580054148.432,0.76,0.9821,0.62,1.1127,92
1580054148.603,0.76,0.9851,0.66,1.0827,92
1580054148.775,0.78,0.9698,0.65,1.0791,92
1580054148.947,0.81,0.9379,0.64,1.0967,92
1580054149.12,0.77,0.9759,0.63,1.1046,92
1580054149.318,0.74,0.9991,0.64,1.0993,92
1580054149.512,0.78,0.9627,0.64,1.0973,92
1580054149.707,0.76,0.9828,0.63,1.1007,92
1580054149.865,0.78,0.967,0.63,1.098,92
1580054150.038,0.74,1.0031,0.64,1.0994,93
1580054150.211,0.79,0.9583,0.63,1.1032,93
1580054150.406,0.78,0.9612,0.63,1.102,93
1580054150.602,0.78,0.9618,0.64,1.1103,93
1580054150.774,0.78,0.9659,0.64,1.1149,93
1580054150.946,0.77,0.9703,0.62,1.1199,93
1580054151.125,0.77,0.973,0.6,1.1238,93
1580054151.297,0.78,0.9665,0.64,1.102,93
1580054151.499,0.75,0.9845,0.65,1.0933,93
1580054151.692,0.81,0.9393,0.65,1.0922,93
1580054151.863,0.79,0.9538,0.63,1.112,93
1580054152.039,0.77,0.9773,0.62,1.12,93
1580054152.21,0.77,0.9711,0.62,1.1195,93
1580054152.386,0.76,0.984,0.62,1.1158,93
1580054152.56,0.79,0.9533,0.62,1.101,93
1580054152.757,0.77,0.9777,0.65,1.0899,94
1580054152.952,0.78,0.9727,0.64,1.099,94
1580054153.125,0.77,0.9752,0.62,1.1206,94
1580054153.297,0.77,0.9726,0.6,1.1307,94
1580054153.468,0.8,0.9524,0.62,1.1226,94
1580054153.641,0.77,0.9734,0.61,1.1276,94
1580054153.813,0.75,0.9946,0.62,1.1268,94
1580054153.986,0.76,0.9819,0.61,1.1198,94
1580054154.187,0.77,0.9698,0.62,1.1184,94
1580054154.382,0.81,0.9368,0.64,1.102,94
1580054154.572,0.78,0.9686,0.63,1.0981,94
1580054154.744,0.77,0.972,0.63,1.1003,94
1580054154.917,0.79,0.9566,0.63,1.1069,94
1580054155.091,0.77,0.9711,0.61,1.1218,94
1580054155.249,0.8,0.9516,0.6,1.1247,94
1580054155.424,0.76,0.9813,0.63,1.1119,95
1580054155.617,0.79,0.9536,0.64,1.0969,95
1580054155.79,0.79,0.9614,0.65,1.092,95
1580054155.962,0.78,0.9696,0.62,1.1024,95
1580054156.138,0.79,0.9579,0.61,1.123,95
1580054156.309,0.79,0.9586,0.62,1.1299,95
1580054156.482,0.77,0.9759,0.63,1.1171,95
1580054156.658,0.77,0.9674,0.64,1.1004,95
1580054156.854,0.77,0.9744,0.66,1.09,95
1580054157.051,0.81,0.9368,0.63,1.1016,95
1580054157.247,0.8,0.9479,0.64,1.1042,95
1580054157.42,0.78,0.9593,0.63,1.1015,95
1580054157.599,0.79,0.9602,0.62,1.1048,95
1580054157.775,0.77,0.9763,0.65,1.1019,95
1580054157.93,0.8,0.9469,0.62,1.1088,95
1580054158.108,0.77,0.9715,0.61,1.1199,96
1580054158.309,0.78,0.9657,0.62,1.1215,96
1580054158.505,0.77,0.9701,0.62,1.1234,96
1580054158.698,0.78,0.9617,0.62,1.1187,96
1580054158.896,0.8,0.9471,0.65,1.0941,96
1580054159.091,0.79,0.955,0.65,1.0861,96
1580054159.279,0.78,0.9665,0.63,1.0862,96
1580054159.45,0.78,0.9611,0.63,1.0941,96
1580054159.624,0.79,0.9549,0.62,1.1121,96
1580054159.796,0.81,0.9327,0.62,1.1127,96
1580054159.978,0.79,0.9581,0.65,1.0918,96
1580054160.175,0.78,0.9664,0.67,1.0804,96
1580054160.377,0.78,0.9591,0.66,1.0812,96
1580054160.572,0.77,0.9772,0.67,1.0812,96
1580054160.738,0.8,0.9468,0.63,1.1051,96
1580054160.935,0.78,0.9663,0.63,1.1158,97
1580054161.113,0.79,0.9594,0.62,1.1178,97
1580054161.287,0.78,0.9651,0.62,1.12,97
1580054161.459,0.78,0.9609,0.62,1.1087,97
1580054161.631,0.8,0.9464,0.64,1.098,97
1580054161.808,0.79,0.9542,0.66,1.0819,97
1580054161.986,0.78,0.9639,0.67,1.0766,97
1580054162.157,0.77,0.9694,0.67,1.0789,97
1580054162.332,0.77,0.97,0.63,1.1041,97
1580054162.505,0.81,0.9334,0.63,1.1183,97
1580054162.678,0.78,0.9583,0.61,1.1267,97
1580054162.852,0.76,0.9829,0.62,1.1253,97
1580054163.033,0.78,0.9683,0.63,1.108,97
1580054163.21,0.78,0.9681,0.64,1.0926,97
1580054163.368,0.8,0.9497,0.65,1.0934,97
1580054163.543,0.76,0.9866,0.65,1.0885,98
1580054163.715,0.78,0.9689,0.64,1.1054,98
1580054163.888,0.78,0.9683,0.6,1.1402,98
1580054164.063,0.78,0.9651,0.59,1.1497,98
1580054164.257,0.78,0.9682,0.6,1.1234,98
1580054164.432,0.8,0.9506,0.65,1.0944,98
1580054164.604,0.78,0.9612,0.65,1.086,98
1580054164.777,0.78,0.9616,0.65,1.0803,98
1580054164.949,0.77,0.978,0.65,1.0784,98
1580054165.122,0.8,0.938,0.65,1.0903,98
1580054165.294,0.8,0.9452,0.63,1.1089,98
1580054165.465,0.77,0.9768,0.62,1.1139,98
1580054165.637,0.78,0.9639,0.62,1.1083,98
1580054165.81,0.77,0.9717,0.64,1.0902,98
1580054165.964,0.81,0.9396,0.64,1.0913,98
1580054166.138,0.77,0.9776,0.63,1.0969,99
1580054166.311,0.78,0.9683,0.63,1.098,99
1580054166.483,0.77,0.9713,0.62,1.1095,99
1580054166.66,0.79,0.9581,0.63,1.1168,99
1580054166.832,0.8,0.9497,0.61,1.1416,99
1580054167.005,0.76,0.9807,0.62,1.1239,99
1580054167.177,0.76,0.9826,0.63,1.1052,99
1580054167.353,0.79,0.9567,0.67,1.0828,99
1580054167.525,0.79,0.9569,0.66,1.0753,99
1580054167.698,0.79,0.9463,0.65,1.079,99
1580054167.87,0.78,0.9625,0.67,1.0869,99
1580054168.046,0.78,0.9648,0.62,1.1267,99
1580054168.232,0.77,0.9706,0.61,1.1329,99
1580054168.427,0.75,0.9933,0.6,1.1244,99
1580054168.602,0.78,0.9579,0.65,1.0847,99
