1581178060.72,0.26,1.388,0.22,1.3912,0
1581178060.961,0.26,1.3856,0.22,1.3882,0
1581178061.165,0.23,1.3865,0.28,1.383,0
1581178061.347,0.28,1.3836,0.29,1.3785,0
1581178061.527,0.35,1.3762,0.32,1.3711,0
1581178061.71,0.33,1.3734,0.32,1.3653,0
1581178061.889,0.31,1.3643,0.32,1.367,0
1581178061.977,0.34,1.3682,0.32,1.3726,0
1581178062.179,0.32,1.3735,0.36,1.3725,1
1581178062.366,0.33,1.3725,0.35,1.3624,1
1581178062.548,0.37,1.3502,0.34,1.3567,1
1581178062.728,0.29,1.371,0.33,1.3578,1
1581178062.939,0.35,1.3521,0.35,1.3498,1
1581178063.149,0.36,1.3532,0.37,1.3426,1
1581178063.344,0.35,1.3444,0.36,1.3352,1
1581178063.425,0.37,1.3523,0.35,1.3291,1
1581178063.617,0.37,1.3408,0.35,1.3219,2
1581178063.828,0.38,1.3292,0.38,1.3071,2
1581178064.006,0.37,1.3107,0.41,1.3054,2
1581178064.186,0.34,1.3386,0.38,1.2938,2
1581178064.366,0.39,1.3001,0.42,1.2689,2
1581178064.551,0.4,1.2865,0.38,1.2518,2
1581178064.763,0.43,1.2825,0.37,1.2368,2
1581178064.865,0.38,1.3013,0.39,1.2647,2
1581178065.083,0.4,1.3124,0.35,1.2239,3
1581178065.291,0.41,1.2719,0.37,1.2157,3
1581178065.475,0.42,1.2527,0.44,1.2033,3
1581178065.657,0.4,1.2614,0.47,1.1924,3
1581178065.837,0.44,1.2399,0.41,1.1923,3
1581178066.037,0.41,1.258,0.46,1.1687,3
1581178066.215,0.4,1.2489,0.46,1.1737,3
1581178066.298,0.42,1.2714,0.43,1.1681,3
1581178066.482,0.44,1.2621,0.45,1.1723,4
1581178066.663,0.45,1.2523,0.5,1.1676,4
1581178066.842,0.48,1.2262,0.47,1.1634,4
1581178067.021,0.42,1.2419,0.48,1.1489,4
1581178067.199,0.46,1.2073,0.44,1.148,4
1581178067.378,0.46,1.2132,0.48,1.1426,4
1581178067.557,0.44,1.2247,0.47,1.1425,4
1581178067.64,0.41,1.243,0.51,1.1516,4
1581178067.82,0.48,1.2228,0.46,1.154,5
1581178067.999,0.47,1.2106,0.48,1.1506,5
1581178068.185,0.47,1.1972,0.46,1.1394,5
1581178068.366,0.47,1.2097,0.49,1.1232,5
1581178068.549,0.46,1.1727,0.47,1.1134,5
1581178068.736,0.49,1.1681,0.5,1.1121,5
1581178068.918,0.46,1.1945,0.51,1.1284,5
1581178069.012,0.44,1.2308,0.54,1.13,5
1581178069.195,0.49,1.1945,0.46,1.1154,6
1581178069.374,0.47,1.1709,0.47,1.1082,6
1581178069.551,0.47,1.1681,0.51,1.0995,6
1581178069.729,0.46,1.1772,0.58,1.0919,6
1581178069.911,0.48,1.1415,0.52,1.0847,6
1581178070.091,0.52,1.1255,0.5,1.0906,6
1581178070.273,0.48,1.1546,0.52,1.0909,6
1581178070.353,0.46,1.1824,0.54,1.0888,6
1581178070.56,0.5,1.1562,0.46,1.0795,7
1581178070.773,0.51,1.1323,0.48,1.0803,7
1581178070.986,0.48,1.1363,0.53,1.0731,7
1581178071.204,0.48,1.1394,0.54,1.0602,7
1581178071.388,0.53,1.0919,0.53,1.0619,7
1581178071.601,0.54,1.0911,0.56,1.0564,7
1581178071.828,0.5,1.1223,0.57,1.0506,7
1581178071.937,0.48,1.141,0.5,1.0512,7
1581178072.174,0.51,1.1136,0.48,1.0568,8
1581178072.388,0.52,1.092,0.51,1.0625,8
1581178072.572,0.51,1.0947,0.56,1.056,8
1581178072.784,0.51,1.1012,0.52,1.0328,8
1581178072.997,0.55,1.0493,0.56,1.0302,8
1581178073.189,0.56,1.0501,0.54,1.0313,8
1581178073.376,0.5,1.0966,0.52,1.0431,8
1581178073.483,0.51,1.1143,0.52,1.0525,8
1581178073.683,0.53,1.0876,0.52,1.0552,9
1581178073.87,0.54,1.0607,0.48,1.0532,9
1581178074.053,0.52,1.0676,0.55,1.0451,9
1581178074.233,0.53,1.0667,0.6,1.0182,9
1581178074.412,0.56,1.025,0.58,1.0187,9
1581178074.595,0.57,1.0171,0.57,1.0067,9
1581178074.801,0.53,1.0483,0.56,0.9936,9
1581178074.886,0.53,1.0628,0.57,1.0091,9
1581178075.069,0.55,1.0498,0.48,1.0377,10
1581178075.251,0.55,1.0358,0.49,1.0196,10
1581178075.434,0.55,1.0239,0.57,0.9855,10
1581178075.616,0.56,1.0201,0.59,0.9617,10
1581178075.817,0.58,0.9975,0.6,0.9916,10
1581178076.029,0.57,0.9906,0.59,0.9937,10
1581178076.216,0.54,1.0492,0.52,1.0314,10
1581178076.298,0.54,1.0834,0.52,1.0152,10
1581178076.478,0.55,1.055,0.53,1.0453,11
1581178076.69,0.57,1.0273,0.53,1.0311,11
1581178076.906,0.55,1.028,0.51,1.0431,11
1581178077.115,0.56,1.0317,0.55,1.0178,11
1581178077.318,0.6,0.9897,0.58,0.9872,11
1581178077.504,0.59,0.9692,0.59,0.9818,11
1581178077.686,0.56,1.0027,0.6,1.0041,11
1581178077.765,0.56,1.0433,0.59,0.9516,11
1581178077.984,0.58,0.993,0.56,0.9545,12
1581178078.199,0.57,0.9883,0.55,0.9652,12
1581178078.382,0.57,0.9727,0.54,1.0138,12
1581178078.563,0.56,1.0049,0.56,0.9347,12
1581178078.764,0.62,0.9579,0.6,0.9173,12
1581178078.987,0.62,0.922,0.61,0.9327,12
1581178079.183,0.59,0.9646,0.61,0.9418,12
1581178079.264,0.56,1.0006,0.59,0.9326,12
1581178079.468,0.59,0.9876,0.59,0.9356,13
1581178079.681,0.61,0.9424,0.55,0.961,13
1581178079.862,0.58,0.9578,0.58,0.961,13
1581178080.048,0.61,0.9556,0.61,0.9354,13
1581178080.229,0.63,0.9212,0.61,0.9337,13
1581178080.411,0.63,0.8987,0.58,0.9118,13
1581178080.593,0.6,0.9492,0.64,0.9322,13
1581178080.678,0.6,0.959,0.62,0.9079,13
1581178080.899,0.61,0.9464,0.6,0.9253,14
1581178081.108,0.62,0.9217,0.57,0.9296,14
1581178081.289,0.59,0.9237,0.61,0.9237,14
1581178081.47,0.62,0.9218,0.65,0.8955,14
1581178081.651,0.63,0.9124,0.61,0.938,14
1581178081.832,0.63,0.8805,0.63,0.9182,14
1581178082.017,0.61,0.9381,0.58,0.9635,14
1581178082.101,0.59,0.9644,0.61,0.9203,14
1581178082.281,0.6,0.9581,0.63,0.9461,15
1581178082.461,0.62,0.9155,0.61,0.9543,15
1581178082.644,0.6,0.9177,0.57,0.9621,15
1581178082.824,0.63,0.9299,0.65,0.9259,15
1581178083.008,0.63,0.9192,0.64,0.9285,15
1581178083.192,0.65,0.8612,0.63,0.9502,15
1581178083.372,0.62,0.9118,0.64,0.9,15
1581178083.452,0.63,0.8905,0.67,0.8973,15
1581178083.641,0.6,0.9233,0.65,0.8841,16
1581178083.822,0.64,0.881,0.67,0.9123,16
1581178084.011,0.61,0.9146,0.65,0.9063,16
1581178084.2,0.63,0.897,0.66,0.8765,16
1581178084.385,0.63,0.8987,0.63,0.8815,16
1581178084.593,0.66,0.83,0.64,0.8802,16
1581178084.804,0.65,0.8903,0.65,0.9327,16
1581178084.909,0.62,0.9044,0.65,0.8763,16
1581178085.126,0.62,0.9218,0.65,0.8639,17
1581178085.307,0.64,0.8715,0.64,0.9136,17
1581178085.486,0.63,0.8799,0.63,0.8911,17
1581178085.664,0.65,0.8754,0.69,0.8559,17
1581178085.843,0.65,0.8553,0.66,0.8681,17
1581178086.027,0.67,0.8179,0.65,0.8598,17
1581178086.207,0.66,0.8592,0.64,0.8671,17
1581178086.301,0.67,0.8404,0.66,0.8533,17
1581178086.518,0.66,0.8576,0.68,0.8604,18
1581178086.727,0.65,0.8517,0.69,0.8576,18
1581178086.943,0.64,0.8612,0.66,0.8919,18
1581178087.16,0.65,0.8651,0.64,0.8483,18
1581178087.351,0.65,0.8613,0.63,0.8739,18
1581178087.53,0.68,0.7987,0.66,0.8373,18
1581178087.735,0.66,0.8472,0.71,0.8428,18
1581178087.836,0.68,0.8063,0.69,0.8401,18
1581178088.061,0.66,0.8483,0.66,0.8748,19
1581178088.244,0.65,0.8606,0.7,0.8567,19
1581178088.429,0.64,0.8308,0.68,0.8627,19
1581178088.642,0.66,0.8307,0.67,0.8376,19
1581178088.855,0.66,0.8329,0.66,0.8775,19
1581178089.07,0.68,0.7788,0.67,0.8496,19
1581178089.25,0.68,0.8242,0.69,0.8473,19
1581178089.334,0.68,0.7885,0.69,0.8367,19
1581178089.522,0.66,0.8486,0.68,0.8693,20
1581178089.732,0.66,0.8436,0.68,0.8437,20
1581178089.95,0.67,0.8118,0.71,0.847,20
1581178090.177,0.65,0.8172,0.69,0.8253,20
1581178090.394,0.67,0.8089,0.65,0.8747,20
1581178090.594,0.68,0.7697,0.67,0.8457,20
1581178090.774,0.68,0.8141,0.63,0.888,20
1581178090.855,0.66,0.8021,0.68,0.8435,20
1581178091.037,0.64,0.8619,0.68,0.8778,21
1581178091.226,0.66,0.8433,0.69,0.8565,21
1581178091.42,0.66,0.8044,0.69,0.8463,21
1581178091.625,0.65,0.8172,0.68,0.8608,21
1581178091.829,0.68,0.8179,0.67,0.8592,21
1581178092.022,0.69,0.753,0.68,0.8745,21
1581178092.234,0.67,0.8245,0.68,0.8893,21
1581178092.332,0.71,0.7796,0.69,0.8441,21
1581178092.543,0.62,0.8744,0.66,0.8219,22
1581178092.763,0.66,0.8141,0.69,0.9141,22
1581178092.969,0.64,0.8399,0.67,0.8497,22
1581178093.179,0.67,0.8099,0.7,0.8367,22
1581178093.363,0.67,0.8242,0.7,0.8368,22
1581178093.562,0.7,0.7457,0.67,0.8328,22
1581178093.771,0.68,0.7769,0.69,0.8477,22
1581178093.869,0.69,0.7635,0.71,0.8185,22
1581178094.081,0.69,0.8003,0.72,0.8005,23
1581178094.277,0.69,0.801,0.72,0.8067,23
1581178094.495,0.68,0.7946,0.67,0.8698,23
1581178094.703,0.68,0.8137,0.67,0.805,23
1581178094.917,0.7,0.7671,0.66,0.8087,23
1581178095.136,0.71,0.7242,0.67,0.8066,23
1581178095.342,0.68,0.756,0.71,0.8099,23
1581178095.443,0.71,0.7163,0.71,0.7888,23
1581178095.651,0.69,0.7777,0.7,0.8078,24
1581178095.833,0.69,0.7869,0.73,0.8098,24
1581178096.051,0.69,0.774,0.69,0.818,24
1581178096.237,0.71,0.7687,0.71,0.8028,24
1581178096.416,0.69,0.765,0.7,0.796,24
1581178096.595,0.72,0.6908,0.69,0.806,24
1581178096.803,0.7,0.7452,0.7,0.8193,24
1581178096.902,0.73,0.6892,0.71,0.7918,24
1581178097.117,0.67,0.7944,0.7,0.808,25
1581178097.343,0.69,0.7808,0.75,0.8024,25
1581178097.568,0.7,0.751,0.73,0.8077,25
1581178097.791,0.7,0.7502,0.7,0.8072,25
1581178098.015,0.71,0.7461,0.68,0.8023,25
1581178098.198,0.73,0.6784,0.7,0.8044,25
1581178098.381,0.71,0.724,0.69,0.8137,25
1581178098.459,0.73,0.6654,0.69,0.7933,25
1581178098.643,0.69,0.7736,0.69,0.8297,26
1581178098.854,0.68,0.7806,0.69,0.7931,26
1581178099.059,0.71,0.7453,0.68,0.8409,26
1581178099.239,0.7,0.7485,0.7,0.797,26
1581178099.428,0.72,0.7331,0.72,0.8221,26
1581178099.61,0.74,0.6709,0.69,0.7995,26
1581178099.794,0.71,0.723,0.69,0.8553,26
1581178099.878,0.75,0.6682,0.69,0.795,26
1581178100.058,0.7,0.7576,0.71,0.8062,27
1581178100.265,0.7,0.7571,0.68,0.8142,27
1581178100.491,0.7,0.7337,0.7,0.7913,27
1581178100.698,0.71,0.7303,0.69,0.8078,27
1581178100.906,0.71,0.7176,0.69,0.8084,27
1581178101.116,0.74,0.6549,0.72,0.7868,27
1581178101.317,0.71,0.7062,0.67,0.8616,27
1581178101.403,0.75,0.6579,0.68,0.7951,27
1581178101.584,0.71,0.7521,0.7,0.8059,28
1581178101.768,0.7,0.7455,0.68,0.8256,28
1581178101.952,0.7,0.7271,0.68,0.7948,28
1581178102.139,0.71,0.7205,0.69,0.7982,28
1581178102.336,0.73,0.691,0.72,0.828,28
1581178102.517,0.74,0.6563,0.7,0.806,28
1581178102.703,0.69,0.737,0.63,0.8936,28
1581178102.806,0.74,0.6663,0.69,0.7746,28
1581178103.021,0.72,0.7275,0.68,0.8662,29
1581178103.234,0.69,0.8026,0.64,0.8961,29
1581178103.412,0.67,0.7667,0.68,0.833,29
1581178103.627,0.7,0.7268,0.7,0.8419,29
1581178103.834,0.7,0.7677,0.72,0.819,29
1581178104.045,0.75,0.6547,0.71,0.8285,29
1581178104.249,0.71,0.7016,0.7,0.7677,29
1581178104.332,0.76,0.6145,0.72,0.7621,29
1581178104.547,0.72,0.7092,0.73,0.7955,30
1581178104.756,0.7,0.734,0.7,0.7682,30
1581178104.974,0.73,0.7006,0.74,0.7725,30
1581178105.188,0.73,0.6929,0.75,0.7767,30
1581178105.375,0.74,0.6855,0.69,0.7818,30
1581178105.585,0.76,0.6288,0.72,0.762,30
1581178105.763,0.73,0.6737,0.7,0.7861,30
1581178105.843,0.8,0.575,0.74,0.7771,30
1581178106.02,0.73,0.7074,0.69,0.8032,31
1581178106.202,0.71,0.7478,0.7,0.7793,31
1581178106.383,0.72,0.6954,0.68,0.8474,31
1581178106.57,0.71,0.7141,0.73,0.7781,31
1581178106.749,0.75,0.6781,0.7,0.8116,31
1581178106.928,0.75,0.6402,0.71,0.8129,31
1581178107.109,0.73,0.6739,0.69,0.7932,31
1581178107.192,0.8,0.5527,0.73,0.7563,31
1581178107.381,0.72,0.6935,0.7,0.7977,32
1581178107.601,0.71,0.7251,0.72,0.7891,32
1581178107.808,0.72,0.6951,0.74,0.794,32
1581178108.017,0.72,0.6776,0.74,0.7813,32
1581178108.201,0.74,0.6696,0.69,0.7885,32
1581178108.383,0.77,0.6058,0.72,0.7985,32
1581178108.593,0.74,0.6644,0.7,0.792,32
1581178108.69,0.81,0.5268,0.73,0.7694,32
1581178108.902,0.73,0.6854,0.68,0.802,33
1581178109.115,0.72,0.7116,0.69,0.7938,33
1581178109.324,0.72,0.6826,0.71,0.7969,33
1581178109.533,0.73,0.6636,0.72,0.7668,33
1581178109.742,0.75,0.6623,0.7,0.7896,33
1581178109.97,0.76,0.6012,0.72,0.7949,33
1581178110.178,0.74,0.661,0.71,0.7846,33
1581178110.286,0.81,0.5054,0.74,0.768,33
1581178110.497,0.74,0.6773,0.68,0.7975,34
1581178110.712,0.72,0.7072,0.71,0.7952,34
1581178110.925,0.73,0.6745,0.73,0.7986,34
1581178111.138,0.75,0.6536,0.74,0.7636,34
1581178111.339,0.75,0.6562,0.71,0.773,34
1581178111.541,0.77,0.5857,0.74,0.7769,34
1581178111.754,0.75,0.6439,0.73,0.7835,34
1581178111.856,0.82,0.4955,0.75,0.7518,34
1581178112.07,0.74,0.6605,0.7,0.7948,35
1581178112.251,0.72,0.7024,0.73,0.7704,35
1581178112.458,0.74,0.6394,0.69,0.8196,35
1581178112.676,0.75,0.6553,0.75,0.7424,35
1581178112.888,0.77,0.6186,0.68,0.8066,35
1581178113.098,0.77,0.6107,0.76,0.7554,35
1581178113.278,0.74,0.6285,0.72,0.8252,35
1581178113.359,0.81,0.5042,0.76,0.7418,35
1581178113.547,0.76,0.644,0.71,0.8023,36
1581178113.766,0.71,0.7085,0.75,0.7498,36
1581178113.98,0.75,0.6108,0.72,0.8101,36
1581178114.177,0.75,0.643,0.77,0.7376,36
1581178114.358,0.77,0.6106,0.69,0.814,36
1581178114.54,0.78,0.608,0.77,0.7471,36
1581178114.76,0.74,0.6418,0.71,0.8204,36
1581178114.87,0.82,0.4835,0.72,0.7855,36
1581178115.093,0.74,0.6731,0.73,0.7769,37
1581178115.303,0.74,0.6682,0.74,0.7731,37
1581178115.484,0.74,0.6338,0.75,0.7694,37
1581178115.669,0.76,0.6151,0.73,0.7705,37
1581178115.881,0.75,0.6354,0.7,0.7744,37
1581178116.091,0.77,0.5756,0.75,0.7693,37
1581178116.301,0.73,0.6495,0.75,0.7555,37
1581178116.398,0.84,0.458,0.72,0.7957,37
1581178116.58,0.73,0.6683,0.68,0.7818,38
1581178116.77,0.74,0.6582,0.72,0.7447,38
1581178116.981,0.75,0.6112,0.66,0.8894,38
1581178117.188,0.72,0.6995,0.74,0.7589,38
1581178117.37,0.76,0.6274,0.71,0.811,38
1581178117.552,0.76,0.6086,0.75,0.7618,38
1581178117.778,0.77,0.6019,0.75,0.7865,38
1581178117.877,0.8,0.4906,0.77,0.7242,38
1581178118.087,0.77,0.6323,0.72,0.801,39
1581178118.297,0.73,0.6785,0.7,0.7626,39
1581178118.476,0.73,0.6342,0.69,0.8228,39
1581178118.658,0.73,0.6441,0.73,0.7849,39
1581178118.882,0.76,0.6087,0.67,0.8146,39
1581178119.096,0.76,0.6024,0.73,0.7325,39
1581178119.306,0.77,0.5793,0.69,0.8543,39
1581178119.386,0.83,0.4835,0.75,0.7379,39
1581178119.569,0.76,0.6232,0.71,0.8196,40
1581178119.75,0.73,0.6795,0.75,0.7288,40
1581178119.934,0.76,0.591,0.66,0.8347,40
1581178120.132,0.74,0.6352,0.75,0.7582,40
1581178120.322,0.76,0.5938,0.71,0.8349,40
1581178120.502,0.76,0.5928,0.74,0.7756,40
1581178120.683,0.75,0.6062,0.66,0.8582,40
1581178120.764,0.83,0.4804,0.73,0.8036,40
1581178120.95,0.75,0.6467,0.72,0.843,41
1581178121.163,0.73,0.6715,0.68,0.8484,41
1581178121.362,0.73,0.6736,0.68,0.8585,41
1581178121.572,0.74,0.6419,0.67,0.9565,41
1581178121.786,0.69,0.7445,0.73,0.7812,41
1581178121.994,0.8,0.5353,0.64,1.0557,41
1581178122.175,0.65,0.8176,0.73,0.8196,41
1581178122.261,0.81,0.4752,0.63,0.9699,41
1581178122.464,0.68,0.8095,0.71,0.8218,42
1581178122.644,0.72,0.6846,0.7,0.7634,42
1581178122.824,0.75,0.628,0.72,0.8742,42
1581178123.004,0.7,0.7494,0.72,0.7419,42
1581178123.209,0.75,0.5966,0.67,0.7798,42
1581178123.391,0.77,0.5982,0.71,0.7902,42
1581178123.602,0.71,0.6396,0.72,0.7497,42
1581178123.701,0.83,0.471,0.75,0.7375,42
1581178123.917,0.75,0.6254,0.75,0.735,43
1581178124.127,0.75,0.6236,0.72,0.7257,43
1581178124.326,0.76,0.6047,0.72,0.7586,43
1581178124.509,0.76,0.6124,0.72,0.7672,43
1581178124.718,0.75,0.6092,0.76,0.7358,43
1581178124.935,0.79,0.5557,0.73,0.7382,43
1581178125.155,0.78,0.5843,0.74,0.7576,43
1581178125.253,0.82,0.467,0.73,0.7599,43
1581178125.44,0.76,0.6365,0.76,0.7385,44
1581178125.653,0.76,0.6169,0.77,0.7136,44
1581178125.864,0.76,0.5712,0.76,0.7438,44
1581178126.069,0.77,0.5976,0.75,0.7169,44
1581178126.252,0.78,0.575,0.74,0.7436,44
1581178126.433,0.79,0.5524,0.75,0.7222,44
1581178126.618,0.78,0.5628,0.77,0.7307,44
1581178126.717,0.87,0.3899,0.76,0.7369,44
1581178126.938,0.77,0.5946,0.78,0.7218,45
1581178127.147,0.77,0.596,0.77,0.7144,45
1581178127.33,0.77,0.5741,0.75,0.7189,45
1581178127.539,0.79,0.5533,0.75,0.705,45
1581178127.75,0.79,0.5546,0.74,0.7218,45
1581178127.958,0.79,0.5301,0.74,0.7204,45
1581178128.161,0.77,0.5733,0.76,0.7323,45
1581178128.241,0.88,0.3653,0.77,0.7345,45
1581178128.431,0.77,0.5867,0.78,0.7252,46
1581178128.639,0.77,0.5849,0.77,0.7253,46
1581178128.852,0.78,0.5602,0.75,0.7201,46
1581178129.067,0.8,0.5412,0.76,0.7122,46
1581178129.269,0.8,0.5327,0.75,0.7325,46
1581178129.453,0.81,0.5199,0.74,0.7358,46
1581178129.664,0.78,0.5672,0.76,0.7221,46
1581178129.764,0.88,0.3502,0.74,0.7416,46
1581178129.977,0.78,0.5766,0.77,0.7382,47
1581178130.186,0.78,0.5656,0.76,0.7295,47
1581178130.373,0.78,0.5502,0.73,0.769,47
1581178130.567,0.78,0.5653,0.76,0.7306,47
1581178130.776,0.78,0.5513,0.73,0.7624,47
1581178130.991,0.8,0.5161,0.75,0.7558,47
1581178131.209,0.79,0.5483,0.75,0.741,47
1581178131.311,0.88,0.3482,0.75,0.7584,47
1581178131.507,0.77,0.5818,0.77,0.7364,48
1581178131.732,0.78,0.5517,0.74,0.7734,48
1581178131.956,0.77,0.5807,0.73,0.7879,48
1581178132.181,0.78,0.5695,0.76,0.7213,48
1581178132.403,0.8,0.5199,0.77,0.72,48
1581178132.612,0.82,0.4745,0.72,0.772,48
1581178132.82,0.78,0.5357,0.75,0.7461,48
1581178132.918,0.9,0.3316,0.74,0.7234,48
1581178133.135,0.78,0.5638,0.75,0.7278,49
1581178133.317,0.78,0.543,0.75,0.7281,49
1581178133.498,0.8,0.5091,0.74,0.7324,49
1581178133.682,0.82,0.5108,0.75,0.7631,49
1581178133.89,0.78,0.5377,0.77,0.7217,49
1581178134.099,0.82,0.4711,0.77,0.7612,49
1581178134.279,0.79,0.535,0.66,0.8143,49
1581178134.358,0.87,0.3743,0.76,0.7199,49
1581178134.541,0.79,0.5598,0.76,0.7218,50
1581178134.726,0.79,0.5497,0.74,0.742,50
1581178134.933,0.8,0.5194,0.73,0.7405,50
1581178135.15,0.81,0.4992,0.74,0.7522,50
1581178135.348,0.81,0.5116,0.74,0.7683,50
1581178135.528,0.82,0.5026,0.76,0.7569,50
1581178135.708,0.8,0.5125,0.76,0.7194,50
1581178135.803,0.93,0.2919,0.75,0.7446,50
1581178136.014,0.78,0.557,0.74,0.7114,51
1581178136.218,0.8,0.5293,0.72,0.7296,51
1581178136.425,0.8,0.5013,0.74,0.75,51
1581178136.612,0.81,0.5043,0.74,0.7565,51
1581178136.798,0.81,0.5023,0.74,0.7388,51
1581178137.008,0.84,0.4539,0.76,0.7532,51
1581178137.201,0.82,0.4956,0.77,0.717,51
1581178137.283,0.91,0.2823,0.79,0.7219,51
1581178137.49,0.79,0.5366,0.76,0.7186,52
1581178137.699,0.8,0.51,0.74,0.7512,52
1581178137.908,0.82,0.5001,0.78,0.7263,52
1581178138.115,0.81,0.4813,0.72,0.7753,52
1581178138.298,0.81,0.4937,0.73,0.7506,52
1581178138.479,0.83,0.4523,0.75,0.7941,52
1581178138.659,0.8,0.5031,0.76,0.786,52
1581178138.74,0.88,0.3027,0.77,0.7463,52
1581178138.925,0.8,0.5307,0.76,0.7456,53
1581178139.143,0.79,0.5042,0.73,0.7832,53
1581178139.34,0.81,0.4991,0.77,0.7514,53
1581178139.522,0.81,0.492,0.74,0.7695,53
1581178139.701,0.81,0.4779,0.75,0.7694,53
1581178139.881,0.83,0.4512,0.76,0.817,53
1581178140.067,0.79,0.5148,0.73,0.8543,53
1581178140.169,0.87,0.3293,0.77,0.7569,53
1581178140.365,0.8,0.5098,0.77,0.7464,54
1581178140.547,0.81,0.5036,0.73,0.7756,54
1581178140.736,0.82,0.4922,0.73,0.7483,54
1581178140.947,0.83,0.4773,0.76,0.7597,54
1581178141.162,0.8,0.5027,0.73,0.8214,54
1581178141.355,0.82,0.4994,0.74,0.8509,54
1581178141.561,0.8,0.4955,0.72,0.8142,54
1581178141.643,0.91,0.2865,0.74,0.8887,54
1581178141.829,0.76,0.5965,0.77,0.7529,55
1581178142.013,0.81,0.5072,0.72,0.8386,55
1581178142.229,0.78,0.5374,0.72,0.8109,55
1581178142.412,0.81,0.5232,0.73,0.8262,55
1581178142.619,0.79,0.5493,0.76,0.7272,55
1581178142.83,0.83,0.4342,0.7,0.8913,55
1581178143.041,0.78,0.549,0.73,0.7666,55
1581178143.141,0.92,0.2599,0.68,0.9054,55
1581178143.336,0.74,0.6397,0.75,0.7531,56
1581178143.518,0.81,0.4958,0.69,0.8621,56
1581178143.731,0.77,0.5656,0.74,0.7093,56
1581178143.941,0.84,0.4545,0.74,0.816,56
1581178144.151,0.79,0.5318,0.72,0.7597,56
1581178144.363,0.82,0.4819,0.72,0.8085,56
1581178144.545,0.79,0.52,0.74,0.8217,56
1581178144.634,0.88,0.3381,0.74,0.7316,56
1581178144.847,0.82,0.4928,0.72,0.8217,57
1581178145.056,0.8,0.5428,0.73,0.7652,57
1581178145.268,0.8,0.5008,0.73,0.8128,57
1581178145.45,0.8,0.5342,0.75,0.7689,57
1581178145.631,0.81,0.4821,0.74,0.763,57
1581178145.841,0.82,0.4593,0.71,0.7751,57
1581178146.051,0.81,0.4857,0.78,0.8224,57
1581178146.138,0.91,0.3006,0.75,0.797,57
1581178146.336,0.8,0.5171,0.75,0.7174,58
1581178146.544,0.81,0.4801,0.75,0.7672,58
1581178146.73,0.81,0.48,0.75,0.7327,58
1581178146.949,0.84,0.4448,0.75,0.7723,58
1581178147.154,0.81,0.4789,0.76,0.7335,58
1581178147.334,0.85,0.4178,0.79,0.7675,58
1581178147.545,0.8,0.4857,0.77,0.7379,58
1581178147.652,0.94,0.2412,0.76,0.7992,58
1581178147.869,0.8,0.5098,0.75,0.7276,59
1581178148.074,0.81,0.4567,0.76,0.7771,59
1581178148.255,0.8,0.4616,0.74,0.7578,59
1581178148.445,0.83,0.4406,0.76,0.7992,59
1581178148.655,0.82,0.4714,0.75,0.7752,59
1581178148.875,0.83,0.4322,0.75,0.7798,59
1581178149.082,0.83,0.4512,0.77,0.7604,59
1581178149.163,0.95,0.2322,0.76,0.7814,59
1581178149.348,0.81,0.4836,0.77,0.7601,60
1581178149.535,0.83,0.452,0.75,0.7597,60
1581178149.758,0.83,0.4245,0.73,0.7746,60
1581178149.983,0.83,0.4385,0.71,0.7859,60
1581178150.217,0.83,0.4416,0.77,0.7526,60
1581178150.448,0.86,0.3856,0.72,0.7641,60
1581178150.652,0.85,0.4142,0.74,0.7672,60
1581178150.734,0.95,0.2163,0.73,0.7755,60
1581178150.915,0.82,0.4551,0.78,0.7357,61
1581178151.123,0.84,0.424,0.74,0.7765,61
1581178151.306,0.85,0.4122,0.74,0.7855,61
1581178151.497,0.86,0.4087,0.71,0.8385,61
1581178151.708,0.83,0.4268,0.74,0.7981,61
1581178151.919,0.86,0.3718,0.73,0.8577,61
1581178152.135,0.84,0.4206,0.72,0.8033,61
1581178152.244,0.96,0.1986,0.72,0.8117,61
1581178152.491,0.83,0.4481,0.78,0.733,62
1581178152.715,0.85,0.4163,0.75,0.7944,62
1581178152.938,0.84,0.4176,0.77,0.779,62
1581178153.151,0.85,0.3942,0.72,0.8342,62
1581178153.347,0.84,0.4175,0.73,0.8282,62
1581178153.534,0.86,0.3715,0.74,0.9165,62
1581178153.748,0.83,0.4175,0.75,0.8518,62
1581178153.828,0.96,0.1918,0.74,0.8383,62
1581178154.017,0.83,0.4293,0.76,0.7834,63
1581178154.226,0.84,0.4154,0.77,0.7858,63
1581178154.446,0.85,0.3894,0.77,0.7749,63
1581178154.659,0.86,0.3933,0.76,0.7981,63
1581178154.872,0.86,0.3952,0.75,0.8316,63
1581178155.085,0.85,0.3815,0.73,0.8977,63
1581178155.3,0.85,0.3891,0.75,0.9252,63
1581178155.381,0.94,0.2063,0.74,0.851,63
1581178155.602,0.84,0.4164,0.76,0.8463,64
1581178155.815,0.84,0.4305,0.78,0.7957,64
1581178156.013,0.86,0.3726,0.74,0.8576,64
1581178156.199,0.85,0.4271,0.75,0.7977,64
1581178156.381,0.85,0.3896,0.77,0.8478,64
1581178156.564,0.84,0.4128,0.75,0.8584,64
1581178156.745,0.86,0.3731,0.74,0.9858,64
1581178156.825,0.93,0.2404,0.73,0.861,64
1581178157.017,0.84,0.4094,0.75,0.9181,65
1581178157.23,0.84,0.4465,0.76,0.8397,65
1581178157.454,0.85,0.3889,0.7,0.9187,65
1581178157.682,0.83,0.4503,0.78,0.8278,65
1581178157.907,0.86,0.3912,0.76,0.8447,65
1581178158.123,0.83,0.4181,0.71,0.813,65
1581178158.308,0.86,0.3721,0.74,0.9644,65
1581178158.39,0.92,0.2401,0.7,0.8739,65
1581178158.576,0.83,0.4255,0.74,0.8507,66
1581178158.791,0.84,0.4226,0.7,0.9216,66
1581178159.005,0.82,0.4467,0.75,0.8486,66
1581178159.195,0.85,0.3891,0.71,0.9471,66
1581178159.378,0.81,0.4985,0.74,0.9206,66
1581178159.592,0.83,0.459,0.71,0.9392,66
1581178159.802,0.79,0.4981,0.75,0.8932,66
1581178159.901,0.93,0.2258,0.71,1.0331,66
1581178160.112,0.79,0.5454,0.72,0.801,67
1581178160.327,0.83,0.439,0.73,0.9813,67
1581178160.539,0.78,0.5199,0.71,0.8664,67
1581178160.752,0.82,0.445,0.76,0.8823,67
1581178160.981,0.84,0.4328,0.69,0.9214,67
1581178161.202,0.8,0.4878,0.76,0.7999,67
1581178161.384,0.84,0.3956,0.72,0.8816,67
1581178161.466,0.93,0.247,0.72,0.9255,67
1581178161.677,0.79,0.5458,0.73,0.8174,68
1581178161.889,0.81,0.4791,0.73,0.9013,68
1581178162.099,0.79,0.5044,0.72,0.8807,68
1581178162.283,0.78,0.5203,0.68,0.9453,68
1581178162.465,0.81,0.5189,0.71,1.044,68
1581178162.65,0.77,0.5983,0.72,0.8415,68
1581178162.865,0.82,0.4497,0.67,0.9275,68
1581178162.964,0.86,0.3546,0.76,0.791,68
1581178163.178,0.81,0.4573,0.71,0.963,69
1581178163.369,0.76,0.5836,0.71,0.8037,69
1581178163.57,0.83,0.4395,0.67,0.8892,69
1581178163.79,0.8,0.5375,0.76,0.7758,69
1581178164.0,0.82,0.4819,0.68,0.9337,69
1581178164.223,0.78,0.5466,0.74,0.8068,69
1581178164.435,0.82,0.4476,0.7,0.8131,69
1581178164.533,0.92,0.2796,0.69,0.9025,69
1581178164.749,0.76,0.6375,0.74,0.8251,70
1581178164.959,0.82,0.4585,0.71,0.9513,70
1581178165.176,0.74,0.6181,0.75,0.8029,70
1581178165.381,0.85,0.4191,0.7,0.8708,70
1581178165.603,0.78,0.5572,0.75,0.7936,70
1581178165.825,0.83,0.4406,0.77,0.7827,70
1581178166.038,0.82,0.4332,0.77,0.8535,70
1581178166.135,0.89,0.3022,0.74,0.8473,70
1581178166.345,0.83,0.4362,0.72,0.8627,71
1581178166.564,0.83,0.4397,0.72,0.8444,71
1581178166.778,0.83,0.4276,0.77,0.789,71
1581178166.993,0.83,0.4214,0.75,0.7884,71
1581178167.207,0.84,0.406,0.75,0.8176,71
1581178167.4,0.86,0.3842,0.74,0.8035,71
1581178167.616,0.85,0.385,0.74,0.8013,71
1581178167.715,0.95,0.1925,0.75,0.8357,71
1581178167.939,0.81,0.4588,0.76,0.8148,72
1581178168.162,0.85,0.393,0.75,0.8451,72
1581178168.349,0.83,0.4011,0.75,0.8302,72
1581178168.537,0.87,0.362,0.73,0.8584,72
1581178168.752,0.84,0.4029,0.77,0.8238,72
1581178168.968,0.89,0.3329,0.74,0.8721,72
1581178169.186,0.84,0.3893,0.74,0.865,72
1581178169.282,0.97,0.1668,0.72,0.9073,72
1581178169.493,0.83,0.4246,0.75,0.8179,73
1581178169.71,0.88,0.3625,0.78,0.8343,73
1581178169.928,0.85,0.3888,0.74,0.81,73
1581178170.141,0.88,0.3411,0.76,0.8722,73
1581178170.35,0.85,0.3999,0.78,0.8154,73
1581178170.533,0.89,0.3135,0.76,0.8795,73
1581178170.725,0.83,0.3826,0.75,0.8621,73
1581178170.826,0.98,0.1404,0.74,0.972,73
1581178171.057,0.83,0.4215,0.74,0.8993,74
1581178171.269,0.88,0.3477,0.75,0.8539,74
1581178171.452,0.86,0.3512,0.75,0.8306,74
1581178171.636,0.87,0.3399,0.72,0.8829,74
1581178171.852,0.87,0.3474,0.72,0.8887,74
1581178172.064,0.88,0.3324,0.74,0.8619,74
1581178172.26,0.88,0.3226,0.75,0.8793,74
1581178172.348,0.96,0.1529,0.74,0.8828,74
1581178172.573,0.86,0.3603,0.76,0.9111,75
1581178172.779,0.86,0.37,0.75,0.8724,75
1581178172.999,0.87,0.3243,0.74,0.8765,75
1581178173.193,0.86,0.3519,0.73,0.8539,75
1581178173.379,0.89,0.3249,0.73,0.9351,75
1581178173.563,0.88,0.3236,0.74,0.9381,75
1581178173.747,0.88,0.3167,0.75,0.9058,75
1581178173.834,0.98,0.129,0.76,0.9648,75
1581178174.056,0.84,0.4076,0.78,0.9549,76
1581178174.241,0.87,0.3572,0.74,0.988,76
1581178174.454,0.85,0.3822,0.74,0.8844,76
1581178174.667,0.89,0.3191,0.73,0.9341,76
1581178174.881,0.85,0.374,0.74,0.9004,76
1581178175.095,0.9,0.3027,0.73,1.0079,76
1581178175.306,0.86,0.3575,0.75,0.9594,76
1581178175.399,0.97,0.1359,0.72,0.9827,76
1581178175.614,0.85,0.3798,0.74,0.9095,77
1581178175.829,0.89,0.3243,0.73,0.942,77
1581178176.049,0.85,0.3664,0.75,0.9108,77
1581178176.232,0.89,0.3277,0.73,0.9172,77
1581178176.431,0.86,0.3694,0.73,0.8996,77
1581178176.642,0.88,0.3109,0.72,0.9858,77
1581178176.854,0.84,0.3729,0.74,0.9983,77
1581178176.954,0.97,0.1478,0.64,1.1401,77
1581178177.166,0.8,0.5143,0.73,0.9011,78
1581178177.35,0.9,0.3228,0.74,1.0297,78
1581178177.538,0.8,0.4805,0.75,0.8647,78
1581178177.758,0.9,0.3095,0.68,0.99,78
1581178177.972,0.83,0.4169,0.7,0.9292,78
1581178178.173,0.88,0.3223,0.7,0.9579,78
1581178178.356,0.86,0.3446,0.72,0.9576,78
1581178178.437,0.95,0.1706,0.73,0.9541,78
1581178178.622,0.87,0.3541,0.75,0.9579,79
1581178178.827,0.88,0.3495,0.73,0.917,79
1581178179.035,0.87,0.3316,0.75,0.8145,79
1581178179.247,0.89,0.3202,0.77,0.8299,79
1581178179.432,0.87,0.3358,0.78,0.8232,79
1581178179.643,0.91,0.2716,0.75,0.9039,79
1581178179.856,0.89,0.3001,0.77,0.926,79
1581178179.956,0.98,0.1215,0.75,0.9603,79
1581178180.173,0.87,0.3198,0.76,0.9748,80
1581178180.371,0.89,0.3288,0.76,0.9421,80
1581178180.553,0.91,0.2637,0.72,0.9433,80
1581178180.747,0.91,0.2867,0.74,0.9367,80
1581178180.958,0.9,0.291,0.74,0.9043,80
1581178181.18,0.89,0.2845,0.73,0.8974,80
1581178181.374,0.89,0.2808,0.75,0.9243,80
1581178181.454,0.99,0.0995,0.72,0.9923,80
1581178181.665,0.88,0.3096,0.74,0.9697,81
1581178181.878,0.91,0.2971,0.76,0.9543,81
1581178182.09,0.91,0.2629,0.75,0.9463,81
1581178182.275,0.91,0.2734,0.73,0.9608,81
1581178182.487,0.9,0.278,0.72,0.9505,81
1581178182.698,0.9,0.2737,0.72,0.9598,81
1581178182.913,0.9,0.2703,0.72,0.9641,81
1581178183.012,0.99,0.102,0.74,0.9755,81
1581178183.239,0.9,0.2759,0.74,0.9653,82
1581178183.432,0.91,0.2817,0.74,0.942,82
1581178183.642,0.91,0.2487,0.77,0.9427,82
1581178183.854,0.9,0.2832,0.78,0.9334,82
1581178184.063,0.91,0.2648,0.74,0.9474,82
1581178184.276,0.92,0.2419,0.74,0.9803,82
1581178184.49,0.91,0.2464,0.7,1.0016,82
1581178184.588,0.98,0.0978,0.72,1.0096,82
1581178184.803,0.89,0.2718,0.74,0.9911,83
1581178185.02,0.92,0.2668,0.73,1.0057,83
1581178185.242,0.91,0.241,0.77,1.012,83
1581178185.429,0.91,0.2711,0.78,1.0016,83
1581178185.61,0.91,0.2811,0.76,0.9755,83
1581178185.793,0.92,0.2365,0.73,0.9995,83
1581178185.977,0.92,0.2348,0.71,1.0488,83
1581178186.074,0.98,0.1001,0.76,1.0727,83
1581178186.262,0.89,0.2826,0.71,1.0311,84
1581178186.444,0.91,0.2749,0.72,1.0392,84
1581178186.648,0.91,0.2419,0.75,1.089,84
1581178186.861,0.9,0.2709,0.75,1.0576,84
1581178187.072,0.9,0.287,0.76,1.0044,84
1581178187.287,0.92,0.2494,0.74,0.9948,84
1581178187.471,0.91,0.2321,0.73,1.044,84
1581178187.552,0.98,0.1032,0.74,1.053,84
1581178187.778,0.89,0.2781,0.71,1.0506,85
1581178187.991,0.9,0.2972,0.71,1.0767,85
1581178188.188,0.9,0.2672,0.72,1.1627,85
1581178188.384,0.9,0.2842,0.72,1.1718,85
1581178188.568,0.9,0.2998,0.71,1.0796,85
1581178188.777,0.9,0.2723,0.71,1.036,85
1581178188.989,0.9,0.2606,0.73,1.0318,85
1581178189.088,0.99,0.1066,0.72,1.0757,85
1581178189.301,0.87,0.3307,0.69,1.0613,86
1581178189.488,0.9,0.2949,0.72,1.1571,86
1581178189.673,0.87,0.3225,0.75,1.1417,86
1581178189.886,0.89,0.2773,0.72,1.3597,86
1581178190.097,0.85,0.3939,0.7,1.148,86
1581178190.312,0.9,0.3034,0.73,1.1502,86
1581178190.495,0.86,0.3358,0.77,0.9907,86
1581178190.576,0.98,0.1039,0.66,1.1536,86
1581178190.767,0.81,0.4602,0.7,1.0375,87
1581178190.981,0.86,0.3716,0.73,1.1196,87
1581178191.204,0.85,0.3781,0.71,1.1411,87
1581178191.409,0.84,0.4121,0.71,1.2828,87
1581178191.643,0.87,0.3506,0.75,1.3862,87
1581178191.871,0.83,0.4871,0.7,1.0503,87
1581178192.097,0.9,0.2672,0.69,1.1898,87
1581178192.209,0.91,0.2309,0.75,1.0716,87
1581178192.444,0.86,0.3578,0.73,1.0093,88
1581178192.663,0.84,0.4091,0.7,1.0423,88
1581178192.878,0.82,0.4663,0.74,0.877,88
1581178193.087,0.9,0.2778,0.74,1.0567,88
1581178193.271,0.82,0.427,0.75,1.0058,88
1581178193.472,0.85,0.3687,0.73,1.0853,88
1581178193.688,0.85,0.342,0.72,1.1407,88
1581178193.788,0.91,0.2318,0.68,1.116,88
1581178194.004,0.86,0.395,0.7,1.0242,89
1581178194.198,0.88,0.3435,0.68,1.0588,89
1581178194.404,0.85,0.3692,0.73,0.9911,89
1581178194.617,0.89,0.3245,0.71,0.9632,89
1581178194.84,0.85,0.3872,0.74,0.8938,89
1581178195.051,0.88,0.3306,0.71,0.9551,89
1581178195.263,0.85,0.3519,0.75,0.9455,89
1581178195.354,0.97,0.1423,0.71,1.0946,89
1581178195.582,0.85,0.3989,0.69,1.0801,90
1581178195.795,0.86,0.3559,0.74,1.0247,90
1581178196.008,0.89,0.2995,0.75,0.9495,90
1581178196.199,0.89,0.3085,0.72,0.8952,90
1581178196.389,0.9,0.2698,0.74,0.9237,90
1581178196.578,0.89,0.3213,0.78,0.842,90
1581178196.791,0.89,0.2776,0.77,0.8603,90
1581178196.892,0.96,0.1455,0.78,0.894,90
1581178197.105,0.9,0.2716,0.72,0.9935,91
1581178197.314,0.9,0.2964,0.72,1.0245,91
1581178197.54,0.9,0.2665,0.72,0.9771,91
1581178197.752,0.89,0.2791,0.75,0.9775,91
1581178197.966,0.92,0.2441,0.75,1.0258,91
1581178198.175,0.91,0.2642,0.74,0.9999,91
1581178198.393,0.9,0.2681,0.72,0.9493,91
1581178198.495,0.98,0.1061,0.76,0.9653,91
1581178198.71,0.91,0.2539,0.76,1.0248,92
1581178198.922,0.9,0.2781,0.75,1.0566,92
1581178199.139,0.9,0.2583,0.71,1.0129,92
1581178199.349,0.91,0.2513,0.71,0.9801,92
1581178199.577,0.93,0.212,0.72,1.0316,92
1581178199.792,0.91,0.2565,0.75,1.0109,92
1581178200.007,0.91,0.2362,0.74,0.9957,92
1581178200.104,0.97,0.1037,0.76,0.9584,92
1581178200.293,0.91,0.2368,0.76,1.0112,93
1581178200.478,0.92,0.2431,0.75,1.0477,93
1581178200.666,0.91,0.2323,0.73,1.0454,93
1581178200.882,0.9,0.26,0.73,1.0383,93
1581178201.099,0.91,0.2466,0.77,1.0326,93
1581178201.314,0.93,0.2167,0.73,1.092,93
1581178201.527,0.89,0.2588,0.71,1.0851,93
1581178201.637,0.97,0.1114,0.72,1.1087,93
1581178201.865,0.9,0.2824,0.72,1.0739,94
1581178202.079,0.92,0.241,0.73,1.1811,94
1581178202.263,0.91,0.254,0.75,1.1288,94
1581178202.452,0.9,0.2547,0.75,1.1612,94
1581178202.636,0.9,0.2727,0.73,1.0732,94
1581178202.82,0.92,0.2162,0.77,1.1079,94
1581178203.03,0.89,0.2621,0.73,1.0974,94
1581178203.131,0.97,0.1223,0.71,1.1455,94
1581178203.344,0.87,0.3187,0.74,1.0746,95
1581178203.541,0.93,0.2207,0.71,1.2758,95
1581178203.754,0.88,0.3145,0.71,1.1067,95
1581178203.938,0.91,0.2563,0.72,1.19,95
1581178204.147,0.89,0.2984,0.71,1.1294,95
1581178204.331,0.92,0.2321,0.67,1.2033,95
1581178204.524,0.87,0.3118,0.76,1.0601,95
1581178204.623,0.98,0.0856,0.71,1.2136,95
1581178204.836,0.85,0.3702,0.74,1.0596,96
1581178205.048,0.92,0.2522,0.69,1.2002,96
1581178205.255,0.88,0.2876,0.75,1.1582,96
1581178205.464,0.88,0.3016,0.71,1.1173,96
1581178205.689,0.9,0.2698,0.72,1.1782,96
1581178205.902,0.88,0.3316,0.73,1.0688,96
1581178206.114,0.92,0.2141,0.73,1.1359,96
1581178206.196,0.94,0.1645,0.73,1.0634,96
1581178206.386,0.85,0.3539,0.7,1.0864,97
1581178206.599,0.88,0.3292,0.75,1.068,97
1581178206.812,0.86,0.3296,0.71,1.08,97
1581178207.035,0.91,0.2629,0.68,1.1862,97
1581178207.246,0.83,0.3779,0.7,1.098,97
1581178207.432,0.93,0.2309,0.7,1.1703,97
1581178207.623,0.85,0.3518,0.71,1.0985,97
1581178207.727,0.98,0.0961,0.71,1.2039,97
1581178207.947,0.88,0.3116,0.77,1.0492,98
1581178208.154,0.92,0.2472,0.72,1.0788,98
1581178208.354,0.89,0.2683,0.73,1.0265,98
1581178208.538,0.92,0.2331,0.73,1.0756,98
1581178208.732,0.92,0.2356,0.74,1.0586,98
1581178208.949,0.94,0.2045,0.72,1.0517,98
1581178209.156,0.93,0.2102,0.72,1.0635,98
1581178209.239,0.96,0.1059,0.76,1.0447,98
1581178209.45,0.94,0.1988,0.73,1.1228,99
1581178209.668,0.92,0.2449,0.73,1.1096,99
1581178209.894,0.94,0.1686,0.71,1.1614,99
1581178210.121,0.92,0.2187,0.71,1.1583,99
1581178210.348,0.92,0.2067,0.74,1.1509,99
1581178210.577,0.94,0.1858,0.73,1.1731,99
1581178210.795,0.93,0.197,0.73,1.1478,99
1581178210.898,1.0,0.0612,0.73,1.1931,99
