1578187037.323,0.25,1.3876,0.23,1.3773,0
1578187038.384,0.25,1.3802,0.4,1.3614,0
1578187039.463,0.38,1.3611,0.35,1.3467,0
1578187040.438,0.39,1.3401,0.36,1.3295,0
1578187041.435,0.37,1.3205,0.34,1.3058,0
1578187042.362,0.38,1.2927,0.38,1.2834,0
1578187043.292,0.39,1.2838,0.41,1.2639,0
1578187044.193,0.39,1.2637,0.41,1.2562,0
1578187045.252,0.4,1.251,0.4,1.2541,0
1578187046.338,0.39,1.257,0.37,1.2512,0
1578187047.369,0.4,1.2645,0.37,1.2495,0
1578187048.438,0.4,1.2625,0.39,1.248,0
1578187048.887,0.43,1.2501,0.35,1.243,0
1578187049.92,0.42,1.2402,0.4,1.2397,1
1578187050.94,0.43,1.2312,0.35,1.2386,1
1578187051.929,0.4,1.2426,0.38,1.2308,1
1578187052.883,0.44,1.2237,0.42,1.2334,1
1578187053.797,0.44,1.2312,0.37,1.2328,1
1578187054.685,0.44,1.2276,0.36,1.2436,1
1578187055.587,0.43,1.2395,0.39,1.2255,1
1578187056.605,0.43,1.2195,0.39,1.223,1
1578187057.498,0.43,1.2094,0.41,1.2253,1
1578187058.604,0.44,1.2166,0.42,1.2223,1
1578187059.693,0.44,1.2185,0.4,1.2179,1
1578187060.626,0.44,1.2239,0.39,1.2144,1
1578187061.078,0.45,1.211,0.42,1.2108,1
1578187062.16,0.45,1.2076,0.43,1.2085,2
1578187063.181,0.45,1.1966,0.43,1.2043,2
1578187064.199,0.44,1.2097,0.42,1.2005,2
1578187065.081,0.45,1.1948,0.43,1.2074,2
1578187066.189,0.46,1.2043,0.41,1.2038,2
1578187067.266,0.46,1.1944,0.44,1.2019,2
1578187068.382,0.46,1.2028,0.43,1.1951,2
1578187069.45,0.46,1.19,0.46,1.1958,2
1578187070.448,0.47,1.1812,0.44,1.1969,2
1578187071.442,0.47,1.1877,0.42,1.1994,2
1578187072.473,0.47,1.1943,0.42,1.1977,2
1578187073.457,0.46,1.2016,0.45,1.1918,2
1578187073.815,0.48,1.1838,0.46,1.1845,2
1578187074.888,0.48,1.1807,0.47,1.1881,3
1578187075.765,0.48,1.1746,0.48,1.1859,3
1578187076.829,0.47,1.1852,0.42,1.1824,3
1578187077.904,0.47,1.1686,0.43,1.1906,3
1578187078.887,0.48,1.1811,0.46,1.1816,3
1578187079.738,0.49,1.1671,0.44,1.1804,3
1578187080.695,0.48,1.1758,0.44,1.1772,3
1578187081.803,0.48,1.1673,0.45,1.1805,3
1578187082.721,0.49,1.1534,0.43,1.1856,3
1578187083.646,0.48,1.1607,0.4,1.1886,3
1578187084.604,0.48,1.1704,0.45,1.1807,3
1578187085.69,0.48,1.1777,0.43,1.1795,3
1578187086.086,0.51,1.1602,0.41,1.1711,3
1578187087.185,0.49,1.1569,0.45,1.1705,4
1578187088.328,0.49,1.1492,0.45,1.1766,4
1578187089.413,0.49,1.1581,0.43,1.1729,4
1578187090.423,0.49,1.1461,0.43,1.1713,4
1578187091.411,0.5,1.1552,0.43,1.1674,4
1578187092.488,0.5,1.1401,0.42,1.1669,4
1578187093.558,0.5,1.1526,0.46,1.1759,4
1578187094.595,0.49,1.1514,0.43,1.1745,4
1578187095.576,0.5,1.1351,0.46,1.1799,4
1578187096.563,0.5,1.1392,0.45,1.1761,4
1578187097.526,0.5,1.1482,0.42,1.1665,4
1578187098.559,0.49,1.1672,0.45,1.1865,4
1578187098.996,0.5,1.1512,0.45,1.1615,4
1578187099.958,0.5,1.1347,0.44,1.1724,5
1578187100.892,0.5,1.1488,0.44,1.1835,5
1578187101.98,0.49,1.1475,0.46,1.1773,5
1578187102.845,0.5,1.1319,0.43,1.1613,5
1578187103.73,0.52,1.1407,0.43,1.1595,5
1578187104.846,0.52,1.1234,0.46,1.1693,5
1578187105.896,0.51,1.1368,0.47,1.1722,5
1578187106.934,0.5,1.1316,0.44,1.1704,5
1578187107.813,0.51,1.1201,0.46,1.1703,5
1578187108.806,0.51,1.1219,0.48,1.1773,5
1578187109.801,0.51,1.1349,0.43,1.1602,5
1578187110.737,0.5,1.1442,0.44,1.1569,5
1578187111.155,0.53,1.1214,0.47,1.1643,5
1578187112.169,0.51,1.122,0.47,1.1583,6
1578187113.232,0.51,1.12,0.46,1.1546,6
1578187114.281,0.52,1.127,0.48,1.1603,6
1578187115.36,0.51,1.113,0.47,1.1618,6
1578187116.406,0.52,1.1235,0.44,1.1514,6
1578187117.402,0.53,1.1101,0.46,1.1519,6
1578187118.436,0.51,1.1209,0.48,1.1757,6
1578187119.563,0.5,1.1245,0.48,1.1608,6
1578187120.545,0.52,1.1022,0.44,1.1596,6
1578187121.522,0.52,1.1173,0.48,1.1641,6
1578187122.629,0.52,1.1169,0.48,1.1622,6
1578187123.658,0.52,1.1303,0.48,1.1493,6
1578187124.09,0.54,1.1066,0.46,1.1477,6
1578187124.993,0.53,1.1067,0.48,1.1519,7
1578187126.103,0.52,1.1088,0.47,1.1447,7
1578187127.213,0.53,1.1079,0.48,1.1403,7
1578187128.279,0.52,1.0992,0.48,1.1478,7
1578187129.388,0.53,1.1046,0.46,1.1406,7
1578187130.438,0.54,1.0876,0.46,1.1413,7
1578187131.491,0.52,1.1093,0.48,1.1471,7
1578187132.489,0.52,1.1029,0.46,1.1556,7
1578187133.494,0.53,1.0917,0.44,1.1439,7
1578187134.534,0.54,1.0931,0.47,1.1437,7
1578187135.636,0.53,1.0983,0.45,1.1443,7
1578187136.613,0.52,1.1139,0.47,1.1383,7
1578187137.032,0.55,1.0913,0.47,1.1314,7
1578187138.029,0.53,1.0935,0.49,1.1304,8
1578187138.971,0.53,1.0946,0.49,1.129,8
1578187139.899,0.54,1.0932,0.48,1.1251,8
1578187141.02,0.53,1.0852,0.49,1.1262,8
1578187142.051,0.54,1.0868,0.46,1.1227,8
1578187143.156,0.55,1.0733,0.47,1.1258,8
1578187144.26,0.53,1.0911,0.46,1.1356,8
1578187145.356,0.53,1.091,0.45,1.1317,8
1578187146.444,0.54,1.0728,0.47,1.1294,8
1578187147.373,0.55,1.0799,0.48,1.1423,8
1578187148.408,0.53,1.0892,0.47,1.122,8
1578187149.327,0.54,1.0993,0.47,1.1168,8
1578187149.699,0.56,1.0783,0.5,1.1259,8
1578187150.737,0.53,1.0832,0.49,1.11,9
1578187151.836,0.54,1.0816,0.51,1.1042,9
1578187152.864,0.54,1.0825,0.48,1.1165,9
1578187153.958,0.53,1.0764,0.49,1.1152,9
1578187154.967,0.54,1.0762,0.49,1.1111,9
1578187156.038,0.55,1.0669,0.45,1.1117,9
1578187156.977,0.53,1.0754,0.47,1.1315,9
1578187158.09,0.54,1.0836,0.47,1.1187,9
1578187159.02,0.55,1.0583,0.48,1.1214,9
1578187159.998,0.55,1.0692,0.48,1.1353,9
1578187161.131,0.53,1.0791,0.5,1.11,9
1578187162.186,0.54,1.0853,0.48,1.1024,9
1578187162.543,0.56,1.069,0.5,1.1094,9
1578187163.512,0.54,1.0698,0.51,1.0993,10
1578187164.427,0.54,1.0705,0.51,1.086,10
1578187165.463,0.55,1.0719,0.53,1.0864,10
1578187166.509,0.54,1.0618,0.53,1.1094,10
1578187167.546,0.54,1.0709,0.5,1.0893,10
1578187168.66,0.56,1.045,0.49,1.097,10
1578187169.684,0.53,1.0735,0.49,1.1135,10
1578187170.744,0.54,1.0729,0.5,1.1199,10
1578187171.77,0.55,1.0529,0.49,1.1122,10
1578187172.719,0.55,1.0634,0.49,1.0999,10
1578187173.67,0.55,1.0549,0.51,1.1051,10
1578187174.644,0.55,1.0792,0.48,1.0901,10
1578187175.055,0.57,1.0483,0.49,1.0876,10
1578187176.028,0.55,1.0595,0.5,1.0808,11
1578187176.958,0.56,1.0571,0.51,1.0793,11
1578187177.835,0.56,1.0529,0.52,1.0732,11
1578187178.725,0.55,1.0505,0.49,1.0817,11
1578187179.819,0.56,1.0482,0.52,1.0813,11
1578187180.847,0.57,1.0317,0.52,1.081,11
1578187181.933,0.54,1.0503,0.5,1.0866,11
1578187182.958,0.55,1.0529,0.51,1.1002,11
1578187184.061,0.56,1.0334,0.49,1.0945,11
1578187185.084,0.56,1.0374,0.5,1.0892,11
1578187186.102,0.56,1.0432,0.51,1.0813,11
1578187187.105,0.56,1.061,0.51,1.0772,11
1578187187.566,0.57,1.0346,0.5,1.0751,11
1578187188.568,0.56,1.0442,0.52,1.0658,12
1578187189.551,0.56,1.0461,0.52,1.0607,12
1578187190.519,0.56,1.0391,0.51,1.0656,12
1578187191.575,0.55,1.039,0.54,1.0768,12
1578187192.522,0.56,1.0389,0.52,1.0719,12
1578187193.45,0.58,1.0216,0.52,1.0744,12
1578187194.406,0.55,1.0379,0.51,1.0888,12
1578187195.533,0.55,1.0436,0.53,1.0926,12
1578187196.538,0.56,1.0197,0.52,1.0898,12
1578187197.5,0.56,1.0315,0.53,1.09,12
1578187198.587,0.56,1.037,0.54,1.071,12
1578187199.693,0.56,1.0492,0.52,1.0665,12
1578187200.15,0.58,1.0231,0.54,1.0714,12
1578187201.278,0.56,1.0352,0.53,1.0562,13
1578187202.384,0.56,1.0354,0.54,1.0509,13
1578187203.394,0.57,1.0346,0.53,1.0604,13
1578187204.288,0.56,1.0288,0.53,1.0817,13
1578187205.342,0.56,1.0364,0.54,1.0621,13
1578187206.432,0.58,1.0127,0.53,1.0679,13
1578187207.337,0.55,1.0307,0.55,1.0906,13
1578187208.401,0.56,1.0359,0.48,1.0922,13
1578187209.415,0.56,1.0112,0.54,1.0846,13
1578187210.466,0.56,1.0287,0.53,1.0771,13
1578187211.508,0.57,1.0238,0.52,1.0746,13
1578187212.537,0.56,1.0423,0.51,1.0596,13
1578187212.895,0.58,1.0089,0.54,1.0541,13
1578187213.79,0.57,1.0233,0.52,1.0518,14
1578187214.725,0.57,1.0272,0.57,1.0462,14
1578187215.823,0.57,1.0199,0.53,1.0445,14
1578187216.937,0.56,1.0207,0.55,1.0656,14
1578187217.862,0.57,1.0215,0.54,1.054,14
1578187218.757,0.59,0.9993,0.57,1.0606,14
1578187219.816,0.56,1.023,0.58,1.0699,14
1578187220.831,0.57,1.0194,0.51,1.0901,14
1578187221.761,0.56,1.0049,0.53,1.0698,14
1578187222.741,0.57,1.0107,0.54,1.0612,14
1578187223.824,0.57,1.0117,0.54,1.0638,14
1578187224.939,0.57,1.0307,0.55,1.0517,14
1578187225.39,0.59,0.9938,0.53,1.0417,14
1578187226.321,0.58,1.014,0.54,1.0374,15
1578187227.35,0.58,1.0162,0.57,1.0405,15
1578187228.373,0.58,1.0102,0.55,1.0392,15
1578187229.418,0.57,1.0099,0.53,1.054,15
1578187230.498,0.57,1.0093,0.58,1.0486,15
1578187231.478,0.59,0.9907,0.57,1.0566,15
1578187232.377,0.56,1.0091,0.58,1.0667,15
1578187233.445,0.58,1.0105,0.54,1.0784,15
1578187234.431,0.57,0.9908,0.54,1.065,15
1578187235.545,0.58,1.0007,0.56,1.0586,15
1578187236.62,0.58,1.0034,0.54,1.0525,15
1578187237.619,0.58,1.0187,0.54,1.0413,15
1578187238.071,0.6,0.9823,0.55,1.0331,15
1578187239.164,0.59,1.0041,0.57,1.0292,16
1578187240.04,0.58,1.008,0.57,1.0299,16
1578187241.058,0.58,1.0025,0.58,1.0336,16
1578187242.054,0.58,1.0021,0.54,1.0537,16
1578187243.044,0.58,1.003,0.59,1.0465,16
1578187244.143,0.59,0.9839,0.57,1.0576,16
1578187245.228,0.57,0.9999,0.56,1.0752,16
1578187246.322,0.57,1.0069,0.52,1.0757,16
1578187247.338,0.58,0.9805,0.57,1.0677,16
1578187248.341,0.58,0.9972,0.52,1.0643,16
1578187249.363,0.58,1.0008,0.53,1.047,16
1578187250.375,0.58,1.0096,0.55,1.0363,16
1578187250.775,0.6,0.9753,0.57,1.0311,16
1578187251.915,0.59,0.9968,0.57,1.0278,17
1578187252.813,0.59,1.0021,0.57,1.0244,17
1578187253.923,0.59,0.9981,0.57,1.0294,17
1578187255.014,0.58,0.9958,0.53,1.0573,17
1578187255.906,0.58,0.9999,0.57,1.045,17
1578187256.943,0.6,0.9775,0.54,1.0598,17
1578187258.039,0.57,0.9968,0.55,1.0792,17
1578187259.099,0.57,1.0035,0.52,1.0802,17
1578187260.222,0.58,0.9762,0.54,1.0702,17
1578187261.347,0.58,0.9953,0.54,1.0563,17
1578187262.277,0.58,0.9897,0.53,1.0525,17
1578187263.186,0.59,1.0059,0.53,1.0338,17
1578187263.645,0.6,0.9642,0.56,1.0234,17
1578187264.64,0.59,0.991,0.56,1.0266,18
1578187265.594,0.59,0.9955,0.59,1.0278,18
1578187266.592,0.59,0.9895,0.56,1.0246,18
1578187267.491,0.59,0.9917,0.55,1.0479,18
1578187268.508,0.58,0.9888,0.56,1.0448,18
1578187269.489,0.6,0.9702,0.55,1.0593,18
1578187270.513,0.57,0.9894,0.58,1.0646,18
1578187271.485,0.59,0.9881,0.55,1.084,18
1578187272.509,0.58,0.9727,0.55,1.0607,18
1578187273.562,0.59,0.9776,0.54,1.0516,18
1578187274.648,0.59,0.9827,0.55,1.0485,18
1578187275.585,0.59,0.997,0.54,1.0363,18
1578187275.972,0.61,0.9551,0.57,1.0213,18
1578187277.01,0.59,0.9849,0.57,1.0181,19
1578187278.033,0.59,0.9867,0.55,1.0288,19
1578187279.128,0.59,0.9843,0.58,1.0239,19
1578187280.221,0.59,0.9825,0.53,1.0411,19
1578187281.226,0.59,0.9807,0.56,1.0404,19
1578187282.151,0.6,0.9625,0.55,1.0531,19
1578187283.097,0.58,0.9756,0.56,1.0617,19
1578187284.202,0.59,0.9807,0.53,1.0757,19
1578187285.155,0.59,0.9605,0.54,1.0577,19
1578187286.314,0.59,0.9692,0.54,1.0494,19
1578187287.345,0.59,0.9753,0.56,1.0424,19
1578187288.355,0.6,0.9878,0.56,1.0312,19
1578187288.754,0.62,0.9451,0.56,1.0196,19
1578187289.702,0.6,0.9768,0.57,1.0168,20
1578187290.816,0.6,0.9802,0.57,1.0227,20
1578187291.928,0.59,0.9768,0.57,1.0221,20
1578187292.842,0.59,0.9757,0.55,1.0424,20
1578187293.899,0.59,0.9745,0.56,1.0381,20
1578187294.918,0.6,0.9568,0.55,1.0516,20
1578187296.032,0.58,0.9686,0.56,1.0664,20
1578187297.064,0.59,0.9773,0.52,1.0712,20
1578187298.069,0.59,0.9523,0.53,1.0564,20
1578187299.044,0.6,0.9658,0.54,1.0516,20
1578187300.021,0.6,0.9712,0.55,1.0381,20
1578187301.144,0.6,0.9802,0.54,1.0252,20
1578187301.6,0.62,0.9368,0.57,1.0188,20
1578187302.623,0.6,0.9704,0.57,1.0156,21
1578187303.577,0.6,0.9744,0.58,1.0171,21
1578187304.595,0.6,0.9705,0.57,1.0218,21
1578187305.706,0.6,0.9694,0.56,1.0483,21
1578187306.654,0.59,0.9703,0.55,1.0394,21
1578187307.586,0.61,0.9527,0.53,1.0531,21
1578187308.568,0.59,0.9628,0.55,1.0726,21
1578187309.541,0.59,0.9747,0.52,1.0699,21
1578187310.601,0.6,0.9455,0.53,1.056,21
1578187311.67,0.6,0.9632,0.53,1.0509,21
1578187312.673,0.59,0.9672,0.55,1.0347,21
1578187313.645,0.6,0.9733,0.54,1.0195,21
1578187314.125,0.62,0.9304,0.58,1.0133,21
1578187315.129,0.6,0.9646,0.54,1.0148,22
1578187316.252,0.6,0.9694,0.58,1.0124,22
1578187317.307,0.6,0.9647,0.58,1.0183,22
1578187318.349,0.6,0.9637,0.54,1.0525,22
1578187319.408,0.6,0.9665,0.53,1.0408,22
1578187320.529,0.61,0.9473,0.54,1.0561,22
1578187321.559,0.59,0.9603,0.54,1.0774,22
1578187322.51,0.59,0.9717,0.52,1.0746,22
1578187323.47,0.6,0.9417,0.54,1.0589,22
1578187324.489,0.6,0.962,0.51,1.0457,22
1578187325.461,0.6,0.9598,0.54,1.0364,22
1578187326.5,0.6,0.9689,0.54,1.018,22
1578187326.943,0.62,0.9228,0.58,1.0083,22
1578187327.866,0.61,0.9606,0.55,1.0169,23
1578187328.979,0.6,0.965,0.57,1.0151,23
1578187330.125,0.6,0.9579,0.57,1.0148,23
1578187331.186,0.6,0.9612,0.53,1.0489,23
1578187332.215,0.6,0.9594,0.52,1.0441,23
1578187333.29,0.61,0.9414,0.54,1.0555,23
1578187334.422,0.59,0.9574,0.56,1.0645,23
1578187335.359,0.6,0.9613,0.52,1.0809,23
1578187336.428,0.6,0.9417,0.53,1.0491,23
1578187337.493,0.61,0.9492,0.54,1.0366,23
1578187338.594,0.61,0.9524,0.54,1.0347,23
1578187339.683,0.6,0.9635,0.53,1.0207,23
1578187340.074,0.63,0.9165,0.57,1.0058,23
1578187341.188,0.61,0.959,0.54,1.0089,24
1578187342.304,0.61,0.9571,0.54,1.0208,24
1578187343.384,0.6,0.9551,0.55,1.0136,24
1578187344.44,0.61,0.9538,0.52,1.0398,24
1578187345.562,0.61,0.9523,0.51,1.0413,24
1578187346.559,0.61,0.9354,0.52,1.051,24
1578187347.609,0.6,0.9445,0.56,1.057,24
1578187348.681,0.6,0.9532,0.52,1.0739,24
1578187349.793,0.61,0.9326,0.54,1.0446,24
1578187350.821,0.61,0.9389,0.53,1.0367,24
1578187351.888,0.61,0.9478,0.55,1.0275,24
1578187352.836,0.61,0.9557,0.53,1.0214,24
1578187353.224,0.63,0.9104,0.56,1.0043,24
1578187354.266,0.61,0.9513,0.54,1.0055,25
1578187355.33,0.61,0.9524,0.54,1.0162,25
1578187356.449,0.6,0.9493,0.57,1.013,25
1578187357.49,0.61,0.9475,0.52,1.0396,25
1578187358.54,0.61,0.9483,0.54,1.0353,25
1578187359.484,0.62,0.9304,0.53,1.0486,25
1578187360.451,0.6,0.9376,0.57,1.0597,25
1578187361.47,0.61,0.9491,0.54,1.0684,25
1578187362.407,0.61,0.9248,0.53,1.0432,25
1578187363.523,0.61,0.9358,0.54,1.0391,25
1578187364.421,0.62,0.9423,0.54,1.0256,25
1578187365.454,0.62,0.9499,0.53,1.0157,25
1578187365.822,0.64,0.9015,0.55,1.0059,25
1578187366.907,0.61,0.9453,0.54,1.0064,26
1578187368.004,0.61,0.9471,0.55,1.0106,26
1578187369.166,0.61,0.9431,0.55,1.0135,26
1578187370.253,0.61,0.9419,0.52,1.0441,26
1578187371.228,0.61,0.944,0.51,1.0345,26
1578187372.231,0.62,0.9272,0.54,1.0509,26
1578187373.317,0.61,0.933,0.57,1.0658,26
1578187374.395,0.61,0.9464,0.54,1.0656,26
1578187375.282,0.62,0.9191,0.54,1.0446,26
1578187376.381,0.61,0.9334,0.54,1.0413,26
1578187377.408,0.61,0.9384,0.55,1.0218,26
1578187378.484,0.62,0.9444,0.55,1.0118,26
1578187378.873,0.64,0.8944,0.55,1.0052,26
1578187380.002,0.62,0.9404,0.54,1.0047,27
1578187381.123,0.61,0.9425,0.54,1.0081,27
1578187382.241,0.61,0.9378,0.56,1.0129,27
1578187383.291,0.62,0.9361,0.54,1.045,27
1578187384.146,0.61,0.9392,0.52,1.0357,27
1578187385.111,0.62,0.9229,0.54,1.0553,27
1578187386.115,0.61,0.9299,0.57,1.0683,27
1578187387.194,0.61,0.9435,0.54,1.067,27
1578187388.144,0.62,0.9145,0.54,1.0481,27
1578187389.192,0.61,0.9316,0.54,1.0409,27
1578187390.265,0.61,0.9345,0.55,1.0208,27
1578187391.313,0.62,0.9398,0.55,1.0123,27
1578187391.771,0.64,0.8876,0.54,1.0048,27
1578187392.71,0.62,0.9364,0.56,1.0066,28
1578187393.761,0.61,0.9386,0.53,1.0093,28
1578187394.796,0.61,0.933,0.55,1.012,28
1578187395.869,0.62,0.9318,0.53,1.0474,28
1578187396.902,0.61,0.9352,0.53,1.037,28
1578187397.994,0.63,0.9177,0.53,1.0559,28
1578187399.034,0.61,0.9272,0.53,1.0676,28
1578187400.075,0.61,0.9396,0.52,1.0711,28
1578187401.029,0.62,0.9123,0.54,1.0466,28
1578187401.992,0.62,0.9286,0.54,1.0376,28
1578187402.931,0.62,0.9283,0.54,1.0231,28
1578187403.832,0.62,0.9361,0.55,1.0109,28
1578187404.222,0.64,0.8807,0.54,1.0047,28
1578187405.238,0.62,0.934,0.56,1.0062,29
1578187406.33,0.62,0.9334,0.53,1.0101,29
1578187407.359,0.61,0.928,0.55,1.0112,29
1578187408.426,0.62,0.9276,0.54,1.0456,29
1578187409.535,0.62,0.9302,0.54,1.0368,29
1578187410.562,0.63,0.9146,0.54,1.0541,29
1578187411.539,0.61,0.922,0.56,1.0619,29
1578187412.507,0.61,0.9317,0.54,1.0713,29
1578187413.431,0.62,0.9089,0.54,1.0414,29
1578187414.444,0.62,0.9197,0.54,1.0369,29
1578187415.411,0.62,0.924,0.54,1.0203,29
1578187416.414,0.63,0.9315,0.54,1.0119,29
1578187416.865,0.65,0.8748,0.54,1.0049,29
1578187417.974,0.62,0.9309,0.53,1.0013,30
1578187418.923,0.62,0.9274,0.5,1.0127,30
1578187419.842,0.62,0.9249,0.55,1.0116,30
1578187420.769,0.62,0.9217,0.54,1.0416,30
1578187421.702,0.62,0.9253,0.54,1.0339,30
1578187422.727,0.63,0.9105,0.55,1.05,30
1578187423.772,0.62,0.9128,0.56,1.0564,30
1578187424.711,0.62,0.9257,0.54,1.0635,30
1578187425.829,0.63,0.9014,0.56,1.0379,30
1578187426.851,0.63,0.9122,0.55,1.0394,30
1578187427.856,0.62,0.92,0.53,1.0158,30
1578187428.815,0.63,0.9258,0.54,1.0147,30
1578187429.213,0.65,0.869,0.55,1.0054,30
1578187430.135,0.62,0.9252,0.51,0.9984,31
1578187431.038,0.62,0.923,0.51,1.0135,31
1578187432.005,0.62,0.9205,0.55,1.012,31
1578187432.937,0.62,0.9166,0.55,1.0388,31
1578187433.978,0.62,0.9204,0.54,1.0306,31
1578187435.052,0.63,0.905,0.53,1.0472,31
1578187436.117,0.62,0.906,0.56,1.0544,31
1578187437.205,0.62,0.9215,0.53,1.0608,31
1578187438.293,0.63,0.8947,0.56,1.0381,31
1578187439.359,0.63,0.9085,0.55,1.0395,31
1578187440.443,0.63,0.9145,0.53,1.0148,31
1578187441.605,0.63,0.9211,0.52,1.0148,31
1578187442.023,0.65,0.8606,0.51,1.006,31
1578187443.138,0.62,0.9199,0.51,0.9987,32
1578187444.254,0.62,0.9186,0.51,1.0141,32
1578187445.154,0.62,0.9153,0.54,1.0134,32
1578187446.042,0.63,0.9122,0.55,1.0414,32
1578187447.077,0.62,0.9159,0.55,1.0327,32
1578187448.132,0.63,0.901,0.53,1.0482,32
1578187449.151,0.63,0.9014,0.55,1.0561,32
1578187450.176,0.62,0.9183,0.53,1.0602,32
1578187451.202,0.63,0.8896,0.56,1.0377,32
1578187452.2,0.63,0.9059,0.53,1.0384,32
1578187453.127,0.63,0.9107,0.54,1.0123,32
1578187454.09,0.64,0.9172,0.53,1.0113,32
1578187454.512,0.66,0.8525,0.52,1.0047,32
1578187455.574,0.62,0.9154,0.52,0.9968,33
1578187456.52,0.62,0.9135,0.52,1.0131,33
1578187457.408,0.62,0.9103,0.54,1.0112,33
1578187458.447,0.63,0.9073,0.51,1.0441,33
1578187459.528,0.62,0.9119,0.57,1.0331,33
1578187460.572,0.63,0.8962,0.53,1.048,33
1578187461.448,0.63,0.8977,0.56,1.0575,33
1578187462.435,0.62,0.9152,0.53,1.0581,33
1578187463.365,0.64,0.885,0.54,1.0379,33
1578187464.362,0.63,0.9047,0.54,1.0397,33
1578187465.472,0.63,0.9078,0.55,1.0105,33
1578187466.591,0.64,0.9135,0.53,1.0104,33
1578187466.953,0.66,0.8448,0.52,1.0065,33
1578187468.078,0.62,0.9114,0.52,0.9961,34
1578187469.207,0.63,0.909,0.52,1.0152,34
1578187470.184,0.62,0.9065,0.53,1.0103,34
1578187471.141,0.63,0.9021,0.51,1.0445,34
1578187472.216,0.62,0.9078,0.57,1.0315,34
1578187473.18,0.64,0.8907,0.54,1.0464,34
1578187474.245,0.63,0.895,0.54,1.0558,34
1578187475.349,0.63,0.9123,0.52,1.0573,34
1578187476.312,0.64,0.8813,0.54,1.0362,34
1578187477.221,0.63,0.9039,0.53,1.0382,34
1578187478.257,0.63,0.9041,0.54,1.0108,34
1578187479.161,0.64,0.9095,0.54,1.0079,34
1578187479.516,0.66,0.8383,0.52,1.0081,34
1578187480.574,0.63,0.9081,0.53,0.9997,35
1578187481.63,0.63,0.9047,0.5,1.0159,35
1578187482.724,0.62,0.9016,0.52,1.0135,35
1578187483.686,0.63,0.8968,0.5,1.0498,35
1578187484.666,0.63,0.9047,0.57,1.0324,35
1578187485.615,0.64,0.8864,0.55,1.0512,35
1578187486.569,0.63,0.8938,0.54,1.0559,35
1578187487.572,0.63,0.9085,0.54,1.0578,35
1578187488.602,0.64,0.8788,0.54,1.0368,35
1578187489.613,0.63,0.901,0.55,1.0356,35
1578187490.603,0.63,0.8987,0.53,1.0119,35
1578187491.566,0.64,0.9065,0.52,1.0076,35
1578187491.968,0.67,0.8321,0.53,1.0084,35
1578187492.979,0.63,0.9055,0.53,1.0015,36
1578187494.108,0.63,0.901,0.51,1.0193,36
1578187495.045,0.63,0.8973,0.51,1.0137,36
1578187496.17,0.63,0.8935,0.51,1.0516,36
1578187497.13,0.63,0.9006,0.57,1.0336,36
1578187498.078,0.64,0.8825,0.54,1.0519,36
1578187499.196,0.64,0.8913,0.55,1.0541,36
1578187500.083,0.63,0.9018,0.53,1.0589,36
1578187501.196,0.64,0.877,0.54,1.0329,36
1578187502.192,0.64,0.8947,0.55,1.037,36
1578187503.317,0.63,0.8948,0.51,1.012,36
1578187504.291,0.64,0.9033,0.5,1.0095,36
1578187504.706,0.67,0.8266,0.53,1.0097,36
1578187505.612,0.63,0.9039,0.5,0.9986,37
1578187506.639,0.63,0.8959,0.53,1.0225,37
1578187507.539,0.63,0.8951,0.51,1.0126,37
1578187508.628,0.64,0.8886,0.5,1.0479,37
1578187509.598,0.63,0.8964,0.56,1.0321,37
1578187510.657,0.64,0.8792,0.54,1.046,37
1578187511.566,0.64,0.8825,0.55,1.0492,37
1578187512.556,0.64,0.8956,0.53,1.0564,37
1578187513.52,0.64,0.8726,0.55,1.0287,37
1578187514.542,0.64,0.8857,0.54,1.04,37
1578187515.49,0.63,0.892,0.5,1.0105,37
1578187516.618,0.65,0.8977,0.52,1.015,37
1578187517.028,0.67,0.8228,0.52,1.0091,37
1578187517.937,0.63,0.899,0.5,0.9965,38
1578187518.98,0.63,0.8921,0.52,1.0247,38
1578187520.04,0.63,0.8925,0.53,1.0109,38
1578187521.112,0.64,0.8842,0.51,1.0484,38
1578187521.97,0.63,0.8946,0.58,1.0278,38
1578187522.94,0.65,0.8743,0.54,1.0401,38
1578187523.846,0.64,0.876,0.54,1.0479,38
1578187524.782,0.64,0.8913,0.55,1.0509,38
1578187525.844,0.65,0.866,0.54,1.0257,38
1578187526.918,0.64,0.8808,0.54,1.0414,38
1578187527.813,0.63,0.8886,0.53,1.0075,38
1578187528.897,0.65,0.8931,0.5,1.0154,38
1578187529.269,0.68,0.8169,0.51,1.0072,38
1578187530.297,0.63,0.8929,0.49,0.9947,39
1578187531.374,0.64,0.8896,0.52,1.0251,39
1578187532.324,0.63,0.8889,0.5,1.0111,39
1578187533.201,0.64,0.8807,0.53,1.0502,39
1578187534.22,0.63,0.8917,0.57,1.0276,39
1578187535.194,0.65,0.8694,0.52,1.0407,39
1578187536.257,0.64,0.8712,0.53,1.0506,39
1578187537.336,0.64,0.8876,0.54,1.0507,39
1578187538.351,0.65,0.8608,0.53,1.0254,39
1578187539.287,0.64,0.8773,0.52,1.0425,39
1578187540.36,0.64,0.8844,0.52,1.0054,39
1578187541.388,0.65,0.8897,0.5,1.0139,39
1578187541.842,0.68,0.8105,0.51,1.0067,39
1578187542.755,0.64,0.8879,0.5,0.9939,40
1578187543.641,0.64,0.8866,0.54,1.0262,40
1578187544.742,0.63,0.8849,0.49,1.0114,40
1578187545.851,0.64,0.8775,0.53,1.052,40
1578187546.733,0.63,0.8883,0.55,1.0272,40
1578187547.616,0.66,0.865,0.53,1.0397,40
1578187548.635,0.64,0.8673,0.55,1.0531,40
1578187549.578,0.64,0.8839,0.53,1.052,40
1578187550.515,0.65,0.8565,0.53,1.0257,40
1578187551.528,0.64,0.8749,0.5,1.0479,40
1578187552.443,0.63,0.882,0.53,1.0053,40
1578187553.497,0.65,0.8867,0.51,1.0125,40
1578187553.96,0.68,0.8035,0.51,1.0091,40
1578187555.086,0.64,0.8839,0.51,0.9925,41
1578187555.962,0.64,0.8835,0.52,1.027,41
1578187556.954,0.63,0.8814,0.49,1.0115,41
1578187557.828,0.64,0.8727,0.53,1.0488,41
1578187558.794,0.64,0.8828,0.54,1.0292,41
1578187559.693,0.66,0.8597,0.51,1.0398,41
1578187560.814,0.65,0.8642,0.54,1.0558,41
1578187561.911,0.64,0.8804,0.52,1.0567,41
1578187562.87,0.65,0.8534,0.53,1.0267,41
1578187563.947,0.64,0.8736,0.51,1.0548,41
1578187564.99,0.63,0.8806,0.52,1.0068,41
1578187565.933,0.65,0.8831,0.5,1.0114,41
1578187566.317,0.68,0.7972,0.51,1.0139,41
1578187567.336,0.64,0.8807,0.51,0.9925,42
1578187568.404,0.64,0.8802,0.52,1.0266,42
1578187569.462,0.63,0.8773,0.48,1.0134,42
1578187570.478,0.65,0.8671,0.51,1.045,42
1578187571.433,0.64,0.8779,0.52,1.0303,42
1578187572.463,0.66,0.8553,0.52,1.0408,42
1578187573.375,0.65,0.861,0.54,1.0542,42
1578187574.389,0.64,0.8782,0.51,1.0592,42
1578187575.332,0.65,0.8505,0.51,1.0265,42
1578187576.404,0.64,0.872,0.51,1.0517,42
1578187577.443,0.64,0.8768,0.51,1.0083,42
1578187578.419,0.65,0.8778,0.49,1.0062,42
1578187578.873,0.68,0.7914,0.52,1.0173,42
1578187579.949,0.64,0.8778,0.5,0.9939,43
1578187580.869,0.64,0.8764,0.51,1.0235,43
1578187581.958,0.64,0.8724,0.49,1.0174,43
1578187583.068,0.65,0.8618,0.51,1.0451,43
1578187584.169,0.64,0.8739,0.53,1.0319,43
1578187585.236,0.66,0.8516,0.52,1.0462,43
1578187586.265,0.65,0.8578,0.54,1.0541,43
1578187587.173,0.64,0.8756,0.51,1.0641,43
1578187588.21,0.65,0.8476,0.51,1.0287,43
1578187589.258,0.64,0.8693,0.54,1.0504,43
1578187590.314,0.64,0.873,0.52,1.009,43
1578187591.289,0.65,0.8741,0.51,1.006,43
1578187591.636,0.68,0.7857,0.5,1.0155,43
1578187592.602,0.64,0.8733,0.49,0.9943,44
1578187593.734,0.64,0.8721,0.51,1.0214,44
1578187594.728,0.64,0.8687,0.48,1.0155,44
1578187595.667,0.65,0.8584,0.5,1.0474,44
1578187596.584,0.64,0.8717,0.55,1.0302,44
1578187597.551,0.66,0.8494,0.5,1.0467,44
1578187598.548,0.65,0.8551,0.55,1.0559,44
1578187599.632,0.64,0.8735,0.51,1.0619,44
1578187600.681,0.66,0.8428,0.51,1.0311,44
1578187601.818,0.64,0.8666,0.54,1.0501,44
1578187602.702,0.64,0.8695,0.51,1.0102,44
1578187603.762,0.65,0.8702,0.52,1.0071,44
1578187604.198,0.68,0.7805,0.51,1.0157,44
1578187605.302,0.65,0.869,0.5,0.9979,45
1578187606.193,0.64,0.868,0.51,1.0228,45
1578187607.225,0.64,0.8648,0.48,1.0179,45
1578187608.323,0.65,0.8546,0.5,1.0546,45
1578187609.34,0.64,0.8697,0.55,1.0312,45
1578187610.393,0.66,0.8462,0.5,1.0504,45
1578187611.309,0.65,0.8529,0.52,1.0582,45
1578187612.345,0.64,0.8707,0.52,1.06,45
1578187613.403,0.66,0.8389,0.51,1.0335,45
1578187614.355,0.65,0.8643,0.54,1.0498,45
1578187615.401,0.64,0.866,0.51,1.0117,45
1578187616.447,0.65,0.8671,0.52,1.0088,45
1578187616.9,0.69,0.7751,0.5,1.0157,45
1578187617.773,0.65,0.8653,0.51,1.0006,46
1578187618.667,0.65,0.8653,0.51,1.0238,46
1578187619.634,0.64,0.8613,0.5,1.0167,46
1578187620.691,0.65,0.8513,0.52,1.0578,46
1578187621.806,0.64,0.8673,0.55,1.0307,46
1578187622.78,0.66,0.8421,0.51,1.0532,46
1578187623.791,0.65,0.8524,0.53,1.0603,46
1578187624.766,0.64,0.8681,0.52,1.061,46
1578187625.881,0.66,0.8365,0.52,1.0372,46
1578187626.781,0.65,0.8649,0.53,1.0499,46
1578187627.708,0.65,0.8621,0.5,1.0149,46
1578187628.652,0.66,0.8649,0.51,1.0082,46
1578187629.078,0.69,0.7702,0.51,1.018,46
1578187630.182,0.65,0.8628,0.5,1.0049,47
1578187631.187,0.65,0.8628,0.51,1.0232,47
1578187632.265,0.65,0.8569,0.5,1.0185,47
1578187633.314,0.65,0.8483,0.5,1.0591,47
1578187634.368,0.64,0.8642,0.56,1.0321,47
1578187635.421,0.66,0.8389,0.51,1.0604,47
1578187636.322,0.66,0.8536,0.53,1.06,47
1578187637.195,0.65,0.8636,0.51,1.0656,47
1578187638.171,0.66,0.8365,0.51,1.04,47
1578187639.254,0.65,0.8624,0.53,1.0468,47
1578187640.306,0.65,0.8555,0.51,1.0204,47
1578187641.333,0.66,0.8631,0.51,1.0082,47
1578187641.681,0.69,0.7645,0.51,1.0208,47
1578187642.599,0.65,0.8636,0.5,1.006,48
1578187643.497,0.65,0.859,0.52,1.0231,48
1578187644.52,0.65,0.853,0.5,1.0192,48
1578187645.513,0.66,0.8459,0.5,1.054,48
1578187646.407,0.64,0.8587,0.53,1.0317,48
1578187647.444,0.67,0.839,0.51,1.0597,48
1578187648.507,0.66,0.8492,0.54,1.0505,48
1578187649.628,0.65,0.8551,0.51,1.0662,48
1578187650.607,0.66,0.8364,0.51,1.0348,48
1578187651.623,0.66,0.8486,0.53,1.047,48
1578187652.502,0.65,0.8525,0.5,1.0245,48
1578187653.447,0.66,0.8588,0.51,1.0182,48
1578187653.897,0.7,0.7632,0.51,1.0243,48
1578187654.845,0.65,0.8639,0.52,1.0058,49
1578187655.96,0.65,0.8532,0.51,1.0312,49
1578187656.865,0.65,0.8542,0.5,1.0205,49
1578187657.834,0.66,0.8394,0.5,1.0555,49
1578187658.736,0.65,0.8575,0.53,1.0304,49
1578187659.805,0.67,0.8357,0.52,1.0542,49
1578187660.81,0.66,0.8381,0.52,1.0505,49
1578187661.933,0.65,0.852,0.54,1.0618,49
1578187662.882,0.67,0.8278,0.53,1.0343,49
1578187663.749,0.66,0.8412,0.52,1.0532,49
1578187664.63,0.65,0.8509,0.51,1.0202,49
1578187665.57,0.66,0.852,0.51,1.0272,49
1578187666.015,0.7,0.763,0.52,1.018,49
1578187666.905,0.66,0.8539,0.51,1.0054,50
1578187667.821,0.65,0.8532,0.52,1.033,50
1578187668.852,0.65,0.8513,0.51,1.0213,50
1578187669.853,0.66,0.8379,0.49,1.0647,50
1578187670.858,0.65,0.8593,0.53,1.0278,50
1578187671.858,0.67,0.8288,0.52,1.0533,50
1578187672.802,0.66,0.8342,0.54,1.0583,50
1578187673.917,0.66,0.8469,0.56,1.0539,50
1578187674.864,0.67,0.8197,0.54,1.0391,50
1578187676.028,0.66,0.8378,0.52,1.0528,50
1578187676.923,0.66,0.8441,0.54,1.0173,50
1578187677.981,0.66,0.8524,0.5,1.0336,50
1578187678.389,0.7,0.7551,0.51,1.0108,50
1578187679.512,0.66,0.8463,0.51,1.0109,51
1578187680.607,0.65,0.8513,0.52,1.0311,51
1578187681.725,0.65,0.8449,0.5,1.0236,51
1578187682.669,0.66,0.8433,0.48,1.0841,51
1578187683.598,0.64,0.8631,0.53,1.0297,51
1578187684.494,0.67,0.8336,0.51,1.0572,51
1578187685.479,0.66,0.8327,0.52,1.0702,51
1578187686.504,0.65,0.8458,0.52,1.0503,51
1578187687.517,0.67,0.8181,0.53,1.0464,51
1578187688.65,0.66,0.8334,0.5,1.0549,51
1578187689.761,0.65,0.842,0.55,1.0164,51
1578187690.752,0.66,0.8506,0.5,1.0312,51
1578187691.115,0.71,0.7459,0.5,1.0118,51
1578187692.218,0.66,0.8441,0.49,1.0073,52
1578187693.087,0.66,0.845,0.5,1.0319,52
1578187694.068,0.65,0.8438,0.5,1.0218,52
1578187694.992,0.66,0.8407,0.5,1.082,52
1578187696.028,0.65,0.8571,0.53,1.0349,52
1578187697.132,0.67,0.8287,0.52,1.0485,52
1578187698.079,0.67,0.8267,0.49,1.0867,52
1578187699.154,0.65,0.8484,0.53,1.0527,52
1578187700.238,0.67,0.8123,0.52,1.0455,52
1578187701.274,0.66,0.8344,0.49,1.0721,52
1578187702.332,0.65,0.8438,0.55,1.0167,52
1578187703.4,0.66,0.8469,0.51,1.0291,52
1578187703.839,0.71,0.7385,0.48,1.0233,52
1578187704.949,0.66,0.8409,0.54,1.0029,53
1578187706.046,0.66,0.8444,0.5,1.0394,53
1578187706.936,0.65,0.8424,0.51,1.0181,53
1578187707.862,0.67,0.8302,0.48,1.0614,53
1578187708.861,0.65,0.8443,0.55,1.0391,53
1578187709.856,0.67,0.816,0.49,1.0469,53
1578187710.822,0.67,0.8276,0.48,1.0848,53
1578187711.734,0.66,0.8431,0.57,1.0653,53
1578187712.615,0.67,0.8104,0.53,1.0441,53
1578187713.717,0.66,0.8406,0.46,1.0837,53
1578187714.798,0.66,0.8439,0.52,1.0203,53
1578187715.8,0.66,0.8423,0.53,1.0182,53
1578187716.197,0.71,0.7338,0.5,1.0424,53
1578187717.269,0.66,0.8448,0.53,1.0013,54
1578187718.345,0.66,0.8445,0.5,1.0296,54
1578187719.311,0.65,0.8344,0.5,1.0277,54
1578187720.429,0.67,0.8205,0.5,1.0447,54
1578187721.44,0.66,0.8361,0.53,1.0408,54
1578187722.477,0.67,0.8107,0.51,1.0544,54
1578187723.421,0.67,0.8233,0.51,1.0673,54
1578187724.502,0.66,0.8354,0.52,1.0821,54
1578187725.501,0.67,0.8127,0.54,1.0444,54
1578187726.495,0.66,0.8384,0.5,1.0743,54
1578187727.571,0.66,0.8355,0.52,1.0318,54
1578187728.547,0.67,0.8372,0.54,1.0164,54
1578187729.0,0.71,0.7337,0.46,1.0537,54
1578187730.025,0.66,0.846,0.52,1.0039,55
1578187731.015,0.66,0.8369,0.52,1.0203,55
1578187732.074,0.65,0.8301,0.5,1.0435,55
1578187733.053,0.67,0.8181,0.5,1.0448,55
1578187734.196,0.66,0.8327,0.53,1.0372,55
1578187735.321,0.67,0.8121,0.52,1.0662,55
1578187736.351,0.67,0.8198,0.53,1.0615,55
1578187737.344,0.66,0.8336,0.52,1.0795,55
1578187738.407,0.67,0.8094,0.52,1.0449,55
1578187739.35,0.66,0.8256,0.48,1.0602,55
1578187740.483,0.66,0.828,0.5,1.0374,55
1578187741.591,0.67,0.833,0.52,1.0205,55
1578187742.025,0.71,0.7285,0.47,1.0399,55
1578187743.149,0.67,0.8362,0.5,1.0118,56
1578187744.286,0.66,0.8316,0.52,1.0222,56
1578187745.38,0.66,0.828,0.5,1.04,56
1578187746.314,0.67,0.8145,0.5,1.0583,56
1578187747.307,0.66,0.8317,0.54,1.0389,56
1578187748.384,0.67,0.8118,0.5,1.0732,56
1578187749.283,0.67,0.8168,0.52,1.0671,56
1578187750.178,0.66,0.8301,0.55,1.0751,56
1578187751.266,0.67,0.8037,0.53,1.049,56
1578187752.335,0.67,0.8198,0.48,1.0609,56
1578187753.303,0.67,0.8245,0.53,1.0325,56
1578187754.368,0.67,0.8302,0.51,1.0243,56
1578187754.839,0.72,0.7215,0.47,1.0318,56
1578187755.939,0.67,0.8301,0.5,1.0134,57
1578187756.897,0.66,0.8291,0.53,1.0276,57
1578187757.975,0.66,0.8243,0.5,1.0346,57
1578187758.926,0.68,0.8124,0.49,1.0724,57
1578187760.046,0.66,0.8318,0.53,1.0426,57
1578187760.983,0.68,0.8109,0.49,1.0787,57
1578187762.097,0.67,0.8143,0.5,1.0745,57
1578187763.003,0.66,0.8263,0.52,1.0743,57
1578187763.867,0.67,0.7999,0.53,1.0547,57
1578187764.906,0.67,0.8153,0.49,1.0673,57
1578187766.019,0.67,0.8218,0.54,1.0333,57
1578187767.035,0.67,0.8284,0.52,1.0325,57
1578187767.417,0.72,0.7165,0.49,1.0313,57
1578187768.532,0.67,0.8264,0.5,1.0166,58
1578187769.472,0.66,0.8263,0.52,1.0325,58
1578187770.567,0.66,0.8219,0.51,1.0323,58
1578187771.594,0.67,0.8123,0.46,1.0844,58
1578187772.583,0.66,0.833,0.53,1.0444,58
1578187773.631,0.67,0.8107,0.49,1.0803,58
1578187774.635,0.67,0.8114,0.49,1.0792,58
1578187775.714,0.66,0.8229,0.52,1.0706,58
1578187776.677,0.68,0.7967,0.52,1.0582,58
1578187777.704,0.67,0.8115,0.49,1.0692,58
1578187778.629,0.67,0.8193,0.52,1.0338,58
1578187779.718,0.67,0.8265,0.5,1.0396,58
1578187780.167,0.72,0.7119,0.49,1.0317,58
1578187781.294,0.67,0.8226,0.49,1.0226,59
1578187782.384,0.67,0.8234,0.52,1.038,59
1578187783.393,0.66,0.8194,0.51,1.0342,59
1578187784.325,0.68,0.8113,0.49,1.0952,59
1578187785.322,0.66,0.8336,0.53,1.0478,59
1578187786.488,0.67,0.8091,0.5,1.0808,59
1578187787.546,0.67,0.808,0.49,1.084,59
1578187788.665,0.67,0.8202,0.53,1.0681,59
1578187789.7,0.68,0.793,0.51,1.0589,59
1578187790.694,0.67,0.8078,0.49,1.0684,59
1578187791.679,0.67,0.8164,0.51,1.0315,59
1578187792.654,0.67,0.8235,0.5,1.0394,59
1578187793.053,0.72,0.7074,0.49,1.0284,59
1578187794.104,0.68,0.819,0.49,1.0218,60
1578187795.139,0.67,0.8207,0.52,1.0369,60
1578187796.176,0.66,0.8158,0.51,1.0333,60
1578187797.166,0.68,0.8082,0.49,1.0962,60
1578187798.145,0.66,0.8307,0.53,1.0484,60
1578187799.266,0.68,0.8045,0.5,1.0785,60
1578187800.378,0.68,0.8042,0.5,1.0879,60
1578187801.433,0.67,0.8167,0.53,1.0691,60
1578187802.386,0.68,0.789,0.51,1.0597,60
1578187803.442,0.68,0.8047,0.49,1.0721,60
1578187804.554,0.67,0.8133,0.52,1.0316,60
1578187805.616,0.67,0.8214,0.47,1.0437,60
1578187806.035,0.73,0.7033,0.5,1.0284,60
1578187807.155,0.68,0.8155,0.5,1.0228,61
1578187808.134,0.67,0.8179,0.52,1.04,61
1578187809.215,0.66,0.8128,0.51,1.033,61
1578187810.325,0.68,0.807,0.49,1.0998,61
1578187811.33,0.66,0.8294,0.54,1.0487,61
1578187812.426,0.68,0.8012,0.52,1.0763,61
1578187813.502,0.68,0.801,0.5,1.0918,61
1578187814.51,0.67,0.8142,0.53,1.0642,61
1578187815.515,0.68,0.7862,0.5,1.0632,61
1578187816.67,0.68,0.8008,0.49,1.0705,61
1578187817.685,0.68,0.8099,0.51,1.031,61
1578187818.656,0.67,0.8197,0.47,1.0483,61
1578187819.07,0.73,0.6999,0.49,1.0267,61
1578187820.176,0.68,0.8125,0.51,1.0247,62
1578187821.257,0.67,0.8147,0.52,1.0445,62
1578187822.135,0.66,0.8099,0.5,1.0375,62
1578187823.249,0.68,0.8066,0.49,1.108,62
1578187824.339,0.66,0.8283,0.55,1.0538,62
1578187825.449,0.68,0.798,0.51,1.0787,62
1578187826.577,0.68,0.7982,0.49,1.0998,62
1578187827.493,0.67,0.8121,0.52,1.064,62
1578187828.38,0.68,0.7839,0.5,1.0653,62
1578187829.44,0.68,0.7978,0.49,1.0725,62
1578187830.466,0.68,0.8073,0.51,1.0307,62
1578187831.56,0.68,0.8179,0.47,1.0512,62
1578187831.986,0.73,0.6963,0.51,1.0284,62
1578187832.943,0.68,0.8097,0.52,1.0243,63
1578187833.875,0.67,0.8124,0.53,1.0482,63
1578187834.768,0.67,0.8078,0.5,1.0383,63
1578187835.794,0.67,0.8054,0.49,1.1066,63
1578187836.823,0.66,0.8244,0.55,1.0545,63
1578187837.901,0.68,0.7926,0.52,1.0748,63
1578187838.934,0.68,0.7955,0.5,1.105,63
1578187839.808,0.67,0.8106,0.52,1.0649,63
1578187840.917,0.68,0.7803,0.49,1.0607,63
1578187841.951,0.68,0.7955,0.48,1.0816,63
1578187842.868,0.68,0.8076,0.52,1.0295,63
1578187843.927,0.67,0.8168,0.48,1.049,63
1578187844.384,0.74,0.6914,0.49,1.0354,63
1578187845.526,0.68,0.8067,0.51,1.0193,64
1578187846.459,0.67,0.8121,0.53,1.0548,64
1578187847.54,0.66,0.8074,0.51,1.0393,64
1578187848.668,0.68,0.8023,0.48,1.0951,64
1578187849.62,0.67,0.8152,0.54,1.06,64
1578187850.551,0.69,0.7857,0.52,1.0717,64
1578187851.536,0.68,0.7958,0.48,1.1152,64
1578187852.553,0.67,0.81,0.51,1.0725,64
1578187853.526,0.68,0.7774,0.5,1.0549,64
1578187854.585,0.68,0.7974,0.44,1.1047,64
1578187855.582,0.67,0.8139,0.52,1.0321,64
1578187856.652,0.67,0.8153,0.5,1.042,64
1578187857.077,0.74,0.6858,0.49,1.0557,64
1578187858.032,0.68,0.8097,0.54,1.0171,65
1578187859.163,0.67,0.818,0.52,1.0531,65
1578187860.285,0.66,0.8046,0.52,1.0427,65
1578187861.397,0.69,0.7906,0.5,1.0668,65
1578187862.313,0.67,0.8037,0.54,1.0671,65
1578187863.397,0.69,0.7817,0.52,1.0684,65
1578187864.472,0.68,0.794,0.5,1.0996,65
1578187865.394,0.67,0.8022,0.49,1.0931,65
1578187866.374,0.68,0.7799,0.54,1.0501,65
1578187867.376,0.67,0.8088,0.46,1.1118,65
1578187868.46,0.67,0.8149,0.5,1.0405,65
1578187869.465,0.68,0.807,0.54,1.0281,65
1578187869.925,0.73,0.6921,0.48,1.0942,65
1578187871.016,0.67,0.827,0.54,1.017,66
1578187871.945,0.67,0.813,0.52,1.0242,66
1578187872.927,0.67,0.7995,0.5,1.0837,66
1578187874.016,0.68,0.7929,0.53,1.0594,66
1578187875.144,0.67,0.8056,0.53,1.0579,66
1578187876.281,0.69,0.7823,0.53,1.0888,66
1578187877.373,0.68,0.7901,0.54,1.0812,66
1578187878.489,0.67,0.8064,0.51,1.0926,66
1578187879.616,0.68,0.7753,0.52,1.0571,66
1578187880.619,0.69,0.7882,0.51,1.055,66
1578187881.589,0.68,0.7964,0.48,1.0626,66
1578187882.618,0.68,0.8049,0.53,1.0283,66
1578187882.986,0.74,0.6796,0.5,1.0333,66
1578187884.034,0.68,0.7979,0.48,1.0434,67
1578187885.096,0.67,0.8018,0.51,1.0257,67
1578187886.19,0.67,0.7946,0.5,1.0537,67
1578187887.258,0.69,0.7828,0.48,1.0982,67
1578187888.349,0.67,0.8062,0.54,1.0637,67
1578187889.383,0.68,0.7856,0.51,1.0843,67
1578187890.366,0.69,0.7837,0.51,1.1031,67
1578187891.406,0.68,0.7979,0.49,1.0751,67
1578187892.489,0.69,0.7695,0.49,1.0665,67
1578187893.456,0.69,0.7835,0.46,1.0757,67
1578187894.507,0.68,0.7934,0.51,1.0403,67
1578187895.439,0.68,0.8018,0.49,1.0437,67
1578187895.891,0.75,0.6727,0.5,1.0409,67
1578187897.011,0.68,0.7954,0.53,1.0246,68
1578187898.123,0.68,0.7986,0.51,1.0408,68
1578187899.179,0.67,0.7896,0.51,1.0463,68
1578187900.311,0.69,0.7821,0.48,1.0853,68
1578187901.383,0.67,0.7981,0.53,1.0617,68
1578187902.505,0.69,0.7737,0.5,1.0805,68
1578187903.471,0.69,0.7821,0.5,1.1016,68
1578187904.386,0.68,0.7933,0.51,1.0845,68
1578187905.435,0.69,0.7669,0.5,1.0629,68
1578187906.466,0.68,0.7857,0.47,1.0917,68
1578187907.475,0.68,0.7947,0.5,1.043,68
1578187908.465,0.68,0.7997,0.5,1.0406,68
1578187908.95,0.75,0.6694,0.48,1.06,68
1578187910.086,0.69,0.7972,0.54,1.0218,69
1578187911.13,0.68,0.7979,0.51,1.0404,69
1578187912.249,0.68,0.7869,0.49,1.0538,69
1578187913.314,0.69,0.7773,0.48,1.073,69
1578187914.346,0.68,0.7909,0.53,1.0628,69
1578187915.473,0.69,0.7712,0.51,1.0849,69
1578187916.511,0.69,0.7802,0.49,1.0958,69
1578187917.52,0.68,0.7898,0.49,1.0943,69
1578187918.413,0.69,0.7681,0.52,1.0633,69
1578187919.332,0.68,0.7882,0.45,1.0984,69
1578187920.372,0.68,0.7951,0.48,1.0491,69
1578187921.44,0.67,0.798,0.54,1.0381,69
1578187921.87,0.74,0.6669,0.5,1.0737,69
1578187922.884,0.68,0.7986,0.52,1.0234,70
1578187923.845,0.68,0.7947,0.51,1.0351,70
1578187924.833,0.68,0.784,0.49,1.0693,70
1578187925.782,0.69,0.776,0.49,1.0692,70
1578187926.734,0.68,0.7871,0.53,1.0647,70
1578187927.752,0.69,0.7731,0.5,1.0903,70
1578187928.692,0.69,0.7783,0.48,1.0903,70
1578187929.817,0.68,0.7886,0.5,1.0981,70
1578187930.943,0.68,0.769,0.52,1.0592,70
1578187932.011,0.68,0.7846,0.47,1.0954,70
1578187932.953,0.68,0.793,0.47,1.0531,70
1578187934.076,0.67,0.7958,0.55,1.0346,70
1578187934.539,0.74,0.6653,0.5,1.0813,70
1578187935.534,0.68,0.7984,0.53,1.0288,71
1578187936.547,0.68,0.7902,0.52,1.033,71
1578187937.506,0.68,0.7844,0.48,1.0834,71
1578187938.616,0.69,0.7751,0.49,1.0742,71
1578187939.702,0.68,0.786,0.55,1.0667,71
1578187940.706,0.69,0.7762,0.51,1.0958,71
1578187941.79,0.69,0.7762,0.51,1.0945,71
1578187942.728,0.68,0.7912,0.5,1.0959,71
1578187943.632,0.68,0.7655,0.5,1.0595,71
1578187944.743,0.69,0.7785,0.5,1.0879,71
1578187945.811,0.68,0.7904,0.47,1.0569,71
1578187946.928,0.68,0.791,0.54,1.0316,71
1578187947.352,0.74,0.6608,0.51,1.0691,71
1578187948.421,0.69,0.7901,0.52,1.0362,72
1578187949.53,0.68,0.7859,0.52,1.0338,72
1578187950.644,0.68,0.7837,0.48,1.0767,72
1578187951.67,0.69,0.7694,0.49,1.0911,72
1578187952.605,0.68,0.7882,0.54,1.0707,72
1578187953.671,0.69,0.7736,0.51,1.0947,72
1578187954.669,0.69,0.772,0.5,1.1032,72
1578187955.566,0.68,0.7902,0.51,1.0933,72
1578187956.525,0.69,0.7572,0.5,1.0626,72
1578187957.56,0.69,0.7757,0.49,1.0791,72
1578187958.681,0.68,0.7836,0.48,1.0581,72
1578187959.823,0.68,0.7856,0.53,1.0319,72
1578187960.263,0.75,0.6532,0.5,1.0518,72
1578187961.253,0.69,0.7822,0.53,1.0425,73
1578187962.31,0.68,0.7852,0.51,1.0345,73
1578187963.346,0.68,0.7778,0.5,1.0616,73
1578187964.412,0.7,0.7652,0.46,1.1015,73
1578187965.45,0.68,0.7885,0.54,1.069,73
1578187966.582,0.7,0.7664,0.51,1.092,73
1578187967.67,0.7,0.7686,0.49,1.1053,73
1578187968.732,0.68,0.7835,0.51,1.0939,73
1578187969.769,0.69,0.7513,0.49,1.0674,73
1578187970.839,0.69,0.7722,0.47,1.0778,73
1578187971.865,0.69,0.7782,0.5,1.0562,73
1578187972.842,0.68,0.7825,0.53,1.0366,73
1578187973.221,0.76,0.6467,0.51,1.0482,73
1578187974.304,0.7,0.7788,0.54,1.0392,74
1578187975.429,0.69,0.7822,0.51,1.0394,74
1578187976.54,0.69,0.7716,0.5,1.0529,74
1578187977.593,0.7,0.7632,0.49,1.1037,74
1578187978.64,0.68,0.7863,0.53,1.0662,74
1578187979.642,0.7,0.7618,0.51,1.0901,74
1578187980.754,0.7,0.7655,0.5,1.1019,74
1578187981.869,0.68,0.778,0.49,1.088,74
1578187982.832,0.7,0.7476,0.5,1.0702,74
1578187983.729,0.69,0.7674,0.47,1.0771,74
1578187984.639,0.69,0.7748,0.5,1.0513,74
1578187985.771,0.69,0.7803,0.51,1.0437,74
1578187986.192,0.76,0.6418,0.51,1.0447,74
1578187987.318,0.7,0.7745,0.53,1.0382,75
1578187988.3,0.69,0.778,0.5,1.0442,75
1578187989.244,0.69,0.7677,0.51,1.0503,75
1578187990.278,0.7,0.7617,0.48,1.1128,75
1578187991.361,0.68,0.7867,0.54,1.0686,75
1578187992.412,0.7,0.7638,0.51,1.1001,75
1578187993.439,0.7,0.7648,0.49,1.0987,75
1578187994.48,0.69,0.7746,0.49,1.0837,75
1578187995.414,0.7,0.7453,0.48,1.0753,75
1578187996.368,0.7,0.7635,0.48,1.0724,75
1578187997.339,0.69,0.7725,0.5,1.0499,75
1578187998.371,0.69,0.7786,0.49,1.0482,75
1578187998.822,0.76,0.6377,0.5,1.044,75
1578187999.946,0.7,0.7709,0.51,1.0384,76
1578188000.913,0.69,0.7741,0.49,1.0438,76
1578188002.035,0.69,0.7641,0.51,1.0518,76
1578188002.919,0.7,0.7593,0.48,1.1092,76
1578188003.876,0.68,0.7833,0.56,1.0662,76
1578188004.978,0.69,0.7644,0.49,1.1055,76
1578188006.083,0.69,0.765,0.49,1.0909,76
1578188007.145,0.69,0.7712,0.5,1.0837,76
1578188008.026,0.7,0.7433,0.48,1.0766,76
1578188009.102,0.7,0.7604,0.49,1.0711,76
1578188010.189,0.69,0.7695,0.51,1.0515,76
1578188011.285,0.69,0.7776,0.5,1.0508,76
1578188011.677,0.77,0.635,0.49,1.0481,76
1578188012.567,0.7,0.7683,0.51,1.0367,77
1578188013.503,0.69,0.7714,0.49,1.0466,77
1578188014.527,0.69,0.7606,0.5,1.0541,77
1578188015.645,0.7,0.7562,0.47,1.1049,77
1578188016.639,0.68,0.7787,0.55,1.0647,77
1578188017.69,0.7,0.7597,0.51,1.1088,77
1578188018.682,0.7,0.7642,0.5,1.0888,77
1578188019.764,0.69,0.7694,0.51,1.0803,77
1578188020.684,0.7,0.7413,0.48,1.0745,77
1578188021.784,0.7,0.7581,0.48,1.0682,77
1578188022.855,0.69,0.767,0.51,1.0507,77
1578188023.947,0.69,0.7762,0.5,1.0583,77
1578188024.39,0.77,0.6318,0.51,1.0499,77
1578188025.475,0.7,0.7654,0.51,1.04,78
1578188026.558,0.69,0.7692,0.48,1.0474,78
1578188027.662,0.69,0.7572,0.5,1.0525,78
1578188028.788,0.7,0.7548,0.46,1.1059,78
1578188029.789,0.68,0.7776,0.56,1.063,78
1578188030.727,0.7,0.7587,0.49,1.1125,78
1578188031.793,0.69,0.7643,0.5,1.0859,78
1578188032.866,0.69,0.7657,0.49,1.0774,78
1578188033.974,0.7,0.7373,0.47,1.0865,78
1578188035.09,0.7,0.7576,0.49,1.0657,78
1578188036.192,0.69,0.7649,0.52,1.0472,78
1578188037.227,0.69,0.7732,0.51,1.0578,78
1578188037.68,0.77,0.6283,0.52,1.0441,78
1578188038.613,0.7,0.7621,0.52,1.0405,79
1578188039.742,0.69,0.7671,0.5,1.0491,79
1578188040.842,0.69,0.7547,0.51,1.0564,79
1578188041.984,0.7,0.7533,0.46,1.1103,79
1578188042.955,0.68,0.7763,0.56,1.0666,79
1578188044.022,0.7,0.7581,0.48,1.1123,79
1578188045.006,0.7,0.7619,0.5,1.082,79
1578188046.068,0.69,0.7612,0.5,1.0707,79
1578188047.141,0.7,0.7356,0.47,1.0832,79
1578188048.191,0.7,0.7546,0.5,1.0576,79
1578188049.236,0.7,0.7601,0.51,1.0438,79
1578188050.306,0.69,0.7707,0.51,1.0567,79
1578188050.73,0.77,0.6256,0.52,1.0428,79
1578188051.749,0.7,0.7595,0.52,1.0377,80
1578188052.761,0.69,0.7644,0.5,1.0463,80
1578188053.754,0.7,0.7517,0.51,1.0551,80
1578188054.719,0.71,0.7489,0.47,1.1024,80
1578188055.649,0.69,0.7713,0.55,1.0676,80
1578188056.612,0.7,0.7549,0.47,1.1139,80
1578188057.553,0.7,0.7596,0.5,1.083,80
1578188058.524,0.69,0.7596,0.5,1.0764,80
1578188059.623,0.7,0.734,0.47,1.0841,80
1578188060.685,0.7,0.7523,0.51,1.0577,80
1578188061.752,0.7,0.7573,0.52,1.0459,80
1578188062.684,0.69,0.7692,0.52,1.0588,80
1578188063.088,0.77,0.6242,0.52,1.0433,80
1578188064.163,0.7,0.7573,0.54,1.0371,81
1578188065.282,0.69,0.7621,0.51,1.0466,81
1578188066.368,0.7,0.749,0.51,1.0543,81
1578188067.482,0.71,0.7462,0.48,1.1011,81
1578188068.581,0.69,0.7691,0.55,1.0644,81
1578188069.636,0.7,0.7513,0.46,1.1148,81
1578188070.659,0.7,0.7583,0.5,1.0836,81
1578188071.72,0.69,0.7597,0.52,1.0711,81
1578188072.695,0.7,0.7317,0.48,1.0899,81
1578188073.703,0.7,0.7509,0.51,1.0554,81
1578188074.701,0.7,0.756,0.52,1.0463,81
1578188075.779,0.69,0.7675,0.52,1.0622,81
1578188076.162,0.78,0.6194,0.52,1.0415,81
1578188077.221,0.7,0.7542,0.53,1.0417,82
1578188078.228,0.69,0.7608,0.51,1.0457,82
1578188079.212,0.7,0.7458,0.51,1.0573,82
1578188080.313,0.71,0.7448,0.47,1.1052,82
1578188081.44,0.69,0.7683,0.55,1.0634,82
1578188082.439,0.7,0.7502,0.48,1.1162,82
1578188083.435,0.7,0.7567,0.5,1.0822,82
1578188084.416,0.69,0.7558,0.51,1.0639,82
1578188085.49,0.7,0.7298,0.48,1.0955,82
1578188086.511,0.7,0.75,0.51,1.0552,82
1578188087.522,0.7,0.7529,0.51,1.0428,82
1578188088.644,0.69,0.7661,0.51,1.0674,82
1578188089.055,0.78,0.6149,0.52,1.042,82
1578188090.16,0.7,0.7521,0.52,1.0449,83
1578188091.243,0.69,0.7596,0.5,1.0471,83
1578188092.311,0.7,0.7433,0.5,1.0621,83
1578188093.21,0.71,0.7449,0.48,1.1104,83
1578188094.314,0.69,0.768,0.55,1.0686,83
1578188095.287,0.7,0.7515,0.46,1.1203,83
1578188096.263,0.7,0.7559,0.49,1.084,83
1578188097.278,0.7,0.7513,0.53,1.0629,83
1578188098.293,0.7,0.7297,0.48,1.0988,83
1578188099.255,0.7,0.7488,0.51,1.0555,83
1578188100.326,0.7,0.7499,0.52,1.0387,83
1578188101.452,0.68,0.7654,0.52,1.0654,83
1578188101.947,0.78,0.6112,0.52,1.044,83
1578188102.953,0.7,0.7502,0.5,1.0411,84
1578188103.922,0.69,0.7583,0.51,1.0476,84
1578188104.885,0.7,0.7416,0.51,1.0668,84
1578188105.8,0.7,0.7457,0.5,1.1099,84
1578188106.858,0.69,0.7664,0.56,1.0737,84
1578188107.838,0.7,0.7517,0.47,1.1215,84
1578188108.856,0.7,0.7545,0.49,1.091,84
1578188109.948,0.7,0.7489,0.52,1.0669,84
1578188110.98,0.7,0.732,0.47,1.0964,84
1578188112.022,0.7,0.7458,0.5,1.0646,84
1578188113.013,0.7,0.7497,0.51,1.0385,84
1578188114.007,0.68,0.7658,0.5,1.0623,84
1578188114.367,0.78,0.6074,0.54,1.052,84
1578188115.5,0.7,0.752,0.52,1.0387,85
1578188116.472,0.69,0.7565,0.52,1.0462,85
1578188117.586,0.7,0.7404,0.53,1.0714,85
1578188118.617,0.7,0.751,0.5,1.113,85
1578188119.7,0.69,0.7656,0.57,1.0705,85
1578188120.617,0.7,0.7485,0.48,1.1105,85
1578188121.658,0.7,0.7478,0.51,1.1111,85
1578188122.542,0.69,0.7545,0.53,1.0676,85
1578188123.655,0.7,0.7338,0.47,1.0843,85
1578188124.614,0.7,0.7389,0.5,1.0865,85
1578188125.735,0.7,0.7558,0.52,1.0368,85
1578188126.836,0.69,0.7665,0.49,1.0591,85
1578188127.29,0.78,0.6039,0.52,1.0607,85
1578188128.26,0.7,0.7526,0.51,1.0368,86
1578188129.385,0.69,0.753,0.51,1.0575,86
1578188130.412,0.69,0.7495,0.52,1.0662,86
1578188131.473,0.69,0.757,0.44,1.1259,86
1578188132.48,0.69,0.7662,0.55,1.0698,86
1578188133.602,0.7,0.7418,0.55,1.0818,86
1578188134.695,0.7,0.7453,0.45,1.1623,86
1578188135.764,0.69,0.7746,0.53,1.0681,86
1578188136.807,0.71,0.722,0.53,1.0673,86
1578188137.744,0.7,0.7582,0.46,1.1437,86
1578188138.717,0.68,0.784,0.53,1.0436,86
1578188139.862,0.69,0.7637,0.53,1.0404,86
1578188140.22,0.77,0.6052,0.51,1.0872,86
1578188141.301,0.69,0.7615,0.52,1.0588,87
1578188142.206,0.68,0.7849,0.53,1.0593,87
1578188143.185,0.69,0.7487,0.5,1.0813,87
1578188144.17,0.7,0.7465,0.51,1.0912,87
1578188145.294,0.68,0.7669,0.53,1.0893,87
1578188146.36,0.71,0.7243,0.51,1.0735,87
1578188147.386,0.71,0.7437,0.5,1.0819,87
1578188148.4,0.7,0.7435,0.46,1.1369,87
1578188149.522,0.69,0.7349,0.53,1.0515,87
1578188150.426,0.7,0.7432,0.53,1.0508,87
1578188151.506,0.71,0.7422,0.46,1.0931,87
1578188152.535,0.7,0.7581,0.53,1.0421,87
1578188152.967,0.77,0.6069,0.52,1.0405,87
1578188154.085,0.7,0.7442,0.52,1.0548,88
1578188155.204,0.69,0.7503,0.51,1.0407,88
1578188156.341,0.7,0.7418,0.5,1.057,88
1578188157.375,0.71,0.7263,0.48,1.1133,88
1578188158.437,0.69,0.7575,0.55,1.0735,88
1578188159.504,0.7,0.7378,0.53,1.0929,88
1578188160.635,0.71,0.7329,0.46,1.1305,88
1578188161.662,0.69,0.7573,0.56,1.068,88
1578188162.645,0.71,0.7239,0.52,1.088,88
1578188163.701,0.7,0.7378,0.47,1.0947,88
1578188164.766,0.7,0.7572,0.53,1.0302,88
1578188165.752,0.69,0.7603,0.49,1.0609,88
1578188166.175,0.79,0.5943,0.51,1.0639,88
1578188167.168,0.71,0.7447,0.55,1.0234,89
1578188168.224,0.69,0.7572,0.48,1.078,89
1578188169.285,0.7,0.7467,0.51,1.0674,89
1578188170.414,0.71,0.7329,0.51,1.0674,89
1578188171.529,0.7,0.7411,0.53,1.097,89
1578188172.572,0.71,0.7305,0.53,1.0649,89
1578188173.642,0.71,0.7322,0.48,1.1024,89
1578188174.671,0.7,0.7417,0.49,1.115,89
1578188175.754,0.7,0.7247,0.55,1.0575,89
1578188176.729,0.7,0.7514,0.49,1.0925,89
1578188177.738,0.7,0.7428,0.48,1.0756,89
1578188178.673,0.7,0.7471,0.56,1.0332,89
1578188179.091,0.77,0.6071,0.5,1.0741,89
1578188180.052,0.71,0.7414,0.52,1.0538,90
1578188181.007,0.7,0.7455,0.55,1.0292,90
1578188182.131,0.7,0.7442,0.49,1.0766,90
1578188183.069,0.72,0.7229,0.46,1.1203,90
1578188184.128,0.7,0.7539,0.54,1.0692,90
1578188185.229,0.71,0.7298,0.52,1.1039,90
1578188186.097,0.71,0.7385,0.47,1.1398,90
1578188187.158,0.69,0.7603,0.51,1.076,90
1578188188.267,0.71,0.7116,0.53,1.1111,90
1578188189.195,0.69,0.7659,0.47,1.0841,90
1578188190.303,0.7,0.7577,0.51,1.06,90
1578188191.397,0.7,0.7472,0.52,1.0629,90
1578188191.859,0.76,0.6031,0.52,1.0432,90
1578188192.741,0.7,0.7371,0.52,1.0576,91
1578188193.815,0.7,0.7568,0.49,1.0553,91
1578188194.786,0.7,0.7338,0.52,1.0435,91
1578188195.756,0.71,0.7262,0.5,1.1101,91
1578188196.678,0.7,0.7582,0.54,1.0692,91
1578188197.7,0.72,0.7103,0.52,1.1155,91
1578188198.64,0.7,0.7621,0.47,1.1156,91
1578188199.674,0.69,0.7554,0.47,1.116,91
1578188200.785,0.71,0.7284,0.55,1.1233,91
1578188201.936,0.68,0.778,0.5,1.0526,91
1578188202.895,0.71,0.7315,0.47,1.1131,91
1578188203.926,0.68,0.7812,0.56,1.0566,91
1578188204.394,0.76,0.6109,0.53,1.0813,91
1578188205.514,0.7,0.7723,0.51,1.0927,92
1578188206.429,0.67,0.7743,0.53,1.0507,92
1578188207.438,0.69,0.7572,0.51,1.1037,92
1578188208.539,0.7,0.7532,0.46,1.1193,92
1578188209.516,0.69,0.7536,0.52,1.0795,92
1578188210.522,0.69,0.7646,0.49,1.0939,92
1578188211.586,0.71,0.7328,0.48,1.1371,92
1578188212.597,0.69,0.7539,0.48,1.0977,92
1578188213.646,0.7,0.7361,0.53,1.0578,92
1578188214.757,0.71,0.7426,0.5,1.1341,92
1578188215.873,0.69,0.7699,0.47,1.0709,92
1578188216.774,0.7,0.7403,0.53,1.0631,92
1578188217.158,0.78,0.6245,0.51,1.048,92
1578188218.141,0.71,0.7322,0.51,1.0842,93
1578188219.091,0.69,0.772,0.51,1.0339,93
1578188220.217,0.7,0.7279,0.52,1.0652,93
1578188221.351,0.71,0.7456,0.47,1.1057,93
1578188222.375,0.7,0.7474,0.53,1.0838,93
1578188223.298,0.71,0.7253,0.55,1.0634,93
1578188224.241,0.71,0.7365,0.44,1.1276,93
1578188225.354,0.7,0.7444,0.49,1.1127,93
1578188226.289,0.71,0.7158,0.55,1.0922,93
1578188227.312,0.69,0.7555,0.5,1.0802,93
1578188228.336,0.71,0.7273,0.45,1.1102,93
1578188229.335,0.69,0.7594,0.52,1.0456,93
1578188229.794,0.78,0.5986,0.51,1.0582,93
1578188230.811,0.71,0.7431,0.48,1.0778,94
1578188231.756,0.69,0.7519,0.54,1.0295,94
1578188232.862,0.7,0.7346,0.52,1.0355,94
1578188233.821,0.71,0.7258,0.47,1.1285,94
1578188234.742,0.69,0.7582,0.53,1.0611,94
1578188235.632,0.72,0.708,0.57,1.0703,94
1578188236.642,0.7,0.7481,0.48,1.1398,94
1578188237.735,0.7,0.7338,0.46,1.144,94
1578188238.834,0.7,0.7263,0.55,1.0684,94
1578188239.908,0.7,0.761,0.48,1.0887,94
1578188240.958,0.71,0.7297,0.46,1.13,94
1578188242.061,0.69,0.7615,0.52,1.0433,94
1578188242.453,0.78,0.5954,0.55,1.0266,94
1578188243.487,0.71,0.7341,0.49,1.1044,95
1578188244.438,0.69,0.7639,0.51,1.0449,95
1578188245.481,0.7,0.7233,0.55,1.0433,95
1578188246.361,0.69,0.7592,0.48,1.1153,95
1578188247.363,0.7,0.7472,0.47,1.1099,95
1578188248.386,0.71,0.721,0.56,1.0796,95
1578188249.437,0.69,0.7586,0.52,1.0925,95
1578188250.476,0.71,0.7281,0.44,1.2245,95
1578188251.485,0.67,0.7852,0.55,1.087,95
1578188252.461,0.7,0.7426,0.56,1.0729,95
1578188253.435,0.69,0.7672,0.45,1.1299,95
1578188254.381,0.69,0.7636,0.46,1.087,95
1578188254.823,0.8,0.5899,0.53,1.0311,95
1578188255.949,0.69,0.7664,0.55,1.041,96
1578188257.082,0.7,0.7438,0.49,1.1224,96
1578188257.978,0.68,0.7673,0.53,1.044,96
1578188259.088,0.71,0.725,0.51,1.0441,96
1578188260.214,0.69,0.7464,0.47,1.1073,96
1578188261.235,0.71,0.721,0.47,1.1028,96
1578188262.332,0.71,0.731,0.52,1.0801,96
1578188263.407,0.69,0.7565,0.47,1.1088,96
1578188264.456,0.71,0.7135,0.47,1.1349,96
1578188265.571,0.7,0.7432,0.51,1.0672,96
1578188266.468,0.7,0.7363,0.54,1.0418,96
1578188267.469,0.7,0.7432,0.46,1.0926,96
1578188267.935,0.79,0.5945,0.49,1.0589,96
1578188269.053,0.71,0.7299,0.56,1.0309,97
1578188270.105,0.7,0.7542,0.51,1.036,97
1578188271.197,0.71,0.7181,0.5,1.0837,97
1578188272.152,0.71,0.7259,0.5,1.0474,97
1578188273.059,0.7,0.7255,0.54,1.0571,97
1578188273.988,0.72,0.7091,0.51,1.077,97
1578188275.114,0.72,0.7211,0.49,1.0948,97
1578188276.203,0.71,0.7263,0.5,1.0943,97
1578188277.27,0.72,0.7111,0.53,1.0884,97
1578188278.185,0.71,0.7263,0.52,1.0793,97
1578188279.045,0.71,0.7242,0.52,1.0684,97
1578188280.12,0.71,0.7311,0.53,1.0544,97
1578188280.579,0.8,0.5739,0.53,1.0436,97
1578188281.712,0.71,0.7239,0.52,1.0503,98
1578188282.646,0.7,0.7345,0.52,1.0413,98
1578188283.635,0.71,0.7178,0.54,1.0373,98
1578188284.709,0.72,0.7171,0.48,1.0724,98
1578188285.796,0.71,0.7266,0.49,1.07,98
1578188286.79,0.72,0.7023,0.55,1.0611,98
1578188287.844,0.71,0.7223,0.51,1.0872,98
1578188288.853,0.71,0.722,0.48,1.1394,98
1578188289.791,0.7,0.7242,0.53,1.0796,98
1578188290.68,0.71,0.7247,0.52,1.0683,98
1578188291.733,0.71,0.7277,0.46,1.0969,98
1578188292.642,0.71,0.7352,0.52,1.0639,98
1578188293.057,0.8,0.5691,0.57,1.0319,98
1578188293.981,0.71,0.7289,0.51,1.0608,99
1578188295.086,0.7,0.7332,0.49,1.0699,99
1578188296.236,0.7,0.7231,0.54,1.0374,99
1578188297.336,0.71,0.7257,0.48,1.0651,99
1578188298.322,0.71,0.7215,0.48,1.0963,99
1578188299.496,0.72,0.7094,0.55,1.066,99
1578188300.497,0.71,0.7209,0.51,1.0782,99
1578188301.558,0.71,0.7288,0.47,1.1633,99
1578188302.578,0.7,0.7369,0.52,1.087,99
1578188303.592,0.71,0.7189,0.55,1.0645,99
1578188304.498,0.7,0.7392,0.48,1.0841,99
1578188305.625,0.71,0.7288,0.46,1.0854,99
1578188306.084,0.8,0.575,0.56,1.0263,99
