1578181604.102,0.23,1.3864,0.22,1.3878,0
1578181605.075,0.25,1.3806,0.24,1.3719,0
1578181606.012,0.3,1.3617,0.29,1.3558,0
1578181606.961,0.34,1.3476,0.32,1.3361,0
1578181607.925,0.4,1.3124,0.28,1.3224,0
1578181609.124,0.38,1.2905,0.33,1.3111,0
1578181610.285,0.42,1.2587,0.37,1.3107,0
1578181611.401,0.39,1.2653,0.34,1.3149,0
1578181612.501,0.4,1.2664,0.37,1.3233,0
1578181613.454,0.41,1.2552,0.33,1.3074,0
1578181614.439,0.4,1.2625,0.33,1.2881,0
1578181615.432,0.42,1.2573,0.32,1.2692,0
1578181615.921,0.43,1.2361,0.41,1.2999,0
1578181616.919,0.44,1.2316,0.45,1.2687,1
1578181617.876,0.44,1.2349,0.4,1.2589,1
1578181619.045,0.42,1.2326,0.37,1.2522,1
1578181620.018,0.43,1.2379,0.38,1.2449,1
1578181621.206,0.45,1.213,0.41,1.2539,1
1578181622.332,0.42,1.22,0.41,1.2507,1
1578181623.357,0.43,1.2111,0.4,1.2375,1
1578181624.474,0.43,1.2142,0.36,1.2324,1
1578181625.5,0.45,1.2065,0.41,1.2333,1
1578181626.623,0.45,1.1954,0.41,1.2416,1
1578181627.687,0.45,1.2057,0.38,1.2321,1
1578181628.85,0.46,1.1948,0.38,1.221,1
1578181629.323,0.48,1.1839,0.34,1.22,1
1578181630.461,0.48,1.1738,0.35,1.2255,2
1578181631.438,0.47,1.1851,0.37,1.2219,2
1578181632.559,0.48,1.1709,0.37,1.216,2
1578181633.717,0.45,1.1961,0.4,1.2109,2
1578181634.736,0.48,1.1808,0.4,1.2103,2
1578181635.816,0.48,1.1733,0.39,1.2183,2
1578181636.891,0.5,1.1641,0.39,1.2062,2
1578181637.857,0.46,1.1786,0.44,1.1888,2
1578181638.812,0.48,1.1638,0.46,1.1895,2
1578181639.998,0.48,1.1591,0.4,1.1874,2
1578181640.953,0.48,1.1664,0.39,1.176,2
1578181642.102,0.48,1.1598,0.4,1.1713,2
1578181642.488,0.5,1.148,0.43,1.179,2
1578181643.524,0.5,1.1435,0.43,1.1764,3
1578181644.702,0.48,1.1511,0.38,1.1651,3
1578181645.756,0.5,1.1361,0.43,1.166,3
1578181646.702,0.46,1.1655,0.45,1.1613,3
1578181647.715,0.48,1.1513,0.42,1.1599,3
1578181648.783,0.49,1.144,0.41,1.1581,3
1578181649.987,0.52,1.1326,0.45,1.1649,3
1578181651.013,0.49,1.1564,0.46,1.146,3
1578181652.188,0.5,1.1338,0.42,1.1409,3
1578181653.225,0.51,1.1324,0.47,1.1384,3
1578181654.329,0.48,1.1421,0.45,1.1333,3
1578181655.325,0.49,1.1365,0.43,1.135,3
1578181655.869,0.52,1.1168,0.47,1.1484,3
1578181656.85,0.52,1.1213,0.48,1.1464,4
1578181657.846,0.49,1.1297,0.42,1.1395,4
1578181659.026,0.51,1.1105,0.43,1.1447,4
1578181660.227,0.49,1.1456,0.49,1.1362,4
1578181661.302,0.48,1.141,0.47,1.1291,4
1578181662.314,0.5,1.1199,0.44,1.1457,4
1578181663.342,0.52,1.1111,0.48,1.1366,4
1578181664.447,0.5,1.1334,0.5,1.123,4
1578181665.53,0.5,1.1247,0.49,1.1237,4
1578181666.642,0.51,1.1128,0.43,1.1309,4
1578181667.649,0.51,1.1236,0.49,1.1161,4
1578181668.677,0.49,1.1214,0.48,1.1111,4
1578181669.108,0.53,1.1,0.48,1.1249,4
1578181670.255,0.53,1.0969,0.47,1.1405,5
1578181671.328,0.51,1.1092,0.5,1.1283,5
1578181672.413,0.52,1.0971,0.48,1.1213,5
1578181673.436,0.49,1.1215,0.49,1.1132,5
1578181674.487,0.52,1.1065,0.47,1.1189,5
1578181675.572,0.51,1.1024,0.48,1.1104,5
1578181676.573,0.52,1.0925,0.48,1.1051,5
1578181677.586,0.51,1.1069,0.55,1.1011,5
1578181678.656,0.53,1.0925,0.52,1.1151,5
1578181679.783,0.52,1.098,0.52,1.1022,5
1578181680.943,0.53,1.0945,0.5,1.0931,5
1578181682.164,0.52,1.0942,0.5,1.0974,5
1578181682.658,0.54,1.0713,0.49,1.1091,5
1578181683.735,0.54,1.0777,0.52,1.0998,6
1578181684.814,0.52,1.0813,0.51,1.0997,6
1578181685.834,0.53,1.0688,0.51,1.1051,6
1578181686.831,0.51,1.106,0.53,1.0856,6
1578181687.972,0.52,1.0975,0.5,1.0844,6
1578181689.192,0.53,1.0757,0.49,1.1059,6
1578181690.23,0.54,1.0806,0.54,1.0711,6
1578181691.232,0.53,1.0855,0.55,1.0738,6
1578181692.349,0.54,1.0817,0.54,1.1056,6
1578181693.356,0.54,1.0818,0.5,1.0816,6
1578181694.491,0.54,1.078,0.53,1.0666,6
1578181695.471,0.53,1.0829,0.54,1.0685,6
1578181695.873,0.55,1.0485,0.53,1.105,6
1578181696.856,0.55,1.0665,0.51,1.0782,7
1578181698.068,0.54,1.065,0.5,1.072,7
1578181699.197,0.54,1.0566,0.51,1.0719,7
1578181700.35,0.52,1.0811,0.54,1.0713,7
1578181701.314,0.53,1.0693,0.53,1.0667,7
1578181702.371,0.54,1.0591,0.52,1.0608,7
1578181703.466,0.55,1.0551,0.53,1.0644,7
1578181704.559,0.54,1.0715,0.56,1.0584,7
1578181705.617,0.55,1.0562,0.58,1.0591,7
1578181706.632,0.56,1.0548,0.57,1.0565,7
1578181707.643,0.54,1.0642,0.56,1.0435,7
1578181708.681,0.54,1.0589,0.56,1.0436,7
1578181709.148,0.55,1.0286,0.55,1.069,7
1578181710.277,0.56,1.043,0.53,1.0601,8
1578181711.322,0.54,1.0533,0.55,1.0451,8
1578181712.379,0.56,1.0298,0.52,1.0528,8
1578181713.43,0.54,1.0668,0.57,1.0455,8
1578181714.548,0.54,1.0583,0.54,1.0439,8
1578181715.555,0.56,1.0406,0.55,1.046,8
1578181716.547,0.56,1.0415,0.56,1.0411,8
1578181717.548,0.55,1.058,0.59,1.03,8
1578181718.758,0.56,1.0382,0.58,1.0453,8
1578181719.921,0.56,1.0422,0.58,1.0281,8
1578181721.002,0.53,1.0543,0.57,1.0188,8
1578181722.121,0.56,1.0413,0.57,1.0478,8
1578181722.582,0.57,1.0171,0.54,1.0458,8
1578181723.749,0.57,1.029,0.54,1.0335,9
1578181724.768,0.55,1.038,0.55,1.0314,9
1578181725.752,0.57,1.0093,0.56,1.0453,9
1578181726.766,0.54,1.0597,0.57,1.026,9
1578181727.854,0.55,1.049,0.55,1.0319,9
1578181728.842,0.56,1.0305,0.52,1.0465,9
1578181730.025,0.57,1.0335,0.55,1.0257,9
1578181730.998,0.56,1.045,0.57,1.0075,9
1578181732.225,0.56,1.0249,0.57,1.0385,9
1578181733.199,0.56,1.0361,0.56,1.0165,9
1578181734.306,0.55,1.0381,0.59,1.0095,9
1578181735.303,0.57,1.0326,0.55,1.0303,9
1578181735.801,0.58,1.0023,0.56,1.0475,9
1578181737.021,0.57,1.0202,0.59,1.0167,10
1578181738.244,0.56,1.0248,0.57,1.018,10
1578181739.447,0.57,1.0028,0.55,1.0413,10
1578181740.668,0.55,1.0519,0.59,1.0117,10
1578181741.77,0.57,1.0243,0.58,1.0104,10
1578181742.852,0.57,1.0184,0.55,1.0272,10
1578181743.99,0.58,1.0186,0.55,1.0267,10
1578181744.976,0.57,1.0313,0.59,0.9992,10
1578181745.969,0.57,1.0183,0.6,1.0034,10
1578181746.934,0.57,1.0141,0.56,1.0235,10
1578181747.87,0.55,1.035,0.58,0.9989,10
1578181748.809,0.58,1.0113,0.55,1.013,10
1578181749.267,0.58,0.9958,0.55,1.0298,10
1578181750.4,0.58,1.004,0.55,1.0231,11
1578181751.462,0.56,1.0201,0.59,1.0039,11
1578181752.56,0.58,0.9922,0.58,1.0163,11
1578181753.658,0.56,1.0302,0.6,1.0075,11
1578181754.784,0.58,1.0105,0.59,1.0069,11
1578181755.917,0.58,1.0062,0.57,1.0015,11
1578181757.074,0.58,1.0087,0.54,1.005,11
1578181758.109,0.58,1.0144,0.56,0.9966,11
1578181759.298,0.58,1.0017,0.62,0.9948,11
1578181760.435,0.57,1.0019,0.57,0.995,11
1578181761.512,0.56,1.0182,0.59,0.9868,11
1578181762.496,0.59,0.9987,0.56,1.0119,11
1578181762.976,0.58,0.9811,0.54,1.0101,11
1578181763.999,0.59,0.9909,0.58,1.0008,12
1578181765.008,0.57,1.0069,0.59,0.9932,12
1578181765.981,0.59,0.9772,0.6,1.0096,12
1578181766.956,0.57,1.0209,0.61,1.0003,12
1578181767.921,0.58,1.0079,0.58,0.9976,12
1578181768.896,0.59,0.9955,0.6,1.0042,12
1578181769.848,0.58,1.003,0.6,0.9874,12
1578181770.832,0.58,0.9996,0.6,0.9905,12
1578181771.822,0.58,0.9998,0.62,0.9998,12
1578181772.968,0.58,0.9963,0.57,0.987,12
1578181774.002,0.57,1.0084,0.6,0.9764,12
1578181775.2,0.59,0.9961,0.57,1.0059,12
1578181775.701,0.59,0.9692,0.56,1.0139,12
1578181776.711,0.59,0.9869,0.61,0.985,13
1578181777.702,0.58,0.9944,0.58,0.9862,13
1578181778.712,0.59,0.9727,0.63,1.0007,13
1578181779.738,0.57,1.0115,0.61,1.0005,13
1578181780.709,0.58,1.0017,0.57,0.9884,13
1578181781.829,0.6,0.984,0.58,0.9995,13
1578181782.777,0.59,0.995,0.59,0.9799,13
1578181783.924,0.58,0.9919,0.63,0.9794,13
1578181784.858,0.58,0.9926,0.6,0.9927,13
1578181785.793,0.59,0.9889,0.64,0.9888,13
1578181786.749,0.58,0.9972,0.6,0.9727,13
1578181787.743,0.59,0.9911,0.59,0.9789,13
1578181788.167,0.59,0.9525,0.56,1.0187,13
1578181789.252,0.59,0.9835,0.57,0.9863,14
1578181790.42,0.59,0.9809,0.58,0.9787,14
1578181791.412,0.59,0.9671,0.59,0.9814,14
1578181792.412,0.57,0.9983,0.6,0.9849,14
1578181793.568,0.59,0.9804,0.57,0.9919,14
1578181794.706,0.6,0.9788,0.59,0.9771,14
1578181795.722,0.6,0.9756,0.59,0.9724,14
1578181796.842,0.59,0.9841,0.63,0.9628,14
1578181798.0,0.59,0.9725,0.6,0.9738,14
1578181799.045,0.59,0.9753,0.61,0.9712,14
1578181800.041,0.59,0.9814,0.6,0.9643,14
1578181801.262,0.6,0.9717,0.58,0.9716,14
1578181801.761,0.6,0.9394,0.56,0.9863,14
1578181802.889,0.61,0.9618,0.58,0.9744,15
1578181804.059,0.6,0.9712,0.66,0.9674,15
1578181805.06,0.6,0.9493,0.59,0.9742,15
1578181806.006,0.58,0.9864,0.63,0.9724,15
1578181806.967,0.59,0.9751,0.58,0.9772,15
1578181807.936,0.61,0.9667,0.6,0.9711,15
1578181808.917,0.6,0.9676,0.61,0.9573,15
1578181809.889,0.6,0.9699,0.61,0.9566,15
1578181811.081,0.6,0.9663,0.62,0.9746,15
1578181812.268,0.6,0.9683,0.63,0.957,15
1578181813.398,0.59,0.9736,0.6,0.9578,15
1578181814.508,0.61,0.9653,0.61,0.9835,15
1578181814.998,0.61,0.9337,0.58,0.974,15
1578181816.21,0.61,0.9498,0.62,0.9627,16
1578181817.349,0.59,0.9682,0.63,0.9635,16
1578181818.49,0.62,0.9356,0.62,0.9813,16
1578181819.664,0.58,0.9837,0.63,0.9698,16
1578181820.624,0.59,0.9782,0.6,0.9647,16
1578181821.64,0.61,0.9604,0.61,0.9714,16
1578181822.77,0.6,0.965,0.63,0.9557,16
1578181823.74,0.6,0.9663,0.62,0.9528,16
1578181824.741,0.6,0.9622,0.62,0.976,16
1578181825.711,0.6,0.9682,0.62,0.9521,16
1578181826.706,0.59,0.9703,0.62,0.9608,16
1578181827.684,0.62,0.9615,0.58,0.9889,16
1578181828.094,0.62,0.9287,0.59,0.9785,16
1578181829.058,0.61,0.9443,0.62,0.9603,17
1578181830.152,0.59,0.9679,0.64,0.9588,17
1578181831.375,0.62,0.9312,0.58,0.9897,17
1578181832.477,0.59,0.9843,0.63,0.9634,17
1578181833.659,0.6,0.9596,0.59,0.9485,17
1578181834.683,0.61,0.9531,0.61,0.9569,17
1578181835.755,0.61,0.9567,0.59,0.9623,17
1578181836.802,0.6,0.9597,0.61,0.9573,17
1578181837.797,0.6,0.9613,0.63,0.944,17
1578181838.804,0.61,0.9485,0.64,0.9639,17
1578181839.981,0.59,0.9744,0.6,0.9503,17
1578181841.198,0.62,0.9449,0.55,0.9798,17
1578181841.691,0.61,0.9266,0.59,0.9773,17
1578181842.751,0.62,0.9386,0.6,0.9686,18
1578181843.714,0.6,0.9624,0.63,0.9525,18
1578181844.828,0.61,0.9323,0.62,0.9656,18
1578181845.919,0.59,0.9632,0.62,0.9729,18
1578181846.885,0.6,0.9555,0.6,0.953,18
1578181847.836,0.62,0.9422,0.62,0.9407,18
1578181848.906,0.61,0.9543,0.62,0.9367,18
1578181849.968,0.61,0.9466,0.61,0.9541,18
1578181851.004,0.61,0.9482,0.61,0.949,18
1578181852.217,0.61,0.9462,0.62,0.9393,18
1578181853.247,0.6,0.9569,0.62,0.9398,18
1578181854.292,0.62,0.9422,0.57,0.963,18
1578181854.684,0.62,0.9056,0.58,0.9758,18
1578181855.823,0.62,0.9369,0.62,0.9509,19
1578181856.799,0.61,0.9435,0.63,0.9464,19
1578181857.779,0.62,0.9243,0.62,0.9491,19
1578181858.762,0.6,0.9547,0.61,0.964,19
1578181859.742,0.61,0.9527,0.6,0.9502,19
1578181860.976,0.62,0.9349,0.62,0.9386,19
1578181862.2,0.62,0.9436,0.62,0.9249,19
1578181863.331,0.62,0.9425,0.62,0.9342,19
1578181864.492,0.61,0.9399,0.6,0.9539,19
1578181865.648,0.61,0.9459,0.61,0.9354,19
1578181866.709,0.61,0.9441,0.63,0.9339,19
1578181867.7,0.62,0.939,0.59,0.9495,19
1578181868.214,0.63,0.8923,0.59,0.9777,19
1578181869.369,0.62,0.931,0.6,0.9448,20
1578181870.385,0.61,0.9339,0.63,0.9391,20
1578181871.353,0.62,0.9167,0.61,0.9449,20
1578181872.504,0.6,0.9519,0.59,0.9496,20
1578181873.506,0.61,0.9398,0.6,0.9406,20
1578181874.689,0.62,0.9274,0.61,0.9304,20
1578181875.792,0.63,0.9324,0.62,0.9212,20
1578181876.837,0.62,0.9352,0.63,0.925,20
1578181878.02,0.61,0.934,0.63,0.9436,20
1578181879.136,0.61,0.936,0.61,0.9362,20
1578181880.319,0.61,0.9376,0.6,0.9314,20
1578181881.479,0.63,0.9287,0.59,0.9474,20
1578181881.972,0.63,0.8839,0.58,0.9718,20
1578181882.946,0.63,0.9209,0.6,0.9413,21
1578181883.936,0.62,0.9275,0.63,0.9357,21
1578181885.168,0.62,0.909,0.62,0.9454,21
1578181886.163,0.6,0.9439,0.6,0.9445,21
1578181887.14,0.62,0.9314,0.62,0.9292,21
1578181888.138,0.63,0.9172,0.6,0.9232,21
1578181889.246,0.63,0.9251,0.61,0.9198,21
1578181890.231,0.63,0.9268,0.63,0.925,21
1578181891.286,0.61,0.9287,0.61,0.932,21
1578181892.435,0.62,0.9264,0.6,0.9312,21
1578181893.435,0.61,0.9333,0.6,0.9299,21
1578181894.469,0.63,0.9189,0.57,0.9541,21
1578181894.867,0.63,0.8781,0.61,0.9609,21
1578181895.971,0.64,0.9098,0.62,0.9364,22
1578181897.05,0.61,0.9248,0.61,0.9326,22
1578181898.152,0.63,0.9002,0.57,0.9529,22
1578181899.115,0.61,0.9398,0.61,0.9386,22
1578181900.128,0.62,0.9246,0.62,0.9189,22
1578181901.181,0.63,0.9098,0.6,0.92,22
1578181902.261,0.63,0.9192,0.64,0.9226,22
1578181903.291,0.63,0.9205,0.65,0.9243,22
1578181904.377,0.62,0.9248,0.62,0.9246,22
1578181905.408,0.63,0.9197,0.61,0.9271,22
1578181906.425,0.61,0.9278,0.6,0.9335,22
1578181907.432,0.63,0.9114,0.57,0.9601,22
1578181907.906,0.64,0.872,0.61,0.9526,22
1578181908.881,0.64,0.9011,0.61,0.9344,23
1578181909.956,0.61,0.9226,0.59,0.932,23
1578181911.176,0.63,0.891,0.61,0.9576,23
1578181912.152,0.61,0.9369,0.63,0.9277,23
1578181913.116,0.62,0.9177,0.59,0.9127,23
1578181914.329,0.63,0.9054,0.59,0.917,23
1578181915.344,0.64,0.911,0.64,0.9236,23
1578181916.495,0.63,0.9158,0.66,0.919,23
1578181917.464,0.62,0.9187,0.63,0.9215,23
1578181918.565,0.63,0.9143,0.63,0.9256,23
1578181919.744,0.62,0.9203,0.58,0.9368,23
1578181920.998,0.64,0.9054,0.58,0.9593,23
1578181921.487,0.64,0.8631,0.61,0.9488,23
1578181922.462,0.64,0.8939,0.61,0.9332,24
1578181923.553,0.62,0.9171,0.59,0.9316,24
1578181924.693,0.63,0.8847,0.62,0.9579,24
1578181925.714,0.61,0.9324,0.62,0.9205,24
1578181926.722,0.62,0.9104,0.6,0.9088,24
1578181927.87,0.64,0.9001,0.59,0.9126,24
1578181929.072,0.64,0.9038,0.66,0.9209,24
1578181930.181,0.63,0.9102,0.66,0.9136,24
1578181931.368,0.62,0.912,0.63,0.9165,24
1578181932.46,0.63,0.909,0.63,0.9213,24
1578181933.427,0.62,0.9131,0.57,0.9335,24
1578181934.556,0.64,0.8998,0.58,0.9544,24
1578181935.06,0.64,0.8551,0.62,0.9439,24
1578181936.267,0.64,0.8874,0.63,0.9275,25
1578181937.261,0.62,0.9104,0.6,0.9263,25
1578181938.374,0.64,0.8787,0.61,0.9546,25
1578181939.464,0.61,0.9263,0.61,0.9169,25
1578181940.55,0.63,0.904,0.58,0.9063,25
1578181941.593,0.64,0.8941,0.59,0.9096,25
1578181942.62,0.64,0.897,0.64,0.9199,25
1578181943.634,0.64,0.9039,0.66,0.9125,25
1578181944.67,0.62,0.9062,0.64,0.9161,25
1578181945.639,0.63,0.9032,0.63,0.9203,25
1578181946.636,0.63,0.9066,0.57,0.9315,25
1578181947.72,0.64,0.8929,0.59,0.9524,25
1578181948.186,0.65,0.8468,0.62,0.9374,25
1578181949.151,0.65,0.8798,0.63,0.9217,26
1578181950.404,0.62,0.9044,0.6,0.9191,26
1578181951.486,0.64,0.8721,0.61,0.9483,26
1578181952.538,0.62,0.9196,0.62,0.911,26
1578181953.672,0.63,0.8987,0.59,0.9029,26
1578181954.734,0.64,0.8873,0.6,0.9048,26
1578181955.703,0.64,0.8904,0.65,0.9139,26
1578181956.82,0.64,0.8967,0.65,0.9088,26
1578181957.997,0.62,0.8996,0.63,0.9143,26
1578181958.986,0.63,0.898,0.63,0.9156,26
1578181960.175,0.63,0.9004,0.59,0.9258,26
1578181961.203,0.64,0.8861,0.6,0.9497,26
1578181961.708,0.65,0.8384,0.62,0.9311,26
1578181962.667,0.65,0.8724,0.64,0.917,27
1578181963.789,0.63,0.8982,0.58,0.9153,27
1578181964.722,0.64,0.865,0.61,0.9466,27
1578181965.909,0.62,0.9133,0.65,0.9091,27
1578181966.867,0.63,0.8941,0.6,0.9025,27
1578181968.047,0.65,0.8808,0.63,0.9022,27
1578181969.043,0.65,0.8848,0.65,0.9072,27
1578181970.245,0.64,0.8898,0.65,0.9062,27
1578181971.376,0.63,0.894,0.6,0.9131,27
1578181972.42,0.64,0.8938,0.63,0.9093,27
1578181973.494,0.63,0.8952,0.59,0.9216,27
1578181974.496,0.65,0.8795,0.59,0.9499,27
1578181975.009,0.65,0.8307,0.63,0.924,27
1578181976.087,0.66,0.8653,0.63,0.9121,28
1578181977.18,0.63,0.8924,0.59,0.911,28
1578181978.125,0.65,0.8581,0.61,0.9419,28
1578181979.131,0.62,0.9066,0.64,0.9066,28
1578181980.228,0.63,0.891,0.59,0.9003,28
1578181981.377,0.65,0.8744,0.65,0.8981,28
1578181982.472,0.65,0.8803,0.66,0.8989,28
1578181983.562,0.64,0.8828,0.64,0.9064,28
1578181984.642,0.63,0.8895,0.61,0.9135,28
1578181985.619,0.63,0.8892,0.64,0.9068,28
1578181986.616,0.63,0.891,0.61,0.9205,28
1578181987.646,0.65,0.8733,0.6,0.9552,28
1578181988.138,0.66,0.8239,0.63,0.9228,28
1578181989.308,0.66,0.8598,0.63,0.9118,29
1578181990.458,0.63,0.8877,0.6,0.9082,29
1578181991.495,0.65,0.8522,0.62,0.9376,29
1578181992.532,0.62,0.9003,0.65,0.9073,29
1578181993.668,0.63,0.8883,0.59,0.8974,29
1578181994.706,0.65,0.8679,0.65,0.8938,29
1578181995.75,0.65,0.8781,0.69,0.8901,29
1578181996.716,0.65,0.8753,0.64,0.9097,29
1578181997.665,0.63,0.8873,0.63,0.9107,29
1578181998.796,0.64,0.883,0.64,0.9042,29
1578181999.963,0.63,0.8886,0.61,0.9162,29
1578182000.926,0.65,0.8673,0.59,0.9555,29
1578182001.327,0.67,0.8172,0.67,0.9232,29
1578182002.315,0.66,0.8573,0.64,0.9099,30
1578182003.312,0.64,0.8801,0.61,0.9035,30
1578182004.449,0.65,0.849,0.63,0.9263,30
1578182005.49,0.62,0.8928,0.63,0.9139,30
1578182006.576,0.63,0.8862,0.6,0.8944,30
1578182007.666,0.65,0.8592,0.64,0.8895,30
1578182008.8,0.65,0.8778,0.68,0.8817,30
1578182009.859,0.66,0.8671,0.61,0.9181,30
1578182010.878,0.63,0.8866,0.66,0.9112,30
1578182011.919,0.65,0.8762,0.64,0.9066,30
1578182012.927,0.63,0.8856,0.61,0.916,30
1578182013.913,0.65,0.8651,0.58,0.9518,30
1578182014.41,0.67,0.8077,0.66,0.9333,30
1578182015.454,0.66,0.8601,0.63,0.9087,31
1578182016.538,0.64,0.8673,0.62,0.9051,31
1578182017.631,0.65,0.8535,0.65,0.91,31
1578182018.655,0.63,0.8822,0.6,0.9213,31
1578182019.82,0.63,0.8859,0.6,0.8997,31
1578182020.964,0.66,0.8518,0.62,0.8837,31
1578182022.108,0.65,0.8746,0.67,0.8755,31
1578182023.09,0.65,0.8678,0.63,0.909,31
1578182024.186,0.64,0.877,0.63,0.9232,31
1578182025.141,0.65,0.8797,0.67,0.9025,31
1578182026.329,0.64,0.8771,0.6,0.9112,31
1578182027.396,0.65,0.8669,0.57,0.9348,31
1578182027.889,0.68,0.795,0.66,0.9343,31
1578182029.098,0.66,0.8582,0.65,0.9095,32
1578182030.278,0.65,0.858,0.6,0.9073,32
1578182031.44,0.65,0.8529,0.61,0.8927,32
1578182032.401,0.63,0.8738,0.63,0.9088,32
1578182033.491,0.64,0.8805,0.61,0.9271,32
1578182034.46,0.65,0.8596,0.63,0.8718,32
1578182035.524,0.66,0.8598,0.65,0.8709,32
1578182036.467,0.65,0.8735,0.68,0.8787,32
1578182037.555,0.65,0.8561,0.58,0.939,32
1578182038.65,0.64,0.8869,0.67,0.8958,32
1578182039.688,0.65,0.8612,0.63,0.9029,32
1578182040.867,0.65,0.8576,0.61,0.923,32
1578182041.298,0.67,0.7882,0.65,0.9112,32
1578182042.437,0.67,0.8397,0.66,0.9127,33
1578182043.425,0.64,0.8607,0.61,0.9007,33
1578182044.438,0.66,0.8304,0.62,0.8952,33
1578182045.588,0.63,0.8743,0.66,0.8863,33
1578182046.685,0.64,0.8674,0.62,0.9268,33
1578182047.818,0.66,0.8542,0.64,0.8749,33
1578182048.864,0.66,0.85,0.65,0.8586,33
1578182049.881,0.66,0.8562,0.68,0.8699,33
1578182050.897,0.65,0.8517,0.62,0.9081,33
1578182052.12,0.65,0.8666,0.67,0.8885,33
1578182053.273,0.66,0.8546,0.63,0.8981,33
1578182054.422,0.66,0.843,0.61,0.9158,33
1578182054.87,0.68,0.775,0.65,0.8953,33
1578182056.077,0.67,0.8321,0.67,0.9017,34
1578182057.014,0.65,0.8449,0.64,0.9061,34
1578182058.019,0.66,0.8235,0.65,0.8929,34
1578182059.052,0.64,0.8598,0.67,0.8874,34
1578182060.252,0.65,0.8619,0.64,0.9279,34
1578182061.185,0.66,0.8496,0.66,0.8617,34
1578182062.363,0.67,0.8443,0.68,0.8563,34
1578182063.32,0.66,0.8456,0.67,0.8791,34
1578182064.462,0.65,0.8445,0.66,0.8951,34
1578182065.462,0.66,0.8562,0.66,0.88,34
1578182066.433,0.66,0.8515,0.61,0.9112,34
1578182067.561,0.67,0.838,0.61,0.9177,34
1578182068.001,0.69,0.7629,0.66,0.89,34
1578182068.968,0.67,0.8301,0.64,0.9074,35
1578182069.995,0.66,0.8406,0.64,0.8984,35
1578182071.033,0.67,0.8175,0.66,0.8898,35
1578182072.067,0.64,0.8534,0.64,0.8919,35
1578182073.023,0.65,0.8507,0.63,0.9067,35
1578182073.981,0.67,0.8349,0.67,0.8556,35
1578182074.927,0.67,0.8431,0.67,0.8652,35
1578182075.862,0.67,0.8382,0.66,0.8852,35
1578182076.83,0.65,0.8418,0.68,0.8857,35
1578182077.819,0.66,0.849,0.65,0.8808,35
1578182078.975,0.66,0.8449,0.61,0.9135,35
1578182080.178,0.67,0.8312,0.65,0.9145,35
1578182080.573,0.7,0.7525,0.66,0.8888,35
1578182081.557,0.68,0.8218,0.62,0.9039,36
1578182082.685,0.66,0.8409,0.64,0.8897,36
1578182083.838,0.68,0.8107,0.63,0.8963,36
1578182084.816,0.65,0.8485,0.62,0.8937,36
1578182085.783,0.65,0.847,0.65,0.8925,36
1578182086.813,0.67,0.8264,0.67,0.8571,36
1578182087.884,0.67,0.8383,0.66,0.8811,36
1578182088.895,0.67,0.8364,0.67,0.8789,36
1578182089.961,0.65,0.8371,0.67,0.8829,36
1578182090.935,0.66,0.8446,0.64,0.8795,36
1578182091.91,0.66,0.8392,0.63,0.909,36
1578182092.876,0.67,0.8241,0.64,0.9084,36
1578182093.36,0.7,0.744,0.67,0.8793,36
1578182094.395,0.68,0.816,0.63,0.8967,37
1578182095.565,0.66,0.8359,0.64,0.89,37
1578182096.678,0.68,0.8054,0.61,0.8988,37
1578182097.874,0.65,0.842,0.66,0.8808,37
1578182098.84,0.65,0.8403,0.65,0.8966,37
1578182099.82,0.67,0.8252,0.67,0.8551,37
1578182101.002,0.67,0.8317,0.65,0.8862,37
1578182102.197,0.67,0.8334,0.68,0.8739,37
1578182103.385,0.66,0.8296,0.64,0.8836,37
1578182104.392,0.66,0.8392,0.63,0.883,37
1578182105.589,0.67,0.8304,0.64,0.9129,37
1578182106.563,0.68,0.8198,0.66,0.8958,37
1578182107.053,0.71,0.7312,0.65,0.8772,37
1578182108.222,0.68,0.8123,0.65,0.8982,38
1578182109.32,0.66,0.826,0.65,0.8942,38
1578182110.408,0.68,0.8011,0.61,0.8976,38
1578182111.398,0.65,0.8348,0.66,0.8771,38
1578182112.48,0.66,0.8343,0.67,0.8928,38
1578182113.5,0.68,0.8152,0.67,0.852,38
1578182114.512,0.67,0.828,0.65,0.8792,38
1578182115.558,0.67,0.8273,0.69,0.8668,38
1578182116.586,0.66,0.8244,0.64,0.89,38
1578182117.61,0.66,0.835,0.66,0.8855,38
1578182118.665,0.67,0.8243,0.63,0.9079,38
1578182119.706,0.68,0.8128,0.66,0.8909,38
1578182120.123,0.71,0.7222,0.66,0.8761,38
1578182121.287,0.68,0.8074,0.64,0.9001,39
1578182122.316,0.66,0.8194,0.64,0.8896,39
1578182123.454,0.68,0.7943,0.62,0.8943,39
1578182124.573,0.66,0.8291,0.65,0.8718,39
1578182125.607,0.66,0.829,0.67,0.8919,39
1578182126.676,0.68,0.8098,0.67,0.8503,39
1578182127.693,0.67,0.8254,0.67,0.8778,39
1578182128.655,0.68,0.8205,0.69,0.8716,39
1578182129.767,0.66,0.8196,0.63,0.8987,39
1578182130.73,0.66,0.8321,0.66,0.8845,39
1578182131.733,0.67,0.8201,0.64,0.9085,39
1578182132.709,0.68,0.8084,0.66,0.8875,39
1578182133.206,0.71,0.714,0.67,0.8756,39
1578182134.25,0.68,0.8033,0.64,0.9037,40
1578182135.233,0.67,0.8153,0.62,0.8913,40
1578182136.174,0.68,0.7899,0.64,0.8951,40
1578182137.156,0.66,0.8232,0.67,0.865,40
1578182138.321,0.67,0.8242,0.67,0.8886,40
1578182139.33,0.68,0.8044,0.67,0.8494,40
1578182140.471,0.67,0.8189,0.67,0.8695,40
1578182141.671,0.68,0.8127,0.69,0.8715,40
1578182142.71,0.67,0.8141,0.64,0.9001,40
1578182143.644,0.66,0.8286,0.67,0.8791,40
1578182144.617,0.67,0.8166,0.63,0.9154,40
1578182145.802,0.68,0.8066,0.69,0.8828,40
1578182146.201,0.71,0.7056,0.68,0.8741,40
1578182147.336,0.69,0.7985,0.62,0.913,41
1578182148.458,0.66,0.8129,0.63,0.8909,41
1578182149.612,0.68,0.7868,0.64,0.8927,41
1578182150.637,0.66,0.8175,0.69,0.8582,41
1578182151.793,0.67,0.8177,0.68,0.8822,41
1578182152.777,0.68,0.7967,0.66,0.8507,41
1578182153.907,0.68,0.812,0.67,0.861,41
1578182154.853,0.68,0.8054,0.68,0.8725,41
1578182156.039,0.67,0.807,0.64,0.9013,41
1578182156.991,0.66,0.824,0.67,0.8772,41
1578182158.106,0.67,0.8134,0.61,0.9262,41
1578182159.311,0.68,0.8063,0.67,0.8809,41
1578182159.776,0.72,0.6972,0.67,0.8738,41
1578182160.966,0.69,0.7932,0.62,0.9188,42
1578182162.109,0.67,0.8089,0.64,0.8931,42
1578182163.172,0.68,0.7832,0.65,0.89,42
1578182164.233,0.67,0.8123,0.69,0.854,42
1578182165.181,0.67,0.8114,0.67,0.8794,42
1578182166.252,0.68,0.7906,0.67,0.85,42
1578182167.355,0.68,0.8072,0.68,0.8561,42
1578182168.481,0.69,0.8001,0.67,0.8727,42
1578182169.528,0.68,0.801,0.66,0.9001,42
1578182170.623,0.67,0.8184,0.67,0.8774,42
1578182171.768,0.68,0.808,0.61,0.9258,42
1578182172.78,0.69,0.801,0.68,0.8839,42
1578182173.167,0.73,0.6879,0.66,0.874,42
1578182174.114,0.69,0.7894,0.61,0.9193,43
1578182175.094,0.67,0.8023,0.64,0.8963,43
1578182176.299,0.68,0.777,0.65,0.884,43
1578182177.249,0.67,0.8067,0.69,0.8537,43
1578182178.426,0.68,0.8053,0.7,0.8812,43
1578182179.594,0.68,0.7884,0.66,0.8487,43
1578182180.651,0.69,0.8067,0.69,0.8595,43
1578182181.675,0.69,0.7968,0.66,0.8735,43
1578182182.632,0.68,0.796,0.66,0.8977,43
1578182183.76,0.67,0.8137,0.68,0.8805,43
1578182184.817,0.68,0.8041,0.58,0.9256,43
1578182185.775,0.69,0.7973,0.68,0.8835,43
1578182186.273,0.73,0.6788,0.66,0.8791,43
1578182187.315,0.69,0.7857,0.59,0.9215,44
1578182188.339,0.67,0.7987,0.63,0.9037,44
1578182189.503,0.68,0.7739,0.66,0.8856,44
1578182190.556,0.67,0.8025,0.67,0.859,44
1578182191.596,0.68,0.8068,0.69,0.8945,44
1578182192.585,0.68,0.7901,0.67,0.8529,44
1578182193.692,0.69,0.804,0.68,0.8576,44
1578182194.908,0.69,0.7905,0.66,0.8777,44
1578182196.098,0.68,0.7937,0.65,0.9019,44
1578182197.174,0.67,0.8128,0.65,0.8801,44
1578182198.207,0.68,0.8025,0.65,0.9193,44
1578182199.356,0.69,0.7868,0.59,0.8916,44
1578182199.79,0.74,0.673,0.67,0.8842,44
1578182200.763,0.68,0.7938,0.61,0.9258,45
1578182201.833,0.67,0.7991,0.6,0.9094,45
1578182202.877,0.69,0.7701,0.65,0.8873,45
1578182203.863,0.66,0.808,0.6,0.8835,45
1578182204.83,0.66,0.8196,0.69,0.8787,45
1578182205.784,0.69,0.7785,0.69,0.851,45
1578182206.756,0.68,0.7946,0.61,0.884,45
1578182207.742,0.67,0.8128,0.68,0.8688,45
1578182208.76,0.68,0.7937,0.65,0.8996,45
1578182209.897,0.68,0.8095,0.59,0.8889,45
1578182210.86,0.68,0.8006,0.63,0.8934,45
1578182211.89,0.7,0.7774,0.63,0.919,45
1578182212.29,0.74,0.6706,0.65,0.8829,45
1578182213.261,0.7,0.7772,0.66,0.8941,46
1578182214.211,0.68,0.7897,0.61,0.9097,46
1578182215.41,0.69,0.7619,0.65,0.8863,46
1578182216.554,0.68,0.7952,0.65,0.8613,46
1578182217.536,0.67,0.8054,0.67,0.8899,46
1578182218.639,0.69,0.7757,0.68,0.8559,46
1578182219.747,0.68,0.7956,0.64,0.8636,46
1578182220.918,0.69,0.7891,0.7,0.8586,46
1578182222.116,0.69,0.7855,0.64,0.8946,46
1578182223.193,0.68,0.8018,0.63,0.8914,46
1578182224.294,0.69,0.7824,0.64,0.8992,46
1578182225.269,0.7,0.7757,0.64,0.902,46
1578182225.666,0.74,0.6536,0.65,0.89,46
1578182226.66,0.7,0.7709,0.64,0.9021,47
1578182227.64,0.68,0.7841,0.63,0.8942,47
1578182228.859,0.7,0.75,0.64,0.8989,47
1578182229.992,0.67,0.7911,0.66,0.8682,47
1578182230.951,0.68,0.7959,0.68,0.8741,47
1578182232.144,0.7,0.764,0.68,0.8489,47
1578182233.093,0.68,0.7873,0.64,0.8715,47
1578182234.037,0.69,0.7848,0.68,0.8449,47
1578182234.972,0.69,0.7836,0.66,0.8938,47
1578182236.074,0.68,0.7966,0.64,0.8922,47
1578182237.245,0.69,0.7799,0.65,0.8962,47
1578182238.398,0.7,0.7686,0.64,0.9028,47
1578182238.881,0.74,0.644,0.64,0.8872,47
1578182239.953,0.7,0.7679,0.65,0.9027,48
1578182240.991,0.68,0.7761,0.62,0.8916,48
1578182242.002,0.7,0.7439,0.65,0.8932,48
1578182243.004,0.68,0.7847,0.67,0.8674,48
1578182244.207,0.68,0.7889,0.67,0.8772,48
1578182245.387,0.7,0.7603,0.68,0.8433,48
1578182246.434,0.69,0.7832,0.65,0.8729,48
1578182247.445,0.69,0.7792,0.71,0.8465,48
1578182248.482,0.69,0.7782,0.67,0.8939,48
1578182249.501,0.68,0.7922,0.63,0.8828,48
1578182250.495,0.7,0.7734,0.64,0.8971,48
1578182251.607,0.7,0.7619,0.62,0.9019,48
1578182252.005,0.75,0.6362,0.67,0.887,48
1578182252.96,0.7,0.7622,0.63,0.9101,49
1578182253.921,0.69,0.7693,0.62,0.9,49
1578182255.033,0.7,0.7416,0.66,0.8919,49
1578182256.24,0.68,0.781,0.66,0.8705,49
1578182257.377,0.68,0.7896,0.69,0.8762,49
1578182258.474,0.7,0.7536,0.67,0.8387,49
1578182259.458,0.69,0.7739,0.64,0.8652,49
1578182260.557,0.69,0.7738,0.7,0.8519,49
1578182261.527,0.69,0.773,0.66,0.8998,49
1578182262.572,0.68,0.7907,0.62,0.8796,49
1578182263.732,0.69,0.7769,0.65,0.9124,49
1578182264.727,0.7,0.76,0.64,0.8969,49
1578182265.222,0.76,0.6276,0.68,0.877,49
1578182266.37,0.7,0.7623,0.64,0.9142,50
1578182267.378,0.69,0.7644,0.61,0.898,50
1578182268.462,0.7,0.7409,0.68,0.8835,50
1578182269.674,0.68,0.7793,0.66,0.8707,50
1578182270.69,0.69,0.7831,0.69,0.8717,50
1578182271.726,0.71,0.7452,0.67,0.8349,50
1578182272.696,0.7,0.7678,0.63,0.8627,50
1578182273.761,0.69,0.77,0.67,0.8555,50
1578182274.882,0.69,0.7678,0.64,0.902,50
1578182276.035,0.68,0.7861,0.62,0.8871,50
1578182277.004,0.69,0.7776,0.65,0.9212,50
1578182278.104,0.7,0.7583,0.64,0.8988,50
1578182278.523,0.77,0.6185,0.68,0.8713,50
1578182279.582,0.7,0.7629,0.62,0.9135,51
1578182280.755,0.69,0.7591,0.6,0.8982,51
1578182281.8,0.71,0.7352,0.65,0.8788,51
1578182282.776,0.68,0.7762,0.65,0.8728,51
1578182283.91,0.69,0.7777,0.67,0.8758,51
1578182284.85,0.71,0.742,0.69,0.829,51
1578182285.793,0.7,0.7663,0.63,0.8653,51
1578182286.775,0.69,0.7679,0.66,0.8573,51
1578182287.769,0.69,0.7633,0.64,0.896,51
1578182288.779,0.68,0.7773,0.62,0.8968,51
1578182289.948,0.7,0.7681,0.67,0.9195,51
1578182290.914,0.71,0.7537,0.64,0.9109,51
1578182291.407,0.77,0.6126,0.66,0.8775,51
1578182292.444,0.7,0.7587,0.63,0.9073,52
1578182293.467,0.7,0.7531,0.61,0.9071,52
1578182294.592,0.71,0.7313,0.65,0.8802,52
1578182295.641,0.69,0.7737,0.66,0.878,52
1578182296.689,0.68,0.7817,0.69,0.8929,52
1578182297.655,0.7,0.7458,0.7,0.8274,52
1578182298.695,0.7,0.7657,0.63,0.8704,52
1578182299.856,0.7,0.7704,0.67,0.8626,52
1578182300.858,0.69,0.7623,0.64,0.8855,52
1578182301.804,0.69,0.7686,0.62,0.9024,52
1578182302.751,0.7,0.7639,0.65,0.921,52
1578182303.885,0.7,0.7545,0.62,0.9203,52
1578182304.329,0.77,0.6098,0.66,0.8808,52
1578182305.378,0.71,0.7537,0.65,0.8956,53
1578182306.375,0.7,0.7518,0.58,0.9252,53
1578182307.339,0.71,0.7372,0.65,0.8788,53
1578182308.283,0.69,0.7706,0.64,0.8778,53
1578182309.242,0.68,0.789,0.68,0.9168,53
1578182310.281,0.7,0.7537,0.69,0.8268,53
1578182311.333,0.7,0.7607,0.62,0.8649,53
1578182312.337,0.69,0.7752,0.67,0.8705,53
1578182313.358,0.69,0.7658,0.66,0.8699,53
1578182314.356,0.69,0.764,0.62,0.9015,53
1578182315.355,0.69,0.7677,0.64,0.9285,53
1578182316.344,0.7,0.7617,0.64,0.9339,53
1578182316.823,0.77,0.6102,0.65,0.8786,53
1578182317.835,0.71,0.7437,0.63,0.8932,54
1578182318.834,0.7,0.7573,0.57,0.9451,54
1578182320.02,0.7,0.7454,0.66,0.8655,54
1578182321.208,0.7,0.7492,0.63,0.8772,54
1578182322.347,0.67,0.7951,0.59,0.9638,54
1578182323.344,0.68,0.7879,0.67,0.8414,54
1578182324.457,0.7,0.756,0.68,0.8233,54
1578182325.475,0.71,0.7483,0.62,0.8777,54
1578182326.457,0.69,0.7758,0.68,0.8802,54
1578182327.434,0.69,0.7775,0.62,0.8661,54
1578182328.605,0.71,0.7445,0.57,0.9359,54
1578182329.759,0.69,0.772,0.66,0.9287,54
1578182330.175,0.76,0.615,0.68,0.8959,54
1578182331.241,0.71,0.7375,0.62,0.9074,55
1578182332.389,0.69,0.7649,0.59,0.9123,55
1578182333.534,0.7,0.7323,0.66,0.9,55
1578182334.626,0.68,0.7614,0.63,0.8709,55
1578182335.61,0.69,0.7695,0.65,0.9035,55
1578182336.596,0.7,0.7462,0.64,0.8973,55
1578182337.638,0.7,0.7613,0.66,0.8545,55
1578182338.688,0.71,0.7395,0.66,0.8385,55
1578182339.701,0.7,0.7589,0.69,0.8826,55
1578182340.849,0.69,0.784,0.62,0.8765,55
1578182342.012,0.7,0.7515,0.6,0.8892,55
1578182342.972,0.71,0.7416,0.64,0.9273,55
1578182343.353,0.76,0.6122,0.65,0.8996,55
1578182344.336,0.71,0.7387,0.62,0.8904,56
1578182345.305,0.7,0.732,0.66,0.8973,56
1578182346.229,0.71,0.7217,0.63,0.8908,56
1578182347.188,0.69,0.7547,0.61,0.8758,56
1578182348.206,0.69,0.7628,0.66,0.8817,56
1578182349.351,0.71,0.7344,0.69,0.866,56
1578182350.364,0.7,0.7493,0.68,0.8419,56
1578182351.496,0.71,0.741,0.66,0.8301,56
1578182352.452,0.7,0.743,0.71,0.8825,56
1578182353.432,0.69,0.7751,0.64,0.8678,56
1578182354.405,0.7,0.7462,0.6,0.8983,56
1578182355.542,0.71,0.7392,0.64,0.9177,56
1578182356.023,0.77,0.6006,0.65,0.8819,56
1578182357.064,0.71,0.7341,0.62,0.9031,57
1578182358.156,0.7,0.7369,0.66,0.9063,57
1578182359.337,0.72,0.71,0.67,0.9018,57
1578182360.457,0.69,0.7526,0.6,0.8882,57
1578182361.469,0.69,0.7636,0.66,0.8735,57
1578182362.428,0.72,0.7176,0.69,0.8785,57
1578182363.453,0.7,0.7564,0.68,0.8281,57
1578182364.636,0.71,0.7302,0.64,0.8329,57
1578182365.601,0.7,0.7502,0.68,0.8984,57
1578182366.534,0.69,0.776,0.68,0.8672,57
1578182367.519,0.71,0.7334,0.58,0.9305,57
1578182368.669,0.7,0.7593,0.65,0.9016,57
1578182369.114,0.78,0.5799,0.68,0.9222,57
1578182370.201,0.7,0.7507,0.6,0.9061,58
1578182371.315,0.7,0.7336,0.61,0.9075,58
1578182372.423,0.72,0.7128,0.67,0.9259,58
1578182373.505,0.68,0.7671,0.67,0.8747,58
1578182374.601,0.7,0.736,0.6,0.9045,58
1578182375.601,0.7,0.7465,0.68,0.8474,58
1578182376.612,0.71,0.733,0.72,0.8619,58
1578182377.642,0.69,0.7539,0.61,0.8576,58
1578182378.829,0.7,0.7559,0.64,0.8433,58
1578182379.983,0.7,0.7482,0.69,0.9003,58
1578182380.946,0.68,0.7687,0.64,0.8972,58
1578182382.063,0.72,0.7224,0.55,0.9236,58
1578182382.447,0.77,0.6161,0.65,0.8715,58
1578182383.426,0.72,0.7221,0.69,0.937,59
1578182384.423,0.69,0.7559,0.59,0.9271,59
1578182385.408,0.72,0.7168,0.63,0.8914,59
1578182386.588,0.7,0.7486,0.66,0.8846,59
1578182387.688,0.69,0.756,0.64,0.9422,59
1578182388.802,0.71,0.737,0.68,0.8452,59
1578182389.937,0.71,0.7355,0.69,0.8068,59
1578182391.02,0.71,0.7293,0.68,0.8411,59
1578182392.144,0.72,0.7269,0.67,0.8661,59
1578182393.253,0.7,0.7483,0.65,0.84,59
1578182394.406,0.71,0.7391,0.6,0.8756,59
1578182395.539,0.72,0.7226,0.63,0.9101,59
1578182395.921,0.79,0.5772,0.69,0.8699,59
1578182397.108,0.72,0.7222,0.68,0.8691,60
1578182398.072,0.71,0.7162,0.59,0.9282,60
1578182399.035,0.72,0.7123,0.66,0.8822,60
1578182399.999,0.71,0.7231,0.67,0.8641,60
1578182401.195,0.69,0.7464,0.63,0.9189,60
1578182402.338,0.71,0.7291,0.66,0.8714,60
1578182403.325,0.71,0.7238,0.7,0.8376,60
1578182404.461,0.7,0.7417,0.62,0.8463,60
1578182405.412,0.71,0.7366,0.61,0.8768,60
1578182406.368,0.7,0.7502,0.67,0.8597,60
1578182407.317,0.69,0.7496,0.61,0.8808,60
1578182408.442,0.72,0.7207,0.57,0.9214,60
1578182408.855,0.78,0.5834,0.66,0.8623,60
1578182410.016,0.72,0.7083,0.68,0.8939,61
1578182411.064,0.7,0.7281,0.63,0.9143,61
1578182412.163,0.72,0.7004,0.62,0.8916,61
1578182413.185,0.71,0.7282,0.65,0.8687,61
1578182414.367,0.69,0.7568,0.65,0.9169,61
1578182415.437,0.72,0.7234,0.65,0.8889,61
1578182416.579,0.72,0.7279,0.68,0.8224,61
1578182417.612,0.72,0.7221,0.7,0.8078,61
1578182418.674,0.71,0.7216,0.64,0.8856,61
1578182419.838,0.69,0.7588,0.64,0.8292,61
1578182420.819,0.72,0.7188,0.68,0.8353,61
1578182421.79,0.73,0.7178,0.61,0.9211,61
1578182422.221,0.77,0.575,0.68,0.8895,61
1578182423.191,0.73,0.7019,0.65,0.8725,62
1578182424.243,0.7,0.7351,0.66,0.9002,62
1578182425.276,0.72,0.6996,0.66,0.9193,62
1578182426.293,0.69,0.7418,0.69,0.8836,62
1578182427.409,0.68,0.7751,0.64,0.8507,62
1578182428.53,0.72,0.6985,0.62,0.9356,62
1578182429.71,0.71,0.751,0.69,0.8443,62
1578182430.676,0.72,0.7097,0.69,0.8107,62
1578182431.702,0.7,0.7587,0.61,0.8624,62
1578182432.664,0.7,0.7523,0.67,0.8869,62
1578182433.745,0.71,0.7279,0.64,0.849,62
1578182434.719,0.7,0.7462,0.61,0.8492,62
1578182435.167,0.79,0.5594,0.63,0.9386,62
1578182436.192,0.71,0.7385,0.67,0.8894,63
1578182437.181,0.71,0.7036,0.66,0.8808,63
1578182438.198,0.71,0.7187,0.65,0.8854,63
1578182439.168,0.71,0.7282,0.66,0.8889,63
1578182440.232,0.71,0.7167,0.68,0.8619,63
1578182441.204,0.72,0.6959,0.69,0.841,63
1578182442.359,0.72,0.7084,0.61,0.8697,63
1578182443.301,0.72,0.7119,0.66,0.819,63
1578182444.45,0.72,0.7075,0.67,0.816,63
1578182445.537,0.71,0.7265,0.68,0.837,63
1578182446.53,0.72,0.703,0.63,0.8606,63
1578182447.552,0.73,0.7022,0.66,0.8397,63
1578182448.025,0.8,0.5424,0.67,0.8688,63
1578182449.154,0.73,0.6968,0.66,0.8805,64
1578182450.3,0.72,0.6928,0.63,0.8859,64
1578182451.263,0.73,0.6874,0.69,0.8615,64
1578182452.344,0.72,0.704,0.69,0.8584,64
1578182453.465,0.72,0.707,0.65,0.8754,64
1578182454.635,0.74,0.6794,0.65,0.8569,64
1578182455.831,0.73,0.7011,0.7,0.8331,64
1578182456.794,0.73,0.6925,0.67,0.817,64
1578182457.792,0.72,0.7059,0.65,0.8476,64
1578182458.747,0.71,0.7182,0.68,0.843,64
1578182459.744,0.73,0.6993,0.64,0.8549,64
1578182460.913,0.73,0.6984,0.58,0.8848,64
1578182461.419,0.81,0.5363,0.67,0.8847,64
1578182462.516,0.73,0.6951,0.7,0.8708,65
1578182463.591,0.71,0.6971,0.6,0.9076,65
1578182464.72,0.73,0.6869,0.67,0.8902,65
1578182465.923,0.71,0.7112,0.7,0.8955,65
1578182467.004,0.7,0.7385,0.64,0.8842,65
1578182468.099,0.73,0.6813,0.63,0.8889,65
1578182469.073,0.72,0.7121,0.7,0.8412,65
1578182470.165,0.72,0.6999,0.67,0.8093,65
1578182471.251,0.72,0.7099,0.6,0.8726,65
1578182472.391,0.71,0.7298,0.68,0.858,65
1578182473.475,0.73,0.6957,0.65,0.8564,65
1578182474.56,0.72,0.7136,0.58,0.8978,65
1578182475.073,0.81,0.5399,0.61,0.9088,65
1578182476.27,0.73,0.7019,0.67,0.8766,66
1578182477.218,0.71,0.7141,0.62,0.882,66
1578182478.289,0.74,0.6768,0.64,0.9174,66
1578182479.415,0.71,0.7254,0.67,0.8877,66
1578182480.572,0.71,0.7199,0.7,0.8594,66
1578182481.669,0.74,0.6731,0.62,0.9084,66
1578182482.708,0.72,0.7152,0.65,0.8607,66
1578182483.694,0.73,0.6892,0.67,0.8235,66
1578182484.707,0.69,0.7423,0.62,0.8437,66
1578182485.741,0.71,0.7119,0.64,0.8892,66
1578182486.737,0.73,0.7066,0.64,0.8517,66
1578182487.727,0.73,0.7034,0.67,0.8432,66
1578182488.144,0.82,0.5228,0.61,0.9107,66
1578182489.278,0.73,0.7006,0.68,0.8735,67
1578182490.431,0.73,0.6804,0.66,0.8726,67
1578182491.528,0.73,0.6952,0.65,0.8796,67
1578182492.574,0.72,0.6967,0.66,0.8893,67
1578182493.737,0.72,0.6966,0.68,0.8725,67
1578182494.917,0.74,0.6727,0.66,0.8519,67
1578182495.996,0.73,0.6876,0.63,0.8715,67
1578182497.099,0.73,0.6886,0.69,0.8149,67
1578182498.09,0.72,0.6972,0.67,0.8266,67
1578182499.044,0.73,0.7017,0.65,0.8713,67
1578182500.15,0.73,0.6859,0.65,0.87,67
1578182501.307,0.74,0.682,0.69,0.8485,67
1578182501.796,0.82,0.5134,0.65,0.8696,67
1578182502.977,0.74,0.6743,0.67,0.8811,68
1578182504.228,0.73,0.6769,0.66,0.8648,68
1578182505.442,0.74,0.6712,0.68,0.8674,68
1578182506.412,0.72,0.685,0.65,0.8881,68
1578182507.393,0.72,0.6905,0.67,0.8751,68
1578182508.521,0.74,0.6588,0.66,0.8534,68
1578182509.577,0.74,0.6812,0.69,0.8548,68
1578182510.602,0.74,0.6756,0.71,0.8091,68
1578182511.617,0.73,0.6921,0.66,0.8463,68
1578182512.634,0.72,0.6948,0.67,0.8651,68
1578182513.712,0.74,0.6771,0.64,0.8656,68
1578182514.836,0.74,0.6805,0.62,0.8608,68
1578182515.299,0.83,0.4968,0.68,0.8743,68
1578182516.456,0.74,0.6717,0.69,0.8567,69
1578182517.446,0.73,0.6679,0.62,0.8781,69
1578182518.485,0.74,0.6589,0.67,0.8883,69
1578182519.527,0.72,0.6877,0.65,0.8832,69
1578182520.702,0.72,0.6996,0.68,0.8749,69
1578182521.833,0.74,0.6556,0.65,0.8758,69
1578182522.878,0.74,0.6822,0.69,0.833,69
1578182523.857,0.74,0.6717,0.63,0.8177,69
1578182524.913,0.73,0.6912,0.67,0.8827,69
1578182526.121,0.72,0.7018,0.65,0.8581,69
1578182527.206,0.73,0.679,0.63,0.8779,69
1578182528.31,0.74,0.6821,0.65,0.8688,69
1578182528.736,0.83,0.4879,0.68,0.8647,69
1578182529.888,0.75,0.6689,0.67,0.8579,70
1578182530.85,0.74,0.6652,0.65,0.8823,70
1578182531.931,0.74,0.6478,0.65,0.9007,70
1578182532.878,0.72,0.6862,0.63,0.8837,70
1578182534.02,0.71,0.704,0.64,0.8758,70
1578182534.991,0.74,0.6502,0.67,0.8909,70
1578182536.201,0.73,0.6859,0.7,0.8166,70
1578182537.35,0.74,0.6688,0.66,0.817,70
1578182538.483,0.73,0.685,0.66,0.9024,70
1578182539.625,0.71,0.71,0.65,0.8498,70
1578182540.719,0.73,0.6809,0.6,0.8839,70
1578182541.789,0.74,0.6845,0.66,0.8676,70
1578182542.228,0.83,0.4866,0.68,0.8603,70
1578182543.301,0.75,0.6657,0.66,0.8642,71
1578182544.455,0.73,0.665,0.65,0.8772,71
1578182545.536,0.75,0.6407,0.65,0.9113,71
1578182546.564,0.73,0.6852,0.6,0.8759,71
1578182547.687,0.72,0.6997,0.67,0.8555,71
1578182548.723,0.75,0.6436,0.67,0.9068,71
1578182549.748,0.73,0.6901,0.69,0.8093,71
1578182550.732,0.74,0.6618,0.67,0.8147,71
1578182551.885,0.74,0.6852,0.67,0.9038,71
1578182552.863,0.71,0.7048,0.66,0.8526,71
1578182554.079,0.73,0.6736,0.62,0.878,71
1578182555.053,0.73,0.6885,0.63,0.8464,71
1578182555.555,0.83,0.4764,0.69,0.8919,71
1578182556.725,0.74,0.6773,0.66,0.8571,72
1578182557.836,0.74,0.6651,0.64,0.8709,72
1578182558.979,0.75,0.6415,0.65,0.9402,72
1578182560.108,0.72,0.6988,0.65,0.8755,72
1578182561.21,0.72,0.6882,0.66,0.8473,72
1578182562.403,0.75,0.6522,0.68,0.9075,72
1578182563.442,0.73,0.686,0.7,0.8359,72
1578182564.598,0.74,0.6606,0.66,0.8306,72
1578182565.65,0.72,0.7041,0.65,0.8673,72
1578182566.635,0.73,0.6796,0.67,0.9134,72
1578182567.647,0.72,0.7011,0.62,0.867,72
1578182568.705,0.74,0.6826,0.6,0.8338,72
1578182569.157,0.83,0.4868,0.69,0.914,72
1578182570.318,0.73,0.6918,0.69,0.8678,73
1578182571.345,0.74,0.6478,0.58,0.8994,73
1578182572.387,0.74,0.6807,0.64,0.892,73
1578182573.416,0.73,0.678,0.67,0.934,73
1578182574.415,0.72,0.6948,0.66,0.8676,73
1578182575.393,0.75,0.6474,0.67,0.8288,73
1578182576.579,0.74,0.6728,0.67,0.8982,73
1578182577.577,0.73,0.6828,0.67,0.8325,73
1578182578.762,0.74,0.6704,0.62,0.8743,73
1578182579.87,0.72,0.6988,0.63,0.8716,73
1578182581.071,0.73,0.6801,0.66,0.8833,73
1578182582.179,0.74,0.6667,0.58,0.8606,73
1578182582.616,0.83,0.4943,0.66,0.8148,73
1578182583.689,0.74,0.6683,0.71,0.9368,74
1578182584.648,0.72,0.6874,0.62,0.8869,74
1578182585.649,0.75,0.6456,0.6,0.8828,74
1578182586.776,0.73,0.6896,0.66,0.8996,74
1578182587.759,0.72,0.6756,0.64,0.9378,74
1578182588.771,0.74,0.6632,0.7,0.8288,74
1578182589.737,0.75,0.6655,0.69,0.8349,74
1578182590.762,0.74,0.6627,0.65,0.8498,74
1578182591.818,0.74,0.6689,0.66,0.8736,74
1578182592.807,0.73,0.6728,0.66,0.8645,74
1578182594.069,0.73,0.6722,0.63,0.8745,74
1578182595.274,0.74,0.6623,0.63,0.8669,74
1578182595.779,0.84,0.4661,0.7,0.8315,74
1578182596.941,0.74,0.6555,0.68,0.8451,75
1578182598.083,0.74,0.6464,0.63,0.9164,75
1578182599.182,0.74,0.6517,0.64,0.8753,75
1578182600.263,0.73,0.6737,0.65,0.8766,75
1578182601.445,0.73,0.6684,0.67,0.919,75
1578182602.441,0.75,0.645,0.68,0.8492,75
1578182603.517,0.74,0.6678,0.68,0.8606,75
1578182604.711,0.74,0.6588,0.64,0.855,75
1578182605.877,0.74,0.6694,0.67,0.8436,75
1578182606.862,0.74,0.6648,0.68,0.9104,75
1578182607.874,0.73,0.6765,0.63,0.8835,75
1578182608.86,0.74,0.6648,0.61,0.8332,75
1578182609.379,0.84,0.4608,0.69,0.8564,75
1578182610.425,0.74,0.6574,0.66,0.8767,76
1578182611.474,0.73,0.659,0.63,0.8943,76
1578182612.638,0.75,0.646,0.64,0.8729,76
1578182613.707,0.74,0.6625,0.65,0.8821,76
1578182614.83,0.73,0.6667,0.65,0.9139,76
1578182615.982,0.75,0.6374,0.68,0.8268,76
1578182616.945,0.74,0.6603,0.69,0.8486,76
1578182617.889,0.75,0.647,0.69,0.8412,76
1578182618.852,0.75,0.6479,0.69,0.8365,76
1578182620.057,0.74,0.6626,0.63,0.8862,76
1578182621.254,0.74,0.6565,0.66,0.8708,76
1578182622.462,0.75,0.6473,0.62,0.8278,76
1578182622.971,0.84,0.4547,0.7,0.8351,76
1578182624.101,0.75,0.6428,0.68,0.8648,77
1578182625.174,0.74,0.6465,0.68,0.8664,77
1578182626.245,0.76,0.6247,0.61,0.8755,77
1578182627.355,0.74,0.6527,0.64,0.8714,77
1578182628.459,0.74,0.664,0.67,0.9081,77
1578182629.583,0.76,0.629,0.68,0.8279,77
1578182630.684,0.75,0.6506,0.71,0.8352,77
1578182631.7,0.75,0.6406,0.7,0.849,77
1578182632.691,0.75,0.6412,0.67,0.8526,77
1578182633.656,0.74,0.655,0.65,0.8722,77
1578182634.654,0.74,0.6514,0.66,0.8799,77
1578182635.692,0.75,0.6444,0.63,0.8178,77
1578182636.122,0.85,0.4423,0.7,0.8262,77
1578182637.105,0.76,0.6364,0.67,0.87,78
1578182638.309,0.75,0.6373,0.69,0.8548,78
1578182639.32,0.76,0.6181,0.62,0.8714,78
1578182640.478,0.74,0.6472,0.66,0.8664,78
1578182641.629,0.74,0.6519,0.68,0.8888,78
1578182642.671,0.76,0.6174,0.68,0.8282,78
1578182643.693,0.75,0.6442,0.71,0.8379,78
1578182644.69,0.75,0.6329,0.69,0.8368,78
1578182645.717,0.76,0.6357,0.64,0.8664,78
1578182646.72,0.74,0.6506,0.65,0.8689,78
1578182647.73,0.75,0.6462,0.67,0.8887,78
1578182648.739,0.75,0.6424,0.64,0.8146,78
1578182649.156,0.85,0.4396,0.7,0.8403,78
1578182650.179,0.76,0.6316,0.68,0.8626,79
1578182651.174,0.75,0.6254,0.67,0.8528,79
1578182652.401,0.76,0.6126,0.63,0.881,79
1578182653.406,0.75,0.6404,0.67,0.8547,79
1578182654.481,0.74,0.6467,0.7,0.8875,79
1578182655.515,0.77,0.6117,0.69,0.8326,79
1578182656.627,0.76,0.6383,0.71,0.8431,79
1578182657.692,0.75,0.6271,0.69,0.8376,79
1578182658.814,0.76,0.6348,0.63,0.8773,79
1578182659.881,0.74,0.6474,0.67,0.8682,79
1578182660.927,0.75,0.6408,0.67,0.8981,79
1578182661.95,0.75,0.6441,0.65,0.8208,79
1578182662.357,0.85,0.437,0.71,0.8643,79
1578182663.486,0.75,0.6312,0.66,0.8528,80
1578182664.548,0.75,0.6193,0.71,0.8654,80
1578182665.72,0.77,0.6076,0.63,0.8862,80
1578182666.749,0.75,0.6368,0.67,0.8517,80
1578182667.772,0.74,0.6493,0.66,0.895,80
1578182668.762,0.77,0.6139,0.7,0.853,80
1578182669.743,0.76,0.6349,0.71,0.8123,80
1578182670.784,0.76,0.6198,0.67,0.8568,80
1578182671.842,0.75,0.6351,0.68,0.8623,80
1578182672.838,0.74,0.6483,0.65,0.8756,80
1578182674.042,0.76,0.6294,0.62,0.8786,80
1578182675.185,0.75,0.636,0.68,0.8338,80
1578182675.689,0.85,0.4222,0.68,0.8419,80
1578182676.831,0.76,0.618,0.68,0.8699,81
1578182677.906,0.76,0.6117,0.64,0.8456,81
1578182679.008,0.77,0.6037,0.66,0.9027,81
1578182680.002,0.75,0.6343,0.65,0.8353,81
1578182681.006,0.74,0.648,0.69,0.9034,81
1578182682.298,0.77,0.6063,0.7,0.8432,81
1578182683.421,0.76,0.6239,0.73,0.824,81
1578182684.473,0.76,0.6124,0.7,0.8487,81
1578182685.552,0.76,0.6286,0.66,0.8765,81
1578182686.644,0.75,0.6419,0.65,0.8433,81
1578182687.709,0.76,0.6258,0.69,0.9153,81
1578182688.764,0.74,0.6491,0.66,0.847,81
1578182689.264,0.83,0.4526,0.72,0.9095,81
1578182690.436,0.74,0.6462,0.65,0.8704,82
1578182691.467,0.74,0.6402,0.68,0.9055,82
1578182692.556,0.75,0.621,0.67,0.9012,82
1578182693.559,0.74,0.6446,0.65,0.8653,82
1578182694.605,0.73,0.661,0.65,0.9058,82
1578182695.681,0.76,0.6106,0.69,0.8753,82
1578182696.713,0.76,0.6277,0.67,0.7998,82
1578182697.755,0.75,0.622,0.66,0.8483,82
1578182698.816,0.76,0.6357,0.68,0.8884,82
1578182699.831,0.74,0.6464,0.62,0.8452,82
1578182700.986,0.75,0.6416,0.63,0.9429,82
1578182702.188,0.75,0.6519,0.69,0.8359,82
1578182702.596,0.85,0.4187,0.7,0.8266,82
1578182703.77,0.77,0.6173,0.65,0.9267,83
1578182704.81,0.75,0.6362,0.66,0.8342,83
1578182705.814,0.76,0.62,0.67,0.8994,83
1578182706.815,0.74,0.6343,0.63,0.864,83
1578182707.828,0.74,0.6517,0.69,0.8535,83
1578182708.826,0.77,0.6103,0.68,0.9193,83
1578182709.832,0.76,0.6346,0.71,0.8225,83
1578182711.009,0.76,0.6162,0.65,0.8127,83
1578182712.124,0.74,0.6485,0.66,0.9819,83
1578182713.244,0.71,0.7068,0.64,0.8398,83
1578182714.434,0.75,0.6369,0.67,0.8309,83
1578182715.643,0.76,0.625,0.62,0.9665,83
1578182716.056,0.83,0.4568,0.68,0.8431,83
1578182717.23,0.77,0.6118,0.67,0.8496,84
1578182718.325,0.74,0.6497,0.64,0.9637,84
1578182719.472,0.73,0.6721,0.65,0.904,84
1578182720.458,0.74,0.6438,0.63,0.9071,84
1578182721.539,0.7,0.7367,0.6,0.994,84
1578182722.602,0.71,0.7379,0.69,1.0598,84
1578182723.781,0.73,0.7213,0.63,0.9117,84
1578182724.822,0.69,0.7312,0.6,0.8848,84
1578182726.019,0.69,0.7627,0.62,1.1173,84
1578182726.989,0.67,0.8039,0.64,1.0466,84
1578182728.006,0.69,0.7584,0.6,0.9439,84
1578182728.986,0.68,0.7766,0.57,0.9505,84
1578182729.515,0.8,0.5428,0.63,0.9762,84
1578182730.704,0.73,0.6918,0.65,0.9797,85
1578182731.711,0.7,0.7464,0.63,0.8603,85
1578182732.771,0.72,0.6943,0.68,0.8533,85
1578182733.766,0.73,0.6869,0.6,0.9182,85
1578182734.85,0.71,0.7279,0.67,0.873,85
1578182735.882,0.75,0.635,0.67,0.9414,85
1578182736.872,0.72,0.7178,0.7,0.8502,85
1578182737.932,0.74,0.6454,0.66,0.8497,85
1578182738.939,0.72,0.6906,0.64,0.8328,85
1578182739.94,0.72,0.7033,0.71,0.8294,85
1578182740.908,0.74,0.65,0.66,0.9087,85
1578182742.095,0.72,0.6967,0.66,0.8388,85
1578182742.493,0.85,0.4451,0.6,0.8819,85
1578182743.5,0.73,0.6877,0.68,0.8329,86
1578182744.501,0.75,0.6273,0.69,0.8807,86
1578182745.533,0.74,0.6569,0.73,0.8257,86
1578182746.524,0.73,0.6559,0.62,0.7855,86
1578182747.526,0.74,0.6527,0.65,0.795,86
1578182748.737,0.76,0.6422,0.7,0.8175,86
1578182749.904,0.76,0.6286,0.7,0.931,86
1578182751.035,0.73,0.6897,0.7,0.8075,86
1578182752.246,0.76,0.6307,0.65,0.8199,86
1578182753.4,0.73,0.6891,0.68,0.814,86
1578182754.548,0.76,0.6278,0.72,0.8836,86
1578182755.623,0.75,0.6441,0.71,0.8817,86
1578182756.023,0.85,0.4363,0.67,0.8611,86
1578182757.09,0.76,0.6188,0.66,0.8627,87
1578182758.132,0.76,0.6238,0.71,0.8726,87
1578182759.17,0.76,0.6072,0.71,0.871,87
1578182760.203,0.74,0.6365,0.7,0.8094,87
1578182761.312,0.76,0.6197,0.72,0.8088,87
1578182762.442,0.77,0.6097,0.7,0.8419,87
1578182763.448,0.76,0.6178,0.71,0.9088,87
1578182764.535,0.75,0.6459,0.71,0.8134,87
1578182765.509,0.76,0.627,0.68,0.8214,87
1578182766.547,0.74,0.657,0.67,0.8466,87
1578182767.672,0.76,0.6109,0.7,0.8956,87
1578182768.815,0.76,0.6302,0.66,0.8597,87
1578182769.223,0.86,0.4126,0.64,0.864,87
1578182770.294,0.76,0.617,0.69,0.8643,88
1578182771.497,0.77,0.6047,0.69,0.8635,88
1578182772.61,0.77,0.6036,0.71,0.835,88
1578182773.64,0.76,0.612,0.69,0.8276,88
1578182774.707,0.75,0.6295,0.73,0.8077,88
1578182775.691,0.78,0.5888,0.7,0.8677,88
1578182776.769,0.76,0.6204,0.72,0.8823,88
1578182777.793,0.75,0.6219,0.69,0.7887,88
1578182778.805,0.76,0.6269,0.65,0.8203,88
1578182779.876,0.75,0.6403,0.71,0.8849,88
1578182780.842,0.76,0.6121,0.7,0.8878,88
1578182782.064,0.77,0.6151,0.65,0.8504,88
1578182782.465,0.86,0.4098,0.66,0.863,88
1578182783.536,0.77,0.6129,0.69,0.8748,89
1578182784.775,0.76,0.6054,0.7,0.8565,89
1578182785.777,0.77,0.5988,0.69,0.8413,89
1578182786.94,0.76,0.6049,0.68,0.8336,89
1578182788.108,0.75,0.6279,0.71,0.8365,89
1578182789.071,0.78,0.5843,0.7,0.9129,89
1578182790.232,0.76,0.6209,0.7,0.8424,89
1578182791.44,0.77,0.5944,0.69,0.7792,89
1578182792.433,0.75,0.6335,0.69,0.8251,89
1578182793.607,0.76,0.6178,0.69,0.8839,89
1578182794.794,0.76,0.6094,0.67,0.8479,89
1578182795.784,0.77,0.6016,0.65,0.845,89
1578182796.187,0.87,0.4033,0.67,0.8533,89
1578182797.184,0.77,0.5925,0.69,0.8674,90
1578182798.201,0.76,0.6067,0.72,0.8345,90
1578182799.198,0.78,0.5845,0.66,0.8433,90
1578182800.283,0.76,0.6067,0.65,0.8307,90
1578182801.345,0.75,0.6143,0.71,0.8505,90
1578182802.464,0.78,0.5783,0.7,0.8921,90
1578182803.477,0.77,0.6066,0.72,0.821,90
1578182804.528,0.77,0.5866,0.7,0.7804,90
1578182805.74,0.76,0.6176,0.68,0.8513,90
1578182806.839,0.76,0.6165,0.71,0.8617,90
1578182808.006,0.77,0.5922,0.65,0.8456,90
1578182809.137,0.77,0.5998,0.65,0.8617,90
1578182809.632,0.87,0.39,0.69,0.8623,90
1578182810.631,0.78,0.5842,0.69,0.8506,91
1578182811.661,0.77,0.5971,0.71,0.8444,91
1578182812.683,0.78,0.579,0.69,0.8501,91
1578182813.839,0.77,0.5968,0.66,0.8392,91
1578182814.802,0.75,0.6169,0.7,0.8512,91
1578182815.835,0.78,0.5739,0.69,0.9024,91
1578182816.816,0.77,0.6053,0.72,0.8132,91
1578182817.793,0.77,0.5848,0.72,0.7822,91
1578182818.772,0.77,0.6082,0.68,0.8765,91
1578182819.8,0.75,0.6237,0.7,0.8491,91
1578182820.943,0.77,0.5907,0.65,0.8568,91
1578182822.175,0.77,0.5961,0.66,0.8788,91
1578182822.576,0.87,0.3896,0.67,0.85,91
1578182823.655,0.78,0.5792,0.67,0.8708,92
1578182824.713,0.76,0.6047,0.69,0.8634,92
1578182825.757,0.78,0.5813,0.7,0.8636,92
1578182826.785,0.77,0.5922,0.66,0.8508,92
1578182827.858,0.75,0.6244,0.68,0.8744,92
1578182828.906,0.77,0.5819,0.68,0.9317,92
1578182830.0,0.76,0.6168,0.74,0.8029,92
1578182831.0,0.77,0.587,0.72,0.7871,92
1578182832.204,0.77,0.6044,0.67,0.9057,92
1578182833.254,0.74,0.6336,0.7,0.8425,92
1578182834.305,0.77,0.5903,0.63,0.8598,92
1578182835.386,0.77,0.5983,0.68,0.8926,92
1578182835.888,0.87,0.3873,0.7,0.8548,92
1578182836.994,0.78,0.5782,0.64,0.8671,93
1578182837.964,0.75,0.6104,0.68,0.8606,93
1578182838.944,0.78,0.5804,0.69,0.8813,93
1578182840.144,0.77,0.5965,0.67,0.8559,93
1578182841.112,0.74,0.6289,0.67,0.8667,93
1578182842.284,0.77,0.5864,0.69,0.9752,93
1578182843.259,0.75,0.6362,0.74,0.8039,93
1578182844.394,0.77,0.5803,0.69,0.784,93
1578182845.627,0.76,0.6268,0.69,0.9259,93
1578182846.65,0.74,0.6467,0.69,0.8545,93
1578182847.616,0.77,0.5853,0.65,0.8458,93
1578182848.64,0.76,0.6129,0.67,0.8785,93
1578182849.143,0.88,0.3836,0.68,0.9048,93
1578182850.3,0.77,0.5944,0.67,0.8379,94
1578182851.415,0.77,0.5919,0.7,0.8635,94
1578182852.368,0.77,0.598,0.65,0.9225,94
1578182853.326,0.74,0.6468,0.69,0.859,94
1578182854.359,0.76,0.5947,0.7,0.8341,94
1578182855.421,0.78,0.5866,0.65,0.9044,94
1578182856.413,0.76,0.6234,0.7,0.9458,94
1578182857.405,0.75,0.6288,0.62,0.8013,94
1578182858.459,0.74,0.6504,0.66,0.8203,94
1578182859.555,0.74,0.6519,0.68,1.043,94
1578182860.586,0.72,0.7023,0.67,0.8476,94
1578182861.756,0.77,0.5824,0.62,0.9207,94
1578182862.158,0.8,0.4986,0.69,0.9179,94
1578182863.333,0.77,0.5996,0.68,1.0081,95
1578182864.442,0.74,0.6367,0.7,0.8351,95
1578182865.621,0.77,0.6038,0.65,0.8161,95
1578182866.645,0.75,0.6185,0.69,0.8716,95
1578182867.655,0.75,0.6159,0.71,0.8958,95
1578182868.668,0.78,0.5789,0.69,0.8494,95
1578182869.66,0.76,0.6149,0.7,0.8372,95
1578182870.725,0.76,0.5998,0.71,0.8093,95
1578182871.789,0.77,0.5996,0.7,0.8022,95
1578182872.743,0.76,0.6168,0.69,0.8353,95
1578182873.715,0.76,0.6024,0.69,0.8565,95
1578182874.728,0.78,0.577,0.67,0.8781,95
1578182875.195,0.86,0.3906,0.65,0.8541,95
1578182876.3,0.78,0.5771,0.7,0.9045,96
1578182877.343,0.76,0.6007,0.7,0.8544,96
1578182878.5,0.78,0.5708,0.65,0.8502,96
1578182879.514,0.76,0.597,0.67,0.8546,96
1578182880.697,0.75,0.6139,0.71,0.8403,96
1578182881.791,0.79,0.5574,0.68,0.9088,96
1578182882.801,0.77,0.6025,0.7,0.8574,96
1578182884.005,0.77,0.5846,0.72,0.774,96
1578182884.958,0.77,0.5986,0.68,0.823,96
1578182886.075,0.76,0.6093,0.7,0.9125,96
1578182887.086,0.76,0.6021,0.68,0.8437,96
1578182888.245,0.78,0.5699,0.63,0.8563,96
1578182888.794,0.86,0.3934,0.65,0.8688,96
1578182889.76,0.78,0.5693,0.72,0.9215,97
1578182890.781,0.77,0.5864,0.7,0.8322,97
1578182891.755,0.79,0.5675,0.71,0.8319,97
1578182892.78,0.77,0.5777,0.72,0.8704,97
1578182893.838,0.76,0.5989,0.72,0.8537,97
1578182894.825,0.79,0.5534,0.71,0.8505,97
1578182895.997,0.78,0.5821,0.7,0.872,97
1578182897.196,0.77,0.5863,0.71,0.7832,97
1578182898.407,0.77,0.5769,0.69,0.7947,97
1578182899.568,0.77,0.5972,0.69,0.8805,97
1578182900.593,0.76,0.5909,0.7,0.8745,97
1578182901.548,0.78,0.5664,0.64,0.8517,97
1578182902.009,0.87,0.3684,0.66,0.8523,97
1578182903.025,0.79,0.5659,0.7,0.9092,98
1578182904.026,0.77,0.5704,0.7,0.8531,98
1578182905.062,0.79,0.5563,0.7,0.8316,98
1578182906.05,0.78,0.5732,0.69,0.8468,98
1578182907.028,0.77,0.5748,0.73,0.8735,98
1578182908.223,0.8,0.5437,0.72,0.8552,98
1578182909.276,0.78,0.5713,0.72,0.8296,98
1578182910.37,0.78,0.5616,0.73,0.7824,98
1578182911.413,0.78,0.5714,0.71,0.8131,98
1578182912.395,0.77,0.5821,0.69,0.8614,98
1578182913.394,0.78,0.5703,0.69,0.8583,98
1578182914.361,0.78,0.5594,0.68,0.8548,98
1578182914.754,0.89,0.3505,0.66,0.8597,98
1578182915.921,0.8,0.5526,0.69,0.8849,99
1578182917.161,0.78,0.5553,0.7,0.8598,99
1578182918.313,0.79,0.5508,0.69,0.8375,99
1578182919.488,0.78,0.5616,0.68,0.8411,99
1578182920.46,0.77,0.568,0.72,0.8591,99
1578182921.662,0.8,0.5361,0.71,0.8625,99
1578182922.663,0.79,0.5638,0.72,0.8336,99
1578182923.672,0.78,0.5549,0.73,0.7839,99
1578182924.641,0.78,0.5702,0.7,0.834,99
1578182925.849,0.78,0.5742,0.68,0.8645,99
1578182926.825,0.78,0.5591,0.67,0.8608,99
1578182927.854,0.78,0.5547,0.68,0.8645,99
1578182928.29,0.9,0.3421,0.67,0.8637,99
